<?xml version="1.0" encoding="UTF-8"?>
<testsuites name="ts_cancelReservation" time="35.913" tests="1" failures="0" errors="0">
   <testsuite name="ts_cancelReservation" tests="1" failures="0" errors="0" time="35.913" timestamp="2019-11-27 09:27:27" hostname="leonardo-arkusmty - leonardoarkusmty-Inspiron-5577" id="Test Suites/ts_cancelReservation">
      <properties>
         <property name="deviceName" value=""/>
         <property name="devicePlatform" value=""/>
         <property name="logFolder" value="/home/leonardo-arkusmty/Documents/workspaceKatalon/p4ptest/Reports/20191127_092726/ts_cancelReservation/20191127_092726"/>
         <property name="logFiles" value="/home/leonardo-arkusmty/Documents/workspaceKatalon/p4ptest/Reports/20191127_092726/ts_cancelReservation/20191127_092726/execution0.log"/>
         <property name="attachments" value=""/>
         <property name="hostName" value="leonardo-arkusmty - leonardoarkusmty-Inspiron-5577"/>
         <property name="os" value="Linux 64bit"/>
         <property name="katalonVersion" value="7.0.8.1"/>
         <property name="browser" value="Firefox 70.0"/>
         <property name="hostAddress" value="127.0.1.1"/>
         <property name="sessionId" value="e1cb22d7-e3c1-4a7e-bbfc-63d2d38652b6"/>
         <property name="seleniumVersion" value="3.141.59"/>
         <property name="proxyInformation" value="ProxyInformation{proxyOption=NO_PROXY, proxyServerType=HTTP, password=, proxyServerAddress=, proxyServerPort=0}"/>
         <property name="platform" value="Linux"/>
      </properties>
      <testcase name="Test Cases/p4p_cancelReserBtn" time="31.594" classname="Test Cases/p4p_cancelReserBtn" status="PASSED">
         <system-out><![CDATA[2019-11-27 09:27:27 - [TEST_CASE][PASSED] - Test Cases/p4p_cancelReserBtn: Test Cases/p4p_cancelReserBtn

2019-11-27 09:27:27 - [TEST_STEP][PASSED] - openBrowser("https://p4p-qa-bg.aws.paradise4paws.com/login/"): Browser is opened with url: 'https://p4p-qa-bg.aws.paradise4paws.com/login/'

2019-11-27 09:27:28 - [MESSAGE][INFO] - Starting 'Firefox' driver

2019-11-27 09:27:28 - [MESSAGE][INFO] - Action delay is set to 0 seconds

2019-11-27 09:27:31 - [MESSAGE][PASSED] - Browser is opened with url: 'https://p4p-qa-bg.aws.paradise4paws.com/login/'

2019-11-27 09:27:31 - [TEST_STEP][PASSED] - setText(findTestObject("object_login/input_user"), var_user): Text 'jegchavez@gmail.com' is set on object 'Object Repository/object_login/input_user'

2019-11-27 09:27:32 - [MESSAGE][PASSED] - Text 'jegchavez@gmail.com' is set on object 'Object Repository/object_login/input_user'

2019-11-27 09:27:32 - [TEST_STEP][PASSED] - setText(findTestObject("object_login/input_pass"), var_pass): Text 'admin1' is set on object 'Object Repository/object_login/input_pass'

2019-11-27 09:27:33 - [MESSAGE][PASSED] - Text 'admin1' is set on object 'Object Repository/object_login/input_pass'

2019-11-27 09:27:33 - [TEST_STEP][PASSED] - delay(2): Delayed 2 second(s)

2019-11-27 09:27:35 - [MESSAGE][PASSED] - Delayed 2 second(s)

2019-11-27 09:27:35 - [TEST_STEP][PASSED] - verifyElementClickable(findTestObject("object_login/btn_login")): Object 'Object Repository/object_login/btn_login' is clickable

2019-11-27 09:27:35 - [MESSAGE][PASSED] - Object 'Object Repository/object_login/btn_login' is clickable

2019-11-27 09:27:35 - [TEST_STEP][PASSED] - click(findTestObject("object_login/btn_login")): Object: 'Object Repository/object_login/btn_login' is clicked on

2019-11-27 09:27:39 - [MESSAGE][PASSED] - Object: 'Object Repository/object_login/btn_login' is clicked on

2019-11-27 09:27:39 - [TEST_STEP][PASSED] - delay(3): Delayed 3 second(s)

2019-11-27 09:27:42 - [MESSAGE][PASSED] - Delayed 3 second(s)

2019-11-27 09:27:42 - [TEST_STEP][PASSED] - navigateToUrl(var_urlReservation): Navigate to 'https://p4p-qa-bg.aws.paradise4paws.com/frontdesk/reservation/1702008/?parent_id=97558&type=DOG' successfully

2019-11-27 09:27:43 - [MESSAGE][PASSED] - Navigate to 'https://p4p-qa-bg.aws.paradise4paws.com/frontdesk/reservation/1702008/?parent_id=97558&type=DOG' successfully

2019-11-27 09:27:43 - [TEST_STEP][PASSED] - delay(4): Delayed 4 second(s)

2019-11-27 09:27:47 - [MESSAGE][PASSED] - Delayed 4 second(s)

2019-11-27 09:27:47 - [TEST_STEP][PASSED] - click(findTestObject("object_reservation/btn_next")): Object: 'Object Repository/object_reservation/btn_next' is clicked on

2019-11-27 09:27:50 - [MESSAGE][PASSED] - Object: 'Object Repository/object_reservation/btn_next' is clicked on

2019-11-27 09:27:50 - [TEST_STEP][PASSED] - delay(2): Delayed 2 second(s)

2019-11-27 09:27:52 - [MESSAGE][PASSED] - Delayed 2 second(s)

2019-11-27 09:27:52 - [TEST_STEP][PASSED] - click(findTestObject("object_reservation/btn_next")): Object: 'Object Repository/object_reservation/btn_next' is clicked on

2019-11-27 09:27:53 - [MESSAGE][PASSED] - Object: 'Object Repository/object_reservation/btn_next' is clicked on

2019-11-27 09:27:53 - [TEST_STEP][PASSED] - delay(2): Delayed 2 second(s)

2019-11-27 09:27:55 - [MESSAGE][PASSED] - Delayed 2 second(s)

2019-11-27 09:27:55 - [TEST_STEP][PASSED] - click(findTestObject("object_reservation/btn_cancelReservation")): Object: 'Object Repository/object_reservation/btn_cancelReservation' is clicked on

2019-11-27 09:27:56 - [MESSAGE][PASSED] - Object: 'Object Repository/object_reservation/btn_cancelReservation' is clicked on

2019-11-27 09:27:56 - [TEST_STEP][PASSED] - click(findTestObject("object_reservation/btn_cancelthisreservation")): Object: 'Object Repository/object_reservation/btn_cancelthisreservation' is clicked on

2019-11-27 09:27:57 - [MESSAGE][PASSED] - Object: 'Object Repository/object_reservation/btn_cancelthisreservation' is clicked on

2019-11-27 09:27:57 - [TEST_STEP][PASSED] - delay(2): Delayed 2 second(s)

2019-11-27 09:27:59 - [MESSAGE][PASSED] - Delayed 2 second(s)]]></system-out>
         <system-err><![CDATA[]]></system-err>
      </testcase>
      <system-out><![CDATA[2019-11-27 09:27:27 - [TEST_SUITE][PASSED] - ts_cancelReservation: Test Cases/p4p_cancelReserBtn]]></system-out>
      <system-err><![CDATA[]]></system-err>
   </testsuite>
</testsuites>
