<?xml version="1.0" encoding="UTF-8"?>
<testsuites name="ts_resBoarding" time="24.733" tests="2" failures="0" errors="0">
   <testsuite name="ts_resBoarding" tests="2" failures="0" errors="0" time="24.733" timestamp="2019-11-14 15:38:51" hostname="leonardo-arkusmty - leonardoarkusmty-Inspiron-5577" id="Test Suites/ts_resBoarding">
      <properties>
         <property name="deviceName" value=""/>
         <property name="devicePlatform" value=""/>
         <property name="logFolder" value="/home/leonardo-arkusmty/Documents/workspaceKatalon/p4ptest/Reports/20191114_153850/ts_resBoarding/20191114_153850"/>
         <property name="logFiles" value="/home/leonardo-arkusmty/Documents/workspaceKatalon/p4ptest/Reports/20191114_153850/ts_resBoarding/20191114_153850/execution0.log"/>
         <property name="attachments" value=""/>
         <property name="hostName" value="leonardo-arkusmty - leonardoarkusmty-Inspiron-5577"/>
         <property name="os" value="Linux 64bit"/>
         <property name="katalonVersion" value="7.0.8.1"/>
         <property name="browser" value="Firefox 70.0"/>
         <property name="hostAddress" value="127.0.1.1"/>
         <property name="sessionId" value="c63f0891-a79a-442c-88eb-d8ae95bd5e28"/>
         <property name="seleniumVersion" value="3.141.59"/>
         <property name="proxyInformation" value="ProxyInformation{proxyOption=NO_PROXY, proxyServerType=HTTP, password=, proxyServerAddress=, proxyServerPort=0}"/>
         <property name="platform" value="Linux"/>
      </properties>
      <testcase name="Test Cases/p4p_login" time="15.823" classname="Test Cases/p4p_login" status="PASSED">
         <system-out><![CDATA[2019-11-14 15:38:52 - [TEST_CASE][PASSED] - Test Cases/p4p_login: Test Cases/p4p_login

2019-11-14 15:38:52 - [TEST_STEP][PASSED] - openBrowser(""): Browser is opened with url: ''

2019-11-14 15:38:52 - [MESSAGE][INFO] - Starting 'Firefox' driver

2019-11-14 15:38:52 - [MESSAGE][INFO] - Action delay is set to 0 seconds

2019-11-14 15:38:54 - [MESSAGE][PASSED] - Browser is opened with url: ''

2019-11-14 15:38:54 - [TEST_STEP][PASSED] - navigateToUrl("https://p4p-qa-bg.aws.paradise4paws.com/login/?next=/"): Navigate to 'https://p4p-qa-bg.aws.paradise4paws.com/login/?next=/' successfully

2019-11-14 15:38:57 - [MESSAGE][PASSED] - Navigate to 'https://p4p-qa-bg.aws.paradise4paws.com/login/?next=/' successfully

2019-11-14 15:38:57 - [TEST_STEP][PASSED] - setText(findTestObject("object_login/input_emailuser"), "jegchavez@gmail.com"): Text 'jegchavez@gmail.com' is set on object 'Object Repository/object_login/input_emailuser'

2019-11-14 15:38:58 - [MESSAGE][PASSED] - Text 'jegchavez@gmail.com' is set on object 'Object Repository/object_login/input_emailuser'

2019-11-14 15:38:58 - [TEST_STEP][PASSED] - setEncryptedText(findTestObject("object_login/input_passworduser"), "vRRrCeg9Qho="): Text ****** has been set on object 'Object Repository/object_login/input_passworduser'

2019-11-14 15:38:58 - [MESSAGE][PASSED] - Text ****** has been set on object 'Object Repository/object_login/input_passworduser'

2019-11-14 15:38:58 - [TEST_STEP][PASSED] - delay(3): Delayed 3 second(s)

2019-11-14 15:39:01 - [MESSAGE][PASSED] - Delayed 3 second(s)

2019-11-14 15:39:01 - [TEST_STEP][PASSED] - verifyElementClickable(findTestObject("object_login/btn_login")): Object 'Object Repository/object_login/btn_login' is clickable

2019-11-14 15:39:01 - [MESSAGE][PASSED] - Object 'Object Repository/object_login/btn_login' is clickable

2019-11-14 15:39:01 - [TEST_STEP][PASSED] - click(findTestObject("object_login/btn_login")): Object: 'Object Repository/object_login/btn_login' is clicked on

2019-11-14 15:39:04 - [MESSAGE][PASSED] - Object: 'Object Repository/object_login/btn_login' is clicked on

2019-11-14 15:39:04 - [TEST_STEP][PASSED] - delay(3): Delayed 3 second(s)

2019-11-14 15:39:07 - [MESSAGE][PASSED] - Delayed 3 second(s)]]></system-out>
         <system-err><![CDATA[]]></system-err>
      </testcase>
      <testcase name="Test Cases/p4p_profile_boa" time="3.142" classname="Test Cases/p4p_profile_boa" status="PASSED">
         <system-out><![CDATA[2019-11-14 15:39:07 - [TEST_CASE][PASSED] - Test Cases/p4p_profile_boa: Test Cases/p4p_profile_boa

2019-11-14 15:39:08 - [TEST_STEP][PASSED] - navigateToUrl("https://p4p-qa-bg.aws.paradise4paws.com/accounts/profile/#/reservations/97779/"): Navigate to 'https://p4p-qa-bg.aws.paradise4paws.com/accounts/profile/#/reservations/97779/' successfully

2019-11-14 15:39:10 - [MESSAGE][PASSED] - Navigate to 'https://p4p-qa-bg.aws.paradise4paws.com/accounts/profile/#/reservations/97779/' successfully

2019-11-14 15:39:10 - [TEST_STEP][PASSED] - click(findTestObject("object_profile/a_addReservation")): Object: 'Object Repository/object_profile/a_addReservation' is clicked on

2019-11-14 15:39:11 - [MESSAGE][PASSED] - Object: 'Object Repository/object_profile/a_addReservation' is clicked on]]></system-out>
         <system-err><![CDATA[]]></system-err>
      </testcase>
      <system-out><![CDATA[2019-11-14 15:38:51 - [TEST_SUITE][PASSED] - ts_resBoarding: Test Cases/p4p_profile_boa]]></system-out>
      <system-err><![CDATA[]]></system-err>
   </testsuite>
</testsuites>
