<?xml version="1.0" encoding="UTF-8"?>
<testsuites name="ts_createInvoice" time="952.072" tests="12" failures="3" errors="6">
   <testsuite name="ts_createInvoice" tests="12" failures="3" errors="6" time="952.072" timestamp="2020-01-08 12:54:41" hostname="leonardo-arkusmty - leonardoarkusmty-Inspiron-5577" id="Test Suites/ts_createInvoice">
      <properties>
         <property name="deviceName" value=""/>
         <property name="devicePlatform" value=""/>
         <property name="logFolder" value="/home/leonardo-arkusmty/Documents/workspaceKatalon/p4ptest/Reports/20200108_125439/ts_createInvoice/20200108_125439"/>
         <property name="logFiles" value="/home/leonardo-arkusmty/Documents/workspaceKatalon/p4ptest/Reports/20200108_125439/ts_createInvoice/20200108_125439/execution0.log"/>
         <property name="attachments" value="/home/leonardo-arkusmty/Documents/workspaceKatalon/p4ptest/Reports/20200108_125439/ts_createInvoice/20200108_125439/1578510074561.png, /home/leonardo-arkusmty/Documents/workspaceKatalon/p4ptest/Reports/20200108_125439/ts_createInvoice/20200108_125439/1578510537799.png, /home/leonardo-arkusmty/Documents/workspaceKatalon/p4ptest/Reports/20200108_125439/ts_createInvoice/20200108_125439/1578510632908.png"/>
         <property name="hostName" value="leonardo-arkusmty - leonardoarkusmty-Inspiron-5577"/>
         <property name="os" value="Linux 64bit"/>
         <property name="katalonVersion" value="7.0.8.1"/>
         <property name="browser" value="Chrome 79.0.3945.88"/>
         <property name="hostAddress" value="127.0.1.1"/>
         <property name="sessionId" value="f7c72b3d63f8d37d6c874d9be87201c3"/>
         <property name="seleniumVersion" value="3.141.59"/>
         <property name="proxyInformation" value="ProxyInformation{proxyOption=NO_PROXY, proxyServerType=HTTP, password=, proxyServerAddress=, proxyServerPort=0}"/>
         <property name="platform" value="Linux"/>
      </properties>
      <testcase name="Test Cases/p4p_createInvoce_ok_spy" time="59.061" classname="Test Cases/p4p_createInvoce_ok_spy" status="PASSED">
         <system-out><![CDATA[2020-01-08 12:54:41 - [TEST_CASE][PASSED] - Test Cases/p4p_createInvoce_ok_spy: Test Cases/p4p_createInvoce_ok_spy

2020-01-08 12:54:41 - [TEST_STEP][PASSED] - openBrowser("https://p4p-qa-bg.aws.paradise4paws.com/login/"): Browser is opened with url: 'https://p4p-qa-bg.aws.paradise4paws.com/login/'

2020-01-08 12:54:42 - [MESSAGE][INFO] - Starting 'Chrome' driver

2020-01-08 12:54:42 - [MESSAGE][INFO] - Action delay is set to 0 seconds

2020-01-08 12:54:44 - [MESSAGE][PASSED] - Browser is opened with url: 'https://p4p-qa-bg.aws.paradise4paws.com/login/'

2020-01-08 12:54:44 - [TEST_STEP][PASSED] - arryPets = var_pets.split(","): null

2020-01-08 12:54:44 - [TEST_STEP][PASSED] - flagBoar = "0": null

2020-01-08 12:54:44 - [TEST_STEP][PASSED] - log = new com.kms.katalon.core.logging.KeywordLogger(): null

2020-01-08 12:54:44 - [TEST_STEP][PASSED] - fisInv = new java.io.FileInputStream(/home/leonardo-arkusmty/Desktop/P4P/DATA_AUTOMATINTESTING/data_3createInvoice.xlsx): null

2020-01-08 12:54:44 - [TEST_STEP][PASSED] - fisPay = new java.io.FileInputStream(/home/leonardo-arkusmty/Desktop/P4P/DATA_AUTOMATINTESTING/data_4payment.xlsx): null

2020-01-08 12:54:44 - [TEST_STEP][PASSED] - workbookInv = new org.apache.poi.xssf.usermodel.XSSFWorkbook(fisInv): null

2020-01-08 12:54:44 - [TEST_STEP][PASSED] - workbookPay = new org.apache.poi.xssf.usermodel.XSSFWorkbook(fisPay): null

2020-01-08 12:54:44 - [TEST_STEP][PASSED] - sheetInv = workbookInv.getSheet("Sheet1"): null

2020-01-08 12:54:44 - [TEST_STEP][PASSED] - sheetPay = workbookPay.getSheet("Sheet1"): null

2020-01-08 12:54:44 - [TEST_STEP][PASSED] - var = Integer.parseInt(var_idRowRes): null

2020-01-08 12:54:44 - [TEST_STEP][PASSED] - rowInv = sheetInv.getRow(var): null

2020-01-08 12:54:44 - [TEST_STEP][PASSED] - rowPay = sheetPay.getRow(var): null

2020-01-08 12:54:44 - [TEST_STEP][PASSED] - today = new java.util.Date(): null

2020-01-08 12:54:44 - [TEST_STEP][PASSED] - todaysDate1 = today.format("mmm/dd/yy"): null

2020-01-08 12:54:44 - [TEST_STEP][PASSED] - todaysDate2 = today.format("dd/mm/yy"): null

2020-01-08 12:54:44 - [TEST_STEP][PASSED] - todaysDate3 = today.format("dd"): null

2020-01-08 12:54:44 - [TEST_STEP][PASSED] - nowTime = today.format("hhmm"): null

2020-01-08 12:54:44 - [TEST_STEP][PASSED] - setText(findTestObject("Object Repository/object_login/input_user"), var_user): Text 'jegchavez@gmail.com' is set on object 'Object Repository/object_login/input_user'

2020-01-08 12:54:45 - [MESSAGE][PASSED] - Text 'jegchavez@gmail.com' is set on object 'Object Repository/object_login/input_user'

2020-01-08 12:54:45 - [TEST_STEP][PASSED] - setText(findTestObject("Object Repository/object_login/input_pass"), var_pass): Text 'admin1' is set on object 'Object Repository/object_login/input_pass'

2020-01-08 12:54:45 - [MESSAGE][PASSED] - Text 'admin1' is set on object 'Object Repository/object_login/input_pass'

2020-01-08 12:54:45 - [TEST_STEP][PASSED] - delay(2): Delayed 2 second(s)

2020-01-08 12:54:47 - [MESSAGE][PASSED] - Delayed 2 second(s)

2020-01-08 12:54:47 - [TEST_STEP][PASSED] - verifyElementClickable(findTestObject("Object Repository/object_login/btn_login")): Object 'Object Repository/object_login/btn_login' is clickable

2020-01-08 12:54:48 - [MESSAGE][PASSED] - Object 'Object Repository/object_login/btn_login' is clickable

2020-01-08 12:54:48 - [TEST_STEP][PASSED] - click(findTestObject("Object Repository/object_login/btn_login")): Object: 'Object Repository/object_login/btn_login' is clicked on

2020-01-08 12:54:49 - [MESSAGE][PASSED] - Object: 'Object Repository/object_login/btn_login' is clicked on

2020-01-08 12:54:49 - [TEST_STEP][PASSED] - delay(2): Delayed 2 second(s)

2020-01-08 12:54:51 - [MESSAGE][PASSED] - Delayed 2 second(s)

2020-01-08 12:54:51 - [TEST_STEP][PASSED] - setText(findTestObject("Object Repository/object_dashboard_emp/input_search"), var_parent): Text 'leongarzagarza@hotmail.com' is set on object 'Object Repository/object_dashboard_emp/input_search'

2020-01-08 12:54:51 - [MESSAGE][PASSED] - Text 'leongarzagarza@hotmail.com' is set on object 'Object Repository/object_dashboard_emp/input_search'

2020-01-08 12:54:51 - [TEST_STEP][PASSED] - click(findTestObject("Object Repository/object_dashboard_emp/btn_accountSearch")): Object: 'Object Repository/object_dashboard_emp/btn_accountSearch' is clicked on

2020-01-08 12:54:53 - [MESSAGE][PASSED] - Object: 'Object Repository/object_dashboard_emp/btn_accountSearch' is clicked on

2020-01-08 12:54:53 - [TEST_STEP][PASSED] - delay(2): Delayed 2 second(s)

2020-01-08 12:54:55 - [MESSAGE][PASSED] - Delayed 2 second(s)

2020-01-08 12:54:55 - [TEST_STEP][PASSED] - click(findTestObject("Object Repository/object_accountInformation/a_TEST GABRIEL PROD")): Object: 'Object Repository/object_accountInformation/a_TEST GABRIEL PROD' is clicked on

2020-01-08 12:54:55 - [MESSAGE][PASSED] - Object: 'Object Repository/object_accountInformation/a_TEST GABRIEL PROD' is clicked on

2020-01-08 12:54:55 - [TEST_STEP][PASSED] - delay(2): Delayed 2 second(s)

2020-01-08 12:54:57 - [MESSAGE][PASSED] - Delayed 2 second(s)

2020-01-08 12:54:57 - [TEST_STEP][PASSED] - click(findTestObject("object_invoce/btn_createInvoice")): Object: 'Object Repository/object_invoce/btn_createInvoice' is clicked on

2020-01-08 12:54:59 - [MESSAGE][PASSED] - Object: 'Object Repository/object_invoce/btn_createInvoice' is clicked on

2020-01-08 12:54:59 - [TEST_STEP][PASSED] - delay(3): Delayed 3 second(s)

2020-01-08 12:55:02 - [MESSAGE][PASSED] - Delayed 3 second(s)

2020-01-08 12:55:02 - [TEST_STEP][PASSED] - if (arryPets.size() == 1): Delayed 4 second(s)

2020-01-08 12:55:02 - [TEST_STEP][PASSED] - click(findTestObject("object_invoce/new_invoice/new_invoice_sub/btn_AddLineItem")): Object: 'Object Repository/object_invoce/new_invoice/new_invoice_sub/btn_AddLineItem' is clicked on

2020-01-08 12:55:03 - [MESSAGE][PASSED] - Object: 'Object Repository/object_invoce/new_invoice/new_invoice_sub/btn_AddLineItem' is clicked on

2020-01-08 12:55:03 - [TEST_STEP][PASSED] - delay(3): Delayed 3 second(s)

2020-01-08 12:55:06 - [MESSAGE][PASSED] - Delayed 3 second(s)

2020-01-08 12:55:06 - [TEST_STEP][PASSED] - click(findTestObject("object_invoce/new_invoice/new_invoice_sub/a_Taxes ()_select2-choice_1")): Object: 'Object Repository/object_invoce/new_invoice/new_invoice_sub/a_Taxes ()_select2-choice_1' is clicked on

2020-01-08 12:55:06 - [MESSAGE][PASSED] - Object: 'Object Repository/object_invoce/new_invoice/new_invoice_sub/a_Taxes ()_select2-choice_1' is clicked on

2020-01-08 12:55:06 - [TEST_STEP][PASSED] - delay(3): Delayed 3 second(s)

2020-01-08 12:55:09 - [MESSAGE][PASSED] - Delayed 3 second(s)

2020-01-08 12:55:09 - [TEST_STEP][PASSED] - click(findTestObject("object_invoce/new_invoice/new_invoice_sub/div_Zeus")): Object: 'Object Repository/object_invoce/new_invoice/new_invoice_sub/div_Zeus' is clicked on

2020-01-08 12:55:09 - [MESSAGE][PASSED] - Object: 'Object Repository/object_invoce/new_invoice/new_invoice_sub/div_Zeus' is clicked on

2020-01-08 12:55:09 - [TEST_STEP][NOT_RUN] - click(findTestObject("object_invoce/new_invoice/new_invoice_sub/b")): NOT_RUN: click(findTestObject("object_invoce/new_invoice/new_invoice_sub/b"))

2020-01-08 12:55:09 - [MESSAGE][NOT_RUN] - NOT_RUN: click(findTestObject("object_invoce/new_invoice/new_invoice_sub/b"))

2020-01-08 12:55:09 - [TEST_STEP][NOT_RUN] - click(findTestObject("object_invoce/new_invoice/new_invoice_sub/select_BOARDING_SUITEDAYCARE_SUITESPA_SUITE")): NOT_RUN: click(findTestObject("object_invoce/new_invoice/new_invoice_sub/select_BOARDING_SUITEDAYCARE_SUITESPA_SUITE"))

2020-01-08 12:55:09 - [MESSAGE][NOT_RUN] - NOT_RUN: click(findTestObject("object_invoce/new_invoice/new_invoice_sub/select_BOARDING_SUITEDAYCARE_SUITESPA_SUITE"))

2020-01-08 12:55:09 - [TEST_STEP][PASSED] - delay(3): Delayed 3 second(s)

2020-01-08 12:55:12 - [MESSAGE][PASSED] - Delayed 3 second(s)

2020-01-08 12:55:12 - [TEST_STEP][PASSED] - if (var_type == "BOARDING_SUITE"): Object: 'Object Repository/object_invoce/new_invoice_ok_1/select_boarding' is clicked on

2020-01-08 12:55:12 - [TEST_STEP][PASSED] - click(findTestObject("object_invoce/new_invoice_ok_1/select_boarding"), STOP_ON_FAILURE): Object: 'Object Repository/object_invoce/new_invoice_ok_1/select_boarding' is clicked on

2020-01-08 12:55:13 - [MESSAGE][PASSED] - Object: 'Object Repository/object_invoce/new_invoice_ok_1/select_boarding' is clicked on

2020-01-08 12:55:13 - [TEST_STEP][PASSED] - if (var_type == "DAYCARE_SUITE"): null

2020-01-08 12:55:13 - [TEST_STEP][PASSED] - if (var_type == "PACKAGE"): null

2020-01-08 12:55:13 - [TEST_STEP][PASSED] - delay(4): Delayed 4 second(s)

2020-01-08 12:55:17 - [MESSAGE][PASSED] - Delayed 4 second(s)

2020-01-08 12:55:17 - [TEST_STEP][PASSED] - sendKeys(findTestObject("object_invoce/new_invoice/new_invoice_sub/input_Taxes_Item_1"), var_item): Keys 'Oasis Suite' sent to object: 'Object Repository/object_invoce/new_invoice/new_invoice_sub/input_Taxes_Item_1'

2020-01-08 12:55:17 - [MESSAGE][PASSED] - Keys 'Oasis Suite' sent to object: 'Object Repository/object_invoce/new_invoice/new_invoice_sub/input_Taxes_Item_1'

2020-01-08 12:55:17 - [TEST_STEP][PASSED] - delay(4): Delayed 4 second(s)

2020-01-08 12:55:21 - [MESSAGE][PASSED] - Delayed 4 second(s)

2020-01-08 12:55:21 - [TEST_STEP][PASSED] - sendKeys(findTestObject("object_invoce/new_invoice/new_invoice_sub/input_Taxes_Item_1"), Keys.chord(ENTER)): Keys 'ENTER + ' sent to object: 'Object Repository/object_invoce/new_invoice/new_invoice_sub/input_Taxes_Item_1'

2020-01-08 12:55:21 - [MESSAGE][PASSED] - Keys 'ENTER + ' sent to object: 'Object Repository/object_invoce/new_invoice/new_invoice_sub/input_Taxes_Item_1'

2020-01-08 12:55:21 - [TEST_STEP][PASSED] - delay(4): Delayed 4 second(s)

2020-01-08 12:55:25 - [MESSAGE][PASSED] - Delayed 4 second(s)

2020-01-08 12:55:25 - [TEST_STEP][PASSED] - click(findTestObject("object_invoce/new_invoice/new_invoice_sub/button_Save_Taxe")): Object: 'Object Repository/object_invoce/new_invoice/new_invoice_sub/button_Save_Taxe' is clicked on

2020-01-08 12:55:26 - [MESSAGE][PASSED] - Object: 'Object Repository/object_invoce/new_invoice/new_invoice_sub/button_Save_Taxe' is clicked on

2020-01-08 12:55:26 - [TEST_STEP][PASSED] - delay(4): Delayed 4 second(s)

2020-01-08 12:55:30 - [MESSAGE][PASSED] - Delayed 4 second(s)

2020-01-08 12:55:30 - [TEST_STEP][PASSED] - if (arryPets.size() == 2): null

2020-01-08 12:55:30 - [TEST_STEP][PASSED] - if (arryPets.size() == 3): null

2020-01-08 12:55:30 - [TEST_STEP][PASSED] - delay(2): Delayed 2 second(s)

2020-01-08 12:55:32 - [MESSAGE][PASSED] - Delayed 2 second(s)

2020-01-08 12:55:32 - [TEST_STEP][PASSED] - var_url = getUrl(): Current window's url is: 'https://p4p-qa-bg.aws.paradise4paws.com/accounts/profile/#/invoice/122350/1795337/'

2020-01-08 12:55:32 - [MESSAGE][PASSED] - Current window's url is: 'https://p4p-qa-bg.aws.paradise4paws.com/accounts/profile/#/invoice/122350/1795337/'

2020-01-08 12:55:32 - [TEST_STEP][PASSED] - arrayUrl = var_url.split("/"): null

2020-01-08 12:55:32 - [TEST_STEP][PASSED] - delay(2): Delayed 2 second(s)

2020-01-08 12:55:34 - [MESSAGE][PASSED] - Delayed 2 second(s)

2020-01-08 12:55:34 - [TEST_STEP][PASSED] - cell = rowInv.createCell(9, 0): null

2020-01-08 12:55:34 - [TEST_STEP][PASSED] - cell.setCellType(CELL_TYPE_STRING): null

2020-01-08 12:55:34 - [TEST_STEP][PASSED] - cell.setCellValue(arrayUrl[8]): null

2020-01-08 12:55:34 - [TEST_STEP][PASSED] - delay(2): Delayed 2 second(s)

2020-01-08 12:55:36 - [MESSAGE][PASSED] - Delayed 2 second(s)

2020-01-08 12:55:36 - [TEST_STEP][PASSED] - cell2 = rowPay.createCell(5, 0): null

2020-01-08 12:55:36 - [TEST_STEP][PASSED] - cell2.setCellType(CELL_TYPE_STRING): null

2020-01-08 12:55:36 - [TEST_STEP][PASSED] - cell2.setCellValue(arrayUrl[8]): null

2020-01-08 12:55:36 - [TEST_STEP][PASSED] - delay(2): Delayed 2 second(s)

2020-01-08 12:55:38 - [MESSAGE][PASSED] - Delayed 2 second(s)

2020-01-08 12:55:38 - [TEST_STEP][PASSED] - fosInv = new java.io.FileOutputStream(/home/leonardo-arkusmty/Desktop/P4P/DATA_AUTOMATINTESTING/data_3createInvoice.xlsx): null

2020-01-08 12:55:38 - [TEST_STEP][PASSED] - workbookInv.write(fosInv): null

2020-01-08 12:55:38 - [TEST_STEP][PASSED] - fosInv.close(): null

2020-01-08 12:55:38 - [TEST_STEP][PASSED] - fosPay = new java.io.FileOutputStream(/home/leonardo-arkusmty/Desktop/P4P/DATA_AUTOMATINTESTING/data_4payment.xlsx): null

2020-01-08 12:55:38 - [TEST_STEP][PASSED] - workbookPay.write(fosPay): null

2020-01-08 12:55:38 - [TEST_STEP][PASSED] - fosPay.close(): null

2020-01-08 12:55:38 - [TEST_STEP][PASSED] - delay(2): Delayed 2 second(s)

2020-01-08 12:55:40 - [MESSAGE][PASSED] - Delayed 2 second(s)]]></system-out>
         <system-err><![CDATA[]]></system-err>
      </testcase>
      <testcase name="Test Cases/p4p_createInvoce_ok_spy" time="55.195" classname="Test Cases/p4p_createInvoce_ok_spy" status="ERROR">
         <error type="ERROR" message="Test Cases/p4p_createInvoce_ok_spy FAILED.
Reason:
java.lang.ArrayIndexOutOfBoundsException: 8
	at p4p_createInvoce_ok_spy.run(p4p_createInvoce_ok_spy:304)
	at com.kms.katalon.core.main.ScriptEngine.run(ScriptEngine.java:194)
	at com.kms.katalon.core.main.ScriptEngine.runScriptAsRawText(ScriptEngine.java:119)
	at com.kms.katalon.core.main.TestCaseExecutor.runScript(TestCaseExecutor.java:337)
	at com.kms.katalon.core.main.TestCaseExecutor.doExecute(TestCaseExecutor.java:328)
	at com.kms.katalon.core.main.TestCaseExecutor.processExecutionPhase(TestCaseExecutor.java:307)
	at com.kms.katalon.core.main.TestCaseExecutor.accessMainPhase(TestCaseExecutor.java:299)
	at com.kms.katalon.core.main.TestCaseExecutor.execute(TestCaseExecutor.java:233)
	at com.kms.katalon.core.main.TestSuiteExecutor.accessTestCaseMainPhase(TestSuiteExecutor.java:169)
	at com.kms.katalon.core.main.TestSuiteExecutor.accessTestSuiteMainPhase(TestSuiteExecutor.java:142)
	at com.kms.katalon.core.main.TestSuiteExecutor.execute(TestSuiteExecutor.java:91)
	at com.kms.katalon.core.main.TestCaseMain.startTestSuite(TestCaseMain.java:157)
	at com.kms.katalon.core.main.TestCaseMain$startTestSuite$0.call(Unknown Source)
	at TempTestSuite1578509679797.run(TempTestSuite1578509679797.groovy:36)
"/>
         <system-out><![CDATA[2020-01-08 12:55:40 - [TEST_CASE][ERROR] - Test Cases/p4p_createInvoce_ok_spy: Test Cases/p4p_createInvoce_ok_spy FAILED.
Reason:
java.lang.ArrayIndexOutOfBoundsException: 8
	at p4p_createInvoce_ok_spy.run(p4p_createInvoce_ok_spy:304)
	at com.kms.katalon.core.main.ScriptEngine.run(ScriptEngine.java:194)
	at com.kms.katalon.core.main.ScriptEngine.runScriptAsRawText(ScriptEngine.java:119)
	at com.kms.katalon.core.main.TestCaseExecutor.runScript(TestCaseExecutor.java:337)
	at com.kms.katalon.core.main.TestCaseExecutor.doExecute(TestCaseExecutor.java:328)
	at com.kms.katalon.core.main.TestCaseExecutor.processExecutionPhase(TestCaseExecutor.java:307)
	at com.kms.katalon.core.main.TestCaseExecutor.accessMainPhase(TestCaseExecutor.java:299)
	at com.kms.katalon.core.main.TestCaseExecutor.execute(TestCaseExecutor.java:233)
	at com.kms.katalon.core.main.TestSuiteExecutor.accessTestCaseMainPhase(TestSuiteExecutor.java:169)
	at com.kms.katalon.core.main.TestSuiteExecutor.accessTestSuiteMainPhase(TestSuiteExecutor.java:142)
	at com.kms.katalon.core.main.TestSuiteExecutor.execute(TestSuiteExecutor.java:91)
	at com.kms.katalon.core.main.TestCaseMain.startTestSuite(TestCaseMain.java:157)
	at com.kms.katalon.core.main.TestCaseMain$startTestSuite$0.call(Unknown Source)
	at TempTestSuite1578509679797.run(TempTestSuite1578509679797.groovy:36)


2020-01-08 12:55:40 - [TEST_STEP][PASSED] - openBrowser("https://p4p-qa-bg.aws.paradise4paws.com/login/"): Browser is opened with url: 'https://p4p-qa-bg.aws.paradise4paws.com/login/'

2020-01-08 12:55:40 - [MESSAGE][WARNING] - A browser is already opened. Closing browser and opening a new one

2020-01-08 12:55:40 - [MESSAGE][INFO] - Starting 'Chrome' driver

2020-01-08 12:55:43 - [MESSAGE][PASSED] - Browser is opened with url: 'https://p4p-qa-bg.aws.paradise4paws.com/login/'

2020-01-08 12:55:43 - [TEST_STEP][PASSED] - arryPets = var_pets.split(","): null

2020-01-08 12:55:43 - [TEST_STEP][PASSED] - flagBoar = "0": null

2020-01-08 12:55:43 - [TEST_STEP][PASSED] - log = new com.kms.katalon.core.logging.KeywordLogger(): null

2020-01-08 12:55:43 - [TEST_STEP][PASSED] - fisInv = new java.io.FileInputStream(/home/leonardo-arkusmty/Desktop/P4P/DATA_AUTOMATINTESTING/data_3createInvoice.xlsx): null

2020-01-08 12:55:43 - [TEST_STEP][PASSED] - fisPay = new java.io.FileInputStream(/home/leonardo-arkusmty/Desktop/P4P/DATA_AUTOMATINTESTING/data_4payment.xlsx): null

2020-01-08 12:55:43 - [TEST_STEP][PASSED] - workbookInv = new org.apache.poi.xssf.usermodel.XSSFWorkbook(fisInv): null

2020-01-08 12:55:43 - [TEST_STEP][PASSED] - workbookPay = new org.apache.poi.xssf.usermodel.XSSFWorkbook(fisPay): null

2020-01-08 12:55:43 - [TEST_STEP][PASSED] - sheetInv = workbookInv.getSheet("Sheet1"): null

2020-01-08 12:55:43 - [TEST_STEP][PASSED] - sheetPay = workbookPay.getSheet("Sheet1"): null

2020-01-08 12:55:43 - [TEST_STEP][PASSED] - var = Integer.parseInt(var_idRowRes): null

2020-01-08 12:55:43 - [TEST_STEP][PASSED] - rowInv = sheetInv.getRow(var): null

2020-01-08 12:55:43 - [TEST_STEP][PASSED] - rowPay = sheetPay.getRow(var): null

2020-01-08 12:55:43 - [TEST_STEP][PASSED] - today = new java.util.Date(): null

2020-01-08 12:55:43 - [TEST_STEP][PASSED] - todaysDate1 = today.format("mmm/dd/yy"): null

2020-01-08 12:55:43 - [TEST_STEP][PASSED] - todaysDate2 = today.format("dd/mm/yy"): null

2020-01-08 12:55:43 - [TEST_STEP][PASSED] - todaysDate3 = today.format("dd"): null

2020-01-08 12:55:43 - [TEST_STEP][PASSED] - nowTime = today.format("hhmm"): null

2020-01-08 12:55:43 - [TEST_STEP][PASSED] - setText(findTestObject("Object Repository/object_login/input_user"), var_user): Text 'jegchavez@gmail.com' is set on object 'Object Repository/object_login/input_user'

2020-01-08 12:55:43 - [MESSAGE][PASSED] - Text 'jegchavez@gmail.com' is set on object 'Object Repository/object_login/input_user'

2020-01-08 12:55:43 - [TEST_STEP][PASSED] - setText(findTestObject("Object Repository/object_login/input_pass"), var_pass): Text 'admin1' is set on object 'Object Repository/object_login/input_pass'

2020-01-08 12:55:44 - [MESSAGE][PASSED] - Text 'admin1' is set on object 'Object Repository/object_login/input_pass'

2020-01-08 12:55:44 - [TEST_STEP][PASSED] - delay(2): Delayed 2 second(s)

2020-01-08 12:55:46 - [MESSAGE][PASSED] - Delayed 2 second(s)

2020-01-08 12:55:46 - [TEST_STEP][PASSED] - verifyElementClickable(findTestObject("Object Repository/object_login/btn_login")): Object 'Object Repository/object_login/btn_login' is clickable

2020-01-08 12:55:46 - [MESSAGE][PASSED] - Object 'Object Repository/object_login/btn_login' is clickable

2020-01-08 12:55:46 - [TEST_STEP][PASSED] - click(findTestObject("Object Repository/object_login/btn_login")): Object: 'Object Repository/object_login/btn_login' is clicked on

2020-01-08 12:55:47 - [MESSAGE][PASSED] - Object: 'Object Repository/object_login/btn_login' is clicked on

2020-01-08 12:55:47 - [TEST_STEP][PASSED] - delay(2): Delayed 2 second(s)

2020-01-08 12:55:49 - [MESSAGE][PASSED] - Delayed 2 second(s)

2020-01-08 12:55:49 - [TEST_STEP][PASSED] - setText(findTestObject("Object Repository/object_dashboard_emp/input_search"), var_parent): Text 'leongarzagarza@hotmail.com' is set on object 'Object Repository/object_dashboard_emp/input_search'

2020-01-08 12:55:50 - [MESSAGE][PASSED] - Text 'leongarzagarza@hotmail.com' is set on object 'Object Repository/object_dashboard_emp/input_search'

2020-01-08 12:55:50 - [TEST_STEP][PASSED] - click(findTestObject("Object Repository/object_dashboard_emp/btn_accountSearch")): Object: 'Object Repository/object_dashboard_emp/btn_accountSearch' is clicked on

2020-01-08 12:55:50 - [MESSAGE][PASSED] - Object: 'Object Repository/object_dashboard_emp/btn_accountSearch' is clicked on

2020-01-08 12:55:50 - [TEST_STEP][PASSED] - delay(2): Delayed 2 second(s)

2020-01-08 12:55:52 - [MESSAGE][PASSED] - Delayed 2 second(s)

2020-01-08 12:55:52 - [TEST_STEP][PASSED] - click(findTestObject("Object Repository/object_accountInformation/a_TEST GABRIEL PROD")): Object: 'Object Repository/object_accountInformation/a_TEST GABRIEL PROD' is clicked on

2020-01-08 12:55:53 - [MESSAGE][PASSED] - Object: 'Object Repository/object_accountInformation/a_TEST GABRIEL PROD' is clicked on

2020-01-08 12:55:53 - [TEST_STEP][PASSED] - delay(2): Delayed 2 second(s)

2020-01-08 12:55:55 - [MESSAGE][PASSED] - Delayed 2 second(s)

2020-01-08 12:55:55 - [TEST_STEP][PASSED] - click(findTestObject("object_invoce/btn_createInvoice")): Object: 'Object Repository/object_invoce/btn_createInvoice' is clicked on

2020-01-08 12:55:57 - [MESSAGE][PASSED] - Object: 'Object Repository/object_invoce/btn_createInvoice' is clicked on

2020-01-08 12:55:57 - [TEST_STEP][PASSED] - delay(3): Delayed 3 second(s)

2020-01-08 12:56:00 - [MESSAGE][PASSED] - Delayed 3 second(s)

2020-01-08 12:56:00 - [TEST_STEP][PASSED] - if (arryPets.size() == 1): Delayed 4 second(s)

2020-01-08 12:56:00 - [TEST_STEP][PASSED] - click(findTestObject("object_invoce/new_invoice/new_invoice_sub/btn_AddLineItem")): Object: 'Object Repository/object_invoce/new_invoice/new_invoice_sub/btn_AddLineItem' is clicked on

2020-01-08 12:56:01 - [MESSAGE][PASSED] - Object: 'Object Repository/object_invoce/new_invoice/new_invoice_sub/btn_AddLineItem' is clicked on

2020-01-08 12:56:01 - [TEST_STEP][PASSED] - delay(3): Delayed 3 second(s)

2020-01-08 12:56:04 - [MESSAGE][PASSED] - Delayed 3 second(s)

2020-01-08 12:56:04 - [TEST_STEP][PASSED] - click(findTestObject("object_invoce/new_invoice/new_invoice_sub/a_Taxes ()_select2-choice_1")): Object: 'Object Repository/object_invoce/new_invoice/new_invoice_sub/a_Taxes ()_select2-choice_1' is clicked on

2020-01-08 12:56:04 - [MESSAGE][PASSED] - Object: 'Object Repository/object_invoce/new_invoice/new_invoice_sub/a_Taxes ()_select2-choice_1' is clicked on

2020-01-08 12:56:04 - [TEST_STEP][PASSED] - delay(3): Delayed 3 second(s)

2020-01-08 12:56:07 - [MESSAGE][PASSED] - Delayed 3 second(s)

2020-01-08 12:56:07 - [TEST_STEP][PASSED] - click(findTestObject("object_invoce/new_invoice/new_invoice_sub/div_Zeus")): Object: 'Object Repository/object_invoce/new_invoice/new_invoice_sub/div_Zeus' is clicked on

2020-01-08 12:56:07 - [MESSAGE][PASSED] - Object: 'Object Repository/object_invoce/new_invoice/new_invoice_sub/div_Zeus' is clicked on

2020-01-08 12:56:07 - [TEST_STEP][NOT_RUN] - click(findTestObject("object_invoce/new_invoice/new_invoice_sub/b")): NOT_RUN: click(findTestObject("object_invoce/new_invoice/new_invoice_sub/b"))

2020-01-08 12:56:07 - [MESSAGE][NOT_RUN] - NOT_RUN: click(findTestObject("object_invoce/new_invoice/new_invoice_sub/b"))

2020-01-08 12:56:07 - [TEST_STEP][NOT_RUN] - click(findTestObject("object_invoce/new_invoice/new_invoice_sub/select_BOARDING_SUITEDAYCARE_SUITESPA_SUITE")): NOT_RUN: click(findTestObject("object_invoce/new_invoice/new_invoice_sub/select_BOARDING_SUITEDAYCARE_SUITESPA_SUITE"))

2020-01-08 12:56:07 - [MESSAGE][NOT_RUN] - NOT_RUN: click(findTestObject("object_invoce/new_invoice/new_invoice_sub/select_BOARDING_SUITEDAYCARE_SUITESPA_SUITE"))

2020-01-08 12:56:07 - [TEST_STEP][PASSED] - delay(3): Delayed 3 second(s)

2020-01-08 12:56:10 - [MESSAGE][PASSED] - Delayed 3 second(s)

2020-01-08 12:56:10 - [TEST_STEP][PASSED] - if (var_type == "BOARDING_SUITE"): null

2020-01-08 12:56:10 - [TEST_STEP][PASSED] - if (var_type == "DAYCARE_SUITE"): Object: 'Object Repository/object_invoce/new_invoice_ok_1/select_day' is clicked on

2020-01-08 12:56:10 - [TEST_STEP][PASSED] - click(findTestObject("object_invoce/new_invoice_ok_1/select_day"), STOP_ON_FAILURE): Object: 'Object Repository/object_invoce/new_invoice_ok_1/select_day' is clicked on

2020-01-08 12:56:11 - [MESSAGE][PASSED] - Object: 'Object Repository/object_invoce/new_invoice_ok_1/select_day' is clicked on

2020-01-08 12:56:11 - [TEST_STEP][PASSED] - if (var_type == "PACKAGE"): null

2020-01-08 12:56:11 - [TEST_STEP][PASSED] - delay(4): Delayed 4 second(s)

2020-01-08 12:56:15 - [MESSAGE][PASSED] - Delayed 4 second(s)

2020-01-08 12:56:15 - [TEST_STEP][PASSED] - sendKeys(findTestObject("object_invoce/new_invoice/new_invoice_sub/input_Taxes_Item_1"), var_item): Keys 'Half Day of Daycare' sent to object: 'Object Repository/object_invoce/new_invoice/new_invoice_sub/input_Taxes_Item_1'

2020-01-08 12:56:15 - [MESSAGE][PASSED] - Keys 'Half Day of Daycare' sent to object: 'Object Repository/object_invoce/new_invoice/new_invoice_sub/input_Taxes_Item_1'

2020-01-08 12:56:15 - [TEST_STEP][PASSED] - delay(4): Delayed 4 second(s)

2020-01-08 12:56:19 - [MESSAGE][PASSED] - Delayed 4 second(s)

2020-01-08 12:56:19 - [TEST_STEP][PASSED] - sendKeys(findTestObject("object_invoce/new_invoice/new_invoice_sub/input_Taxes_Item_1"), Keys.chord(ENTER)): Keys 'ENTER + ' sent to object: 'Object Repository/object_invoce/new_invoice/new_invoice_sub/input_Taxes_Item_1'

2020-01-08 12:56:20 - [MESSAGE][PASSED] - Keys 'ENTER + ' sent to object: 'Object Repository/object_invoce/new_invoice/new_invoice_sub/input_Taxes_Item_1'

2020-01-08 12:56:20 - [TEST_STEP][PASSED] - delay(4): Delayed 4 second(s)

2020-01-08 12:56:24 - [MESSAGE][PASSED] - Delayed 4 second(s)

2020-01-08 12:56:24 - [TEST_STEP][PASSED] - click(findTestObject("object_invoce/new_invoice/new_invoice_sub/button_Save_Taxe")): Object: 'Object Repository/object_invoce/new_invoice/new_invoice_sub/button_Save_Taxe' is clicked on

2020-01-08 12:56:27 - [MESSAGE][PASSED] - Object: 'Object Repository/object_invoce/new_invoice/new_invoice_sub/button_Save_Taxe' is clicked on

2020-01-08 12:56:27 - [TEST_STEP][PASSED] - delay(4): Delayed 4 second(s)

2020-01-08 12:56:31 - [MESSAGE][PASSED] - Delayed 4 second(s)

2020-01-08 12:56:31 - [TEST_STEP][PASSED] - if (arryPets.size() == 2): null

2020-01-08 12:56:31 - [TEST_STEP][PASSED] - if (arryPets.size() == 3): null

2020-01-08 12:56:31 - [TEST_STEP][PASSED] - delay(2): Delayed 2 second(s)

2020-01-08 12:56:33 - [MESSAGE][PASSED] - Delayed 2 second(s)

2020-01-08 12:56:33 - [TEST_STEP][PASSED] - var_url = getUrl(): Current window's url is: 'https://p4p-qa-bg.aws.paradise4paws.com/dashboard/'

2020-01-08 12:56:33 - [MESSAGE][PASSED] - Current window's url is: 'https://p4p-qa-bg.aws.paradise4paws.com/dashboard/'

2020-01-08 12:56:33 - [TEST_STEP][PASSED] - arrayUrl = var_url.split("/"): null

2020-01-08 12:56:33 - [TEST_STEP][PASSED] - delay(2): Delayed 2 second(s)

2020-01-08 12:56:35 - [MESSAGE][PASSED] - Delayed 2 second(s)

2020-01-08 12:56:35 - [TEST_STEP][PASSED] - cell = rowInv.createCell(9, 0): null

2020-01-08 12:56:35 - [TEST_STEP][PASSED] - cell.setCellType(CELL_TYPE_STRING): null

2020-01-08 12:56:35 - [TEST_STEP][PASSED] - cell.setCellValue(arrayUrl[8]): null]]></system-out>
         <system-err><![CDATA[2020-01-08 12:55:40 - [TEST_CASE][ERROR] - Test Cases/p4p_createInvoce_ok_spy: Test Cases/p4p_createInvoce_ok_spy FAILED.
Reason:
java.lang.ArrayIndexOutOfBoundsException: 8
	at p4p_createInvoce_ok_spy.run(p4p_createInvoce_ok_spy:304)
	at com.kms.katalon.core.main.ScriptEngine.run(ScriptEngine.java:194)
	at com.kms.katalon.core.main.ScriptEngine.runScriptAsRawText(ScriptEngine.java:119)
	at com.kms.katalon.core.main.TestCaseExecutor.runScript(TestCaseExecutor.java:337)
	at com.kms.katalon.core.main.TestCaseExecutor.doExecute(TestCaseExecutor.java:328)
	at com.kms.katalon.core.main.TestCaseExecutor.processExecutionPhase(TestCaseExecutor.java:307)
	at com.kms.katalon.core.main.TestCaseExecutor.accessMainPhase(TestCaseExecutor.java:299)
	at com.kms.katalon.core.main.TestCaseExecutor.execute(TestCaseExecutor.java:233)
	at com.kms.katalon.core.main.TestSuiteExecutor.accessTestCaseMainPhase(TestSuiteExecutor.java:169)
	at com.kms.katalon.core.main.TestSuiteExecutor.accessTestSuiteMainPhase(TestSuiteExecutor.java:142)
	at com.kms.katalon.core.main.TestSuiteExecutor.execute(TestSuiteExecutor.java:91)
	at com.kms.katalon.core.main.TestCaseMain.startTestSuite(TestCaseMain.java:157)
	at com.kms.katalon.core.main.TestCaseMain$startTestSuite$0.call(Unknown Source)
	at TempTestSuite1578509679797.run(TempTestSuite1578509679797.groovy:36)]]></system-err>
      </testcase>
      <testcase name="Test Cases/p4p_createInvoce_ok_spy" time="55.204" classname="Test Cases/p4p_createInvoce_ok_spy" status="ERROR">
         <error type="ERROR" message="Test Cases/p4p_createInvoce_ok_spy FAILED.
Reason:
java.lang.ArrayIndexOutOfBoundsException: 8
	at p4p_createInvoce_ok_spy.run(p4p_createInvoce_ok_spy:304)
	at com.kms.katalon.core.main.ScriptEngine.run(ScriptEngine.java:194)
	at com.kms.katalon.core.main.ScriptEngine.runScriptAsRawText(ScriptEngine.java:119)
	at com.kms.katalon.core.main.TestCaseExecutor.runScript(TestCaseExecutor.java:337)
	at com.kms.katalon.core.main.TestCaseExecutor.doExecute(TestCaseExecutor.java:328)
	at com.kms.katalon.core.main.TestCaseExecutor.processExecutionPhase(TestCaseExecutor.java:307)
	at com.kms.katalon.core.main.TestCaseExecutor.accessMainPhase(TestCaseExecutor.java:299)
	at com.kms.katalon.core.main.TestCaseExecutor.execute(TestCaseExecutor.java:233)
	at com.kms.katalon.core.main.TestSuiteExecutor.accessTestCaseMainPhase(TestSuiteExecutor.java:169)
	at com.kms.katalon.core.main.TestSuiteExecutor.accessTestSuiteMainPhase(TestSuiteExecutor.java:142)
	at com.kms.katalon.core.main.TestSuiteExecutor.execute(TestSuiteExecutor.java:91)
	at com.kms.katalon.core.main.TestCaseMain.startTestSuite(TestCaseMain.java:157)
	at com.kms.katalon.core.main.TestCaseMain$startTestSuite$0.call(Unknown Source)
	at TempTestSuite1578509679797.run(TempTestSuite1578509679797.groovy:36)
"/>
         <system-out><![CDATA[2020-01-08 12:56:35 - [TEST_CASE][ERROR] - Test Cases/p4p_createInvoce_ok_spy: Test Cases/p4p_createInvoce_ok_spy FAILED.
Reason:
java.lang.ArrayIndexOutOfBoundsException: 8
	at p4p_createInvoce_ok_spy.run(p4p_createInvoce_ok_spy:304)
	at com.kms.katalon.core.main.ScriptEngine.run(ScriptEngine.java:194)
	at com.kms.katalon.core.main.ScriptEngine.runScriptAsRawText(ScriptEngine.java:119)
	at com.kms.katalon.core.main.TestCaseExecutor.runScript(TestCaseExecutor.java:337)
	at com.kms.katalon.core.main.TestCaseExecutor.doExecute(TestCaseExecutor.java:328)
	at com.kms.katalon.core.main.TestCaseExecutor.processExecutionPhase(TestCaseExecutor.java:307)
	at com.kms.katalon.core.main.TestCaseExecutor.accessMainPhase(TestCaseExecutor.java:299)
	at com.kms.katalon.core.main.TestCaseExecutor.execute(TestCaseExecutor.java:233)
	at com.kms.katalon.core.main.TestSuiteExecutor.accessTestCaseMainPhase(TestSuiteExecutor.java:169)
	at com.kms.katalon.core.main.TestSuiteExecutor.accessTestSuiteMainPhase(TestSuiteExecutor.java:142)
	at com.kms.katalon.core.main.TestSuiteExecutor.execute(TestSuiteExecutor.java:91)
	at com.kms.katalon.core.main.TestCaseMain.startTestSuite(TestCaseMain.java:157)
	at com.kms.katalon.core.main.TestCaseMain$startTestSuite$0.call(Unknown Source)
	at TempTestSuite1578509679797.run(TempTestSuite1578509679797.groovy:36)


2020-01-08 12:56:35 - [TEST_STEP][PASSED] - openBrowser("https://p4p-qa-bg.aws.paradise4paws.com/login/"): Browser is opened with url: 'https://p4p-qa-bg.aws.paradise4paws.com/login/'

2020-01-08 12:56:35 - [MESSAGE][WARNING] - A browser is already opened. Closing browser and opening a new one

2020-01-08 12:56:35 - [MESSAGE][INFO] - Starting 'Chrome' driver

2020-01-08 12:56:38 - [MESSAGE][PASSED] - Browser is opened with url: 'https://p4p-qa-bg.aws.paradise4paws.com/login/'

2020-01-08 12:56:38 - [TEST_STEP][PASSED] - arryPets = var_pets.split(","): null

2020-01-08 12:56:38 - [TEST_STEP][PASSED] - flagBoar = "0": null

2020-01-08 12:56:38 - [TEST_STEP][PASSED] - log = new com.kms.katalon.core.logging.KeywordLogger(): null

2020-01-08 12:56:38 - [TEST_STEP][PASSED] - fisInv = new java.io.FileInputStream(/home/leonardo-arkusmty/Desktop/P4P/DATA_AUTOMATINTESTING/data_3createInvoice.xlsx): null

2020-01-08 12:56:38 - [TEST_STEP][PASSED] - fisPay = new java.io.FileInputStream(/home/leonardo-arkusmty/Desktop/P4P/DATA_AUTOMATINTESTING/data_4payment.xlsx): null

2020-01-08 12:56:38 - [TEST_STEP][PASSED] - workbookInv = new org.apache.poi.xssf.usermodel.XSSFWorkbook(fisInv): null

2020-01-08 12:56:38 - [TEST_STEP][PASSED] - workbookPay = new org.apache.poi.xssf.usermodel.XSSFWorkbook(fisPay): null

2020-01-08 12:56:38 - [TEST_STEP][PASSED] - sheetInv = workbookInv.getSheet("Sheet1"): null

2020-01-08 12:56:38 - [TEST_STEP][PASSED] - sheetPay = workbookPay.getSheet("Sheet1"): null

2020-01-08 12:56:38 - [TEST_STEP][PASSED] - var = Integer.parseInt(var_idRowRes): null

2020-01-08 12:56:38 - [TEST_STEP][PASSED] - rowInv = sheetInv.getRow(var): null

2020-01-08 12:56:38 - [TEST_STEP][PASSED] - rowPay = sheetPay.getRow(var): null

2020-01-08 12:56:38 - [TEST_STEP][PASSED] - today = new java.util.Date(): null

2020-01-08 12:56:38 - [TEST_STEP][PASSED] - todaysDate1 = today.format("mmm/dd/yy"): null

2020-01-08 12:56:38 - [TEST_STEP][PASSED] - todaysDate2 = today.format("dd/mm/yy"): null

2020-01-08 12:56:38 - [TEST_STEP][PASSED] - todaysDate3 = today.format("dd"): null

2020-01-08 12:56:38 - [TEST_STEP][PASSED] - nowTime = today.format("hhmm"): null

2020-01-08 12:56:38 - [TEST_STEP][PASSED] - setText(findTestObject("Object Repository/object_login/input_user"), var_user): Text 'jegchavez@gmail.com' is set on object 'Object Repository/object_login/input_user'

2020-01-08 12:56:38 - [MESSAGE][PASSED] - Text 'jegchavez@gmail.com' is set on object 'Object Repository/object_login/input_user'

2020-01-08 12:56:38 - [TEST_STEP][PASSED] - setText(findTestObject("Object Repository/object_login/input_pass"), var_pass): Text 'admin1' is set on object 'Object Repository/object_login/input_pass'

2020-01-08 12:56:39 - [MESSAGE][PASSED] - Text 'admin1' is set on object 'Object Repository/object_login/input_pass'

2020-01-08 12:56:39 - [TEST_STEP][PASSED] - delay(2): Delayed 2 second(s)

2020-01-08 12:56:41 - [MESSAGE][PASSED] - Delayed 2 second(s)

2020-01-08 12:56:41 - [TEST_STEP][PASSED] - verifyElementClickable(findTestObject("Object Repository/object_login/btn_login")): Object 'Object Repository/object_login/btn_login' is clickable

2020-01-08 12:56:41 - [MESSAGE][PASSED] - Object 'Object Repository/object_login/btn_login' is clickable

2020-01-08 12:56:41 - [TEST_STEP][PASSED] - click(findTestObject("Object Repository/object_login/btn_login")): Object: 'Object Repository/object_login/btn_login' is clicked on

2020-01-08 12:56:42 - [MESSAGE][PASSED] - Object: 'Object Repository/object_login/btn_login' is clicked on

2020-01-08 12:56:42 - [TEST_STEP][PASSED] - delay(2): Delayed 2 second(s)

2020-01-08 12:56:44 - [MESSAGE][PASSED] - Delayed 2 second(s)

2020-01-08 12:56:44 - [TEST_STEP][PASSED] - setText(findTestObject("Object Repository/object_dashboard_emp/input_search"), var_parent): Text 'leongarzagarza@hotmail.com' is set on object 'Object Repository/object_dashboard_emp/input_search'

2020-01-08 12:56:45 - [MESSAGE][PASSED] - Text 'leongarzagarza@hotmail.com' is set on object 'Object Repository/object_dashboard_emp/input_search'

2020-01-08 12:56:45 - [TEST_STEP][PASSED] - click(findTestObject("Object Repository/object_dashboard_emp/btn_accountSearch")): Object: 'Object Repository/object_dashboard_emp/btn_accountSearch' is clicked on

2020-01-08 12:56:46 - [MESSAGE][PASSED] - Object: 'Object Repository/object_dashboard_emp/btn_accountSearch' is clicked on

2020-01-08 12:56:46 - [TEST_STEP][PASSED] - delay(2): Delayed 2 second(s)

2020-01-08 12:56:48 - [MESSAGE][PASSED] - Delayed 2 second(s)

2020-01-08 12:56:48 - [TEST_STEP][PASSED] - click(findTestObject("Object Repository/object_accountInformation/a_TEST GABRIEL PROD")): Object: 'Object Repository/object_accountInformation/a_TEST GABRIEL PROD' is clicked on

2020-01-08 12:56:49 - [MESSAGE][PASSED] - Object: 'Object Repository/object_accountInformation/a_TEST GABRIEL PROD' is clicked on

2020-01-08 12:56:49 - [TEST_STEP][PASSED] - delay(2): Delayed 2 second(s)

2020-01-08 12:56:51 - [MESSAGE][PASSED] - Delayed 2 second(s)

2020-01-08 12:56:51 - [TEST_STEP][PASSED] - click(findTestObject("object_invoce/btn_createInvoice")): Object: 'Object Repository/object_invoce/btn_createInvoice' is clicked on

2020-01-08 12:56:53 - [MESSAGE][PASSED] - Object: 'Object Repository/object_invoce/btn_createInvoice' is clicked on

2020-01-08 12:56:53 - [TEST_STEP][PASSED] - delay(3): Delayed 3 second(s)

2020-01-08 12:56:56 - [MESSAGE][PASSED] - Delayed 3 second(s)

2020-01-08 12:56:56 - [TEST_STEP][PASSED] - if (arryPets.size() == 1): Delayed 4 second(s)

2020-01-08 12:56:56 - [TEST_STEP][PASSED] - click(findTestObject("object_invoce/new_invoice/new_invoice_sub/btn_AddLineItem")): Object: 'Object Repository/object_invoce/new_invoice/new_invoice_sub/btn_AddLineItem' is clicked on

2020-01-08 12:56:56 - [MESSAGE][PASSED] - Object: 'Object Repository/object_invoce/new_invoice/new_invoice_sub/btn_AddLineItem' is clicked on

2020-01-08 12:56:56 - [TEST_STEP][PASSED] - delay(3): Delayed 3 second(s)

2020-01-08 12:56:59 - [MESSAGE][PASSED] - Delayed 3 second(s)

2020-01-08 12:56:59 - [TEST_STEP][PASSED] - click(findTestObject("object_invoce/new_invoice/new_invoice_sub/a_Taxes ()_select2-choice_1")): Object: 'Object Repository/object_invoce/new_invoice/new_invoice_sub/a_Taxes ()_select2-choice_1' is clicked on

2020-01-08 12:56:59 - [MESSAGE][PASSED] - Object: 'Object Repository/object_invoce/new_invoice/new_invoice_sub/a_Taxes ()_select2-choice_1' is clicked on

2020-01-08 12:56:59 - [TEST_STEP][PASSED] - delay(3): Delayed 3 second(s)

2020-01-08 12:57:02 - [MESSAGE][PASSED] - Delayed 3 second(s)

2020-01-08 12:57:02 - [TEST_STEP][PASSED] - click(findTestObject("object_invoce/new_invoice/new_invoice_sub/div_Zeus")): Object: 'Object Repository/object_invoce/new_invoice/new_invoice_sub/div_Zeus' is clicked on

2020-01-08 12:57:03 - [MESSAGE][PASSED] - Object: 'Object Repository/object_invoce/new_invoice/new_invoice_sub/div_Zeus' is clicked on

2020-01-08 12:57:03 - [TEST_STEP][NOT_RUN] - click(findTestObject("object_invoce/new_invoice/new_invoice_sub/b")): NOT_RUN: click(findTestObject("object_invoce/new_invoice/new_invoice_sub/b"))

2020-01-08 12:57:03 - [MESSAGE][NOT_RUN] - NOT_RUN: click(findTestObject("object_invoce/new_invoice/new_invoice_sub/b"))

2020-01-08 12:57:03 - [TEST_STEP][NOT_RUN] - click(findTestObject("object_invoce/new_invoice/new_invoice_sub/select_BOARDING_SUITEDAYCARE_SUITESPA_SUITE")): NOT_RUN: click(findTestObject("object_invoce/new_invoice/new_invoice_sub/select_BOARDING_SUITEDAYCARE_SUITESPA_SUITE"))

2020-01-08 12:57:03 - [MESSAGE][NOT_RUN] - NOT_RUN: click(findTestObject("object_invoce/new_invoice/new_invoice_sub/select_BOARDING_SUITEDAYCARE_SUITESPA_SUITE"))

2020-01-08 12:57:03 - [TEST_STEP][PASSED] - delay(3): Delayed 3 second(s)

2020-01-08 12:57:06 - [MESSAGE][PASSED] - Delayed 3 second(s)

2020-01-08 12:57:06 - [TEST_STEP][PASSED] - if (var_type == "BOARDING_SUITE"): null

2020-01-08 12:57:06 - [TEST_STEP][PASSED] - if (var_type == "DAYCARE_SUITE"): null

2020-01-08 12:57:06 - [TEST_STEP][PASSED] - if (var_type == "PACKAGE"): Object: 'Object Repository/object_invoce/new_invoice_ok_1/select_package' is clicked on

2020-01-08 12:57:06 - [TEST_STEP][PASSED] - click(findTestObject("object_invoce/new_invoice_ok_1/select_package"), STOP_ON_FAILURE): Object: 'Object Repository/object_invoce/new_invoice_ok_1/select_package' is clicked on

2020-01-08 12:57:06 - [MESSAGE][PASSED] - Object: 'Object Repository/object_invoce/new_invoice_ok_1/select_package' is clicked on

2020-01-08 12:57:06 - [TEST_STEP][PASSED] - delay(4): Delayed 4 second(s)

2020-01-08 12:57:10 - [MESSAGE][PASSED] - Delayed 4 second(s)

2020-01-08 12:57:10 - [TEST_STEP][PASSED] - sendKeys(findTestObject("object_invoce/new_invoice/new_invoice_sub/input_Taxes_Item_1"), var_item): Keys 'M2M Monthly Membership' sent to object: 'Object Repository/object_invoce/new_invoice/new_invoice_sub/input_Taxes_Item_1'

2020-01-08 12:57:11 - [MESSAGE][PASSED] - Keys 'M2M Monthly Membership' sent to object: 'Object Repository/object_invoce/new_invoice/new_invoice_sub/input_Taxes_Item_1'

2020-01-08 12:57:11 - [TEST_STEP][PASSED] - delay(4): Delayed 4 second(s)

2020-01-08 12:57:15 - [MESSAGE][PASSED] - Delayed 4 second(s)

2020-01-08 12:57:15 - [TEST_STEP][PASSED] - sendKeys(findTestObject("object_invoce/new_invoice/new_invoice_sub/input_Taxes_Item_1"), Keys.chord(ENTER)): Keys 'ENTER + ' sent to object: 'Object Repository/object_invoce/new_invoice/new_invoice_sub/input_Taxes_Item_1'

2020-01-08 12:57:15 - [MESSAGE][PASSED] - Keys 'ENTER + ' sent to object: 'Object Repository/object_invoce/new_invoice/new_invoice_sub/input_Taxes_Item_1'

2020-01-08 12:57:15 - [TEST_STEP][PASSED] - delay(4): Delayed 4 second(s)

2020-01-08 12:57:19 - [MESSAGE][PASSED] - Delayed 4 second(s)

2020-01-08 12:57:19 - [TEST_STEP][PASSED] - click(findTestObject("object_invoce/new_invoice/new_invoice_sub/button_Save_Taxe")): Object: 'Object Repository/object_invoce/new_invoice/new_invoice_sub/button_Save_Taxe' is clicked on

2020-01-08 12:57:22 - [MESSAGE][PASSED] - Object: 'Object Repository/object_invoce/new_invoice/new_invoice_sub/button_Save_Taxe' is clicked on

2020-01-08 12:57:22 - [TEST_STEP][PASSED] - delay(4): Delayed 4 second(s)

2020-01-08 12:57:26 - [MESSAGE][PASSED] - Delayed 4 second(s)

2020-01-08 12:57:26 - [TEST_STEP][PASSED] - if (arryPets.size() == 2): null

2020-01-08 12:57:26 - [TEST_STEP][PASSED] - if (arryPets.size() == 3): null

2020-01-08 12:57:26 - [TEST_STEP][PASSED] - delay(2): Delayed 2 second(s)

2020-01-08 12:57:28 - [MESSAGE][PASSED] - Delayed 2 second(s)

2020-01-08 12:57:28 - [TEST_STEP][PASSED] - var_url = getUrl(): Current window's url is: 'https://p4p-qa-bg.aws.paradise4paws.com/dashboard/'

2020-01-08 12:57:28 - [MESSAGE][PASSED] - Current window's url is: 'https://p4p-qa-bg.aws.paradise4paws.com/dashboard/'

2020-01-08 12:57:28 - [TEST_STEP][PASSED] - arrayUrl = var_url.split("/"): null

2020-01-08 12:57:28 - [TEST_STEP][PASSED] - delay(2): Delayed 2 second(s)

2020-01-08 12:57:30 - [MESSAGE][PASSED] - Delayed 2 second(s)

2020-01-08 12:57:30 - [TEST_STEP][PASSED] - cell = rowInv.createCell(9, 0): null

2020-01-08 12:57:30 - [TEST_STEP][PASSED] - cell.setCellType(CELL_TYPE_STRING): null

2020-01-08 12:57:30 - [TEST_STEP][PASSED] - cell.setCellValue(arrayUrl[8]): null]]></system-out>
         <system-err><![CDATA[2020-01-08 12:56:35 - [TEST_CASE][ERROR] - Test Cases/p4p_createInvoce_ok_spy: Test Cases/p4p_createInvoce_ok_spy FAILED.
Reason:
java.lang.ArrayIndexOutOfBoundsException: 8
	at p4p_createInvoce_ok_spy.run(p4p_createInvoce_ok_spy:304)
	at com.kms.katalon.core.main.ScriptEngine.run(ScriptEngine.java:194)
	at com.kms.katalon.core.main.ScriptEngine.runScriptAsRawText(ScriptEngine.java:119)
	at com.kms.katalon.core.main.TestCaseExecutor.runScript(TestCaseExecutor.java:337)
	at com.kms.katalon.core.main.TestCaseExecutor.doExecute(TestCaseExecutor.java:328)
	at com.kms.katalon.core.main.TestCaseExecutor.processExecutionPhase(TestCaseExecutor.java:307)
	at com.kms.katalon.core.main.TestCaseExecutor.accessMainPhase(TestCaseExecutor.java:299)
	at com.kms.katalon.core.main.TestCaseExecutor.execute(TestCaseExecutor.java:233)
	at com.kms.katalon.core.main.TestSuiteExecutor.accessTestCaseMainPhase(TestSuiteExecutor.java:169)
	at com.kms.katalon.core.main.TestSuiteExecutor.accessTestSuiteMainPhase(TestSuiteExecutor.java:142)
	at com.kms.katalon.core.main.TestSuiteExecutor.execute(TestSuiteExecutor.java:91)
	at com.kms.katalon.core.main.TestCaseMain.startTestSuite(TestCaseMain.java:157)
	at com.kms.katalon.core.main.TestCaseMain$startTestSuite$0.call(Unknown Source)
	at TempTestSuite1578509679797.run(TempTestSuite1578509679797.groovy:36)]]></system-err>
      </testcase>
      <testcase name="Test Cases/p4p_createInvoce_ok_spy" time="78.607" classname="Test Cases/p4p_createInvoce_ok_spy" status="ERROR">
         <error type="ERROR" message="Test Cases/p4p_createInvoce_ok_spy FAILED.
Reason:
java.lang.ArrayIndexOutOfBoundsException: 8
	at p4p_createInvoce_ok_spy.run(p4p_createInvoce_ok_spy:304)
	at com.kms.katalon.core.main.ScriptEngine.run(ScriptEngine.java:194)
	at com.kms.katalon.core.main.ScriptEngine.runScriptAsRawText(ScriptEngine.java:119)
	at com.kms.katalon.core.main.TestCaseExecutor.runScript(TestCaseExecutor.java:337)
	at com.kms.katalon.core.main.TestCaseExecutor.doExecute(TestCaseExecutor.java:328)
	at com.kms.katalon.core.main.TestCaseExecutor.processExecutionPhase(TestCaseExecutor.java:307)
	at com.kms.katalon.core.main.TestCaseExecutor.accessMainPhase(TestCaseExecutor.java:299)
	at com.kms.katalon.core.main.TestCaseExecutor.execute(TestCaseExecutor.java:233)
	at com.kms.katalon.core.main.TestSuiteExecutor.accessTestCaseMainPhase(TestSuiteExecutor.java:169)
	at com.kms.katalon.core.main.TestSuiteExecutor.accessTestSuiteMainPhase(TestSuiteExecutor.java:142)
	at com.kms.katalon.core.main.TestSuiteExecutor.execute(TestSuiteExecutor.java:91)
	at com.kms.katalon.core.main.TestCaseMain.startTestSuite(TestCaseMain.java:157)
	at com.kms.katalon.core.main.TestCaseMain$startTestSuite$0.call(Unknown Source)
	at TempTestSuite1578509679797.run(TempTestSuite1578509679797.groovy:36)
"/>
         <system-out><![CDATA[2020-01-08 12:57:31 - [TEST_CASE][ERROR] - Test Cases/p4p_createInvoce_ok_spy: Test Cases/p4p_createInvoce_ok_spy FAILED.
Reason:
java.lang.ArrayIndexOutOfBoundsException: 8
	at p4p_createInvoce_ok_spy.run(p4p_createInvoce_ok_spy:304)
	at com.kms.katalon.core.main.ScriptEngine.run(ScriptEngine.java:194)
	at com.kms.katalon.core.main.ScriptEngine.runScriptAsRawText(ScriptEngine.java:119)
	at com.kms.katalon.core.main.TestCaseExecutor.runScript(TestCaseExecutor.java:337)
	at com.kms.katalon.core.main.TestCaseExecutor.doExecute(TestCaseExecutor.java:328)
	at com.kms.katalon.core.main.TestCaseExecutor.processExecutionPhase(TestCaseExecutor.java:307)
	at com.kms.katalon.core.main.TestCaseExecutor.accessMainPhase(TestCaseExecutor.java:299)
	at com.kms.katalon.core.main.TestCaseExecutor.execute(TestCaseExecutor.java:233)
	at com.kms.katalon.core.main.TestSuiteExecutor.accessTestCaseMainPhase(TestSuiteExecutor.java:169)
	at com.kms.katalon.core.main.TestSuiteExecutor.accessTestSuiteMainPhase(TestSuiteExecutor.java:142)
	at com.kms.katalon.core.main.TestSuiteExecutor.execute(TestSuiteExecutor.java:91)
	at com.kms.katalon.core.main.TestCaseMain.startTestSuite(TestCaseMain.java:157)
	at com.kms.katalon.core.main.TestCaseMain$startTestSuite$0.call(Unknown Source)
	at TempTestSuite1578509679797.run(TempTestSuite1578509679797.groovy:36)


2020-01-08 12:57:31 - [TEST_STEP][PASSED] - openBrowser("https://p4p-qa-bg.aws.paradise4paws.com/login/"): Browser is opened with url: 'https://p4p-qa-bg.aws.paradise4paws.com/login/'

2020-01-08 12:57:31 - [MESSAGE][WARNING] - A browser is already opened. Closing browser and opening a new one

2020-01-08 12:57:31 - [MESSAGE][INFO] - Starting 'Chrome' driver

2020-01-08 12:57:33 - [MESSAGE][PASSED] - Browser is opened with url: 'https://p4p-qa-bg.aws.paradise4paws.com/login/'

2020-01-08 12:57:33 - [TEST_STEP][PASSED] - arryPets = var_pets.split(","): null

2020-01-08 12:57:33 - [TEST_STEP][PASSED] - flagBoar = "0": null

2020-01-08 12:57:33 - [TEST_STEP][PASSED] - log = new com.kms.katalon.core.logging.KeywordLogger(): null

2020-01-08 12:57:33 - [TEST_STEP][PASSED] - fisInv = new java.io.FileInputStream(/home/leonardo-arkusmty/Desktop/P4P/DATA_AUTOMATINTESTING/data_3createInvoice.xlsx): null

2020-01-08 12:57:33 - [TEST_STEP][PASSED] - fisPay = new java.io.FileInputStream(/home/leonardo-arkusmty/Desktop/P4P/DATA_AUTOMATINTESTING/data_4payment.xlsx): null

2020-01-08 12:57:33 - [TEST_STEP][PASSED] - workbookInv = new org.apache.poi.xssf.usermodel.XSSFWorkbook(fisInv): null

2020-01-08 12:57:33 - [TEST_STEP][PASSED] - workbookPay = new org.apache.poi.xssf.usermodel.XSSFWorkbook(fisPay): null

2020-01-08 12:57:33 - [TEST_STEP][PASSED] - sheetInv = workbookInv.getSheet("Sheet1"): null

2020-01-08 12:57:33 - [TEST_STEP][PASSED] - sheetPay = workbookPay.getSheet("Sheet1"): null

2020-01-08 12:57:33 - [TEST_STEP][PASSED] - var = Integer.parseInt(var_idRowRes): null

2020-01-08 12:57:33 - [TEST_STEP][PASSED] - rowInv = sheetInv.getRow(var): null

2020-01-08 12:57:33 - [TEST_STEP][PASSED] - rowPay = sheetPay.getRow(var): null

2020-01-08 12:57:33 - [TEST_STEP][PASSED] - today = new java.util.Date(): null

2020-01-08 12:57:33 - [TEST_STEP][PASSED] - todaysDate1 = today.format("mmm/dd/yy"): null

2020-01-08 12:57:33 - [TEST_STEP][PASSED] - todaysDate2 = today.format("dd/mm/yy"): null

2020-01-08 12:57:33 - [TEST_STEP][PASSED] - todaysDate3 = today.format("dd"): null

2020-01-08 12:57:33 - [TEST_STEP][PASSED] - nowTime = today.format("hhmm"): null

2020-01-08 12:57:33 - [TEST_STEP][PASSED] - setText(findTestObject("Object Repository/object_login/input_user"), var_user): Text 'jegchavez@gmail.com' is set on object 'Object Repository/object_login/input_user'

2020-01-08 12:57:34 - [MESSAGE][PASSED] - Text 'jegchavez@gmail.com' is set on object 'Object Repository/object_login/input_user'

2020-01-08 12:57:34 - [TEST_STEP][PASSED] - setText(findTestObject("Object Repository/object_login/input_pass"), var_pass): Text 'admin1' is set on object 'Object Repository/object_login/input_pass'

2020-01-08 12:57:34 - [MESSAGE][PASSED] - Text 'admin1' is set on object 'Object Repository/object_login/input_pass'

2020-01-08 12:57:34 - [TEST_STEP][PASSED] - delay(2): Delayed 2 second(s)

2020-01-08 12:57:36 - [MESSAGE][PASSED] - Delayed 2 second(s)

2020-01-08 12:57:36 - [TEST_STEP][PASSED] - verifyElementClickable(findTestObject("Object Repository/object_login/btn_login")): Object 'Object Repository/object_login/btn_login' is clickable

2020-01-08 12:57:37 - [MESSAGE][PASSED] - Object 'Object Repository/object_login/btn_login' is clickable

2020-01-08 12:57:37 - [TEST_STEP][PASSED] - click(findTestObject("Object Repository/object_login/btn_login")): Object: 'Object Repository/object_login/btn_login' is clicked on

2020-01-08 12:57:38 - [MESSAGE][PASSED] - Object: 'Object Repository/object_login/btn_login' is clicked on

2020-01-08 12:57:38 - [TEST_STEP][PASSED] - delay(2): Delayed 2 second(s)

2020-01-08 12:57:40 - [MESSAGE][PASSED] - Delayed 2 second(s)

2020-01-08 12:57:40 - [TEST_STEP][PASSED] - setText(findTestObject("Object Repository/object_dashboard_emp/input_search"), var_parent): Text 'leongarzagarza@hotmail.com' is set on object 'Object Repository/object_dashboard_emp/input_search'

2020-01-08 12:57:40 - [MESSAGE][PASSED] - Text 'leongarzagarza@hotmail.com' is set on object 'Object Repository/object_dashboard_emp/input_search'

2020-01-08 12:57:40 - [TEST_STEP][PASSED] - click(findTestObject("Object Repository/object_dashboard_emp/btn_accountSearch")): Object: 'Object Repository/object_dashboard_emp/btn_accountSearch' is clicked on

2020-01-08 12:57:41 - [MESSAGE][PASSED] - Object: 'Object Repository/object_dashboard_emp/btn_accountSearch' is clicked on

2020-01-08 12:57:41 - [TEST_STEP][PASSED] - delay(2): Delayed 2 second(s)

2020-01-08 12:57:43 - [MESSAGE][PASSED] - Delayed 2 second(s)

2020-01-08 12:57:43 - [TEST_STEP][PASSED] - click(findTestObject("Object Repository/object_accountInformation/a_TEST GABRIEL PROD")): Object: 'Object Repository/object_accountInformation/a_TEST GABRIEL PROD' is clicked on

2020-01-08 12:57:44 - [MESSAGE][PASSED] - Object: 'Object Repository/object_accountInformation/a_TEST GABRIEL PROD' is clicked on

2020-01-08 12:57:44 - [TEST_STEP][PASSED] - delay(2): Delayed 2 second(s)

2020-01-08 12:57:46 - [MESSAGE][PASSED] - Delayed 2 second(s)

2020-01-08 12:57:46 - [TEST_STEP][PASSED] - click(findTestObject("object_invoce/btn_createInvoice")): Object: 'Object Repository/object_invoce/btn_createInvoice' is clicked on

2020-01-08 12:57:48 - [MESSAGE][PASSED] - Object: 'Object Repository/object_invoce/btn_createInvoice' is clicked on

2020-01-08 12:57:48 - [TEST_STEP][PASSED] - delay(3): Delayed 3 second(s)

2020-01-08 12:57:51 - [MESSAGE][PASSED] - Delayed 3 second(s)

2020-01-08 12:57:51 - [TEST_STEP][PASSED] - if (arryPets.size() == 1): null

2020-01-08 12:57:51 - [TEST_STEP][PASSED] - if (arryPets.size() == 2): Delayed 4 second(s)

2020-01-08 12:57:51 - [TEST_STEP][PASSED] - click(findTestObject("object_invoce/new_invoice/new_invoice_sub/btn_AddLineItem")): Object: 'Object Repository/object_invoce/new_invoice/new_invoice_sub/btn_AddLineItem' is clicked on

2020-01-08 12:57:51 - [MESSAGE][PASSED] - Object: 'Object Repository/object_invoce/new_invoice/new_invoice_sub/btn_AddLineItem' is clicked on

2020-01-08 12:57:51 - [TEST_STEP][PASSED] - delay(3): Delayed 3 second(s)

2020-01-08 12:57:54 - [MESSAGE][PASSED] - Delayed 3 second(s)

2020-01-08 12:57:54 - [TEST_STEP][PASSED] - click(findTestObject("object_invoce/new_invoice/new_invoice_sub/a_Taxes ()_select2-choice_1")): Object: 'Object Repository/object_invoce/new_invoice/new_invoice_sub/a_Taxes ()_select2-choice_1' is clicked on

2020-01-08 12:57:55 - [MESSAGE][PASSED] - Object: 'Object Repository/object_invoce/new_invoice/new_invoice_sub/a_Taxes ()_select2-choice_1' is clicked on

2020-01-08 12:57:55 - [TEST_STEP][PASSED] - delay(3): Delayed 3 second(s)

2020-01-08 12:57:58 - [MESSAGE][PASSED] - Delayed 3 second(s)

2020-01-08 12:57:58 - [TEST_STEP][PASSED] - click(findTestObject("object_invoce/new_invoice/new_invoice_sub/div_Zeus")): Object: 'Object Repository/object_invoce/new_invoice/new_invoice_sub/div_Zeus' is clicked on

2020-01-08 12:57:58 - [MESSAGE][PASSED] - Object: 'Object Repository/object_invoce/new_invoice/new_invoice_sub/div_Zeus' is clicked on

2020-01-08 12:57:58 - [TEST_STEP][NOT_RUN] - click(findTestObject("object_invoce/new_invoice/new_invoice_sub/b")): NOT_RUN: click(findTestObject("object_invoce/new_invoice/new_invoice_sub/b"))

2020-01-08 12:57:58 - [MESSAGE][NOT_RUN] - NOT_RUN: click(findTestObject("object_invoce/new_invoice/new_invoice_sub/b"))

2020-01-08 12:57:58 - [TEST_STEP][NOT_RUN] - click(findTestObject("object_invoce/new_invoice/new_invoice_sub/select_BOARDING_SUITEDAYCARE_SUITESPA_SUITE")): NOT_RUN: click(findTestObject("object_invoce/new_invoice/new_invoice_sub/select_BOARDING_SUITEDAYCARE_SUITESPA_SUITE"))

2020-01-08 12:57:58 - [MESSAGE][NOT_RUN] - NOT_RUN: click(findTestObject("object_invoce/new_invoice/new_invoice_sub/select_BOARDING_SUITEDAYCARE_SUITESPA_SUITE"))

2020-01-08 12:57:58 - [TEST_STEP][PASSED] - delay(3): Delayed 3 second(s)

2020-01-08 12:58:01 - [MESSAGE][PASSED] - Delayed 3 second(s)

2020-01-08 12:58:01 - [TEST_STEP][PASSED] - if (var_type == "BOARDING_SUITE"): Object: 'Object Repository/object_invoce/new_invoice_ok_1/select_boarding' is clicked on

2020-01-08 12:58:01 - [TEST_STEP][PASSED] - click(findTestObject("object_invoce/new_invoice_ok_1/select_boarding"), STOP_ON_FAILURE): Object: 'Object Repository/object_invoce/new_invoice_ok_1/select_boarding' is clicked on

2020-01-08 12:58:02 - [MESSAGE][PASSED] - Object: 'Object Repository/object_invoce/new_invoice_ok_1/select_boarding' is clicked on

2020-01-08 12:58:02 - [TEST_STEP][PASSED] - if (var_type == "DAYCARE_SUITE"): null

2020-01-08 12:58:02 - [TEST_STEP][PASSED] - if (var_type == "PACKAGE"): null

2020-01-08 12:58:02 - [TEST_STEP][PASSED] - delay(4): Delayed 4 second(s)

2020-01-08 12:58:06 - [MESSAGE][PASSED] - Delayed 4 second(s)

2020-01-08 12:58:06 - [TEST_STEP][PASSED] - sendKeys(findTestObject("object_invoce/new_invoice/new_invoice_sub/input_Taxes_Item_1"), var_item): Keys 'Oasis Suite' sent to object: 'Object Repository/object_invoce/new_invoice/new_invoice_sub/input_Taxes_Item_1'

2020-01-08 12:58:06 - [MESSAGE][PASSED] - Keys 'Oasis Suite' sent to object: 'Object Repository/object_invoce/new_invoice/new_invoice_sub/input_Taxes_Item_1'

2020-01-08 12:58:06 - [TEST_STEP][PASSED] - delay(4): Delayed 4 second(s)

2020-01-08 12:58:10 - [MESSAGE][PASSED] - Delayed 4 second(s)

2020-01-08 12:58:10 - [TEST_STEP][PASSED] - sendKeys(findTestObject("object_invoce/new_invoice/new_invoice_sub/input_Taxes_Item_1"), Keys.chord(ENTER)): Keys 'ENTER + ' sent to object: 'Object Repository/object_invoce/new_invoice/new_invoice_sub/input_Taxes_Item_1'

2020-01-08 12:58:10 - [MESSAGE][PASSED] - Keys 'ENTER + ' sent to object: 'Object Repository/object_invoce/new_invoice/new_invoice_sub/input_Taxes_Item_1'

2020-01-08 12:58:10 - [TEST_STEP][PASSED] - delay(4): Delayed 4 second(s)

2020-01-08 12:58:14 - [MESSAGE][PASSED] - Delayed 4 second(s)

2020-01-08 12:58:14 - [TEST_STEP][PASSED] - click(findTestObject("object_invoce/new_invoice/new_invoice_sub/btn_AddLineItem")): Object: 'Object Repository/object_invoce/new_invoice/new_invoice_sub/btn_AddLineItem' is clicked on

2020-01-08 12:58:15 - [MESSAGE][PASSED] - Object: 'Object Repository/object_invoce/new_invoice/new_invoice_sub/btn_AddLineItem' is clicked on

2020-01-08 12:58:15 - [TEST_STEP][PASSED] - delay(3): Delayed 3 second(s)

2020-01-08 12:58:18 - [MESSAGE][PASSED] - Delayed 3 second(s)

2020-01-08 12:58:18 - [TEST_STEP][PASSED] - click(findTestObject("object_invoce/new_invoice/new_invoice_sub2/a_Taxes ()_select2-choice_2")): Object: 'Object Repository/object_invoce/new_invoice/new_invoice_sub2/a_Taxes ()_select2-choice_2' is clicked on

2020-01-08 12:58:18 - [MESSAGE][PASSED] - Object: 'Object Repository/object_invoce/new_invoice/new_invoice_sub2/a_Taxes ()_select2-choice_2' is clicked on

2020-01-08 12:58:18 - [TEST_STEP][PASSED] - delay(3): Delayed 3 second(s)

2020-01-08 12:58:21 - [MESSAGE][PASSED] - Delayed 3 second(s)

2020-01-08 12:58:21 - [TEST_STEP][PASSED] - click(findTestObject("object_invoce/new_invoice/new_invoice_sub/div_Ares")): Object: 'Object Repository/object_invoce/new_invoice/new_invoice_sub/div_Ares' is clicked on

2020-01-08 12:58:21 - [MESSAGE][PASSED] - Object: 'Object Repository/object_invoce/new_invoice/new_invoice_sub/div_Ares' is clicked on

2020-01-08 12:58:21 - [TEST_STEP][NOT_RUN] - click(findTestObject("object_invoce/new_invoice/new_invoice_sub/b")): NOT_RUN: click(findTestObject("object_invoce/new_invoice/new_invoice_sub/b"))

2020-01-08 12:58:21 - [MESSAGE][NOT_RUN] - NOT_RUN: click(findTestObject("object_invoce/new_invoice/new_invoice_sub/b"))

2020-01-08 12:58:21 - [TEST_STEP][NOT_RUN] - click(findTestObject("object_invoce/new_invoice/new_invoice_sub/select_BOARDING_SUITEDAYCARE_SUITESPA_SUITE")): NOT_RUN: click(findTestObject("object_invoce/new_invoice/new_invoice_sub/select_BOARDING_SUITEDAYCARE_SUITESPA_SUITE"))

2020-01-08 12:58:21 - [MESSAGE][NOT_RUN] - NOT_RUN: click(findTestObject("object_invoce/new_invoice/new_invoice_sub/select_BOARDING_SUITEDAYCARE_SUITESPA_SUITE"))

2020-01-08 12:58:21 - [TEST_STEP][PASSED] - delay(3): Delayed 3 second(s)

2020-01-08 12:58:24 - [MESSAGE][PASSED] - Delayed 3 second(s)

2020-01-08 12:58:24 - [TEST_STEP][PASSED] - if (var_type == "BOARDING_SUITE"): Object: 'Object Repository/object_invoce/new_invoice/new_invoice_sub2/select_boarding_2' is clicked on

2020-01-08 12:58:24 - [TEST_STEP][PASSED] - click(findTestObject("object_invoce/new_invoice/new_invoice_sub2/select_boarding_2"), STOP_ON_FAILURE): Object: 'Object Repository/object_invoce/new_invoice/new_invoice_sub2/select_boarding_2' is clicked on

2020-01-08 12:58:25 - [MESSAGE][PASSED] - Object: 'Object Repository/object_invoce/new_invoice/new_invoice_sub2/select_boarding_2' is clicked on

2020-01-08 12:58:25 - [TEST_STEP][PASSED] - if (var_type == "DAYCARE_SUITE"): null

2020-01-08 12:58:25 - [TEST_STEP][PASSED] - if (var_type == "PACKAGE"): null

2020-01-08 12:58:25 - [TEST_STEP][PASSED] - delay(4): Delayed 4 second(s)

2020-01-08 12:58:29 - [MESSAGE][PASSED] - Delayed 4 second(s)

2020-01-08 12:58:29 - [TEST_STEP][PASSED] - sendKeys(findTestObject("object_invoce/new_invoice/new_invoice_sub2/input_Taxes_Item_2"), var_item): Keys 'Oasis Suite' sent to object: 'Object Repository/object_invoce/new_invoice/new_invoice_sub2/input_Taxes_Item_2'

2020-01-08 12:58:29 - [MESSAGE][PASSED] - Keys 'Oasis Suite' sent to object: 'Object Repository/object_invoce/new_invoice/new_invoice_sub2/input_Taxes_Item_2'

2020-01-08 12:58:29 - [TEST_STEP][PASSED] - delay(4): Delayed 4 second(s)

2020-01-08 12:58:33 - [MESSAGE][PASSED] - Delayed 4 second(s)

2020-01-08 12:58:33 - [TEST_STEP][PASSED] - sendKeys(findTestObject("object_invoce/new_invoice/new_invoice_sub2/input_Taxes_Item_2"), Keys.chord(ENTER)): Keys 'ENTER + ' sent to object: 'Object Repository/object_invoce/new_invoice/new_invoice_sub2/input_Taxes_Item_2'

2020-01-08 12:58:34 - [MESSAGE][PASSED] - Keys 'ENTER + ' sent to object: 'Object Repository/object_invoce/new_invoice/new_invoice_sub2/input_Taxes_Item_2'

2020-01-08 12:58:34 - [TEST_STEP][PASSED] - delay(4): Delayed 4 second(s)

2020-01-08 12:58:38 - [MESSAGE][PASSED] - Delayed 4 second(s)

2020-01-08 12:58:38 - [TEST_STEP][PASSED] - click(findTestObject("object_invoce/new_invoice/new_invoice_sub/button_Save_Taxe")): Object: 'Object Repository/object_invoce/new_invoice/new_invoice_sub/button_Save_Taxe' is clicked on

2020-01-08 12:58:41 - [MESSAGE][PASSED] - Object: 'Object Repository/object_invoce/new_invoice/new_invoice_sub/button_Save_Taxe' is clicked on

2020-01-08 12:58:41 - [TEST_STEP][PASSED] - delay(4): Delayed 4 second(s)

2020-01-08 12:58:45 - [MESSAGE][PASSED] - Delayed 4 second(s)

2020-01-08 12:58:45 - [TEST_STEP][PASSED] - if (arryPets.size() == 3): null

2020-01-08 12:58:45 - [TEST_STEP][PASSED] - delay(2): Delayed 2 second(s)

2020-01-08 12:58:47 - [MESSAGE][PASSED] - Delayed 2 second(s)

2020-01-08 12:58:47 - [TEST_STEP][PASSED] - var_url = getUrl(): Current window's url is: 'https://p4p-qa-bg.aws.paradise4paws.com/dashboard/'

2020-01-08 12:58:47 - [MESSAGE][PASSED] - Current window's url is: 'https://p4p-qa-bg.aws.paradise4paws.com/dashboard/'

2020-01-08 12:58:47 - [TEST_STEP][PASSED] - arrayUrl = var_url.split("/"): null

2020-01-08 12:58:47 - [TEST_STEP][PASSED] - delay(2): Delayed 2 second(s)

2020-01-08 12:58:49 - [MESSAGE][PASSED] - Delayed 2 second(s)

2020-01-08 12:58:49 - [TEST_STEP][PASSED] - cell = rowInv.createCell(9, 0): null

2020-01-08 12:58:49 - [TEST_STEP][PASSED] - cell.setCellType(CELL_TYPE_STRING): null

2020-01-08 12:58:49 - [TEST_STEP][PASSED] - cell.setCellValue(arrayUrl[8]): null]]></system-out>
         <system-err><![CDATA[2020-01-08 12:57:31 - [TEST_CASE][ERROR] - Test Cases/p4p_createInvoce_ok_spy: Test Cases/p4p_createInvoce_ok_spy FAILED.
Reason:
java.lang.ArrayIndexOutOfBoundsException: 8
	at p4p_createInvoce_ok_spy.run(p4p_createInvoce_ok_spy:304)
	at com.kms.katalon.core.main.ScriptEngine.run(ScriptEngine.java:194)
	at com.kms.katalon.core.main.ScriptEngine.runScriptAsRawText(ScriptEngine.java:119)
	at com.kms.katalon.core.main.TestCaseExecutor.runScript(TestCaseExecutor.java:337)
	at com.kms.katalon.core.main.TestCaseExecutor.doExecute(TestCaseExecutor.java:328)
	at com.kms.katalon.core.main.TestCaseExecutor.processExecutionPhase(TestCaseExecutor.java:307)
	at com.kms.katalon.core.main.TestCaseExecutor.accessMainPhase(TestCaseExecutor.java:299)
	at com.kms.katalon.core.main.TestCaseExecutor.execute(TestCaseExecutor.java:233)
	at com.kms.katalon.core.main.TestSuiteExecutor.accessTestCaseMainPhase(TestSuiteExecutor.java:169)
	at com.kms.katalon.core.main.TestSuiteExecutor.accessTestSuiteMainPhase(TestSuiteExecutor.java:142)
	at com.kms.katalon.core.main.TestSuiteExecutor.execute(TestSuiteExecutor.java:91)
	at com.kms.katalon.core.main.TestCaseMain.startTestSuite(TestCaseMain.java:157)
	at com.kms.katalon.core.main.TestCaseMain$startTestSuite$0.call(Unknown Source)
	at TempTestSuite1578509679797.run(TempTestSuite1578509679797.groovy:36)]]></system-err>
      </testcase>
      <testcase name="Test Cases/p4p_createInvoce_ok_spy" time="77.889" classname="Test Cases/p4p_createInvoce_ok_spy" status="ERROR">
         <error type="ERROR" message="Test Cases/p4p_createInvoce_ok_spy FAILED.
Reason:
java.lang.ArrayIndexOutOfBoundsException: 8
	at p4p_createInvoce_ok_spy.run(p4p_createInvoce_ok_spy:304)
	at com.kms.katalon.core.main.ScriptEngine.run(ScriptEngine.java:194)
	at com.kms.katalon.core.main.ScriptEngine.runScriptAsRawText(ScriptEngine.java:119)
	at com.kms.katalon.core.main.TestCaseExecutor.runScript(TestCaseExecutor.java:337)
	at com.kms.katalon.core.main.TestCaseExecutor.doExecute(TestCaseExecutor.java:328)
	at com.kms.katalon.core.main.TestCaseExecutor.processExecutionPhase(TestCaseExecutor.java:307)
	at com.kms.katalon.core.main.TestCaseExecutor.accessMainPhase(TestCaseExecutor.java:299)
	at com.kms.katalon.core.main.TestCaseExecutor.execute(TestCaseExecutor.java:233)
	at com.kms.katalon.core.main.TestSuiteExecutor.accessTestCaseMainPhase(TestSuiteExecutor.java:169)
	at com.kms.katalon.core.main.TestSuiteExecutor.accessTestSuiteMainPhase(TestSuiteExecutor.java:142)
	at com.kms.katalon.core.main.TestSuiteExecutor.execute(TestSuiteExecutor.java:91)
	at com.kms.katalon.core.main.TestCaseMain.startTestSuite(TestCaseMain.java:157)
	at com.kms.katalon.core.main.TestCaseMain$startTestSuite$0.call(Unknown Source)
	at TempTestSuite1578509679797.run(TempTestSuite1578509679797.groovy:36)
"/>
         <system-out><![CDATA[2020-01-08 12:58:49 - [TEST_CASE][ERROR] - Test Cases/p4p_createInvoce_ok_spy: Test Cases/p4p_createInvoce_ok_spy FAILED.
Reason:
java.lang.ArrayIndexOutOfBoundsException: 8
	at p4p_createInvoce_ok_spy.run(p4p_createInvoce_ok_spy:304)
	at com.kms.katalon.core.main.ScriptEngine.run(ScriptEngine.java:194)
	at com.kms.katalon.core.main.ScriptEngine.runScriptAsRawText(ScriptEngine.java:119)
	at com.kms.katalon.core.main.TestCaseExecutor.runScript(TestCaseExecutor.java:337)
	at com.kms.katalon.core.main.TestCaseExecutor.doExecute(TestCaseExecutor.java:328)
	at com.kms.katalon.core.main.TestCaseExecutor.processExecutionPhase(TestCaseExecutor.java:307)
	at com.kms.katalon.core.main.TestCaseExecutor.accessMainPhase(TestCaseExecutor.java:299)
	at com.kms.katalon.core.main.TestCaseExecutor.execute(TestCaseExecutor.java:233)
	at com.kms.katalon.core.main.TestSuiteExecutor.accessTestCaseMainPhase(TestSuiteExecutor.java:169)
	at com.kms.katalon.core.main.TestSuiteExecutor.accessTestSuiteMainPhase(TestSuiteExecutor.java:142)
	at com.kms.katalon.core.main.TestSuiteExecutor.execute(TestSuiteExecutor.java:91)
	at com.kms.katalon.core.main.TestCaseMain.startTestSuite(TestCaseMain.java:157)
	at com.kms.katalon.core.main.TestCaseMain$startTestSuite$0.call(Unknown Source)
	at TempTestSuite1578509679797.run(TempTestSuite1578509679797.groovy:36)


2020-01-08 12:58:49 - [TEST_STEP][PASSED] - openBrowser("https://p4p-qa-bg.aws.paradise4paws.com/login/"): Browser is opened with url: 'https://p4p-qa-bg.aws.paradise4paws.com/login/'

2020-01-08 12:58:49 - [MESSAGE][WARNING] - A browser is already opened. Closing browser and opening a new one

2020-01-08 12:58:49 - [MESSAGE][INFO] - Starting 'Chrome' driver

2020-01-08 12:58:51 - [MESSAGE][PASSED] - Browser is opened with url: 'https://p4p-qa-bg.aws.paradise4paws.com/login/'

2020-01-08 12:58:51 - [TEST_STEP][PASSED] - arryPets = var_pets.split(","): null

2020-01-08 12:58:51 - [TEST_STEP][PASSED] - flagBoar = "0": null

2020-01-08 12:58:51 - [TEST_STEP][PASSED] - log = new com.kms.katalon.core.logging.KeywordLogger(): null

2020-01-08 12:58:51 - [TEST_STEP][PASSED] - fisInv = new java.io.FileInputStream(/home/leonardo-arkusmty/Desktop/P4P/DATA_AUTOMATINTESTING/data_3createInvoice.xlsx): null

2020-01-08 12:58:51 - [TEST_STEP][PASSED] - fisPay = new java.io.FileInputStream(/home/leonardo-arkusmty/Desktop/P4P/DATA_AUTOMATINTESTING/data_4payment.xlsx): null

2020-01-08 12:58:51 - [TEST_STEP][PASSED] - workbookInv = new org.apache.poi.xssf.usermodel.XSSFWorkbook(fisInv): null

2020-01-08 12:58:51 - [TEST_STEP][PASSED] - workbookPay = new org.apache.poi.xssf.usermodel.XSSFWorkbook(fisPay): null

2020-01-08 12:58:51 - [TEST_STEP][PASSED] - sheetInv = workbookInv.getSheet("Sheet1"): null

2020-01-08 12:58:51 - [TEST_STEP][PASSED] - sheetPay = workbookPay.getSheet("Sheet1"): null

2020-01-08 12:58:51 - [TEST_STEP][PASSED] - var = Integer.parseInt(var_idRowRes): null

2020-01-08 12:58:51 - [TEST_STEP][PASSED] - rowInv = sheetInv.getRow(var): null

2020-01-08 12:58:51 - [TEST_STEP][PASSED] - rowPay = sheetPay.getRow(var): null

2020-01-08 12:58:51 - [TEST_STEP][PASSED] - today = new java.util.Date(): null

2020-01-08 12:58:51 - [TEST_STEP][PASSED] - todaysDate1 = today.format("mmm/dd/yy"): null

2020-01-08 12:58:51 - [TEST_STEP][PASSED] - todaysDate2 = today.format("dd/mm/yy"): null

2020-01-08 12:58:51 - [TEST_STEP][PASSED] - todaysDate3 = today.format("dd"): null

2020-01-08 12:58:51 - [TEST_STEP][PASSED] - nowTime = today.format("hhmm"): null

2020-01-08 12:58:51 - [TEST_STEP][PASSED] - setText(findTestObject("Object Repository/object_login/input_user"), var_user): Text 'jegchavez@gmail.com' is set on object 'Object Repository/object_login/input_user'

2020-01-08 12:58:52 - [MESSAGE][PASSED] - Text 'jegchavez@gmail.com' is set on object 'Object Repository/object_login/input_user'

2020-01-08 12:58:52 - [TEST_STEP][PASSED] - setText(findTestObject("Object Repository/object_login/input_pass"), var_pass): Text 'admin1' is set on object 'Object Repository/object_login/input_pass'

2020-01-08 12:58:52 - [MESSAGE][PASSED] - Text 'admin1' is set on object 'Object Repository/object_login/input_pass'

2020-01-08 12:58:52 - [TEST_STEP][PASSED] - delay(2): Delayed 2 second(s)

2020-01-08 12:58:54 - [MESSAGE][PASSED] - Delayed 2 second(s)

2020-01-08 12:58:54 - [TEST_STEP][PASSED] - verifyElementClickable(findTestObject("Object Repository/object_login/btn_login")): Object 'Object Repository/object_login/btn_login' is clickable

2020-01-08 12:58:55 - [MESSAGE][PASSED] - Object 'Object Repository/object_login/btn_login' is clickable

2020-01-08 12:58:55 - [TEST_STEP][PASSED] - click(findTestObject("Object Repository/object_login/btn_login")): Object: 'Object Repository/object_login/btn_login' is clicked on

2020-01-08 12:58:56 - [MESSAGE][PASSED] - Object: 'Object Repository/object_login/btn_login' is clicked on

2020-01-08 12:58:56 - [TEST_STEP][PASSED] - delay(2): Delayed 2 second(s)

2020-01-08 12:58:58 - [MESSAGE][PASSED] - Delayed 2 second(s)

2020-01-08 12:58:58 - [TEST_STEP][PASSED] - setText(findTestObject("Object Repository/object_dashboard_emp/input_search"), var_parent): Text 'leongarzagarza@hotmail.com' is set on object 'Object Repository/object_dashboard_emp/input_search'

2020-01-08 12:58:58 - [MESSAGE][PASSED] - Text 'leongarzagarza@hotmail.com' is set on object 'Object Repository/object_dashboard_emp/input_search'

2020-01-08 12:58:58 - [TEST_STEP][PASSED] - click(findTestObject("Object Repository/object_dashboard_emp/btn_accountSearch")): Object: 'Object Repository/object_dashboard_emp/btn_accountSearch' is clicked on

2020-01-08 12:58:59 - [MESSAGE][PASSED] - Object: 'Object Repository/object_dashboard_emp/btn_accountSearch' is clicked on

2020-01-08 12:58:59 - [TEST_STEP][PASSED] - delay(2): Delayed 2 second(s)

2020-01-08 12:59:01 - [MESSAGE][PASSED] - Delayed 2 second(s)

2020-01-08 12:59:01 - [TEST_STEP][PASSED] - click(findTestObject("Object Repository/object_accountInformation/a_TEST GABRIEL PROD")): Object: 'Object Repository/object_accountInformation/a_TEST GABRIEL PROD' is clicked on

2020-01-08 12:59:02 - [MESSAGE][PASSED] - Object: 'Object Repository/object_accountInformation/a_TEST GABRIEL PROD' is clicked on

2020-01-08 12:59:02 - [TEST_STEP][PASSED] - delay(2): Delayed 2 second(s)

2020-01-08 12:59:04 - [MESSAGE][PASSED] - Delayed 2 second(s)

2020-01-08 12:59:04 - [TEST_STEP][PASSED] - click(findTestObject("object_invoce/btn_createInvoice")): Object: 'Object Repository/object_invoce/btn_createInvoice' is clicked on

2020-01-08 12:59:06 - [MESSAGE][PASSED] - Object: 'Object Repository/object_invoce/btn_createInvoice' is clicked on

2020-01-08 12:59:06 - [TEST_STEP][PASSED] - delay(3): Delayed 3 second(s)

2020-01-08 12:59:09 - [MESSAGE][PASSED] - Delayed 3 second(s)

2020-01-08 12:59:09 - [TEST_STEP][PASSED] - if (arryPets.size() == 1): null

2020-01-08 12:59:09 - [TEST_STEP][PASSED] - if (arryPets.size() == 2): Delayed 4 second(s)

2020-01-08 12:59:09 - [TEST_STEP][PASSED] - click(findTestObject("object_invoce/new_invoice/new_invoice_sub/btn_AddLineItem")): Object: 'Object Repository/object_invoce/new_invoice/new_invoice_sub/btn_AddLineItem' is clicked on

2020-01-08 12:59:09 - [MESSAGE][PASSED] - Object: 'Object Repository/object_invoce/new_invoice/new_invoice_sub/btn_AddLineItem' is clicked on

2020-01-08 12:59:09 - [TEST_STEP][PASSED] - delay(3): Delayed 3 second(s)

2020-01-08 12:59:12 - [MESSAGE][PASSED] - Delayed 3 second(s)

2020-01-08 12:59:12 - [TEST_STEP][PASSED] - click(findTestObject("object_invoce/new_invoice/new_invoice_sub/a_Taxes ()_select2-choice_1")): Object: 'Object Repository/object_invoce/new_invoice/new_invoice_sub/a_Taxes ()_select2-choice_1' is clicked on

2020-01-08 12:59:13 - [MESSAGE][PASSED] - Object: 'Object Repository/object_invoce/new_invoice/new_invoice_sub/a_Taxes ()_select2-choice_1' is clicked on

2020-01-08 12:59:13 - [TEST_STEP][PASSED] - delay(3): Delayed 3 second(s)

2020-01-08 12:59:16 - [MESSAGE][PASSED] - Delayed 3 second(s)

2020-01-08 12:59:16 - [TEST_STEP][PASSED] - click(findTestObject("object_invoce/new_invoice/new_invoice_sub/div_Zeus")): Object: 'Object Repository/object_invoce/new_invoice/new_invoice_sub/div_Zeus' is clicked on

2020-01-08 12:59:16 - [MESSAGE][PASSED] - Object: 'Object Repository/object_invoce/new_invoice/new_invoice_sub/div_Zeus' is clicked on

2020-01-08 12:59:16 - [TEST_STEP][NOT_RUN] - click(findTestObject("object_invoce/new_invoice/new_invoice_sub/b")): NOT_RUN: click(findTestObject("object_invoce/new_invoice/new_invoice_sub/b"))

2020-01-08 12:59:16 - [MESSAGE][NOT_RUN] - NOT_RUN: click(findTestObject("object_invoce/new_invoice/new_invoice_sub/b"))

2020-01-08 12:59:16 - [TEST_STEP][NOT_RUN] - click(findTestObject("object_invoce/new_invoice/new_invoice_sub/select_BOARDING_SUITEDAYCARE_SUITESPA_SUITE")): NOT_RUN: click(findTestObject("object_invoce/new_invoice/new_invoice_sub/select_BOARDING_SUITEDAYCARE_SUITESPA_SUITE"))

2020-01-08 12:59:16 - [MESSAGE][NOT_RUN] - NOT_RUN: click(findTestObject("object_invoce/new_invoice/new_invoice_sub/select_BOARDING_SUITEDAYCARE_SUITESPA_SUITE"))

2020-01-08 12:59:16 - [TEST_STEP][PASSED] - delay(3): Delayed 3 second(s)

2020-01-08 12:59:19 - [MESSAGE][PASSED] - Delayed 3 second(s)

2020-01-08 12:59:19 - [TEST_STEP][PASSED] - if (var_type == "BOARDING_SUITE"): null

2020-01-08 12:59:19 - [TEST_STEP][PASSED] - if (var_type == "DAYCARE_SUITE"): Object: 'Object Repository/object_invoce/new_invoice_ok_1/select_day' is clicked on

2020-01-08 12:59:19 - [TEST_STEP][PASSED] - click(findTestObject("object_invoce/new_invoice_ok_1/select_day"), STOP_ON_FAILURE): Object: 'Object Repository/object_invoce/new_invoice_ok_1/select_day' is clicked on

2020-01-08 12:59:19 - [MESSAGE][PASSED] - Object: 'Object Repository/object_invoce/new_invoice_ok_1/select_day' is clicked on

2020-01-08 12:59:19 - [TEST_STEP][PASSED] - if (var_type == "PACKAGE"): null

2020-01-08 12:59:19 - [TEST_STEP][PASSED] - delay(4): Delayed 4 second(s)

2020-01-08 12:59:23 - [MESSAGE][PASSED] - Delayed 4 second(s)

2020-01-08 12:59:23 - [TEST_STEP][PASSED] - sendKeys(findTestObject("object_invoce/new_invoice/new_invoice_sub/input_Taxes_Item_1"), var_item): Keys 'Half Day of Daycare' sent to object: 'Object Repository/object_invoce/new_invoice/new_invoice_sub/input_Taxes_Item_1'

2020-01-08 12:59:24 - [MESSAGE][PASSED] - Keys 'Half Day of Daycare' sent to object: 'Object Repository/object_invoce/new_invoice/new_invoice_sub/input_Taxes_Item_1'

2020-01-08 12:59:24 - [TEST_STEP][PASSED] - delay(4): Delayed 4 second(s)

2020-01-08 12:59:28 - [MESSAGE][PASSED] - Delayed 4 second(s)

2020-01-08 12:59:28 - [TEST_STEP][PASSED] - sendKeys(findTestObject("object_invoce/new_invoice/new_invoice_sub/input_Taxes_Item_1"), Keys.chord(ENTER)): Keys 'ENTER + ' sent to object: 'Object Repository/object_invoce/new_invoice/new_invoice_sub/input_Taxes_Item_1'

2020-01-08 12:59:28 - [MESSAGE][PASSED] - Keys 'ENTER + ' sent to object: 'Object Repository/object_invoce/new_invoice/new_invoice_sub/input_Taxes_Item_1'

2020-01-08 12:59:28 - [TEST_STEP][PASSED] - delay(4): Delayed 4 second(s)

2020-01-08 12:59:32 - [MESSAGE][PASSED] - Delayed 4 second(s)

2020-01-08 12:59:32 - [TEST_STEP][PASSED] - click(findTestObject("object_invoce/new_invoice/new_invoice_sub/btn_AddLineItem")): Object: 'Object Repository/object_invoce/new_invoice/new_invoice_sub/btn_AddLineItem' is clicked on

2020-01-08 12:59:33 - [MESSAGE][PASSED] - Object: 'Object Repository/object_invoce/new_invoice/new_invoice_sub/btn_AddLineItem' is clicked on

2020-01-08 12:59:33 - [TEST_STEP][PASSED] - delay(3): Delayed 3 second(s)

2020-01-08 12:59:36 - [MESSAGE][PASSED] - Delayed 3 second(s)

2020-01-08 12:59:36 - [TEST_STEP][PASSED] - click(findTestObject("object_invoce/new_invoice/new_invoice_sub2/a_Taxes ()_select2-choice_2")): Object: 'Object Repository/object_invoce/new_invoice/new_invoice_sub2/a_Taxes ()_select2-choice_2' is clicked on

2020-01-08 12:59:36 - [MESSAGE][PASSED] - Object: 'Object Repository/object_invoce/new_invoice/new_invoice_sub2/a_Taxes ()_select2-choice_2' is clicked on

2020-01-08 12:59:36 - [TEST_STEP][PASSED] - delay(3): Delayed 3 second(s)

2020-01-08 12:59:39 - [MESSAGE][PASSED] - Delayed 3 second(s)

2020-01-08 12:59:39 - [TEST_STEP][PASSED] - click(findTestObject("object_invoce/new_invoice/new_invoice_sub/div_Ares")): Object: 'Object Repository/object_invoce/new_invoice/new_invoice_sub/div_Ares' is clicked on

2020-01-08 12:59:39 - [MESSAGE][PASSED] - Object: 'Object Repository/object_invoce/new_invoice/new_invoice_sub/div_Ares' is clicked on

2020-01-08 12:59:39 - [TEST_STEP][NOT_RUN] - click(findTestObject("object_invoce/new_invoice/new_invoice_sub/b")): NOT_RUN: click(findTestObject("object_invoce/new_invoice/new_invoice_sub/b"))

2020-01-08 12:59:39 - [MESSAGE][NOT_RUN] - NOT_RUN: click(findTestObject("object_invoce/new_invoice/new_invoice_sub/b"))

2020-01-08 12:59:39 - [TEST_STEP][NOT_RUN] - click(findTestObject("object_invoce/new_invoice/new_invoice_sub/select_BOARDING_SUITEDAYCARE_SUITESPA_SUITE")): NOT_RUN: click(findTestObject("object_invoce/new_invoice/new_invoice_sub/select_BOARDING_SUITEDAYCARE_SUITESPA_SUITE"))

2020-01-08 12:59:39 - [MESSAGE][NOT_RUN] - NOT_RUN: click(findTestObject("object_invoce/new_invoice/new_invoice_sub/select_BOARDING_SUITEDAYCARE_SUITESPA_SUITE"))

2020-01-08 12:59:39 - [TEST_STEP][PASSED] - delay(3): Delayed 3 second(s)

2020-01-08 12:59:42 - [MESSAGE][PASSED] - Delayed 3 second(s)

2020-01-08 12:59:42 - [TEST_STEP][PASSED] - if (var_type == "BOARDING_SUITE"): null

2020-01-08 12:59:42 - [TEST_STEP][PASSED] - if (var_type == "DAYCARE_SUITE"): Object: 'Object Repository/object_invoce/new_invoice/new_invoice_sub2/select_day_2' is clicked on

2020-01-08 12:59:42 - [TEST_STEP][PASSED] - click(findTestObject("object_invoce/new_invoice/new_invoice_sub2/select_day_2"), STOP_ON_FAILURE): Object: 'Object Repository/object_invoce/new_invoice/new_invoice_sub2/select_day_2' is clicked on

2020-01-08 12:59:43 - [MESSAGE][PASSED] - Object: 'Object Repository/object_invoce/new_invoice/new_invoice_sub2/select_day_2' is clicked on

2020-01-08 12:59:43 - [TEST_STEP][PASSED] - if (var_type == "PACKAGE"): null

2020-01-08 12:59:43 - [TEST_STEP][PASSED] - delay(4): Delayed 4 second(s)

2020-01-08 12:59:47 - [MESSAGE][PASSED] - Delayed 4 second(s)

2020-01-08 12:59:47 - [TEST_STEP][PASSED] - sendKeys(findTestObject("object_invoce/new_invoice/new_invoice_sub2/input_Taxes_Item_2"), var_item): Keys 'Half Day of Daycare' sent to object: 'Object Repository/object_invoce/new_invoice/new_invoice_sub2/input_Taxes_Item_2'

2020-01-08 12:59:47 - [MESSAGE][PASSED] - Keys 'Half Day of Daycare' sent to object: 'Object Repository/object_invoce/new_invoice/new_invoice_sub2/input_Taxes_Item_2'

2020-01-08 12:59:47 - [TEST_STEP][PASSED] - delay(4): Delayed 4 second(s)

2020-01-08 12:59:51 - [MESSAGE][PASSED] - Delayed 4 second(s)

2020-01-08 12:59:51 - [TEST_STEP][PASSED] - sendKeys(findTestObject("object_invoce/new_invoice/new_invoice_sub2/input_Taxes_Item_2"), Keys.chord(ENTER)): Keys 'ENTER + ' sent to object: 'Object Repository/object_invoce/new_invoice/new_invoice_sub2/input_Taxes_Item_2'

2020-01-08 12:59:52 - [MESSAGE][PASSED] - Keys 'ENTER + ' sent to object: 'Object Repository/object_invoce/new_invoice/new_invoice_sub2/input_Taxes_Item_2'

2020-01-08 12:59:52 - [TEST_STEP][PASSED] - delay(4): Delayed 4 second(s)

2020-01-08 12:59:56 - [MESSAGE][PASSED] - Delayed 4 second(s)

2020-01-08 12:59:56 - [TEST_STEP][PASSED] - click(findTestObject("object_invoce/new_invoice/new_invoice_sub/button_Save_Taxe")): Object: 'Object Repository/object_invoce/new_invoice/new_invoice_sub/button_Save_Taxe' is clicked on

2020-01-08 12:59:59 - [MESSAGE][PASSED] - Object: 'Object Repository/object_invoce/new_invoice/new_invoice_sub/button_Save_Taxe' is clicked on

2020-01-08 12:59:59 - [TEST_STEP][PASSED] - delay(4): Delayed 4 second(s)

2020-01-08 13:00:03 - [MESSAGE][PASSED] - Delayed 4 second(s)

2020-01-08 13:00:03 - [TEST_STEP][PASSED] - if (arryPets.size() == 3): null

2020-01-08 13:00:03 - [TEST_STEP][PASSED] - delay(2): Delayed 2 second(s)

2020-01-08 13:00:05 - [MESSAGE][PASSED] - Delayed 2 second(s)

2020-01-08 13:00:05 - [TEST_STEP][PASSED] - var_url = getUrl(): Current window's url is: 'https://p4p-qa-bg.aws.paradise4paws.com/dashboard/'

2020-01-08 13:00:05 - [MESSAGE][PASSED] - Current window's url is: 'https://p4p-qa-bg.aws.paradise4paws.com/dashboard/'

2020-01-08 13:00:05 - [TEST_STEP][PASSED] - arrayUrl = var_url.split("/"): null

2020-01-08 13:00:05 - [TEST_STEP][PASSED] - delay(2): Delayed 2 second(s)

2020-01-08 13:00:07 - [MESSAGE][PASSED] - Delayed 2 second(s)

2020-01-08 13:00:07 - [TEST_STEP][PASSED] - cell = rowInv.createCell(9, 0): null

2020-01-08 13:00:07 - [TEST_STEP][PASSED] - cell.setCellType(CELL_TYPE_STRING): null

2020-01-08 13:00:07 - [TEST_STEP][PASSED] - cell.setCellValue(arrayUrl[8]): null]]></system-out>
         <system-err><![CDATA[2020-01-08 12:58:49 - [TEST_CASE][ERROR] - Test Cases/p4p_createInvoce_ok_spy: Test Cases/p4p_createInvoce_ok_spy FAILED.
Reason:
java.lang.ArrayIndexOutOfBoundsException: 8
	at p4p_createInvoce_ok_spy.run(p4p_createInvoce_ok_spy:304)
	at com.kms.katalon.core.main.ScriptEngine.run(ScriptEngine.java:194)
	at com.kms.katalon.core.main.ScriptEngine.runScriptAsRawText(ScriptEngine.java:119)
	at com.kms.katalon.core.main.TestCaseExecutor.runScript(TestCaseExecutor.java:337)
	at com.kms.katalon.core.main.TestCaseExecutor.doExecute(TestCaseExecutor.java:328)
	at com.kms.katalon.core.main.TestCaseExecutor.processExecutionPhase(TestCaseExecutor.java:307)
	at com.kms.katalon.core.main.TestCaseExecutor.accessMainPhase(TestCaseExecutor.java:299)
	at com.kms.katalon.core.main.TestCaseExecutor.execute(TestCaseExecutor.java:233)
	at com.kms.katalon.core.main.TestSuiteExecutor.accessTestCaseMainPhase(TestSuiteExecutor.java:169)
	at com.kms.katalon.core.main.TestSuiteExecutor.accessTestSuiteMainPhase(TestSuiteExecutor.java:142)
	at com.kms.katalon.core.main.TestSuiteExecutor.execute(TestSuiteExecutor.java:91)
	at com.kms.katalon.core.main.TestCaseMain.startTestSuite(TestCaseMain.java:157)
	at com.kms.katalon.core.main.TestCaseMain$startTestSuite$0.call(Unknown Source)
	at TempTestSuite1578509679797.run(TempTestSuite1578509679797.groovy:36)]]></system-err>
      </testcase>
      <testcase name="Test Cases/p4p_createInvoce_ok_spy" time="67.125" classname="Test Cases/p4p_createInvoce_ok_spy" status="FAILED">
         <failure type="FAILED" message="Test Cases/p4p_createInvoce_ok_spy FAILED.
Reason:
com.kms.katalon.core.exception.StepFailedException: Unable to click on object 'Object Repository/object_accountInformation/a_TEST GABRIEL PROD'
	at com.kms.katalon.core.webui.keyword.internal.WebUIKeywordMain.stepFailed(WebUIKeywordMain.groovy:64)
	at com.kms.katalon.core.webui.keyword.internal.WebUIKeywordMain.runKeyword(WebUIKeywordMain.groovy:26)
	at com.kms.katalon.core.webui.keyword.builtin.ClickKeyword.click(ClickKeyword.groovy:99)
	at com.kms.katalon.core.webui.keyword.builtin.ClickKeyword.execute(ClickKeyword.groovy:43)
	at com.kms.katalon.core.keyword.internal.KeywordExecutor.executeKeywordForPlatform(KeywordExecutor.groovy:60)
	at com.kms.katalon.core.webui.keyword.WebUiBuiltInKeywords.click(WebUiBuiltInKeywords.groovy:616)
	at com.kms.katalon.core.webui.keyword.WebUiBuiltInKeywords$click$2.call(Unknown Source)
	at p4p_createInvoce_ok_spy.run(p4p_createInvoce_ok_spy:72)
	at com.kms.katalon.core.main.ScriptEngine.run(ScriptEngine.java:194)
	at com.kms.katalon.core.main.ScriptEngine.runScriptAsRawText(ScriptEngine.java:119)
	at com.kms.katalon.core.main.TestCaseExecutor.runScript(TestCaseExecutor.java:337)
	at com.kms.katalon.core.main.TestCaseExecutor.doExecute(TestCaseExecutor.java:328)
	at com.kms.katalon.core.main.TestCaseExecutor.processExecutionPhase(TestCaseExecutor.java:307)
	at com.kms.katalon.core.main.TestCaseExecutor.accessMainPhase(TestCaseExecutor.java:299)
	at com.kms.katalon.core.main.TestCaseExecutor.execute(TestCaseExecutor.java:233)
	at com.kms.katalon.core.main.TestSuiteExecutor.accessTestCaseMainPhase(TestSuiteExecutor.java:169)
	at com.kms.katalon.core.main.TestSuiteExecutor.accessTestSuiteMainPhase(TestSuiteExecutor.java:142)
	at com.kms.katalon.core.main.TestSuiteExecutor.execute(TestSuiteExecutor.java:91)
	at com.kms.katalon.core.main.TestCaseMain.startTestSuite(TestCaseMain.java:157)
	at com.kms.katalon.core.main.TestCaseMain$startTestSuite$0.call(Unknown Source)
	at TempTestSuite1578509679797.run(TempTestSuite1578509679797.groovy:36)
Caused by: com.kms.katalon.core.webui.exception.WebElementNotFoundException: Web element with id: 'Object Repository/object_accountInformation/a_TEST GABRIEL PROD' located by 'By.xpath: //div[@id='wrapper']/div/div/div/table/tbody/tr[2]/td[4]/a' not found
	at com.kms.katalon.core.webui.common.WebUiCommonHelper.findWebElement(WebUiCommonHelper.java:1113)
	at com.kms.katalon.core.webui.keyword.internal.WebUIAbstractKeyword.findWebElement(WebUIAbstractKeyword.groovy:27)
	at com.kms.katalon.core.webui.keyword.internal.WebUIAbstractKeyword.findWebElement(WebUIAbstractKeyword.groovy:26)
	at com.kms.katalon.core.webui.keyword.builtin.ClickKeyword$_click_closure1.doCall(ClickKeyword.groovy:68)
	at com.kms.katalon.core.webui.keyword.builtin.ClickKeyword$_click_closure1.call(ClickKeyword.groovy)
	at com.kms.katalon.core.webui.keyword.internal.WebUIKeywordMain.runKeyword(WebUIKeywordMain.groovy:20)
	... 19 more
"/>
         <system-out><![CDATA[2020-01-08 13:00:07 - [TEST_CASE][FAILED] - Test Cases/p4p_createInvoce_ok_spy: Test Cases/p4p_createInvoce_ok_spy FAILED.
Reason:
com.kms.katalon.core.exception.StepFailedException: Unable to click on object 'Object Repository/object_accountInformation/a_TEST GABRIEL PROD'
	at com.kms.katalon.core.webui.keyword.internal.WebUIKeywordMain.stepFailed(WebUIKeywordMain.groovy:64)
	at com.kms.katalon.core.webui.keyword.internal.WebUIKeywordMain.runKeyword(WebUIKeywordMain.groovy:26)
	at com.kms.katalon.core.webui.keyword.builtin.ClickKeyword.click(ClickKeyword.groovy:99)
	at com.kms.katalon.core.webui.keyword.builtin.ClickKeyword.execute(ClickKeyword.groovy:43)
	at com.kms.katalon.core.keyword.internal.KeywordExecutor.executeKeywordForPlatform(KeywordExecutor.groovy:60)
	at com.kms.katalon.core.webui.keyword.WebUiBuiltInKeywords.click(WebUiBuiltInKeywords.groovy:616)
	at com.kms.katalon.core.webui.keyword.WebUiBuiltInKeywords$click$2.call(Unknown Source)
	at p4p_createInvoce_ok_spy.run(p4p_createInvoce_ok_spy:72)
	at com.kms.katalon.core.main.ScriptEngine.run(ScriptEngine.java:194)
	at com.kms.katalon.core.main.ScriptEngine.runScriptAsRawText(ScriptEngine.java:119)
	at com.kms.katalon.core.main.TestCaseExecutor.runScript(TestCaseExecutor.java:337)
	at com.kms.katalon.core.main.TestCaseExecutor.doExecute(TestCaseExecutor.java:328)
	at com.kms.katalon.core.main.TestCaseExecutor.processExecutionPhase(TestCaseExecutor.java:307)
	at com.kms.katalon.core.main.TestCaseExecutor.accessMainPhase(TestCaseExecutor.java:299)
	at com.kms.katalon.core.main.TestCaseExecutor.execute(TestCaseExecutor.java:233)
	at com.kms.katalon.core.main.TestSuiteExecutor.accessTestCaseMainPhase(TestSuiteExecutor.java:169)
	at com.kms.katalon.core.main.TestSuiteExecutor.accessTestSuiteMainPhase(TestSuiteExecutor.java:142)
	at com.kms.katalon.core.main.TestSuiteExecutor.execute(TestSuiteExecutor.java:91)
	at com.kms.katalon.core.main.TestCaseMain.startTestSuite(TestCaseMain.java:157)
	at com.kms.katalon.core.main.TestCaseMain$startTestSuite$0.call(Unknown Source)
	at TempTestSuite1578509679797.run(TempTestSuite1578509679797.groovy:36)
Caused by: com.kms.katalon.core.webui.exception.WebElementNotFoundException: Web element with id: 'Object Repository/object_accountInformation/a_TEST GABRIEL PROD' located by 'By.xpath: //div[@id='wrapper']/div/div/div/table/tbody/tr[2]/td[4]/a' not found
	at com.kms.katalon.core.webui.common.WebUiCommonHelper.findWebElement(WebUiCommonHelper.java:1113)
	at com.kms.katalon.core.webui.keyword.internal.WebUIAbstractKeyword.findWebElement(WebUIAbstractKeyword.groovy:27)
	at com.kms.katalon.core.webui.keyword.internal.WebUIAbstractKeyword.findWebElement(WebUIAbstractKeyword.groovy:26)
	at com.kms.katalon.core.webui.keyword.builtin.ClickKeyword$_click_closure1.doCall(ClickKeyword.groovy:68)
	at com.kms.katalon.core.webui.keyword.builtin.ClickKeyword$_click_closure1.call(ClickKeyword.groovy)
	at com.kms.katalon.core.webui.keyword.internal.WebUIKeywordMain.runKeyword(WebUIKeywordMain.groovy:20)
	... 19 more


2020-01-08 13:00:07 - [TEST_STEP][PASSED] - openBrowser("https://p4p-qa-bg.aws.paradise4paws.com/login/"): Browser is opened with url: 'https://p4p-qa-bg.aws.paradise4paws.com/login/'

2020-01-08 13:00:07 - [MESSAGE][WARNING] - A browser is already opened. Closing browser and opening a new one

2020-01-08 13:00:07 - [MESSAGE][INFO] - Starting 'Chrome' driver

2020-01-08 13:00:09 - [MESSAGE][PASSED] - Browser is opened with url: 'https://p4p-qa-bg.aws.paradise4paws.com/login/'

2020-01-08 13:00:09 - [TEST_STEP][PASSED] - arryPets = var_pets.split(","): null

2020-01-08 13:00:09 - [TEST_STEP][PASSED] - flagBoar = "0": null

2020-01-08 13:00:09 - [TEST_STEP][PASSED] - log = new com.kms.katalon.core.logging.KeywordLogger(): null

2020-01-08 13:00:09 - [TEST_STEP][PASSED] - fisInv = new java.io.FileInputStream(/home/leonardo-arkusmty/Desktop/P4P/DATA_AUTOMATINTESTING/data_3createInvoice.xlsx): null

2020-01-08 13:00:09 - [TEST_STEP][PASSED] - fisPay = new java.io.FileInputStream(/home/leonardo-arkusmty/Desktop/P4P/DATA_AUTOMATINTESTING/data_4payment.xlsx): null

2020-01-08 13:00:09 - [TEST_STEP][PASSED] - workbookInv = new org.apache.poi.xssf.usermodel.XSSFWorkbook(fisInv): null

2020-01-08 13:00:09 - [TEST_STEP][PASSED] - workbookPay = new org.apache.poi.xssf.usermodel.XSSFWorkbook(fisPay): null

2020-01-08 13:00:09 - [TEST_STEP][PASSED] - sheetInv = workbookInv.getSheet("Sheet1"): null

2020-01-08 13:00:09 - [TEST_STEP][PASSED] - sheetPay = workbookPay.getSheet("Sheet1"): null

2020-01-08 13:00:09 - [TEST_STEP][PASSED] - var = Integer.parseInt(var_idRowRes): null

2020-01-08 13:00:09 - [TEST_STEP][PASSED] - rowInv = sheetInv.getRow(var): null

2020-01-08 13:00:09 - [TEST_STEP][PASSED] - rowPay = sheetPay.getRow(var): null

2020-01-08 13:00:09 - [TEST_STEP][PASSED] - today = new java.util.Date(): null

2020-01-08 13:00:09 - [TEST_STEP][PASSED] - todaysDate1 = today.format("mmm/dd/yy"): null

2020-01-08 13:00:09 - [TEST_STEP][PASSED] - todaysDate2 = today.format("dd/mm/yy"): null

2020-01-08 13:00:09 - [TEST_STEP][PASSED] - todaysDate3 = today.format("dd"): null

2020-01-08 13:00:09 - [TEST_STEP][PASSED] - nowTime = today.format("hhmm"): null

2020-01-08 13:00:09 - [TEST_STEP][PASSED] - setText(findTestObject("Object Repository/object_login/input_user"), var_user): Text 'jegchavez@gmail.com' is set on object 'Object Repository/object_login/input_user'

2020-01-08 13:00:10 - [MESSAGE][PASSED] - Text 'jegchavez@gmail.com' is set on object 'Object Repository/object_login/input_user'

2020-01-08 13:00:10 - [TEST_STEP][PASSED] - setText(findTestObject("Object Repository/object_login/input_pass"), var_pass): Text 'admin1' is set on object 'Object Repository/object_login/input_pass'

2020-01-08 13:00:10 - [MESSAGE][PASSED] - Text 'admin1' is set on object 'Object Repository/object_login/input_pass'

2020-01-08 13:00:10 - [TEST_STEP][PASSED] - delay(2): Delayed 2 second(s)

2020-01-08 13:00:12 - [MESSAGE][PASSED] - Delayed 2 second(s)

2020-01-08 13:00:12 - [TEST_STEP][PASSED] - verifyElementClickable(findTestObject("Object Repository/object_login/btn_login")): Object 'Object Repository/object_login/btn_login' is clickable

2020-01-08 13:00:13 - [MESSAGE][PASSED] - Object 'Object Repository/object_login/btn_login' is clickable

2020-01-08 13:00:13 - [TEST_STEP][PASSED] - click(findTestObject("Object Repository/object_login/btn_login")): Object: 'Object Repository/object_login/btn_login' is clicked on

2020-01-08 13:00:14 - [MESSAGE][PASSED] - Object: 'Object Repository/object_login/btn_login' is clicked on

2020-01-08 13:00:14 - [TEST_STEP][PASSED] - delay(2): Delayed 2 second(s)

2020-01-08 13:00:16 - [MESSAGE][PASSED] - Delayed 2 second(s)

2020-01-08 13:00:16 - [TEST_STEP][PASSED] - setText(findTestObject("Object Repository/object_dashboard_emp/input_search"), var_parent): Text 'leongarzagarza@hotmail.com' is set on object 'Object Repository/object_dashboard_emp/input_search'

2020-01-08 13:00:18 - [MESSAGE][PASSED] - Text 'leongarzagarza@hotmail.com' is set on object 'Object Repository/object_dashboard_emp/input_search'

2020-01-08 13:00:18 - [TEST_STEP][PASSED] - click(findTestObject("Object Repository/object_dashboard_emp/btn_accountSearch")): Object: 'Object Repository/object_dashboard_emp/btn_accountSearch' is clicked on

2020-01-08 13:00:32 - [MESSAGE][PASSED] - Object: 'Object Repository/object_dashboard_emp/btn_accountSearch' is clicked on

2020-01-08 13:00:32 - [TEST_STEP][PASSED] - delay(2): Delayed 2 second(s)

2020-01-08 13:00:34 - [MESSAGE][PASSED] - Delayed 2 second(s)

2020-01-08 13:00:34 - [TEST_STEP][FAILED] - click(findTestObject("Object Repository/object_accountInformation/a_TEST GABRIEL PROD")): Unable to click on object 'Object Repository/object_accountInformation/a_TEST GABRIEL PROD' (Root cause: com.kms.katalon.core.exception.StepFailedException: Unable to click on object 'Object Repository/object_accountInformation/a_TEST GABRIEL PROD'
	at com.kms.katalon.core.webui.keyword.internal.WebUIKeywordMain.stepFailed(WebUIKeywordMain.groovy:64)
	at com.kms.katalon.core.webui.keyword.internal.WebUIKeywordMain.runKeyword(WebUIKeywordMain.groovy:26)
	at com.kms.katalon.core.webui.keyword.builtin.ClickKeyword.click(ClickKeyword.groovy:99)
	at com.kms.katalon.core.webui.keyword.builtin.ClickKeyword.execute(ClickKeyword.groovy:43)
	at com.kms.katalon.core.keyword.internal.KeywordExecutor.executeKeywordForPlatform(KeywordExecutor.groovy:60)
	at com.kms.katalon.core.webui.keyword.WebUiBuiltInKeywords.click(WebUiBuiltInKeywords.groovy:616)
	at com.kms.katalon.core.webui.keyword.WebUiBuiltInKeywords$click$2.call(Unknown Source)
	at p4p_createInvoce_ok_spy.run(p4p_createInvoce_ok_spy:72)
	at com.kms.katalon.core.main.ScriptEngine.run(ScriptEngine.java:194)
	at com.kms.katalon.core.main.ScriptEngine.runScriptAsRawText(ScriptEngine.java:119)
	at com.kms.katalon.core.main.TestCaseExecutor.runScript(TestCaseExecutor.java:337)
	at com.kms.katalon.core.main.TestCaseExecutor.doExecute(TestCaseExecutor.java:328)
	at com.kms.katalon.core.main.TestCaseExecutor.processExecutionPhase(TestCaseExecutor.java:307)
	at com.kms.katalon.core.main.TestCaseExecutor.accessMainPhase(TestCaseExecutor.java:299)
	at com.kms.katalon.core.main.TestCaseExecutor.execute(TestCaseExecutor.java:233)
	at com.kms.katalon.core.main.TestSuiteExecutor.accessTestCaseMainPhase(TestSuiteExecutor.java:169)
	at com.kms.katalon.core.main.TestSuiteExecutor.accessTestSuiteMainPhase(TestSuiteExecutor.java:142)
	at com.kms.katalon.core.main.TestSuiteExecutor.execute(TestSuiteExecutor.java:91)
	at com.kms.katalon.core.main.TestCaseMain.startTestSuite(TestCaseMain.java:157)
	at com.kms.katalon.core.main.TestCaseMain$startTestSuite$0.call(Unknown Source)
	at TempTestSuite1578509679797.run(TempTestSuite1578509679797.groovy:36)
Caused by: com.kms.katalon.core.webui.exception.WebElementNotFoundException: Web element with id: 'Object Repository/object_accountInformation/a_TEST GABRIEL PROD' located by 'By.xpath: //div[@id='wrapper']/div/div/div/table/tbody/tr[2]/td[4]/a' not found
	at com.kms.katalon.core.webui.common.WebUiCommonHelper.findWebElement(WebUiCommonHelper.java:1113)
	at com.kms.katalon.core.webui.keyword.internal.WebUIAbstractKeyword.findWebElement(WebUIAbstractKeyword.groovy:27)
	at com.kms.katalon.core.webui.keyword.internal.WebUIAbstractKeyword.findWebElement(WebUIAbstractKeyword.groovy:26)
	at com.kms.katalon.core.webui.keyword.builtin.ClickKeyword$_click_closure1.doCall(ClickKeyword.groovy:68)
	at com.kms.katalon.core.webui.keyword.builtin.ClickKeyword$_click_closure1.call(ClickKeyword.groovy)
	at com.kms.katalon.core.webui.keyword.internal.WebUIKeywordMain.runKeyword(WebUIKeywordMain.groovy:20)
	at com.kms.katalon.core.webui.keyword.builtin.ClickKeyword.click(ClickKeyword.groovy:99)
	at com.kms.katalon.core.webui.keyword.builtin.ClickKeyword.execute(ClickKeyword.groovy:43)
	at com.kms.katalon.core.keyword.internal.KeywordExecutor.executeKeywordForPlatform(KeywordExecutor.groovy:60)
	at com.kms.katalon.core.webui.keyword.WebUiBuiltInKeywords.click(WebUiBuiltInKeywords.groovy:616)
	at com.kms.katalon.core.webui.keyword.WebUiBuiltInKeywords$click$2.call(Unknown Source)
	at Script1578378640799.run(Script1578378640799.groovy:72)
	... 13 more
)

2020-01-08 13:01:14 - [MESSAGE][INFO] - Unable to find the element located by 'By.xpath: //div[@id='wrapper']/div/div/div/table/tbody/tr[2]/td[4]/a'. Please recheck the objects properties to make sure the desired element is located. 

2020-01-08 13:01:14 - [MESSAGE][FAILED] - Unable to click on object 'Object Repository/object_accountInformation/a_TEST GABRIEL PROD' (Root cause: com.kms.katalon.core.exception.StepFailedException: Unable to click on object 'Object Repository/object_accountInformation/a_TEST GABRIEL PROD'
	at com.kms.katalon.core.webui.keyword.internal.WebUIKeywordMain.stepFailed(WebUIKeywordMain.groovy:64)
	at com.kms.katalon.core.webui.keyword.internal.WebUIKeywordMain.runKeyword(WebUIKeywordMain.groovy:26)
	at com.kms.katalon.core.webui.keyword.builtin.ClickKeyword.click(ClickKeyword.groovy:99)
	at com.kms.katalon.core.webui.keyword.builtin.ClickKeyword.execute(ClickKeyword.groovy:43)
	at com.kms.katalon.core.keyword.internal.KeywordExecutor.executeKeywordForPlatform(KeywordExecutor.groovy:60)
	at com.kms.katalon.core.webui.keyword.WebUiBuiltInKeywords.click(WebUiBuiltInKeywords.groovy:616)
	at com.kms.katalon.core.webui.keyword.WebUiBuiltInKeywords$click$2.call(Unknown Source)
	at p4p_createInvoce_ok_spy.run(p4p_createInvoce_ok_spy:72)
	at com.kms.katalon.core.main.ScriptEngine.run(ScriptEngine.java:194)
	at com.kms.katalon.core.main.ScriptEngine.runScriptAsRawText(ScriptEngine.java:119)
	at com.kms.katalon.core.main.TestCaseExecutor.runScript(TestCaseExecutor.java:337)
	at com.kms.katalon.core.main.TestCaseExecutor.doExecute(TestCaseExecutor.java:328)
	at com.kms.katalon.core.main.TestCaseExecutor.processExecutionPhase(TestCaseExecutor.java:307)
	at com.kms.katalon.core.main.TestCaseExecutor.accessMainPhase(TestCaseExecutor.java:299)
	at com.kms.katalon.core.main.TestCaseExecutor.execute(TestCaseExecutor.java:233)
	at com.kms.katalon.core.main.TestSuiteExecutor.accessTestCaseMainPhase(TestSuiteExecutor.java:169)
	at com.kms.katalon.core.main.TestSuiteExecutor.accessTestSuiteMainPhase(TestSuiteExecutor.java:142)
	at com.kms.katalon.core.main.TestSuiteExecutor.execute(TestSuiteExecutor.java:91)
	at com.kms.katalon.core.main.TestCaseMain.startTestSuite(TestCaseMain.java:157)
	at com.kms.katalon.core.main.TestCaseMain$startTestSuite$0.call(Unknown Source)
	at TempTestSuite1578509679797.run(TempTestSuite1578509679797.groovy:36)
Caused by: com.kms.katalon.core.webui.exception.WebElementNotFoundException: Web element with id: 'Object Repository/object_accountInformation/a_TEST GABRIEL PROD' located by 'By.xpath: //div[@id='wrapper']/div/div/div/table/tbody/tr[2]/td[4]/a' not found
	at com.kms.katalon.core.webui.common.WebUiCommonHelper.findWebElement(WebUiCommonHelper.java:1113)
	at com.kms.katalon.core.webui.keyword.internal.WebUIAbstractKeyword.findWebElement(WebUIAbstractKeyword.groovy:27)
	at com.kms.katalon.core.webui.keyword.internal.WebUIAbstractKeyword.findWebElement(WebUIAbstractKeyword.groovy:26)
	at com.kms.katalon.core.webui.keyword.builtin.ClickKeyword$_click_closure1.doCall(ClickKeyword.groovy:68)
	at com.kms.katalon.core.webui.keyword.builtin.ClickKeyword$_click_closure1.call(ClickKeyword.groovy)
	at com.kms.katalon.core.webui.keyword.internal.WebUIKeywordMain.runKeyword(WebUIKeywordMain.groovy:20)
	at com.kms.katalon.core.webui.keyword.builtin.ClickKeyword.click(ClickKeyword.groovy:99)
	at com.kms.katalon.core.webui.keyword.builtin.ClickKeyword.execute(ClickKeyword.groovy:43)
	at com.kms.katalon.core.keyword.internal.KeywordExecutor.executeKeywordForPlatform(KeywordExecutor.groovy:60)
	at com.kms.katalon.core.webui.keyword.WebUiBuiltInKeywords.click(WebUiBuiltInKeywords.groovy:616)
	at com.kms.katalon.core.webui.keyword.WebUiBuiltInKeywords$click$2.call(Unknown Source)
	at Script1578378640799.run(Script1578378640799.groovy:72)
	... 13 more
)
[[ATTACHMENT|/home/leonardo-arkusmty/Documents/workspaceKatalon/p4ptest/Reports/20200108_125439/ts_createInvoice/20200108_125439/1578510074561.png]]]]></system-out>
         <system-err><![CDATA[2020-01-08 13:00:07 - [TEST_CASE][FAILED] - Test Cases/p4p_createInvoce_ok_spy: Test Cases/p4p_createInvoce_ok_spy FAILED.
Reason:
com.kms.katalon.core.exception.StepFailedException: Unable to click on object 'Object Repository/object_accountInformation/a_TEST GABRIEL PROD'
	at com.kms.katalon.core.webui.keyword.internal.WebUIKeywordMain.stepFailed(WebUIKeywordMain.groovy:64)
	at com.kms.katalon.core.webui.keyword.internal.WebUIKeywordMain.runKeyword(WebUIKeywordMain.groovy:26)
	at com.kms.katalon.core.webui.keyword.builtin.ClickKeyword.click(ClickKeyword.groovy:99)
	at com.kms.katalon.core.webui.keyword.builtin.ClickKeyword.execute(ClickKeyword.groovy:43)
	at com.kms.katalon.core.keyword.internal.KeywordExecutor.executeKeywordForPlatform(KeywordExecutor.groovy:60)
	at com.kms.katalon.core.webui.keyword.WebUiBuiltInKeywords.click(WebUiBuiltInKeywords.groovy:616)
	at com.kms.katalon.core.webui.keyword.WebUiBuiltInKeywords$click$2.call(Unknown Source)
	at p4p_createInvoce_ok_spy.run(p4p_createInvoce_ok_spy:72)
	at com.kms.katalon.core.main.ScriptEngine.run(ScriptEngine.java:194)
	at com.kms.katalon.core.main.ScriptEngine.runScriptAsRawText(ScriptEngine.java:119)
	at com.kms.katalon.core.main.TestCaseExecutor.runScript(TestCaseExecutor.java:337)
	at com.kms.katalon.core.main.TestCaseExecutor.doExecute(TestCaseExecutor.java:328)
	at com.kms.katalon.core.main.TestCaseExecutor.processExecutionPhase(TestCaseExecutor.java:307)
	at com.kms.katalon.core.main.TestCaseExecutor.accessMainPhase(TestCaseExecutor.java:299)
	at com.kms.katalon.core.main.TestCaseExecutor.execute(TestCaseExecutor.java:233)
	at com.kms.katalon.core.main.TestSuiteExecutor.accessTestCaseMainPhase(TestSuiteExecutor.java:169)
	at com.kms.katalon.core.main.TestSuiteExecutor.accessTestSuiteMainPhase(TestSuiteExecutor.java:142)
	at com.kms.katalon.core.main.TestSuiteExecutor.execute(TestSuiteExecutor.java:91)
	at com.kms.katalon.core.main.TestCaseMain.startTestSuite(TestCaseMain.java:157)
	at com.kms.katalon.core.main.TestCaseMain$startTestSuite$0.call(Unknown Source)
	at TempTestSuite1578509679797.run(TempTestSuite1578509679797.groovy:36)
Caused by: com.kms.katalon.core.webui.exception.WebElementNotFoundException: Web element with id: 'Object Repository/object_accountInformation/a_TEST GABRIEL PROD' located by 'By.xpath: //div[@id='wrapper']/div/div/div/table/tbody/tr[2]/td[4]/a' not found
	at com.kms.katalon.core.webui.common.WebUiCommonHelper.findWebElement(WebUiCommonHelper.java:1113)
	at com.kms.katalon.core.webui.keyword.internal.WebUIAbstractKeyword.findWebElement(WebUIAbstractKeyword.groovy:27)
	at com.kms.katalon.core.webui.keyword.internal.WebUIAbstractKeyword.findWebElement(WebUIAbstractKeyword.groovy:26)
	at com.kms.katalon.core.webui.keyword.builtin.ClickKeyword$_click_closure1.doCall(ClickKeyword.groovy:68)
	at com.kms.katalon.core.webui.keyword.builtin.ClickKeyword$_click_closure1.call(ClickKeyword.groovy)
	at com.kms.katalon.core.webui.keyword.internal.WebUIKeywordMain.runKeyword(WebUIKeywordMain.groovy:20)
	... 19 more]]></system-err>
      </testcase>
      <testcase name="Test Cases/p4p_createInvoce_ok_spy" time="111.366" classname="Test Cases/p4p_createInvoce_ok_spy" status="PASSED">
         <system-out><![CDATA[2020-01-08 13:01:14 - [TEST_CASE][PASSED] - Test Cases/p4p_createInvoce_ok_spy: Test Cases/p4p_createInvoce_ok_spy

2020-01-08 13:01:14 - [TEST_STEP][PASSED] - openBrowser("https://p4p-qa-bg.aws.paradise4paws.com/login/"): Browser is opened with url: 'https://p4p-qa-bg.aws.paradise4paws.com/login/'

2020-01-08 13:01:14 - [MESSAGE][WARNING] - A browser is already opened. Closing browser and opening a new one

2020-01-08 13:01:14 - [MESSAGE][INFO] - Starting 'Chrome' driver

2020-01-08 13:01:17 - [MESSAGE][PASSED] - Browser is opened with url: 'https://p4p-qa-bg.aws.paradise4paws.com/login/'

2020-01-08 13:01:17 - [TEST_STEP][PASSED] - arryPets = var_pets.split(","): null

2020-01-08 13:01:17 - [TEST_STEP][PASSED] - flagBoar = "0": null

2020-01-08 13:01:17 - [TEST_STEP][PASSED] - log = new com.kms.katalon.core.logging.KeywordLogger(): null

2020-01-08 13:01:17 - [TEST_STEP][PASSED] - fisInv = new java.io.FileInputStream(/home/leonardo-arkusmty/Desktop/P4P/DATA_AUTOMATINTESTING/data_3createInvoice.xlsx): null

2020-01-08 13:01:17 - [TEST_STEP][PASSED] - fisPay = new java.io.FileInputStream(/home/leonardo-arkusmty/Desktop/P4P/DATA_AUTOMATINTESTING/data_4payment.xlsx): null

2020-01-08 13:01:17 - [TEST_STEP][PASSED] - workbookInv = new org.apache.poi.xssf.usermodel.XSSFWorkbook(fisInv): null

2020-01-08 13:01:17 - [TEST_STEP][PASSED] - workbookPay = new org.apache.poi.xssf.usermodel.XSSFWorkbook(fisPay): null

2020-01-08 13:01:17 - [TEST_STEP][PASSED] - sheetInv = workbookInv.getSheet("Sheet1"): null

2020-01-08 13:01:17 - [TEST_STEP][PASSED] - sheetPay = workbookPay.getSheet("Sheet1"): null

2020-01-08 13:01:17 - [TEST_STEP][PASSED] - var = Integer.parseInt(var_idRowRes): null

2020-01-08 13:01:17 - [TEST_STEP][PASSED] - rowInv = sheetInv.getRow(var): null

2020-01-08 13:01:17 - [TEST_STEP][PASSED] - rowPay = sheetPay.getRow(var): null

2020-01-08 13:01:17 - [TEST_STEP][PASSED] - today = new java.util.Date(): null

2020-01-08 13:01:17 - [TEST_STEP][PASSED] - todaysDate1 = today.format("mmm/dd/yy"): null

2020-01-08 13:01:17 - [TEST_STEP][PASSED] - todaysDate2 = today.format("dd/mm/yy"): null

2020-01-08 13:01:17 - [TEST_STEP][PASSED] - todaysDate3 = today.format("dd"): null

2020-01-08 13:01:17 - [TEST_STEP][PASSED] - nowTime = today.format("hhmm"): null

2020-01-08 13:01:17 - [TEST_STEP][PASSED] - setText(findTestObject("Object Repository/object_login/input_user"), var_user): Text 'jegchavez@gmail.com' is set on object 'Object Repository/object_login/input_user'

2020-01-08 13:01:17 - [MESSAGE][PASSED] - Text 'jegchavez@gmail.com' is set on object 'Object Repository/object_login/input_user'

2020-01-08 13:01:17 - [TEST_STEP][PASSED] - setText(findTestObject("Object Repository/object_login/input_pass"), var_pass): Text 'admin1' is set on object 'Object Repository/object_login/input_pass'

2020-01-08 13:01:18 - [MESSAGE][PASSED] - Text 'admin1' is set on object 'Object Repository/object_login/input_pass'

2020-01-08 13:01:18 - [TEST_STEP][PASSED] - delay(2): Delayed 2 second(s)

2020-01-08 13:01:20 - [MESSAGE][PASSED] - Delayed 2 second(s)

2020-01-08 13:01:20 - [TEST_STEP][PASSED] - verifyElementClickable(findTestObject("Object Repository/object_login/btn_login")): Object 'Object Repository/object_login/btn_login' is clickable

2020-01-08 13:01:20 - [MESSAGE][PASSED] - Object 'Object Repository/object_login/btn_login' is clickable

2020-01-08 13:01:20 - [TEST_STEP][PASSED] - click(findTestObject("Object Repository/object_login/btn_login")): Object: 'Object Repository/object_login/btn_login' is clicked on

2020-01-08 13:01:21 - [MESSAGE][PASSED] - Object: 'Object Repository/object_login/btn_login' is clicked on

2020-01-08 13:01:21 - [TEST_STEP][PASSED] - delay(2): Delayed 2 second(s)

2020-01-08 13:01:23 - [MESSAGE][PASSED] - Delayed 2 second(s)

2020-01-08 13:01:23 - [TEST_STEP][PASSED] - setText(findTestObject("Object Repository/object_dashboard_emp/input_search"), var_parent): Text 'leongarzagarza@hotmail.com' is set on object 'Object Repository/object_dashboard_emp/input_search'

2020-01-08 13:01:24 - [MESSAGE][PASSED] - Text 'leongarzagarza@hotmail.com' is set on object 'Object Repository/object_dashboard_emp/input_search'

2020-01-08 13:01:24 - [TEST_STEP][PASSED] - click(findTestObject("Object Repository/object_dashboard_emp/btn_accountSearch")): Object: 'Object Repository/object_dashboard_emp/btn_accountSearch' is clicked on

2020-01-08 13:01:25 - [MESSAGE][PASSED] - Object: 'Object Repository/object_dashboard_emp/btn_accountSearch' is clicked on

2020-01-08 13:01:25 - [TEST_STEP][PASSED] - delay(2): Delayed 2 second(s)

2020-01-08 13:01:27 - [MESSAGE][PASSED] - Delayed 2 second(s)

2020-01-08 13:01:27 - [TEST_STEP][PASSED] - click(findTestObject("Object Repository/object_accountInformation/a_TEST GABRIEL PROD")): Object: 'Object Repository/object_accountInformation/a_TEST GABRIEL PROD' is clicked on

2020-01-08 13:01:28 - [MESSAGE][PASSED] - Object: 'Object Repository/object_accountInformation/a_TEST GABRIEL PROD' is clicked on

2020-01-08 13:01:28 - [TEST_STEP][PASSED] - delay(2): Delayed 2 second(s)

2020-01-08 13:01:30 - [MESSAGE][PASSED] - Delayed 2 second(s)

2020-01-08 13:01:30 - [TEST_STEP][PASSED] - click(findTestObject("object_invoce/btn_createInvoice")): Object: 'Object Repository/object_invoce/btn_createInvoice' is clicked on

2020-01-08 13:01:32 - [MESSAGE][PASSED] - Object: 'Object Repository/object_invoce/btn_createInvoice' is clicked on

2020-01-08 13:01:32 - [TEST_STEP][PASSED] - delay(3): Delayed 3 second(s)

2020-01-08 13:01:35 - [MESSAGE][PASSED] - Delayed 3 second(s)

2020-01-08 13:01:35 - [TEST_STEP][PASSED] - if (arryPets.size() == 1): null

2020-01-08 13:01:35 - [TEST_STEP][PASSED] - if (arryPets.size() == 2): null

2020-01-08 13:01:35 - [TEST_STEP][PASSED] - if (arryPets.size() == 3): Delayed 2 second(s)

2020-01-08 13:01:35 - [TEST_STEP][PASSED] - log.logInfo("SIZE 3"): SIZE 3

2020-01-08 13:01:35 - [MESSAGE][INFO] - SIZE 3

2020-01-08 13:01:35 - [TEST_STEP][PASSED] - click(findTestObject("object_invoce/new_invoice/new_invoice_sub/btn_AddLineItem")): Object: 'Object Repository/object_invoce/new_invoice/new_invoice_sub/btn_AddLineItem' is clicked on

2020-01-08 13:01:35 - [MESSAGE][PASSED] - Object: 'Object Repository/object_invoce/new_invoice/new_invoice_sub/btn_AddLineItem' is clicked on

2020-01-08 13:01:35 - [TEST_STEP][PASSED] - delay(3): Delayed 3 second(s)

2020-01-08 13:01:38 - [MESSAGE][PASSED] - Delayed 3 second(s)

2020-01-08 13:01:38 - [TEST_STEP][PASSED] - click(findTestObject("object_invoce/new_invoice/new_invoice_sub/a_Taxes ()_select2-choice_1")): Object: 'Object Repository/object_invoce/new_invoice/new_invoice_sub/a_Taxes ()_select2-choice_1' is clicked on

2020-01-08 13:01:38 - [MESSAGE][PASSED] - Object: 'Object Repository/object_invoce/new_invoice/new_invoice_sub/a_Taxes ()_select2-choice_1' is clicked on

2020-01-08 13:01:38 - [TEST_STEP][PASSED] - delay(3): Delayed 3 second(s)

2020-01-08 13:01:41 - [MESSAGE][PASSED] - Delayed 3 second(s)

2020-01-08 13:01:41 - [TEST_STEP][PASSED] - click(findTestObject("object_invoce/new_invoice/new_invoice_sub/div_Zeus")): Object: 'Object Repository/object_invoce/new_invoice/new_invoice_sub/div_Zeus' is clicked on

2020-01-08 13:01:42 - [MESSAGE][PASSED] - Object: 'Object Repository/object_invoce/new_invoice/new_invoice_sub/div_Zeus' is clicked on

2020-01-08 13:01:42 - [TEST_STEP][NOT_RUN] - click(findTestObject("object_invoce/new_invoice/new_invoice_sub/b")): NOT_RUN: click(findTestObject("object_invoce/new_invoice/new_invoice_sub/b"))

2020-01-08 13:01:42 - [MESSAGE][NOT_RUN] - NOT_RUN: click(findTestObject("object_invoce/new_invoice/new_invoice_sub/b"))

2020-01-08 13:01:42 - [TEST_STEP][NOT_RUN] - click(findTestObject("object_invoce/new_invoice/new_invoice_sub/select_BOARDING_SUITEDAYCARE_SUITESPA_SUITE")): NOT_RUN: click(findTestObject("object_invoce/new_invoice/new_invoice_sub/select_BOARDING_SUITEDAYCARE_SUITESPA_SUITE"))

2020-01-08 13:01:42 - [MESSAGE][NOT_RUN] - NOT_RUN: click(findTestObject("object_invoce/new_invoice/new_invoice_sub/select_BOARDING_SUITEDAYCARE_SUITESPA_SUITE"))

2020-01-08 13:01:42 - [TEST_STEP][PASSED] - delay(3): Delayed 3 second(s)

2020-01-08 13:01:45 - [MESSAGE][PASSED] - Delayed 3 second(s)

2020-01-08 13:01:45 - [TEST_STEP][PASSED] - if (var_type == "BOARDING_SUITE"): Object: 'Object Repository/object_invoce/new_invoice_ok_1/select_boarding' is clicked on

2020-01-08 13:01:45 - [TEST_STEP][PASSED] - click(findTestObject("object_invoce/new_invoice_ok_1/select_boarding"), STOP_ON_FAILURE): Object: 'Object Repository/object_invoce/new_invoice_ok_1/select_boarding' is clicked on

2020-01-08 13:01:45 - [MESSAGE][PASSED] - Object: 'Object Repository/object_invoce/new_invoice_ok_1/select_boarding' is clicked on

2020-01-08 13:01:45 - [TEST_STEP][PASSED] - if (var_type == "DAYCARE_SUITE"): null

2020-01-08 13:01:45 - [TEST_STEP][PASSED] - if (var_type == "PACKAGE"): null

2020-01-08 13:01:45 - [TEST_STEP][PASSED] - delay(4): Delayed 4 second(s)

2020-01-08 13:01:49 - [MESSAGE][PASSED] - Delayed 4 second(s)

2020-01-08 13:01:49 - [TEST_STEP][PASSED] - sendKeys(findTestObject("object_invoce/new_invoice/new_invoice_sub/input_Taxes_Item_1"), var_item): Keys 'Oasis Suite' sent to object: 'Object Repository/object_invoce/new_invoice/new_invoice_sub/input_Taxes_Item_1'

2020-01-08 13:01:50 - [MESSAGE][PASSED] - Keys 'Oasis Suite' sent to object: 'Object Repository/object_invoce/new_invoice/new_invoice_sub/input_Taxes_Item_1'

2020-01-08 13:01:50 - [TEST_STEP][PASSED] - delay(4): Delayed 4 second(s)

2020-01-08 13:01:54 - [MESSAGE][PASSED] - Delayed 4 second(s)

2020-01-08 13:01:54 - [TEST_STEP][PASSED] - sendKeys(findTestObject("object_invoce/new_invoice/new_invoice_sub/input_Taxes_Item_1"), Keys.chord(ENTER)): Keys 'ENTER + ' sent to object: 'Object Repository/object_invoce/new_invoice/new_invoice_sub/input_Taxes_Item_1'

2020-01-08 13:01:54 - [MESSAGE][PASSED] - Keys 'ENTER + ' sent to object: 'Object Repository/object_invoce/new_invoice/new_invoice_sub/input_Taxes_Item_1'

2020-01-08 13:01:54 - [TEST_STEP][PASSED] - delay(4): Delayed 4 second(s)

2020-01-08 13:01:58 - [MESSAGE][PASSED] - Delayed 4 second(s)

2020-01-08 13:01:58 - [TEST_STEP][PASSED] - click(findTestObject("object_invoce/new_invoice/new_invoice_sub/btn_AddLineItem")): Object: 'Object Repository/object_invoce/new_invoice/new_invoice_sub/btn_AddLineItem' is clicked on

2020-01-08 13:01:58 - [MESSAGE][PASSED] - Object: 'Object Repository/object_invoce/new_invoice/new_invoice_sub/btn_AddLineItem' is clicked on

2020-01-08 13:01:58 - [TEST_STEP][PASSED] - delay(3): Delayed 3 second(s)

2020-01-08 13:02:01 - [MESSAGE][PASSED] - Delayed 3 second(s)

2020-01-08 13:02:01 - [TEST_STEP][PASSED] - click(findTestObject("object_invoce/new_invoice/new_invoice_sub2/a_Taxes ()_select2-choice_2")): Object: 'Object Repository/object_invoce/new_invoice/new_invoice_sub2/a_Taxes ()_select2-choice_2' is clicked on

2020-01-08 13:02:02 - [MESSAGE][PASSED] - Object: 'Object Repository/object_invoce/new_invoice/new_invoice_sub2/a_Taxes ()_select2-choice_2' is clicked on

2020-01-08 13:02:02 - [TEST_STEP][PASSED] - delay(3): Delayed 3 second(s)

2020-01-08 13:02:05 - [MESSAGE][PASSED] - Delayed 3 second(s)

2020-01-08 13:02:05 - [TEST_STEP][PASSED] - click(findTestObject("object_invoce/new_invoice/new_invoice_sub/div_Ares")): Object: 'Object Repository/object_invoce/new_invoice/new_invoice_sub/div_Ares' is clicked on

2020-01-08 13:02:05 - [MESSAGE][PASSED] - Object: 'Object Repository/object_invoce/new_invoice/new_invoice_sub/div_Ares' is clicked on

2020-01-08 13:02:05 - [TEST_STEP][NOT_RUN] - click(findTestObject("object_invoce/new_invoice/new_invoice_sub/b")): NOT_RUN: click(findTestObject("object_invoce/new_invoice/new_invoice_sub/b"))

2020-01-08 13:02:05 - [MESSAGE][NOT_RUN] - NOT_RUN: click(findTestObject("object_invoce/new_invoice/new_invoice_sub/b"))

2020-01-08 13:02:05 - [TEST_STEP][NOT_RUN] - click(findTestObject("object_invoce/new_invoice/new_invoice_sub/select_BOARDING_SUITEDAYCARE_SUITESPA_SUITE")): NOT_RUN: click(findTestObject("object_invoce/new_invoice/new_invoice_sub/select_BOARDING_SUITEDAYCARE_SUITESPA_SUITE"))

2020-01-08 13:02:05 - [MESSAGE][NOT_RUN] - NOT_RUN: click(findTestObject("object_invoce/new_invoice/new_invoice_sub/select_BOARDING_SUITEDAYCARE_SUITESPA_SUITE"))

2020-01-08 13:02:05 - [TEST_STEP][PASSED] - delay(3): Delayed 3 second(s)

2020-01-08 13:02:08 - [MESSAGE][PASSED] - Delayed 3 second(s)

2020-01-08 13:02:08 - [TEST_STEP][PASSED] - if (var_type == "BOARDING_SUITE"): Object: 'Object Repository/object_invoce/new_invoice/new_invoice_sub2/select_boarding_2' is clicked on

2020-01-08 13:02:08 - [TEST_STEP][PASSED] - click(findTestObject("object_invoce/new_invoice/new_invoice_sub2/select_boarding_2"), STOP_ON_FAILURE): Object: 'Object Repository/object_invoce/new_invoice/new_invoice_sub2/select_boarding_2' is clicked on

2020-01-08 13:02:08 - [MESSAGE][PASSED] - Object: 'Object Repository/object_invoce/new_invoice/new_invoice_sub2/select_boarding_2' is clicked on

2020-01-08 13:02:08 - [TEST_STEP][PASSED] - if (var_type == "DAYCARE_SUITE"): null

2020-01-08 13:02:08 - [TEST_STEP][PASSED] - if (var_type == "PACKAGE"): null

2020-01-08 13:02:08 - [TEST_STEP][PASSED] - delay(4): Delayed 4 second(s)

2020-01-08 13:02:12 - [MESSAGE][PASSED] - Delayed 4 second(s)

2020-01-08 13:02:12 - [TEST_STEP][PASSED] - sendKeys(findTestObject("object_invoce/new_invoice/new_invoice_sub2/input_Taxes_Item_2"), var_item): Keys 'Oasis Suite' sent to object: 'Object Repository/object_invoce/new_invoice/new_invoice_sub2/input_Taxes_Item_2'

2020-01-08 13:02:13 - [MESSAGE][PASSED] - Keys 'Oasis Suite' sent to object: 'Object Repository/object_invoce/new_invoice/new_invoice_sub2/input_Taxes_Item_2'

2020-01-08 13:02:13 - [TEST_STEP][PASSED] - delay(4): Delayed 4 second(s)

2020-01-08 13:02:17 - [MESSAGE][PASSED] - Delayed 4 second(s)

2020-01-08 13:02:17 - [TEST_STEP][PASSED] - sendKeys(findTestObject("object_invoce/new_invoice/new_invoice_sub2/input_Taxes_Item_2"), Keys.chord(ENTER)): Keys 'ENTER + ' sent to object: 'Object Repository/object_invoce/new_invoice/new_invoice_sub2/input_Taxes_Item_2'

2020-01-08 13:02:17 - [MESSAGE][PASSED] - Keys 'ENTER + ' sent to object: 'Object Repository/object_invoce/new_invoice/new_invoice_sub2/input_Taxes_Item_2'

2020-01-08 13:02:17 - [TEST_STEP][PASSED] - delay(4): Delayed 4 second(s)

2020-01-08 13:02:21 - [MESSAGE][PASSED] - Delayed 4 second(s)

2020-01-08 13:02:21 - [TEST_STEP][PASSED] - click(findTestObject("object_invoce/new_invoice/new_invoice_sub/btn_AddLineItem")): Object: 'Object Repository/object_invoce/new_invoice/new_invoice_sub/btn_AddLineItem' is clicked on

2020-01-08 13:02:22 - [MESSAGE][PASSED] - Object: 'Object Repository/object_invoce/new_invoice/new_invoice_sub/btn_AddLineItem' is clicked on

2020-01-08 13:02:22 - [TEST_STEP][PASSED] - delay(3): Delayed 3 second(s)

2020-01-08 13:02:25 - [MESSAGE][PASSED] - Delayed 3 second(s)

2020-01-08 13:02:25 - [TEST_STEP][PASSED] - click(findTestObject("object_invoce/new_invoice/new_invoice_sub2/a_Taxes ()_select2-choice_3")): Object: 'Object Repository/object_invoce/new_invoice/new_invoice_sub2/a_Taxes ()_select2-choice_3' is clicked on

2020-01-08 13:02:25 - [MESSAGE][PASSED] - Object: 'Object Repository/object_invoce/new_invoice/new_invoice_sub2/a_Taxes ()_select2-choice_3' is clicked on

2020-01-08 13:02:25 - [TEST_STEP][PASSED] - delay(3): Delayed 3 second(s)

2020-01-08 13:02:28 - [MESSAGE][PASSED] - Delayed 3 second(s)

2020-01-08 13:02:28 - [TEST_STEP][PASSED] - click(findTestObject("object_invoce/new_invoice/new_invoice_sub/div_Poseidon")): Object: 'Object Repository/object_invoce/new_invoice/new_invoice_sub/div_Poseidon' is clicked on

2020-01-08 13:02:28 - [MESSAGE][PASSED] - Object: 'Object Repository/object_invoce/new_invoice/new_invoice_sub/div_Poseidon' is clicked on

2020-01-08 13:02:28 - [TEST_STEP][PASSED] - delay(3): Delayed 3 second(s)

2020-01-08 13:02:31 - [MESSAGE][PASSED] - Delayed 3 second(s)

2020-01-08 13:02:31 - [TEST_STEP][PASSED] - if (var_type == "BOARDING_SUITE"): Object: 'Object Repository/object_invoce/new_invoice/new_invoice_sub2/select_boarding_3' is clicked on

2020-01-08 13:02:31 - [TEST_STEP][PASSED] - click(findTestObject("object_invoce/new_invoice/new_invoice_sub2/select_boarding_3"), STOP_ON_FAILURE): Object: 'Object Repository/object_invoce/new_invoice/new_invoice_sub2/select_boarding_3' is clicked on

2020-01-08 13:02:33 - [MESSAGE][PASSED] - Object: 'Object Repository/object_invoce/new_invoice/new_invoice_sub2/select_boarding_3' is clicked on

2020-01-08 13:02:33 - [TEST_STEP][PASSED] - if (var_type == "DAYCARE_SUITE"): null

2020-01-08 13:02:33 - [TEST_STEP][PASSED] - if (var_type == "PACKAGE"): null

2020-01-08 13:02:33 - [TEST_STEP][PASSED] - delay(4): Delayed 4 second(s)

2020-01-08 13:02:37 - [MESSAGE][PASSED] - Delayed 4 second(s)

2020-01-08 13:02:37 - [TEST_STEP][PASSED] - sendKeys(findTestObject("object_invoce/new_invoice/new_invoice_sub3/input_item3"), var_item): Keys 'Oasis Suite' sent to object: 'Object Repository/object_invoce/new_invoice/new_invoice_sub3/input_item3'

2020-01-08 13:02:37 - [MESSAGE][PASSED] - Keys 'Oasis Suite' sent to object: 'Object Repository/object_invoce/new_invoice/new_invoice_sub3/input_item3'

2020-01-08 13:02:37 - [TEST_STEP][PASSED] - delay(4): Delayed 4 second(s)

2020-01-08 13:02:41 - [MESSAGE][PASSED] - Delayed 4 second(s)

2020-01-08 13:02:41 - [TEST_STEP][PASSED] - sendKeys(findTestObject("object_invoce/new_invoice/new_invoice_sub3/input_item3"), Keys.chord(ENTER)): Keys 'ENTER + ' sent to object: 'Object Repository/object_invoce/new_invoice/new_invoice_sub3/input_item3'

2020-01-08 13:02:44 - [MESSAGE][PASSED] - Keys 'ENTER + ' sent to object: 'Object Repository/object_invoce/new_invoice/new_invoice_sub3/input_item3'

2020-01-08 13:02:44 - [TEST_STEP][PASSED] - delay(2): Delayed 2 second(s)

2020-01-08 13:02:46 - [MESSAGE][PASSED] - Delayed 2 second(s)

2020-01-08 13:02:46 - [TEST_STEP][PASSED] - click(findTestObject("object_invoce/new_invoice/new_invoice_sub/button_Save_Taxe")): Object: 'Object Repository/object_invoce/new_invoice/new_invoice_sub/button_Save_Taxe' is clicked on

2020-01-08 13:02:54 - [MESSAGE][PASSED] - Object: 'Object Repository/object_invoce/new_invoice/new_invoice_sub/button_Save_Taxe' is clicked on

2020-01-08 13:02:54 - [TEST_STEP][PASSED] - delay(2): Delayed 2 second(s)

2020-01-08 13:02:56 - [MESSAGE][PASSED] - Delayed 2 second(s)

2020-01-08 13:02:56 - [TEST_STEP][PASSED] - delay(2): Delayed 2 second(s)

2020-01-08 13:02:58 - [MESSAGE][PASSED] - Delayed 2 second(s)

2020-01-08 13:02:58 - [TEST_STEP][PASSED] - var_url = getUrl(): Current window's url is: 'https://p4p-qa-bg.aws.paradise4paws.com/accounts/profile/#/invoice/122350/1795339/'

2020-01-08 13:02:58 - [MESSAGE][PASSED] - Current window's url is: 'https://p4p-qa-bg.aws.paradise4paws.com/accounts/profile/#/invoice/122350/1795339/'

2020-01-08 13:02:58 - [TEST_STEP][PASSED] - arrayUrl = var_url.split("/"): null

2020-01-08 13:02:58 - [TEST_STEP][PASSED] - delay(2): Delayed 2 second(s)

2020-01-08 13:03:00 - [MESSAGE][PASSED] - Delayed 2 second(s)

2020-01-08 13:03:00 - [TEST_STEP][PASSED] - cell = rowInv.createCell(9, 0): null

2020-01-08 13:03:00 - [TEST_STEP][PASSED] - cell.setCellType(CELL_TYPE_STRING): null

2020-01-08 13:03:00 - [TEST_STEP][PASSED] - cell.setCellValue(arrayUrl[8]): null

2020-01-08 13:03:00 - [TEST_STEP][PASSED] - delay(2): Delayed 2 second(s)

2020-01-08 13:03:02 - [MESSAGE][PASSED] - Delayed 2 second(s)

2020-01-08 13:03:02 - [TEST_STEP][PASSED] - cell2 = rowPay.createCell(5, 0): null

2020-01-08 13:03:02 - [TEST_STEP][PASSED] - cell2.setCellType(CELL_TYPE_STRING): null

2020-01-08 13:03:02 - [TEST_STEP][PASSED] - cell2.setCellValue(arrayUrl[8]): null

2020-01-08 13:03:02 - [TEST_STEP][PASSED] - delay(2): Delayed 2 second(s)

2020-01-08 13:03:04 - [MESSAGE][PASSED] - Delayed 2 second(s)

2020-01-08 13:03:04 - [TEST_STEP][PASSED] - fosInv = new java.io.FileOutputStream(/home/leonardo-arkusmty/Desktop/P4P/DATA_AUTOMATINTESTING/data_3createInvoice.xlsx): null

2020-01-08 13:03:04 - [TEST_STEP][PASSED] - workbookInv.write(fosInv): null

2020-01-08 13:03:04 - [TEST_STEP][PASSED] - fosInv.close(): null

2020-01-08 13:03:04 - [TEST_STEP][PASSED] - fosPay = new java.io.FileOutputStream(/home/leonardo-arkusmty/Desktop/P4P/DATA_AUTOMATINTESTING/data_4payment.xlsx): null

2020-01-08 13:03:04 - [TEST_STEP][PASSED] - workbookPay.write(fosPay): null

2020-01-08 13:03:04 - [TEST_STEP][PASSED] - fosPay.close(): null

2020-01-08 13:03:04 - [TEST_STEP][PASSED] - delay(2): Delayed 2 second(s)

2020-01-08 13:03:06 - [MESSAGE][PASSED] - Delayed 2 second(s)]]></system-out>
         <system-err><![CDATA[]]></system-err>
      </testcase>
      <testcase name="Test Cases/p4p_createInvoce_ok_spy" time="98.444" classname="Test Cases/p4p_createInvoce_ok_spy" status="ERROR">
         <error type="ERROR" message="Test Cases/p4p_createInvoce_ok_spy FAILED.
Reason:
java.lang.ArrayIndexOutOfBoundsException: 8
	at p4p_createInvoce_ok_spy.run(p4p_createInvoce_ok_spy:304)
	at com.kms.katalon.core.main.ScriptEngine.run(ScriptEngine.java:194)
	at com.kms.katalon.core.main.ScriptEngine.runScriptAsRawText(ScriptEngine.java:119)
	at com.kms.katalon.core.main.TestCaseExecutor.runScript(TestCaseExecutor.java:337)
	at com.kms.katalon.core.main.TestCaseExecutor.doExecute(TestCaseExecutor.java:328)
	at com.kms.katalon.core.main.TestCaseExecutor.processExecutionPhase(TestCaseExecutor.java:307)
	at com.kms.katalon.core.main.TestCaseExecutor.accessMainPhase(TestCaseExecutor.java:299)
	at com.kms.katalon.core.main.TestCaseExecutor.execute(TestCaseExecutor.java:233)
	at com.kms.katalon.core.main.TestSuiteExecutor.accessTestCaseMainPhase(TestSuiteExecutor.java:169)
	at com.kms.katalon.core.main.TestSuiteExecutor.accessTestSuiteMainPhase(TestSuiteExecutor.java:142)
	at com.kms.katalon.core.main.TestSuiteExecutor.execute(TestSuiteExecutor.java:91)
	at com.kms.katalon.core.main.TestCaseMain.startTestSuite(TestCaseMain.java:157)
	at com.kms.katalon.core.main.TestCaseMain$startTestSuite$0.call(Unknown Source)
	at TempTestSuite1578509679797.run(TempTestSuite1578509679797.groovy:36)
"/>
         <system-out><![CDATA[2020-01-08 13:03:06 - [TEST_CASE][ERROR] - Test Cases/p4p_createInvoce_ok_spy: Test Cases/p4p_createInvoce_ok_spy FAILED.
Reason:
java.lang.ArrayIndexOutOfBoundsException: 8
	at p4p_createInvoce_ok_spy.run(p4p_createInvoce_ok_spy:304)
	at com.kms.katalon.core.main.ScriptEngine.run(ScriptEngine.java:194)
	at com.kms.katalon.core.main.ScriptEngine.runScriptAsRawText(ScriptEngine.java:119)
	at com.kms.katalon.core.main.TestCaseExecutor.runScript(TestCaseExecutor.java:337)
	at com.kms.katalon.core.main.TestCaseExecutor.doExecute(TestCaseExecutor.java:328)
	at com.kms.katalon.core.main.TestCaseExecutor.processExecutionPhase(TestCaseExecutor.java:307)
	at com.kms.katalon.core.main.TestCaseExecutor.accessMainPhase(TestCaseExecutor.java:299)
	at com.kms.katalon.core.main.TestCaseExecutor.execute(TestCaseExecutor.java:233)
	at com.kms.katalon.core.main.TestSuiteExecutor.accessTestCaseMainPhase(TestSuiteExecutor.java:169)
	at com.kms.katalon.core.main.TestSuiteExecutor.accessTestSuiteMainPhase(TestSuiteExecutor.java:142)
	at com.kms.katalon.core.main.TestSuiteExecutor.execute(TestSuiteExecutor.java:91)
	at com.kms.katalon.core.main.TestCaseMain.startTestSuite(TestCaseMain.java:157)
	at com.kms.katalon.core.main.TestCaseMain$startTestSuite$0.call(Unknown Source)
	at TempTestSuite1578509679797.run(TempTestSuite1578509679797.groovy:36)


2020-01-08 13:03:06 - [TEST_STEP][PASSED] - openBrowser("https://p4p-qa-bg.aws.paradise4paws.com/login/"): Browser is opened with url: 'https://p4p-qa-bg.aws.paradise4paws.com/login/'

2020-01-08 13:03:06 - [MESSAGE][WARNING] - A browser is already opened. Closing browser and opening a new one

2020-01-08 13:03:06 - [MESSAGE][INFO] - Starting 'Chrome' driver

2020-01-08 13:03:08 - [MESSAGE][PASSED] - Browser is opened with url: 'https://p4p-qa-bg.aws.paradise4paws.com/login/'

2020-01-08 13:03:08 - [TEST_STEP][PASSED] - arryPets = var_pets.split(","): null

2020-01-08 13:03:08 - [TEST_STEP][PASSED] - flagBoar = "0": null

2020-01-08 13:03:08 - [TEST_STEP][PASSED] - log = new com.kms.katalon.core.logging.KeywordLogger(): null

2020-01-08 13:03:08 - [TEST_STEP][PASSED] - fisInv = new java.io.FileInputStream(/home/leonardo-arkusmty/Desktop/P4P/DATA_AUTOMATINTESTING/data_3createInvoice.xlsx): null

2020-01-08 13:03:08 - [TEST_STEP][PASSED] - fisPay = new java.io.FileInputStream(/home/leonardo-arkusmty/Desktop/P4P/DATA_AUTOMATINTESTING/data_4payment.xlsx): null

2020-01-08 13:03:08 - [TEST_STEP][PASSED] - workbookInv = new org.apache.poi.xssf.usermodel.XSSFWorkbook(fisInv): null

2020-01-08 13:03:08 - [TEST_STEP][PASSED] - workbookPay = new org.apache.poi.xssf.usermodel.XSSFWorkbook(fisPay): null

2020-01-08 13:03:08 - [TEST_STEP][PASSED] - sheetInv = workbookInv.getSheet("Sheet1"): null

2020-01-08 13:03:08 - [TEST_STEP][PASSED] - sheetPay = workbookPay.getSheet("Sheet1"): null

2020-01-08 13:03:08 - [TEST_STEP][PASSED] - var = Integer.parseInt(var_idRowRes): null

2020-01-08 13:03:08 - [TEST_STEP][PASSED] - rowInv = sheetInv.getRow(var): null

2020-01-08 13:03:08 - [TEST_STEP][PASSED] - rowPay = sheetPay.getRow(var): null

2020-01-08 13:03:08 - [TEST_STEP][PASSED] - today = new java.util.Date(): null

2020-01-08 13:03:08 - [TEST_STEP][PASSED] - todaysDate1 = today.format("mmm/dd/yy"): null

2020-01-08 13:03:08 - [TEST_STEP][PASSED] - todaysDate2 = today.format("dd/mm/yy"): null

2020-01-08 13:03:08 - [TEST_STEP][PASSED] - todaysDate3 = today.format("dd"): null

2020-01-08 13:03:08 - [TEST_STEP][PASSED] - nowTime = today.format("hhmm"): null

2020-01-08 13:03:08 - [TEST_STEP][PASSED] - setText(findTestObject("Object Repository/object_login/input_user"), var_user): Text 'jegchavez@gmail.com' is set on object 'Object Repository/object_login/input_user'

2020-01-08 13:03:09 - [MESSAGE][PASSED] - Text 'jegchavez@gmail.com' is set on object 'Object Repository/object_login/input_user'

2020-01-08 13:03:09 - [TEST_STEP][PASSED] - setText(findTestObject("Object Repository/object_login/input_pass"), var_pass): Text 'admin1' is set on object 'Object Repository/object_login/input_pass'

2020-01-08 13:03:09 - [MESSAGE][PASSED] - Text 'admin1' is set on object 'Object Repository/object_login/input_pass'

2020-01-08 13:03:09 - [TEST_STEP][PASSED] - delay(2): Delayed 2 second(s)

2020-01-08 13:03:11 - [MESSAGE][PASSED] - Delayed 2 second(s)

2020-01-08 13:03:11 - [TEST_STEP][PASSED] - verifyElementClickable(findTestObject("Object Repository/object_login/btn_login")): Object 'Object Repository/object_login/btn_login' is clickable

2020-01-08 13:03:12 - [MESSAGE][PASSED] - Object 'Object Repository/object_login/btn_login' is clickable

2020-01-08 13:03:12 - [TEST_STEP][PASSED] - click(findTestObject("Object Repository/object_login/btn_login")): Object: 'Object Repository/object_login/btn_login' is clicked on

2020-01-08 13:03:13 - [MESSAGE][PASSED] - Object: 'Object Repository/object_login/btn_login' is clicked on

2020-01-08 13:03:13 - [TEST_STEP][PASSED] - delay(2): Delayed 2 second(s)

2020-01-08 13:03:15 - [MESSAGE][PASSED] - Delayed 2 second(s)

2020-01-08 13:03:15 - [TEST_STEP][PASSED] - setText(findTestObject("Object Repository/object_dashboard_emp/input_search"), var_parent): Text 'leongarzagarza@hotmail.com' is set on object 'Object Repository/object_dashboard_emp/input_search'

2020-01-08 13:03:16 - [MESSAGE][PASSED] - Text 'leongarzagarza@hotmail.com' is set on object 'Object Repository/object_dashboard_emp/input_search'

2020-01-08 13:03:16 - [TEST_STEP][PASSED] - click(findTestObject("Object Repository/object_dashboard_emp/btn_accountSearch")): Object: 'Object Repository/object_dashboard_emp/btn_accountSearch' is clicked on

2020-01-08 13:03:16 - [MESSAGE][PASSED] - Object: 'Object Repository/object_dashboard_emp/btn_accountSearch' is clicked on

2020-01-08 13:03:16 - [TEST_STEP][PASSED] - delay(2): Delayed 2 second(s)

2020-01-08 13:03:18 - [MESSAGE][PASSED] - Delayed 2 second(s)

2020-01-08 13:03:18 - [TEST_STEP][PASSED] - click(findTestObject("Object Repository/object_accountInformation/a_TEST GABRIEL PROD")): Object: 'Object Repository/object_accountInformation/a_TEST GABRIEL PROD' is clicked on

2020-01-08 13:03:19 - [MESSAGE][PASSED] - Object: 'Object Repository/object_accountInformation/a_TEST GABRIEL PROD' is clicked on

2020-01-08 13:03:19 - [TEST_STEP][PASSED] - delay(2): Delayed 2 second(s)

2020-01-08 13:03:21 - [MESSAGE][PASSED] - Delayed 2 second(s)

2020-01-08 13:03:21 - [TEST_STEP][PASSED] - click(findTestObject("object_invoce/btn_createInvoice")): Object: 'Object Repository/object_invoce/btn_createInvoice' is clicked on

2020-01-08 13:03:23 - [MESSAGE][PASSED] - Object: 'Object Repository/object_invoce/btn_createInvoice' is clicked on

2020-01-08 13:03:23 - [TEST_STEP][PASSED] - delay(3): Delayed 3 second(s)

2020-01-08 13:03:26 - [MESSAGE][PASSED] - Delayed 3 second(s)

2020-01-08 13:03:26 - [TEST_STEP][PASSED] - if (arryPets.size() == 1): null

2020-01-08 13:03:26 - [TEST_STEP][PASSED] - if (arryPets.size() == 2): null

2020-01-08 13:03:26 - [TEST_STEP][PASSED] - if (arryPets.size() == 3): Delayed 2 second(s)

2020-01-08 13:03:26 - [TEST_STEP][PASSED] - log.logInfo("SIZE 3"): SIZE 3

2020-01-08 13:03:26 - [MESSAGE][INFO] - SIZE 3

2020-01-08 13:03:26 - [TEST_STEP][PASSED] - click(findTestObject("object_invoce/new_invoice/new_invoice_sub/btn_AddLineItem")): Object: 'Object Repository/object_invoce/new_invoice/new_invoice_sub/btn_AddLineItem' is clicked on

2020-01-08 13:03:27 - [MESSAGE][PASSED] - Object: 'Object Repository/object_invoce/new_invoice/new_invoice_sub/btn_AddLineItem' is clicked on

2020-01-08 13:03:27 - [TEST_STEP][PASSED] - delay(3): Delayed 3 second(s)

2020-01-08 13:03:30 - [MESSAGE][PASSED] - Delayed 3 second(s)

2020-01-08 13:03:30 - [TEST_STEP][PASSED] - click(findTestObject("object_invoce/new_invoice/new_invoice_sub/a_Taxes ()_select2-choice_1")): Object: 'Object Repository/object_invoce/new_invoice/new_invoice_sub/a_Taxes ()_select2-choice_1' is clicked on

2020-01-08 13:03:30 - [MESSAGE][PASSED] - Object: 'Object Repository/object_invoce/new_invoice/new_invoice_sub/a_Taxes ()_select2-choice_1' is clicked on

2020-01-08 13:03:30 - [TEST_STEP][PASSED] - delay(3): Delayed 3 second(s)

2020-01-08 13:03:33 - [MESSAGE][PASSED] - Delayed 3 second(s)

2020-01-08 13:03:33 - [TEST_STEP][PASSED] - click(findTestObject("object_invoce/new_invoice/new_invoice_sub/div_Zeus")): Object: 'Object Repository/object_invoce/new_invoice/new_invoice_sub/div_Zeus' is clicked on

2020-01-08 13:03:33 - [MESSAGE][PASSED] - Object: 'Object Repository/object_invoce/new_invoice/new_invoice_sub/div_Zeus' is clicked on

2020-01-08 13:03:33 - [TEST_STEP][NOT_RUN] - click(findTestObject("object_invoce/new_invoice/new_invoice_sub/b")): NOT_RUN: click(findTestObject("object_invoce/new_invoice/new_invoice_sub/b"))

2020-01-08 13:03:33 - [MESSAGE][NOT_RUN] - NOT_RUN: click(findTestObject("object_invoce/new_invoice/new_invoice_sub/b"))

2020-01-08 13:03:33 - [TEST_STEP][NOT_RUN] - click(findTestObject("object_invoce/new_invoice/new_invoice_sub/select_BOARDING_SUITEDAYCARE_SUITESPA_SUITE")): NOT_RUN: click(findTestObject("object_invoce/new_invoice/new_invoice_sub/select_BOARDING_SUITEDAYCARE_SUITESPA_SUITE"))

2020-01-08 13:03:33 - [MESSAGE][NOT_RUN] - NOT_RUN: click(findTestObject("object_invoce/new_invoice/new_invoice_sub/select_BOARDING_SUITEDAYCARE_SUITESPA_SUITE"))

2020-01-08 13:03:33 - [TEST_STEP][PASSED] - delay(3): Delayed 3 second(s)

2020-01-08 13:03:36 - [MESSAGE][PASSED] - Delayed 3 second(s)

2020-01-08 13:03:36 - [TEST_STEP][PASSED] - if (var_type == "BOARDING_SUITE"): null

2020-01-08 13:03:36 - [TEST_STEP][PASSED] - if (var_type == "DAYCARE_SUITE"): Object: 'Object Repository/object_invoce/new_invoice_ok_1/select_day' is clicked on

2020-01-08 13:03:36 - [TEST_STEP][PASSED] - click(findTestObject("object_invoce/new_invoice_ok_1/select_day"), STOP_ON_FAILURE): Object: 'Object Repository/object_invoce/new_invoice_ok_1/select_day' is clicked on

2020-01-08 13:03:37 - [MESSAGE][PASSED] - Object: 'Object Repository/object_invoce/new_invoice_ok_1/select_day' is clicked on

2020-01-08 13:03:37 - [TEST_STEP][PASSED] - if (var_type == "PACKAGE"): null

2020-01-08 13:03:37 - [TEST_STEP][PASSED] - delay(4): Delayed 4 second(s)

2020-01-08 13:03:41 - [MESSAGE][PASSED] - Delayed 4 second(s)

2020-01-08 13:03:41 - [TEST_STEP][PASSED] - sendKeys(findTestObject("object_invoce/new_invoice/new_invoice_sub/input_Taxes_Item_1"), var_item): Keys 'Half Day of Daycare' sent to object: 'Object Repository/object_invoce/new_invoice/new_invoice_sub/input_Taxes_Item_1'

2020-01-08 13:03:41 - [MESSAGE][PASSED] - Keys 'Half Day of Daycare' sent to object: 'Object Repository/object_invoce/new_invoice/new_invoice_sub/input_Taxes_Item_1'

2020-01-08 13:03:41 - [TEST_STEP][PASSED] - delay(4): Delayed 4 second(s)

2020-01-08 13:03:45 - [MESSAGE][PASSED] - Delayed 4 second(s)

2020-01-08 13:03:45 - [TEST_STEP][PASSED] - sendKeys(findTestObject("object_invoce/new_invoice/new_invoice_sub/input_Taxes_Item_1"), Keys.chord(ENTER)): Keys 'ENTER + ' sent to object: 'Object Repository/object_invoce/new_invoice/new_invoice_sub/input_Taxes_Item_1'

2020-01-08 13:03:46 - [MESSAGE][PASSED] - Keys 'ENTER + ' sent to object: 'Object Repository/object_invoce/new_invoice/new_invoice_sub/input_Taxes_Item_1'

2020-01-08 13:03:46 - [TEST_STEP][PASSED] - delay(4): Delayed 4 second(s)

2020-01-08 13:03:50 - [MESSAGE][PASSED] - Delayed 4 second(s)

2020-01-08 13:03:50 - [TEST_STEP][PASSED] - click(findTestObject("object_invoce/new_invoice/new_invoice_sub/btn_AddLineItem")): Object: 'Object Repository/object_invoce/new_invoice/new_invoice_sub/btn_AddLineItem' is clicked on

2020-01-08 13:03:50 - [MESSAGE][PASSED] - Object: 'Object Repository/object_invoce/new_invoice/new_invoice_sub/btn_AddLineItem' is clicked on

2020-01-08 13:03:50 - [TEST_STEP][PASSED] - delay(3): Delayed 3 second(s)

2020-01-08 13:03:53 - [MESSAGE][PASSED] - Delayed 3 second(s)

2020-01-08 13:03:53 - [TEST_STEP][PASSED] - click(findTestObject("object_invoce/new_invoice/new_invoice_sub2/a_Taxes ()_select2-choice_2")): Object: 'Object Repository/object_invoce/new_invoice/new_invoice_sub2/a_Taxes ()_select2-choice_2' is clicked on

2020-01-08 13:03:53 - [MESSAGE][PASSED] - Object: 'Object Repository/object_invoce/new_invoice/new_invoice_sub2/a_Taxes ()_select2-choice_2' is clicked on

2020-01-08 13:03:53 - [TEST_STEP][PASSED] - delay(3): Delayed 3 second(s)

2020-01-08 13:03:56 - [MESSAGE][PASSED] - Delayed 3 second(s)

2020-01-08 13:03:56 - [TEST_STEP][PASSED] - click(findTestObject("object_invoce/new_invoice/new_invoice_sub/div_Ares")): Object: 'Object Repository/object_invoce/new_invoice/new_invoice_sub/div_Ares' is clicked on

2020-01-08 13:03:57 - [MESSAGE][PASSED] - Object: 'Object Repository/object_invoce/new_invoice/new_invoice_sub/div_Ares' is clicked on

2020-01-08 13:03:57 - [TEST_STEP][NOT_RUN] - click(findTestObject("object_invoce/new_invoice/new_invoice_sub/b")): NOT_RUN: click(findTestObject("object_invoce/new_invoice/new_invoice_sub/b"))

2020-01-08 13:03:57 - [MESSAGE][NOT_RUN] - NOT_RUN: click(findTestObject("object_invoce/new_invoice/new_invoice_sub/b"))

2020-01-08 13:03:57 - [TEST_STEP][NOT_RUN] - click(findTestObject("object_invoce/new_invoice/new_invoice_sub/select_BOARDING_SUITEDAYCARE_SUITESPA_SUITE")): NOT_RUN: click(findTestObject("object_invoce/new_invoice/new_invoice_sub/select_BOARDING_SUITEDAYCARE_SUITESPA_SUITE"))

2020-01-08 13:03:57 - [MESSAGE][NOT_RUN] - NOT_RUN: click(findTestObject("object_invoce/new_invoice/new_invoice_sub/select_BOARDING_SUITEDAYCARE_SUITESPA_SUITE"))

2020-01-08 13:03:57 - [TEST_STEP][PASSED] - delay(3): Delayed 3 second(s)

2020-01-08 13:04:00 - [MESSAGE][PASSED] - Delayed 3 second(s)

2020-01-08 13:04:00 - [TEST_STEP][PASSED] - if (var_type == "BOARDING_SUITE"): null

2020-01-08 13:04:00 - [TEST_STEP][PASSED] - if (var_type == "DAYCARE_SUITE"): Object: 'Object Repository/object_invoce/new_invoice/new_invoice_sub2/select_day_2' is clicked on

2020-01-08 13:04:00 - [TEST_STEP][PASSED] - click(findTestObject("object_invoce/new_invoice/new_invoice_sub2/select_day_2"), STOP_ON_FAILURE): Object: 'Object Repository/object_invoce/new_invoice/new_invoice_sub2/select_day_2' is clicked on

2020-01-08 13:04:00 - [MESSAGE][PASSED] - Object: 'Object Repository/object_invoce/new_invoice/new_invoice_sub2/select_day_2' is clicked on

2020-01-08 13:04:00 - [TEST_STEP][PASSED] - if (var_type == "PACKAGE"): null

2020-01-08 13:04:00 - [TEST_STEP][PASSED] - delay(4): Delayed 4 second(s)

2020-01-08 13:04:04 - [MESSAGE][PASSED] - Delayed 4 second(s)

2020-01-08 13:04:04 - [TEST_STEP][PASSED] - sendKeys(findTestObject("object_invoce/new_invoice/new_invoice_sub2/input_Taxes_Item_2"), var_item): Keys 'Half Day of Daycare' sent to object: 'Object Repository/object_invoce/new_invoice/new_invoice_sub2/input_Taxes_Item_2'

2020-01-08 13:04:05 - [MESSAGE][PASSED] - Keys 'Half Day of Daycare' sent to object: 'Object Repository/object_invoce/new_invoice/new_invoice_sub2/input_Taxes_Item_2'

2020-01-08 13:04:05 - [TEST_STEP][PASSED] - delay(4): Delayed 4 second(s)

2020-01-08 13:04:09 - [MESSAGE][PASSED] - Delayed 4 second(s)

2020-01-08 13:04:09 - [TEST_STEP][PASSED] - sendKeys(findTestObject("object_invoce/new_invoice/new_invoice_sub2/input_Taxes_Item_2"), Keys.chord(ENTER)): Keys 'ENTER + ' sent to object: 'Object Repository/object_invoce/new_invoice/new_invoice_sub2/input_Taxes_Item_2'

2020-01-08 13:04:09 - [MESSAGE][PASSED] - Keys 'ENTER + ' sent to object: 'Object Repository/object_invoce/new_invoice/new_invoice_sub2/input_Taxes_Item_2'

2020-01-08 13:04:09 - [TEST_STEP][PASSED] - delay(4): Delayed 4 second(s)

2020-01-08 13:04:13 - [MESSAGE][PASSED] - Delayed 4 second(s)

2020-01-08 13:04:13 - [TEST_STEP][PASSED] - click(findTestObject("object_invoce/new_invoice/new_invoice_sub/btn_AddLineItem")): Object: 'Object Repository/object_invoce/new_invoice/new_invoice_sub/btn_AddLineItem' is clicked on

2020-01-08 13:04:13 - [MESSAGE][PASSED] - Object: 'Object Repository/object_invoce/new_invoice/new_invoice_sub/btn_AddLineItem' is clicked on

2020-01-08 13:04:13 - [TEST_STEP][PASSED] - delay(3): Delayed 3 second(s)

2020-01-08 13:04:16 - [MESSAGE][PASSED] - Delayed 3 second(s)

2020-01-08 13:04:16 - [TEST_STEP][PASSED] - click(findTestObject("object_invoce/new_invoice/new_invoice_sub2/a_Taxes ()_select2-choice_3")): Object: 'Object Repository/object_invoce/new_invoice/new_invoice_sub2/a_Taxes ()_select2-choice_3' is clicked on

2020-01-08 13:04:17 - [MESSAGE][PASSED] - Object: 'Object Repository/object_invoce/new_invoice/new_invoice_sub2/a_Taxes ()_select2-choice_3' is clicked on

2020-01-08 13:04:17 - [TEST_STEP][PASSED] - delay(3): Delayed 3 second(s)

2020-01-08 13:04:20 - [MESSAGE][PASSED] - Delayed 3 second(s)

2020-01-08 13:04:20 - [TEST_STEP][PASSED] - click(findTestObject("object_invoce/new_invoice/new_invoice_sub/div_Poseidon")): Object: 'Object Repository/object_invoce/new_invoice/new_invoice_sub/div_Poseidon' is clicked on

2020-01-08 13:04:20 - [MESSAGE][PASSED] - Object: 'Object Repository/object_invoce/new_invoice/new_invoice_sub/div_Poseidon' is clicked on

2020-01-08 13:04:20 - [TEST_STEP][PASSED] - delay(3): Delayed 3 second(s)

2020-01-08 13:04:23 - [MESSAGE][PASSED] - Delayed 3 second(s)

2020-01-08 13:04:23 - [TEST_STEP][PASSED] - if (var_type == "BOARDING_SUITE"): null

2020-01-08 13:04:23 - [TEST_STEP][PASSED] - if (var_type == "DAYCARE_SUITE"): Object: 'Object Repository/object_invoce/new_invoice/new_invoice_sub2/select_day_3' is clicked on

2020-01-08 13:04:23 - [TEST_STEP][PASSED] - click(findTestObject("object_invoce/new_invoice/new_invoice_sub2/select_day_3"), STOP_ON_FAILURE): Object: 'Object Repository/object_invoce/new_invoice/new_invoice_sub2/select_day_3' is clicked on

2020-01-08 13:04:23 - [MESSAGE][PASSED] - Object: 'Object Repository/object_invoce/new_invoice/new_invoice_sub2/select_day_3' is clicked on

2020-01-08 13:04:23 - [TEST_STEP][PASSED] - if (var_type == "PACKAGE"): null

2020-01-08 13:04:23 - [TEST_STEP][PASSED] - delay(4): Delayed 4 second(s)

2020-01-08 13:04:27 - [MESSAGE][PASSED] - Delayed 4 second(s)

2020-01-08 13:04:27 - [TEST_STEP][PASSED] - sendKeys(findTestObject("object_invoce/new_invoice/new_invoice_sub3/input_item3"), var_item): Keys 'Half Day of Daycare' sent to object: 'Object Repository/object_invoce/new_invoice/new_invoice_sub3/input_item3'

2020-01-08 13:04:28 - [MESSAGE][PASSED] - Keys 'Half Day of Daycare' sent to object: 'Object Repository/object_invoce/new_invoice/new_invoice_sub3/input_item3'

2020-01-08 13:04:28 - [TEST_STEP][PASSED] - delay(4): Delayed 4 second(s)

2020-01-08 13:04:32 - [MESSAGE][PASSED] - Delayed 4 second(s)

2020-01-08 13:04:32 - [TEST_STEP][PASSED] - sendKeys(findTestObject("object_invoce/new_invoice/new_invoice_sub3/input_item3"), Keys.chord(ENTER)): Keys 'ENTER + ' sent to object: 'Object Repository/object_invoce/new_invoice/new_invoice_sub3/input_item3'

2020-01-08 13:04:32 - [MESSAGE][PASSED] - Keys 'ENTER + ' sent to object: 'Object Repository/object_invoce/new_invoice/new_invoice_sub3/input_item3'

2020-01-08 13:04:32 - [TEST_STEP][PASSED] - delay(2): Delayed 2 second(s)

2020-01-08 13:04:34 - [MESSAGE][PASSED] - Delayed 2 second(s)

2020-01-08 13:04:34 - [TEST_STEP][PASSED] - click(findTestObject("object_invoce/new_invoice/new_invoice_sub/button_Save_Taxe")): Object: 'Object Repository/object_invoce/new_invoice/new_invoice_sub/button_Save_Taxe' is clicked on

2020-01-08 13:04:38 - [MESSAGE][PASSED] - Object: 'Object Repository/object_invoce/new_invoice/new_invoice_sub/button_Save_Taxe' is clicked on

2020-01-08 13:04:38 - [TEST_STEP][PASSED] - delay(2): Delayed 2 second(s)

2020-01-08 13:04:40 - [MESSAGE][PASSED] - Delayed 2 second(s)

2020-01-08 13:04:40 - [TEST_STEP][PASSED] - delay(2): Delayed 2 second(s)

2020-01-08 13:04:42 - [MESSAGE][PASSED] - Delayed 2 second(s)

2020-01-08 13:04:42 - [TEST_STEP][PASSED] - var_url = getUrl(): Current window's url is: 'https://p4p-qa-bg.aws.paradise4paws.com/dashboard/'

2020-01-08 13:04:42 - [MESSAGE][PASSED] - Current window's url is: 'https://p4p-qa-bg.aws.paradise4paws.com/dashboard/'

2020-01-08 13:04:42 - [TEST_STEP][PASSED] - arrayUrl = var_url.split("/"): null

2020-01-08 13:04:42 - [TEST_STEP][PASSED] - delay(2): Delayed 2 second(s)

2020-01-08 13:04:44 - [MESSAGE][PASSED] - Delayed 2 second(s)

2020-01-08 13:04:44 - [TEST_STEP][PASSED] - cell = rowInv.createCell(9, 0): null

2020-01-08 13:04:44 - [TEST_STEP][PASSED] - cell.setCellType(CELL_TYPE_STRING): null

2020-01-08 13:04:44 - [TEST_STEP][PASSED] - cell.setCellValue(arrayUrl[8]): null]]></system-out>
         <system-err><![CDATA[2020-01-08 13:03:06 - [TEST_CASE][ERROR] - Test Cases/p4p_createInvoce_ok_spy: Test Cases/p4p_createInvoce_ok_spy FAILED.
Reason:
java.lang.ArrayIndexOutOfBoundsException: 8
	at p4p_createInvoce_ok_spy.run(p4p_createInvoce_ok_spy:304)
	at com.kms.katalon.core.main.ScriptEngine.run(ScriptEngine.java:194)
	at com.kms.katalon.core.main.ScriptEngine.runScriptAsRawText(ScriptEngine.java:119)
	at com.kms.katalon.core.main.TestCaseExecutor.runScript(TestCaseExecutor.java:337)
	at com.kms.katalon.core.main.TestCaseExecutor.doExecute(TestCaseExecutor.java:328)
	at com.kms.katalon.core.main.TestCaseExecutor.processExecutionPhase(TestCaseExecutor.java:307)
	at com.kms.katalon.core.main.TestCaseExecutor.accessMainPhase(TestCaseExecutor.java:299)
	at com.kms.katalon.core.main.TestCaseExecutor.execute(TestCaseExecutor.java:233)
	at com.kms.katalon.core.main.TestSuiteExecutor.accessTestCaseMainPhase(TestSuiteExecutor.java:169)
	at com.kms.katalon.core.main.TestSuiteExecutor.accessTestSuiteMainPhase(TestSuiteExecutor.java:142)
	at com.kms.katalon.core.main.TestSuiteExecutor.execute(TestSuiteExecutor.java:91)
	at com.kms.katalon.core.main.TestCaseMain.startTestSuite(TestCaseMain.java:157)
	at com.kms.katalon.core.main.TestCaseMain$startTestSuite$0.call(Unknown Source)
	at TempTestSuite1578509679797.run(TempTestSuite1578509679797.groovy:36)]]></system-err>
      </testcase>
      <testcase name="Test Cases/p4p_createInvoce_ok_spy" time="98.169" classname="Test Cases/p4p_createInvoce_ok_spy" status="ERROR">
         <error type="ERROR" message="Test Cases/p4p_createInvoce_ok_spy FAILED.
Reason:
java.lang.ArrayIndexOutOfBoundsException: 8
	at p4p_createInvoce_ok_spy.run(p4p_createInvoce_ok_spy:304)
	at com.kms.katalon.core.main.ScriptEngine.run(ScriptEngine.java:194)
	at com.kms.katalon.core.main.ScriptEngine.runScriptAsRawText(ScriptEngine.java:119)
	at com.kms.katalon.core.main.TestCaseExecutor.runScript(TestCaseExecutor.java:337)
	at com.kms.katalon.core.main.TestCaseExecutor.doExecute(TestCaseExecutor.java:328)
	at com.kms.katalon.core.main.TestCaseExecutor.processExecutionPhase(TestCaseExecutor.java:307)
	at com.kms.katalon.core.main.TestCaseExecutor.accessMainPhase(TestCaseExecutor.java:299)
	at com.kms.katalon.core.main.TestCaseExecutor.execute(TestCaseExecutor.java:233)
	at com.kms.katalon.core.main.TestSuiteExecutor.accessTestCaseMainPhase(TestSuiteExecutor.java:169)
	at com.kms.katalon.core.main.TestSuiteExecutor.accessTestSuiteMainPhase(TestSuiteExecutor.java:142)
	at com.kms.katalon.core.main.TestSuiteExecutor.execute(TestSuiteExecutor.java:91)
	at com.kms.katalon.core.main.TestCaseMain.startTestSuite(TestCaseMain.java:157)
	at com.kms.katalon.core.main.TestCaseMain$startTestSuite$0.call(Unknown Source)
	at TempTestSuite1578509679797.run(TempTestSuite1578509679797.groovy:36)
"/>
         <system-out><![CDATA[2020-01-08 13:04:44 - [TEST_CASE][ERROR] - Test Cases/p4p_createInvoce_ok_spy: Test Cases/p4p_createInvoce_ok_spy FAILED.
Reason:
java.lang.ArrayIndexOutOfBoundsException: 8
	at p4p_createInvoce_ok_spy.run(p4p_createInvoce_ok_spy:304)
	at com.kms.katalon.core.main.ScriptEngine.run(ScriptEngine.java:194)
	at com.kms.katalon.core.main.ScriptEngine.runScriptAsRawText(ScriptEngine.java:119)
	at com.kms.katalon.core.main.TestCaseExecutor.runScript(TestCaseExecutor.java:337)
	at com.kms.katalon.core.main.TestCaseExecutor.doExecute(TestCaseExecutor.java:328)
	at com.kms.katalon.core.main.TestCaseExecutor.processExecutionPhase(TestCaseExecutor.java:307)
	at com.kms.katalon.core.main.TestCaseExecutor.accessMainPhase(TestCaseExecutor.java:299)
	at com.kms.katalon.core.main.TestCaseExecutor.execute(TestCaseExecutor.java:233)
	at com.kms.katalon.core.main.TestSuiteExecutor.accessTestCaseMainPhase(TestSuiteExecutor.java:169)
	at com.kms.katalon.core.main.TestSuiteExecutor.accessTestSuiteMainPhase(TestSuiteExecutor.java:142)
	at com.kms.katalon.core.main.TestSuiteExecutor.execute(TestSuiteExecutor.java:91)
	at com.kms.katalon.core.main.TestCaseMain.startTestSuite(TestCaseMain.java:157)
	at com.kms.katalon.core.main.TestCaseMain$startTestSuite$0.call(Unknown Source)
	at TempTestSuite1578509679797.run(TempTestSuite1578509679797.groovy:36)


2020-01-08 13:04:44 - [TEST_STEP][PASSED] - openBrowser("https://p4p-qa-bg.aws.paradise4paws.com/login/"): Browser is opened with url: 'https://p4p-qa-bg.aws.paradise4paws.com/login/'

2020-01-08 13:04:44 - [MESSAGE][WARNING] - A browser is already opened. Closing browser and opening a new one

2020-01-08 13:04:44 - [MESSAGE][INFO] - Starting 'Chrome' driver

2020-01-08 13:04:46 - [MESSAGE][PASSED] - Browser is opened with url: 'https://p4p-qa-bg.aws.paradise4paws.com/login/'

2020-01-08 13:04:46 - [TEST_STEP][PASSED] - arryPets = var_pets.split(","): null

2020-01-08 13:04:46 - [TEST_STEP][PASSED] - flagBoar = "0": null

2020-01-08 13:04:46 - [TEST_STEP][PASSED] - log = new com.kms.katalon.core.logging.KeywordLogger(): null

2020-01-08 13:04:46 - [TEST_STEP][PASSED] - fisInv = new java.io.FileInputStream(/home/leonardo-arkusmty/Desktop/P4P/DATA_AUTOMATINTESTING/data_3createInvoice.xlsx): null

2020-01-08 13:04:46 - [TEST_STEP][PASSED] - fisPay = new java.io.FileInputStream(/home/leonardo-arkusmty/Desktop/P4P/DATA_AUTOMATINTESTING/data_4payment.xlsx): null

2020-01-08 13:04:46 - [TEST_STEP][PASSED] - workbookInv = new org.apache.poi.xssf.usermodel.XSSFWorkbook(fisInv): null

2020-01-08 13:04:46 - [TEST_STEP][PASSED] - workbookPay = new org.apache.poi.xssf.usermodel.XSSFWorkbook(fisPay): null

2020-01-08 13:04:46 - [TEST_STEP][PASSED] - sheetInv = workbookInv.getSheet("Sheet1"): null

2020-01-08 13:04:46 - [TEST_STEP][PASSED] - sheetPay = workbookPay.getSheet("Sheet1"): null

2020-01-08 13:04:46 - [TEST_STEP][PASSED] - var = Integer.parseInt(var_idRowRes): null

2020-01-08 13:04:46 - [TEST_STEP][PASSED] - rowInv = sheetInv.getRow(var): null

2020-01-08 13:04:46 - [TEST_STEP][PASSED] - rowPay = sheetPay.getRow(var): null

2020-01-08 13:04:46 - [TEST_STEP][PASSED] - today = new java.util.Date(): null

2020-01-08 13:04:46 - [TEST_STEP][PASSED] - todaysDate1 = today.format("mmm/dd/yy"): null

2020-01-08 13:04:46 - [TEST_STEP][PASSED] - todaysDate2 = today.format("dd/mm/yy"): null

2020-01-08 13:04:46 - [TEST_STEP][PASSED] - todaysDate3 = today.format("dd"): null

2020-01-08 13:04:46 - [TEST_STEP][PASSED] - nowTime = today.format("hhmm"): null

2020-01-08 13:04:46 - [TEST_STEP][PASSED] - setText(findTestObject("Object Repository/object_login/input_user"), var_user): Text 'jegchavez@gmail.com' is set on object 'Object Repository/object_login/input_user'

2020-01-08 13:04:47 - [MESSAGE][PASSED] - Text 'jegchavez@gmail.com' is set on object 'Object Repository/object_login/input_user'

2020-01-08 13:04:47 - [TEST_STEP][PASSED] - setText(findTestObject("Object Repository/object_login/input_pass"), var_pass): Text 'admin1' is set on object 'Object Repository/object_login/input_pass'

2020-01-08 13:04:47 - [MESSAGE][PASSED] - Text 'admin1' is set on object 'Object Repository/object_login/input_pass'

2020-01-08 13:04:47 - [TEST_STEP][PASSED] - delay(2): Delayed 2 second(s)

2020-01-08 13:04:49 - [MESSAGE][PASSED] - Delayed 2 second(s)

2020-01-08 13:04:49 - [TEST_STEP][PASSED] - verifyElementClickable(findTestObject("Object Repository/object_login/btn_login")): Object 'Object Repository/object_login/btn_login' is clickable

2020-01-08 13:04:50 - [MESSAGE][PASSED] - Object 'Object Repository/object_login/btn_login' is clickable

2020-01-08 13:04:50 - [TEST_STEP][PASSED] - click(findTestObject("Object Repository/object_login/btn_login")): Object: 'Object Repository/object_login/btn_login' is clicked on

2020-01-08 13:04:51 - [MESSAGE][PASSED] - Object: 'Object Repository/object_login/btn_login' is clicked on

2020-01-08 13:04:51 - [TEST_STEP][PASSED] - delay(2): Delayed 2 second(s)

2020-01-08 13:04:53 - [MESSAGE][PASSED] - Delayed 2 second(s)

2020-01-08 13:04:53 - [TEST_STEP][PASSED] - setText(findTestObject("Object Repository/object_dashboard_emp/input_search"), var_parent): Text 'leongarzagarza@hotmail.com' is set on object 'Object Repository/object_dashboard_emp/input_search'

2020-01-08 13:04:54 - [MESSAGE][PASSED] - Text 'leongarzagarza@hotmail.com' is set on object 'Object Repository/object_dashboard_emp/input_search'

2020-01-08 13:04:54 - [TEST_STEP][PASSED] - click(findTestObject("Object Repository/object_dashboard_emp/btn_accountSearch")): Object: 'Object Repository/object_dashboard_emp/btn_accountSearch' is clicked on

2020-01-08 13:04:54 - [MESSAGE][PASSED] - Object: 'Object Repository/object_dashboard_emp/btn_accountSearch' is clicked on

2020-01-08 13:04:54 - [TEST_STEP][PASSED] - delay(2): Delayed 2 second(s)

2020-01-08 13:04:56 - [MESSAGE][PASSED] - Delayed 2 second(s)

2020-01-08 13:04:56 - [TEST_STEP][PASSED] - click(findTestObject("Object Repository/object_accountInformation/a_TEST GABRIEL PROD")): Object: 'Object Repository/object_accountInformation/a_TEST GABRIEL PROD' is clicked on

2020-01-08 13:04:57 - [MESSAGE][PASSED] - Object: 'Object Repository/object_accountInformation/a_TEST GABRIEL PROD' is clicked on

2020-01-08 13:04:57 - [TEST_STEP][PASSED] - delay(2): Delayed 2 second(s)

2020-01-08 13:04:59 - [MESSAGE][PASSED] - Delayed 2 second(s)

2020-01-08 13:04:59 - [TEST_STEP][PASSED] - click(findTestObject("object_invoce/btn_createInvoice")): Object: 'Object Repository/object_invoce/btn_createInvoice' is clicked on

2020-01-08 13:05:02 - [MESSAGE][PASSED] - Object: 'Object Repository/object_invoce/btn_createInvoice' is clicked on

2020-01-08 13:05:02 - [TEST_STEP][PASSED] - delay(3): Delayed 3 second(s)

2020-01-08 13:05:05 - [MESSAGE][PASSED] - Delayed 3 second(s)

2020-01-08 13:05:05 - [TEST_STEP][PASSED] - if (arryPets.size() == 1): null

2020-01-08 13:05:05 - [TEST_STEP][PASSED] - if (arryPets.size() == 2): null

2020-01-08 13:05:05 - [TEST_STEP][PASSED] - if (arryPets.size() == 3): Delayed 2 second(s)

2020-01-08 13:05:05 - [TEST_STEP][PASSED] - log.logInfo("SIZE 3"): SIZE 3

2020-01-08 13:05:05 - [MESSAGE][INFO] - SIZE 3

2020-01-08 13:05:05 - [TEST_STEP][PASSED] - click(findTestObject("object_invoce/new_invoice/new_invoice_sub/btn_AddLineItem")): Object: 'Object Repository/object_invoce/new_invoice/new_invoice_sub/btn_AddLineItem' is clicked on

2020-01-08 13:05:05 - [MESSAGE][PASSED] - Object: 'Object Repository/object_invoce/new_invoice/new_invoice_sub/btn_AddLineItem' is clicked on

2020-01-08 13:05:05 - [TEST_STEP][PASSED] - delay(3): Delayed 3 second(s)

2020-01-08 13:05:08 - [MESSAGE][PASSED] - Delayed 3 second(s)

2020-01-08 13:05:08 - [TEST_STEP][PASSED] - click(findTestObject("object_invoce/new_invoice/new_invoice_sub/a_Taxes ()_select2-choice_1")): Object: 'Object Repository/object_invoce/new_invoice/new_invoice_sub/a_Taxes ()_select2-choice_1' is clicked on

2020-01-08 13:05:08 - [MESSAGE][PASSED] - Object: 'Object Repository/object_invoce/new_invoice/new_invoice_sub/a_Taxes ()_select2-choice_1' is clicked on

2020-01-08 13:05:08 - [TEST_STEP][PASSED] - delay(3): Delayed 3 second(s)

2020-01-08 13:05:11 - [MESSAGE][PASSED] - Delayed 3 second(s)

2020-01-08 13:05:11 - [TEST_STEP][PASSED] - click(findTestObject("object_invoce/new_invoice/new_invoice_sub/div_Zeus")): Object: 'Object Repository/object_invoce/new_invoice/new_invoice_sub/div_Zeus' is clicked on

2020-01-08 13:05:12 - [MESSAGE][PASSED] - Object: 'Object Repository/object_invoce/new_invoice/new_invoice_sub/div_Zeus' is clicked on

2020-01-08 13:05:12 - [TEST_STEP][NOT_RUN] - click(findTestObject("object_invoce/new_invoice/new_invoice_sub/b")): NOT_RUN: click(findTestObject("object_invoce/new_invoice/new_invoice_sub/b"))

2020-01-08 13:05:12 - [MESSAGE][NOT_RUN] - NOT_RUN: click(findTestObject("object_invoce/new_invoice/new_invoice_sub/b"))

2020-01-08 13:05:12 - [TEST_STEP][NOT_RUN] - click(findTestObject("object_invoce/new_invoice/new_invoice_sub/select_BOARDING_SUITEDAYCARE_SUITESPA_SUITE")): NOT_RUN: click(findTestObject("object_invoce/new_invoice/new_invoice_sub/select_BOARDING_SUITEDAYCARE_SUITESPA_SUITE"))

2020-01-08 13:05:12 - [MESSAGE][NOT_RUN] - NOT_RUN: click(findTestObject("object_invoce/new_invoice/new_invoice_sub/select_BOARDING_SUITEDAYCARE_SUITESPA_SUITE"))

2020-01-08 13:05:12 - [TEST_STEP][PASSED] - delay(3): Delayed 3 second(s)

2020-01-08 13:05:15 - [MESSAGE][PASSED] - Delayed 3 second(s)

2020-01-08 13:05:15 - [TEST_STEP][PASSED] - if (var_type == "BOARDING_SUITE"): null

2020-01-08 13:05:15 - [TEST_STEP][PASSED] - if (var_type == "DAYCARE_SUITE"): null

2020-01-08 13:05:15 - [TEST_STEP][PASSED] - if (var_type == "PACKAGE"): Object: 'Object Repository/object_invoce/new_invoice_ok_1/select_package' is clicked on

2020-01-08 13:05:15 - [TEST_STEP][PASSED] - click(findTestObject("object_invoce/new_invoice_ok_1/select_package"), STOP_ON_FAILURE): Object: 'Object Repository/object_invoce/new_invoice_ok_1/select_package' is clicked on

2020-01-08 13:05:15 - [MESSAGE][PASSED] - Object: 'Object Repository/object_invoce/new_invoice_ok_1/select_package' is clicked on

2020-01-08 13:05:15 - [TEST_STEP][PASSED] - delay(4): Delayed 4 second(s)

2020-01-08 13:05:19 - [MESSAGE][PASSED] - Delayed 4 second(s)

2020-01-08 13:05:19 - [TEST_STEP][PASSED] - sendKeys(findTestObject("object_invoce/new_invoice/new_invoice_sub/input_Taxes_Item_1"), var_item): Keys 'M2M Monthly Membership' sent to object: 'Object Repository/object_invoce/new_invoice/new_invoice_sub/input_Taxes_Item_1'

2020-01-08 13:05:20 - [MESSAGE][PASSED] - Keys 'M2M Monthly Membership' sent to object: 'Object Repository/object_invoce/new_invoice/new_invoice_sub/input_Taxes_Item_1'

2020-01-08 13:05:20 - [TEST_STEP][PASSED] - delay(4): Delayed 4 second(s)

2020-01-08 13:05:24 - [MESSAGE][PASSED] - Delayed 4 second(s)

2020-01-08 13:05:24 - [TEST_STEP][PASSED] - sendKeys(findTestObject("object_invoce/new_invoice/new_invoice_sub/input_Taxes_Item_1"), Keys.chord(ENTER)): Keys 'ENTER + ' sent to object: 'Object Repository/object_invoce/new_invoice/new_invoice_sub/input_Taxes_Item_1'

2020-01-08 13:05:24 - [MESSAGE][PASSED] - Keys 'ENTER + ' sent to object: 'Object Repository/object_invoce/new_invoice/new_invoice_sub/input_Taxes_Item_1'

2020-01-08 13:05:24 - [TEST_STEP][PASSED] - delay(4): Delayed 4 second(s)

2020-01-08 13:05:28 - [MESSAGE][PASSED] - Delayed 4 second(s)

2020-01-08 13:05:28 - [TEST_STEP][PASSED] - click(findTestObject("object_invoce/new_invoice/new_invoice_sub/btn_AddLineItem")): Object: 'Object Repository/object_invoce/new_invoice/new_invoice_sub/btn_AddLineItem' is clicked on

2020-01-08 13:05:28 - [MESSAGE][PASSED] - Object: 'Object Repository/object_invoce/new_invoice/new_invoice_sub/btn_AddLineItem' is clicked on

2020-01-08 13:05:28 - [TEST_STEP][PASSED] - delay(3): Delayed 3 second(s)

2020-01-08 13:05:31 - [MESSAGE][PASSED] - Delayed 3 second(s)

2020-01-08 13:05:31 - [TEST_STEP][PASSED] - click(findTestObject("object_invoce/new_invoice/new_invoice_sub2/a_Taxes ()_select2-choice_2")): Object: 'Object Repository/object_invoce/new_invoice/new_invoice_sub2/a_Taxes ()_select2-choice_2' is clicked on

2020-01-08 13:05:32 - [MESSAGE][PASSED] - Object: 'Object Repository/object_invoce/new_invoice/new_invoice_sub2/a_Taxes ()_select2-choice_2' is clicked on

2020-01-08 13:05:32 - [TEST_STEP][PASSED] - delay(3): Delayed 3 second(s)

2020-01-08 13:05:35 - [MESSAGE][PASSED] - Delayed 3 second(s)

2020-01-08 13:05:35 - [TEST_STEP][PASSED] - click(findTestObject("object_invoce/new_invoice/new_invoice_sub/div_Ares")): Object: 'Object Repository/object_invoce/new_invoice/new_invoice_sub/div_Ares' is clicked on

2020-01-08 13:05:35 - [MESSAGE][PASSED] - Object: 'Object Repository/object_invoce/new_invoice/new_invoice_sub/div_Ares' is clicked on

2020-01-08 13:05:35 - [TEST_STEP][NOT_RUN] - click(findTestObject("object_invoce/new_invoice/new_invoice_sub/b")): NOT_RUN: click(findTestObject("object_invoce/new_invoice/new_invoice_sub/b"))

2020-01-08 13:05:35 - [MESSAGE][NOT_RUN] - NOT_RUN: click(findTestObject("object_invoce/new_invoice/new_invoice_sub/b"))

2020-01-08 13:05:35 - [TEST_STEP][NOT_RUN] - click(findTestObject("object_invoce/new_invoice/new_invoice_sub/select_BOARDING_SUITEDAYCARE_SUITESPA_SUITE")): NOT_RUN: click(findTestObject("object_invoce/new_invoice/new_invoice_sub/select_BOARDING_SUITEDAYCARE_SUITESPA_SUITE"))

2020-01-08 13:05:35 - [MESSAGE][NOT_RUN] - NOT_RUN: click(findTestObject("object_invoce/new_invoice/new_invoice_sub/select_BOARDING_SUITEDAYCARE_SUITESPA_SUITE"))

2020-01-08 13:05:35 - [TEST_STEP][PASSED] - delay(3): Delayed 3 second(s)

2020-01-08 13:05:38 - [MESSAGE][PASSED] - Delayed 3 second(s)

2020-01-08 13:05:38 - [TEST_STEP][PASSED] - if (var_type == "BOARDING_SUITE"): null

2020-01-08 13:05:38 - [TEST_STEP][PASSED] - if (var_type == "DAYCARE_SUITE"): null

2020-01-08 13:05:38 - [TEST_STEP][PASSED] - if (var_type == "PACKAGE"): Object: 'Object Repository/object_invoce/new_invoice/new_invoice_sub2/select_package_2' is clicked on

2020-01-08 13:05:38 - [TEST_STEP][PASSED] - click(findTestObject("object_invoce/new_invoice/new_invoice_sub2/select_package_2"), STOP_ON_FAILURE): Object: 'Object Repository/object_invoce/new_invoice/new_invoice_sub2/select_package_2' is clicked on

2020-01-08 13:05:38 - [MESSAGE][PASSED] - Object: 'Object Repository/object_invoce/new_invoice/new_invoice_sub2/select_package_2' is clicked on

2020-01-08 13:05:38 - [TEST_STEP][PASSED] - delay(4): Delayed 4 second(s)

2020-01-08 13:05:42 - [MESSAGE][PASSED] - Delayed 4 second(s)

2020-01-08 13:05:42 - [TEST_STEP][PASSED] - sendKeys(findTestObject("object_invoce/new_invoice/new_invoice_sub2/input_Taxes_Item_2"), var_item): Keys 'M2M Monthly Membership' sent to object: 'Object Repository/object_invoce/new_invoice/new_invoice_sub2/input_Taxes_Item_2'

2020-01-08 13:05:43 - [MESSAGE][PASSED] - Keys 'M2M Monthly Membership' sent to object: 'Object Repository/object_invoce/new_invoice/new_invoice_sub2/input_Taxes_Item_2'

2020-01-08 13:05:43 - [TEST_STEP][PASSED] - delay(4): Delayed 4 second(s)

2020-01-08 13:05:47 - [MESSAGE][PASSED] - Delayed 4 second(s)

2020-01-08 13:05:47 - [TEST_STEP][PASSED] - sendKeys(findTestObject("object_invoce/new_invoice/new_invoice_sub2/input_Taxes_Item_2"), Keys.chord(ENTER)): Keys 'ENTER + ' sent to object: 'Object Repository/object_invoce/new_invoice/new_invoice_sub2/input_Taxes_Item_2'

2020-01-08 13:05:47 - [MESSAGE][PASSED] - Keys 'ENTER + ' sent to object: 'Object Repository/object_invoce/new_invoice/new_invoice_sub2/input_Taxes_Item_2'

2020-01-08 13:05:47 - [TEST_STEP][PASSED] - delay(4): Delayed 4 second(s)

2020-01-08 13:05:51 - [MESSAGE][PASSED] - Delayed 4 second(s)

2020-01-08 13:05:51 - [TEST_STEP][PASSED] - click(findTestObject("object_invoce/new_invoice/new_invoice_sub/btn_AddLineItem")): Object: 'Object Repository/object_invoce/new_invoice/new_invoice_sub/btn_AddLineItem' is clicked on

2020-01-08 13:05:52 - [MESSAGE][PASSED] - Object: 'Object Repository/object_invoce/new_invoice/new_invoice_sub/btn_AddLineItem' is clicked on

2020-01-08 13:05:52 - [TEST_STEP][PASSED] - delay(3): Delayed 3 second(s)

2020-01-08 13:05:55 - [MESSAGE][PASSED] - Delayed 3 second(s)

2020-01-08 13:05:55 - [TEST_STEP][PASSED] - click(findTestObject("object_invoce/new_invoice/new_invoice_sub2/a_Taxes ()_select2-choice_3")): Object: 'Object Repository/object_invoce/new_invoice/new_invoice_sub2/a_Taxes ()_select2-choice_3' is clicked on

2020-01-08 13:05:55 - [MESSAGE][PASSED] - Object: 'Object Repository/object_invoce/new_invoice/new_invoice_sub2/a_Taxes ()_select2-choice_3' is clicked on

2020-01-08 13:05:55 - [TEST_STEP][PASSED] - delay(3): Delayed 3 second(s)

2020-01-08 13:05:58 - [MESSAGE][PASSED] - Delayed 3 second(s)

2020-01-08 13:05:58 - [TEST_STEP][PASSED] - click(findTestObject("object_invoce/new_invoice/new_invoice_sub/div_Poseidon")): Object: 'Object Repository/object_invoce/new_invoice/new_invoice_sub/div_Poseidon' is clicked on

2020-01-08 13:05:58 - [MESSAGE][PASSED] - Object: 'Object Repository/object_invoce/new_invoice/new_invoice_sub/div_Poseidon' is clicked on

2020-01-08 13:05:58 - [TEST_STEP][PASSED] - delay(3): Delayed 3 second(s)

2020-01-08 13:06:01 - [MESSAGE][PASSED] - Delayed 3 second(s)

2020-01-08 13:06:01 - [TEST_STEP][PASSED] - if (var_type == "BOARDING_SUITE"): null

2020-01-08 13:06:01 - [TEST_STEP][PASSED] - if (var_type == "DAYCARE_SUITE"): null

2020-01-08 13:06:01 - [TEST_STEP][PASSED] - if (var_type == "PACKAGE"): Object: 'Object Repository/object_invoce/new_invoice/new_invoice_sub2/select_package_3' is clicked on

2020-01-08 13:06:01 - [TEST_STEP][PASSED] - click(findTestObject("object_invoce/new_invoice/new_invoice_sub2/select_package_3"), STOP_ON_FAILURE): Object: 'Object Repository/object_invoce/new_invoice/new_invoice_sub2/select_package_3' is clicked on

2020-01-08 13:06:02 - [MESSAGE][PASSED] - Object: 'Object Repository/object_invoce/new_invoice/new_invoice_sub2/select_package_3' is clicked on

2020-01-08 13:06:02 - [TEST_STEP][PASSED] - delay(4): Delayed 4 second(s)

2020-01-08 13:06:06 - [MESSAGE][PASSED] - Delayed 4 second(s)

2020-01-08 13:06:06 - [TEST_STEP][PASSED] - sendKeys(findTestObject("object_invoce/new_invoice/new_invoice_sub3/input_item3"), var_item): Keys 'M2M Monthly Membership' sent to object: 'Object Repository/object_invoce/new_invoice/new_invoice_sub3/input_item3'

2020-01-08 13:06:06 - [MESSAGE][PASSED] - Keys 'M2M Monthly Membership' sent to object: 'Object Repository/object_invoce/new_invoice/new_invoice_sub3/input_item3'

2020-01-08 13:06:06 - [TEST_STEP][PASSED] - delay(4): Delayed 4 second(s)

2020-01-08 13:06:10 - [MESSAGE][PASSED] - Delayed 4 second(s)

2020-01-08 13:06:10 - [TEST_STEP][PASSED] - sendKeys(findTestObject("object_invoce/new_invoice/new_invoice_sub3/input_item3"), Keys.chord(ENTER)): Keys 'ENTER + ' sent to object: 'Object Repository/object_invoce/new_invoice/new_invoice_sub3/input_item3'

2020-01-08 13:06:11 - [MESSAGE][PASSED] - Keys 'ENTER + ' sent to object: 'Object Repository/object_invoce/new_invoice/new_invoice_sub3/input_item3'

2020-01-08 13:06:11 - [TEST_STEP][PASSED] - delay(2): Delayed 2 second(s)

2020-01-08 13:06:13 - [MESSAGE][PASSED] - Delayed 2 second(s)

2020-01-08 13:06:13 - [TEST_STEP][PASSED] - click(findTestObject("object_invoce/new_invoice/new_invoice_sub/button_Save_Taxe")): Object: 'Object Repository/object_invoce/new_invoice/new_invoice_sub/button_Save_Taxe' is clicked on

2020-01-08 13:06:16 - [MESSAGE][PASSED] - Object: 'Object Repository/object_invoce/new_invoice/new_invoice_sub/button_Save_Taxe' is clicked on

2020-01-08 13:06:16 - [TEST_STEP][PASSED] - delay(2): Delayed 2 second(s)

2020-01-08 13:06:18 - [MESSAGE][PASSED] - Delayed 2 second(s)

2020-01-08 13:06:18 - [TEST_STEP][PASSED] - delay(2): Delayed 2 second(s)

2020-01-08 13:06:20 - [MESSAGE][PASSED] - Delayed 2 second(s)

2020-01-08 13:06:20 - [TEST_STEP][PASSED] - var_url = getUrl(): Current window's url is: 'https://p4p-qa-bg.aws.paradise4paws.com/dashboard/'

2020-01-08 13:06:20 - [MESSAGE][PASSED] - Current window's url is: 'https://p4p-qa-bg.aws.paradise4paws.com/dashboard/'

2020-01-08 13:06:20 - [TEST_STEP][PASSED] - arrayUrl = var_url.split("/"): null

2020-01-08 13:06:20 - [TEST_STEP][PASSED] - delay(2): Delayed 2 second(s)

2020-01-08 13:06:22 - [MESSAGE][PASSED] - Delayed 2 second(s)

2020-01-08 13:06:22 - [TEST_STEP][PASSED] - cell = rowInv.createCell(9, 0): null

2020-01-08 13:06:22 - [TEST_STEP][PASSED] - cell.setCellType(CELL_TYPE_STRING): null

2020-01-08 13:06:22 - [TEST_STEP][PASSED] - cell.setCellValue(arrayUrl[8]): null]]></system-out>
         <system-err><![CDATA[2020-01-08 13:04:44 - [TEST_CASE][ERROR] - Test Cases/p4p_createInvoce_ok_spy: Test Cases/p4p_createInvoce_ok_spy FAILED.
Reason:
java.lang.ArrayIndexOutOfBoundsException: 8
	at p4p_createInvoce_ok_spy.run(p4p_createInvoce_ok_spy:304)
	at com.kms.katalon.core.main.ScriptEngine.run(ScriptEngine.java:194)
	at com.kms.katalon.core.main.ScriptEngine.runScriptAsRawText(ScriptEngine.java:119)
	at com.kms.katalon.core.main.TestCaseExecutor.runScript(TestCaseExecutor.java:337)
	at com.kms.katalon.core.main.TestCaseExecutor.doExecute(TestCaseExecutor.java:328)
	at com.kms.katalon.core.main.TestCaseExecutor.processExecutionPhase(TestCaseExecutor.java:307)
	at com.kms.katalon.core.main.TestCaseExecutor.accessMainPhase(TestCaseExecutor.java:299)
	at com.kms.katalon.core.main.TestCaseExecutor.execute(TestCaseExecutor.java:233)
	at com.kms.katalon.core.main.TestSuiteExecutor.accessTestCaseMainPhase(TestSuiteExecutor.java:169)
	at com.kms.katalon.core.main.TestSuiteExecutor.accessTestSuiteMainPhase(TestSuiteExecutor.java:142)
	at com.kms.katalon.core.main.TestSuiteExecutor.execute(TestSuiteExecutor.java:91)
	at com.kms.katalon.core.main.TestCaseMain.startTestSuite(TestCaseMain.java:157)
	at com.kms.katalon.core.main.TestCaseMain$startTestSuite$0.call(Unknown Source)
	at TempTestSuite1578509679797.run(TempTestSuite1578509679797.groovy:36)]]></system-err>
      </testcase>
      <testcase name="Test Cases/p4p_createInvoce_ok_spy" time="59.642" classname="Test Cases/p4p_createInvoce_ok_spy" status="PASSED">
         <system-out><![CDATA[2020-01-08 13:06:22 - [TEST_CASE][PASSED] - Test Cases/p4p_createInvoce_ok_spy: Test Cases/p4p_createInvoce_ok_spy

2020-01-08 13:06:22 - [TEST_STEP][PASSED] - openBrowser("https://p4p-qa-bg.aws.paradise4paws.com/login/"): Browser is opened with url: 'https://p4p-qa-bg.aws.paradise4paws.com/login/'

2020-01-08 13:06:22 - [MESSAGE][WARNING] - A browser is already opened. Closing browser and opening a new one

2020-01-08 13:06:23 - [MESSAGE][INFO] - Starting 'Chrome' driver

2020-01-08 13:06:25 - [MESSAGE][PASSED] - Browser is opened with url: 'https://p4p-qa-bg.aws.paradise4paws.com/login/'

2020-01-08 13:06:25 - [TEST_STEP][PASSED] - arryPets = var_pets.split(","): null

2020-01-08 13:06:25 - [TEST_STEP][PASSED] - flagBoar = "0": null

2020-01-08 13:06:25 - [TEST_STEP][PASSED] - log = new com.kms.katalon.core.logging.KeywordLogger(): null

2020-01-08 13:06:25 - [TEST_STEP][PASSED] - fisInv = new java.io.FileInputStream(/home/leonardo-arkusmty/Desktop/P4P/DATA_AUTOMATINTESTING/data_3createInvoice.xlsx): null

2020-01-08 13:06:25 - [TEST_STEP][PASSED] - fisPay = new java.io.FileInputStream(/home/leonardo-arkusmty/Desktop/P4P/DATA_AUTOMATINTESTING/data_4payment.xlsx): null

2020-01-08 13:06:25 - [TEST_STEP][PASSED] - workbookInv = new org.apache.poi.xssf.usermodel.XSSFWorkbook(fisInv): null

2020-01-08 13:06:25 - [TEST_STEP][PASSED] - workbookPay = new org.apache.poi.xssf.usermodel.XSSFWorkbook(fisPay): null

2020-01-08 13:06:25 - [TEST_STEP][PASSED] - sheetInv = workbookInv.getSheet("Sheet1"): null

2020-01-08 13:06:25 - [TEST_STEP][PASSED] - sheetPay = workbookPay.getSheet("Sheet1"): null

2020-01-08 13:06:25 - [TEST_STEP][PASSED] - var = Integer.parseInt(var_idRowRes): null

2020-01-08 13:06:25 - [TEST_STEP][PASSED] - rowInv = sheetInv.getRow(var): null

2020-01-08 13:06:25 - [TEST_STEP][PASSED] - rowPay = sheetPay.getRow(var): null

2020-01-08 13:06:25 - [TEST_STEP][PASSED] - today = new java.util.Date(): null

2020-01-08 13:06:25 - [TEST_STEP][PASSED] - todaysDate1 = today.format("mmm/dd/yy"): null

2020-01-08 13:06:25 - [TEST_STEP][PASSED] - todaysDate2 = today.format("dd/mm/yy"): null

2020-01-08 13:06:25 - [TEST_STEP][PASSED] - todaysDate3 = today.format("dd"): null

2020-01-08 13:06:25 - [TEST_STEP][PASSED] - nowTime = today.format("hhmm"): null

2020-01-08 13:06:25 - [TEST_STEP][PASSED] - setText(findTestObject("Object Repository/object_login/input_user"), var_user): Text 'jegchavez@gmail.com' is set on object 'Object Repository/object_login/input_user'

2020-01-08 13:06:25 - [MESSAGE][PASSED] - Text 'jegchavez@gmail.com' is set on object 'Object Repository/object_login/input_user'

2020-01-08 13:06:25 - [TEST_STEP][PASSED] - setText(findTestObject("Object Repository/object_login/input_pass"), var_pass): Text 'admin1' is set on object 'Object Repository/object_login/input_pass'

2020-01-08 13:06:26 - [MESSAGE][PASSED] - Text 'admin1' is set on object 'Object Repository/object_login/input_pass'

2020-01-08 13:06:26 - [TEST_STEP][PASSED] - delay(2): Delayed 2 second(s)

2020-01-08 13:06:28 - [MESSAGE][PASSED] - Delayed 2 second(s)

2020-01-08 13:06:28 - [TEST_STEP][PASSED] - verifyElementClickable(findTestObject("Object Repository/object_login/btn_login")): Object 'Object Repository/object_login/btn_login' is clickable

2020-01-08 13:06:28 - [MESSAGE][PASSED] - Object 'Object Repository/object_login/btn_login' is clickable

2020-01-08 13:06:28 - [TEST_STEP][PASSED] - click(findTestObject("Object Repository/object_login/btn_login")): Object: 'Object Repository/object_login/btn_login' is clicked on

2020-01-08 13:06:29 - [MESSAGE][PASSED] - Object: 'Object Repository/object_login/btn_login' is clicked on

2020-01-08 13:06:29 - [TEST_STEP][PASSED] - delay(2): Delayed 2 second(s)

2020-01-08 13:06:31 - [MESSAGE][PASSED] - Delayed 2 second(s)

2020-01-08 13:06:31 - [TEST_STEP][PASSED] - setText(findTestObject("Object Repository/object_dashboard_emp/input_search"), var_parent): Text 'leongarzagarza@hotmail.com' is set on object 'Object Repository/object_dashboard_emp/input_search'

2020-01-08 13:06:32 - [MESSAGE][PASSED] - Text 'leongarzagarza@hotmail.com' is set on object 'Object Repository/object_dashboard_emp/input_search'

2020-01-08 13:06:32 - [TEST_STEP][PASSED] - click(findTestObject("Object Repository/object_dashboard_emp/btn_accountSearch")): Object: 'Object Repository/object_dashboard_emp/btn_accountSearch' is clicked on

2020-01-08 13:06:33 - [MESSAGE][PASSED] - Object: 'Object Repository/object_dashboard_emp/btn_accountSearch' is clicked on

2020-01-08 13:06:33 - [TEST_STEP][PASSED] - delay(2): Delayed 2 second(s)

2020-01-08 13:06:35 - [MESSAGE][PASSED] - Delayed 2 second(s)

2020-01-08 13:06:35 - [TEST_STEP][PASSED] - click(findTestObject("Object Repository/object_accountInformation/a_TEST GABRIEL PROD")): Object: 'Object Repository/object_accountInformation/a_TEST GABRIEL PROD' is clicked on

2020-01-08 13:06:36 - [MESSAGE][PASSED] - Object: 'Object Repository/object_accountInformation/a_TEST GABRIEL PROD' is clicked on

2020-01-08 13:06:36 - [TEST_STEP][PASSED] - delay(2): Delayed 2 second(s)

2020-01-08 13:06:38 - [MESSAGE][PASSED] - Delayed 2 second(s)

2020-01-08 13:06:38 - [TEST_STEP][PASSED] - click(findTestObject("object_invoce/btn_createInvoice")): Object: 'Object Repository/object_invoce/btn_createInvoice' is clicked on

2020-01-08 13:06:40 - [MESSAGE][PASSED] - Object: 'Object Repository/object_invoce/btn_createInvoice' is clicked on

2020-01-08 13:06:40 - [TEST_STEP][PASSED] - delay(3): Delayed 3 second(s)

2020-01-08 13:06:43 - [MESSAGE][PASSED] - Delayed 3 second(s)

2020-01-08 13:06:43 - [TEST_STEP][PASSED] - if (arryPets.size() == 1): Delayed 4 second(s)

2020-01-08 13:06:43 - [TEST_STEP][PASSED] - click(findTestObject("object_invoce/new_invoice/new_invoice_sub/btn_AddLineItem")): Object: 'Object Repository/object_invoce/new_invoice/new_invoice_sub/btn_AddLineItem' is clicked on

2020-01-08 13:06:43 - [MESSAGE][PASSED] - Object: 'Object Repository/object_invoce/new_invoice/new_invoice_sub/btn_AddLineItem' is clicked on

2020-01-08 13:06:43 - [TEST_STEP][PASSED] - delay(3): Delayed 3 second(s)

2020-01-08 13:06:46 - [MESSAGE][PASSED] - Delayed 3 second(s)

2020-01-08 13:06:46 - [TEST_STEP][PASSED] - click(findTestObject("object_invoce/new_invoice/new_invoice_sub/a_Taxes ()_select2-choice_1")): Object: 'Object Repository/object_invoce/new_invoice/new_invoice_sub/a_Taxes ()_select2-choice_1' is clicked on

2020-01-08 13:06:46 - [MESSAGE][PASSED] - Object: 'Object Repository/object_invoce/new_invoice/new_invoice_sub/a_Taxes ()_select2-choice_1' is clicked on

2020-01-08 13:06:46 - [TEST_STEP][PASSED] - delay(3): Delayed 3 second(s)

2020-01-08 13:06:49 - [MESSAGE][PASSED] - Delayed 3 second(s)

2020-01-08 13:06:49 - [TEST_STEP][PASSED] - click(findTestObject("object_invoce/new_invoice/new_invoice_sub/div_Zeus")): Object: 'Object Repository/object_invoce/new_invoice/new_invoice_sub/div_Zeus' is clicked on

2020-01-08 13:06:50 - [MESSAGE][PASSED] - Object: 'Object Repository/object_invoce/new_invoice/new_invoice_sub/div_Zeus' is clicked on

2020-01-08 13:06:50 - [TEST_STEP][NOT_RUN] - click(findTestObject("object_invoce/new_invoice/new_invoice_sub/b")): NOT_RUN: click(findTestObject("object_invoce/new_invoice/new_invoice_sub/b"))

2020-01-08 13:06:50 - [MESSAGE][NOT_RUN] - NOT_RUN: click(findTestObject("object_invoce/new_invoice/new_invoice_sub/b"))

2020-01-08 13:06:50 - [TEST_STEP][NOT_RUN] - click(findTestObject("object_invoce/new_invoice/new_invoice_sub/select_BOARDING_SUITEDAYCARE_SUITESPA_SUITE")): NOT_RUN: click(findTestObject("object_invoce/new_invoice/new_invoice_sub/select_BOARDING_SUITEDAYCARE_SUITESPA_SUITE"))

2020-01-08 13:06:50 - [MESSAGE][NOT_RUN] - NOT_RUN: click(findTestObject("object_invoce/new_invoice/new_invoice_sub/select_BOARDING_SUITEDAYCARE_SUITESPA_SUITE"))

2020-01-08 13:06:50 - [TEST_STEP][PASSED] - delay(3): Delayed 3 second(s)

2020-01-08 13:06:53 - [MESSAGE][PASSED] - Delayed 3 second(s)

2020-01-08 13:06:53 - [TEST_STEP][PASSED] - if (var_type == "BOARDING_SUITE"): null

2020-01-08 13:06:53 - [TEST_STEP][PASSED] - if (var_type == "DAYCARE_SUITE"): null

2020-01-08 13:06:53 - [TEST_STEP][PASSED] - if (var_type == "PACKAGE"): Object: 'Object Repository/object_invoce/new_invoice_ok_1/select_package' is clicked on

2020-01-08 13:06:53 - [TEST_STEP][PASSED] - click(findTestObject("object_invoce/new_invoice_ok_1/select_package"), STOP_ON_FAILURE): Object: 'Object Repository/object_invoce/new_invoice_ok_1/select_package' is clicked on

2020-01-08 13:06:53 - [MESSAGE][PASSED] - Object: 'Object Repository/object_invoce/new_invoice_ok_1/select_package' is clicked on

2020-01-08 13:06:53 - [TEST_STEP][PASSED] - delay(4): Delayed 4 second(s)

2020-01-08 13:06:57 - [MESSAGE][PASSED] - Delayed 4 second(s)

2020-01-08 13:06:57 - [TEST_STEP][PASSED] - sendKeys(findTestObject("object_invoce/new_invoice/new_invoice_sub/input_Taxes_Item_1"), var_item): Keys 'Oasis Suite' sent to object: 'Object Repository/object_invoce/new_invoice/new_invoice_sub/input_Taxes_Item_1'

2020-01-08 13:06:58 - [MESSAGE][PASSED] - Keys 'Oasis Suite' sent to object: 'Object Repository/object_invoce/new_invoice/new_invoice_sub/input_Taxes_Item_1'

2020-01-08 13:06:58 - [TEST_STEP][PASSED] - delay(4): Delayed 4 second(s)

2020-01-08 13:07:02 - [MESSAGE][PASSED] - Delayed 4 second(s)

2020-01-08 13:07:02 - [TEST_STEP][PASSED] - sendKeys(findTestObject("object_invoce/new_invoice/new_invoice_sub/input_Taxes_Item_1"), Keys.chord(ENTER)): Keys 'ENTER + ' sent to object: 'Object Repository/object_invoce/new_invoice/new_invoice_sub/input_Taxes_Item_1'

2020-01-08 13:07:02 - [MESSAGE][PASSED] - Keys 'ENTER + ' sent to object: 'Object Repository/object_invoce/new_invoice/new_invoice_sub/input_Taxes_Item_1'

2020-01-08 13:07:02 - [TEST_STEP][PASSED] - delay(4): Delayed 4 second(s)

2020-01-08 13:07:06 - [MESSAGE][PASSED] - Delayed 4 second(s)

2020-01-08 13:07:06 - [TEST_STEP][PASSED] - click(findTestObject("object_invoce/new_invoice/new_invoice_sub/button_Save_Taxe")): Object: 'Object Repository/object_invoce/new_invoice/new_invoice_sub/button_Save_Taxe' is clicked on

2020-01-08 13:07:08 - [MESSAGE][PASSED] - Object: 'Object Repository/object_invoce/new_invoice/new_invoice_sub/button_Save_Taxe' is clicked on

2020-01-08 13:07:08 - [TEST_STEP][PASSED] - delay(4): Delayed 4 second(s)

2020-01-08 13:07:12 - [MESSAGE][PASSED] - Delayed 4 second(s)

2020-01-08 13:07:12 - [TEST_STEP][PASSED] - if (arryPets.size() == 2): null

2020-01-08 13:07:12 - [TEST_STEP][PASSED] - if (arryPets.size() == 3): null

2020-01-08 13:07:12 - [TEST_STEP][PASSED] - delay(2): Delayed 2 second(s)

2020-01-08 13:07:14 - [MESSAGE][PASSED] - Delayed 2 second(s)

2020-01-08 13:07:14 - [TEST_STEP][PASSED] - var_url = getUrl(): Current window's url is: 'https://p4p-qa-bg.aws.paradise4paws.com/accounts/profile/#/invoice/122350/new/'

2020-01-08 13:07:14 - [MESSAGE][PASSED] - Current window's url is: 'https://p4p-qa-bg.aws.paradise4paws.com/accounts/profile/#/invoice/122350/new/'

2020-01-08 13:07:14 - [TEST_STEP][PASSED] - arrayUrl = var_url.split("/"): null

2020-01-08 13:07:14 - [TEST_STEP][PASSED] - delay(2): Delayed 2 second(s)

2020-01-08 13:07:16 - [MESSAGE][PASSED] - Delayed 2 second(s)

2020-01-08 13:07:16 - [TEST_STEP][PASSED] - cell = rowInv.createCell(9, 0): null

2020-01-08 13:07:16 - [TEST_STEP][PASSED] - cell.setCellType(CELL_TYPE_STRING): null

2020-01-08 13:07:16 - [TEST_STEP][PASSED] - cell.setCellValue(arrayUrl[8]): null

2020-01-08 13:07:16 - [TEST_STEP][PASSED] - delay(2): Delayed 2 second(s)

2020-01-08 13:07:18 - [MESSAGE][PASSED] - Delayed 2 second(s)

2020-01-08 13:07:18 - [TEST_STEP][PASSED] - cell2 = rowPay.createCell(5, 0): null

2020-01-08 13:07:18 - [TEST_STEP][PASSED] - cell2.setCellType(CELL_TYPE_STRING): null

2020-01-08 13:07:18 - [TEST_STEP][PASSED] - cell2.setCellValue(arrayUrl[8]): null

2020-01-08 13:07:18 - [TEST_STEP][PASSED] - delay(2): Delayed 2 second(s)

2020-01-08 13:07:20 - [MESSAGE][PASSED] - Delayed 2 second(s)

2020-01-08 13:07:20 - [TEST_STEP][PASSED] - fosInv = new java.io.FileOutputStream(/home/leonardo-arkusmty/Desktop/P4P/DATA_AUTOMATINTESTING/data_3createInvoice.xlsx): null

2020-01-08 13:07:20 - [TEST_STEP][PASSED] - workbookInv.write(fosInv): null

2020-01-08 13:07:20 - [TEST_STEP][PASSED] - fosInv.close(): null

2020-01-08 13:07:20 - [TEST_STEP][PASSED] - fosPay = new java.io.FileOutputStream(/home/leonardo-arkusmty/Desktop/P4P/DATA_AUTOMATINTESTING/data_4payment.xlsx): null

2020-01-08 13:07:20 - [TEST_STEP][PASSED] - workbookPay.write(fosPay): null

2020-01-08 13:07:20 - [TEST_STEP][PASSED] - fosPay.close(): null

2020-01-08 13:07:20 - [TEST_STEP][PASSED] - delay(2): Delayed 2 second(s)

2020-01-08 13:07:22 - [MESSAGE][PASSED] - Delayed 2 second(s)]]></system-out>
         <system-err><![CDATA[]]></system-err>
      </testcase>
      <testcase name="Test Cases/p4p_createInvoce_ok_spy" time="95.328" classname="Test Cases/p4p_createInvoce_ok_spy" status="FAILED">
         <failure type="FAILED" message="Test Cases/p4p_createInvoce_ok_spy FAILED.
Reason:
com.kms.katalon.core.exception.StepFailedException: Unable to click on object 'Object Repository/object_invoce/new_invoice/new_invoice_sub2/a_Taxes ()_select2-choice_2'
	at com.kms.katalon.core.webui.keyword.internal.WebUIKeywordMain.stepFailed(WebUIKeywordMain.groovy:64)
	at com.kms.katalon.core.webui.keyword.internal.WebUIKeywordMain.runKeyword(WebUIKeywordMain.groovy:26)
	at com.kms.katalon.core.webui.keyword.builtin.ClickKeyword.click(ClickKeyword.groovy:99)
	at com.kms.katalon.core.webui.keyword.builtin.ClickKeyword.execute(ClickKeyword.groovy:43)
	at com.kms.katalon.core.keyword.internal.KeywordExecutor.executeKeywordForPlatform(KeywordExecutor.groovy:60)
	at com.kms.katalon.core.webui.keyword.WebUiBuiltInKeywords.click(WebUiBuiltInKeywords.groovy:616)
	at com.kms.katalon.core.webui.keyword.WebUiBuiltInKeywords$click$2.call(Unknown Source)
	at p4p_createInvoce_ok_spy.run(p4p_createInvoce_ok_spy:156)
	at com.kms.katalon.core.main.ScriptEngine.run(ScriptEngine.java:194)
	at com.kms.katalon.core.main.ScriptEngine.runScriptAsRawText(ScriptEngine.java:119)
	at com.kms.katalon.core.main.TestCaseExecutor.runScript(TestCaseExecutor.java:337)
	at com.kms.katalon.core.main.TestCaseExecutor.doExecute(TestCaseExecutor.java:328)
	at com.kms.katalon.core.main.TestCaseExecutor.processExecutionPhase(TestCaseExecutor.java:307)
	at com.kms.katalon.core.main.TestCaseExecutor.accessMainPhase(TestCaseExecutor.java:299)
	at com.kms.katalon.core.main.TestCaseExecutor.execute(TestCaseExecutor.java:233)
	at com.kms.katalon.core.main.TestSuiteExecutor.accessTestCaseMainPhase(TestSuiteExecutor.java:169)
	at com.kms.katalon.core.main.TestSuiteExecutor.accessTestSuiteMainPhase(TestSuiteExecutor.java:142)
	at com.kms.katalon.core.main.TestSuiteExecutor.execute(TestSuiteExecutor.java:91)
	at com.kms.katalon.core.main.TestCaseMain.startTestSuite(TestCaseMain.java:157)
	at com.kms.katalon.core.main.TestCaseMain$startTestSuite$0.call(Unknown Source)
	at TempTestSuite1578509679797.run(TempTestSuite1578509679797.groovy:36)
Caused by: com.kms.katalon.core.webui.exception.WebElementNotFoundException: Web element with id: 'Object Repository/object_invoce/new_invoice/new_invoice_sub2/a_Taxes ()_select2-choice_2' located by 'By.xpath: (//a[@onclick='return false;'])[3]' not found
	at com.kms.katalon.core.webui.common.WebUiCommonHelper.findWebElement(WebUiCommonHelper.java:1113)
	at com.kms.katalon.core.webui.keyword.internal.WebUIAbstractKeyword.findWebElement(WebUIAbstractKeyword.groovy:27)
	at com.kms.katalon.core.webui.keyword.internal.WebUIAbstractKeyword.findWebElement(WebUIAbstractKeyword.groovy:26)
	at com.kms.katalon.core.webui.keyword.builtin.ClickKeyword$_click_closure1.doCall(ClickKeyword.groovy:68)
	at com.kms.katalon.core.webui.keyword.builtin.ClickKeyword$_click_closure1.call(ClickKeyword.groovy)
	at com.kms.katalon.core.webui.keyword.internal.WebUIKeywordMain.runKeyword(WebUIKeywordMain.groovy:20)
	... 19 more
"/>
         <system-out><![CDATA[2020-01-08 13:07:22 - [TEST_CASE][FAILED] - Test Cases/p4p_createInvoce_ok_spy: Test Cases/p4p_createInvoce_ok_spy FAILED.
Reason:
com.kms.katalon.core.exception.StepFailedException: Unable to click on object 'Object Repository/object_invoce/new_invoice/new_invoice_sub2/a_Taxes ()_select2-choice_2'
	at com.kms.katalon.core.webui.keyword.internal.WebUIKeywordMain.stepFailed(WebUIKeywordMain.groovy:64)
	at com.kms.katalon.core.webui.keyword.internal.WebUIKeywordMain.runKeyword(WebUIKeywordMain.groovy:26)
	at com.kms.katalon.core.webui.keyword.builtin.ClickKeyword.click(ClickKeyword.groovy:99)
	at com.kms.katalon.core.webui.keyword.builtin.ClickKeyword.execute(ClickKeyword.groovy:43)
	at com.kms.katalon.core.keyword.internal.KeywordExecutor.executeKeywordForPlatform(KeywordExecutor.groovy:60)
	at com.kms.katalon.core.webui.keyword.WebUiBuiltInKeywords.click(WebUiBuiltInKeywords.groovy:616)
	at com.kms.katalon.core.webui.keyword.WebUiBuiltInKeywords$click$2.call(Unknown Source)
	at p4p_createInvoce_ok_spy.run(p4p_createInvoce_ok_spy:156)
	at com.kms.katalon.core.main.ScriptEngine.run(ScriptEngine.java:194)
	at com.kms.katalon.core.main.ScriptEngine.runScriptAsRawText(ScriptEngine.java:119)
	at com.kms.katalon.core.main.TestCaseExecutor.runScript(TestCaseExecutor.java:337)
	at com.kms.katalon.core.main.TestCaseExecutor.doExecute(TestCaseExecutor.java:328)
	at com.kms.katalon.core.main.TestCaseExecutor.processExecutionPhase(TestCaseExecutor.java:307)
	at com.kms.katalon.core.main.TestCaseExecutor.accessMainPhase(TestCaseExecutor.java:299)
	at com.kms.katalon.core.main.TestCaseExecutor.execute(TestCaseExecutor.java:233)
	at com.kms.katalon.core.main.TestSuiteExecutor.accessTestCaseMainPhase(TestSuiteExecutor.java:169)
	at com.kms.katalon.core.main.TestSuiteExecutor.accessTestSuiteMainPhase(TestSuiteExecutor.java:142)
	at com.kms.katalon.core.main.TestSuiteExecutor.execute(TestSuiteExecutor.java:91)
	at com.kms.katalon.core.main.TestCaseMain.startTestSuite(TestCaseMain.java:157)
	at com.kms.katalon.core.main.TestCaseMain$startTestSuite$0.call(Unknown Source)
	at TempTestSuite1578509679797.run(TempTestSuite1578509679797.groovy:36)
Caused by: com.kms.katalon.core.webui.exception.WebElementNotFoundException: Web element with id: 'Object Repository/object_invoce/new_invoice/new_invoice_sub2/a_Taxes ()_select2-choice_2' located by 'By.xpath: (//a[@onclick='return false;'])[3]' not found
	at com.kms.katalon.core.webui.common.WebUiCommonHelper.findWebElement(WebUiCommonHelper.java:1113)
	at com.kms.katalon.core.webui.keyword.internal.WebUIAbstractKeyword.findWebElement(WebUIAbstractKeyword.groovy:27)
	at com.kms.katalon.core.webui.keyword.internal.WebUIAbstractKeyword.findWebElement(WebUIAbstractKeyword.groovy:26)
	at com.kms.katalon.core.webui.keyword.builtin.ClickKeyword$_click_closure1.doCall(ClickKeyword.groovy:68)
	at com.kms.katalon.core.webui.keyword.builtin.ClickKeyword$_click_closure1.call(ClickKeyword.groovy)
	at com.kms.katalon.core.webui.keyword.internal.WebUIKeywordMain.runKeyword(WebUIKeywordMain.groovy:20)
	... 19 more


2020-01-08 13:07:22 - [TEST_STEP][PASSED] - openBrowser("https://p4p-qa-bg.aws.paradise4paws.com/login/"): Browser is opened with url: 'https://p4p-qa-bg.aws.paradise4paws.com/login/'

2020-01-08 13:07:22 - [MESSAGE][WARNING] - A browser is already opened. Closing browser and opening a new one

2020-01-08 13:07:22 - [MESSAGE][INFO] - Starting 'Chrome' driver

2020-01-08 13:07:24 - [MESSAGE][PASSED] - Browser is opened with url: 'https://p4p-qa-bg.aws.paradise4paws.com/login/'

2020-01-08 13:07:24 - [TEST_STEP][PASSED] - arryPets = var_pets.split(","): null

2020-01-08 13:07:24 - [TEST_STEP][PASSED] - flagBoar = "0": null

2020-01-08 13:07:24 - [TEST_STEP][PASSED] - log = new com.kms.katalon.core.logging.KeywordLogger(): null

2020-01-08 13:07:24 - [TEST_STEP][PASSED] - fisInv = new java.io.FileInputStream(/home/leonardo-arkusmty/Desktop/P4P/DATA_AUTOMATINTESTING/data_3createInvoice.xlsx): null

2020-01-08 13:07:24 - [TEST_STEP][PASSED] - fisPay = new java.io.FileInputStream(/home/leonardo-arkusmty/Desktop/P4P/DATA_AUTOMATINTESTING/data_4payment.xlsx): null

2020-01-08 13:07:24 - [TEST_STEP][PASSED] - workbookInv = new org.apache.poi.xssf.usermodel.XSSFWorkbook(fisInv): null

2020-01-08 13:07:24 - [TEST_STEP][PASSED] - workbookPay = new org.apache.poi.xssf.usermodel.XSSFWorkbook(fisPay): null

2020-01-08 13:07:24 - [TEST_STEP][PASSED] - sheetInv = workbookInv.getSheet("Sheet1"): null

2020-01-08 13:07:24 - [TEST_STEP][PASSED] - sheetPay = workbookPay.getSheet("Sheet1"): null

2020-01-08 13:07:24 - [TEST_STEP][PASSED] - var = Integer.parseInt(var_idRowRes): null

2020-01-08 13:07:24 - [TEST_STEP][PASSED] - rowInv = sheetInv.getRow(var): null

2020-01-08 13:07:24 - [TEST_STEP][PASSED] - rowPay = sheetPay.getRow(var): null

2020-01-08 13:07:24 - [TEST_STEP][PASSED] - today = new java.util.Date(): null

2020-01-08 13:07:24 - [TEST_STEP][PASSED] - todaysDate1 = today.format("mmm/dd/yy"): null

2020-01-08 13:07:24 - [TEST_STEP][PASSED] - todaysDate2 = today.format("dd/mm/yy"): null

2020-01-08 13:07:24 - [TEST_STEP][PASSED] - todaysDate3 = today.format("dd"): null

2020-01-08 13:07:24 - [TEST_STEP][PASSED] - nowTime = today.format("hhmm"): null

2020-01-08 13:07:24 - [TEST_STEP][PASSED] - setText(findTestObject("Object Repository/object_login/input_user"), var_user): Text 'jegchavez@gmail.com' is set on object 'Object Repository/object_login/input_user'

2020-01-08 13:07:25 - [MESSAGE][PASSED] - Text 'jegchavez@gmail.com' is set on object 'Object Repository/object_login/input_user'

2020-01-08 13:07:25 - [TEST_STEP][PASSED] - setText(findTestObject("Object Repository/object_login/input_pass"), var_pass): Text 'admin1' is set on object 'Object Repository/object_login/input_pass'

2020-01-08 13:07:26 - [MESSAGE][PASSED] - Text 'admin1' is set on object 'Object Repository/object_login/input_pass'

2020-01-08 13:07:26 - [TEST_STEP][PASSED] - delay(2): Delayed 2 second(s)

2020-01-08 13:07:28 - [MESSAGE][PASSED] - Delayed 2 second(s)

2020-01-08 13:07:28 - [TEST_STEP][PASSED] - verifyElementClickable(findTestObject("Object Repository/object_login/btn_login")): Object 'Object Repository/object_login/btn_login' is clickable

2020-01-08 13:07:28 - [MESSAGE][PASSED] - Object 'Object Repository/object_login/btn_login' is clickable

2020-01-08 13:07:28 - [TEST_STEP][PASSED] - click(findTestObject("Object Repository/object_login/btn_login")): Object: 'Object Repository/object_login/btn_login' is clicked on

2020-01-08 13:07:29 - [MESSAGE][PASSED] - Object: 'Object Repository/object_login/btn_login' is clicked on

2020-01-08 13:07:29 - [TEST_STEP][PASSED] - delay(2): Delayed 2 second(s)

2020-01-08 13:07:31 - [MESSAGE][PASSED] - Delayed 2 second(s)

2020-01-08 13:07:31 - [TEST_STEP][PASSED] - setText(findTestObject("Object Repository/object_dashboard_emp/input_search"), var_parent): Text 'leongarzagarza@hotmail.com' is set on object 'Object Repository/object_dashboard_emp/input_search'

2020-01-08 13:07:32 - [MESSAGE][PASSED] - Text 'leongarzagarza@hotmail.com' is set on object 'Object Repository/object_dashboard_emp/input_search'

2020-01-08 13:07:32 - [TEST_STEP][PASSED] - click(findTestObject("Object Repository/object_dashboard_emp/btn_accountSearch")): Object: 'Object Repository/object_dashboard_emp/btn_accountSearch' is clicked on

2020-01-08 13:07:33 - [MESSAGE][PASSED] - Object: 'Object Repository/object_dashboard_emp/btn_accountSearch' is clicked on

2020-01-08 13:07:33 - [TEST_STEP][PASSED] - delay(2): Delayed 2 second(s)

2020-01-08 13:07:35 - [MESSAGE][PASSED] - Delayed 2 second(s)

2020-01-08 13:07:35 - [TEST_STEP][PASSED] - click(findTestObject("Object Repository/object_accountInformation/a_TEST GABRIEL PROD")): Object: 'Object Repository/object_accountInformation/a_TEST GABRIEL PROD' is clicked on

2020-01-08 13:07:36 - [MESSAGE][PASSED] - Object: 'Object Repository/object_accountInformation/a_TEST GABRIEL PROD' is clicked on

2020-01-08 13:07:36 - [TEST_STEP][PASSED] - delay(2): Delayed 2 second(s)

2020-01-08 13:07:38 - [MESSAGE][PASSED] - Delayed 2 second(s)

2020-01-08 13:07:38 - [TEST_STEP][PASSED] - click(findTestObject("object_invoce/btn_createInvoice")): Object: 'Object Repository/object_invoce/btn_createInvoice' is clicked on

2020-01-08 13:07:40 - [MESSAGE][PASSED] - Object: 'Object Repository/object_invoce/btn_createInvoice' is clicked on

2020-01-08 13:07:40 - [TEST_STEP][PASSED] - delay(3): Delayed 3 second(s)

2020-01-08 13:07:43 - [MESSAGE][PASSED] - Delayed 3 second(s)

2020-01-08 13:07:43 - [TEST_STEP][PASSED] - if (arryPets.size() == 1): null

2020-01-08 13:07:43 - [TEST_STEP][FAILED] - if (arryPets.size() == 2): Unable to click on object 'Object Repository/object_invoce/new_invoice/new_invoice_sub2/a_Taxes ()_select2-choice_2' (Root cause: com.kms.katalon.core.exception.StepFailedException: Unable to click on object 'Object Repository/object_invoce/new_invoice/new_invoice_sub2/a_Taxes ()_select2-choice_2'
	at com.kms.katalon.core.webui.keyword.internal.WebUIKeywordMain.stepFailed(WebUIKeywordMain.groovy:64)
	at com.kms.katalon.core.webui.keyword.internal.WebUIKeywordMain.runKeyword(WebUIKeywordMain.groovy:26)
	at com.kms.katalon.core.webui.keyword.builtin.ClickKeyword.click(ClickKeyword.groovy:99)
	at com.kms.katalon.core.webui.keyword.builtin.ClickKeyword.execute(ClickKeyword.groovy:43)
	at com.kms.katalon.core.keyword.internal.KeywordExecutor.executeKeywordForPlatform(KeywordExecutor.groovy:60)
	at com.kms.katalon.core.webui.keyword.WebUiBuiltInKeywords.click(WebUiBuiltInKeywords.groovy:616)
	at com.kms.katalon.core.webui.keyword.WebUiBuiltInKeywords$click$2.call(Unknown Source)
	at p4p_createInvoce_ok_spy.run(p4p_createInvoce_ok_spy:156)
	at com.kms.katalon.core.main.ScriptEngine.run(ScriptEngine.java:194)
	at com.kms.katalon.core.main.ScriptEngine.runScriptAsRawText(ScriptEngine.java:119)
	at com.kms.katalon.core.main.TestCaseExecutor.runScript(TestCaseExecutor.java:337)
	at com.kms.katalon.core.main.TestCaseExecutor.doExecute(TestCaseExecutor.java:328)
	at com.kms.katalon.core.main.TestCaseExecutor.processExecutionPhase(TestCaseExecutor.java:307)
	at com.kms.katalon.core.main.TestCaseExecutor.accessMainPhase(TestCaseExecutor.java:299)
	at com.kms.katalon.core.main.TestCaseExecutor.execute(TestCaseExecutor.java:233)
	at com.kms.katalon.core.main.TestSuiteExecutor.accessTestCaseMainPhase(TestSuiteExecutor.java:169)
	at com.kms.katalon.core.main.TestSuiteExecutor.accessTestSuiteMainPhase(TestSuiteExecutor.java:142)
	at com.kms.katalon.core.main.TestSuiteExecutor.execute(TestSuiteExecutor.java:91)
	at com.kms.katalon.core.main.TestCaseMain.startTestSuite(TestCaseMain.java:157)
	at com.kms.katalon.core.main.TestCaseMain$startTestSuite$0.call(Unknown Source)
	at TempTestSuite1578509679797.run(TempTestSuite1578509679797.groovy:36)
Caused by: com.kms.katalon.core.webui.exception.WebElementNotFoundException: Web element with id: 'Object Repository/object_invoce/new_invoice/new_invoice_sub2/a_Taxes ()_select2-choice_2' located by 'By.xpath: (//a[@onclick='return false;'])[3]' not found
	at com.kms.katalon.core.webui.common.WebUiCommonHelper.findWebElement(WebUiCommonHelper.java:1113)
	at com.kms.katalon.core.webui.keyword.internal.WebUIAbstractKeyword.findWebElement(WebUIAbstractKeyword.groovy:27)
	at com.kms.katalon.core.webui.keyword.internal.WebUIAbstractKeyword.findWebElement(WebUIAbstractKeyword.groovy:26)
	at com.kms.katalon.core.webui.keyword.builtin.ClickKeyword$_click_closure1.doCall(ClickKeyword.groovy:68)
	at com.kms.katalon.core.webui.keyword.builtin.ClickKeyword$_click_closure1.call(ClickKeyword.groovy)
	at com.kms.katalon.core.webui.keyword.internal.WebUIKeywordMain.runKeyword(WebUIKeywordMain.groovy:20)
	at com.kms.katalon.core.webui.keyword.builtin.ClickKeyword.click(ClickKeyword.groovy:99)
	at com.kms.katalon.core.webui.keyword.builtin.ClickKeyword.execute(ClickKeyword.groovy:43)
	at com.kms.katalon.core.keyword.internal.KeywordExecutor.executeKeywordForPlatform(KeywordExecutor.groovy:60)
	at com.kms.katalon.core.webui.keyword.WebUiBuiltInKeywords.click(WebUiBuiltInKeywords.groovy:616)
	at com.kms.katalon.core.webui.keyword.WebUiBuiltInKeywords$click$2.call(Unknown Source)
	at Script1578378640799.run(Script1578378640799.groovy:156)
	... 13 more
)

2020-01-08 13:07:43 - [TEST_STEP][PASSED] - click(findTestObject("object_invoce/new_invoice/new_invoice_sub/btn_AddLineItem")): Object: 'Object Repository/object_invoce/new_invoice/new_invoice_sub/btn_AddLineItem' is clicked on

2020-01-08 13:07:43 - [MESSAGE][PASSED] - Object: 'Object Repository/object_invoce/new_invoice/new_invoice_sub/btn_AddLineItem' is clicked on

2020-01-08 13:07:43 - [TEST_STEP][PASSED] - delay(3): Delayed 3 second(s)

2020-01-08 13:07:46 - [MESSAGE][PASSED] - Delayed 3 second(s)

2020-01-08 13:07:46 - [TEST_STEP][PASSED] - click(findTestObject("object_invoce/new_invoice/new_invoice_sub/a_Taxes ()_select2-choice_1")): Object: 'Object Repository/object_invoce/new_invoice/new_invoice_sub/a_Taxes ()_select2-choice_1' is clicked on

2020-01-08 13:07:46 - [MESSAGE][PASSED] - Object: 'Object Repository/object_invoce/new_invoice/new_invoice_sub/a_Taxes ()_select2-choice_1' is clicked on

2020-01-08 13:07:46 - [TEST_STEP][PASSED] - delay(3): Delayed 3 second(s)

2020-01-08 13:07:49 - [MESSAGE][PASSED] - Delayed 3 second(s)

2020-01-08 13:07:49 - [TEST_STEP][PASSED] - click(findTestObject("object_invoce/new_invoice/new_invoice_sub/div_Zeus")): Object: 'Object Repository/object_invoce/new_invoice/new_invoice_sub/div_Zeus' is clicked on

2020-01-08 13:07:50 - [MESSAGE][PASSED] - Object: 'Object Repository/object_invoce/new_invoice/new_invoice_sub/div_Zeus' is clicked on

2020-01-08 13:07:50 - [TEST_STEP][NOT_RUN] - click(findTestObject("object_invoce/new_invoice/new_invoice_sub/b")): NOT_RUN: click(findTestObject("object_invoce/new_invoice/new_invoice_sub/b"))

2020-01-08 13:07:50 - [MESSAGE][NOT_RUN] - NOT_RUN: click(findTestObject("object_invoce/new_invoice/new_invoice_sub/b"))

2020-01-08 13:07:50 - [TEST_STEP][NOT_RUN] - click(findTestObject("object_invoce/new_invoice/new_invoice_sub/select_BOARDING_SUITEDAYCARE_SUITESPA_SUITE")): NOT_RUN: click(findTestObject("object_invoce/new_invoice/new_invoice_sub/select_BOARDING_SUITEDAYCARE_SUITESPA_SUITE"))

2020-01-08 13:07:50 - [MESSAGE][NOT_RUN] - NOT_RUN: click(findTestObject("object_invoce/new_invoice/new_invoice_sub/select_BOARDING_SUITEDAYCARE_SUITESPA_SUITE"))

2020-01-08 13:07:50 - [TEST_STEP][PASSED] - delay(3): Delayed 3 second(s)

2020-01-08 13:07:53 - [MESSAGE][PASSED] - Delayed 3 second(s)

2020-01-08 13:07:53 - [TEST_STEP][PASSED] - if (var_type == "BOARDING_SUITE"): null

2020-01-08 13:07:53 - [TEST_STEP][PASSED] - if (var_type == "DAYCARE_SUITE"): null

2020-01-08 13:07:53 - [TEST_STEP][PASSED] - if (var_type == "PACKAGE"): Object: 'Object Repository/object_invoce/new_invoice_ok_1/select_package' is clicked on

2020-01-08 13:07:53 - [TEST_STEP][PASSED] - click(findTestObject("object_invoce/new_invoice_ok_1/select_package"), STOP_ON_FAILURE): Object: 'Object Repository/object_invoce/new_invoice_ok_1/select_package' is clicked on

2020-01-08 13:07:53 - [MESSAGE][PASSED] - Object: 'Object Repository/object_invoce/new_invoice_ok_1/select_package' is clicked on

2020-01-08 13:07:53 - [TEST_STEP][PASSED] - delay(4): Delayed 4 second(s)

2020-01-08 13:07:57 - [MESSAGE][PASSED] - Delayed 4 second(s)

2020-01-08 13:07:57 - [TEST_STEP][PASSED] - sendKeys(findTestObject("object_invoce/new_invoice/new_invoice_sub/input_Taxes_Item_1"), var_item): Keys 'Half Day of Daycare' sent to object: 'Object Repository/object_invoce/new_invoice/new_invoice_sub/input_Taxes_Item_1'

2020-01-08 13:07:58 - [MESSAGE][PASSED] - Keys 'Half Day of Daycare' sent to object: 'Object Repository/object_invoce/new_invoice/new_invoice_sub/input_Taxes_Item_1'

2020-01-08 13:07:58 - [TEST_STEP][PASSED] - delay(4): Delayed 4 second(s)

2020-01-08 13:08:02 - [MESSAGE][PASSED] - Delayed 4 second(s)

2020-01-08 13:08:02 - [TEST_STEP][PASSED] - sendKeys(findTestObject("object_invoce/new_invoice/new_invoice_sub/input_Taxes_Item_1"), Keys.chord(ENTER)): Keys 'ENTER + ' sent to object: 'Object Repository/object_invoce/new_invoice/new_invoice_sub/input_Taxes_Item_1'

2020-01-08 13:08:02 - [MESSAGE][PASSED] - Keys 'ENTER + ' sent to object: 'Object Repository/object_invoce/new_invoice/new_invoice_sub/input_Taxes_Item_1'

2020-01-08 13:08:02 - [TEST_STEP][PASSED] - delay(4): Delayed 4 second(s)

2020-01-08 13:08:06 - [MESSAGE][PASSED] - Delayed 4 second(s)

2020-01-08 13:08:06 - [TEST_STEP][PASSED] - click(findTestObject("object_invoce/new_invoice/new_invoice_sub/btn_AddLineItem")): Object: 'Object Repository/object_invoce/new_invoice/new_invoice_sub/btn_AddLineItem' is clicked on

2020-01-08 13:08:09 - [MESSAGE][PASSED] - Object: 'Object Repository/object_invoce/new_invoice/new_invoice_sub/btn_AddLineItem' is clicked on

2020-01-08 13:08:09 - [TEST_STEP][PASSED] - delay(3): Delayed 3 second(s)

2020-01-08 13:08:12 - [MESSAGE][PASSED] - Delayed 3 second(s)

2020-01-08 13:08:12 - [TEST_STEP][FAILED] - click(findTestObject("object_invoce/new_invoice/new_invoice_sub2/a_Taxes ()_select2-choice_2")): Unable to click on object 'Object Repository/object_invoce/new_invoice/new_invoice_sub2/a_Taxes ()_select2-choice_2' (Root cause: com.kms.katalon.core.exception.StepFailedException: Unable to click on object 'Object Repository/object_invoce/new_invoice/new_invoice_sub2/a_Taxes ()_select2-choice_2'
	at com.kms.katalon.core.webui.keyword.internal.WebUIKeywordMain.stepFailed(WebUIKeywordMain.groovy:64)
	at com.kms.katalon.core.webui.keyword.internal.WebUIKeywordMain.runKeyword(WebUIKeywordMain.groovy:26)
	at com.kms.katalon.core.webui.keyword.builtin.ClickKeyword.click(ClickKeyword.groovy:99)
	at com.kms.katalon.core.webui.keyword.builtin.ClickKeyword.execute(ClickKeyword.groovy:43)
	at com.kms.katalon.core.keyword.internal.KeywordExecutor.executeKeywordForPlatform(KeywordExecutor.groovy:60)
	at com.kms.katalon.core.webui.keyword.WebUiBuiltInKeywords.click(WebUiBuiltInKeywords.groovy:616)
	at com.kms.katalon.core.webui.keyword.WebUiBuiltInKeywords$click$2.call(Unknown Source)
	at p4p_createInvoce_ok_spy.run(p4p_createInvoce_ok_spy:156)
	at com.kms.katalon.core.main.ScriptEngine.run(ScriptEngine.java:194)
	at com.kms.katalon.core.main.ScriptEngine.runScriptAsRawText(ScriptEngine.java:119)
	at com.kms.katalon.core.main.TestCaseExecutor.runScript(TestCaseExecutor.java:337)
	at com.kms.katalon.core.main.TestCaseExecutor.doExecute(TestCaseExecutor.java:328)
	at com.kms.katalon.core.main.TestCaseExecutor.processExecutionPhase(TestCaseExecutor.java:307)
	at com.kms.katalon.core.main.TestCaseExecutor.accessMainPhase(TestCaseExecutor.java:299)
	at com.kms.katalon.core.main.TestCaseExecutor.execute(TestCaseExecutor.java:233)
	at com.kms.katalon.core.main.TestSuiteExecutor.accessTestCaseMainPhase(TestSuiteExecutor.java:169)
	at com.kms.katalon.core.main.TestSuiteExecutor.accessTestSuiteMainPhase(TestSuiteExecutor.java:142)
	at com.kms.katalon.core.main.TestSuiteExecutor.execute(TestSuiteExecutor.java:91)
	at com.kms.katalon.core.main.TestCaseMain.startTestSuite(TestCaseMain.java:157)
	at com.kms.katalon.core.main.TestCaseMain$startTestSuite$0.call(Unknown Source)
	at TempTestSuite1578509679797.run(TempTestSuite1578509679797.groovy:36)
Caused by: com.kms.katalon.core.webui.exception.WebElementNotFoundException: Web element with id: 'Object Repository/object_invoce/new_invoice/new_invoice_sub2/a_Taxes ()_select2-choice_2' located by 'By.xpath: (//a[@onclick='return false;'])[3]' not found
	at com.kms.katalon.core.webui.common.WebUiCommonHelper.findWebElement(WebUiCommonHelper.java:1113)
	at com.kms.katalon.core.webui.keyword.internal.WebUIAbstractKeyword.findWebElement(WebUIAbstractKeyword.groovy:27)
	at com.kms.katalon.core.webui.keyword.internal.WebUIAbstractKeyword.findWebElement(WebUIAbstractKeyword.groovy:26)
	at com.kms.katalon.core.webui.keyword.builtin.ClickKeyword$_click_closure1.doCall(ClickKeyword.groovy:68)
	at com.kms.katalon.core.webui.keyword.builtin.ClickKeyword$_click_closure1.call(ClickKeyword.groovy)
	at com.kms.katalon.core.webui.keyword.internal.WebUIKeywordMain.runKeyword(WebUIKeywordMain.groovy:20)
	at com.kms.katalon.core.webui.keyword.builtin.ClickKeyword.click(ClickKeyword.groovy:99)
	at com.kms.katalon.core.webui.keyword.builtin.ClickKeyword.execute(ClickKeyword.groovy:43)
	at com.kms.katalon.core.keyword.internal.KeywordExecutor.executeKeywordForPlatform(KeywordExecutor.groovy:60)
	at com.kms.katalon.core.webui.keyword.WebUiBuiltInKeywords.click(WebUiBuiltInKeywords.groovy:616)
	at com.kms.katalon.core.webui.keyword.WebUiBuiltInKeywords$click$2.call(Unknown Source)
	at Script1578378640799.run(Script1578378640799.groovy:156)
	... 13 more
)

2020-01-08 13:08:57 - [MESSAGE][INFO] - Unable to find the element located by 'By.xpath: (//a[@onclick='return false;'])[3]'. Please recheck the objects properties to make sure the desired element is located. 

2020-01-08 13:08:57 - [MESSAGE][FAILED] - Unable to click on object 'Object Repository/object_invoce/new_invoice/new_invoice_sub2/a_Taxes ()_select2-choice_2' (Root cause: com.kms.katalon.core.exception.StepFailedException: Unable to click on object 'Object Repository/object_invoce/new_invoice/new_invoice_sub2/a_Taxes ()_select2-choice_2'
	at com.kms.katalon.core.webui.keyword.internal.WebUIKeywordMain.stepFailed(WebUIKeywordMain.groovy:64)
	at com.kms.katalon.core.webui.keyword.internal.WebUIKeywordMain.runKeyword(WebUIKeywordMain.groovy:26)
	at com.kms.katalon.core.webui.keyword.builtin.ClickKeyword.click(ClickKeyword.groovy:99)
	at com.kms.katalon.core.webui.keyword.builtin.ClickKeyword.execute(ClickKeyword.groovy:43)
	at com.kms.katalon.core.keyword.internal.KeywordExecutor.executeKeywordForPlatform(KeywordExecutor.groovy:60)
	at com.kms.katalon.core.webui.keyword.WebUiBuiltInKeywords.click(WebUiBuiltInKeywords.groovy:616)
	at com.kms.katalon.core.webui.keyword.WebUiBuiltInKeywords$click$2.call(Unknown Source)
	at p4p_createInvoce_ok_spy.run(p4p_createInvoce_ok_spy:156)
	at com.kms.katalon.core.main.ScriptEngine.run(ScriptEngine.java:194)
	at com.kms.katalon.core.main.ScriptEngine.runScriptAsRawText(ScriptEngine.java:119)
	at com.kms.katalon.core.main.TestCaseExecutor.runScript(TestCaseExecutor.java:337)
	at com.kms.katalon.core.main.TestCaseExecutor.doExecute(TestCaseExecutor.java:328)
	at com.kms.katalon.core.main.TestCaseExecutor.processExecutionPhase(TestCaseExecutor.java:307)
	at com.kms.katalon.core.main.TestCaseExecutor.accessMainPhase(TestCaseExecutor.java:299)
	at com.kms.katalon.core.main.TestCaseExecutor.execute(TestCaseExecutor.java:233)
	at com.kms.katalon.core.main.TestSuiteExecutor.accessTestCaseMainPhase(TestSuiteExecutor.java:169)
	at com.kms.katalon.core.main.TestSuiteExecutor.accessTestSuiteMainPhase(TestSuiteExecutor.java:142)
	at com.kms.katalon.core.main.TestSuiteExecutor.execute(TestSuiteExecutor.java:91)
	at com.kms.katalon.core.main.TestCaseMain.startTestSuite(TestCaseMain.java:157)
	at com.kms.katalon.core.main.TestCaseMain$startTestSuite$0.call(Unknown Source)
	at TempTestSuite1578509679797.run(TempTestSuite1578509679797.groovy:36)
Caused by: com.kms.katalon.core.webui.exception.WebElementNotFoundException: Web element with id: 'Object Repository/object_invoce/new_invoice/new_invoice_sub2/a_Taxes ()_select2-choice_2' located by 'By.xpath: (//a[@onclick='return false;'])[3]' not found
	at com.kms.katalon.core.webui.common.WebUiCommonHelper.findWebElement(WebUiCommonHelper.java:1113)
	at com.kms.katalon.core.webui.keyword.internal.WebUIAbstractKeyword.findWebElement(WebUIAbstractKeyword.groovy:27)
	at com.kms.katalon.core.webui.keyword.internal.WebUIAbstractKeyword.findWebElement(WebUIAbstractKeyword.groovy:26)
	at com.kms.katalon.core.webui.keyword.builtin.ClickKeyword$_click_closure1.doCall(ClickKeyword.groovy:68)
	at com.kms.katalon.core.webui.keyword.builtin.ClickKeyword$_click_closure1.call(ClickKeyword.groovy)
	at com.kms.katalon.core.webui.keyword.internal.WebUIKeywordMain.runKeyword(WebUIKeywordMain.groovy:20)
	at com.kms.katalon.core.webui.keyword.builtin.ClickKeyword.click(ClickKeyword.groovy:99)
	at com.kms.katalon.core.webui.keyword.builtin.ClickKeyword.execute(ClickKeyword.groovy:43)
	at com.kms.katalon.core.keyword.internal.KeywordExecutor.executeKeywordForPlatform(KeywordExecutor.groovy:60)
	at com.kms.katalon.core.webui.keyword.WebUiBuiltInKeywords.click(WebUiBuiltInKeywords.groovy:616)
	at com.kms.katalon.core.webui.keyword.WebUiBuiltInKeywords$click$2.call(Unknown Source)
	at Script1578378640799.run(Script1578378640799.groovy:156)
	... 13 more
)
[[ATTACHMENT|/home/leonardo-arkusmty/Documents/workspaceKatalon/p4ptest/Reports/20200108_125439/ts_createInvoice/20200108_125439/1578510537799.png]]]]></system-out>
         <system-err><![CDATA[2020-01-08 13:07:22 - [TEST_CASE][FAILED] - Test Cases/p4p_createInvoce_ok_spy: Test Cases/p4p_createInvoce_ok_spy FAILED.
Reason:
com.kms.katalon.core.exception.StepFailedException: Unable to click on object 'Object Repository/object_invoce/new_invoice/new_invoice_sub2/a_Taxes ()_select2-choice_2'
	at com.kms.katalon.core.webui.keyword.internal.WebUIKeywordMain.stepFailed(WebUIKeywordMain.groovy:64)
	at com.kms.katalon.core.webui.keyword.internal.WebUIKeywordMain.runKeyword(WebUIKeywordMain.groovy:26)
	at com.kms.katalon.core.webui.keyword.builtin.ClickKeyword.click(ClickKeyword.groovy:99)
	at com.kms.katalon.core.webui.keyword.builtin.ClickKeyword.execute(ClickKeyword.groovy:43)
	at com.kms.katalon.core.keyword.internal.KeywordExecutor.executeKeywordForPlatform(KeywordExecutor.groovy:60)
	at com.kms.katalon.core.webui.keyword.WebUiBuiltInKeywords.click(WebUiBuiltInKeywords.groovy:616)
	at com.kms.katalon.core.webui.keyword.WebUiBuiltInKeywords$click$2.call(Unknown Source)
	at p4p_createInvoce_ok_spy.run(p4p_createInvoce_ok_spy:156)
	at com.kms.katalon.core.main.ScriptEngine.run(ScriptEngine.java:194)
	at com.kms.katalon.core.main.ScriptEngine.runScriptAsRawText(ScriptEngine.java:119)
	at com.kms.katalon.core.main.TestCaseExecutor.runScript(TestCaseExecutor.java:337)
	at com.kms.katalon.core.main.TestCaseExecutor.doExecute(TestCaseExecutor.java:328)
	at com.kms.katalon.core.main.TestCaseExecutor.processExecutionPhase(TestCaseExecutor.java:307)
	at com.kms.katalon.core.main.TestCaseExecutor.accessMainPhase(TestCaseExecutor.java:299)
	at com.kms.katalon.core.main.TestCaseExecutor.execute(TestCaseExecutor.java:233)
	at com.kms.katalon.core.main.TestSuiteExecutor.accessTestCaseMainPhase(TestSuiteExecutor.java:169)
	at com.kms.katalon.core.main.TestSuiteExecutor.accessTestSuiteMainPhase(TestSuiteExecutor.java:142)
	at com.kms.katalon.core.main.TestSuiteExecutor.execute(TestSuiteExecutor.java:91)
	at com.kms.katalon.core.main.TestCaseMain.startTestSuite(TestCaseMain.java:157)
	at com.kms.katalon.core.main.TestCaseMain$startTestSuite$0.call(Unknown Source)
	at TempTestSuite1578509679797.run(TempTestSuite1578509679797.groovy:36)
Caused by: com.kms.katalon.core.webui.exception.WebElementNotFoundException: Web element with id: 'Object Repository/object_invoce/new_invoice/new_invoice_sub2/a_Taxes ()_select2-choice_2' located by 'By.xpath: (//a[@onclick='return false;'])[3]' not found
	at com.kms.katalon.core.webui.common.WebUiCommonHelper.findWebElement(WebUiCommonHelper.java:1113)
	at com.kms.katalon.core.webui.keyword.internal.WebUIAbstractKeyword.findWebElement(WebUIAbstractKeyword.groovy:27)
	at com.kms.katalon.core.webui.keyword.internal.WebUIAbstractKeyword.findWebElement(WebUIAbstractKeyword.groovy:26)
	at com.kms.katalon.core.webui.keyword.builtin.ClickKeyword$_click_closure1.doCall(ClickKeyword.groovy:68)
	at com.kms.katalon.core.webui.keyword.builtin.ClickKeyword$_click_closure1.call(ClickKeyword.groovy)
	at com.kms.katalon.core.webui.keyword.internal.WebUIKeywordMain.runKeyword(WebUIKeywordMain.groovy:20)
	... 19 more]]></system-err>
      </testcase>
      <testcase name="Test Cases/p4p_createInvoce_ok_spy" time="95.077" classname="Test Cases/p4p_createInvoce_ok_spy" status="FAILED">
         <failure type="FAILED" message="Test Cases/p4p_createInvoce_ok_spy FAILED.
Reason:
com.kms.katalon.core.exception.StepFailedException: Unable to click on object 'Object Repository/object_invoce/new_invoice/new_invoice_sub2/a_Taxes ()_select2-choice_2'
	at com.kms.katalon.core.webui.keyword.internal.WebUIKeywordMain.stepFailed(WebUIKeywordMain.groovy:64)
	at com.kms.katalon.core.webui.keyword.internal.WebUIKeywordMain.runKeyword(WebUIKeywordMain.groovy:26)
	at com.kms.katalon.core.webui.keyword.builtin.ClickKeyword.click(ClickKeyword.groovy:99)
	at com.kms.katalon.core.webui.keyword.builtin.ClickKeyword.execute(ClickKeyword.groovy:43)
	at com.kms.katalon.core.keyword.internal.KeywordExecutor.executeKeywordForPlatform(KeywordExecutor.groovy:60)
	at com.kms.katalon.core.webui.keyword.WebUiBuiltInKeywords.click(WebUiBuiltInKeywords.groovy:616)
	at com.kms.katalon.core.webui.keyword.WebUiBuiltInKeywords$click$2.call(Unknown Source)
	at p4p_createInvoce_ok_spy.run(p4p_createInvoce_ok_spy:229)
	at com.kms.katalon.core.main.ScriptEngine.run(ScriptEngine.java:194)
	at com.kms.katalon.core.main.ScriptEngine.runScriptAsRawText(ScriptEngine.java:119)
	at com.kms.katalon.core.main.TestCaseExecutor.runScript(TestCaseExecutor.java:337)
	at com.kms.katalon.core.main.TestCaseExecutor.doExecute(TestCaseExecutor.java:328)
	at com.kms.katalon.core.main.TestCaseExecutor.processExecutionPhase(TestCaseExecutor.java:307)
	at com.kms.katalon.core.main.TestCaseExecutor.accessMainPhase(TestCaseExecutor.java:299)
	at com.kms.katalon.core.main.TestCaseExecutor.execute(TestCaseExecutor.java:233)
	at com.kms.katalon.core.main.TestSuiteExecutor.accessTestCaseMainPhase(TestSuiteExecutor.java:169)
	at com.kms.katalon.core.main.TestSuiteExecutor.accessTestSuiteMainPhase(TestSuiteExecutor.java:142)
	at com.kms.katalon.core.main.TestSuiteExecutor.execute(TestSuiteExecutor.java:91)
	at com.kms.katalon.core.main.TestCaseMain.startTestSuite(TestCaseMain.java:157)
	at com.kms.katalon.core.main.TestCaseMain$startTestSuite$0.call(Unknown Source)
	at TempTestSuite1578509679797.run(TempTestSuite1578509679797.groovy:36)
Caused by: com.kms.katalon.core.webui.exception.WebElementNotFoundException: Web element with id: 'Object Repository/object_invoce/new_invoice/new_invoice_sub2/a_Taxes ()_select2-choice_2' located by 'By.xpath: (//a[@onclick='return false;'])[3]' not found
	at com.kms.katalon.core.webui.common.WebUiCommonHelper.findWebElement(WebUiCommonHelper.java:1113)
	at com.kms.katalon.core.webui.keyword.internal.WebUIAbstractKeyword.findWebElement(WebUIAbstractKeyword.groovy:27)
	at com.kms.katalon.core.webui.keyword.internal.WebUIAbstractKeyword.findWebElement(WebUIAbstractKeyword.groovy:26)
	at com.kms.katalon.core.webui.keyword.builtin.ClickKeyword$_click_closure1.doCall(ClickKeyword.groovy:68)
	at com.kms.katalon.core.webui.keyword.builtin.ClickKeyword$_click_closure1.call(ClickKeyword.groovy)
	at com.kms.katalon.core.webui.keyword.internal.WebUIKeywordMain.runKeyword(WebUIKeywordMain.groovy:20)
	... 19 more
"/>
         <system-out><![CDATA[2020-01-08 13:08:57 - [TEST_CASE][FAILED] - Test Cases/p4p_createInvoce_ok_spy: Test Cases/p4p_createInvoce_ok_spy FAILED.
Reason:
com.kms.katalon.core.exception.StepFailedException: Unable to click on object 'Object Repository/object_invoce/new_invoice/new_invoice_sub2/a_Taxes ()_select2-choice_2'
	at com.kms.katalon.core.webui.keyword.internal.WebUIKeywordMain.stepFailed(WebUIKeywordMain.groovy:64)
	at com.kms.katalon.core.webui.keyword.internal.WebUIKeywordMain.runKeyword(WebUIKeywordMain.groovy:26)
	at com.kms.katalon.core.webui.keyword.builtin.ClickKeyword.click(ClickKeyword.groovy:99)
	at com.kms.katalon.core.webui.keyword.builtin.ClickKeyword.execute(ClickKeyword.groovy:43)
	at com.kms.katalon.core.keyword.internal.KeywordExecutor.executeKeywordForPlatform(KeywordExecutor.groovy:60)
	at com.kms.katalon.core.webui.keyword.WebUiBuiltInKeywords.click(WebUiBuiltInKeywords.groovy:616)
	at com.kms.katalon.core.webui.keyword.WebUiBuiltInKeywords$click$2.call(Unknown Source)
	at p4p_createInvoce_ok_spy.run(p4p_createInvoce_ok_spy:229)
	at com.kms.katalon.core.main.ScriptEngine.run(ScriptEngine.java:194)
	at com.kms.katalon.core.main.ScriptEngine.runScriptAsRawText(ScriptEngine.java:119)
	at com.kms.katalon.core.main.TestCaseExecutor.runScript(TestCaseExecutor.java:337)
	at com.kms.katalon.core.main.TestCaseExecutor.doExecute(TestCaseExecutor.java:328)
	at com.kms.katalon.core.main.TestCaseExecutor.processExecutionPhase(TestCaseExecutor.java:307)
	at com.kms.katalon.core.main.TestCaseExecutor.accessMainPhase(TestCaseExecutor.java:299)
	at com.kms.katalon.core.main.TestCaseExecutor.execute(TestCaseExecutor.java:233)
	at com.kms.katalon.core.main.TestSuiteExecutor.accessTestCaseMainPhase(TestSuiteExecutor.java:169)
	at com.kms.katalon.core.main.TestSuiteExecutor.accessTestSuiteMainPhase(TestSuiteExecutor.java:142)
	at com.kms.katalon.core.main.TestSuiteExecutor.execute(TestSuiteExecutor.java:91)
	at com.kms.katalon.core.main.TestCaseMain.startTestSuite(TestCaseMain.java:157)
	at com.kms.katalon.core.main.TestCaseMain$startTestSuite$0.call(Unknown Source)
	at TempTestSuite1578509679797.run(TempTestSuite1578509679797.groovy:36)
Caused by: com.kms.katalon.core.webui.exception.WebElementNotFoundException: Web element with id: 'Object Repository/object_invoce/new_invoice/new_invoice_sub2/a_Taxes ()_select2-choice_2' located by 'By.xpath: (//a[@onclick='return false;'])[3]' not found
	at com.kms.katalon.core.webui.common.WebUiCommonHelper.findWebElement(WebUiCommonHelper.java:1113)
	at com.kms.katalon.core.webui.keyword.internal.WebUIAbstractKeyword.findWebElement(WebUIAbstractKeyword.groovy:27)
	at com.kms.katalon.core.webui.keyword.internal.WebUIAbstractKeyword.findWebElement(WebUIAbstractKeyword.groovy:26)
	at com.kms.katalon.core.webui.keyword.builtin.ClickKeyword$_click_closure1.doCall(ClickKeyword.groovy:68)
	at com.kms.katalon.core.webui.keyword.builtin.ClickKeyword$_click_closure1.call(ClickKeyword.groovy)
	at com.kms.katalon.core.webui.keyword.internal.WebUIKeywordMain.runKeyword(WebUIKeywordMain.groovy:20)
	... 19 more


2020-01-08 13:08:58 - [TEST_STEP][PASSED] - openBrowser("https://p4p-qa-bg.aws.paradise4paws.com/login/"): Browser is opened with url: 'https://p4p-qa-bg.aws.paradise4paws.com/login/'

2020-01-08 13:08:58 - [MESSAGE][WARNING] - A browser is already opened. Closing browser and opening a new one

2020-01-08 13:08:58 - [MESSAGE][INFO] - Starting 'Chrome' driver

2020-01-08 13:09:00 - [MESSAGE][PASSED] - Browser is opened with url: 'https://p4p-qa-bg.aws.paradise4paws.com/login/'

2020-01-08 13:09:00 - [TEST_STEP][PASSED] - arryPets = var_pets.split(","): null

2020-01-08 13:09:00 - [TEST_STEP][PASSED] - flagBoar = "0": null

2020-01-08 13:09:00 - [TEST_STEP][PASSED] - log = new com.kms.katalon.core.logging.KeywordLogger(): null

2020-01-08 13:09:00 - [TEST_STEP][PASSED] - fisInv = new java.io.FileInputStream(/home/leonardo-arkusmty/Desktop/P4P/DATA_AUTOMATINTESTING/data_3createInvoice.xlsx): null

2020-01-08 13:09:00 - [TEST_STEP][PASSED] - fisPay = new java.io.FileInputStream(/home/leonardo-arkusmty/Desktop/P4P/DATA_AUTOMATINTESTING/data_4payment.xlsx): null

2020-01-08 13:09:00 - [TEST_STEP][PASSED] - workbookInv = new org.apache.poi.xssf.usermodel.XSSFWorkbook(fisInv): null

2020-01-08 13:09:00 - [TEST_STEP][PASSED] - workbookPay = new org.apache.poi.xssf.usermodel.XSSFWorkbook(fisPay): null

2020-01-08 13:09:00 - [TEST_STEP][PASSED] - sheetInv = workbookInv.getSheet("Sheet1"): null

2020-01-08 13:09:00 - [TEST_STEP][PASSED] - sheetPay = workbookPay.getSheet("Sheet1"): null

2020-01-08 13:09:00 - [TEST_STEP][PASSED] - var = Integer.parseInt(var_idRowRes): null

2020-01-08 13:09:00 - [TEST_STEP][PASSED] - rowInv = sheetInv.getRow(var): null

2020-01-08 13:09:00 - [TEST_STEP][PASSED] - rowPay = sheetPay.getRow(var): null

2020-01-08 13:09:00 - [TEST_STEP][PASSED] - today = new java.util.Date(): null

2020-01-08 13:09:00 - [TEST_STEP][PASSED] - todaysDate1 = today.format("mmm/dd/yy"): null

2020-01-08 13:09:00 - [TEST_STEP][PASSED] - todaysDate2 = today.format("dd/mm/yy"): null

2020-01-08 13:09:00 - [TEST_STEP][PASSED] - todaysDate3 = today.format("dd"): null

2020-01-08 13:09:00 - [TEST_STEP][PASSED] - nowTime = today.format("hhmm"): null

2020-01-08 13:09:00 - [TEST_STEP][PASSED] - setText(findTestObject("Object Repository/object_login/input_user"), var_user): Text 'jegchavez@gmail.com' is set on object 'Object Repository/object_login/input_user'

2020-01-08 13:09:00 - [MESSAGE][PASSED] - Text 'jegchavez@gmail.com' is set on object 'Object Repository/object_login/input_user'

2020-01-08 13:09:00 - [TEST_STEP][PASSED] - setText(findTestObject("Object Repository/object_login/input_pass"), var_pass): Text 'admin1' is set on object 'Object Repository/object_login/input_pass'

2020-01-08 13:09:01 - [MESSAGE][PASSED] - Text 'admin1' is set on object 'Object Repository/object_login/input_pass'

2020-01-08 13:09:01 - [TEST_STEP][PASSED] - delay(2): Delayed 2 second(s)

2020-01-08 13:09:03 - [MESSAGE][PASSED] - Delayed 2 second(s)

2020-01-08 13:09:03 - [TEST_STEP][PASSED] - verifyElementClickable(findTestObject("Object Repository/object_login/btn_login")): Object 'Object Repository/object_login/btn_login' is clickable

2020-01-08 13:09:03 - [MESSAGE][PASSED] - Object 'Object Repository/object_login/btn_login' is clickable

2020-01-08 13:09:03 - [TEST_STEP][PASSED] - click(findTestObject("Object Repository/object_login/btn_login")): Object: 'Object Repository/object_login/btn_login' is clicked on

2020-01-08 13:09:04 - [MESSAGE][PASSED] - Object: 'Object Repository/object_login/btn_login' is clicked on

2020-01-08 13:09:04 - [TEST_STEP][PASSED] - delay(2): Delayed 2 second(s)

2020-01-08 13:09:06 - [MESSAGE][PASSED] - Delayed 2 second(s)

2020-01-08 13:09:06 - [TEST_STEP][PASSED] - setText(findTestObject("Object Repository/object_dashboard_emp/input_search"), var_parent): Text 'leongarzagarza@hotmail.com' is set on object 'Object Repository/object_dashboard_emp/input_search'

2020-01-08 13:09:07 - [MESSAGE][PASSED] - Text 'leongarzagarza@hotmail.com' is set on object 'Object Repository/object_dashboard_emp/input_search'

2020-01-08 13:09:07 - [TEST_STEP][PASSED] - click(findTestObject("Object Repository/object_dashboard_emp/btn_accountSearch")): Object: 'Object Repository/object_dashboard_emp/btn_accountSearch' is clicked on

2020-01-08 13:09:08 - [MESSAGE][PASSED] - Object: 'Object Repository/object_dashboard_emp/btn_accountSearch' is clicked on

2020-01-08 13:09:08 - [TEST_STEP][PASSED] - delay(2): Delayed 2 second(s)

2020-01-08 13:09:10 - [MESSAGE][PASSED] - Delayed 2 second(s)

2020-01-08 13:09:10 - [TEST_STEP][PASSED] - click(findTestObject("Object Repository/object_accountInformation/a_TEST GABRIEL PROD")): Object: 'Object Repository/object_accountInformation/a_TEST GABRIEL PROD' is clicked on

2020-01-08 13:09:11 - [MESSAGE][PASSED] - Object: 'Object Repository/object_accountInformation/a_TEST GABRIEL PROD' is clicked on

2020-01-08 13:09:11 - [TEST_STEP][PASSED] - delay(2): Delayed 2 second(s)

2020-01-08 13:09:13 - [MESSAGE][PASSED] - Delayed 2 second(s)

2020-01-08 13:09:13 - [TEST_STEP][PASSED] - click(findTestObject("object_invoce/btn_createInvoice")): Object: 'Object Repository/object_invoce/btn_createInvoice' is clicked on

2020-01-08 13:09:14 - [MESSAGE][PASSED] - Object: 'Object Repository/object_invoce/btn_createInvoice' is clicked on

2020-01-08 13:09:14 - [TEST_STEP][PASSED] - delay(3): Delayed 3 second(s)

2020-01-08 13:09:17 - [MESSAGE][PASSED] - Delayed 3 second(s)

2020-01-08 13:09:17 - [TEST_STEP][PASSED] - if (arryPets.size() == 1): null

2020-01-08 13:09:17 - [TEST_STEP][PASSED] - if (arryPets.size() == 2): null

2020-01-08 13:09:17 - [TEST_STEP][FAILED] - if (arryPets.size() == 3): Unable to click on object 'Object Repository/object_invoce/new_invoice/new_invoice_sub2/a_Taxes ()_select2-choice_2' (Root cause: com.kms.katalon.core.exception.StepFailedException: Unable to click on object 'Object Repository/object_invoce/new_invoice/new_invoice_sub2/a_Taxes ()_select2-choice_2'
	at com.kms.katalon.core.webui.keyword.internal.WebUIKeywordMain.stepFailed(WebUIKeywordMain.groovy:64)
	at com.kms.katalon.core.webui.keyword.internal.WebUIKeywordMain.runKeyword(WebUIKeywordMain.groovy:26)
	at com.kms.katalon.core.webui.keyword.builtin.ClickKeyword.click(ClickKeyword.groovy:99)
	at com.kms.katalon.core.webui.keyword.builtin.ClickKeyword.execute(ClickKeyword.groovy:43)
	at com.kms.katalon.core.keyword.internal.KeywordExecutor.executeKeywordForPlatform(KeywordExecutor.groovy:60)
	at com.kms.katalon.core.webui.keyword.WebUiBuiltInKeywords.click(WebUiBuiltInKeywords.groovy:616)
	at com.kms.katalon.core.webui.keyword.WebUiBuiltInKeywords$click$2.call(Unknown Source)
	at p4p_createInvoce_ok_spy.run(p4p_createInvoce_ok_spy:229)
	at com.kms.katalon.core.main.ScriptEngine.run(ScriptEngine.java:194)
	at com.kms.katalon.core.main.ScriptEngine.runScriptAsRawText(ScriptEngine.java:119)
	at com.kms.katalon.core.main.TestCaseExecutor.runScript(TestCaseExecutor.java:337)
	at com.kms.katalon.core.main.TestCaseExecutor.doExecute(TestCaseExecutor.java:328)
	at com.kms.katalon.core.main.TestCaseExecutor.processExecutionPhase(TestCaseExecutor.java:307)
	at com.kms.katalon.core.main.TestCaseExecutor.accessMainPhase(TestCaseExecutor.java:299)
	at com.kms.katalon.core.main.TestCaseExecutor.execute(TestCaseExecutor.java:233)
	at com.kms.katalon.core.main.TestSuiteExecutor.accessTestCaseMainPhase(TestSuiteExecutor.java:169)
	at com.kms.katalon.core.main.TestSuiteExecutor.accessTestSuiteMainPhase(TestSuiteExecutor.java:142)
	at com.kms.katalon.core.main.TestSuiteExecutor.execute(TestSuiteExecutor.java:91)
	at com.kms.katalon.core.main.TestCaseMain.startTestSuite(TestCaseMain.java:157)
	at com.kms.katalon.core.main.TestCaseMain$startTestSuite$0.call(Unknown Source)
	at TempTestSuite1578509679797.run(TempTestSuite1578509679797.groovy:36)
Caused by: com.kms.katalon.core.webui.exception.WebElementNotFoundException: Web element with id: 'Object Repository/object_invoce/new_invoice/new_invoice_sub2/a_Taxes ()_select2-choice_2' located by 'By.xpath: (//a[@onclick='return false;'])[3]' not found
	at com.kms.katalon.core.webui.common.WebUiCommonHelper.findWebElement(WebUiCommonHelper.java:1113)
	at com.kms.katalon.core.webui.keyword.internal.WebUIAbstractKeyword.findWebElement(WebUIAbstractKeyword.groovy:27)
	at com.kms.katalon.core.webui.keyword.internal.WebUIAbstractKeyword.findWebElement(WebUIAbstractKeyword.groovy:26)
	at com.kms.katalon.core.webui.keyword.builtin.ClickKeyword$_click_closure1.doCall(ClickKeyword.groovy:68)
	at com.kms.katalon.core.webui.keyword.builtin.ClickKeyword$_click_closure1.call(ClickKeyword.groovy)
	at com.kms.katalon.core.webui.keyword.internal.WebUIKeywordMain.runKeyword(WebUIKeywordMain.groovy:20)
	at com.kms.katalon.core.webui.keyword.builtin.ClickKeyword.click(ClickKeyword.groovy:99)
	at com.kms.katalon.core.webui.keyword.builtin.ClickKeyword.execute(ClickKeyword.groovy:43)
	at com.kms.katalon.core.keyword.internal.KeywordExecutor.executeKeywordForPlatform(KeywordExecutor.groovy:60)
	at com.kms.katalon.core.webui.keyword.WebUiBuiltInKeywords.click(WebUiBuiltInKeywords.groovy:616)
	at com.kms.katalon.core.webui.keyword.WebUiBuiltInKeywords$click$2.call(Unknown Source)
	at Script1578378640799.run(Script1578378640799.groovy:229)
	... 13 more
)

2020-01-08 13:09:17 - [TEST_STEP][PASSED] - log.logInfo("SIZE 3"): SIZE 3

2020-01-08 13:09:17 - [MESSAGE][INFO] - SIZE 3

2020-01-08 13:09:17 - [TEST_STEP][PASSED] - click(findTestObject("object_invoce/new_invoice/new_invoice_sub/btn_AddLineItem")): Object: 'Object Repository/object_invoce/new_invoice/new_invoice_sub/btn_AddLineItem' is clicked on

2020-01-08 13:09:18 - [MESSAGE][PASSED] - Object: 'Object Repository/object_invoce/new_invoice/new_invoice_sub/btn_AddLineItem' is clicked on

2020-01-08 13:09:18 - [TEST_STEP][PASSED] - delay(3): Delayed 3 second(s)

2020-01-08 13:09:21 - [MESSAGE][PASSED] - Delayed 3 second(s)

2020-01-08 13:09:21 - [TEST_STEP][PASSED] - click(findTestObject("object_invoce/new_invoice/new_invoice_sub/a_Taxes ()_select2-choice_1")): Object: 'Object Repository/object_invoce/new_invoice/new_invoice_sub/a_Taxes ()_select2-choice_1' is clicked on

2020-01-08 13:09:21 - [MESSAGE][PASSED] - Object: 'Object Repository/object_invoce/new_invoice/new_invoice_sub/a_Taxes ()_select2-choice_1' is clicked on

2020-01-08 13:09:21 - [TEST_STEP][PASSED] - delay(3): Delayed 3 second(s)

2020-01-08 13:09:24 - [MESSAGE][PASSED] - Delayed 3 second(s)

2020-01-08 13:09:24 - [TEST_STEP][PASSED] - click(findTestObject("object_invoce/new_invoice/new_invoice_sub/div_Zeus")): Object: 'Object Repository/object_invoce/new_invoice/new_invoice_sub/div_Zeus' is clicked on

2020-01-08 13:09:25 - [MESSAGE][PASSED] - Object: 'Object Repository/object_invoce/new_invoice/new_invoice_sub/div_Zeus' is clicked on

2020-01-08 13:09:25 - [TEST_STEP][NOT_RUN] - click(findTestObject("object_invoce/new_invoice/new_invoice_sub/b")): NOT_RUN: click(findTestObject("object_invoce/new_invoice/new_invoice_sub/b"))

2020-01-08 13:09:25 - [MESSAGE][NOT_RUN] - NOT_RUN: click(findTestObject("object_invoce/new_invoice/new_invoice_sub/b"))

2020-01-08 13:09:25 - [TEST_STEP][NOT_RUN] - click(findTestObject("object_invoce/new_invoice/new_invoice_sub/select_BOARDING_SUITEDAYCARE_SUITESPA_SUITE")): NOT_RUN: click(findTestObject("object_invoce/new_invoice/new_invoice_sub/select_BOARDING_SUITEDAYCARE_SUITESPA_SUITE"))

2020-01-08 13:09:25 - [MESSAGE][NOT_RUN] - NOT_RUN: click(findTestObject("object_invoce/new_invoice/new_invoice_sub/select_BOARDING_SUITEDAYCARE_SUITESPA_SUITE"))

2020-01-08 13:09:25 - [TEST_STEP][PASSED] - delay(3): Delayed 3 second(s)

2020-01-08 13:09:28 - [MESSAGE][PASSED] - Delayed 3 second(s)

2020-01-08 13:09:28 - [TEST_STEP][PASSED] - if (var_type == "BOARDING_SUITE"): Object: 'Object Repository/object_invoce/new_invoice_ok_1/select_boarding' is clicked on

2020-01-08 13:09:28 - [TEST_STEP][PASSED] - click(findTestObject("object_invoce/new_invoice_ok_1/select_boarding"), STOP_ON_FAILURE): Object: 'Object Repository/object_invoce/new_invoice_ok_1/select_boarding' is clicked on

2020-01-08 13:09:28 - [MESSAGE][PASSED] - Object: 'Object Repository/object_invoce/new_invoice_ok_1/select_boarding' is clicked on

2020-01-08 13:09:28 - [TEST_STEP][PASSED] - if (var_type == "DAYCARE_SUITE"): null

2020-01-08 13:09:28 - [TEST_STEP][PASSED] - if (var_type == "PACKAGE"): null

2020-01-08 13:09:28 - [TEST_STEP][PASSED] - delay(4): Delayed 4 second(s)

2020-01-08 13:09:32 - [MESSAGE][PASSED] - Delayed 4 second(s)

2020-01-08 13:09:32 - [TEST_STEP][PASSED] - sendKeys(findTestObject("object_invoce/new_invoice/new_invoice_sub/input_Taxes_Item_1"), var_item): Keys 'M2M Monthly Membership' sent to object: 'Object Repository/object_invoce/new_invoice/new_invoice_sub/input_Taxes_Item_1'

2020-01-08 13:09:32 - [MESSAGE][PASSED] - Keys 'M2M Monthly Membership' sent to object: 'Object Repository/object_invoce/new_invoice/new_invoice_sub/input_Taxes_Item_1'

2020-01-08 13:09:32 - [TEST_STEP][PASSED] - delay(4): Delayed 4 second(s)

2020-01-08 13:09:36 - [MESSAGE][PASSED] - Delayed 4 second(s)

2020-01-08 13:09:36 - [TEST_STEP][PASSED] - sendKeys(findTestObject("object_invoce/new_invoice/new_invoice_sub/input_Taxes_Item_1"), Keys.chord(ENTER)): Keys 'ENTER + ' sent to object: 'Object Repository/object_invoce/new_invoice/new_invoice_sub/input_Taxes_Item_1'

2020-01-08 13:09:37 - [MESSAGE][PASSED] - Keys 'ENTER + ' sent to object: 'Object Repository/object_invoce/new_invoice/new_invoice_sub/input_Taxes_Item_1'

2020-01-08 13:09:37 - [TEST_STEP][PASSED] - delay(4): Delayed 4 second(s)

2020-01-08 13:09:41 - [MESSAGE][PASSED] - Delayed 4 second(s)

2020-01-08 13:09:41 - [TEST_STEP][PASSED] - click(findTestObject("object_invoce/new_invoice/new_invoice_sub/btn_AddLineItem")): Object: 'Object Repository/object_invoce/new_invoice/new_invoice_sub/btn_AddLineItem' is clicked on

2020-01-08 13:09:44 - [MESSAGE][PASSED] - Object: 'Object Repository/object_invoce/new_invoice/new_invoice_sub/btn_AddLineItem' is clicked on

2020-01-08 13:09:44 - [TEST_STEP][PASSED] - delay(3): Delayed 3 second(s)

2020-01-08 13:09:47 - [MESSAGE][PASSED] - Delayed 3 second(s)

2020-01-08 13:09:47 - [TEST_STEP][FAILED] - click(findTestObject("object_invoce/new_invoice/new_invoice_sub2/a_Taxes ()_select2-choice_2")): Unable to click on object 'Object Repository/object_invoce/new_invoice/new_invoice_sub2/a_Taxes ()_select2-choice_2' (Root cause: com.kms.katalon.core.exception.StepFailedException: Unable to click on object 'Object Repository/object_invoce/new_invoice/new_invoice_sub2/a_Taxes ()_select2-choice_2'
	at com.kms.katalon.core.webui.keyword.internal.WebUIKeywordMain.stepFailed(WebUIKeywordMain.groovy:64)
	at com.kms.katalon.core.webui.keyword.internal.WebUIKeywordMain.runKeyword(WebUIKeywordMain.groovy:26)
	at com.kms.katalon.core.webui.keyword.builtin.ClickKeyword.click(ClickKeyword.groovy:99)
	at com.kms.katalon.core.webui.keyword.builtin.ClickKeyword.execute(ClickKeyword.groovy:43)
	at com.kms.katalon.core.keyword.internal.KeywordExecutor.executeKeywordForPlatform(KeywordExecutor.groovy:60)
	at com.kms.katalon.core.webui.keyword.WebUiBuiltInKeywords.click(WebUiBuiltInKeywords.groovy:616)
	at com.kms.katalon.core.webui.keyword.WebUiBuiltInKeywords$click$2.call(Unknown Source)
	at p4p_createInvoce_ok_spy.run(p4p_createInvoce_ok_spy:229)
	at com.kms.katalon.core.main.ScriptEngine.run(ScriptEngine.java:194)
	at com.kms.katalon.core.main.ScriptEngine.runScriptAsRawText(ScriptEngine.java:119)
	at com.kms.katalon.core.main.TestCaseExecutor.runScript(TestCaseExecutor.java:337)
	at com.kms.katalon.core.main.TestCaseExecutor.doExecute(TestCaseExecutor.java:328)
	at com.kms.katalon.core.main.TestCaseExecutor.processExecutionPhase(TestCaseExecutor.java:307)
	at com.kms.katalon.core.main.TestCaseExecutor.accessMainPhase(TestCaseExecutor.java:299)
	at com.kms.katalon.core.main.TestCaseExecutor.execute(TestCaseExecutor.java:233)
	at com.kms.katalon.core.main.TestSuiteExecutor.accessTestCaseMainPhase(TestSuiteExecutor.java:169)
	at com.kms.katalon.core.main.TestSuiteExecutor.accessTestSuiteMainPhase(TestSuiteExecutor.java:142)
	at com.kms.katalon.core.main.TestSuiteExecutor.execute(TestSuiteExecutor.java:91)
	at com.kms.katalon.core.main.TestCaseMain.startTestSuite(TestCaseMain.java:157)
	at com.kms.katalon.core.main.TestCaseMain$startTestSuite$0.call(Unknown Source)
	at TempTestSuite1578509679797.run(TempTestSuite1578509679797.groovy:36)
Caused by: com.kms.katalon.core.webui.exception.WebElementNotFoundException: Web element with id: 'Object Repository/object_invoce/new_invoice/new_invoice_sub2/a_Taxes ()_select2-choice_2' located by 'By.xpath: (//a[@onclick='return false;'])[3]' not found
	at com.kms.katalon.core.webui.common.WebUiCommonHelper.findWebElement(WebUiCommonHelper.java:1113)
	at com.kms.katalon.core.webui.keyword.internal.WebUIAbstractKeyword.findWebElement(WebUIAbstractKeyword.groovy:27)
	at com.kms.katalon.core.webui.keyword.internal.WebUIAbstractKeyword.findWebElement(WebUIAbstractKeyword.groovy:26)
	at com.kms.katalon.core.webui.keyword.builtin.ClickKeyword$_click_closure1.doCall(ClickKeyword.groovy:68)
	at com.kms.katalon.core.webui.keyword.builtin.ClickKeyword$_click_closure1.call(ClickKeyword.groovy)
	at com.kms.katalon.core.webui.keyword.internal.WebUIKeywordMain.runKeyword(WebUIKeywordMain.groovy:20)
	at com.kms.katalon.core.webui.keyword.builtin.ClickKeyword.click(ClickKeyword.groovy:99)
	at com.kms.katalon.core.webui.keyword.builtin.ClickKeyword.execute(ClickKeyword.groovy:43)
	at com.kms.katalon.core.keyword.internal.KeywordExecutor.executeKeywordForPlatform(KeywordExecutor.groovy:60)
	at com.kms.katalon.core.webui.keyword.WebUiBuiltInKeywords.click(WebUiBuiltInKeywords.groovy:616)
	at com.kms.katalon.core.webui.keyword.WebUiBuiltInKeywords$click$2.call(Unknown Source)
	at Script1578378640799.run(Script1578378640799.groovy:229)
	... 13 more
)

2020-01-08 13:10:32 - [MESSAGE][INFO] - Unable to find the element located by 'By.xpath: (//a[@onclick='return false;'])[3]'. Please recheck the objects properties to make sure the desired element is located. 

2020-01-08 13:10:33 - [MESSAGE][FAILED] - Unable to click on object 'Object Repository/object_invoce/new_invoice/new_invoice_sub2/a_Taxes ()_select2-choice_2' (Root cause: com.kms.katalon.core.exception.StepFailedException: Unable to click on object 'Object Repository/object_invoce/new_invoice/new_invoice_sub2/a_Taxes ()_select2-choice_2'
	at com.kms.katalon.core.webui.keyword.internal.WebUIKeywordMain.stepFailed(WebUIKeywordMain.groovy:64)
	at com.kms.katalon.core.webui.keyword.internal.WebUIKeywordMain.runKeyword(WebUIKeywordMain.groovy:26)
	at com.kms.katalon.core.webui.keyword.builtin.ClickKeyword.click(ClickKeyword.groovy:99)
	at com.kms.katalon.core.webui.keyword.builtin.ClickKeyword.execute(ClickKeyword.groovy:43)
	at com.kms.katalon.core.keyword.internal.KeywordExecutor.executeKeywordForPlatform(KeywordExecutor.groovy:60)
	at com.kms.katalon.core.webui.keyword.WebUiBuiltInKeywords.click(WebUiBuiltInKeywords.groovy:616)
	at com.kms.katalon.core.webui.keyword.WebUiBuiltInKeywords$click$2.call(Unknown Source)
	at p4p_createInvoce_ok_spy.run(p4p_createInvoce_ok_spy:229)
	at com.kms.katalon.core.main.ScriptEngine.run(ScriptEngine.java:194)
	at com.kms.katalon.core.main.ScriptEngine.runScriptAsRawText(ScriptEngine.java:119)
	at com.kms.katalon.core.main.TestCaseExecutor.runScript(TestCaseExecutor.java:337)
	at com.kms.katalon.core.main.TestCaseExecutor.doExecute(TestCaseExecutor.java:328)
	at com.kms.katalon.core.main.TestCaseExecutor.processExecutionPhase(TestCaseExecutor.java:307)
	at com.kms.katalon.core.main.TestCaseExecutor.accessMainPhase(TestCaseExecutor.java:299)
	at com.kms.katalon.core.main.TestCaseExecutor.execute(TestCaseExecutor.java:233)
	at com.kms.katalon.core.main.TestSuiteExecutor.accessTestCaseMainPhase(TestSuiteExecutor.java:169)
	at com.kms.katalon.core.main.TestSuiteExecutor.accessTestSuiteMainPhase(TestSuiteExecutor.java:142)
	at com.kms.katalon.core.main.TestSuiteExecutor.execute(TestSuiteExecutor.java:91)
	at com.kms.katalon.core.main.TestCaseMain.startTestSuite(TestCaseMain.java:157)
	at com.kms.katalon.core.main.TestCaseMain$startTestSuite$0.call(Unknown Source)
	at TempTestSuite1578509679797.run(TempTestSuite1578509679797.groovy:36)
Caused by: com.kms.katalon.core.webui.exception.WebElementNotFoundException: Web element with id: 'Object Repository/object_invoce/new_invoice/new_invoice_sub2/a_Taxes ()_select2-choice_2' located by 'By.xpath: (//a[@onclick='return false;'])[3]' not found
	at com.kms.katalon.core.webui.common.WebUiCommonHelper.findWebElement(WebUiCommonHelper.java:1113)
	at com.kms.katalon.core.webui.keyword.internal.WebUIAbstractKeyword.findWebElement(WebUIAbstractKeyword.groovy:27)
	at com.kms.katalon.core.webui.keyword.internal.WebUIAbstractKeyword.findWebElement(WebUIAbstractKeyword.groovy:26)
	at com.kms.katalon.core.webui.keyword.builtin.ClickKeyword$_click_closure1.doCall(ClickKeyword.groovy:68)
	at com.kms.katalon.core.webui.keyword.builtin.ClickKeyword$_click_closure1.call(ClickKeyword.groovy)
	at com.kms.katalon.core.webui.keyword.internal.WebUIKeywordMain.runKeyword(WebUIKeywordMain.groovy:20)
	at com.kms.katalon.core.webui.keyword.builtin.ClickKeyword.click(ClickKeyword.groovy:99)
	at com.kms.katalon.core.webui.keyword.builtin.ClickKeyword.execute(ClickKeyword.groovy:43)
	at com.kms.katalon.core.keyword.internal.KeywordExecutor.executeKeywordForPlatform(KeywordExecutor.groovy:60)
	at com.kms.katalon.core.webui.keyword.WebUiBuiltInKeywords.click(WebUiBuiltInKeywords.groovy:616)
	at com.kms.katalon.core.webui.keyword.WebUiBuiltInKeywords$click$2.call(Unknown Source)
	at Script1578378640799.run(Script1578378640799.groovy:229)
	... 13 more
)
[[ATTACHMENT|/home/leonardo-arkusmty/Documents/workspaceKatalon/p4ptest/Reports/20200108_125439/ts_createInvoice/20200108_125439/1578510632908.png]]]]></system-out>
         <system-err><![CDATA[2020-01-08 13:08:57 - [TEST_CASE][FAILED] - Test Cases/p4p_createInvoce_ok_spy: Test Cases/p4p_createInvoce_ok_spy FAILED.
Reason:
com.kms.katalon.core.exception.StepFailedException: Unable to click on object 'Object Repository/object_invoce/new_invoice/new_invoice_sub2/a_Taxes ()_select2-choice_2'
	at com.kms.katalon.core.webui.keyword.internal.WebUIKeywordMain.stepFailed(WebUIKeywordMain.groovy:64)
	at com.kms.katalon.core.webui.keyword.internal.WebUIKeywordMain.runKeyword(WebUIKeywordMain.groovy:26)
	at com.kms.katalon.core.webui.keyword.builtin.ClickKeyword.click(ClickKeyword.groovy:99)
	at com.kms.katalon.core.webui.keyword.builtin.ClickKeyword.execute(ClickKeyword.groovy:43)
	at com.kms.katalon.core.keyword.internal.KeywordExecutor.executeKeywordForPlatform(KeywordExecutor.groovy:60)
	at com.kms.katalon.core.webui.keyword.WebUiBuiltInKeywords.click(WebUiBuiltInKeywords.groovy:616)
	at com.kms.katalon.core.webui.keyword.WebUiBuiltInKeywords$click$2.call(Unknown Source)
	at p4p_createInvoce_ok_spy.run(p4p_createInvoce_ok_spy:229)
	at com.kms.katalon.core.main.ScriptEngine.run(ScriptEngine.java:194)
	at com.kms.katalon.core.main.ScriptEngine.runScriptAsRawText(ScriptEngine.java:119)
	at com.kms.katalon.core.main.TestCaseExecutor.runScript(TestCaseExecutor.java:337)
	at com.kms.katalon.core.main.TestCaseExecutor.doExecute(TestCaseExecutor.java:328)
	at com.kms.katalon.core.main.TestCaseExecutor.processExecutionPhase(TestCaseExecutor.java:307)
	at com.kms.katalon.core.main.TestCaseExecutor.accessMainPhase(TestCaseExecutor.java:299)
	at com.kms.katalon.core.main.TestCaseExecutor.execute(TestCaseExecutor.java:233)
	at com.kms.katalon.core.main.TestSuiteExecutor.accessTestCaseMainPhase(TestSuiteExecutor.java:169)
	at com.kms.katalon.core.main.TestSuiteExecutor.accessTestSuiteMainPhase(TestSuiteExecutor.java:142)
	at com.kms.katalon.core.main.TestSuiteExecutor.execute(TestSuiteExecutor.java:91)
	at com.kms.katalon.core.main.TestCaseMain.startTestSuite(TestCaseMain.java:157)
	at com.kms.katalon.core.main.TestCaseMain$startTestSuite$0.call(Unknown Source)
	at TempTestSuite1578509679797.run(TempTestSuite1578509679797.groovy:36)
Caused by: com.kms.katalon.core.webui.exception.WebElementNotFoundException: Web element with id: 'Object Repository/object_invoce/new_invoice/new_invoice_sub2/a_Taxes ()_select2-choice_2' located by 'By.xpath: (//a[@onclick='return false;'])[3]' not found
	at com.kms.katalon.core.webui.common.WebUiCommonHelper.findWebElement(WebUiCommonHelper.java:1113)
	at com.kms.katalon.core.webui.keyword.internal.WebUIAbstractKeyword.findWebElement(WebUIAbstractKeyword.groovy:27)
	at com.kms.katalon.core.webui.keyword.internal.WebUIAbstractKeyword.findWebElement(WebUIAbstractKeyword.groovy:26)
	at com.kms.katalon.core.webui.keyword.builtin.ClickKeyword$_click_closure1.doCall(ClickKeyword.groovy:68)
	at com.kms.katalon.core.webui.keyword.builtin.ClickKeyword$_click_closure1.call(ClickKeyword.groovy)
	at com.kms.katalon.core.webui.keyword.internal.WebUIKeywordMain.runKeyword(WebUIKeywordMain.groovy:20)
	... 19 more]]></system-err>
      </testcase>
      <system-out><![CDATA[2020-01-08 12:54:41 - [TEST_SUITE][ERROR] - ts_createInvoice: Test Cases/p4p_createInvoce_ok_spy FAILED.
Reason:
java.lang.ArrayIndexOutOfBoundsException: 8
	at p4p_createInvoce_ok_spy.run(p4p_createInvoce_ok_spy:304)
	at com.kms.katalon.core.main.ScriptEngine.run(ScriptEngine.java:194)
	at com.kms.katalon.core.main.ScriptEngine.runScriptAsRawText(ScriptEngine.java:119)
	at com.kms.katalon.core.main.TestCaseExecutor.runScript(TestCaseExecutor.java:337)
	at com.kms.katalon.core.main.TestCaseExecutor.doExecute(TestCaseExecutor.java:328)
	at com.kms.katalon.core.main.TestCaseExecutor.processExecutionPhase(TestCaseExecutor.java:307)
	at com.kms.katalon.core.main.TestCaseExecutor.accessMainPhase(TestCaseExecutor.java:299)
	at com.kms.katalon.core.main.TestCaseExecutor.execute(TestCaseExecutor.java:233)
	at com.kms.katalon.core.main.TestSuiteExecutor.accessTestCaseMainPhase(TestSuiteExecutor.java:169)
	at com.kms.katalon.core.main.TestSuiteExecutor.accessTestSuiteMainPhase(TestSuiteExecutor.java:142)
	at com.kms.katalon.core.main.TestSuiteExecutor.execute(TestSuiteExecutor.java:91)
	at com.kms.katalon.core.main.TestCaseMain.startTestSuite(TestCaseMain.java:157)
	at com.kms.katalon.core.main.TestCaseMain$startTestSuite$0.call(Unknown Source)
	at TempTestSuite1578509679797.run(TempTestSuite1578509679797.groovy:36)]]></system-out>
      <system-err><![CDATA[2020-01-08 12:54:41 - [TEST_SUITE][ERROR] - ts_createInvoice: Test Cases/p4p_createInvoce_ok_spy FAILED.
Reason:
java.lang.ArrayIndexOutOfBoundsException: 8
	at p4p_createInvoce_ok_spy.run(p4p_createInvoce_ok_spy:304)
	at com.kms.katalon.core.main.ScriptEngine.run(ScriptEngine.java:194)
	at com.kms.katalon.core.main.ScriptEngine.runScriptAsRawText(ScriptEngine.java:119)
	at com.kms.katalon.core.main.TestCaseExecutor.runScript(TestCaseExecutor.java:337)
	at com.kms.katalon.core.main.TestCaseExecutor.doExecute(TestCaseExecutor.java:328)
	at com.kms.katalon.core.main.TestCaseExecutor.processExecutionPhase(TestCaseExecutor.java:307)
	at com.kms.katalon.core.main.TestCaseExecutor.accessMainPhase(TestCaseExecutor.java:299)
	at com.kms.katalon.core.main.TestCaseExecutor.execute(TestCaseExecutor.java:233)
	at com.kms.katalon.core.main.TestSuiteExecutor.accessTestCaseMainPhase(TestSuiteExecutor.java:169)
	at com.kms.katalon.core.main.TestSuiteExecutor.accessTestSuiteMainPhase(TestSuiteExecutor.java:142)
	at com.kms.katalon.core.main.TestSuiteExecutor.execute(TestSuiteExecutor.java:91)
	at com.kms.katalon.core.main.TestCaseMain.startTestSuite(TestCaseMain.java:157)
	at com.kms.katalon.core.main.TestCaseMain$startTestSuite$0.call(Unknown Source)
	at TempTestSuite1578509679797.run(TempTestSuite1578509679797.groovy:36)]]></system-err>
   </testsuite>
</testsuites>
