<?xml version="1.0" encoding="UTF-8"?>
<testsuites name="ts_cancelRev" time="27.74" tests="1" failures="0" errors="0">
   <testsuite name="ts_cancelRev" tests="1" failures="0" errors="0" time="27.74" timestamp="2019-11-22 18:19:32" hostname="leonardo-arkusmty - leonardoarkusmty-Inspiron-5577" id="Test Suites/ts_cancelRev">
      <properties>
         <property name="deviceName" value=""/>
         <property name="devicePlatform" value=""/>
         <property name="logFolder" value="/home/leonardo-arkusmty/Documents/workspaceKatalon/p4ptest/Reports/20191122_181930/ts_cancelRev/20191122_181930"/>
         <property name="logFiles" value="/home/leonardo-arkusmty/Documents/workspaceKatalon/p4ptest/Reports/20191122_181930/ts_cancelRev/20191122_181930/execution0.log"/>
         <property name="attachments" value=""/>
         <property name="hostName" value="leonardo-arkusmty - leonardoarkusmty-Inspiron-5577"/>
         <property name="os" value="Linux 64bit"/>
         <property name="katalonVersion" value="7.0.8.1"/>
         <property name="browser" value="Firefox 70.0"/>
         <property name="hostAddress" value="127.0.1.1"/>
         <property name="sessionId" value="2a346901-b731-4cd5-8637-4dc73ab82328"/>
         <property name="seleniumVersion" value="3.141.59"/>
         <property name="proxyInformation" value="ProxyInformation{proxyOption=NO_PROXY, proxyServerType=HTTP, password=, proxyServerAddress=, proxyServerPort=0}"/>
         <property name="platform" value="Linux"/>
      </properties>
      <testcase name="Test Cases/p4p_cancelReserBtn" time="24.739" classname="Test Cases/p4p_cancelReserBtn" status="PASSED">
         <system-out><![CDATA[2019-11-22 18:19:32 - [TEST_CASE][PASSED] - Test Cases/p4p_cancelReserBtn: Test Cases/p4p_cancelReserBtn

2019-11-22 18:19:32 - [TEST_STEP][PASSED] - openBrowser(""): Browser is opened with url: ''

2019-11-22 18:19:32 - [MESSAGE][INFO] - Starting 'Firefox' driver

2019-11-22 18:19:32 - [MESSAGE][INFO] - Action delay is set to 0 seconds

2019-11-22 18:19:35 - [MESSAGE][PASSED] - Browser is opened with url: ''

2019-11-22 18:19:35 - [TEST_STEP][PASSED] - navigateToUrl("https://p4p-qa-bg.aws.paradise4paws.com/login/?next=/"): Navigate to 'https://p4p-qa-bg.aws.paradise4paws.com/login/?next=/' successfully

2019-11-22 18:19:37 - [MESSAGE][PASSED] - Navigate to 'https://p4p-qa-bg.aws.paradise4paws.com/login/?next=/' successfully

2019-11-22 18:19:37 - [TEST_STEP][PASSED] - setText(findTestObject("object_login/input_user"), var_user): Text 'jegchavez@gmail.com' is set on object 'Object Repository/object_login/input_user'

2019-11-22 18:19:37 - [MESSAGE][PASSED] - Text 'jegchavez@gmail.com' is set on object 'Object Repository/object_login/input_user'

2019-11-22 18:19:37 - [TEST_STEP][PASSED] - setText(findTestObject("object_login/input_pass"), var_pass): Text 'admin1' is set on object 'Object Repository/object_login/input_pass'

2019-11-22 18:19:38 - [MESSAGE][PASSED] - Text 'admin1' is set on object 'Object Repository/object_login/input_pass'

2019-11-22 18:19:38 - [TEST_STEP][PASSED] - delay(3): Delayed 3 second(s)

2019-11-22 18:19:41 - [MESSAGE][PASSED] - Delayed 3 second(s)

2019-11-22 18:19:41 - [TEST_STEP][PASSED] - verifyElementClickable(findTestObject("object_login/btn_login")): Object 'Object Repository/object_login/btn_login' is clickable

2019-11-22 18:19:41 - [MESSAGE][PASSED] - Object 'Object Repository/object_login/btn_login' is clickable

2019-11-22 18:19:41 - [TEST_STEP][PASSED] - click(findTestObject("object_login/btn_login")): Object: 'Object Repository/object_login/btn_login' is clicked on

2019-11-22 18:19:44 - [MESSAGE][PASSED] - Object: 'Object Repository/object_login/btn_login' is clicked on

2019-11-22 18:19:44 - [TEST_STEP][PASSED] - delay(3): Delayed 3 second(s)

2019-11-22 18:19:47 - [MESSAGE][PASSED] - Delayed 3 second(s)

2019-11-22 18:19:47 - [TEST_STEP][PASSED] - navigateToUrl(urlReserva): Navigate to 'https://p4p-qa-bg.aws.paradise4paws.com/frontdesk/reservation/1702008/?parent_id=97558&type=DOG' successfully

2019-11-22 18:19:49 - [MESSAGE][PASSED] - Navigate to 'https://p4p-qa-bg.aws.paradise4paws.com/frontdesk/reservation/1702008/?parent_id=97558&type=DOG' successfully

2019-11-22 18:19:49 - [TEST_STEP][PASSED] - click(findTestObject("object_intoReservation/btn_next")): Object: 'Object Repository/object_intoReservation/btn_next' is clicked on

2019-11-22 18:19:57 - [MESSAGE][PASSED] - Object: 'Object Repository/object_intoReservation/btn_next' is clicked on]]></system-out>
         <system-err><![CDATA[]]></system-err>
      </testcase>
      <system-out><![CDATA[2019-11-22 18:19:32 - [TEST_SUITE][PASSED] - ts_cancelRev: Test Cases/p4p_cancelReserBtn]]></system-out>
      <system-err><![CDATA[]]></system-err>
   </testsuite>
</testsuites>
