<?xml version="1.0" encoding="UTF-8"?>
<testsuites name="ts_newReservation" time="33.005" tests="1" failures="0" errors="0">
   <testsuite name="ts_newReservation" tests="1" failures="0" errors="0" time="33.005" timestamp="2019-11-26 08:31:50" hostname="leonardo-arkusmty - leonardoarkusmty-Inspiron-5577" id="Test Suites/ts_newReservation">
      <properties>
         <property name="deviceName" value=""/>
         <property name="devicePlatform" value=""/>
         <property name="logFolder" value="/home/leonardo-arkusmty/Documents/workspaceKatalon/p4ptest/Reports/20191126_083148/ts_newReservation/20191126_083148"/>
         <property name="logFiles" value="/home/leonardo-arkusmty/Documents/workspaceKatalon/p4ptest/Reports/20191126_083148/ts_newReservation/20191126_083148/execution0.log"/>
         <property name="attachments" value=""/>
         <property name="hostName" value="leonardo-arkusmty - leonardoarkusmty-Inspiron-5577"/>
         <property name="os" value="Linux 64bit"/>
         <property name="katalonVersion" value="7.0.8.1"/>
         <property name="browser" value="Firefox 70.0"/>
         <property name="hostAddress" value="127.0.1.1"/>
         <property name="sessionId" value="8589bfb2-7db0-42cc-a0e6-98942292fc6f"/>
         <property name="seleniumVersion" value="3.141.59"/>
         <property name="proxyInformation" value="ProxyInformation{proxyOption=NO_PROXY, proxyServerType=HTTP, password=, proxyServerAddress=, proxyServerPort=0}"/>
         <property name="platform" value="Linux"/>
      </properties>
      <testcase name="Test Cases/p4p_newReservation2" time="29.079" classname="Test Cases/p4p_newReservation2" status="PASSED">
         <system-out><![CDATA[2019-11-26 08:31:50 - [TEST_CASE][PASSED] - Test Cases/p4p_newReservation2: Test Cases/p4p_newReservation2

2019-11-26 08:31:50 - [TEST_STEP][PASSED] - openBrowser("https://p4p-qa-bg.aws.paradise4paws.com/login/"): Browser is opened with url: 'https://p4p-qa-bg.aws.paradise4paws.com/login/'

2019-11-26 08:31:50 - [MESSAGE][INFO] - Starting 'Firefox' driver

2019-11-26 08:31:50 - [MESSAGE][INFO] - Action delay is set to 0 seconds

2019-11-26 08:31:54 - [MESSAGE][PASSED] - Browser is opened with url: 'https://p4p-qa-bg.aws.paradise4paws.com/login/'

2019-11-26 08:31:54 - [TEST_STEP][PASSED] - setText(findTestObject("object_login/input_user"), var_user): Text 'jegchavez@gmail.com' is set on object 'Object Repository/object_login/input_user'

2019-11-26 08:31:55 - [MESSAGE][PASSED] - Text 'jegchavez@gmail.com' is set on object 'Object Repository/object_login/input_user'

2019-11-26 08:31:55 - [TEST_STEP][PASSED] - setText(findTestObject("object_login/input_pass"), var_pass): Text 'admin1' is set on object 'Object Repository/object_login/input_pass'

2019-11-26 08:31:55 - [MESSAGE][PASSED] - Text 'admin1' is set on object 'Object Repository/object_login/input_pass'

2019-11-26 08:31:55 - [TEST_STEP][PASSED] - delay(2): Delayed 2 second(s)

2019-11-26 08:31:57 - [MESSAGE][PASSED] - Delayed 2 second(s)

2019-11-26 08:31:57 - [TEST_STEP][PASSED] - verifyElementClickable(findTestObject("object_login/btn_login")): Object 'Object Repository/object_login/btn_login' is clickable

2019-11-26 08:31:58 - [MESSAGE][PASSED] - Object 'Object Repository/object_login/btn_login' is clickable

2019-11-26 08:31:58 - [TEST_STEP][PASSED] - click(findTestObject("object_login/btn_login")): Object: 'Object Repository/object_login/btn_login' is clicked on

2019-11-26 08:32:01 - [MESSAGE][PASSED] - Object: 'Object Repository/object_login/btn_login' is clicked on

2019-11-26 08:32:01 - [TEST_STEP][PASSED] - delay(2): Delayed 2 second(s)

2019-11-26 08:32:03 - [MESSAGE][PASSED] - Delayed 2 second(s)

2019-11-26 08:32:03 - [TEST_STEP][PASSED] - navigateToUrl(var_urlReservations): Navigate to 'https://p4p-qa-bg.aws.paradise4paws.com/accounts/profile/#/reservations/97558/' successfully

2019-11-26 08:32:05 - [MESSAGE][PASSED] - Navigate to 'https://p4p-qa-bg.aws.paradise4paws.com/accounts/profile/#/reservations/97558/' successfully

2019-11-26 08:32:05 - [TEST_STEP][PASSED] - delay(2): Delayed 2 second(s)

2019-11-26 08:32:07 - [MESSAGE][PASSED] - Delayed 2 second(s)

2019-11-26 08:32:07 - [TEST_STEP][PASSED] - click(findTestObject("Object Repository/object_profile/a_addReservation")): Object: 'Object Repository/object_profile/a_addReservation' is clicked on

2019-11-26 08:32:09 - [MESSAGE][PASSED] - Object: 'Object Repository/object_profile/a_addReservation' is clicked on

2019-11-26 08:32:09 - [TEST_STEP][PASSED] - click(findTestObject("Object Repository/object_reservations/btn_Boarding")): Object: 'Object Repository/object_reservations/btn_Boarding' is clicked on

2019-11-26 08:32:10 - [MESSAGE][PASSED] - Object: 'Object Repository/object_reservations/btn_Boarding' is clicked on

2019-11-26 08:32:10 - [TEST_STEP][PASSED] - setText(findTestObject("Object Repository/Page_Paradise 4 Paws  Dog Boarding Cat Boar_cfde7f/input_Check-in Date_form-control ng-pristin_499b9d"), "Wed, Nov 27, 2019"): Text 'Wed, Nov 27, 2019' is set on object 'Object Repository/Page_Paradise 4 Paws  Dog Boarding Cat Boar_cfde7f/input_Check-in Date_form-control ng-pristin_499b9d'

2019-11-26 08:32:12 - [MESSAGE][PASSED] - Text 'Wed, Nov 27, 2019' is set on object 'Object Repository/Page_Paradise 4 Paws  Dog Boarding Cat Boar_cfde7f/input_Check-in Date_form-control ng-pristin_499b9d'

2019-11-26 08:32:12 - [TEST_STEP][PASSED] - click(findTestObject("Object Repository/Page_Paradise 4 Paws  Dog Boarding Cat Boar_cfde7f/input_Check-in Date_form-control ng-pristin_499b9d")): Object: 'Object Repository/Page_Paradise 4 Paws  Dog Boarding Cat Boar_cfde7f/input_Check-in Date_form-control ng-pristin_499b9d' is clicked on

2019-11-26 08:32:14 - [MESSAGE][PASSED] - Object: 'Object Repository/Page_Paradise 4 Paws  Dog Boarding Cat Boar_cfde7f/input_Check-in Date_form-control ng-pristin_499b9d' is clicked on

2019-11-26 08:32:14 - [TEST_STEP][PASSED] - click(findTestObject("Object Repository/Page_Paradise 4 Paws  Dog Boarding Cat Boar_cfde7f/input_Check-in Date_form-control ng-pristin_e9c8b5")): Object: 'Object Repository/Page_Paradise 4 Paws  Dog Boarding Cat Boar_cfde7f/input_Check-in Date_form-control ng-pristin_e9c8b5' is clicked on

2019-11-26 08:32:14 - [MESSAGE][PASSED] - Object: 'Object Repository/Page_Paradise 4 Paws  Dog Boarding Cat Boar_cfde7f/input_Check-in Date_form-control ng-pristin_e9c8b5' is clicked on

2019-11-26 08:32:14 - [TEST_STEP][PASSED] - click(findTestObject("Object Repository/Page_Paradise 4 Paws  Dog Boarding Cat Boar_cfde7f/input_Check-in Date_form-control ng-pristin_e9c8b5")): Object: 'Object Repository/Page_Paradise 4 Paws  Dog Boarding Cat Boar_cfde7f/input_Check-in Date_form-control ng-pristin_e9c8b5' is clicked on

2019-11-26 08:32:15 - [MESSAGE][PASSED] - Object: 'Object Repository/Page_Paradise 4 Paws  Dog Boarding Cat Boar_cfde7f/input_Check-in Date_form-control ng-pristin_e9c8b5' is clicked on

2019-11-26 08:32:15 - [TEST_STEP][PASSED] - delay(4): Delayed 4 second(s)

2019-11-26 08:32:19 - [MESSAGE][PASSED] - Delayed 4 second(s)]]></system-out>
         <system-err><![CDATA[]]></system-err>
      </testcase>
      <system-out><![CDATA[2019-11-26 08:31:50 - [TEST_SUITE][PASSED] - ts_newReservation: Test Cases/p4p_newReservation2]]></system-out>
      <system-err><![CDATA[]]></system-err>
   </testsuite>
</testsuites>
