<?xml version="1.0" encoding="UTF-8"?>
<testsuites name="ts_newReservationBoarding" time="156.321" tests="2" failures="0" errors="0">
   <testsuite name="ts_newReservationBoarding" tests="2" failures="0" errors="0" time="156.321" timestamp="2019-12-13 14:12:39" hostname="leonardo-arkusmty - leonardoarkusmty-Inspiron-5577" id="Test Suites/ts_newReservationBoarding">
      <properties>
         <property name="deviceName" value=""/>
         <property name="devicePlatform" value=""/>
         <property name="logFolder" value="/home/leonardo-arkusmty/Documents/workspaceKatalon/p4ptest/Reports/20191213_141238/ts_newReservationBoarding/20191213_141238"/>
         <property name="logFiles" value="/home/leonardo-arkusmty/Documents/workspaceKatalon/p4ptest/Reports/20191213_141238/ts_newReservationBoarding/20191213_141238/execution0.log"/>
         <property name="attachments" value=""/>
         <property name="hostName" value="leonardo-arkusmty - leonardoarkusmty-Inspiron-5577"/>
         <property name="os" value="Linux 64bit"/>
         <property name="katalonVersion" value="7.0.8.1"/>
         <property name="browser" value="Firefox 70.0"/>
         <property name="hostAddress" value="127.0.1.1"/>
         <property name="sessionId" value="1205fad4-26d1-4200-92b5-e34ed5fbcaf3"/>
         <property name="seleniumVersion" value="3.141.59"/>
         <property name="proxyInformation" value="ProxyInformation{proxyOption=NO_PROXY, proxyServerType=HTTP, password=, proxyServerAddress=, proxyServerPort=0}"/>
         <property name="platform" value="Linux"/>
      </properties>
      <testcase name="Test Cases/p4p_newReservation" time="76.61" classname="Test Cases/p4p_newReservation" status="PASSED">
         <system-out><![CDATA[2019-12-13 14:12:40 - [TEST_CASE][PASSED] - Test Cases/p4p_newReservation: Test Cases/p4p_newReservation

2019-12-13 14:12:40 - [TEST_STEP][PASSED] - openBrowser("https://p4p-qa-bg.aws.paradise4paws.com/login/"): Browser is opened with url: 'https://p4p-qa-bg.aws.paradise4paws.com/login/'

2019-12-13 14:12:40 - [MESSAGE][INFO] - Starting 'Firefox' driver

2019-12-13 14:12:40 - [MESSAGE][INFO] - Action delay is set to 0 seconds

2019-12-13 14:12:45 - [MESSAGE][PASSED] - Browser is opened with url: 'https://p4p-qa-bg.aws.paradise4paws.com/login/'

2019-12-13 14:12:45 - [TEST_STEP][PASSED] - setText(findTestObject("Object Repository/object_login/input_user"), var_user): Text 'jegchavez@gmail.com' is set on object 'Object Repository/object_login/input_user'

2019-12-13 14:12:46 - [MESSAGE][PASSED] - Text 'jegchavez@gmail.com' is set on object 'Object Repository/object_login/input_user'

2019-12-13 14:12:46 - [TEST_STEP][PASSED] - setText(findTestObject("Object Repository/object_login/input_pass"), var_pass): Text 'admin1' is set on object 'Object Repository/object_login/input_pass'

2019-12-13 14:12:46 - [MESSAGE][PASSED] - Text 'admin1' is set on object 'Object Repository/object_login/input_pass'

2019-12-13 14:12:46 - [TEST_STEP][PASSED] - delay(2): Delayed 2 second(s)

2019-12-13 14:12:48 - [MESSAGE][PASSED] - Delayed 2 second(s)

2019-12-13 14:12:48 - [TEST_STEP][PASSED] - verifyElementClickable(findTestObject("Object Repository/object_login/btn_login")): Object 'Object Repository/object_login/btn_login' is clickable

2019-12-13 14:12:49 - [MESSAGE][PASSED] - Object 'Object Repository/object_login/btn_login' is clickable

2019-12-13 14:12:49 - [TEST_STEP][PASSED] - click(findTestObject("Object Repository/object_login/btn_login")): Object: 'Object Repository/object_login/btn_login' is clicked on

2019-12-13 14:12:52 - [MESSAGE][PASSED] - Object: 'Object Repository/object_login/btn_login' is clicked on

2019-12-13 14:12:52 - [TEST_STEP][PASSED] - delay(2): Delayed 2 second(s)

2019-12-13 14:12:54 - [MESSAGE][PASSED] - Delayed 2 second(s)

2019-12-13 14:12:54 - [TEST_STEP][PASSED] - setText(findTestObject("Object Repository/object_dashboard_emp/input_search"), var_searchParent): Text 'leongarzagarza@hotmail.com' is set on object 'Object Repository/object_dashboard_emp/input_search'

2019-12-13 14:12:54 - [MESSAGE][PASSED] - Text 'leongarzagarza@hotmail.com' is set on object 'Object Repository/object_dashboard_emp/input_search'

2019-12-13 14:12:54 - [TEST_STEP][PASSED] - click(findTestObject("Object Repository/object_dashboard_emp/btn_accountSearch")): Object: 'Object Repository/object_dashboard_emp/btn_accountSearch' is clicked on

2019-12-13 14:12:55 - [MESSAGE][PASSED] - Object: 'Object Repository/object_dashboard_emp/btn_accountSearch' is clicked on

2019-12-13 14:12:55 - [TEST_STEP][PASSED] - delay(2): Delayed 2 second(s)

2019-12-13 14:12:57 - [MESSAGE][PASSED] - Delayed 2 second(s)

2019-12-13 14:12:57 - [TEST_STEP][PASSED] - click(findTestObject("Object Repository/object_accountInformation/a_TEST GABRIEL PROD")): Object: 'Object Repository/object_accountInformation/a_TEST GABRIEL PROD' is clicked on

2019-12-13 14:13:01 - [MESSAGE][PASSED] - Object: 'Object Repository/object_accountInformation/a_TEST GABRIEL PROD' is clicked on

2019-12-13 14:13:01 - [TEST_STEP][PASSED] - delay(2): Delayed 2 second(s)

2019-12-13 14:13:03 - [MESSAGE][PASSED] - Delayed 2 second(s)

2019-12-13 14:13:03 - [TEST_STEP][PASSED] - click(findTestObject("Object Repository/object_profile/a_addReservation")): Object: 'Object Repository/object_profile/a_addReservation' is clicked on

2019-12-13 14:13:04 - [MESSAGE][PASSED] - Object: 'Object Repository/object_profile/a_addReservation' is clicked on

2019-12-13 14:13:04 - [TEST_STEP][PASSED] - delay(2): Delayed 2 second(s)

2019-12-13 14:13:06 - [MESSAGE][PASSED] - Delayed 2 second(s)

2019-12-13 14:13:06 - [TEST_STEP][PASSED] - flagBoar = "0": null

2019-12-13 14:13:06 - [TEST_STEP][PASSED] - log = new com.kms.katalon.core.logging.KeywordLogger(): null

2019-12-13 14:13:06 - [TEST_STEP][PASSED] - if (var_typeReserveation == "Boarding"): null

2019-12-13 14:13:06 - [TEST_STEP][PASSED] - click(findTestObject("Object Repository/object_reservation/btn_Boarding")): Object: 'Object Repository/object_reservation/btn_Boarding' is clicked on

2019-12-13 14:13:07 - [MESSAGE][PASSED] - Object: 'Object Repository/object_reservation/btn_Boarding' is clicked on

2019-12-13 14:13:07 - [TEST_STEP][PASSED] - flagBoar = "1": null

2019-12-13 14:13:07 - [TEST_STEP][PASSED] - click(findTestObject("Object Repository/object_reservation/i_location")): Object: 'Object Repository/object_reservation/i_location' is clicked on

2019-12-13 14:13:10 - [MESSAGE][PASSED] - Object: 'Object Repository/object_reservation/i_location' is clicked on

2019-12-13 14:13:10 - [TEST_STEP][PASSED] - switch (var_idFacility): null

2019-12-13 14:13:10 - [TEST_STEP][PASSED] - dateCI = var_checkinD.split(","): null

2019-12-13 14:13:10 - [TEST_STEP][PASSED] - dateCO = var_checkoutD.split(","): null

2019-12-13 14:13:10 - [TEST_STEP][PASSED] - arryPets = var_pets.split(","): null

2019-12-13 14:13:10 - [TEST_STEP][PASSED] - delay(2): Delayed 2 second(s)

2019-12-13 14:13:12 - [MESSAGE][PASSED] - Delayed 2 second(s)

2019-12-13 14:13:12 - [TEST_STEP][PASSED] - if (var_repeting == "Y"): null

2019-12-13 14:13:12 - [TEST_STEP][PASSED] - click(findTestObject("Object Repository/object_reservation/dateCheckIn")): Object: 'Object Repository/object_reservation/dateCheckIn' is clicked on

2019-12-13 14:13:12 - [MESSAGE][PASSED] - Object: 'Object Repository/object_reservation/dateCheckIn' is clicked on

2019-12-13 14:13:12 - [TEST_STEP][PASSED] - delay(2): Delayed 2 second(s)

2019-12-13 14:13:14 - [MESSAGE][PASSED] - Delayed 2 second(s)

2019-12-13 14:13:14 - [TEST_STEP][PASSED] - switch (dateCI[0]): null

2019-12-13 14:13:14 - [TEST_STEP][PASSED] - case "3":: null

2019-12-13 14:13:14 - [TEST_STEP][PASSED] - click(findTestObject("Object Repository/Page_Paradise 4 Paws  Dog Boarding Cat Boarding Norwalk Pooch Hotel/button_03_ci")): Object: 'Object Repository/Page_Paradise 4 Paws  Dog Boarding Cat Boarding Norwalk Pooch Hotel/button_03_ci' is clicked on

2019-12-13 14:13:15 - [MESSAGE][PASSED] - Object: 'Object Repository/Page_Paradise 4 Paws  Dog Boarding Cat Boarding Norwalk Pooch Hotel/button_03_ci' is clicked on

2019-12-13 14:13:15 - [TEST_STEP][PASSED] - break: null

2019-12-13 14:13:15 - [TEST_STEP][PASSED] - if (flagBoar == "1"): null

2019-12-13 14:13:15 - [TEST_STEP][PASSED] - click(findTestObject("Object Repository/object_reservation/dateCheckOut")): Object: 'Object Repository/object_reservation/dateCheckOut' is clicked on

2019-12-13 14:13:15 - [MESSAGE][PASSED] - Object: 'Object Repository/object_reservation/dateCheckOut' is clicked on

2019-12-13 14:13:15 - [TEST_STEP][PASSED] - switch (dateCO[0]): null

2019-12-13 14:13:15 - [TEST_STEP][PASSED] - case "4":: null

2019-12-13 14:13:15 - [TEST_STEP][PASSED] - click(findTestObject("Object Repository/Page_Paradise 4 Paws  Dog Boarding Cat Boarding Norwalk Pooch Hotel/button_04_co")): Object: 'Object Repository/Page_Paradise 4 Paws  Dog Boarding Cat Boarding Norwalk Pooch Hotel/button_04_co' is clicked on

2019-12-13 14:13:16 - [MESSAGE][PASSED] - Object: 'Object Repository/Page_Paradise 4 Paws  Dog Boarding Cat Boarding Norwalk Pooch Hotel/button_04_co' is clicked on

2019-12-13 14:13:16 - [TEST_STEP][PASSED] - break: null

2019-12-13 14:13:16 - [TEST_STEP][NOT_RUN] - click(findTestObject("Object Repository/object_reservationCalendar/CO_close")): NOT_RUN: click(findTestObject("Object Repository/object_reservationCalendar/CO_close"))

2019-12-13 14:13:16 - [MESSAGE][NOT_RUN] - NOT_RUN: click(findTestObject("Object Repository/object_reservationCalendar/CO_close"))

2019-12-13 14:13:16 - [TEST_STEP][PASSED] - click(findTestObject("Object Repository/object_reservation/timeCheckin")): Object: 'Object Repository/object_reservation/timeCheckin' is clicked on

2019-12-13 14:13:17 - [MESSAGE][PASSED] - Object: 'Object Repository/object_reservation/timeCheckin' is clicked on

2019-12-13 14:13:17 - [TEST_STEP][PASSED] - switch (var_checkinT): null

2019-12-13 14:13:17 - [TEST_STEP][PASSED] - case "800":: null

2019-12-13 14:13:17 - [TEST_STEP][PASSED] - click(findTestObject("Object Repository/Page_Paradise 4 Paws  Dog Boarding Cat Boarding Norwalk Pooch Hotel/time_800am_ci")): Object: 'Object Repository/Page_Paradise 4 Paws  Dog Boarding Cat Boarding Norwalk Pooch Hotel/time_800am_ci' is clicked on

2019-12-13 14:13:18 - [MESSAGE][PASSED] - Object: 'Object Repository/Page_Paradise 4 Paws  Dog Boarding Cat Boarding Norwalk Pooch Hotel/time_800am_ci' is clicked on

2019-12-13 14:13:18 - [TEST_STEP][PASSED] - break: null

2019-12-13 14:13:18 - [TEST_STEP][PASSED] - click(findTestObject("Object Repository/object_reservation/timeCheckOut")): Object: 'Object Repository/object_reservation/timeCheckOut' is clicked on

2019-12-13 14:13:18 - [MESSAGE][PASSED] - Object: 'Object Repository/object_reservation/timeCheckOut' is clicked on

2019-12-13 14:13:18 - [TEST_STEP][PASSED] - switch (var_checkoutT): null

2019-12-13 14:13:18 - [TEST_STEP][PASSED] - case "1200":: null

2019-12-13 14:13:18 - [TEST_STEP][PASSED] - click(findTestObject("Object Repository/Page_Paradise 4 Paws  Dog Boarding Cat Boarding Norwalk Pooch Hotel/time_1200pm_co")): Object: 'Object Repository/Page_Paradise 4 Paws  Dog Boarding Cat Boarding Norwalk Pooch Hotel/time_1200pm_co' is clicked on

2019-12-13 14:13:19 - [MESSAGE][PASSED] - Object: 'Object Repository/Page_Paradise 4 Paws  Dog Boarding Cat Boarding Norwalk Pooch Hotel/time_1200pm_co' is clicked on

2019-12-13 14:13:19 - [TEST_STEP][PASSED] - break: null

2019-12-13 14:13:19 - [TEST_STEP][PASSED] - delay(2): Delayed 2 second(s)

2019-12-13 14:13:21 - [MESSAGE][PASSED] - Delayed 2 second(s)

2019-12-13 14:13:21 - [TEST_STEP][PASSED] - if (arryPets.size() == 1): Object: 'Object Repository/object_reservation/Page_Paradise 4 Paws  Dog Boarding Cat Boarding Norwalk Pooch Hotel/div_Ares' is clicked on

2019-12-13 14:13:21 - [TEST_STEP][PASSED] - click(findTestObject("Object Repository/object_reservation/Page_Paradise 4 Paws  Dog Boarding Cat Boarding Norwalk Pooch Hotel/div_Ares")): Object: 'Object Repository/object_reservation/Page_Paradise 4 Paws  Dog Boarding Cat Boarding Norwalk Pooch Hotel/div_Ares' is clicked on

2019-12-13 14:13:22 - [MESSAGE][PASSED] - Object: 'Object Repository/object_reservation/Page_Paradise 4 Paws  Dog Boarding Cat Boarding Norwalk Pooch Hotel/div_Ares' is clicked on

2019-12-13 14:13:22 - [TEST_STEP][NOT_RUN] - click(findTestObject("object_reservations/i_Day_fa fa-circle-o ng-scope")): NOT_RUN: click(findTestObject("object_reservations/i_Day_fa fa-circle-o ng-scope"))

2019-12-13 14:13:22 - [MESSAGE][NOT_RUN] - NOT_RUN: click(findTestObject("object_reservations/i_Day_fa fa-circle-o ng-scope"))

2019-12-13 14:13:22 - [TEST_STEP][PASSED] - if (flagBoar == "1" || flagBoar == "2"): Object: 'Object Repository/object_reservation/div_suite_rad_deluxe' is clicked on

2019-12-13 14:13:22 - [TEST_STEP][PASSED] - click(findTestObject("Object Repository/object_reservation/div_suite_rad_deluxe")): Object: 'Object Repository/object_reservation/div_suite_rad_deluxe' is clicked on

2019-12-13 14:13:27 - [MESSAGE][PASSED] - Object: 'Object Repository/object_reservation/div_suite_rad_deluxe' is clicked on

2019-12-13 14:13:27 - [TEST_STEP][PASSED] - click(findTestObject("Object Repository/object_reservation/btn_next2")): Object: 'Object Repository/object_reservation/btn_next2' is clicked on

2019-12-13 14:13:30 - [MESSAGE][PASSED] - Object: 'Object Repository/object_reservation/btn_next2' is clicked on

2019-12-13 14:13:30 - [TEST_STEP][PASSED] - delay(3): Delayed 3 second(s)

2019-12-13 14:13:33 - [MESSAGE][PASSED] - Delayed 3 second(s)

2019-12-13 14:13:33 - [TEST_STEP][PASSED] - if (flagBoar == "1"): Object: 'Object Repository/object_reservation/button_DeclineThisPromo' is clicked on

2019-12-13 14:13:33 - [TEST_STEP][PASSED] - click(findTestObject("Object Repository/object_reservation/button_DeclineThisPromo")): Object: 'Object Repository/object_reservation/button_DeclineThisPromo' is clicked on

2019-12-13 14:13:34 - [MESSAGE][PASSED] - Object: 'Object Repository/object_reservation/button_DeclineThisPromo' is clicked on

2019-12-13 14:13:34 - [TEST_STEP][PASSED] - delay(2): Delayed 2 second(s)

2019-12-13 14:13:36 - [MESSAGE][PASSED] - Delayed 2 second(s)

2019-12-13 14:13:36 - [TEST_STEP][PASSED] - click(findTestObject("Object Repository/object_reservation/btn_next2")): Object: 'Object Repository/object_reservation/btn_next2' is clicked on

2019-12-13 14:13:36 - [MESSAGE][PASSED] - Object: 'Object Repository/object_reservation/btn_next2' is clicked on

2019-12-13 14:13:36 - [TEST_STEP][PASSED] - click(findTestObject("Object Repository/object_reservation/button_Submit Reservation")): Object: 'Object Repository/object_reservation/button_Submit Reservation' is clicked on

2019-12-13 14:13:38 - [MESSAGE][PASSED] - Object: 'Object Repository/object_reservation/button_Submit Reservation' is clicked on

2019-12-13 14:13:38 - [TEST_STEP][PASSED] - delay(2): Delayed 2 second(s)

2019-12-13 14:13:40 - [MESSAGE][PASSED] - Delayed 2 second(s)

2019-12-13 14:13:40 - [TEST_STEP][PASSED] - if (flagBoar == "2" && var_repeatingEvery == "Daily" || var_repeatingEvery == "Monthly" || var_repeatingEvery == "Weekly"): null

2019-12-13 14:13:40 - [TEST_STEP][PASSED] - else: VALOR ROW :2

2019-12-13 14:13:40 - [TEST_STEP][PASSED] - delay(2): Delayed 2 second(s)

2019-12-13 14:13:42 - [MESSAGE][PASSED] - Delayed 2 second(s)

2019-12-13 14:13:42 - [TEST_STEP][PASSED] - click(findTestObject("Object Repository/object_reservation/button_Return To Reservation")): Object: 'Object Repository/object_reservation/button_Return To Reservation' is clicked on

2019-12-13 14:13:44 - [MESSAGE][PASSED] - Object: 'Object Repository/object_reservation/button_Return To Reservation' is clicked on

2019-12-13 14:13:44 - [TEST_STEP][PASSED] - delay(6): Delayed 6 second(s)

2019-12-13 14:13:50 - [MESSAGE][PASSED] - Delayed 6 second(s)

2019-12-13 14:13:50 - [TEST_STEP][PASSED] - click(findTestObject("Object Repository/object_reservation/Page_Paradise 4 Paws  Dog Boarding Cat Boar_35fe2b/button_Go to CheckOut")): Object: 'Object Repository/object_reservation/Page_Paradise 4 Paws  Dog Boarding Cat Boar_35fe2b/button_Go to CheckOut' is clicked on

2019-12-13 14:13:52 - [MESSAGE][PASSED] - Object: 'Object Repository/object_reservation/Page_Paradise 4 Paws  Dog Boarding Cat Boar_35fe2b/button_Go to CheckOut' is clicked on

2019-12-13 14:13:52 - [TEST_STEP][PASSED] - delay(2): Delayed 2 second(s)

2019-12-13 14:13:54 - [MESSAGE][PASSED] - Delayed 2 second(s)

2019-12-13 14:13:54 - [TEST_STEP][PASSED] - log.logInfo(getText(findTestObject("Object Repository/object_reservation/Page_Paradise 4 Paws  Dog Boarding Cat Boar_35fe2b/span_( BK )"))): ( BK )

2019-12-13 14:13:54 - [MESSAGE][PASSED] - Text of object 'Object Repository/object_reservation/Page_Paradise 4 Paws  Dog Boarding Cat Boar_35fe2b/span_( BK )' is: '( BK )'

2019-12-13 14:13:54 - [MESSAGE][INFO] - ( BK )

2019-12-13 14:13:54 - [TEST_STEP][PASSED] - log.logInfo("--BK TEST2--"): --BK TEST2--

2019-12-13 14:13:54 - [MESSAGE][INFO] - --BK TEST2--

2019-12-13 14:13:54 - [TEST_STEP][PASSED] - var_url = getUrl(): Current window's url is: 'https://p4p-qa-bg.aws.paradise4paws.com/frontdesk/checkout/1702424/?parent_id=122350'

2019-12-13 14:13:54 - [MESSAGE][PASSED] - Current window's url is: 'https://p4p-qa-bg.aws.paradise4paws.com/frontdesk/checkout/1702424/?parent_id=122350'

2019-12-13 14:13:54 - [TEST_STEP][PASSED] - log.logInfo(var_url): https://p4p-qa-bg.aws.paradise4paws.com/frontdesk/checkout/1702424/?parent_id=122350

2019-12-13 14:13:54 - [MESSAGE][INFO] - https://p4p-qa-bg.aws.paradise4paws.com/frontdesk/checkout/1702424/?parent_id=122350

2019-12-13 14:13:54 - [TEST_STEP][PASSED] - arrayUrl = var_url.split("/"): null

2019-12-13 14:13:54 - [TEST_STEP][PASSED] - log.logInfo(arrayUrl[5]): 1702424

2019-12-13 14:13:54 - [MESSAGE][INFO] - 1702424

2019-12-13 14:13:54 - [TEST_STEP][PASSED] - log.logInfo(var_idRowRes): 1

2019-12-13 14:13:54 - [MESSAGE][INFO] - 1

2019-12-13 14:13:54 - [TEST_STEP][PASSED] - var = var_idRowRes: null

2019-12-13 14:13:54 - [TEST_STEP][PASSED] - verifyElementText(findTestObject("Object Repository/object_reservation/Page_Paradise 4 Paws  Dog Boarding Cat Boar_35fe2b/span_( BK )"), "( BK )", STOP_ON_FAILURE): Actual text and expected text of test object 'Object Repository/object_reservation/Page_Paradise 4 Paws  Dog Boarding Cat Boar_35fe2b/span_( BK )' are matched.

2019-12-13 14:13:54 - [MESSAGE][PASSED] - Actual text and expected text of test object 'Object Repository/object_reservation/Page_Paradise 4 Paws  Dog Boarding Cat Boar_35fe2b/span_( BK )' are matched.

2019-12-13 14:13:54 - [TEST_STEP][PASSED] - fis = new java.io.FileInputStream(/home/leonardo-arkusmty/Desktop/P4P/DATA_AUTOMATINTESTING/data_1newReservationBoarding.xlsx): null

2019-12-13 14:13:54 - [TEST_STEP][PASSED] - workbook = new org.apache.poi.xssf.usermodel.XSSFWorkbook(fis): null

2019-12-13 14:13:55 - [TEST_STEP][PASSED] - sheet = workbook.getSheet("Sheet1"): null

2019-12-13 14:13:55 - [TEST_STEP][PASSED] - rowCount = var_row: null

2019-12-13 14:13:55 - [TEST_STEP][PASSED] - row = sheet.getRow(rowCount): null

2019-12-13 14:13:55 - [TEST_STEP][PASSED] - cell = row.createCell(15, 0): null

2019-12-13 14:13:55 - [TEST_STEP][PASSED] - cell.setCellType(CELL_TYPE_STRING): null

2019-12-13 14:13:55 - [TEST_STEP][PASSED] - cell.setCellValue(arrayUrl[5]): null

2019-12-13 14:13:55 - [TEST_STEP][PASSED] - cell2 = row.createCell(16, 0): null

2019-12-13 14:13:55 - [TEST_STEP][PASSED] - cell2.setCellType(CELL_TYPE_STRING): null

2019-12-13 14:13:55 - [TEST_STEP][PASSED] - cell2.setCellValue(getText(findTestObject("Object Repository/object_reservation/Page_Paradise 4 Paws  Dog Boarding Cat Boar_35fe2b/span_( BK )"))): Text of object 'Object Repository/object_reservation/Page_Paradise 4 Paws  Dog Boarding Cat Boar_35fe2b/span_( BK )' is: '( BK )'

2019-12-13 14:13:55 - [MESSAGE][PASSED] - Text of object 'Object Repository/object_reservation/Page_Paradise 4 Paws  Dog Boarding Cat Boar_35fe2b/span_( BK )' is: '( BK )'

2019-12-13 14:13:55 - [TEST_STEP][PASSED] - fos = new java.io.FileOutputStream(/home/leonardo-arkusmty/Desktop/P4P/DATA_AUTOMATINTESTING/data_1newReservationBoarding.xlsx): null

2019-12-13 14:13:55 - [TEST_STEP][PASSED] - workbook.write(fos): null

2019-12-13 14:13:55 - [TEST_STEP][PASSED] - fos.close(): null

2019-12-13 14:13:55 - [TEST_STEP][PASSED] - delay(1): Delayed 1 second(s)

2019-12-13 14:13:56 - [MESSAGE][PASSED] - Delayed 1 second(s)

2019-12-13 14:13:56 - [TEST_STEP][PASSED] - (var_row++): null

2019-12-13 14:13:56 - [TEST_STEP][PASSED] - log.logInfo("VALOR ROW :" + var_row): VALOR ROW :2

2019-12-13 14:13:56 - [MESSAGE][INFO] - VALOR ROW :2]]></system-out>
         <system-err><![CDATA[]]></system-err>
      </testcase>
      <testcase name="Test Cases/p4p_newReservation" time="78.829" classname="Test Cases/p4p_newReservation" status="PASSED">
         <system-out><![CDATA[2019-12-13 14:13:56 - [TEST_CASE][PASSED] - Test Cases/p4p_newReservation: Test Cases/p4p_newReservation

2019-12-13 14:13:56 - [TEST_STEP][PASSED] - openBrowser("https://p4p-qa-bg.aws.paradise4paws.com/login/"): Browser is opened with url: 'https://p4p-qa-bg.aws.paradise4paws.com/login/'

2019-12-13 14:13:56 - [MESSAGE][WARNING] - A browser is already opened. Closing browser and opening a new one

2019-12-13 14:13:57 - [MESSAGE][INFO] - Starting 'Firefox' driver

2019-12-13 14:14:00 - [MESSAGE][PASSED] - Browser is opened with url: 'https://p4p-qa-bg.aws.paradise4paws.com/login/'

2019-12-13 14:14:00 - [TEST_STEP][PASSED] - setText(findTestObject("Object Repository/object_login/input_user"), var_user): Text 'jegchavez@gmail.com' is set on object 'Object Repository/object_login/input_user'

2019-12-13 14:14:01 - [MESSAGE][PASSED] - Text 'jegchavez@gmail.com' is set on object 'Object Repository/object_login/input_user'

2019-12-13 14:14:01 - [TEST_STEP][PASSED] - setText(findTestObject("Object Repository/object_login/input_pass"), var_pass): Text 'admin1' is set on object 'Object Repository/object_login/input_pass'

2019-12-13 14:14:02 - [MESSAGE][PASSED] - Text 'admin1' is set on object 'Object Repository/object_login/input_pass'

2019-12-13 14:14:02 - [TEST_STEP][PASSED] - delay(2): Delayed 2 second(s)

2019-12-13 14:14:04 - [MESSAGE][PASSED] - Delayed 2 second(s)

2019-12-13 14:14:04 - [TEST_STEP][PASSED] - verifyElementClickable(findTestObject("Object Repository/object_login/btn_login")): Object 'Object Repository/object_login/btn_login' is clickable

2019-12-13 14:14:04 - [MESSAGE][PASSED] - Object 'Object Repository/object_login/btn_login' is clickable

2019-12-13 14:14:04 - [TEST_STEP][PASSED] - click(findTestObject("Object Repository/object_login/btn_login")): Object: 'Object Repository/object_login/btn_login' is clicked on

2019-12-13 14:14:07 - [MESSAGE][PASSED] - Object: 'Object Repository/object_login/btn_login' is clicked on

2019-12-13 14:14:07 - [TEST_STEP][PASSED] - delay(2): Delayed 2 second(s)

2019-12-13 14:14:09 - [MESSAGE][PASSED] - Delayed 2 second(s)

2019-12-13 14:14:09 - [TEST_STEP][PASSED] - setText(findTestObject("Object Repository/object_dashboard_emp/input_search"), var_searchParent): Text 'leongarzagarza@hotmail.com' is set on object 'Object Repository/object_dashboard_emp/input_search'

2019-12-13 14:14:09 - [MESSAGE][PASSED] - Text 'leongarzagarza@hotmail.com' is set on object 'Object Repository/object_dashboard_emp/input_search'

2019-12-13 14:14:09 - [TEST_STEP][PASSED] - click(findTestObject("Object Repository/object_dashboard_emp/btn_accountSearch")): Object: 'Object Repository/object_dashboard_emp/btn_accountSearch' is clicked on

2019-12-13 14:14:10 - [MESSAGE][PASSED] - Object: 'Object Repository/object_dashboard_emp/btn_accountSearch' is clicked on

2019-12-13 14:14:10 - [TEST_STEP][PASSED] - delay(2): Delayed 2 second(s)

2019-12-13 14:14:12 - [MESSAGE][PASSED] - Delayed 2 second(s)

2019-12-13 14:14:12 - [TEST_STEP][PASSED] - click(findTestObject("Object Repository/object_accountInformation/a_TEST GABRIEL PROD")): Object: 'Object Repository/object_accountInformation/a_TEST GABRIEL PROD' is clicked on

2019-12-13 14:14:16 - [MESSAGE][PASSED] - Object: 'Object Repository/object_accountInformation/a_TEST GABRIEL PROD' is clicked on

2019-12-13 14:14:16 - [TEST_STEP][PASSED] - delay(2): Delayed 2 second(s)

2019-12-13 14:14:18 - [MESSAGE][PASSED] - Delayed 2 second(s)

2019-12-13 14:14:18 - [TEST_STEP][PASSED] - click(findTestObject("Object Repository/object_profile/a_addReservation")): Object: 'Object Repository/object_profile/a_addReservation' is clicked on

2019-12-13 14:14:20 - [MESSAGE][PASSED] - Object: 'Object Repository/object_profile/a_addReservation' is clicked on

2019-12-13 14:14:20 - [TEST_STEP][PASSED] - delay(2): Delayed 2 second(s)

2019-12-13 14:14:22 - [MESSAGE][PASSED] - Delayed 2 second(s)

2019-12-13 14:14:22 - [TEST_STEP][PASSED] - flagBoar = "0": null

2019-12-13 14:14:22 - [TEST_STEP][PASSED] - log = new com.kms.katalon.core.logging.KeywordLogger(): null

2019-12-13 14:14:22 - [TEST_STEP][PASSED] - if (var_typeReserveation == "Boarding"): null

2019-12-13 14:14:22 - [TEST_STEP][PASSED] - click(findTestObject("Object Repository/object_reservation/btn_Boarding")): Object: 'Object Repository/object_reservation/btn_Boarding' is clicked on

2019-12-13 14:14:22 - [MESSAGE][PASSED] - Object: 'Object Repository/object_reservation/btn_Boarding' is clicked on

2019-12-13 14:14:22 - [TEST_STEP][PASSED] - flagBoar = "1": null

2019-12-13 14:14:22 - [TEST_STEP][PASSED] - click(findTestObject("Object Repository/object_reservation/i_location")): Object: 'Object Repository/object_reservation/i_location' is clicked on

2019-12-13 14:14:25 - [MESSAGE][PASSED] - Object: 'Object Repository/object_reservation/i_location' is clicked on

2019-12-13 14:14:25 - [TEST_STEP][PASSED] - switch (var_idFacility): null

2019-12-13 14:14:25 - [TEST_STEP][PASSED] - dateCI = var_checkinD.split(","): null

2019-12-13 14:14:25 - [TEST_STEP][PASSED] - dateCO = var_checkoutD.split(","): null

2019-12-13 14:14:25 - [TEST_STEP][PASSED] - arryPets = var_pets.split(","): null

2019-12-13 14:14:25 - [TEST_STEP][PASSED] - delay(2): Delayed 2 second(s)

2019-12-13 14:14:27 - [MESSAGE][PASSED] - Delayed 2 second(s)

2019-12-13 14:14:27 - [TEST_STEP][PASSED] - if (var_repeting == "Y"): null

2019-12-13 14:14:27 - [TEST_STEP][PASSED] - click(findTestObject("Object Repository/object_reservation/dateCheckIn")): Object: 'Object Repository/object_reservation/dateCheckIn' is clicked on

2019-12-13 14:14:28 - [MESSAGE][PASSED] - Object: 'Object Repository/object_reservation/dateCheckIn' is clicked on

2019-12-13 14:14:28 - [TEST_STEP][PASSED] - delay(2): Delayed 2 second(s)

2019-12-13 14:14:30 - [MESSAGE][PASSED] - Delayed 2 second(s)

2019-12-13 14:14:30 - [TEST_STEP][PASSED] - switch (dateCI[0]): null

2019-12-13 14:14:30 - [TEST_STEP][PASSED] - case "6":: null

2019-12-13 14:14:30 - [TEST_STEP][PASSED] - click(findTestObject("Object Repository/Page_Paradise 4 Paws  Dog Boarding Cat Boarding Norwalk Pooch Hotel/button_06_ci")): Object: 'Object Repository/Page_Paradise 4 Paws  Dog Boarding Cat Boarding Norwalk Pooch Hotel/button_06_ci' is clicked on

2019-12-13 14:14:30 - [MESSAGE][PASSED] - Object: 'Object Repository/Page_Paradise 4 Paws  Dog Boarding Cat Boarding Norwalk Pooch Hotel/button_06_ci' is clicked on

2019-12-13 14:14:30 - [TEST_STEP][PASSED] - break: null

2019-12-13 14:14:30 - [TEST_STEP][PASSED] - if (flagBoar == "1"): null

2019-12-13 14:14:30 - [TEST_STEP][PASSED] - click(findTestObject("Object Repository/object_reservation/dateCheckOut")): Object: 'Object Repository/object_reservation/dateCheckOut' is clicked on

2019-12-13 14:14:31 - [MESSAGE][PASSED] - Object: 'Object Repository/object_reservation/dateCheckOut' is clicked on

2019-12-13 14:14:31 - [TEST_STEP][PASSED] - switch (dateCO[0]): null

2019-12-13 14:14:31 - [TEST_STEP][PASSED] - case "7":: null

2019-12-13 14:14:31 - [TEST_STEP][PASSED] - click(findTestObject("Object Repository/Page_Paradise 4 Paws  Dog Boarding Cat Boarding Norwalk Pooch Hotel/button_07_co")): Object: 'Object Repository/Page_Paradise 4 Paws  Dog Boarding Cat Boarding Norwalk Pooch Hotel/button_07_co' is clicked on

2019-12-13 14:14:32 - [MESSAGE][PASSED] - Object: 'Object Repository/Page_Paradise 4 Paws  Dog Boarding Cat Boarding Norwalk Pooch Hotel/button_07_co' is clicked on

2019-12-13 14:14:32 - [TEST_STEP][PASSED] - break: null

2019-12-13 14:14:32 - [TEST_STEP][NOT_RUN] - click(findTestObject("Object Repository/object_reservationCalendar/CO_close")): NOT_RUN: click(findTestObject("Object Repository/object_reservationCalendar/CO_close"))

2019-12-13 14:14:32 - [MESSAGE][NOT_RUN] - NOT_RUN: click(findTestObject("Object Repository/object_reservationCalendar/CO_close"))

2019-12-13 14:14:32 - [TEST_STEP][PASSED] - click(findTestObject("Object Repository/object_reservation/timeCheckin")): Object: 'Object Repository/object_reservation/timeCheckin' is clicked on

2019-12-13 14:14:32 - [MESSAGE][PASSED] - Object: 'Object Repository/object_reservation/timeCheckin' is clicked on

2019-12-13 14:14:32 - [TEST_STEP][PASSED] - switch (var_checkinT): null

2019-12-13 14:14:32 - [TEST_STEP][PASSED] - case "800":: null

2019-12-13 14:14:32 - [TEST_STEP][PASSED] - click(findTestObject("Object Repository/Page_Paradise 4 Paws  Dog Boarding Cat Boarding Norwalk Pooch Hotel/time_800am_ci")): Object: 'Object Repository/Page_Paradise 4 Paws  Dog Boarding Cat Boarding Norwalk Pooch Hotel/time_800am_ci' is clicked on

2019-12-13 14:14:33 - [MESSAGE][PASSED] - Object: 'Object Repository/Page_Paradise 4 Paws  Dog Boarding Cat Boarding Norwalk Pooch Hotel/time_800am_ci' is clicked on

2019-12-13 14:14:33 - [TEST_STEP][PASSED] - break: null

2019-12-13 14:14:33 - [TEST_STEP][PASSED] - click(findTestObject("Object Repository/object_reservation/timeCheckOut")): Object: 'Object Repository/object_reservation/timeCheckOut' is clicked on

2019-12-13 14:14:34 - [MESSAGE][PASSED] - Object: 'Object Repository/object_reservation/timeCheckOut' is clicked on

2019-12-13 14:14:34 - [TEST_STEP][PASSED] - switch (var_checkoutT): null

2019-12-13 14:14:34 - [TEST_STEP][PASSED] - case "1200":: null

2019-12-13 14:14:34 - [TEST_STEP][PASSED] - click(findTestObject("Object Repository/Page_Paradise 4 Paws  Dog Boarding Cat Boarding Norwalk Pooch Hotel/time_1200pm_co")): Object: 'Object Repository/Page_Paradise 4 Paws  Dog Boarding Cat Boarding Norwalk Pooch Hotel/time_1200pm_co' is clicked on

2019-12-13 14:14:35 - [MESSAGE][PASSED] - Object: 'Object Repository/Page_Paradise 4 Paws  Dog Boarding Cat Boarding Norwalk Pooch Hotel/time_1200pm_co' is clicked on

2019-12-13 14:14:35 - [TEST_STEP][PASSED] - break: null

2019-12-13 14:14:35 - [TEST_STEP][PASSED] - delay(2): Delayed 2 second(s)

2019-12-13 14:14:37 - [MESSAGE][PASSED] - Delayed 2 second(s)

2019-12-13 14:14:37 - [TEST_STEP][PASSED] - if (arryPets.size() == 1): null

2019-12-13 14:14:37 - [TEST_STEP][PASSED] - else if (arryPets.size() == 2): Object: 'Object Repository/object_reservation/div_Zeus' is clicked on

2019-12-13 14:14:37 - [TEST_STEP][PASSED] - click(findTestObject("object_reservation/Page_Paradise 4 Paws  Dog Boarding Cat Boarding Norwalk Pooch Hotel/div_Ares")): Object: 'Object Repository/object_reservation/Page_Paradise 4 Paws  Dog Boarding Cat Boarding Norwalk Pooch Hotel/div_Ares' is clicked on

2019-12-13 14:14:37 - [MESSAGE][PASSED] - Object: 'Object Repository/object_reservation/Page_Paradise 4 Paws  Dog Boarding Cat Boarding Norwalk Pooch Hotel/div_Ares' is clicked on

2019-12-13 14:14:37 - [TEST_STEP][PASSED] - click(findTestObject("object_reservation/div_Zeus")): Object: 'Object Repository/object_reservation/div_Zeus' is clicked on

2019-12-13 14:14:43 - [MESSAGE][PASSED] - Object: 'Object Repository/object_reservation/div_Zeus' is clicked on

2019-12-13 14:14:43 - [TEST_STEP][NOT_RUN] - click(findTestObject("object_reservations/i_Day_fa fa-circle-o ng-scope")): NOT_RUN: click(findTestObject("object_reservations/i_Day_fa fa-circle-o ng-scope"))

2019-12-13 14:14:43 - [MESSAGE][NOT_RUN] - NOT_RUN: click(findTestObject("object_reservations/i_Day_fa fa-circle-o ng-scope"))

2019-12-13 14:14:43 - [TEST_STEP][PASSED] - if (flagBoar == "1" || flagBoar == "2"): Object: 'Object Repository/object_reservation/div_suite_rad_deluxe' is clicked on

2019-12-13 14:14:43 - [TEST_STEP][PASSED] - click(findTestObject("Object Repository/object_reservation/div_suite_rad_deluxe")): Object: 'Object Repository/object_reservation/div_suite_rad_deluxe' is clicked on

2019-12-13 14:14:47 - [MESSAGE][PASSED] - Object: 'Object Repository/object_reservation/div_suite_rad_deluxe' is clicked on

2019-12-13 14:14:47 - [TEST_STEP][PASSED] - click(findTestObject("Object Repository/object_reservation/btn_next2")): Object: 'Object Repository/object_reservation/btn_next2' is clicked on

2019-12-13 14:14:49 - [MESSAGE][PASSED] - Object: 'Object Repository/object_reservation/btn_next2' is clicked on

2019-12-13 14:14:49 - [TEST_STEP][PASSED] - delay(3): Delayed 3 second(s)

2019-12-13 14:14:52 - [MESSAGE][PASSED] - Delayed 3 second(s)

2019-12-13 14:14:52 - [TEST_STEP][PASSED] - if (flagBoar == "1"): Object: 'Object Repository/object_reservation/button_DeclineThisPromo' is clicked on

2019-12-13 14:14:52 - [TEST_STEP][PASSED] - click(findTestObject("Object Repository/object_reservation/button_DeclineThisPromo")): Object: 'Object Repository/object_reservation/button_DeclineThisPromo' is clicked on

2019-12-13 14:14:53 - [MESSAGE][PASSED] - Object: 'Object Repository/object_reservation/button_DeclineThisPromo' is clicked on

2019-12-13 14:14:53 - [TEST_STEP][PASSED] - delay(2): Delayed 2 second(s)

2019-12-13 14:14:55 - [MESSAGE][PASSED] - Delayed 2 second(s)

2019-12-13 14:14:55 - [TEST_STEP][PASSED] - click(findTestObject("Object Repository/object_reservation/btn_next2")): Object: 'Object Repository/object_reservation/btn_next2' is clicked on

2019-12-13 14:14:55 - [MESSAGE][PASSED] - Object: 'Object Repository/object_reservation/btn_next2' is clicked on

2019-12-13 14:14:55 - [TEST_STEP][PASSED] - click(findTestObject("Object Repository/object_reservation/button_Submit Reservation")): Object: 'Object Repository/object_reservation/button_Submit Reservation' is clicked on

2019-12-13 14:14:58 - [MESSAGE][PASSED] - Object: 'Object Repository/object_reservation/button_Submit Reservation' is clicked on

2019-12-13 14:14:58 - [TEST_STEP][PASSED] - delay(2): Delayed 2 second(s)

2019-12-13 14:15:00 - [MESSAGE][PASSED] - Delayed 2 second(s)

2019-12-13 14:15:00 - [TEST_STEP][PASSED] - if (flagBoar == "2" && var_repeatingEvery == "Daily" || var_repeatingEvery == "Monthly" || var_repeatingEvery == "Weekly"): null

2019-12-13 14:15:00 - [TEST_STEP][PASSED] - else: VALOR ROW :2

2019-12-13 14:15:00 - [TEST_STEP][PASSED] - delay(2): Delayed 2 second(s)

2019-12-13 14:15:02 - [MESSAGE][PASSED] - Delayed 2 second(s)

2019-12-13 14:15:02 - [TEST_STEP][PASSED] - click(findTestObject("Object Repository/object_reservation/button_Return To Reservation")): Object: 'Object Repository/object_reservation/button_Return To Reservation' is clicked on

2019-12-13 14:15:03 - [MESSAGE][PASSED] - Object: 'Object Repository/object_reservation/button_Return To Reservation' is clicked on

2019-12-13 14:15:03 - [TEST_STEP][PASSED] - delay(6): Delayed 6 second(s)

2019-12-13 14:15:09 - [MESSAGE][PASSED] - Delayed 6 second(s)

2019-12-13 14:15:09 - [TEST_STEP][PASSED] - click(findTestObject("Object Repository/object_reservation/Page_Paradise 4 Paws  Dog Boarding Cat Boar_35fe2b/button_Go to CheckOut")): Object: 'Object Repository/object_reservation/Page_Paradise 4 Paws  Dog Boarding Cat Boar_35fe2b/button_Go to CheckOut' is clicked on

2019-12-13 14:15:11 - [MESSAGE][PASSED] - Object: 'Object Repository/object_reservation/Page_Paradise 4 Paws  Dog Boarding Cat Boar_35fe2b/button_Go to CheckOut' is clicked on

2019-12-13 14:15:11 - [TEST_STEP][PASSED] - delay(2): Delayed 2 second(s)

2019-12-13 14:15:13 - [MESSAGE][PASSED] - Delayed 2 second(s)

2019-12-13 14:15:13 - [TEST_STEP][PASSED] - log.logInfo(getText(findTestObject("Object Repository/object_reservation/Page_Paradise 4 Paws  Dog Boarding Cat Boar_35fe2b/span_( BK )"))): ( BK )

2019-12-13 14:15:14 - [MESSAGE][PASSED] - Text of object 'Object Repository/object_reservation/Page_Paradise 4 Paws  Dog Boarding Cat Boar_35fe2b/span_( BK )' is: '( BK )'

2019-12-13 14:15:14 - [MESSAGE][INFO] - ( BK )

2019-12-13 14:15:14 - [TEST_STEP][PASSED] - log.logInfo("--BK TEST2--"): --BK TEST2--

2019-12-13 14:15:14 - [MESSAGE][INFO] - --BK TEST2--

2019-12-13 14:15:14 - [TEST_STEP][PASSED] - var_url = getUrl(): Current window's url is: 'https://p4p-qa-bg.aws.paradise4paws.com/frontdesk/checkout/1702425/?parent_id=122350'

2019-12-13 14:15:14 - [MESSAGE][PASSED] - Current window's url is: 'https://p4p-qa-bg.aws.paradise4paws.com/frontdesk/checkout/1702425/?parent_id=122350'

2019-12-13 14:15:14 - [TEST_STEP][PASSED] - log.logInfo(var_url): https://p4p-qa-bg.aws.paradise4paws.com/frontdesk/checkout/1702425/?parent_id=122350

2019-12-13 14:15:14 - [MESSAGE][INFO] - https://p4p-qa-bg.aws.paradise4paws.com/frontdesk/checkout/1702425/?parent_id=122350

2019-12-13 14:15:14 - [TEST_STEP][PASSED] - arrayUrl = var_url.split("/"): null

2019-12-13 14:15:14 - [TEST_STEP][PASSED] - log.logInfo(arrayUrl[5]): 1702425

2019-12-13 14:15:14 - [MESSAGE][INFO] - 1702425

2019-12-13 14:15:14 - [TEST_STEP][PASSED] - log.logInfo(var_idRowRes): 2

2019-12-13 14:15:14 - [MESSAGE][INFO] - 2

2019-12-13 14:15:14 - [TEST_STEP][PASSED] - var = var_idRowRes: null

2019-12-13 14:15:14 - [TEST_STEP][PASSED] - verifyElementText(findTestObject("Object Repository/object_reservation/Page_Paradise 4 Paws  Dog Boarding Cat Boar_35fe2b/span_( BK )"), "( BK )", STOP_ON_FAILURE): Actual text and expected text of test object 'Object Repository/object_reservation/Page_Paradise 4 Paws  Dog Boarding Cat Boar_35fe2b/span_( BK )' are matched.

2019-12-13 14:15:14 - [MESSAGE][PASSED] - Actual text and expected text of test object 'Object Repository/object_reservation/Page_Paradise 4 Paws  Dog Boarding Cat Boar_35fe2b/span_( BK )' are matched.

2019-12-13 14:15:14 - [TEST_STEP][PASSED] - fis = new java.io.FileInputStream(/home/leonardo-arkusmty/Desktop/P4P/DATA_AUTOMATINTESTING/data_1newReservationBoarding.xlsx): null

2019-12-13 14:15:14 - [TEST_STEP][PASSED] - workbook = new org.apache.poi.xssf.usermodel.XSSFWorkbook(fis): null

2019-12-13 14:15:14 - [TEST_STEP][PASSED] - sheet = workbook.getSheet("Sheet1"): null

2019-12-13 14:15:14 - [TEST_STEP][PASSED] - rowCount = var_row: null

2019-12-13 14:15:14 - [TEST_STEP][PASSED] - row = sheet.getRow(rowCount): null

2019-12-13 14:15:14 - [TEST_STEP][PASSED] - cell = row.createCell(15, 0): null

2019-12-13 14:15:14 - [TEST_STEP][PASSED] - cell.setCellType(CELL_TYPE_STRING): null

2019-12-13 14:15:14 - [TEST_STEP][PASSED] - cell.setCellValue(arrayUrl[5]): null

2019-12-13 14:15:14 - [TEST_STEP][PASSED] - cell2 = row.createCell(16, 0): null

2019-12-13 14:15:14 - [TEST_STEP][PASSED] - cell2.setCellType(CELL_TYPE_STRING): null

2019-12-13 14:15:14 - [TEST_STEP][PASSED] - cell2.setCellValue(getText(findTestObject("Object Repository/object_reservation/Page_Paradise 4 Paws  Dog Boarding Cat Boar_35fe2b/span_( BK )"))): Text of object 'Object Repository/object_reservation/Page_Paradise 4 Paws  Dog Boarding Cat Boar_35fe2b/span_( BK )' is: '( BK )'

2019-12-13 14:15:14 - [MESSAGE][PASSED] - Text of object 'Object Repository/object_reservation/Page_Paradise 4 Paws  Dog Boarding Cat Boar_35fe2b/span_( BK )' is: '( BK )'

2019-12-13 14:15:14 - [TEST_STEP][PASSED] - fos = new java.io.FileOutputStream(/home/leonardo-arkusmty/Desktop/P4P/DATA_AUTOMATINTESTING/data_1newReservationBoarding.xlsx): null

2019-12-13 14:15:14 - [TEST_STEP][PASSED] - workbook.write(fos): null

2019-12-13 14:15:14 - [TEST_STEP][PASSED] - fos.close(): null

2019-12-13 14:15:14 - [TEST_STEP][PASSED] - delay(1): Delayed 1 second(s)

2019-12-13 14:15:15 - [MESSAGE][PASSED] - Delayed 1 second(s)

2019-12-13 14:15:15 - [TEST_STEP][PASSED] - (var_row++): null

2019-12-13 14:15:15 - [TEST_STEP][PASSED] - log.logInfo("VALOR ROW :" + var_row): VALOR ROW :2

2019-12-13 14:15:15 - [MESSAGE][INFO] - VALOR ROW :2]]></system-out>
         <system-err><![CDATA[]]></system-err>
      </testcase>
      <system-out><![CDATA[2019-12-13 14:12:39 - [TEST_SUITE][PASSED] - ts_newReservationBoarding: Test Cases/p4p_newReservation]]></system-out>
      <system-err><![CDATA[]]></system-err>
   </testsuite>
</testsuites>
