<?xml version="1.0" encoding="UTF-8"?>
<testsuites name="ts_newReservation" time="37.792" tests="1" failures="0" errors="0">
   <testsuite name="ts_newReservation" tests="1" failures="0" errors="0" time="37.792" timestamp="2019-11-25 17:31:25" hostname="leonardo-arkusmty - leonardoarkusmty-Inspiron-5577" id="Test Suites/ts_newReservation">
      <properties>
         <property name="deviceName" value=""/>
         <property name="devicePlatform" value=""/>
         <property name="logFolder" value="/home/leonardo-arkusmty/Documents/workspaceKatalon/p4ptest/Reports/20191125_173123/ts_newReservation/20191125_173123"/>
         <property name="logFiles" value="/home/leonardo-arkusmty/Documents/workspaceKatalon/p4ptest/Reports/20191125_173123/ts_newReservation/20191125_173123/execution0.log"/>
         <property name="attachments" value=""/>
         <property name="hostName" value="leonardo-arkusmty - leonardoarkusmty-Inspiron-5577"/>
         <property name="os" value="Linux 64bit"/>
         <property name="katalonVersion" value="7.0.8.1"/>
         <property name="browser" value="Firefox 70.0"/>
         <property name="hostAddress" value="127.0.1.1"/>
         <property name="sessionId" value="ea78892f-5752-4487-ab22-ab89c6c8b1e7"/>
         <property name="seleniumVersion" value="3.141.59"/>
         <property name="proxyInformation" value="ProxyInformation{proxyOption=NO_PROXY, proxyServerType=HTTP, password=, proxyServerAddress=, proxyServerPort=0}"/>
         <property name="platform" value="Linux"/>
      </properties>
      <testcase name="Test Cases/p4p_newReservation" time="32.014" classname="Test Cases/p4p_newReservation" status="PASSED">
         <system-out><![CDATA[2019-11-25 17:31:25 - [TEST_CASE][PASSED] - Test Cases/p4p_newReservation: Test Cases/p4p_newReservation

2019-11-25 17:31:25 - [TEST_STEP][PASSED] - openBrowser("https://p4p-qa-bg.aws.paradise4paws.com/login/"): Browser is opened with url: 'https://p4p-qa-bg.aws.paradise4paws.com/login/'

2019-11-25 17:31:25 - [MESSAGE][INFO] - Starting 'Firefox' driver

2019-11-25 17:31:25 - [MESSAGE][INFO] - Action delay is set to 0 seconds

2019-11-25 17:31:30 - [MESSAGE][PASSED] - Browser is opened with url: 'https://p4p-qa-bg.aws.paradise4paws.com/login/'

2019-11-25 17:31:30 - [TEST_STEP][PASSED] - setText(findTestObject("object_login/input_user"), var_user): Text 'jegchavez@gmail.com' is set on object 'Object Repository/object_login/input_user'

2019-11-25 17:31:31 - [MESSAGE][PASSED] - Text 'jegchavez@gmail.com' is set on object 'Object Repository/object_login/input_user'

2019-11-25 17:31:31 - [TEST_STEP][PASSED] - setText(findTestObject("object_login/input_pass"), var_pass): Text 'admin1' is set on object 'Object Repository/object_login/input_pass'

2019-11-25 17:31:31 - [MESSAGE][PASSED] - Text 'admin1' is set on object 'Object Repository/object_login/input_pass'

2019-11-25 17:31:31 - [TEST_STEP][PASSED] - delay(2): Delayed 2 second(s)

2019-11-25 17:31:33 - [MESSAGE][PASSED] - Delayed 2 second(s)

2019-11-25 17:31:33 - [TEST_STEP][PASSED] - verifyElementClickable(findTestObject("object_login/btn_login")): Object 'Object Repository/object_login/btn_login' is clickable

2019-11-25 17:31:34 - [MESSAGE][PASSED] - Object 'Object Repository/object_login/btn_login' is clickable

2019-11-25 17:31:34 - [TEST_STEP][PASSED] - click(findTestObject("object_login/btn_login")): Object: 'Object Repository/object_login/btn_login' is clicked on

2019-11-25 17:31:38 - [MESSAGE][PASSED] - Object: 'Object Repository/object_login/btn_login' is clicked on

2019-11-25 17:31:38 - [TEST_STEP][PASSED] - delay(2): Delayed 2 second(s)

2019-11-25 17:31:40 - [MESSAGE][PASSED] - Delayed 2 second(s)

2019-11-25 17:31:40 - [TEST_STEP][PASSED] - navigateToUrl(var_urlReservations): Navigate to 'https://p4p-qa-bg.aws.paradise4paws.com/accounts/profile/#/reservations/97558/' successfully

2019-11-25 17:31:42 - [MESSAGE][PASSED] - Navigate to 'https://p4p-qa-bg.aws.paradise4paws.com/accounts/profile/#/reservations/97558/' successfully

2019-11-25 17:31:42 - [TEST_STEP][PASSED] - delay(2): Delayed 2 second(s)

2019-11-25 17:31:44 - [MESSAGE][PASSED] - Delayed 2 second(s)

2019-11-25 17:31:44 - [TEST_STEP][PASSED] - click(findTestObject("object_profile/a_addReservation")): Object: 'Object Repository/object_profile/a_addReservation' is clicked on

2019-11-25 17:31:45 - [MESSAGE][PASSED] - Object: 'Object Repository/object_profile/a_addReservation' is clicked on

2019-11-25 17:31:45 - [TEST_STEP][PASSED] - click(findTestObject("object_reservations/btn_Boarding")): Object: 'Object Repository/object_reservations/btn_Boarding' is clicked on

2019-11-25 17:31:47 - [MESSAGE][PASSED] - Object: 'Object Repository/object_reservations/btn_Boarding' is clicked on

2019-11-25 17:31:47 - [TEST_STEP][PASSED] - click(findTestObject("object_reservations/select_Chicago MDW Airport Resort")): Object: 'Object Repository/object_reservations/select_Chicago MDW Airport Resort' is clicked on

2019-11-25 17:31:49 - [MESSAGE][PASSED] - Object: 'Object Repository/object_reservations/select_Chicago MDW Airport Resort' is clicked on

2019-11-25 17:31:49 - [TEST_STEP][PASSED] - setText(findTestObject("object_reservations/input_Check-in Date_form-control ng-pristin_499b9d"), "Chicago Pooch West Loop"): Text 'Chicago Pooch West Loop' is set on object 'Object Repository/object_reservations/input_Check-in Date_form-control ng-pristin_499b9d'

2019-11-25 17:31:50 - [MESSAGE][PASSED] - Text 'Chicago Pooch West Loop' is set on object 'Object Repository/object_reservations/input_Check-in Date_form-control ng-pristin_499b9d'

2019-11-25 17:31:50 - [TEST_STEP][PASSED] - setText(findTestObject("object_reservations/input_Check-in Date_form-control ng-pristine ng-untouched ui-timepicker-input"), "06:00 am"): Text '06:00 am' is set on object 'Object Repository/object_reservations/input_Check-in Date_form-control ng-pristine ng-untouched ui-timepicker-input'

2019-11-25 17:31:51 - [MESSAGE][PASSED] - Text '06:00 am' is set on object 'Object Repository/object_reservations/input_Check-in Date_form-control ng-pristine ng-untouched ui-timepicker-input'

2019-11-25 17:31:51 - [TEST_STEP][PASSED] - delay(6): Delayed 6 second(s)

2019-11-25 17:31:57 - [MESSAGE][PASSED] - Delayed 6 second(s)]]></system-out>
         <system-err><![CDATA[]]></system-err>
      </testcase>
      <system-out><![CDATA[2019-11-25 17:31:25 - [TEST_SUITE][PASSED] - ts_newReservation: Test Cases/p4p_newReservation]]></system-out>
      <system-err><![CDATA[]]></system-err>
   </testsuite>
</testsuites>
