<?xml version="1.0" encoding="UTF-8"?>
<testsuites name="ts_newReservationSpaservice" time="189.728" tests="3" failures="0" errors="0">
   <testsuite name="ts_newReservationSpaservice" tests="3" failures="0" errors="0" time="189.728" timestamp="2019-12-12 05:20:24" hostname="leonardo-arkusmty - leonardoarkusmty-Inspiron-5577" id="Test Suites/ts_newReservationSpaservice">
      <properties>
         <property name="deviceName" value=""/>
         <property name="devicePlatform" value=""/>
         <property name="logFolder" value="/home/leonardo-arkusmty/Documents/workspaceKatalon/p4ptest/Reports/20191212_052022/ts_newReservationSpaservice/20191212_052022"/>
         <property name="logFiles" value="/home/leonardo-arkusmty/Documents/workspaceKatalon/p4ptest/Reports/20191212_052022/ts_newReservationSpaservice/20191212_052022/execution0.log"/>
         <property name="attachments" value=""/>
         <property name="hostName" value="leonardo-arkusmty - leonardoarkusmty-Inspiron-5577"/>
         <property name="os" value="Linux 64bit"/>
         <property name="katalonVersion" value="7.0.8.1"/>
         <property name="browser" value="Firefox 70.0"/>
         <property name="hostAddress" value="127.0.1.1"/>
         <property name="sessionId" value="ae11fde2-8dd8-4ce0-ba5e-90d5946622f4"/>
         <property name="seleniumVersion" value="3.141.59"/>
         <property name="proxyInformation" value="ProxyInformation{proxyOption=NO_PROXY, proxyServerType=HTTP, password=, proxyServerAddress=, proxyServerPort=0}"/>
         <property name="platform" value="Linux"/>
      </properties>
      <testcase name="Test Cases/p4p_newReservation" time="57.57" classname="Test Cases/p4p_newReservation" status="PASSED">
         <system-out><![CDATA[2019-12-12 05:20:24 - [TEST_CASE][PASSED] - Test Cases/p4p_newReservation: Test Cases/p4p_newReservation

2019-12-12 05:20:25 - [TEST_STEP][PASSED] - openBrowser("https://p4p-qa-bg.aws.paradise4paws.com/login/"): Browser is opened with url: 'https://p4p-qa-bg.aws.paradise4paws.com/login/'

2019-12-12 05:20:25 - [MESSAGE][INFO] - Starting 'Firefox' driver

2019-12-12 05:20:25 - [MESSAGE][INFO] - Action delay is set to 0 seconds

2019-12-12 05:20:30 - [MESSAGE][PASSED] - Browser is opened with url: 'https://p4p-qa-bg.aws.paradise4paws.com/login/'

2019-12-12 05:20:30 - [TEST_STEP][PASSED] - setText(findTestObject("object_login/input_user"), var_user): Text 'jegchavez@gmail.com' is set on object 'Object Repository/object_login/input_user'

2019-12-12 05:20:30 - [MESSAGE][PASSED] - Text 'jegchavez@gmail.com' is set on object 'Object Repository/object_login/input_user'

2019-12-12 05:20:30 - [TEST_STEP][PASSED] - setText(findTestObject("object_login/input_pass"), var_pass): Text 'admin1' is set on object 'Object Repository/object_login/input_pass'

2019-12-12 05:20:31 - [MESSAGE][PASSED] - Text 'admin1' is set on object 'Object Repository/object_login/input_pass'

2019-12-12 05:20:31 - [TEST_STEP][PASSED] - delay(2): Delayed 2 second(s)

2019-12-12 05:20:33 - [MESSAGE][PASSED] - Delayed 2 second(s)

2019-12-12 05:20:33 - [TEST_STEP][PASSED] - verifyElementClickable(findTestObject("object_login/btn_login")): Object 'Object Repository/object_login/btn_login' is clickable

2019-12-12 05:20:33 - [MESSAGE][PASSED] - Object 'Object Repository/object_login/btn_login' is clickable

2019-12-12 05:20:33 - [TEST_STEP][PASSED] - click(findTestObject("object_login/btn_login")): Object: 'Object Repository/object_login/btn_login' is clicked on

2019-12-12 05:20:37 - [MESSAGE][PASSED] - Object: 'Object Repository/object_login/btn_login' is clicked on

2019-12-12 05:20:37 - [TEST_STEP][PASSED] - delay(2): Delayed 2 second(s)

2019-12-12 05:20:39 - [MESSAGE][PASSED] - Delayed 2 second(s)

2019-12-12 05:20:39 - [TEST_STEP][PASSED] - setText(findTestObject("object_dashboard_emp/input_search"), var_searchParent): Text 'leongarzagarza@hotmail.com' is set on object 'Object Repository/object_dashboard_emp/input_search'

2019-12-12 05:20:39 - [MESSAGE][PASSED] - Text 'leongarzagarza@hotmail.com' is set on object 'Object Repository/object_dashboard_emp/input_search'

2019-12-12 05:20:39 - [TEST_STEP][PASSED] - click(findTestObject("object_dashboard_emp/btn_accountSearch")): Object: 'Object Repository/object_dashboard_emp/btn_accountSearch' is clicked on

2019-12-12 05:20:41 - [MESSAGE][PASSED] - Object: 'Object Repository/object_dashboard_emp/btn_accountSearch' is clicked on

2019-12-12 05:20:41 - [TEST_STEP][PASSED] - delay(2): Delayed 2 second(s)

2019-12-12 05:20:43 - [MESSAGE][PASSED] - Delayed 2 second(s)

2019-12-12 05:20:43 - [TEST_STEP][PASSED] - click(findTestObject("object_accountInformation/a_TEST GABRIEL PROD")): Object: 'Object Repository/object_accountInformation/a_TEST GABRIEL PROD' is clicked on

2019-12-12 05:20:45 - [MESSAGE][PASSED] - Object: 'Object Repository/object_accountInformation/a_TEST GABRIEL PROD' is clicked on

2019-12-12 05:20:45 - [TEST_STEP][PASSED] - delay(2): Delayed 2 second(s)

2019-12-12 05:20:47 - [MESSAGE][PASSED] - Delayed 2 second(s)

2019-12-12 05:20:47 - [TEST_STEP][PASSED] - click(findTestObject("object_profile/a_addReservation")): Object: 'Object Repository/object_profile/a_addReservation' is clicked on

2019-12-12 05:20:48 - [MESSAGE][PASSED] - Object: 'Object Repository/object_profile/a_addReservation' is clicked on

2019-12-12 05:20:48 - [TEST_STEP][PASSED] - delay(2): Delayed 2 second(s)

2019-12-12 05:20:50 - [MESSAGE][PASSED] - Delayed 2 second(s)

2019-12-12 05:20:50 - [TEST_STEP][PASSED] - flagBoar = "0": null

2019-12-12 05:20:50 - [TEST_STEP][PASSED] - log = new com.kms.katalon.core.logging.KeywordLogger(): null

2019-12-12 05:20:50 - [TEST_STEP][PASSED] - log.logInfo(var_typeReserveation): SpaService

2019-12-12 05:20:50 - [MESSAGE][INFO] - SpaService

2019-12-12 05:20:50 - [TEST_STEP][PASSED] - if (var_typeReserveation == "Boarding"): null

2019-12-12 05:20:50 - [TEST_STEP][PASSED] - else if (var_typeReserveation == "Daycare"): null

2019-12-12 05:20:50 - [TEST_STEP][PASSED] - else if (var_typeReserveation == "SpaService"): null

2019-12-12 05:20:50 - [TEST_STEP][PASSED] - click(findTestObject("object_reservation/btn_Spa Service")): Object: 'Object Repository/object_reservation/btn_Spa Service' is clicked on

2019-12-12 05:20:51 - [MESSAGE][PASSED] - Object: 'Object Repository/object_reservation/btn_Spa Service' is clicked on

2019-12-12 05:20:51 - [TEST_STEP][PASSED] - flagBoar = "3": null

2019-12-12 05:20:51 - [TEST_STEP][PASSED] - click(findTestObject("object_reservation/i_location")): Object: 'Object Repository/object_reservation/i_location' is clicked on

2019-12-12 05:20:53 - [MESSAGE][PASSED] - Object: 'Object Repository/object_reservation/i_location' is clicked on

2019-12-12 05:20:53 - [TEST_STEP][PASSED] - switch (var_idFacility): null

2019-12-12 05:20:53 - [TEST_STEP][PASSED] - dateCI = var_checkinD.split(","): null

2019-12-12 05:20:53 - [TEST_STEP][PASSED] - dateCO = var_checkoutD.split(","): null

2019-12-12 05:20:53 - [TEST_STEP][PASSED] - arryPets = var_pets.split(","): null

2019-12-12 05:20:53 - [TEST_STEP][PASSED] - delay(2): Delayed 2 second(s)

2019-12-12 05:20:55 - [MESSAGE][PASSED] - Delayed 2 second(s)

2019-12-12 05:20:55 - [TEST_STEP][PASSED] - click(findTestObject("object_reservation/dateCheckIn")): Object: 'Object Repository/object_reservation/dateCheckIn' is clicked on

2019-12-12 05:20:56 - [MESSAGE][PASSED] - Object: 'Object Repository/object_reservation/dateCheckIn' is clicked on

2019-12-12 05:20:56 - [TEST_STEP][PASSED] - switch (dateCI[0]): null

2019-12-12 05:20:56 - [TEST_STEP][PASSED] - case "10":: null

2019-12-12 05:20:56 - [TEST_STEP][PASSED] - click(findTestObject("Page_Paradise 4 Paws  Dog Boarding Cat Boarding Norwalk Pooch Hotel/button_10_ci")): Object: 'Object Repository/Page_Paradise 4 Paws  Dog Boarding Cat Boarding Norwalk Pooch Hotel/button_10_ci' is clicked on

2019-12-12 05:20:57 - [MESSAGE][PASSED] - Object: 'Object Repository/Page_Paradise 4 Paws  Dog Boarding Cat Boarding Norwalk Pooch Hotel/button_10_ci' is clicked on

2019-12-12 05:20:57 - [TEST_STEP][PASSED] - break: null

2019-12-12 05:20:57 - [TEST_STEP][PASSED] - log.logInfo("PRUEBA FLAG"): PRUEBA FLAG

2019-12-12 05:20:57 - [MESSAGE][INFO] - PRUEBA FLAG

2019-12-12 05:20:57 - [TEST_STEP][PASSED] - log.logInfo(flagBoar): 3

2019-12-12 05:20:57 - [MESSAGE][INFO] - 3

2019-12-12 05:20:57 - [TEST_STEP][PASSED] - if (flagBoar == "1"): null

2019-12-12 05:20:57 - [TEST_STEP][NOT_RUN] - click(findTestObject("object_reservationCalendar/CO_close")): NOT_RUN: click(findTestObject("object_reservationCalendar/CO_close"))

2019-12-12 05:20:57 - [MESSAGE][NOT_RUN] - NOT_RUN: click(findTestObject("object_reservationCalendar/CO_close"))

2019-12-12 05:20:57 - [TEST_STEP][PASSED] - click(findTestObject("object_reservation/timeCheckin")): Object: 'Object Repository/object_reservation/timeCheckin' is clicked on

2019-12-12 05:20:58 - [MESSAGE][PASSED] - Object: 'Object Repository/object_reservation/timeCheckin' is clicked on

2019-12-12 05:20:58 - [TEST_STEP][PASSED] - log.logInfo("test timePicker"): test timePicker

2019-12-12 05:20:58 - [MESSAGE][INFO] - test timePicker

2019-12-12 05:20:58 - [TEST_STEP][PASSED] - switch (var_checkinT): null

2019-12-12 05:20:58 - [TEST_STEP][PASSED] - case "800":: null

2019-12-12 05:20:58 - [TEST_STEP][PASSED] - click(findTestObject("Page_Paradise 4 Paws  Dog Boarding Cat Boarding Norwalk Pooch Hotel/time_800am_ci")): Object: 'Object Repository/Page_Paradise 4 Paws  Dog Boarding Cat Boarding Norwalk Pooch Hotel/time_800am_ci' is clicked on

2019-12-12 05:20:58 - [MESSAGE][PASSED] - Object: 'Object Repository/Page_Paradise 4 Paws  Dog Boarding Cat Boarding Norwalk Pooch Hotel/time_800am_ci' is clicked on

2019-12-12 05:20:58 - [TEST_STEP][PASSED] - break: null

2019-12-12 05:20:58 - [TEST_STEP][PASSED] - click(findTestObject("object_reservation/timeCheckOut")): Object: 'Object Repository/object_reservation/timeCheckOut' is clicked on

2019-12-12 05:20:59 - [MESSAGE][PASSED] - Object: 'Object Repository/object_reservation/timeCheckOut' is clicked on

2019-12-12 05:20:59 - [TEST_STEP][PASSED] - switch (var_checkoutT): null

2019-12-12 05:20:59 - [TEST_STEP][PASSED] - case "1200":: null

2019-12-12 05:20:59 - [TEST_STEP][PASSED] - log.logInfo("test 1200"): test 1200

2019-12-12 05:20:59 - [MESSAGE][INFO] - test 1200

2019-12-12 05:20:59 - [TEST_STEP][PASSED] - click(findTestObject("Page_Paradise 4 Paws  Dog Boarding Cat Boarding Norwalk Pooch Hotel/time_1200pm_co")): Object: 'Object Repository/Page_Paradise 4 Paws  Dog Boarding Cat Boarding Norwalk Pooch Hotel/time_1200pm_co' is clicked on

2019-12-12 05:21:00 - [MESSAGE][PASSED] - Object: 'Object Repository/Page_Paradise 4 Paws  Dog Boarding Cat Boarding Norwalk Pooch Hotel/time_1200pm_co' is clicked on

2019-12-12 05:21:00 - [TEST_STEP][PASSED] - break: null

2019-12-12 05:21:00 - [TEST_STEP][PASSED] - delay(2): Delayed 2 second(s)

2019-12-12 05:21:02 - [MESSAGE][PASSED] - Delayed 2 second(s)

2019-12-12 05:21:02 - [TEST_STEP][PASSED] - log.logInfo("-- ANTES REPEATING --"): -- ANTES REPEATING --

2019-12-12 05:21:02 - [MESSAGE][INFO] - -- ANTES REPEATING --

2019-12-12 05:21:02 - [TEST_STEP][PASSED] - if (var_repeting == "Y"): null

2019-12-12 05:21:02 - [TEST_STEP][PASSED] - log.logInfo(var_pets): Ares

2019-12-12 05:21:02 - [MESSAGE][INFO] - Ares

2019-12-12 05:21:02 - [TEST_STEP][PASSED] - if (arryPets.size() == 1): Object: 'Object Repository/object_reservation/Page_Paradise 4 Paws  Dog Boarding Cat Boarding Norwalk Pooch Hotel/div_Ares' is clicked on

2019-12-12 05:21:02 - [TEST_STEP][PASSED] - click(findTestObject("object_reservation/Page_Paradise 4 Paws  Dog Boarding Cat Boarding Norwalk Pooch Hotel/div_Ares")): Object: 'Object Repository/object_reservation/Page_Paradise 4 Paws  Dog Boarding Cat Boarding Norwalk Pooch Hotel/div_Ares' is clicked on

2019-12-12 05:21:03 - [MESSAGE][PASSED] - Object: 'Object Repository/object_reservation/Page_Paradise 4 Paws  Dog Boarding Cat Boarding Norwalk Pooch Hotel/div_Ares' is clicked on

2019-12-12 05:21:03 - [TEST_STEP][NOT_RUN] - click(findTestObject("object_reservations/i_Day_fa fa-circle-o ng-scope")): NOT_RUN: click(findTestObject("object_reservations/i_Day_fa fa-circle-o ng-scope"))

2019-12-12 05:21:03 - [MESSAGE][NOT_RUN] - NOT_RUN: click(findTestObject("object_reservations/i_Day_fa fa-circle-o ng-scope"))

2019-12-12 05:21:03 - [TEST_STEP][PASSED] - if (flagBoar == "1" || flagBoar == "2"): null

2019-12-12 05:21:03 - [TEST_STEP][PASSED] - click(findTestObject("object_reservation/btn_next2")): Object: 'Object Repository/object_reservation/btn_next2' is clicked on

2019-12-12 05:21:06 - [MESSAGE][PASSED] - Object: 'Object Repository/object_reservation/btn_next2' is clicked on

2019-12-12 05:21:06 - [TEST_STEP][PASSED] - delay(3): Delayed 3 second(s)

2019-12-12 05:21:09 - [MESSAGE][PASSED] - Delayed 3 second(s)

2019-12-12 05:21:09 - [TEST_STEP][PASSED] - if (flagBoar == "1"): null

2019-12-12 05:21:09 - [TEST_STEP][PASSED] - delay(2): Delayed 2 second(s)

2019-12-12 05:21:11 - [MESSAGE][PASSED] - Delayed 2 second(s)

2019-12-12 05:21:11 - [TEST_STEP][PASSED] - click(findTestObject("object_reservation/btn_next2")): Object: 'Object Repository/object_reservation/btn_next2' is clicked on

2019-12-12 05:21:12 - [MESSAGE][PASSED] - Object: 'Object Repository/object_reservation/btn_next2' is clicked on

2019-12-12 05:21:12 - [TEST_STEP][PASSED] - click(findTestObject("object_reservation/button_Submit Reservation")): Object: 'Object Repository/object_reservation/button_Submit Reservation' is clicked on

2019-12-12 05:21:14 - [MESSAGE][PASSED] - Object: 'Object Repository/object_reservation/button_Submit Reservation' is clicked on

2019-12-12 05:21:14 - [TEST_STEP][PASSED] - delay(2): Delayed 2 second(s)

2019-12-12 05:21:16 - [MESSAGE][PASSED] - Delayed 2 second(s)

2019-12-12 05:21:16 - [TEST_STEP][PASSED] - click(findTestObject("object_reservation/button_Return To Reservation")): Object: 'Object Repository/object_reservation/button_Return To Reservation' is clicked on

2019-12-12 05:21:18 - [MESSAGE][PASSED] - Object: 'Object Repository/object_reservation/button_Return To Reservation' is clicked on

2019-12-12 05:21:18 - [TEST_STEP][PASSED] - delay(4): Delayed 4 second(s)

2019-12-12 05:21:22 - [MESSAGE][PASSED] - Delayed 4 second(s)]]></system-out>
         <system-err><![CDATA[]]></system-err>
      </testcase>
      <testcase name="Test Cases/p4p_newReservation" time="64.042" classname="Test Cases/p4p_newReservation" status="PASSED">
         <system-out><![CDATA[2019-12-12 05:21:22 - [TEST_CASE][PASSED] - Test Cases/p4p_newReservation: Test Cases/p4p_newReservation

2019-12-12 05:21:22 - [TEST_STEP][PASSED] - openBrowser("https://p4p-qa-bg.aws.paradise4paws.com/login/"): Browser is opened with url: 'https://p4p-qa-bg.aws.paradise4paws.com/login/'

2019-12-12 05:21:22 - [MESSAGE][WARNING] - A browser is already opened. Closing browser and opening a new one

2019-12-12 05:21:25 - [MESSAGE][INFO] - Starting 'Firefox' driver

2019-12-12 05:21:29 - [MESSAGE][PASSED] - Browser is opened with url: 'https://p4p-qa-bg.aws.paradise4paws.com/login/'

2019-12-12 05:21:29 - [TEST_STEP][PASSED] - setText(findTestObject("object_login/input_user"), var_user): Text 'jegchavez@gmail.com' is set on object 'Object Repository/object_login/input_user'

2019-12-12 05:21:30 - [MESSAGE][PASSED] - Text 'jegchavez@gmail.com' is set on object 'Object Repository/object_login/input_user'

2019-12-12 05:21:30 - [TEST_STEP][PASSED] - setText(findTestObject("object_login/input_pass"), var_pass): Text 'admin1' is set on object 'Object Repository/object_login/input_pass'

2019-12-12 05:21:30 - [MESSAGE][PASSED] - Text 'admin1' is set on object 'Object Repository/object_login/input_pass'

2019-12-12 05:21:30 - [TEST_STEP][PASSED] - delay(2): Delayed 2 second(s)

2019-12-12 05:21:32 - [MESSAGE][PASSED] - Delayed 2 second(s)

2019-12-12 05:21:32 - [TEST_STEP][PASSED] - verifyElementClickable(findTestObject("object_login/btn_login")): Object 'Object Repository/object_login/btn_login' is clickable

2019-12-12 05:21:32 - [MESSAGE][PASSED] - Object 'Object Repository/object_login/btn_login' is clickable

2019-12-12 05:21:32 - [TEST_STEP][PASSED] - click(findTestObject("object_login/btn_login")): Object: 'Object Repository/object_login/btn_login' is clicked on

2019-12-12 05:21:36 - [MESSAGE][PASSED] - Object: 'Object Repository/object_login/btn_login' is clicked on

2019-12-12 05:21:36 - [TEST_STEP][PASSED] - delay(2): Delayed 2 second(s)

2019-12-12 05:21:38 - [MESSAGE][PASSED] - Delayed 2 second(s)

2019-12-12 05:21:38 - [TEST_STEP][PASSED] - setText(findTestObject("object_dashboard_emp/input_search"), var_searchParent): Text 'leongarzagarza@hotmail.com' is set on object 'Object Repository/object_dashboard_emp/input_search'

2019-12-12 05:21:38 - [MESSAGE][PASSED] - Text 'leongarzagarza@hotmail.com' is set on object 'Object Repository/object_dashboard_emp/input_search'

2019-12-12 05:21:38 - [TEST_STEP][PASSED] - click(findTestObject("object_dashboard_emp/btn_accountSearch")): Object: 'Object Repository/object_dashboard_emp/btn_accountSearch' is clicked on

2019-12-12 05:21:40 - [MESSAGE][PASSED] - Object: 'Object Repository/object_dashboard_emp/btn_accountSearch' is clicked on

2019-12-12 05:21:40 - [TEST_STEP][PASSED] - delay(2): Delayed 2 second(s)

2019-12-12 05:21:42 - [MESSAGE][PASSED] - Delayed 2 second(s)

2019-12-12 05:21:42 - [TEST_STEP][PASSED] - click(findTestObject("object_accountInformation/a_TEST GABRIEL PROD")): Object: 'Object Repository/object_accountInformation/a_TEST GABRIEL PROD' is clicked on

2019-12-12 05:21:44 - [MESSAGE][PASSED] - Object: 'Object Repository/object_accountInformation/a_TEST GABRIEL PROD' is clicked on

2019-12-12 05:21:44 - [TEST_STEP][PASSED] - delay(2): Delayed 2 second(s)

2019-12-12 05:21:46 - [MESSAGE][PASSED] - Delayed 2 second(s)

2019-12-12 05:21:46 - [TEST_STEP][PASSED] - click(findTestObject("object_profile/a_addReservation")): Object: 'Object Repository/object_profile/a_addReservation' is clicked on

2019-12-12 05:21:48 - [MESSAGE][PASSED] - Object: 'Object Repository/object_profile/a_addReservation' is clicked on

2019-12-12 05:21:48 - [TEST_STEP][PASSED] - delay(2): Delayed 2 second(s)

2019-12-12 05:21:50 - [MESSAGE][PASSED] - Delayed 2 second(s)

2019-12-12 05:21:50 - [TEST_STEP][PASSED] - flagBoar = "0": null

2019-12-12 05:21:50 - [TEST_STEP][PASSED] - log = new com.kms.katalon.core.logging.KeywordLogger(): null

2019-12-12 05:21:50 - [TEST_STEP][PASSED] - log.logInfo(var_typeReserveation): SpaService

2019-12-12 05:21:50 - [MESSAGE][INFO] - SpaService

2019-12-12 05:21:50 - [TEST_STEP][PASSED] - if (var_typeReserveation == "Boarding"): null

2019-12-12 05:21:50 - [TEST_STEP][PASSED] - else if (var_typeReserveation == "Daycare"): null

2019-12-12 05:21:50 - [TEST_STEP][PASSED] - else if (var_typeReserveation == "SpaService"): null

2019-12-12 05:21:50 - [TEST_STEP][PASSED] - click(findTestObject("object_reservation/btn_Spa Service")): Object: 'Object Repository/object_reservation/btn_Spa Service' is clicked on

2019-12-12 05:21:50 - [MESSAGE][PASSED] - Object: 'Object Repository/object_reservation/btn_Spa Service' is clicked on

2019-12-12 05:21:50 - [TEST_STEP][PASSED] - flagBoar = "3": null

2019-12-12 05:21:50 - [TEST_STEP][PASSED] - click(findTestObject("object_reservation/i_location")): Object: 'Object Repository/object_reservation/i_location' is clicked on

2019-12-12 05:21:52 - [MESSAGE][PASSED] - Object: 'Object Repository/object_reservation/i_location' is clicked on

2019-12-12 05:21:52 - [TEST_STEP][PASSED] - switch (var_idFacility): null

2019-12-12 05:21:52 - [TEST_STEP][PASSED] - dateCI = var_checkinD.split(","): null

2019-12-12 05:21:52 - [TEST_STEP][PASSED] - dateCO = var_checkoutD.split(","): null

2019-12-12 05:21:52 - [TEST_STEP][PASSED] - arryPets = var_pets.split(","): null

2019-12-12 05:21:52 - [TEST_STEP][PASSED] - delay(2): Delayed 2 second(s)

2019-12-12 05:21:54 - [MESSAGE][PASSED] - Delayed 2 second(s)

2019-12-12 05:21:54 - [TEST_STEP][PASSED] - click(findTestObject("object_reservation/dateCheckIn")): Object: 'Object Repository/object_reservation/dateCheckIn' is clicked on

2019-12-12 05:21:55 - [MESSAGE][PASSED] - Object: 'Object Repository/object_reservation/dateCheckIn' is clicked on

2019-12-12 05:21:55 - [TEST_STEP][PASSED] - switch (dateCI[0]): null

2019-12-12 05:21:55 - [TEST_STEP][PASSED] - case "11":: null

2019-12-12 05:21:55 - [TEST_STEP][PASSED] - click(findTestObject("Page_Paradise 4 Paws  Dog Boarding Cat Boarding Norwalk Pooch Hotel/button_11_ci")): Object: 'Object Repository/Page_Paradise 4 Paws  Dog Boarding Cat Boarding Norwalk Pooch Hotel/button_11_ci' is clicked on

2019-12-12 05:21:56 - [MESSAGE][PASSED] - Object: 'Object Repository/Page_Paradise 4 Paws  Dog Boarding Cat Boarding Norwalk Pooch Hotel/button_11_ci' is clicked on

2019-12-12 05:21:56 - [TEST_STEP][PASSED] - break: null

2019-12-12 05:21:56 - [TEST_STEP][PASSED] - log.logInfo("PRUEBA FLAG"): PRUEBA FLAG

2019-12-12 05:21:56 - [MESSAGE][INFO] - PRUEBA FLAG

2019-12-12 05:21:56 - [TEST_STEP][PASSED] - log.logInfo(flagBoar): 3

2019-12-12 05:21:56 - [MESSAGE][INFO] - 3

2019-12-12 05:21:56 - [TEST_STEP][PASSED] - if (flagBoar == "1"): null

2019-12-12 05:21:56 - [TEST_STEP][NOT_RUN] - click(findTestObject("object_reservationCalendar/CO_close")): NOT_RUN: click(findTestObject("object_reservationCalendar/CO_close"))

2019-12-12 05:21:56 - [MESSAGE][NOT_RUN] - NOT_RUN: click(findTestObject("object_reservationCalendar/CO_close"))

2019-12-12 05:21:56 - [TEST_STEP][PASSED] - click(findTestObject("object_reservation/timeCheckin")): Object: 'Object Repository/object_reservation/timeCheckin' is clicked on

2019-12-12 05:21:57 - [MESSAGE][PASSED] - Object: 'Object Repository/object_reservation/timeCheckin' is clicked on

2019-12-12 05:21:57 - [TEST_STEP][PASSED] - log.logInfo("test timePicker"): test timePicker

2019-12-12 05:21:57 - [MESSAGE][INFO] - test timePicker

2019-12-12 05:21:57 - [TEST_STEP][PASSED] - switch (var_checkinT): null

2019-12-12 05:21:57 - [TEST_STEP][PASSED] - case "800":: null

2019-12-12 05:21:57 - [TEST_STEP][PASSED] - click(findTestObject("Page_Paradise 4 Paws  Dog Boarding Cat Boarding Norwalk Pooch Hotel/time_800am_ci")): Object: 'Object Repository/Page_Paradise 4 Paws  Dog Boarding Cat Boarding Norwalk Pooch Hotel/time_800am_ci' is clicked on

2019-12-12 05:21:57 - [MESSAGE][PASSED] - Object: 'Object Repository/Page_Paradise 4 Paws  Dog Boarding Cat Boarding Norwalk Pooch Hotel/time_800am_ci' is clicked on

2019-12-12 05:21:57 - [TEST_STEP][PASSED] - break: null

2019-12-12 05:21:57 - [TEST_STEP][PASSED] - click(findTestObject("object_reservation/timeCheckOut")): Object: 'Object Repository/object_reservation/timeCheckOut' is clicked on

2019-12-12 05:21:58 - [MESSAGE][PASSED] - Object: 'Object Repository/object_reservation/timeCheckOut' is clicked on

2019-12-12 05:21:58 - [TEST_STEP][PASSED] - switch (var_checkoutT): null

2019-12-12 05:21:58 - [TEST_STEP][PASSED] - case "1200":: null

2019-12-12 05:21:58 - [TEST_STEP][PASSED] - log.logInfo("test 1200"): test 1200

2019-12-12 05:21:58 - [MESSAGE][INFO] - test 1200

2019-12-12 05:21:58 - [TEST_STEP][PASSED] - click(findTestObject("Page_Paradise 4 Paws  Dog Boarding Cat Boarding Norwalk Pooch Hotel/time_1200pm_co")): Object: 'Object Repository/Page_Paradise 4 Paws  Dog Boarding Cat Boarding Norwalk Pooch Hotel/time_1200pm_co' is clicked on

2019-12-12 05:21:59 - [MESSAGE][PASSED] - Object: 'Object Repository/Page_Paradise 4 Paws  Dog Boarding Cat Boarding Norwalk Pooch Hotel/time_1200pm_co' is clicked on

2019-12-12 05:21:59 - [TEST_STEP][PASSED] - break: null

2019-12-12 05:21:59 - [TEST_STEP][PASSED] - delay(2): Delayed 2 second(s)

2019-12-12 05:22:01 - [MESSAGE][PASSED] - Delayed 2 second(s)

2019-12-12 05:22:01 - [TEST_STEP][PASSED] - log.logInfo("-- ANTES REPEATING --"): -- ANTES REPEATING --

2019-12-12 05:22:01 - [MESSAGE][INFO] - -- ANTES REPEATING --

2019-12-12 05:22:01 - [TEST_STEP][PASSED] - if (var_repeting == "Y"): null

2019-12-12 05:22:01 - [TEST_STEP][PASSED] - log.logInfo(var_pets): Ares,Zeus

2019-12-12 05:22:01 - [MESSAGE][INFO] - Ares,Zeus

2019-12-12 05:22:01 - [TEST_STEP][PASSED] - if (arryPets.size() == 1): null

2019-12-12 05:22:01 - [TEST_STEP][PASSED] - else if (arryPets.size() == 2): Object: 'Object Repository/object_reservation/div_Zeus' is clicked on

2019-12-12 05:22:01 - [TEST_STEP][PASSED] - click(findTestObject("object_reservation/Page_Paradise 4 Paws  Dog Boarding Cat Boarding Norwalk Pooch Hotel/div_Ares")): Object: 'Object Repository/object_reservation/Page_Paradise 4 Paws  Dog Boarding Cat Boarding Norwalk Pooch Hotel/div_Ares' is clicked on

2019-12-12 05:22:02 - [MESSAGE][PASSED] - Object: 'Object Repository/object_reservation/Page_Paradise 4 Paws  Dog Boarding Cat Boarding Norwalk Pooch Hotel/div_Ares' is clicked on

2019-12-12 05:22:02 - [TEST_STEP][PASSED] - click(findTestObject("object_reservation/div_Zeus")): Object: 'Object Repository/object_reservation/div_Zeus' is clicked on

2019-12-12 05:22:07 - [MESSAGE][PASSED] - Object: 'Object Repository/object_reservation/div_Zeus' is clicked on

2019-12-12 05:22:07 - [TEST_STEP][NOT_RUN] - click(findTestObject("object_reservations/i_Day_fa fa-circle-o ng-scope")): NOT_RUN: click(findTestObject("object_reservations/i_Day_fa fa-circle-o ng-scope"))

2019-12-12 05:22:07 - [MESSAGE][NOT_RUN] - NOT_RUN: click(findTestObject("object_reservations/i_Day_fa fa-circle-o ng-scope"))

2019-12-12 05:22:07 - [TEST_STEP][PASSED] - if (flagBoar == "1" || flagBoar == "2"): null

2019-12-12 05:22:07 - [TEST_STEP][PASSED] - click(findTestObject("object_reservation/btn_next2")): Object: 'Object Repository/object_reservation/btn_next2' is clicked on

2019-12-12 05:22:10 - [MESSAGE][PASSED] - Object: 'Object Repository/object_reservation/btn_next2' is clicked on

2019-12-12 05:22:10 - [TEST_STEP][PASSED] - delay(3): Delayed 3 second(s)

2019-12-12 05:22:13 - [MESSAGE][PASSED] - Delayed 3 second(s)

2019-12-12 05:22:13 - [TEST_STEP][PASSED] - if (flagBoar == "1"): null

2019-12-12 05:22:13 - [TEST_STEP][PASSED] - delay(2): Delayed 2 second(s)

2019-12-12 05:22:15 - [MESSAGE][PASSED] - Delayed 2 second(s)

2019-12-12 05:22:15 - [TEST_STEP][PASSED] - click(findTestObject("object_reservation/btn_next2")): Object: 'Object Repository/object_reservation/btn_next2' is clicked on

2019-12-12 05:22:15 - [MESSAGE][PASSED] - Object: 'Object Repository/object_reservation/btn_next2' is clicked on

2019-12-12 05:22:15 - [TEST_STEP][PASSED] - click(findTestObject("object_reservation/button_Submit Reservation")): Object: 'Object Repository/object_reservation/button_Submit Reservation' is clicked on

2019-12-12 05:22:18 - [MESSAGE][PASSED] - Object: 'Object Repository/object_reservation/button_Submit Reservation' is clicked on

2019-12-12 05:22:18 - [TEST_STEP][PASSED] - delay(2): Delayed 2 second(s)

2019-12-12 05:22:20 - [MESSAGE][PASSED] - Delayed 2 second(s)

2019-12-12 05:22:20 - [TEST_STEP][PASSED] - click(findTestObject("object_reservation/button_Return To Reservation")): Object: 'Object Repository/object_reservation/button_Return To Reservation' is clicked on

2019-12-12 05:22:22 - [MESSAGE][PASSED] - Object: 'Object Repository/object_reservation/button_Return To Reservation' is clicked on

2019-12-12 05:22:22 - [TEST_STEP][PASSED] - delay(4): Delayed 4 second(s)

2019-12-12 05:22:26 - [MESSAGE][PASSED] - Delayed 4 second(s)]]></system-out>
         <system-err><![CDATA[]]></system-err>
      </testcase>
      <testcase name="Test Cases/p4p_newReservation" time="66.906" classname="Test Cases/p4p_newReservation" status="PASSED">
         <system-out><![CDATA[2019-12-12 05:22:26 - [TEST_CASE][PASSED] - Test Cases/p4p_newReservation: Test Cases/p4p_newReservation

2019-12-12 05:22:26 - [TEST_STEP][PASSED] - openBrowser("https://p4p-qa-bg.aws.paradise4paws.com/login/"): Browser is opened with url: 'https://p4p-qa-bg.aws.paradise4paws.com/login/'

2019-12-12 05:22:26 - [MESSAGE][WARNING] - A browser is already opened. Closing browser and opening a new one

2019-12-12 05:22:27 - [MESSAGE][INFO] - Starting 'Firefox' driver

2019-12-12 05:22:31 - [MESSAGE][PASSED] - Browser is opened with url: 'https://p4p-qa-bg.aws.paradise4paws.com/login/'

2019-12-12 05:22:31 - [TEST_STEP][PASSED] - setText(findTestObject("object_login/input_user"), var_user): Text 'jegchavez@gmail.com' is set on object 'Object Repository/object_login/input_user'

2019-12-12 05:22:32 - [MESSAGE][PASSED] - Text 'jegchavez@gmail.com' is set on object 'Object Repository/object_login/input_user'

2019-12-12 05:22:32 - [TEST_STEP][PASSED] - setText(findTestObject("object_login/input_pass"), var_pass): Text 'admin1' is set on object 'Object Repository/object_login/input_pass'

2019-12-12 05:22:32 - [MESSAGE][PASSED] - Text 'admin1' is set on object 'Object Repository/object_login/input_pass'

2019-12-12 05:22:32 - [TEST_STEP][PASSED] - delay(2): Delayed 2 second(s)

2019-12-12 05:22:34 - [MESSAGE][PASSED] - Delayed 2 second(s)

2019-12-12 05:22:34 - [TEST_STEP][PASSED] - verifyElementClickable(findTestObject("object_login/btn_login")): Object 'Object Repository/object_login/btn_login' is clickable

2019-12-12 05:22:35 - [MESSAGE][PASSED] - Object 'Object Repository/object_login/btn_login' is clickable

2019-12-12 05:22:35 - [TEST_STEP][PASSED] - click(findTestObject("object_login/btn_login")): Object: 'Object Repository/object_login/btn_login' is clicked on

2019-12-12 05:22:39 - [MESSAGE][PASSED] - Object: 'Object Repository/object_login/btn_login' is clicked on

2019-12-12 05:22:39 - [TEST_STEP][PASSED] - delay(2): Delayed 2 second(s)

2019-12-12 05:22:41 - [MESSAGE][PASSED] - Delayed 2 second(s)

2019-12-12 05:22:41 - [TEST_STEP][PASSED] - setText(findTestObject("object_dashboard_emp/input_search"), var_searchParent): Text 'leongarzagarza@hotmail.com' is set on object 'Object Repository/object_dashboard_emp/input_search'

2019-12-12 05:22:41 - [MESSAGE][PASSED] - Text 'leongarzagarza@hotmail.com' is set on object 'Object Repository/object_dashboard_emp/input_search'

2019-12-12 05:22:41 - [TEST_STEP][PASSED] - click(findTestObject("object_dashboard_emp/btn_accountSearch")): Object: 'Object Repository/object_dashboard_emp/btn_accountSearch' is clicked on

2019-12-12 05:22:42 - [MESSAGE][PASSED] - Object: 'Object Repository/object_dashboard_emp/btn_accountSearch' is clicked on

2019-12-12 05:22:42 - [TEST_STEP][PASSED] - delay(2): Delayed 2 second(s)

2019-12-12 05:22:44 - [MESSAGE][PASSED] - Delayed 2 second(s)

2019-12-12 05:22:44 - [TEST_STEP][PASSED] - click(findTestObject("object_accountInformation/a_TEST GABRIEL PROD")): Object: 'Object Repository/object_accountInformation/a_TEST GABRIEL PROD' is clicked on

2019-12-12 05:22:46 - [MESSAGE][PASSED] - Object: 'Object Repository/object_accountInformation/a_TEST GABRIEL PROD' is clicked on

2019-12-12 05:22:46 - [TEST_STEP][PASSED] - delay(2): Delayed 2 second(s)

2019-12-12 05:22:48 - [MESSAGE][PASSED] - Delayed 2 second(s)

2019-12-12 05:22:48 - [TEST_STEP][PASSED] - click(findTestObject("object_profile/a_addReservation")): Object: 'Object Repository/object_profile/a_addReservation' is clicked on

2019-12-12 05:22:50 - [MESSAGE][PASSED] - Object: 'Object Repository/object_profile/a_addReservation' is clicked on

2019-12-12 05:22:50 - [TEST_STEP][PASSED] - delay(2): Delayed 2 second(s)

2019-12-12 05:22:52 - [MESSAGE][PASSED] - Delayed 2 second(s)

2019-12-12 05:22:52 - [TEST_STEP][PASSED] - flagBoar = "0": null

2019-12-12 05:22:52 - [TEST_STEP][PASSED] - log = new com.kms.katalon.core.logging.KeywordLogger(): null

2019-12-12 05:22:52 - [TEST_STEP][PASSED] - log.logInfo(var_typeReserveation): SpaService

2019-12-12 05:22:52 - [MESSAGE][INFO] - SpaService

2019-12-12 05:22:52 - [TEST_STEP][PASSED] - if (var_typeReserveation == "Boarding"): null

2019-12-12 05:22:52 - [TEST_STEP][PASSED] - else if (var_typeReserveation == "Daycare"): null

2019-12-12 05:22:52 - [TEST_STEP][PASSED] - else if (var_typeReserveation == "SpaService"): null

2019-12-12 05:22:52 - [TEST_STEP][PASSED] - click(findTestObject("object_reservation/btn_Spa Service")): Object: 'Object Repository/object_reservation/btn_Spa Service' is clicked on

2019-12-12 05:22:52 - [MESSAGE][PASSED] - Object: 'Object Repository/object_reservation/btn_Spa Service' is clicked on

2019-12-12 05:22:52 - [TEST_STEP][PASSED] - flagBoar = "3": null

2019-12-12 05:22:52 - [TEST_STEP][PASSED] - click(findTestObject("object_reservation/i_location")): Object: 'Object Repository/object_reservation/i_location' is clicked on

2019-12-12 05:22:55 - [MESSAGE][PASSED] - Object: 'Object Repository/object_reservation/i_location' is clicked on

2019-12-12 05:22:55 - [TEST_STEP][PASSED] - switch (var_idFacility): null

2019-12-12 05:22:55 - [TEST_STEP][PASSED] - dateCI = var_checkinD.split(","): null

2019-12-12 05:22:55 - [TEST_STEP][PASSED] - dateCO = var_checkoutD.split(","): null

2019-12-12 05:22:55 - [TEST_STEP][PASSED] - arryPets = var_pets.split(","): null

2019-12-12 05:22:55 - [TEST_STEP][PASSED] - delay(2): Delayed 2 second(s)

2019-12-12 05:22:57 - [MESSAGE][PASSED] - Delayed 2 second(s)

2019-12-12 05:22:57 - [TEST_STEP][PASSED] - click(findTestObject("object_reservation/dateCheckIn")): Object: 'Object Repository/object_reservation/dateCheckIn' is clicked on

2019-12-12 05:22:58 - [MESSAGE][PASSED] - Object: 'Object Repository/object_reservation/dateCheckIn' is clicked on

2019-12-12 05:22:58 - [TEST_STEP][PASSED] - switch (dateCI[0]): null

2019-12-12 05:22:58 - [TEST_STEP][PASSED] - case "12":: null

2019-12-12 05:22:58 - [TEST_STEP][PASSED] - click(findTestObject("Page_Paradise 4 Paws  Dog Boarding Cat Boarding Norwalk Pooch Hotel/button_12_ci")): Object: 'Object Repository/Page_Paradise 4 Paws  Dog Boarding Cat Boarding Norwalk Pooch Hotel/button_12_ci' is clicked on

2019-12-12 05:22:58 - [MESSAGE][PASSED] - Object: 'Object Repository/Page_Paradise 4 Paws  Dog Boarding Cat Boarding Norwalk Pooch Hotel/button_12_ci' is clicked on

2019-12-12 05:22:58 - [TEST_STEP][PASSED] - break: null

2019-12-12 05:22:58 - [TEST_STEP][PASSED] - log.logInfo("PRUEBA FLAG"): PRUEBA FLAG

2019-12-12 05:22:58 - [MESSAGE][INFO] - PRUEBA FLAG

2019-12-12 05:22:58 - [TEST_STEP][PASSED] - log.logInfo(flagBoar): 3

2019-12-12 05:22:58 - [MESSAGE][INFO] - 3

2019-12-12 05:22:58 - [TEST_STEP][PASSED] - if (flagBoar == "1"): null

2019-12-12 05:22:58 - [TEST_STEP][NOT_RUN] - click(findTestObject("object_reservationCalendar/CO_close")): NOT_RUN: click(findTestObject("object_reservationCalendar/CO_close"))

2019-12-12 05:22:58 - [MESSAGE][NOT_RUN] - NOT_RUN: click(findTestObject("object_reservationCalendar/CO_close"))

2019-12-12 05:22:58 - [TEST_STEP][PASSED] - click(findTestObject("object_reservation/timeCheckin")): Object: 'Object Repository/object_reservation/timeCheckin' is clicked on

2019-12-12 05:22:59 - [MESSAGE][PASSED] - Object: 'Object Repository/object_reservation/timeCheckin' is clicked on

2019-12-12 05:22:59 - [TEST_STEP][PASSED] - log.logInfo("test timePicker"): test timePicker

2019-12-12 05:22:59 - [MESSAGE][INFO] - test timePicker

2019-12-12 05:22:59 - [TEST_STEP][PASSED] - switch (var_checkinT): null

2019-12-12 05:22:59 - [TEST_STEP][PASSED] - case "800":: null

2019-12-12 05:22:59 - [TEST_STEP][PASSED] - click(findTestObject("Page_Paradise 4 Paws  Dog Boarding Cat Boarding Norwalk Pooch Hotel/time_800am_ci")): Object: 'Object Repository/Page_Paradise 4 Paws  Dog Boarding Cat Boarding Norwalk Pooch Hotel/time_800am_ci' is clicked on

2019-12-12 05:23:00 - [MESSAGE][PASSED] - Object: 'Object Repository/Page_Paradise 4 Paws  Dog Boarding Cat Boarding Norwalk Pooch Hotel/time_800am_ci' is clicked on

2019-12-12 05:23:00 - [TEST_STEP][PASSED] - break: null

2019-12-12 05:23:00 - [TEST_STEP][PASSED] - click(findTestObject("object_reservation/timeCheckOut")): Object: 'Object Repository/object_reservation/timeCheckOut' is clicked on

2019-12-12 05:23:00 - [MESSAGE][PASSED] - Object: 'Object Repository/object_reservation/timeCheckOut' is clicked on

2019-12-12 05:23:00 - [TEST_STEP][PASSED] - switch (var_checkoutT): null

2019-12-12 05:23:00 - [TEST_STEP][PASSED] - case "1200":: null

2019-12-12 05:23:00 - [TEST_STEP][PASSED] - log.logInfo("test 1200"): test 1200

2019-12-12 05:23:00 - [MESSAGE][INFO] - test 1200

2019-12-12 05:23:00 - [TEST_STEP][PASSED] - click(findTestObject("Page_Paradise 4 Paws  Dog Boarding Cat Boarding Norwalk Pooch Hotel/time_1200pm_co")): Object: 'Object Repository/Page_Paradise 4 Paws  Dog Boarding Cat Boarding Norwalk Pooch Hotel/time_1200pm_co' is clicked on

2019-12-12 05:23:01 - [MESSAGE][PASSED] - Object: 'Object Repository/Page_Paradise 4 Paws  Dog Boarding Cat Boarding Norwalk Pooch Hotel/time_1200pm_co' is clicked on

2019-12-12 05:23:01 - [TEST_STEP][PASSED] - break: null

2019-12-12 05:23:01 - [TEST_STEP][PASSED] - delay(2): Delayed 2 second(s)

2019-12-12 05:23:03 - [MESSAGE][PASSED] - Delayed 2 second(s)

2019-12-12 05:23:03 - [TEST_STEP][PASSED] - log.logInfo("-- ANTES REPEATING --"): -- ANTES REPEATING --

2019-12-12 05:23:03 - [MESSAGE][INFO] - -- ANTES REPEATING --

2019-12-12 05:23:03 - [TEST_STEP][PASSED] - if (var_repeting == "Y"): null

2019-12-12 05:23:03 - [TEST_STEP][PASSED] - log.logInfo(var_pets): Ares,Poseidon,Zeus

2019-12-12 05:23:03 - [MESSAGE][INFO] - Ares,Poseidon,Zeus

2019-12-12 05:23:03 - [TEST_STEP][PASSED] - if (arryPets.size() == 1): null

2019-12-12 05:23:03 - [TEST_STEP][PASSED] - else if (arryPets.size() == 2): null

2019-12-12 05:23:03 - [TEST_STEP][PASSED] - else if (arryPets.size() == 3): Object: 'Object Repository/object_reservation/div_Athena' is clicked on

2019-12-12 05:23:03 - [TEST_STEP][PASSED] - click(findTestObject("object_reservation/Page_Paradise 4 Paws  Dog Boarding Cat Boarding Norwalk Pooch Hotel/div_Ares")): Object: 'Object Repository/object_reservation/Page_Paradise 4 Paws  Dog Boarding Cat Boarding Norwalk Pooch Hotel/div_Ares' is clicked on

2019-12-12 05:23:04 - [MESSAGE][PASSED] - Object: 'Object Repository/object_reservation/Page_Paradise 4 Paws  Dog Boarding Cat Boarding Norwalk Pooch Hotel/div_Ares' is clicked on

2019-12-12 05:23:04 - [TEST_STEP][PASSED] - click(findTestObject("object_reservation/div_Zeus")): Object: 'Object Repository/object_reservation/div_Zeus' is clicked on

2019-12-12 05:23:09 - [MESSAGE][PASSED] - Object: 'Object Repository/object_reservation/div_Zeus' is clicked on

2019-12-12 05:23:09 - [TEST_STEP][PASSED] - click(findTestObject("object_reservation/div_Athena")): Object: 'Object Repository/object_reservation/div_Athena' is clicked on

2019-12-12 05:23:13 - [MESSAGE][PASSED] - Object: 'Object Repository/object_reservation/div_Athena' is clicked on

2019-12-12 05:23:13 - [TEST_STEP][NOT_RUN] - click(findTestObject("object_reservations/i_Day_fa fa-circle-o ng-scope")): NOT_RUN: click(findTestObject("object_reservations/i_Day_fa fa-circle-o ng-scope"))

2019-12-12 05:23:13 - [MESSAGE][NOT_RUN] - NOT_RUN: click(findTestObject("object_reservations/i_Day_fa fa-circle-o ng-scope"))

2019-12-12 05:23:13 - [TEST_STEP][PASSED] - if (flagBoar == "1" || flagBoar == "2"): null

2019-12-12 05:23:13 - [TEST_STEP][PASSED] - click(findTestObject("object_reservation/btn_next2")): Object: 'Object Repository/object_reservation/btn_next2' is clicked on

2019-12-12 05:23:17 - [MESSAGE][PASSED] - Object: 'Object Repository/object_reservation/btn_next2' is clicked on

2019-12-12 05:23:17 - [TEST_STEP][PASSED] - delay(3): Delayed 3 second(s)

2019-12-12 05:23:20 - [MESSAGE][PASSED] - Delayed 3 second(s)

2019-12-12 05:23:20 - [TEST_STEP][PASSED] - if (flagBoar == "1"): null

2019-12-12 05:23:20 - [TEST_STEP][PASSED] - delay(2): Delayed 2 second(s)

2019-12-12 05:23:22 - [MESSAGE][PASSED] - Delayed 2 second(s)

2019-12-12 05:23:22 - [TEST_STEP][PASSED] - click(findTestObject("object_reservation/btn_next2")): Object: 'Object Repository/object_reservation/btn_next2' is clicked on

2019-12-12 05:23:22 - [MESSAGE][PASSED] - Object: 'Object Repository/object_reservation/btn_next2' is clicked on

2019-12-12 05:23:22 - [TEST_STEP][PASSED] - click(findTestObject("object_reservation/button_Submit Reservation")): Object: 'Object Repository/object_reservation/button_Submit Reservation' is clicked on

2019-12-12 05:23:25 - [MESSAGE][PASSED] - Object: 'Object Repository/object_reservation/button_Submit Reservation' is clicked on

2019-12-12 05:23:25 - [TEST_STEP][PASSED] - delay(2): Delayed 2 second(s)

2019-12-12 05:23:27 - [MESSAGE][PASSED] - Delayed 2 second(s)

2019-12-12 05:23:27 - [TEST_STEP][PASSED] - click(findTestObject("object_reservation/button_Return To Reservation")): Object: 'Object Repository/object_reservation/button_Return To Reservation' is clicked on

2019-12-12 05:23:29 - [MESSAGE][PASSED] - Object: 'Object Repository/object_reservation/button_Return To Reservation' is clicked on

2019-12-12 05:23:29 - [TEST_STEP][PASSED] - delay(4): Delayed 4 second(s)

2019-12-12 05:23:33 - [MESSAGE][PASSED] - Delayed 4 second(s)]]></system-out>
         <system-err><![CDATA[]]></system-err>
      </testcase>
      <system-out><![CDATA[2019-12-12 05:20:24 - [TEST_SUITE][PASSED] - ts_newReservationSpaservice: Test Cases/p4p_newReservation]]></system-out>
      <system-err><![CDATA[]]></system-err>
   </testsuite>
</testsuites>
