<?xml version="1.0" encoding="UTF-8"?>
<testsuites name="ts_cancelReservation" time="1352.016" tests="18" failures="6" errors="0">
   <testsuite name="ts_cancelReservation" tests="18" failures="6" errors="0" time="1352.016" timestamp="2019-12-16 06:08:14" hostname="leonardo-arkusmty - leonardoarkusmty-Inspiron-5577" id="Test Suites/ts_cancelReservation">
      <properties>
         <property name="deviceName" value=""/>
         <property name="devicePlatform" value=""/>
         <property name="logFolder" value="/home/leonardo-arkusmty/Documents/workspaceKatalon/p4ptest/Reports/20191216_060812/ts_cancelReservation/20191216_060812"/>
         <property name="logFiles" value="/home/leonardo-arkusmty/Documents/workspaceKatalon/p4ptest/Reports/20191216_060812/ts_cancelReservation/20191216_060812/execution0.log"/>
         <property name="attachments" value="/home/leonardo-arkusmty/Documents/workspaceKatalon/p4ptest/Reports/20191216_060812/ts_cancelReservation/20191216_060812/1576499113122.png, /home/leonardo-arkusmty/Documents/workspaceKatalon/p4ptest/Reports/20191216_060812/ts_cancelReservation/20191216_060812/1576499190471.png, /home/leonardo-arkusmty/Documents/workspaceKatalon/p4ptest/Reports/20191216_060812/ts_cancelReservation/20191216_060812/1576499248093.png, /home/leonardo-arkusmty/Documents/workspaceKatalon/p4ptest/Reports/20191216_060812/ts_cancelReservation/20191216_060812/1576499310086.png, /home/leonardo-arkusmty/Documents/workspaceKatalon/p4ptest/Reports/20191216_060812/ts_cancelReservation/20191216_060812/1576499373598.png, /home/leonardo-arkusmty/Documents/workspaceKatalon/p4ptest/Reports/20191216_060812/ts_cancelReservation/20191216_060812/1576499445325.png"/>
         <property name="hostName" value="leonardo-arkusmty - leonardoarkusmty-Inspiron-5577"/>
         <property name="os" value="Linux 64bit"/>
         <property name="katalonVersion" value="7.0.8.1"/>
         <property name="browser" value="Firefox 71.0"/>
         <property name="hostAddress" value="127.0.1.1"/>
         <property name="sessionId" value="9d655a68-f726-4bca-9e6e-b20717df5b30"/>
         <property name="seleniumVersion" value="3.141.59"/>
         <property name="proxyInformation" value="ProxyInformation{proxyOption=NO_PROXY, proxyServerType=HTTP, password=, proxyServerAddress=, proxyServerPort=0}"/>
         <property name="platform" value="Linux"/>
      </properties>
      <testcase name="Test Cases/p4p_cancelReserEdit" time="62.311" classname="Test Cases/p4p_cancelReserEdit" status="PASSED">
         <system-out><![CDATA[2019-12-16 06:08:14 - [TEST_CASE][PASSED] - Test Cases/p4p_cancelReserEdit: Test Cases/p4p_cancelReserEdit

2019-12-16 06:08:14 - [TEST_STEP][PASSED] - openBrowser("https://p4p-qa-bg.aws.paradise4paws.com/login/"): Browser is opened with url: 'https://p4p-qa-bg.aws.paradise4paws.com/login/'

2019-12-16 06:08:14 - [MESSAGE][INFO] - Starting 'Firefox' driver

2019-12-16 06:08:14 - [MESSAGE][INFO] - Action delay is set to 0 seconds

2019-12-16 06:08:18 - [MESSAGE][PASSED] - Browser is opened with url: 'https://p4p-qa-bg.aws.paradise4paws.com/login/'

2019-12-16 06:08:18 - [TEST_STEP][PASSED] - setText(findTestObject("Object Repository/object_login/input_user"), var_user): Text 'jegchavez@gmail.com' is set on object 'Object Repository/object_login/input_user'

2019-12-16 06:08:19 - [MESSAGE][PASSED] - Text 'jegchavez@gmail.com' is set on object 'Object Repository/object_login/input_user'

2019-12-16 06:08:19 - [TEST_STEP][PASSED] - setText(findTestObject("Object Repository/object_login/input_pass"), var_pass): Text 'admin1' is set on object 'Object Repository/object_login/input_pass'

2019-12-16 06:08:20 - [MESSAGE][PASSED] - Text 'admin1' is set on object 'Object Repository/object_login/input_pass'

2019-12-16 06:08:20 - [TEST_STEP][PASSED] - delay(2): Delayed 2 second(s)

2019-12-16 06:08:22 - [MESSAGE][PASSED] - Delayed 2 second(s)

2019-12-16 06:08:22 - [TEST_STEP][PASSED] - verifyElementClickable(findTestObject("Object Repository/object_login/btn_login")): Object 'Object Repository/object_login/btn_login' is clickable

2019-12-16 06:08:22 - [MESSAGE][PASSED] - Object 'Object Repository/object_login/btn_login' is clickable

2019-12-16 06:08:22 - [TEST_STEP][PASSED] - click(findTestObject("Object Repository/object_login/btn_login")): Object: 'Object Repository/object_login/btn_login' is clicked on

2019-12-16 06:08:25 - [MESSAGE][PASSED] - Object: 'Object Repository/object_login/btn_login' is clicked on

2019-12-16 06:08:25 - [TEST_STEP][PASSED] - delay(2): Delayed 2 second(s)

2019-12-16 06:08:27 - [MESSAGE][PASSED] - Delayed 2 second(s)

2019-12-16 06:08:27 - [TEST_STEP][PASSED] - setText(findTestObject("Object Repository/object_dashboard_emp/input_search"), var_mailParent): Text 'leongarzagarza@hotmail.com' is set on object 'Object Repository/object_dashboard_emp/input_search'

2019-12-16 06:08:27 - [MESSAGE][PASSED] - Text 'leongarzagarza@hotmail.com' is set on object 'Object Repository/object_dashboard_emp/input_search'

2019-12-16 06:08:27 - [TEST_STEP][PASSED] - click(findTestObject("Object Repository/object_dashboard_emp/btn_accountSearch")): Object: 'Object Repository/object_dashboard_emp/btn_accountSearch' is clicked on

2019-12-16 06:08:28 - [MESSAGE][PASSED] - Object: 'Object Repository/object_dashboard_emp/btn_accountSearch' is clicked on

2019-12-16 06:08:28 - [TEST_STEP][PASSED] - delay(2): Delayed 2 second(s)

2019-12-16 06:08:30 - [MESSAGE][PASSED] - Delayed 2 second(s)

2019-12-16 06:08:30 - [TEST_STEP][PASSED] - click(findTestObject("object_accountInformation/a_TEST GABRIEL PROD")): Object: 'Object Repository/object_accountInformation/a_TEST GABRIEL PROD' is clicked on

2019-12-16 06:08:34 - [MESSAGE][PASSED] - Object: 'Object Repository/object_accountInformation/a_TEST GABRIEL PROD' is clicked on

2019-12-16 06:08:34 - [TEST_STEP][PASSED] - delay(1): Delayed 1 second(s)

2019-12-16 06:08:35 - [MESSAGE][PASSED] - Delayed 1 second(s)

2019-12-16 06:08:35 - [TEST_STEP][PASSED] - a = var_url1 + var_idReservation + var_url2 + var_idParent: null

2019-12-16 06:08:35 - [TEST_STEP][PASSED] - delay(4): Delayed 4 second(s)

2019-12-16 06:08:39 - [MESSAGE][PASSED] - Delayed 4 second(s)

2019-12-16 06:08:39 - [TEST_STEP][PASSED] - log = new com.kms.katalon.core.logging.KeywordLogger(): null

2019-12-16 06:08:39 - [TEST_STEP][PASSED] - log.logInfo("URL: " + a): URL: https://p4p-qa-bg.aws.paradise4paws.com/frontdesk/reservation/
1702510/?parent_id=122350

2019-12-16 06:08:39 - [MESSAGE][INFO] - URL: https://p4p-qa-bg.aws.paradise4paws.com/frontdesk/reservation/
1702510/?parent_id=122350

2019-12-16 06:08:39 - [TEST_STEP][PASSED] - navigateToUrl(a): Navigate to 'https://p4p-qa-bg.aws.paradise4paws.com/frontdesk/reservation/
1702510/?parent_id=122350' successfully

2019-12-16 06:08:41 - [MESSAGE][PASSED] - Navigate to 'https://p4p-qa-bg.aws.paradise4paws.com/frontdesk/reservation/
1702510/?parent_id=122350' successfully

2019-12-16 06:08:41 - [TEST_STEP][PASSED] - delay(3): Delayed 3 second(s)

2019-12-16 06:08:44 - [MESSAGE][PASSED] - Delayed 3 second(s)

2019-12-16 06:08:44 - [TEST_STEP][PASSED] - click(findTestObject("object_reservation/button_Next")): Object: 'Object Repository/object_reservation/button_Next' is clicked on

2019-12-16 06:08:46 - [MESSAGE][PASSED] - Object: 'Object Repository/object_reservation/button_Next' is clicked on

2019-12-16 06:08:46 - [TEST_STEP][PASSED] - delay(3): Delayed 3 second(s)

2019-12-16 06:08:49 - [MESSAGE][PASSED] - Delayed 3 second(s)

2019-12-16 06:08:49 - [TEST_STEP][PASSED] - delay(2): Delayed 2 second(s)

2019-12-16 06:08:51 - [MESSAGE][PASSED] - Delayed 2 second(s)

2019-12-16 06:08:51 - [TEST_STEP][PASSED] - delay(2): Delayed 2 second(s)

2019-12-16 06:08:53 - [MESSAGE][PASSED] - Delayed 2 second(s)

2019-12-16 06:08:53 - [TEST_STEP][PASSED] - if (var_typeReserv == "BOARDING"): null

2019-12-16 06:08:53 - [TEST_STEP][PASSED] - click(findTestObject("object_reservation/button_Next")): Object: 'Object Repository/object_reservation/button_Next' is clicked on

2019-12-16 06:08:53 - [MESSAGE][PASSED] - Object: 'Object Repository/object_reservation/button_Next' is clicked on

2019-12-16 06:08:53 - [TEST_STEP][PASSED] - click(findTestObject("object_reservation/btn_cancelReservation")): Object: 'Object Repository/object_reservation/btn_cancelReservation' is clicked on

2019-12-16 06:08:56 - [MESSAGE][PASSED] - Object: 'Object Repository/object_reservation/btn_cancelReservation' is clicked on

2019-12-16 06:08:56 - [TEST_STEP][PASSED] - delay(4): Delayed 4 second(s)

2019-12-16 06:09:00 - [MESSAGE][PASSED] - Delayed 4 second(s)

2019-12-16 06:09:00 - [TEST_STEP][PASSED] - click(findTestObject("Object Repository/object_reservation/Page_Paradise 4 Paws  Dog Boarding Cat Boar_145431/button_Cancel This Reservation")): Object: 'Object Repository/object_reservation/Page_Paradise 4 Paws  Dog Boarding Cat Boar_145431/button_Cancel This Reservation' is clicked on

2019-12-16 06:09:00 - [MESSAGE][PASSED] - Object: 'Object Repository/object_reservation/Page_Paradise 4 Paws  Dog Boarding Cat Boar_145431/button_Cancel This Reservation' is clicked on

2019-12-16 06:09:00 - [TEST_STEP][PASSED] - delay(4): Delayed 4 second(s)

2019-12-16 06:09:04 - [MESSAGE][PASSED] - Delayed 4 second(s)

2019-12-16 06:09:04 - [TEST_STEP][PASSED] - navigateToUrl(a): Navigate to 'https://p4p-qa-bg.aws.paradise4paws.com/frontdesk/reservation/
1702510/?parent_id=122350' successfully

2019-12-16 06:09:05 - [MESSAGE][PASSED] - Navigate to 'https://p4p-qa-bg.aws.paradise4paws.com/frontdesk/reservation/
1702510/?parent_id=122350' successfully

2019-12-16 06:09:05 - [TEST_STEP][PASSED] - verifyElementText(findTestObject("Object Repository/object_reservation/Page_Paradise 4 Paws  Dog Boarding Cat Boar_35fe2b/span_( BK )"), "( CAN )", STOP_ON_FAILURE): Actual text and expected text of test object 'Object Repository/object_reservation/Page_Paradise 4 Paws  Dog Boarding Cat Boar_35fe2b/span_( BK )' are matched.

2019-12-16 06:09:10 - [MESSAGE][PASSED] - Actual text and expected text of test object 'Object Repository/object_reservation/Page_Paradise 4 Paws  Dog Boarding Cat Boar_35fe2b/span_( BK )' are matched.

2019-12-16 06:09:10 - [TEST_STEP][PASSED] - log.logInfo(getText(findTestObject("Object Repository/object_reservation/Page_Paradise 4 Paws  Dog Boarding Cat Boar_35fe2b/span_( BK )"))): ( CAN )

2019-12-16 06:09:10 - [MESSAGE][PASSED] - Text of object 'Object Repository/object_reservation/Page_Paradise 4 Paws  Dog Boarding Cat Boar_35fe2b/span_( BK )' is: '( CAN )'

2019-12-16 06:09:10 - [MESSAGE][INFO] - ( CAN )

2019-12-16 06:09:10 - [TEST_STEP][PASSED] - delay(5): Delayed 5 second(s)

2019-12-16 06:09:15 - [MESSAGE][PASSED] - Delayed 5 second(s)

2019-12-16 06:09:15 - [TEST_STEP][PASSED] - var = Integer.parseInt(var_idRowRes): null

2019-12-16 06:09:15 - [TEST_STEP][PASSED] - fis = new java.io.FileInputStream(/home/leonardo-arkusmty/Desktop/P4P/DATA_AUTOMATINTESTING/data_2cancelReservation.xlsx): null

2019-12-16 06:09:15 - [TEST_STEP][PASSED] - workbook = new org.apache.poi.xssf.usermodel.XSSFWorkbook(fis): null

2019-12-16 06:09:16 - [TEST_STEP][PASSED] - sheet = workbook.getSheet("Sheet1"): null

2019-12-16 06:09:16 - [TEST_STEP][PASSED] - row = sheet.getRow(var): null

2019-12-16 06:09:16 - [TEST_STEP][PASSED] - cell = row.createCell(9, 0): null

2019-12-16 06:09:16 - [TEST_STEP][PASSED] - cell.setCellType(CELL_TYPE_STRING): null

2019-12-16 06:09:16 - [TEST_STEP][PASSED] - cell.setCellValue(getText(findTestObject("Object Repository/object_reservation/Page_Paradise 4 Paws  Dog Boarding Cat Boar_35fe2b/span_( BK )"))): Text of object 'Object Repository/object_reservation/Page_Paradise 4 Paws  Dog Boarding Cat Boar_35fe2b/span_( BK )' is: '( CAN )'

2019-12-16 06:09:16 - [MESSAGE][PASSED] - Text of object 'Object Repository/object_reservation/Page_Paradise 4 Paws  Dog Boarding Cat Boar_35fe2b/span_( BK )' is: '( CAN )'

2019-12-16 06:09:16 - [TEST_STEP][PASSED] - fos = new java.io.FileOutputStream(/home/leonardo-arkusmty/Desktop/P4P/DATA_AUTOMATINTESTING/data_2cancelReservation.xlsx): null

2019-12-16 06:09:16 - [TEST_STEP][PASSED] - workbook.write(fos): null

2019-12-16 06:09:16 - [TEST_STEP][PASSED] - fos.close(): null]]></system-out>
         <system-err><![CDATA[]]></system-err>
      </testcase>
      <testcase name="Test Cases/p4p_cancelReserEdit" time="102.456" classname="Test Cases/p4p_cancelReserEdit" status="PASSED">
         <system-out><![CDATA[2019-12-16 06:09:16 - [TEST_CASE][PASSED] - Test Cases/p4p_cancelReserEdit: Test Cases/p4p_cancelReserEdit

2019-12-16 06:09:16 - [TEST_STEP][PASSED] - openBrowser("https://p4p-qa-bg.aws.paradise4paws.com/login/"): Browser is opened with url: 'https://p4p-qa-bg.aws.paradise4paws.com/login/'

2019-12-16 06:09:16 - [MESSAGE][WARNING] - A browser is already opened. Closing browser and opening a new one

2019-12-16 06:09:17 - [MESSAGE][INFO] - Starting 'Firefox' driver

2019-12-16 06:09:20 - [MESSAGE][PASSED] - Browser is opened with url: 'https://p4p-qa-bg.aws.paradise4paws.com/login/'

2019-12-16 06:09:20 - [TEST_STEP][PASSED] - setText(findTestObject("Object Repository/object_login/input_user"), var_user): Text 'jegchavez@gmail.com' is set on object 'Object Repository/object_login/input_user'

2019-12-16 06:09:21 - [MESSAGE][PASSED] - Text 'jegchavez@gmail.com' is set on object 'Object Repository/object_login/input_user'

2019-12-16 06:09:21 - [TEST_STEP][PASSED] - setText(findTestObject("Object Repository/object_login/input_pass"), var_pass): Text 'admin1' is set on object 'Object Repository/object_login/input_pass'

2019-12-16 06:09:21 - [MESSAGE][PASSED] - Text 'admin1' is set on object 'Object Repository/object_login/input_pass'

2019-12-16 06:09:21 - [TEST_STEP][PASSED] - delay(2): Delayed 2 second(s)

2019-12-16 06:09:23 - [MESSAGE][PASSED] - Delayed 2 second(s)

2019-12-16 06:09:23 - [TEST_STEP][PASSED] - verifyElementClickable(findTestObject("Object Repository/object_login/btn_login")): Object 'Object Repository/object_login/btn_login' is clickable

2019-12-16 06:09:24 - [MESSAGE][PASSED] - Object 'Object Repository/object_login/btn_login' is clickable

2019-12-16 06:09:24 - [TEST_STEP][PASSED] - click(findTestObject("Object Repository/object_login/btn_login")): Object: 'Object Repository/object_login/btn_login' is clicked on

2019-12-16 06:09:26 - [MESSAGE][PASSED] - Object: 'Object Repository/object_login/btn_login' is clicked on

2019-12-16 06:09:26 - [TEST_STEP][PASSED] - delay(2): Delayed 2 second(s)

2019-12-16 06:09:28 - [MESSAGE][PASSED] - Delayed 2 second(s)

2019-12-16 06:09:28 - [TEST_STEP][PASSED] - setText(findTestObject("Object Repository/object_dashboard_emp/input_search"), var_mailParent): Text 'leongarzagarza@hotmail.com' is set on object 'Object Repository/object_dashboard_emp/input_search'

2019-12-16 06:09:29 - [MESSAGE][PASSED] - Text 'leongarzagarza@hotmail.com' is set on object 'Object Repository/object_dashboard_emp/input_search'

2019-12-16 06:09:29 - [TEST_STEP][PASSED] - click(findTestObject("Object Repository/object_dashboard_emp/btn_accountSearch")): Object: 'Object Repository/object_dashboard_emp/btn_accountSearch' is clicked on

2019-12-16 06:09:30 - [MESSAGE][PASSED] - Object: 'Object Repository/object_dashboard_emp/btn_accountSearch' is clicked on

2019-12-16 06:09:30 - [TEST_STEP][PASSED] - delay(2): Delayed 2 second(s)

2019-12-16 06:09:32 - [MESSAGE][PASSED] - Delayed 2 second(s)

2019-12-16 06:09:32 - [TEST_STEP][PASSED] - click(findTestObject("object_accountInformation/a_TEST GABRIEL PROD")): Object: 'Object Repository/object_accountInformation/a_TEST GABRIEL PROD' is clicked on

2019-12-16 06:09:35 - [MESSAGE][PASSED] - Object: 'Object Repository/object_accountInformation/a_TEST GABRIEL PROD' is clicked on

2019-12-16 06:09:35 - [TEST_STEP][PASSED] - delay(1): Delayed 1 second(s)

2019-12-16 06:09:36 - [MESSAGE][PASSED] - Delayed 1 second(s)

2019-12-16 06:09:36 - [TEST_STEP][PASSED] - a = var_url1 + var_idReservation + var_url2 + var_idParent: null

2019-12-16 06:09:36 - [TEST_STEP][PASSED] - delay(4): Delayed 4 second(s)

2019-12-16 06:09:40 - [MESSAGE][PASSED] - Delayed 4 second(s)

2019-12-16 06:09:40 - [TEST_STEP][PASSED] - log = new com.kms.katalon.core.logging.KeywordLogger(): null

2019-12-16 06:09:40 - [TEST_STEP][PASSED] - log.logInfo("URL: " + a): URL: https://p4p-qa-bg.aws.paradise4paws.com/frontdesk/reservation/
1702502/?parent_id=122350

2019-12-16 06:09:40 - [MESSAGE][INFO] - URL: https://p4p-qa-bg.aws.paradise4paws.com/frontdesk/reservation/
1702502/?parent_id=122350

2019-12-16 06:09:40 - [TEST_STEP][PASSED] - navigateToUrl(a): Navigate to 'https://p4p-qa-bg.aws.paradise4paws.com/frontdesk/reservation/
1702502/?parent_id=122350' successfully

2019-12-16 06:09:42 - [MESSAGE][PASSED] - Navigate to 'https://p4p-qa-bg.aws.paradise4paws.com/frontdesk/reservation/
1702502/?parent_id=122350' successfully

2019-12-16 06:09:42 - [TEST_STEP][PASSED] - delay(3): Delayed 3 second(s)

2019-12-16 06:09:45 - [MESSAGE][PASSED] - Delayed 3 second(s)

2019-12-16 06:09:45 - [TEST_STEP][PASSED] - click(findTestObject("object_reservation/button_Next")): Object: 'Object Repository/object_reservation/button_Next' is clicked on

2019-12-16 06:09:51 - [MESSAGE][PASSED] - Object: 'Object Repository/object_reservation/button_Next' is clicked on

2019-12-16 06:09:51 - [TEST_STEP][PASSED] - delay(3): Delayed 3 second(s)

2019-12-16 06:09:54 - [MESSAGE][PASSED] - Delayed 3 second(s)

2019-12-16 06:09:54 - [TEST_STEP][PASSED] - delay(2): Delayed 2 second(s)

2019-12-16 06:09:56 - [MESSAGE][PASSED] - Delayed 2 second(s)

2019-12-16 06:09:56 - [TEST_STEP][PASSED] - delay(2): Delayed 2 second(s)

2019-12-16 06:09:58 - [MESSAGE][PASSED] - Delayed 2 second(s)

2019-12-16 06:09:58 - [TEST_STEP][PASSED] - if (var_typeReserv == "BOARDING"): Object: 'Object Repository/object_reservation/button_Next' is clicked on

2019-12-16 06:09:58 - [TEST_STEP][PASSED] - click(findTestObject("Object Repository/object_reservation/button_DeclineThisPromo")): Object: 'Object Repository/object_reservation/button_DeclineThisPromo' is clicked on

2019-12-16 06:09:59 - [MESSAGE][PASSED] - Object: 'Object Repository/object_reservation/button_DeclineThisPromo' is clicked on

2019-12-16 06:09:59 - [TEST_STEP][PASSED] - click(findTestObject("object_reservation/button_Next")): Object: 'Object Repository/object_reservation/button_Next' is clicked on

2019-12-16 06:10:00 - [MESSAGE][PASSED] - Object: 'Object Repository/object_reservation/button_Next' is clicked on

2019-12-16 06:10:00 - [TEST_STEP][PASSED] - click(findTestObject("object_reservation/button_Next")): Object: 'Object Repository/object_reservation/button_Next' is clicked on

2019-12-16 06:10:02 - [MESSAGE][PASSED] - Object: 'Object Repository/object_reservation/button_Next' is clicked on

2019-12-16 06:10:02 - [TEST_STEP][PASSED] - click(findTestObject("object_reservation/btn_cancelReservation")): Object: 'Object Repository/object_reservation/btn_cancelReservation' is clicked on

2019-12-16 06:10:03 - [MESSAGE][ERROR] - TypeError: rect is undefined
Build info: version: '3.141.59', revision: 'e82be7d358', time: '2018-11-14T08:25:53'
System info: host: 'leonardoarkusmty-Inspiron-5577', ip: '127.0.1.1', os.name: 'Linux', os.arch: 'amd64', os.version: '4.15.0-72-generic', java.version: '1.8.0_222'
Driver info: com.kms.katalon.core.webui.driver.firefox.CGeckoDriver
Capabilities {acceptInsecureCerts: true, browserName: firefox, browserVersion: 70.0.1, javascriptEnabled: true, moz:accessibilityChecks: false, moz:buildID: 20191031062442, moz:geckodriverVersion: 0.23.0, moz:headless: false, moz:processID: 8738, moz:profile: /tmp/rust_mozprofile.VOnjxJ..., moz:shutdownTimeout: 60000, moz:useNonSpecCompliantPointerOrigin: false, moz:webdriverClick: true, pageLoadStrategy: normal, platform: LINUX, platformName: LINUX, platformVersion: 4.15.0-72-generic, proxy: Proxy(direct), rotatable: false, setWindowRect: true, strictFileInteractability: false, timeouts: {implicit: 0, pageLoad: 300000, script: 30000}, unhandledPromptBehavior: dismiss and notify}
Session ID: aae7500e-89d5-4682-a633-12204a9e1f2e

2019-12-16 06:10:33 - [MESSAGE][ERROR] - TypeError: rect is undefined
Build info: version: '3.141.59', revision: 'e82be7d358', time: '2018-11-14T08:25:53'
System info: host: 'leonardoarkusmty-Inspiron-5577', ip: '127.0.1.1', os.name: 'Linux', os.arch: 'amd64', os.version: '4.15.0-72-generic', java.version: '1.8.0_222'
Driver info: com.kms.katalon.core.webui.driver.firefox.CGeckoDriver
Capabilities {acceptInsecureCerts: true, browserName: firefox, browserVersion: 70.0.1, javascriptEnabled: true, moz:accessibilityChecks: false, moz:buildID: 20191031062442, moz:geckodriverVersion: 0.23.0, moz:headless: false, moz:processID: 8738, moz:profile: /tmp/rust_mozprofile.VOnjxJ..., moz:shutdownTimeout: 60000, moz:useNonSpecCompliantPointerOrigin: false, moz:webdriverClick: true, pageLoadStrategy: normal, platform: LINUX, platformName: LINUX, platformVersion: 4.15.0-72-generic, proxy: Proxy(direct), rotatable: false, setWindowRect: true, strictFileInteractability: false, timeouts: {implicit: 0, pageLoad: 300000, script: 30000}, unhandledPromptBehavior: dismiss and notify}
Session ID: aae7500e-89d5-4682-a633-12204a9e1f2e

2019-12-16 06:10:33 - [MESSAGE][PASSED] - Object: 'Object Repository/object_reservation/btn_cancelReservation' is clicked on

2019-12-16 06:10:33 - [TEST_STEP][PASSED] - delay(4): Delayed 4 second(s)

2019-12-16 06:10:37 - [MESSAGE][PASSED] - Delayed 4 second(s)

2019-12-16 06:10:37 - [TEST_STEP][PASSED] - click(findTestObject("Object Repository/object_reservation/Page_Paradise 4 Paws  Dog Boarding Cat Boar_145431/button_Cancel This Reservation")): Object: 'Object Repository/object_reservation/Page_Paradise 4 Paws  Dog Boarding Cat Boar_145431/button_Cancel This Reservation' is clicked on

2019-12-16 06:10:37 - [MESSAGE][PASSED] - Object: 'Object Repository/object_reservation/Page_Paradise 4 Paws  Dog Boarding Cat Boar_145431/button_Cancel This Reservation' is clicked on

2019-12-16 06:10:37 - [TEST_STEP][PASSED] - delay(4): Delayed 4 second(s)

2019-12-16 06:10:41 - [MESSAGE][PASSED] - Delayed 4 second(s)

2019-12-16 06:10:41 - [TEST_STEP][PASSED] - navigateToUrl(a): Navigate to 'https://p4p-qa-bg.aws.paradise4paws.com/frontdesk/reservation/
1702502/?parent_id=122350' successfully

2019-12-16 06:10:43 - [MESSAGE][PASSED] - Navigate to 'https://p4p-qa-bg.aws.paradise4paws.com/frontdesk/reservation/
1702502/?parent_id=122350' successfully

2019-12-16 06:10:43 - [TEST_STEP][PASSED] - verifyElementText(findTestObject("Object Repository/object_reservation/Page_Paradise 4 Paws  Dog Boarding Cat Boar_35fe2b/span_( BK )"), "( CAN )", STOP_ON_FAILURE): Actual text and expected text of test object 'Object Repository/object_reservation/Page_Paradise 4 Paws  Dog Boarding Cat Boar_35fe2b/span_( BK )' are matched.

2019-12-16 06:10:53 - [MESSAGE][PASSED] - Actual text and expected text of test object 'Object Repository/object_reservation/Page_Paradise 4 Paws  Dog Boarding Cat Boar_35fe2b/span_( BK )' are matched.

2019-12-16 06:10:53 - [TEST_STEP][PASSED] - log.logInfo(getText(findTestObject("Object Repository/object_reservation/Page_Paradise 4 Paws  Dog Boarding Cat Boar_35fe2b/span_( BK )"))): ( CAN )

2019-12-16 06:10:53 - [MESSAGE][PASSED] - Text of object 'Object Repository/object_reservation/Page_Paradise 4 Paws  Dog Boarding Cat Boar_35fe2b/span_( BK )' is: '( CAN )'

2019-12-16 06:10:53 - [MESSAGE][INFO] - ( CAN )

2019-12-16 06:10:53 - [TEST_STEP][PASSED] - delay(5): Delayed 5 second(s)

2019-12-16 06:10:58 - [MESSAGE][PASSED] - Delayed 5 second(s)

2019-12-16 06:10:58 - [TEST_STEP][PASSED] - var = Integer.parseInt(var_idRowRes): null

2019-12-16 06:10:58 - [TEST_STEP][PASSED] - fis = new java.io.FileInputStream(/home/leonardo-arkusmty/Desktop/P4P/DATA_AUTOMATINTESTING/data_2cancelReservation.xlsx): null

2019-12-16 06:10:58 - [TEST_STEP][PASSED] - workbook = new org.apache.poi.xssf.usermodel.XSSFWorkbook(fis): null

2019-12-16 06:10:58 - [TEST_STEP][PASSED] - sheet = workbook.getSheet("Sheet1"): null

2019-12-16 06:10:58 - [TEST_STEP][PASSED] - row = sheet.getRow(var): null

2019-12-16 06:10:58 - [TEST_STEP][PASSED] - cell = row.createCell(9, 0): null

2019-12-16 06:10:58 - [TEST_STEP][PASSED] - cell.setCellType(CELL_TYPE_STRING): null

2019-12-16 06:10:58 - [TEST_STEP][PASSED] - cell.setCellValue(getText(findTestObject("Object Repository/object_reservation/Page_Paradise 4 Paws  Dog Boarding Cat Boar_35fe2b/span_( BK )"))): Text of object 'Object Repository/object_reservation/Page_Paradise 4 Paws  Dog Boarding Cat Boar_35fe2b/span_( BK )' is: '( CAN )'

2019-12-16 06:10:59 - [MESSAGE][PASSED] - Text of object 'Object Repository/object_reservation/Page_Paradise 4 Paws  Dog Boarding Cat Boar_35fe2b/span_( BK )' is: '( CAN )'

2019-12-16 06:10:59 - [TEST_STEP][PASSED] - fos = new java.io.FileOutputStream(/home/leonardo-arkusmty/Desktop/P4P/DATA_AUTOMATINTESTING/data_2cancelReservation.xlsx): null

2019-12-16 06:10:59 - [TEST_STEP][PASSED] - workbook.write(fos): null

2019-12-16 06:10:59 - [TEST_STEP][PASSED] - fos.close(): null]]></system-out>
         <system-err><![CDATA[]]></system-err>
      </testcase>
      <testcase name="Test Cases/p4p_cancelReserEdit" time="101.659" classname="Test Cases/p4p_cancelReserEdit" status="PASSED">
         <system-out><![CDATA[2019-12-16 06:10:59 - [TEST_CASE][PASSED] - Test Cases/p4p_cancelReserEdit: Test Cases/p4p_cancelReserEdit

2019-12-16 06:10:59 - [TEST_STEP][PASSED] - openBrowser("https://p4p-qa-bg.aws.paradise4paws.com/login/"): Browser is opened with url: 'https://p4p-qa-bg.aws.paradise4paws.com/login/'

2019-12-16 06:10:59 - [MESSAGE][WARNING] - A browser is already opened. Closing browser and opening a new one

2019-12-16 06:10:59 - [MESSAGE][INFO] - Starting 'Firefox' driver

2019-12-16 06:11:03 - [MESSAGE][PASSED] - Browser is opened with url: 'https://p4p-qa-bg.aws.paradise4paws.com/login/'

2019-12-16 06:11:03 - [TEST_STEP][PASSED] - setText(findTestObject("Object Repository/object_login/input_user"), var_user): Text 'jegchavez@gmail.com' is set on object 'Object Repository/object_login/input_user'

2019-12-16 06:11:03 - [MESSAGE][PASSED] - Text 'jegchavez@gmail.com' is set on object 'Object Repository/object_login/input_user'

2019-12-16 06:11:03 - [TEST_STEP][PASSED] - setText(findTestObject("Object Repository/object_login/input_pass"), var_pass): Text 'admin1' is set on object 'Object Repository/object_login/input_pass'

2019-12-16 06:11:04 - [MESSAGE][PASSED] - Text 'admin1' is set on object 'Object Repository/object_login/input_pass'

2019-12-16 06:11:04 - [TEST_STEP][PASSED] - delay(2): Delayed 2 second(s)

2019-12-16 06:11:06 - [MESSAGE][PASSED] - Delayed 2 second(s)

2019-12-16 06:11:06 - [TEST_STEP][PASSED] - verifyElementClickable(findTestObject("Object Repository/object_login/btn_login")): Object 'Object Repository/object_login/btn_login' is clickable

2019-12-16 06:11:06 - [MESSAGE][PASSED] - Object 'Object Repository/object_login/btn_login' is clickable

2019-12-16 06:11:06 - [TEST_STEP][PASSED] - click(findTestObject("Object Repository/object_login/btn_login")): Object: 'Object Repository/object_login/btn_login' is clicked on

2019-12-16 06:11:09 - [MESSAGE][PASSED] - Object: 'Object Repository/object_login/btn_login' is clicked on

2019-12-16 06:11:09 - [TEST_STEP][PASSED] - delay(2): Delayed 2 second(s)

2019-12-16 06:11:11 - [MESSAGE][PASSED] - Delayed 2 second(s)

2019-12-16 06:11:11 - [TEST_STEP][PASSED] - setText(findTestObject("Object Repository/object_dashboard_emp/input_search"), var_mailParent): Text 'leongarzagarza@hotmail.com' is set on object 'Object Repository/object_dashboard_emp/input_search'

2019-12-16 06:11:11 - [MESSAGE][PASSED] - Text 'leongarzagarza@hotmail.com' is set on object 'Object Repository/object_dashboard_emp/input_search'

2019-12-16 06:11:11 - [TEST_STEP][PASSED] - click(findTestObject("Object Repository/object_dashboard_emp/btn_accountSearch")): Object: 'Object Repository/object_dashboard_emp/btn_accountSearch' is clicked on

2019-12-16 06:11:12 - [MESSAGE][PASSED] - Object: 'Object Repository/object_dashboard_emp/btn_accountSearch' is clicked on

2019-12-16 06:11:12 - [TEST_STEP][PASSED] - delay(2): Delayed 2 second(s)

2019-12-16 06:11:14 - [MESSAGE][PASSED] - Delayed 2 second(s)

2019-12-16 06:11:14 - [TEST_STEP][PASSED] - click(findTestObject("object_accountInformation/a_TEST GABRIEL PROD")): Object: 'Object Repository/object_accountInformation/a_TEST GABRIEL PROD' is clicked on

2019-12-16 06:11:18 - [MESSAGE][PASSED] - Object: 'Object Repository/object_accountInformation/a_TEST GABRIEL PROD' is clicked on

2019-12-16 06:11:18 - [TEST_STEP][PASSED] - delay(1): Delayed 1 second(s)

2019-12-16 06:11:19 - [MESSAGE][PASSED] - Delayed 1 second(s)

2019-12-16 06:11:19 - [TEST_STEP][PASSED] - a = var_url1 + var_idReservation + var_url2 + var_idParent: null

2019-12-16 06:11:19 - [TEST_STEP][PASSED] - delay(4): Delayed 4 second(s)

2019-12-16 06:11:23 - [MESSAGE][PASSED] - Delayed 4 second(s)

2019-12-16 06:11:23 - [TEST_STEP][PASSED] - log = new com.kms.katalon.core.logging.KeywordLogger(): null

2019-12-16 06:11:23 - [TEST_STEP][PASSED] - log.logInfo("URL: " + a): URL: https://p4p-qa-bg.aws.paradise4paws.com/frontdesk/reservation/
1702502/?parent_id=122350

2019-12-16 06:11:23 - [MESSAGE][INFO] - URL: https://p4p-qa-bg.aws.paradise4paws.com/frontdesk/reservation/
1702502/?parent_id=122350

2019-12-16 06:11:23 - [TEST_STEP][PASSED] - navigateToUrl(a): Navigate to 'https://p4p-qa-bg.aws.paradise4paws.com/frontdesk/reservation/
1702502/?parent_id=122350' successfully

2019-12-16 06:11:24 - [MESSAGE][PASSED] - Navigate to 'https://p4p-qa-bg.aws.paradise4paws.com/frontdesk/reservation/
1702502/?parent_id=122350' successfully

2019-12-16 06:11:24 - [TEST_STEP][PASSED] - delay(3): Delayed 3 second(s)

2019-12-16 06:11:27 - [MESSAGE][PASSED] - Delayed 3 second(s)

2019-12-16 06:11:27 - [TEST_STEP][PASSED] - click(findTestObject("object_reservation/button_Next")): Object: 'Object Repository/object_reservation/button_Next' is clicked on

2019-12-16 06:11:33 - [MESSAGE][PASSED] - Object: 'Object Repository/object_reservation/button_Next' is clicked on

2019-12-16 06:11:33 - [TEST_STEP][PASSED] - delay(3): Delayed 3 second(s)

2019-12-16 06:11:36 - [MESSAGE][PASSED] - Delayed 3 second(s)

2019-12-16 06:11:36 - [TEST_STEP][PASSED] - delay(2): Delayed 2 second(s)

2019-12-16 06:11:38 - [MESSAGE][PASSED] - Delayed 2 second(s)

2019-12-16 06:11:38 - [TEST_STEP][PASSED] - delay(2): Delayed 2 second(s)

2019-12-16 06:11:40 - [MESSAGE][PASSED] - Delayed 2 second(s)

2019-12-16 06:11:40 - [TEST_STEP][PASSED] - if (var_typeReserv == "BOARDING"): Object: 'Object Repository/object_reservation/button_Next' is clicked on

2019-12-16 06:11:40 - [TEST_STEP][PASSED] - click(findTestObject("Object Repository/object_reservation/button_DeclineThisPromo")): Object: 'Object Repository/object_reservation/button_DeclineThisPromo' is clicked on

2019-12-16 06:11:41 - [MESSAGE][PASSED] - Object: 'Object Repository/object_reservation/button_DeclineThisPromo' is clicked on

2019-12-16 06:11:41 - [TEST_STEP][PASSED] - click(findTestObject("object_reservation/button_Next")): Object: 'Object Repository/object_reservation/button_Next' is clicked on

2019-12-16 06:11:42 - [MESSAGE][PASSED] - Object: 'Object Repository/object_reservation/button_Next' is clicked on

2019-12-16 06:11:42 - [TEST_STEP][PASSED] - click(findTestObject("object_reservation/button_Next")): Object: 'Object Repository/object_reservation/button_Next' is clicked on

2019-12-16 06:11:44 - [MESSAGE][PASSED] - Object: 'Object Repository/object_reservation/button_Next' is clicked on

2019-12-16 06:11:44 - [TEST_STEP][PASSED] - click(findTestObject("object_reservation/btn_cancelReservation")): Object: 'Object Repository/object_reservation/btn_cancelReservation' is clicked on

2019-12-16 06:11:44 - [MESSAGE][ERROR] - TypeError: rect is undefined
Build info: version: '3.141.59', revision: 'e82be7d358', time: '2018-11-14T08:25:53'
System info: host: 'leonardoarkusmty-Inspiron-5577', ip: '127.0.1.1', os.name: 'Linux', os.arch: 'amd64', os.version: '4.15.0-72-generic', java.version: '1.8.0_222'
Driver info: com.kms.katalon.core.webui.driver.firefox.CGeckoDriver
Capabilities {acceptInsecureCerts: true, browserName: firefox, browserVersion: 70.0.1, javascriptEnabled: true, moz:accessibilityChecks: false, moz:buildID: 20191031062442, moz:geckodriverVersion: 0.23.0, moz:headless: false, moz:processID: 9062, moz:profile: /tmp/rust_mozprofile.HwRZxl..., moz:shutdownTimeout: 60000, moz:useNonSpecCompliantPointerOrigin: false, moz:webdriverClick: true, pageLoadStrategy: normal, platform: LINUX, platformName: LINUX, platformVersion: 4.15.0-72-generic, proxy: Proxy(direct), rotatable: false, setWindowRect: true, strictFileInteractability: false, timeouts: {implicit: 0, pageLoad: 300000, script: 30000}, unhandledPromptBehavior: dismiss and notify}
Session ID: 93f66070-19c6-463f-a016-ca3fdcd34ddb

2019-12-16 06:12:15 - [MESSAGE][ERROR] - TypeError: rect is undefined
Build info: version: '3.141.59', revision: 'e82be7d358', time: '2018-11-14T08:25:53'
System info: host: 'leonardoarkusmty-Inspiron-5577', ip: '127.0.1.1', os.name: 'Linux', os.arch: 'amd64', os.version: '4.15.0-72-generic', java.version: '1.8.0_222'
Driver info: com.kms.katalon.core.webui.driver.firefox.CGeckoDriver
Capabilities {acceptInsecureCerts: true, browserName: firefox, browserVersion: 70.0.1, javascriptEnabled: true, moz:accessibilityChecks: false, moz:buildID: 20191031062442, moz:geckodriverVersion: 0.23.0, moz:headless: false, moz:processID: 9062, moz:profile: /tmp/rust_mozprofile.HwRZxl..., moz:shutdownTimeout: 60000, moz:useNonSpecCompliantPointerOrigin: false, moz:webdriverClick: true, pageLoadStrategy: normal, platform: LINUX, platformName: LINUX, platformVersion: 4.15.0-72-generic, proxy: Proxy(direct), rotatable: false, setWindowRect: true, strictFileInteractability: false, timeouts: {implicit: 0, pageLoad: 300000, script: 30000}, unhandledPromptBehavior: dismiss and notify}
Session ID: 93f66070-19c6-463f-a016-ca3fdcd34ddb

2019-12-16 06:12:15 - [MESSAGE][PASSED] - Object: 'Object Repository/object_reservation/btn_cancelReservation' is clicked on

2019-12-16 06:12:15 - [TEST_STEP][PASSED] - delay(4): Delayed 4 second(s)

2019-12-16 06:12:19 - [MESSAGE][PASSED] - Delayed 4 second(s)

2019-12-16 06:12:19 - [TEST_STEP][PASSED] - click(findTestObject("Object Repository/object_reservation/Page_Paradise 4 Paws  Dog Boarding Cat Boar_145431/button_Cancel This Reservation")): Object: 'Object Repository/object_reservation/Page_Paradise 4 Paws  Dog Boarding Cat Boar_145431/button_Cancel This Reservation' is clicked on

2019-12-16 06:12:19 - [MESSAGE][PASSED] - Object: 'Object Repository/object_reservation/Page_Paradise 4 Paws  Dog Boarding Cat Boar_145431/button_Cancel This Reservation' is clicked on

2019-12-16 06:12:19 - [TEST_STEP][PASSED] - delay(4): Delayed 4 second(s)

2019-12-16 06:12:23 - [MESSAGE][PASSED] - Delayed 4 second(s)

2019-12-16 06:12:23 - [TEST_STEP][PASSED] - navigateToUrl(a): Navigate to 'https://p4p-qa-bg.aws.paradise4paws.com/frontdesk/reservation/
1702502/?parent_id=122350' successfully

2019-12-16 06:12:34 - [MESSAGE][PASSED] - Navigate to 'https://p4p-qa-bg.aws.paradise4paws.com/frontdesk/reservation/
1702502/?parent_id=122350' successfully

2019-12-16 06:12:34 - [TEST_STEP][PASSED] - verifyElementText(findTestObject("Object Repository/object_reservation/Page_Paradise 4 Paws  Dog Boarding Cat Boar_35fe2b/span_( BK )"), "( CAN )", STOP_ON_FAILURE): Actual text and expected text of test object 'Object Repository/object_reservation/Page_Paradise 4 Paws  Dog Boarding Cat Boar_35fe2b/span_( BK )' are matched.

2019-12-16 06:12:35 - [MESSAGE][PASSED] - Actual text and expected text of test object 'Object Repository/object_reservation/Page_Paradise 4 Paws  Dog Boarding Cat Boar_35fe2b/span_( BK )' are matched.

2019-12-16 06:12:35 - [TEST_STEP][PASSED] - log.logInfo(getText(findTestObject("Object Repository/object_reservation/Page_Paradise 4 Paws  Dog Boarding Cat Boar_35fe2b/span_( BK )"))): ( CAN )

2019-12-16 06:12:35 - [MESSAGE][PASSED] - Text of object 'Object Repository/object_reservation/Page_Paradise 4 Paws  Dog Boarding Cat Boar_35fe2b/span_( BK )' is: '( CAN )'

2019-12-16 06:12:35 - [MESSAGE][INFO] - ( CAN )

2019-12-16 06:12:35 - [TEST_STEP][PASSED] - delay(5): Delayed 5 second(s)

2019-12-16 06:12:40 - [MESSAGE][PASSED] - Delayed 5 second(s)

2019-12-16 06:12:40 - [TEST_STEP][PASSED] - var = Integer.parseInt(var_idRowRes): null

2019-12-16 06:12:40 - [TEST_STEP][PASSED] - fis = new java.io.FileInputStream(/home/leonardo-arkusmty/Desktop/P4P/DATA_AUTOMATINTESTING/data_2cancelReservation.xlsx): null

2019-12-16 06:12:40 - [TEST_STEP][PASSED] - workbook = new org.apache.poi.xssf.usermodel.XSSFWorkbook(fis): null

2019-12-16 06:12:40 - [TEST_STEP][PASSED] - sheet = workbook.getSheet("Sheet1"): null

2019-12-16 06:12:40 - [TEST_STEP][PASSED] - row = sheet.getRow(var): null

2019-12-16 06:12:40 - [TEST_STEP][PASSED] - cell = row.createCell(9, 0): null

2019-12-16 06:12:40 - [TEST_STEP][PASSED] - cell.setCellType(CELL_TYPE_STRING): null

2019-12-16 06:12:40 - [TEST_STEP][PASSED] - cell.setCellValue(getText(findTestObject("Object Repository/object_reservation/Page_Paradise 4 Paws  Dog Boarding Cat Boar_35fe2b/span_( BK )"))): Text of object 'Object Repository/object_reservation/Page_Paradise 4 Paws  Dog Boarding Cat Boar_35fe2b/span_( BK )' is: '( CAN )'

2019-12-16 06:12:40 - [MESSAGE][PASSED] - Text of object 'Object Repository/object_reservation/Page_Paradise 4 Paws  Dog Boarding Cat Boar_35fe2b/span_( BK )' is: '( CAN )'

2019-12-16 06:12:40 - [TEST_STEP][PASSED] - fos = new java.io.FileOutputStream(/home/leonardo-arkusmty/Desktop/P4P/DATA_AUTOMATINTESTING/data_2cancelReservation.xlsx): null

2019-12-16 06:12:40 - [TEST_STEP][PASSED] - workbook.write(fos): null

2019-12-16 06:12:40 - [TEST_STEP][PASSED] - fos.close(): null]]></system-out>
         <system-err><![CDATA[]]></system-err>
      </testcase>
      <testcase name="Test Cases/p4p_cancelReserEdit" time="60.362" classname="Test Cases/p4p_cancelReserEdit" status="PASSED">
         <system-out><![CDATA[2019-12-16 06:12:40 - [TEST_CASE][PASSED] - Test Cases/p4p_cancelReserEdit: Test Cases/p4p_cancelReserEdit

2019-12-16 06:12:40 - [TEST_STEP][PASSED] - openBrowser("https://p4p-qa-bg.aws.paradise4paws.com/login/"): Browser is opened with url: 'https://p4p-qa-bg.aws.paradise4paws.com/login/'

2019-12-16 06:12:40 - [MESSAGE][WARNING] - A browser is already opened. Closing browser and opening a new one

2019-12-16 06:12:41 - [MESSAGE][INFO] - Starting 'Firefox' driver

2019-12-16 06:12:44 - [MESSAGE][PASSED] - Browser is opened with url: 'https://p4p-qa-bg.aws.paradise4paws.com/login/'

2019-12-16 06:12:44 - [TEST_STEP][PASSED] - setText(findTestObject("Object Repository/object_login/input_user"), var_user): Text 'jegchavez@gmail.com' is set on object 'Object Repository/object_login/input_user'

2019-12-16 06:12:45 - [MESSAGE][PASSED] - Text 'jegchavez@gmail.com' is set on object 'Object Repository/object_login/input_user'

2019-12-16 06:12:45 - [TEST_STEP][PASSED] - setText(findTestObject("Object Repository/object_login/input_pass"), var_pass): Text 'admin1' is set on object 'Object Repository/object_login/input_pass'

2019-12-16 06:12:45 - [MESSAGE][PASSED] - Text 'admin1' is set on object 'Object Repository/object_login/input_pass'

2019-12-16 06:12:45 - [TEST_STEP][PASSED] - delay(2): Delayed 2 second(s)

2019-12-16 06:12:47 - [MESSAGE][PASSED] - Delayed 2 second(s)

2019-12-16 06:12:47 - [TEST_STEP][PASSED] - verifyElementClickable(findTestObject("Object Repository/object_login/btn_login")): Object 'Object Repository/object_login/btn_login' is clickable

2019-12-16 06:12:48 - [MESSAGE][PASSED] - Object 'Object Repository/object_login/btn_login' is clickable

2019-12-16 06:12:48 - [TEST_STEP][PASSED] - click(findTestObject("Object Repository/object_login/btn_login")): Object: 'Object Repository/object_login/btn_login' is clicked on

2019-12-16 06:12:51 - [MESSAGE][PASSED] - Object: 'Object Repository/object_login/btn_login' is clicked on

2019-12-16 06:12:51 - [TEST_STEP][PASSED] - delay(2): Delayed 2 second(s)

2019-12-16 06:12:53 - [MESSAGE][PASSED] - Delayed 2 second(s)

2019-12-16 06:12:53 - [TEST_STEP][PASSED] - setText(findTestObject("Object Repository/object_dashboard_emp/input_search"), var_mailParent): Text 'leongarzagarza@hotmail.com' is set on object 'Object Repository/object_dashboard_emp/input_search'

2019-12-16 06:12:54 - [MESSAGE][PASSED] - Text 'leongarzagarza@hotmail.com' is set on object 'Object Repository/object_dashboard_emp/input_search'

2019-12-16 06:12:54 - [TEST_STEP][PASSED] - click(findTestObject("Object Repository/object_dashboard_emp/btn_accountSearch")): Object: 'Object Repository/object_dashboard_emp/btn_accountSearch' is clicked on

2019-12-16 06:12:55 - [MESSAGE][PASSED] - Object: 'Object Repository/object_dashboard_emp/btn_accountSearch' is clicked on

2019-12-16 06:12:55 - [TEST_STEP][PASSED] - delay(2): Delayed 2 second(s)

2019-12-16 06:12:57 - [MESSAGE][PASSED] - Delayed 2 second(s)

2019-12-16 06:12:57 - [TEST_STEP][PASSED] - click(findTestObject("object_accountInformation/a_TEST GABRIEL PROD")): Object: 'Object Repository/object_accountInformation/a_TEST GABRIEL PROD' is clicked on

2019-12-16 06:13:01 - [MESSAGE][PASSED] - Object: 'Object Repository/object_accountInformation/a_TEST GABRIEL PROD' is clicked on

2019-12-16 06:13:01 - [TEST_STEP][PASSED] - delay(1): Delayed 1 second(s)

2019-12-16 06:13:02 - [MESSAGE][PASSED] - Delayed 1 second(s)

2019-12-16 06:13:02 - [TEST_STEP][PASSED] - a = var_url1 + var_idReservation + var_url2 + var_idParent: null

2019-12-16 06:13:02 - [TEST_STEP][PASSED] - delay(4): Delayed 4 second(s)

2019-12-16 06:13:06 - [MESSAGE][PASSED] - Delayed 4 second(s)

2019-12-16 06:13:06 - [TEST_STEP][PASSED] - log = new com.kms.katalon.core.logging.KeywordLogger(): null

2019-12-16 06:13:06 - [TEST_STEP][PASSED] - log.logInfo("URL: " + a): URL: https://p4p-qa-bg.aws.paradise4paws.com/frontdesk/reservation/
1702505/?parent_id=122350

2019-12-16 06:13:06 - [MESSAGE][INFO] - URL: https://p4p-qa-bg.aws.paradise4paws.com/frontdesk/reservation/
1702505/?parent_id=122350

2019-12-16 06:13:06 - [TEST_STEP][PASSED] - navigateToUrl(a): Navigate to 'https://p4p-qa-bg.aws.paradise4paws.com/frontdesk/reservation/
1702505/?parent_id=122350' successfully

2019-12-16 06:13:07 - [MESSAGE][PASSED] - Navigate to 'https://p4p-qa-bg.aws.paradise4paws.com/frontdesk/reservation/
1702505/?parent_id=122350' successfully

2019-12-16 06:13:07 - [TEST_STEP][PASSED] - delay(3): Delayed 3 second(s)

2019-12-16 06:13:10 - [MESSAGE][PASSED] - Delayed 3 second(s)

2019-12-16 06:13:10 - [TEST_STEP][PASSED] - click(findTestObject("object_reservation/button_Next")): Object: 'Object Repository/object_reservation/button_Next' is clicked on

2019-12-16 06:13:11 - [MESSAGE][PASSED] - Object: 'Object Repository/object_reservation/button_Next' is clicked on

2019-12-16 06:13:11 - [TEST_STEP][PASSED] - delay(3): Delayed 3 second(s)

2019-12-16 06:13:14 - [MESSAGE][PASSED] - Delayed 3 second(s)

2019-12-16 06:13:14 - [TEST_STEP][PASSED] - delay(2): Delayed 2 second(s)

2019-12-16 06:13:16 - [MESSAGE][PASSED] - Delayed 2 second(s)

2019-12-16 06:13:16 - [TEST_STEP][PASSED] - delay(2): Delayed 2 second(s)

2019-12-16 06:13:18 - [MESSAGE][PASSED] - Delayed 2 second(s)

2019-12-16 06:13:18 - [TEST_STEP][PASSED] - if (var_typeReserv == "BOARDING"): null

2019-12-16 06:13:18 - [TEST_STEP][PASSED] - click(findTestObject("object_reservation/button_Next")): Object: 'Object Repository/object_reservation/button_Next' is clicked on

2019-12-16 06:13:19 - [MESSAGE][PASSED] - Object: 'Object Repository/object_reservation/button_Next' is clicked on

2019-12-16 06:13:19 - [TEST_STEP][PASSED] - click(findTestObject("object_reservation/btn_cancelReservation")): Object: 'Object Repository/object_reservation/btn_cancelReservation' is clicked on

2019-12-16 06:13:21 - [MESSAGE][PASSED] - Object: 'Object Repository/object_reservation/btn_cancelReservation' is clicked on

2019-12-16 06:13:21 - [TEST_STEP][PASSED] - delay(4): Delayed 4 second(s)

2019-12-16 06:13:25 - [MESSAGE][PASSED] - Delayed 4 second(s)

2019-12-16 06:13:25 - [TEST_STEP][PASSED] - click(findTestObject("Object Repository/object_reservation/Page_Paradise 4 Paws  Dog Boarding Cat Boar_145431/button_Cancel This Reservation")): Object: 'Object Repository/object_reservation/Page_Paradise 4 Paws  Dog Boarding Cat Boar_145431/button_Cancel This Reservation' is clicked on

2019-12-16 06:13:25 - [MESSAGE][PASSED] - Object: 'Object Repository/object_reservation/Page_Paradise 4 Paws  Dog Boarding Cat Boar_145431/button_Cancel This Reservation' is clicked on

2019-12-16 06:13:25 - [TEST_STEP][PASSED] - delay(4): Delayed 4 second(s)

2019-12-16 06:13:29 - [MESSAGE][PASSED] - Delayed 4 second(s)

2019-12-16 06:13:29 - [TEST_STEP][PASSED] - navigateToUrl(a): Navigate to 'https://p4p-qa-bg.aws.paradise4paws.com/frontdesk/reservation/
1702505/?parent_id=122350' successfully

2019-12-16 06:13:31 - [MESSAGE][PASSED] - Navigate to 'https://p4p-qa-bg.aws.paradise4paws.com/frontdesk/reservation/
1702505/?parent_id=122350' successfully

2019-12-16 06:13:31 - [TEST_STEP][PASSED] - verifyElementText(findTestObject("Object Repository/object_reservation/Page_Paradise 4 Paws  Dog Boarding Cat Boar_35fe2b/span_( BK )"), "( CAN )", STOP_ON_FAILURE): Actual text and expected text of test object 'Object Repository/object_reservation/Page_Paradise 4 Paws  Dog Boarding Cat Boar_35fe2b/span_( BK )' are matched.

2019-12-16 06:13:35 - [MESSAGE][PASSED] - Actual text and expected text of test object 'Object Repository/object_reservation/Page_Paradise 4 Paws  Dog Boarding Cat Boar_35fe2b/span_( BK )' are matched.

2019-12-16 06:13:35 - [TEST_STEP][PASSED] - log.logInfo(getText(findTestObject("Object Repository/object_reservation/Page_Paradise 4 Paws  Dog Boarding Cat Boar_35fe2b/span_( BK )"))): ( CAN )

2019-12-16 06:13:35 - [MESSAGE][PASSED] - Text of object 'Object Repository/object_reservation/Page_Paradise 4 Paws  Dog Boarding Cat Boar_35fe2b/span_( BK )' is: '( CAN )'

2019-12-16 06:13:35 - [MESSAGE][INFO] - ( CAN )

2019-12-16 06:13:35 - [TEST_STEP][PASSED] - delay(5): Delayed 5 second(s)

2019-12-16 06:13:40 - [MESSAGE][PASSED] - Delayed 5 second(s)

2019-12-16 06:13:40 - [TEST_STEP][PASSED] - var = Integer.parseInt(var_idRowRes): null

2019-12-16 06:13:40 - [TEST_STEP][PASSED] - fis = new java.io.FileInputStream(/home/leonardo-arkusmty/Desktop/P4P/DATA_AUTOMATINTESTING/data_2cancelReservation.xlsx): null

2019-12-16 06:13:40 - [TEST_STEP][PASSED] - workbook = new org.apache.poi.xssf.usermodel.XSSFWorkbook(fis): null

2019-12-16 06:13:40 - [TEST_STEP][PASSED] - sheet = workbook.getSheet("Sheet1"): null

2019-12-16 06:13:40 - [TEST_STEP][PASSED] - row = sheet.getRow(var): null

2019-12-16 06:13:40 - [TEST_STEP][PASSED] - cell = row.createCell(9, 0): null

2019-12-16 06:13:40 - [TEST_STEP][PASSED] - cell.setCellType(CELL_TYPE_STRING): null

2019-12-16 06:13:40 - [TEST_STEP][PASSED] - cell.setCellValue(getText(findTestObject("Object Repository/object_reservation/Page_Paradise 4 Paws  Dog Boarding Cat Boar_35fe2b/span_( BK )"))): Text of object 'Object Repository/object_reservation/Page_Paradise 4 Paws  Dog Boarding Cat Boar_35fe2b/span_( BK )' is: '( CAN )'

2019-12-16 06:13:41 - [MESSAGE][PASSED] - Text of object 'Object Repository/object_reservation/Page_Paradise 4 Paws  Dog Boarding Cat Boar_35fe2b/span_( BK )' is: '( CAN )'

2019-12-16 06:13:41 - [TEST_STEP][PASSED] - fos = new java.io.FileOutputStream(/home/leonardo-arkusmty/Desktop/P4P/DATA_AUTOMATINTESTING/data_2cancelReservation.xlsx): null

2019-12-16 06:13:41 - [TEST_STEP][PASSED] - workbook.write(fos): null

2019-12-16 06:13:41 - [TEST_STEP][PASSED] - fos.close(): null]]></system-out>
         <system-err><![CDATA[]]></system-err>
      </testcase>
      <testcase name="Test Cases/p4p_cancelReserEdit" time="63.471" classname="Test Cases/p4p_cancelReserEdit" status="PASSED">
         <system-out><![CDATA[2019-12-16 06:13:41 - [TEST_CASE][PASSED] - Test Cases/p4p_cancelReserEdit: Test Cases/p4p_cancelReserEdit

2019-12-16 06:13:41 - [TEST_STEP][PASSED] - openBrowser("https://p4p-qa-bg.aws.paradise4paws.com/login/"): Browser is opened with url: 'https://p4p-qa-bg.aws.paradise4paws.com/login/'

2019-12-16 06:13:41 - [MESSAGE][WARNING] - A browser is already opened. Closing browser and opening a new one

2019-12-16 06:13:41 - [MESSAGE][INFO] - Starting 'Firefox' driver

2019-12-16 06:13:45 - [MESSAGE][PASSED] - Browser is opened with url: 'https://p4p-qa-bg.aws.paradise4paws.com/login/'

2019-12-16 06:13:45 - [TEST_STEP][PASSED] - setText(findTestObject("Object Repository/object_login/input_user"), var_user): Text 'jegchavez@gmail.com' is set on object 'Object Repository/object_login/input_user'

2019-12-16 06:13:45 - [MESSAGE][PASSED] - Text 'jegchavez@gmail.com' is set on object 'Object Repository/object_login/input_user'

2019-12-16 06:13:45 - [TEST_STEP][PASSED] - setText(findTestObject("Object Repository/object_login/input_pass"), var_pass): Text 'admin1' is set on object 'Object Repository/object_login/input_pass'

2019-12-16 06:13:46 - [MESSAGE][PASSED] - Text 'admin1' is set on object 'Object Repository/object_login/input_pass'

2019-12-16 06:13:46 - [TEST_STEP][PASSED] - delay(2): Delayed 2 second(s)

2019-12-16 06:13:48 - [MESSAGE][PASSED] - Delayed 2 second(s)

2019-12-16 06:13:48 - [TEST_STEP][PASSED] - verifyElementClickable(findTestObject("Object Repository/object_login/btn_login")): Object 'Object Repository/object_login/btn_login' is clickable

2019-12-16 06:13:48 - [MESSAGE][PASSED] - Object 'Object Repository/object_login/btn_login' is clickable

2019-12-16 06:13:48 - [TEST_STEP][PASSED] - click(findTestObject("Object Repository/object_login/btn_login")): Object: 'Object Repository/object_login/btn_login' is clicked on

2019-12-16 06:13:51 - [MESSAGE][PASSED] - Object: 'Object Repository/object_login/btn_login' is clicked on

2019-12-16 06:13:51 - [TEST_STEP][PASSED] - delay(2): Delayed 2 second(s)

2019-12-16 06:13:53 - [MESSAGE][PASSED] - Delayed 2 second(s)

2019-12-16 06:13:53 - [TEST_STEP][PASSED] - setText(findTestObject("Object Repository/object_dashboard_emp/input_search"), var_mailParent): Text 'leongarzagarza@hotmail.com' is set on object 'Object Repository/object_dashboard_emp/input_search'

2019-12-16 06:13:54 - [MESSAGE][PASSED] - Text 'leongarzagarza@hotmail.com' is set on object 'Object Repository/object_dashboard_emp/input_search'

2019-12-16 06:13:54 - [TEST_STEP][PASSED] - click(findTestObject("Object Repository/object_dashboard_emp/btn_accountSearch")): Object: 'Object Repository/object_dashboard_emp/btn_accountSearch' is clicked on

2019-12-16 06:13:55 - [MESSAGE][PASSED] - Object: 'Object Repository/object_dashboard_emp/btn_accountSearch' is clicked on

2019-12-16 06:13:55 - [TEST_STEP][PASSED] - delay(2): Delayed 2 second(s)

2019-12-16 06:13:57 - [MESSAGE][PASSED] - Delayed 2 second(s)

2019-12-16 06:13:57 - [TEST_STEP][PASSED] - click(findTestObject("object_accountInformation/a_TEST GABRIEL PROD")): Object: 'Object Repository/object_accountInformation/a_TEST GABRIEL PROD' is clicked on

2019-12-16 06:14:01 - [MESSAGE][PASSED] - Object: 'Object Repository/object_accountInformation/a_TEST GABRIEL PROD' is clicked on

2019-12-16 06:14:01 - [TEST_STEP][PASSED] - delay(1): Delayed 1 second(s)

2019-12-16 06:14:02 - [MESSAGE][PASSED] - Delayed 1 second(s)

2019-12-16 06:14:02 - [TEST_STEP][PASSED] - a = var_url1 + var_idReservation + var_url2 + var_idParent: null

2019-12-16 06:14:02 - [TEST_STEP][PASSED] - delay(4): Delayed 4 second(s)

2019-12-16 06:14:06 - [MESSAGE][PASSED] - Delayed 4 second(s)

2019-12-16 06:14:06 - [TEST_STEP][PASSED] - log = new com.kms.katalon.core.logging.KeywordLogger(): null

2019-12-16 06:14:06 - [TEST_STEP][PASSED] - log.logInfo("URL: " + a): URL: https://p4p-qa-bg.aws.paradise4paws.com/frontdesk/reservation/
1702506/?parent_id=122350

2019-12-16 06:14:06 - [MESSAGE][INFO] - URL: https://p4p-qa-bg.aws.paradise4paws.com/frontdesk/reservation/
1702506/?parent_id=122350

2019-12-16 06:14:06 - [TEST_STEP][PASSED] - navigateToUrl(a): Navigate to 'https://p4p-qa-bg.aws.paradise4paws.com/frontdesk/reservation/
1702506/?parent_id=122350' successfully

2019-12-16 06:14:08 - [MESSAGE][PASSED] - Navigate to 'https://p4p-qa-bg.aws.paradise4paws.com/frontdesk/reservation/
1702506/?parent_id=122350' successfully

2019-12-16 06:14:08 - [TEST_STEP][PASSED] - delay(3): Delayed 3 second(s)

2019-12-16 06:14:11 - [MESSAGE][PASSED] - Delayed 3 second(s)

2019-12-16 06:14:11 - [TEST_STEP][PASSED] - click(findTestObject("object_reservation/button_Next")): Object: 'Object Repository/object_reservation/button_Next' is clicked on

2019-12-16 06:14:13 - [MESSAGE][PASSED] - Object: 'Object Repository/object_reservation/button_Next' is clicked on

2019-12-16 06:14:13 - [TEST_STEP][PASSED] - delay(3): Delayed 3 second(s)

2019-12-16 06:14:16 - [MESSAGE][PASSED] - Delayed 3 second(s)

2019-12-16 06:14:16 - [TEST_STEP][PASSED] - delay(2): Delayed 2 second(s)

2019-12-16 06:14:18 - [MESSAGE][PASSED] - Delayed 2 second(s)

2019-12-16 06:14:18 - [TEST_STEP][PASSED] - delay(2): Delayed 2 second(s)

2019-12-16 06:14:20 - [MESSAGE][PASSED] - Delayed 2 second(s)

2019-12-16 06:14:20 - [TEST_STEP][PASSED] - if (var_typeReserv == "BOARDING"): null

2019-12-16 06:14:20 - [TEST_STEP][PASSED] - click(findTestObject("object_reservation/button_Next")): Object: 'Object Repository/object_reservation/button_Next' is clicked on

2019-12-16 06:14:21 - [MESSAGE][PASSED] - Object: 'Object Repository/object_reservation/button_Next' is clicked on

2019-12-16 06:14:21 - [TEST_STEP][PASSED] - click(findTestObject("object_reservation/btn_cancelReservation")): Object: 'Object Repository/object_reservation/btn_cancelReservation' is clicked on

2019-12-16 06:14:23 - [MESSAGE][PASSED] - Object: 'Object Repository/object_reservation/btn_cancelReservation' is clicked on

2019-12-16 06:14:23 - [TEST_STEP][PASSED] - delay(4): Delayed 4 second(s)

2019-12-16 06:14:27 - [MESSAGE][PASSED] - Delayed 4 second(s)

2019-12-16 06:14:27 - [TEST_STEP][PASSED] - click(findTestObject("Object Repository/object_reservation/Page_Paradise 4 Paws  Dog Boarding Cat Boar_145431/button_Cancel This Reservation")): Object: 'Object Repository/object_reservation/Page_Paradise 4 Paws  Dog Boarding Cat Boar_145431/button_Cancel This Reservation' is clicked on

2019-12-16 06:14:28 - [MESSAGE][PASSED] - Object: 'Object Repository/object_reservation/Page_Paradise 4 Paws  Dog Boarding Cat Boar_145431/button_Cancel This Reservation' is clicked on

2019-12-16 06:14:28 - [TEST_STEP][PASSED] - delay(4): Delayed 4 second(s)

2019-12-16 06:14:32 - [MESSAGE][PASSED] - Delayed 4 second(s)

2019-12-16 06:14:32 - [TEST_STEP][PASSED] - navigateToUrl(a): Navigate to 'https://p4p-qa-bg.aws.paradise4paws.com/frontdesk/reservation/
1702506/?parent_id=122350' successfully

2019-12-16 06:14:33 - [MESSAGE][PASSED] - Navigate to 'https://p4p-qa-bg.aws.paradise4paws.com/frontdesk/reservation/
1702506/?parent_id=122350' successfully

2019-12-16 06:14:33 - [TEST_STEP][PASSED] - verifyElementText(findTestObject("Object Repository/object_reservation/Page_Paradise 4 Paws  Dog Boarding Cat Boar_35fe2b/span_( BK )"), "( CAN )", STOP_ON_FAILURE): Actual text and expected text of test object 'Object Repository/object_reservation/Page_Paradise 4 Paws  Dog Boarding Cat Boar_35fe2b/span_( BK )' are matched.

2019-12-16 06:14:39 - [MESSAGE][PASSED] - Actual text and expected text of test object 'Object Repository/object_reservation/Page_Paradise 4 Paws  Dog Boarding Cat Boar_35fe2b/span_( BK )' are matched.

2019-12-16 06:14:39 - [TEST_STEP][PASSED] - log.logInfo(getText(findTestObject("Object Repository/object_reservation/Page_Paradise 4 Paws  Dog Boarding Cat Boar_35fe2b/span_( BK )"))): ( CAN )

2019-12-16 06:14:39 - [MESSAGE][PASSED] - Text of object 'Object Repository/object_reservation/Page_Paradise 4 Paws  Dog Boarding Cat Boar_35fe2b/span_( BK )' is: '( CAN )'

2019-12-16 06:14:39 - [MESSAGE][INFO] - ( CAN )

2019-12-16 06:14:39 - [TEST_STEP][PASSED] - delay(5): Delayed 5 second(s)

2019-12-16 06:14:44 - [MESSAGE][PASSED] - Delayed 5 second(s)

2019-12-16 06:14:44 - [TEST_STEP][PASSED] - var = Integer.parseInt(var_idRowRes): null

2019-12-16 06:14:44 - [TEST_STEP][PASSED] - fis = new java.io.FileInputStream(/home/leonardo-arkusmty/Desktop/P4P/DATA_AUTOMATINTESTING/data_2cancelReservation.xlsx): null

2019-12-16 06:14:44 - [TEST_STEP][PASSED] - workbook = new org.apache.poi.xssf.usermodel.XSSFWorkbook(fis): null

2019-12-16 06:14:44 - [TEST_STEP][PASSED] - sheet = workbook.getSheet("Sheet1"): null

2019-12-16 06:14:44 - [TEST_STEP][PASSED] - row = sheet.getRow(var): null

2019-12-16 06:14:44 - [TEST_STEP][PASSED] - cell = row.createCell(9, 0): null

2019-12-16 06:14:44 - [TEST_STEP][PASSED] - cell.setCellType(CELL_TYPE_STRING): null

2019-12-16 06:14:44 - [TEST_STEP][PASSED] - cell.setCellValue(getText(findTestObject("Object Repository/object_reservation/Page_Paradise 4 Paws  Dog Boarding Cat Boar_35fe2b/span_( BK )"))): Text of object 'Object Repository/object_reservation/Page_Paradise 4 Paws  Dog Boarding Cat Boar_35fe2b/span_( BK )' is: '( CAN )'

2019-12-16 06:14:44 - [MESSAGE][PASSED] - Text of object 'Object Repository/object_reservation/Page_Paradise 4 Paws  Dog Boarding Cat Boar_35fe2b/span_( BK )' is: '( CAN )'

2019-12-16 06:14:44 - [TEST_STEP][PASSED] - fos = new java.io.FileOutputStream(/home/leonardo-arkusmty/Desktop/P4P/DATA_AUTOMATINTESTING/data_2cancelReservation.xlsx): null

2019-12-16 06:14:44 - [TEST_STEP][PASSED] - workbook.write(fos): null

2019-12-16 06:14:44 - [TEST_STEP][PASSED] - fos.close(): null]]></system-out>
         <system-err><![CDATA[]]></system-err>
      </testcase>
      <testcase name="Test Cases/p4p_cancelReserEdit" time="70.756" classname="Test Cases/p4p_cancelReserEdit" status="PASSED">
         <system-out><![CDATA[2019-12-16 06:14:44 - [TEST_CASE][PASSED] - Test Cases/p4p_cancelReserEdit: Test Cases/p4p_cancelReserEdit

2019-12-16 06:14:44 - [TEST_STEP][PASSED] - openBrowser("https://p4p-qa-bg.aws.paradise4paws.com/login/"): Browser is opened with url: 'https://p4p-qa-bg.aws.paradise4paws.com/login/'

2019-12-16 06:14:44 - [MESSAGE][WARNING] - A browser is already opened. Closing browser and opening a new one

2019-12-16 06:14:45 - [MESSAGE][INFO] - Starting 'Firefox' driver

2019-12-16 06:14:49 - [MESSAGE][PASSED] - Browser is opened with url: 'https://p4p-qa-bg.aws.paradise4paws.com/login/'

2019-12-16 06:14:49 - [TEST_STEP][PASSED] - setText(findTestObject("Object Repository/object_login/input_user"), var_user): Text 'jegchavez@gmail.com' is set on object 'Object Repository/object_login/input_user'

2019-12-16 06:14:50 - [MESSAGE][PASSED] - Text 'jegchavez@gmail.com' is set on object 'Object Repository/object_login/input_user'

2019-12-16 06:14:50 - [TEST_STEP][PASSED] - setText(findTestObject("Object Repository/object_login/input_pass"), var_pass): Text 'admin1' is set on object 'Object Repository/object_login/input_pass'

2019-12-16 06:14:50 - [MESSAGE][PASSED] - Text 'admin1' is set on object 'Object Repository/object_login/input_pass'

2019-12-16 06:14:50 - [TEST_STEP][PASSED] - delay(2): Delayed 2 second(s)

2019-12-16 06:14:52 - [MESSAGE][PASSED] - Delayed 2 second(s)

2019-12-16 06:14:52 - [TEST_STEP][PASSED] - verifyElementClickable(findTestObject("Object Repository/object_login/btn_login")): Object 'Object Repository/object_login/btn_login' is clickable

2019-12-16 06:14:53 - [MESSAGE][PASSED] - Object 'Object Repository/object_login/btn_login' is clickable

2019-12-16 06:14:53 - [TEST_STEP][PASSED] - click(findTestObject("Object Repository/object_login/btn_login")): Object: 'Object Repository/object_login/btn_login' is clicked on

2019-12-16 06:14:56 - [MESSAGE][PASSED] - Object: 'Object Repository/object_login/btn_login' is clicked on

2019-12-16 06:14:56 - [TEST_STEP][PASSED] - delay(2): Delayed 2 second(s)

2019-12-16 06:14:58 - [MESSAGE][PASSED] - Delayed 2 second(s)

2019-12-16 06:14:58 - [TEST_STEP][PASSED] - setText(findTestObject("Object Repository/object_dashboard_emp/input_search"), var_mailParent): Text 'leongarzagarza@hotmail.com' is set on object 'Object Repository/object_dashboard_emp/input_search'

2019-12-16 06:14:59 - [MESSAGE][PASSED] - Text 'leongarzagarza@hotmail.com' is set on object 'Object Repository/object_dashboard_emp/input_search'

2019-12-16 06:14:59 - [TEST_STEP][PASSED] - click(findTestObject("Object Repository/object_dashboard_emp/btn_accountSearch")): Object: 'Object Repository/object_dashboard_emp/btn_accountSearch' is clicked on

2019-12-16 06:15:00 - [MESSAGE][PASSED] - Object: 'Object Repository/object_dashboard_emp/btn_accountSearch' is clicked on

2019-12-16 06:15:00 - [TEST_STEP][PASSED] - delay(2): Delayed 2 second(s)

2019-12-16 06:15:02 - [MESSAGE][PASSED] - Delayed 2 second(s)

2019-12-16 06:15:02 - [TEST_STEP][PASSED] - click(findTestObject("object_accountInformation/a_TEST GABRIEL PROD")): Object: 'Object Repository/object_accountInformation/a_TEST GABRIEL PROD' is clicked on

2019-12-16 06:15:06 - [MESSAGE][PASSED] - Object: 'Object Repository/object_accountInformation/a_TEST GABRIEL PROD' is clicked on

2019-12-16 06:15:06 - [TEST_STEP][PASSED] - delay(1): Delayed 1 second(s)

2019-12-16 06:15:07 - [MESSAGE][PASSED] - Delayed 1 second(s)

2019-12-16 06:15:07 - [TEST_STEP][PASSED] - a = var_url1 + var_idReservation + var_url2 + var_idParent: null

2019-12-16 06:15:07 - [TEST_STEP][PASSED] - delay(4): Delayed 4 second(s)

2019-12-16 06:15:11 - [MESSAGE][PASSED] - Delayed 4 second(s)

2019-12-16 06:15:11 - [TEST_STEP][PASSED] - log = new com.kms.katalon.core.logging.KeywordLogger(): null

2019-12-16 06:15:11 - [TEST_STEP][PASSED] - log.logInfo("URL: " + a): URL: https://p4p-qa-bg.aws.paradise4paws.com/frontdesk/reservation/
1702507/?parent_id=122350

2019-12-16 06:15:11 - [MESSAGE][INFO] - URL: https://p4p-qa-bg.aws.paradise4paws.com/frontdesk/reservation/
1702507/?parent_id=122350

2019-12-16 06:15:11 - [TEST_STEP][PASSED] - navigateToUrl(a): Navigate to 'https://p4p-qa-bg.aws.paradise4paws.com/frontdesk/reservation/
1702507/?parent_id=122350' successfully

2019-12-16 06:15:19 - [MESSAGE][PASSED] - Navigate to 'https://p4p-qa-bg.aws.paradise4paws.com/frontdesk/reservation/
1702507/?parent_id=122350' successfully

2019-12-16 06:15:19 - [TEST_STEP][PASSED] - delay(3): Delayed 3 second(s)

2019-12-16 06:15:22 - [MESSAGE][PASSED] - Delayed 3 second(s)

2019-12-16 06:15:22 - [TEST_STEP][PASSED] - click(findTestObject("object_reservation/button_Next")): Object: 'Object Repository/object_reservation/button_Next' is clicked on

2019-12-16 06:15:23 - [MESSAGE][PASSED] - Object: 'Object Repository/object_reservation/button_Next' is clicked on

2019-12-16 06:15:23 - [TEST_STEP][PASSED] - delay(3): Delayed 3 second(s)

2019-12-16 06:15:26 - [MESSAGE][PASSED] - Delayed 3 second(s)

2019-12-16 06:15:26 - [TEST_STEP][PASSED] - delay(2): Delayed 2 second(s)

2019-12-16 06:15:28 - [MESSAGE][PASSED] - Delayed 2 second(s)

2019-12-16 06:15:28 - [TEST_STEP][PASSED] - delay(2): Delayed 2 second(s)

2019-12-16 06:15:30 - [MESSAGE][PASSED] - Delayed 2 second(s)

2019-12-16 06:15:30 - [TEST_STEP][PASSED] - if (var_typeReserv == "BOARDING"): null

2019-12-16 06:15:30 - [TEST_STEP][PASSED] - click(findTestObject("object_reservation/button_Next")): Object: 'Object Repository/object_reservation/button_Next' is clicked on

2019-12-16 06:15:30 - [MESSAGE][PASSED] - Object: 'Object Repository/object_reservation/button_Next' is clicked on

2019-12-16 06:15:30 - [TEST_STEP][PASSED] - click(findTestObject("object_reservation/btn_cancelReservation")): Object: 'Object Repository/object_reservation/btn_cancelReservation' is clicked on

2019-12-16 06:15:33 - [MESSAGE][PASSED] - Object: 'Object Repository/object_reservation/btn_cancelReservation' is clicked on

2019-12-16 06:15:33 - [TEST_STEP][PASSED] - delay(4): Delayed 4 second(s)

2019-12-16 06:15:37 - [MESSAGE][PASSED] - Delayed 4 second(s)

2019-12-16 06:15:37 - [TEST_STEP][PASSED] - click(findTestObject("Object Repository/object_reservation/Page_Paradise 4 Paws  Dog Boarding Cat Boar_145431/button_Cancel This Reservation")): Object: 'Object Repository/object_reservation/Page_Paradise 4 Paws  Dog Boarding Cat Boar_145431/button_Cancel This Reservation' is clicked on

2019-12-16 06:15:37 - [MESSAGE][PASSED] - Object: 'Object Repository/object_reservation/Page_Paradise 4 Paws  Dog Boarding Cat Boar_145431/button_Cancel This Reservation' is clicked on

2019-12-16 06:15:37 - [TEST_STEP][PASSED] - delay(4): Delayed 4 second(s)

2019-12-16 06:15:41 - [MESSAGE][PASSED] - Delayed 4 second(s)

2019-12-16 06:15:41 - [TEST_STEP][PASSED] - navigateToUrl(a): Navigate to 'https://p4p-qa-bg.aws.paradise4paws.com/frontdesk/reservation/
1702507/?parent_id=122350' successfully

2019-12-16 06:15:49 - [MESSAGE][PASSED] - Navigate to 'https://p4p-qa-bg.aws.paradise4paws.com/frontdesk/reservation/
1702507/?parent_id=122350' successfully

2019-12-16 06:15:49 - [TEST_STEP][PASSED] - verifyElementText(findTestObject("Object Repository/object_reservation/Page_Paradise 4 Paws  Dog Boarding Cat Boar_35fe2b/span_( BK )"), "( CAN )", STOP_ON_FAILURE): Actual text and expected text of test object 'Object Repository/object_reservation/Page_Paradise 4 Paws  Dog Boarding Cat Boar_35fe2b/span_( BK )' are matched.

2019-12-16 06:15:49 - [MESSAGE][PASSED] - Actual text and expected text of test object 'Object Repository/object_reservation/Page_Paradise 4 Paws  Dog Boarding Cat Boar_35fe2b/span_( BK )' are matched.

2019-12-16 06:15:49 - [TEST_STEP][PASSED] - log.logInfo(getText(findTestObject("Object Repository/object_reservation/Page_Paradise 4 Paws  Dog Boarding Cat Boar_35fe2b/span_( BK )"))): ( CAN )

2019-12-16 06:15:50 - [MESSAGE][PASSED] - Text of object 'Object Repository/object_reservation/Page_Paradise 4 Paws  Dog Boarding Cat Boar_35fe2b/span_( BK )' is: '( CAN )'

2019-12-16 06:15:50 - [MESSAGE][INFO] - ( CAN )

2019-12-16 06:15:50 - [TEST_STEP][PASSED] - delay(5): Delayed 5 second(s)

2019-12-16 06:15:55 - [MESSAGE][PASSED] - Delayed 5 second(s)

2019-12-16 06:15:55 - [TEST_STEP][PASSED] - var = Integer.parseInt(var_idRowRes): null

2019-12-16 06:15:55 - [TEST_STEP][PASSED] - fis = new java.io.FileInputStream(/home/leonardo-arkusmty/Desktop/P4P/DATA_AUTOMATINTESTING/data_2cancelReservation.xlsx): null

2019-12-16 06:15:55 - [TEST_STEP][PASSED] - workbook = new org.apache.poi.xssf.usermodel.XSSFWorkbook(fis): null

2019-12-16 06:15:55 - [TEST_STEP][PASSED] - sheet = workbook.getSheet("Sheet1"): null

2019-12-16 06:15:55 - [TEST_STEP][PASSED] - row = sheet.getRow(var): null

2019-12-16 06:15:55 - [TEST_STEP][PASSED] - cell = row.createCell(9, 0): null

2019-12-16 06:15:55 - [TEST_STEP][PASSED] - cell.setCellType(CELL_TYPE_STRING): null

2019-12-16 06:15:55 - [TEST_STEP][PASSED] - cell.setCellValue(getText(findTestObject("Object Repository/object_reservation/Page_Paradise 4 Paws  Dog Boarding Cat Boar_35fe2b/span_( BK )"))): Text of object 'Object Repository/object_reservation/Page_Paradise 4 Paws  Dog Boarding Cat Boar_35fe2b/span_( BK )' is: '( CAN )'

2019-12-16 06:15:55 - [MESSAGE][PASSED] - Text of object 'Object Repository/object_reservation/Page_Paradise 4 Paws  Dog Boarding Cat Boar_35fe2b/span_( BK )' is: '( CAN )'

2019-12-16 06:15:55 - [TEST_STEP][PASSED] - fos = new java.io.FileOutputStream(/home/leonardo-arkusmty/Desktop/P4P/DATA_AUTOMATINTESTING/data_2cancelReservation.xlsx): null

2019-12-16 06:15:55 - [TEST_STEP][PASSED] - workbook.write(fos): null

2019-12-16 06:15:55 - [TEST_STEP][PASSED] - fos.close(): null]]></system-out>
         <system-err><![CDATA[]]></system-err>
      </testcase>
      <testcase name="Test Cases/p4p_cancelReserEdit" time="61.487" classname="Test Cases/p4p_cancelReserEdit" status="PASSED">
         <system-out><![CDATA[2019-12-16 06:15:55 - [TEST_CASE][PASSED] - Test Cases/p4p_cancelReserEdit: Test Cases/p4p_cancelReserEdit

2019-12-16 06:15:55 - [TEST_STEP][PASSED] - openBrowser("https://p4p-qa-bg.aws.paradise4paws.com/login/"): Browser is opened with url: 'https://p4p-qa-bg.aws.paradise4paws.com/login/'

2019-12-16 06:15:55 - [MESSAGE][WARNING] - A browser is already opened. Closing browser and opening a new one

2019-12-16 06:15:56 - [MESSAGE][INFO] - Starting 'Firefox' driver

2019-12-16 06:15:59 - [MESSAGE][PASSED] - Browser is opened with url: 'https://p4p-qa-bg.aws.paradise4paws.com/login/'

2019-12-16 06:15:59 - [TEST_STEP][PASSED] - setText(findTestObject("Object Repository/object_login/input_user"), var_user): Text 'jegchavez@gmail.com' is set on object 'Object Repository/object_login/input_user'

2019-12-16 06:16:00 - [MESSAGE][PASSED] - Text 'jegchavez@gmail.com' is set on object 'Object Repository/object_login/input_user'

2019-12-16 06:16:00 - [TEST_STEP][PASSED] - setText(findTestObject("Object Repository/object_login/input_pass"), var_pass): Text 'admin1' is set on object 'Object Repository/object_login/input_pass'

2019-12-16 06:16:00 - [MESSAGE][PASSED] - Text 'admin1' is set on object 'Object Repository/object_login/input_pass'

2019-12-16 06:16:00 - [TEST_STEP][PASSED] - delay(2): Delayed 2 second(s)

2019-12-16 06:16:02 - [MESSAGE][PASSED] - Delayed 2 second(s)

2019-12-16 06:16:02 - [TEST_STEP][PASSED] - verifyElementClickable(findTestObject("Object Repository/object_login/btn_login")): Object 'Object Repository/object_login/btn_login' is clickable

2019-12-16 06:16:02 - [MESSAGE][PASSED] - Object 'Object Repository/object_login/btn_login' is clickable

2019-12-16 06:16:02 - [TEST_STEP][PASSED] - click(findTestObject("Object Repository/object_login/btn_login")): Object: 'Object Repository/object_login/btn_login' is clicked on

2019-12-16 06:16:05 - [MESSAGE][PASSED] - Object: 'Object Repository/object_login/btn_login' is clicked on

2019-12-16 06:16:05 - [TEST_STEP][PASSED] - delay(2): Delayed 2 second(s)

2019-12-16 06:16:07 - [MESSAGE][PASSED] - Delayed 2 second(s)

2019-12-16 06:16:07 - [TEST_STEP][PASSED] - setText(findTestObject("Object Repository/object_dashboard_emp/input_search"), var_mailParent): Text 'leongarzagarza@hotmail.com' is set on object 'Object Repository/object_dashboard_emp/input_search'

2019-12-16 06:16:07 - [MESSAGE][PASSED] - Text 'leongarzagarza@hotmail.com' is set on object 'Object Repository/object_dashboard_emp/input_search'

2019-12-16 06:16:07 - [TEST_STEP][PASSED] - click(findTestObject("Object Repository/object_dashboard_emp/btn_accountSearch")): Object: 'Object Repository/object_dashboard_emp/btn_accountSearch' is clicked on

2019-12-16 06:16:08 - [MESSAGE][PASSED] - Object: 'Object Repository/object_dashboard_emp/btn_accountSearch' is clicked on

2019-12-16 06:16:08 - [TEST_STEP][PASSED] - delay(2): Delayed 2 second(s)

2019-12-16 06:16:10 - [MESSAGE][PASSED] - Delayed 2 second(s)

2019-12-16 06:16:10 - [TEST_STEP][PASSED] - click(findTestObject("object_accountInformation/a_TEST GABRIEL PROD")): Object: 'Object Repository/object_accountInformation/a_TEST GABRIEL PROD' is clicked on

2019-12-16 06:16:14 - [MESSAGE][PASSED] - Object: 'Object Repository/object_accountInformation/a_TEST GABRIEL PROD' is clicked on

2019-12-16 06:16:14 - [TEST_STEP][PASSED] - delay(1): Delayed 1 second(s)

2019-12-16 06:16:15 - [MESSAGE][PASSED] - Delayed 1 second(s)

2019-12-16 06:16:15 - [TEST_STEP][PASSED] - a = var_url1 + var_idReservation + var_url2 + var_idParent: null

2019-12-16 06:16:15 - [TEST_STEP][PASSED] - delay(4): Delayed 4 second(s)

2019-12-16 06:16:19 - [MESSAGE][PASSED] - Delayed 4 second(s)

2019-12-16 06:16:19 - [TEST_STEP][PASSED] - log = new com.kms.katalon.core.logging.KeywordLogger(): null

2019-12-16 06:16:19 - [TEST_STEP][PASSED] - log.logInfo("URL: " + a): URL: https://p4p-qa-bg.aws.paradise4paws.com/frontdesk/reservation/
1702510/?parent_id=122350

2019-12-16 06:16:19 - [MESSAGE][INFO] - URL: https://p4p-qa-bg.aws.paradise4paws.com/frontdesk/reservation/
1702510/?parent_id=122350

2019-12-16 06:16:19 - [TEST_STEP][PASSED] - navigateToUrl(a): Navigate to 'https://p4p-qa-bg.aws.paradise4paws.com/frontdesk/reservation/
1702510/?parent_id=122350' successfully

2019-12-16 06:16:21 - [MESSAGE][PASSED] - Navigate to 'https://p4p-qa-bg.aws.paradise4paws.com/frontdesk/reservation/
1702510/?parent_id=122350' successfully

2019-12-16 06:16:21 - [TEST_STEP][PASSED] - delay(3): Delayed 3 second(s)

2019-12-16 06:16:24 - [MESSAGE][PASSED] - Delayed 3 second(s)

2019-12-16 06:16:24 - [TEST_STEP][PASSED] - click(findTestObject("object_reservation/button_Next")): Object: 'Object Repository/object_reservation/button_Next' is clicked on

2019-12-16 06:16:26 - [MESSAGE][PASSED] - Object: 'Object Repository/object_reservation/button_Next' is clicked on

2019-12-16 06:16:26 - [TEST_STEP][PASSED] - delay(3): Delayed 3 second(s)

2019-12-16 06:16:29 - [MESSAGE][PASSED] - Delayed 3 second(s)

2019-12-16 06:16:29 - [TEST_STEP][PASSED] - delay(2): Delayed 2 second(s)

2019-12-16 06:16:31 - [MESSAGE][PASSED] - Delayed 2 second(s)

2019-12-16 06:16:31 - [TEST_STEP][PASSED] - delay(2): Delayed 2 second(s)

2019-12-16 06:16:33 - [MESSAGE][PASSED] - Delayed 2 second(s)

2019-12-16 06:16:33 - [TEST_STEP][PASSED] - if (var_typeReserv == "BOARDING"): null

2019-12-16 06:16:33 - [TEST_STEP][PASSED] - click(findTestObject("object_reservation/button_Next")): Object: 'Object Repository/object_reservation/button_Next' is clicked on

2019-12-16 06:16:33 - [MESSAGE][PASSED] - Object: 'Object Repository/object_reservation/button_Next' is clicked on

2019-12-16 06:16:33 - [TEST_STEP][PASSED] - click(findTestObject("object_reservation/btn_cancelReservation")): Object: 'Object Repository/object_reservation/btn_cancelReservation' is clicked on

2019-12-16 06:16:35 - [MESSAGE][PASSED] - Object: 'Object Repository/object_reservation/btn_cancelReservation' is clicked on

2019-12-16 06:16:35 - [TEST_STEP][PASSED] - delay(4): Delayed 4 second(s)

2019-12-16 06:16:39 - [MESSAGE][PASSED] - Delayed 4 second(s)

2019-12-16 06:16:39 - [TEST_STEP][PASSED] - click(findTestObject("Object Repository/object_reservation/Page_Paradise 4 Paws  Dog Boarding Cat Boar_145431/button_Cancel This Reservation")): Object: 'Object Repository/object_reservation/Page_Paradise 4 Paws  Dog Boarding Cat Boar_145431/button_Cancel This Reservation' is clicked on

2019-12-16 06:16:40 - [MESSAGE][PASSED] - Object: 'Object Repository/object_reservation/Page_Paradise 4 Paws  Dog Boarding Cat Boar_145431/button_Cancel This Reservation' is clicked on

2019-12-16 06:16:40 - [TEST_STEP][PASSED] - delay(4): Delayed 4 second(s)

2019-12-16 06:16:44 - [MESSAGE][PASSED] - Delayed 4 second(s)

2019-12-16 06:16:44 - [TEST_STEP][PASSED] - navigateToUrl(a): Navigate to 'https://p4p-qa-bg.aws.paradise4paws.com/frontdesk/reservation/
1702510/?parent_id=122350' successfully

2019-12-16 06:16:45 - [MESSAGE][PASSED] - Navigate to 'https://p4p-qa-bg.aws.paradise4paws.com/frontdesk/reservation/
1702510/?parent_id=122350' successfully

2019-12-16 06:16:45 - [TEST_STEP][PASSED] - verifyElementText(findTestObject("Object Repository/object_reservation/Page_Paradise 4 Paws  Dog Boarding Cat Boar_35fe2b/span_( BK )"), "( CAN )", STOP_ON_FAILURE): Actual text and expected text of test object 'Object Repository/object_reservation/Page_Paradise 4 Paws  Dog Boarding Cat Boar_35fe2b/span_( BK )' are matched.

2019-12-16 06:16:51 - [MESSAGE][PASSED] - Actual text and expected text of test object 'Object Repository/object_reservation/Page_Paradise 4 Paws  Dog Boarding Cat Boar_35fe2b/span_( BK )' are matched.

2019-12-16 06:16:51 - [TEST_STEP][PASSED] - log.logInfo(getText(findTestObject("Object Repository/object_reservation/Page_Paradise 4 Paws  Dog Boarding Cat Boar_35fe2b/span_( BK )"))): ( CAN )

2019-12-16 06:16:51 - [MESSAGE][PASSED] - Text of object 'Object Repository/object_reservation/Page_Paradise 4 Paws  Dog Boarding Cat Boar_35fe2b/span_( BK )' is: '( CAN )'

2019-12-16 06:16:51 - [MESSAGE][INFO] - ( CAN )

2019-12-16 06:16:51 - [TEST_STEP][PASSED] - delay(5): Delayed 5 second(s)

2019-12-16 06:16:56 - [MESSAGE][PASSED] - Delayed 5 second(s)

2019-12-16 06:16:56 - [TEST_STEP][PASSED] - var = Integer.parseInt(var_idRowRes): null

2019-12-16 06:16:56 - [TEST_STEP][PASSED] - fis = new java.io.FileInputStream(/home/leonardo-arkusmty/Desktop/P4P/DATA_AUTOMATINTESTING/data_2cancelReservation.xlsx): null

2019-12-16 06:16:56 - [TEST_STEP][PASSED] - workbook = new org.apache.poi.xssf.usermodel.XSSFWorkbook(fis): null

2019-12-16 06:16:56 - [TEST_STEP][PASSED] - sheet = workbook.getSheet("Sheet1"): null

2019-12-16 06:16:56 - [TEST_STEP][PASSED] - row = sheet.getRow(var): null

2019-12-16 06:16:56 - [TEST_STEP][PASSED] - cell = row.createCell(9, 0): null

2019-12-16 06:16:56 - [TEST_STEP][PASSED] - cell.setCellType(CELL_TYPE_STRING): null

2019-12-16 06:16:56 - [TEST_STEP][PASSED] - cell.setCellValue(getText(findTestObject("Object Repository/object_reservation/Page_Paradise 4 Paws  Dog Boarding Cat Boar_35fe2b/span_( BK )"))): Text of object 'Object Repository/object_reservation/Page_Paradise 4 Paws  Dog Boarding Cat Boar_35fe2b/span_( BK )' is: '( CAN )'

2019-12-16 06:16:56 - [MESSAGE][PASSED] - Text of object 'Object Repository/object_reservation/Page_Paradise 4 Paws  Dog Boarding Cat Boar_35fe2b/span_( BK )' is: '( CAN )'

2019-12-16 06:16:56 - [TEST_STEP][PASSED] - fos = new java.io.FileOutputStream(/home/leonardo-arkusmty/Desktop/P4P/DATA_AUTOMATINTESTING/data_2cancelReservation.xlsx): null

2019-12-16 06:16:56 - [TEST_STEP][PASSED] - workbook.write(fos): null

2019-12-16 06:16:56 - [TEST_STEP][PASSED] - fos.close(): null]]></system-out>
         <system-err><![CDATA[]]></system-err>
      </testcase>
      <testcase name="Test Cases/p4p_cancelReserEdit" time="63.837" classname="Test Cases/p4p_cancelReserEdit" status="PASSED">
         <system-out><![CDATA[2019-12-16 06:16:57 - [TEST_CASE][PASSED] - Test Cases/p4p_cancelReserEdit: Test Cases/p4p_cancelReserEdit

2019-12-16 06:16:57 - [TEST_STEP][PASSED] - openBrowser("https://p4p-qa-bg.aws.paradise4paws.com/login/"): Browser is opened with url: 'https://p4p-qa-bg.aws.paradise4paws.com/login/'

2019-12-16 06:16:57 - [MESSAGE][WARNING] - A browser is already opened. Closing browser and opening a new one

2019-12-16 06:16:57 - [MESSAGE][INFO] - Starting 'Firefox' driver

2019-12-16 06:17:00 - [MESSAGE][PASSED] - Browser is opened with url: 'https://p4p-qa-bg.aws.paradise4paws.com/login/'

2019-12-16 06:17:00 - [TEST_STEP][PASSED] - setText(findTestObject("Object Repository/object_login/input_user"), var_user): Text 'jegchavez@gmail.com' is set on object 'Object Repository/object_login/input_user'

2019-12-16 06:17:01 - [MESSAGE][PASSED] - Text 'jegchavez@gmail.com' is set on object 'Object Repository/object_login/input_user'

2019-12-16 06:17:01 - [TEST_STEP][PASSED] - setText(findTestObject("Object Repository/object_login/input_pass"), var_pass): Text 'admin1' is set on object 'Object Repository/object_login/input_pass'

2019-12-16 06:17:02 - [MESSAGE][PASSED] - Text 'admin1' is set on object 'Object Repository/object_login/input_pass'

2019-12-16 06:17:02 - [TEST_STEP][PASSED] - delay(2): Delayed 2 second(s)

2019-12-16 06:17:04 - [MESSAGE][PASSED] - Delayed 2 second(s)

2019-12-16 06:17:04 - [TEST_STEP][PASSED] - verifyElementClickable(findTestObject("Object Repository/object_login/btn_login")): Object 'Object Repository/object_login/btn_login' is clickable

2019-12-16 06:17:04 - [MESSAGE][PASSED] - Object 'Object Repository/object_login/btn_login' is clickable

2019-12-16 06:17:04 - [TEST_STEP][PASSED] - click(findTestObject("Object Repository/object_login/btn_login")): Object: 'Object Repository/object_login/btn_login' is clicked on

2019-12-16 06:17:06 - [MESSAGE][PASSED] - Object: 'Object Repository/object_login/btn_login' is clicked on

2019-12-16 06:17:06 - [TEST_STEP][PASSED] - delay(2): Delayed 2 second(s)

2019-12-16 06:17:08 - [MESSAGE][PASSED] - Delayed 2 second(s)

2019-12-16 06:17:08 - [TEST_STEP][PASSED] - setText(findTestObject("Object Repository/object_dashboard_emp/input_search"), var_mailParent): Text 'leongarzagarza@hotmail.com' is set on object 'Object Repository/object_dashboard_emp/input_search'

2019-12-16 06:17:09 - [MESSAGE][PASSED] - Text 'leongarzagarza@hotmail.com' is set on object 'Object Repository/object_dashboard_emp/input_search'

2019-12-16 06:17:09 - [TEST_STEP][PASSED] - click(findTestObject("Object Repository/object_dashboard_emp/btn_accountSearch")): Object: 'Object Repository/object_dashboard_emp/btn_accountSearch' is clicked on

2019-12-16 06:17:10 - [MESSAGE][PASSED] - Object: 'Object Repository/object_dashboard_emp/btn_accountSearch' is clicked on

2019-12-16 06:17:10 - [TEST_STEP][PASSED] - delay(2): Delayed 2 second(s)

2019-12-16 06:17:12 - [MESSAGE][PASSED] - Delayed 2 second(s)

2019-12-16 06:17:12 - [TEST_STEP][PASSED] - click(findTestObject("object_accountInformation/a_TEST GABRIEL PROD")): Object: 'Object Repository/object_accountInformation/a_TEST GABRIEL PROD' is clicked on

2019-12-16 06:17:16 - [MESSAGE][PASSED] - Object: 'Object Repository/object_accountInformation/a_TEST GABRIEL PROD' is clicked on

2019-12-16 06:17:16 - [TEST_STEP][PASSED] - delay(1): Delayed 1 second(s)

2019-12-16 06:17:17 - [MESSAGE][PASSED] - Delayed 1 second(s)

2019-12-16 06:17:17 - [TEST_STEP][PASSED] - a = var_url1 + var_idReservation + var_url2 + var_idParent: null

2019-12-16 06:17:17 - [TEST_STEP][PASSED] - delay(4): Delayed 4 second(s)

2019-12-16 06:17:21 - [MESSAGE][PASSED] - Delayed 4 second(s)

2019-12-16 06:17:21 - [TEST_STEP][PASSED] - log = new com.kms.katalon.core.logging.KeywordLogger(): null

2019-12-16 06:17:21 - [TEST_STEP][PASSED] - log.logInfo("URL: " + a): URL: https://p4p-qa-bg.aws.paradise4paws.com/frontdesk/reservation/
1702511/?parent_id=122350

2019-12-16 06:17:21 - [MESSAGE][INFO] - URL: https://p4p-qa-bg.aws.paradise4paws.com/frontdesk/reservation/
1702511/?parent_id=122350

2019-12-16 06:17:21 - [TEST_STEP][PASSED] - navigateToUrl(a): Navigate to 'https://p4p-qa-bg.aws.paradise4paws.com/frontdesk/reservation/
1702511/?parent_id=122350' successfully

2019-12-16 06:17:22 - [MESSAGE][PASSED] - Navigate to 'https://p4p-qa-bg.aws.paradise4paws.com/frontdesk/reservation/
1702511/?parent_id=122350' successfully

2019-12-16 06:17:22 - [TEST_STEP][PASSED] - delay(3): Delayed 3 second(s)

2019-12-16 06:17:25 - [MESSAGE][PASSED] - Delayed 3 second(s)

2019-12-16 06:17:25 - [TEST_STEP][PASSED] - click(findTestObject("object_reservation/button_Next")): Object: 'Object Repository/object_reservation/button_Next' is clicked on

2019-12-16 06:17:28 - [MESSAGE][PASSED] - Object: 'Object Repository/object_reservation/button_Next' is clicked on

2019-12-16 06:17:28 - [TEST_STEP][PASSED] - delay(3): Delayed 3 second(s)

2019-12-16 06:17:31 - [MESSAGE][PASSED] - Delayed 3 second(s)

2019-12-16 06:17:31 - [TEST_STEP][PASSED] - delay(2): Delayed 2 second(s)

2019-12-16 06:17:33 - [MESSAGE][PASSED] - Delayed 2 second(s)

2019-12-16 06:17:33 - [TEST_STEP][PASSED] - delay(2): Delayed 2 second(s)

2019-12-16 06:17:35 - [MESSAGE][PASSED] - Delayed 2 second(s)

2019-12-16 06:17:35 - [TEST_STEP][PASSED] - if (var_typeReserv == "BOARDING"): null

2019-12-16 06:17:35 - [TEST_STEP][PASSED] - click(findTestObject("object_reservation/button_Next")): Object: 'Object Repository/object_reservation/button_Next' is clicked on

2019-12-16 06:17:36 - [MESSAGE][PASSED] - Object: 'Object Repository/object_reservation/button_Next' is clicked on

2019-12-16 06:17:36 - [TEST_STEP][PASSED] - click(findTestObject("object_reservation/btn_cancelReservation")): Object: 'Object Repository/object_reservation/btn_cancelReservation' is clicked on

2019-12-16 06:17:38 - [MESSAGE][PASSED] - Object: 'Object Repository/object_reservation/btn_cancelReservation' is clicked on

2019-12-16 06:17:38 - [TEST_STEP][PASSED] - delay(4): Delayed 4 second(s)

2019-12-16 06:17:42 - [MESSAGE][PASSED] - Delayed 4 second(s)

2019-12-16 06:17:42 - [TEST_STEP][PASSED] - click(findTestObject("Object Repository/object_reservation/Page_Paradise 4 Paws  Dog Boarding Cat Boar_145431/button_Cancel This Reservation")): Object: 'Object Repository/object_reservation/Page_Paradise 4 Paws  Dog Boarding Cat Boar_145431/button_Cancel This Reservation' is clicked on

2019-12-16 06:17:42 - [MESSAGE][PASSED] - Object: 'Object Repository/object_reservation/Page_Paradise 4 Paws  Dog Boarding Cat Boar_145431/button_Cancel This Reservation' is clicked on

2019-12-16 06:17:42 - [TEST_STEP][PASSED] - delay(4): Delayed 4 second(s)

2019-12-16 06:17:46 - [MESSAGE][PASSED] - Delayed 4 second(s)

2019-12-16 06:17:46 - [TEST_STEP][PASSED] - navigateToUrl(a): Navigate to 'https://p4p-qa-bg.aws.paradise4paws.com/frontdesk/reservation/
1702511/?parent_id=122350' successfully

2019-12-16 06:17:47 - [MESSAGE][PASSED] - Navigate to 'https://p4p-qa-bg.aws.paradise4paws.com/frontdesk/reservation/
1702511/?parent_id=122350' successfully

2019-12-16 06:17:47 - [TEST_STEP][PASSED] - verifyElementText(findTestObject("Object Repository/object_reservation/Page_Paradise 4 Paws  Dog Boarding Cat Boar_35fe2b/span_( BK )"), "( CAN )", STOP_ON_FAILURE): Actual text and expected text of test object 'Object Repository/object_reservation/Page_Paradise 4 Paws  Dog Boarding Cat Boar_35fe2b/span_( BK )' are matched.

2019-12-16 06:17:55 - [MESSAGE][PASSED] - Actual text and expected text of test object 'Object Repository/object_reservation/Page_Paradise 4 Paws  Dog Boarding Cat Boar_35fe2b/span_( BK )' are matched.

2019-12-16 06:17:55 - [TEST_STEP][PASSED] - log.logInfo(getText(findTestObject("Object Repository/object_reservation/Page_Paradise 4 Paws  Dog Boarding Cat Boar_35fe2b/span_( BK )"))): ( CAN )

2019-12-16 06:17:55 - [MESSAGE][PASSED] - Text of object 'Object Repository/object_reservation/Page_Paradise 4 Paws  Dog Boarding Cat Boar_35fe2b/span_( BK )' is: '( CAN )'

2019-12-16 06:17:55 - [MESSAGE][INFO] - ( CAN )

2019-12-16 06:17:55 - [TEST_STEP][PASSED] - delay(5): Delayed 5 second(s)

2019-12-16 06:18:00 - [MESSAGE][PASSED] - Delayed 5 second(s)

2019-12-16 06:18:00 - [TEST_STEP][PASSED] - var = Integer.parseInt(var_idRowRes): null

2019-12-16 06:18:00 - [TEST_STEP][PASSED] - fis = new java.io.FileInputStream(/home/leonardo-arkusmty/Desktop/P4P/DATA_AUTOMATINTESTING/data_2cancelReservation.xlsx): null

2019-12-16 06:18:00 - [TEST_STEP][PASSED] - workbook = new org.apache.poi.xssf.usermodel.XSSFWorkbook(fis): null

2019-12-16 06:18:00 - [TEST_STEP][PASSED] - sheet = workbook.getSheet("Sheet1"): null

2019-12-16 06:18:00 - [TEST_STEP][PASSED] - row = sheet.getRow(var): null

2019-12-16 06:18:00 - [TEST_STEP][PASSED] - cell = row.createCell(9, 0): null

2019-12-16 06:18:00 - [TEST_STEP][PASSED] - cell.setCellType(CELL_TYPE_STRING): null

2019-12-16 06:18:00 - [TEST_STEP][PASSED] - cell.setCellValue(getText(findTestObject("Object Repository/object_reservation/Page_Paradise 4 Paws  Dog Boarding Cat Boar_35fe2b/span_( BK )"))): Text of object 'Object Repository/object_reservation/Page_Paradise 4 Paws  Dog Boarding Cat Boar_35fe2b/span_( BK )' is: '( CAN )'

2019-12-16 06:18:00 - [MESSAGE][PASSED] - Text of object 'Object Repository/object_reservation/Page_Paradise 4 Paws  Dog Boarding Cat Boar_35fe2b/span_( BK )' is: '( CAN )'

2019-12-16 06:18:00 - [TEST_STEP][PASSED] - fos = new java.io.FileOutputStream(/home/leonardo-arkusmty/Desktop/P4P/DATA_AUTOMATINTESTING/data_2cancelReservation.xlsx): null

2019-12-16 06:18:00 - [TEST_STEP][PASSED] - workbook.write(fos): null

2019-12-16 06:18:00 - [TEST_STEP][PASSED] - fos.close(): null]]></system-out>
         <system-err><![CDATA[]]></system-err>
      </testcase>
      <testcase name="Test Cases/p4p_cancelReserEdit" time="68.716" classname="Test Cases/p4p_cancelReserEdit" status="PASSED">
         <system-out><![CDATA[2019-12-16 06:18:00 - [TEST_CASE][PASSED] - Test Cases/p4p_cancelReserEdit: Test Cases/p4p_cancelReserEdit

2019-12-16 06:18:00 - [TEST_STEP][PASSED] - openBrowser("https://p4p-qa-bg.aws.paradise4paws.com/login/"): Browser is opened with url: 'https://p4p-qa-bg.aws.paradise4paws.com/login/'

2019-12-16 06:18:00 - [MESSAGE][WARNING] - A browser is already opened. Closing browser and opening a new one

2019-12-16 06:18:01 - [MESSAGE][INFO] - Starting 'Firefox' driver

2019-12-16 06:18:05 - [MESSAGE][PASSED] - Browser is opened with url: 'https://p4p-qa-bg.aws.paradise4paws.com/login/'

2019-12-16 06:18:05 - [TEST_STEP][PASSED] - setText(findTestObject("Object Repository/object_login/input_user"), var_user): Text 'jegchavez@gmail.com' is set on object 'Object Repository/object_login/input_user'

2019-12-16 06:18:05 - [MESSAGE][PASSED] - Text 'jegchavez@gmail.com' is set on object 'Object Repository/object_login/input_user'

2019-12-16 06:18:05 - [TEST_STEP][PASSED] - setText(findTestObject("Object Repository/object_login/input_pass"), var_pass): Text 'admin1' is set on object 'Object Repository/object_login/input_pass'

2019-12-16 06:18:06 - [MESSAGE][PASSED] - Text 'admin1' is set on object 'Object Repository/object_login/input_pass'

2019-12-16 06:18:06 - [TEST_STEP][PASSED] - delay(2): Delayed 2 second(s)

2019-12-16 06:18:08 - [MESSAGE][PASSED] - Delayed 2 second(s)

2019-12-16 06:18:08 - [TEST_STEP][PASSED] - verifyElementClickable(findTestObject("Object Repository/object_login/btn_login")): Object 'Object Repository/object_login/btn_login' is clickable

2019-12-16 06:18:08 - [MESSAGE][PASSED] - Object 'Object Repository/object_login/btn_login' is clickable

2019-12-16 06:18:08 - [TEST_STEP][PASSED] - click(findTestObject("Object Repository/object_login/btn_login")): Object: 'Object Repository/object_login/btn_login' is clicked on

2019-12-16 06:18:11 - [MESSAGE][PASSED] - Object: 'Object Repository/object_login/btn_login' is clicked on

2019-12-16 06:18:11 - [TEST_STEP][PASSED] - delay(2): Delayed 2 second(s)

2019-12-16 06:18:13 - [MESSAGE][PASSED] - Delayed 2 second(s)

2019-12-16 06:18:13 - [TEST_STEP][PASSED] - setText(findTestObject("Object Repository/object_dashboard_emp/input_search"), var_mailParent): Text 'leongarzagarza@hotmail.com' is set on object 'Object Repository/object_dashboard_emp/input_search'

2019-12-16 06:18:13 - [MESSAGE][PASSED] - Text 'leongarzagarza@hotmail.com' is set on object 'Object Repository/object_dashboard_emp/input_search'

2019-12-16 06:18:13 - [TEST_STEP][PASSED] - click(findTestObject("Object Repository/object_dashboard_emp/btn_accountSearch")): Object: 'Object Repository/object_dashboard_emp/btn_accountSearch' is clicked on

2019-12-16 06:18:14 - [MESSAGE][PASSED] - Object: 'Object Repository/object_dashboard_emp/btn_accountSearch' is clicked on

2019-12-16 06:18:14 - [TEST_STEP][PASSED] - delay(2): Delayed 2 second(s)

2019-12-16 06:18:16 - [MESSAGE][PASSED] - Delayed 2 second(s)

2019-12-16 06:18:16 - [TEST_STEP][PASSED] - click(findTestObject("object_accountInformation/a_TEST GABRIEL PROD")): Object: 'Object Repository/object_accountInformation/a_TEST GABRIEL PROD' is clicked on

2019-12-16 06:18:20 - [MESSAGE][PASSED] - Object: 'Object Repository/object_accountInformation/a_TEST GABRIEL PROD' is clicked on

2019-12-16 06:18:20 - [TEST_STEP][PASSED] - delay(1): Delayed 1 second(s)

2019-12-16 06:18:21 - [MESSAGE][PASSED] - Delayed 1 second(s)

2019-12-16 06:18:21 - [TEST_STEP][PASSED] - a = var_url1 + var_idReservation + var_url2 + var_idParent: null

2019-12-16 06:18:21 - [TEST_STEP][PASSED] - delay(4): Delayed 4 second(s)

2019-12-16 06:18:25 - [MESSAGE][PASSED] - Delayed 4 second(s)

2019-12-16 06:18:25 - [TEST_STEP][PASSED] - log = new com.kms.katalon.core.logging.KeywordLogger(): null

2019-12-16 06:18:25 - [TEST_STEP][PASSED] - log.logInfo("URL: " + a): URL: https://p4p-qa-bg.aws.paradise4paws.com/frontdesk/reservation/
1702512/?parent_id=122350

2019-12-16 06:18:25 - [MESSAGE][INFO] - URL: https://p4p-qa-bg.aws.paradise4paws.com/frontdesk/reservation/
1702512/?parent_id=122350

2019-12-16 06:18:25 - [TEST_STEP][PASSED] - navigateToUrl(a): Navigate to 'https://p4p-qa-bg.aws.paradise4paws.com/frontdesk/reservation/
1702512/?parent_id=122350' successfully

2019-12-16 06:18:27 - [MESSAGE][PASSED] - Navigate to 'https://p4p-qa-bg.aws.paradise4paws.com/frontdesk/reservation/
1702512/?parent_id=122350' successfully

2019-12-16 06:18:27 - [TEST_STEP][PASSED] - delay(3): Delayed 3 second(s)

2019-12-16 06:18:30 - [MESSAGE][PASSED] - Delayed 3 second(s)

2019-12-16 06:18:30 - [TEST_STEP][PASSED] - click(findTestObject("object_reservation/button_Next")): Object: 'Object Repository/object_reservation/button_Next' is clicked on

2019-12-16 06:18:35 - [MESSAGE][PASSED] - Object: 'Object Repository/object_reservation/button_Next' is clicked on

2019-12-16 06:18:35 - [TEST_STEP][PASSED] - delay(3): Delayed 3 second(s)

2019-12-16 06:18:38 - [MESSAGE][PASSED] - Delayed 3 second(s)

2019-12-16 06:18:38 - [TEST_STEP][PASSED] - delay(2): Delayed 2 second(s)

2019-12-16 06:18:40 - [MESSAGE][PASSED] - Delayed 2 second(s)

2019-12-16 06:18:40 - [TEST_STEP][PASSED] - delay(2): Delayed 2 second(s)

2019-12-16 06:18:42 - [MESSAGE][PASSED] - Delayed 2 second(s)

2019-12-16 06:18:42 - [TEST_STEP][PASSED] - if (var_typeReserv == "BOARDING"): null

2019-12-16 06:18:42 - [TEST_STEP][PASSED] - click(findTestObject("object_reservation/button_Next")): Object: 'Object Repository/object_reservation/button_Next' is clicked on

2019-12-16 06:18:42 - [MESSAGE][PASSED] - Object: 'Object Repository/object_reservation/button_Next' is clicked on

2019-12-16 06:18:42 - [TEST_STEP][PASSED] - click(findTestObject("object_reservation/btn_cancelReservation")): Object: 'Object Repository/object_reservation/btn_cancelReservation' is clicked on

2019-12-16 06:18:45 - [MESSAGE][PASSED] - Object: 'Object Repository/object_reservation/btn_cancelReservation' is clicked on

2019-12-16 06:18:45 - [TEST_STEP][PASSED] - delay(4): Delayed 4 second(s)

2019-12-16 06:18:49 - [MESSAGE][PASSED] - Delayed 4 second(s)

2019-12-16 06:18:49 - [TEST_STEP][PASSED] - click(findTestObject("Object Repository/object_reservation/Page_Paradise 4 Paws  Dog Boarding Cat Boar_145431/button_Cancel This Reservation")): Object: 'Object Repository/object_reservation/Page_Paradise 4 Paws  Dog Boarding Cat Boar_145431/button_Cancel This Reservation' is clicked on

2019-12-16 06:18:49 - [MESSAGE][PASSED] - Object: 'Object Repository/object_reservation/Page_Paradise 4 Paws  Dog Boarding Cat Boar_145431/button_Cancel This Reservation' is clicked on

2019-12-16 06:18:49 - [TEST_STEP][PASSED] - delay(4): Delayed 4 second(s)

2019-12-16 06:18:53 - [MESSAGE][PASSED] - Delayed 4 second(s)

2019-12-16 06:18:53 - [TEST_STEP][PASSED] - navigateToUrl(a): Navigate to 'https://p4p-qa-bg.aws.paradise4paws.com/frontdesk/reservation/
1702512/?parent_id=122350' successfully

2019-12-16 06:18:55 - [MESSAGE][PASSED] - Navigate to 'https://p4p-qa-bg.aws.paradise4paws.com/frontdesk/reservation/
1702512/?parent_id=122350' successfully

2019-12-16 06:18:55 - [TEST_STEP][PASSED] - verifyElementText(findTestObject("Object Repository/object_reservation/Page_Paradise 4 Paws  Dog Boarding Cat Boar_35fe2b/span_( BK )"), "( CAN )", STOP_ON_FAILURE): Actual text and expected text of test object 'Object Repository/object_reservation/Page_Paradise 4 Paws  Dog Boarding Cat Boar_35fe2b/span_( BK )' are matched.

2019-12-16 06:19:04 - [MESSAGE][PASSED] - Actual text and expected text of test object 'Object Repository/object_reservation/Page_Paradise 4 Paws  Dog Boarding Cat Boar_35fe2b/span_( BK )' are matched.

2019-12-16 06:19:04 - [TEST_STEP][PASSED] - log.logInfo(getText(findTestObject("Object Repository/object_reservation/Page_Paradise 4 Paws  Dog Boarding Cat Boar_35fe2b/span_( BK )"))): ( CAN )

2019-12-16 06:19:04 - [MESSAGE][PASSED] - Text of object 'Object Repository/object_reservation/Page_Paradise 4 Paws  Dog Boarding Cat Boar_35fe2b/span_( BK )' is: '( CAN )'

2019-12-16 06:19:04 - [MESSAGE][INFO] - ( CAN )

2019-12-16 06:19:04 - [TEST_STEP][PASSED] - delay(5): Delayed 5 second(s)

2019-12-16 06:19:09 - [MESSAGE][PASSED] - Delayed 5 second(s)

2019-12-16 06:19:09 - [TEST_STEP][PASSED] - var = Integer.parseInt(var_idRowRes): null

2019-12-16 06:19:09 - [TEST_STEP][PASSED] - fis = new java.io.FileInputStream(/home/leonardo-arkusmty/Desktop/P4P/DATA_AUTOMATINTESTING/data_2cancelReservation.xlsx): null

2019-12-16 06:19:09 - [TEST_STEP][PASSED] - workbook = new org.apache.poi.xssf.usermodel.XSSFWorkbook(fis): null

2019-12-16 06:19:09 - [TEST_STEP][PASSED] - sheet = workbook.getSheet("Sheet1"): null

2019-12-16 06:19:09 - [TEST_STEP][PASSED] - row = sheet.getRow(var): null

2019-12-16 06:19:09 - [TEST_STEP][PASSED] - cell = row.createCell(9, 0): null

2019-12-16 06:19:09 - [TEST_STEP][PASSED] - cell.setCellType(CELL_TYPE_STRING): null

2019-12-16 06:19:09 - [TEST_STEP][PASSED] - cell.setCellValue(getText(findTestObject("Object Repository/object_reservation/Page_Paradise 4 Paws  Dog Boarding Cat Boar_35fe2b/span_( BK )"))): Text of object 'Object Repository/object_reservation/Page_Paradise 4 Paws  Dog Boarding Cat Boar_35fe2b/span_( BK )' is: '( CAN )'

2019-12-16 06:19:09 - [MESSAGE][PASSED] - Text of object 'Object Repository/object_reservation/Page_Paradise 4 Paws  Dog Boarding Cat Boar_35fe2b/span_( BK )' is: '( CAN )'

2019-12-16 06:19:09 - [TEST_STEP][PASSED] - fos = new java.io.FileOutputStream(/home/leonardo-arkusmty/Desktop/P4P/DATA_AUTOMATINTESTING/data_2cancelReservation.xlsx): null

2019-12-16 06:19:09 - [TEST_STEP][PASSED] - workbook.write(fos): null

2019-12-16 06:19:09 - [TEST_STEP][PASSED] - fos.close(): null]]></system-out>
         <system-err><![CDATA[]]></system-err>
      </testcase>
      <testcase name="Test Cases/p4p_cancelReserEdit" time="63.769" classname="Test Cases/p4p_cancelReserEdit" status="PASSED">
         <system-out><![CDATA[2019-12-16 06:19:09 - [TEST_CASE][PASSED] - Test Cases/p4p_cancelReserEdit: Test Cases/p4p_cancelReserEdit

2019-12-16 06:19:09 - [TEST_STEP][PASSED] - openBrowser("https://p4p-qa-bg.aws.paradise4paws.com/login/"): Browser is opened with url: 'https://p4p-qa-bg.aws.paradise4paws.com/login/'

2019-12-16 06:19:09 - [MESSAGE][WARNING] - A browser is already opened. Closing browser and opening a new one

2019-12-16 06:19:10 - [MESSAGE][INFO] - Starting 'Firefox' driver

2019-12-16 06:19:13 - [MESSAGE][PASSED] - Browser is opened with url: 'https://p4p-qa-bg.aws.paradise4paws.com/login/'

2019-12-16 06:19:13 - [TEST_STEP][PASSED] - setText(findTestObject("Object Repository/object_login/input_user"), var_user): Text 'jegchavez@gmail.com' is set on object 'Object Repository/object_login/input_user'

2019-12-16 06:19:14 - [MESSAGE][PASSED] - Text 'jegchavez@gmail.com' is set on object 'Object Repository/object_login/input_user'

2019-12-16 06:19:14 - [TEST_STEP][PASSED] - setText(findTestObject("Object Repository/object_login/input_pass"), var_pass): Text 'admin1' is set on object 'Object Repository/object_login/input_pass'

2019-12-16 06:19:14 - [MESSAGE][PASSED] - Text 'admin1' is set on object 'Object Repository/object_login/input_pass'

2019-12-16 06:19:14 - [TEST_STEP][PASSED] - delay(2): Delayed 2 second(s)

2019-12-16 06:19:16 - [MESSAGE][PASSED] - Delayed 2 second(s)

2019-12-16 06:19:16 - [TEST_STEP][PASSED] - verifyElementClickable(findTestObject("Object Repository/object_login/btn_login")): Object 'Object Repository/object_login/btn_login' is clickable

2019-12-16 06:19:17 - [MESSAGE][PASSED] - Object 'Object Repository/object_login/btn_login' is clickable

2019-12-16 06:19:17 - [TEST_STEP][PASSED] - click(findTestObject("Object Repository/object_login/btn_login")): Object: 'Object Repository/object_login/btn_login' is clicked on

2019-12-16 06:19:21 - [MESSAGE][PASSED] - Object: 'Object Repository/object_login/btn_login' is clicked on

2019-12-16 06:19:21 - [TEST_STEP][PASSED] - delay(2): Delayed 2 second(s)

2019-12-16 06:19:23 - [MESSAGE][PASSED] - Delayed 2 second(s)

2019-12-16 06:19:23 - [TEST_STEP][PASSED] - setText(findTestObject("Object Repository/object_dashboard_emp/input_search"), var_mailParent): Text 'leongarzagarza@hotmail.com' is set on object 'Object Repository/object_dashboard_emp/input_search'

2019-12-16 06:19:23 - [MESSAGE][PASSED] - Text 'leongarzagarza@hotmail.com' is set on object 'Object Repository/object_dashboard_emp/input_search'

2019-12-16 06:19:23 - [TEST_STEP][PASSED] - click(findTestObject("Object Repository/object_dashboard_emp/btn_accountSearch")): Object: 'Object Repository/object_dashboard_emp/btn_accountSearch' is clicked on

2019-12-16 06:19:24 - [MESSAGE][PASSED] - Object: 'Object Repository/object_dashboard_emp/btn_accountSearch' is clicked on

2019-12-16 06:19:24 - [TEST_STEP][PASSED] - delay(2): Delayed 2 second(s)

2019-12-16 06:19:26 - [MESSAGE][PASSED] - Delayed 2 second(s)

2019-12-16 06:19:26 - [TEST_STEP][PASSED] - click(findTestObject("object_accountInformation/a_TEST GABRIEL PROD")): Object: 'Object Repository/object_accountInformation/a_TEST GABRIEL PROD' is clicked on

2019-12-16 06:19:30 - [MESSAGE][PASSED] - Object: 'Object Repository/object_accountInformation/a_TEST GABRIEL PROD' is clicked on

2019-12-16 06:19:30 - [TEST_STEP][PASSED] - delay(1): Delayed 1 second(s)

2019-12-16 06:19:31 - [MESSAGE][PASSED] - Delayed 1 second(s)

2019-12-16 06:19:31 - [TEST_STEP][PASSED] - a = var_url1 + var_idReservation + var_url2 + var_idParent: null

2019-12-16 06:19:31 - [TEST_STEP][PASSED] - delay(4): Delayed 4 second(s)

2019-12-16 06:19:35 - [MESSAGE][PASSED] - Delayed 4 second(s)

2019-12-16 06:19:35 - [TEST_STEP][PASSED] - log = new com.kms.katalon.core.logging.KeywordLogger(): null

2019-12-16 06:19:35 - [TEST_STEP][PASSED] - log.logInfo("URL: " + a): URL: https://p4p-qa-bg.aws.paradise4paws.com/frontdesk/reservation/
1702513/?parent_id=122350

2019-12-16 06:19:35 - [MESSAGE][INFO] - URL: https://p4p-qa-bg.aws.paradise4paws.com/frontdesk/reservation/
1702513/?parent_id=122350

2019-12-16 06:19:35 - [TEST_STEP][PASSED] - navigateToUrl(a): Navigate to 'https://p4p-qa-bg.aws.paradise4paws.com/frontdesk/reservation/
1702513/?parent_id=122350' successfully

2019-12-16 06:19:37 - [MESSAGE][PASSED] - Navigate to 'https://p4p-qa-bg.aws.paradise4paws.com/frontdesk/reservation/
1702513/?parent_id=122350' successfully

2019-12-16 06:19:37 - [TEST_STEP][PASSED] - delay(3): Delayed 3 second(s)

2019-12-16 06:19:40 - [MESSAGE][PASSED] - Delayed 3 second(s)

2019-12-16 06:19:40 - [TEST_STEP][PASSED] - click(findTestObject("object_reservation/button_Next")): Object: 'Object Repository/object_reservation/button_Next' is clicked on

2019-12-16 06:19:42 - [MESSAGE][PASSED] - Object: 'Object Repository/object_reservation/button_Next' is clicked on

2019-12-16 06:19:42 - [TEST_STEP][PASSED] - delay(3): Delayed 3 second(s)

2019-12-16 06:19:45 - [MESSAGE][PASSED] - Delayed 3 second(s)

2019-12-16 06:19:45 - [TEST_STEP][PASSED] - delay(2): Delayed 2 second(s)

2019-12-16 06:19:47 - [MESSAGE][PASSED] - Delayed 2 second(s)

2019-12-16 06:19:47 - [TEST_STEP][PASSED] - delay(2): Delayed 2 second(s)

2019-12-16 06:19:49 - [MESSAGE][PASSED] - Delayed 2 second(s)

2019-12-16 06:19:49 - [TEST_STEP][PASSED] - if (var_typeReserv == "BOARDING"): null

2019-12-16 06:19:49 - [TEST_STEP][PASSED] - click(findTestObject("object_reservation/button_Next")): Object: 'Object Repository/object_reservation/button_Next' is clicked on

2019-12-16 06:19:49 - [MESSAGE][PASSED] - Object: 'Object Repository/object_reservation/button_Next' is clicked on

2019-12-16 06:19:49 - [TEST_STEP][PASSED] - click(findTestObject("object_reservation/btn_cancelReservation")): Object: 'Object Repository/object_reservation/btn_cancelReservation' is clicked on

2019-12-16 06:19:51 - [MESSAGE][PASSED] - Object: 'Object Repository/object_reservation/btn_cancelReservation' is clicked on

2019-12-16 06:19:51 - [TEST_STEP][PASSED] - delay(4): Delayed 4 second(s)

2019-12-16 06:19:55 - [MESSAGE][PASSED] - Delayed 4 second(s)

2019-12-16 06:19:55 - [TEST_STEP][PASSED] - click(findTestObject("Object Repository/object_reservation/Page_Paradise 4 Paws  Dog Boarding Cat Boar_145431/button_Cancel This Reservation")): Object: 'Object Repository/object_reservation/Page_Paradise 4 Paws  Dog Boarding Cat Boar_145431/button_Cancel This Reservation' is clicked on

2019-12-16 06:19:56 - [MESSAGE][PASSED] - Object: 'Object Repository/object_reservation/Page_Paradise 4 Paws  Dog Boarding Cat Boar_145431/button_Cancel This Reservation' is clicked on

2019-12-16 06:19:56 - [TEST_STEP][PASSED] - delay(4): Delayed 4 second(s)

2019-12-16 06:20:00 - [MESSAGE][PASSED] - Delayed 4 second(s)

2019-12-16 06:20:00 - [TEST_STEP][PASSED] - navigateToUrl(a): Navigate to 'https://p4p-qa-bg.aws.paradise4paws.com/frontdesk/reservation/
1702513/?parent_id=122350' successfully

2019-12-16 06:20:01 - [MESSAGE][PASSED] - Navigate to 'https://p4p-qa-bg.aws.paradise4paws.com/frontdesk/reservation/
1702513/?parent_id=122350' successfully

2019-12-16 06:20:01 - [TEST_STEP][PASSED] - verifyElementText(findTestObject("Object Repository/object_reservation/Page_Paradise 4 Paws  Dog Boarding Cat Boar_35fe2b/span_( BK )"), "( CAN )", STOP_ON_FAILURE): Actual text and expected text of test object 'Object Repository/object_reservation/Page_Paradise 4 Paws  Dog Boarding Cat Boar_35fe2b/span_( BK )' are matched.

2019-12-16 06:20:06 - [MESSAGE][PASSED] - Actual text and expected text of test object 'Object Repository/object_reservation/Page_Paradise 4 Paws  Dog Boarding Cat Boar_35fe2b/span_( BK )' are matched.

2019-12-16 06:20:06 - [TEST_STEP][PASSED] - log.logInfo(getText(findTestObject("Object Repository/object_reservation/Page_Paradise 4 Paws  Dog Boarding Cat Boar_35fe2b/span_( BK )"))): ( CAN )

2019-12-16 06:20:08 - [MESSAGE][PASSED] - Text of object 'Object Repository/object_reservation/Page_Paradise 4 Paws  Dog Boarding Cat Boar_35fe2b/span_( BK )' is: '( CAN )'

2019-12-16 06:20:08 - [MESSAGE][INFO] - ( CAN )

2019-12-16 06:20:08 - [TEST_STEP][PASSED] - delay(5): Delayed 5 second(s)

2019-12-16 06:20:13 - [MESSAGE][PASSED] - Delayed 5 second(s)

2019-12-16 06:20:13 - [TEST_STEP][PASSED] - var = Integer.parseInt(var_idRowRes): null

2019-12-16 06:20:13 - [TEST_STEP][PASSED] - fis = new java.io.FileInputStream(/home/leonardo-arkusmty/Desktop/P4P/DATA_AUTOMATINTESTING/data_2cancelReservation.xlsx): null

2019-12-16 06:20:13 - [TEST_STEP][PASSED] - workbook = new org.apache.poi.xssf.usermodel.XSSFWorkbook(fis): null

2019-12-16 06:20:13 - [TEST_STEP][PASSED] - sheet = workbook.getSheet("Sheet1"): null

2019-12-16 06:20:13 - [TEST_STEP][PASSED] - row = sheet.getRow(var): null

2019-12-16 06:20:13 - [TEST_STEP][PASSED] - cell = row.createCell(9, 0): null

2019-12-16 06:20:13 - [TEST_STEP][PASSED] - cell.setCellType(CELL_TYPE_STRING): null

2019-12-16 06:20:13 - [TEST_STEP][PASSED] - cell.setCellValue(getText(findTestObject("Object Repository/object_reservation/Page_Paradise 4 Paws  Dog Boarding Cat Boar_35fe2b/span_( BK )"))): Text of object 'Object Repository/object_reservation/Page_Paradise 4 Paws  Dog Boarding Cat Boar_35fe2b/span_( BK )' is: '( CAN )'

2019-12-16 06:20:13 - [MESSAGE][PASSED] - Text of object 'Object Repository/object_reservation/Page_Paradise 4 Paws  Dog Boarding Cat Boar_35fe2b/span_( BK )' is: '( CAN )'

2019-12-16 06:20:13 - [TEST_STEP][PASSED] - fos = new java.io.FileOutputStream(/home/leonardo-arkusmty/Desktop/P4P/DATA_AUTOMATINTESTING/data_2cancelReservation.xlsx): null

2019-12-16 06:20:13 - [TEST_STEP][PASSED] - workbook.write(fos): null

2019-12-16 06:20:13 - [TEST_STEP][PASSED] - fos.close(): null]]></system-out>
         <system-err><![CDATA[]]></system-err>
      </testcase>
      <testcase name="Test Cases/p4p_cancelReserEdit" time="60.508" classname="Test Cases/p4p_cancelReserEdit" status="PASSED">
         <system-out><![CDATA[2019-12-16 06:20:13 - [TEST_CASE][PASSED] - Test Cases/p4p_cancelReserEdit: Test Cases/p4p_cancelReserEdit

2019-12-16 06:20:13 - [TEST_STEP][PASSED] - openBrowser("https://p4p-qa-bg.aws.paradise4paws.com/login/"): Browser is opened with url: 'https://p4p-qa-bg.aws.paradise4paws.com/login/'

2019-12-16 06:20:13 - [MESSAGE][WARNING] - A browser is already opened. Closing browser and opening a new one

2019-12-16 06:20:14 - [MESSAGE][INFO] - Starting 'Firefox' driver

2019-12-16 06:20:17 - [MESSAGE][PASSED] - Browser is opened with url: 'https://p4p-qa-bg.aws.paradise4paws.com/login/'

2019-12-16 06:20:17 - [TEST_STEP][PASSED] - setText(findTestObject("Object Repository/object_login/input_user"), var_user): Text 'jegchavez@gmail.com' is set on object 'Object Repository/object_login/input_user'

2019-12-16 06:20:18 - [MESSAGE][PASSED] - Text 'jegchavez@gmail.com' is set on object 'Object Repository/object_login/input_user'

2019-12-16 06:20:18 - [TEST_STEP][PASSED] - setText(findTestObject("Object Repository/object_login/input_pass"), var_pass): Text 'admin1' is set on object 'Object Repository/object_login/input_pass'

2019-12-16 06:20:18 - [MESSAGE][PASSED] - Text 'admin1' is set on object 'Object Repository/object_login/input_pass'

2019-12-16 06:20:18 - [TEST_STEP][PASSED] - delay(2): Delayed 2 second(s)

2019-12-16 06:20:20 - [MESSAGE][PASSED] - Delayed 2 second(s)

2019-12-16 06:20:20 - [TEST_STEP][PASSED] - verifyElementClickable(findTestObject("Object Repository/object_login/btn_login")): Object 'Object Repository/object_login/btn_login' is clickable

2019-12-16 06:20:20 - [MESSAGE][PASSED] - Object 'Object Repository/object_login/btn_login' is clickable

2019-12-16 06:20:20 - [TEST_STEP][PASSED] - click(findTestObject("Object Repository/object_login/btn_login")): Object: 'Object Repository/object_login/btn_login' is clicked on

2019-12-16 06:20:23 - [MESSAGE][PASSED] - Object: 'Object Repository/object_login/btn_login' is clicked on

2019-12-16 06:20:23 - [TEST_STEP][PASSED] - delay(2): Delayed 2 second(s)

2019-12-16 06:20:25 - [MESSAGE][PASSED] - Delayed 2 second(s)

2019-12-16 06:20:25 - [TEST_STEP][PASSED] - setText(findTestObject("Object Repository/object_dashboard_emp/input_search"), var_mailParent): Text 'leongarzagarza@hotmail.com' is set on object 'Object Repository/object_dashboard_emp/input_search'

2019-12-16 06:20:26 - [MESSAGE][PASSED] - Text 'leongarzagarza@hotmail.com' is set on object 'Object Repository/object_dashboard_emp/input_search'

2019-12-16 06:20:26 - [TEST_STEP][PASSED] - click(findTestObject("Object Repository/object_dashboard_emp/btn_accountSearch")): Object: 'Object Repository/object_dashboard_emp/btn_accountSearch' is clicked on

2019-12-16 06:20:26 - [MESSAGE][PASSED] - Object: 'Object Repository/object_dashboard_emp/btn_accountSearch' is clicked on

2019-12-16 06:20:26 - [TEST_STEP][PASSED] - delay(2): Delayed 2 second(s)

2019-12-16 06:20:28 - [MESSAGE][PASSED] - Delayed 2 second(s)

2019-12-16 06:20:28 - [TEST_STEP][PASSED] - click(findTestObject("object_accountInformation/a_TEST GABRIEL PROD")): Object: 'Object Repository/object_accountInformation/a_TEST GABRIEL PROD' is clicked on

2019-12-16 06:20:33 - [MESSAGE][PASSED] - Object: 'Object Repository/object_accountInformation/a_TEST GABRIEL PROD' is clicked on

2019-12-16 06:20:33 - [TEST_STEP][PASSED] - delay(1): Delayed 1 second(s)

2019-12-16 06:20:34 - [MESSAGE][PASSED] - Delayed 1 second(s)

2019-12-16 06:20:34 - [TEST_STEP][PASSED] - a = var_url1 + var_idReservation + var_url2 + var_idParent: null

2019-12-16 06:20:34 - [TEST_STEP][PASSED] - delay(4): Delayed 4 second(s)

2019-12-16 06:20:38 - [MESSAGE][PASSED] - Delayed 4 second(s)

2019-12-16 06:20:38 - [TEST_STEP][PASSED] - log = new com.kms.katalon.core.logging.KeywordLogger(): null

2019-12-16 06:20:38 - [TEST_STEP][PASSED] - log.logInfo("URL: " + a): URL: https://p4p-qa-bg.aws.paradise4paws.com/frontdesk/reservation/
1702514/?parent_id=122350

2019-12-16 06:20:38 - [MESSAGE][INFO] - URL: https://p4p-qa-bg.aws.paradise4paws.com/frontdesk/reservation/
1702514/?parent_id=122350

2019-12-16 06:20:38 - [TEST_STEP][PASSED] - navigateToUrl(a): Navigate to 'https://p4p-qa-bg.aws.paradise4paws.com/frontdesk/reservation/
1702514/?parent_id=122350' successfully

2019-12-16 06:20:39 - [MESSAGE][PASSED] - Navigate to 'https://p4p-qa-bg.aws.paradise4paws.com/frontdesk/reservation/
1702514/?parent_id=122350' successfully

2019-12-16 06:20:39 - [TEST_STEP][PASSED] - delay(3): Delayed 3 second(s)

2019-12-16 06:20:42 - [MESSAGE][PASSED] - Delayed 3 second(s)

2019-12-16 06:20:42 - [TEST_STEP][PASSED] - click(findTestObject("object_reservation/button_Next")): Object: 'Object Repository/object_reservation/button_Next' is clicked on

2019-12-16 06:20:44 - [MESSAGE][PASSED] - Object: 'Object Repository/object_reservation/button_Next' is clicked on

2019-12-16 06:20:44 - [TEST_STEP][PASSED] - delay(3): Delayed 3 second(s)

2019-12-16 06:20:47 - [MESSAGE][PASSED] - Delayed 3 second(s)

2019-12-16 06:20:47 - [TEST_STEP][PASSED] - delay(2): Delayed 2 second(s)

2019-12-16 06:20:49 - [MESSAGE][PASSED] - Delayed 2 second(s)

2019-12-16 06:20:49 - [TEST_STEP][PASSED] - delay(2): Delayed 2 second(s)

2019-12-16 06:20:51 - [MESSAGE][PASSED] - Delayed 2 second(s)

2019-12-16 06:20:51 - [TEST_STEP][PASSED] - if (var_typeReserv == "BOARDING"): null

2019-12-16 06:20:51 - [TEST_STEP][PASSED] - click(findTestObject("object_reservation/button_Next")): Object: 'Object Repository/object_reservation/button_Next' is clicked on

2019-12-16 06:20:52 - [MESSAGE][PASSED] - Object: 'Object Repository/object_reservation/button_Next' is clicked on

2019-12-16 06:20:52 - [TEST_STEP][PASSED] - click(findTestObject("object_reservation/btn_cancelReservation")): Object: 'Object Repository/object_reservation/btn_cancelReservation' is clicked on

2019-12-16 06:20:54 - [MESSAGE][PASSED] - Object: 'Object Repository/object_reservation/btn_cancelReservation' is clicked on

2019-12-16 06:20:54 - [TEST_STEP][PASSED] - delay(4): Delayed 4 second(s)

2019-12-16 06:20:58 - [MESSAGE][PASSED] - Delayed 4 second(s)

2019-12-16 06:20:58 - [TEST_STEP][PASSED] - click(findTestObject("Object Repository/object_reservation/Page_Paradise 4 Paws  Dog Boarding Cat Boar_145431/button_Cancel This Reservation")): Object: 'Object Repository/object_reservation/Page_Paradise 4 Paws  Dog Boarding Cat Boar_145431/button_Cancel This Reservation' is clicked on

2019-12-16 06:20:58 - [MESSAGE][PASSED] - Object: 'Object Repository/object_reservation/Page_Paradise 4 Paws  Dog Boarding Cat Boar_145431/button_Cancel This Reservation' is clicked on

2019-12-16 06:20:58 - [TEST_STEP][PASSED] - delay(4): Delayed 4 second(s)

2019-12-16 06:21:02 - [MESSAGE][PASSED] - Delayed 4 second(s)

2019-12-16 06:21:02 - [TEST_STEP][PASSED] - navigateToUrl(a): Navigate to 'https://p4p-qa-bg.aws.paradise4paws.com/frontdesk/reservation/
1702514/?parent_id=122350' successfully

2019-12-16 06:21:03 - [MESSAGE][PASSED] - Navigate to 'https://p4p-qa-bg.aws.paradise4paws.com/frontdesk/reservation/
1702514/?parent_id=122350' successfully

2019-12-16 06:21:03 - [TEST_STEP][PASSED] - verifyElementText(findTestObject("Object Repository/object_reservation/Page_Paradise 4 Paws  Dog Boarding Cat Boar_35fe2b/span_( BK )"), "( CAN )", STOP_ON_FAILURE): Actual text and expected text of test object 'Object Repository/object_reservation/Page_Paradise 4 Paws  Dog Boarding Cat Boar_35fe2b/span_( BK )' are matched.

2019-12-16 06:21:08 - [MESSAGE][PASSED] - Actual text and expected text of test object 'Object Repository/object_reservation/Page_Paradise 4 Paws  Dog Boarding Cat Boar_35fe2b/span_( BK )' are matched.

2019-12-16 06:21:08 - [TEST_STEP][PASSED] - log.logInfo(getText(findTestObject("Object Repository/object_reservation/Page_Paradise 4 Paws  Dog Boarding Cat Boar_35fe2b/span_( BK )"))): ( CAN )

2019-12-16 06:21:08 - [MESSAGE][PASSED] - Text of object 'Object Repository/object_reservation/Page_Paradise 4 Paws  Dog Boarding Cat Boar_35fe2b/span_( BK )' is: '( CAN )'

2019-12-16 06:21:08 - [MESSAGE][INFO] - ( CAN )

2019-12-16 06:21:08 - [TEST_STEP][PASSED] - delay(5): Delayed 5 second(s)

2019-12-16 06:21:13 - [MESSAGE][PASSED] - Delayed 5 second(s)

2019-12-16 06:21:13 - [TEST_STEP][PASSED] - var = Integer.parseInt(var_idRowRes): null

2019-12-16 06:21:13 - [TEST_STEP][PASSED] - fis = new java.io.FileInputStream(/home/leonardo-arkusmty/Desktop/P4P/DATA_AUTOMATINTESTING/data_2cancelReservation.xlsx): null

2019-12-16 06:21:13 - [TEST_STEP][PASSED] - workbook = new org.apache.poi.xssf.usermodel.XSSFWorkbook(fis): null

2019-12-16 06:21:13 - [TEST_STEP][PASSED] - sheet = workbook.getSheet("Sheet1"): null

2019-12-16 06:21:13 - [TEST_STEP][PASSED] - row = sheet.getRow(var): null

2019-12-16 06:21:13 - [TEST_STEP][PASSED] - cell = row.createCell(9, 0): null

2019-12-16 06:21:13 - [TEST_STEP][PASSED] - cell.setCellType(CELL_TYPE_STRING): null

2019-12-16 06:21:13 - [TEST_STEP][PASSED] - cell.setCellValue(getText(findTestObject("Object Repository/object_reservation/Page_Paradise 4 Paws  Dog Boarding Cat Boar_35fe2b/span_( BK )"))): Text of object 'Object Repository/object_reservation/Page_Paradise 4 Paws  Dog Boarding Cat Boar_35fe2b/span_( BK )' is: '( CAN )'

2019-12-16 06:21:13 - [MESSAGE][PASSED] - Text of object 'Object Repository/object_reservation/Page_Paradise 4 Paws  Dog Boarding Cat Boar_35fe2b/span_( BK )' is: '( CAN )'

2019-12-16 06:21:13 - [TEST_STEP][PASSED] - fos = new java.io.FileOutputStream(/home/leonardo-arkusmty/Desktop/P4P/DATA_AUTOMATINTESTING/data_2cancelReservation.xlsx): null

2019-12-16 06:21:13 - [TEST_STEP][PASSED] - workbook.write(fos): null

2019-12-16 06:21:13 - [TEST_STEP][PASSED] - fos.close(): null]]></system-out>
         <system-err><![CDATA[]]></system-err>
      </testcase>
      <testcase name="Test Cases/p4p_cancelReserEdit" time="165.98" classname="Test Cases/p4p_cancelReserEdit" status="PASSED">
         <system-out><![CDATA[2019-12-16 06:21:13 - [TEST_CASE][PASSED] - Test Cases/p4p_cancelReserEdit: Test Cases/p4p_cancelReserEdit

2019-12-16 06:21:13 - [TEST_STEP][PASSED] - openBrowser("https://p4p-qa-bg.aws.paradise4paws.com/login/"): Browser is opened with url: 'https://p4p-qa-bg.aws.paradise4paws.com/login/'

2019-12-16 06:21:13 - [MESSAGE][WARNING] - A browser is already opened. Closing browser and opening a new one

2019-12-16 06:21:14 - [MESSAGE][INFO] - Starting 'Firefox' driver

2019-12-16 06:21:17 - [MESSAGE][PASSED] - Browser is opened with url: 'https://p4p-qa-bg.aws.paradise4paws.com/login/'

2019-12-16 06:21:17 - [TEST_STEP][PASSED] - setText(findTestObject("Object Repository/object_login/input_user"), var_user): Text 'jegchavez@gmail.com' is set on object 'Object Repository/object_login/input_user'

2019-12-16 06:21:18 - [MESSAGE][PASSED] - Text 'jegchavez@gmail.com' is set on object 'Object Repository/object_login/input_user'

2019-12-16 06:21:18 - [TEST_STEP][PASSED] - setText(findTestObject("Object Repository/object_login/input_pass"), var_pass): Text 'admin1' is set on object 'Object Repository/object_login/input_pass'

2019-12-16 06:21:19 - [MESSAGE][PASSED] - Text 'admin1' is set on object 'Object Repository/object_login/input_pass'

2019-12-16 06:21:19 - [TEST_STEP][PASSED] - delay(2): Delayed 2 second(s)

2019-12-16 06:21:21 - [MESSAGE][PASSED] - Delayed 2 second(s)

2019-12-16 06:21:21 - [TEST_STEP][PASSED] - verifyElementClickable(findTestObject("Object Repository/object_login/btn_login")): Object 'Object Repository/object_login/btn_login' is clickable

2019-12-16 06:21:21 - [MESSAGE][PASSED] - Object 'Object Repository/object_login/btn_login' is clickable

2019-12-16 06:21:21 - [TEST_STEP][PASSED] - click(findTestObject("Object Repository/object_login/btn_login")): Object: 'Object Repository/object_login/btn_login' is clicked on

2019-12-16 06:21:24 - [MESSAGE][PASSED] - Object: 'Object Repository/object_login/btn_login' is clicked on

2019-12-16 06:21:24 - [TEST_STEP][PASSED] - delay(2): Delayed 2 second(s)

2019-12-16 06:21:26 - [MESSAGE][PASSED] - Delayed 2 second(s)

2019-12-16 06:21:26 - [TEST_STEP][PASSED] - setText(findTestObject("Object Repository/object_dashboard_emp/input_search"), var_mailParent): Text 'leongarzagarza@hotmail.com' is set on object 'Object Repository/object_dashboard_emp/input_search'

2019-12-16 06:21:28 - [MESSAGE][PASSED] - Text 'leongarzagarza@hotmail.com' is set on object 'Object Repository/object_dashboard_emp/input_search'

2019-12-16 06:21:28 - [TEST_STEP][PASSED] - click(findTestObject("Object Repository/object_dashboard_emp/btn_accountSearch")): Object: 'Object Repository/object_dashboard_emp/btn_accountSearch' is clicked on

2019-12-16 06:21:31 - [MESSAGE][PASSED] - Object: 'Object Repository/object_dashboard_emp/btn_accountSearch' is clicked on

2019-12-16 06:21:31 - [TEST_STEP][PASSED] - delay(2): Delayed 2 second(s)

2019-12-16 06:21:33 - [MESSAGE][PASSED] - Delayed 2 second(s)

2019-12-16 06:21:33 - [TEST_STEP][PASSED] - click(findTestObject("object_accountInformation/a_TEST GABRIEL PROD")): Object: 'Object Repository/object_accountInformation/a_TEST GABRIEL PROD' is clicked on

2019-12-16 06:21:37 - [MESSAGE][PASSED] - Object: 'Object Repository/object_accountInformation/a_TEST GABRIEL PROD' is clicked on

2019-12-16 06:21:37 - [TEST_STEP][PASSED] - delay(1): Delayed 1 second(s)

2019-12-16 06:21:38 - [MESSAGE][PASSED] - Delayed 1 second(s)

2019-12-16 06:21:38 - [TEST_STEP][PASSED] - a = var_url1 + var_idReservation + var_url2 + var_idParent: null

2019-12-16 06:21:38 - [TEST_STEP][PASSED] - delay(4): Delayed 4 second(s)

2019-12-16 06:21:42 - [MESSAGE][PASSED] - Delayed 4 second(s)

2019-12-16 06:21:42 - [TEST_STEP][PASSED] - log = new com.kms.katalon.core.logging.KeywordLogger(): null

2019-12-16 06:21:42 - [TEST_STEP][PASSED] - log.logInfo("URL: " + a): URL: https://p4p-qa-bg.aws.paradise4paws.com/frontdesk/reservation/
1702515/?parent_id=122350

2019-12-16 06:21:42 - [MESSAGE][INFO] - URL: https://p4p-qa-bg.aws.paradise4paws.com/frontdesk/reservation/
1702515/?parent_id=122350

2019-12-16 06:21:42 - [TEST_STEP][PASSED] - navigateToUrl(a): Navigate to 'https://p4p-qa-bg.aws.paradise4paws.com/frontdesk/reservation/
1702515/?parent_id=122350' successfully

2019-12-16 06:21:43 - [MESSAGE][PASSED] - Navigate to 'https://p4p-qa-bg.aws.paradise4paws.com/frontdesk/reservation/
1702515/?parent_id=122350' successfully

2019-12-16 06:21:43 - [TEST_STEP][PASSED] - delay(3): Delayed 3 second(s)

2019-12-16 06:21:46 - [MESSAGE][PASSED] - Delayed 3 second(s)

2019-12-16 06:21:46 - [TEST_STEP][PASSED] - click(findTestObject("object_reservation/button_Next")): Object: 'Object Repository/object_reservation/button_Next' is clicked on

2019-12-16 06:22:37 - [MESSAGE][PASSED] - Object: 'Object Repository/object_reservation/button_Next' is clicked on

2019-12-16 06:22:37 - [TEST_STEP][PASSED] - delay(3): Delayed 3 second(s)

2019-12-16 06:22:40 - [MESSAGE][PASSED] - Delayed 3 second(s)

2019-12-16 06:22:40 - [TEST_STEP][PASSED] - delay(2): Delayed 2 second(s)

2019-12-16 06:22:42 - [MESSAGE][PASSED] - Delayed 2 second(s)

2019-12-16 06:22:42 - [TEST_STEP][PASSED] - delay(2): Delayed 2 second(s)

2019-12-16 06:22:44 - [MESSAGE][PASSED] - Delayed 2 second(s)

2019-12-16 06:22:44 - [TEST_STEP][PASSED] - if (var_typeReserv == "BOARDING"): null

2019-12-16 06:22:44 - [TEST_STEP][PASSED] - click(findTestObject("object_reservation/button_Next")): Object: 'Object Repository/object_reservation/button_Next' is clicked on

2019-12-16 06:22:47 - [MESSAGE][PASSED] - Object: 'Object Repository/object_reservation/button_Next' is clicked on

2019-12-16 06:22:47 - [TEST_STEP][PASSED] - click(findTestObject("object_reservation/btn_cancelReservation")): Object: 'Object Repository/object_reservation/btn_cancelReservation' is clicked on

2019-12-16 06:22:51 - [MESSAGE][PASSED] - Object: 'Object Repository/object_reservation/btn_cancelReservation' is clicked on

2019-12-16 06:22:51 - [TEST_STEP][PASSED] - delay(4): Delayed 4 second(s)

2019-12-16 06:22:55 - [MESSAGE][PASSED] - Delayed 4 second(s)

2019-12-16 06:22:55 - [TEST_STEP][PASSED] - click(findTestObject("Object Repository/object_reservation/Page_Paradise 4 Paws  Dog Boarding Cat Boar_145431/button_Cancel This Reservation")): Object: 'Object Repository/object_reservation/Page_Paradise 4 Paws  Dog Boarding Cat Boar_145431/button_Cancel This Reservation' is clicked on

2019-12-16 06:23:01 - [MESSAGE][PASSED] - Object: 'Object Repository/object_reservation/Page_Paradise 4 Paws  Dog Boarding Cat Boar_145431/button_Cancel This Reservation' is clicked on

2019-12-16 06:23:01 - [TEST_STEP][PASSED] - delay(4): Delayed 4 second(s)

2019-12-16 06:23:05 - [MESSAGE][PASSED] - Delayed 4 second(s)

2019-12-16 06:23:05 - [TEST_STEP][PASSED] - navigateToUrl(a): Navigate to 'https://p4p-qa-bg.aws.paradise4paws.com/frontdesk/reservation/
1702515/?parent_id=122350' successfully

2019-12-16 06:23:07 - [MESSAGE][PASSED] - Navigate to 'https://p4p-qa-bg.aws.paradise4paws.com/frontdesk/reservation/
1702515/?parent_id=122350' successfully

2019-12-16 06:23:07 - [TEST_STEP][PASSED] - verifyElementText(findTestObject("Object Repository/object_reservation/Page_Paradise 4 Paws  Dog Boarding Cat Boar_35fe2b/span_( BK )"), "( CAN )", STOP_ON_FAILURE): Actual text and expected text of test object 'Object Repository/object_reservation/Page_Paradise 4 Paws  Dog Boarding Cat Boar_35fe2b/span_( BK )' are matched.

2019-12-16 06:23:37 - [MESSAGE][PASSED] - Actual text and expected text of test object 'Object Repository/object_reservation/Page_Paradise 4 Paws  Dog Boarding Cat Boar_35fe2b/span_( BK )' are matched.

2019-12-16 06:23:37 - [TEST_STEP][PASSED] - log.logInfo(getText(findTestObject("Object Repository/object_reservation/Page_Paradise 4 Paws  Dog Boarding Cat Boar_35fe2b/span_( BK )"))): ( CAN )

2019-12-16 06:23:51 - [MESSAGE][PASSED] - Text of object 'Object Repository/object_reservation/Page_Paradise 4 Paws  Dog Boarding Cat Boar_35fe2b/span_( BK )' is: '( CAN )'

2019-12-16 06:23:51 - [MESSAGE][INFO] - ( CAN )

2019-12-16 06:23:51 - [TEST_STEP][PASSED] - delay(5): Delayed 5 second(s)

2019-12-16 06:23:56 - [MESSAGE][PASSED] - Delayed 5 second(s)

2019-12-16 06:23:56 - [TEST_STEP][PASSED] - var = Integer.parseInt(var_idRowRes): null

2019-12-16 06:23:56 - [TEST_STEP][PASSED] - fis = new java.io.FileInputStream(/home/leonardo-arkusmty/Desktop/P4P/DATA_AUTOMATINTESTING/data_2cancelReservation.xlsx): null

2019-12-16 06:23:56 - [TEST_STEP][PASSED] - workbook = new org.apache.poi.xssf.usermodel.XSSFWorkbook(fis): null

2019-12-16 06:23:56 - [TEST_STEP][PASSED] - sheet = workbook.getSheet("Sheet1"): null

2019-12-16 06:23:56 - [TEST_STEP][PASSED] - row = sheet.getRow(var): null

2019-12-16 06:23:56 - [TEST_STEP][PASSED] - cell = row.createCell(9, 0): null

2019-12-16 06:23:56 - [TEST_STEP][PASSED] - cell.setCellType(CELL_TYPE_STRING): null

2019-12-16 06:23:56 - [TEST_STEP][PASSED] - cell.setCellValue(getText(findTestObject("Object Repository/object_reservation/Page_Paradise 4 Paws  Dog Boarding Cat Boar_35fe2b/span_( BK )"))): Text of object 'Object Repository/object_reservation/Page_Paradise 4 Paws  Dog Boarding Cat Boar_35fe2b/span_( BK )' is: '( CAN )'

2019-12-16 06:23:59 - [MESSAGE][PASSED] - Text of object 'Object Repository/object_reservation/Page_Paradise 4 Paws  Dog Boarding Cat Boar_35fe2b/span_( BK )' is: '( CAN )'

2019-12-16 06:23:59 - [TEST_STEP][PASSED] - fos = new java.io.FileOutputStream(/home/leonardo-arkusmty/Desktop/P4P/DATA_AUTOMATINTESTING/data_2cancelReservation.xlsx): null

2019-12-16 06:23:59 - [TEST_STEP][PASSED] - workbook.write(fos): null

2019-12-16 06:23:59 - [TEST_STEP][PASSED] - fos.close(): null]]></system-out>
         <system-err><![CDATA[]]></system-err>
      </testcase>
      <testcase name="Test Cases/p4p_cancelReserEdit" time="73.265" classname="Test Cases/p4p_cancelReserEdit" status="FAILED">
         <failure type="FAILED" message="Test Cases/p4p_cancelReserEdit FAILED.
Reason:
com.kms.katalon.core.exception.StepFailedException: Unable to click on object 'Object Repository/object_reservation/button_Next'
	at com.kms.katalon.core.webui.keyword.internal.WebUIKeywordMain.stepFailed(WebUIKeywordMain.groovy:64)
	at com.kms.katalon.core.webui.keyword.internal.WebUIKeywordMain.runKeyword(WebUIKeywordMain.groovy:26)
	at com.kms.katalon.core.webui.keyword.builtin.ClickKeyword.click(ClickKeyword.groovy:99)
	at com.kms.katalon.core.webui.keyword.builtin.ClickKeyword.execute(ClickKeyword.groovy:43)
	at com.kms.katalon.core.keyword.internal.KeywordExecutor.executeKeywordForPlatform(KeywordExecutor.groovy:60)
	at com.kms.katalon.core.webui.keyword.WebUiBuiltInKeywords.click(WebUiBuiltInKeywords.groovy:616)
	at com.kms.katalon.core.webui.keyword.WebUiBuiltInKeywords$click$2.call(Unknown Source)
	at p4p_cancelReserEdit.run(p4p_cancelReserEdit:65)
	at com.kms.katalon.core.main.ScriptEngine.run(ScriptEngine.java:194)
	at com.kms.katalon.core.main.ScriptEngine.runScriptAsRawText(ScriptEngine.java:119)
	at com.kms.katalon.core.main.TestCaseExecutor.runScript(TestCaseExecutor.java:337)
	at com.kms.katalon.core.main.TestCaseExecutor.doExecute(TestCaseExecutor.java:328)
	at com.kms.katalon.core.main.TestCaseExecutor.processExecutionPhase(TestCaseExecutor.java:307)
	at com.kms.katalon.core.main.TestCaseExecutor.accessMainPhase(TestCaseExecutor.java:299)
	at com.kms.katalon.core.main.TestCaseExecutor.execute(TestCaseExecutor.java:233)
	at com.kms.katalon.core.main.TestSuiteExecutor.accessTestCaseMainPhase(TestSuiteExecutor.java:169)
	at com.kms.katalon.core.main.TestSuiteExecutor.accessTestSuiteMainPhase(TestSuiteExecutor.java:142)
	at com.kms.katalon.core.main.TestSuiteExecutor.execute(TestSuiteExecutor.java:91)
	at com.kms.katalon.core.main.TestCaseMain.startTestSuite(TestCaseMain.java:157)
	at com.kms.katalon.core.main.TestCaseMain$startTestSuite$0.call(Unknown Source)
	at TempTestSuite1576498092622.run(TempTestSuite1576498092622.groovy:36)
Caused by: com.kms.katalon.core.webui.exception.WebElementNotFoundException: Web element with id: 'Object Repository/object_reservation/button_Next' located by 'By.xpath: (//button[@type='button'])[10]' not found
	at com.kms.katalon.core.webui.common.WebUiCommonHelper.findWebElement(WebUiCommonHelper.java:1113)
	at com.kms.katalon.core.webui.keyword.internal.WebUIAbstractKeyword.findWebElement(WebUIAbstractKeyword.groovy:27)
	at com.kms.katalon.core.webui.keyword.internal.WebUIAbstractKeyword.findWebElement(WebUIAbstractKeyword.groovy:26)
	at com.kms.katalon.core.webui.keyword.builtin.ClickKeyword$_click_closure1.doCall(ClickKeyword.groovy:68)
	at com.kms.katalon.core.webui.keyword.builtin.ClickKeyword$_click_closure1.call(ClickKeyword.groovy)
	at com.kms.katalon.core.webui.keyword.internal.WebUIKeywordMain.runKeyword(WebUIKeywordMain.groovy:20)
	... 19 more
"/>
         <system-out><![CDATA[2019-12-16 06:23:59 - [TEST_CASE][FAILED] - Test Cases/p4p_cancelReserEdit: Test Cases/p4p_cancelReserEdit FAILED.
Reason:
com.kms.katalon.core.exception.StepFailedException: Unable to click on object 'Object Repository/object_reservation/button_Next'
	at com.kms.katalon.core.webui.keyword.internal.WebUIKeywordMain.stepFailed(WebUIKeywordMain.groovy:64)
	at com.kms.katalon.core.webui.keyword.internal.WebUIKeywordMain.runKeyword(WebUIKeywordMain.groovy:26)
	at com.kms.katalon.core.webui.keyword.builtin.ClickKeyword.click(ClickKeyword.groovy:99)
	at com.kms.katalon.core.webui.keyword.builtin.ClickKeyword.execute(ClickKeyword.groovy:43)
	at com.kms.katalon.core.keyword.internal.KeywordExecutor.executeKeywordForPlatform(KeywordExecutor.groovy:60)
	at com.kms.katalon.core.webui.keyword.WebUiBuiltInKeywords.click(WebUiBuiltInKeywords.groovy:616)
	at com.kms.katalon.core.webui.keyword.WebUiBuiltInKeywords$click$2.call(Unknown Source)
	at p4p_cancelReserEdit.run(p4p_cancelReserEdit:65)
	at com.kms.katalon.core.main.ScriptEngine.run(ScriptEngine.java:194)
	at com.kms.katalon.core.main.ScriptEngine.runScriptAsRawText(ScriptEngine.java:119)
	at com.kms.katalon.core.main.TestCaseExecutor.runScript(TestCaseExecutor.java:337)
	at com.kms.katalon.core.main.TestCaseExecutor.doExecute(TestCaseExecutor.java:328)
	at com.kms.katalon.core.main.TestCaseExecutor.processExecutionPhase(TestCaseExecutor.java:307)
	at com.kms.katalon.core.main.TestCaseExecutor.accessMainPhase(TestCaseExecutor.java:299)
	at com.kms.katalon.core.main.TestCaseExecutor.execute(TestCaseExecutor.java:233)
	at com.kms.katalon.core.main.TestSuiteExecutor.accessTestCaseMainPhase(TestSuiteExecutor.java:169)
	at com.kms.katalon.core.main.TestSuiteExecutor.accessTestSuiteMainPhase(TestSuiteExecutor.java:142)
	at com.kms.katalon.core.main.TestSuiteExecutor.execute(TestSuiteExecutor.java:91)
	at com.kms.katalon.core.main.TestCaseMain.startTestSuite(TestCaseMain.java:157)
	at com.kms.katalon.core.main.TestCaseMain$startTestSuite$0.call(Unknown Source)
	at TempTestSuite1576498092622.run(TempTestSuite1576498092622.groovy:36)
Caused by: com.kms.katalon.core.webui.exception.WebElementNotFoundException: Web element with id: 'Object Repository/object_reservation/button_Next' located by 'By.xpath: (//button[@type='button'])[10]' not found
	at com.kms.katalon.core.webui.common.WebUiCommonHelper.findWebElement(WebUiCommonHelper.java:1113)
	at com.kms.katalon.core.webui.keyword.internal.WebUIAbstractKeyword.findWebElement(WebUIAbstractKeyword.groovy:27)
	at com.kms.katalon.core.webui.keyword.internal.WebUIAbstractKeyword.findWebElement(WebUIAbstractKeyword.groovy:26)
	at com.kms.katalon.core.webui.keyword.builtin.ClickKeyword$_click_closure1.doCall(ClickKeyword.groovy:68)
	at com.kms.katalon.core.webui.keyword.builtin.ClickKeyword$_click_closure1.call(ClickKeyword.groovy)
	at com.kms.katalon.core.webui.keyword.internal.WebUIKeywordMain.runKeyword(WebUIKeywordMain.groovy:20)
	... 19 more


2019-12-16 06:23:59 - [TEST_STEP][PASSED] - openBrowser("https://p4p-qa-bg.aws.paradise4paws.com/login/"): Browser is opened with url: 'https://p4p-qa-bg.aws.paradise4paws.com/login/'

2019-12-16 06:23:59 - [MESSAGE][WARNING] - A browser is already opened. Closing browser and opening a new one

2019-12-16 06:24:00 - [MESSAGE][INFO] - Starting 'Firefox' driver

2019-12-16 06:24:03 - [MESSAGE][PASSED] - Browser is opened with url: 'https://p4p-qa-bg.aws.paradise4paws.com/login/'

2019-12-16 06:24:03 - [TEST_STEP][PASSED] - setText(findTestObject("Object Repository/object_login/input_user"), var_user): Text 'jegchavez@gmail.com' is set on object 'Object Repository/object_login/input_user'

2019-12-16 06:24:04 - [MESSAGE][PASSED] - Text 'jegchavez@gmail.com' is set on object 'Object Repository/object_login/input_user'

2019-12-16 06:24:04 - [TEST_STEP][PASSED] - setText(findTestObject("Object Repository/object_login/input_pass"), var_pass): Text 'admin1' is set on object 'Object Repository/object_login/input_pass'

2019-12-16 06:24:05 - [MESSAGE][PASSED] - Text 'admin1' is set on object 'Object Repository/object_login/input_pass'

2019-12-16 06:24:05 - [TEST_STEP][PASSED] - delay(2): Delayed 2 second(s)

2019-12-16 06:24:07 - [MESSAGE][PASSED] - Delayed 2 second(s)

2019-12-16 06:24:07 - [TEST_STEP][PASSED] - verifyElementClickable(findTestObject("Object Repository/object_login/btn_login")): Object 'Object Repository/object_login/btn_login' is clickable

2019-12-16 06:24:07 - [MESSAGE][PASSED] - Object 'Object Repository/object_login/btn_login' is clickable

2019-12-16 06:24:07 - [TEST_STEP][PASSED] - click(findTestObject("Object Repository/object_login/btn_login")): Object: 'Object Repository/object_login/btn_login' is clicked on

2019-12-16 06:24:11 - [MESSAGE][PASSED] - Object: 'Object Repository/object_login/btn_login' is clicked on

2019-12-16 06:24:11 - [TEST_STEP][PASSED] - delay(2): Delayed 2 second(s)

2019-12-16 06:24:13 - [MESSAGE][PASSED] - Delayed 2 second(s)

2019-12-16 06:24:13 - [TEST_STEP][PASSED] - setText(findTestObject("Object Repository/object_dashboard_emp/input_search"), var_mailParent): Text 'leongarzagarza@hotmail.com' is set on object 'Object Repository/object_dashboard_emp/input_search'

2019-12-16 06:24:14 - [MESSAGE][PASSED] - Text 'leongarzagarza@hotmail.com' is set on object 'Object Repository/object_dashboard_emp/input_search'

2019-12-16 06:24:14 - [TEST_STEP][PASSED] - click(findTestObject("Object Repository/object_dashboard_emp/btn_accountSearch")): Object: 'Object Repository/object_dashboard_emp/btn_accountSearch' is clicked on

2019-12-16 06:24:15 - [MESSAGE][PASSED] - Object: 'Object Repository/object_dashboard_emp/btn_accountSearch' is clicked on

2019-12-16 06:24:15 - [TEST_STEP][PASSED] - delay(2): Delayed 2 second(s)

2019-12-16 06:24:17 - [MESSAGE][PASSED] - Delayed 2 second(s)

2019-12-16 06:24:17 - [TEST_STEP][PASSED] - click(findTestObject("object_accountInformation/a_TEST GABRIEL PROD")): Object: 'Object Repository/object_accountInformation/a_TEST GABRIEL PROD' is clicked on

2019-12-16 06:24:21 - [MESSAGE][PASSED] - Object: 'Object Repository/object_accountInformation/a_TEST GABRIEL PROD' is clicked on

2019-12-16 06:24:21 - [TEST_STEP][PASSED] - delay(1): Delayed 1 second(s)

2019-12-16 06:24:22 - [MESSAGE][PASSED] - Delayed 1 second(s)

2019-12-16 06:24:22 - [TEST_STEP][PASSED] - a = var_url1 + var_idReservation + var_url2 + var_idParent: null

2019-12-16 06:24:22 - [TEST_STEP][PASSED] - delay(4): Delayed 4 second(s)

2019-12-16 06:24:26 - [MESSAGE][PASSED] - Delayed 4 second(s)

2019-12-16 06:24:26 - [TEST_STEP][PASSED] - log = new com.kms.katalon.core.logging.KeywordLogger(): null

2019-12-16 06:24:26 - [TEST_STEP][PASSED] - log.logInfo("URL: " + a): URL: https://p4p-qa-bg.aws.paradise4paws.com/frontdesk/reservation/
/?parent_id=122350

2019-12-16 06:24:26 - [MESSAGE][INFO] - URL: https://p4p-qa-bg.aws.paradise4paws.com/frontdesk/reservation/
/?parent_id=122350

2019-12-16 06:24:26 - [TEST_STEP][PASSED] - navigateToUrl(a): Navigate to 'https://p4p-qa-bg.aws.paradise4paws.com/frontdesk/reservation/
/?parent_id=122350' successfully

2019-12-16 06:24:26 - [MESSAGE][PASSED] - Navigate to 'https://p4p-qa-bg.aws.paradise4paws.com/frontdesk/reservation/
/?parent_id=122350' successfully

2019-12-16 06:24:26 - [TEST_STEP][PASSED] - delay(3): Delayed 3 second(s)

2019-12-16 06:24:29 - [MESSAGE][PASSED] - Delayed 3 second(s)

2019-12-16 06:24:29 - [TEST_STEP][FAILED] - click(findTestObject("object_reservation/button_Next")): Unable to click on object 'Object Repository/object_reservation/button_Next' (Root cause: com.kms.katalon.core.exception.StepFailedException: Unable to click on object 'Object Repository/object_reservation/button_Next'
	at com.kms.katalon.core.webui.keyword.internal.WebUIKeywordMain.stepFailed(WebUIKeywordMain.groovy:64)
	at com.kms.katalon.core.webui.keyword.internal.WebUIKeywordMain.runKeyword(WebUIKeywordMain.groovy:26)
	at com.kms.katalon.core.webui.keyword.builtin.ClickKeyword.click(ClickKeyword.groovy:99)
	at com.kms.katalon.core.webui.keyword.builtin.ClickKeyword.execute(ClickKeyword.groovy:43)
	at com.kms.katalon.core.keyword.internal.KeywordExecutor.executeKeywordForPlatform(KeywordExecutor.groovy:60)
	at com.kms.katalon.core.webui.keyword.WebUiBuiltInKeywords.click(WebUiBuiltInKeywords.groovy:616)
	at com.kms.katalon.core.webui.keyword.WebUiBuiltInKeywords$click$2.call(Unknown Source)
	at p4p_cancelReserEdit.run(p4p_cancelReserEdit:65)
	at com.kms.katalon.core.main.ScriptEngine.run(ScriptEngine.java:194)
	at com.kms.katalon.core.main.ScriptEngine.runScriptAsRawText(ScriptEngine.java:119)
	at com.kms.katalon.core.main.TestCaseExecutor.runScript(TestCaseExecutor.java:337)
	at com.kms.katalon.core.main.TestCaseExecutor.doExecute(TestCaseExecutor.java:328)
	at com.kms.katalon.core.main.TestCaseExecutor.processExecutionPhase(TestCaseExecutor.java:307)
	at com.kms.katalon.core.main.TestCaseExecutor.accessMainPhase(TestCaseExecutor.java:299)
	at com.kms.katalon.core.main.TestCaseExecutor.execute(TestCaseExecutor.java:233)
	at com.kms.katalon.core.main.TestSuiteExecutor.accessTestCaseMainPhase(TestSuiteExecutor.java:169)
	at com.kms.katalon.core.main.TestSuiteExecutor.accessTestSuiteMainPhase(TestSuiteExecutor.java:142)
	at com.kms.katalon.core.main.TestSuiteExecutor.execute(TestSuiteExecutor.java:91)
	at com.kms.katalon.core.main.TestCaseMain.startTestSuite(TestCaseMain.java:157)
	at com.kms.katalon.core.main.TestCaseMain$startTestSuite$0.call(Unknown Source)
	at TempTestSuite1576498092622.run(TempTestSuite1576498092622.groovy:36)
Caused by: com.kms.katalon.core.webui.exception.WebElementNotFoundException: Web element with id: 'Object Repository/object_reservation/button_Next' located by 'By.xpath: (//button[@type='button'])[10]' not found
	at com.kms.katalon.core.webui.common.WebUiCommonHelper.findWebElement(WebUiCommonHelper.java:1113)
	at com.kms.katalon.core.webui.keyword.internal.WebUIAbstractKeyword.findWebElement(WebUIAbstractKeyword.groovy:27)
	at com.kms.katalon.core.webui.keyword.internal.WebUIAbstractKeyword.findWebElement(WebUIAbstractKeyword.groovy:26)
	at com.kms.katalon.core.webui.keyword.builtin.ClickKeyword$_click_closure1.doCall(ClickKeyword.groovy:68)
	at com.kms.katalon.core.webui.keyword.builtin.ClickKeyword$_click_closure1.call(ClickKeyword.groovy)
	at com.kms.katalon.core.webui.keyword.internal.WebUIKeywordMain.runKeyword(WebUIKeywordMain.groovy:20)
	at com.kms.katalon.core.webui.keyword.builtin.ClickKeyword.click(ClickKeyword.groovy:99)
	at com.kms.katalon.core.webui.keyword.builtin.ClickKeyword.execute(ClickKeyword.groovy:43)
	at com.kms.katalon.core.keyword.internal.KeywordExecutor.executeKeywordForPlatform(KeywordExecutor.groovy:60)
	at com.kms.katalon.core.webui.keyword.WebUiBuiltInKeywords.click(WebUiBuiltInKeywords.groovy:616)
	at com.kms.katalon.core.webui.keyword.WebUiBuiltInKeywords$click$2.call(Unknown Source)
	at Script1575908897768.run(Script1575908897768.groovy:65)
	... 13 more
)

2019-12-16 06:25:13 - [MESSAGE][INFO] - Unable to find the element located by 'By.xpath: (//button[@type='button'])[10]'. Please recheck the objects properties to make sure the desired element is located. 

2019-12-16 06:25:13 - [MESSAGE][FAILED] - Unable to click on object 'Object Repository/object_reservation/button_Next' (Root cause: com.kms.katalon.core.exception.StepFailedException: Unable to click on object 'Object Repository/object_reservation/button_Next'
	at com.kms.katalon.core.webui.keyword.internal.WebUIKeywordMain.stepFailed(WebUIKeywordMain.groovy:64)
	at com.kms.katalon.core.webui.keyword.internal.WebUIKeywordMain.runKeyword(WebUIKeywordMain.groovy:26)
	at com.kms.katalon.core.webui.keyword.builtin.ClickKeyword.click(ClickKeyword.groovy:99)
	at com.kms.katalon.core.webui.keyword.builtin.ClickKeyword.execute(ClickKeyword.groovy:43)
	at com.kms.katalon.core.keyword.internal.KeywordExecutor.executeKeywordForPlatform(KeywordExecutor.groovy:60)
	at com.kms.katalon.core.webui.keyword.WebUiBuiltInKeywords.click(WebUiBuiltInKeywords.groovy:616)
	at com.kms.katalon.core.webui.keyword.WebUiBuiltInKeywords$click$2.call(Unknown Source)
	at p4p_cancelReserEdit.run(p4p_cancelReserEdit:65)
	at com.kms.katalon.core.main.ScriptEngine.run(ScriptEngine.java:194)
	at com.kms.katalon.core.main.ScriptEngine.runScriptAsRawText(ScriptEngine.java:119)
	at com.kms.katalon.core.main.TestCaseExecutor.runScript(TestCaseExecutor.java:337)
	at com.kms.katalon.core.main.TestCaseExecutor.doExecute(TestCaseExecutor.java:328)
	at com.kms.katalon.core.main.TestCaseExecutor.processExecutionPhase(TestCaseExecutor.java:307)
	at com.kms.katalon.core.main.TestCaseExecutor.accessMainPhase(TestCaseExecutor.java:299)
	at com.kms.katalon.core.main.TestCaseExecutor.execute(TestCaseExecutor.java:233)
	at com.kms.katalon.core.main.TestSuiteExecutor.accessTestCaseMainPhase(TestSuiteExecutor.java:169)
	at com.kms.katalon.core.main.TestSuiteExecutor.accessTestSuiteMainPhase(TestSuiteExecutor.java:142)
	at com.kms.katalon.core.main.TestSuiteExecutor.execute(TestSuiteExecutor.java:91)
	at com.kms.katalon.core.main.TestCaseMain.startTestSuite(TestCaseMain.java:157)
	at com.kms.katalon.core.main.TestCaseMain$startTestSuite$0.call(Unknown Source)
	at TempTestSuite1576498092622.run(TempTestSuite1576498092622.groovy:36)
Caused by: com.kms.katalon.core.webui.exception.WebElementNotFoundException: Web element with id: 'Object Repository/object_reservation/button_Next' located by 'By.xpath: (//button[@type='button'])[10]' not found
	at com.kms.katalon.core.webui.common.WebUiCommonHelper.findWebElement(WebUiCommonHelper.java:1113)
	at com.kms.katalon.core.webui.keyword.internal.WebUIAbstractKeyword.findWebElement(WebUIAbstractKeyword.groovy:27)
	at com.kms.katalon.core.webui.keyword.internal.WebUIAbstractKeyword.findWebElement(WebUIAbstractKeyword.groovy:26)
	at com.kms.katalon.core.webui.keyword.builtin.ClickKeyword$_click_closure1.doCall(ClickKeyword.groovy:68)
	at com.kms.katalon.core.webui.keyword.builtin.ClickKeyword$_click_closure1.call(ClickKeyword.groovy)
	at com.kms.katalon.core.webui.keyword.internal.WebUIKeywordMain.runKeyword(WebUIKeywordMain.groovy:20)
	at com.kms.katalon.core.webui.keyword.builtin.ClickKeyword.click(ClickKeyword.groovy:99)
	at com.kms.katalon.core.webui.keyword.builtin.ClickKeyword.execute(ClickKeyword.groovy:43)
	at com.kms.katalon.core.keyword.internal.KeywordExecutor.executeKeywordForPlatform(KeywordExecutor.groovy:60)
	at com.kms.katalon.core.webui.keyword.WebUiBuiltInKeywords.click(WebUiBuiltInKeywords.groovy:616)
	at com.kms.katalon.core.webui.keyword.WebUiBuiltInKeywords$click$2.call(Unknown Source)
	at Script1575908897768.run(Script1575908897768.groovy:65)
	... 13 more
)
[[ATTACHMENT|/home/leonardo-arkusmty/Documents/workspaceKatalon/p4ptest/Reports/20191216_060812/ts_cancelReservation/20191216_060812/1576499113122.png]]]]></system-out>
         <system-err><![CDATA[2019-12-16 06:23:59 - [TEST_CASE][FAILED] - Test Cases/p4p_cancelReserEdit: Test Cases/p4p_cancelReserEdit FAILED.
Reason:
com.kms.katalon.core.exception.StepFailedException: Unable to click on object 'Object Repository/object_reservation/button_Next'
	at com.kms.katalon.core.webui.keyword.internal.WebUIKeywordMain.stepFailed(WebUIKeywordMain.groovy:64)
	at com.kms.katalon.core.webui.keyword.internal.WebUIKeywordMain.runKeyword(WebUIKeywordMain.groovy:26)
	at com.kms.katalon.core.webui.keyword.builtin.ClickKeyword.click(ClickKeyword.groovy:99)
	at com.kms.katalon.core.webui.keyword.builtin.ClickKeyword.execute(ClickKeyword.groovy:43)
	at com.kms.katalon.core.keyword.internal.KeywordExecutor.executeKeywordForPlatform(KeywordExecutor.groovy:60)
	at com.kms.katalon.core.webui.keyword.WebUiBuiltInKeywords.click(WebUiBuiltInKeywords.groovy:616)
	at com.kms.katalon.core.webui.keyword.WebUiBuiltInKeywords$click$2.call(Unknown Source)
	at p4p_cancelReserEdit.run(p4p_cancelReserEdit:65)
	at com.kms.katalon.core.main.ScriptEngine.run(ScriptEngine.java:194)
	at com.kms.katalon.core.main.ScriptEngine.runScriptAsRawText(ScriptEngine.java:119)
	at com.kms.katalon.core.main.TestCaseExecutor.runScript(TestCaseExecutor.java:337)
	at com.kms.katalon.core.main.TestCaseExecutor.doExecute(TestCaseExecutor.java:328)
	at com.kms.katalon.core.main.TestCaseExecutor.processExecutionPhase(TestCaseExecutor.java:307)
	at com.kms.katalon.core.main.TestCaseExecutor.accessMainPhase(TestCaseExecutor.java:299)
	at com.kms.katalon.core.main.TestCaseExecutor.execute(TestCaseExecutor.java:233)
	at com.kms.katalon.core.main.TestSuiteExecutor.accessTestCaseMainPhase(TestSuiteExecutor.java:169)
	at com.kms.katalon.core.main.TestSuiteExecutor.accessTestSuiteMainPhase(TestSuiteExecutor.java:142)
	at com.kms.katalon.core.main.TestSuiteExecutor.execute(TestSuiteExecutor.java:91)
	at com.kms.katalon.core.main.TestCaseMain.startTestSuite(TestCaseMain.java:157)
	at com.kms.katalon.core.main.TestCaseMain$startTestSuite$0.call(Unknown Source)
	at TempTestSuite1576498092622.run(TempTestSuite1576498092622.groovy:36)
Caused by: com.kms.katalon.core.webui.exception.WebElementNotFoundException: Web element with id: 'Object Repository/object_reservation/button_Next' located by 'By.xpath: (//button[@type='button'])[10]' not found
	at com.kms.katalon.core.webui.common.WebUiCommonHelper.findWebElement(WebUiCommonHelper.java:1113)
	at com.kms.katalon.core.webui.keyword.internal.WebUIAbstractKeyword.findWebElement(WebUIAbstractKeyword.groovy:27)
	at com.kms.katalon.core.webui.keyword.internal.WebUIAbstractKeyword.findWebElement(WebUIAbstractKeyword.groovy:26)
	at com.kms.katalon.core.webui.keyword.builtin.ClickKeyword$_click_closure1.doCall(ClickKeyword.groovy:68)
	at com.kms.katalon.core.webui.keyword.builtin.ClickKeyword$_click_closure1.call(ClickKeyword.groovy)
	at com.kms.katalon.core.webui.keyword.internal.WebUIKeywordMain.runKeyword(WebUIKeywordMain.groovy:20)
	... 19 more]]></system-err>
      </testcase>
      <testcase name="Test Cases/p4p_cancelReserEdit" time="77.348" classname="Test Cases/p4p_cancelReserEdit" status="FAILED">
         <failure type="FAILED" message="Test Cases/p4p_cancelReserEdit FAILED.
Reason:
com.kms.katalon.core.exception.StepFailedException: Unable to click on object 'Object Repository/object_reservation/button_Next'
	at com.kms.katalon.core.webui.keyword.internal.WebUIKeywordMain.stepFailed(WebUIKeywordMain.groovy:64)
	at com.kms.katalon.core.webui.keyword.internal.WebUIKeywordMain.runKeyword(WebUIKeywordMain.groovy:26)
	at com.kms.katalon.core.webui.keyword.builtin.ClickKeyword.click(ClickKeyword.groovy:99)
	at com.kms.katalon.core.webui.keyword.builtin.ClickKeyword.execute(ClickKeyword.groovy:43)
	at com.kms.katalon.core.keyword.internal.KeywordExecutor.executeKeywordForPlatform(KeywordExecutor.groovy:60)
	at com.kms.katalon.core.webui.keyword.WebUiBuiltInKeywords.click(WebUiBuiltInKeywords.groovy:616)
	at com.kms.katalon.core.webui.keyword.WebUiBuiltInKeywords$click$2.call(Unknown Source)
	at p4p_cancelReserEdit.run(p4p_cancelReserEdit:65)
	at com.kms.katalon.core.main.ScriptEngine.run(ScriptEngine.java:194)
	at com.kms.katalon.core.main.ScriptEngine.runScriptAsRawText(ScriptEngine.java:119)
	at com.kms.katalon.core.main.TestCaseExecutor.runScript(TestCaseExecutor.java:337)
	at com.kms.katalon.core.main.TestCaseExecutor.doExecute(TestCaseExecutor.java:328)
	at com.kms.katalon.core.main.TestCaseExecutor.processExecutionPhase(TestCaseExecutor.java:307)
	at com.kms.katalon.core.main.TestCaseExecutor.accessMainPhase(TestCaseExecutor.java:299)
	at com.kms.katalon.core.main.TestCaseExecutor.execute(TestCaseExecutor.java:233)
	at com.kms.katalon.core.main.TestSuiteExecutor.accessTestCaseMainPhase(TestSuiteExecutor.java:169)
	at com.kms.katalon.core.main.TestSuiteExecutor.accessTestSuiteMainPhase(TestSuiteExecutor.java:142)
	at com.kms.katalon.core.main.TestSuiteExecutor.execute(TestSuiteExecutor.java:91)
	at com.kms.katalon.core.main.TestCaseMain.startTestSuite(TestCaseMain.java:157)
	at com.kms.katalon.core.main.TestCaseMain$startTestSuite$0.call(Unknown Source)
	at TempTestSuite1576498092622.run(TempTestSuite1576498092622.groovy:36)
Caused by: com.kms.katalon.core.webui.exception.WebElementNotFoundException: Web element with id: 'Object Repository/object_reservation/button_Next' located by 'By.xpath: (//button[@type='button'])[10]' not found
	at com.kms.katalon.core.webui.common.WebUiCommonHelper.findWebElement(WebUiCommonHelper.java:1113)
	at com.kms.katalon.core.webui.keyword.internal.WebUIAbstractKeyword.findWebElement(WebUIAbstractKeyword.groovy:27)
	at com.kms.katalon.core.webui.keyword.internal.WebUIAbstractKeyword.findWebElement(WebUIAbstractKeyword.groovy:26)
	at com.kms.katalon.core.webui.keyword.builtin.ClickKeyword$_click_closure1.doCall(ClickKeyword.groovy:68)
	at com.kms.katalon.core.webui.keyword.builtin.ClickKeyword$_click_closure1.call(ClickKeyword.groovy)
	at com.kms.katalon.core.webui.keyword.internal.WebUIKeywordMain.runKeyword(WebUIKeywordMain.groovy:20)
	... 19 more
"/>
         <system-out><![CDATA[2019-12-16 06:25:13 - [TEST_CASE][FAILED] - Test Cases/p4p_cancelReserEdit: Test Cases/p4p_cancelReserEdit FAILED.
Reason:
com.kms.katalon.core.exception.StepFailedException: Unable to click on object 'Object Repository/object_reservation/button_Next'
	at com.kms.katalon.core.webui.keyword.internal.WebUIKeywordMain.stepFailed(WebUIKeywordMain.groovy:64)
	at com.kms.katalon.core.webui.keyword.internal.WebUIKeywordMain.runKeyword(WebUIKeywordMain.groovy:26)
	at com.kms.katalon.core.webui.keyword.builtin.ClickKeyword.click(ClickKeyword.groovy:99)
	at com.kms.katalon.core.webui.keyword.builtin.ClickKeyword.execute(ClickKeyword.groovy:43)
	at com.kms.katalon.core.keyword.internal.KeywordExecutor.executeKeywordForPlatform(KeywordExecutor.groovy:60)
	at com.kms.katalon.core.webui.keyword.WebUiBuiltInKeywords.click(WebUiBuiltInKeywords.groovy:616)
	at com.kms.katalon.core.webui.keyword.WebUiBuiltInKeywords$click$2.call(Unknown Source)
	at p4p_cancelReserEdit.run(p4p_cancelReserEdit:65)
	at com.kms.katalon.core.main.ScriptEngine.run(ScriptEngine.java:194)
	at com.kms.katalon.core.main.ScriptEngine.runScriptAsRawText(ScriptEngine.java:119)
	at com.kms.katalon.core.main.TestCaseExecutor.runScript(TestCaseExecutor.java:337)
	at com.kms.katalon.core.main.TestCaseExecutor.doExecute(TestCaseExecutor.java:328)
	at com.kms.katalon.core.main.TestCaseExecutor.processExecutionPhase(TestCaseExecutor.java:307)
	at com.kms.katalon.core.main.TestCaseExecutor.accessMainPhase(TestCaseExecutor.java:299)
	at com.kms.katalon.core.main.TestCaseExecutor.execute(TestCaseExecutor.java:233)
	at com.kms.katalon.core.main.TestSuiteExecutor.accessTestCaseMainPhase(TestSuiteExecutor.java:169)
	at com.kms.katalon.core.main.TestSuiteExecutor.accessTestSuiteMainPhase(TestSuiteExecutor.java:142)
	at com.kms.katalon.core.main.TestSuiteExecutor.execute(TestSuiteExecutor.java:91)
	at com.kms.katalon.core.main.TestCaseMain.startTestSuite(TestCaseMain.java:157)
	at com.kms.katalon.core.main.TestCaseMain$startTestSuite$0.call(Unknown Source)
	at TempTestSuite1576498092622.run(TempTestSuite1576498092622.groovy:36)
Caused by: com.kms.katalon.core.webui.exception.WebElementNotFoundException: Web element with id: 'Object Repository/object_reservation/button_Next' located by 'By.xpath: (//button[@type='button'])[10]' not found
	at com.kms.katalon.core.webui.common.WebUiCommonHelper.findWebElement(WebUiCommonHelper.java:1113)
	at com.kms.katalon.core.webui.keyword.internal.WebUIAbstractKeyword.findWebElement(WebUIAbstractKeyword.groovy:27)
	at com.kms.katalon.core.webui.keyword.internal.WebUIAbstractKeyword.findWebElement(WebUIAbstractKeyword.groovy:26)
	at com.kms.katalon.core.webui.keyword.builtin.ClickKeyword$_click_closure1.doCall(ClickKeyword.groovy:68)
	at com.kms.katalon.core.webui.keyword.builtin.ClickKeyword$_click_closure1.call(ClickKeyword.groovy)
	at com.kms.katalon.core.webui.keyword.internal.WebUIKeywordMain.runKeyword(WebUIKeywordMain.groovy:20)
	... 19 more


2019-12-16 06:25:13 - [TEST_STEP][PASSED] - openBrowser("https://p4p-qa-bg.aws.paradise4paws.com/login/"): Browser is opened with url: 'https://p4p-qa-bg.aws.paradise4paws.com/login/'

2019-12-16 06:25:13 - [MESSAGE][WARNING] - A browser is already opened. Closing browser and opening a new one

2019-12-16 06:25:13 - [MESSAGE][INFO] - Starting 'Firefox' driver

2019-12-16 06:25:19 - [MESSAGE][PASSED] - Browser is opened with url: 'https://p4p-qa-bg.aws.paradise4paws.com/login/'

2019-12-16 06:25:19 - [TEST_STEP][PASSED] - setText(findTestObject("Object Repository/object_login/input_user"), var_user): Text 'jegchavez@gmail.com' is set on object 'Object Repository/object_login/input_user'

2019-12-16 06:25:19 - [MESSAGE][PASSED] - Text 'jegchavez@gmail.com' is set on object 'Object Repository/object_login/input_user'

2019-12-16 06:25:19 - [TEST_STEP][PASSED] - setText(findTestObject("Object Repository/object_login/input_pass"), var_pass): Text 'admin1' is set on object 'Object Repository/object_login/input_pass'

2019-12-16 06:25:20 - [MESSAGE][PASSED] - Text 'admin1' is set on object 'Object Repository/object_login/input_pass'

2019-12-16 06:25:20 - [TEST_STEP][PASSED] - delay(2): Delayed 2 second(s)

2019-12-16 06:25:22 - [MESSAGE][PASSED] - Delayed 2 second(s)

2019-12-16 06:25:22 - [TEST_STEP][PASSED] - verifyElementClickable(findTestObject("Object Repository/object_login/btn_login")): Object 'Object Repository/object_login/btn_login' is clickable

2019-12-16 06:25:22 - [MESSAGE][PASSED] - Object 'Object Repository/object_login/btn_login' is clickable

2019-12-16 06:25:22 - [TEST_STEP][PASSED] - click(findTestObject("Object Repository/object_login/btn_login")): Object: 'Object Repository/object_login/btn_login' is clicked on

2019-12-16 06:25:28 - [MESSAGE][PASSED] - Object: 'Object Repository/object_login/btn_login' is clicked on

2019-12-16 06:25:28 - [TEST_STEP][PASSED] - delay(2): Delayed 2 second(s)

2019-12-16 06:25:30 - [MESSAGE][PASSED] - Delayed 2 second(s)

2019-12-16 06:25:30 - [TEST_STEP][PASSED] - setText(findTestObject("Object Repository/object_dashboard_emp/input_search"), var_mailParent): Text 'leongarzagarza@hotmail.com' is set on object 'Object Repository/object_dashboard_emp/input_search'

2019-12-16 06:25:30 - [MESSAGE][PASSED] - Text 'leongarzagarza@hotmail.com' is set on object 'Object Repository/object_dashboard_emp/input_search'

2019-12-16 06:25:30 - [TEST_STEP][PASSED] - click(findTestObject("Object Repository/object_dashboard_emp/btn_accountSearch")): Object: 'Object Repository/object_dashboard_emp/btn_accountSearch' is clicked on

2019-12-16 06:25:31 - [MESSAGE][PASSED] - Object: 'Object Repository/object_dashboard_emp/btn_accountSearch' is clicked on

2019-12-16 06:25:31 - [TEST_STEP][PASSED] - delay(2): Delayed 2 second(s)

2019-12-16 06:25:33 - [MESSAGE][PASSED] - Delayed 2 second(s)

2019-12-16 06:25:33 - [TEST_STEP][PASSED] - click(findTestObject("object_accountInformation/a_TEST GABRIEL PROD")): Object: 'Object Repository/object_accountInformation/a_TEST GABRIEL PROD' is clicked on

2019-12-16 06:25:38 - [MESSAGE][PASSED] - Object: 'Object Repository/object_accountInformation/a_TEST GABRIEL PROD' is clicked on

2019-12-16 06:25:38 - [TEST_STEP][PASSED] - delay(1): Delayed 1 second(s)

2019-12-16 06:25:39 - [MESSAGE][PASSED] - Delayed 1 second(s)

2019-12-16 06:25:39 - [TEST_STEP][PASSED] - a = var_url1 + var_idReservation + var_url2 + var_idParent: null

2019-12-16 06:25:39 - [TEST_STEP][PASSED] - delay(4): Delayed 4 second(s)

2019-12-16 06:25:43 - [MESSAGE][PASSED] - Delayed 4 second(s)

2019-12-16 06:25:43 - [TEST_STEP][PASSED] - log = new com.kms.katalon.core.logging.KeywordLogger(): null

2019-12-16 06:25:43 - [TEST_STEP][PASSED] - log.logInfo("URL: " + a): URL: https://p4p-qa-bg.aws.paradise4paws.com/frontdesk/reservation/
/?parent_id=122350

2019-12-16 06:25:43 - [MESSAGE][INFO] - URL: https://p4p-qa-bg.aws.paradise4paws.com/frontdesk/reservation/
/?parent_id=122350

2019-12-16 06:25:43 - [TEST_STEP][PASSED] - navigateToUrl(a): Navigate to 'https://p4p-qa-bg.aws.paradise4paws.com/frontdesk/reservation/
/?parent_id=122350' successfully

2019-12-16 06:25:44 - [MESSAGE][PASSED] - Navigate to 'https://p4p-qa-bg.aws.paradise4paws.com/frontdesk/reservation/
/?parent_id=122350' successfully

2019-12-16 06:25:44 - [TEST_STEP][PASSED] - delay(3): Delayed 3 second(s)

2019-12-16 06:25:47 - [MESSAGE][PASSED] - Delayed 3 second(s)

2019-12-16 06:25:47 - [TEST_STEP][FAILED] - click(findTestObject("object_reservation/button_Next")): Unable to click on object 'Object Repository/object_reservation/button_Next' (Root cause: com.kms.katalon.core.exception.StepFailedException: Unable to click on object 'Object Repository/object_reservation/button_Next'
	at com.kms.katalon.core.webui.keyword.internal.WebUIKeywordMain.stepFailed(WebUIKeywordMain.groovy:64)
	at com.kms.katalon.core.webui.keyword.internal.WebUIKeywordMain.runKeyword(WebUIKeywordMain.groovy:26)
	at com.kms.katalon.core.webui.keyword.builtin.ClickKeyword.click(ClickKeyword.groovy:99)
	at com.kms.katalon.core.webui.keyword.builtin.ClickKeyword.execute(ClickKeyword.groovy:43)
	at com.kms.katalon.core.keyword.internal.KeywordExecutor.executeKeywordForPlatform(KeywordExecutor.groovy:60)
	at com.kms.katalon.core.webui.keyword.WebUiBuiltInKeywords.click(WebUiBuiltInKeywords.groovy:616)
	at com.kms.katalon.core.webui.keyword.WebUiBuiltInKeywords$click$2.call(Unknown Source)
	at p4p_cancelReserEdit.run(p4p_cancelReserEdit:65)
	at com.kms.katalon.core.main.ScriptEngine.run(ScriptEngine.java:194)
	at com.kms.katalon.core.main.ScriptEngine.runScriptAsRawText(ScriptEngine.java:119)
	at com.kms.katalon.core.main.TestCaseExecutor.runScript(TestCaseExecutor.java:337)
	at com.kms.katalon.core.main.TestCaseExecutor.doExecute(TestCaseExecutor.java:328)
	at com.kms.katalon.core.main.TestCaseExecutor.processExecutionPhase(TestCaseExecutor.java:307)
	at com.kms.katalon.core.main.TestCaseExecutor.accessMainPhase(TestCaseExecutor.java:299)
	at com.kms.katalon.core.main.TestCaseExecutor.execute(TestCaseExecutor.java:233)
	at com.kms.katalon.core.main.TestSuiteExecutor.accessTestCaseMainPhase(TestSuiteExecutor.java:169)
	at com.kms.katalon.core.main.TestSuiteExecutor.accessTestSuiteMainPhase(TestSuiteExecutor.java:142)
	at com.kms.katalon.core.main.TestSuiteExecutor.execute(TestSuiteExecutor.java:91)
	at com.kms.katalon.core.main.TestCaseMain.startTestSuite(TestCaseMain.java:157)
	at com.kms.katalon.core.main.TestCaseMain$startTestSuite$0.call(Unknown Source)
	at TempTestSuite1576498092622.run(TempTestSuite1576498092622.groovy:36)
Caused by: com.kms.katalon.core.webui.exception.WebElementNotFoundException: Web element with id: 'Object Repository/object_reservation/button_Next' located by 'By.xpath: (//button[@type='button'])[10]' not found
	at com.kms.katalon.core.webui.common.WebUiCommonHelper.findWebElement(WebUiCommonHelper.java:1113)
	at com.kms.katalon.core.webui.keyword.internal.WebUIAbstractKeyword.findWebElement(WebUIAbstractKeyword.groovy:27)
	at com.kms.katalon.core.webui.keyword.internal.WebUIAbstractKeyword.findWebElement(WebUIAbstractKeyword.groovy:26)
	at com.kms.katalon.core.webui.keyword.builtin.ClickKeyword$_click_closure1.doCall(ClickKeyword.groovy:68)
	at com.kms.katalon.core.webui.keyword.builtin.ClickKeyword$_click_closure1.call(ClickKeyword.groovy)
	at com.kms.katalon.core.webui.keyword.internal.WebUIKeywordMain.runKeyword(WebUIKeywordMain.groovy:20)
	at com.kms.katalon.core.webui.keyword.builtin.ClickKeyword.click(ClickKeyword.groovy:99)
	at com.kms.katalon.core.webui.keyword.builtin.ClickKeyword.execute(ClickKeyword.groovy:43)
	at com.kms.katalon.core.keyword.internal.KeywordExecutor.executeKeywordForPlatform(KeywordExecutor.groovy:60)
	at com.kms.katalon.core.webui.keyword.WebUiBuiltInKeywords.click(WebUiBuiltInKeywords.groovy:616)
	at com.kms.katalon.core.webui.keyword.WebUiBuiltInKeywords$click$2.call(Unknown Source)
	at Script1575908897768.run(Script1575908897768.groovy:65)
	... 13 more
)

2019-12-16 06:26:30 - [MESSAGE][INFO] - Unable to find the element located by 'By.xpath: (//button[@type='button'])[10]'. Please recheck the objects properties to make sure the desired element is located. 

2019-12-16 06:26:30 - [MESSAGE][FAILED] - Unable to click on object 'Object Repository/object_reservation/button_Next' (Root cause: com.kms.katalon.core.exception.StepFailedException: Unable to click on object 'Object Repository/object_reservation/button_Next'
	at com.kms.katalon.core.webui.keyword.internal.WebUIKeywordMain.stepFailed(WebUIKeywordMain.groovy:64)
	at com.kms.katalon.core.webui.keyword.internal.WebUIKeywordMain.runKeyword(WebUIKeywordMain.groovy:26)
	at com.kms.katalon.core.webui.keyword.builtin.ClickKeyword.click(ClickKeyword.groovy:99)
	at com.kms.katalon.core.webui.keyword.builtin.ClickKeyword.execute(ClickKeyword.groovy:43)
	at com.kms.katalon.core.keyword.internal.KeywordExecutor.executeKeywordForPlatform(KeywordExecutor.groovy:60)
	at com.kms.katalon.core.webui.keyword.WebUiBuiltInKeywords.click(WebUiBuiltInKeywords.groovy:616)
	at com.kms.katalon.core.webui.keyword.WebUiBuiltInKeywords$click$2.call(Unknown Source)
	at p4p_cancelReserEdit.run(p4p_cancelReserEdit:65)
	at com.kms.katalon.core.main.ScriptEngine.run(ScriptEngine.java:194)
	at com.kms.katalon.core.main.ScriptEngine.runScriptAsRawText(ScriptEngine.java:119)
	at com.kms.katalon.core.main.TestCaseExecutor.runScript(TestCaseExecutor.java:337)
	at com.kms.katalon.core.main.TestCaseExecutor.doExecute(TestCaseExecutor.java:328)
	at com.kms.katalon.core.main.TestCaseExecutor.processExecutionPhase(TestCaseExecutor.java:307)
	at com.kms.katalon.core.main.TestCaseExecutor.accessMainPhase(TestCaseExecutor.java:299)
	at com.kms.katalon.core.main.TestCaseExecutor.execute(TestCaseExecutor.java:233)
	at com.kms.katalon.core.main.TestSuiteExecutor.accessTestCaseMainPhase(TestSuiteExecutor.java:169)
	at com.kms.katalon.core.main.TestSuiteExecutor.accessTestSuiteMainPhase(TestSuiteExecutor.java:142)
	at com.kms.katalon.core.main.TestSuiteExecutor.execute(TestSuiteExecutor.java:91)
	at com.kms.katalon.core.main.TestCaseMain.startTestSuite(TestCaseMain.java:157)
	at com.kms.katalon.core.main.TestCaseMain$startTestSuite$0.call(Unknown Source)
	at TempTestSuite1576498092622.run(TempTestSuite1576498092622.groovy:36)
Caused by: com.kms.katalon.core.webui.exception.WebElementNotFoundException: Web element with id: 'Object Repository/object_reservation/button_Next' located by 'By.xpath: (//button[@type='button'])[10]' not found
	at com.kms.katalon.core.webui.common.WebUiCommonHelper.findWebElement(WebUiCommonHelper.java:1113)
	at com.kms.katalon.core.webui.keyword.internal.WebUIAbstractKeyword.findWebElement(WebUIAbstractKeyword.groovy:27)
	at com.kms.katalon.core.webui.keyword.internal.WebUIAbstractKeyword.findWebElement(WebUIAbstractKeyword.groovy:26)
	at com.kms.katalon.core.webui.keyword.builtin.ClickKeyword$_click_closure1.doCall(ClickKeyword.groovy:68)
	at com.kms.katalon.core.webui.keyword.builtin.ClickKeyword$_click_closure1.call(ClickKeyword.groovy)
	at com.kms.katalon.core.webui.keyword.internal.WebUIKeywordMain.runKeyword(WebUIKeywordMain.groovy:20)
	at com.kms.katalon.core.webui.keyword.builtin.ClickKeyword.click(ClickKeyword.groovy:99)
	at com.kms.katalon.core.webui.keyword.builtin.ClickKeyword.execute(ClickKeyword.groovy:43)
	at com.kms.katalon.core.keyword.internal.KeywordExecutor.executeKeywordForPlatform(KeywordExecutor.groovy:60)
	at com.kms.katalon.core.webui.keyword.WebUiBuiltInKeywords.click(WebUiBuiltInKeywords.groovy:616)
	at com.kms.katalon.core.webui.keyword.WebUiBuiltInKeywords$click$2.call(Unknown Source)
	at Script1575908897768.run(Script1575908897768.groovy:65)
	... 13 more
)
[[ATTACHMENT|/home/leonardo-arkusmty/Documents/workspaceKatalon/p4ptest/Reports/20191216_060812/ts_cancelReservation/20191216_060812/1576499190471.png]]]]></system-out>
         <system-err><![CDATA[2019-12-16 06:25:13 - [TEST_CASE][FAILED] - Test Cases/p4p_cancelReserEdit: Test Cases/p4p_cancelReserEdit FAILED.
Reason:
com.kms.katalon.core.exception.StepFailedException: Unable to click on object 'Object Repository/object_reservation/button_Next'
	at com.kms.katalon.core.webui.keyword.internal.WebUIKeywordMain.stepFailed(WebUIKeywordMain.groovy:64)
	at com.kms.katalon.core.webui.keyword.internal.WebUIKeywordMain.runKeyword(WebUIKeywordMain.groovy:26)
	at com.kms.katalon.core.webui.keyword.builtin.ClickKeyword.click(ClickKeyword.groovy:99)
	at com.kms.katalon.core.webui.keyword.builtin.ClickKeyword.execute(ClickKeyword.groovy:43)
	at com.kms.katalon.core.keyword.internal.KeywordExecutor.executeKeywordForPlatform(KeywordExecutor.groovy:60)
	at com.kms.katalon.core.webui.keyword.WebUiBuiltInKeywords.click(WebUiBuiltInKeywords.groovy:616)
	at com.kms.katalon.core.webui.keyword.WebUiBuiltInKeywords$click$2.call(Unknown Source)
	at p4p_cancelReserEdit.run(p4p_cancelReserEdit:65)
	at com.kms.katalon.core.main.ScriptEngine.run(ScriptEngine.java:194)
	at com.kms.katalon.core.main.ScriptEngine.runScriptAsRawText(ScriptEngine.java:119)
	at com.kms.katalon.core.main.TestCaseExecutor.runScript(TestCaseExecutor.java:337)
	at com.kms.katalon.core.main.TestCaseExecutor.doExecute(TestCaseExecutor.java:328)
	at com.kms.katalon.core.main.TestCaseExecutor.processExecutionPhase(TestCaseExecutor.java:307)
	at com.kms.katalon.core.main.TestCaseExecutor.accessMainPhase(TestCaseExecutor.java:299)
	at com.kms.katalon.core.main.TestCaseExecutor.execute(TestCaseExecutor.java:233)
	at com.kms.katalon.core.main.TestSuiteExecutor.accessTestCaseMainPhase(TestSuiteExecutor.java:169)
	at com.kms.katalon.core.main.TestSuiteExecutor.accessTestSuiteMainPhase(TestSuiteExecutor.java:142)
	at com.kms.katalon.core.main.TestSuiteExecutor.execute(TestSuiteExecutor.java:91)
	at com.kms.katalon.core.main.TestCaseMain.startTestSuite(TestCaseMain.java:157)
	at com.kms.katalon.core.main.TestCaseMain$startTestSuite$0.call(Unknown Source)
	at TempTestSuite1576498092622.run(TempTestSuite1576498092622.groovy:36)
Caused by: com.kms.katalon.core.webui.exception.WebElementNotFoundException: Web element with id: 'Object Repository/object_reservation/button_Next' located by 'By.xpath: (//button[@type='button'])[10]' not found
	at com.kms.katalon.core.webui.common.WebUiCommonHelper.findWebElement(WebUiCommonHelper.java:1113)
	at com.kms.katalon.core.webui.keyword.internal.WebUIAbstractKeyword.findWebElement(WebUIAbstractKeyword.groovy:27)
	at com.kms.katalon.core.webui.keyword.internal.WebUIAbstractKeyword.findWebElement(WebUIAbstractKeyword.groovy:26)
	at com.kms.katalon.core.webui.keyword.builtin.ClickKeyword$_click_closure1.doCall(ClickKeyword.groovy:68)
	at com.kms.katalon.core.webui.keyword.builtin.ClickKeyword$_click_closure1.call(ClickKeyword.groovy)
	at com.kms.katalon.core.webui.keyword.internal.WebUIKeywordMain.runKeyword(WebUIKeywordMain.groovy:20)
	... 19 more]]></system-err>
      </testcase>
      <testcase name="Test Cases/p4p_cancelReserEdit" time="57.561" classname="Test Cases/p4p_cancelReserEdit" status="FAILED">
         <failure type="FAILED" message="Test Cases/p4p_cancelReserEdit FAILED.
Reason:
com.kms.katalon.core.exception.StepFailedException: Unable to set text 'leongarzagarza@hotmail.com' of object 'Object Repository/object_dashboard_emp/input_search'
	at com.kms.katalon.core.webui.keyword.internal.WebUIKeywordMain.stepFailed(WebUIKeywordMain.groovy:64)
	at com.kms.katalon.core.webui.keyword.internal.WebUIKeywordMain.runKeyword(WebUIKeywordMain.groovy:26)
	at com.kms.katalon.core.webui.keyword.builtin.SetTextKeyword.setText(SetTextKeyword.groovy:66)
	at com.kms.katalon.core.webui.keyword.builtin.SetTextKeyword.execute(SetTextKeyword.groovy:37)
	at com.kms.katalon.core.keyword.internal.KeywordExecutor.executeKeywordForPlatform(KeywordExecutor.groovy:60)
	at com.kms.katalon.core.webui.keyword.WebUiBuiltInKeywords.setText(WebUiBuiltInKeywords.groovy:950)
	at com.kms.katalon.core.webui.keyword.WebUiBuiltInKeywords$setText$0.call(Unknown Source)
	at p4p_cancelReserEdit.run(p4p_cancelReserEdit:43)
	at com.kms.katalon.core.main.ScriptEngine.run(ScriptEngine.java:194)
	at com.kms.katalon.core.main.ScriptEngine.runScriptAsRawText(ScriptEngine.java:119)
	at com.kms.katalon.core.main.TestCaseExecutor.runScript(TestCaseExecutor.java:337)
	at com.kms.katalon.core.main.TestCaseExecutor.doExecute(TestCaseExecutor.java:328)
	at com.kms.katalon.core.main.TestCaseExecutor.processExecutionPhase(TestCaseExecutor.java:307)
	at com.kms.katalon.core.main.TestCaseExecutor.accessMainPhase(TestCaseExecutor.java:299)
	at com.kms.katalon.core.main.TestCaseExecutor.execute(TestCaseExecutor.java:233)
	at com.kms.katalon.core.main.TestSuiteExecutor.accessTestCaseMainPhase(TestSuiteExecutor.java:169)
	at com.kms.katalon.core.main.TestSuiteExecutor.accessTestSuiteMainPhase(TestSuiteExecutor.java:142)
	at com.kms.katalon.core.main.TestSuiteExecutor.execute(TestSuiteExecutor.java:91)
	at com.kms.katalon.core.main.TestCaseMain.startTestSuite(TestCaseMain.java:157)
	at com.kms.katalon.core.main.TestCaseMain$startTestSuite$0.call(Unknown Source)
	at TempTestSuite1576498092622.run(TempTestSuite1576498092622.groovy:36)
Caused by: com.kms.katalon.core.webui.exception.WebElementNotFoundException: Web element with id: 'Object Repository/object_dashboard_emp/input_search' located by 'By.xpath: //input[@id='omnisearch']' not found
	at com.kms.katalon.core.webui.common.WebUiCommonHelper.findWebElement(WebUiCommonHelper.java:1113)
	at com.kms.katalon.core.webui.keyword.internal.WebUIAbstractKeyword.findWebElement(WebUIAbstractKeyword.groovy:27)
	at com.kms.katalon.core.webui.keyword.internal.WebUIAbstractKeyword.findWebElement(WebUIAbstractKeyword.groovy:26)
	at com.kms.katalon.core.webui.keyword.builtin.SetTextKeyword$_setText_closure1.doCall(SetTextKeyword.groovy:51)
	at com.kms.katalon.core.webui.keyword.builtin.SetTextKeyword$_setText_closure1.call(SetTextKeyword.groovy)
	at com.kms.katalon.core.webui.keyword.internal.WebUIKeywordMain.runKeyword(WebUIKeywordMain.groovy:20)
	... 19 more
"/>
         <system-out><![CDATA[2019-12-16 06:26:30 - [TEST_CASE][FAILED] - Test Cases/p4p_cancelReserEdit: Test Cases/p4p_cancelReserEdit FAILED.
Reason:
com.kms.katalon.core.exception.StepFailedException: Unable to set text 'leongarzagarza@hotmail.com' of object 'Object Repository/object_dashboard_emp/input_search'
	at com.kms.katalon.core.webui.keyword.internal.WebUIKeywordMain.stepFailed(WebUIKeywordMain.groovy:64)
	at com.kms.katalon.core.webui.keyword.internal.WebUIKeywordMain.runKeyword(WebUIKeywordMain.groovy:26)
	at com.kms.katalon.core.webui.keyword.builtin.SetTextKeyword.setText(SetTextKeyword.groovy:66)
	at com.kms.katalon.core.webui.keyword.builtin.SetTextKeyword.execute(SetTextKeyword.groovy:37)
	at com.kms.katalon.core.keyword.internal.KeywordExecutor.executeKeywordForPlatform(KeywordExecutor.groovy:60)
	at com.kms.katalon.core.webui.keyword.WebUiBuiltInKeywords.setText(WebUiBuiltInKeywords.groovy:950)
	at com.kms.katalon.core.webui.keyword.WebUiBuiltInKeywords$setText$0.call(Unknown Source)
	at p4p_cancelReserEdit.run(p4p_cancelReserEdit:43)
	at com.kms.katalon.core.main.ScriptEngine.run(ScriptEngine.java:194)
	at com.kms.katalon.core.main.ScriptEngine.runScriptAsRawText(ScriptEngine.java:119)
	at com.kms.katalon.core.main.TestCaseExecutor.runScript(TestCaseExecutor.java:337)
	at com.kms.katalon.core.main.TestCaseExecutor.doExecute(TestCaseExecutor.java:328)
	at com.kms.katalon.core.main.TestCaseExecutor.processExecutionPhase(TestCaseExecutor.java:307)
	at com.kms.katalon.core.main.TestCaseExecutor.accessMainPhase(TestCaseExecutor.java:299)
	at com.kms.katalon.core.main.TestCaseExecutor.execute(TestCaseExecutor.java:233)
	at com.kms.katalon.core.main.TestSuiteExecutor.accessTestCaseMainPhase(TestSuiteExecutor.java:169)
	at com.kms.katalon.core.main.TestSuiteExecutor.accessTestSuiteMainPhase(TestSuiteExecutor.java:142)
	at com.kms.katalon.core.main.TestSuiteExecutor.execute(TestSuiteExecutor.java:91)
	at com.kms.katalon.core.main.TestCaseMain.startTestSuite(TestCaseMain.java:157)
	at com.kms.katalon.core.main.TestCaseMain$startTestSuite$0.call(Unknown Source)
	at TempTestSuite1576498092622.run(TempTestSuite1576498092622.groovy:36)
Caused by: com.kms.katalon.core.webui.exception.WebElementNotFoundException: Web element with id: 'Object Repository/object_dashboard_emp/input_search' located by 'By.xpath: //input[@id='omnisearch']' not found
	at com.kms.katalon.core.webui.common.WebUiCommonHelper.findWebElement(WebUiCommonHelper.java:1113)
	at com.kms.katalon.core.webui.keyword.internal.WebUIAbstractKeyword.findWebElement(WebUIAbstractKeyword.groovy:27)
	at com.kms.katalon.core.webui.keyword.internal.WebUIAbstractKeyword.findWebElement(WebUIAbstractKeyword.groovy:26)
	at com.kms.katalon.core.webui.keyword.builtin.SetTextKeyword$_setText_closure1.doCall(SetTextKeyword.groovy:51)
	at com.kms.katalon.core.webui.keyword.builtin.SetTextKeyword$_setText_closure1.call(SetTextKeyword.groovy)
	at com.kms.katalon.core.webui.keyword.internal.WebUIKeywordMain.runKeyword(WebUIKeywordMain.groovy:20)
	... 19 more


2019-12-16 06:26:30 - [TEST_STEP][PASSED] - openBrowser("https://p4p-qa-bg.aws.paradise4paws.com/login/"): Browser is opened with url: 'https://p4p-qa-bg.aws.paradise4paws.com/login/'

2019-12-16 06:26:30 - [MESSAGE][WARNING] - A browser is already opened. Closing browser and opening a new one

2019-12-16 06:26:31 - [MESSAGE][INFO] - Starting 'Firefox' driver

2019-12-16 06:26:34 - [MESSAGE][PASSED] - Browser is opened with url: 'https://p4p-qa-bg.aws.paradise4paws.com/login/'

2019-12-16 06:26:34 - [TEST_STEP][PASSED] - setText(findTestObject("Object Repository/object_login/input_user"), var_user): Text 'jegchavez@gmail.com' is set on object 'Object Repository/object_login/input_user'

2019-12-16 06:26:37 - [MESSAGE][PASSED] - Text 'jegchavez@gmail.com' is set on object 'Object Repository/object_login/input_user'

2019-12-16 06:26:37 - [TEST_STEP][PASSED] - setText(findTestObject("Object Repository/object_login/input_pass"), var_pass): Text 'admin1' is set on object 'Object Repository/object_login/input_pass'

2019-12-16 06:26:39 - [MESSAGE][PASSED] - Text 'admin1' is set on object 'Object Repository/object_login/input_pass'

2019-12-16 06:26:39 - [TEST_STEP][PASSED] - delay(2): Delayed 2 second(s)

2019-12-16 06:26:41 - [MESSAGE][PASSED] - Delayed 2 second(s)

2019-12-16 06:26:41 - [TEST_STEP][PASSED] - verifyElementClickable(findTestObject("Object Repository/object_login/btn_login")): Object 'Object Repository/object_login/btn_login' is clickable

2019-12-16 06:26:43 - [MESSAGE][PASSED] - Object 'Object Repository/object_login/btn_login' is clickable

2019-12-16 06:26:43 - [TEST_STEP][PASSED] - click(findTestObject("Object Repository/object_login/btn_login")): Object: 'Object Repository/object_login/btn_login' is clicked on

2019-12-16 06:26:45 - [MESSAGE][PASSED] - Object: 'Object Repository/object_login/btn_login' is clicked on

2019-12-16 06:26:45 - [TEST_STEP][PASSED] - delay(2): Delayed 2 second(s)

2019-12-16 06:26:47 - [MESSAGE][PASSED] - Delayed 2 second(s)

2019-12-16 06:26:47 - [TEST_STEP][FAILED] - setText(findTestObject("Object Repository/object_dashboard_emp/input_search"), var_mailParent): Unable to set text 'leongarzagarza@hotmail.com' of object 'Object Repository/object_dashboard_emp/input_search' (Root cause: com.kms.katalon.core.exception.StepFailedException: Unable to set text 'leongarzagarza@hotmail.com' of object 'Object Repository/object_dashboard_emp/input_search'
	at com.kms.katalon.core.webui.keyword.internal.WebUIKeywordMain.stepFailed(WebUIKeywordMain.groovy:64)
	at com.kms.katalon.core.webui.keyword.internal.WebUIKeywordMain.runKeyword(WebUIKeywordMain.groovy:26)
	at com.kms.katalon.core.webui.keyword.builtin.SetTextKeyword.setText(SetTextKeyword.groovy:66)
	at com.kms.katalon.core.webui.keyword.builtin.SetTextKeyword.execute(SetTextKeyword.groovy:37)
	at com.kms.katalon.core.keyword.internal.KeywordExecutor.executeKeywordForPlatform(KeywordExecutor.groovy:60)
	at com.kms.katalon.core.webui.keyword.WebUiBuiltInKeywords.setText(WebUiBuiltInKeywords.groovy:950)
	at com.kms.katalon.core.webui.keyword.WebUiBuiltInKeywords$setText$0.call(Unknown Source)
	at p4p_cancelReserEdit.run(p4p_cancelReserEdit:43)
	at com.kms.katalon.core.main.ScriptEngine.run(ScriptEngine.java:194)
	at com.kms.katalon.core.main.ScriptEngine.runScriptAsRawText(ScriptEngine.java:119)
	at com.kms.katalon.core.main.TestCaseExecutor.runScript(TestCaseExecutor.java:337)
	at com.kms.katalon.core.main.TestCaseExecutor.doExecute(TestCaseExecutor.java:328)
	at com.kms.katalon.core.main.TestCaseExecutor.processExecutionPhase(TestCaseExecutor.java:307)
	at com.kms.katalon.core.main.TestCaseExecutor.accessMainPhase(TestCaseExecutor.java:299)
	at com.kms.katalon.core.main.TestCaseExecutor.execute(TestCaseExecutor.java:233)
	at com.kms.katalon.core.main.TestSuiteExecutor.accessTestCaseMainPhase(TestSuiteExecutor.java:169)
	at com.kms.katalon.core.main.TestSuiteExecutor.accessTestSuiteMainPhase(TestSuiteExecutor.java:142)
	at com.kms.katalon.core.main.TestSuiteExecutor.execute(TestSuiteExecutor.java:91)
	at com.kms.katalon.core.main.TestCaseMain.startTestSuite(TestCaseMain.java:157)
	at com.kms.katalon.core.main.TestCaseMain$startTestSuite$0.call(Unknown Source)
	at TempTestSuite1576498092622.run(TempTestSuite1576498092622.groovy:36)
Caused by: com.kms.katalon.core.webui.exception.WebElementNotFoundException: Web element with id: 'Object Repository/object_dashboard_emp/input_search' located by 'By.xpath: //input[@id='omnisearch']' not found
	at com.kms.katalon.core.webui.common.WebUiCommonHelper.findWebElement(WebUiCommonHelper.java:1113)
	at com.kms.katalon.core.webui.keyword.internal.WebUIAbstractKeyword.findWebElement(WebUIAbstractKeyword.groovy:27)
	at com.kms.katalon.core.webui.keyword.internal.WebUIAbstractKeyword.findWebElement(WebUIAbstractKeyword.groovy:26)
	at com.kms.katalon.core.webui.keyword.builtin.SetTextKeyword$_setText_closure1.doCall(SetTextKeyword.groovy:51)
	at com.kms.katalon.core.webui.keyword.builtin.SetTextKeyword$_setText_closure1.call(SetTextKeyword.groovy)
	at com.kms.katalon.core.webui.keyword.internal.WebUIKeywordMain.runKeyword(WebUIKeywordMain.groovy:20)
	at com.kms.katalon.core.webui.keyword.builtin.SetTextKeyword.setText(SetTextKeyword.groovy:66)
	at com.kms.katalon.core.webui.keyword.builtin.SetTextKeyword.execute(SetTextKeyword.groovy:37)
	at com.kms.katalon.core.keyword.internal.KeywordExecutor.executeKeywordForPlatform(KeywordExecutor.groovy:60)
	at com.kms.katalon.core.webui.keyword.WebUiBuiltInKeywords.setText(WebUiBuiltInKeywords.groovy:950)
	at com.kms.katalon.core.webui.keyword.WebUiBuiltInKeywords$setText$0.call(Unknown Source)
	at Script1575908897768.run(Script1575908897768.groovy:43)
	... 13 more
)

2019-12-16 06:27:28 - [MESSAGE][INFO] - Unable to find the element located by 'By.xpath: //input[@id='omnisearch']'. Please recheck the objects properties to make sure the desired element is located. 

2019-12-16 06:27:28 - [MESSAGE][FAILED] - Unable to set text 'leongarzagarza@hotmail.com' of object 'Object Repository/object_dashboard_emp/input_search' (Root cause: com.kms.katalon.core.exception.StepFailedException: Unable to set text 'leongarzagarza@hotmail.com' of object 'Object Repository/object_dashboard_emp/input_search'
	at com.kms.katalon.core.webui.keyword.internal.WebUIKeywordMain.stepFailed(WebUIKeywordMain.groovy:64)
	at com.kms.katalon.core.webui.keyword.internal.WebUIKeywordMain.runKeyword(WebUIKeywordMain.groovy:26)
	at com.kms.katalon.core.webui.keyword.builtin.SetTextKeyword.setText(SetTextKeyword.groovy:66)
	at com.kms.katalon.core.webui.keyword.builtin.SetTextKeyword.execute(SetTextKeyword.groovy:37)
	at com.kms.katalon.core.keyword.internal.KeywordExecutor.executeKeywordForPlatform(KeywordExecutor.groovy:60)
	at com.kms.katalon.core.webui.keyword.WebUiBuiltInKeywords.setText(WebUiBuiltInKeywords.groovy:950)
	at com.kms.katalon.core.webui.keyword.WebUiBuiltInKeywords$setText$0.call(Unknown Source)
	at p4p_cancelReserEdit.run(p4p_cancelReserEdit:43)
	at com.kms.katalon.core.main.ScriptEngine.run(ScriptEngine.java:194)
	at com.kms.katalon.core.main.ScriptEngine.runScriptAsRawText(ScriptEngine.java:119)
	at com.kms.katalon.core.main.TestCaseExecutor.runScript(TestCaseExecutor.java:337)
	at com.kms.katalon.core.main.TestCaseExecutor.doExecute(TestCaseExecutor.java:328)
	at com.kms.katalon.core.main.TestCaseExecutor.processExecutionPhase(TestCaseExecutor.java:307)
	at com.kms.katalon.core.main.TestCaseExecutor.accessMainPhase(TestCaseExecutor.java:299)
	at com.kms.katalon.core.main.TestCaseExecutor.execute(TestCaseExecutor.java:233)
	at com.kms.katalon.core.main.TestSuiteExecutor.accessTestCaseMainPhase(TestSuiteExecutor.java:169)
	at com.kms.katalon.core.main.TestSuiteExecutor.accessTestSuiteMainPhase(TestSuiteExecutor.java:142)
	at com.kms.katalon.core.main.TestSuiteExecutor.execute(TestSuiteExecutor.java:91)
	at com.kms.katalon.core.main.TestCaseMain.startTestSuite(TestCaseMain.java:157)
	at com.kms.katalon.core.main.TestCaseMain$startTestSuite$0.call(Unknown Source)
	at TempTestSuite1576498092622.run(TempTestSuite1576498092622.groovy:36)
Caused by: com.kms.katalon.core.webui.exception.WebElementNotFoundException: Web element with id: 'Object Repository/object_dashboard_emp/input_search' located by 'By.xpath: //input[@id='omnisearch']' not found
	at com.kms.katalon.core.webui.common.WebUiCommonHelper.findWebElement(WebUiCommonHelper.java:1113)
	at com.kms.katalon.core.webui.keyword.internal.WebUIAbstractKeyword.findWebElement(WebUIAbstractKeyword.groovy:27)
	at com.kms.katalon.core.webui.keyword.internal.WebUIAbstractKeyword.findWebElement(WebUIAbstractKeyword.groovy:26)
	at com.kms.katalon.core.webui.keyword.builtin.SetTextKeyword$_setText_closure1.doCall(SetTextKeyword.groovy:51)
	at com.kms.katalon.core.webui.keyword.builtin.SetTextKeyword$_setText_closure1.call(SetTextKeyword.groovy)
	at com.kms.katalon.core.webui.keyword.internal.WebUIKeywordMain.runKeyword(WebUIKeywordMain.groovy:20)
	at com.kms.katalon.core.webui.keyword.builtin.SetTextKeyword.setText(SetTextKeyword.groovy:66)
	at com.kms.katalon.core.webui.keyword.builtin.SetTextKeyword.execute(SetTextKeyword.groovy:37)
	at com.kms.katalon.core.keyword.internal.KeywordExecutor.executeKeywordForPlatform(KeywordExecutor.groovy:60)
	at com.kms.katalon.core.webui.keyword.WebUiBuiltInKeywords.setText(WebUiBuiltInKeywords.groovy:950)
	at com.kms.katalon.core.webui.keyword.WebUiBuiltInKeywords$setText$0.call(Unknown Source)
	at Script1575908897768.run(Script1575908897768.groovy:43)
	... 13 more
)
[[ATTACHMENT|/home/leonardo-arkusmty/Documents/workspaceKatalon/p4ptest/Reports/20191216_060812/ts_cancelReservation/20191216_060812/1576499248093.png]]]]></system-out>
         <system-err><![CDATA[2019-12-16 06:26:30 - [TEST_CASE][FAILED] - Test Cases/p4p_cancelReserEdit: Test Cases/p4p_cancelReserEdit FAILED.
Reason:
com.kms.katalon.core.exception.StepFailedException: Unable to set text 'leongarzagarza@hotmail.com' of object 'Object Repository/object_dashboard_emp/input_search'
	at com.kms.katalon.core.webui.keyword.internal.WebUIKeywordMain.stepFailed(WebUIKeywordMain.groovy:64)
	at com.kms.katalon.core.webui.keyword.internal.WebUIKeywordMain.runKeyword(WebUIKeywordMain.groovy:26)
	at com.kms.katalon.core.webui.keyword.builtin.SetTextKeyword.setText(SetTextKeyword.groovy:66)
	at com.kms.katalon.core.webui.keyword.builtin.SetTextKeyword.execute(SetTextKeyword.groovy:37)
	at com.kms.katalon.core.keyword.internal.KeywordExecutor.executeKeywordForPlatform(KeywordExecutor.groovy:60)
	at com.kms.katalon.core.webui.keyword.WebUiBuiltInKeywords.setText(WebUiBuiltInKeywords.groovy:950)
	at com.kms.katalon.core.webui.keyword.WebUiBuiltInKeywords$setText$0.call(Unknown Source)
	at p4p_cancelReserEdit.run(p4p_cancelReserEdit:43)
	at com.kms.katalon.core.main.ScriptEngine.run(ScriptEngine.java:194)
	at com.kms.katalon.core.main.ScriptEngine.runScriptAsRawText(ScriptEngine.java:119)
	at com.kms.katalon.core.main.TestCaseExecutor.runScript(TestCaseExecutor.java:337)
	at com.kms.katalon.core.main.TestCaseExecutor.doExecute(TestCaseExecutor.java:328)
	at com.kms.katalon.core.main.TestCaseExecutor.processExecutionPhase(TestCaseExecutor.java:307)
	at com.kms.katalon.core.main.TestCaseExecutor.accessMainPhase(TestCaseExecutor.java:299)
	at com.kms.katalon.core.main.TestCaseExecutor.execute(TestCaseExecutor.java:233)
	at com.kms.katalon.core.main.TestSuiteExecutor.accessTestCaseMainPhase(TestSuiteExecutor.java:169)
	at com.kms.katalon.core.main.TestSuiteExecutor.accessTestSuiteMainPhase(TestSuiteExecutor.java:142)
	at com.kms.katalon.core.main.TestSuiteExecutor.execute(TestSuiteExecutor.java:91)
	at com.kms.katalon.core.main.TestCaseMain.startTestSuite(TestCaseMain.java:157)
	at com.kms.katalon.core.main.TestCaseMain$startTestSuite$0.call(Unknown Source)
	at TempTestSuite1576498092622.run(TempTestSuite1576498092622.groovy:36)
Caused by: com.kms.katalon.core.webui.exception.WebElementNotFoundException: Web element with id: 'Object Repository/object_dashboard_emp/input_search' located by 'By.xpath: //input[@id='omnisearch']' not found
	at com.kms.katalon.core.webui.common.WebUiCommonHelper.findWebElement(WebUiCommonHelper.java:1113)
	at com.kms.katalon.core.webui.keyword.internal.WebUIAbstractKeyword.findWebElement(WebUIAbstractKeyword.groovy:27)
	at com.kms.katalon.core.webui.keyword.internal.WebUIAbstractKeyword.findWebElement(WebUIAbstractKeyword.groovy:26)
	at com.kms.katalon.core.webui.keyword.builtin.SetTextKeyword$_setText_closure1.doCall(SetTextKeyword.groovy:51)
	at com.kms.katalon.core.webui.keyword.builtin.SetTextKeyword$_setText_closure1.call(SetTextKeyword.groovy)
	at com.kms.katalon.core.webui.keyword.internal.WebUIKeywordMain.runKeyword(WebUIKeywordMain.groovy:20)
	... 19 more]]></system-err>
      </testcase>
      <testcase name="Test Cases/p4p_cancelReserEdit" time="62.053" classname="Test Cases/p4p_cancelReserEdit" status="FAILED">
         <failure type="FAILED" message="Test Cases/p4p_cancelReserEdit FAILED.
Reason:
com.kms.katalon.core.exception.StepFailedException: Unable to click on object 'Object Repository/object_accountInformation/a_TEST GABRIEL PROD'
	at com.kms.katalon.core.webui.keyword.internal.WebUIKeywordMain.stepFailed(WebUIKeywordMain.groovy:64)
	at com.kms.katalon.core.webui.keyword.internal.WebUIKeywordMain.runKeyword(WebUIKeywordMain.groovy:26)
	at com.kms.katalon.core.webui.keyword.builtin.ClickKeyword.click(ClickKeyword.groovy:99)
	at com.kms.katalon.core.webui.keyword.builtin.ClickKeyword.execute(ClickKeyword.groovy:43)
	at com.kms.katalon.core.keyword.internal.KeywordExecutor.executeKeywordForPlatform(KeywordExecutor.groovy:60)
	at com.kms.katalon.core.webui.keyword.WebUiBuiltInKeywords.click(WebUiBuiltInKeywords.groovy:616)
	at com.kms.katalon.core.webui.keyword.WebUiBuiltInKeywords$click$2.call(Unknown Source)
	at p4p_cancelReserEdit.run(p4p_cancelReserEdit:49)
	at com.kms.katalon.core.main.ScriptEngine.run(ScriptEngine.java:194)
	at com.kms.katalon.core.main.ScriptEngine.runScriptAsRawText(ScriptEngine.java:119)
	at com.kms.katalon.core.main.TestCaseExecutor.runScript(TestCaseExecutor.java:337)
	at com.kms.katalon.core.main.TestCaseExecutor.doExecute(TestCaseExecutor.java:328)
	at com.kms.katalon.core.main.TestCaseExecutor.processExecutionPhase(TestCaseExecutor.java:307)
	at com.kms.katalon.core.main.TestCaseExecutor.accessMainPhase(TestCaseExecutor.java:299)
	at com.kms.katalon.core.main.TestCaseExecutor.execute(TestCaseExecutor.java:233)
	at com.kms.katalon.core.main.TestSuiteExecutor.accessTestCaseMainPhase(TestSuiteExecutor.java:169)
	at com.kms.katalon.core.main.TestSuiteExecutor.accessTestSuiteMainPhase(TestSuiteExecutor.java:142)
	at com.kms.katalon.core.main.TestSuiteExecutor.execute(TestSuiteExecutor.java:91)
	at com.kms.katalon.core.main.TestCaseMain.startTestSuite(TestCaseMain.java:157)
	at com.kms.katalon.core.main.TestCaseMain$startTestSuite$0.call(Unknown Source)
	at TempTestSuite1576498092622.run(TempTestSuite1576498092622.groovy:36)
Caused by: com.kms.katalon.core.webui.exception.WebElementNotFoundException: Web element with id: 'Object Repository/object_accountInformation/a_TEST GABRIEL PROD' located by 'By.xpath: //div[@id='wrapper']/div/div/div/table/tbody/tr[2]/td[4]/a' not found
	at com.kms.katalon.core.webui.common.WebUiCommonHelper.findWebElement(WebUiCommonHelper.java:1113)
	at com.kms.katalon.core.webui.keyword.internal.WebUIAbstractKeyword.findWebElement(WebUIAbstractKeyword.groovy:27)
	at com.kms.katalon.core.webui.keyword.internal.WebUIAbstractKeyword.findWebElement(WebUIAbstractKeyword.groovy:26)
	at com.kms.katalon.core.webui.keyword.builtin.ClickKeyword$_click_closure1.doCall(ClickKeyword.groovy:68)
	at com.kms.katalon.core.webui.keyword.builtin.ClickKeyword$_click_closure1.call(ClickKeyword.groovy)
	at com.kms.katalon.core.webui.keyword.internal.WebUIKeywordMain.runKeyword(WebUIKeywordMain.groovy:20)
	... 19 more
"/>
         <system-out><![CDATA[2019-12-16 06:27:28 - [TEST_CASE][FAILED] - Test Cases/p4p_cancelReserEdit: Test Cases/p4p_cancelReserEdit FAILED.
Reason:
com.kms.katalon.core.exception.StepFailedException: Unable to click on object 'Object Repository/object_accountInformation/a_TEST GABRIEL PROD'
	at com.kms.katalon.core.webui.keyword.internal.WebUIKeywordMain.stepFailed(WebUIKeywordMain.groovy:64)
	at com.kms.katalon.core.webui.keyword.internal.WebUIKeywordMain.runKeyword(WebUIKeywordMain.groovy:26)
	at com.kms.katalon.core.webui.keyword.builtin.ClickKeyword.click(ClickKeyword.groovy:99)
	at com.kms.katalon.core.webui.keyword.builtin.ClickKeyword.execute(ClickKeyword.groovy:43)
	at com.kms.katalon.core.keyword.internal.KeywordExecutor.executeKeywordForPlatform(KeywordExecutor.groovy:60)
	at com.kms.katalon.core.webui.keyword.WebUiBuiltInKeywords.click(WebUiBuiltInKeywords.groovy:616)
	at com.kms.katalon.core.webui.keyword.WebUiBuiltInKeywords$click$2.call(Unknown Source)
	at p4p_cancelReserEdit.run(p4p_cancelReserEdit:49)
	at com.kms.katalon.core.main.ScriptEngine.run(ScriptEngine.java:194)
	at com.kms.katalon.core.main.ScriptEngine.runScriptAsRawText(ScriptEngine.java:119)
	at com.kms.katalon.core.main.TestCaseExecutor.runScript(TestCaseExecutor.java:337)
	at com.kms.katalon.core.main.TestCaseExecutor.doExecute(TestCaseExecutor.java:328)
	at com.kms.katalon.core.main.TestCaseExecutor.processExecutionPhase(TestCaseExecutor.java:307)
	at com.kms.katalon.core.main.TestCaseExecutor.accessMainPhase(TestCaseExecutor.java:299)
	at com.kms.katalon.core.main.TestCaseExecutor.execute(TestCaseExecutor.java:233)
	at com.kms.katalon.core.main.TestSuiteExecutor.accessTestCaseMainPhase(TestSuiteExecutor.java:169)
	at com.kms.katalon.core.main.TestSuiteExecutor.accessTestSuiteMainPhase(TestSuiteExecutor.java:142)
	at com.kms.katalon.core.main.TestSuiteExecutor.execute(TestSuiteExecutor.java:91)
	at com.kms.katalon.core.main.TestCaseMain.startTestSuite(TestCaseMain.java:157)
	at com.kms.katalon.core.main.TestCaseMain$startTestSuite$0.call(Unknown Source)
	at TempTestSuite1576498092622.run(TempTestSuite1576498092622.groovy:36)
Caused by: com.kms.katalon.core.webui.exception.WebElementNotFoundException: Web element with id: 'Object Repository/object_accountInformation/a_TEST GABRIEL PROD' located by 'By.xpath: //div[@id='wrapper']/div/div/div/table/tbody/tr[2]/td[4]/a' not found
	at com.kms.katalon.core.webui.common.WebUiCommonHelper.findWebElement(WebUiCommonHelper.java:1113)
	at com.kms.katalon.core.webui.keyword.internal.WebUIAbstractKeyword.findWebElement(WebUIAbstractKeyword.groovy:27)
	at com.kms.katalon.core.webui.keyword.internal.WebUIAbstractKeyword.findWebElement(WebUIAbstractKeyword.groovy:26)
	at com.kms.katalon.core.webui.keyword.builtin.ClickKeyword$_click_closure1.doCall(ClickKeyword.groovy:68)
	at com.kms.katalon.core.webui.keyword.builtin.ClickKeyword$_click_closure1.call(ClickKeyword.groovy)
	at com.kms.katalon.core.webui.keyword.internal.WebUIKeywordMain.runKeyword(WebUIKeywordMain.groovy:20)
	... 19 more


2019-12-16 06:27:28 - [TEST_STEP][PASSED] - openBrowser("https://p4p-qa-bg.aws.paradise4paws.com/login/"): Browser is opened with url: 'https://p4p-qa-bg.aws.paradise4paws.com/login/'

2019-12-16 06:27:28 - [MESSAGE][WARNING] - A browser is already opened. Closing browser and opening a new one

2019-12-16 06:27:28 - [MESSAGE][INFO] - Starting 'Firefox' driver

2019-12-16 06:27:33 - [MESSAGE][PASSED] - Browser is opened with url: 'https://p4p-qa-bg.aws.paradise4paws.com/login/'

2019-12-16 06:27:33 - [TEST_STEP][PASSED] - setText(findTestObject("Object Repository/object_login/input_user"), var_user): Text 'jegchavez@gmail.com' is set on object 'Object Repository/object_login/input_user'

2019-12-16 06:27:33 - [MESSAGE][PASSED] - Text 'jegchavez@gmail.com' is set on object 'Object Repository/object_login/input_user'

2019-12-16 06:27:33 - [TEST_STEP][PASSED] - setText(findTestObject("Object Repository/object_login/input_pass"), var_pass): Text 'admin1' is set on object 'Object Repository/object_login/input_pass'

2019-12-16 06:27:34 - [MESSAGE][PASSED] - Text 'admin1' is set on object 'Object Repository/object_login/input_pass'

2019-12-16 06:27:34 - [TEST_STEP][PASSED] - delay(2): Delayed 2 second(s)

2019-12-16 06:27:36 - [MESSAGE][PASSED] - Delayed 2 second(s)

2019-12-16 06:27:36 - [TEST_STEP][PASSED] - verifyElementClickable(findTestObject("Object Repository/object_login/btn_login")): Object 'Object Repository/object_login/btn_login' is clickable

2019-12-16 06:27:37 - [MESSAGE][PASSED] - Object 'Object Repository/object_login/btn_login' is clickable

2019-12-16 06:27:37 - [TEST_STEP][PASSED] - click(findTestObject("Object Repository/object_login/btn_login")): Object: 'Object Repository/object_login/btn_login' is clicked on

2019-12-16 06:27:42 - [MESSAGE][PASSED] - Object: 'Object Repository/object_login/btn_login' is clicked on

2019-12-16 06:27:42 - [TEST_STEP][PASSED] - delay(2): Delayed 2 second(s)

2019-12-16 06:27:44 - [MESSAGE][PASSED] - Delayed 2 second(s)

2019-12-16 06:27:44 - [TEST_STEP][PASSED] - setText(findTestObject("Object Repository/object_dashboard_emp/input_search"), var_mailParent): Text 'leongarzagarza@hotmail.com' is set on object 'Object Repository/object_dashboard_emp/input_search'

2019-12-16 06:27:45 - [MESSAGE][PASSED] - Text 'leongarzagarza@hotmail.com' is set on object 'Object Repository/object_dashboard_emp/input_search'

2019-12-16 06:27:45 - [TEST_STEP][PASSED] - click(findTestObject("Object Repository/object_dashboard_emp/btn_accountSearch")): Object: 'Object Repository/object_dashboard_emp/btn_accountSearch' is clicked on

2019-12-16 06:27:47 - [MESSAGE][PASSED] - Object: 'Object Repository/object_dashboard_emp/btn_accountSearch' is clicked on

2019-12-16 06:27:47 - [TEST_STEP][PASSED] - delay(2): Delayed 2 second(s)

2019-12-16 06:27:49 - [MESSAGE][PASSED] - Delayed 2 second(s)

2019-12-16 06:27:49 - [TEST_STEP][FAILED] - click(findTestObject("object_accountInformation/a_TEST GABRIEL PROD")): Unable to click on object 'Object Repository/object_accountInformation/a_TEST GABRIEL PROD' (Root cause: com.kms.katalon.core.exception.StepFailedException: Unable to click on object 'Object Repository/object_accountInformation/a_TEST GABRIEL PROD'
	at com.kms.katalon.core.webui.keyword.internal.WebUIKeywordMain.stepFailed(WebUIKeywordMain.groovy:64)
	at com.kms.katalon.core.webui.keyword.internal.WebUIKeywordMain.runKeyword(WebUIKeywordMain.groovy:26)
	at com.kms.katalon.core.webui.keyword.builtin.ClickKeyword.click(ClickKeyword.groovy:99)
	at com.kms.katalon.core.webui.keyword.builtin.ClickKeyword.execute(ClickKeyword.groovy:43)
	at com.kms.katalon.core.keyword.internal.KeywordExecutor.executeKeywordForPlatform(KeywordExecutor.groovy:60)
	at com.kms.katalon.core.webui.keyword.WebUiBuiltInKeywords.click(WebUiBuiltInKeywords.groovy:616)
	at com.kms.katalon.core.webui.keyword.WebUiBuiltInKeywords$click$2.call(Unknown Source)
	at p4p_cancelReserEdit.run(p4p_cancelReserEdit:49)
	at com.kms.katalon.core.main.ScriptEngine.run(ScriptEngine.java:194)
	at com.kms.katalon.core.main.ScriptEngine.runScriptAsRawText(ScriptEngine.java:119)
	at com.kms.katalon.core.main.TestCaseExecutor.runScript(TestCaseExecutor.java:337)
	at com.kms.katalon.core.main.TestCaseExecutor.doExecute(TestCaseExecutor.java:328)
	at com.kms.katalon.core.main.TestCaseExecutor.processExecutionPhase(TestCaseExecutor.java:307)
	at com.kms.katalon.core.main.TestCaseExecutor.accessMainPhase(TestCaseExecutor.java:299)
	at com.kms.katalon.core.main.TestCaseExecutor.execute(TestCaseExecutor.java:233)
	at com.kms.katalon.core.main.TestSuiteExecutor.accessTestCaseMainPhase(TestSuiteExecutor.java:169)
	at com.kms.katalon.core.main.TestSuiteExecutor.accessTestSuiteMainPhase(TestSuiteExecutor.java:142)
	at com.kms.katalon.core.main.TestSuiteExecutor.execute(TestSuiteExecutor.java:91)
	at com.kms.katalon.core.main.TestCaseMain.startTestSuite(TestCaseMain.java:157)
	at com.kms.katalon.core.main.TestCaseMain$startTestSuite$0.call(Unknown Source)
	at TempTestSuite1576498092622.run(TempTestSuite1576498092622.groovy:36)
Caused by: com.kms.katalon.core.webui.exception.WebElementNotFoundException: Web element with id: 'Object Repository/object_accountInformation/a_TEST GABRIEL PROD' located by 'By.xpath: //div[@id='wrapper']/div/div/div/table/tbody/tr[2]/td[4]/a' not found
	at com.kms.katalon.core.webui.common.WebUiCommonHelper.findWebElement(WebUiCommonHelper.java:1113)
	at com.kms.katalon.core.webui.keyword.internal.WebUIAbstractKeyword.findWebElement(WebUIAbstractKeyword.groovy:27)
	at com.kms.katalon.core.webui.keyword.internal.WebUIAbstractKeyword.findWebElement(WebUIAbstractKeyword.groovy:26)
	at com.kms.katalon.core.webui.keyword.builtin.ClickKeyword$_click_closure1.doCall(ClickKeyword.groovy:68)
	at com.kms.katalon.core.webui.keyword.builtin.ClickKeyword$_click_closure1.call(ClickKeyword.groovy)
	at com.kms.katalon.core.webui.keyword.internal.WebUIKeywordMain.runKeyword(WebUIKeywordMain.groovy:20)
	at com.kms.katalon.core.webui.keyword.builtin.ClickKeyword.click(ClickKeyword.groovy:99)
	at com.kms.katalon.core.webui.keyword.builtin.ClickKeyword.execute(ClickKeyword.groovy:43)
	at com.kms.katalon.core.keyword.internal.KeywordExecutor.executeKeywordForPlatform(KeywordExecutor.groovy:60)
	at com.kms.katalon.core.webui.keyword.WebUiBuiltInKeywords.click(WebUiBuiltInKeywords.groovy:616)
	at com.kms.katalon.core.webui.keyword.WebUiBuiltInKeywords$click$2.call(Unknown Source)
	at Script1575908897768.run(Script1575908897768.groovy:49)
	... 13 more
)

2019-12-16 06:28:30 - [MESSAGE][INFO] - Unable to find the element located by 'By.xpath: //div[@id='wrapper']/div/div/div/table/tbody/tr[2]/td[4]/a'. Please recheck the objects properties to make sure the desired element is located. 

2019-12-16 06:28:30 - [MESSAGE][FAILED] - Unable to click on object 'Object Repository/object_accountInformation/a_TEST GABRIEL PROD' (Root cause: com.kms.katalon.core.exception.StepFailedException: Unable to click on object 'Object Repository/object_accountInformation/a_TEST GABRIEL PROD'
	at com.kms.katalon.core.webui.keyword.internal.WebUIKeywordMain.stepFailed(WebUIKeywordMain.groovy:64)
	at com.kms.katalon.core.webui.keyword.internal.WebUIKeywordMain.runKeyword(WebUIKeywordMain.groovy:26)
	at com.kms.katalon.core.webui.keyword.builtin.ClickKeyword.click(ClickKeyword.groovy:99)
	at com.kms.katalon.core.webui.keyword.builtin.ClickKeyword.execute(ClickKeyword.groovy:43)
	at com.kms.katalon.core.keyword.internal.KeywordExecutor.executeKeywordForPlatform(KeywordExecutor.groovy:60)
	at com.kms.katalon.core.webui.keyword.WebUiBuiltInKeywords.click(WebUiBuiltInKeywords.groovy:616)
	at com.kms.katalon.core.webui.keyword.WebUiBuiltInKeywords$click$2.call(Unknown Source)
	at p4p_cancelReserEdit.run(p4p_cancelReserEdit:49)
	at com.kms.katalon.core.main.ScriptEngine.run(ScriptEngine.java:194)
	at com.kms.katalon.core.main.ScriptEngine.runScriptAsRawText(ScriptEngine.java:119)
	at com.kms.katalon.core.main.TestCaseExecutor.runScript(TestCaseExecutor.java:337)
	at com.kms.katalon.core.main.TestCaseExecutor.doExecute(TestCaseExecutor.java:328)
	at com.kms.katalon.core.main.TestCaseExecutor.processExecutionPhase(TestCaseExecutor.java:307)
	at com.kms.katalon.core.main.TestCaseExecutor.accessMainPhase(TestCaseExecutor.java:299)
	at com.kms.katalon.core.main.TestCaseExecutor.execute(TestCaseExecutor.java:233)
	at com.kms.katalon.core.main.TestSuiteExecutor.accessTestCaseMainPhase(TestSuiteExecutor.java:169)
	at com.kms.katalon.core.main.TestSuiteExecutor.accessTestSuiteMainPhase(TestSuiteExecutor.java:142)
	at com.kms.katalon.core.main.TestSuiteExecutor.execute(TestSuiteExecutor.java:91)
	at com.kms.katalon.core.main.TestCaseMain.startTestSuite(TestCaseMain.java:157)
	at com.kms.katalon.core.main.TestCaseMain$startTestSuite$0.call(Unknown Source)
	at TempTestSuite1576498092622.run(TempTestSuite1576498092622.groovy:36)
Caused by: com.kms.katalon.core.webui.exception.WebElementNotFoundException: Web element with id: 'Object Repository/object_accountInformation/a_TEST GABRIEL PROD' located by 'By.xpath: //div[@id='wrapper']/div/div/div/table/tbody/tr[2]/td[4]/a' not found
	at com.kms.katalon.core.webui.common.WebUiCommonHelper.findWebElement(WebUiCommonHelper.java:1113)
	at com.kms.katalon.core.webui.keyword.internal.WebUIAbstractKeyword.findWebElement(WebUIAbstractKeyword.groovy:27)
	at com.kms.katalon.core.webui.keyword.internal.WebUIAbstractKeyword.findWebElement(WebUIAbstractKeyword.groovy:26)
	at com.kms.katalon.core.webui.keyword.builtin.ClickKeyword$_click_closure1.doCall(ClickKeyword.groovy:68)
	at com.kms.katalon.core.webui.keyword.builtin.ClickKeyword$_click_closure1.call(ClickKeyword.groovy)
	at com.kms.katalon.core.webui.keyword.internal.WebUIKeywordMain.runKeyword(WebUIKeywordMain.groovy:20)
	at com.kms.katalon.core.webui.keyword.builtin.ClickKeyword.click(ClickKeyword.groovy:99)
	at com.kms.katalon.core.webui.keyword.builtin.ClickKeyword.execute(ClickKeyword.groovy:43)
	at com.kms.katalon.core.keyword.internal.KeywordExecutor.executeKeywordForPlatform(KeywordExecutor.groovy:60)
	at com.kms.katalon.core.webui.keyword.WebUiBuiltInKeywords.click(WebUiBuiltInKeywords.groovy:616)
	at com.kms.katalon.core.webui.keyword.WebUiBuiltInKeywords$click$2.call(Unknown Source)
	at Script1575908897768.run(Script1575908897768.groovy:49)
	... 13 more
)
[[ATTACHMENT|/home/leonardo-arkusmty/Documents/workspaceKatalon/p4ptest/Reports/20191216_060812/ts_cancelReservation/20191216_060812/1576499310086.png]]]]></system-out>
         <system-err><![CDATA[2019-12-16 06:27:28 - [TEST_CASE][FAILED] - Test Cases/p4p_cancelReserEdit: Test Cases/p4p_cancelReserEdit FAILED.
Reason:
com.kms.katalon.core.exception.StepFailedException: Unable to click on object 'Object Repository/object_accountInformation/a_TEST GABRIEL PROD'
	at com.kms.katalon.core.webui.keyword.internal.WebUIKeywordMain.stepFailed(WebUIKeywordMain.groovy:64)
	at com.kms.katalon.core.webui.keyword.internal.WebUIKeywordMain.runKeyword(WebUIKeywordMain.groovy:26)
	at com.kms.katalon.core.webui.keyword.builtin.ClickKeyword.click(ClickKeyword.groovy:99)
	at com.kms.katalon.core.webui.keyword.builtin.ClickKeyword.execute(ClickKeyword.groovy:43)
	at com.kms.katalon.core.keyword.internal.KeywordExecutor.executeKeywordForPlatform(KeywordExecutor.groovy:60)
	at com.kms.katalon.core.webui.keyword.WebUiBuiltInKeywords.click(WebUiBuiltInKeywords.groovy:616)
	at com.kms.katalon.core.webui.keyword.WebUiBuiltInKeywords$click$2.call(Unknown Source)
	at p4p_cancelReserEdit.run(p4p_cancelReserEdit:49)
	at com.kms.katalon.core.main.ScriptEngine.run(ScriptEngine.java:194)
	at com.kms.katalon.core.main.ScriptEngine.runScriptAsRawText(ScriptEngine.java:119)
	at com.kms.katalon.core.main.TestCaseExecutor.runScript(TestCaseExecutor.java:337)
	at com.kms.katalon.core.main.TestCaseExecutor.doExecute(TestCaseExecutor.java:328)
	at com.kms.katalon.core.main.TestCaseExecutor.processExecutionPhase(TestCaseExecutor.java:307)
	at com.kms.katalon.core.main.TestCaseExecutor.accessMainPhase(TestCaseExecutor.java:299)
	at com.kms.katalon.core.main.TestCaseExecutor.execute(TestCaseExecutor.java:233)
	at com.kms.katalon.core.main.TestSuiteExecutor.accessTestCaseMainPhase(TestSuiteExecutor.java:169)
	at com.kms.katalon.core.main.TestSuiteExecutor.accessTestSuiteMainPhase(TestSuiteExecutor.java:142)
	at com.kms.katalon.core.main.TestSuiteExecutor.execute(TestSuiteExecutor.java:91)
	at com.kms.katalon.core.main.TestCaseMain.startTestSuite(TestCaseMain.java:157)
	at com.kms.katalon.core.main.TestCaseMain$startTestSuite$0.call(Unknown Source)
	at TempTestSuite1576498092622.run(TempTestSuite1576498092622.groovy:36)
Caused by: com.kms.katalon.core.webui.exception.WebElementNotFoundException: Web element with id: 'Object Repository/object_accountInformation/a_TEST GABRIEL PROD' located by 'By.xpath: //div[@id='wrapper']/div/div/div/table/tbody/tr[2]/td[4]/a' not found
	at com.kms.katalon.core.webui.common.WebUiCommonHelper.findWebElement(WebUiCommonHelper.java:1113)
	at com.kms.katalon.core.webui.keyword.internal.WebUIAbstractKeyword.findWebElement(WebUIAbstractKeyword.groovy:27)
	at com.kms.katalon.core.webui.keyword.internal.WebUIAbstractKeyword.findWebElement(WebUIAbstractKeyword.groovy:26)
	at com.kms.katalon.core.webui.keyword.builtin.ClickKeyword$_click_closure1.doCall(ClickKeyword.groovy:68)
	at com.kms.katalon.core.webui.keyword.builtin.ClickKeyword$_click_closure1.call(ClickKeyword.groovy)
	at com.kms.katalon.core.webui.keyword.internal.WebUIKeywordMain.runKeyword(WebUIKeywordMain.groovy:20)
	... 19 more]]></system-err>
      </testcase>
      <testcase name="Test Cases/p4p_cancelReserEdit" time="63.506" classname="Test Cases/p4p_cancelReserEdit" status="FAILED">
         <failure type="FAILED" message="Test Cases/p4p_cancelReserEdit FAILED.
Reason:
com.kms.katalon.core.exception.StepFailedException: Unable to click on object 'Object Repository/object_accountInformation/a_TEST GABRIEL PROD'
	at com.kms.katalon.core.webui.keyword.internal.WebUIKeywordMain.stepFailed(WebUIKeywordMain.groovy:64)
	at com.kms.katalon.core.webui.keyword.internal.WebUIKeywordMain.runKeyword(WebUIKeywordMain.groovy:26)
	at com.kms.katalon.core.webui.keyword.builtin.ClickKeyword.click(ClickKeyword.groovy:99)
	at com.kms.katalon.core.webui.keyword.builtin.ClickKeyword.execute(ClickKeyword.groovy:43)
	at com.kms.katalon.core.keyword.internal.KeywordExecutor.executeKeywordForPlatform(KeywordExecutor.groovy:60)
	at com.kms.katalon.core.webui.keyword.WebUiBuiltInKeywords.click(WebUiBuiltInKeywords.groovy:616)
	at com.kms.katalon.core.webui.keyword.WebUiBuiltInKeywords$click$2.call(Unknown Source)
	at p4p_cancelReserEdit.run(p4p_cancelReserEdit:49)
	at com.kms.katalon.core.main.ScriptEngine.run(ScriptEngine.java:194)
	at com.kms.katalon.core.main.ScriptEngine.runScriptAsRawText(ScriptEngine.java:119)
	at com.kms.katalon.core.main.TestCaseExecutor.runScript(TestCaseExecutor.java:337)
	at com.kms.katalon.core.main.TestCaseExecutor.doExecute(TestCaseExecutor.java:328)
	at com.kms.katalon.core.main.TestCaseExecutor.processExecutionPhase(TestCaseExecutor.java:307)
	at com.kms.katalon.core.main.TestCaseExecutor.accessMainPhase(TestCaseExecutor.java:299)
	at com.kms.katalon.core.main.TestCaseExecutor.execute(TestCaseExecutor.java:233)
	at com.kms.katalon.core.main.TestSuiteExecutor.accessTestCaseMainPhase(TestSuiteExecutor.java:169)
	at com.kms.katalon.core.main.TestSuiteExecutor.accessTestSuiteMainPhase(TestSuiteExecutor.java:142)
	at com.kms.katalon.core.main.TestSuiteExecutor.execute(TestSuiteExecutor.java:91)
	at com.kms.katalon.core.main.TestCaseMain.startTestSuite(TestCaseMain.java:157)
	at com.kms.katalon.core.main.TestCaseMain$startTestSuite$0.call(Unknown Source)
	at TempTestSuite1576498092622.run(TempTestSuite1576498092622.groovy:36)
Caused by: com.kms.katalon.core.webui.exception.WebElementNotFoundException: Web element with id: 'Object Repository/object_accountInformation/a_TEST GABRIEL PROD' located by 'By.xpath: //div[@id='wrapper']/div/div/div/table/tbody/tr[2]/td[4]/a' not found
	at com.kms.katalon.core.webui.common.WebUiCommonHelper.findWebElement(WebUiCommonHelper.java:1113)
	at com.kms.katalon.core.webui.keyword.internal.WebUIAbstractKeyword.findWebElement(WebUIAbstractKeyword.groovy:27)
	at com.kms.katalon.core.webui.keyword.internal.WebUIAbstractKeyword.findWebElement(WebUIAbstractKeyword.groovy:26)
	at com.kms.katalon.core.webui.keyword.builtin.ClickKeyword$_click_closure1.doCall(ClickKeyword.groovy:68)
	at com.kms.katalon.core.webui.keyword.builtin.ClickKeyword$_click_closure1.call(ClickKeyword.groovy)
	at com.kms.katalon.core.webui.keyword.internal.WebUIKeywordMain.runKeyword(WebUIKeywordMain.groovy:20)
	... 19 more
"/>
         <system-out><![CDATA[2019-12-16 06:28:30 - [TEST_CASE][FAILED] - Test Cases/p4p_cancelReserEdit: Test Cases/p4p_cancelReserEdit FAILED.
Reason:
com.kms.katalon.core.exception.StepFailedException: Unable to click on object 'Object Repository/object_accountInformation/a_TEST GABRIEL PROD'
	at com.kms.katalon.core.webui.keyword.internal.WebUIKeywordMain.stepFailed(WebUIKeywordMain.groovy:64)
	at com.kms.katalon.core.webui.keyword.internal.WebUIKeywordMain.runKeyword(WebUIKeywordMain.groovy:26)
	at com.kms.katalon.core.webui.keyword.builtin.ClickKeyword.click(ClickKeyword.groovy:99)
	at com.kms.katalon.core.webui.keyword.builtin.ClickKeyword.execute(ClickKeyword.groovy:43)
	at com.kms.katalon.core.keyword.internal.KeywordExecutor.executeKeywordForPlatform(KeywordExecutor.groovy:60)
	at com.kms.katalon.core.webui.keyword.WebUiBuiltInKeywords.click(WebUiBuiltInKeywords.groovy:616)
	at com.kms.katalon.core.webui.keyword.WebUiBuiltInKeywords$click$2.call(Unknown Source)
	at p4p_cancelReserEdit.run(p4p_cancelReserEdit:49)
	at com.kms.katalon.core.main.ScriptEngine.run(ScriptEngine.java:194)
	at com.kms.katalon.core.main.ScriptEngine.runScriptAsRawText(ScriptEngine.java:119)
	at com.kms.katalon.core.main.TestCaseExecutor.runScript(TestCaseExecutor.java:337)
	at com.kms.katalon.core.main.TestCaseExecutor.doExecute(TestCaseExecutor.java:328)
	at com.kms.katalon.core.main.TestCaseExecutor.processExecutionPhase(TestCaseExecutor.java:307)
	at com.kms.katalon.core.main.TestCaseExecutor.accessMainPhase(TestCaseExecutor.java:299)
	at com.kms.katalon.core.main.TestCaseExecutor.execute(TestCaseExecutor.java:233)
	at com.kms.katalon.core.main.TestSuiteExecutor.accessTestCaseMainPhase(TestSuiteExecutor.java:169)
	at com.kms.katalon.core.main.TestSuiteExecutor.accessTestSuiteMainPhase(TestSuiteExecutor.java:142)
	at com.kms.katalon.core.main.TestSuiteExecutor.execute(TestSuiteExecutor.java:91)
	at com.kms.katalon.core.main.TestCaseMain.startTestSuite(TestCaseMain.java:157)
	at com.kms.katalon.core.main.TestCaseMain$startTestSuite$0.call(Unknown Source)
	at TempTestSuite1576498092622.run(TempTestSuite1576498092622.groovy:36)
Caused by: com.kms.katalon.core.webui.exception.WebElementNotFoundException: Web element with id: 'Object Repository/object_accountInformation/a_TEST GABRIEL PROD' located by 'By.xpath: //div[@id='wrapper']/div/div/div/table/tbody/tr[2]/td[4]/a' not found
	at com.kms.katalon.core.webui.common.WebUiCommonHelper.findWebElement(WebUiCommonHelper.java:1113)
	at com.kms.katalon.core.webui.keyword.internal.WebUIAbstractKeyword.findWebElement(WebUIAbstractKeyword.groovy:27)
	at com.kms.katalon.core.webui.keyword.internal.WebUIAbstractKeyword.findWebElement(WebUIAbstractKeyword.groovy:26)
	at com.kms.katalon.core.webui.keyword.builtin.ClickKeyword$_click_closure1.doCall(ClickKeyword.groovy:68)
	at com.kms.katalon.core.webui.keyword.builtin.ClickKeyword$_click_closure1.call(ClickKeyword.groovy)
	at com.kms.katalon.core.webui.keyword.internal.WebUIKeywordMain.runKeyword(WebUIKeywordMain.groovy:20)
	... 19 more


2019-12-16 06:28:30 - [TEST_STEP][PASSED] - openBrowser("https://p4p-qa-bg.aws.paradise4paws.com/login/"): Browser is opened with url: 'https://p4p-qa-bg.aws.paradise4paws.com/login/'

2019-12-16 06:28:30 - [MESSAGE][WARNING] - A browser is already opened. Closing browser and opening a new one

2019-12-16 06:28:30 - [MESSAGE][INFO] - Starting 'Firefox' driver

2019-12-16 06:28:34 - [MESSAGE][PASSED] - Browser is opened with url: 'https://p4p-qa-bg.aws.paradise4paws.com/login/'

2019-12-16 06:28:34 - [TEST_STEP][PASSED] - setText(findTestObject("Object Repository/object_login/input_user"), var_user): Text 'jegchavez@gmail.com' is set on object 'Object Repository/object_login/input_user'

2019-12-16 06:28:35 - [MESSAGE][PASSED] - Text 'jegchavez@gmail.com' is set on object 'Object Repository/object_login/input_user'

2019-12-16 06:28:35 - [TEST_STEP][PASSED] - setText(findTestObject("Object Repository/object_login/input_pass"), var_pass): Text 'admin1' is set on object 'Object Repository/object_login/input_pass'

2019-12-16 06:28:35 - [MESSAGE][PASSED] - Text 'admin1' is set on object 'Object Repository/object_login/input_pass'

2019-12-16 06:28:35 - [TEST_STEP][PASSED] - delay(2): Delayed 2 second(s)

2019-12-16 06:28:37 - [MESSAGE][PASSED] - Delayed 2 second(s)

2019-12-16 06:28:37 - [TEST_STEP][PASSED] - verifyElementClickable(findTestObject("Object Repository/object_login/btn_login")): Object 'Object Repository/object_login/btn_login' is clickable

2019-12-16 06:28:39 - [MESSAGE][PASSED] - Object 'Object Repository/object_login/btn_login' is clickable

2019-12-16 06:28:39 - [TEST_STEP][PASSED] - click(findTestObject("Object Repository/object_login/btn_login")): Object: 'Object Repository/object_login/btn_login' is clicked on

2019-12-16 06:28:44 - [MESSAGE][PASSED] - Object: 'Object Repository/object_login/btn_login' is clicked on

2019-12-16 06:28:44 - [TEST_STEP][PASSED] - delay(2): Delayed 2 second(s)

2019-12-16 06:28:46 - [MESSAGE][PASSED] - Delayed 2 second(s)

2019-12-16 06:28:46 - [TEST_STEP][PASSED] - setText(findTestObject("Object Repository/object_dashboard_emp/input_search"), var_mailParent): Text 'leongarzagarza@hotmail.com' is set on object 'Object Repository/object_dashboard_emp/input_search'

2019-12-16 06:28:49 - [MESSAGE][PASSED] - Text 'leongarzagarza@hotmail.com' is set on object 'Object Repository/object_dashboard_emp/input_search'

2019-12-16 06:28:49 - [TEST_STEP][PASSED] - click(findTestObject("Object Repository/object_dashboard_emp/btn_accountSearch")): Object: 'Object Repository/object_dashboard_emp/btn_accountSearch' is clicked on

2019-12-16 06:28:51 - [MESSAGE][PASSED] - Object: 'Object Repository/object_dashboard_emp/btn_accountSearch' is clicked on

2019-12-16 06:28:51 - [TEST_STEP][PASSED] - delay(2): Delayed 2 second(s)

2019-12-16 06:28:53 - [MESSAGE][PASSED] - Delayed 2 second(s)

2019-12-16 06:28:53 - [TEST_STEP][FAILED] - click(findTestObject("object_accountInformation/a_TEST GABRIEL PROD")): Unable to click on object 'Object Repository/object_accountInformation/a_TEST GABRIEL PROD' (Root cause: com.kms.katalon.core.exception.StepFailedException: Unable to click on object 'Object Repository/object_accountInformation/a_TEST GABRIEL PROD'
	at com.kms.katalon.core.webui.keyword.internal.WebUIKeywordMain.stepFailed(WebUIKeywordMain.groovy:64)
	at com.kms.katalon.core.webui.keyword.internal.WebUIKeywordMain.runKeyword(WebUIKeywordMain.groovy:26)
	at com.kms.katalon.core.webui.keyword.builtin.ClickKeyword.click(ClickKeyword.groovy:99)
	at com.kms.katalon.core.webui.keyword.builtin.ClickKeyword.execute(ClickKeyword.groovy:43)
	at com.kms.katalon.core.keyword.internal.KeywordExecutor.executeKeywordForPlatform(KeywordExecutor.groovy:60)
	at com.kms.katalon.core.webui.keyword.WebUiBuiltInKeywords.click(WebUiBuiltInKeywords.groovy:616)
	at com.kms.katalon.core.webui.keyword.WebUiBuiltInKeywords$click$2.call(Unknown Source)
	at p4p_cancelReserEdit.run(p4p_cancelReserEdit:49)
	at com.kms.katalon.core.main.ScriptEngine.run(ScriptEngine.java:194)
	at com.kms.katalon.core.main.ScriptEngine.runScriptAsRawText(ScriptEngine.java:119)
	at com.kms.katalon.core.main.TestCaseExecutor.runScript(TestCaseExecutor.java:337)
	at com.kms.katalon.core.main.TestCaseExecutor.doExecute(TestCaseExecutor.java:328)
	at com.kms.katalon.core.main.TestCaseExecutor.processExecutionPhase(TestCaseExecutor.java:307)
	at com.kms.katalon.core.main.TestCaseExecutor.accessMainPhase(TestCaseExecutor.java:299)
	at com.kms.katalon.core.main.TestCaseExecutor.execute(TestCaseExecutor.java:233)
	at com.kms.katalon.core.main.TestSuiteExecutor.accessTestCaseMainPhase(TestSuiteExecutor.java:169)
	at com.kms.katalon.core.main.TestSuiteExecutor.accessTestSuiteMainPhase(TestSuiteExecutor.java:142)
	at com.kms.katalon.core.main.TestSuiteExecutor.execute(TestSuiteExecutor.java:91)
	at com.kms.katalon.core.main.TestCaseMain.startTestSuite(TestCaseMain.java:157)
	at com.kms.katalon.core.main.TestCaseMain$startTestSuite$0.call(Unknown Source)
	at TempTestSuite1576498092622.run(TempTestSuite1576498092622.groovy:36)
Caused by: com.kms.katalon.core.webui.exception.WebElementNotFoundException: Web element with id: 'Object Repository/object_accountInformation/a_TEST GABRIEL PROD' located by 'By.xpath: //div[@id='wrapper']/div/div/div/table/tbody/tr[2]/td[4]/a' not found
	at com.kms.katalon.core.webui.common.WebUiCommonHelper.findWebElement(WebUiCommonHelper.java:1113)
	at com.kms.katalon.core.webui.keyword.internal.WebUIAbstractKeyword.findWebElement(WebUIAbstractKeyword.groovy:27)
	at com.kms.katalon.core.webui.keyword.internal.WebUIAbstractKeyword.findWebElement(WebUIAbstractKeyword.groovy:26)
	at com.kms.katalon.core.webui.keyword.builtin.ClickKeyword$_click_closure1.doCall(ClickKeyword.groovy:68)
	at com.kms.katalon.core.webui.keyword.builtin.ClickKeyword$_click_closure1.call(ClickKeyword.groovy)
	at com.kms.katalon.core.webui.keyword.internal.WebUIKeywordMain.runKeyword(WebUIKeywordMain.groovy:20)
	at com.kms.katalon.core.webui.keyword.builtin.ClickKeyword.click(ClickKeyword.groovy:99)
	at com.kms.katalon.core.webui.keyword.builtin.ClickKeyword.execute(ClickKeyword.groovy:43)
	at com.kms.katalon.core.keyword.internal.KeywordExecutor.executeKeywordForPlatform(KeywordExecutor.groovy:60)
	at com.kms.katalon.core.webui.keyword.WebUiBuiltInKeywords.click(WebUiBuiltInKeywords.groovy:616)
	at com.kms.katalon.core.webui.keyword.WebUiBuiltInKeywords$click$2.call(Unknown Source)
	at Script1575908897768.run(Script1575908897768.groovy:49)
	... 13 more
)

2019-12-16 06:29:33 - [MESSAGE][INFO] - Unable to find the element located by 'By.xpath: //div[@id='wrapper']/div/div/div/table/tbody/tr[2]/td[4]/a'. Please recheck the objects properties to make sure the desired element is located. 

2019-12-16 06:29:33 - [MESSAGE][FAILED] - Unable to click on object 'Object Repository/object_accountInformation/a_TEST GABRIEL PROD' (Root cause: com.kms.katalon.core.exception.StepFailedException: Unable to click on object 'Object Repository/object_accountInformation/a_TEST GABRIEL PROD'
	at com.kms.katalon.core.webui.keyword.internal.WebUIKeywordMain.stepFailed(WebUIKeywordMain.groovy:64)
	at com.kms.katalon.core.webui.keyword.internal.WebUIKeywordMain.runKeyword(WebUIKeywordMain.groovy:26)
	at com.kms.katalon.core.webui.keyword.builtin.ClickKeyword.click(ClickKeyword.groovy:99)
	at com.kms.katalon.core.webui.keyword.builtin.ClickKeyword.execute(ClickKeyword.groovy:43)
	at com.kms.katalon.core.keyword.internal.KeywordExecutor.executeKeywordForPlatform(KeywordExecutor.groovy:60)
	at com.kms.katalon.core.webui.keyword.WebUiBuiltInKeywords.click(WebUiBuiltInKeywords.groovy:616)
	at com.kms.katalon.core.webui.keyword.WebUiBuiltInKeywords$click$2.call(Unknown Source)
	at p4p_cancelReserEdit.run(p4p_cancelReserEdit:49)
	at com.kms.katalon.core.main.ScriptEngine.run(ScriptEngine.java:194)
	at com.kms.katalon.core.main.ScriptEngine.runScriptAsRawText(ScriptEngine.java:119)
	at com.kms.katalon.core.main.TestCaseExecutor.runScript(TestCaseExecutor.java:337)
	at com.kms.katalon.core.main.TestCaseExecutor.doExecute(TestCaseExecutor.java:328)
	at com.kms.katalon.core.main.TestCaseExecutor.processExecutionPhase(TestCaseExecutor.java:307)
	at com.kms.katalon.core.main.TestCaseExecutor.accessMainPhase(TestCaseExecutor.java:299)
	at com.kms.katalon.core.main.TestCaseExecutor.execute(TestCaseExecutor.java:233)
	at com.kms.katalon.core.main.TestSuiteExecutor.accessTestCaseMainPhase(TestSuiteExecutor.java:169)
	at com.kms.katalon.core.main.TestSuiteExecutor.accessTestSuiteMainPhase(TestSuiteExecutor.java:142)
	at com.kms.katalon.core.main.TestSuiteExecutor.execute(TestSuiteExecutor.java:91)
	at com.kms.katalon.core.main.TestCaseMain.startTestSuite(TestCaseMain.java:157)
	at com.kms.katalon.core.main.TestCaseMain$startTestSuite$0.call(Unknown Source)
	at TempTestSuite1576498092622.run(TempTestSuite1576498092622.groovy:36)
Caused by: com.kms.katalon.core.webui.exception.WebElementNotFoundException: Web element with id: 'Object Repository/object_accountInformation/a_TEST GABRIEL PROD' located by 'By.xpath: //div[@id='wrapper']/div/div/div/table/tbody/tr[2]/td[4]/a' not found
	at com.kms.katalon.core.webui.common.WebUiCommonHelper.findWebElement(WebUiCommonHelper.java:1113)
	at com.kms.katalon.core.webui.keyword.internal.WebUIAbstractKeyword.findWebElement(WebUIAbstractKeyword.groovy:27)
	at com.kms.katalon.core.webui.keyword.internal.WebUIAbstractKeyword.findWebElement(WebUIAbstractKeyword.groovy:26)
	at com.kms.katalon.core.webui.keyword.builtin.ClickKeyword$_click_closure1.doCall(ClickKeyword.groovy:68)
	at com.kms.katalon.core.webui.keyword.builtin.ClickKeyword$_click_closure1.call(ClickKeyword.groovy)
	at com.kms.katalon.core.webui.keyword.internal.WebUIKeywordMain.runKeyword(WebUIKeywordMain.groovy:20)
	at com.kms.katalon.core.webui.keyword.builtin.ClickKeyword.click(ClickKeyword.groovy:99)
	at com.kms.katalon.core.webui.keyword.builtin.ClickKeyword.execute(ClickKeyword.groovy:43)
	at com.kms.katalon.core.keyword.internal.KeywordExecutor.executeKeywordForPlatform(KeywordExecutor.groovy:60)
	at com.kms.katalon.core.webui.keyword.WebUiBuiltInKeywords.click(WebUiBuiltInKeywords.groovy:616)
	at com.kms.katalon.core.webui.keyword.WebUiBuiltInKeywords$click$2.call(Unknown Source)
	at Script1575908897768.run(Script1575908897768.groovy:49)
	... 13 more
)
[[ATTACHMENT|/home/leonardo-arkusmty/Documents/workspaceKatalon/p4ptest/Reports/20191216_060812/ts_cancelReservation/20191216_060812/1576499373598.png]]]]></system-out>
         <system-err><![CDATA[2019-12-16 06:28:30 - [TEST_CASE][FAILED] - Test Cases/p4p_cancelReserEdit: Test Cases/p4p_cancelReserEdit FAILED.
Reason:
com.kms.katalon.core.exception.StepFailedException: Unable to click on object 'Object Repository/object_accountInformation/a_TEST GABRIEL PROD'
	at com.kms.katalon.core.webui.keyword.internal.WebUIKeywordMain.stepFailed(WebUIKeywordMain.groovy:64)
	at com.kms.katalon.core.webui.keyword.internal.WebUIKeywordMain.runKeyword(WebUIKeywordMain.groovy:26)
	at com.kms.katalon.core.webui.keyword.builtin.ClickKeyword.click(ClickKeyword.groovy:99)
	at com.kms.katalon.core.webui.keyword.builtin.ClickKeyword.execute(ClickKeyword.groovy:43)
	at com.kms.katalon.core.keyword.internal.KeywordExecutor.executeKeywordForPlatform(KeywordExecutor.groovy:60)
	at com.kms.katalon.core.webui.keyword.WebUiBuiltInKeywords.click(WebUiBuiltInKeywords.groovy:616)
	at com.kms.katalon.core.webui.keyword.WebUiBuiltInKeywords$click$2.call(Unknown Source)
	at p4p_cancelReserEdit.run(p4p_cancelReserEdit:49)
	at com.kms.katalon.core.main.ScriptEngine.run(ScriptEngine.java:194)
	at com.kms.katalon.core.main.ScriptEngine.runScriptAsRawText(ScriptEngine.java:119)
	at com.kms.katalon.core.main.TestCaseExecutor.runScript(TestCaseExecutor.java:337)
	at com.kms.katalon.core.main.TestCaseExecutor.doExecute(TestCaseExecutor.java:328)
	at com.kms.katalon.core.main.TestCaseExecutor.processExecutionPhase(TestCaseExecutor.java:307)
	at com.kms.katalon.core.main.TestCaseExecutor.accessMainPhase(TestCaseExecutor.java:299)
	at com.kms.katalon.core.main.TestCaseExecutor.execute(TestCaseExecutor.java:233)
	at com.kms.katalon.core.main.TestSuiteExecutor.accessTestCaseMainPhase(TestSuiteExecutor.java:169)
	at com.kms.katalon.core.main.TestSuiteExecutor.accessTestSuiteMainPhase(TestSuiteExecutor.java:142)
	at com.kms.katalon.core.main.TestSuiteExecutor.execute(TestSuiteExecutor.java:91)
	at com.kms.katalon.core.main.TestCaseMain.startTestSuite(TestCaseMain.java:157)
	at com.kms.katalon.core.main.TestCaseMain$startTestSuite$0.call(Unknown Source)
	at TempTestSuite1576498092622.run(TempTestSuite1576498092622.groovy:36)
Caused by: com.kms.katalon.core.webui.exception.WebElementNotFoundException: Web element with id: 'Object Repository/object_accountInformation/a_TEST GABRIEL PROD' located by 'By.xpath: //div[@id='wrapper']/div/div/div/table/tbody/tr[2]/td[4]/a' not found
	at com.kms.katalon.core.webui.common.WebUiCommonHelper.findWebElement(WebUiCommonHelper.java:1113)
	at com.kms.katalon.core.webui.keyword.internal.WebUIAbstractKeyword.findWebElement(WebUIAbstractKeyword.groovy:27)
	at com.kms.katalon.core.webui.keyword.internal.WebUIAbstractKeyword.findWebElement(WebUIAbstractKeyword.groovy:26)
	at com.kms.katalon.core.webui.keyword.builtin.ClickKeyword$_click_closure1.doCall(ClickKeyword.groovy:68)
	at com.kms.katalon.core.webui.keyword.builtin.ClickKeyword$_click_closure1.call(ClickKeyword.groovy)
	at com.kms.katalon.core.webui.keyword.internal.WebUIKeywordMain.runKeyword(WebUIKeywordMain.groovy:20)
	... 19 more]]></system-err>
      </testcase>
      <testcase name="Test Cases/p4p_cancelReserEdit" time="71.609" classname="Test Cases/p4p_cancelReserEdit" status="FAILED">
         <failure type="FAILED" message="Test Cases/p4p_cancelReserEdit FAILED.
Reason:
com.kms.katalon.core.exception.StepFailedException: Unable to click on object 'Object Repository/object_reservation/button_Next'
	at com.kms.katalon.core.webui.keyword.internal.WebUIKeywordMain.stepFailed(WebUIKeywordMain.groovy:64)
	at com.kms.katalon.core.webui.keyword.internal.WebUIKeywordMain.runKeyword(WebUIKeywordMain.groovy:26)
	at com.kms.katalon.core.webui.keyword.builtin.ClickKeyword.click(ClickKeyword.groovy:99)
	at com.kms.katalon.core.webui.keyword.builtin.ClickKeyword.execute(ClickKeyword.groovy:43)
	at com.kms.katalon.core.keyword.internal.KeywordExecutor.executeKeywordForPlatform(KeywordExecutor.groovy:60)
	at com.kms.katalon.core.webui.keyword.WebUiBuiltInKeywords.click(WebUiBuiltInKeywords.groovy:616)
	at com.kms.katalon.core.webui.keyword.WebUiBuiltInKeywords$click$2.call(Unknown Source)
	at p4p_cancelReserEdit.run(p4p_cancelReserEdit:65)
	at com.kms.katalon.core.main.ScriptEngine.run(ScriptEngine.java:194)
	at com.kms.katalon.core.main.ScriptEngine.runScriptAsRawText(ScriptEngine.java:119)
	at com.kms.katalon.core.main.TestCaseExecutor.runScript(TestCaseExecutor.java:337)
	at com.kms.katalon.core.main.TestCaseExecutor.doExecute(TestCaseExecutor.java:328)
	at com.kms.katalon.core.main.TestCaseExecutor.processExecutionPhase(TestCaseExecutor.java:307)
	at com.kms.katalon.core.main.TestCaseExecutor.accessMainPhase(TestCaseExecutor.java:299)
	at com.kms.katalon.core.main.TestCaseExecutor.execute(TestCaseExecutor.java:233)
	at com.kms.katalon.core.main.TestSuiteExecutor.accessTestCaseMainPhase(TestSuiteExecutor.java:169)
	at com.kms.katalon.core.main.TestSuiteExecutor.accessTestSuiteMainPhase(TestSuiteExecutor.java:142)
	at com.kms.katalon.core.main.TestSuiteExecutor.execute(TestSuiteExecutor.java:91)
	at com.kms.katalon.core.main.TestCaseMain.startTestSuite(TestCaseMain.java:157)
	at com.kms.katalon.core.main.TestCaseMain$startTestSuite$0.call(Unknown Source)
	at TempTestSuite1576498092622.run(TempTestSuite1576498092622.groovy:36)
Caused by: com.kms.katalon.core.webui.exception.WebElementNotFoundException: Web element with id: 'Object Repository/object_reservation/button_Next' located by 'By.xpath: (//button[@type='button'])[10]' not found
	at com.kms.katalon.core.webui.common.WebUiCommonHelper.findWebElement(WebUiCommonHelper.java:1113)
	at com.kms.katalon.core.webui.keyword.internal.WebUIAbstractKeyword.findWebElement(WebUIAbstractKeyword.groovy:27)
	at com.kms.katalon.core.webui.keyword.internal.WebUIAbstractKeyword.findWebElement(WebUIAbstractKeyword.groovy:26)
	at com.kms.katalon.core.webui.keyword.builtin.ClickKeyword$_click_closure1.doCall(ClickKeyword.groovy:68)
	at com.kms.katalon.core.webui.keyword.builtin.ClickKeyword$_click_closure1.call(ClickKeyword.groovy)
	at com.kms.katalon.core.webui.keyword.internal.WebUIKeywordMain.runKeyword(WebUIKeywordMain.groovy:20)
	... 19 more
"/>
         <system-out><![CDATA[2019-12-16 06:29:33 - [TEST_CASE][FAILED] - Test Cases/p4p_cancelReserEdit: Test Cases/p4p_cancelReserEdit FAILED.
Reason:
com.kms.katalon.core.exception.StepFailedException: Unable to click on object 'Object Repository/object_reservation/button_Next'
	at com.kms.katalon.core.webui.keyword.internal.WebUIKeywordMain.stepFailed(WebUIKeywordMain.groovy:64)
	at com.kms.katalon.core.webui.keyword.internal.WebUIKeywordMain.runKeyword(WebUIKeywordMain.groovy:26)
	at com.kms.katalon.core.webui.keyword.builtin.ClickKeyword.click(ClickKeyword.groovy:99)
	at com.kms.katalon.core.webui.keyword.builtin.ClickKeyword.execute(ClickKeyword.groovy:43)
	at com.kms.katalon.core.keyword.internal.KeywordExecutor.executeKeywordForPlatform(KeywordExecutor.groovy:60)
	at com.kms.katalon.core.webui.keyword.WebUiBuiltInKeywords.click(WebUiBuiltInKeywords.groovy:616)
	at com.kms.katalon.core.webui.keyword.WebUiBuiltInKeywords$click$2.call(Unknown Source)
	at p4p_cancelReserEdit.run(p4p_cancelReserEdit:65)
	at com.kms.katalon.core.main.ScriptEngine.run(ScriptEngine.java:194)
	at com.kms.katalon.core.main.ScriptEngine.runScriptAsRawText(ScriptEngine.java:119)
	at com.kms.katalon.core.main.TestCaseExecutor.runScript(TestCaseExecutor.java:337)
	at com.kms.katalon.core.main.TestCaseExecutor.doExecute(TestCaseExecutor.java:328)
	at com.kms.katalon.core.main.TestCaseExecutor.processExecutionPhase(TestCaseExecutor.java:307)
	at com.kms.katalon.core.main.TestCaseExecutor.accessMainPhase(TestCaseExecutor.java:299)
	at com.kms.katalon.core.main.TestCaseExecutor.execute(TestCaseExecutor.java:233)
	at com.kms.katalon.core.main.TestSuiteExecutor.accessTestCaseMainPhase(TestSuiteExecutor.java:169)
	at com.kms.katalon.core.main.TestSuiteExecutor.accessTestSuiteMainPhase(TestSuiteExecutor.java:142)
	at com.kms.katalon.core.main.TestSuiteExecutor.execute(TestSuiteExecutor.java:91)
	at com.kms.katalon.core.main.TestCaseMain.startTestSuite(TestCaseMain.java:157)
	at com.kms.katalon.core.main.TestCaseMain$startTestSuite$0.call(Unknown Source)
	at TempTestSuite1576498092622.run(TempTestSuite1576498092622.groovy:36)
Caused by: com.kms.katalon.core.webui.exception.WebElementNotFoundException: Web element with id: 'Object Repository/object_reservation/button_Next' located by 'By.xpath: (//button[@type='button'])[10]' not found
	at com.kms.katalon.core.webui.common.WebUiCommonHelper.findWebElement(WebUiCommonHelper.java:1113)
	at com.kms.katalon.core.webui.keyword.internal.WebUIAbstractKeyword.findWebElement(WebUIAbstractKeyword.groovy:27)
	at com.kms.katalon.core.webui.keyword.internal.WebUIAbstractKeyword.findWebElement(WebUIAbstractKeyword.groovy:26)
	at com.kms.katalon.core.webui.keyword.builtin.ClickKeyword$_click_closure1.doCall(ClickKeyword.groovy:68)
	at com.kms.katalon.core.webui.keyword.builtin.ClickKeyword$_click_closure1.call(ClickKeyword.groovy)
	at com.kms.katalon.core.webui.keyword.internal.WebUIKeywordMain.runKeyword(WebUIKeywordMain.groovy:20)
	... 19 more


2019-12-16 06:29:33 - [TEST_STEP][PASSED] - openBrowser("https://p4p-qa-bg.aws.paradise4paws.com/login/"): Browser is opened with url: 'https://p4p-qa-bg.aws.paradise4paws.com/login/'

2019-12-16 06:29:33 - [MESSAGE][WARNING] - A browser is already opened. Closing browser and opening a new one

2019-12-16 06:29:34 - [MESSAGE][INFO] - Starting 'Firefox' driver

2019-12-16 06:29:38 - [MESSAGE][PASSED] - Browser is opened with url: 'https://p4p-qa-bg.aws.paradise4paws.com/login/'

2019-12-16 06:29:38 - [TEST_STEP][PASSED] - setText(findTestObject("Object Repository/object_login/input_user"), var_user): Text 'jegchavez@gmail.com' is set on object 'Object Repository/object_login/input_user'

2019-12-16 06:29:38 - [MESSAGE][PASSED] - Text 'jegchavez@gmail.com' is set on object 'Object Repository/object_login/input_user'

2019-12-16 06:29:38 - [TEST_STEP][PASSED] - setText(findTestObject("Object Repository/object_login/input_pass"), var_pass): Text 'admin1' is set on object 'Object Repository/object_login/input_pass'

2019-12-16 06:29:39 - [MESSAGE][PASSED] - Text 'admin1' is set on object 'Object Repository/object_login/input_pass'

2019-12-16 06:29:39 - [TEST_STEP][PASSED] - delay(2): Delayed 2 second(s)

2019-12-16 06:29:41 - [MESSAGE][PASSED] - Delayed 2 second(s)

2019-12-16 06:29:41 - [TEST_STEP][PASSED] - verifyElementClickable(findTestObject("Object Repository/object_login/btn_login")): Object 'Object Repository/object_login/btn_login' is clickable

2019-12-16 06:29:41 - [MESSAGE][PASSED] - Object 'Object Repository/object_login/btn_login' is clickable

2019-12-16 06:29:41 - [TEST_STEP][PASSED] - click(findTestObject("Object Repository/object_login/btn_login")): Object: 'Object Repository/object_login/btn_login' is clicked on

2019-12-16 06:29:44 - [MESSAGE][PASSED] - Object: 'Object Repository/object_login/btn_login' is clicked on

2019-12-16 06:29:44 - [TEST_STEP][PASSED] - delay(2): Delayed 2 second(s)

2019-12-16 06:29:46 - [MESSAGE][PASSED] - Delayed 2 second(s)

2019-12-16 06:29:46 - [TEST_STEP][PASSED] - setText(findTestObject("Object Repository/object_dashboard_emp/input_search"), var_mailParent): Text 'leongarzagarza@hotmail.com' is set on object 'Object Repository/object_dashboard_emp/input_search'

2019-12-16 06:29:46 - [MESSAGE][PASSED] - Text 'leongarzagarza@hotmail.com' is set on object 'Object Repository/object_dashboard_emp/input_search'

2019-12-16 06:29:46 - [TEST_STEP][PASSED] - click(findTestObject("Object Repository/object_dashboard_emp/btn_accountSearch")): Object: 'Object Repository/object_dashboard_emp/btn_accountSearch' is clicked on

2019-12-16 06:29:47 - [MESSAGE][PASSED] - Object: 'Object Repository/object_dashboard_emp/btn_accountSearch' is clicked on

2019-12-16 06:29:47 - [TEST_STEP][PASSED] - delay(2): Delayed 2 second(s)

2019-12-16 06:29:49 - [MESSAGE][PASSED] - Delayed 2 second(s)

2019-12-16 06:29:49 - [TEST_STEP][PASSED] - click(findTestObject("object_accountInformation/a_TEST GABRIEL PROD")): Object: 'Object Repository/object_accountInformation/a_TEST GABRIEL PROD' is clicked on

2019-12-16 06:29:53 - [MESSAGE][PASSED] - Object: 'Object Repository/object_accountInformation/a_TEST GABRIEL PROD' is clicked on

2019-12-16 06:29:53 - [TEST_STEP][PASSED] - delay(1): Delayed 1 second(s)

2019-12-16 06:29:54 - [MESSAGE][PASSED] - Delayed 1 second(s)

2019-12-16 06:29:54 - [TEST_STEP][PASSED] - a = var_url1 + var_idReservation + var_url2 + var_idParent: null

2019-12-16 06:29:54 - [TEST_STEP][PASSED] - delay(4): Delayed 4 second(s)

2019-12-16 06:29:58 - [MESSAGE][PASSED] - Delayed 4 second(s)

2019-12-16 06:29:58 - [TEST_STEP][PASSED] - log = new com.kms.katalon.core.logging.KeywordLogger(): null

2019-12-16 06:29:58 - [TEST_STEP][PASSED] - log.logInfo("URL: " + a): URL: https://p4p-qa-bg.aws.paradise4paws.com/frontdesk/reservation/
/?parent_id=122350

2019-12-16 06:29:58 - [MESSAGE][INFO] - URL: https://p4p-qa-bg.aws.paradise4paws.com/frontdesk/reservation/
/?parent_id=122350

2019-12-16 06:29:58 - [TEST_STEP][PASSED] - navigateToUrl(a): Navigate to 'https://p4p-qa-bg.aws.paradise4paws.com/frontdesk/reservation/
/?parent_id=122350' successfully

2019-12-16 06:29:58 - [MESSAGE][PASSED] - Navigate to 'https://p4p-qa-bg.aws.paradise4paws.com/frontdesk/reservation/
/?parent_id=122350' successfully

2019-12-16 06:29:58 - [TEST_STEP][PASSED] - delay(3): Delayed 3 second(s)

2019-12-16 06:30:01 - [MESSAGE][PASSED] - Delayed 3 second(s)

2019-12-16 06:30:01 - [TEST_STEP][FAILED] - click(findTestObject("object_reservation/button_Next")): Unable to click on object 'Object Repository/object_reservation/button_Next' (Root cause: com.kms.katalon.core.exception.StepFailedException: Unable to click on object 'Object Repository/object_reservation/button_Next'
	at com.kms.katalon.core.webui.keyword.internal.WebUIKeywordMain.stepFailed(WebUIKeywordMain.groovy:64)
	at com.kms.katalon.core.webui.keyword.internal.WebUIKeywordMain.runKeyword(WebUIKeywordMain.groovy:26)
	at com.kms.katalon.core.webui.keyword.builtin.ClickKeyword.click(ClickKeyword.groovy:99)
	at com.kms.katalon.core.webui.keyword.builtin.ClickKeyword.execute(ClickKeyword.groovy:43)
	at com.kms.katalon.core.keyword.internal.KeywordExecutor.executeKeywordForPlatform(KeywordExecutor.groovy:60)
	at com.kms.katalon.core.webui.keyword.WebUiBuiltInKeywords.click(WebUiBuiltInKeywords.groovy:616)
	at com.kms.katalon.core.webui.keyword.WebUiBuiltInKeywords$click$2.call(Unknown Source)
	at p4p_cancelReserEdit.run(p4p_cancelReserEdit:65)
	at com.kms.katalon.core.main.ScriptEngine.run(ScriptEngine.java:194)
	at com.kms.katalon.core.main.ScriptEngine.runScriptAsRawText(ScriptEngine.java:119)
	at com.kms.katalon.core.main.TestCaseExecutor.runScript(TestCaseExecutor.java:337)
	at com.kms.katalon.core.main.TestCaseExecutor.doExecute(TestCaseExecutor.java:328)
	at com.kms.katalon.core.main.TestCaseExecutor.processExecutionPhase(TestCaseExecutor.java:307)
	at com.kms.katalon.core.main.TestCaseExecutor.accessMainPhase(TestCaseExecutor.java:299)
	at com.kms.katalon.core.main.TestCaseExecutor.execute(TestCaseExecutor.java:233)
	at com.kms.katalon.core.main.TestSuiteExecutor.accessTestCaseMainPhase(TestSuiteExecutor.java:169)
	at com.kms.katalon.core.main.TestSuiteExecutor.accessTestSuiteMainPhase(TestSuiteExecutor.java:142)
	at com.kms.katalon.core.main.TestSuiteExecutor.execute(TestSuiteExecutor.java:91)
	at com.kms.katalon.core.main.TestCaseMain.startTestSuite(TestCaseMain.java:157)
	at com.kms.katalon.core.main.TestCaseMain$startTestSuite$0.call(Unknown Source)
	at TempTestSuite1576498092622.run(TempTestSuite1576498092622.groovy:36)
Caused by: com.kms.katalon.core.webui.exception.WebElementNotFoundException: Web element with id: 'Object Repository/object_reservation/button_Next' located by 'By.xpath: (//button[@type='button'])[10]' not found
	at com.kms.katalon.core.webui.common.WebUiCommonHelper.findWebElement(WebUiCommonHelper.java:1113)
	at com.kms.katalon.core.webui.keyword.internal.WebUIAbstractKeyword.findWebElement(WebUIAbstractKeyword.groovy:27)
	at com.kms.katalon.core.webui.keyword.internal.WebUIAbstractKeyword.findWebElement(WebUIAbstractKeyword.groovy:26)
	at com.kms.katalon.core.webui.keyword.builtin.ClickKeyword$_click_closure1.doCall(ClickKeyword.groovy:68)
	at com.kms.katalon.core.webui.keyword.builtin.ClickKeyword$_click_closure1.call(ClickKeyword.groovy)
	at com.kms.katalon.core.webui.keyword.internal.WebUIKeywordMain.runKeyword(WebUIKeywordMain.groovy:20)
	at com.kms.katalon.core.webui.keyword.builtin.ClickKeyword.click(ClickKeyword.groovy:99)
	at com.kms.katalon.core.webui.keyword.builtin.ClickKeyword.execute(ClickKeyword.groovy:43)
	at com.kms.katalon.core.keyword.internal.KeywordExecutor.executeKeywordForPlatform(KeywordExecutor.groovy:60)
	at com.kms.katalon.core.webui.keyword.WebUiBuiltInKeywords.click(WebUiBuiltInKeywords.groovy:616)
	at com.kms.katalon.core.webui.keyword.WebUiBuiltInKeywords$click$2.call(Unknown Source)
	at Script1575908897768.run(Script1575908897768.groovy:65)
	... 13 more
)

2019-12-16 06:30:45 - [MESSAGE][INFO] - Unable to find the element located by 'By.xpath: (//button[@type='button'])[10]'. Please recheck the objects properties to make sure the desired element is located. 

2019-12-16 06:30:45 - [MESSAGE][FAILED] - Unable to click on object 'Object Repository/object_reservation/button_Next' (Root cause: com.kms.katalon.core.exception.StepFailedException: Unable to click on object 'Object Repository/object_reservation/button_Next'
	at com.kms.katalon.core.webui.keyword.internal.WebUIKeywordMain.stepFailed(WebUIKeywordMain.groovy:64)
	at com.kms.katalon.core.webui.keyword.internal.WebUIKeywordMain.runKeyword(WebUIKeywordMain.groovy:26)
	at com.kms.katalon.core.webui.keyword.builtin.ClickKeyword.click(ClickKeyword.groovy:99)
	at com.kms.katalon.core.webui.keyword.builtin.ClickKeyword.execute(ClickKeyword.groovy:43)
	at com.kms.katalon.core.keyword.internal.KeywordExecutor.executeKeywordForPlatform(KeywordExecutor.groovy:60)
	at com.kms.katalon.core.webui.keyword.WebUiBuiltInKeywords.click(WebUiBuiltInKeywords.groovy:616)
	at com.kms.katalon.core.webui.keyword.WebUiBuiltInKeywords$click$2.call(Unknown Source)
	at p4p_cancelReserEdit.run(p4p_cancelReserEdit:65)
	at com.kms.katalon.core.main.ScriptEngine.run(ScriptEngine.java:194)
	at com.kms.katalon.core.main.ScriptEngine.runScriptAsRawText(ScriptEngine.java:119)
	at com.kms.katalon.core.main.TestCaseExecutor.runScript(TestCaseExecutor.java:337)
	at com.kms.katalon.core.main.TestCaseExecutor.doExecute(TestCaseExecutor.java:328)
	at com.kms.katalon.core.main.TestCaseExecutor.processExecutionPhase(TestCaseExecutor.java:307)
	at com.kms.katalon.core.main.TestCaseExecutor.accessMainPhase(TestCaseExecutor.java:299)
	at com.kms.katalon.core.main.TestCaseExecutor.execute(TestCaseExecutor.java:233)
	at com.kms.katalon.core.main.TestSuiteExecutor.accessTestCaseMainPhase(TestSuiteExecutor.java:169)
	at com.kms.katalon.core.main.TestSuiteExecutor.accessTestSuiteMainPhase(TestSuiteExecutor.java:142)
	at com.kms.katalon.core.main.TestSuiteExecutor.execute(TestSuiteExecutor.java:91)
	at com.kms.katalon.core.main.TestCaseMain.startTestSuite(TestCaseMain.java:157)
	at com.kms.katalon.core.main.TestCaseMain$startTestSuite$0.call(Unknown Source)
	at TempTestSuite1576498092622.run(TempTestSuite1576498092622.groovy:36)
Caused by: com.kms.katalon.core.webui.exception.WebElementNotFoundException: Web element with id: 'Object Repository/object_reservation/button_Next' located by 'By.xpath: (//button[@type='button'])[10]' not found
	at com.kms.katalon.core.webui.common.WebUiCommonHelper.findWebElement(WebUiCommonHelper.java:1113)
	at com.kms.katalon.core.webui.keyword.internal.WebUIAbstractKeyword.findWebElement(WebUIAbstractKeyword.groovy:27)
	at com.kms.katalon.core.webui.keyword.internal.WebUIAbstractKeyword.findWebElement(WebUIAbstractKeyword.groovy:26)
	at com.kms.katalon.core.webui.keyword.builtin.ClickKeyword$_click_closure1.doCall(ClickKeyword.groovy:68)
	at com.kms.katalon.core.webui.keyword.builtin.ClickKeyword$_click_closure1.call(ClickKeyword.groovy)
	at com.kms.katalon.core.webui.keyword.internal.WebUIKeywordMain.runKeyword(WebUIKeywordMain.groovy:20)
	at com.kms.katalon.core.webui.keyword.builtin.ClickKeyword.click(ClickKeyword.groovy:99)
	at com.kms.katalon.core.webui.keyword.builtin.ClickKeyword.execute(ClickKeyword.groovy:43)
	at com.kms.katalon.core.keyword.internal.KeywordExecutor.executeKeywordForPlatform(KeywordExecutor.groovy:60)
	at com.kms.katalon.core.webui.keyword.WebUiBuiltInKeywords.click(WebUiBuiltInKeywords.groovy:616)
	at com.kms.katalon.core.webui.keyword.WebUiBuiltInKeywords$click$2.call(Unknown Source)
	at Script1575908897768.run(Script1575908897768.groovy:65)
	... 13 more
)
[[ATTACHMENT|/home/leonardo-arkusmty/Documents/workspaceKatalon/p4ptest/Reports/20191216_060812/ts_cancelReservation/20191216_060812/1576499445325.png]]]]></system-out>
         <system-err><![CDATA[2019-12-16 06:29:33 - [TEST_CASE][FAILED] - Test Cases/p4p_cancelReserEdit: Test Cases/p4p_cancelReserEdit FAILED.
Reason:
com.kms.katalon.core.exception.StepFailedException: Unable to click on object 'Object Repository/object_reservation/button_Next'
	at com.kms.katalon.core.webui.keyword.internal.WebUIKeywordMain.stepFailed(WebUIKeywordMain.groovy:64)
	at com.kms.katalon.core.webui.keyword.internal.WebUIKeywordMain.runKeyword(WebUIKeywordMain.groovy:26)
	at com.kms.katalon.core.webui.keyword.builtin.ClickKeyword.click(ClickKeyword.groovy:99)
	at com.kms.katalon.core.webui.keyword.builtin.ClickKeyword.execute(ClickKeyword.groovy:43)
	at com.kms.katalon.core.keyword.internal.KeywordExecutor.executeKeywordForPlatform(KeywordExecutor.groovy:60)
	at com.kms.katalon.core.webui.keyword.WebUiBuiltInKeywords.click(WebUiBuiltInKeywords.groovy:616)
	at com.kms.katalon.core.webui.keyword.WebUiBuiltInKeywords$click$2.call(Unknown Source)
	at p4p_cancelReserEdit.run(p4p_cancelReserEdit:65)
	at com.kms.katalon.core.main.ScriptEngine.run(ScriptEngine.java:194)
	at com.kms.katalon.core.main.ScriptEngine.runScriptAsRawText(ScriptEngine.java:119)
	at com.kms.katalon.core.main.TestCaseExecutor.runScript(TestCaseExecutor.java:337)
	at com.kms.katalon.core.main.TestCaseExecutor.doExecute(TestCaseExecutor.java:328)
	at com.kms.katalon.core.main.TestCaseExecutor.processExecutionPhase(TestCaseExecutor.java:307)
	at com.kms.katalon.core.main.TestCaseExecutor.accessMainPhase(TestCaseExecutor.java:299)
	at com.kms.katalon.core.main.TestCaseExecutor.execute(TestCaseExecutor.java:233)
	at com.kms.katalon.core.main.TestSuiteExecutor.accessTestCaseMainPhase(TestSuiteExecutor.java:169)
	at com.kms.katalon.core.main.TestSuiteExecutor.accessTestSuiteMainPhase(TestSuiteExecutor.java:142)
	at com.kms.katalon.core.main.TestSuiteExecutor.execute(TestSuiteExecutor.java:91)
	at com.kms.katalon.core.main.TestCaseMain.startTestSuite(TestCaseMain.java:157)
	at com.kms.katalon.core.main.TestCaseMain$startTestSuite$0.call(Unknown Source)
	at TempTestSuite1576498092622.run(TempTestSuite1576498092622.groovy:36)
Caused by: com.kms.katalon.core.webui.exception.WebElementNotFoundException: Web element with id: 'Object Repository/object_reservation/button_Next' located by 'By.xpath: (//button[@type='button'])[10]' not found
	at com.kms.katalon.core.webui.common.WebUiCommonHelper.findWebElement(WebUiCommonHelper.java:1113)
	at com.kms.katalon.core.webui.keyword.internal.WebUIAbstractKeyword.findWebElement(WebUIAbstractKeyword.groovy:27)
	at com.kms.katalon.core.webui.keyword.internal.WebUIAbstractKeyword.findWebElement(WebUIAbstractKeyword.groovy:26)
	at com.kms.katalon.core.webui.keyword.builtin.ClickKeyword$_click_closure1.doCall(ClickKeyword.groovy:68)
	at com.kms.katalon.core.webui.keyword.builtin.ClickKeyword$_click_closure1.call(ClickKeyword.groovy)
	at com.kms.katalon.core.webui.keyword.internal.WebUIKeywordMain.runKeyword(WebUIKeywordMain.groovy:20)
	... 19 more]]></system-err>
      </testcase>
      <system-out><![CDATA[2019-12-16 06:08:14 - [TEST_SUITE][FAILED] - ts_cancelReservation: Test Cases/p4p_cancelReserEdit FAILED.
Reason:
com.kms.katalon.core.exception.StepFailedException: Unable to click on object 'Object Repository/object_reservation/button_Next'
	at com.kms.katalon.core.webui.keyword.internal.WebUIKeywordMain.stepFailed(WebUIKeywordMain.groovy:64)
	at com.kms.katalon.core.webui.keyword.internal.WebUIKeywordMain.runKeyword(WebUIKeywordMain.groovy:26)
	at com.kms.katalon.core.webui.keyword.builtin.ClickKeyword.click(ClickKeyword.groovy:99)
	at com.kms.katalon.core.webui.keyword.builtin.ClickKeyword.execute(ClickKeyword.groovy:43)
	at com.kms.katalon.core.keyword.internal.KeywordExecutor.executeKeywordForPlatform(KeywordExecutor.groovy:60)
	at com.kms.katalon.core.webui.keyword.WebUiBuiltInKeywords.click(WebUiBuiltInKeywords.groovy:616)
	at com.kms.katalon.core.webui.keyword.WebUiBuiltInKeywords$click$2.call(Unknown Source)
	at p4p_cancelReserEdit.run(p4p_cancelReserEdit:65)
	at com.kms.katalon.core.main.ScriptEngine.run(ScriptEngine.java:194)
	at com.kms.katalon.core.main.ScriptEngine.runScriptAsRawText(ScriptEngine.java:119)
	at com.kms.katalon.core.main.TestCaseExecutor.runScript(TestCaseExecutor.java:337)
	at com.kms.katalon.core.main.TestCaseExecutor.doExecute(TestCaseExecutor.java:328)
	at com.kms.katalon.core.main.TestCaseExecutor.processExecutionPhase(TestCaseExecutor.java:307)
	at com.kms.katalon.core.main.TestCaseExecutor.accessMainPhase(TestCaseExecutor.java:299)
	at com.kms.katalon.core.main.TestCaseExecutor.execute(TestCaseExecutor.java:233)
	at com.kms.katalon.core.main.TestSuiteExecutor.accessTestCaseMainPhase(TestSuiteExecutor.java:169)
	at com.kms.katalon.core.main.TestSuiteExecutor.accessTestSuiteMainPhase(TestSuiteExecutor.java:142)
	at com.kms.katalon.core.main.TestSuiteExecutor.execute(TestSuiteExecutor.java:91)
	at com.kms.katalon.core.main.TestCaseMain.startTestSuite(TestCaseMain.java:157)
	at com.kms.katalon.core.main.TestCaseMain$startTestSuite$0.call(Unknown Source)
	at TempTestSuite1576498092622.run(TempTestSuite1576498092622.groovy:36)
Caused by: com.kms.katalon.core.webui.exception.WebElementNotFoundException: Web element with id: 'Object Repository/object_reservation/button_Next' located by 'By.xpath: (//button[@type='button'])[10]' not found
	at com.kms.katalon.core.webui.common.WebUiCommonHelper.findWebElement(WebUiCommonHelper.java:1113)
	at com.kms.katalon.core.webui.keyword.internal.WebUIAbstractKeyword.findWebElement(WebUIAbstractKeyword.groovy:27)
	at com.kms.katalon.core.webui.keyword.internal.WebUIAbstractKeyword.findWebElement(WebUIAbstractKeyword.groovy:26)
	at com.kms.katalon.core.webui.keyword.builtin.ClickKeyword$_click_closure1.doCall(ClickKeyword.groovy:68)
	at com.kms.katalon.core.webui.keyword.builtin.ClickKeyword$_click_closure1.call(ClickKeyword.groovy)
	at com.kms.katalon.core.webui.keyword.internal.WebUIKeywordMain.runKeyword(WebUIKeywordMain.groovy:20)
	... 19 more]]></system-out>
      <system-err><![CDATA[2019-12-16 06:08:14 - [TEST_SUITE][FAILED] - ts_cancelReservation: Test Cases/p4p_cancelReserEdit FAILED.
Reason:
com.kms.katalon.core.exception.StepFailedException: Unable to click on object 'Object Repository/object_reservation/button_Next'
	at com.kms.katalon.core.webui.keyword.internal.WebUIKeywordMain.stepFailed(WebUIKeywordMain.groovy:64)
	at com.kms.katalon.core.webui.keyword.internal.WebUIKeywordMain.runKeyword(WebUIKeywordMain.groovy:26)
	at com.kms.katalon.core.webui.keyword.builtin.ClickKeyword.click(ClickKeyword.groovy:99)
	at com.kms.katalon.core.webui.keyword.builtin.ClickKeyword.execute(ClickKeyword.groovy:43)
	at com.kms.katalon.core.keyword.internal.KeywordExecutor.executeKeywordForPlatform(KeywordExecutor.groovy:60)
	at com.kms.katalon.core.webui.keyword.WebUiBuiltInKeywords.click(WebUiBuiltInKeywords.groovy:616)
	at com.kms.katalon.core.webui.keyword.WebUiBuiltInKeywords$click$2.call(Unknown Source)
	at p4p_cancelReserEdit.run(p4p_cancelReserEdit:65)
	at com.kms.katalon.core.main.ScriptEngine.run(ScriptEngine.java:194)
	at com.kms.katalon.core.main.ScriptEngine.runScriptAsRawText(ScriptEngine.java:119)
	at com.kms.katalon.core.main.TestCaseExecutor.runScript(TestCaseExecutor.java:337)
	at com.kms.katalon.core.main.TestCaseExecutor.doExecute(TestCaseExecutor.java:328)
	at com.kms.katalon.core.main.TestCaseExecutor.processExecutionPhase(TestCaseExecutor.java:307)
	at com.kms.katalon.core.main.TestCaseExecutor.accessMainPhase(TestCaseExecutor.java:299)
	at com.kms.katalon.core.main.TestCaseExecutor.execute(TestCaseExecutor.java:233)
	at com.kms.katalon.core.main.TestSuiteExecutor.accessTestCaseMainPhase(TestSuiteExecutor.java:169)
	at com.kms.katalon.core.main.TestSuiteExecutor.accessTestSuiteMainPhase(TestSuiteExecutor.java:142)
	at com.kms.katalon.core.main.TestSuiteExecutor.execute(TestSuiteExecutor.java:91)
	at com.kms.katalon.core.main.TestCaseMain.startTestSuite(TestCaseMain.java:157)
	at com.kms.katalon.core.main.TestCaseMain$startTestSuite$0.call(Unknown Source)
	at TempTestSuite1576498092622.run(TempTestSuite1576498092622.groovy:36)
Caused by: com.kms.katalon.core.webui.exception.WebElementNotFoundException: Web element with id: 'Object Repository/object_reservation/button_Next' located by 'By.xpath: (//button[@type='button'])[10]' not found
	at com.kms.katalon.core.webui.common.WebUiCommonHelper.findWebElement(WebUiCommonHelper.java:1113)
	at com.kms.katalon.core.webui.keyword.internal.WebUIAbstractKeyword.findWebElement(WebUIAbstractKeyword.groovy:27)
	at com.kms.katalon.core.webui.keyword.internal.WebUIAbstractKeyword.findWebElement(WebUIAbstractKeyword.groovy:26)
	at com.kms.katalon.core.webui.keyword.builtin.ClickKeyword$_click_closure1.doCall(ClickKeyword.groovy:68)
	at com.kms.katalon.core.webui.keyword.builtin.ClickKeyword$_click_closure1.call(ClickKeyword.groovy)
	at com.kms.katalon.core.webui.keyword.internal.WebUIKeywordMain.runKeyword(WebUIKeywordMain.groovy:20)
	... 19 more]]></system-err>
   </testsuite>
</testsuites>
