<?xml version="1.0" encoding="UTF-8"?>
<testsuites name="ts_newBoardingSpaserviceCancel" time="1079.691" tests="12" failures="7" errors="3">
   <testsuite name="ts_newBoardingSpaserviceCancel" tests="12" failures="7" errors="3" time="1079.691" timestamp="2019-12-23 10:10:18" hostname="leonardo-arkusmty - leonardoarkusmty-Inspiron-5577" id="Test Suites/ts_newBoardingSpaserviceCancel">
      <properties>
         <property name="deviceName" value=""/>
         <property name="devicePlatform" value=""/>
         <property name="logFolder" value="/home/leonardo-arkusmty/Documents/workspaceKatalon/p4ptest/Reports/20191223_101016/ts_newBoardingSpaserviceCancel/20191223_101016"/>
         <property name="logFiles" value="/home/leonardo-arkusmty/Documents/workspaceKatalon/p4ptest/Reports/20191223_101016/ts_newBoardingSpaserviceCancel/20191223_101016/execution0.log"/>
         <property name="attachments" value="/home/leonardo-arkusmty/Documents/workspaceKatalon/p4ptest/Reports/20191223_101016/ts_newBoardingSpaserviceCancel/20191223_101016/1577117700113.png, /home/leonardo-arkusmty/Documents/workspaceKatalon/p4ptest/Reports/20191223_101016/ts_newBoardingSpaserviceCancel/20191223_101016/1577117783305.png, /home/leonardo-arkusmty/Documents/workspaceKatalon/p4ptest/Reports/20191223_101016/ts_newBoardingSpaserviceCancel/20191223_101016/1577118035690.png, /home/leonardo-arkusmty/Documents/workspaceKatalon/p4ptest/Reports/20191223_101016/ts_newBoardingSpaserviceCancel/20191223_101016/1577118113620.png, /home/leonardo-arkusmty/Documents/workspaceKatalon/p4ptest/Reports/20191223_101016/ts_newBoardingSpaserviceCancel/20191223_101016/1577118194466.png, /home/leonardo-arkusmty/Documents/workspaceKatalon/p4ptest/Reports/20191223_101016/ts_newBoardingSpaserviceCancel/20191223_101016/1577118269319.png, /home/leonardo-arkusmty/Documents/workspaceKatalon/p4ptest/Reports/20191223_101016/ts_newBoardingSpaserviceCancel/20191223_101016/1577118344680.png, /home/leonardo-arkusmty/Documents/workspaceKatalon/p4ptest/Reports/20191223_101016/ts_newBoardingSpaserviceCancel/20191223_101016/1577118419285.png, /home/leonardo-arkusmty/Documents/workspaceKatalon/p4ptest/Reports/20191223_101016/ts_newBoardingSpaserviceCancel/20191223_101016/1577118497043.png"/>
         <property name="hostName" value="leonardo-arkusmty - leonardoarkusmty-Inspiron-5577"/>
         <property name="os" value="Linux 64bit"/>
         <property name="katalonVersion" value="7.0.8.1"/>
         <property name="browser" value="Firefox 71.0"/>
         <property name="hostAddress" value="127.0.1.1"/>
         <property name="sessionId" value="417d8cfe-a45e-46c0-858c-471624884ab0"/>
         <property name="seleniumVersion" value="3.141.59"/>
         <property name="proxyInformation" value="ProxyInformation{proxyOption=NO_PROXY, proxyServerType=HTTP, password=, proxyServerAddress=, proxyServerPort=0}"/>
         <property name="platform" value="Linux"/>
      </properties>
      <testcase name="Test Cases/p4p_newReservationBoarding" time="78.895" classname="Test Cases/p4p_newReservationBoarding" status="PASSED">
         <system-out><![CDATA[2019-12-23 10:10:18 - [TEST_CASE][PASSED] - Test Cases/p4p_newReservationBoarding: Test Cases/p4p_newReservationBoarding

2019-12-23 10:10:19 - [TEST_STEP][PASSED] - openBrowser("https://p4p-qa-bg.aws.paradise4paws.com/login/"): Browser is opened with url: 'https://p4p-qa-bg.aws.paradise4paws.com/login/'

2019-12-23 10:10:19 - [MESSAGE][INFO] - Starting 'Firefox' driver

2019-12-23 10:10:19 - [MESSAGE][INFO] - Action delay is set to 0 seconds

2019-12-23 10:10:25 - [MESSAGE][PASSED] - Browser is opened with url: 'https://p4p-qa-bg.aws.paradise4paws.com/login/'

2019-12-23 10:10:25 - [TEST_STEP][PASSED] - setText(findTestObject("Object Repository/object_login/input_user"), var_user): Text 'jegchavez@gmail.com' is set on object 'Object Repository/object_login/input_user'

2019-12-23 10:10:26 - [MESSAGE][PASSED] - Text 'jegchavez@gmail.com' is set on object 'Object Repository/object_login/input_user'

2019-12-23 10:10:26 - [TEST_STEP][PASSED] - setText(findTestObject("Object Repository/object_login/input_pass"), var_pass): Text 'admin1' is set on object 'Object Repository/object_login/input_pass'

2019-12-23 10:10:26 - [MESSAGE][PASSED] - Text 'admin1' is set on object 'Object Repository/object_login/input_pass'

2019-12-23 10:10:26 - [TEST_STEP][PASSED] - delay(2): Delayed 2 second(s)

2019-12-23 10:10:28 - [MESSAGE][PASSED] - Delayed 2 second(s)

2019-12-23 10:10:28 - [TEST_STEP][PASSED] - verifyElementClickable(findTestObject("Object Repository/object_login/btn_login")): Object 'Object Repository/object_login/btn_login' is clickable

2019-12-23 10:10:28 - [MESSAGE][PASSED] - Object 'Object Repository/object_login/btn_login' is clickable

2019-12-23 10:10:28 - [TEST_STEP][PASSED] - click(findTestObject("Object Repository/object_login/btn_login")): Object: 'Object Repository/object_login/btn_login' is clicked on

2019-12-23 10:10:31 - [MESSAGE][PASSED] - Object: 'Object Repository/object_login/btn_login' is clicked on

2019-12-23 10:10:31 - [TEST_STEP][PASSED] - delay(2): Delayed 2 second(s)

2019-12-23 10:10:33 - [MESSAGE][PASSED] - Delayed 2 second(s)

2019-12-23 10:10:33 - [TEST_STEP][PASSED] - setText(findTestObject("Object Repository/object_dashboard_emp/input_search"), var_searchParent): Text 'leongarzagarza@hotmail.com' is set on object 'Object Repository/object_dashboard_emp/input_search'

2019-12-23 10:10:34 - [MESSAGE][PASSED] - Text 'leongarzagarza@hotmail.com' is set on object 'Object Repository/object_dashboard_emp/input_search'

2019-12-23 10:10:34 - [TEST_STEP][PASSED] - click(findTestObject("Object Repository/object_dashboard_emp/btn_accountSearch")): Object: 'Object Repository/object_dashboard_emp/btn_accountSearch' is clicked on

2019-12-23 10:10:35 - [MESSAGE][PASSED] - Object: 'Object Repository/object_dashboard_emp/btn_accountSearch' is clicked on

2019-12-23 10:10:35 - [TEST_STEP][PASSED] - delay(2): Delayed 2 second(s)

2019-12-23 10:10:37 - [MESSAGE][PASSED] - Delayed 2 second(s)

2019-12-23 10:10:37 - [TEST_STEP][PASSED] - click(findTestObject("Object Repository/object_accountInformation/a_TEST GABRIEL PROD")): Object: 'Object Repository/object_accountInformation/a_TEST GABRIEL PROD' is clicked on

2019-12-23 10:10:41 - [MESSAGE][PASSED] - Object: 'Object Repository/object_accountInformation/a_TEST GABRIEL PROD' is clicked on

2019-12-23 10:10:41 - [TEST_STEP][PASSED] - delay(2): Delayed 2 second(s)

2019-12-23 10:10:43 - [MESSAGE][PASSED] - Delayed 2 second(s)

2019-12-23 10:10:43 - [TEST_STEP][PASSED] - click(findTestObject("Object Repository/object_profile/a_addReservation")): Object: 'Object Repository/object_profile/a_addReservation' is clicked on

2019-12-23 10:10:44 - [MESSAGE][PASSED] - Object: 'Object Repository/object_profile/a_addReservation' is clicked on

2019-12-23 10:10:44 - [TEST_STEP][PASSED] - delay(2): Delayed 2 second(s)

2019-12-23 10:10:46 - [MESSAGE][PASSED] - Delayed 2 second(s)

2019-12-23 10:10:46 - [TEST_STEP][PASSED] - flagBoar = "0": null

2019-12-23 10:10:46 - [TEST_STEP][PASSED] - log = new com.kms.katalon.core.logging.KeywordLogger(): null

2019-12-23 10:10:46 - [TEST_STEP][PASSED] - fisNewRes = new java.io.FileInputStream(/home/leonardo-arkusmty/Desktop/P4P/DATA_AUTOMATINTESTING/data_1newReservationBoarding.xlsx): null

2019-12-23 10:10:46 - [TEST_STEP][PASSED] - fisCanRes = new java.io.FileInputStream(/home/leonardo-arkusmty/Desktop/P4P/DATA_AUTOMATINTESTING/data_2cancelReservation.xlsx): null

2019-12-23 10:10:46 - [TEST_STEP][PASSED] - workbookNewRes = new org.apache.poi.xssf.usermodel.XSSFWorkbook(fisNewRes): null

2019-12-23 10:10:47 - [TEST_STEP][PASSED] - workbookCanRes = new org.apache.poi.xssf.usermodel.XSSFWorkbook(fisCanRes): null

2019-12-23 10:10:47 - [TEST_STEP][PASSED] - sheetNewRes = workbookNewRes.getSheet("Sheet1"): null

2019-12-23 10:10:47 - [TEST_STEP][PASSED] - sheetCanRes = workbookCanRes.getSheet("Sheet1"): null

2019-12-23 10:10:47 - [TEST_STEP][PASSED] - rowCount = var_row: null

2019-12-23 10:10:47 - [TEST_STEP][PASSED] - var = Integer.parseInt(var_idRowRes): null

2019-12-23 10:10:47 - [TEST_STEP][PASSED] - rowNewRes = sheetNewRes.getRow(var): null

2019-12-23 10:10:47 - [TEST_STEP][PASSED] - rowCanRes = sheetCanRes.getRow(var): null

2019-12-23 10:10:47 - [TEST_STEP][PASSED] - if (var_typeReserveation == "Boarding"): null

2019-12-23 10:10:47 - [TEST_STEP][PASSED] - click(findTestObject("Object Repository/object_reservation/btn_Boarding")): Object: 'Object Repository/object_reservation/btn_Boarding' is clicked on

2019-12-23 10:10:48 - [MESSAGE][PASSED] - Object: 'Object Repository/object_reservation/btn_Boarding' is clicked on

2019-12-23 10:10:48 - [TEST_STEP][PASSED] - flagBoar = "1": null

2019-12-23 10:10:48 - [TEST_STEP][PASSED] - click(findTestObject("Object Repository/object_reservation/i_location")): Object: 'Object Repository/object_reservation/i_location' is clicked on

2019-12-23 10:10:50 - [MESSAGE][PASSED] - Object: 'Object Repository/object_reservation/i_location' is clicked on

2019-12-23 10:10:50 - [TEST_STEP][PASSED] - switch (var_idFacility): null

2019-12-23 10:10:50 - [TEST_STEP][PASSED] - dateCI = var_checkinD.split(","): null

2019-12-23 10:10:50 - [TEST_STEP][PASSED] - dateCO = var_checkoutD.split(","): null

2019-12-23 10:10:50 - [TEST_STEP][PASSED] - arryPets = var_pets.split(","): null

2019-12-23 10:10:50 - [TEST_STEP][PASSED] - delay(2): Delayed 2 second(s)

2019-12-23 10:10:52 - [MESSAGE][PASSED] - Delayed 2 second(s)

2019-12-23 10:10:52 - [TEST_STEP][PASSED] - if (var_repeting == "Y"): null

2019-12-23 10:10:52 - [TEST_STEP][PASSED] - click(findTestObject("Object Repository/object_reservation/dateCheckIn")): Object: 'Object Repository/object_reservation/dateCheckIn' is clicked on

2019-12-23 10:10:53 - [MESSAGE][PASSED] - Object: 'Object Repository/object_reservation/dateCheckIn' is clicked on

2019-12-23 10:10:53 - [TEST_STEP][PASSED] - delay(2): Delayed 2 second(s)

2019-12-23 10:10:55 - [MESSAGE][PASSED] - Delayed 2 second(s)

2019-12-23 10:10:55 - [TEST_STEP][PASSED] - switch (dateCI[0]): null

2019-12-23 10:10:55 - [TEST_STEP][PASSED] - case "18":: null

2019-12-23 10:10:55 - [TEST_STEP][PASSED] - click(findTestObject("Object Repository/Page_Paradise 4 Paws  Dog Boarding Cat Boarding Norwalk Pooch Hotel/button_18_ci")): Object: 'Object Repository/Page_Paradise 4 Paws  Dog Boarding Cat Boarding Norwalk Pooch Hotel/button_18_ci' is clicked on

2019-12-23 10:10:55 - [MESSAGE][PASSED] - Object: 'Object Repository/Page_Paradise 4 Paws  Dog Boarding Cat Boarding Norwalk Pooch Hotel/button_18_ci' is clicked on

2019-12-23 10:10:55 - [TEST_STEP][PASSED] - break: null

2019-12-23 10:10:55 - [TEST_STEP][PASSED] - if (flagBoar == "1"): null

2019-12-23 10:10:55 - [TEST_STEP][PASSED] - click(findTestObject("Object Repository/object_reservation/dateCheckOut")): Object: 'Object Repository/object_reservation/dateCheckOut' is clicked on

2019-12-23 10:10:56 - [MESSAGE][PASSED] - Object: 'Object Repository/object_reservation/dateCheckOut' is clicked on

2019-12-23 10:10:56 - [TEST_STEP][PASSED] - switch (dateCO[0]): null

2019-12-23 10:10:56 - [TEST_STEP][PASSED] - case "19":: null

2019-12-23 10:10:56 - [TEST_STEP][PASSED] - click(findTestObject("Object Repository/Page_Paradise 4 Paws  Dog Boarding Cat Boarding Norwalk Pooch Hotel/button_19_co")): Object: 'Object Repository/Page_Paradise 4 Paws  Dog Boarding Cat Boarding Norwalk Pooch Hotel/button_19_co' is clicked on

2019-12-23 10:10:57 - [MESSAGE][PASSED] - Object: 'Object Repository/Page_Paradise 4 Paws  Dog Boarding Cat Boarding Norwalk Pooch Hotel/button_19_co' is clicked on

2019-12-23 10:10:57 - [TEST_STEP][PASSED] - break: null

2019-12-23 10:10:57 - [TEST_STEP][PASSED] - click(findTestObject("Object Repository/object_reservation/timeCheckin")): Object: 'Object Repository/object_reservation/timeCheckin' is clicked on

2019-12-23 10:10:57 - [MESSAGE][PASSED] - Object: 'Object Repository/object_reservation/timeCheckin' is clicked on

2019-12-23 10:10:57 - [TEST_STEP][PASSED] - switch (var_checkinT): null

2019-12-23 10:10:57 - [TEST_STEP][PASSED] - case "800":: null

2019-12-23 10:10:57 - [TEST_STEP][PASSED] - click(findTestObject("Object Repository/Page_Paradise 4 Paws  Dog Boarding Cat Boarding Norwalk Pooch Hotel/time_800am_ci")): Object: 'Object Repository/Page_Paradise 4 Paws  Dog Boarding Cat Boarding Norwalk Pooch Hotel/time_800am_ci' is clicked on

2019-12-23 10:10:58 - [MESSAGE][PASSED] - Object: 'Object Repository/Page_Paradise 4 Paws  Dog Boarding Cat Boarding Norwalk Pooch Hotel/time_800am_ci' is clicked on

2019-12-23 10:10:58 - [TEST_STEP][PASSED] - break: null

2019-12-23 10:10:58 - [TEST_STEP][PASSED] - click(findTestObject("Object Repository/object_reservation/timeCheckOut")): Object: 'Object Repository/object_reservation/timeCheckOut' is clicked on

2019-12-23 10:10:59 - [MESSAGE][PASSED] - Object: 'Object Repository/object_reservation/timeCheckOut' is clicked on

2019-12-23 10:10:59 - [TEST_STEP][PASSED] - switch (var_checkoutT): null

2019-12-23 10:10:59 - [TEST_STEP][PASSED] - case "1200":: null

2019-12-23 10:10:59 - [TEST_STEP][PASSED] - click(findTestObject("Object Repository/Page_Paradise 4 Paws  Dog Boarding Cat Boarding Norwalk Pooch Hotel/time_1200pm_co")): Object: 'Object Repository/Page_Paradise 4 Paws  Dog Boarding Cat Boarding Norwalk Pooch Hotel/time_1200pm_co' is clicked on

2019-12-23 10:11:00 - [MESSAGE][PASSED] - Object: 'Object Repository/Page_Paradise 4 Paws  Dog Boarding Cat Boarding Norwalk Pooch Hotel/time_1200pm_co' is clicked on

2019-12-23 10:11:00 - [TEST_STEP][PASSED] - break: null

2019-12-23 10:11:00 - [TEST_STEP][PASSED] - delay(2): Delayed 2 second(s)

2019-12-23 10:11:02 - [MESSAGE][PASSED] - Delayed 2 second(s)

2019-12-23 10:11:02 - [TEST_STEP][PASSED] - if (arryPets.size() == 1): Object: 'Object Repository/object_reservation/Page_Paradise 4 Paws  Dog Boarding Cat Boarding Norwalk Pooch Hotel/div_Ares' is clicked on

2019-12-23 10:11:02 - [TEST_STEP][PASSED] - click(findTestObject("Object Repository/object_reservation/Page_Paradise 4 Paws  Dog Boarding Cat Boarding Norwalk Pooch Hotel/div_Ares")): Object: 'Object Repository/object_reservation/Page_Paradise 4 Paws  Dog Boarding Cat Boarding Norwalk Pooch Hotel/div_Ares' is clicked on

2019-12-23 10:11:03 - [MESSAGE][PASSED] - Object: 'Object Repository/object_reservation/Page_Paradise 4 Paws  Dog Boarding Cat Boarding Norwalk Pooch Hotel/div_Ares' is clicked on

2019-12-23 10:11:03 - [TEST_STEP][NOT_RUN] - click(findTestObject("object_reservations/i_Day_fa fa-circle-o ng-scope")): NOT_RUN: click(findTestObject("object_reservations/i_Day_fa fa-circle-o ng-scope"))

2019-12-23 10:11:03 - [MESSAGE][NOT_RUN] - NOT_RUN: click(findTestObject("object_reservations/i_Day_fa fa-circle-o ng-scope"))

2019-12-23 10:11:03 - [TEST_STEP][PASSED] - if (flagBoar == "1" || flagBoar == "2"): Object: 'Object Repository/object_reservation/div_suite_rad_deluxe' is clicked on

2019-12-23 10:11:03 - [TEST_STEP][PASSED] - click(findTestObject("Object Repository/object_reservation/div_suite_rad_deluxe")): Object: 'Object Repository/object_reservation/div_suite_rad_deluxe' is clicked on

2019-12-23 10:11:07 - [MESSAGE][PASSED] - Object: 'Object Repository/object_reservation/div_suite_rad_deluxe' is clicked on

2019-12-23 10:11:07 - [TEST_STEP][PASSED] - click(findTestObject("Object Repository/object_reservation/btn_next2")): Object: 'Object Repository/object_reservation/btn_next2' is clicked on

2019-12-23 10:11:10 - [MESSAGE][PASSED] - Object: 'Object Repository/object_reservation/btn_next2' is clicked on

2019-12-23 10:11:10 - [TEST_STEP][PASSED] - delay(3): Delayed 3 second(s)

2019-12-23 10:11:13 - [MESSAGE][PASSED] - Delayed 3 second(s)

2019-12-23 10:11:13 - [TEST_STEP][PASSED] - if (flagBoar == "1"): Object: 'Object Repository/object_reservation/button_DeclineThisPromo' is clicked on

2019-12-23 10:11:13 - [TEST_STEP][PASSED] - click(findTestObject("Object Repository/object_reservation/button_DeclineThisPromo")): Object: 'Object Repository/object_reservation/button_DeclineThisPromo' is clicked on

2019-12-23 10:11:13 - [MESSAGE][PASSED] - Object: 'Object Repository/object_reservation/button_DeclineThisPromo' is clicked on

2019-12-23 10:11:13 - [TEST_STEP][PASSED] - delay(2): Delayed 2 second(s)

2019-12-23 10:11:15 - [MESSAGE][PASSED] - Delayed 2 second(s)

2019-12-23 10:11:15 - [TEST_STEP][PASSED] - click(findTestObject("Object Repository/object_reservation/btn_next2")): Object: 'Object Repository/object_reservation/btn_next2' is clicked on

2019-12-23 10:11:16 - [MESSAGE][PASSED] - Object: 'Object Repository/object_reservation/btn_next2' is clicked on

2019-12-23 10:11:16 - [TEST_STEP][PASSED] - delay(2): Delayed 2 second(s)

2019-12-23 10:11:18 - [MESSAGE][PASSED] - Delayed 2 second(s)

2019-12-23 10:11:18 - [TEST_STEP][PASSED] - click(findTestObject("Object Repository/object_reservation/button_Submit Reservation")): Object: 'Object Repository/object_reservation/button_Submit Reservation' is clicked on

2019-12-23 10:11:18 - [MESSAGE][PASSED] - Object: 'Object Repository/object_reservation/button_Submit Reservation' is clicked on

2019-12-23 10:11:18 - [TEST_STEP][PASSED] - delay(2): Delayed 2 second(s)

2019-12-23 10:11:20 - [MESSAGE][PASSED] - Delayed 2 second(s)

2019-12-23 10:11:20 - [TEST_STEP][PASSED] - delay(2): Delayed 2 second(s)

2019-12-23 10:11:22 - [MESSAGE][PASSED] - Delayed 2 second(s)

2019-12-23 10:11:22 - [TEST_STEP][PASSED] - if (flagBoar == "2" && var_repeatingEvery == "Daily" || var_repeatingEvery == "Monthly" || var_repeatingEvery == "Weekly"): null

2019-12-23 10:11:22 - [TEST_STEP][PASSED] - else: null

2019-12-23 10:11:22 - [TEST_STEP][PASSED] - delay(2): Delayed 2 second(s)

2019-12-23 10:11:24 - [MESSAGE][PASSED] - Delayed 2 second(s)

2019-12-23 10:11:24 - [TEST_STEP][PASSED] - try: Object: 'Object Repository/object_reservation/button_Return To Reservation' is clicked on

2019-12-23 10:11:24 - [TEST_STEP][PASSED] - click(findTestObject("Object Repository/object_reservation/button_Return To Reservation")): Object: 'Object Repository/object_reservation/button_Return To Reservation' is clicked on

2019-12-23 10:11:25 - [MESSAGE][PASSED] - Object: 'Object Repository/object_reservation/button_Return To Reservation' is clicked on

2019-12-23 10:11:25 - [TEST_STEP][PASSED] - delay(6): Delayed 6 second(s)

2019-12-23 10:11:31 - [MESSAGE][PASSED] - Delayed 6 second(s)

2019-12-23 10:11:31 - [TEST_STEP][PASSED] - click(findTestObject("Object Repository/object_reservation/Page_Paradise 4 Paws  Dog Boarding Cat Boar_35fe2b/button_Go to CheckOut")): Object: 'Object Repository/object_reservation/Page_Paradise 4 Paws  Dog Boarding Cat Boar_35fe2b/button_Go to CheckOut' is clicked on

2019-12-23 10:11:33 - [MESSAGE][PASSED] - Object: 'Object Repository/object_reservation/Page_Paradise 4 Paws  Dog Boarding Cat Boar_35fe2b/button_Go to CheckOut' is clicked on

2019-12-23 10:11:33 - [TEST_STEP][PASSED] - delay(2): Delayed 2 second(s)

2019-12-23 10:11:35 - [MESSAGE][PASSED] - Delayed 2 second(s)

2019-12-23 10:11:35 - [TEST_STEP][PASSED] - log.logInfo(getText(findTestObject("Object Repository/object_reservation/Page_Paradise 4 Paws  Dog Boarding Cat Boar_35fe2b/span_( BK )"))): ( BK )

2019-12-23 10:11:35 - [MESSAGE][PASSED] - Text of object 'Object Repository/object_reservation/Page_Paradise 4 Paws  Dog Boarding Cat Boar_35fe2b/span_( BK )' is: '( BK )'

2019-12-23 10:11:35 - [MESSAGE][INFO] - ( BK )

2019-12-23 10:11:35 - [TEST_STEP][PASSED] - var_url = getUrl(): Current window's url is: 'https://p4p-qa-bg.aws.paradise4paws.com/frontdesk/checkout/1702621/?parent_id=122350'

2019-12-23 10:11:35 - [MESSAGE][PASSED] - Current window's url is: 'https://p4p-qa-bg.aws.paradise4paws.com/frontdesk/checkout/1702621/?parent_id=122350'

2019-12-23 10:11:35 - [TEST_STEP][PASSED] - arrayUrl = var_url.split("/"): null

2019-12-23 10:11:35 - [TEST_STEP][PASSED] - verifyElementText(findTestObject("Object Repository/object_reservation/Page_Paradise 4 Paws  Dog Boarding Cat Boar_35fe2b/span_( BK )"), "( BK )", STOP_ON_FAILURE): Actual text and expected text of test object 'Object Repository/object_reservation/Page_Paradise 4 Paws  Dog Boarding Cat Boar_35fe2b/span_( BK )' are matched.

2019-12-23 10:11:35 - [MESSAGE][PASSED] - Actual text and expected text of test object 'Object Repository/object_reservation/Page_Paradise 4 Paws  Dog Boarding Cat Boar_35fe2b/span_( BK )' are matched.

2019-12-23 10:11:35 - [TEST_STEP][PASSED] - cell = rowNewRes.createCell(15, 0): null

2019-12-23 10:11:35 - [TEST_STEP][PASSED] - cell.setCellType(CELL_TYPE_STRING): null

2019-12-23 10:11:35 - [TEST_STEP][PASSED] - cell.setCellValue(arrayUrl[5]): null

2019-12-23 10:11:35 - [TEST_STEP][PASSED] - cell2 = rowNewRes.createCell(16, 0): null

2019-12-23 10:11:35 - [TEST_STEP][PASSED] - cell2.setCellType(CELL_TYPE_STRING): null

2019-12-23 10:11:35 - [TEST_STEP][PASSED] - cell2.setCellValue(getText(findTestObject("Object Repository/object_reservation/Page_Paradise 4 Paws  Dog Boarding Cat Boar_35fe2b/span_( BK )"))): Text of object 'Object Repository/object_reservation/Page_Paradise 4 Paws  Dog Boarding Cat Boar_35fe2b/span_( BK )' is: '( BK )'

2019-12-23 10:11:35 - [MESSAGE][PASSED] - Text of object 'Object Repository/object_reservation/Page_Paradise 4 Paws  Dog Boarding Cat Boar_35fe2b/span_( BK )' is: '( BK )'

2019-12-23 10:11:35 - [TEST_STEP][PASSED] - cell3 = rowNewRes.createCell(17, 0): null

2019-12-23 10:11:35 - [TEST_STEP][PASSED] - cell3.setCellType(CELL_TYPE_STRING): null

2019-12-23 10:11:35 - [TEST_STEP][PASSED] - cell3.setCellValue("Reservacion generada"): null

2019-12-23 10:11:35 - [TEST_STEP][PASSED] - fos = new java.io.FileOutputStream(/home/leonardo-arkusmty/Desktop/P4P/DATA_AUTOMATINTESTING/data_1newReservationBoarding.xlsx): null

2019-12-23 10:11:35 - [TEST_STEP][PASSED] - workbookNewRes.write(fos): null

2019-12-23 10:11:36 - [TEST_STEP][PASSED] - fos.close(): null

2019-12-23 10:11:36 - [TEST_STEP][PASSED] - delay(1): Delayed 1 second(s)

2019-12-23 10:11:37 - [MESSAGE][PASSED] - Delayed 1 second(s)

2019-12-23 10:11:37 - [TEST_STEP][PASSED] - (var_row++): null

2019-12-23 10:11:37 - [TEST_STEP][PASSED] - log.logInfo("POST CANCEL"): POST CANCEL

2019-12-23 10:11:37 - [MESSAGE][INFO] - POST CANCEL

2019-12-23 10:11:37 - [TEST_STEP][PASSED] - cellCan = rowCanRes.createCell(5, 0): null

2019-12-23 10:11:37 - [TEST_STEP][PASSED] - cellCan.setCellType(CELL_TYPE_STRING): null

2019-12-23 10:11:37 - [TEST_STEP][PASSED] - cellCan.setCellValue(arrayUrl[5]): null

2019-12-23 10:11:37 - [TEST_STEP][PASSED] - cell2Can = rowCanRes.createCell(6, 0): null

2019-12-23 10:11:37 - [TEST_STEP][PASSED] - cell2Can.setCellType(CELL_TYPE_STRING): null

2019-12-23 10:11:37 - [TEST_STEP][PASSED] - cell2Can.setCellValue(getText(findTestObject("Object Repository/object_reservation/Page_Paradise 4 Paws  Dog Boarding Cat Boar_35fe2b/span_( BK )"))): Text of object 'Object Repository/object_reservation/Page_Paradise 4 Paws  Dog Boarding Cat Boar_35fe2b/span_( BK )' is: '( BK )'

2019-12-23 10:11:37 - [MESSAGE][PASSED] - Text of object 'Object Repository/object_reservation/Page_Paradise 4 Paws  Dog Boarding Cat Boar_35fe2b/span_( BK )' is: '( BK )'

2019-12-23 10:11:37 - [TEST_STEP][PASSED] - fosCan = new java.io.FileOutputStream(/home/leonardo-arkusmty/Desktop/P4P/DATA_AUTOMATINTESTING/data_2cancelReservation.xlsx): null

2019-12-23 10:11:37 - [TEST_STEP][PASSED] - workbookCanRes.write(fosCan): null

2019-12-23 10:11:37 - [TEST_STEP][PASSED] - fosCan.close(): null]]></system-out>
         <system-err><![CDATA[]]></system-err>
      </testcase>
      <testcase name="Test Cases/p4p_newReservationBoarding" time="81.31" classname="Test Cases/p4p_newReservationBoarding" status="PASSED">
         <system-out><![CDATA[2019-12-23 10:11:37 - [TEST_CASE][PASSED] - Test Cases/p4p_newReservationBoarding: Test Cases/p4p_newReservationBoarding

2019-12-23 10:11:37 - [TEST_STEP][PASSED] - openBrowser("https://p4p-qa-bg.aws.paradise4paws.com/login/"): Browser is opened with url: 'https://p4p-qa-bg.aws.paradise4paws.com/login/'

2019-12-23 10:11:37 - [MESSAGE][WARNING] - A browser is already opened. Closing browser and opening a new one

2019-12-23 10:11:38 - [MESSAGE][INFO] - Starting 'Firefox' driver

2019-12-23 10:11:42 - [MESSAGE][PASSED] - Browser is opened with url: 'https://p4p-qa-bg.aws.paradise4paws.com/login/'

2019-12-23 10:11:42 - [TEST_STEP][PASSED] - setText(findTestObject("Object Repository/object_login/input_user"), var_user): Text 'jegchavez@gmail.com' is set on object 'Object Repository/object_login/input_user'

2019-12-23 10:11:42 - [MESSAGE][PASSED] - Text 'jegchavez@gmail.com' is set on object 'Object Repository/object_login/input_user'

2019-12-23 10:11:42 - [TEST_STEP][PASSED] - setText(findTestObject("Object Repository/object_login/input_pass"), var_pass): Text 'admin1' is set on object 'Object Repository/object_login/input_pass'

2019-12-23 10:11:43 - [MESSAGE][PASSED] - Text 'admin1' is set on object 'Object Repository/object_login/input_pass'

2019-12-23 10:11:43 - [TEST_STEP][PASSED] - delay(2): Delayed 2 second(s)

2019-12-23 10:11:45 - [MESSAGE][PASSED] - Delayed 2 second(s)

2019-12-23 10:11:45 - [TEST_STEP][PASSED] - verifyElementClickable(findTestObject("Object Repository/object_login/btn_login")): Object 'Object Repository/object_login/btn_login' is clickable

2019-12-23 10:11:45 - [MESSAGE][PASSED] - Object 'Object Repository/object_login/btn_login' is clickable

2019-12-23 10:11:45 - [TEST_STEP][PASSED] - click(findTestObject("Object Repository/object_login/btn_login")): Object: 'Object Repository/object_login/btn_login' is clicked on

2019-12-23 10:11:48 - [MESSAGE][PASSED] - Object: 'Object Repository/object_login/btn_login' is clicked on

2019-12-23 10:11:48 - [TEST_STEP][PASSED] - delay(2): Delayed 2 second(s)

2019-12-23 10:11:50 - [MESSAGE][PASSED] - Delayed 2 second(s)

2019-12-23 10:11:50 - [TEST_STEP][PASSED] - setText(findTestObject("Object Repository/object_dashboard_emp/input_search"), var_searchParent): Text 'leongarzagarza@hotmail.com' is set on object 'Object Repository/object_dashboard_emp/input_search'

2019-12-23 10:11:51 - [MESSAGE][PASSED] - Text 'leongarzagarza@hotmail.com' is set on object 'Object Repository/object_dashboard_emp/input_search'

2019-12-23 10:11:51 - [TEST_STEP][PASSED] - click(findTestObject("Object Repository/object_dashboard_emp/btn_accountSearch")): Object: 'Object Repository/object_dashboard_emp/btn_accountSearch' is clicked on

2019-12-23 10:11:52 - [MESSAGE][PASSED] - Object: 'Object Repository/object_dashboard_emp/btn_accountSearch' is clicked on

2019-12-23 10:11:52 - [TEST_STEP][PASSED] - delay(2): Delayed 2 second(s)

2019-12-23 10:11:54 - [MESSAGE][PASSED] - Delayed 2 second(s)

2019-12-23 10:11:54 - [TEST_STEP][PASSED] - click(findTestObject("Object Repository/object_accountInformation/a_TEST GABRIEL PROD")): Object: 'Object Repository/object_accountInformation/a_TEST GABRIEL PROD' is clicked on

2019-12-23 10:11:58 - [MESSAGE][PASSED] - Object: 'Object Repository/object_accountInformation/a_TEST GABRIEL PROD' is clicked on

2019-12-23 10:11:58 - [TEST_STEP][PASSED] - delay(2): Delayed 2 second(s)

2019-12-23 10:12:00 - [MESSAGE][PASSED] - Delayed 2 second(s)

2019-12-23 10:12:00 - [TEST_STEP][PASSED] - click(findTestObject("Object Repository/object_profile/a_addReservation")): Object: 'Object Repository/object_profile/a_addReservation' is clicked on

2019-12-23 10:12:01 - [MESSAGE][PASSED] - Object: 'Object Repository/object_profile/a_addReservation' is clicked on

2019-12-23 10:12:01 - [TEST_STEP][PASSED] - delay(2): Delayed 2 second(s)

2019-12-23 10:12:03 - [MESSAGE][PASSED] - Delayed 2 second(s)

2019-12-23 10:12:03 - [TEST_STEP][PASSED] - flagBoar = "0": null

2019-12-23 10:12:03 - [TEST_STEP][PASSED] - log = new com.kms.katalon.core.logging.KeywordLogger(): null

2019-12-23 10:12:03 - [TEST_STEP][PASSED] - fisNewRes = new java.io.FileInputStream(/home/leonardo-arkusmty/Desktop/P4P/DATA_AUTOMATINTESTING/data_1newReservationBoarding.xlsx): null

2019-12-23 10:12:03 - [TEST_STEP][PASSED] - fisCanRes = new java.io.FileInputStream(/home/leonardo-arkusmty/Desktop/P4P/DATA_AUTOMATINTESTING/data_2cancelReservation.xlsx): null

2019-12-23 10:12:03 - [TEST_STEP][PASSED] - workbookNewRes = new org.apache.poi.xssf.usermodel.XSSFWorkbook(fisNewRes): null

2019-12-23 10:12:03 - [TEST_STEP][PASSED] - workbookCanRes = new org.apache.poi.xssf.usermodel.XSSFWorkbook(fisCanRes): null

2019-12-23 10:12:03 - [TEST_STEP][PASSED] - sheetNewRes = workbookNewRes.getSheet("Sheet1"): null

2019-12-23 10:12:03 - [TEST_STEP][PASSED] - sheetCanRes = workbookCanRes.getSheet("Sheet1"): null

2019-12-23 10:12:03 - [TEST_STEP][PASSED] - rowCount = var_row: null

2019-12-23 10:12:03 - [TEST_STEP][PASSED] - var = Integer.parseInt(var_idRowRes): null

2019-12-23 10:12:03 - [TEST_STEP][PASSED] - rowNewRes = sheetNewRes.getRow(var): null

2019-12-23 10:12:03 - [TEST_STEP][PASSED] - rowCanRes = sheetCanRes.getRow(var): null

2019-12-23 10:12:03 - [TEST_STEP][PASSED] - if (var_typeReserveation == "Boarding"): null

2019-12-23 10:12:03 - [TEST_STEP][PASSED] - click(findTestObject("Object Repository/object_reservation/btn_Boarding")): Object: 'Object Repository/object_reservation/btn_Boarding' is clicked on

2019-12-23 10:12:04 - [MESSAGE][PASSED] - Object: 'Object Repository/object_reservation/btn_Boarding' is clicked on

2019-12-23 10:12:04 - [TEST_STEP][PASSED] - flagBoar = "1": null

2019-12-23 10:12:04 - [TEST_STEP][PASSED] - click(findTestObject("Object Repository/object_reservation/i_location")): Object: 'Object Repository/object_reservation/i_location' is clicked on

2019-12-23 10:12:06 - [MESSAGE][PASSED] - Object: 'Object Repository/object_reservation/i_location' is clicked on

2019-12-23 10:12:06 - [TEST_STEP][PASSED] - switch (var_idFacility): null

2019-12-23 10:12:06 - [TEST_STEP][PASSED] - dateCI = var_checkinD.split(","): null

2019-12-23 10:12:06 - [TEST_STEP][PASSED] - dateCO = var_checkoutD.split(","): null

2019-12-23 10:12:06 - [TEST_STEP][PASSED] - arryPets = var_pets.split(","): null

2019-12-23 10:12:06 - [TEST_STEP][PASSED] - delay(2): Delayed 2 second(s)

2019-12-23 10:12:08 - [MESSAGE][PASSED] - Delayed 2 second(s)

2019-12-23 10:12:08 - [TEST_STEP][PASSED] - if (var_repeting == "Y"): null

2019-12-23 10:12:08 - [TEST_STEP][PASSED] - click(findTestObject("Object Repository/object_reservation/dateCheckIn")): Object: 'Object Repository/object_reservation/dateCheckIn' is clicked on

2019-12-23 10:12:09 - [MESSAGE][PASSED] - Object: 'Object Repository/object_reservation/dateCheckIn' is clicked on

2019-12-23 10:12:09 - [TEST_STEP][PASSED] - delay(2): Delayed 2 second(s)

2019-12-23 10:12:11 - [MESSAGE][PASSED] - Delayed 2 second(s)

2019-12-23 10:12:11 - [TEST_STEP][PASSED] - switch (dateCI[0]): null

2019-12-23 10:12:11 - [TEST_STEP][PASSED] - case "20":: null

2019-12-23 10:12:11 - [TEST_STEP][PASSED] - click(findTestObject("Object Repository/Page_Paradise 4 Paws  Dog Boarding Cat Boarding Norwalk Pooch Hotel/button_20_ci")): Object: 'Object Repository/Page_Paradise 4 Paws  Dog Boarding Cat Boarding Norwalk Pooch Hotel/button_20_ci' is clicked on

2019-12-23 10:12:12 - [MESSAGE][PASSED] - Object: 'Object Repository/Page_Paradise 4 Paws  Dog Boarding Cat Boarding Norwalk Pooch Hotel/button_20_ci' is clicked on

2019-12-23 10:12:12 - [TEST_STEP][PASSED] - break: null

2019-12-23 10:12:12 - [TEST_STEP][PASSED] - if (flagBoar == "1"): null

2019-12-23 10:12:12 - [TEST_STEP][PASSED] - click(findTestObject("Object Repository/object_reservation/dateCheckOut")): Object: 'Object Repository/object_reservation/dateCheckOut' is clicked on

2019-12-23 10:12:13 - [MESSAGE][PASSED] - Object: 'Object Repository/object_reservation/dateCheckOut' is clicked on

2019-12-23 10:12:13 - [TEST_STEP][PASSED] - switch (dateCO[0]): null

2019-12-23 10:12:13 - [TEST_STEP][PASSED] - case "21":: null

2019-12-23 10:12:13 - [TEST_STEP][PASSED] - click(findTestObject("Object Repository/Page_Paradise 4 Paws  Dog Boarding Cat Boarding Norwalk Pooch Hotel/button_21_co")): Object: 'Object Repository/Page_Paradise 4 Paws  Dog Boarding Cat Boarding Norwalk Pooch Hotel/button_21_co' is clicked on

2019-12-23 10:12:13 - [MESSAGE][PASSED] - Object: 'Object Repository/Page_Paradise 4 Paws  Dog Boarding Cat Boarding Norwalk Pooch Hotel/button_21_co' is clicked on

2019-12-23 10:12:13 - [TEST_STEP][PASSED] - break: null

2019-12-23 10:12:13 - [TEST_STEP][PASSED] - click(findTestObject("Object Repository/object_reservation/timeCheckin")): Object: 'Object Repository/object_reservation/timeCheckin' is clicked on

2019-12-23 10:12:14 - [MESSAGE][PASSED] - Object: 'Object Repository/object_reservation/timeCheckin' is clicked on

2019-12-23 10:12:14 - [TEST_STEP][PASSED] - switch (var_checkinT): null

2019-12-23 10:12:14 - [TEST_STEP][PASSED] - case "800":: null

2019-12-23 10:12:14 - [TEST_STEP][PASSED] - click(findTestObject("Object Repository/Page_Paradise 4 Paws  Dog Boarding Cat Boarding Norwalk Pooch Hotel/time_800am_ci")): Object: 'Object Repository/Page_Paradise 4 Paws  Dog Boarding Cat Boarding Norwalk Pooch Hotel/time_800am_ci' is clicked on

2019-12-23 10:12:15 - [MESSAGE][PASSED] - Object: 'Object Repository/Page_Paradise 4 Paws  Dog Boarding Cat Boarding Norwalk Pooch Hotel/time_800am_ci' is clicked on

2019-12-23 10:12:15 - [TEST_STEP][PASSED] - break: null

2019-12-23 10:12:15 - [TEST_STEP][PASSED] - click(findTestObject("Object Repository/object_reservation/timeCheckOut")): Object: 'Object Repository/object_reservation/timeCheckOut' is clicked on

2019-12-23 10:12:15 - [MESSAGE][PASSED] - Object: 'Object Repository/object_reservation/timeCheckOut' is clicked on

2019-12-23 10:12:15 - [TEST_STEP][PASSED] - switch (var_checkoutT): null

2019-12-23 10:12:15 - [TEST_STEP][PASSED] - case "1200":: null

2019-12-23 10:12:15 - [TEST_STEP][PASSED] - click(findTestObject("Object Repository/Page_Paradise 4 Paws  Dog Boarding Cat Boarding Norwalk Pooch Hotel/time_1200pm_co")): Object: 'Object Repository/Page_Paradise 4 Paws  Dog Boarding Cat Boarding Norwalk Pooch Hotel/time_1200pm_co' is clicked on

2019-12-23 10:12:16 - [MESSAGE][PASSED] - Object: 'Object Repository/Page_Paradise 4 Paws  Dog Boarding Cat Boarding Norwalk Pooch Hotel/time_1200pm_co' is clicked on

2019-12-23 10:12:16 - [TEST_STEP][PASSED] - break: null

2019-12-23 10:12:16 - [TEST_STEP][PASSED] - delay(2): Delayed 2 second(s)

2019-12-23 10:12:18 - [MESSAGE][PASSED] - Delayed 2 second(s)

2019-12-23 10:12:18 - [TEST_STEP][PASSED] - if (arryPets.size() == 1): null

2019-12-23 10:12:18 - [TEST_STEP][PASSED] - else if (arryPets.size() == 2): Object: 'Object Repository/object_reservation/div_Zeus' is clicked on

2019-12-23 10:12:18 - [TEST_STEP][PASSED] - click(findTestObject("object_reservation/Page_Paradise 4 Paws  Dog Boarding Cat Boarding Norwalk Pooch Hotel/div_Ares")): Object: 'Object Repository/object_reservation/Page_Paradise 4 Paws  Dog Boarding Cat Boarding Norwalk Pooch Hotel/div_Ares' is clicked on

2019-12-23 10:12:19 - [MESSAGE][PASSED] - Object: 'Object Repository/object_reservation/Page_Paradise 4 Paws  Dog Boarding Cat Boarding Norwalk Pooch Hotel/div_Ares' is clicked on

2019-12-23 10:12:19 - [TEST_STEP][PASSED] - click(findTestObject("object_reservation/div_Zeus")): Object: 'Object Repository/object_reservation/div_Zeus' is clicked on

2019-12-23 10:12:24 - [MESSAGE][PASSED] - Object: 'Object Repository/object_reservation/div_Zeus' is clicked on

2019-12-23 10:12:24 - [TEST_STEP][NOT_RUN] - click(findTestObject("object_reservations/i_Day_fa fa-circle-o ng-scope")): NOT_RUN: click(findTestObject("object_reservations/i_Day_fa fa-circle-o ng-scope"))

2019-12-23 10:12:24 - [MESSAGE][NOT_RUN] - NOT_RUN: click(findTestObject("object_reservations/i_Day_fa fa-circle-o ng-scope"))

2019-12-23 10:12:24 - [TEST_STEP][PASSED] - if (flagBoar == "1" || flagBoar == "2"): Object: 'Object Repository/object_reservation/div_suite_rad_deluxe' is clicked on

2019-12-23 10:12:24 - [TEST_STEP][PASSED] - click(findTestObject("Object Repository/object_reservation/div_suite_rad_deluxe")): Object: 'Object Repository/object_reservation/div_suite_rad_deluxe' is clicked on

2019-12-23 10:12:29 - [MESSAGE][PASSED] - Object: 'Object Repository/object_reservation/div_suite_rad_deluxe' is clicked on

2019-12-23 10:12:29 - [TEST_STEP][PASSED] - click(findTestObject("Object Repository/object_reservation/btn_next2")): Object: 'Object Repository/object_reservation/btn_next2' is clicked on

2019-12-23 10:12:31 - [MESSAGE][PASSED] - Object: 'Object Repository/object_reservation/btn_next2' is clicked on

2019-12-23 10:12:31 - [TEST_STEP][PASSED] - delay(3): Delayed 3 second(s)

2019-12-23 10:12:34 - [MESSAGE][PASSED] - Delayed 3 second(s)

2019-12-23 10:12:34 - [TEST_STEP][PASSED] - if (flagBoar == "1"): Object: 'Object Repository/object_reservation/button_DeclineThisPromo' is clicked on

2019-12-23 10:12:34 - [TEST_STEP][PASSED] - click(findTestObject("Object Repository/object_reservation/button_DeclineThisPromo")): Object: 'Object Repository/object_reservation/button_DeclineThisPromo' is clicked on

2019-12-23 10:12:35 - [MESSAGE][PASSED] - Object: 'Object Repository/object_reservation/button_DeclineThisPromo' is clicked on

2019-12-23 10:12:35 - [TEST_STEP][PASSED] - delay(2): Delayed 2 second(s)

2019-12-23 10:12:37 - [MESSAGE][PASSED] - Delayed 2 second(s)

2019-12-23 10:12:37 - [TEST_STEP][PASSED] - click(findTestObject("Object Repository/object_reservation/btn_next2")): Object: 'Object Repository/object_reservation/btn_next2' is clicked on

2019-12-23 10:12:37 - [MESSAGE][PASSED] - Object: 'Object Repository/object_reservation/btn_next2' is clicked on

2019-12-23 10:12:37 - [TEST_STEP][PASSED] - delay(2): Delayed 2 second(s)

2019-12-23 10:12:39 - [MESSAGE][PASSED] - Delayed 2 second(s)

2019-12-23 10:12:39 - [TEST_STEP][PASSED] - click(findTestObject("Object Repository/object_reservation/button_Submit Reservation")): Object: 'Object Repository/object_reservation/button_Submit Reservation' is clicked on

2019-12-23 10:12:40 - [MESSAGE][PASSED] - Object: 'Object Repository/object_reservation/button_Submit Reservation' is clicked on

2019-12-23 10:12:40 - [TEST_STEP][PASSED] - delay(2): Delayed 2 second(s)

2019-12-23 10:12:42 - [MESSAGE][PASSED] - Delayed 2 second(s)

2019-12-23 10:12:42 - [TEST_STEP][PASSED] - delay(2): Delayed 2 second(s)

2019-12-23 10:12:44 - [MESSAGE][PASSED] - Delayed 2 second(s)

2019-12-23 10:12:44 - [TEST_STEP][PASSED] - if (flagBoar == "2" && var_repeatingEvery == "Daily" || var_repeatingEvery == "Monthly" || var_repeatingEvery == "Weekly"): null

2019-12-23 10:12:44 - [TEST_STEP][PASSED] - else: null

2019-12-23 10:12:44 - [TEST_STEP][PASSED] - delay(2): Delayed 2 second(s)

2019-12-23 10:12:46 - [MESSAGE][PASSED] - Delayed 2 second(s)

2019-12-23 10:12:46 - [TEST_STEP][PASSED] - try: Object: 'Object Repository/object_reservation/button_Return To Reservation' is clicked on

2019-12-23 10:12:46 - [TEST_STEP][PASSED] - click(findTestObject("Object Repository/object_reservation/button_Return To Reservation")): Object: 'Object Repository/object_reservation/button_Return To Reservation' is clicked on

2019-12-23 10:12:46 - [MESSAGE][PASSED] - Object: 'Object Repository/object_reservation/button_Return To Reservation' is clicked on

2019-12-23 10:12:46 - [TEST_STEP][PASSED] - delay(6): Delayed 6 second(s)

2019-12-23 10:12:52 - [MESSAGE][PASSED] - Delayed 6 second(s)

2019-12-23 10:12:52 - [TEST_STEP][PASSED] - click(findTestObject("Object Repository/object_reservation/Page_Paradise 4 Paws  Dog Boarding Cat Boar_35fe2b/button_Go to CheckOut")): Object: 'Object Repository/object_reservation/Page_Paradise 4 Paws  Dog Boarding Cat Boar_35fe2b/button_Go to CheckOut' is clicked on

2019-12-23 10:12:54 - [MESSAGE][PASSED] - Object: 'Object Repository/object_reservation/Page_Paradise 4 Paws  Dog Boarding Cat Boar_35fe2b/button_Go to CheckOut' is clicked on

2019-12-23 10:12:54 - [TEST_STEP][PASSED] - delay(2): Delayed 2 second(s)

2019-12-23 10:12:56 - [MESSAGE][PASSED] - Delayed 2 second(s)

2019-12-23 10:12:56 - [TEST_STEP][PASSED] - log.logInfo(getText(findTestObject("Object Repository/object_reservation/Page_Paradise 4 Paws  Dog Boarding Cat Boar_35fe2b/span_( BK )"))): ( BK )

2019-12-23 10:12:56 - [MESSAGE][PASSED] - Text of object 'Object Repository/object_reservation/Page_Paradise 4 Paws  Dog Boarding Cat Boar_35fe2b/span_( BK )' is: '( BK )'

2019-12-23 10:12:56 - [MESSAGE][INFO] - ( BK )

2019-12-23 10:12:56 - [TEST_STEP][PASSED] - var_url = getUrl(): Current window's url is: 'https://p4p-qa-bg.aws.paradise4paws.com/frontdesk/checkout/1702622/?parent_id=122350'

2019-12-23 10:12:56 - [MESSAGE][PASSED] - Current window's url is: 'https://p4p-qa-bg.aws.paradise4paws.com/frontdesk/checkout/1702622/?parent_id=122350'

2019-12-23 10:12:56 - [TEST_STEP][PASSED] - arrayUrl = var_url.split("/"): null

2019-12-23 10:12:56 - [TEST_STEP][PASSED] - verifyElementText(findTestObject("Object Repository/object_reservation/Page_Paradise 4 Paws  Dog Boarding Cat Boar_35fe2b/span_( BK )"), "( BK )", STOP_ON_FAILURE): Actual text and expected text of test object 'Object Repository/object_reservation/Page_Paradise 4 Paws  Dog Boarding Cat Boar_35fe2b/span_( BK )' are matched.

2019-12-23 10:12:57 - [MESSAGE][PASSED] - Actual text and expected text of test object 'Object Repository/object_reservation/Page_Paradise 4 Paws  Dog Boarding Cat Boar_35fe2b/span_( BK )' are matched.

2019-12-23 10:12:57 - [TEST_STEP][PASSED] - cell = rowNewRes.createCell(15, 0): null

2019-12-23 10:12:57 - [TEST_STEP][PASSED] - cell.setCellType(CELL_TYPE_STRING): null

2019-12-23 10:12:57 - [TEST_STEP][PASSED] - cell.setCellValue(arrayUrl[5]): null

2019-12-23 10:12:57 - [TEST_STEP][PASSED] - cell2 = rowNewRes.createCell(16, 0): null

2019-12-23 10:12:57 - [TEST_STEP][PASSED] - cell2.setCellType(CELL_TYPE_STRING): null

2019-12-23 10:12:57 - [TEST_STEP][PASSED] - cell2.setCellValue(getText(findTestObject("Object Repository/object_reservation/Page_Paradise 4 Paws  Dog Boarding Cat Boar_35fe2b/span_( BK )"))): Text of object 'Object Repository/object_reservation/Page_Paradise 4 Paws  Dog Boarding Cat Boar_35fe2b/span_( BK )' is: '( BK )'

2019-12-23 10:12:57 - [MESSAGE][PASSED] - Text of object 'Object Repository/object_reservation/Page_Paradise 4 Paws  Dog Boarding Cat Boar_35fe2b/span_( BK )' is: '( BK )'

2019-12-23 10:12:57 - [TEST_STEP][PASSED] - cell3 = rowNewRes.createCell(17, 0): null

2019-12-23 10:12:57 - [TEST_STEP][PASSED] - cell3.setCellType(CELL_TYPE_STRING): null

2019-12-23 10:12:57 - [TEST_STEP][PASSED] - cell3.setCellValue("Reservacion generada"): null

2019-12-23 10:12:57 - [TEST_STEP][PASSED] - fos = new java.io.FileOutputStream(/home/leonardo-arkusmty/Desktop/P4P/DATA_AUTOMATINTESTING/data_1newReservationBoarding.xlsx): null

2019-12-23 10:12:57 - [TEST_STEP][PASSED] - workbookNewRes.write(fos): null

2019-12-23 10:12:57 - [TEST_STEP][PASSED] - fos.close(): null

2019-12-23 10:12:57 - [TEST_STEP][PASSED] - delay(1): Delayed 1 second(s)

2019-12-23 10:12:58 - [MESSAGE][PASSED] - Delayed 1 second(s)

2019-12-23 10:12:58 - [TEST_STEP][PASSED] - (var_row++): null

2019-12-23 10:12:58 - [TEST_STEP][PASSED] - log.logInfo("POST CANCEL"): POST CANCEL

2019-12-23 10:12:58 - [MESSAGE][INFO] - POST CANCEL

2019-12-23 10:12:58 - [TEST_STEP][PASSED] - cellCan = rowCanRes.createCell(5, 0): null

2019-12-23 10:12:58 - [TEST_STEP][PASSED] - cellCan.setCellType(CELL_TYPE_STRING): null

2019-12-23 10:12:58 - [TEST_STEP][PASSED] - cellCan.setCellValue(arrayUrl[5]): null

2019-12-23 10:12:58 - [TEST_STEP][PASSED] - cell2Can = rowCanRes.createCell(6, 0): null

2019-12-23 10:12:58 - [TEST_STEP][PASSED] - cell2Can.setCellType(CELL_TYPE_STRING): null

2019-12-23 10:12:58 - [TEST_STEP][PASSED] - cell2Can.setCellValue(getText(findTestObject("Object Repository/object_reservation/Page_Paradise 4 Paws  Dog Boarding Cat Boar_35fe2b/span_( BK )"))): Text of object 'Object Repository/object_reservation/Page_Paradise 4 Paws  Dog Boarding Cat Boar_35fe2b/span_( BK )' is: '( BK )'

2019-12-23 10:12:58 - [MESSAGE][PASSED] - Text of object 'Object Repository/object_reservation/Page_Paradise 4 Paws  Dog Boarding Cat Boar_35fe2b/span_( BK )' is: '( BK )'

2019-12-23 10:12:58 - [TEST_STEP][PASSED] - fosCan = new java.io.FileOutputStream(/home/leonardo-arkusmty/Desktop/P4P/DATA_AUTOMATINTESTING/data_2cancelReservation.xlsx): null

2019-12-23 10:12:58 - [TEST_STEP][PASSED] - workbookCanRes.write(fosCan): null

2019-12-23 10:12:58 - [TEST_STEP][PASSED] - fosCan.close(): null]]></system-out>
         <system-err><![CDATA[]]></system-err>
      </testcase>
      <testcase name="Test Cases/p4p_newReservationBoarding" time="204.676" classname="Test Cases/p4p_newReservationBoarding" status="FAILED">
         <failure type="FAILED" message="Test Cases/p4p_newReservationBoarding FAILED.
Reason:
com.kms.katalon.core.exception.StepFailedException: Unable to get text of object 'Object Repository/object_reservation/Page_Paradise 4 Paws  Dog Boarding Cat Boar_35fe2b/span_( BK )'
	at com.kms.katalon.core.webui.keyword.internal.WebUIKeywordMain.stepFailed(WebUIKeywordMain.groovy:64)
	at com.kms.katalon.core.webui.keyword.internal.WebUIKeywordMain.runKeyword(WebUIKeywordMain.groovy:26)
	at com.kms.katalon.core.webui.keyword.builtin.GetTextKeyword.getText(GetTextKeyword.groovy:88)
	at com.kms.katalon.core.webui.keyword.builtin.GetTextKeyword.execute(GetTextKeyword.groovy:67)
	at com.kms.katalon.core.keyword.internal.KeywordExecutor.executeKeywordForPlatform(KeywordExecutor.groovy:60)
	at com.kms.katalon.core.webui.keyword.WebUiBuiltInKeywords.getText(WebUiBuiltInKeywords.groovy:888)
	at com.kms.katalon.core.webui.keyword.WebUiBuiltInKeywords$getText$3.call(Unknown Source)
	at p4p_newReservationBoarding.run(p4p_newReservationBoarding:613)
	at com.kms.katalon.core.main.ScriptEngine.run(ScriptEngine.java:194)
	at com.kms.katalon.core.main.ScriptEngine.runScriptAsRawText(ScriptEngine.java:119)
	at com.kms.katalon.core.main.TestCaseExecutor.runScript(TestCaseExecutor.java:337)
	at com.kms.katalon.core.main.TestCaseExecutor.doExecute(TestCaseExecutor.java:328)
	at com.kms.katalon.core.main.TestCaseExecutor.processExecutionPhase(TestCaseExecutor.java:307)
	at com.kms.katalon.core.main.TestCaseExecutor.accessMainPhase(TestCaseExecutor.java:299)
	at com.kms.katalon.core.main.TestCaseExecutor.execute(TestCaseExecutor.java:233)
	at com.kms.katalon.core.main.TestSuiteExecutor.accessTestCaseMainPhase(TestSuiteExecutor.java:169)
	at com.kms.katalon.core.main.TestSuiteExecutor.accessTestSuiteMainPhase(TestSuiteExecutor.java:142)
	at com.kms.katalon.core.main.TestSuiteExecutor.execute(TestSuiteExecutor.java:91)
	at com.kms.katalon.core.main.TestCaseMain.startTestSuite(TestCaseMain.java:157)
	at com.kms.katalon.core.main.TestCaseMain$startTestSuite$0.call(Unknown Source)
	at TempTestSuite1577117416756.run(TempTestSuite1577117416756.groovy:36)
Caused by: com.kms.katalon.core.webui.exception.WebElementNotFoundException: Web element with id: 'Object Repository/object_reservation/Page_Paradise 4 Paws  Dog Boarding Cat Boar_35fe2b/span_( BK )' located by 'By.xpath: //div[@id='wrapper']/div/div/div/div/div/div/ul/li[4]/a/tab-heading/span' not found
	at com.kms.katalon.core.webui.common.WebUiCommonHelper.findWebElement(WebUiCommonHelper.java:1113)
	at com.kms.katalon.core.webui.keyword.internal.WebUIAbstractKeyword.findWebElement(WebUIAbstractKeyword.groovy:27)
	at com.kms.katalon.core.webui.keyword.internal.WebUIAbstractKeyword.findWebElement(WebUIAbstractKeyword.groovy:26)
	at com.kms.katalon.core.webui.keyword.builtin.GetTextKeyword$_getText_closure1.doCall(GetTextKeyword.groovy:78)
	at com.kms.katalon.core.webui.keyword.builtin.GetTextKeyword$_getText_closure1.call(GetTextKeyword.groovy)
	at com.kms.katalon.core.webui.keyword.internal.WebUIKeywordMain.runKeyword(WebUIKeywordMain.groovy:20)
	... 19 more
"/>
         <system-out><![CDATA[2019-12-23 10:12:58 - [TEST_CASE][FAILED] - Test Cases/p4p_newReservationBoarding: Test Cases/p4p_newReservationBoarding FAILED.
Reason:
com.kms.katalon.core.exception.StepFailedException: Unable to get text of object 'Object Repository/object_reservation/Page_Paradise 4 Paws  Dog Boarding Cat Boar_35fe2b/span_( BK )'
	at com.kms.katalon.core.webui.keyword.internal.WebUIKeywordMain.stepFailed(WebUIKeywordMain.groovy:64)
	at com.kms.katalon.core.webui.keyword.internal.WebUIKeywordMain.runKeyword(WebUIKeywordMain.groovy:26)
	at com.kms.katalon.core.webui.keyword.builtin.GetTextKeyword.getText(GetTextKeyword.groovy:88)
	at com.kms.katalon.core.webui.keyword.builtin.GetTextKeyword.execute(GetTextKeyword.groovy:67)
	at com.kms.katalon.core.keyword.internal.KeywordExecutor.executeKeywordForPlatform(KeywordExecutor.groovy:60)
	at com.kms.katalon.core.webui.keyword.WebUiBuiltInKeywords.getText(WebUiBuiltInKeywords.groovy:888)
	at com.kms.katalon.core.webui.keyword.WebUiBuiltInKeywords$getText$3.call(Unknown Source)
	at p4p_newReservationBoarding.run(p4p_newReservationBoarding:613)
	at com.kms.katalon.core.main.ScriptEngine.run(ScriptEngine.java:194)
	at com.kms.katalon.core.main.ScriptEngine.runScriptAsRawText(ScriptEngine.java:119)
	at com.kms.katalon.core.main.TestCaseExecutor.runScript(TestCaseExecutor.java:337)
	at com.kms.katalon.core.main.TestCaseExecutor.doExecute(TestCaseExecutor.java:328)
	at com.kms.katalon.core.main.TestCaseExecutor.processExecutionPhase(TestCaseExecutor.java:307)
	at com.kms.katalon.core.main.TestCaseExecutor.accessMainPhase(TestCaseExecutor.java:299)
	at com.kms.katalon.core.main.TestCaseExecutor.execute(TestCaseExecutor.java:233)
	at com.kms.katalon.core.main.TestSuiteExecutor.accessTestCaseMainPhase(TestSuiteExecutor.java:169)
	at com.kms.katalon.core.main.TestSuiteExecutor.accessTestSuiteMainPhase(TestSuiteExecutor.java:142)
	at com.kms.katalon.core.main.TestSuiteExecutor.execute(TestSuiteExecutor.java:91)
	at com.kms.katalon.core.main.TestCaseMain.startTestSuite(TestCaseMain.java:157)
	at com.kms.katalon.core.main.TestCaseMain$startTestSuite$0.call(Unknown Source)
	at TempTestSuite1577117416756.run(TempTestSuite1577117416756.groovy:36)
Caused by: com.kms.katalon.core.webui.exception.WebElementNotFoundException: Web element with id: 'Object Repository/object_reservation/Page_Paradise 4 Paws  Dog Boarding Cat Boar_35fe2b/span_( BK )' located by 'By.xpath: //div[@id='wrapper']/div/div/div/div/div/div/ul/li[4]/a/tab-heading/span' not found
	at com.kms.katalon.core.webui.common.WebUiCommonHelper.findWebElement(WebUiCommonHelper.java:1113)
	at com.kms.katalon.core.webui.keyword.internal.WebUIAbstractKeyword.findWebElement(WebUIAbstractKeyword.groovy:27)
	at com.kms.katalon.core.webui.keyword.internal.WebUIAbstractKeyword.findWebElement(WebUIAbstractKeyword.groovy:26)
	at com.kms.katalon.core.webui.keyword.builtin.GetTextKeyword$_getText_closure1.doCall(GetTextKeyword.groovy:78)
	at com.kms.katalon.core.webui.keyword.builtin.GetTextKeyword$_getText_closure1.call(GetTextKeyword.groovy)
	at com.kms.katalon.core.webui.keyword.internal.WebUIKeywordMain.runKeyword(WebUIKeywordMain.groovy:20)
	... 19 more


2019-12-23 10:12:58 - [TEST_STEP][PASSED] - openBrowser("https://p4p-qa-bg.aws.paradise4paws.com/login/"): Browser is opened with url: 'https://p4p-qa-bg.aws.paradise4paws.com/login/'

2019-12-23 10:12:58 - [MESSAGE][WARNING] - A browser is already opened. Closing browser and opening a new one

2019-12-23 10:12:59 - [MESSAGE][INFO] - Starting 'Firefox' driver

2019-12-23 10:13:03 - [MESSAGE][PASSED] - Browser is opened with url: 'https://p4p-qa-bg.aws.paradise4paws.com/login/'

2019-12-23 10:13:03 - [TEST_STEP][PASSED] - setText(findTestObject("Object Repository/object_login/input_user"), var_user): Text 'jegchavez@gmail.com' is set on object 'Object Repository/object_login/input_user'

2019-12-23 10:13:03 - [MESSAGE][PASSED] - Text 'jegchavez@gmail.com' is set on object 'Object Repository/object_login/input_user'

2019-12-23 10:13:03 - [TEST_STEP][PASSED] - setText(findTestObject("Object Repository/object_login/input_pass"), var_pass): Text 'admin1' is set on object 'Object Repository/object_login/input_pass'

2019-12-23 10:13:04 - [MESSAGE][PASSED] - Text 'admin1' is set on object 'Object Repository/object_login/input_pass'

2019-12-23 10:13:04 - [TEST_STEP][PASSED] - delay(2): Delayed 2 second(s)

2019-12-23 10:13:06 - [MESSAGE][PASSED] - Delayed 2 second(s)

2019-12-23 10:13:06 - [TEST_STEP][PASSED] - verifyElementClickable(findTestObject("Object Repository/object_login/btn_login")): Object 'Object Repository/object_login/btn_login' is clickable

2019-12-23 10:13:06 - [MESSAGE][PASSED] - Object 'Object Repository/object_login/btn_login' is clickable

2019-12-23 10:13:06 - [TEST_STEP][PASSED] - click(findTestObject("Object Repository/object_login/btn_login")): Object: 'Object Repository/object_login/btn_login' is clicked on

2019-12-23 10:13:12 - [MESSAGE][PASSED] - Object: 'Object Repository/object_login/btn_login' is clicked on

2019-12-23 10:13:12 - [TEST_STEP][PASSED] - delay(2): Delayed 2 second(s)

2019-12-23 10:13:14 - [MESSAGE][PASSED] - Delayed 2 second(s)

2019-12-23 10:13:14 - [TEST_STEP][PASSED] - setText(findTestObject("Object Repository/object_dashboard_emp/input_search"), var_searchParent): Text 'leongarzagarza@hotmail.com' is set on object 'Object Repository/object_dashboard_emp/input_search'

2019-12-23 10:13:14 - [MESSAGE][PASSED] - Text 'leongarzagarza@hotmail.com' is set on object 'Object Repository/object_dashboard_emp/input_search'

2019-12-23 10:13:14 - [TEST_STEP][PASSED] - click(findTestObject("Object Repository/object_dashboard_emp/btn_accountSearch")): Object: 'Object Repository/object_dashboard_emp/btn_accountSearch' is clicked on

2019-12-23 10:13:15 - [MESSAGE][PASSED] - Object: 'Object Repository/object_dashboard_emp/btn_accountSearch' is clicked on

2019-12-23 10:13:15 - [TEST_STEP][PASSED] - delay(2): Delayed 2 second(s)

2019-12-23 10:13:17 - [MESSAGE][PASSED] - Delayed 2 second(s)

2019-12-23 10:13:17 - [TEST_STEP][PASSED] - click(findTestObject("Object Repository/object_accountInformation/a_TEST GABRIEL PROD")): Object: 'Object Repository/object_accountInformation/a_TEST GABRIEL PROD' is clicked on

2019-12-23 10:13:21 - [MESSAGE][PASSED] - Object: 'Object Repository/object_accountInformation/a_TEST GABRIEL PROD' is clicked on

2019-12-23 10:13:21 - [TEST_STEP][PASSED] - delay(2): Delayed 2 second(s)

2019-12-23 10:13:23 - [MESSAGE][PASSED] - Delayed 2 second(s)

2019-12-23 10:13:23 - [TEST_STEP][PASSED] - click(findTestObject("Object Repository/object_profile/a_addReservation")): Object: 'Object Repository/object_profile/a_addReservation' is clicked on

2019-12-23 10:13:25 - [MESSAGE][PASSED] - Object: 'Object Repository/object_profile/a_addReservation' is clicked on

2019-12-23 10:13:25 - [TEST_STEP][PASSED] - delay(2): Delayed 2 second(s)

2019-12-23 10:13:27 - [MESSAGE][PASSED] - Delayed 2 second(s)

2019-12-23 10:13:27 - [TEST_STEP][PASSED] - flagBoar = "0": null

2019-12-23 10:13:27 - [TEST_STEP][PASSED] - log = new com.kms.katalon.core.logging.KeywordLogger(): null

2019-12-23 10:13:27 - [TEST_STEP][PASSED] - fisNewRes = new java.io.FileInputStream(/home/leonardo-arkusmty/Desktop/P4P/DATA_AUTOMATINTESTING/data_1newReservationBoarding.xlsx): null

2019-12-23 10:13:27 - [TEST_STEP][PASSED] - fisCanRes = new java.io.FileInputStream(/home/leonardo-arkusmty/Desktop/P4P/DATA_AUTOMATINTESTING/data_2cancelReservation.xlsx): null

2019-12-23 10:13:27 - [TEST_STEP][PASSED] - workbookNewRes = new org.apache.poi.xssf.usermodel.XSSFWorkbook(fisNewRes): null

2019-12-23 10:13:27 - [TEST_STEP][PASSED] - workbookCanRes = new org.apache.poi.xssf.usermodel.XSSFWorkbook(fisCanRes): null

2019-12-23 10:13:27 - [TEST_STEP][PASSED] - sheetNewRes = workbookNewRes.getSheet("Sheet1"): null

2019-12-23 10:13:27 - [TEST_STEP][PASSED] - sheetCanRes = workbookCanRes.getSheet("Sheet1"): null

2019-12-23 10:13:27 - [TEST_STEP][PASSED] - rowCount = var_row: null

2019-12-23 10:13:27 - [TEST_STEP][PASSED] - var = Integer.parseInt(var_idRowRes): null

2019-12-23 10:13:27 - [TEST_STEP][PASSED] - rowNewRes = sheetNewRes.getRow(var): null

2019-12-23 10:13:27 - [TEST_STEP][PASSED] - rowCanRes = sheetCanRes.getRow(var): null

2019-12-23 10:13:27 - [TEST_STEP][PASSED] - if (var_typeReserveation == "Boarding"): null

2019-12-23 10:13:27 - [TEST_STEP][PASSED] - click(findTestObject("Object Repository/object_reservation/btn_Boarding")): Object: 'Object Repository/object_reservation/btn_Boarding' is clicked on

2019-12-23 10:13:27 - [MESSAGE][PASSED] - Object: 'Object Repository/object_reservation/btn_Boarding' is clicked on

2019-12-23 10:13:27 - [TEST_STEP][PASSED] - flagBoar = "1": null

2019-12-23 10:13:27 - [TEST_STEP][PASSED] - click(findTestObject("Object Repository/object_reservation/i_location")): Object: 'Object Repository/object_reservation/i_location' is clicked on

2019-12-23 10:13:30 - [MESSAGE][PASSED] - Object: 'Object Repository/object_reservation/i_location' is clicked on

2019-12-23 10:13:30 - [TEST_STEP][PASSED] - switch (var_idFacility): null

2019-12-23 10:13:30 - [TEST_STEP][PASSED] - dateCI = var_checkinD.split(","): null

2019-12-23 10:13:30 - [TEST_STEP][PASSED] - dateCO = var_checkoutD.split(","): null

2019-12-23 10:13:30 - [TEST_STEP][PASSED] - arryPets = var_pets.split(","): null

2019-12-23 10:13:30 - [TEST_STEP][PASSED] - delay(2): Delayed 2 second(s)

2019-12-23 10:13:32 - [MESSAGE][PASSED] - Delayed 2 second(s)

2019-12-23 10:13:32 - [TEST_STEP][PASSED] - if (var_repeting == "Y"): null

2019-12-23 10:13:32 - [TEST_STEP][PASSED] - click(findTestObject("Object Repository/object_reservation/dateCheckIn")): Object: 'Object Repository/object_reservation/dateCheckIn' is clicked on

2019-12-23 10:13:33 - [MESSAGE][PASSED] - Object: 'Object Repository/object_reservation/dateCheckIn' is clicked on

2019-12-23 10:13:33 - [TEST_STEP][PASSED] - delay(2): Delayed 2 second(s)

2019-12-23 10:13:35 - [MESSAGE][PASSED] - Delayed 2 second(s)

2019-12-23 10:13:35 - [TEST_STEP][PASSED] - switch (dateCI[0]): null

2019-12-23 10:13:35 - [TEST_STEP][PASSED] - case "18":: null

2019-12-23 10:13:35 - [TEST_STEP][PASSED] - click(findTestObject("Object Repository/Page_Paradise 4 Paws  Dog Boarding Cat Boarding Norwalk Pooch Hotel/button_18_ci")): Object: 'Object Repository/Page_Paradise 4 Paws  Dog Boarding Cat Boarding Norwalk Pooch Hotel/button_18_ci' is clicked on

2019-12-23 10:13:35 - [MESSAGE][PASSED] - Object: 'Object Repository/Page_Paradise 4 Paws  Dog Boarding Cat Boarding Norwalk Pooch Hotel/button_18_ci' is clicked on

2019-12-23 10:13:35 - [TEST_STEP][PASSED] - break: null

2019-12-23 10:13:35 - [TEST_STEP][PASSED] - if (flagBoar == "1"): null

2019-12-23 10:13:35 - [TEST_STEP][PASSED] - click(findTestObject("Object Repository/object_reservation/dateCheckOut")): Object: 'Object Repository/object_reservation/dateCheckOut' is clicked on

2019-12-23 10:13:36 - [MESSAGE][PASSED] - Object: 'Object Repository/object_reservation/dateCheckOut' is clicked on

2019-12-23 10:13:36 - [TEST_STEP][PASSED] - switch (dateCO[0]): null

2019-12-23 10:13:36 - [TEST_STEP][PASSED] - case "19":: null

2019-12-23 10:13:36 - [TEST_STEP][PASSED] - click(findTestObject("Object Repository/Page_Paradise 4 Paws  Dog Boarding Cat Boarding Norwalk Pooch Hotel/button_19_co")): Object: 'Object Repository/Page_Paradise 4 Paws  Dog Boarding Cat Boarding Norwalk Pooch Hotel/button_19_co' is clicked on

2019-12-23 10:13:37 - [MESSAGE][PASSED] - Object: 'Object Repository/Page_Paradise 4 Paws  Dog Boarding Cat Boarding Norwalk Pooch Hotel/button_19_co' is clicked on

2019-12-23 10:13:37 - [TEST_STEP][PASSED] - break: null

2019-12-23 10:13:37 - [TEST_STEP][PASSED] - click(findTestObject("Object Repository/object_reservation/timeCheckin")): Object: 'Object Repository/object_reservation/timeCheckin' is clicked on

2019-12-23 10:13:37 - [MESSAGE][PASSED] - Object: 'Object Repository/object_reservation/timeCheckin' is clicked on

2019-12-23 10:13:37 - [TEST_STEP][PASSED] - switch (var_checkinT): null

2019-12-23 10:13:37 - [TEST_STEP][PASSED] - case "800":: null

2019-12-23 10:13:37 - [TEST_STEP][PASSED] - click(findTestObject("Object Repository/Page_Paradise 4 Paws  Dog Boarding Cat Boarding Norwalk Pooch Hotel/time_800am_ci")): Object: 'Object Repository/Page_Paradise 4 Paws  Dog Boarding Cat Boarding Norwalk Pooch Hotel/time_800am_ci' is clicked on

2019-12-23 10:13:38 - [MESSAGE][PASSED] - Object: 'Object Repository/Page_Paradise 4 Paws  Dog Boarding Cat Boarding Norwalk Pooch Hotel/time_800am_ci' is clicked on

2019-12-23 10:13:38 - [TEST_STEP][PASSED] - break: null

2019-12-23 10:13:38 - [TEST_STEP][PASSED] - click(findTestObject("Object Repository/object_reservation/timeCheckOut")): Object: 'Object Repository/object_reservation/timeCheckOut' is clicked on

2019-12-23 10:13:39 - [MESSAGE][PASSED] - Object: 'Object Repository/object_reservation/timeCheckOut' is clicked on

2019-12-23 10:13:39 - [TEST_STEP][PASSED] - switch (var_checkoutT): null

2019-12-23 10:13:39 - [TEST_STEP][PASSED] - case "1200":: null

2019-12-23 10:13:39 - [TEST_STEP][PASSED] - click(findTestObject("Object Repository/Page_Paradise 4 Paws  Dog Boarding Cat Boarding Norwalk Pooch Hotel/time_1200pm_co")): Object: 'Object Repository/Page_Paradise 4 Paws  Dog Boarding Cat Boarding Norwalk Pooch Hotel/time_1200pm_co' is clicked on

2019-12-23 10:13:39 - [MESSAGE][PASSED] - Object: 'Object Repository/Page_Paradise 4 Paws  Dog Boarding Cat Boarding Norwalk Pooch Hotel/time_1200pm_co' is clicked on

2019-12-23 10:13:39 - [TEST_STEP][PASSED] - break: null

2019-12-23 10:13:39 - [TEST_STEP][PASSED] - delay(2): Delayed 2 second(s)

2019-12-23 10:13:41 - [MESSAGE][PASSED] - Delayed 2 second(s)

2019-12-23 10:13:41 - [TEST_STEP][PASSED] - if (arryPets.size() == 1): null

2019-12-23 10:13:41 - [TEST_STEP][PASSED] - else if (arryPets.size() == 2): null

2019-12-23 10:13:41 - [TEST_STEP][PASSED] - else if (arryPets.size() == 3): Object: 'Object Repository/object_reservation/div_Athena' is clicked on

2019-12-23 10:13:41 - [TEST_STEP][PASSED] - click(findTestObject("object_reservation/Page_Paradise 4 Paws  Dog Boarding Cat Boarding Norwalk Pooch Hotel/div_Ares")): Object: 'Object Repository/object_reservation/Page_Paradise 4 Paws  Dog Boarding Cat Boarding Norwalk Pooch Hotel/div_Ares' is clicked on

2019-12-23 10:13:42 - [MESSAGE][PASSED] - Object: 'Object Repository/object_reservation/Page_Paradise 4 Paws  Dog Boarding Cat Boarding Norwalk Pooch Hotel/div_Ares' is clicked on

2019-12-23 10:13:42 - [TEST_STEP][PASSED] - click(findTestObject("object_reservation/div_Zeus")): Object: 'Object Repository/object_reservation/div_Zeus' is clicked on

2019-12-23 10:13:48 - [MESSAGE][PASSED] - Object: 'Object Repository/object_reservation/div_Zeus' is clicked on

2019-12-23 10:13:48 - [TEST_STEP][PASSED] - click(findTestObject("object_reservation/div_Athena")): Object: 'Object Repository/object_reservation/div_Athena' is clicked on

2019-12-23 10:13:54 - [MESSAGE][PASSED] - Object: 'Object Repository/object_reservation/div_Athena' is clicked on

2019-12-23 10:13:54 - [TEST_STEP][NOT_RUN] - click(findTestObject("object_reservations/i_Day_fa fa-circle-o ng-scope")): NOT_RUN: click(findTestObject("object_reservations/i_Day_fa fa-circle-o ng-scope"))

2019-12-23 10:13:54 - [MESSAGE][NOT_RUN] - NOT_RUN: click(findTestObject("object_reservations/i_Day_fa fa-circle-o ng-scope"))

2019-12-23 10:13:54 - [TEST_STEP][PASSED] - if (flagBoar == "1" || flagBoar == "2"): Object: 'Object Repository/object_reservation/div_suite_rad_deluxe' is clicked on

2019-12-23 10:13:54 - [TEST_STEP][PASSED] - click(findTestObject("Object Repository/object_reservation/div_suite_rad_deluxe")): Object: 'Object Repository/object_reservation/div_suite_rad_deluxe' is clicked on

2019-12-23 10:13:59 - [MESSAGE][PASSED] - Object: 'Object Repository/object_reservation/div_suite_rad_deluxe' is clicked on

2019-12-23 10:13:59 - [TEST_STEP][PASSED] - click(findTestObject("Object Repository/object_reservation/btn_next2")): Object: 'Object Repository/object_reservation/btn_next2' is clicked on

2019-12-23 10:14:02 - [MESSAGE][PASSED] - Object: 'Object Repository/object_reservation/btn_next2' is clicked on

2019-12-23 10:14:02 - [TEST_STEP][PASSED] - delay(3): Delayed 3 second(s)

2019-12-23 10:14:05 - [MESSAGE][PASSED] - Delayed 3 second(s)

2019-12-23 10:14:05 - [TEST_STEP][PASSED] - if (flagBoar == "1"): Object: 'Object Repository/object_reservation/button_DeclineThisPromo' is clicked on

2019-12-23 10:14:05 - [TEST_STEP][PASSED] - click(findTestObject("Object Repository/object_reservation/button_DeclineThisPromo")): Object: 'Object Repository/object_reservation/button_DeclineThisPromo' is clicked on

2019-12-23 10:14:05 - [MESSAGE][PASSED] - Object: 'Object Repository/object_reservation/button_DeclineThisPromo' is clicked on

2019-12-23 10:14:05 - [TEST_STEP][PASSED] - delay(2): Delayed 2 second(s)

2019-12-23 10:14:07 - [MESSAGE][PASSED] - Delayed 2 second(s)

2019-12-23 10:14:07 - [TEST_STEP][PASSED] - click(findTestObject("Object Repository/object_reservation/btn_next2")): Object: 'Object Repository/object_reservation/btn_next2' is clicked on

2019-12-23 10:14:08 - [MESSAGE][PASSED] - Object: 'Object Repository/object_reservation/btn_next2' is clicked on

2019-12-23 10:14:08 - [TEST_STEP][PASSED] - delay(2): Delayed 2 second(s)

2019-12-23 10:14:10 - [MESSAGE][PASSED] - Delayed 2 second(s)

2019-12-23 10:14:10 - [TEST_STEP][PASSED] - click(findTestObject("Object Repository/object_reservation/button_Submit Reservation")): Object: 'Object Repository/object_reservation/button_Submit Reservation' is clicked on

2019-12-23 10:14:10 - [MESSAGE][PASSED] - Object: 'Object Repository/object_reservation/button_Submit Reservation' is clicked on

2019-12-23 10:14:10 - [TEST_STEP][PASSED] - delay(2): Delayed 2 second(s)

2019-12-23 10:14:12 - [MESSAGE][PASSED] - Delayed 2 second(s)

2019-12-23 10:14:12 - [TEST_STEP][PASSED] - delay(2): Delayed 2 second(s)

2019-12-23 10:14:14 - [MESSAGE][PASSED] - Delayed 2 second(s)

2019-12-23 10:14:14 - [TEST_STEP][PASSED] - if (flagBoar == "2" && var_repeatingEvery == "Daily" || var_repeatingEvery == "Monthly" || var_repeatingEvery == "Weekly"): null

2019-12-23 10:14:14 - [TEST_STEP][FAILED] - else: null

2019-12-23 10:14:14 - [TEST_STEP][PASSED] - delay(2): Delayed 2 second(s)

2019-12-23 10:14:16 - [MESSAGE][PASSED] - Delayed 2 second(s)

2019-12-23 10:14:16 - [TEST_STEP][FAILED] - try: Unable to click on object 'Object Repository/object_reservation/button_Return To Reservation' (Root cause: com.kms.katalon.core.exception.StepFailedException: Unable to click on object 'Object Repository/object_reservation/button_Return To Reservation'
	at com.kms.katalon.core.webui.keyword.internal.WebUIKeywordMain.stepFailed(WebUIKeywordMain.groovy:64)
	at com.kms.katalon.core.webui.keyword.internal.WebUIKeywordMain.runKeyword(WebUIKeywordMain.groovy:26)
	at com.kms.katalon.core.webui.keyword.builtin.ClickKeyword.click(ClickKeyword.groovy:99)
	at com.kms.katalon.core.webui.keyword.builtin.ClickKeyword.execute(ClickKeyword.groovy:43)
	at com.kms.katalon.core.keyword.internal.KeywordExecutor.executeKeywordForPlatform(KeywordExecutor.groovy:60)
	at com.kms.katalon.core.webui.keyword.WebUiBuiltInKeywords.click(WebUiBuiltInKeywords.groovy:616)
	at com.kms.katalon.core.webui.keyword.WebUiBuiltInKeywords$click$2.call(Unknown Source)
	at p4p_newReservationBoarding.run(p4p_newReservationBoarding:576)
	at com.kms.katalon.core.main.ScriptEngine.run(ScriptEngine.java:194)
	at com.kms.katalon.core.main.ScriptEngine.runScriptAsRawText(ScriptEngine.java:119)
	at com.kms.katalon.core.main.TestCaseExecutor.runScript(TestCaseExecutor.java:337)
	at com.kms.katalon.core.main.TestCaseExecutor.doExecute(TestCaseExecutor.java:328)
	at com.kms.katalon.core.main.TestCaseExecutor.processExecutionPhase(TestCaseExecutor.java:307)
	at com.kms.katalon.core.main.TestCaseExecutor.accessMainPhase(TestCaseExecutor.java:299)
	at com.kms.katalon.core.main.TestCaseExecutor.execute(TestCaseExecutor.java:233)
	at com.kms.katalon.core.main.TestSuiteExecutor.accessTestCaseMainPhase(TestSuiteExecutor.java:169)
	at com.kms.katalon.core.main.TestSuiteExecutor.accessTestSuiteMainPhase(TestSuiteExecutor.java:142)
	at com.kms.katalon.core.main.TestSuiteExecutor.execute(TestSuiteExecutor.java:91)
	at com.kms.katalon.core.main.TestCaseMain.startTestSuite(TestCaseMain.java:157)
	at com.kms.katalon.core.main.TestCaseMain$startTestSuite$0.call(Unknown Source)
	at TempTestSuite1577117416756.run(TempTestSuite1577117416756.groovy:36)
Caused by: com.kms.katalon.core.webui.exception.WebElementNotFoundException: Web element with id: 'Object Repository/object_reservation/button_Return To Reservation' located by 'By.xpath: (//button[@type='button'])[13]' not found
	at com.kms.katalon.core.webui.common.WebUiCommonHelper.findWebElement(WebUiCommonHelper.java:1113)
	at com.kms.katalon.core.webui.keyword.internal.WebUIAbstractKeyword.findWebElement(WebUIAbstractKeyword.groovy:27)
	at com.kms.katalon.core.webui.keyword.internal.WebUIAbstractKeyword.findWebElement(WebUIAbstractKeyword.groovy:26)
	at com.kms.katalon.core.webui.keyword.builtin.ClickKeyword$_click_closure1.doCall(ClickKeyword.groovy:68)
	at com.kms.katalon.core.webui.keyword.builtin.ClickKeyword$_click_closure1.call(ClickKeyword.groovy)
	at com.kms.katalon.core.webui.keyword.internal.WebUIKeywordMain.runKeyword(WebUIKeywordMain.groovy:20)
	at com.kms.katalon.core.webui.keyword.builtin.ClickKeyword.click(ClickKeyword.groovy:99)
	at com.kms.katalon.core.webui.keyword.builtin.ClickKeyword.execute(ClickKeyword.groovy:43)
	at com.kms.katalon.core.keyword.internal.KeywordExecutor.executeKeywordForPlatform(KeywordExecutor.groovy:60)
	at com.kms.katalon.core.webui.keyword.WebUiBuiltInKeywords.click(WebUiBuiltInKeywords.groovy:616)
	at com.kms.katalon.core.webui.keyword.WebUiBuiltInKeywords$click$2.call(Unknown Source)
	at Script1576482987688.run(Script1576482987688.groovy:576)
	... 13 more
)

2019-12-23 10:14:16 - [TEST_STEP][FAILED] - click(findTestObject("Object Repository/object_reservation/button_Return To Reservation")): Unable to click on object 'Object Repository/object_reservation/button_Return To Reservation' (Root cause: com.kms.katalon.core.exception.StepFailedException: Unable to click on object 'Object Repository/object_reservation/button_Return To Reservation'
	at com.kms.katalon.core.webui.keyword.internal.WebUIKeywordMain.stepFailed(WebUIKeywordMain.groovy:64)
	at com.kms.katalon.core.webui.keyword.internal.WebUIKeywordMain.runKeyword(WebUIKeywordMain.groovy:26)
	at com.kms.katalon.core.webui.keyword.builtin.ClickKeyword.click(ClickKeyword.groovy:99)
	at com.kms.katalon.core.webui.keyword.builtin.ClickKeyword.execute(ClickKeyword.groovy:43)
	at com.kms.katalon.core.keyword.internal.KeywordExecutor.executeKeywordForPlatform(KeywordExecutor.groovy:60)
	at com.kms.katalon.core.webui.keyword.WebUiBuiltInKeywords.click(WebUiBuiltInKeywords.groovy:616)
	at com.kms.katalon.core.webui.keyword.WebUiBuiltInKeywords$click$2.call(Unknown Source)
	at p4p_newReservationBoarding.run(p4p_newReservationBoarding:576)
	at com.kms.katalon.core.main.ScriptEngine.run(ScriptEngine.java:194)
	at com.kms.katalon.core.main.ScriptEngine.runScriptAsRawText(ScriptEngine.java:119)
	at com.kms.katalon.core.main.TestCaseExecutor.runScript(TestCaseExecutor.java:337)
	at com.kms.katalon.core.main.TestCaseExecutor.doExecute(TestCaseExecutor.java:328)
	at com.kms.katalon.core.main.TestCaseExecutor.processExecutionPhase(TestCaseExecutor.java:307)
	at com.kms.katalon.core.main.TestCaseExecutor.accessMainPhase(TestCaseExecutor.java:299)
	at com.kms.katalon.core.main.TestCaseExecutor.execute(TestCaseExecutor.java:233)
	at com.kms.katalon.core.main.TestSuiteExecutor.accessTestCaseMainPhase(TestSuiteExecutor.java:169)
	at com.kms.katalon.core.main.TestSuiteExecutor.accessTestSuiteMainPhase(TestSuiteExecutor.java:142)
	at com.kms.katalon.core.main.TestSuiteExecutor.execute(TestSuiteExecutor.java:91)
	at com.kms.katalon.core.main.TestCaseMain.startTestSuite(TestCaseMain.java:157)
	at com.kms.katalon.core.main.TestCaseMain$startTestSuite$0.call(Unknown Source)
	at TempTestSuite1577117416756.run(TempTestSuite1577117416756.groovy:36)
Caused by: com.kms.katalon.core.webui.exception.WebElementNotFoundException: Web element with id: 'Object Repository/object_reservation/button_Return To Reservation' located by 'By.xpath: (//button[@type='button'])[13]' not found
	at com.kms.katalon.core.webui.common.WebUiCommonHelper.findWebElement(WebUiCommonHelper.java:1113)
	at com.kms.katalon.core.webui.keyword.internal.WebUIAbstractKeyword.findWebElement(WebUIAbstractKeyword.groovy:27)
	at com.kms.katalon.core.webui.keyword.internal.WebUIAbstractKeyword.findWebElement(WebUIAbstractKeyword.groovy:26)
	at com.kms.katalon.core.webui.keyword.builtin.ClickKeyword$_click_closure1.doCall(ClickKeyword.groovy:68)
	at com.kms.katalon.core.webui.keyword.builtin.ClickKeyword$_click_closure1.call(ClickKeyword.groovy)
	at com.kms.katalon.core.webui.keyword.internal.WebUIKeywordMain.runKeyword(WebUIKeywordMain.groovy:20)
	at com.kms.katalon.core.webui.keyword.builtin.ClickKeyword.click(ClickKeyword.groovy:99)
	at com.kms.katalon.core.webui.keyword.builtin.ClickKeyword.execute(ClickKeyword.groovy:43)
	at com.kms.katalon.core.keyword.internal.KeywordExecutor.executeKeywordForPlatform(KeywordExecutor.groovy:60)
	at com.kms.katalon.core.webui.keyword.WebUiBuiltInKeywords.click(WebUiBuiltInKeywords.groovy:616)
	at com.kms.katalon.core.webui.keyword.WebUiBuiltInKeywords$click$2.call(Unknown Source)
	at Script1576482987688.run(Script1576482987688.groovy:576)
	... 13 more
)

2019-12-23 10:15:00 - [MESSAGE][INFO] - Unable to find the element located by 'By.xpath: (//button[@type='button'])[13]'. Please recheck the objects properties to make sure the desired element is located. 

2019-12-23 10:15:00 - [MESSAGE][FAILED] - Unable to click on object 'Object Repository/object_reservation/button_Return To Reservation' (Root cause: com.kms.katalon.core.exception.StepFailedException: Unable to click on object 'Object Repository/object_reservation/button_Return To Reservation'
	at com.kms.katalon.core.webui.keyword.internal.WebUIKeywordMain.stepFailed(WebUIKeywordMain.groovy:64)
	at com.kms.katalon.core.webui.keyword.internal.WebUIKeywordMain.runKeyword(WebUIKeywordMain.groovy:26)
	at com.kms.katalon.core.webui.keyword.builtin.ClickKeyword.click(ClickKeyword.groovy:99)
	at com.kms.katalon.core.webui.keyword.builtin.ClickKeyword.execute(ClickKeyword.groovy:43)
	at com.kms.katalon.core.keyword.internal.KeywordExecutor.executeKeywordForPlatform(KeywordExecutor.groovy:60)
	at com.kms.katalon.core.webui.keyword.WebUiBuiltInKeywords.click(WebUiBuiltInKeywords.groovy:616)
	at com.kms.katalon.core.webui.keyword.WebUiBuiltInKeywords$click$2.call(Unknown Source)
	at p4p_newReservationBoarding.run(p4p_newReservationBoarding:576)
	at com.kms.katalon.core.main.ScriptEngine.run(ScriptEngine.java:194)
	at com.kms.katalon.core.main.ScriptEngine.runScriptAsRawText(ScriptEngine.java:119)
	at com.kms.katalon.core.main.TestCaseExecutor.runScript(TestCaseExecutor.java:337)
	at com.kms.katalon.core.main.TestCaseExecutor.doExecute(TestCaseExecutor.java:328)
	at com.kms.katalon.core.main.TestCaseExecutor.processExecutionPhase(TestCaseExecutor.java:307)
	at com.kms.katalon.core.main.TestCaseExecutor.accessMainPhase(TestCaseExecutor.java:299)
	at com.kms.katalon.core.main.TestCaseExecutor.execute(TestCaseExecutor.java:233)
	at com.kms.katalon.core.main.TestSuiteExecutor.accessTestCaseMainPhase(TestSuiteExecutor.java:169)
	at com.kms.katalon.core.main.TestSuiteExecutor.accessTestSuiteMainPhase(TestSuiteExecutor.java:142)
	at com.kms.katalon.core.main.TestSuiteExecutor.execute(TestSuiteExecutor.java:91)
	at com.kms.katalon.core.main.TestCaseMain.startTestSuite(TestCaseMain.java:157)
	at com.kms.katalon.core.main.TestCaseMain$startTestSuite$0.call(Unknown Source)
	at TempTestSuite1577117416756.run(TempTestSuite1577117416756.groovy:36)
Caused by: com.kms.katalon.core.webui.exception.WebElementNotFoundException: Web element with id: 'Object Repository/object_reservation/button_Return To Reservation' located by 'By.xpath: (//button[@type='button'])[13]' not found
	at com.kms.katalon.core.webui.common.WebUiCommonHelper.findWebElement(WebUiCommonHelper.java:1113)
	at com.kms.katalon.core.webui.keyword.internal.WebUIAbstractKeyword.findWebElement(WebUIAbstractKeyword.groovy:27)
	at com.kms.katalon.core.webui.keyword.internal.WebUIAbstractKeyword.findWebElement(WebUIAbstractKeyword.groovy:26)
	at com.kms.katalon.core.webui.keyword.builtin.ClickKeyword$_click_closure1.doCall(ClickKeyword.groovy:68)
	at com.kms.katalon.core.webui.keyword.builtin.ClickKeyword$_click_closure1.call(ClickKeyword.groovy)
	at com.kms.katalon.core.webui.keyword.internal.WebUIKeywordMain.runKeyword(WebUIKeywordMain.groovy:20)
	at com.kms.katalon.core.webui.keyword.builtin.ClickKeyword.click(ClickKeyword.groovy:99)
	at com.kms.katalon.core.webui.keyword.builtin.ClickKeyword.execute(ClickKeyword.groovy:43)
	at com.kms.katalon.core.keyword.internal.KeywordExecutor.executeKeywordForPlatform(KeywordExecutor.groovy:60)
	at com.kms.katalon.core.webui.keyword.WebUiBuiltInKeywords.click(WebUiBuiltInKeywords.groovy:616)
	at com.kms.katalon.core.webui.keyword.WebUiBuiltInKeywords$click$2.call(Unknown Source)
	at Script1576482987688.run(Script1576482987688.groovy:576)
	... 13 more
)
[[ATTACHMENT|/home/leonardo-arkusmty/Documents/workspaceKatalon/p4ptest/Reports/20191223_101016/ts_newBoardingSpaserviceCancel/20191223_101016/1577117700113.png]]

2019-12-23 10:15:00 - [TEST_STEP][PASSED] - catch (Exception e): null

2019-12-23 10:15:00 - [TEST_STEP][PASSED] - e.printStackTrace(): null

2019-12-23 10:15:00 - [TEST_STEP][PASSED] - log.logInfo("ERROR EXCEPCION"): ERROR EXCEPCION

2019-12-23 10:15:00 - [MESSAGE][INFO] - ERROR EXCEPCION

2019-12-23 10:15:00 - [TEST_STEP][PASSED] - cell1Err = rowNewRes.createCell(16, 0): null

2019-12-23 10:15:00 - [TEST_STEP][PASSED] - cell2Err = rowNewRes.createCell(18, 0): null

2019-12-23 10:15:00 - [TEST_STEP][PASSED] - cell1Err.setCellType(CELL_TYPE_STRING): null

2019-12-23 10:15:00 - [TEST_STEP][PASSED] - cell1Err.setCellValue("Error"): null

2019-12-23 10:15:00 - [TEST_STEP][PASSED] - cell2Err.setCellType(CELL_TYPE_STRING): null

2019-12-23 10:15:00 - [TEST_STEP][PASSED] - cell2Err.setCellValue("Reservacion existente"): null

2019-12-23 10:15:00 - [TEST_STEP][PASSED] - fos = new java.io.FileOutputStream(/home/leonardo-arkusmty/Desktop/P4P/DATA_AUTOMATINTESTING/data_1newReservationBoarding.xlsx): null

2019-12-23 10:15:00 - [TEST_STEP][PASSED] - workbookNewRes.write(fos): null

2019-12-23 10:15:00 - [TEST_STEP][PASSED] - fos.close(): null

2019-12-23 10:15:00 - [TEST_STEP][PASSED] - delay(1): Delayed 1 second(s)

2019-12-23 10:15:01 - [MESSAGE][PASSED] - Delayed 1 second(s)

2019-12-23 10:15:01 - [TEST_STEP][PASSED] - cellCan = rowCanRes.createCell(5, 0): null

2019-12-23 10:15:01 - [TEST_STEP][PASSED] - cellCan.setCellType(CELL_TYPE_STRING): null

2019-12-23 10:15:01 - [TEST_STEP][PASSED] - cellCan.setCellValue("Error en la reservacion"): null

2019-12-23 10:15:01 - [TEST_STEP][PASSED] - fosCan = new java.io.FileOutputStream(/home/leonardo-arkusmty/Desktop/P4P/DATA_AUTOMATINTESTING/data_2cancelReservation.xlsx): null

2019-12-23 10:15:01 - [TEST_STEP][PASSED] - workbookCanRes.write(fosCan): null

2019-12-23 10:15:01 - [TEST_STEP][PASSED] - fosCan.close(): null

2019-12-23 10:15:01 - [TEST_STEP][PASSED] - delay(6): Delayed 6 second(s)

2019-12-23 10:15:07 - [MESSAGE][PASSED] - Delayed 6 second(s)

2019-12-23 10:15:07 - [TEST_STEP][PASSED] - click(findTestObject("Object Repository/object_reservation/Page_Paradise 4 Paws  Dog Boarding Cat Boar_35fe2b/button_Go to CheckOut")): Object: 'Object Repository/object_reservation/Page_Paradise 4 Paws  Dog Boarding Cat Boar_35fe2b/button_Go to CheckOut' is clicked on

2019-12-23 10:15:37 - [MESSAGE][PASSED] - Object: 'Object Repository/object_reservation/Page_Paradise 4 Paws  Dog Boarding Cat Boar_35fe2b/button_Go to CheckOut' is clicked on

2019-12-23 10:15:37 - [TEST_STEP][PASSED] - delay(2): Delayed 2 second(s)

2019-12-23 10:15:39 - [MESSAGE][PASSED] - Delayed 2 second(s)

2019-12-23 10:15:39 - [TEST_STEP][FAILED] - log.logInfo(getText(findTestObject("Object Repository/object_reservation/Page_Paradise 4 Paws  Dog Boarding Cat Boar_35fe2b/span_( BK )"))): Unable to get text of object 'Object Repository/object_reservation/Page_Paradise 4 Paws  Dog Boarding Cat Boar_35fe2b/span_( BK )' (Root cause: com.kms.katalon.core.exception.StepFailedException: Unable to get text of object 'Object Repository/object_reservation/Page_Paradise 4 Paws  Dog Boarding Cat Boar_35fe2b/span_( BK )'
	at com.kms.katalon.core.webui.keyword.internal.WebUIKeywordMain.stepFailed(WebUIKeywordMain.groovy:64)
	at com.kms.katalon.core.webui.keyword.internal.WebUIKeywordMain.runKeyword(WebUIKeywordMain.groovy:26)
	at com.kms.katalon.core.webui.keyword.builtin.GetTextKeyword.getText(GetTextKeyword.groovy:88)
	at com.kms.katalon.core.webui.keyword.builtin.GetTextKeyword.execute(GetTextKeyword.groovy:67)
	at com.kms.katalon.core.keyword.internal.KeywordExecutor.executeKeywordForPlatform(KeywordExecutor.groovy:60)
	at com.kms.katalon.core.webui.keyword.WebUiBuiltInKeywords.getText(WebUiBuiltInKeywords.groovy:888)
	at com.kms.katalon.core.webui.keyword.WebUiBuiltInKeywords$getText$3.call(Unknown Source)
	at p4p_newReservationBoarding.run(p4p_newReservationBoarding:613)
	at com.kms.katalon.core.main.ScriptEngine.run(ScriptEngine.java:194)
	at com.kms.katalon.core.main.ScriptEngine.runScriptAsRawText(ScriptEngine.java:119)
	at com.kms.katalon.core.main.TestCaseExecutor.runScript(TestCaseExecutor.java:337)
	at com.kms.katalon.core.main.TestCaseExecutor.doExecute(TestCaseExecutor.java:328)
	at com.kms.katalon.core.main.TestCaseExecutor.processExecutionPhase(TestCaseExecutor.java:307)
	at com.kms.katalon.core.main.TestCaseExecutor.accessMainPhase(TestCaseExecutor.java:299)
	at com.kms.katalon.core.main.TestCaseExecutor.execute(TestCaseExecutor.java:233)
	at com.kms.katalon.core.main.TestSuiteExecutor.accessTestCaseMainPhase(TestSuiteExecutor.java:169)
	at com.kms.katalon.core.main.TestSuiteExecutor.accessTestSuiteMainPhase(TestSuiteExecutor.java:142)
	at com.kms.katalon.core.main.TestSuiteExecutor.execute(TestSuiteExecutor.java:91)
	at com.kms.katalon.core.main.TestCaseMain.startTestSuite(TestCaseMain.java:157)
	at com.kms.katalon.core.main.TestCaseMain$startTestSuite$0.call(Unknown Source)
	at TempTestSuite1577117416756.run(TempTestSuite1577117416756.groovy:36)
Caused by: com.kms.katalon.core.webui.exception.WebElementNotFoundException: Web element with id: 'Object Repository/object_reservation/Page_Paradise 4 Paws  Dog Boarding Cat Boar_35fe2b/span_( BK )' located by 'By.xpath: //div[@id='wrapper']/div/div/div/div/div/div/ul/li[4]/a/tab-heading/span' not found
	at com.kms.katalon.core.webui.common.WebUiCommonHelper.findWebElement(WebUiCommonHelper.java:1113)
	at com.kms.katalon.core.webui.keyword.internal.WebUIAbstractKeyword.findWebElement(WebUIAbstractKeyword.groovy:27)
	at com.kms.katalon.core.webui.keyword.internal.WebUIAbstractKeyword.findWebElement(WebUIAbstractKeyword.groovy:26)
	at com.kms.katalon.core.webui.keyword.builtin.GetTextKeyword$_getText_closure1.doCall(GetTextKeyword.groovy:78)
	at com.kms.katalon.core.webui.keyword.builtin.GetTextKeyword$_getText_closure1.call(GetTextKeyword.groovy)
	at com.kms.katalon.core.webui.keyword.internal.WebUIKeywordMain.runKeyword(WebUIKeywordMain.groovy:20)
	at com.kms.katalon.core.webui.keyword.builtin.GetTextKeyword.getText(GetTextKeyword.groovy:88)
	at com.kms.katalon.core.webui.keyword.builtin.GetTextKeyword.execute(GetTextKeyword.groovy:67)
	at com.kms.katalon.core.keyword.internal.KeywordExecutor.executeKeywordForPlatform(KeywordExecutor.groovy:60)
	at com.kms.katalon.core.webui.keyword.WebUiBuiltInKeywords.getText(WebUiBuiltInKeywords.groovy:888)
	at com.kms.katalon.core.webui.keyword.WebUiBuiltInKeywords$getText$3.call(Unknown Source)
	at Script1576482987688.run(Script1576482987688.groovy:613)
	... 13 more
)

2019-12-23 10:16:23 - [MESSAGE][INFO] - Unable to find the element located by 'By.xpath: //div[@id='wrapper']/div/div/div/div/div/div/ul/li[4]/a/tab-heading/span'. Please recheck the objects properties to make sure the desired element is located. 

2019-12-23 10:16:23 - [MESSAGE][FAILED] - Unable to get text of object 'Object Repository/object_reservation/Page_Paradise 4 Paws  Dog Boarding Cat Boar_35fe2b/span_( BK )' (Root cause: com.kms.katalon.core.exception.StepFailedException: Unable to get text of object 'Object Repository/object_reservation/Page_Paradise 4 Paws  Dog Boarding Cat Boar_35fe2b/span_( BK )'
	at com.kms.katalon.core.webui.keyword.internal.WebUIKeywordMain.stepFailed(WebUIKeywordMain.groovy:64)
	at com.kms.katalon.core.webui.keyword.internal.WebUIKeywordMain.runKeyword(WebUIKeywordMain.groovy:26)
	at com.kms.katalon.core.webui.keyword.builtin.GetTextKeyword.getText(GetTextKeyword.groovy:88)
	at com.kms.katalon.core.webui.keyword.builtin.GetTextKeyword.execute(GetTextKeyword.groovy:67)
	at com.kms.katalon.core.keyword.internal.KeywordExecutor.executeKeywordForPlatform(KeywordExecutor.groovy:60)
	at com.kms.katalon.core.webui.keyword.WebUiBuiltInKeywords.getText(WebUiBuiltInKeywords.groovy:888)
	at com.kms.katalon.core.webui.keyword.WebUiBuiltInKeywords$getText$3.call(Unknown Source)
	at p4p_newReservationBoarding.run(p4p_newReservationBoarding:613)
	at com.kms.katalon.core.main.ScriptEngine.run(ScriptEngine.java:194)
	at com.kms.katalon.core.main.ScriptEngine.runScriptAsRawText(ScriptEngine.java:119)
	at com.kms.katalon.core.main.TestCaseExecutor.runScript(TestCaseExecutor.java:337)
	at com.kms.katalon.core.main.TestCaseExecutor.doExecute(TestCaseExecutor.java:328)
	at com.kms.katalon.core.main.TestCaseExecutor.processExecutionPhase(TestCaseExecutor.java:307)
	at com.kms.katalon.core.main.TestCaseExecutor.accessMainPhase(TestCaseExecutor.java:299)
	at com.kms.katalon.core.main.TestCaseExecutor.execute(TestCaseExecutor.java:233)
	at com.kms.katalon.core.main.TestSuiteExecutor.accessTestCaseMainPhase(TestSuiteExecutor.java:169)
	at com.kms.katalon.core.main.TestSuiteExecutor.accessTestSuiteMainPhase(TestSuiteExecutor.java:142)
	at com.kms.katalon.core.main.TestSuiteExecutor.execute(TestSuiteExecutor.java:91)
	at com.kms.katalon.core.main.TestCaseMain.startTestSuite(TestCaseMain.java:157)
	at com.kms.katalon.core.main.TestCaseMain$startTestSuite$0.call(Unknown Source)
	at TempTestSuite1577117416756.run(TempTestSuite1577117416756.groovy:36)
Caused by: com.kms.katalon.core.webui.exception.WebElementNotFoundException: Web element with id: 'Object Repository/object_reservation/Page_Paradise 4 Paws  Dog Boarding Cat Boar_35fe2b/span_( BK )' located by 'By.xpath: //div[@id='wrapper']/div/div/div/div/div/div/ul/li[4]/a/tab-heading/span' not found
	at com.kms.katalon.core.webui.common.WebUiCommonHelper.findWebElement(WebUiCommonHelper.java:1113)
	at com.kms.katalon.core.webui.keyword.internal.WebUIAbstractKeyword.findWebElement(WebUIAbstractKeyword.groovy:27)
	at com.kms.katalon.core.webui.keyword.internal.WebUIAbstractKeyword.findWebElement(WebUIAbstractKeyword.groovy:26)
	at com.kms.katalon.core.webui.keyword.builtin.GetTextKeyword$_getText_closure1.doCall(GetTextKeyword.groovy:78)
	at com.kms.katalon.core.webui.keyword.builtin.GetTextKeyword$_getText_closure1.call(GetTextKeyword.groovy)
	at com.kms.katalon.core.webui.keyword.internal.WebUIKeywordMain.runKeyword(WebUIKeywordMain.groovy:20)
	at com.kms.katalon.core.webui.keyword.builtin.GetTextKeyword.getText(GetTextKeyword.groovy:88)
	at com.kms.katalon.core.webui.keyword.builtin.GetTextKeyword.execute(GetTextKeyword.groovy:67)
	at com.kms.katalon.core.keyword.internal.KeywordExecutor.executeKeywordForPlatform(KeywordExecutor.groovy:60)
	at com.kms.katalon.core.webui.keyword.WebUiBuiltInKeywords.getText(WebUiBuiltInKeywords.groovy:888)
	at com.kms.katalon.core.webui.keyword.WebUiBuiltInKeywords$getText$3.call(Unknown Source)
	at Script1576482987688.run(Script1576482987688.groovy:613)
	... 13 more
)
[[ATTACHMENT|/home/leonardo-arkusmty/Documents/workspaceKatalon/p4ptest/Reports/20191223_101016/ts_newBoardingSpaserviceCancel/20191223_101016/1577117783305.png]]]]></system-out>
         <system-err><![CDATA[2019-12-23 10:12:58 - [TEST_CASE][FAILED] - Test Cases/p4p_newReservationBoarding: Test Cases/p4p_newReservationBoarding FAILED.
Reason:
com.kms.katalon.core.exception.StepFailedException: Unable to get text of object 'Object Repository/object_reservation/Page_Paradise 4 Paws  Dog Boarding Cat Boar_35fe2b/span_( BK )'
	at com.kms.katalon.core.webui.keyword.internal.WebUIKeywordMain.stepFailed(WebUIKeywordMain.groovy:64)
	at com.kms.katalon.core.webui.keyword.internal.WebUIKeywordMain.runKeyword(WebUIKeywordMain.groovy:26)
	at com.kms.katalon.core.webui.keyword.builtin.GetTextKeyword.getText(GetTextKeyword.groovy:88)
	at com.kms.katalon.core.webui.keyword.builtin.GetTextKeyword.execute(GetTextKeyword.groovy:67)
	at com.kms.katalon.core.keyword.internal.KeywordExecutor.executeKeywordForPlatform(KeywordExecutor.groovy:60)
	at com.kms.katalon.core.webui.keyword.WebUiBuiltInKeywords.getText(WebUiBuiltInKeywords.groovy:888)
	at com.kms.katalon.core.webui.keyword.WebUiBuiltInKeywords$getText$3.call(Unknown Source)
	at p4p_newReservationBoarding.run(p4p_newReservationBoarding:613)
	at com.kms.katalon.core.main.ScriptEngine.run(ScriptEngine.java:194)
	at com.kms.katalon.core.main.ScriptEngine.runScriptAsRawText(ScriptEngine.java:119)
	at com.kms.katalon.core.main.TestCaseExecutor.runScript(TestCaseExecutor.java:337)
	at com.kms.katalon.core.main.TestCaseExecutor.doExecute(TestCaseExecutor.java:328)
	at com.kms.katalon.core.main.TestCaseExecutor.processExecutionPhase(TestCaseExecutor.java:307)
	at com.kms.katalon.core.main.TestCaseExecutor.accessMainPhase(TestCaseExecutor.java:299)
	at com.kms.katalon.core.main.TestCaseExecutor.execute(TestCaseExecutor.java:233)
	at com.kms.katalon.core.main.TestSuiteExecutor.accessTestCaseMainPhase(TestSuiteExecutor.java:169)
	at com.kms.katalon.core.main.TestSuiteExecutor.accessTestSuiteMainPhase(TestSuiteExecutor.java:142)
	at com.kms.katalon.core.main.TestSuiteExecutor.execute(TestSuiteExecutor.java:91)
	at com.kms.katalon.core.main.TestCaseMain.startTestSuite(TestCaseMain.java:157)
	at com.kms.katalon.core.main.TestCaseMain$startTestSuite$0.call(Unknown Source)
	at TempTestSuite1577117416756.run(TempTestSuite1577117416756.groovy:36)
Caused by: com.kms.katalon.core.webui.exception.WebElementNotFoundException: Web element with id: 'Object Repository/object_reservation/Page_Paradise 4 Paws  Dog Boarding Cat Boar_35fe2b/span_( BK )' located by 'By.xpath: //div[@id='wrapper']/div/div/div/div/div/div/ul/li[4]/a/tab-heading/span' not found
	at com.kms.katalon.core.webui.common.WebUiCommonHelper.findWebElement(WebUiCommonHelper.java:1113)
	at com.kms.katalon.core.webui.keyword.internal.WebUIAbstractKeyword.findWebElement(WebUIAbstractKeyword.groovy:27)
	at com.kms.katalon.core.webui.keyword.internal.WebUIAbstractKeyword.findWebElement(WebUIAbstractKeyword.groovy:26)
	at com.kms.katalon.core.webui.keyword.builtin.GetTextKeyword$_getText_closure1.doCall(GetTextKeyword.groovy:78)
	at com.kms.katalon.core.webui.keyword.builtin.GetTextKeyword$_getText_closure1.call(GetTextKeyword.groovy)
	at com.kms.katalon.core.webui.keyword.internal.WebUIKeywordMain.runKeyword(WebUIKeywordMain.groovy:20)
	... 19 more]]></system-err>
      </testcase>
      <testcase name="Test Cases/p4p_newReservationSpaService" time="66.964" classname="Test Cases/p4p_newReservationSpaService" status="ERROR">
         <error type="ERROR" message="Test Cases/p4p_newReservationSpaService FAILED.
Reason:
java.lang.NullPointerException: Cannot invoke method createCell() on null object
	at p4p_newReservationSpaService.run(p4p_newReservationSpaService:676)
	at com.kms.katalon.core.main.ScriptEngine.run(ScriptEngine.java:194)
	at com.kms.katalon.core.main.ScriptEngine.runScriptAsRawText(ScriptEngine.java:119)
	at com.kms.katalon.core.main.TestCaseExecutor.runScript(TestCaseExecutor.java:337)
	at com.kms.katalon.core.main.TestCaseExecutor.doExecute(TestCaseExecutor.java:328)
	at com.kms.katalon.core.main.TestCaseExecutor.processExecutionPhase(TestCaseExecutor.java:307)
	at com.kms.katalon.core.main.TestCaseExecutor.accessMainPhase(TestCaseExecutor.java:299)
	at com.kms.katalon.core.main.TestCaseExecutor.execute(TestCaseExecutor.java:233)
	at com.kms.katalon.core.main.TestSuiteExecutor.accessTestCaseMainPhase(TestSuiteExecutor.java:169)
	at com.kms.katalon.core.main.TestSuiteExecutor.accessTestSuiteMainPhase(TestSuiteExecutor.java:142)
	at com.kms.katalon.core.main.TestSuiteExecutor.execute(TestSuiteExecutor.java:91)
	at com.kms.katalon.core.main.TestCaseMain.startTestSuite(TestCaseMain.java:157)
	at com.kms.katalon.core.main.TestCaseMain$startTestSuite$0.call(Unknown Source)
	at TempTestSuite1577117416756.run(TempTestSuite1577117416756.groovy:36)
"/>
         <system-out><![CDATA[2019-12-23 10:16:23 - [TEST_CASE][ERROR] - Test Cases/p4p_newReservationSpaService: Test Cases/p4p_newReservationSpaService FAILED.
Reason:
java.lang.NullPointerException: Cannot invoke method createCell() on null object
	at p4p_newReservationSpaService.run(p4p_newReservationSpaService:676)
	at com.kms.katalon.core.main.ScriptEngine.run(ScriptEngine.java:194)
	at com.kms.katalon.core.main.ScriptEngine.runScriptAsRawText(ScriptEngine.java:119)
	at com.kms.katalon.core.main.TestCaseExecutor.runScript(TestCaseExecutor.java:337)
	at com.kms.katalon.core.main.TestCaseExecutor.doExecute(TestCaseExecutor.java:328)
	at com.kms.katalon.core.main.TestCaseExecutor.processExecutionPhase(TestCaseExecutor.java:307)
	at com.kms.katalon.core.main.TestCaseExecutor.accessMainPhase(TestCaseExecutor.java:299)
	at com.kms.katalon.core.main.TestCaseExecutor.execute(TestCaseExecutor.java:233)
	at com.kms.katalon.core.main.TestSuiteExecutor.accessTestCaseMainPhase(TestSuiteExecutor.java:169)
	at com.kms.katalon.core.main.TestSuiteExecutor.accessTestSuiteMainPhase(TestSuiteExecutor.java:142)
	at com.kms.katalon.core.main.TestSuiteExecutor.execute(TestSuiteExecutor.java:91)
	at com.kms.katalon.core.main.TestCaseMain.startTestSuite(TestCaseMain.java:157)
	at com.kms.katalon.core.main.TestCaseMain$startTestSuite$0.call(Unknown Source)
	at TempTestSuite1577117416756.run(TempTestSuite1577117416756.groovy:36)


2019-12-23 10:16:23 - [TEST_STEP][PASSED] - openBrowser("https://p4p-qa-bg.aws.paradise4paws.com/login/"): Browser is opened with url: 'https://p4p-qa-bg.aws.paradise4paws.com/login/'

2019-12-23 10:16:23 - [MESSAGE][WARNING] - A browser is already opened. Closing browser and opening a new one

2019-12-23 10:16:24 - [MESSAGE][INFO] - Starting 'Firefox' driver

2019-12-23 10:16:28 - [MESSAGE][PASSED] - Browser is opened with url: 'https://p4p-qa-bg.aws.paradise4paws.com/login/'

2019-12-23 10:16:28 - [TEST_STEP][PASSED] - setText(findTestObject("Object Repository/object_login/input_user"), var_user): Text 'jegchavez@gmail.com' is set on object 'Object Repository/object_login/input_user'

2019-12-23 10:16:28 - [MESSAGE][PASSED] - Text 'jegchavez@gmail.com' is set on object 'Object Repository/object_login/input_user'

2019-12-23 10:16:28 - [TEST_STEP][PASSED] - setText(findTestObject("Object Repository/object_login/input_pass"), var_pass): Text 'admin1' is set on object 'Object Repository/object_login/input_pass'

2019-12-23 10:16:29 - [MESSAGE][PASSED] - Text 'admin1' is set on object 'Object Repository/object_login/input_pass'

2019-12-23 10:16:29 - [TEST_STEP][PASSED] - delay(2): Delayed 2 second(s)

2019-12-23 10:16:31 - [MESSAGE][PASSED] - Delayed 2 second(s)

2019-12-23 10:16:31 - [TEST_STEP][PASSED] - verifyElementClickable(findTestObject("Object Repository/object_login/btn_login")): Object 'Object Repository/object_login/btn_login' is clickable

2019-12-23 10:16:31 - [MESSAGE][PASSED] - Object 'Object Repository/object_login/btn_login' is clickable

2019-12-23 10:16:31 - [TEST_STEP][PASSED] - click(findTestObject("Object Repository/object_login/btn_login")): Object: 'Object Repository/object_login/btn_login' is clicked on

2019-12-23 10:16:34 - [MESSAGE][PASSED] - Object: 'Object Repository/object_login/btn_login' is clicked on

2019-12-23 10:16:34 - [TEST_STEP][PASSED] - delay(2): Delayed 2 second(s)

2019-12-23 10:16:36 - [MESSAGE][PASSED] - Delayed 2 second(s)

2019-12-23 10:16:36 - [TEST_STEP][PASSED] - setText(findTestObject("Object Repository/object_dashboard_emp/input_search"), var_searchParent): Text 'leongarzagarza@hotmail.com' is set on object 'Object Repository/object_dashboard_emp/input_search'

2019-12-23 10:16:36 - [MESSAGE][PASSED] - Text 'leongarzagarza@hotmail.com' is set on object 'Object Repository/object_dashboard_emp/input_search'

2019-12-23 10:16:36 - [TEST_STEP][PASSED] - click(findTestObject("Object Repository/object_dashboard_emp/btn_accountSearch")): Object: 'Object Repository/object_dashboard_emp/btn_accountSearch' is clicked on

2019-12-23 10:16:38 - [MESSAGE][PASSED] - Object: 'Object Repository/object_dashboard_emp/btn_accountSearch' is clicked on

2019-12-23 10:16:38 - [TEST_STEP][PASSED] - delay(2): Delayed 2 second(s)

2019-12-23 10:16:40 - [MESSAGE][PASSED] - Delayed 2 second(s)

2019-12-23 10:16:40 - [TEST_STEP][PASSED] - click(findTestObject("Object Repository/object_accountInformation/a_TEST GABRIEL PROD")): Object: 'Object Repository/object_accountInformation/a_TEST GABRIEL PROD' is clicked on

2019-12-23 10:16:44 - [MESSAGE][PASSED] - Object: 'Object Repository/object_accountInformation/a_TEST GABRIEL PROD' is clicked on

2019-12-23 10:16:44 - [TEST_STEP][PASSED] - delay(2): Delayed 2 second(s)

2019-12-23 10:16:46 - [MESSAGE][PASSED] - Delayed 2 second(s)

2019-12-23 10:16:46 - [TEST_STEP][PASSED] - click(findTestObject("Object Repository/object_profile/a_addReservation")): Object: 'Object Repository/object_profile/a_addReservation' is clicked on

2019-12-23 10:16:47 - [MESSAGE][PASSED] - Object: 'Object Repository/object_profile/a_addReservation' is clicked on

2019-12-23 10:16:47 - [TEST_STEP][PASSED] - delay(2): Delayed 2 second(s)

2019-12-23 10:16:49 - [MESSAGE][PASSED] - Delayed 2 second(s)

2019-12-23 10:16:49 - [TEST_STEP][PASSED] - flagBoar = "0": null

2019-12-23 10:16:49 - [TEST_STEP][PASSED] - log = new com.kms.katalon.core.logging.KeywordLogger(): null

2019-12-23 10:16:49 - [TEST_STEP][PASSED] - fisNewRes = new java.io.FileInputStream(/home/leonardo-arkusmty/Desktop/P4P/DATA_AUTOMATINTESTING/data_1newReservationSpaService.xlsx): null

2019-12-23 10:16:49 - [TEST_STEP][PASSED] - fisCanRes = new java.io.FileInputStream(/home/leonardo-arkusmty/Desktop/P4P/DATA_AUTOMATINTESTING/data_2cancelReservation.xlsx): null

2019-12-23 10:16:49 - [TEST_STEP][PASSED] - workbookNewRes = new org.apache.poi.xssf.usermodel.XSSFWorkbook(fisNewRes): null

2019-12-23 10:16:49 - [TEST_STEP][PASSED] - workbookCanRes = new org.apache.poi.xssf.usermodel.XSSFWorkbook(fisCanRes): null

2019-12-23 10:16:50 - [TEST_STEP][PASSED] - sheetNewRes = workbookNewRes.getSheet("Sheet1"): null

2019-12-23 10:16:50 - [TEST_STEP][PASSED] - sheetCanRes = workbookCanRes.getSheet("Sheet1"): null

2019-12-23 10:16:50 - [TEST_STEP][PASSED] - rowCount = var_row: null

2019-12-23 10:16:50 - [TEST_STEP][PASSED] - var = Integer.parseInt(var_idRowRes): null

2019-12-23 10:16:50 - [TEST_STEP][PASSED] - rowNewRes = sheetNewRes.getRow(var): null

2019-12-23 10:16:50 - [TEST_STEP][PASSED] - rowCanRes = sheetCanRes.getRow(var): null

2019-12-23 10:16:50 - [TEST_STEP][PASSED] - if (var_typeReserveation == "Boarding"): null

2019-12-23 10:16:50 - [TEST_STEP][PASSED] - else if (var_typeReserveation == "Daycare"): null

2019-12-23 10:16:50 - [TEST_STEP][PASSED] - else if (var_typeReserveation == "SpaService"): null

2019-12-23 10:16:50 - [TEST_STEP][PASSED] - click(findTestObject("object_reservation/btn_Spa Service")): Object: 'Object Repository/object_reservation/btn_Spa Service' is clicked on

2019-12-23 10:16:50 - [MESSAGE][PASSED] - Object: 'Object Repository/object_reservation/btn_Spa Service' is clicked on

2019-12-23 10:16:50 - [TEST_STEP][PASSED] - flagBoar = "3": null

2019-12-23 10:16:50 - [TEST_STEP][PASSED] - click(findTestObject("Object Repository/object_reservation/i_location")): Object: 'Object Repository/object_reservation/i_location' is clicked on

2019-12-23 10:16:53 - [MESSAGE][PASSED] - Object: 'Object Repository/object_reservation/i_location' is clicked on

2019-12-23 10:16:53 - [TEST_STEP][PASSED] - switch (var_idFacility): null

2019-12-23 10:16:53 - [TEST_STEP][PASSED] - dateCI = var_checkinD.split(","): null

2019-12-23 10:16:53 - [TEST_STEP][PASSED] - dateCO = var_checkoutD.split(","): null

2019-12-23 10:16:53 - [TEST_STEP][PASSED] - arryPets = var_pets.split(","): null

2019-12-23 10:16:53 - [TEST_STEP][PASSED] - delay(2): Delayed 2 second(s)

2019-12-23 10:16:55 - [MESSAGE][PASSED] - Delayed 2 second(s)

2019-12-23 10:16:55 - [TEST_STEP][PASSED] - if (var_repeting == "Y"): null

2019-12-23 10:16:55 - [TEST_STEP][PASSED] - click(findTestObject("Object Repository/object_reservation/dateCheckIn")): Object: 'Object Repository/object_reservation/dateCheckIn' is clicked on

2019-12-23 10:16:55 - [MESSAGE][PASSED] - Object: 'Object Repository/object_reservation/dateCheckIn' is clicked on

2019-12-23 10:16:55 - [TEST_STEP][PASSED] - delay(2): Delayed 2 second(s)

2019-12-23 10:16:57 - [MESSAGE][PASSED] - Delayed 2 second(s)

2019-12-23 10:16:57 - [TEST_STEP][PASSED] - switch (dateCI[0]): null

2019-12-23 10:16:57 - [TEST_STEP][PASSED] - case "22":: null

2019-12-23 10:16:57 - [TEST_STEP][PASSED] - click(findTestObject("Object Repository/Page_Paradise 4 Paws  Dog Boarding Cat Boarding Norwalk Pooch Hotel/button_22_ci")): Object: 'Object Repository/Page_Paradise 4 Paws  Dog Boarding Cat Boarding Norwalk Pooch Hotel/button_22_ci' is clicked on

2019-12-23 10:16:58 - [MESSAGE][PASSED] - Object: 'Object Repository/Page_Paradise 4 Paws  Dog Boarding Cat Boarding Norwalk Pooch Hotel/button_22_ci' is clicked on

2019-12-23 10:16:58 - [TEST_STEP][PASSED] - break: null

2019-12-23 10:16:58 - [TEST_STEP][PASSED] - if (flagBoar == "1"): null

2019-12-23 10:16:58 - [TEST_STEP][NOT_RUN] - click(findTestObject("Object Repository/object_reservationCalendar/CO_close")): NOT_RUN: click(findTestObject("Object Repository/object_reservationCalendar/CO_close"))

2019-12-23 10:16:58 - [MESSAGE][NOT_RUN] - NOT_RUN: click(findTestObject("Object Repository/object_reservationCalendar/CO_close"))

2019-12-23 10:16:58 - [TEST_STEP][PASSED] - click(findTestObject("Object Repository/object_reservation/timeCheckin")): Object: 'Object Repository/object_reservation/timeCheckin' is clicked on

2019-12-23 10:16:59 - [MESSAGE][PASSED] - Object: 'Object Repository/object_reservation/timeCheckin' is clicked on

2019-12-23 10:16:59 - [TEST_STEP][PASSED] - switch (var_checkinT): null

2019-12-23 10:16:59 - [TEST_STEP][PASSED] - case "800":: null

2019-12-23 10:16:59 - [TEST_STEP][PASSED] - click(findTestObject("Object Repository/Page_Paradise 4 Paws  Dog Boarding Cat Boarding Norwalk Pooch Hotel/time_800am_ci")): Object: 'Object Repository/Page_Paradise 4 Paws  Dog Boarding Cat Boarding Norwalk Pooch Hotel/time_800am_ci' is clicked on

2019-12-23 10:16:59 - [MESSAGE][PASSED] - Object: 'Object Repository/Page_Paradise 4 Paws  Dog Boarding Cat Boarding Norwalk Pooch Hotel/time_800am_ci' is clicked on

2019-12-23 10:16:59 - [TEST_STEP][PASSED] - break: null

2019-12-23 10:16:59 - [TEST_STEP][PASSED] - click(findTestObject("Object Repository/object_reservation/timeCheckOut")): Object: 'Object Repository/object_reservation/timeCheckOut' is clicked on

2019-12-23 10:17:00 - [MESSAGE][PASSED] - Object: 'Object Repository/object_reservation/timeCheckOut' is clicked on

2019-12-23 10:17:00 - [TEST_STEP][PASSED] - switch (var_checkoutT): null

2019-12-23 10:17:00 - [TEST_STEP][PASSED] - case "1200":: null

2019-12-23 10:17:00 - [TEST_STEP][PASSED] - click(findTestObject("Object Repository/Page_Paradise 4 Paws  Dog Boarding Cat Boarding Norwalk Pooch Hotel/time_1200pm_co")): Object: 'Object Repository/Page_Paradise 4 Paws  Dog Boarding Cat Boarding Norwalk Pooch Hotel/time_1200pm_co' is clicked on

2019-12-23 10:17:01 - [MESSAGE][PASSED] - Object: 'Object Repository/Page_Paradise 4 Paws  Dog Boarding Cat Boarding Norwalk Pooch Hotel/time_1200pm_co' is clicked on

2019-12-23 10:17:01 - [TEST_STEP][PASSED] - break: null

2019-12-23 10:17:01 - [TEST_STEP][PASSED] - delay(2): Delayed 2 second(s)

2019-12-23 10:17:03 - [MESSAGE][PASSED] - Delayed 2 second(s)

2019-12-23 10:17:03 - [TEST_STEP][PASSED] - if (arryPets.size() == 1): Object: 'Object Repository/object_reservation/Page_Paradise 4 Paws  Dog Boarding Cat Boarding Norwalk Pooch Hotel/div_Ares' is clicked on

2019-12-23 10:17:03 - [TEST_STEP][PASSED] - click(findTestObject("Object Repository/object_reservation/Page_Paradise 4 Paws  Dog Boarding Cat Boarding Norwalk Pooch Hotel/div_Ares")): Object: 'Object Repository/object_reservation/Page_Paradise 4 Paws  Dog Boarding Cat Boarding Norwalk Pooch Hotel/div_Ares' is clicked on

2019-12-23 10:17:04 - [MESSAGE][PASSED] - Object: 'Object Repository/object_reservation/Page_Paradise 4 Paws  Dog Boarding Cat Boarding Norwalk Pooch Hotel/div_Ares' is clicked on

2019-12-23 10:17:04 - [TEST_STEP][NOT_RUN] - click(findTestObject("object_reservations/i_Day_fa fa-circle-o ng-scope")): NOT_RUN: click(findTestObject("object_reservations/i_Day_fa fa-circle-o ng-scope"))

2019-12-23 10:17:04 - [MESSAGE][NOT_RUN] - NOT_RUN: click(findTestObject("object_reservations/i_Day_fa fa-circle-o ng-scope"))

2019-12-23 10:17:04 - [TEST_STEP][PASSED] - if (flagBoar == "1" || flagBoar == "2"): null

2019-12-23 10:17:04 - [TEST_STEP][PASSED] - click(findTestObject("Object Repository/object_reservation/btn_next2")): Object: 'Object Repository/object_reservation/btn_next2' is clicked on

2019-12-23 10:17:08 - [MESSAGE][PASSED] - Object: 'Object Repository/object_reservation/btn_next2' is clicked on

2019-12-23 10:17:08 - [TEST_STEP][PASSED] - delay(3): Delayed 3 second(s)

2019-12-23 10:17:11 - [MESSAGE][PASSED] - Delayed 3 second(s)

2019-12-23 10:17:11 - [TEST_STEP][PASSED] - if (flagBoar == "1"): null

2019-12-23 10:17:11 - [TEST_STEP][PASSED] - delay(2): Delayed 2 second(s)

2019-12-23 10:17:13 - [MESSAGE][PASSED] - Delayed 2 second(s)

2019-12-23 10:17:13 - [TEST_STEP][PASSED] - click(findTestObject("Object Repository/object_reservation/btn_next2")): Object: 'Object Repository/object_reservation/btn_next2' is clicked on

2019-12-23 10:17:13 - [MESSAGE][PASSED] - Object: 'Object Repository/object_reservation/btn_next2' is clicked on

2019-12-23 10:17:13 - [TEST_STEP][PASSED] - click(findTestObject("Object Repository/object_reservation/button_Submit Reservation")): Object: 'Object Repository/object_reservation/button_Submit Reservation' is clicked on

2019-12-23 10:17:15 - [MESSAGE][PASSED] - Object: 'Object Repository/object_reservation/button_Submit Reservation' is clicked on

2019-12-23 10:17:15 - [TEST_STEP][PASSED] - delay(2): Delayed 2 second(s)

2019-12-23 10:17:17 - [MESSAGE][PASSED] - Delayed 2 second(s)

2019-12-23 10:17:17 - [TEST_STEP][PASSED] - if (flagBoar == "2" && var_repeatingEvery == "Daily" || var_repeatingEvery == "Monthly" || var_repeatingEvery == "Weekly"): null

2019-12-23 10:17:17 - [TEST_STEP][PASSED] - else: null

2019-12-23 10:17:17 - [TEST_STEP][PASSED] - delay(2): Delayed 2 second(s)

2019-12-23 10:17:19 - [MESSAGE][PASSED] - Delayed 2 second(s)

2019-12-23 10:17:19 - [TEST_STEP][PASSED] - try: Object: 'Object Repository/object_reservation/button_Return To Reservation' is clicked on

2019-12-23 10:17:19 - [TEST_STEP][PASSED] - click(findTestObject("Object Repository/object_reservation/button_Return To Reservation")): Object: 'Object Repository/object_reservation/button_Return To Reservation' is clicked on

2019-12-23 10:17:20 - [MESSAGE][PASSED] - Object: 'Object Repository/object_reservation/button_Return To Reservation' is clicked on

2019-12-23 10:17:20 - [TEST_STEP][PASSED] - delay(6): Delayed 6 second(s)

2019-12-23 10:17:26 - [MESSAGE][PASSED] - Delayed 6 second(s)

2019-12-23 10:17:26 - [TEST_STEP][PASSED] - click(findTestObject("Object Repository/object_reservation/Page_Paradise 4 Paws  Dog Boarding Cat Boar_35fe2b/button_Go to CheckOut")): Object: 'Object Repository/object_reservation/Page_Paradise 4 Paws  Dog Boarding Cat Boar_35fe2b/button_Go to CheckOut' is clicked on

2019-12-23 10:17:27 - [MESSAGE][PASSED] - Object: 'Object Repository/object_reservation/Page_Paradise 4 Paws  Dog Boarding Cat Boar_35fe2b/button_Go to CheckOut' is clicked on

2019-12-23 10:17:27 - [TEST_STEP][PASSED] - delay(2): Delayed 2 second(s)

2019-12-23 10:17:29 - [MESSAGE][PASSED] - Delayed 2 second(s)

2019-12-23 10:17:29 - [TEST_STEP][PASSED] - log.logInfo(getText(findTestObject("Object Repository/object_reservation/Page_Paradise 4 Paws  Dog Boarding Cat Boar_35fe2b/span_( BK )"))): ( BK )

2019-12-23 10:17:30 - [MESSAGE][PASSED] - Text of object 'Object Repository/object_reservation/Page_Paradise 4 Paws  Dog Boarding Cat Boar_35fe2b/span_( BK )' is: '( BK )'

2019-12-23 10:17:30 - [MESSAGE][INFO] - ( BK )

2019-12-23 10:17:30 - [TEST_STEP][PASSED] - var_url = getUrl(): Current window's url is: 'https://p4p-qa-bg.aws.paradise4paws.com/frontdesk/checkout/1702623/?parent_id=122350'

2019-12-23 10:17:30 - [MESSAGE][PASSED] - Current window's url is: 'https://p4p-qa-bg.aws.paradise4paws.com/frontdesk/checkout/1702623/?parent_id=122350'

2019-12-23 10:17:30 - [TEST_STEP][PASSED] - arrayUrl = var_url.split("/"): null

2019-12-23 10:17:30 - [TEST_STEP][PASSED] - verifyElementText(findTestObject("Object Repository/object_reservation/Page_Paradise 4 Paws  Dog Boarding Cat Boar_35fe2b/span_( BK )"), "( BK )", STOP_ON_FAILURE): Actual text and expected text of test object 'Object Repository/object_reservation/Page_Paradise 4 Paws  Dog Boarding Cat Boar_35fe2b/span_( BK )' are matched.

2019-12-23 10:17:30 - [MESSAGE][PASSED] - Actual text and expected text of test object 'Object Repository/object_reservation/Page_Paradise 4 Paws  Dog Boarding Cat Boar_35fe2b/span_( BK )' are matched.

2019-12-23 10:17:30 - [TEST_STEP][PASSED] - cell = rowNewRes.createCell(15, 0): null]]></system-out>
         <system-err><![CDATA[2019-12-23 10:16:23 - [TEST_CASE][ERROR] - Test Cases/p4p_newReservationSpaService: Test Cases/p4p_newReservationSpaService FAILED.
Reason:
java.lang.NullPointerException: Cannot invoke method createCell() on null object
	at p4p_newReservationSpaService.run(p4p_newReservationSpaService:676)
	at com.kms.katalon.core.main.ScriptEngine.run(ScriptEngine.java:194)
	at com.kms.katalon.core.main.ScriptEngine.runScriptAsRawText(ScriptEngine.java:119)
	at com.kms.katalon.core.main.TestCaseExecutor.runScript(TestCaseExecutor.java:337)
	at com.kms.katalon.core.main.TestCaseExecutor.doExecute(TestCaseExecutor.java:328)
	at com.kms.katalon.core.main.TestCaseExecutor.processExecutionPhase(TestCaseExecutor.java:307)
	at com.kms.katalon.core.main.TestCaseExecutor.accessMainPhase(TestCaseExecutor.java:299)
	at com.kms.katalon.core.main.TestCaseExecutor.execute(TestCaseExecutor.java:233)
	at com.kms.katalon.core.main.TestSuiteExecutor.accessTestCaseMainPhase(TestSuiteExecutor.java:169)
	at com.kms.katalon.core.main.TestSuiteExecutor.accessTestSuiteMainPhase(TestSuiteExecutor.java:142)
	at com.kms.katalon.core.main.TestSuiteExecutor.execute(TestSuiteExecutor.java:91)
	at com.kms.katalon.core.main.TestCaseMain.startTestSuite(TestCaseMain.java:157)
	at com.kms.katalon.core.main.TestCaseMain$startTestSuite$0.call(Unknown Source)
	at TempTestSuite1577117416756.run(TempTestSuite1577117416756.groovy:36)]]></system-err>
      </testcase>
      <testcase name="Test Cases/p4p_newReservationSpaService" time="74.195" classname="Test Cases/p4p_newReservationSpaService" status="ERROR">
         <error type="ERROR" message="Test Cases/p4p_newReservationSpaService FAILED.
Reason:
java.lang.NullPointerException: Cannot invoke method createCell() on null object
	at p4p_newReservationSpaService.run(p4p_newReservationSpaService:676)
	at com.kms.katalon.core.main.ScriptEngine.run(ScriptEngine.java:194)
	at com.kms.katalon.core.main.ScriptEngine.runScriptAsRawText(ScriptEngine.java:119)
	at com.kms.katalon.core.main.TestCaseExecutor.runScript(TestCaseExecutor.java:337)
	at com.kms.katalon.core.main.TestCaseExecutor.doExecute(TestCaseExecutor.java:328)
	at com.kms.katalon.core.main.TestCaseExecutor.processExecutionPhase(TestCaseExecutor.java:307)
	at com.kms.katalon.core.main.TestCaseExecutor.accessMainPhase(TestCaseExecutor.java:299)
	at com.kms.katalon.core.main.TestCaseExecutor.execute(TestCaseExecutor.java:233)
	at com.kms.katalon.core.main.TestSuiteExecutor.accessTestCaseMainPhase(TestSuiteExecutor.java:169)
	at com.kms.katalon.core.main.TestSuiteExecutor.accessTestSuiteMainPhase(TestSuiteExecutor.java:142)
	at com.kms.katalon.core.main.TestSuiteExecutor.execute(TestSuiteExecutor.java:91)
	at com.kms.katalon.core.main.TestCaseMain.startTestSuite(TestCaseMain.java:157)
	at com.kms.katalon.core.main.TestCaseMain$startTestSuite$0.call(Unknown Source)
	at TempTestSuite1577117416756.run(TempTestSuite1577117416756.groovy:36)
"/>
         <system-out><![CDATA[2019-12-23 10:17:30 - [TEST_CASE][ERROR] - Test Cases/p4p_newReservationSpaService: Test Cases/p4p_newReservationSpaService FAILED.
Reason:
java.lang.NullPointerException: Cannot invoke method createCell() on null object
	at p4p_newReservationSpaService.run(p4p_newReservationSpaService:676)
	at com.kms.katalon.core.main.ScriptEngine.run(ScriptEngine.java:194)
	at com.kms.katalon.core.main.ScriptEngine.runScriptAsRawText(ScriptEngine.java:119)
	at com.kms.katalon.core.main.TestCaseExecutor.runScript(TestCaseExecutor.java:337)
	at com.kms.katalon.core.main.TestCaseExecutor.doExecute(TestCaseExecutor.java:328)
	at com.kms.katalon.core.main.TestCaseExecutor.processExecutionPhase(TestCaseExecutor.java:307)
	at com.kms.katalon.core.main.TestCaseExecutor.accessMainPhase(TestCaseExecutor.java:299)
	at com.kms.katalon.core.main.TestCaseExecutor.execute(TestCaseExecutor.java:233)
	at com.kms.katalon.core.main.TestSuiteExecutor.accessTestCaseMainPhase(TestSuiteExecutor.java:169)
	at com.kms.katalon.core.main.TestSuiteExecutor.accessTestSuiteMainPhase(TestSuiteExecutor.java:142)
	at com.kms.katalon.core.main.TestSuiteExecutor.execute(TestSuiteExecutor.java:91)
	at com.kms.katalon.core.main.TestCaseMain.startTestSuite(TestCaseMain.java:157)
	at com.kms.katalon.core.main.TestCaseMain$startTestSuite$0.call(Unknown Source)
	at TempTestSuite1577117416756.run(TempTestSuite1577117416756.groovy:36)


2019-12-23 10:17:30 - [TEST_STEP][PASSED] - openBrowser("https://p4p-qa-bg.aws.paradise4paws.com/login/"): Browser is opened with url: 'https://p4p-qa-bg.aws.paradise4paws.com/login/'

2019-12-23 10:17:30 - [MESSAGE][WARNING] - A browser is already opened. Closing browser and opening a new one

2019-12-23 10:17:31 - [MESSAGE][INFO] - Starting 'Firefox' driver

2019-12-23 10:17:35 - [MESSAGE][PASSED] - Browser is opened with url: 'https://p4p-qa-bg.aws.paradise4paws.com/login/'

2019-12-23 10:17:35 - [TEST_STEP][PASSED] - setText(findTestObject("Object Repository/object_login/input_user"), var_user): Text 'jegchavez@gmail.com' is set on object 'Object Repository/object_login/input_user'

2019-12-23 10:17:36 - [MESSAGE][PASSED] - Text 'jegchavez@gmail.com' is set on object 'Object Repository/object_login/input_user'

2019-12-23 10:17:36 - [TEST_STEP][PASSED] - setText(findTestObject("Object Repository/object_login/input_pass"), var_pass): Text 'admin1' is set on object 'Object Repository/object_login/input_pass'

2019-12-23 10:17:36 - [MESSAGE][PASSED] - Text 'admin1' is set on object 'Object Repository/object_login/input_pass'

2019-12-23 10:17:36 - [TEST_STEP][PASSED] - delay(2): Delayed 2 second(s)

2019-12-23 10:17:38 - [MESSAGE][PASSED] - Delayed 2 second(s)

2019-12-23 10:17:38 - [TEST_STEP][PASSED] - verifyElementClickable(findTestObject("Object Repository/object_login/btn_login")): Object 'Object Repository/object_login/btn_login' is clickable

2019-12-23 10:17:38 - [MESSAGE][PASSED] - Object 'Object Repository/object_login/btn_login' is clickable

2019-12-23 10:17:38 - [TEST_STEP][PASSED] - click(findTestObject("Object Repository/object_login/btn_login")): Object: 'Object Repository/object_login/btn_login' is clicked on

2019-12-23 10:17:44 - [MESSAGE][PASSED] - Object: 'Object Repository/object_login/btn_login' is clicked on

2019-12-23 10:17:44 - [TEST_STEP][PASSED] - delay(2): Delayed 2 second(s)

2019-12-23 10:17:46 - [MESSAGE][PASSED] - Delayed 2 second(s)

2019-12-23 10:17:46 - [TEST_STEP][PASSED] - setText(findTestObject("Object Repository/object_dashboard_emp/input_search"), var_searchParent): Text 'leongarzagarza@hotmail.com' is set on object 'Object Repository/object_dashboard_emp/input_search'

2019-12-23 10:17:46 - [MESSAGE][PASSED] - Text 'leongarzagarza@hotmail.com' is set on object 'Object Repository/object_dashboard_emp/input_search'

2019-12-23 10:17:46 - [TEST_STEP][PASSED] - click(findTestObject("Object Repository/object_dashboard_emp/btn_accountSearch")): Object: 'Object Repository/object_dashboard_emp/btn_accountSearch' is clicked on

2019-12-23 10:17:47 - [MESSAGE][PASSED] - Object: 'Object Repository/object_dashboard_emp/btn_accountSearch' is clicked on

2019-12-23 10:17:47 - [TEST_STEP][PASSED] - delay(2): Delayed 2 second(s)

2019-12-23 10:17:49 - [MESSAGE][PASSED] - Delayed 2 second(s)

2019-12-23 10:17:49 - [TEST_STEP][PASSED] - click(findTestObject("Object Repository/object_accountInformation/a_TEST GABRIEL PROD")): Object: 'Object Repository/object_accountInformation/a_TEST GABRIEL PROD' is clicked on

2019-12-23 10:17:53 - [MESSAGE][PASSED] - Object: 'Object Repository/object_accountInformation/a_TEST GABRIEL PROD' is clicked on

2019-12-23 10:17:53 - [TEST_STEP][PASSED] - delay(2): Delayed 2 second(s)

2019-12-23 10:17:55 - [MESSAGE][PASSED] - Delayed 2 second(s)

2019-12-23 10:17:55 - [TEST_STEP][PASSED] - click(findTestObject("Object Repository/object_profile/a_addReservation")): Object: 'Object Repository/object_profile/a_addReservation' is clicked on

2019-12-23 10:17:57 - [MESSAGE][PASSED] - Object: 'Object Repository/object_profile/a_addReservation' is clicked on

2019-12-23 10:17:57 - [TEST_STEP][PASSED] - delay(2): Delayed 2 second(s)

2019-12-23 10:17:59 - [MESSAGE][PASSED] - Delayed 2 second(s)

2019-12-23 10:17:59 - [TEST_STEP][PASSED] - flagBoar = "0": null

2019-12-23 10:17:59 - [TEST_STEP][PASSED] - log = new com.kms.katalon.core.logging.KeywordLogger(): null

2019-12-23 10:17:59 - [TEST_STEP][PASSED] - fisNewRes = new java.io.FileInputStream(/home/leonardo-arkusmty/Desktop/P4P/DATA_AUTOMATINTESTING/data_1newReservationSpaService.xlsx): null

2019-12-23 10:17:59 - [TEST_STEP][PASSED] - fisCanRes = new java.io.FileInputStream(/home/leonardo-arkusmty/Desktop/P4P/DATA_AUTOMATINTESTING/data_2cancelReservation.xlsx): null

2019-12-23 10:17:59 - [TEST_STEP][PASSED] - workbookNewRes = new org.apache.poi.xssf.usermodel.XSSFWorkbook(fisNewRes): null

2019-12-23 10:17:59 - [TEST_STEP][PASSED] - workbookCanRes = new org.apache.poi.xssf.usermodel.XSSFWorkbook(fisCanRes): null

2019-12-23 10:17:59 - [TEST_STEP][PASSED] - sheetNewRes = workbookNewRes.getSheet("Sheet1"): null

2019-12-23 10:17:59 - [TEST_STEP][PASSED] - sheetCanRes = workbookCanRes.getSheet("Sheet1"): null

2019-12-23 10:17:59 - [TEST_STEP][PASSED] - rowCount = var_row: null

2019-12-23 10:17:59 - [TEST_STEP][PASSED] - var = Integer.parseInt(var_idRowRes): null

2019-12-23 10:17:59 - [TEST_STEP][PASSED] - rowNewRes = sheetNewRes.getRow(var): null

2019-12-23 10:17:59 - [TEST_STEP][PASSED] - rowCanRes = sheetCanRes.getRow(var): null

2019-12-23 10:17:59 - [TEST_STEP][PASSED] - if (var_typeReserveation == "Boarding"): null

2019-12-23 10:17:59 - [TEST_STEP][PASSED] - else if (var_typeReserveation == "Daycare"): null

2019-12-23 10:17:59 - [TEST_STEP][PASSED] - else if (var_typeReserveation == "SpaService"): null

2019-12-23 10:17:59 - [TEST_STEP][PASSED] - click(findTestObject("object_reservation/btn_Spa Service")): Object: 'Object Repository/object_reservation/btn_Spa Service' is clicked on

2019-12-23 10:17:59 - [MESSAGE][PASSED] - Object: 'Object Repository/object_reservation/btn_Spa Service' is clicked on

2019-12-23 10:17:59 - [TEST_STEP][PASSED] - flagBoar = "3": null

2019-12-23 10:17:59 - [TEST_STEP][PASSED] - click(findTestObject("Object Repository/object_reservation/i_location")): Object: 'Object Repository/object_reservation/i_location' is clicked on

2019-12-23 10:18:02 - [MESSAGE][PASSED] - Object: 'Object Repository/object_reservation/i_location' is clicked on

2019-12-23 10:18:02 - [TEST_STEP][PASSED] - switch (var_idFacility): null

2019-12-23 10:18:02 - [TEST_STEP][PASSED] - dateCI = var_checkinD.split(","): null

2019-12-23 10:18:02 - [TEST_STEP][PASSED] - dateCO = var_checkoutD.split(","): null

2019-12-23 10:18:02 - [TEST_STEP][PASSED] - arryPets = var_pets.split(","): null

2019-12-23 10:18:02 - [TEST_STEP][PASSED] - delay(2): Delayed 2 second(s)

2019-12-23 10:18:04 - [MESSAGE][PASSED] - Delayed 2 second(s)

2019-12-23 10:18:04 - [TEST_STEP][PASSED] - if (var_repeting == "Y"): null

2019-12-23 10:18:04 - [TEST_STEP][PASSED] - click(findTestObject("Object Repository/object_reservation/dateCheckIn")): Object: 'Object Repository/object_reservation/dateCheckIn' is clicked on

2019-12-23 10:18:05 - [MESSAGE][PASSED] - Object: 'Object Repository/object_reservation/dateCheckIn' is clicked on

2019-12-23 10:18:05 - [TEST_STEP][PASSED] - delay(2): Delayed 2 second(s)

2019-12-23 10:18:07 - [MESSAGE][PASSED] - Delayed 2 second(s)

2019-12-23 10:18:07 - [TEST_STEP][PASSED] - switch (dateCI[0]): null

2019-12-23 10:18:07 - [TEST_STEP][PASSED] - case "23":: null

2019-12-23 10:18:07 - [TEST_STEP][PASSED] - click(findTestObject("Object Repository/Page_Paradise 4 Paws  Dog Boarding Cat Boarding Norwalk Pooch Hotel/button_23_ci")): Object: 'Object Repository/Page_Paradise 4 Paws  Dog Boarding Cat Boarding Norwalk Pooch Hotel/button_23_ci' is clicked on

2019-12-23 10:18:07 - [MESSAGE][PASSED] - Object: 'Object Repository/Page_Paradise 4 Paws  Dog Boarding Cat Boarding Norwalk Pooch Hotel/button_23_ci' is clicked on

2019-12-23 10:18:07 - [TEST_STEP][PASSED] - break: null

2019-12-23 10:18:07 - [TEST_STEP][PASSED] - if (flagBoar == "1"): null

2019-12-23 10:18:07 - [TEST_STEP][NOT_RUN] - click(findTestObject("Object Repository/object_reservationCalendar/CO_close")): NOT_RUN: click(findTestObject("Object Repository/object_reservationCalendar/CO_close"))

2019-12-23 10:18:07 - [MESSAGE][NOT_RUN] - NOT_RUN: click(findTestObject("Object Repository/object_reservationCalendar/CO_close"))

2019-12-23 10:18:07 - [TEST_STEP][PASSED] - click(findTestObject("Object Repository/object_reservation/timeCheckin")): Object: 'Object Repository/object_reservation/timeCheckin' is clicked on

2019-12-23 10:18:08 - [MESSAGE][PASSED] - Object: 'Object Repository/object_reservation/timeCheckin' is clicked on

2019-12-23 10:18:08 - [TEST_STEP][PASSED] - switch (var_checkinT): null

2019-12-23 10:18:08 - [TEST_STEP][PASSED] - case "800":: null

2019-12-23 10:18:08 - [TEST_STEP][PASSED] - click(findTestObject("Object Repository/Page_Paradise 4 Paws  Dog Boarding Cat Boarding Norwalk Pooch Hotel/time_800am_ci")): Object: 'Object Repository/Page_Paradise 4 Paws  Dog Boarding Cat Boarding Norwalk Pooch Hotel/time_800am_ci' is clicked on

2019-12-23 10:18:08 - [MESSAGE][PASSED] - Object: 'Object Repository/Page_Paradise 4 Paws  Dog Boarding Cat Boarding Norwalk Pooch Hotel/time_800am_ci' is clicked on

2019-12-23 10:18:08 - [TEST_STEP][PASSED] - break: null

2019-12-23 10:18:08 - [TEST_STEP][PASSED] - click(findTestObject("Object Repository/object_reservation/timeCheckOut")): Object: 'Object Repository/object_reservation/timeCheckOut' is clicked on

2019-12-23 10:18:09 - [MESSAGE][PASSED] - Object: 'Object Repository/object_reservation/timeCheckOut' is clicked on

2019-12-23 10:18:09 - [TEST_STEP][PASSED] - switch (var_checkoutT): null

2019-12-23 10:18:09 - [TEST_STEP][PASSED] - case "1200":: null

2019-12-23 10:18:09 - [TEST_STEP][PASSED] - click(findTestObject("Object Repository/Page_Paradise 4 Paws  Dog Boarding Cat Boarding Norwalk Pooch Hotel/time_1200pm_co")): Object: 'Object Repository/Page_Paradise 4 Paws  Dog Boarding Cat Boarding Norwalk Pooch Hotel/time_1200pm_co' is clicked on

2019-12-23 10:18:10 - [MESSAGE][PASSED] - Object: 'Object Repository/Page_Paradise 4 Paws  Dog Boarding Cat Boarding Norwalk Pooch Hotel/time_1200pm_co' is clicked on

2019-12-23 10:18:10 - [TEST_STEP][PASSED] - break: null

2019-12-23 10:18:10 - [TEST_STEP][PASSED] - delay(2): Delayed 2 second(s)

2019-12-23 10:18:12 - [MESSAGE][PASSED] - Delayed 2 second(s)

2019-12-23 10:18:12 - [TEST_STEP][PASSED] - if (arryPets.size() == 1): null

2019-12-23 10:18:12 - [TEST_STEP][PASSED] - else if (arryPets.size() == 2): Object: 'Object Repository/object_reservation/div_Zeus' is clicked on

2019-12-23 10:18:12 - [TEST_STEP][PASSED] - click(findTestObject("object_reservation/Page_Paradise 4 Paws  Dog Boarding Cat Boarding Norwalk Pooch Hotel/div_Ares")): Object: 'Object Repository/object_reservation/Page_Paradise 4 Paws  Dog Boarding Cat Boarding Norwalk Pooch Hotel/div_Ares' is clicked on

2019-12-23 10:18:13 - [MESSAGE][PASSED] - Object: 'Object Repository/object_reservation/Page_Paradise 4 Paws  Dog Boarding Cat Boarding Norwalk Pooch Hotel/div_Ares' is clicked on

2019-12-23 10:18:13 - [TEST_STEP][PASSED] - click(findTestObject("object_reservation/div_Zeus")): Object: 'Object Repository/object_reservation/div_Zeus' is clicked on

2019-12-23 10:18:18 - [MESSAGE][PASSED] - Object: 'Object Repository/object_reservation/div_Zeus' is clicked on

2019-12-23 10:18:18 - [TEST_STEP][NOT_RUN] - click(findTestObject("object_reservations/i_Day_fa fa-circle-o ng-scope")): NOT_RUN: click(findTestObject("object_reservations/i_Day_fa fa-circle-o ng-scope"))

2019-12-23 10:18:18 - [MESSAGE][NOT_RUN] - NOT_RUN: click(findTestObject("object_reservations/i_Day_fa fa-circle-o ng-scope"))

2019-12-23 10:18:18 - [TEST_STEP][PASSED] - if (flagBoar == "1" || flagBoar == "2"): null

2019-12-23 10:18:18 - [TEST_STEP][PASSED] - click(findTestObject("Object Repository/object_reservation/btn_next2")): Object: 'Object Repository/object_reservation/btn_next2' is clicked on

2019-12-23 10:18:21 - [MESSAGE][PASSED] - Object: 'Object Repository/object_reservation/btn_next2' is clicked on

2019-12-23 10:18:21 - [TEST_STEP][PASSED] - delay(3): Delayed 3 second(s)

2019-12-23 10:18:24 - [MESSAGE][PASSED] - Delayed 3 second(s)

2019-12-23 10:18:24 - [TEST_STEP][PASSED] - if (flagBoar == "1"): null

2019-12-23 10:18:24 - [TEST_STEP][PASSED] - delay(2): Delayed 2 second(s)

2019-12-23 10:18:26 - [MESSAGE][PASSED] - Delayed 2 second(s)

2019-12-23 10:18:26 - [TEST_STEP][PASSED] - click(findTestObject("Object Repository/object_reservation/btn_next2")): Object: 'Object Repository/object_reservation/btn_next2' is clicked on

2019-12-23 10:18:27 - [MESSAGE][PASSED] - Object: 'Object Repository/object_reservation/btn_next2' is clicked on

2019-12-23 10:18:27 - [TEST_STEP][PASSED] - click(findTestObject("Object Repository/object_reservation/button_Submit Reservation")): Object: 'Object Repository/object_reservation/button_Submit Reservation' is clicked on

2019-12-23 10:18:29 - [MESSAGE][PASSED] - Object: 'Object Repository/object_reservation/button_Submit Reservation' is clicked on

2019-12-23 10:18:29 - [TEST_STEP][PASSED] - delay(2): Delayed 2 second(s)

2019-12-23 10:18:31 - [MESSAGE][PASSED] - Delayed 2 second(s)

2019-12-23 10:18:31 - [TEST_STEP][PASSED] - if (flagBoar == "2" && var_repeatingEvery == "Daily" || var_repeatingEvery == "Monthly" || var_repeatingEvery == "Weekly"): null

2019-12-23 10:18:31 - [TEST_STEP][PASSED] - else: null

2019-12-23 10:18:31 - [TEST_STEP][PASSED] - delay(2): Delayed 2 second(s)

2019-12-23 10:18:33 - [MESSAGE][PASSED] - Delayed 2 second(s)

2019-12-23 10:18:33 - [TEST_STEP][PASSED] - try: Object: 'Object Repository/object_reservation/button_Return To Reservation' is clicked on

2019-12-23 10:18:33 - [TEST_STEP][PASSED] - click(findTestObject("Object Repository/object_reservation/button_Return To Reservation")): Object: 'Object Repository/object_reservation/button_Return To Reservation' is clicked on

2019-12-23 10:18:34 - [MESSAGE][PASSED] - Object: 'Object Repository/object_reservation/button_Return To Reservation' is clicked on

2019-12-23 10:18:34 - [TEST_STEP][PASSED] - delay(6): Delayed 6 second(s)

2019-12-23 10:18:40 - [MESSAGE][PASSED] - Delayed 6 second(s)

2019-12-23 10:18:40 - [TEST_STEP][PASSED] - click(findTestObject("Object Repository/object_reservation/Page_Paradise 4 Paws  Dog Boarding Cat Boar_35fe2b/button_Go to CheckOut")): Object: 'Object Repository/object_reservation/Page_Paradise 4 Paws  Dog Boarding Cat Boar_35fe2b/button_Go to CheckOut' is clicked on

2019-12-23 10:18:42 - [MESSAGE][PASSED] - Object: 'Object Repository/object_reservation/Page_Paradise 4 Paws  Dog Boarding Cat Boar_35fe2b/button_Go to CheckOut' is clicked on

2019-12-23 10:18:42 - [TEST_STEP][PASSED] - delay(2): Delayed 2 second(s)

2019-12-23 10:18:44 - [MESSAGE][PASSED] - Delayed 2 second(s)

2019-12-23 10:18:44 - [TEST_STEP][PASSED] - log.logInfo(getText(findTestObject("Object Repository/object_reservation/Page_Paradise 4 Paws  Dog Boarding Cat Boar_35fe2b/span_( BK )"))): ( BK )

2019-12-23 10:18:44 - [MESSAGE][PASSED] - Text of object 'Object Repository/object_reservation/Page_Paradise 4 Paws  Dog Boarding Cat Boar_35fe2b/span_( BK )' is: '( BK )'

2019-12-23 10:18:44 - [MESSAGE][INFO] - ( BK )

2019-12-23 10:18:44 - [TEST_STEP][PASSED] - var_url = getUrl(): Current window's url is: 'https://p4p-qa-bg.aws.paradise4paws.com/frontdesk/checkout/1702624/?parent_id=122350'

2019-12-23 10:18:44 - [MESSAGE][PASSED] - Current window's url is: 'https://p4p-qa-bg.aws.paradise4paws.com/frontdesk/checkout/1702624/?parent_id=122350'

2019-12-23 10:18:44 - [TEST_STEP][PASSED] - arrayUrl = var_url.split("/"): null

2019-12-23 10:18:44 - [TEST_STEP][PASSED] - verifyElementText(findTestObject("Object Repository/object_reservation/Page_Paradise 4 Paws  Dog Boarding Cat Boar_35fe2b/span_( BK )"), "( BK )", STOP_ON_FAILURE): Actual text and expected text of test object 'Object Repository/object_reservation/Page_Paradise 4 Paws  Dog Boarding Cat Boar_35fe2b/span_( BK )' are matched.

2019-12-23 10:18:44 - [MESSAGE][PASSED] - Actual text and expected text of test object 'Object Repository/object_reservation/Page_Paradise 4 Paws  Dog Boarding Cat Boar_35fe2b/span_( BK )' are matched.

2019-12-23 10:18:44 - [TEST_STEP][PASSED] - cell = rowNewRes.createCell(15, 0): null]]></system-out>
         <system-err><![CDATA[2019-12-23 10:17:30 - [TEST_CASE][ERROR] - Test Cases/p4p_newReservationSpaService: Test Cases/p4p_newReservationSpaService FAILED.
Reason:
java.lang.NullPointerException: Cannot invoke method createCell() on null object
	at p4p_newReservationSpaService.run(p4p_newReservationSpaService:676)
	at com.kms.katalon.core.main.ScriptEngine.run(ScriptEngine.java:194)
	at com.kms.katalon.core.main.ScriptEngine.runScriptAsRawText(ScriptEngine.java:119)
	at com.kms.katalon.core.main.TestCaseExecutor.runScript(TestCaseExecutor.java:337)
	at com.kms.katalon.core.main.TestCaseExecutor.doExecute(TestCaseExecutor.java:328)
	at com.kms.katalon.core.main.TestCaseExecutor.processExecutionPhase(TestCaseExecutor.java:307)
	at com.kms.katalon.core.main.TestCaseExecutor.accessMainPhase(TestCaseExecutor.java:299)
	at com.kms.katalon.core.main.TestCaseExecutor.execute(TestCaseExecutor.java:233)
	at com.kms.katalon.core.main.TestSuiteExecutor.accessTestCaseMainPhase(TestSuiteExecutor.java:169)
	at com.kms.katalon.core.main.TestSuiteExecutor.accessTestSuiteMainPhase(TestSuiteExecutor.java:142)
	at com.kms.katalon.core.main.TestSuiteExecutor.execute(TestSuiteExecutor.java:91)
	at com.kms.katalon.core.main.TestCaseMain.startTestSuite(TestCaseMain.java:157)
	at com.kms.katalon.core.main.TestCaseMain$startTestSuite$0.call(Unknown Source)
	at TempTestSuite1577117416756.run(TempTestSuite1577117416756.groovy:36)]]></system-err>
      </testcase>
      <testcase name="Test Cases/p4p_newReservationSpaService" time="111.115" classname="Test Cases/p4p_newReservationSpaService" status="ERROR">
         <error type="ERROR" message="Test Cases/p4p_newReservationSpaService FAILED.
Reason:
java.lang.NullPointerException: Cannot invoke method createCell() on null object
	at p4p_newReservationSpaService.run(p4p_newReservationSpaService:649)
	at com.kms.katalon.core.main.ScriptEngine.run(ScriptEngine.java:194)
	at com.kms.katalon.core.main.ScriptEngine.runScriptAsRawText(ScriptEngine.java:119)
	at com.kms.katalon.core.main.TestCaseExecutor.runScript(TestCaseExecutor.java:337)
	at com.kms.katalon.core.main.TestCaseExecutor.doExecute(TestCaseExecutor.java:328)
	at com.kms.katalon.core.main.TestCaseExecutor.processExecutionPhase(TestCaseExecutor.java:307)
	at com.kms.katalon.core.main.TestCaseExecutor.accessMainPhase(TestCaseExecutor.java:299)
	at com.kms.katalon.core.main.TestCaseExecutor.execute(TestCaseExecutor.java:233)
	at com.kms.katalon.core.main.TestSuiteExecutor.accessTestCaseMainPhase(TestSuiteExecutor.java:169)
	at com.kms.katalon.core.main.TestSuiteExecutor.accessTestSuiteMainPhase(TestSuiteExecutor.java:142)
	at com.kms.katalon.core.main.TestSuiteExecutor.execute(TestSuiteExecutor.java:91)
	at com.kms.katalon.core.main.TestCaseMain.startTestSuite(TestCaseMain.java:157)
	at com.kms.katalon.core.main.TestCaseMain$startTestSuite$0.call(Unknown Source)
	at TempTestSuite1577117416756.run(TempTestSuite1577117416756.groovy:36)
"/>
         <system-out><![CDATA[2019-12-23 10:18:44 - [TEST_CASE][ERROR] - Test Cases/p4p_newReservationSpaService: Test Cases/p4p_newReservationSpaService FAILED.
Reason:
java.lang.NullPointerException: Cannot invoke method createCell() on null object
	at p4p_newReservationSpaService.run(p4p_newReservationSpaService:649)
	at com.kms.katalon.core.main.ScriptEngine.run(ScriptEngine.java:194)
	at com.kms.katalon.core.main.ScriptEngine.runScriptAsRawText(ScriptEngine.java:119)
	at com.kms.katalon.core.main.TestCaseExecutor.runScript(TestCaseExecutor.java:337)
	at com.kms.katalon.core.main.TestCaseExecutor.doExecute(TestCaseExecutor.java:328)
	at com.kms.katalon.core.main.TestCaseExecutor.processExecutionPhase(TestCaseExecutor.java:307)
	at com.kms.katalon.core.main.TestCaseExecutor.accessMainPhase(TestCaseExecutor.java:299)
	at com.kms.katalon.core.main.TestCaseExecutor.execute(TestCaseExecutor.java:233)
	at com.kms.katalon.core.main.TestSuiteExecutor.accessTestCaseMainPhase(TestSuiteExecutor.java:169)
	at com.kms.katalon.core.main.TestSuiteExecutor.accessTestSuiteMainPhase(TestSuiteExecutor.java:142)
	at com.kms.katalon.core.main.TestSuiteExecutor.execute(TestSuiteExecutor.java:91)
	at com.kms.katalon.core.main.TestCaseMain.startTestSuite(TestCaseMain.java:157)
	at com.kms.katalon.core.main.TestCaseMain$startTestSuite$0.call(Unknown Source)
	at TempTestSuite1577117416756.run(TempTestSuite1577117416756.groovy:36)


2019-12-23 10:18:44 - [TEST_STEP][PASSED] - openBrowser("https://p4p-qa-bg.aws.paradise4paws.com/login/"): Browser is opened with url: 'https://p4p-qa-bg.aws.paradise4paws.com/login/'

2019-12-23 10:18:44 - [MESSAGE][WARNING] - A browser is already opened. Closing browser and opening a new one

2019-12-23 10:18:45 - [MESSAGE][INFO] - Starting 'Firefox' driver

2019-12-23 10:18:50 - [MESSAGE][PASSED] - Browser is opened with url: 'https://p4p-qa-bg.aws.paradise4paws.com/login/'

2019-12-23 10:18:50 - [TEST_STEP][PASSED] - setText(findTestObject("Object Repository/object_login/input_user"), var_user): Text 'jegchavez@gmail.com' is set on object 'Object Repository/object_login/input_user'

2019-12-23 10:18:50 - [MESSAGE][PASSED] - Text 'jegchavez@gmail.com' is set on object 'Object Repository/object_login/input_user'

2019-12-23 10:18:50 - [TEST_STEP][PASSED] - setText(findTestObject("Object Repository/object_login/input_pass"), var_pass): Text 'admin1' is set on object 'Object Repository/object_login/input_pass'

2019-12-23 10:18:51 - [MESSAGE][PASSED] - Text 'admin1' is set on object 'Object Repository/object_login/input_pass'

2019-12-23 10:18:51 - [TEST_STEP][PASSED] - delay(2): Delayed 2 second(s)

2019-12-23 10:18:53 - [MESSAGE][PASSED] - Delayed 2 second(s)

2019-12-23 10:18:53 - [TEST_STEP][PASSED] - verifyElementClickable(findTestObject("Object Repository/object_login/btn_login")): Object 'Object Repository/object_login/btn_login' is clickable

2019-12-23 10:18:53 - [MESSAGE][PASSED] - Object 'Object Repository/object_login/btn_login' is clickable

2019-12-23 10:18:53 - [TEST_STEP][PASSED] - click(findTestObject("Object Repository/object_login/btn_login")): Object: 'Object Repository/object_login/btn_login' is clicked on

2019-12-23 10:18:57 - [MESSAGE][PASSED] - Object: 'Object Repository/object_login/btn_login' is clicked on

2019-12-23 10:18:57 - [TEST_STEP][PASSED] - delay(2): Delayed 2 second(s)

2019-12-23 10:18:59 - [MESSAGE][PASSED] - Delayed 2 second(s)

2019-12-23 10:18:59 - [TEST_STEP][PASSED] - setText(findTestObject("Object Repository/object_dashboard_emp/input_search"), var_searchParent): Text 'leongarzagarza@hotmail.com' is set on object 'Object Repository/object_dashboard_emp/input_search'

2019-12-23 10:18:59 - [MESSAGE][PASSED] - Text 'leongarzagarza@hotmail.com' is set on object 'Object Repository/object_dashboard_emp/input_search'

2019-12-23 10:18:59 - [TEST_STEP][PASSED] - click(findTestObject("Object Repository/object_dashboard_emp/btn_accountSearch")): Object: 'Object Repository/object_dashboard_emp/btn_accountSearch' is clicked on

2019-12-23 10:19:00 - [MESSAGE][PASSED] - Object: 'Object Repository/object_dashboard_emp/btn_accountSearch' is clicked on

2019-12-23 10:19:00 - [TEST_STEP][PASSED] - delay(2): Delayed 2 second(s)

2019-12-23 10:19:02 - [MESSAGE][PASSED] - Delayed 2 second(s)

2019-12-23 10:19:02 - [TEST_STEP][PASSED] - click(findTestObject("Object Repository/object_accountInformation/a_TEST GABRIEL PROD")): Object: 'Object Repository/object_accountInformation/a_TEST GABRIEL PROD' is clicked on

2019-12-23 10:19:06 - [MESSAGE][PASSED] - Object: 'Object Repository/object_accountInformation/a_TEST GABRIEL PROD' is clicked on

2019-12-23 10:19:06 - [TEST_STEP][PASSED] - delay(2): Delayed 2 second(s)

2019-12-23 10:19:08 - [MESSAGE][PASSED] - Delayed 2 second(s)

2019-12-23 10:19:08 - [TEST_STEP][PASSED] - click(findTestObject("Object Repository/object_profile/a_addReservation")): Object: 'Object Repository/object_profile/a_addReservation' is clicked on

2019-12-23 10:19:10 - [MESSAGE][PASSED] - Object: 'Object Repository/object_profile/a_addReservation' is clicked on

2019-12-23 10:19:10 - [TEST_STEP][PASSED] - delay(2): Delayed 2 second(s)

2019-12-23 10:19:12 - [MESSAGE][PASSED] - Delayed 2 second(s)

2019-12-23 10:19:12 - [TEST_STEP][PASSED] - flagBoar = "0": null

2019-12-23 10:19:12 - [TEST_STEP][PASSED] - log = new com.kms.katalon.core.logging.KeywordLogger(): null

2019-12-23 10:19:12 - [TEST_STEP][PASSED] - fisNewRes = new java.io.FileInputStream(/home/leonardo-arkusmty/Desktop/P4P/DATA_AUTOMATINTESTING/data_1newReservationSpaService.xlsx): null

2019-12-23 10:19:12 - [TEST_STEP][PASSED] - fisCanRes = new java.io.FileInputStream(/home/leonardo-arkusmty/Desktop/P4P/DATA_AUTOMATINTESTING/data_2cancelReservation.xlsx): null

2019-12-23 10:19:12 - [TEST_STEP][PASSED] - workbookNewRes = new org.apache.poi.xssf.usermodel.XSSFWorkbook(fisNewRes): null

2019-12-23 10:19:12 - [TEST_STEP][PASSED] - workbookCanRes = new org.apache.poi.xssf.usermodel.XSSFWorkbook(fisCanRes): null

2019-12-23 10:19:12 - [TEST_STEP][PASSED] - sheetNewRes = workbookNewRes.getSheet("Sheet1"): null

2019-12-23 10:19:12 - [TEST_STEP][PASSED] - sheetCanRes = workbookCanRes.getSheet("Sheet1"): null

2019-12-23 10:19:12 - [TEST_STEP][PASSED] - rowCount = var_row: null

2019-12-23 10:19:12 - [TEST_STEP][PASSED] - var = Integer.parseInt(var_idRowRes): null

2019-12-23 10:19:12 - [TEST_STEP][PASSED] - rowNewRes = sheetNewRes.getRow(var): null

2019-12-23 10:19:12 - [TEST_STEP][PASSED] - rowCanRes = sheetCanRes.getRow(var): null

2019-12-23 10:19:12 - [TEST_STEP][PASSED] - if (var_typeReserveation == "Boarding"): null

2019-12-23 10:19:12 - [TEST_STEP][PASSED] - else if (var_typeReserveation == "Daycare"): null

2019-12-23 10:19:12 - [TEST_STEP][PASSED] - else if (var_typeReserveation == "SpaService"): null

2019-12-23 10:19:12 - [TEST_STEP][PASSED] - click(findTestObject("object_reservation/btn_Spa Service")): Object: 'Object Repository/object_reservation/btn_Spa Service' is clicked on

2019-12-23 10:19:13 - [MESSAGE][PASSED] - Object: 'Object Repository/object_reservation/btn_Spa Service' is clicked on

2019-12-23 10:19:13 - [TEST_STEP][PASSED] - flagBoar = "3": null

2019-12-23 10:19:13 - [TEST_STEP][PASSED] - click(findTestObject("Object Repository/object_reservation/i_location")): Object: 'Object Repository/object_reservation/i_location' is clicked on

2019-12-23 10:19:15 - [MESSAGE][PASSED] - Object: 'Object Repository/object_reservation/i_location' is clicked on

2019-12-23 10:19:15 - [TEST_STEP][PASSED] - switch (var_idFacility): null

2019-12-23 10:19:15 - [TEST_STEP][PASSED] - dateCI = var_checkinD.split(","): null

2019-12-23 10:19:15 - [TEST_STEP][PASSED] - dateCO = var_checkoutD.split(","): null

2019-12-23 10:19:15 - [TEST_STEP][PASSED] - arryPets = var_pets.split(","): null

2019-12-23 10:19:15 - [TEST_STEP][PASSED] - delay(2): Delayed 2 second(s)

2019-12-23 10:19:17 - [MESSAGE][PASSED] - Delayed 2 second(s)

2019-12-23 10:19:17 - [TEST_STEP][PASSED] - if (var_repeting == "Y"): null

2019-12-23 10:19:17 - [TEST_STEP][PASSED] - click(findTestObject("Object Repository/object_reservation/dateCheckIn")): Object: 'Object Repository/object_reservation/dateCheckIn' is clicked on

2019-12-23 10:19:18 - [MESSAGE][PASSED] - Object: 'Object Repository/object_reservation/dateCheckIn' is clicked on

2019-12-23 10:19:18 - [TEST_STEP][PASSED] - delay(2): Delayed 2 second(s)

2019-12-23 10:19:20 - [MESSAGE][PASSED] - Delayed 2 second(s)

2019-12-23 10:19:20 - [TEST_STEP][PASSED] - switch (dateCI[0]): null

2019-12-23 10:19:20 - [TEST_STEP][PASSED] - case "22":: null

2019-12-23 10:19:20 - [TEST_STEP][PASSED] - click(findTestObject("Object Repository/Page_Paradise 4 Paws  Dog Boarding Cat Boarding Norwalk Pooch Hotel/button_22_ci")): Object: 'Object Repository/Page_Paradise 4 Paws  Dog Boarding Cat Boarding Norwalk Pooch Hotel/button_22_ci' is clicked on

2019-12-23 10:19:20 - [MESSAGE][PASSED] - Object: 'Object Repository/Page_Paradise 4 Paws  Dog Boarding Cat Boarding Norwalk Pooch Hotel/button_22_ci' is clicked on

2019-12-23 10:19:20 - [TEST_STEP][PASSED] - break: null

2019-12-23 10:19:20 - [TEST_STEP][PASSED] - if (flagBoar == "1"): null

2019-12-23 10:19:20 - [TEST_STEP][NOT_RUN] - click(findTestObject("Object Repository/object_reservationCalendar/CO_close")): NOT_RUN: click(findTestObject("Object Repository/object_reservationCalendar/CO_close"))

2019-12-23 10:19:20 - [MESSAGE][NOT_RUN] - NOT_RUN: click(findTestObject("Object Repository/object_reservationCalendar/CO_close"))

2019-12-23 10:19:20 - [TEST_STEP][PASSED] - click(findTestObject("Object Repository/object_reservation/timeCheckin")): Object: 'Object Repository/object_reservation/timeCheckin' is clicked on

2019-12-23 10:19:21 - [MESSAGE][PASSED] - Object: 'Object Repository/object_reservation/timeCheckin' is clicked on

2019-12-23 10:19:21 - [TEST_STEP][PASSED] - switch (var_checkinT): null

2019-12-23 10:19:21 - [TEST_STEP][PASSED] - case "800":: null

2019-12-23 10:19:21 - [TEST_STEP][PASSED] - click(findTestObject("Object Repository/Page_Paradise 4 Paws  Dog Boarding Cat Boarding Norwalk Pooch Hotel/time_800am_ci")): Object: 'Object Repository/Page_Paradise 4 Paws  Dog Boarding Cat Boarding Norwalk Pooch Hotel/time_800am_ci' is clicked on

2019-12-23 10:19:22 - [MESSAGE][PASSED] - Object: 'Object Repository/Page_Paradise 4 Paws  Dog Boarding Cat Boarding Norwalk Pooch Hotel/time_800am_ci' is clicked on

2019-12-23 10:19:22 - [TEST_STEP][PASSED] - break: null

2019-12-23 10:19:22 - [TEST_STEP][PASSED] - click(findTestObject("Object Repository/object_reservation/timeCheckOut")): Object: 'Object Repository/object_reservation/timeCheckOut' is clicked on

2019-12-23 10:19:23 - [MESSAGE][PASSED] - Object: 'Object Repository/object_reservation/timeCheckOut' is clicked on

2019-12-23 10:19:23 - [TEST_STEP][PASSED] - switch (var_checkoutT): null

2019-12-23 10:19:23 - [TEST_STEP][PASSED] - case "1200":: null

2019-12-23 10:19:23 - [TEST_STEP][PASSED] - click(findTestObject("Object Repository/Page_Paradise 4 Paws  Dog Boarding Cat Boarding Norwalk Pooch Hotel/time_1200pm_co")): Object: 'Object Repository/Page_Paradise 4 Paws  Dog Boarding Cat Boarding Norwalk Pooch Hotel/time_1200pm_co' is clicked on

2019-12-23 10:19:23 - [MESSAGE][PASSED] - Object: 'Object Repository/Page_Paradise 4 Paws  Dog Boarding Cat Boarding Norwalk Pooch Hotel/time_1200pm_co' is clicked on

2019-12-23 10:19:23 - [TEST_STEP][PASSED] - break: null

2019-12-23 10:19:23 - [TEST_STEP][PASSED] - delay(2): Delayed 2 second(s)

2019-12-23 10:19:25 - [MESSAGE][PASSED] - Delayed 2 second(s)

2019-12-23 10:19:25 - [TEST_STEP][PASSED] - if (arryPets.size() == 1): null

2019-12-23 10:19:25 - [TEST_STEP][PASSED] - else if (arryPets.size() == 2): null

2019-12-23 10:19:25 - [TEST_STEP][PASSED] - else if (arryPets.size() == 3): Object: 'Object Repository/object_reservation/div_Athena' is clicked on

2019-12-23 10:19:25 - [TEST_STEP][PASSED] - click(findTestObject("object_reservation/Page_Paradise 4 Paws  Dog Boarding Cat Boarding Norwalk Pooch Hotel/div_Ares")): Object: 'Object Repository/object_reservation/Page_Paradise 4 Paws  Dog Boarding Cat Boarding Norwalk Pooch Hotel/div_Ares' is clicked on

2019-12-23 10:19:27 - [MESSAGE][PASSED] - Object: 'Object Repository/object_reservation/Page_Paradise 4 Paws  Dog Boarding Cat Boarding Norwalk Pooch Hotel/div_Ares' is clicked on

2019-12-23 10:19:27 - [TEST_STEP][PASSED] - click(findTestObject("object_reservation/div_Zeus")): Object: 'Object Repository/object_reservation/div_Zeus' is clicked on

2019-12-23 10:19:32 - [MESSAGE][PASSED] - Object: 'Object Repository/object_reservation/div_Zeus' is clicked on

2019-12-23 10:19:32 - [TEST_STEP][PASSED] - click(findTestObject("object_reservation/div_Athena")): Object: 'Object Repository/object_reservation/div_Athena' is clicked on

2019-12-23 10:19:36 - [MESSAGE][PASSED] - Object: 'Object Repository/object_reservation/div_Athena' is clicked on

2019-12-23 10:19:36 - [TEST_STEP][NOT_RUN] - click(findTestObject("object_reservations/i_Day_fa fa-circle-o ng-scope")): NOT_RUN: click(findTestObject("object_reservations/i_Day_fa fa-circle-o ng-scope"))

2019-12-23 10:19:36 - [MESSAGE][NOT_RUN] - NOT_RUN: click(findTestObject("object_reservations/i_Day_fa fa-circle-o ng-scope"))

2019-12-23 10:19:36 - [TEST_STEP][PASSED] - if (flagBoar == "1" || flagBoar == "2"): null

2019-12-23 10:19:36 - [TEST_STEP][PASSED] - click(findTestObject("Object Repository/object_reservation/btn_next2")): Object: 'Object Repository/object_reservation/btn_next2' is clicked on

2019-12-23 10:19:39 - [MESSAGE][PASSED] - Object: 'Object Repository/object_reservation/btn_next2' is clicked on

2019-12-23 10:19:39 - [TEST_STEP][PASSED] - delay(3): Delayed 3 second(s)

2019-12-23 10:19:42 - [MESSAGE][PASSED] - Delayed 3 second(s)

2019-12-23 10:19:42 - [TEST_STEP][PASSED] - if (flagBoar == "1"): null

2019-12-23 10:19:42 - [TEST_STEP][PASSED] - delay(2): Delayed 2 second(s)

2019-12-23 10:19:44 - [MESSAGE][PASSED] - Delayed 2 second(s)

2019-12-23 10:19:44 - [TEST_STEP][PASSED] - click(findTestObject("Object Repository/object_reservation/btn_next2")): Object: 'Object Repository/object_reservation/btn_next2' is clicked on

2019-12-23 10:19:45 - [MESSAGE][PASSED] - Object: 'Object Repository/object_reservation/btn_next2' is clicked on

2019-12-23 10:19:45 - [TEST_STEP][PASSED] - click(findTestObject("Object Repository/object_reservation/button_Submit Reservation")): Object: 'Object Repository/object_reservation/button_Submit Reservation' is clicked on

2019-12-23 10:19:47 - [MESSAGE][PASSED] - Object: 'Object Repository/object_reservation/button_Submit Reservation' is clicked on

2019-12-23 10:19:47 - [TEST_STEP][PASSED] - delay(2): Delayed 2 second(s)

2019-12-23 10:19:49 - [MESSAGE][PASSED] - Delayed 2 second(s)

2019-12-23 10:19:49 - [TEST_STEP][PASSED] - if (flagBoar == "2" && var_repeatingEvery == "Daily" || var_repeatingEvery == "Monthly" || var_repeatingEvery == "Weekly"): null

2019-12-23 10:19:49 - [TEST_STEP][FAILED] - else: null

2019-12-23 10:19:49 - [TEST_STEP][PASSED] - delay(2): Delayed 2 second(s)

2019-12-23 10:19:51 - [MESSAGE][PASSED] - Delayed 2 second(s)

2019-12-23 10:19:51 - [TEST_STEP][FAILED] - try: Unable to click on object 'Object Repository/object_reservation/button_Return To Reservation' (Root cause: com.kms.katalon.core.exception.StepFailedException: Unable to click on object 'Object Repository/object_reservation/button_Return To Reservation'
	at com.kms.katalon.core.webui.keyword.internal.WebUIKeywordMain.stepFailed(WebUIKeywordMain.groovy:64)
	at com.kms.katalon.core.webui.keyword.internal.WebUIKeywordMain.runKeyword(WebUIKeywordMain.groovy:26)
	at com.kms.katalon.core.webui.keyword.builtin.ClickKeyword.click(ClickKeyword.groovy:99)
	at com.kms.katalon.core.webui.keyword.builtin.ClickKeyword.execute(ClickKeyword.groovy:43)
	at com.kms.katalon.core.keyword.internal.KeywordExecutor.executeKeywordForPlatform(KeywordExecutor.groovy:60)
	at com.kms.katalon.core.webui.keyword.WebUiBuiltInKeywords.click(WebUiBuiltInKeywords.groovy:616)
	at com.kms.katalon.core.webui.keyword.WebUiBuiltInKeywords$click$2.call(Unknown Source)
	at p4p_newReservationSpaService.run(p4p_newReservationSpaService:639)
	at com.kms.katalon.core.main.ScriptEngine.run(ScriptEngine.java:194)
	at com.kms.katalon.core.main.ScriptEngine.runScriptAsRawText(ScriptEngine.java:119)
	at com.kms.katalon.core.main.TestCaseExecutor.runScript(TestCaseExecutor.java:337)
	at com.kms.katalon.core.main.TestCaseExecutor.doExecute(TestCaseExecutor.java:328)
	at com.kms.katalon.core.main.TestCaseExecutor.processExecutionPhase(TestCaseExecutor.java:307)
	at com.kms.katalon.core.main.TestCaseExecutor.accessMainPhase(TestCaseExecutor.java:299)
	at com.kms.katalon.core.main.TestCaseExecutor.execute(TestCaseExecutor.java:233)
	at com.kms.katalon.core.main.TestSuiteExecutor.accessTestCaseMainPhase(TestSuiteExecutor.java:169)
	at com.kms.katalon.core.main.TestSuiteExecutor.accessTestSuiteMainPhase(TestSuiteExecutor.java:142)
	at com.kms.katalon.core.main.TestSuiteExecutor.execute(TestSuiteExecutor.java:91)
	at com.kms.katalon.core.main.TestCaseMain.startTestSuite(TestCaseMain.java:157)
	at com.kms.katalon.core.main.TestCaseMain$startTestSuite$0.call(Unknown Source)
	at TempTestSuite1577117416756.run(TempTestSuite1577117416756.groovy:36)
Caused by: com.kms.katalon.core.webui.exception.WebElementNotFoundException: Web element with id: 'Object Repository/object_reservation/button_Return To Reservation' located by 'By.xpath: (//button[@type='button'])[13]' not found
	at com.kms.katalon.core.webui.common.WebUiCommonHelper.findWebElement(WebUiCommonHelper.java:1113)
	at com.kms.katalon.core.webui.keyword.internal.WebUIAbstractKeyword.findWebElement(WebUIAbstractKeyword.groovy:27)
	at com.kms.katalon.core.webui.keyword.internal.WebUIAbstractKeyword.findWebElement(WebUIAbstractKeyword.groovy:26)
	at com.kms.katalon.core.webui.keyword.builtin.ClickKeyword$_click_closure1.doCall(ClickKeyword.groovy:68)
	at com.kms.katalon.core.webui.keyword.builtin.ClickKeyword$_click_closure1.call(ClickKeyword.groovy)
	at com.kms.katalon.core.webui.keyword.internal.WebUIKeywordMain.runKeyword(WebUIKeywordMain.groovy:20)
	at com.kms.katalon.core.webui.keyword.builtin.ClickKeyword.click(ClickKeyword.groovy:99)
	at com.kms.katalon.core.webui.keyword.builtin.ClickKeyword.execute(ClickKeyword.groovy:43)
	at com.kms.katalon.core.keyword.internal.KeywordExecutor.executeKeywordForPlatform(KeywordExecutor.groovy:60)
	at com.kms.katalon.core.webui.keyword.WebUiBuiltInKeywords.click(WebUiBuiltInKeywords.groovy:616)
	at com.kms.katalon.core.webui.keyword.WebUiBuiltInKeywords$click$2.call(Unknown Source)
	at Script1576482954811.run(Script1576482954811.groovy:639)
	... 13 more
)

2019-12-23 10:19:51 - [TEST_STEP][FAILED] - click(findTestObject("Object Repository/object_reservation/button_Return To Reservation")): Unable to click on object 'Object Repository/object_reservation/button_Return To Reservation' (Root cause: com.kms.katalon.core.exception.StepFailedException: Unable to click on object 'Object Repository/object_reservation/button_Return To Reservation'
	at com.kms.katalon.core.webui.keyword.internal.WebUIKeywordMain.stepFailed(WebUIKeywordMain.groovy:64)
	at com.kms.katalon.core.webui.keyword.internal.WebUIKeywordMain.runKeyword(WebUIKeywordMain.groovy:26)
	at com.kms.katalon.core.webui.keyword.builtin.ClickKeyword.click(ClickKeyword.groovy:99)
	at com.kms.katalon.core.webui.keyword.builtin.ClickKeyword.execute(ClickKeyword.groovy:43)
	at com.kms.katalon.core.keyword.internal.KeywordExecutor.executeKeywordForPlatform(KeywordExecutor.groovy:60)
	at com.kms.katalon.core.webui.keyword.WebUiBuiltInKeywords.click(WebUiBuiltInKeywords.groovy:616)
	at com.kms.katalon.core.webui.keyword.WebUiBuiltInKeywords$click$2.call(Unknown Source)
	at p4p_newReservationSpaService.run(p4p_newReservationSpaService:639)
	at com.kms.katalon.core.main.ScriptEngine.run(ScriptEngine.java:194)
	at com.kms.katalon.core.main.ScriptEngine.runScriptAsRawText(ScriptEngine.java:119)
	at com.kms.katalon.core.main.TestCaseExecutor.runScript(TestCaseExecutor.java:337)
	at com.kms.katalon.core.main.TestCaseExecutor.doExecute(TestCaseExecutor.java:328)
	at com.kms.katalon.core.main.TestCaseExecutor.processExecutionPhase(TestCaseExecutor.java:307)
	at com.kms.katalon.core.main.TestCaseExecutor.accessMainPhase(TestCaseExecutor.java:299)
	at com.kms.katalon.core.main.TestCaseExecutor.execute(TestCaseExecutor.java:233)
	at com.kms.katalon.core.main.TestSuiteExecutor.accessTestCaseMainPhase(TestSuiteExecutor.java:169)
	at com.kms.katalon.core.main.TestSuiteExecutor.accessTestSuiteMainPhase(TestSuiteExecutor.java:142)
	at com.kms.katalon.core.main.TestSuiteExecutor.execute(TestSuiteExecutor.java:91)
	at com.kms.katalon.core.main.TestCaseMain.startTestSuite(TestCaseMain.java:157)
	at com.kms.katalon.core.main.TestCaseMain$startTestSuite$0.call(Unknown Source)
	at TempTestSuite1577117416756.run(TempTestSuite1577117416756.groovy:36)
Caused by: com.kms.katalon.core.webui.exception.WebElementNotFoundException: Web element with id: 'Object Repository/object_reservation/button_Return To Reservation' located by 'By.xpath: (//button[@type='button'])[13]' not found
	at com.kms.katalon.core.webui.common.WebUiCommonHelper.findWebElement(WebUiCommonHelper.java:1113)
	at com.kms.katalon.core.webui.keyword.internal.WebUIAbstractKeyword.findWebElement(WebUIAbstractKeyword.groovy:27)
	at com.kms.katalon.core.webui.keyword.internal.WebUIAbstractKeyword.findWebElement(WebUIAbstractKeyword.groovy:26)
	at com.kms.katalon.core.webui.keyword.builtin.ClickKeyword$_click_closure1.doCall(ClickKeyword.groovy:68)
	at com.kms.katalon.core.webui.keyword.builtin.ClickKeyword$_click_closure1.call(ClickKeyword.groovy)
	at com.kms.katalon.core.webui.keyword.internal.WebUIKeywordMain.runKeyword(WebUIKeywordMain.groovy:20)
	at com.kms.katalon.core.webui.keyword.builtin.ClickKeyword.click(ClickKeyword.groovy:99)
	at com.kms.katalon.core.webui.keyword.builtin.ClickKeyword.execute(ClickKeyword.groovy:43)
	at com.kms.katalon.core.keyword.internal.KeywordExecutor.executeKeywordForPlatform(KeywordExecutor.groovy:60)
	at com.kms.katalon.core.webui.keyword.WebUiBuiltInKeywords.click(WebUiBuiltInKeywords.groovy:616)
	at com.kms.katalon.core.webui.keyword.WebUiBuiltInKeywords$click$2.call(Unknown Source)
	at Script1576482954811.run(Script1576482954811.groovy:639)
	... 13 more
)

2019-12-23 10:20:35 - [MESSAGE][INFO] - Unable to find the element located by 'By.xpath: (//button[@type='button'])[13]'. Please recheck the objects properties to make sure the desired element is located. 

2019-12-23 10:20:35 - [MESSAGE][FAILED] - Unable to click on object 'Object Repository/object_reservation/button_Return To Reservation' (Root cause: com.kms.katalon.core.exception.StepFailedException: Unable to click on object 'Object Repository/object_reservation/button_Return To Reservation'
	at com.kms.katalon.core.webui.keyword.internal.WebUIKeywordMain.stepFailed(WebUIKeywordMain.groovy:64)
	at com.kms.katalon.core.webui.keyword.internal.WebUIKeywordMain.runKeyword(WebUIKeywordMain.groovy:26)
	at com.kms.katalon.core.webui.keyword.builtin.ClickKeyword.click(ClickKeyword.groovy:99)
	at com.kms.katalon.core.webui.keyword.builtin.ClickKeyword.execute(ClickKeyword.groovy:43)
	at com.kms.katalon.core.keyword.internal.KeywordExecutor.executeKeywordForPlatform(KeywordExecutor.groovy:60)
	at com.kms.katalon.core.webui.keyword.WebUiBuiltInKeywords.click(WebUiBuiltInKeywords.groovy:616)
	at com.kms.katalon.core.webui.keyword.WebUiBuiltInKeywords$click$2.call(Unknown Source)
	at p4p_newReservationSpaService.run(p4p_newReservationSpaService:639)
	at com.kms.katalon.core.main.ScriptEngine.run(ScriptEngine.java:194)
	at com.kms.katalon.core.main.ScriptEngine.runScriptAsRawText(ScriptEngine.java:119)
	at com.kms.katalon.core.main.TestCaseExecutor.runScript(TestCaseExecutor.java:337)
	at com.kms.katalon.core.main.TestCaseExecutor.doExecute(TestCaseExecutor.java:328)
	at com.kms.katalon.core.main.TestCaseExecutor.processExecutionPhase(TestCaseExecutor.java:307)
	at com.kms.katalon.core.main.TestCaseExecutor.accessMainPhase(TestCaseExecutor.java:299)
	at com.kms.katalon.core.main.TestCaseExecutor.execute(TestCaseExecutor.java:233)
	at com.kms.katalon.core.main.TestSuiteExecutor.accessTestCaseMainPhase(TestSuiteExecutor.java:169)
	at com.kms.katalon.core.main.TestSuiteExecutor.accessTestSuiteMainPhase(TestSuiteExecutor.java:142)
	at com.kms.katalon.core.main.TestSuiteExecutor.execute(TestSuiteExecutor.java:91)
	at com.kms.katalon.core.main.TestCaseMain.startTestSuite(TestCaseMain.java:157)
	at com.kms.katalon.core.main.TestCaseMain$startTestSuite$0.call(Unknown Source)
	at TempTestSuite1577117416756.run(TempTestSuite1577117416756.groovy:36)
Caused by: com.kms.katalon.core.webui.exception.WebElementNotFoundException: Web element with id: 'Object Repository/object_reservation/button_Return To Reservation' located by 'By.xpath: (//button[@type='button'])[13]' not found
	at com.kms.katalon.core.webui.common.WebUiCommonHelper.findWebElement(WebUiCommonHelper.java:1113)
	at com.kms.katalon.core.webui.keyword.internal.WebUIAbstractKeyword.findWebElement(WebUIAbstractKeyword.groovy:27)
	at com.kms.katalon.core.webui.keyword.internal.WebUIAbstractKeyword.findWebElement(WebUIAbstractKeyword.groovy:26)
	at com.kms.katalon.core.webui.keyword.builtin.ClickKeyword$_click_closure1.doCall(ClickKeyword.groovy:68)
	at com.kms.katalon.core.webui.keyword.builtin.ClickKeyword$_click_closure1.call(ClickKeyword.groovy)
	at com.kms.katalon.core.webui.keyword.internal.WebUIKeywordMain.runKeyword(WebUIKeywordMain.groovy:20)
	at com.kms.katalon.core.webui.keyword.builtin.ClickKeyword.click(ClickKeyword.groovy:99)
	at com.kms.katalon.core.webui.keyword.builtin.ClickKeyword.execute(ClickKeyword.groovy:43)
	at com.kms.katalon.core.keyword.internal.KeywordExecutor.executeKeywordForPlatform(KeywordExecutor.groovy:60)
	at com.kms.katalon.core.webui.keyword.WebUiBuiltInKeywords.click(WebUiBuiltInKeywords.groovy:616)
	at com.kms.katalon.core.webui.keyword.WebUiBuiltInKeywords$click$2.call(Unknown Source)
	at Script1576482954811.run(Script1576482954811.groovy:639)
	... 13 more
)
[[ATTACHMENT|/home/leonardo-arkusmty/Documents/workspaceKatalon/p4ptest/Reports/20191223_101016/ts_newBoardingSpaserviceCancel/20191223_101016/1577118035690.png]]

2019-12-23 10:20:35 - [TEST_STEP][PASSED] - catch (Exception e): null

2019-12-23 10:20:35 - [TEST_STEP][PASSED] - e.printStackTrace(): null

2019-12-23 10:20:35 - [TEST_STEP][PASSED] - log.logInfo("ERROR EXCEPCION"): ERROR EXCEPCION

2019-12-23 10:20:35 - [MESSAGE][INFO] - ERROR EXCEPCION

2019-12-23 10:20:35 - [TEST_STEP][PASSED] - cell1Err = rowNewRes.createCell(16, 0): null]]></system-out>
         <system-err><![CDATA[2019-12-23 10:18:44 - [TEST_CASE][ERROR] - Test Cases/p4p_newReservationSpaService: Test Cases/p4p_newReservationSpaService FAILED.
Reason:
java.lang.NullPointerException: Cannot invoke method createCell() on null object
	at p4p_newReservationSpaService.run(p4p_newReservationSpaService:649)
	at com.kms.katalon.core.main.ScriptEngine.run(ScriptEngine.java:194)
	at com.kms.katalon.core.main.ScriptEngine.runScriptAsRawText(ScriptEngine.java:119)
	at com.kms.katalon.core.main.TestCaseExecutor.runScript(TestCaseExecutor.java:337)
	at com.kms.katalon.core.main.TestCaseExecutor.doExecute(TestCaseExecutor.java:328)
	at com.kms.katalon.core.main.TestCaseExecutor.processExecutionPhase(TestCaseExecutor.java:307)
	at com.kms.katalon.core.main.TestCaseExecutor.accessMainPhase(TestCaseExecutor.java:299)
	at com.kms.katalon.core.main.TestCaseExecutor.execute(TestCaseExecutor.java:233)
	at com.kms.katalon.core.main.TestSuiteExecutor.accessTestCaseMainPhase(TestSuiteExecutor.java:169)
	at com.kms.katalon.core.main.TestSuiteExecutor.accessTestSuiteMainPhase(TestSuiteExecutor.java:142)
	at com.kms.katalon.core.main.TestSuiteExecutor.execute(TestSuiteExecutor.java:91)
	at com.kms.katalon.core.main.TestCaseMain.startTestSuite(TestCaseMain.java:157)
	at com.kms.katalon.core.main.TestCaseMain$startTestSuite$0.call(Unknown Source)
	at TempTestSuite1577117416756.run(TempTestSuite1577117416756.groovy:36)]]></system-err>
      </testcase>
      <testcase name="Test Cases/p4p_cancelReserEdit" time="77.854" classname="Test Cases/p4p_cancelReserEdit" status="FAILED">
         <failure type="FAILED" message="Test Cases/p4p_cancelReserEdit FAILED.
Reason:
com.kms.katalon.core.exception.StepFailedException: Unable to click on object 'Object Repository/object_reservation/button_Next'
	at com.kms.katalon.core.webui.keyword.internal.WebUIKeywordMain.stepFailed(WebUIKeywordMain.groovy:64)
	at com.kms.katalon.core.webui.keyword.internal.WebUIKeywordMain.runKeyword(WebUIKeywordMain.groovy:26)
	at com.kms.katalon.core.webui.keyword.builtin.ClickKeyword.click(ClickKeyword.groovy:99)
	at com.kms.katalon.core.webui.keyword.builtin.ClickKeyword.execute(ClickKeyword.groovy:43)
	at com.kms.katalon.core.keyword.internal.KeywordExecutor.executeKeywordForPlatform(KeywordExecutor.groovy:60)
	at com.kms.katalon.core.webui.keyword.WebUiBuiltInKeywords.click(WebUiBuiltInKeywords.groovy:616)
	at com.kms.katalon.core.webui.keyword.WebUiBuiltInKeywords$click$2.call(Unknown Source)
	at p4p_cancelReserEdit.run(p4p_cancelReserEdit:65)
	at com.kms.katalon.core.main.ScriptEngine.run(ScriptEngine.java:194)
	at com.kms.katalon.core.main.ScriptEngine.runScriptAsRawText(ScriptEngine.java:119)
	at com.kms.katalon.core.main.TestCaseExecutor.runScript(TestCaseExecutor.java:337)
	at com.kms.katalon.core.main.TestCaseExecutor.doExecute(TestCaseExecutor.java:328)
	at com.kms.katalon.core.main.TestCaseExecutor.processExecutionPhase(TestCaseExecutor.java:307)
	at com.kms.katalon.core.main.TestCaseExecutor.accessMainPhase(TestCaseExecutor.java:299)
	at com.kms.katalon.core.main.TestCaseExecutor.execute(TestCaseExecutor.java:233)
	at com.kms.katalon.core.main.TestSuiteExecutor.accessTestCaseMainPhase(TestSuiteExecutor.java:169)
	at com.kms.katalon.core.main.TestSuiteExecutor.accessTestSuiteMainPhase(TestSuiteExecutor.java:142)
	at com.kms.katalon.core.main.TestSuiteExecutor.execute(TestSuiteExecutor.java:91)
	at com.kms.katalon.core.main.TestCaseMain.startTestSuite(TestCaseMain.java:157)
	at com.kms.katalon.core.main.TestCaseMain$startTestSuite$0.call(Unknown Source)
	at TempTestSuite1577117416756.run(TempTestSuite1577117416756.groovy:36)
Caused by: com.kms.katalon.core.webui.exception.WebElementNotFoundException: Web element with id: 'Object Repository/object_reservation/button_Next' located by 'By.xpath: (//button[@type='button'])[10]' not found
	at com.kms.katalon.core.webui.common.WebUiCommonHelper.findWebElement(WebUiCommonHelper.java:1113)
	at com.kms.katalon.core.webui.keyword.internal.WebUIAbstractKeyword.findWebElement(WebUIAbstractKeyword.groovy:27)
	at com.kms.katalon.core.webui.keyword.internal.WebUIAbstractKeyword.findWebElement(WebUIAbstractKeyword.groovy:26)
	at com.kms.katalon.core.webui.keyword.builtin.ClickKeyword$_click_closure1.doCall(ClickKeyword.groovy:68)
	at com.kms.katalon.core.webui.keyword.builtin.ClickKeyword$_click_closure1.call(ClickKeyword.groovy)
	at com.kms.katalon.core.webui.keyword.internal.WebUIKeywordMain.runKeyword(WebUIKeywordMain.groovy:20)
	... 19 more
"/>
         <system-out><![CDATA[2019-12-23 10:20:35 - [TEST_CASE][FAILED] - Test Cases/p4p_cancelReserEdit: Test Cases/p4p_cancelReserEdit FAILED.
Reason:
com.kms.katalon.core.exception.StepFailedException: Unable to click on object 'Object Repository/object_reservation/button_Next'
	at com.kms.katalon.core.webui.keyword.internal.WebUIKeywordMain.stepFailed(WebUIKeywordMain.groovy:64)
	at com.kms.katalon.core.webui.keyword.internal.WebUIKeywordMain.runKeyword(WebUIKeywordMain.groovy:26)
	at com.kms.katalon.core.webui.keyword.builtin.ClickKeyword.click(ClickKeyword.groovy:99)
	at com.kms.katalon.core.webui.keyword.builtin.ClickKeyword.execute(ClickKeyword.groovy:43)
	at com.kms.katalon.core.keyword.internal.KeywordExecutor.executeKeywordForPlatform(KeywordExecutor.groovy:60)
	at com.kms.katalon.core.webui.keyword.WebUiBuiltInKeywords.click(WebUiBuiltInKeywords.groovy:616)
	at com.kms.katalon.core.webui.keyword.WebUiBuiltInKeywords$click$2.call(Unknown Source)
	at p4p_cancelReserEdit.run(p4p_cancelReserEdit:65)
	at com.kms.katalon.core.main.ScriptEngine.run(ScriptEngine.java:194)
	at com.kms.katalon.core.main.ScriptEngine.runScriptAsRawText(ScriptEngine.java:119)
	at com.kms.katalon.core.main.TestCaseExecutor.runScript(TestCaseExecutor.java:337)
	at com.kms.katalon.core.main.TestCaseExecutor.doExecute(TestCaseExecutor.java:328)
	at com.kms.katalon.core.main.TestCaseExecutor.processExecutionPhase(TestCaseExecutor.java:307)
	at com.kms.katalon.core.main.TestCaseExecutor.accessMainPhase(TestCaseExecutor.java:299)
	at com.kms.katalon.core.main.TestCaseExecutor.execute(TestCaseExecutor.java:233)
	at com.kms.katalon.core.main.TestSuiteExecutor.accessTestCaseMainPhase(TestSuiteExecutor.java:169)
	at com.kms.katalon.core.main.TestSuiteExecutor.accessTestSuiteMainPhase(TestSuiteExecutor.java:142)
	at com.kms.katalon.core.main.TestSuiteExecutor.execute(TestSuiteExecutor.java:91)
	at com.kms.katalon.core.main.TestCaseMain.startTestSuite(TestCaseMain.java:157)
	at com.kms.katalon.core.main.TestCaseMain$startTestSuite$0.call(Unknown Source)
	at TempTestSuite1577117416756.run(TempTestSuite1577117416756.groovy:36)
Caused by: com.kms.katalon.core.webui.exception.WebElementNotFoundException: Web element with id: 'Object Repository/object_reservation/button_Next' located by 'By.xpath: (//button[@type='button'])[10]' not found
	at com.kms.katalon.core.webui.common.WebUiCommonHelper.findWebElement(WebUiCommonHelper.java:1113)
	at com.kms.katalon.core.webui.keyword.internal.WebUIAbstractKeyword.findWebElement(WebUIAbstractKeyword.groovy:27)
	at com.kms.katalon.core.webui.keyword.internal.WebUIAbstractKeyword.findWebElement(WebUIAbstractKeyword.groovy:26)
	at com.kms.katalon.core.webui.keyword.builtin.ClickKeyword$_click_closure1.doCall(ClickKeyword.groovy:68)
	at com.kms.katalon.core.webui.keyword.builtin.ClickKeyword$_click_closure1.call(ClickKeyword.groovy)
	at com.kms.katalon.core.webui.keyword.internal.WebUIKeywordMain.runKeyword(WebUIKeywordMain.groovy:20)
	... 19 more


2019-12-23 10:20:35 - [TEST_STEP][PASSED] - openBrowser("https://p4p-qa-bg.aws.paradise4paws.com/login/"): Browser is opened with url: 'https://p4p-qa-bg.aws.paradise4paws.com/login/'

2019-12-23 10:20:35 - [MESSAGE][WARNING] - A browser is already opened. Closing browser and opening a new one

2019-12-23 10:20:36 - [MESSAGE][INFO] - Starting 'Firefox' driver

2019-12-23 10:20:43 - [MESSAGE][PASSED] - Browser is opened with url: 'https://p4p-qa-bg.aws.paradise4paws.com/login/'

2019-12-23 10:20:43 - [TEST_STEP][PASSED] - setText(findTestObject("Object Repository/object_login/input_user"), var_user): Text 'jegchavez@gmail.com' is set on object 'Object Repository/object_login/input_user'

2019-12-23 10:20:44 - [MESSAGE][PASSED] - Text 'jegchavez@gmail.com' is set on object 'Object Repository/object_login/input_user'

2019-12-23 10:20:44 - [TEST_STEP][PASSED] - setText(findTestObject("Object Repository/object_login/input_pass"), var_pass): Text 'admin1' is set on object 'Object Repository/object_login/input_pass'

2019-12-23 10:20:44 - [MESSAGE][PASSED] - Text 'admin1' is set on object 'Object Repository/object_login/input_pass'

2019-12-23 10:20:44 - [TEST_STEP][PASSED] - delay(2): Delayed 2 second(s)

2019-12-23 10:20:46 - [MESSAGE][PASSED] - Delayed 2 second(s)

2019-12-23 10:20:46 - [TEST_STEP][PASSED] - verifyElementClickable(findTestObject("Object Repository/object_login/btn_login")): Object 'Object Repository/object_login/btn_login' is clickable

2019-12-23 10:20:46 - [MESSAGE][PASSED] - Object 'Object Repository/object_login/btn_login' is clickable

2019-12-23 10:20:46 - [TEST_STEP][PASSED] - click(findTestObject("Object Repository/object_login/btn_login")): Object: 'Object Repository/object_login/btn_login' is clicked on

2019-12-23 10:20:50 - [MESSAGE][PASSED] - Object: 'Object Repository/object_login/btn_login' is clicked on

2019-12-23 10:20:50 - [TEST_STEP][PASSED] - delay(2): Delayed 2 second(s)

2019-12-23 10:20:52 - [MESSAGE][PASSED] - Delayed 2 second(s)

2019-12-23 10:20:52 - [TEST_STEP][PASSED] - setText(findTestObject("Object Repository/object_dashboard_emp/input_search"), var_mailParent): Text 'test@test.test' is set on object 'Object Repository/object_dashboard_emp/input_search'

2019-12-23 10:20:52 - [MESSAGE][PASSED] - Text 'test@test.test' is set on object 'Object Repository/object_dashboard_emp/input_search'

2019-12-23 10:20:52 - [TEST_STEP][PASSED] - click(findTestObject("Object Repository/object_dashboard_emp/btn_accountSearch")): Object: 'Object Repository/object_dashboard_emp/btn_accountSearch' is clicked on

2019-12-23 10:20:53 - [MESSAGE][PASSED] - Object: 'Object Repository/object_dashboard_emp/btn_accountSearch' is clicked on

2019-12-23 10:20:53 - [TEST_STEP][PASSED] - delay(2): Delayed 2 second(s)

2019-12-23 10:20:55 - [MESSAGE][PASSED] - Delayed 2 second(s)

2019-12-23 10:20:55 - [TEST_STEP][PASSED] - click(findTestObject("object_accountInformation/a_TEST GABRIEL PROD")): Object: 'Object Repository/object_accountInformation/a_TEST GABRIEL PROD' is clicked on

2019-12-23 10:21:01 - [MESSAGE][PASSED] - Object: 'Object Repository/object_accountInformation/a_TEST GABRIEL PROD' is clicked on

2019-12-23 10:21:01 - [TEST_STEP][PASSED] - delay(1): Delayed 1 second(s)

2019-12-23 10:21:02 - [MESSAGE][PASSED] - Delayed 1 second(s)

2019-12-23 10:21:02 - [TEST_STEP][PASSED] - a = var_url1 + var_idReservation + var_url2 + var_idParent: null

2019-12-23 10:21:02 - [TEST_STEP][PASSED] - delay(4): Delayed 4 second(s)

2019-12-23 10:21:06 - [MESSAGE][PASSED] - Delayed 4 second(s)

2019-12-23 10:21:06 - [TEST_STEP][PASSED] - log = new com.kms.katalon.core.logging.KeywordLogger(): null

2019-12-23 10:21:06 - [TEST_STEP][PASSED] - log.logInfo("URL: " + a): URL: https://p4p-qa-bg.aws.paradise4paws.com/frontdesk/reservation/
/?parent_id=122350

2019-12-23 10:21:06 - [MESSAGE][INFO] - URL: https://p4p-qa-bg.aws.paradise4paws.com/frontdesk/reservation/
/?parent_id=122350

2019-12-23 10:21:06 - [TEST_STEP][PASSED] - navigateToUrl(a): Navigate to 'https://p4p-qa-bg.aws.paradise4paws.com/frontdesk/reservation/
/?parent_id=122350' successfully

2019-12-23 10:21:07 - [MESSAGE][PASSED] - Navigate to 'https://p4p-qa-bg.aws.paradise4paws.com/frontdesk/reservation/
/?parent_id=122350' successfully

2019-12-23 10:21:07 - [TEST_STEP][PASSED] - delay(3): Delayed 3 second(s)

2019-12-23 10:21:10 - [MESSAGE][PASSED] - Delayed 3 second(s)

2019-12-23 10:21:10 - [TEST_STEP][FAILED] - click(findTestObject("object_reservation/button_Next")): Unable to click on object 'Object Repository/object_reservation/button_Next' (Root cause: com.kms.katalon.core.exception.StepFailedException: Unable to click on object 'Object Repository/object_reservation/button_Next'
	at com.kms.katalon.core.webui.keyword.internal.WebUIKeywordMain.stepFailed(WebUIKeywordMain.groovy:64)
	at com.kms.katalon.core.webui.keyword.internal.WebUIKeywordMain.runKeyword(WebUIKeywordMain.groovy:26)
	at com.kms.katalon.core.webui.keyword.builtin.ClickKeyword.click(ClickKeyword.groovy:99)
	at com.kms.katalon.core.webui.keyword.builtin.ClickKeyword.execute(ClickKeyword.groovy:43)
	at com.kms.katalon.core.keyword.internal.KeywordExecutor.executeKeywordForPlatform(KeywordExecutor.groovy:60)
	at com.kms.katalon.core.webui.keyword.WebUiBuiltInKeywords.click(WebUiBuiltInKeywords.groovy:616)
	at com.kms.katalon.core.webui.keyword.WebUiBuiltInKeywords$click$2.call(Unknown Source)
	at p4p_cancelReserEdit.run(p4p_cancelReserEdit:65)
	at com.kms.katalon.core.main.ScriptEngine.run(ScriptEngine.java:194)
	at com.kms.katalon.core.main.ScriptEngine.runScriptAsRawText(ScriptEngine.java:119)
	at com.kms.katalon.core.main.TestCaseExecutor.runScript(TestCaseExecutor.java:337)
	at com.kms.katalon.core.main.TestCaseExecutor.doExecute(TestCaseExecutor.java:328)
	at com.kms.katalon.core.main.TestCaseExecutor.processExecutionPhase(TestCaseExecutor.java:307)
	at com.kms.katalon.core.main.TestCaseExecutor.accessMainPhase(TestCaseExecutor.java:299)
	at com.kms.katalon.core.main.TestCaseExecutor.execute(TestCaseExecutor.java:233)
	at com.kms.katalon.core.main.TestSuiteExecutor.accessTestCaseMainPhase(TestSuiteExecutor.java:169)
	at com.kms.katalon.core.main.TestSuiteExecutor.accessTestSuiteMainPhase(TestSuiteExecutor.java:142)
	at com.kms.katalon.core.main.TestSuiteExecutor.execute(TestSuiteExecutor.java:91)
	at com.kms.katalon.core.main.TestCaseMain.startTestSuite(TestCaseMain.java:157)
	at com.kms.katalon.core.main.TestCaseMain$startTestSuite$0.call(Unknown Source)
	at TempTestSuite1577117416756.run(TempTestSuite1577117416756.groovy:36)
Caused by: com.kms.katalon.core.webui.exception.WebElementNotFoundException: Web element with id: 'Object Repository/object_reservation/button_Next' located by 'By.xpath: (//button[@type='button'])[10]' not found
	at com.kms.katalon.core.webui.common.WebUiCommonHelper.findWebElement(WebUiCommonHelper.java:1113)
	at com.kms.katalon.core.webui.keyword.internal.WebUIAbstractKeyword.findWebElement(WebUIAbstractKeyword.groovy:27)
	at com.kms.katalon.core.webui.keyword.internal.WebUIAbstractKeyword.findWebElement(WebUIAbstractKeyword.groovy:26)
	at com.kms.katalon.core.webui.keyword.builtin.ClickKeyword$_click_closure1.doCall(ClickKeyword.groovy:68)
	at com.kms.katalon.core.webui.keyword.builtin.ClickKeyword$_click_closure1.call(ClickKeyword.groovy)
	at com.kms.katalon.core.webui.keyword.internal.WebUIKeywordMain.runKeyword(WebUIKeywordMain.groovy:20)
	at com.kms.katalon.core.webui.keyword.builtin.ClickKeyword.click(ClickKeyword.groovy:99)
	at com.kms.katalon.core.webui.keyword.builtin.ClickKeyword.execute(ClickKeyword.groovy:43)
	at com.kms.katalon.core.keyword.internal.KeywordExecutor.executeKeywordForPlatform(KeywordExecutor.groovy:60)
	at com.kms.katalon.core.webui.keyword.WebUiBuiltInKeywords.click(WebUiBuiltInKeywords.groovy:616)
	at com.kms.katalon.core.webui.keyword.WebUiBuiltInKeywords$click$2.call(Unknown Source)
	at Script1575908897768.run(Script1575908897768.groovy:65)
	... 13 more
)

2019-12-23 10:21:53 - [MESSAGE][INFO] - Unable to find the element located by 'By.xpath: (//button[@type='button'])[10]'. Please recheck the objects properties to make sure the desired element is located. 

2019-12-23 10:21:53 - [MESSAGE][FAILED] - Unable to click on object 'Object Repository/object_reservation/button_Next' (Root cause: com.kms.katalon.core.exception.StepFailedException: Unable to click on object 'Object Repository/object_reservation/button_Next'
	at com.kms.katalon.core.webui.keyword.internal.WebUIKeywordMain.stepFailed(WebUIKeywordMain.groovy:64)
	at com.kms.katalon.core.webui.keyword.internal.WebUIKeywordMain.runKeyword(WebUIKeywordMain.groovy:26)
	at com.kms.katalon.core.webui.keyword.builtin.ClickKeyword.click(ClickKeyword.groovy:99)
	at com.kms.katalon.core.webui.keyword.builtin.ClickKeyword.execute(ClickKeyword.groovy:43)
	at com.kms.katalon.core.keyword.internal.KeywordExecutor.executeKeywordForPlatform(KeywordExecutor.groovy:60)
	at com.kms.katalon.core.webui.keyword.WebUiBuiltInKeywords.click(WebUiBuiltInKeywords.groovy:616)
	at com.kms.katalon.core.webui.keyword.WebUiBuiltInKeywords$click$2.call(Unknown Source)
	at p4p_cancelReserEdit.run(p4p_cancelReserEdit:65)
	at com.kms.katalon.core.main.ScriptEngine.run(ScriptEngine.java:194)
	at com.kms.katalon.core.main.ScriptEngine.runScriptAsRawText(ScriptEngine.java:119)
	at com.kms.katalon.core.main.TestCaseExecutor.runScript(TestCaseExecutor.java:337)
	at com.kms.katalon.core.main.TestCaseExecutor.doExecute(TestCaseExecutor.java:328)
	at com.kms.katalon.core.main.TestCaseExecutor.processExecutionPhase(TestCaseExecutor.java:307)
	at com.kms.katalon.core.main.TestCaseExecutor.accessMainPhase(TestCaseExecutor.java:299)
	at com.kms.katalon.core.main.TestCaseExecutor.execute(TestCaseExecutor.java:233)
	at com.kms.katalon.core.main.TestSuiteExecutor.accessTestCaseMainPhase(TestSuiteExecutor.java:169)
	at com.kms.katalon.core.main.TestSuiteExecutor.accessTestSuiteMainPhase(TestSuiteExecutor.java:142)
	at com.kms.katalon.core.main.TestSuiteExecutor.execute(TestSuiteExecutor.java:91)
	at com.kms.katalon.core.main.TestCaseMain.startTestSuite(TestCaseMain.java:157)
	at com.kms.katalon.core.main.TestCaseMain$startTestSuite$0.call(Unknown Source)
	at TempTestSuite1577117416756.run(TempTestSuite1577117416756.groovy:36)
Caused by: com.kms.katalon.core.webui.exception.WebElementNotFoundException: Web element with id: 'Object Repository/object_reservation/button_Next' located by 'By.xpath: (//button[@type='button'])[10]' not found
	at com.kms.katalon.core.webui.common.WebUiCommonHelper.findWebElement(WebUiCommonHelper.java:1113)
	at com.kms.katalon.core.webui.keyword.internal.WebUIAbstractKeyword.findWebElement(WebUIAbstractKeyword.groovy:27)
	at com.kms.katalon.core.webui.keyword.internal.WebUIAbstractKeyword.findWebElement(WebUIAbstractKeyword.groovy:26)
	at com.kms.katalon.core.webui.keyword.builtin.ClickKeyword$_click_closure1.doCall(ClickKeyword.groovy:68)
	at com.kms.katalon.core.webui.keyword.builtin.ClickKeyword$_click_closure1.call(ClickKeyword.groovy)
	at com.kms.katalon.core.webui.keyword.internal.WebUIKeywordMain.runKeyword(WebUIKeywordMain.groovy:20)
	at com.kms.katalon.core.webui.keyword.builtin.ClickKeyword.click(ClickKeyword.groovy:99)
	at com.kms.katalon.core.webui.keyword.builtin.ClickKeyword.execute(ClickKeyword.groovy:43)
	at com.kms.katalon.core.keyword.internal.KeywordExecutor.executeKeywordForPlatform(KeywordExecutor.groovy:60)
	at com.kms.katalon.core.webui.keyword.WebUiBuiltInKeywords.click(WebUiBuiltInKeywords.groovy:616)
	at com.kms.katalon.core.webui.keyword.WebUiBuiltInKeywords$click$2.call(Unknown Source)
	at Script1575908897768.run(Script1575908897768.groovy:65)
	... 13 more
)
[[ATTACHMENT|/home/leonardo-arkusmty/Documents/workspaceKatalon/p4ptest/Reports/20191223_101016/ts_newBoardingSpaserviceCancel/20191223_101016/1577118113620.png]]]]></system-out>
         <system-err><![CDATA[2019-12-23 10:20:35 - [TEST_CASE][FAILED] - Test Cases/p4p_cancelReserEdit: Test Cases/p4p_cancelReserEdit FAILED.
Reason:
com.kms.katalon.core.exception.StepFailedException: Unable to click on object 'Object Repository/object_reservation/button_Next'
	at com.kms.katalon.core.webui.keyword.internal.WebUIKeywordMain.stepFailed(WebUIKeywordMain.groovy:64)
	at com.kms.katalon.core.webui.keyword.internal.WebUIKeywordMain.runKeyword(WebUIKeywordMain.groovy:26)
	at com.kms.katalon.core.webui.keyword.builtin.ClickKeyword.click(ClickKeyword.groovy:99)
	at com.kms.katalon.core.webui.keyword.builtin.ClickKeyword.execute(ClickKeyword.groovy:43)
	at com.kms.katalon.core.keyword.internal.KeywordExecutor.executeKeywordForPlatform(KeywordExecutor.groovy:60)
	at com.kms.katalon.core.webui.keyword.WebUiBuiltInKeywords.click(WebUiBuiltInKeywords.groovy:616)
	at com.kms.katalon.core.webui.keyword.WebUiBuiltInKeywords$click$2.call(Unknown Source)
	at p4p_cancelReserEdit.run(p4p_cancelReserEdit:65)
	at com.kms.katalon.core.main.ScriptEngine.run(ScriptEngine.java:194)
	at com.kms.katalon.core.main.ScriptEngine.runScriptAsRawText(ScriptEngine.java:119)
	at com.kms.katalon.core.main.TestCaseExecutor.runScript(TestCaseExecutor.java:337)
	at com.kms.katalon.core.main.TestCaseExecutor.doExecute(TestCaseExecutor.java:328)
	at com.kms.katalon.core.main.TestCaseExecutor.processExecutionPhase(TestCaseExecutor.java:307)
	at com.kms.katalon.core.main.TestCaseExecutor.accessMainPhase(TestCaseExecutor.java:299)
	at com.kms.katalon.core.main.TestCaseExecutor.execute(TestCaseExecutor.java:233)
	at com.kms.katalon.core.main.TestSuiteExecutor.accessTestCaseMainPhase(TestSuiteExecutor.java:169)
	at com.kms.katalon.core.main.TestSuiteExecutor.accessTestSuiteMainPhase(TestSuiteExecutor.java:142)
	at com.kms.katalon.core.main.TestSuiteExecutor.execute(TestSuiteExecutor.java:91)
	at com.kms.katalon.core.main.TestCaseMain.startTestSuite(TestCaseMain.java:157)
	at com.kms.katalon.core.main.TestCaseMain$startTestSuite$0.call(Unknown Source)
	at TempTestSuite1577117416756.run(TempTestSuite1577117416756.groovy:36)
Caused by: com.kms.katalon.core.webui.exception.WebElementNotFoundException: Web element with id: 'Object Repository/object_reservation/button_Next' located by 'By.xpath: (//button[@type='button'])[10]' not found
	at com.kms.katalon.core.webui.common.WebUiCommonHelper.findWebElement(WebUiCommonHelper.java:1113)
	at com.kms.katalon.core.webui.keyword.internal.WebUIAbstractKeyword.findWebElement(WebUIAbstractKeyword.groovy:27)
	at com.kms.katalon.core.webui.keyword.internal.WebUIAbstractKeyword.findWebElement(WebUIAbstractKeyword.groovy:26)
	at com.kms.katalon.core.webui.keyword.builtin.ClickKeyword$_click_closure1.doCall(ClickKeyword.groovy:68)
	at com.kms.katalon.core.webui.keyword.builtin.ClickKeyword$_click_closure1.call(ClickKeyword.groovy)
	at com.kms.katalon.core.webui.keyword.internal.WebUIKeywordMain.runKeyword(WebUIKeywordMain.groovy:20)
	... 19 more]]></system-err>
      </testcase>
      <testcase name="Test Cases/p4p_cancelReserEdit" time="80.834" classname="Test Cases/p4p_cancelReserEdit" status="FAILED">
         <failure type="FAILED" message="Test Cases/p4p_cancelReserEdit FAILED.
Reason:
com.kms.katalon.core.exception.StepFailedException: Unable to click on object 'Object Repository/object_reservation/button_Next'
	at com.kms.katalon.core.webui.keyword.internal.WebUIKeywordMain.stepFailed(WebUIKeywordMain.groovy:64)
	at com.kms.katalon.core.webui.keyword.internal.WebUIKeywordMain.runKeyword(WebUIKeywordMain.groovy:26)
	at com.kms.katalon.core.webui.keyword.builtin.ClickKeyword.click(ClickKeyword.groovy:99)
	at com.kms.katalon.core.webui.keyword.builtin.ClickKeyword.execute(ClickKeyword.groovy:43)
	at com.kms.katalon.core.keyword.internal.KeywordExecutor.executeKeywordForPlatform(KeywordExecutor.groovy:60)
	at com.kms.katalon.core.webui.keyword.WebUiBuiltInKeywords.click(WebUiBuiltInKeywords.groovy:616)
	at com.kms.katalon.core.webui.keyword.WebUiBuiltInKeywords$click$2.call(Unknown Source)
	at p4p_cancelReserEdit.run(p4p_cancelReserEdit:65)
	at com.kms.katalon.core.main.ScriptEngine.run(ScriptEngine.java:194)
	at com.kms.katalon.core.main.ScriptEngine.runScriptAsRawText(ScriptEngine.java:119)
	at com.kms.katalon.core.main.TestCaseExecutor.runScript(TestCaseExecutor.java:337)
	at com.kms.katalon.core.main.TestCaseExecutor.doExecute(TestCaseExecutor.java:328)
	at com.kms.katalon.core.main.TestCaseExecutor.processExecutionPhase(TestCaseExecutor.java:307)
	at com.kms.katalon.core.main.TestCaseExecutor.accessMainPhase(TestCaseExecutor.java:299)
	at com.kms.katalon.core.main.TestCaseExecutor.execute(TestCaseExecutor.java:233)
	at com.kms.katalon.core.main.TestSuiteExecutor.accessTestCaseMainPhase(TestSuiteExecutor.java:169)
	at com.kms.katalon.core.main.TestSuiteExecutor.accessTestSuiteMainPhase(TestSuiteExecutor.java:142)
	at com.kms.katalon.core.main.TestSuiteExecutor.execute(TestSuiteExecutor.java:91)
	at com.kms.katalon.core.main.TestCaseMain.startTestSuite(TestCaseMain.java:157)
	at com.kms.katalon.core.main.TestCaseMain$startTestSuite$0.call(Unknown Source)
	at TempTestSuite1577117416756.run(TempTestSuite1577117416756.groovy:36)
Caused by: com.kms.katalon.core.webui.exception.WebElementNotFoundException: Web element with id: 'Object Repository/object_reservation/button_Next' located by 'By.xpath: (//button[@type='button'])[10]' not found
	at com.kms.katalon.core.webui.common.WebUiCommonHelper.findWebElement(WebUiCommonHelper.java:1113)
	at com.kms.katalon.core.webui.keyword.internal.WebUIAbstractKeyword.findWebElement(WebUIAbstractKeyword.groovy:27)
	at com.kms.katalon.core.webui.keyword.internal.WebUIAbstractKeyword.findWebElement(WebUIAbstractKeyword.groovy:26)
	at com.kms.katalon.core.webui.keyword.builtin.ClickKeyword$_click_closure1.doCall(ClickKeyword.groovy:68)
	at com.kms.katalon.core.webui.keyword.builtin.ClickKeyword$_click_closure1.call(ClickKeyword.groovy)
	at com.kms.katalon.core.webui.keyword.internal.WebUIKeywordMain.runKeyword(WebUIKeywordMain.groovy:20)
	... 19 more
"/>
         <system-out><![CDATA[2019-12-23 10:21:53 - [TEST_CASE][FAILED] - Test Cases/p4p_cancelReserEdit: Test Cases/p4p_cancelReserEdit FAILED.
Reason:
com.kms.katalon.core.exception.StepFailedException: Unable to click on object 'Object Repository/object_reservation/button_Next'
	at com.kms.katalon.core.webui.keyword.internal.WebUIKeywordMain.stepFailed(WebUIKeywordMain.groovy:64)
	at com.kms.katalon.core.webui.keyword.internal.WebUIKeywordMain.runKeyword(WebUIKeywordMain.groovy:26)
	at com.kms.katalon.core.webui.keyword.builtin.ClickKeyword.click(ClickKeyword.groovy:99)
	at com.kms.katalon.core.webui.keyword.builtin.ClickKeyword.execute(ClickKeyword.groovy:43)
	at com.kms.katalon.core.keyword.internal.KeywordExecutor.executeKeywordForPlatform(KeywordExecutor.groovy:60)
	at com.kms.katalon.core.webui.keyword.WebUiBuiltInKeywords.click(WebUiBuiltInKeywords.groovy:616)
	at com.kms.katalon.core.webui.keyword.WebUiBuiltInKeywords$click$2.call(Unknown Source)
	at p4p_cancelReserEdit.run(p4p_cancelReserEdit:65)
	at com.kms.katalon.core.main.ScriptEngine.run(ScriptEngine.java:194)
	at com.kms.katalon.core.main.ScriptEngine.runScriptAsRawText(ScriptEngine.java:119)
	at com.kms.katalon.core.main.TestCaseExecutor.runScript(TestCaseExecutor.java:337)
	at com.kms.katalon.core.main.TestCaseExecutor.doExecute(TestCaseExecutor.java:328)
	at com.kms.katalon.core.main.TestCaseExecutor.processExecutionPhase(TestCaseExecutor.java:307)
	at com.kms.katalon.core.main.TestCaseExecutor.accessMainPhase(TestCaseExecutor.java:299)
	at com.kms.katalon.core.main.TestCaseExecutor.execute(TestCaseExecutor.java:233)
	at com.kms.katalon.core.main.TestSuiteExecutor.accessTestCaseMainPhase(TestSuiteExecutor.java:169)
	at com.kms.katalon.core.main.TestSuiteExecutor.accessTestSuiteMainPhase(TestSuiteExecutor.java:142)
	at com.kms.katalon.core.main.TestSuiteExecutor.execute(TestSuiteExecutor.java:91)
	at com.kms.katalon.core.main.TestCaseMain.startTestSuite(TestCaseMain.java:157)
	at com.kms.katalon.core.main.TestCaseMain$startTestSuite$0.call(Unknown Source)
	at TempTestSuite1577117416756.run(TempTestSuite1577117416756.groovy:36)
Caused by: com.kms.katalon.core.webui.exception.WebElementNotFoundException: Web element with id: 'Object Repository/object_reservation/button_Next' located by 'By.xpath: (//button[@type='button'])[10]' not found
	at com.kms.katalon.core.webui.common.WebUiCommonHelper.findWebElement(WebUiCommonHelper.java:1113)
	at com.kms.katalon.core.webui.keyword.internal.WebUIAbstractKeyword.findWebElement(WebUIAbstractKeyword.groovy:27)
	at com.kms.katalon.core.webui.keyword.internal.WebUIAbstractKeyword.findWebElement(WebUIAbstractKeyword.groovy:26)
	at com.kms.katalon.core.webui.keyword.builtin.ClickKeyword$_click_closure1.doCall(ClickKeyword.groovy:68)
	at com.kms.katalon.core.webui.keyword.builtin.ClickKeyword$_click_closure1.call(ClickKeyword.groovy)
	at com.kms.katalon.core.webui.keyword.internal.WebUIKeywordMain.runKeyword(WebUIKeywordMain.groovy:20)
	... 19 more


2019-12-23 10:21:53 - [TEST_STEP][PASSED] - openBrowser("https://p4p-qa-bg.aws.paradise4paws.com/login/"): Browser is opened with url: 'https://p4p-qa-bg.aws.paradise4paws.com/login/'

2019-12-23 10:21:53 - [MESSAGE][WARNING] - A browser is already opened. Closing browser and opening a new one

2019-12-23 10:21:54 - [MESSAGE][INFO] - Starting 'Firefox' driver

2019-12-23 10:21:58 - [MESSAGE][PASSED] - Browser is opened with url: 'https://p4p-qa-bg.aws.paradise4paws.com/login/'

2019-12-23 10:21:58 - [TEST_STEP][PASSED] - setText(findTestObject("Object Repository/object_login/input_user"), var_user): Text 'jegchavez@gmail.com' is set on object 'Object Repository/object_login/input_user'

2019-12-23 10:21:59 - [MESSAGE][PASSED] - Text 'jegchavez@gmail.com' is set on object 'Object Repository/object_login/input_user'

2019-12-23 10:21:59 - [TEST_STEP][PASSED] - setText(findTestObject("Object Repository/object_login/input_pass"), var_pass): Text 'admin1' is set on object 'Object Repository/object_login/input_pass'

2019-12-23 10:21:59 - [MESSAGE][PASSED] - Text 'admin1' is set on object 'Object Repository/object_login/input_pass'

2019-12-23 10:21:59 - [TEST_STEP][PASSED] - delay(2): Delayed 2 second(s)

2019-12-23 10:22:01 - [MESSAGE][PASSED] - Delayed 2 second(s)

2019-12-23 10:22:01 - [TEST_STEP][PASSED] - verifyElementClickable(findTestObject("Object Repository/object_login/btn_login")): Object 'Object Repository/object_login/btn_login' is clickable

2019-12-23 10:22:01 - [MESSAGE][PASSED] - Object 'Object Repository/object_login/btn_login' is clickable

2019-12-23 10:22:01 - [TEST_STEP][PASSED] - click(findTestObject("Object Repository/object_login/btn_login")): Object: 'Object Repository/object_login/btn_login' is clicked on

2019-12-23 10:22:10 - [MESSAGE][PASSED] - Object: 'Object Repository/object_login/btn_login' is clicked on

2019-12-23 10:22:10 - [TEST_STEP][PASSED] - delay(2): Delayed 2 second(s)

2019-12-23 10:22:12 - [MESSAGE][PASSED] - Delayed 2 second(s)

2019-12-23 10:22:12 - [TEST_STEP][PASSED] - setText(findTestObject("Object Repository/object_dashboard_emp/input_search"), var_mailParent): Text 'test@test.test' is set on object 'Object Repository/object_dashboard_emp/input_search'

2019-12-23 10:22:12 - [MESSAGE][PASSED] - Text 'test@test.test' is set on object 'Object Repository/object_dashboard_emp/input_search'

2019-12-23 10:22:12 - [TEST_STEP][PASSED] - click(findTestObject("Object Repository/object_dashboard_emp/btn_accountSearch")): Object: 'Object Repository/object_dashboard_emp/btn_accountSearch' is clicked on

2019-12-23 10:22:14 - [MESSAGE][PASSED] - Object: 'Object Repository/object_dashboard_emp/btn_accountSearch' is clicked on

2019-12-23 10:22:14 - [TEST_STEP][PASSED] - delay(2): Delayed 2 second(s)

2019-12-23 10:22:16 - [MESSAGE][PASSED] - Delayed 2 second(s)

2019-12-23 10:22:16 - [TEST_STEP][PASSED] - click(findTestObject("object_accountInformation/a_TEST GABRIEL PROD")): Object: 'Object Repository/object_accountInformation/a_TEST GABRIEL PROD' is clicked on

2019-12-23 10:22:22 - [MESSAGE][PASSED] - Object: 'Object Repository/object_accountInformation/a_TEST GABRIEL PROD' is clicked on

2019-12-23 10:22:22 - [TEST_STEP][PASSED] - delay(1): Delayed 1 second(s)

2019-12-23 10:22:23 - [MESSAGE][PASSED] - Delayed 1 second(s)

2019-12-23 10:22:23 - [TEST_STEP][PASSED] - a = var_url1 + var_idReservation + var_url2 + var_idParent: null

2019-12-23 10:22:23 - [TEST_STEP][PASSED] - delay(4): Delayed 4 second(s)

2019-12-23 10:22:27 - [MESSAGE][PASSED] - Delayed 4 second(s)

2019-12-23 10:22:27 - [TEST_STEP][PASSED] - log = new com.kms.katalon.core.logging.KeywordLogger(): null

2019-12-23 10:22:27 - [TEST_STEP][PASSED] - log.logInfo("URL: " + a): URL: https://p4p-qa-bg.aws.paradise4paws.com/frontdesk/reservation/
/?parent_id=122350

2019-12-23 10:22:27 - [MESSAGE][INFO] - URL: https://p4p-qa-bg.aws.paradise4paws.com/frontdesk/reservation/
/?parent_id=122350

2019-12-23 10:22:27 - [TEST_STEP][PASSED] - navigateToUrl(a): Navigate to 'https://p4p-qa-bg.aws.paradise4paws.com/frontdesk/reservation/
/?parent_id=122350' successfully

2019-12-23 10:22:27 - [MESSAGE][PASSED] - Navigate to 'https://p4p-qa-bg.aws.paradise4paws.com/frontdesk/reservation/
/?parent_id=122350' successfully

2019-12-23 10:22:27 - [TEST_STEP][PASSED] - delay(3): Delayed 3 second(s)

2019-12-23 10:22:30 - [MESSAGE][PASSED] - Delayed 3 second(s)

2019-12-23 10:22:30 - [TEST_STEP][FAILED] - click(findTestObject("object_reservation/button_Next")): Unable to click on object 'Object Repository/object_reservation/button_Next' (Root cause: com.kms.katalon.core.exception.StepFailedException: Unable to click on object 'Object Repository/object_reservation/button_Next'
	at com.kms.katalon.core.webui.keyword.internal.WebUIKeywordMain.stepFailed(WebUIKeywordMain.groovy:64)
	at com.kms.katalon.core.webui.keyword.internal.WebUIKeywordMain.runKeyword(WebUIKeywordMain.groovy:26)
	at com.kms.katalon.core.webui.keyword.builtin.ClickKeyword.click(ClickKeyword.groovy:99)
	at com.kms.katalon.core.webui.keyword.builtin.ClickKeyword.execute(ClickKeyword.groovy:43)
	at com.kms.katalon.core.keyword.internal.KeywordExecutor.executeKeywordForPlatform(KeywordExecutor.groovy:60)
	at com.kms.katalon.core.webui.keyword.WebUiBuiltInKeywords.click(WebUiBuiltInKeywords.groovy:616)
	at com.kms.katalon.core.webui.keyword.WebUiBuiltInKeywords$click$2.call(Unknown Source)
	at p4p_cancelReserEdit.run(p4p_cancelReserEdit:65)
	at com.kms.katalon.core.main.ScriptEngine.run(ScriptEngine.java:194)
	at com.kms.katalon.core.main.ScriptEngine.runScriptAsRawText(ScriptEngine.java:119)
	at com.kms.katalon.core.main.TestCaseExecutor.runScript(TestCaseExecutor.java:337)
	at com.kms.katalon.core.main.TestCaseExecutor.doExecute(TestCaseExecutor.java:328)
	at com.kms.katalon.core.main.TestCaseExecutor.processExecutionPhase(TestCaseExecutor.java:307)
	at com.kms.katalon.core.main.TestCaseExecutor.accessMainPhase(TestCaseExecutor.java:299)
	at com.kms.katalon.core.main.TestCaseExecutor.execute(TestCaseExecutor.java:233)
	at com.kms.katalon.core.main.TestSuiteExecutor.accessTestCaseMainPhase(TestSuiteExecutor.java:169)
	at com.kms.katalon.core.main.TestSuiteExecutor.accessTestSuiteMainPhase(TestSuiteExecutor.java:142)
	at com.kms.katalon.core.main.TestSuiteExecutor.execute(TestSuiteExecutor.java:91)
	at com.kms.katalon.core.main.TestCaseMain.startTestSuite(TestCaseMain.java:157)
	at com.kms.katalon.core.main.TestCaseMain$startTestSuite$0.call(Unknown Source)
	at TempTestSuite1577117416756.run(TempTestSuite1577117416756.groovy:36)
Caused by: com.kms.katalon.core.webui.exception.WebElementNotFoundException: Web element with id: 'Object Repository/object_reservation/button_Next' located by 'By.xpath: (//button[@type='button'])[10]' not found
	at com.kms.katalon.core.webui.common.WebUiCommonHelper.findWebElement(WebUiCommonHelper.java:1113)
	at com.kms.katalon.core.webui.keyword.internal.WebUIAbstractKeyword.findWebElement(WebUIAbstractKeyword.groovy:27)
	at com.kms.katalon.core.webui.keyword.internal.WebUIAbstractKeyword.findWebElement(WebUIAbstractKeyword.groovy:26)
	at com.kms.katalon.core.webui.keyword.builtin.ClickKeyword$_click_closure1.doCall(ClickKeyword.groovy:68)
	at com.kms.katalon.core.webui.keyword.builtin.ClickKeyword$_click_closure1.call(ClickKeyword.groovy)
	at com.kms.katalon.core.webui.keyword.internal.WebUIKeywordMain.runKeyword(WebUIKeywordMain.groovy:20)
	at com.kms.katalon.core.webui.keyword.builtin.ClickKeyword.click(ClickKeyword.groovy:99)
	at com.kms.katalon.core.webui.keyword.builtin.ClickKeyword.execute(ClickKeyword.groovy:43)
	at com.kms.katalon.core.keyword.internal.KeywordExecutor.executeKeywordForPlatform(KeywordExecutor.groovy:60)
	at com.kms.katalon.core.webui.keyword.WebUiBuiltInKeywords.click(WebUiBuiltInKeywords.groovy:616)
	at com.kms.katalon.core.webui.keyword.WebUiBuiltInKeywords$click$2.call(Unknown Source)
	at Script1575908897768.run(Script1575908897768.groovy:65)
	... 13 more
)

2019-12-23 10:23:14 - [MESSAGE][INFO] - Unable to find the element located by 'By.xpath: (//button[@type='button'])[10]'. Please recheck the objects properties to make sure the desired element is located. 

2019-12-23 10:23:14 - [MESSAGE][FAILED] - Unable to click on object 'Object Repository/object_reservation/button_Next' (Root cause: com.kms.katalon.core.exception.StepFailedException: Unable to click on object 'Object Repository/object_reservation/button_Next'
	at com.kms.katalon.core.webui.keyword.internal.WebUIKeywordMain.stepFailed(WebUIKeywordMain.groovy:64)
	at com.kms.katalon.core.webui.keyword.internal.WebUIKeywordMain.runKeyword(WebUIKeywordMain.groovy:26)
	at com.kms.katalon.core.webui.keyword.builtin.ClickKeyword.click(ClickKeyword.groovy:99)
	at com.kms.katalon.core.webui.keyword.builtin.ClickKeyword.execute(ClickKeyword.groovy:43)
	at com.kms.katalon.core.keyword.internal.KeywordExecutor.executeKeywordForPlatform(KeywordExecutor.groovy:60)
	at com.kms.katalon.core.webui.keyword.WebUiBuiltInKeywords.click(WebUiBuiltInKeywords.groovy:616)
	at com.kms.katalon.core.webui.keyword.WebUiBuiltInKeywords$click$2.call(Unknown Source)
	at p4p_cancelReserEdit.run(p4p_cancelReserEdit:65)
	at com.kms.katalon.core.main.ScriptEngine.run(ScriptEngine.java:194)
	at com.kms.katalon.core.main.ScriptEngine.runScriptAsRawText(ScriptEngine.java:119)
	at com.kms.katalon.core.main.TestCaseExecutor.runScript(TestCaseExecutor.java:337)
	at com.kms.katalon.core.main.TestCaseExecutor.doExecute(TestCaseExecutor.java:328)
	at com.kms.katalon.core.main.TestCaseExecutor.processExecutionPhase(TestCaseExecutor.java:307)
	at com.kms.katalon.core.main.TestCaseExecutor.accessMainPhase(TestCaseExecutor.java:299)
	at com.kms.katalon.core.main.TestCaseExecutor.execute(TestCaseExecutor.java:233)
	at com.kms.katalon.core.main.TestSuiteExecutor.accessTestCaseMainPhase(TestSuiteExecutor.java:169)
	at com.kms.katalon.core.main.TestSuiteExecutor.accessTestSuiteMainPhase(TestSuiteExecutor.java:142)
	at com.kms.katalon.core.main.TestSuiteExecutor.execute(TestSuiteExecutor.java:91)
	at com.kms.katalon.core.main.TestCaseMain.startTestSuite(TestCaseMain.java:157)
	at com.kms.katalon.core.main.TestCaseMain$startTestSuite$0.call(Unknown Source)
	at TempTestSuite1577117416756.run(TempTestSuite1577117416756.groovy:36)
Caused by: com.kms.katalon.core.webui.exception.WebElementNotFoundException: Web element with id: 'Object Repository/object_reservation/button_Next' located by 'By.xpath: (//button[@type='button'])[10]' not found
	at com.kms.katalon.core.webui.common.WebUiCommonHelper.findWebElement(WebUiCommonHelper.java:1113)
	at com.kms.katalon.core.webui.keyword.internal.WebUIAbstractKeyword.findWebElement(WebUIAbstractKeyword.groovy:27)
	at com.kms.katalon.core.webui.keyword.internal.WebUIAbstractKeyword.findWebElement(WebUIAbstractKeyword.groovy:26)
	at com.kms.katalon.core.webui.keyword.builtin.ClickKeyword$_click_closure1.doCall(ClickKeyword.groovy:68)
	at com.kms.katalon.core.webui.keyword.builtin.ClickKeyword$_click_closure1.call(ClickKeyword.groovy)
	at com.kms.katalon.core.webui.keyword.internal.WebUIKeywordMain.runKeyword(WebUIKeywordMain.groovy:20)
	at com.kms.katalon.core.webui.keyword.builtin.ClickKeyword.click(ClickKeyword.groovy:99)
	at com.kms.katalon.core.webui.keyword.builtin.ClickKeyword.execute(ClickKeyword.groovy:43)
	at com.kms.katalon.core.keyword.internal.KeywordExecutor.executeKeywordForPlatform(KeywordExecutor.groovy:60)
	at com.kms.katalon.core.webui.keyword.WebUiBuiltInKeywords.click(WebUiBuiltInKeywords.groovy:616)
	at com.kms.katalon.core.webui.keyword.WebUiBuiltInKeywords$click$2.call(Unknown Source)
	at Script1575908897768.run(Script1575908897768.groovy:65)
	... 13 more
)
[[ATTACHMENT|/home/leonardo-arkusmty/Documents/workspaceKatalon/p4ptest/Reports/20191223_101016/ts_newBoardingSpaserviceCancel/20191223_101016/1577118194466.png]]]]></system-out>
         <system-err><![CDATA[2019-12-23 10:21:53 - [TEST_CASE][FAILED] - Test Cases/p4p_cancelReserEdit: Test Cases/p4p_cancelReserEdit FAILED.
Reason:
com.kms.katalon.core.exception.StepFailedException: Unable to click on object 'Object Repository/object_reservation/button_Next'
	at com.kms.katalon.core.webui.keyword.internal.WebUIKeywordMain.stepFailed(WebUIKeywordMain.groovy:64)
	at com.kms.katalon.core.webui.keyword.internal.WebUIKeywordMain.runKeyword(WebUIKeywordMain.groovy:26)
	at com.kms.katalon.core.webui.keyword.builtin.ClickKeyword.click(ClickKeyword.groovy:99)
	at com.kms.katalon.core.webui.keyword.builtin.ClickKeyword.execute(ClickKeyword.groovy:43)
	at com.kms.katalon.core.keyword.internal.KeywordExecutor.executeKeywordForPlatform(KeywordExecutor.groovy:60)
	at com.kms.katalon.core.webui.keyword.WebUiBuiltInKeywords.click(WebUiBuiltInKeywords.groovy:616)
	at com.kms.katalon.core.webui.keyword.WebUiBuiltInKeywords$click$2.call(Unknown Source)
	at p4p_cancelReserEdit.run(p4p_cancelReserEdit:65)
	at com.kms.katalon.core.main.ScriptEngine.run(ScriptEngine.java:194)
	at com.kms.katalon.core.main.ScriptEngine.runScriptAsRawText(ScriptEngine.java:119)
	at com.kms.katalon.core.main.TestCaseExecutor.runScript(TestCaseExecutor.java:337)
	at com.kms.katalon.core.main.TestCaseExecutor.doExecute(TestCaseExecutor.java:328)
	at com.kms.katalon.core.main.TestCaseExecutor.processExecutionPhase(TestCaseExecutor.java:307)
	at com.kms.katalon.core.main.TestCaseExecutor.accessMainPhase(TestCaseExecutor.java:299)
	at com.kms.katalon.core.main.TestCaseExecutor.execute(TestCaseExecutor.java:233)
	at com.kms.katalon.core.main.TestSuiteExecutor.accessTestCaseMainPhase(TestSuiteExecutor.java:169)
	at com.kms.katalon.core.main.TestSuiteExecutor.accessTestSuiteMainPhase(TestSuiteExecutor.java:142)
	at com.kms.katalon.core.main.TestSuiteExecutor.execute(TestSuiteExecutor.java:91)
	at com.kms.katalon.core.main.TestCaseMain.startTestSuite(TestCaseMain.java:157)
	at com.kms.katalon.core.main.TestCaseMain$startTestSuite$0.call(Unknown Source)
	at TempTestSuite1577117416756.run(TempTestSuite1577117416756.groovy:36)
Caused by: com.kms.katalon.core.webui.exception.WebElementNotFoundException: Web element with id: 'Object Repository/object_reservation/button_Next' located by 'By.xpath: (//button[@type='button'])[10]' not found
	at com.kms.katalon.core.webui.common.WebUiCommonHelper.findWebElement(WebUiCommonHelper.java:1113)
	at com.kms.katalon.core.webui.keyword.internal.WebUIAbstractKeyword.findWebElement(WebUIAbstractKeyword.groovy:27)
	at com.kms.katalon.core.webui.keyword.internal.WebUIAbstractKeyword.findWebElement(WebUIAbstractKeyword.groovy:26)
	at com.kms.katalon.core.webui.keyword.builtin.ClickKeyword$_click_closure1.doCall(ClickKeyword.groovy:68)
	at com.kms.katalon.core.webui.keyword.builtin.ClickKeyword$_click_closure1.call(ClickKeyword.groovy)
	at com.kms.katalon.core.webui.keyword.internal.WebUIKeywordMain.runKeyword(WebUIKeywordMain.groovy:20)
	... 19 more]]></system-err>
      </testcase>
      <testcase name="Test Cases/p4p_cancelReserEdit" time="74.836" classname="Test Cases/p4p_cancelReserEdit" status="FAILED">
         <failure type="FAILED" message="Test Cases/p4p_cancelReserEdit FAILED.
Reason:
com.kms.katalon.core.exception.StepFailedException: Unable to click on object 'Object Repository/object_reservation/button_Next'
	at com.kms.katalon.core.webui.keyword.internal.WebUIKeywordMain.stepFailed(WebUIKeywordMain.groovy:64)
	at com.kms.katalon.core.webui.keyword.internal.WebUIKeywordMain.runKeyword(WebUIKeywordMain.groovy:26)
	at com.kms.katalon.core.webui.keyword.builtin.ClickKeyword.click(ClickKeyword.groovy:99)
	at com.kms.katalon.core.webui.keyword.builtin.ClickKeyword.execute(ClickKeyword.groovy:43)
	at com.kms.katalon.core.keyword.internal.KeywordExecutor.executeKeywordForPlatform(KeywordExecutor.groovy:60)
	at com.kms.katalon.core.webui.keyword.WebUiBuiltInKeywords.click(WebUiBuiltInKeywords.groovy:616)
	at com.kms.katalon.core.webui.keyword.WebUiBuiltInKeywords$click$2.call(Unknown Source)
	at p4p_cancelReserEdit.run(p4p_cancelReserEdit:65)
	at com.kms.katalon.core.main.ScriptEngine.run(ScriptEngine.java:194)
	at com.kms.katalon.core.main.ScriptEngine.runScriptAsRawText(ScriptEngine.java:119)
	at com.kms.katalon.core.main.TestCaseExecutor.runScript(TestCaseExecutor.java:337)
	at com.kms.katalon.core.main.TestCaseExecutor.doExecute(TestCaseExecutor.java:328)
	at com.kms.katalon.core.main.TestCaseExecutor.processExecutionPhase(TestCaseExecutor.java:307)
	at com.kms.katalon.core.main.TestCaseExecutor.accessMainPhase(TestCaseExecutor.java:299)
	at com.kms.katalon.core.main.TestCaseExecutor.execute(TestCaseExecutor.java:233)
	at com.kms.katalon.core.main.TestSuiteExecutor.accessTestCaseMainPhase(TestSuiteExecutor.java:169)
	at com.kms.katalon.core.main.TestSuiteExecutor.accessTestSuiteMainPhase(TestSuiteExecutor.java:142)
	at com.kms.katalon.core.main.TestSuiteExecutor.execute(TestSuiteExecutor.java:91)
	at com.kms.katalon.core.main.TestCaseMain.startTestSuite(TestCaseMain.java:157)
	at com.kms.katalon.core.main.TestCaseMain$startTestSuite$0.call(Unknown Source)
	at TempTestSuite1577117416756.run(TempTestSuite1577117416756.groovy:36)
Caused by: com.kms.katalon.core.webui.exception.WebElementNotFoundException: Web element with id: 'Object Repository/object_reservation/button_Next' located by 'By.xpath: (//button[@type='button'])[10]' not found
	at com.kms.katalon.core.webui.common.WebUiCommonHelper.findWebElement(WebUiCommonHelper.java:1113)
	at com.kms.katalon.core.webui.keyword.internal.WebUIAbstractKeyword.findWebElement(WebUIAbstractKeyword.groovy:27)
	at com.kms.katalon.core.webui.keyword.internal.WebUIAbstractKeyword.findWebElement(WebUIAbstractKeyword.groovy:26)
	at com.kms.katalon.core.webui.keyword.builtin.ClickKeyword$_click_closure1.doCall(ClickKeyword.groovy:68)
	at com.kms.katalon.core.webui.keyword.builtin.ClickKeyword$_click_closure1.call(ClickKeyword.groovy)
	at com.kms.katalon.core.webui.keyword.internal.WebUIKeywordMain.runKeyword(WebUIKeywordMain.groovy:20)
	... 19 more
"/>
         <system-out><![CDATA[2019-12-23 10:23:14 - [TEST_CASE][FAILED] - Test Cases/p4p_cancelReserEdit: Test Cases/p4p_cancelReserEdit FAILED.
Reason:
com.kms.katalon.core.exception.StepFailedException: Unable to click on object 'Object Repository/object_reservation/button_Next'
	at com.kms.katalon.core.webui.keyword.internal.WebUIKeywordMain.stepFailed(WebUIKeywordMain.groovy:64)
	at com.kms.katalon.core.webui.keyword.internal.WebUIKeywordMain.runKeyword(WebUIKeywordMain.groovy:26)
	at com.kms.katalon.core.webui.keyword.builtin.ClickKeyword.click(ClickKeyword.groovy:99)
	at com.kms.katalon.core.webui.keyword.builtin.ClickKeyword.execute(ClickKeyword.groovy:43)
	at com.kms.katalon.core.keyword.internal.KeywordExecutor.executeKeywordForPlatform(KeywordExecutor.groovy:60)
	at com.kms.katalon.core.webui.keyword.WebUiBuiltInKeywords.click(WebUiBuiltInKeywords.groovy:616)
	at com.kms.katalon.core.webui.keyword.WebUiBuiltInKeywords$click$2.call(Unknown Source)
	at p4p_cancelReserEdit.run(p4p_cancelReserEdit:65)
	at com.kms.katalon.core.main.ScriptEngine.run(ScriptEngine.java:194)
	at com.kms.katalon.core.main.ScriptEngine.runScriptAsRawText(ScriptEngine.java:119)
	at com.kms.katalon.core.main.TestCaseExecutor.runScript(TestCaseExecutor.java:337)
	at com.kms.katalon.core.main.TestCaseExecutor.doExecute(TestCaseExecutor.java:328)
	at com.kms.katalon.core.main.TestCaseExecutor.processExecutionPhase(TestCaseExecutor.java:307)
	at com.kms.katalon.core.main.TestCaseExecutor.accessMainPhase(TestCaseExecutor.java:299)
	at com.kms.katalon.core.main.TestCaseExecutor.execute(TestCaseExecutor.java:233)
	at com.kms.katalon.core.main.TestSuiteExecutor.accessTestCaseMainPhase(TestSuiteExecutor.java:169)
	at com.kms.katalon.core.main.TestSuiteExecutor.accessTestSuiteMainPhase(TestSuiteExecutor.java:142)
	at com.kms.katalon.core.main.TestSuiteExecutor.execute(TestSuiteExecutor.java:91)
	at com.kms.katalon.core.main.TestCaseMain.startTestSuite(TestCaseMain.java:157)
	at com.kms.katalon.core.main.TestCaseMain$startTestSuite$0.call(Unknown Source)
	at TempTestSuite1577117416756.run(TempTestSuite1577117416756.groovy:36)
Caused by: com.kms.katalon.core.webui.exception.WebElementNotFoundException: Web element with id: 'Object Repository/object_reservation/button_Next' located by 'By.xpath: (//button[@type='button'])[10]' not found
	at com.kms.katalon.core.webui.common.WebUiCommonHelper.findWebElement(WebUiCommonHelper.java:1113)
	at com.kms.katalon.core.webui.keyword.internal.WebUIAbstractKeyword.findWebElement(WebUIAbstractKeyword.groovy:27)
	at com.kms.katalon.core.webui.keyword.internal.WebUIAbstractKeyword.findWebElement(WebUIAbstractKeyword.groovy:26)
	at com.kms.katalon.core.webui.keyword.builtin.ClickKeyword$_click_closure1.doCall(ClickKeyword.groovy:68)
	at com.kms.katalon.core.webui.keyword.builtin.ClickKeyword$_click_closure1.call(ClickKeyword.groovy)
	at com.kms.katalon.core.webui.keyword.internal.WebUIKeywordMain.runKeyword(WebUIKeywordMain.groovy:20)
	... 19 more


2019-12-23 10:23:14 - [TEST_STEP][PASSED] - openBrowser("https://p4p-qa-bg.aws.paradise4paws.com/login/"): Browser is opened with url: 'https://p4p-qa-bg.aws.paradise4paws.com/login/'

2019-12-23 10:23:14 - [MESSAGE][WARNING] - A browser is already opened. Closing browser and opening a new one

2019-12-23 10:23:15 - [MESSAGE][INFO] - Starting 'Firefox' driver

2019-12-23 10:23:18 - [MESSAGE][PASSED] - Browser is opened with url: 'https://p4p-qa-bg.aws.paradise4paws.com/login/'

2019-12-23 10:23:18 - [TEST_STEP][PASSED] - setText(findTestObject("Object Repository/object_login/input_user"), var_user): Text 'jegchavez@gmail.com' is set on object 'Object Repository/object_login/input_user'

2019-12-23 10:23:19 - [MESSAGE][PASSED] - Text 'jegchavez@gmail.com' is set on object 'Object Repository/object_login/input_user'

2019-12-23 10:23:19 - [TEST_STEP][PASSED] - setText(findTestObject("Object Repository/object_login/input_pass"), var_pass): Text 'admin1' is set on object 'Object Repository/object_login/input_pass'

2019-12-23 10:23:20 - [MESSAGE][PASSED] - Text 'admin1' is set on object 'Object Repository/object_login/input_pass'

2019-12-23 10:23:20 - [TEST_STEP][PASSED] - delay(2): Delayed 2 second(s)

2019-12-23 10:23:22 - [MESSAGE][PASSED] - Delayed 2 second(s)

2019-12-23 10:23:22 - [TEST_STEP][PASSED] - verifyElementClickable(findTestObject("Object Repository/object_login/btn_login")): Object 'Object Repository/object_login/btn_login' is clickable

2019-12-23 10:23:22 - [MESSAGE][PASSED] - Object 'Object Repository/object_login/btn_login' is clickable

2019-12-23 10:23:22 - [TEST_STEP][PASSED] - click(findTestObject("Object Repository/object_login/btn_login")): Object: 'Object Repository/object_login/btn_login' is clicked on

2019-12-23 10:23:25 - [MESSAGE][PASSED] - Object: 'Object Repository/object_login/btn_login' is clicked on

2019-12-23 10:23:25 - [TEST_STEP][PASSED] - delay(2): Delayed 2 second(s)

2019-12-23 10:23:27 - [MESSAGE][PASSED] - Delayed 2 second(s)

2019-12-23 10:23:27 - [TEST_STEP][PASSED] - setText(findTestObject("Object Repository/object_dashboard_emp/input_search"), var_mailParent): Text 'test@test.test' is set on object 'Object Repository/object_dashboard_emp/input_search'

2019-12-23 10:23:27 - [MESSAGE][PASSED] - Text 'test@test.test' is set on object 'Object Repository/object_dashboard_emp/input_search'

2019-12-23 10:23:27 - [TEST_STEP][PASSED] - click(findTestObject("Object Repository/object_dashboard_emp/btn_accountSearch")): Object: 'Object Repository/object_dashboard_emp/btn_accountSearch' is clicked on

2019-12-23 10:23:29 - [MESSAGE][PASSED] - Object: 'Object Repository/object_dashboard_emp/btn_accountSearch' is clicked on

2019-12-23 10:23:29 - [TEST_STEP][PASSED] - delay(2): Delayed 2 second(s)

2019-12-23 10:23:31 - [MESSAGE][PASSED] - Delayed 2 second(s)

2019-12-23 10:23:31 - [TEST_STEP][PASSED] - click(findTestObject("object_accountInformation/a_TEST GABRIEL PROD")): Object: 'Object Repository/object_accountInformation/a_TEST GABRIEL PROD' is clicked on

2019-12-23 10:23:37 - [MESSAGE][PASSED] - Object: 'Object Repository/object_accountInformation/a_TEST GABRIEL PROD' is clicked on

2019-12-23 10:23:37 - [TEST_STEP][PASSED] - delay(1): Delayed 1 second(s)

2019-12-23 10:23:38 - [MESSAGE][PASSED] - Delayed 1 second(s)

2019-12-23 10:23:38 - [TEST_STEP][PASSED] - a = var_url1 + var_idReservation + var_url2 + var_idParent: null

2019-12-23 10:23:38 - [TEST_STEP][PASSED] - delay(4): Delayed 4 second(s)

2019-12-23 10:23:42 - [MESSAGE][PASSED] - Delayed 4 second(s)

2019-12-23 10:23:42 - [TEST_STEP][PASSED] - log = new com.kms.katalon.core.logging.KeywordLogger(): null

2019-12-23 10:23:42 - [TEST_STEP][PASSED] - log.logInfo("URL: " + a): URL: https://p4p-qa-bg.aws.paradise4paws.com/frontdesk/reservation/
/?parent_id=122350

2019-12-23 10:23:42 - [MESSAGE][INFO] - URL: https://p4p-qa-bg.aws.paradise4paws.com/frontdesk/reservation/
/?parent_id=122350

2019-12-23 10:23:42 - [TEST_STEP][PASSED] - navigateToUrl(a): Navigate to 'https://p4p-qa-bg.aws.paradise4paws.com/frontdesk/reservation/
/?parent_id=122350' successfully

2019-12-23 10:23:42 - [MESSAGE][PASSED] - Navigate to 'https://p4p-qa-bg.aws.paradise4paws.com/frontdesk/reservation/
/?parent_id=122350' successfully

2019-12-23 10:23:42 - [TEST_STEP][PASSED] - delay(3): Delayed 3 second(s)

2019-12-23 10:23:45 - [MESSAGE][PASSED] - Delayed 3 second(s)

2019-12-23 10:23:45 - [TEST_STEP][FAILED] - click(findTestObject("object_reservation/button_Next")): Unable to click on object 'Object Repository/object_reservation/button_Next' (Root cause: com.kms.katalon.core.exception.StepFailedException: Unable to click on object 'Object Repository/object_reservation/button_Next'
	at com.kms.katalon.core.webui.keyword.internal.WebUIKeywordMain.stepFailed(WebUIKeywordMain.groovy:64)
	at com.kms.katalon.core.webui.keyword.internal.WebUIKeywordMain.runKeyword(WebUIKeywordMain.groovy:26)
	at com.kms.katalon.core.webui.keyword.builtin.ClickKeyword.click(ClickKeyword.groovy:99)
	at com.kms.katalon.core.webui.keyword.builtin.ClickKeyword.execute(ClickKeyword.groovy:43)
	at com.kms.katalon.core.keyword.internal.KeywordExecutor.executeKeywordForPlatform(KeywordExecutor.groovy:60)
	at com.kms.katalon.core.webui.keyword.WebUiBuiltInKeywords.click(WebUiBuiltInKeywords.groovy:616)
	at com.kms.katalon.core.webui.keyword.WebUiBuiltInKeywords$click$2.call(Unknown Source)
	at p4p_cancelReserEdit.run(p4p_cancelReserEdit:65)
	at com.kms.katalon.core.main.ScriptEngine.run(ScriptEngine.java:194)
	at com.kms.katalon.core.main.ScriptEngine.runScriptAsRawText(ScriptEngine.java:119)
	at com.kms.katalon.core.main.TestCaseExecutor.runScript(TestCaseExecutor.java:337)
	at com.kms.katalon.core.main.TestCaseExecutor.doExecute(TestCaseExecutor.java:328)
	at com.kms.katalon.core.main.TestCaseExecutor.processExecutionPhase(TestCaseExecutor.java:307)
	at com.kms.katalon.core.main.TestCaseExecutor.accessMainPhase(TestCaseExecutor.java:299)
	at com.kms.katalon.core.main.TestCaseExecutor.execute(TestCaseExecutor.java:233)
	at com.kms.katalon.core.main.TestSuiteExecutor.accessTestCaseMainPhase(TestSuiteExecutor.java:169)
	at com.kms.katalon.core.main.TestSuiteExecutor.accessTestSuiteMainPhase(TestSuiteExecutor.java:142)
	at com.kms.katalon.core.main.TestSuiteExecutor.execute(TestSuiteExecutor.java:91)
	at com.kms.katalon.core.main.TestCaseMain.startTestSuite(TestCaseMain.java:157)
	at com.kms.katalon.core.main.TestCaseMain$startTestSuite$0.call(Unknown Source)
	at TempTestSuite1577117416756.run(TempTestSuite1577117416756.groovy:36)
Caused by: com.kms.katalon.core.webui.exception.WebElementNotFoundException: Web element with id: 'Object Repository/object_reservation/button_Next' located by 'By.xpath: (//button[@type='button'])[10]' not found
	at com.kms.katalon.core.webui.common.WebUiCommonHelper.findWebElement(WebUiCommonHelper.java:1113)
	at com.kms.katalon.core.webui.keyword.internal.WebUIAbstractKeyword.findWebElement(WebUIAbstractKeyword.groovy:27)
	at com.kms.katalon.core.webui.keyword.internal.WebUIAbstractKeyword.findWebElement(WebUIAbstractKeyword.groovy:26)
	at com.kms.katalon.core.webui.keyword.builtin.ClickKeyword$_click_closure1.doCall(ClickKeyword.groovy:68)
	at com.kms.katalon.core.webui.keyword.builtin.ClickKeyword$_click_closure1.call(ClickKeyword.groovy)
	at com.kms.katalon.core.webui.keyword.internal.WebUIKeywordMain.runKeyword(WebUIKeywordMain.groovy:20)
	at com.kms.katalon.core.webui.keyword.builtin.ClickKeyword.click(ClickKeyword.groovy:99)
	at com.kms.katalon.core.webui.keyword.builtin.ClickKeyword.execute(ClickKeyword.groovy:43)
	at com.kms.katalon.core.keyword.internal.KeywordExecutor.executeKeywordForPlatform(KeywordExecutor.groovy:60)
	at com.kms.katalon.core.webui.keyword.WebUiBuiltInKeywords.click(WebUiBuiltInKeywords.groovy:616)
	at com.kms.katalon.core.webui.keyword.WebUiBuiltInKeywords$click$2.call(Unknown Source)
	at Script1575908897768.run(Script1575908897768.groovy:65)
	... 13 more
)

2019-12-23 10:24:29 - [MESSAGE][INFO] - Unable to find the element located by 'By.xpath: (//button[@type='button'])[10]'. Please recheck the objects properties to make sure the desired element is located. 

2019-12-23 10:24:29 - [MESSAGE][FAILED] - Unable to click on object 'Object Repository/object_reservation/button_Next' (Root cause: com.kms.katalon.core.exception.StepFailedException: Unable to click on object 'Object Repository/object_reservation/button_Next'
	at com.kms.katalon.core.webui.keyword.internal.WebUIKeywordMain.stepFailed(WebUIKeywordMain.groovy:64)
	at com.kms.katalon.core.webui.keyword.internal.WebUIKeywordMain.runKeyword(WebUIKeywordMain.groovy:26)
	at com.kms.katalon.core.webui.keyword.builtin.ClickKeyword.click(ClickKeyword.groovy:99)
	at com.kms.katalon.core.webui.keyword.builtin.ClickKeyword.execute(ClickKeyword.groovy:43)
	at com.kms.katalon.core.keyword.internal.KeywordExecutor.executeKeywordForPlatform(KeywordExecutor.groovy:60)
	at com.kms.katalon.core.webui.keyword.WebUiBuiltInKeywords.click(WebUiBuiltInKeywords.groovy:616)
	at com.kms.katalon.core.webui.keyword.WebUiBuiltInKeywords$click$2.call(Unknown Source)
	at p4p_cancelReserEdit.run(p4p_cancelReserEdit:65)
	at com.kms.katalon.core.main.ScriptEngine.run(ScriptEngine.java:194)
	at com.kms.katalon.core.main.ScriptEngine.runScriptAsRawText(ScriptEngine.java:119)
	at com.kms.katalon.core.main.TestCaseExecutor.runScript(TestCaseExecutor.java:337)
	at com.kms.katalon.core.main.TestCaseExecutor.doExecute(TestCaseExecutor.java:328)
	at com.kms.katalon.core.main.TestCaseExecutor.processExecutionPhase(TestCaseExecutor.java:307)
	at com.kms.katalon.core.main.TestCaseExecutor.accessMainPhase(TestCaseExecutor.java:299)
	at com.kms.katalon.core.main.TestCaseExecutor.execute(TestCaseExecutor.java:233)
	at com.kms.katalon.core.main.TestSuiteExecutor.accessTestCaseMainPhase(TestSuiteExecutor.java:169)
	at com.kms.katalon.core.main.TestSuiteExecutor.accessTestSuiteMainPhase(TestSuiteExecutor.java:142)
	at com.kms.katalon.core.main.TestSuiteExecutor.execute(TestSuiteExecutor.java:91)
	at com.kms.katalon.core.main.TestCaseMain.startTestSuite(TestCaseMain.java:157)
	at com.kms.katalon.core.main.TestCaseMain$startTestSuite$0.call(Unknown Source)
	at TempTestSuite1577117416756.run(TempTestSuite1577117416756.groovy:36)
Caused by: com.kms.katalon.core.webui.exception.WebElementNotFoundException: Web element with id: 'Object Repository/object_reservation/button_Next' located by 'By.xpath: (//button[@type='button'])[10]' not found
	at com.kms.katalon.core.webui.common.WebUiCommonHelper.findWebElement(WebUiCommonHelper.java:1113)
	at com.kms.katalon.core.webui.keyword.internal.WebUIAbstractKeyword.findWebElement(WebUIAbstractKeyword.groovy:27)
	at com.kms.katalon.core.webui.keyword.internal.WebUIAbstractKeyword.findWebElement(WebUIAbstractKeyword.groovy:26)
	at com.kms.katalon.core.webui.keyword.builtin.ClickKeyword$_click_closure1.doCall(ClickKeyword.groovy:68)
	at com.kms.katalon.core.webui.keyword.builtin.ClickKeyword$_click_closure1.call(ClickKeyword.groovy)
	at com.kms.katalon.core.webui.keyword.internal.WebUIKeywordMain.runKeyword(WebUIKeywordMain.groovy:20)
	at com.kms.katalon.core.webui.keyword.builtin.ClickKeyword.click(ClickKeyword.groovy:99)
	at com.kms.katalon.core.webui.keyword.builtin.ClickKeyword.execute(ClickKeyword.groovy:43)
	at com.kms.katalon.core.keyword.internal.KeywordExecutor.executeKeywordForPlatform(KeywordExecutor.groovy:60)
	at com.kms.katalon.core.webui.keyword.WebUiBuiltInKeywords.click(WebUiBuiltInKeywords.groovy:616)
	at com.kms.katalon.core.webui.keyword.WebUiBuiltInKeywords$click$2.call(Unknown Source)
	at Script1575908897768.run(Script1575908897768.groovy:65)
	... 13 more
)
[[ATTACHMENT|/home/leonardo-arkusmty/Documents/workspaceKatalon/p4ptest/Reports/20191223_101016/ts_newBoardingSpaserviceCancel/20191223_101016/1577118269319.png]]]]></system-out>
         <system-err><![CDATA[2019-12-23 10:23:14 - [TEST_CASE][FAILED] - Test Cases/p4p_cancelReserEdit: Test Cases/p4p_cancelReserEdit FAILED.
Reason:
com.kms.katalon.core.exception.StepFailedException: Unable to click on object 'Object Repository/object_reservation/button_Next'
	at com.kms.katalon.core.webui.keyword.internal.WebUIKeywordMain.stepFailed(WebUIKeywordMain.groovy:64)
	at com.kms.katalon.core.webui.keyword.internal.WebUIKeywordMain.runKeyword(WebUIKeywordMain.groovy:26)
	at com.kms.katalon.core.webui.keyword.builtin.ClickKeyword.click(ClickKeyword.groovy:99)
	at com.kms.katalon.core.webui.keyword.builtin.ClickKeyword.execute(ClickKeyword.groovy:43)
	at com.kms.katalon.core.keyword.internal.KeywordExecutor.executeKeywordForPlatform(KeywordExecutor.groovy:60)
	at com.kms.katalon.core.webui.keyword.WebUiBuiltInKeywords.click(WebUiBuiltInKeywords.groovy:616)
	at com.kms.katalon.core.webui.keyword.WebUiBuiltInKeywords$click$2.call(Unknown Source)
	at p4p_cancelReserEdit.run(p4p_cancelReserEdit:65)
	at com.kms.katalon.core.main.ScriptEngine.run(ScriptEngine.java:194)
	at com.kms.katalon.core.main.ScriptEngine.runScriptAsRawText(ScriptEngine.java:119)
	at com.kms.katalon.core.main.TestCaseExecutor.runScript(TestCaseExecutor.java:337)
	at com.kms.katalon.core.main.TestCaseExecutor.doExecute(TestCaseExecutor.java:328)
	at com.kms.katalon.core.main.TestCaseExecutor.processExecutionPhase(TestCaseExecutor.java:307)
	at com.kms.katalon.core.main.TestCaseExecutor.accessMainPhase(TestCaseExecutor.java:299)
	at com.kms.katalon.core.main.TestCaseExecutor.execute(TestCaseExecutor.java:233)
	at com.kms.katalon.core.main.TestSuiteExecutor.accessTestCaseMainPhase(TestSuiteExecutor.java:169)
	at com.kms.katalon.core.main.TestSuiteExecutor.accessTestSuiteMainPhase(TestSuiteExecutor.java:142)
	at com.kms.katalon.core.main.TestSuiteExecutor.execute(TestSuiteExecutor.java:91)
	at com.kms.katalon.core.main.TestCaseMain.startTestSuite(TestCaseMain.java:157)
	at com.kms.katalon.core.main.TestCaseMain$startTestSuite$0.call(Unknown Source)
	at TempTestSuite1577117416756.run(TempTestSuite1577117416756.groovy:36)
Caused by: com.kms.katalon.core.webui.exception.WebElementNotFoundException: Web element with id: 'Object Repository/object_reservation/button_Next' located by 'By.xpath: (//button[@type='button'])[10]' not found
	at com.kms.katalon.core.webui.common.WebUiCommonHelper.findWebElement(WebUiCommonHelper.java:1113)
	at com.kms.katalon.core.webui.keyword.internal.WebUIAbstractKeyword.findWebElement(WebUIAbstractKeyword.groovy:27)
	at com.kms.katalon.core.webui.keyword.internal.WebUIAbstractKeyword.findWebElement(WebUIAbstractKeyword.groovy:26)
	at com.kms.katalon.core.webui.keyword.builtin.ClickKeyword$_click_closure1.doCall(ClickKeyword.groovy:68)
	at com.kms.katalon.core.webui.keyword.builtin.ClickKeyword$_click_closure1.call(ClickKeyword.groovy)
	at com.kms.katalon.core.webui.keyword.internal.WebUIKeywordMain.runKeyword(WebUIKeywordMain.groovy:20)
	... 19 more]]></system-err>
      </testcase>
      <testcase name="Test Cases/p4p_cancelReserEdit" time="75.355" classname="Test Cases/p4p_cancelReserEdit" status="FAILED">
         <failure type="FAILED" message="Test Cases/p4p_cancelReserEdit FAILED.
Reason:
com.kms.katalon.core.exception.StepFailedException: Unable to click on object 'Object Repository/object_reservation/button_Next'
	at com.kms.katalon.core.webui.keyword.internal.WebUIKeywordMain.stepFailed(WebUIKeywordMain.groovy:64)
	at com.kms.katalon.core.webui.keyword.internal.WebUIKeywordMain.runKeyword(WebUIKeywordMain.groovy:26)
	at com.kms.katalon.core.webui.keyword.builtin.ClickKeyword.click(ClickKeyword.groovy:99)
	at com.kms.katalon.core.webui.keyword.builtin.ClickKeyword.execute(ClickKeyword.groovy:43)
	at com.kms.katalon.core.keyword.internal.KeywordExecutor.executeKeywordForPlatform(KeywordExecutor.groovy:60)
	at com.kms.katalon.core.webui.keyword.WebUiBuiltInKeywords.click(WebUiBuiltInKeywords.groovy:616)
	at com.kms.katalon.core.webui.keyword.WebUiBuiltInKeywords$click$2.call(Unknown Source)
	at p4p_cancelReserEdit.run(p4p_cancelReserEdit:65)
	at com.kms.katalon.core.main.ScriptEngine.run(ScriptEngine.java:194)
	at com.kms.katalon.core.main.ScriptEngine.runScriptAsRawText(ScriptEngine.java:119)
	at com.kms.katalon.core.main.TestCaseExecutor.runScript(TestCaseExecutor.java:337)
	at com.kms.katalon.core.main.TestCaseExecutor.doExecute(TestCaseExecutor.java:328)
	at com.kms.katalon.core.main.TestCaseExecutor.processExecutionPhase(TestCaseExecutor.java:307)
	at com.kms.katalon.core.main.TestCaseExecutor.accessMainPhase(TestCaseExecutor.java:299)
	at com.kms.katalon.core.main.TestCaseExecutor.execute(TestCaseExecutor.java:233)
	at com.kms.katalon.core.main.TestSuiteExecutor.accessTestCaseMainPhase(TestSuiteExecutor.java:169)
	at com.kms.katalon.core.main.TestSuiteExecutor.accessTestSuiteMainPhase(TestSuiteExecutor.java:142)
	at com.kms.katalon.core.main.TestSuiteExecutor.execute(TestSuiteExecutor.java:91)
	at com.kms.katalon.core.main.TestCaseMain.startTestSuite(TestCaseMain.java:157)
	at com.kms.katalon.core.main.TestCaseMain$startTestSuite$0.call(Unknown Source)
	at TempTestSuite1577117416756.run(TempTestSuite1577117416756.groovy:36)
Caused by: com.kms.katalon.core.webui.exception.WebElementNotFoundException: Web element with id: 'Object Repository/object_reservation/button_Next' located by 'By.xpath: (//button[@type='button'])[10]' not found
	at com.kms.katalon.core.webui.common.WebUiCommonHelper.findWebElement(WebUiCommonHelper.java:1113)
	at com.kms.katalon.core.webui.keyword.internal.WebUIAbstractKeyword.findWebElement(WebUIAbstractKeyword.groovy:27)
	at com.kms.katalon.core.webui.keyword.internal.WebUIAbstractKeyword.findWebElement(WebUIAbstractKeyword.groovy:26)
	at com.kms.katalon.core.webui.keyword.builtin.ClickKeyword$_click_closure1.doCall(ClickKeyword.groovy:68)
	at com.kms.katalon.core.webui.keyword.builtin.ClickKeyword$_click_closure1.call(ClickKeyword.groovy)
	at com.kms.katalon.core.webui.keyword.internal.WebUIKeywordMain.runKeyword(WebUIKeywordMain.groovy:20)
	... 19 more
"/>
         <system-out><![CDATA[2019-12-23 10:24:29 - [TEST_CASE][FAILED] - Test Cases/p4p_cancelReserEdit: Test Cases/p4p_cancelReserEdit FAILED.
Reason:
com.kms.katalon.core.exception.StepFailedException: Unable to click on object 'Object Repository/object_reservation/button_Next'
	at com.kms.katalon.core.webui.keyword.internal.WebUIKeywordMain.stepFailed(WebUIKeywordMain.groovy:64)
	at com.kms.katalon.core.webui.keyword.internal.WebUIKeywordMain.runKeyword(WebUIKeywordMain.groovy:26)
	at com.kms.katalon.core.webui.keyword.builtin.ClickKeyword.click(ClickKeyword.groovy:99)
	at com.kms.katalon.core.webui.keyword.builtin.ClickKeyword.execute(ClickKeyword.groovy:43)
	at com.kms.katalon.core.keyword.internal.KeywordExecutor.executeKeywordForPlatform(KeywordExecutor.groovy:60)
	at com.kms.katalon.core.webui.keyword.WebUiBuiltInKeywords.click(WebUiBuiltInKeywords.groovy:616)
	at com.kms.katalon.core.webui.keyword.WebUiBuiltInKeywords$click$2.call(Unknown Source)
	at p4p_cancelReserEdit.run(p4p_cancelReserEdit:65)
	at com.kms.katalon.core.main.ScriptEngine.run(ScriptEngine.java:194)
	at com.kms.katalon.core.main.ScriptEngine.runScriptAsRawText(ScriptEngine.java:119)
	at com.kms.katalon.core.main.TestCaseExecutor.runScript(TestCaseExecutor.java:337)
	at com.kms.katalon.core.main.TestCaseExecutor.doExecute(TestCaseExecutor.java:328)
	at com.kms.katalon.core.main.TestCaseExecutor.processExecutionPhase(TestCaseExecutor.java:307)
	at com.kms.katalon.core.main.TestCaseExecutor.accessMainPhase(TestCaseExecutor.java:299)
	at com.kms.katalon.core.main.TestCaseExecutor.execute(TestCaseExecutor.java:233)
	at com.kms.katalon.core.main.TestSuiteExecutor.accessTestCaseMainPhase(TestSuiteExecutor.java:169)
	at com.kms.katalon.core.main.TestSuiteExecutor.accessTestSuiteMainPhase(TestSuiteExecutor.java:142)
	at com.kms.katalon.core.main.TestSuiteExecutor.execute(TestSuiteExecutor.java:91)
	at com.kms.katalon.core.main.TestCaseMain.startTestSuite(TestCaseMain.java:157)
	at com.kms.katalon.core.main.TestCaseMain$startTestSuite$0.call(Unknown Source)
	at TempTestSuite1577117416756.run(TempTestSuite1577117416756.groovy:36)
Caused by: com.kms.katalon.core.webui.exception.WebElementNotFoundException: Web element with id: 'Object Repository/object_reservation/button_Next' located by 'By.xpath: (//button[@type='button'])[10]' not found
	at com.kms.katalon.core.webui.common.WebUiCommonHelper.findWebElement(WebUiCommonHelper.java:1113)
	at com.kms.katalon.core.webui.keyword.internal.WebUIAbstractKeyword.findWebElement(WebUIAbstractKeyword.groovy:27)
	at com.kms.katalon.core.webui.keyword.internal.WebUIAbstractKeyword.findWebElement(WebUIAbstractKeyword.groovy:26)
	at com.kms.katalon.core.webui.keyword.builtin.ClickKeyword$_click_closure1.doCall(ClickKeyword.groovy:68)
	at com.kms.katalon.core.webui.keyword.builtin.ClickKeyword$_click_closure1.call(ClickKeyword.groovy)
	at com.kms.katalon.core.webui.keyword.internal.WebUIKeywordMain.runKeyword(WebUIKeywordMain.groovy:20)
	... 19 more


2019-12-23 10:24:29 - [TEST_STEP][PASSED] - openBrowser("https://p4p-qa-bg.aws.paradise4paws.com/login/"): Browser is opened with url: 'https://p4p-qa-bg.aws.paradise4paws.com/login/'

2019-12-23 10:24:29 - [MESSAGE][WARNING] - A browser is already opened. Closing browser and opening a new one

2019-12-23 10:24:30 - [MESSAGE][INFO] - Starting 'Firefox' driver

2019-12-23 10:24:34 - [MESSAGE][PASSED] - Browser is opened with url: 'https://p4p-qa-bg.aws.paradise4paws.com/login/'

2019-12-23 10:24:34 - [TEST_STEP][PASSED] - setText(findTestObject("Object Repository/object_login/input_user"), var_user): Text 'jegchavez@gmail.com' is set on object 'Object Repository/object_login/input_user'

2019-12-23 10:24:34 - [MESSAGE][PASSED] - Text 'jegchavez@gmail.com' is set on object 'Object Repository/object_login/input_user'

2019-12-23 10:24:34 - [TEST_STEP][PASSED] - setText(findTestObject("Object Repository/object_login/input_pass"), var_pass): Text 'admin1' is set on object 'Object Repository/object_login/input_pass'

2019-12-23 10:24:35 - [MESSAGE][PASSED] - Text 'admin1' is set on object 'Object Repository/object_login/input_pass'

2019-12-23 10:24:35 - [TEST_STEP][PASSED] - delay(2): Delayed 2 second(s)

2019-12-23 10:24:37 - [MESSAGE][PASSED] - Delayed 2 second(s)

2019-12-23 10:24:37 - [TEST_STEP][PASSED] - verifyElementClickable(findTestObject("Object Repository/object_login/btn_login")): Object 'Object Repository/object_login/btn_login' is clickable

2019-12-23 10:24:37 - [MESSAGE][PASSED] - Object 'Object Repository/object_login/btn_login' is clickable

2019-12-23 10:24:37 - [TEST_STEP][PASSED] - click(findTestObject("Object Repository/object_login/btn_login")): Object: 'Object Repository/object_login/btn_login' is clicked on

2019-12-23 10:24:41 - [MESSAGE][PASSED] - Object: 'Object Repository/object_login/btn_login' is clicked on

2019-12-23 10:24:41 - [TEST_STEP][PASSED] - delay(2): Delayed 2 second(s)

2019-12-23 10:24:43 - [MESSAGE][PASSED] - Delayed 2 second(s)

2019-12-23 10:24:43 - [TEST_STEP][PASSED] - setText(findTestObject("Object Repository/object_dashboard_emp/input_search"), var_mailParent): Text 'test@test.test' is set on object 'Object Repository/object_dashboard_emp/input_search'

2019-12-23 10:24:43 - [MESSAGE][PASSED] - Text 'test@test.test' is set on object 'Object Repository/object_dashboard_emp/input_search'

2019-12-23 10:24:43 - [TEST_STEP][PASSED] - click(findTestObject("Object Repository/object_dashboard_emp/btn_accountSearch")): Object: 'Object Repository/object_dashboard_emp/btn_accountSearch' is clicked on

2019-12-23 10:24:44 - [MESSAGE][PASSED] - Object: 'Object Repository/object_dashboard_emp/btn_accountSearch' is clicked on

2019-12-23 10:24:44 - [TEST_STEP][PASSED] - delay(2): Delayed 2 second(s)

2019-12-23 10:24:46 - [MESSAGE][PASSED] - Delayed 2 second(s)

2019-12-23 10:24:46 - [TEST_STEP][PASSED] - click(findTestObject("object_accountInformation/a_TEST GABRIEL PROD")): Object: 'Object Repository/object_accountInformation/a_TEST GABRIEL PROD' is clicked on

2019-12-23 10:24:52 - [MESSAGE][PASSED] - Object: 'Object Repository/object_accountInformation/a_TEST GABRIEL PROD' is clicked on

2019-12-23 10:24:52 - [TEST_STEP][PASSED] - delay(1): Delayed 1 second(s)

2019-12-23 10:24:53 - [MESSAGE][PASSED] - Delayed 1 second(s)

2019-12-23 10:24:53 - [TEST_STEP][PASSED] - a = var_url1 + var_idReservation + var_url2 + var_idParent: null

2019-12-23 10:24:53 - [TEST_STEP][PASSED] - delay(4): Delayed 4 second(s)

2019-12-23 10:24:57 - [MESSAGE][PASSED] - Delayed 4 second(s)

2019-12-23 10:24:57 - [TEST_STEP][PASSED] - log = new com.kms.katalon.core.logging.KeywordLogger(): null

2019-12-23 10:24:57 - [TEST_STEP][PASSED] - log.logInfo("URL: " + a): URL: https://p4p-qa-bg.aws.paradise4paws.com/frontdesk/reservation/
/?parent_id=122350

2019-12-23 10:24:57 - [MESSAGE][INFO] - URL: https://p4p-qa-bg.aws.paradise4paws.com/frontdesk/reservation/
/?parent_id=122350

2019-12-23 10:24:57 - [TEST_STEP][PASSED] - navigateToUrl(a): Navigate to 'https://p4p-qa-bg.aws.paradise4paws.com/frontdesk/reservation/
/?parent_id=122350' successfully

2019-12-23 10:24:58 - [MESSAGE][PASSED] - Navigate to 'https://p4p-qa-bg.aws.paradise4paws.com/frontdesk/reservation/
/?parent_id=122350' successfully

2019-12-23 10:24:58 - [TEST_STEP][PASSED] - delay(3): Delayed 3 second(s)

2019-12-23 10:25:01 - [MESSAGE][PASSED] - Delayed 3 second(s)

2019-12-23 10:25:01 - [TEST_STEP][FAILED] - click(findTestObject("object_reservation/button_Next")): Unable to click on object 'Object Repository/object_reservation/button_Next' (Root cause: com.kms.katalon.core.exception.StepFailedException: Unable to click on object 'Object Repository/object_reservation/button_Next'
	at com.kms.katalon.core.webui.keyword.internal.WebUIKeywordMain.stepFailed(WebUIKeywordMain.groovy:64)
	at com.kms.katalon.core.webui.keyword.internal.WebUIKeywordMain.runKeyword(WebUIKeywordMain.groovy:26)
	at com.kms.katalon.core.webui.keyword.builtin.ClickKeyword.click(ClickKeyword.groovy:99)
	at com.kms.katalon.core.webui.keyword.builtin.ClickKeyword.execute(ClickKeyword.groovy:43)
	at com.kms.katalon.core.keyword.internal.KeywordExecutor.executeKeywordForPlatform(KeywordExecutor.groovy:60)
	at com.kms.katalon.core.webui.keyword.WebUiBuiltInKeywords.click(WebUiBuiltInKeywords.groovy:616)
	at com.kms.katalon.core.webui.keyword.WebUiBuiltInKeywords$click$2.call(Unknown Source)
	at p4p_cancelReserEdit.run(p4p_cancelReserEdit:65)
	at com.kms.katalon.core.main.ScriptEngine.run(ScriptEngine.java:194)
	at com.kms.katalon.core.main.ScriptEngine.runScriptAsRawText(ScriptEngine.java:119)
	at com.kms.katalon.core.main.TestCaseExecutor.runScript(TestCaseExecutor.java:337)
	at com.kms.katalon.core.main.TestCaseExecutor.doExecute(TestCaseExecutor.java:328)
	at com.kms.katalon.core.main.TestCaseExecutor.processExecutionPhase(TestCaseExecutor.java:307)
	at com.kms.katalon.core.main.TestCaseExecutor.accessMainPhase(TestCaseExecutor.java:299)
	at com.kms.katalon.core.main.TestCaseExecutor.execute(TestCaseExecutor.java:233)
	at com.kms.katalon.core.main.TestSuiteExecutor.accessTestCaseMainPhase(TestSuiteExecutor.java:169)
	at com.kms.katalon.core.main.TestSuiteExecutor.accessTestSuiteMainPhase(TestSuiteExecutor.java:142)
	at com.kms.katalon.core.main.TestSuiteExecutor.execute(TestSuiteExecutor.java:91)
	at com.kms.katalon.core.main.TestCaseMain.startTestSuite(TestCaseMain.java:157)
	at com.kms.katalon.core.main.TestCaseMain$startTestSuite$0.call(Unknown Source)
	at TempTestSuite1577117416756.run(TempTestSuite1577117416756.groovy:36)
Caused by: com.kms.katalon.core.webui.exception.WebElementNotFoundException: Web element with id: 'Object Repository/object_reservation/button_Next' located by 'By.xpath: (//button[@type='button'])[10]' not found
	at com.kms.katalon.core.webui.common.WebUiCommonHelper.findWebElement(WebUiCommonHelper.java:1113)
	at com.kms.katalon.core.webui.keyword.internal.WebUIAbstractKeyword.findWebElement(WebUIAbstractKeyword.groovy:27)
	at com.kms.katalon.core.webui.keyword.internal.WebUIAbstractKeyword.findWebElement(WebUIAbstractKeyword.groovy:26)
	at com.kms.katalon.core.webui.keyword.builtin.ClickKeyword$_click_closure1.doCall(ClickKeyword.groovy:68)
	at com.kms.katalon.core.webui.keyword.builtin.ClickKeyword$_click_closure1.call(ClickKeyword.groovy)
	at com.kms.katalon.core.webui.keyword.internal.WebUIKeywordMain.runKeyword(WebUIKeywordMain.groovy:20)
	at com.kms.katalon.core.webui.keyword.builtin.ClickKeyword.click(ClickKeyword.groovy:99)
	at com.kms.katalon.core.webui.keyword.builtin.ClickKeyword.execute(ClickKeyword.groovy:43)
	at com.kms.katalon.core.keyword.internal.KeywordExecutor.executeKeywordForPlatform(KeywordExecutor.groovy:60)
	at com.kms.katalon.core.webui.keyword.WebUiBuiltInKeywords.click(WebUiBuiltInKeywords.groovy:616)
	at com.kms.katalon.core.webui.keyword.WebUiBuiltInKeywords$click$2.call(Unknown Source)
	at Script1575908897768.run(Script1575908897768.groovy:65)
	... 13 more
)

2019-12-23 10:25:44 - [MESSAGE][INFO] - Unable to find the element located by 'By.xpath: (//button[@type='button'])[10]'. Please recheck the objects properties to make sure the desired element is located. 

2019-12-23 10:25:44 - [MESSAGE][FAILED] - Unable to click on object 'Object Repository/object_reservation/button_Next' (Root cause: com.kms.katalon.core.exception.StepFailedException: Unable to click on object 'Object Repository/object_reservation/button_Next'
	at com.kms.katalon.core.webui.keyword.internal.WebUIKeywordMain.stepFailed(WebUIKeywordMain.groovy:64)
	at com.kms.katalon.core.webui.keyword.internal.WebUIKeywordMain.runKeyword(WebUIKeywordMain.groovy:26)
	at com.kms.katalon.core.webui.keyword.builtin.ClickKeyword.click(ClickKeyword.groovy:99)
	at com.kms.katalon.core.webui.keyword.builtin.ClickKeyword.execute(ClickKeyword.groovy:43)
	at com.kms.katalon.core.keyword.internal.KeywordExecutor.executeKeywordForPlatform(KeywordExecutor.groovy:60)
	at com.kms.katalon.core.webui.keyword.WebUiBuiltInKeywords.click(WebUiBuiltInKeywords.groovy:616)
	at com.kms.katalon.core.webui.keyword.WebUiBuiltInKeywords$click$2.call(Unknown Source)
	at p4p_cancelReserEdit.run(p4p_cancelReserEdit:65)
	at com.kms.katalon.core.main.ScriptEngine.run(ScriptEngine.java:194)
	at com.kms.katalon.core.main.ScriptEngine.runScriptAsRawText(ScriptEngine.java:119)
	at com.kms.katalon.core.main.TestCaseExecutor.runScript(TestCaseExecutor.java:337)
	at com.kms.katalon.core.main.TestCaseExecutor.doExecute(TestCaseExecutor.java:328)
	at com.kms.katalon.core.main.TestCaseExecutor.processExecutionPhase(TestCaseExecutor.java:307)
	at com.kms.katalon.core.main.TestCaseExecutor.accessMainPhase(TestCaseExecutor.java:299)
	at com.kms.katalon.core.main.TestCaseExecutor.execute(TestCaseExecutor.java:233)
	at com.kms.katalon.core.main.TestSuiteExecutor.accessTestCaseMainPhase(TestSuiteExecutor.java:169)
	at com.kms.katalon.core.main.TestSuiteExecutor.accessTestSuiteMainPhase(TestSuiteExecutor.java:142)
	at com.kms.katalon.core.main.TestSuiteExecutor.execute(TestSuiteExecutor.java:91)
	at com.kms.katalon.core.main.TestCaseMain.startTestSuite(TestCaseMain.java:157)
	at com.kms.katalon.core.main.TestCaseMain$startTestSuite$0.call(Unknown Source)
	at TempTestSuite1577117416756.run(TempTestSuite1577117416756.groovy:36)
Caused by: com.kms.katalon.core.webui.exception.WebElementNotFoundException: Web element with id: 'Object Repository/object_reservation/button_Next' located by 'By.xpath: (//button[@type='button'])[10]' not found
	at com.kms.katalon.core.webui.common.WebUiCommonHelper.findWebElement(WebUiCommonHelper.java:1113)
	at com.kms.katalon.core.webui.keyword.internal.WebUIAbstractKeyword.findWebElement(WebUIAbstractKeyword.groovy:27)
	at com.kms.katalon.core.webui.keyword.internal.WebUIAbstractKeyword.findWebElement(WebUIAbstractKeyword.groovy:26)
	at com.kms.katalon.core.webui.keyword.builtin.ClickKeyword$_click_closure1.doCall(ClickKeyword.groovy:68)
	at com.kms.katalon.core.webui.keyword.builtin.ClickKeyword$_click_closure1.call(ClickKeyword.groovy)
	at com.kms.katalon.core.webui.keyword.internal.WebUIKeywordMain.runKeyword(WebUIKeywordMain.groovy:20)
	at com.kms.katalon.core.webui.keyword.builtin.ClickKeyword.click(ClickKeyword.groovy:99)
	at com.kms.katalon.core.webui.keyword.builtin.ClickKeyword.execute(ClickKeyword.groovy:43)
	at com.kms.katalon.core.keyword.internal.KeywordExecutor.executeKeywordForPlatform(KeywordExecutor.groovy:60)
	at com.kms.katalon.core.webui.keyword.WebUiBuiltInKeywords.click(WebUiBuiltInKeywords.groovy:616)
	at com.kms.katalon.core.webui.keyword.WebUiBuiltInKeywords$click$2.call(Unknown Source)
	at Script1575908897768.run(Script1575908897768.groovy:65)
	... 13 more
)
[[ATTACHMENT|/home/leonardo-arkusmty/Documents/workspaceKatalon/p4ptest/Reports/20191223_101016/ts_newBoardingSpaserviceCancel/20191223_101016/1577118344680.png]]]]></system-out>
         <system-err><![CDATA[2019-12-23 10:24:29 - [TEST_CASE][FAILED] - Test Cases/p4p_cancelReserEdit: Test Cases/p4p_cancelReserEdit FAILED.
Reason:
com.kms.katalon.core.exception.StepFailedException: Unable to click on object 'Object Repository/object_reservation/button_Next'
	at com.kms.katalon.core.webui.keyword.internal.WebUIKeywordMain.stepFailed(WebUIKeywordMain.groovy:64)
	at com.kms.katalon.core.webui.keyword.internal.WebUIKeywordMain.runKeyword(WebUIKeywordMain.groovy:26)
	at com.kms.katalon.core.webui.keyword.builtin.ClickKeyword.click(ClickKeyword.groovy:99)
	at com.kms.katalon.core.webui.keyword.builtin.ClickKeyword.execute(ClickKeyword.groovy:43)
	at com.kms.katalon.core.keyword.internal.KeywordExecutor.executeKeywordForPlatform(KeywordExecutor.groovy:60)
	at com.kms.katalon.core.webui.keyword.WebUiBuiltInKeywords.click(WebUiBuiltInKeywords.groovy:616)
	at com.kms.katalon.core.webui.keyword.WebUiBuiltInKeywords$click$2.call(Unknown Source)
	at p4p_cancelReserEdit.run(p4p_cancelReserEdit:65)
	at com.kms.katalon.core.main.ScriptEngine.run(ScriptEngine.java:194)
	at com.kms.katalon.core.main.ScriptEngine.runScriptAsRawText(ScriptEngine.java:119)
	at com.kms.katalon.core.main.TestCaseExecutor.runScript(TestCaseExecutor.java:337)
	at com.kms.katalon.core.main.TestCaseExecutor.doExecute(TestCaseExecutor.java:328)
	at com.kms.katalon.core.main.TestCaseExecutor.processExecutionPhase(TestCaseExecutor.java:307)
	at com.kms.katalon.core.main.TestCaseExecutor.accessMainPhase(TestCaseExecutor.java:299)
	at com.kms.katalon.core.main.TestCaseExecutor.execute(TestCaseExecutor.java:233)
	at com.kms.katalon.core.main.TestSuiteExecutor.accessTestCaseMainPhase(TestSuiteExecutor.java:169)
	at com.kms.katalon.core.main.TestSuiteExecutor.accessTestSuiteMainPhase(TestSuiteExecutor.java:142)
	at com.kms.katalon.core.main.TestSuiteExecutor.execute(TestSuiteExecutor.java:91)
	at com.kms.katalon.core.main.TestCaseMain.startTestSuite(TestCaseMain.java:157)
	at com.kms.katalon.core.main.TestCaseMain$startTestSuite$0.call(Unknown Source)
	at TempTestSuite1577117416756.run(TempTestSuite1577117416756.groovy:36)
Caused by: com.kms.katalon.core.webui.exception.WebElementNotFoundException: Web element with id: 'Object Repository/object_reservation/button_Next' located by 'By.xpath: (//button[@type='button'])[10]' not found
	at com.kms.katalon.core.webui.common.WebUiCommonHelper.findWebElement(WebUiCommonHelper.java:1113)
	at com.kms.katalon.core.webui.keyword.internal.WebUIAbstractKeyword.findWebElement(WebUIAbstractKeyword.groovy:27)
	at com.kms.katalon.core.webui.keyword.internal.WebUIAbstractKeyword.findWebElement(WebUIAbstractKeyword.groovy:26)
	at com.kms.katalon.core.webui.keyword.builtin.ClickKeyword$_click_closure1.doCall(ClickKeyword.groovy:68)
	at com.kms.katalon.core.webui.keyword.builtin.ClickKeyword$_click_closure1.call(ClickKeyword.groovy)
	at com.kms.katalon.core.webui.keyword.internal.WebUIKeywordMain.runKeyword(WebUIKeywordMain.groovy:20)
	... 19 more]]></system-err>
      </testcase>
      <testcase name="Test Cases/p4p_cancelReserEdit" time="74.604" classname="Test Cases/p4p_cancelReserEdit" status="FAILED">
         <failure type="FAILED" message="Test Cases/p4p_cancelReserEdit FAILED.
Reason:
com.kms.katalon.core.exception.StepFailedException: Unable to click on object 'Object Repository/object_reservation/button_Next'
	at com.kms.katalon.core.webui.keyword.internal.WebUIKeywordMain.stepFailed(WebUIKeywordMain.groovy:64)
	at com.kms.katalon.core.webui.keyword.internal.WebUIKeywordMain.runKeyword(WebUIKeywordMain.groovy:26)
	at com.kms.katalon.core.webui.keyword.builtin.ClickKeyword.click(ClickKeyword.groovy:99)
	at com.kms.katalon.core.webui.keyword.builtin.ClickKeyword.execute(ClickKeyword.groovy:43)
	at com.kms.katalon.core.keyword.internal.KeywordExecutor.executeKeywordForPlatform(KeywordExecutor.groovy:60)
	at com.kms.katalon.core.webui.keyword.WebUiBuiltInKeywords.click(WebUiBuiltInKeywords.groovy:616)
	at com.kms.katalon.core.webui.keyword.WebUiBuiltInKeywords$click$2.call(Unknown Source)
	at p4p_cancelReserEdit.run(p4p_cancelReserEdit:65)
	at com.kms.katalon.core.main.ScriptEngine.run(ScriptEngine.java:194)
	at com.kms.katalon.core.main.ScriptEngine.runScriptAsRawText(ScriptEngine.java:119)
	at com.kms.katalon.core.main.TestCaseExecutor.runScript(TestCaseExecutor.java:337)
	at com.kms.katalon.core.main.TestCaseExecutor.doExecute(TestCaseExecutor.java:328)
	at com.kms.katalon.core.main.TestCaseExecutor.processExecutionPhase(TestCaseExecutor.java:307)
	at com.kms.katalon.core.main.TestCaseExecutor.accessMainPhase(TestCaseExecutor.java:299)
	at com.kms.katalon.core.main.TestCaseExecutor.execute(TestCaseExecutor.java:233)
	at com.kms.katalon.core.main.TestSuiteExecutor.accessTestCaseMainPhase(TestSuiteExecutor.java:169)
	at com.kms.katalon.core.main.TestSuiteExecutor.accessTestSuiteMainPhase(TestSuiteExecutor.java:142)
	at com.kms.katalon.core.main.TestSuiteExecutor.execute(TestSuiteExecutor.java:91)
	at com.kms.katalon.core.main.TestCaseMain.startTestSuite(TestCaseMain.java:157)
	at com.kms.katalon.core.main.TestCaseMain$startTestSuite$0.call(Unknown Source)
	at TempTestSuite1577117416756.run(TempTestSuite1577117416756.groovy:36)
Caused by: com.kms.katalon.core.webui.exception.WebElementNotFoundException: Web element with id: 'Object Repository/object_reservation/button_Next' located by 'By.xpath: (//button[@type='button'])[10]' not found
	at com.kms.katalon.core.webui.common.WebUiCommonHelper.findWebElement(WebUiCommonHelper.java:1113)
	at com.kms.katalon.core.webui.keyword.internal.WebUIAbstractKeyword.findWebElement(WebUIAbstractKeyword.groovy:27)
	at com.kms.katalon.core.webui.keyword.internal.WebUIAbstractKeyword.findWebElement(WebUIAbstractKeyword.groovy:26)
	at com.kms.katalon.core.webui.keyword.builtin.ClickKeyword$_click_closure1.doCall(ClickKeyword.groovy:68)
	at com.kms.katalon.core.webui.keyword.builtin.ClickKeyword$_click_closure1.call(ClickKeyword.groovy)
	at com.kms.katalon.core.webui.keyword.internal.WebUIKeywordMain.runKeyword(WebUIKeywordMain.groovy:20)
	... 19 more
"/>
         <system-out><![CDATA[2019-12-23 10:25:44 - [TEST_CASE][FAILED] - Test Cases/p4p_cancelReserEdit: Test Cases/p4p_cancelReserEdit FAILED.
Reason:
com.kms.katalon.core.exception.StepFailedException: Unable to click on object 'Object Repository/object_reservation/button_Next'
	at com.kms.katalon.core.webui.keyword.internal.WebUIKeywordMain.stepFailed(WebUIKeywordMain.groovy:64)
	at com.kms.katalon.core.webui.keyword.internal.WebUIKeywordMain.runKeyword(WebUIKeywordMain.groovy:26)
	at com.kms.katalon.core.webui.keyword.builtin.ClickKeyword.click(ClickKeyword.groovy:99)
	at com.kms.katalon.core.webui.keyword.builtin.ClickKeyword.execute(ClickKeyword.groovy:43)
	at com.kms.katalon.core.keyword.internal.KeywordExecutor.executeKeywordForPlatform(KeywordExecutor.groovy:60)
	at com.kms.katalon.core.webui.keyword.WebUiBuiltInKeywords.click(WebUiBuiltInKeywords.groovy:616)
	at com.kms.katalon.core.webui.keyword.WebUiBuiltInKeywords$click$2.call(Unknown Source)
	at p4p_cancelReserEdit.run(p4p_cancelReserEdit:65)
	at com.kms.katalon.core.main.ScriptEngine.run(ScriptEngine.java:194)
	at com.kms.katalon.core.main.ScriptEngine.runScriptAsRawText(ScriptEngine.java:119)
	at com.kms.katalon.core.main.TestCaseExecutor.runScript(TestCaseExecutor.java:337)
	at com.kms.katalon.core.main.TestCaseExecutor.doExecute(TestCaseExecutor.java:328)
	at com.kms.katalon.core.main.TestCaseExecutor.processExecutionPhase(TestCaseExecutor.java:307)
	at com.kms.katalon.core.main.TestCaseExecutor.accessMainPhase(TestCaseExecutor.java:299)
	at com.kms.katalon.core.main.TestCaseExecutor.execute(TestCaseExecutor.java:233)
	at com.kms.katalon.core.main.TestSuiteExecutor.accessTestCaseMainPhase(TestSuiteExecutor.java:169)
	at com.kms.katalon.core.main.TestSuiteExecutor.accessTestSuiteMainPhase(TestSuiteExecutor.java:142)
	at com.kms.katalon.core.main.TestSuiteExecutor.execute(TestSuiteExecutor.java:91)
	at com.kms.katalon.core.main.TestCaseMain.startTestSuite(TestCaseMain.java:157)
	at com.kms.katalon.core.main.TestCaseMain$startTestSuite$0.call(Unknown Source)
	at TempTestSuite1577117416756.run(TempTestSuite1577117416756.groovy:36)
Caused by: com.kms.katalon.core.webui.exception.WebElementNotFoundException: Web element with id: 'Object Repository/object_reservation/button_Next' located by 'By.xpath: (//button[@type='button'])[10]' not found
	at com.kms.katalon.core.webui.common.WebUiCommonHelper.findWebElement(WebUiCommonHelper.java:1113)
	at com.kms.katalon.core.webui.keyword.internal.WebUIAbstractKeyword.findWebElement(WebUIAbstractKeyword.groovy:27)
	at com.kms.katalon.core.webui.keyword.internal.WebUIAbstractKeyword.findWebElement(WebUIAbstractKeyword.groovy:26)
	at com.kms.katalon.core.webui.keyword.builtin.ClickKeyword$_click_closure1.doCall(ClickKeyword.groovy:68)
	at com.kms.katalon.core.webui.keyword.builtin.ClickKeyword$_click_closure1.call(ClickKeyword.groovy)
	at com.kms.katalon.core.webui.keyword.internal.WebUIKeywordMain.runKeyword(WebUIKeywordMain.groovy:20)
	... 19 more


2019-12-23 10:25:44 - [TEST_STEP][PASSED] - openBrowser("https://p4p-qa-bg.aws.paradise4paws.com/login/"): Browser is opened with url: 'https://p4p-qa-bg.aws.paradise4paws.com/login/'

2019-12-23 10:25:44 - [MESSAGE][WARNING] - A browser is already opened. Closing browser and opening a new one

2019-12-23 10:25:45 - [MESSAGE][INFO] - Starting 'Firefox' driver

2019-12-23 10:25:49 - [MESSAGE][PASSED] - Browser is opened with url: 'https://p4p-qa-bg.aws.paradise4paws.com/login/'

2019-12-23 10:25:49 - [TEST_STEP][PASSED] - setText(findTestObject("Object Repository/object_login/input_user"), var_user): Text 'jegchavez@gmail.com' is set on object 'Object Repository/object_login/input_user'

2019-12-23 10:25:49 - [MESSAGE][PASSED] - Text 'jegchavez@gmail.com' is set on object 'Object Repository/object_login/input_user'

2019-12-23 10:25:49 - [TEST_STEP][PASSED] - setText(findTestObject("Object Repository/object_login/input_pass"), var_pass): Text 'admin1' is set on object 'Object Repository/object_login/input_pass'

2019-12-23 10:25:50 - [MESSAGE][PASSED] - Text 'admin1' is set on object 'Object Repository/object_login/input_pass'

2019-12-23 10:25:50 - [TEST_STEP][PASSED] - delay(2): Delayed 2 second(s)

2019-12-23 10:25:52 - [MESSAGE][PASSED] - Delayed 2 second(s)

2019-12-23 10:25:52 - [TEST_STEP][PASSED] - verifyElementClickable(findTestObject("Object Repository/object_login/btn_login")): Object 'Object Repository/object_login/btn_login' is clickable

2019-12-23 10:25:52 - [MESSAGE][PASSED] - Object 'Object Repository/object_login/btn_login' is clickable

2019-12-23 10:25:52 - [TEST_STEP][PASSED] - click(findTestObject("Object Repository/object_login/btn_login")): Object: 'Object Repository/object_login/btn_login' is clicked on

2019-12-23 10:25:55 - [MESSAGE][PASSED] - Object: 'Object Repository/object_login/btn_login' is clicked on

2019-12-23 10:25:55 - [TEST_STEP][PASSED] - delay(2): Delayed 2 second(s)

2019-12-23 10:25:57 - [MESSAGE][PASSED] - Delayed 2 second(s)

2019-12-23 10:25:57 - [TEST_STEP][PASSED] - setText(findTestObject("Object Repository/object_dashboard_emp/input_search"), var_mailParent): Text 'test@test.test' is set on object 'Object Repository/object_dashboard_emp/input_search'

2019-12-23 10:25:58 - [MESSAGE][PASSED] - Text 'test@test.test' is set on object 'Object Repository/object_dashboard_emp/input_search'

2019-12-23 10:25:58 - [TEST_STEP][PASSED] - click(findTestObject("Object Repository/object_dashboard_emp/btn_accountSearch")): Object: 'Object Repository/object_dashboard_emp/btn_accountSearch' is clicked on

2019-12-23 10:25:59 - [MESSAGE][PASSED] - Object: 'Object Repository/object_dashboard_emp/btn_accountSearch' is clicked on

2019-12-23 10:25:59 - [TEST_STEP][PASSED] - delay(2): Delayed 2 second(s)

2019-12-23 10:26:01 - [MESSAGE][PASSED] - Delayed 2 second(s)

2019-12-23 10:26:01 - [TEST_STEP][PASSED] - click(findTestObject("object_accountInformation/a_TEST GABRIEL PROD")): Object: 'Object Repository/object_accountInformation/a_TEST GABRIEL PROD' is clicked on

2019-12-23 10:26:07 - [MESSAGE][PASSED] - Object: 'Object Repository/object_accountInformation/a_TEST GABRIEL PROD' is clicked on

2019-12-23 10:26:07 - [TEST_STEP][PASSED] - delay(1): Delayed 1 second(s)

2019-12-23 10:26:08 - [MESSAGE][PASSED] - Delayed 1 second(s)

2019-12-23 10:26:08 - [TEST_STEP][PASSED] - a = var_url1 + var_idReservation + var_url2 + var_idParent: null

2019-12-23 10:26:08 - [TEST_STEP][PASSED] - delay(4): Delayed 4 second(s)

2019-12-23 10:26:12 - [MESSAGE][PASSED] - Delayed 4 second(s)

2019-12-23 10:26:12 - [TEST_STEP][PASSED] - log = new com.kms.katalon.core.logging.KeywordLogger(): null

2019-12-23 10:26:12 - [TEST_STEP][PASSED] - log.logInfo("URL: " + a): URL: https://p4p-qa-bg.aws.paradise4paws.com/frontdesk/reservation/
/?parent_id=122350

2019-12-23 10:26:12 - [MESSAGE][INFO] - URL: https://p4p-qa-bg.aws.paradise4paws.com/frontdesk/reservation/
/?parent_id=122350

2019-12-23 10:26:12 - [TEST_STEP][PASSED] - navigateToUrl(a): Navigate to 'https://p4p-qa-bg.aws.paradise4paws.com/frontdesk/reservation/
/?parent_id=122350' successfully

2019-12-23 10:26:12 - [MESSAGE][PASSED] - Navigate to 'https://p4p-qa-bg.aws.paradise4paws.com/frontdesk/reservation/
/?parent_id=122350' successfully

2019-12-23 10:26:12 - [TEST_STEP][PASSED] - delay(3): Delayed 3 second(s)

2019-12-23 10:26:15 - [MESSAGE][PASSED] - Delayed 3 second(s)

2019-12-23 10:26:15 - [TEST_STEP][FAILED] - click(findTestObject("object_reservation/button_Next")): Unable to click on object 'Object Repository/object_reservation/button_Next' (Root cause: com.kms.katalon.core.exception.StepFailedException: Unable to click on object 'Object Repository/object_reservation/button_Next'
	at com.kms.katalon.core.webui.keyword.internal.WebUIKeywordMain.stepFailed(WebUIKeywordMain.groovy:64)
	at com.kms.katalon.core.webui.keyword.internal.WebUIKeywordMain.runKeyword(WebUIKeywordMain.groovy:26)
	at com.kms.katalon.core.webui.keyword.builtin.ClickKeyword.click(ClickKeyword.groovy:99)
	at com.kms.katalon.core.webui.keyword.builtin.ClickKeyword.execute(ClickKeyword.groovy:43)
	at com.kms.katalon.core.keyword.internal.KeywordExecutor.executeKeywordForPlatform(KeywordExecutor.groovy:60)
	at com.kms.katalon.core.webui.keyword.WebUiBuiltInKeywords.click(WebUiBuiltInKeywords.groovy:616)
	at com.kms.katalon.core.webui.keyword.WebUiBuiltInKeywords$click$2.call(Unknown Source)
	at p4p_cancelReserEdit.run(p4p_cancelReserEdit:65)
	at com.kms.katalon.core.main.ScriptEngine.run(ScriptEngine.java:194)
	at com.kms.katalon.core.main.ScriptEngine.runScriptAsRawText(ScriptEngine.java:119)
	at com.kms.katalon.core.main.TestCaseExecutor.runScript(TestCaseExecutor.java:337)
	at com.kms.katalon.core.main.TestCaseExecutor.doExecute(TestCaseExecutor.java:328)
	at com.kms.katalon.core.main.TestCaseExecutor.processExecutionPhase(TestCaseExecutor.java:307)
	at com.kms.katalon.core.main.TestCaseExecutor.accessMainPhase(TestCaseExecutor.java:299)
	at com.kms.katalon.core.main.TestCaseExecutor.execute(TestCaseExecutor.java:233)
	at com.kms.katalon.core.main.TestSuiteExecutor.accessTestCaseMainPhase(TestSuiteExecutor.java:169)
	at com.kms.katalon.core.main.TestSuiteExecutor.accessTestSuiteMainPhase(TestSuiteExecutor.java:142)
	at com.kms.katalon.core.main.TestSuiteExecutor.execute(TestSuiteExecutor.java:91)
	at com.kms.katalon.core.main.TestCaseMain.startTestSuite(TestCaseMain.java:157)
	at com.kms.katalon.core.main.TestCaseMain$startTestSuite$0.call(Unknown Source)
	at TempTestSuite1577117416756.run(TempTestSuite1577117416756.groovy:36)
Caused by: com.kms.katalon.core.webui.exception.WebElementNotFoundException: Web element with id: 'Object Repository/object_reservation/button_Next' located by 'By.xpath: (//button[@type='button'])[10]' not found
	at com.kms.katalon.core.webui.common.WebUiCommonHelper.findWebElement(WebUiCommonHelper.java:1113)
	at com.kms.katalon.core.webui.keyword.internal.WebUIAbstractKeyword.findWebElement(WebUIAbstractKeyword.groovy:27)
	at com.kms.katalon.core.webui.keyword.internal.WebUIAbstractKeyword.findWebElement(WebUIAbstractKeyword.groovy:26)
	at com.kms.katalon.core.webui.keyword.builtin.ClickKeyword$_click_closure1.doCall(ClickKeyword.groovy:68)
	at com.kms.katalon.core.webui.keyword.builtin.ClickKeyword$_click_closure1.call(ClickKeyword.groovy)
	at com.kms.katalon.core.webui.keyword.internal.WebUIKeywordMain.runKeyword(WebUIKeywordMain.groovy:20)
	at com.kms.katalon.core.webui.keyword.builtin.ClickKeyword.click(ClickKeyword.groovy:99)
	at com.kms.katalon.core.webui.keyword.builtin.ClickKeyword.execute(ClickKeyword.groovy:43)
	at com.kms.katalon.core.keyword.internal.KeywordExecutor.executeKeywordForPlatform(KeywordExecutor.groovy:60)
	at com.kms.katalon.core.webui.keyword.WebUiBuiltInKeywords.click(WebUiBuiltInKeywords.groovy:616)
	at com.kms.katalon.core.webui.keyword.WebUiBuiltInKeywords$click$2.call(Unknown Source)
	at Script1575908897768.run(Script1575908897768.groovy:65)
	... 13 more
)

2019-12-23 10:26:59 - [MESSAGE][INFO] - Unable to find the element located by 'By.xpath: (//button[@type='button'])[10]'. Please recheck the objects properties to make sure the desired element is located. 

2019-12-23 10:26:59 - [MESSAGE][FAILED] - Unable to click on object 'Object Repository/object_reservation/button_Next' (Root cause: com.kms.katalon.core.exception.StepFailedException: Unable to click on object 'Object Repository/object_reservation/button_Next'
	at com.kms.katalon.core.webui.keyword.internal.WebUIKeywordMain.stepFailed(WebUIKeywordMain.groovy:64)
	at com.kms.katalon.core.webui.keyword.internal.WebUIKeywordMain.runKeyword(WebUIKeywordMain.groovy:26)
	at com.kms.katalon.core.webui.keyword.builtin.ClickKeyword.click(ClickKeyword.groovy:99)
	at com.kms.katalon.core.webui.keyword.builtin.ClickKeyword.execute(ClickKeyword.groovy:43)
	at com.kms.katalon.core.keyword.internal.KeywordExecutor.executeKeywordForPlatform(KeywordExecutor.groovy:60)
	at com.kms.katalon.core.webui.keyword.WebUiBuiltInKeywords.click(WebUiBuiltInKeywords.groovy:616)
	at com.kms.katalon.core.webui.keyword.WebUiBuiltInKeywords$click$2.call(Unknown Source)
	at p4p_cancelReserEdit.run(p4p_cancelReserEdit:65)
	at com.kms.katalon.core.main.ScriptEngine.run(ScriptEngine.java:194)
	at com.kms.katalon.core.main.ScriptEngine.runScriptAsRawText(ScriptEngine.java:119)
	at com.kms.katalon.core.main.TestCaseExecutor.runScript(TestCaseExecutor.java:337)
	at com.kms.katalon.core.main.TestCaseExecutor.doExecute(TestCaseExecutor.java:328)
	at com.kms.katalon.core.main.TestCaseExecutor.processExecutionPhase(TestCaseExecutor.java:307)
	at com.kms.katalon.core.main.TestCaseExecutor.accessMainPhase(TestCaseExecutor.java:299)
	at com.kms.katalon.core.main.TestCaseExecutor.execute(TestCaseExecutor.java:233)
	at com.kms.katalon.core.main.TestSuiteExecutor.accessTestCaseMainPhase(TestSuiteExecutor.java:169)
	at com.kms.katalon.core.main.TestSuiteExecutor.accessTestSuiteMainPhase(TestSuiteExecutor.java:142)
	at com.kms.katalon.core.main.TestSuiteExecutor.execute(TestSuiteExecutor.java:91)
	at com.kms.katalon.core.main.TestCaseMain.startTestSuite(TestCaseMain.java:157)
	at com.kms.katalon.core.main.TestCaseMain$startTestSuite$0.call(Unknown Source)
	at TempTestSuite1577117416756.run(TempTestSuite1577117416756.groovy:36)
Caused by: com.kms.katalon.core.webui.exception.WebElementNotFoundException: Web element with id: 'Object Repository/object_reservation/button_Next' located by 'By.xpath: (//button[@type='button'])[10]' not found
	at com.kms.katalon.core.webui.common.WebUiCommonHelper.findWebElement(WebUiCommonHelper.java:1113)
	at com.kms.katalon.core.webui.keyword.internal.WebUIAbstractKeyword.findWebElement(WebUIAbstractKeyword.groovy:27)
	at com.kms.katalon.core.webui.keyword.internal.WebUIAbstractKeyword.findWebElement(WebUIAbstractKeyword.groovy:26)
	at com.kms.katalon.core.webui.keyword.builtin.ClickKeyword$_click_closure1.doCall(ClickKeyword.groovy:68)
	at com.kms.katalon.core.webui.keyword.builtin.ClickKeyword$_click_closure1.call(ClickKeyword.groovy)
	at com.kms.katalon.core.webui.keyword.internal.WebUIKeywordMain.runKeyword(WebUIKeywordMain.groovy:20)
	at com.kms.katalon.core.webui.keyword.builtin.ClickKeyword.click(ClickKeyword.groovy:99)
	at com.kms.katalon.core.webui.keyword.builtin.ClickKeyword.execute(ClickKeyword.groovy:43)
	at com.kms.katalon.core.keyword.internal.KeywordExecutor.executeKeywordForPlatform(KeywordExecutor.groovy:60)
	at com.kms.katalon.core.webui.keyword.WebUiBuiltInKeywords.click(WebUiBuiltInKeywords.groovy:616)
	at com.kms.katalon.core.webui.keyword.WebUiBuiltInKeywords$click$2.call(Unknown Source)
	at Script1575908897768.run(Script1575908897768.groovy:65)
	... 13 more
)
[[ATTACHMENT|/home/leonardo-arkusmty/Documents/workspaceKatalon/p4ptest/Reports/20191223_101016/ts_newBoardingSpaserviceCancel/20191223_101016/1577118419285.png]]]]></system-out>
         <system-err><![CDATA[2019-12-23 10:25:44 - [TEST_CASE][FAILED] - Test Cases/p4p_cancelReserEdit: Test Cases/p4p_cancelReserEdit FAILED.
Reason:
com.kms.katalon.core.exception.StepFailedException: Unable to click on object 'Object Repository/object_reservation/button_Next'
	at com.kms.katalon.core.webui.keyword.internal.WebUIKeywordMain.stepFailed(WebUIKeywordMain.groovy:64)
	at com.kms.katalon.core.webui.keyword.internal.WebUIKeywordMain.runKeyword(WebUIKeywordMain.groovy:26)
	at com.kms.katalon.core.webui.keyword.builtin.ClickKeyword.click(ClickKeyword.groovy:99)
	at com.kms.katalon.core.webui.keyword.builtin.ClickKeyword.execute(ClickKeyword.groovy:43)
	at com.kms.katalon.core.keyword.internal.KeywordExecutor.executeKeywordForPlatform(KeywordExecutor.groovy:60)
	at com.kms.katalon.core.webui.keyword.WebUiBuiltInKeywords.click(WebUiBuiltInKeywords.groovy:616)
	at com.kms.katalon.core.webui.keyword.WebUiBuiltInKeywords$click$2.call(Unknown Source)
	at p4p_cancelReserEdit.run(p4p_cancelReserEdit:65)
	at com.kms.katalon.core.main.ScriptEngine.run(ScriptEngine.java:194)
	at com.kms.katalon.core.main.ScriptEngine.runScriptAsRawText(ScriptEngine.java:119)
	at com.kms.katalon.core.main.TestCaseExecutor.runScript(TestCaseExecutor.java:337)
	at com.kms.katalon.core.main.TestCaseExecutor.doExecute(TestCaseExecutor.java:328)
	at com.kms.katalon.core.main.TestCaseExecutor.processExecutionPhase(TestCaseExecutor.java:307)
	at com.kms.katalon.core.main.TestCaseExecutor.accessMainPhase(TestCaseExecutor.java:299)
	at com.kms.katalon.core.main.TestCaseExecutor.execute(TestCaseExecutor.java:233)
	at com.kms.katalon.core.main.TestSuiteExecutor.accessTestCaseMainPhase(TestSuiteExecutor.java:169)
	at com.kms.katalon.core.main.TestSuiteExecutor.accessTestSuiteMainPhase(TestSuiteExecutor.java:142)
	at com.kms.katalon.core.main.TestSuiteExecutor.execute(TestSuiteExecutor.java:91)
	at com.kms.katalon.core.main.TestCaseMain.startTestSuite(TestCaseMain.java:157)
	at com.kms.katalon.core.main.TestCaseMain$startTestSuite$0.call(Unknown Source)
	at TempTestSuite1577117416756.run(TempTestSuite1577117416756.groovy:36)
Caused by: com.kms.katalon.core.webui.exception.WebElementNotFoundException: Web element with id: 'Object Repository/object_reservation/button_Next' located by 'By.xpath: (//button[@type='button'])[10]' not found
	at com.kms.katalon.core.webui.common.WebUiCommonHelper.findWebElement(WebUiCommonHelper.java:1113)
	at com.kms.katalon.core.webui.keyword.internal.WebUIAbstractKeyword.findWebElement(WebUIAbstractKeyword.groovy:27)
	at com.kms.katalon.core.webui.keyword.internal.WebUIAbstractKeyword.findWebElement(WebUIAbstractKeyword.groovy:26)
	at com.kms.katalon.core.webui.keyword.builtin.ClickKeyword$_click_closure1.doCall(ClickKeyword.groovy:68)
	at com.kms.katalon.core.webui.keyword.builtin.ClickKeyword$_click_closure1.call(ClickKeyword.groovy)
	at com.kms.katalon.core.webui.keyword.internal.WebUIKeywordMain.runKeyword(WebUIKeywordMain.groovy:20)
	... 19 more]]></system-err>
      </testcase>
      <testcase name="Test Cases/p4p_cancelReserEdit" time="77.753" classname="Test Cases/p4p_cancelReserEdit" status="FAILED">
         <failure type="FAILED" message="Test Cases/p4p_cancelReserEdit FAILED.
Reason:
com.kms.katalon.core.exception.StepFailedException: Unable to click on object 'Object Repository/object_reservation/button_Next'
	at com.kms.katalon.core.webui.keyword.internal.WebUIKeywordMain.stepFailed(WebUIKeywordMain.groovy:64)
	at com.kms.katalon.core.webui.keyword.internal.WebUIKeywordMain.runKeyword(WebUIKeywordMain.groovy:26)
	at com.kms.katalon.core.webui.keyword.builtin.ClickKeyword.click(ClickKeyword.groovy:99)
	at com.kms.katalon.core.webui.keyword.builtin.ClickKeyword.execute(ClickKeyword.groovy:43)
	at com.kms.katalon.core.keyword.internal.KeywordExecutor.executeKeywordForPlatform(KeywordExecutor.groovy:60)
	at com.kms.katalon.core.webui.keyword.WebUiBuiltInKeywords.click(WebUiBuiltInKeywords.groovy:616)
	at com.kms.katalon.core.webui.keyword.WebUiBuiltInKeywords$click$2.call(Unknown Source)
	at p4p_cancelReserEdit.run(p4p_cancelReserEdit:65)
	at com.kms.katalon.core.main.ScriptEngine.run(ScriptEngine.java:194)
	at com.kms.katalon.core.main.ScriptEngine.runScriptAsRawText(ScriptEngine.java:119)
	at com.kms.katalon.core.main.TestCaseExecutor.runScript(TestCaseExecutor.java:337)
	at com.kms.katalon.core.main.TestCaseExecutor.doExecute(TestCaseExecutor.java:328)
	at com.kms.katalon.core.main.TestCaseExecutor.processExecutionPhase(TestCaseExecutor.java:307)
	at com.kms.katalon.core.main.TestCaseExecutor.accessMainPhase(TestCaseExecutor.java:299)
	at com.kms.katalon.core.main.TestCaseExecutor.execute(TestCaseExecutor.java:233)
	at com.kms.katalon.core.main.TestSuiteExecutor.accessTestCaseMainPhase(TestSuiteExecutor.java:169)
	at com.kms.katalon.core.main.TestSuiteExecutor.accessTestSuiteMainPhase(TestSuiteExecutor.java:142)
	at com.kms.katalon.core.main.TestSuiteExecutor.execute(TestSuiteExecutor.java:91)
	at com.kms.katalon.core.main.TestCaseMain.startTestSuite(TestCaseMain.java:157)
	at com.kms.katalon.core.main.TestCaseMain$startTestSuite$0.call(Unknown Source)
	at TempTestSuite1577117416756.run(TempTestSuite1577117416756.groovy:36)
Caused by: com.kms.katalon.core.webui.exception.WebElementNotFoundException: Web element with id: 'Object Repository/object_reservation/button_Next' located by 'By.xpath: (//button[@type='button'])[10]' not found
	at com.kms.katalon.core.webui.common.WebUiCommonHelper.findWebElement(WebUiCommonHelper.java:1113)
	at com.kms.katalon.core.webui.keyword.internal.WebUIAbstractKeyword.findWebElement(WebUIAbstractKeyword.groovy:27)
	at com.kms.katalon.core.webui.keyword.internal.WebUIAbstractKeyword.findWebElement(WebUIAbstractKeyword.groovy:26)
	at com.kms.katalon.core.webui.keyword.builtin.ClickKeyword$_click_closure1.doCall(ClickKeyword.groovy:68)
	at com.kms.katalon.core.webui.keyword.builtin.ClickKeyword$_click_closure1.call(ClickKeyword.groovy)
	at com.kms.katalon.core.webui.keyword.internal.WebUIKeywordMain.runKeyword(WebUIKeywordMain.groovy:20)
	... 19 more
"/>
         <system-out><![CDATA[2019-12-23 10:26:59 - [TEST_CASE][FAILED] - Test Cases/p4p_cancelReserEdit: Test Cases/p4p_cancelReserEdit FAILED.
Reason:
com.kms.katalon.core.exception.StepFailedException: Unable to click on object 'Object Repository/object_reservation/button_Next'
	at com.kms.katalon.core.webui.keyword.internal.WebUIKeywordMain.stepFailed(WebUIKeywordMain.groovy:64)
	at com.kms.katalon.core.webui.keyword.internal.WebUIKeywordMain.runKeyword(WebUIKeywordMain.groovy:26)
	at com.kms.katalon.core.webui.keyword.builtin.ClickKeyword.click(ClickKeyword.groovy:99)
	at com.kms.katalon.core.webui.keyword.builtin.ClickKeyword.execute(ClickKeyword.groovy:43)
	at com.kms.katalon.core.keyword.internal.KeywordExecutor.executeKeywordForPlatform(KeywordExecutor.groovy:60)
	at com.kms.katalon.core.webui.keyword.WebUiBuiltInKeywords.click(WebUiBuiltInKeywords.groovy:616)
	at com.kms.katalon.core.webui.keyword.WebUiBuiltInKeywords$click$2.call(Unknown Source)
	at p4p_cancelReserEdit.run(p4p_cancelReserEdit:65)
	at com.kms.katalon.core.main.ScriptEngine.run(ScriptEngine.java:194)
	at com.kms.katalon.core.main.ScriptEngine.runScriptAsRawText(ScriptEngine.java:119)
	at com.kms.katalon.core.main.TestCaseExecutor.runScript(TestCaseExecutor.java:337)
	at com.kms.katalon.core.main.TestCaseExecutor.doExecute(TestCaseExecutor.java:328)
	at com.kms.katalon.core.main.TestCaseExecutor.processExecutionPhase(TestCaseExecutor.java:307)
	at com.kms.katalon.core.main.TestCaseExecutor.accessMainPhase(TestCaseExecutor.java:299)
	at com.kms.katalon.core.main.TestCaseExecutor.execute(TestCaseExecutor.java:233)
	at com.kms.katalon.core.main.TestSuiteExecutor.accessTestCaseMainPhase(TestSuiteExecutor.java:169)
	at com.kms.katalon.core.main.TestSuiteExecutor.accessTestSuiteMainPhase(TestSuiteExecutor.java:142)
	at com.kms.katalon.core.main.TestSuiteExecutor.execute(TestSuiteExecutor.java:91)
	at com.kms.katalon.core.main.TestCaseMain.startTestSuite(TestCaseMain.java:157)
	at com.kms.katalon.core.main.TestCaseMain$startTestSuite$0.call(Unknown Source)
	at TempTestSuite1577117416756.run(TempTestSuite1577117416756.groovy:36)
Caused by: com.kms.katalon.core.webui.exception.WebElementNotFoundException: Web element with id: 'Object Repository/object_reservation/button_Next' located by 'By.xpath: (//button[@type='button'])[10]' not found
	at com.kms.katalon.core.webui.common.WebUiCommonHelper.findWebElement(WebUiCommonHelper.java:1113)
	at com.kms.katalon.core.webui.keyword.internal.WebUIAbstractKeyword.findWebElement(WebUIAbstractKeyword.groovy:27)
	at com.kms.katalon.core.webui.keyword.internal.WebUIAbstractKeyword.findWebElement(WebUIAbstractKeyword.groovy:26)
	at com.kms.katalon.core.webui.keyword.builtin.ClickKeyword$_click_closure1.doCall(ClickKeyword.groovy:68)
	at com.kms.katalon.core.webui.keyword.builtin.ClickKeyword$_click_closure1.call(ClickKeyword.groovy)
	at com.kms.katalon.core.webui.keyword.internal.WebUIKeywordMain.runKeyword(WebUIKeywordMain.groovy:20)
	... 19 more


2019-12-23 10:26:59 - [TEST_STEP][PASSED] - openBrowser("https://p4p-qa-bg.aws.paradise4paws.com/login/"): Browser is opened with url: 'https://p4p-qa-bg.aws.paradise4paws.com/login/'

2019-12-23 10:26:59 - [MESSAGE][WARNING] - A browser is already opened. Closing browser and opening a new one

2019-12-23 10:27:00 - [MESSAGE][INFO] - Starting 'Firefox' driver

2019-12-23 10:27:04 - [MESSAGE][PASSED] - Browser is opened with url: 'https://p4p-qa-bg.aws.paradise4paws.com/login/'

2019-12-23 10:27:04 - [TEST_STEP][PASSED] - setText(findTestObject("Object Repository/object_login/input_user"), var_user): Text 'jegchavez@gmail.com' is set on object 'Object Repository/object_login/input_user'

2019-12-23 10:27:05 - [MESSAGE][PASSED] - Text 'jegchavez@gmail.com' is set on object 'Object Repository/object_login/input_user'

2019-12-23 10:27:05 - [TEST_STEP][PASSED] - setText(findTestObject("Object Repository/object_login/input_pass"), var_pass): Text 'admin1' is set on object 'Object Repository/object_login/input_pass'

2019-12-23 10:27:06 - [MESSAGE][PASSED] - Text 'admin1' is set on object 'Object Repository/object_login/input_pass'

2019-12-23 10:27:06 - [TEST_STEP][PASSED] - delay(2): Delayed 2 second(s)

2019-12-23 10:27:08 - [MESSAGE][PASSED] - Delayed 2 second(s)

2019-12-23 10:27:08 - [TEST_STEP][PASSED] - verifyElementClickable(findTestObject("Object Repository/object_login/btn_login")): Object 'Object Repository/object_login/btn_login' is clickable

2019-12-23 10:27:08 - [MESSAGE][PASSED] - Object 'Object Repository/object_login/btn_login' is clickable

2019-12-23 10:27:08 - [TEST_STEP][PASSED] - click(findTestObject("Object Repository/object_login/btn_login")): Object: 'Object Repository/object_login/btn_login' is clicked on

2019-12-23 10:27:13 - [MESSAGE][PASSED] - Object: 'Object Repository/object_login/btn_login' is clicked on

2019-12-23 10:27:13 - [TEST_STEP][PASSED] - delay(2): Delayed 2 second(s)

2019-12-23 10:27:15 - [MESSAGE][PASSED] - Delayed 2 second(s)

2019-12-23 10:27:15 - [TEST_STEP][PASSED] - setText(findTestObject("Object Repository/object_dashboard_emp/input_search"), var_mailParent): Text 'test@test.test' is set on object 'Object Repository/object_dashboard_emp/input_search'

2019-12-23 10:27:15 - [MESSAGE][PASSED] - Text 'test@test.test' is set on object 'Object Repository/object_dashboard_emp/input_search'

2019-12-23 10:27:15 - [TEST_STEP][PASSED] - click(findTestObject("Object Repository/object_dashboard_emp/btn_accountSearch")): Object: 'Object Repository/object_dashboard_emp/btn_accountSearch' is clicked on

2019-12-23 10:27:16 - [MESSAGE][PASSED] - Object: 'Object Repository/object_dashboard_emp/btn_accountSearch' is clicked on

2019-12-23 10:27:16 - [TEST_STEP][PASSED] - delay(2): Delayed 2 second(s)

2019-12-23 10:27:18 - [MESSAGE][PASSED] - Delayed 2 second(s)

2019-12-23 10:27:18 - [TEST_STEP][PASSED] - click(findTestObject("object_accountInformation/a_TEST GABRIEL PROD")): Object: 'Object Repository/object_accountInformation/a_TEST GABRIEL PROD' is clicked on

2019-12-23 10:27:24 - [MESSAGE][PASSED] - Object: 'Object Repository/object_accountInformation/a_TEST GABRIEL PROD' is clicked on

2019-12-23 10:27:24 - [TEST_STEP][PASSED] - delay(1): Delayed 1 second(s)

2019-12-23 10:27:25 - [MESSAGE][PASSED] - Delayed 1 second(s)

2019-12-23 10:27:25 - [TEST_STEP][PASSED] - a = var_url1 + var_idReservation + var_url2 + var_idParent: null

2019-12-23 10:27:25 - [TEST_STEP][PASSED] - delay(4): Delayed 4 second(s)

2019-12-23 10:27:29 - [MESSAGE][PASSED] - Delayed 4 second(s)

2019-12-23 10:27:29 - [TEST_STEP][PASSED] - log = new com.kms.katalon.core.logging.KeywordLogger(): null

2019-12-23 10:27:29 - [TEST_STEP][PASSED] - log.logInfo("URL: " + a): URL: https://p4p-qa-bg.aws.paradise4paws.com/frontdesk/reservation/
/?parent_id=122350

2019-12-23 10:27:29 - [MESSAGE][INFO] - URL: https://p4p-qa-bg.aws.paradise4paws.com/frontdesk/reservation/
/?parent_id=122350

2019-12-23 10:27:29 - [TEST_STEP][PASSED] - navigateToUrl(a): Navigate to 'https://p4p-qa-bg.aws.paradise4paws.com/frontdesk/reservation/
/?parent_id=122350' successfully

2019-12-23 10:27:30 - [MESSAGE][PASSED] - Navigate to 'https://p4p-qa-bg.aws.paradise4paws.com/frontdesk/reservation/
/?parent_id=122350' successfully

2019-12-23 10:27:30 - [TEST_STEP][PASSED] - delay(3): Delayed 3 second(s)

2019-12-23 10:27:33 - [MESSAGE][PASSED] - Delayed 3 second(s)

2019-12-23 10:27:33 - [TEST_STEP][FAILED] - click(findTestObject("object_reservation/button_Next")): Unable to click on object 'Object Repository/object_reservation/button_Next' (Root cause: com.kms.katalon.core.exception.StepFailedException: Unable to click on object 'Object Repository/object_reservation/button_Next'
	at com.kms.katalon.core.webui.keyword.internal.WebUIKeywordMain.stepFailed(WebUIKeywordMain.groovy:64)
	at com.kms.katalon.core.webui.keyword.internal.WebUIKeywordMain.runKeyword(WebUIKeywordMain.groovy:26)
	at com.kms.katalon.core.webui.keyword.builtin.ClickKeyword.click(ClickKeyword.groovy:99)
	at com.kms.katalon.core.webui.keyword.builtin.ClickKeyword.execute(ClickKeyword.groovy:43)
	at com.kms.katalon.core.keyword.internal.KeywordExecutor.executeKeywordForPlatform(KeywordExecutor.groovy:60)
	at com.kms.katalon.core.webui.keyword.WebUiBuiltInKeywords.click(WebUiBuiltInKeywords.groovy:616)
	at com.kms.katalon.core.webui.keyword.WebUiBuiltInKeywords$click$2.call(Unknown Source)
	at p4p_cancelReserEdit.run(p4p_cancelReserEdit:65)
	at com.kms.katalon.core.main.ScriptEngine.run(ScriptEngine.java:194)
	at com.kms.katalon.core.main.ScriptEngine.runScriptAsRawText(ScriptEngine.java:119)
	at com.kms.katalon.core.main.TestCaseExecutor.runScript(TestCaseExecutor.java:337)
	at com.kms.katalon.core.main.TestCaseExecutor.doExecute(TestCaseExecutor.java:328)
	at com.kms.katalon.core.main.TestCaseExecutor.processExecutionPhase(TestCaseExecutor.java:307)
	at com.kms.katalon.core.main.TestCaseExecutor.accessMainPhase(TestCaseExecutor.java:299)
	at com.kms.katalon.core.main.TestCaseExecutor.execute(TestCaseExecutor.java:233)
	at com.kms.katalon.core.main.TestSuiteExecutor.accessTestCaseMainPhase(TestSuiteExecutor.java:169)
	at com.kms.katalon.core.main.TestSuiteExecutor.accessTestSuiteMainPhase(TestSuiteExecutor.java:142)
	at com.kms.katalon.core.main.TestSuiteExecutor.execute(TestSuiteExecutor.java:91)
	at com.kms.katalon.core.main.TestCaseMain.startTestSuite(TestCaseMain.java:157)
	at com.kms.katalon.core.main.TestCaseMain$startTestSuite$0.call(Unknown Source)
	at TempTestSuite1577117416756.run(TempTestSuite1577117416756.groovy:36)
Caused by: com.kms.katalon.core.webui.exception.WebElementNotFoundException: Web element with id: 'Object Repository/object_reservation/button_Next' located by 'By.xpath: (//button[@type='button'])[10]' not found
	at com.kms.katalon.core.webui.common.WebUiCommonHelper.findWebElement(WebUiCommonHelper.java:1113)
	at com.kms.katalon.core.webui.keyword.internal.WebUIAbstractKeyword.findWebElement(WebUIAbstractKeyword.groovy:27)
	at com.kms.katalon.core.webui.keyword.internal.WebUIAbstractKeyword.findWebElement(WebUIAbstractKeyword.groovy:26)
	at com.kms.katalon.core.webui.keyword.builtin.ClickKeyword$_click_closure1.doCall(ClickKeyword.groovy:68)
	at com.kms.katalon.core.webui.keyword.builtin.ClickKeyword$_click_closure1.call(ClickKeyword.groovy)
	at com.kms.katalon.core.webui.keyword.internal.WebUIKeywordMain.runKeyword(WebUIKeywordMain.groovy:20)
	at com.kms.katalon.core.webui.keyword.builtin.ClickKeyword.click(ClickKeyword.groovy:99)
	at com.kms.katalon.core.webui.keyword.builtin.ClickKeyword.execute(ClickKeyword.groovy:43)
	at com.kms.katalon.core.keyword.internal.KeywordExecutor.executeKeywordForPlatform(KeywordExecutor.groovy:60)
	at com.kms.katalon.core.webui.keyword.WebUiBuiltInKeywords.click(WebUiBuiltInKeywords.groovy:616)
	at com.kms.katalon.core.webui.keyword.WebUiBuiltInKeywords$click$2.call(Unknown Source)
	at Script1575908897768.run(Script1575908897768.groovy:65)
	... 13 more
)

2019-12-23 10:28:17 - [MESSAGE][INFO] - Unable to find the element located by 'By.xpath: (//button[@type='button'])[10]'. Please recheck the objects properties to make sure the desired element is located. 

2019-12-23 10:28:17 - [MESSAGE][FAILED] - Unable to click on object 'Object Repository/object_reservation/button_Next' (Root cause: com.kms.katalon.core.exception.StepFailedException: Unable to click on object 'Object Repository/object_reservation/button_Next'
	at com.kms.katalon.core.webui.keyword.internal.WebUIKeywordMain.stepFailed(WebUIKeywordMain.groovy:64)
	at com.kms.katalon.core.webui.keyword.internal.WebUIKeywordMain.runKeyword(WebUIKeywordMain.groovy:26)
	at com.kms.katalon.core.webui.keyword.builtin.ClickKeyword.click(ClickKeyword.groovy:99)
	at com.kms.katalon.core.webui.keyword.builtin.ClickKeyword.execute(ClickKeyword.groovy:43)
	at com.kms.katalon.core.keyword.internal.KeywordExecutor.executeKeywordForPlatform(KeywordExecutor.groovy:60)
	at com.kms.katalon.core.webui.keyword.WebUiBuiltInKeywords.click(WebUiBuiltInKeywords.groovy:616)
	at com.kms.katalon.core.webui.keyword.WebUiBuiltInKeywords$click$2.call(Unknown Source)
	at p4p_cancelReserEdit.run(p4p_cancelReserEdit:65)
	at com.kms.katalon.core.main.ScriptEngine.run(ScriptEngine.java:194)
	at com.kms.katalon.core.main.ScriptEngine.runScriptAsRawText(ScriptEngine.java:119)
	at com.kms.katalon.core.main.TestCaseExecutor.runScript(TestCaseExecutor.java:337)
	at com.kms.katalon.core.main.TestCaseExecutor.doExecute(TestCaseExecutor.java:328)
	at com.kms.katalon.core.main.TestCaseExecutor.processExecutionPhase(TestCaseExecutor.java:307)
	at com.kms.katalon.core.main.TestCaseExecutor.accessMainPhase(TestCaseExecutor.java:299)
	at com.kms.katalon.core.main.TestCaseExecutor.execute(TestCaseExecutor.java:233)
	at com.kms.katalon.core.main.TestSuiteExecutor.accessTestCaseMainPhase(TestSuiteExecutor.java:169)
	at com.kms.katalon.core.main.TestSuiteExecutor.accessTestSuiteMainPhase(TestSuiteExecutor.java:142)
	at com.kms.katalon.core.main.TestSuiteExecutor.execute(TestSuiteExecutor.java:91)
	at com.kms.katalon.core.main.TestCaseMain.startTestSuite(TestCaseMain.java:157)
	at com.kms.katalon.core.main.TestCaseMain$startTestSuite$0.call(Unknown Source)
	at TempTestSuite1577117416756.run(TempTestSuite1577117416756.groovy:36)
Caused by: com.kms.katalon.core.webui.exception.WebElementNotFoundException: Web element with id: 'Object Repository/object_reservation/button_Next' located by 'By.xpath: (//button[@type='button'])[10]' not found
	at com.kms.katalon.core.webui.common.WebUiCommonHelper.findWebElement(WebUiCommonHelper.java:1113)
	at com.kms.katalon.core.webui.keyword.internal.WebUIAbstractKeyword.findWebElement(WebUIAbstractKeyword.groovy:27)
	at com.kms.katalon.core.webui.keyword.internal.WebUIAbstractKeyword.findWebElement(WebUIAbstractKeyword.groovy:26)
	at com.kms.katalon.core.webui.keyword.builtin.ClickKeyword$_click_closure1.doCall(ClickKeyword.groovy:68)
	at com.kms.katalon.core.webui.keyword.builtin.ClickKeyword$_click_closure1.call(ClickKeyword.groovy)
	at com.kms.katalon.core.webui.keyword.internal.WebUIKeywordMain.runKeyword(WebUIKeywordMain.groovy:20)
	at com.kms.katalon.core.webui.keyword.builtin.ClickKeyword.click(ClickKeyword.groovy:99)
	at com.kms.katalon.core.webui.keyword.builtin.ClickKeyword.execute(ClickKeyword.groovy:43)
	at com.kms.katalon.core.keyword.internal.KeywordExecutor.executeKeywordForPlatform(KeywordExecutor.groovy:60)
	at com.kms.katalon.core.webui.keyword.WebUiBuiltInKeywords.click(WebUiBuiltInKeywords.groovy:616)
	at com.kms.katalon.core.webui.keyword.WebUiBuiltInKeywords$click$2.call(Unknown Source)
	at Script1575908897768.run(Script1575908897768.groovy:65)
	... 13 more
)
[[ATTACHMENT|/home/leonardo-arkusmty/Documents/workspaceKatalon/p4ptest/Reports/20191223_101016/ts_newBoardingSpaserviceCancel/20191223_101016/1577118497043.png]]]]></system-out>
         <system-err><![CDATA[2019-12-23 10:26:59 - [TEST_CASE][FAILED] - Test Cases/p4p_cancelReserEdit: Test Cases/p4p_cancelReserEdit FAILED.
Reason:
com.kms.katalon.core.exception.StepFailedException: Unable to click on object 'Object Repository/object_reservation/button_Next'
	at com.kms.katalon.core.webui.keyword.internal.WebUIKeywordMain.stepFailed(WebUIKeywordMain.groovy:64)
	at com.kms.katalon.core.webui.keyword.internal.WebUIKeywordMain.runKeyword(WebUIKeywordMain.groovy:26)
	at com.kms.katalon.core.webui.keyword.builtin.ClickKeyword.click(ClickKeyword.groovy:99)
	at com.kms.katalon.core.webui.keyword.builtin.ClickKeyword.execute(ClickKeyword.groovy:43)
	at com.kms.katalon.core.keyword.internal.KeywordExecutor.executeKeywordForPlatform(KeywordExecutor.groovy:60)
	at com.kms.katalon.core.webui.keyword.WebUiBuiltInKeywords.click(WebUiBuiltInKeywords.groovy:616)
	at com.kms.katalon.core.webui.keyword.WebUiBuiltInKeywords$click$2.call(Unknown Source)
	at p4p_cancelReserEdit.run(p4p_cancelReserEdit:65)
	at com.kms.katalon.core.main.ScriptEngine.run(ScriptEngine.java:194)
	at com.kms.katalon.core.main.ScriptEngine.runScriptAsRawText(ScriptEngine.java:119)
	at com.kms.katalon.core.main.TestCaseExecutor.runScript(TestCaseExecutor.java:337)
	at com.kms.katalon.core.main.TestCaseExecutor.doExecute(TestCaseExecutor.java:328)
	at com.kms.katalon.core.main.TestCaseExecutor.processExecutionPhase(TestCaseExecutor.java:307)
	at com.kms.katalon.core.main.TestCaseExecutor.accessMainPhase(TestCaseExecutor.java:299)
	at com.kms.katalon.core.main.TestCaseExecutor.execute(TestCaseExecutor.java:233)
	at com.kms.katalon.core.main.TestSuiteExecutor.accessTestCaseMainPhase(TestSuiteExecutor.java:169)
	at com.kms.katalon.core.main.TestSuiteExecutor.accessTestSuiteMainPhase(TestSuiteExecutor.java:142)
	at com.kms.katalon.core.main.TestSuiteExecutor.execute(TestSuiteExecutor.java:91)
	at com.kms.katalon.core.main.TestCaseMain.startTestSuite(TestCaseMain.java:157)
	at com.kms.katalon.core.main.TestCaseMain$startTestSuite$0.call(Unknown Source)
	at TempTestSuite1577117416756.run(TempTestSuite1577117416756.groovy:36)
Caused by: com.kms.katalon.core.webui.exception.WebElementNotFoundException: Web element with id: 'Object Repository/object_reservation/button_Next' located by 'By.xpath: (//button[@type='button'])[10]' not found
	at com.kms.katalon.core.webui.common.WebUiCommonHelper.findWebElement(WebUiCommonHelper.java:1113)
	at com.kms.katalon.core.webui.keyword.internal.WebUIAbstractKeyword.findWebElement(WebUIAbstractKeyword.groovy:27)
	at com.kms.katalon.core.webui.keyword.internal.WebUIAbstractKeyword.findWebElement(WebUIAbstractKeyword.groovy:26)
	at com.kms.katalon.core.webui.keyword.builtin.ClickKeyword$_click_closure1.doCall(ClickKeyword.groovy:68)
	at com.kms.katalon.core.webui.keyword.builtin.ClickKeyword$_click_closure1.call(ClickKeyword.groovy)
	at com.kms.katalon.core.webui.keyword.internal.WebUIKeywordMain.runKeyword(WebUIKeywordMain.groovy:20)
	... 19 more]]></system-err>
      </testcase>
      <system-out><![CDATA[2019-12-23 10:10:18 - [TEST_SUITE][FAILED] - ts_newBoardingSpaserviceCancel: Test Cases/p4p_newReservationBoarding FAILED.
Reason:
com.kms.katalon.core.exception.StepFailedException: Unable to get text of object 'Object Repository/object_reservation/Page_Paradise 4 Paws  Dog Boarding Cat Boar_35fe2b/span_( BK )'
	at com.kms.katalon.core.webui.keyword.internal.WebUIKeywordMain.stepFailed(WebUIKeywordMain.groovy:64)
	at com.kms.katalon.core.webui.keyword.internal.WebUIKeywordMain.runKeyword(WebUIKeywordMain.groovy:26)
	at com.kms.katalon.core.webui.keyword.builtin.GetTextKeyword.getText(GetTextKeyword.groovy:88)
	at com.kms.katalon.core.webui.keyword.builtin.GetTextKeyword.execute(GetTextKeyword.groovy:67)
	at com.kms.katalon.core.keyword.internal.KeywordExecutor.executeKeywordForPlatform(KeywordExecutor.groovy:60)
	at com.kms.katalon.core.webui.keyword.WebUiBuiltInKeywords.getText(WebUiBuiltInKeywords.groovy:888)
	at com.kms.katalon.core.webui.keyword.WebUiBuiltInKeywords$getText$3.call(Unknown Source)
	at p4p_newReservationBoarding.run(p4p_newReservationBoarding:613)
	at com.kms.katalon.core.main.ScriptEngine.run(ScriptEngine.java:194)
	at com.kms.katalon.core.main.ScriptEngine.runScriptAsRawText(ScriptEngine.java:119)
	at com.kms.katalon.core.main.TestCaseExecutor.runScript(TestCaseExecutor.java:337)
	at com.kms.katalon.core.main.TestCaseExecutor.doExecute(TestCaseExecutor.java:328)
	at com.kms.katalon.core.main.TestCaseExecutor.processExecutionPhase(TestCaseExecutor.java:307)
	at com.kms.katalon.core.main.TestCaseExecutor.accessMainPhase(TestCaseExecutor.java:299)
	at com.kms.katalon.core.main.TestCaseExecutor.execute(TestCaseExecutor.java:233)
	at com.kms.katalon.core.main.TestSuiteExecutor.accessTestCaseMainPhase(TestSuiteExecutor.java:169)
	at com.kms.katalon.core.main.TestSuiteExecutor.accessTestSuiteMainPhase(TestSuiteExecutor.java:142)
	at com.kms.katalon.core.main.TestSuiteExecutor.execute(TestSuiteExecutor.java:91)
	at com.kms.katalon.core.main.TestCaseMain.startTestSuite(TestCaseMain.java:157)
	at com.kms.katalon.core.main.TestCaseMain$startTestSuite$0.call(Unknown Source)
	at TempTestSuite1577117416756.run(TempTestSuite1577117416756.groovy:36)
Caused by: com.kms.katalon.core.webui.exception.WebElementNotFoundException: Web element with id: 'Object Repository/object_reservation/Page_Paradise 4 Paws  Dog Boarding Cat Boar_35fe2b/span_( BK )' located by 'By.xpath: //div[@id='wrapper']/div/div/div/div/div/div/ul/li[4]/a/tab-heading/span' not found
	at com.kms.katalon.core.webui.common.WebUiCommonHelper.findWebElement(WebUiCommonHelper.java:1113)
	at com.kms.katalon.core.webui.keyword.internal.WebUIAbstractKeyword.findWebElement(WebUIAbstractKeyword.groovy:27)
	at com.kms.katalon.core.webui.keyword.internal.WebUIAbstractKeyword.findWebElement(WebUIAbstractKeyword.groovy:26)
	at com.kms.katalon.core.webui.keyword.builtin.GetTextKeyword$_getText_closure1.doCall(GetTextKeyword.groovy:78)
	at com.kms.katalon.core.webui.keyword.builtin.GetTextKeyword$_getText_closure1.call(GetTextKeyword.groovy)
	at com.kms.katalon.core.webui.keyword.internal.WebUIKeywordMain.runKeyword(WebUIKeywordMain.groovy:20)
	... 19 more]]></system-out>
      <system-err><![CDATA[2019-12-23 10:10:18 - [TEST_SUITE][FAILED] - ts_newBoardingSpaserviceCancel: Test Cases/p4p_newReservationBoarding FAILED.
Reason:
com.kms.katalon.core.exception.StepFailedException: Unable to get text of object 'Object Repository/object_reservation/Page_Paradise 4 Paws  Dog Boarding Cat Boar_35fe2b/span_( BK )'
	at com.kms.katalon.core.webui.keyword.internal.WebUIKeywordMain.stepFailed(WebUIKeywordMain.groovy:64)
	at com.kms.katalon.core.webui.keyword.internal.WebUIKeywordMain.runKeyword(WebUIKeywordMain.groovy:26)
	at com.kms.katalon.core.webui.keyword.builtin.GetTextKeyword.getText(GetTextKeyword.groovy:88)
	at com.kms.katalon.core.webui.keyword.builtin.GetTextKeyword.execute(GetTextKeyword.groovy:67)
	at com.kms.katalon.core.keyword.internal.KeywordExecutor.executeKeywordForPlatform(KeywordExecutor.groovy:60)
	at com.kms.katalon.core.webui.keyword.WebUiBuiltInKeywords.getText(WebUiBuiltInKeywords.groovy:888)
	at com.kms.katalon.core.webui.keyword.WebUiBuiltInKeywords$getText$3.call(Unknown Source)
	at p4p_newReservationBoarding.run(p4p_newReservationBoarding:613)
	at com.kms.katalon.core.main.ScriptEngine.run(ScriptEngine.java:194)
	at com.kms.katalon.core.main.ScriptEngine.runScriptAsRawText(ScriptEngine.java:119)
	at com.kms.katalon.core.main.TestCaseExecutor.runScript(TestCaseExecutor.java:337)
	at com.kms.katalon.core.main.TestCaseExecutor.doExecute(TestCaseExecutor.java:328)
	at com.kms.katalon.core.main.TestCaseExecutor.processExecutionPhase(TestCaseExecutor.java:307)
	at com.kms.katalon.core.main.TestCaseExecutor.accessMainPhase(TestCaseExecutor.java:299)
	at com.kms.katalon.core.main.TestCaseExecutor.execute(TestCaseExecutor.java:233)
	at com.kms.katalon.core.main.TestSuiteExecutor.accessTestCaseMainPhase(TestSuiteExecutor.java:169)
	at com.kms.katalon.core.main.TestSuiteExecutor.accessTestSuiteMainPhase(TestSuiteExecutor.java:142)
	at com.kms.katalon.core.main.TestSuiteExecutor.execute(TestSuiteExecutor.java:91)
	at com.kms.katalon.core.main.TestCaseMain.startTestSuite(TestCaseMain.java:157)
	at com.kms.katalon.core.main.TestCaseMain$startTestSuite$0.call(Unknown Source)
	at TempTestSuite1577117416756.run(TempTestSuite1577117416756.groovy:36)
Caused by: com.kms.katalon.core.webui.exception.WebElementNotFoundException: Web element with id: 'Object Repository/object_reservation/Page_Paradise 4 Paws  Dog Boarding Cat Boar_35fe2b/span_( BK )' located by 'By.xpath: //div[@id='wrapper']/div/div/div/div/div/div/ul/li[4]/a/tab-heading/span' not found
	at com.kms.katalon.core.webui.common.WebUiCommonHelper.findWebElement(WebUiCommonHelper.java:1113)
	at com.kms.katalon.core.webui.keyword.internal.WebUIAbstractKeyword.findWebElement(WebUIAbstractKeyword.groovy:27)
	at com.kms.katalon.core.webui.keyword.internal.WebUIAbstractKeyword.findWebElement(WebUIAbstractKeyword.groovy:26)
	at com.kms.katalon.core.webui.keyword.builtin.GetTextKeyword$_getText_closure1.doCall(GetTextKeyword.groovy:78)
	at com.kms.katalon.core.webui.keyword.builtin.GetTextKeyword$_getText_closure1.call(GetTextKeyword.groovy)
	at com.kms.katalon.core.webui.keyword.internal.WebUIKeywordMain.runKeyword(WebUIKeywordMain.groovy:20)
	... 19 more]]></system-err>
   </testsuite>
</testsuites>
