<?xml version="1.0" encoding="UTF-8"?>
<testsuites name="ts_newReservation" time="34.53" tests="1" failures="0" errors="0">
   <testsuite name="ts_newReservation" tests="1" failures="0" errors="0" time="34.53" timestamp="2019-11-26 08:44:28" hostname="leonardo-arkusmty - leonardoarkusmty-Inspiron-5577" id="Test Suites/ts_newReservation">
      <properties>
         <property name="deviceName" value=""/>
         <property name="devicePlatform" value=""/>
         <property name="logFolder" value="/home/leonardo-arkusmty/Documents/workspaceKatalon/p4ptest/Reports/20191126_084427/ts_newReservation/20191126_084427"/>
         <property name="logFiles" value="/home/leonardo-arkusmty/Documents/workspaceKatalon/p4ptest/Reports/20191126_084427/ts_newReservation/20191126_084427/execution0.log"/>
         <property name="attachments" value=""/>
         <property name="hostName" value="leonardo-arkusmty - leonardoarkusmty-Inspiron-5577"/>
         <property name="os" value="Linux 64bit"/>
         <property name="katalonVersion" value="7.0.8.1"/>
         <property name="browser" value="Firefox 70.0"/>
         <property name="hostAddress" value="127.0.1.1"/>
         <property name="sessionId" value="0c475ba6-866e-4b0b-ac4d-a362c514f98f"/>
         <property name="seleniumVersion" value="3.141.59"/>
         <property name="proxyInformation" value="ProxyInformation{proxyOption=NO_PROXY, proxyServerType=HTTP, password=, proxyServerAddress=, proxyServerPort=0}"/>
         <property name="platform" value="Linux"/>
      </properties>
      <testcase name="Test Cases/p4p_newReservation" time="30.601" classname="Test Cases/p4p_newReservation" status="PASSED">
         <system-out><![CDATA[2019-11-26 08:44:29 - [TEST_CASE][PASSED] - Test Cases/p4p_newReservation: Test Cases/p4p_newReservation

2019-11-26 08:44:29 - [TEST_STEP][PASSED] - openBrowser("https://p4p-qa-bg.aws.paradise4paws.com/login/"): Browser is opened with url: 'https://p4p-qa-bg.aws.paradise4paws.com/login/'

2019-11-26 08:44:29 - [MESSAGE][INFO] - Starting 'Firefox' driver

2019-11-26 08:44:29 - [MESSAGE][INFO] - Action delay is set to 0 seconds

2019-11-26 08:44:33 - [MESSAGE][PASSED] - Browser is opened with url: 'https://p4p-qa-bg.aws.paradise4paws.com/login/'

2019-11-26 08:44:33 - [TEST_STEP][PASSED] - setText(findTestObject("object_login/input_user"), var_user): Text 'jegchavez@gmail.com' is set on object 'Object Repository/object_login/input_user'

2019-11-26 08:44:34 - [MESSAGE][PASSED] - Text 'jegchavez@gmail.com' is set on object 'Object Repository/object_login/input_user'

2019-11-26 08:44:34 - [TEST_STEP][PASSED] - setText(findTestObject("object_login/input_pass"), var_pass): Text 'admin1' is set on object 'Object Repository/object_login/input_pass'

2019-11-26 08:44:34 - [MESSAGE][PASSED] - Text 'admin1' is set on object 'Object Repository/object_login/input_pass'

2019-11-26 08:44:34 - [TEST_STEP][PASSED] - delay(2): Delayed 2 second(s)

2019-11-26 08:44:36 - [MESSAGE][PASSED] - Delayed 2 second(s)

2019-11-26 08:44:36 - [TEST_STEP][PASSED] - verifyElementClickable(findTestObject("object_login/btn_login")): Object 'Object Repository/object_login/btn_login' is clickable

2019-11-26 08:44:36 - [MESSAGE][PASSED] - Object 'Object Repository/object_login/btn_login' is clickable

2019-11-26 08:44:36 - [TEST_STEP][PASSED] - click(findTestObject("object_login/btn_login")): Object: 'Object Repository/object_login/btn_login' is clicked on

2019-11-26 08:44:40 - [MESSAGE][PASSED] - Object: 'Object Repository/object_login/btn_login' is clicked on

2019-11-26 08:44:40 - [TEST_STEP][PASSED] - delay(2): Delayed 2 second(s)

2019-11-26 08:44:42 - [MESSAGE][PASSED] - Delayed 2 second(s)

2019-11-26 08:44:42 - [TEST_STEP][PASSED] - navigateToUrl(var_urlReservations): Navigate to 'https://p4p-qa-bg.aws.paradise4paws.com/accounts/profile/#/reservations/97558/' successfully

2019-11-26 08:44:44 - [MESSAGE][PASSED] - Navigate to 'https://p4p-qa-bg.aws.paradise4paws.com/accounts/profile/#/reservations/97558/' successfully

2019-11-26 08:44:44 - [TEST_STEP][PASSED] - delay(2): Delayed 2 second(s)

2019-11-26 08:44:46 - [MESSAGE][PASSED] - Delayed 2 second(s)

2019-11-26 08:44:46 - [TEST_STEP][PASSED] - click(findTestObject("object_profile/a_addReservation")): Object: 'Object Repository/object_profile/a_addReservation' is clicked on

2019-11-26 08:44:48 - [MESSAGE][PASSED] - Object: 'Object Repository/object_profile/a_addReservation' is clicked on

2019-11-26 08:44:48 - [TEST_STEP][PASSED] - click(findTestObject("object_reservations/btn_Boarding")): Object: 'Object Repository/object_reservations/btn_Boarding' is clicked on

2019-11-26 08:44:49 - [MESSAGE][PASSED] - Object: 'Object Repository/object_reservations/btn_Boarding' is clicked on

2019-11-26 08:44:49 - [TEST_STEP][PASSED] - delay(3): Delayed 3 second(s)

2019-11-26 08:44:52 - [MESSAGE][PASSED] - Delayed 3 second(s)

2019-11-26 08:44:52 - [TEST_STEP][PASSED] - setText(findTestObject("object_reservations/input_Check-in Date_valid-date ng-not-empty"), "Thu, Nov 28, 2019"): Text 'Thu, Nov 28, 2019' is set on object 'Object Repository/object_reservations/input_Check-in Date_valid-date ng-not-empty'

2019-11-26 08:44:52 - [MESSAGE][PASSED] - Text 'Thu, Nov 28, 2019' is set on object 'Object Repository/object_reservations/input_Check-in Date_valid-date ng-not-empty'

2019-11-26 08:44:52 - [TEST_STEP][PASSED] - setText(findTestObject("object_reservations/input_Check-out Date_valid-date ng-not-empty"), "Fri, Nov 29, 2019"): Text 'Fri, Nov 29, 2019' is set on object 'Object Repository/object_reservations/input_Check-out Date_valid-date ng-not-empty'

2019-11-26 08:44:53 - [MESSAGE][PASSED] - Text 'Fri, Nov 29, 2019' is set on object 'Object Repository/object_reservations/input_Check-out Date_valid-date ng-not-empty'

2019-11-26 08:44:53 - [TEST_STEP][PASSED] - setText(findTestObject("object_reservations/input_Check-in Date_timepicker-input ng-not-empty ng-valid ng-valid-required ng-touched"), "07:00 AM"): Text '07:00 AM' is set on object 'Object Repository/object_reservations/input_Check-in Date_timepicker-input ng-not-empty ng-valid ng-valid-required ng-touched'

2019-11-26 08:44:54 - [MESSAGE][PASSED] - Text '07:00 AM' is set on object 'Object Repository/object_reservations/input_Check-in Date_timepicker-input ng-not-empty ng-valid ng-valid-required ng-touched'

2019-11-26 08:44:54 - [TEST_STEP][PASSED] - setText(findTestObject("object_reservations/input_Check-out Date_timepicker-input ng-empty ng-invalid ng-invalid-required"), "01:30 PM"): Text '01:30 PM' is set on object 'Object Repository/object_reservations/input_Check-out Date_timepicker-input ng-empty ng-invalid ng-invalid-required'

2019-11-26 08:44:55 - [MESSAGE][PASSED] - Text '01:30 PM' is set on object 'Object Repository/object_reservations/input_Check-out Date_timepicker-input ng-empty ng-invalid ng-invalid-required'

2019-11-26 08:44:55 - [TEST_STEP][PASSED] - delay(4): Delayed 4 second(s)

2019-11-26 08:44:59 - [MESSAGE][PASSED] - Delayed 4 second(s)]]></system-out>
         <system-err><![CDATA[]]></system-err>
      </testcase>
      <system-out><![CDATA[2019-11-26 08:44:28 - [TEST_SUITE][PASSED] - ts_newReservation: Test Cases/p4p_newReservation]]></system-out>
      <system-err><![CDATA[]]></system-err>
   </testsuite>
</testsuites>
