<?xml version="1.0" encoding="UTF-8"?>
<testsuites name="ts_newReservationSpaservice" time="214.682" tests="3" failures="0" errors="0">
   <testsuite name="ts_newReservationSpaservice" tests="3" failures="0" errors="0" time="214.682" timestamp="2019-12-16 02:04:09" hostname="leonardo-arkusmty - leonardoarkusmty-Inspiron-5577" id="Test Suites/ts_newReservationSpaservice">
      <properties>
         <property name="deviceName" value=""/>
         <property name="devicePlatform" value=""/>
         <property name="logFolder" value="/home/leonardo-arkusmty/Documents/workspaceKatalon/p4ptest/Reports/20191216_020407/ts_newReservationSpaservice/20191216_020407"/>
         <property name="logFiles" value="/home/leonardo-arkusmty/Documents/workspaceKatalon/p4ptest/Reports/20191216_020407/ts_newReservationSpaservice/20191216_020407/execution0.log"/>
         <property name="attachments" value=""/>
         <property name="hostName" value="leonardo-arkusmty - leonardoarkusmty-Inspiron-5577"/>
         <property name="os" value="Linux 64bit"/>
         <property name="katalonVersion" value="7.0.8.1"/>
         <property name="browser" value="Firefox 70.0"/>
         <property name="hostAddress" value="127.0.1.1"/>
         <property name="sessionId" value="22713a60-3685-44b8-8d5f-dbc6c7638591"/>
         <property name="seleniumVersion" value="3.141.59"/>
         <property name="proxyInformation" value="ProxyInformation{proxyOption=NO_PROXY, proxyServerType=HTTP, password=, proxyServerAddress=, proxyServerPort=0}"/>
         <property name="platform" value="Linux"/>
      </properties>
      <testcase name="Test Cases/p4p_newReservationSpaService" time="67.632" classname="Test Cases/p4p_newReservationSpaService" status="PASSED">
         <system-out><![CDATA[2019-12-16 02:04:09 - [TEST_CASE][PASSED] - Test Cases/p4p_newReservationSpaService: Test Cases/p4p_newReservationSpaService

2019-12-16 02:04:10 - [TEST_STEP][PASSED] - openBrowser("https://p4p-qa-bg.aws.paradise4paws.com/login/"): Browser is opened with url: 'https://p4p-qa-bg.aws.paradise4paws.com/login/'

2019-12-16 02:04:10 - [MESSAGE][INFO] - Starting 'Firefox' driver

2019-12-16 02:04:10 - [MESSAGE][INFO] - Action delay is set to 0 seconds

2019-12-16 02:04:14 - [MESSAGE][PASSED] - Browser is opened with url: 'https://p4p-qa-bg.aws.paradise4paws.com/login/'

2019-12-16 02:04:14 - [TEST_STEP][PASSED] - setText(findTestObject("Object Repository/object_login/input_user"), var_user): Text 'jegchavez@gmail.com' is set on object 'Object Repository/object_login/input_user'

2019-12-16 02:04:14 - [MESSAGE][PASSED] - Text 'jegchavez@gmail.com' is set on object 'Object Repository/object_login/input_user'

2019-12-16 02:04:14 - [TEST_STEP][PASSED] - setText(findTestObject("Object Repository/object_login/input_pass"), var_pass): Text 'admin1' is set on object 'Object Repository/object_login/input_pass'

2019-12-16 02:04:15 - [MESSAGE][PASSED] - Text 'admin1' is set on object 'Object Repository/object_login/input_pass'

2019-12-16 02:04:15 - [TEST_STEP][PASSED] - delay(2): Delayed 2 second(s)

2019-12-16 02:04:17 - [MESSAGE][PASSED] - Delayed 2 second(s)

2019-12-16 02:04:17 - [TEST_STEP][PASSED] - verifyElementClickable(findTestObject("Object Repository/object_login/btn_login")): Object 'Object Repository/object_login/btn_login' is clickable

2019-12-16 02:04:17 - [MESSAGE][PASSED] - Object 'Object Repository/object_login/btn_login' is clickable

2019-12-16 02:04:17 - [TEST_STEP][PASSED] - click(findTestObject("Object Repository/object_login/btn_login")): Object: 'Object Repository/object_login/btn_login' is clicked on

2019-12-16 02:04:20 - [MESSAGE][PASSED] - Object: 'Object Repository/object_login/btn_login' is clicked on

2019-12-16 02:04:20 - [TEST_STEP][PASSED] - delay(2): Delayed 2 second(s)

2019-12-16 02:04:22 - [MESSAGE][PASSED] - Delayed 2 second(s)

2019-12-16 02:04:22 - [TEST_STEP][PASSED] - setText(findTestObject("Object Repository/object_dashboard_emp/input_search"), var_searchParent): Text 'leongarzagarza@hotmail.com' is set on object 'Object Repository/object_dashboard_emp/input_search'

2019-12-16 02:04:22 - [MESSAGE][PASSED] - Text 'leongarzagarza@hotmail.com' is set on object 'Object Repository/object_dashboard_emp/input_search'

2019-12-16 02:04:22 - [TEST_STEP][PASSED] - click(findTestObject("Object Repository/object_dashboard_emp/btn_accountSearch")): Object: 'Object Repository/object_dashboard_emp/btn_accountSearch' is clicked on

2019-12-16 02:04:23 - [MESSAGE][PASSED] - Object: 'Object Repository/object_dashboard_emp/btn_accountSearch' is clicked on

2019-12-16 02:04:23 - [TEST_STEP][PASSED] - delay(2): Delayed 2 second(s)

2019-12-16 02:04:25 - [MESSAGE][PASSED] - Delayed 2 second(s)

2019-12-16 02:04:25 - [TEST_STEP][PASSED] - click(findTestObject("Object Repository/object_accountInformation/a_TEST GABRIEL PROD")): Object: 'Object Repository/object_accountInformation/a_TEST GABRIEL PROD' is clicked on

2019-12-16 02:04:29 - [MESSAGE][PASSED] - Object: 'Object Repository/object_accountInformation/a_TEST GABRIEL PROD' is clicked on

2019-12-16 02:04:29 - [TEST_STEP][PASSED] - delay(2): Delayed 2 second(s)

2019-12-16 02:04:31 - [MESSAGE][PASSED] - Delayed 2 second(s)

2019-12-16 02:04:31 - [TEST_STEP][PASSED] - click(findTestObject("Object Repository/object_profile/a_addReservation")): Object: 'Object Repository/object_profile/a_addReservation' is clicked on

2019-12-16 02:04:32 - [MESSAGE][PASSED] - Object: 'Object Repository/object_profile/a_addReservation' is clicked on

2019-12-16 02:04:32 - [TEST_STEP][PASSED] - delay(2): Delayed 2 second(s)

2019-12-16 02:04:34 - [MESSAGE][PASSED] - Delayed 2 second(s)

2019-12-16 02:04:34 - [TEST_STEP][PASSED] - flagBoar = "0": null

2019-12-16 02:04:34 - [TEST_STEP][PASSED] - log = new com.kms.katalon.core.logging.KeywordLogger(): null

2019-12-16 02:04:34 - [TEST_STEP][PASSED] - if (var_typeReserveation == "Boarding"): null

2019-12-16 02:04:34 - [TEST_STEP][PASSED] - else if (var_typeReserveation == "Daycare"): null

2019-12-16 02:04:34 - [TEST_STEP][PASSED] - else if (var_typeReserveation == "SpaService"): null

2019-12-16 02:04:34 - [TEST_STEP][PASSED] - click(findTestObject("object_reservation/btn_Spa Service")): Object: 'Object Repository/object_reservation/btn_Spa Service' is clicked on

2019-12-16 02:04:35 - [MESSAGE][PASSED] - Object: 'Object Repository/object_reservation/btn_Spa Service' is clicked on

2019-12-16 02:04:35 - [TEST_STEP][PASSED] - flagBoar = "3": null

2019-12-16 02:04:35 - [TEST_STEP][PASSED] - click(findTestObject("Object Repository/object_reservation/i_location")): Object: 'Object Repository/object_reservation/i_location' is clicked on

2019-12-16 02:04:37 - [MESSAGE][PASSED] - Object: 'Object Repository/object_reservation/i_location' is clicked on

2019-12-16 02:04:37 - [TEST_STEP][PASSED] - switch (var_idFacility): null

2019-12-16 02:04:37 - [TEST_STEP][PASSED] - dateCI = var_checkinD.split(","): null

2019-12-16 02:04:37 - [TEST_STEP][PASSED] - dateCO = var_checkoutD.split(","): null

2019-12-16 02:04:37 - [TEST_STEP][PASSED] - arryPets = var_pets.split(","): null

2019-12-16 02:04:37 - [TEST_STEP][PASSED] - delay(2): Delayed 2 second(s)

2019-12-16 02:04:39 - [MESSAGE][PASSED] - Delayed 2 second(s)

2019-12-16 02:04:39 - [TEST_STEP][PASSED] - if (var_repeting == "Y"): null

2019-12-16 02:04:39 - [TEST_STEP][PASSED] - click(findTestObject("Object Repository/object_reservation/dateCheckIn")): Object: 'Object Repository/object_reservation/dateCheckIn' is clicked on

2019-12-16 02:04:40 - [MESSAGE][PASSED] - Object: 'Object Repository/object_reservation/dateCheckIn' is clicked on

2019-12-16 02:04:40 - [TEST_STEP][PASSED] - delay(2): Delayed 2 second(s)

2019-12-16 02:04:42 - [MESSAGE][PASSED] - Delayed 2 second(s)

2019-12-16 02:04:42 - [TEST_STEP][PASSED] - switch (dateCI[0]): null

2019-12-16 02:04:42 - [TEST_STEP][PASSED] - case "7":: null

2019-12-16 02:04:42 - [TEST_STEP][PASSED] - click(findTestObject("Object Repository/Page_Paradise 4 Paws  Dog Boarding Cat Boarding Norwalk Pooch Hotel/button_07_ci")): Object: 'Object Repository/Page_Paradise 4 Paws  Dog Boarding Cat Boarding Norwalk Pooch Hotel/button_07_ci' is clicked on

2019-12-16 02:04:43 - [MESSAGE][PASSED] - Object: 'Object Repository/Page_Paradise 4 Paws  Dog Boarding Cat Boarding Norwalk Pooch Hotel/button_07_ci' is clicked on

2019-12-16 02:04:43 - [TEST_STEP][PASSED] - break: null

2019-12-16 02:04:43 - [TEST_STEP][PASSED] - if (flagBoar == "1"): null

2019-12-16 02:04:43 - [TEST_STEP][NOT_RUN] - click(findTestObject("Object Repository/object_reservationCalendar/CO_close")): NOT_RUN: click(findTestObject("Object Repository/object_reservationCalendar/CO_close"))

2019-12-16 02:04:43 - [MESSAGE][NOT_RUN] - NOT_RUN: click(findTestObject("Object Repository/object_reservationCalendar/CO_close"))

2019-12-16 02:04:43 - [TEST_STEP][PASSED] - click(findTestObject("Object Repository/object_reservation/timeCheckin")): Object: 'Object Repository/object_reservation/timeCheckin' is clicked on

2019-12-16 02:04:43 - [MESSAGE][PASSED] - Object: 'Object Repository/object_reservation/timeCheckin' is clicked on

2019-12-16 02:04:43 - [TEST_STEP][PASSED] - switch (var_checkinT): null

2019-12-16 02:04:43 - [TEST_STEP][PASSED] - case "800":: null

2019-12-16 02:04:43 - [TEST_STEP][PASSED] - click(findTestObject("Object Repository/Page_Paradise 4 Paws  Dog Boarding Cat Boarding Norwalk Pooch Hotel/time_800am_ci")): Object: 'Object Repository/Page_Paradise 4 Paws  Dog Boarding Cat Boarding Norwalk Pooch Hotel/time_800am_ci' is clicked on

2019-12-16 02:04:44 - [MESSAGE][PASSED] - Object: 'Object Repository/Page_Paradise 4 Paws  Dog Boarding Cat Boarding Norwalk Pooch Hotel/time_800am_ci' is clicked on

2019-12-16 02:04:44 - [TEST_STEP][PASSED] - break: null

2019-12-16 02:04:44 - [TEST_STEP][PASSED] - click(findTestObject("Object Repository/object_reservation/timeCheckOut")): Object: 'Object Repository/object_reservation/timeCheckOut' is clicked on

2019-12-16 02:04:45 - [MESSAGE][PASSED] - Object: 'Object Repository/object_reservation/timeCheckOut' is clicked on

2019-12-16 02:04:45 - [TEST_STEP][PASSED] - switch (var_checkoutT): null

2019-12-16 02:04:45 - [TEST_STEP][PASSED] - case "1200":: null

2019-12-16 02:04:45 - [TEST_STEP][PASSED] - click(findTestObject("Object Repository/Page_Paradise 4 Paws  Dog Boarding Cat Boarding Norwalk Pooch Hotel/time_1200pm_co")): Object: 'Object Repository/Page_Paradise 4 Paws  Dog Boarding Cat Boarding Norwalk Pooch Hotel/time_1200pm_co' is clicked on

2019-12-16 02:04:45 - [MESSAGE][PASSED] - Object: 'Object Repository/Page_Paradise 4 Paws  Dog Boarding Cat Boarding Norwalk Pooch Hotel/time_1200pm_co' is clicked on

2019-12-16 02:04:45 - [TEST_STEP][PASSED] - break: null

2019-12-16 02:04:45 - [TEST_STEP][PASSED] - delay(2): Delayed 2 second(s)

2019-12-16 02:04:47 - [MESSAGE][PASSED] - Delayed 2 second(s)

2019-12-16 02:04:47 - [TEST_STEP][PASSED] - if (arryPets.size() == 1): Object: 'Object Repository/object_reservation/Page_Paradise 4 Paws  Dog Boarding Cat Boarding Norwalk Pooch Hotel/div_Ares' is clicked on

2019-12-16 02:04:47 - [TEST_STEP][PASSED] - click(findTestObject("Object Repository/object_reservation/Page_Paradise 4 Paws  Dog Boarding Cat Boarding Norwalk Pooch Hotel/div_Ares")): Object: 'Object Repository/object_reservation/Page_Paradise 4 Paws  Dog Boarding Cat Boarding Norwalk Pooch Hotel/div_Ares' is clicked on

2019-12-16 02:04:49 - [MESSAGE][PASSED] - Object: 'Object Repository/object_reservation/Page_Paradise 4 Paws  Dog Boarding Cat Boarding Norwalk Pooch Hotel/div_Ares' is clicked on

2019-12-16 02:04:49 - [TEST_STEP][NOT_RUN] - click(findTestObject("object_reservations/i_Day_fa fa-circle-o ng-scope")): NOT_RUN: click(findTestObject("object_reservations/i_Day_fa fa-circle-o ng-scope"))

2019-12-16 02:04:49 - [MESSAGE][NOT_RUN] - NOT_RUN: click(findTestObject("object_reservations/i_Day_fa fa-circle-o ng-scope"))

2019-12-16 02:04:49 - [TEST_STEP][PASSED] - if (flagBoar == "1" || flagBoar == "2"): null

2019-12-16 02:04:49 - [TEST_STEP][PASSED] - click(findTestObject("Object Repository/object_reservation/btn_next2")): Object: 'Object Repository/object_reservation/btn_next2' is clicked on

2019-12-16 02:04:52 - [MESSAGE][PASSED] - Object: 'Object Repository/object_reservation/btn_next2' is clicked on

2019-12-16 02:04:52 - [TEST_STEP][PASSED] - delay(3): Delayed 3 second(s)

2019-12-16 02:04:55 - [MESSAGE][PASSED] - Delayed 3 second(s)

2019-12-16 02:04:55 - [TEST_STEP][PASSED] - if (flagBoar == "1"): null

2019-12-16 02:04:55 - [TEST_STEP][PASSED] - delay(2): Delayed 2 second(s)

2019-12-16 02:04:57 - [MESSAGE][PASSED] - Delayed 2 second(s)

2019-12-16 02:04:57 - [TEST_STEP][PASSED] - click(findTestObject("Object Repository/object_reservation/btn_next2")): Object: 'Object Repository/object_reservation/btn_next2' is clicked on

2019-12-16 02:04:58 - [MESSAGE][PASSED] - Object: 'Object Repository/object_reservation/btn_next2' is clicked on

2019-12-16 02:04:58 - [TEST_STEP][PASSED] - click(findTestObject("Object Repository/object_reservation/button_Submit Reservation")): Object: 'Object Repository/object_reservation/button_Submit Reservation' is clicked on

2019-12-16 02:05:00 - [MESSAGE][PASSED] - Object: 'Object Repository/object_reservation/button_Submit Reservation' is clicked on

2019-12-16 02:05:00 - [TEST_STEP][PASSED] - delay(2): Delayed 2 second(s)

2019-12-16 02:05:02 - [MESSAGE][PASSED] - Delayed 2 second(s)

2019-12-16 02:05:02 - [TEST_STEP][PASSED] - if (flagBoar == "2" && var_repeatingEvery == "Daily" || var_repeatingEvery == "Monthly" || var_repeatingEvery == "Weekly"): null

2019-12-16 02:05:02 - [TEST_STEP][PASSED] - else: null

2019-12-16 02:05:02 - [TEST_STEP][PASSED] - delay(2): Delayed 2 second(s)

2019-12-16 02:05:04 - [MESSAGE][PASSED] - Delayed 2 second(s)

2019-12-16 02:05:04 - [TEST_STEP][PASSED] - click(findTestObject("Object Repository/object_reservation/button_Return To Reservation")): Object: 'Object Repository/object_reservation/button_Return To Reservation' is clicked on

2019-12-16 02:05:04 - [MESSAGE][PASSED] - Object: 'Object Repository/object_reservation/button_Return To Reservation' is clicked on

2019-12-16 02:05:04 - [TEST_STEP][PASSED] - delay(6): Delayed 6 second(s)

2019-12-16 02:05:10 - [MESSAGE][PASSED] - Delayed 6 second(s)

2019-12-16 02:05:10 - [TEST_STEP][PASSED] - click(findTestObject("Object Repository/object_reservation/Page_Paradise 4 Paws  Dog Boarding Cat Boar_35fe2b/button_Go to CheckOut")): Object: 'Object Repository/object_reservation/Page_Paradise 4 Paws  Dog Boarding Cat Boar_35fe2b/button_Go to CheckOut' is clicked on

2019-12-16 02:05:12 - [MESSAGE][PASSED] - Object: 'Object Repository/object_reservation/Page_Paradise 4 Paws  Dog Boarding Cat Boar_35fe2b/button_Go to CheckOut' is clicked on

2019-12-16 02:05:12 - [TEST_STEP][PASSED] - delay(2): Delayed 2 second(s)

2019-12-16 02:05:14 - [MESSAGE][PASSED] - Delayed 2 second(s)

2019-12-16 02:05:14 - [TEST_STEP][PASSED] - log.logInfo(getText(findTestObject("Object Repository/object_reservation/Page_Paradise 4 Paws  Dog Boarding Cat Boar_35fe2b/span_( BK )"))): ( BK )

2019-12-16 02:05:14 - [MESSAGE][PASSED] - Text of object 'Object Repository/object_reservation/Page_Paradise 4 Paws  Dog Boarding Cat Boar_35fe2b/span_( BK )' is: '( BK )'

2019-12-16 02:05:14 - [MESSAGE][INFO] - ( BK )

2019-12-16 02:05:14 - [TEST_STEP][PASSED] - var_url = getUrl(): Current window's url is: 'https://p4p-qa-bg.aws.paradise4paws.com/frontdesk/checkout/1702450/?parent_id=122350'

2019-12-16 02:05:14 - [MESSAGE][PASSED] - Current window's url is: 'https://p4p-qa-bg.aws.paradise4paws.com/frontdesk/checkout/1702450/?parent_id=122350'

2019-12-16 02:05:14 - [TEST_STEP][PASSED] - arrayUrl = var_url.split("/"): null

2019-12-16 02:05:14 - [TEST_STEP][PASSED] - var = Integer.parseInt(var_idRowRes): null

2019-12-16 02:05:14 - [TEST_STEP][PASSED] - verifyElementText(findTestObject("Object Repository/object_reservation/Page_Paradise 4 Paws  Dog Boarding Cat Boar_35fe2b/span_( BK )"), "( BK )", STOP_ON_FAILURE): Actual text and expected text of test object 'Object Repository/object_reservation/Page_Paradise 4 Paws  Dog Boarding Cat Boar_35fe2b/span_( BK )' are matched.

2019-12-16 02:05:15 - [MESSAGE][PASSED] - Actual text and expected text of test object 'Object Repository/object_reservation/Page_Paradise 4 Paws  Dog Boarding Cat Boar_35fe2b/span_( BK )' are matched.

2019-12-16 02:05:15 - [TEST_STEP][PASSED] - fis = new java.io.FileInputStream(/home/leonardo-arkusmty/Desktop/P4P/DATA_AUTOMATINTESTING/data_1newReservationSpaService.xlsx): null

2019-12-16 02:05:15 - [TEST_STEP][PASSED] - workbook = new org.apache.poi.xssf.usermodel.XSSFWorkbook(fis): null

2019-12-16 02:05:15 - [TEST_STEP][PASSED] - sheet = workbook.getSheet("Sheet1"): null

2019-12-16 02:05:15 - [TEST_STEP][PASSED] - rowCount = var_row: null

2019-12-16 02:05:15 - [TEST_STEP][PASSED] - row = sheet.getRow(var): null

2019-12-16 02:05:15 - [TEST_STEP][PASSED] - cell = row.createCell(15, 0): null

2019-12-16 02:05:15 - [TEST_STEP][PASSED] - cell.setCellType(CELL_TYPE_STRING): null

2019-12-16 02:05:15 - [TEST_STEP][PASSED] - cell.setCellValue(arrayUrl[5]): null

2019-12-16 02:05:15 - [TEST_STEP][PASSED] - cell2 = row.createCell(16, 0): null

2019-12-16 02:05:15 - [TEST_STEP][PASSED] - cell2.setCellType(CELL_TYPE_STRING): null

2019-12-16 02:05:15 - [TEST_STEP][PASSED] - cell2.setCellValue(getText(findTestObject("Object Repository/object_reservation/Page_Paradise 4 Paws  Dog Boarding Cat Boar_35fe2b/span_( BK )"))): Text of object 'Object Repository/object_reservation/Page_Paradise 4 Paws  Dog Boarding Cat Boar_35fe2b/span_( BK )' is: '( BK )'

2019-12-16 02:05:15 - [MESSAGE][PASSED] - Text of object 'Object Repository/object_reservation/Page_Paradise 4 Paws  Dog Boarding Cat Boar_35fe2b/span_( BK )' is: '( BK )'

2019-12-16 02:05:15 - [TEST_STEP][PASSED] - fos = new java.io.FileOutputStream(/home/leonardo-arkusmty/Desktop/P4P/DATA_AUTOMATINTESTING/data_1newReservationSpaService.xlsx): null

2019-12-16 02:05:15 - [TEST_STEP][PASSED] - workbook.write(fos): null

2019-12-16 02:05:15 - [TEST_STEP][PASSED] - fos.close(): null

2019-12-16 02:05:15 - [TEST_STEP][PASSED] - delay(1): Delayed 1 second(s)

2019-12-16 02:05:16 - [MESSAGE][PASSED] - Delayed 1 second(s)

2019-12-16 02:05:16 - [TEST_STEP][PASSED] - (var_row++): null]]></system-out>
         <system-err><![CDATA[]]></system-err>
      </testcase>
      <testcase name="Test Cases/p4p_newReservationSpaService" time="70.834" classname="Test Cases/p4p_newReservationSpaService" status="PASSED">
         <system-out><![CDATA[2019-12-16 02:05:17 - [TEST_CASE][PASSED] - Test Cases/p4p_newReservationSpaService: Test Cases/p4p_newReservationSpaService

2019-12-16 02:05:17 - [TEST_STEP][PASSED] - openBrowser("https://p4p-qa-bg.aws.paradise4paws.com/login/"): Browser is opened with url: 'https://p4p-qa-bg.aws.paradise4paws.com/login/'

2019-12-16 02:05:17 - [MESSAGE][WARNING] - A browser is already opened. Closing browser and opening a new one

2019-12-16 02:05:17 - [MESSAGE][INFO] - Starting 'Firefox' driver

2019-12-16 02:05:20 - [MESSAGE][PASSED] - Browser is opened with url: 'https://p4p-qa-bg.aws.paradise4paws.com/login/'

2019-12-16 02:05:20 - [TEST_STEP][PASSED] - setText(findTestObject("Object Repository/object_login/input_user"), var_user): Text 'jegchavez@gmail.com' is set on object 'Object Repository/object_login/input_user'

2019-12-16 02:05:21 - [MESSAGE][PASSED] - Text 'jegchavez@gmail.com' is set on object 'Object Repository/object_login/input_user'

2019-12-16 02:05:21 - [TEST_STEP][PASSED] - setText(findTestObject("Object Repository/object_login/input_pass"), var_pass): Text 'admin1' is set on object 'Object Repository/object_login/input_pass'

2019-12-16 02:05:22 - [MESSAGE][PASSED] - Text 'admin1' is set on object 'Object Repository/object_login/input_pass'

2019-12-16 02:05:22 - [TEST_STEP][PASSED] - delay(2): Delayed 2 second(s)

2019-12-16 02:05:24 - [MESSAGE][PASSED] - Delayed 2 second(s)

2019-12-16 02:05:24 - [TEST_STEP][PASSED] - verifyElementClickable(findTestObject("Object Repository/object_login/btn_login")): Object 'Object Repository/object_login/btn_login' is clickable

2019-12-16 02:05:24 - [MESSAGE][PASSED] - Object 'Object Repository/object_login/btn_login' is clickable

2019-12-16 02:05:24 - [TEST_STEP][PASSED] - click(findTestObject("Object Repository/object_login/btn_login")): Object: 'Object Repository/object_login/btn_login' is clicked on

2019-12-16 02:05:27 - [MESSAGE][PASSED] - Object: 'Object Repository/object_login/btn_login' is clicked on

2019-12-16 02:05:27 - [TEST_STEP][PASSED] - delay(2): Delayed 2 second(s)

2019-12-16 02:05:29 - [MESSAGE][PASSED] - Delayed 2 second(s)

2019-12-16 02:05:29 - [TEST_STEP][PASSED] - setText(findTestObject("Object Repository/object_dashboard_emp/input_search"), var_searchParent): Text 'leongarzagarza@hotmail.com' is set on object 'Object Repository/object_dashboard_emp/input_search'

2019-12-16 02:05:29 - [MESSAGE][PASSED] - Text 'leongarzagarza@hotmail.com' is set on object 'Object Repository/object_dashboard_emp/input_search'

2019-12-16 02:05:29 - [TEST_STEP][PASSED] - click(findTestObject("Object Repository/object_dashboard_emp/btn_accountSearch")): Object: 'Object Repository/object_dashboard_emp/btn_accountSearch' is clicked on

2019-12-16 02:05:30 - [MESSAGE][PASSED] - Object: 'Object Repository/object_dashboard_emp/btn_accountSearch' is clicked on

2019-12-16 02:05:30 - [TEST_STEP][PASSED] - delay(2): Delayed 2 second(s)

2019-12-16 02:05:32 - [MESSAGE][PASSED] - Delayed 2 second(s)

2019-12-16 02:05:32 - [TEST_STEP][PASSED] - click(findTestObject("Object Repository/object_accountInformation/a_TEST GABRIEL PROD")): Object: 'Object Repository/object_accountInformation/a_TEST GABRIEL PROD' is clicked on

2019-12-16 02:05:36 - [MESSAGE][PASSED] - Object: 'Object Repository/object_accountInformation/a_TEST GABRIEL PROD' is clicked on

2019-12-16 02:05:36 - [TEST_STEP][PASSED] - delay(2): Delayed 2 second(s)

2019-12-16 02:05:38 - [MESSAGE][PASSED] - Delayed 2 second(s)

2019-12-16 02:05:38 - [TEST_STEP][PASSED] - click(findTestObject("Object Repository/object_profile/a_addReservation")): Object: 'Object Repository/object_profile/a_addReservation' is clicked on

2019-12-16 02:05:40 - [MESSAGE][PASSED] - Object: 'Object Repository/object_profile/a_addReservation' is clicked on

2019-12-16 02:05:40 - [TEST_STEP][PASSED] - delay(2): Delayed 2 second(s)

2019-12-16 02:05:42 - [MESSAGE][PASSED] - Delayed 2 second(s)

2019-12-16 02:05:42 - [TEST_STEP][PASSED] - flagBoar = "0": null

2019-12-16 02:05:42 - [TEST_STEP][PASSED] - log = new com.kms.katalon.core.logging.KeywordLogger(): null

2019-12-16 02:05:42 - [TEST_STEP][PASSED] - if (var_typeReserveation == "Boarding"): null

2019-12-16 02:05:42 - [TEST_STEP][PASSED] - else if (var_typeReserveation == "Daycare"): null

2019-12-16 02:05:42 - [TEST_STEP][PASSED] - else if (var_typeReserveation == "SpaService"): null

2019-12-16 02:05:42 - [TEST_STEP][PASSED] - click(findTestObject("object_reservation/btn_Spa Service")): Object: 'Object Repository/object_reservation/btn_Spa Service' is clicked on

2019-12-16 02:05:42 - [MESSAGE][PASSED] - Object: 'Object Repository/object_reservation/btn_Spa Service' is clicked on

2019-12-16 02:05:42 - [TEST_STEP][PASSED] - flagBoar = "3": null

2019-12-16 02:05:42 - [TEST_STEP][PASSED] - click(findTestObject("Object Repository/object_reservation/i_location")): Object: 'Object Repository/object_reservation/i_location' is clicked on

2019-12-16 02:05:45 - [MESSAGE][PASSED] - Object: 'Object Repository/object_reservation/i_location' is clicked on

2019-12-16 02:05:45 - [TEST_STEP][PASSED] - switch (var_idFacility): null

2019-12-16 02:05:45 - [TEST_STEP][PASSED] - dateCI = var_checkinD.split(","): null

2019-12-16 02:05:45 - [TEST_STEP][PASSED] - dateCO = var_checkoutD.split(","): null

2019-12-16 02:05:45 - [TEST_STEP][PASSED] - arryPets = var_pets.split(","): null

2019-12-16 02:05:45 - [TEST_STEP][PASSED] - delay(2): Delayed 2 second(s)

2019-12-16 02:05:47 - [MESSAGE][PASSED] - Delayed 2 second(s)

2019-12-16 02:05:47 - [TEST_STEP][PASSED] - if (var_repeting == "Y"): null

2019-12-16 02:05:47 - [TEST_STEP][PASSED] - click(findTestObject("Object Repository/object_reservation/dateCheckIn")): Object: 'Object Repository/object_reservation/dateCheckIn' is clicked on

2019-12-16 02:05:47 - [MESSAGE][PASSED] - Object: 'Object Repository/object_reservation/dateCheckIn' is clicked on

2019-12-16 02:05:47 - [TEST_STEP][PASSED] - delay(2): Delayed 2 second(s)

2019-12-16 02:05:49 - [MESSAGE][PASSED] - Delayed 2 second(s)

2019-12-16 02:05:49 - [TEST_STEP][PASSED] - switch (dateCI[0]): null

2019-12-16 02:05:49 - [TEST_STEP][PASSED] - case "8":: null

2019-12-16 02:05:49 - [TEST_STEP][PASSED] - click(findTestObject("Object Repository/Page_Paradise 4 Paws  Dog Boarding Cat Boarding Norwalk Pooch Hotel/button_08_ci")): Object: 'Object Repository/Page_Paradise 4 Paws  Dog Boarding Cat Boarding Norwalk Pooch Hotel/button_08_ci' is clicked on

2019-12-16 02:05:50 - [MESSAGE][PASSED] - Object: 'Object Repository/Page_Paradise 4 Paws  Dog Boarding Cat Boarding Norwalk Pooch Hotel/button_08_ci' is clicked on

2019-12-16 02:05:50 - [TEST_STEP][PASSED] - break: null

2019-12-16 02:05:50 - [TEST_STEP][PASSED] - if (flagBoar == "1"): null

2019-12-16 02:05:50 - [TEST_STEP][NOT_RUN] - click(findTestObject("Object Repository/object_reservationCalendar/CO_close")): NOT_RUN: click(findTestObject("Object Repository/object_reservationCalendar/CO_close"))

2019-12-16 02:05:50 - [MESSAGE][NOT_RUN] - NOT_RUN: click(findTestObject("Object Repository/object_reservationCalendar/CO_close"))

2019-12-16 02:05:50 - [TEST_STEP][PASSED] - click(findTestObject("Object Repository/object_reservation/timeCheckin")): Object: 'Object Repository/object_reservation/timeCheckin' is clicked on

2019-12-16 02:05:51 - [MESSAGE][PASSED] - Object: 'Object Repository/object_reservation/timeCheckin' is clicked on

2019-12-16 02:05:51 - [TEST_STEP][PASSED] - switch (var_checkinT): null

2019-12-16 02:05:51 - [TEST_STEP][PASSED] - case "800":: null

2019-12-16 02:05:51 - [TEST_STEP][PASSED] - click(findTestObject("Object Repository/Page_Paradise 4 Paws  Dog Boarding Cat Boarding Norwalk Pooch Hotel/time_800am_ci")): Object: 'Object Repository/Page_Paradise 4 Paws  Dog Boarding Cat Boarding Norwalk Pooch Hotel/time_800am_ci' is clicked on

2019-12-16 02:05:51 - [MESSAGE][PASSED] - Object: 'Object Repository/Page_Paradise 4 Paws  Dog Boarding Cat Boarding Norwalk Pooch Hotel/time_800am_ci' is clicked on

2019-12-16 02:05:51 - [TEST_STEP][PASSED] - break: null

2019-12-16 02:05:51 - [TEST_STEP][PASSED] - click(findTestObject("Object Repository/object_reservation/timeCheckOut")): Object: 'Object Repository/object_reservation/timeCheckOut' is clicked on

2019-12-16 02:05:52 - [MESSAGE][PASSED] - Object: 'Object Repository/object_reservation/timeCheckOut' is clicked on

2019-12-16 02:05:52 - [TEST_STEP][PASSED] - switch (var_checkoutT): null

2019-12-16 02:05:52 - [TEST_STEP][PASSED] - case "1200":: null

2019-12-16 02:05:52 - [TEST_STEP][PASSED] - click(findTestObject("Object Repository/Page_Paradise 4 Paws  Dog Boarding Cat Boarding Norwalk Pooch Hotel/time_1200pm_co")): Object: 'Object Repository/Page_Paradise 4 Paws  Dog Boarding Cat Boarding Norwalk Pooch Hotel/time_1200pm_co' is clicked on

2019-12-16 02:05:53 - [MESSAGE][PASSED] - Object: 'Object Repository/Page_Paradise 4 Paws  Dog Boarding Cat Boarding Norwalk Pooch Hotel/time_1200pm_co' is clicked on

2019-12-16 02:05:53 - [TEST_STEP][PASSED] - break: null

2019-12-16 02:05:53 - [TEST_STEP][PASSED] - delay(2): Delayed 2 second(s)

2019-12-16 02:05:55 - [MESSAGE][PASSED] - Delayed 2 second(s)

2019-12-16 02:05:55 - [TEST_STEP][PASSED] - if (arryPets.size() == 1): null

2019-12-16 02:05:55 - [TEST_STEP][PASSED] - else if (arryPets.size() == 2): Object: 'Object Repository/object_reservation/div_Zeus' is clicked on

2019-12-16 02:05:55 - [TEST_STEP][PASSED] - click(findTestObject("object_reservation/Page_Paradise 4 Paws  Dog Boarding Cat Boarding Norwalk Pooch Hotel/div_Ares")): Object: 'Object Repository/object_reservation/Page_Paradise 4 Paws  Dog Boarding Cat Boarding Norwalk Pooch Hotel/div_Ares' is clicked on

2019-12-16 02:05:56 - [MESSAGE][PASSED] - Object: 'Object Repository/object_reservation/Page_Paradise 4 Paws  Dog Boarding Cat Boarding Norwalk Pooch Hotel/div_Ares' is clicked on

2019-12-16 02:05:56 - [TEST_STEP][PASSED] - click(findTestObject("object_reservation/div_Zeus")): Object: 'Object Repository/object_reservation/div_Zeus' is clicked on

2019-12-16 02:06:00 - [MESSAGE][PASSED] - Object: 'Object Repository/object_reservation/div_Zeus' is clicked on

2019-12-16 02:06:00 - [TEST_STEP][NOT_RUN] - click(findTestObject("object_reservations/i_Day_fa fa-circle-o ng-scope")): NOT_RUN: click(findTestObject("object_reservations/i_Day_fa fa-circle-o ng-scope"))

2019-12-16 02:06:00 - [MESSAGE][NOT_RUN] - NOT_RUN: click(findTestObject("object_reservations/i_Day_fa fa-circle-o ng-scope"))

2019-12-16 02:06:00 - [TEST_STEP][PASSED] - if (flagBoar == "1" || flagBoar == "2"): null

2019-12-16 02:06:00 - [TEST_STEP][PASSED] - click(findTestObject("Object Repository/object_reservation/btn_next2")): Object: 'Object Repository/object_reservation/btn_next2' is clicked on

2019-12-16 02:06:03 - [MESSAGE][PASSED] - Object: 'Object Repository/object_reservation/btn_next2' is clicked on

2019-12-16 02:06:03 - [TEST_STEP][PASSED] - delay(3): Delayed 3 second(s)

2019-12-16 02:06:06 - [MESSAGE][PASSED] - Delayed 3 second(s)

2019-12-16 02:06:06 - [TEST_STEP][PASSED] - if (flagBoar == "1"): null

2019-12-16 02:06:06 - [TEST_STEP][PASSED] - delay(2): Delayed 2 second(s)

2019-12-16 02:06:08 - [MESSAGE][PASSED] - Delayed 2 second(s)

2019-12-16 02:06:08 - [TEST_STEP][PASSED] - click(findTestObject("Object Repository/object_reservation/btn_next2")): Object: 'Object Repository/object_reservation/btn_next2' is clicked on

2019-12-16 02:06:09 - [MESSAGE][PASSED] - Object: 'Object Repository/object_reservation/btn_next2' is clicked on

2019-12-16 02:06:09 - [TEST_STEP][PASSED] - click(findTestObject("Object Repository/object_reservation/button_Submit Reservation")): Object: 'Object Repository/object_reservation/button_Submit Reservation' is clicked on

2019-12-16 02:06:11 - [MESSAGE][PASSED] - Object: 'Object Repository/object_reservation/button_Submit Reservation' is clicked on

2019-12-16 02:06:11 - [TEST_STEP][PASSED] - delay(2): Delayed 2 second(s)

2019-12-16 02:06:13 - [MESSAGE][PASSED] - Delayed 2 second(s)

2019-12-16 02:06:13 - [TEST_STEP][PASSED] - if (flagBoar == "2" && var_repeatingEvery == "Daily" || var_repeatingEvery == "Monthly" || var_repeatingEvery == "Weekly"): null

2019-12-16 02:06:13 - [TEST_STEP][PASSED] - else: null

2019-12-16 02:06:13 - [TEST_STEP][PASSED] - delay(2): Delayed 2 second(s)

2019-12-16 02:06:15 - [MESSAGE][PASSED] - Delayed 2 second(s)

2019-12-16 02:06:15 - [TEST_STEP][PASSED] - click(findTestObject("Object Repository/object_reservation/button_Return To Reservation")): Object: 'Object Repository/object_reservation/button_Return To Reservation' is clicked on

2019-12-16 02:06:16 - [MESSAGE][PASSED] - Object: 'Object Repository/object_reservation/button_Return To Reservation' is clicked on

2019-12-16 02:06:16 - [TEST_STEP][PASSED] - delay(6): Delayed 6 second(s)

2019-12-16 02:06:22 - [MESSAGE][PASSED] - Delayed 6 second(s)

2019-12-16 02:06:22 - [TEST_STEP][PASSED] - click(findTestObject("Object Repository/object_reservation/Page_Paradise 4 Paws  Dog Boarding Cat Boar_35fe2b/button_Go to CheckOut")): Object: 'Object Repository/object_reservation/Page_Paradise 4 Paws  Dog Boarding Cat Boar_35fe2b/button_Go to CheckOut' is clicked on

2019-12-16 02:06:24 - [MESSAGE][PASSED] - Object: 'Object Repository/object_reservation/Page_Paradise 4 Paws  Dog Boarding Cat Boar_35fe2b/button_Go to CheckOut' is clicked on

2019-12-16 02:06:24 - [TEST_STEP][PASSED] - delay(2): Delayed 2 second(s)

2019-12-16 02:06:26 - [MESSAGE][PASSED] - Delayed 2 second(s)

2019-12-16 02:06:26 - [TEST_STEP][PASSED] - log.logInfo(getText(findTestObject("Object Repository/object_reservation/Page_Paradise 4 Paws  Dog Boarding Cat Boar_35fe2b/span_( BK )"))): ( BK )

2019-12-16 02:06:26 - [MESSAGE][PASSED] - Text of object 'Object Repository/object_reservation/Page_Paradise 4 Paws  Dog Boarding Cat Boar_35fe2b/span_( BK )' is: '( BK )'

2019-12-16 02:06:26 - [MESSAGE][INFO] - ( BK )

2019-12-16 02:06:26 - [TEST_STEP][PASSED] - var_url = getUrl(): Current window's url is: 'https://p4p-qa-bg.aws.paradise4paws.com/frontdesk/checkout/1702451/?parent_id=122350'

2019-12-16 02:06:26 - [MESSAGE][PASSED] - Current window's url is: 'https://p4p-qa-bg.aws.paradise4paws.com/frontdesk/checkout/1702451/?parent_id=122350'

2019-12-16 02:06:26 - [TEST_STEP][PASSED] - arrayUrl = var_url.split("/"): null

2019-12-16 02:06:26 - [TEST_STEP][PASSED] - var = Integer.parseInt(var_idRowRes): null

2019-12-16 02:06:26 - [TEST_STEP][PASSED] - verifyElementText(findTestObject("Object Repository/object_reservation/Page_Paradise 4 Paws  Dog Boarding Cat Boar_35fe2b/span_( BK )"), "( BK )", STOP_ON_FAILURE): Actual text and expected text of test object 'Object Repository/object_reservation/Page_Paradise 4 Paws  Dog Boarding Cat Boar_35fe2b/span_( BK )' are matched.

2019-12-16 02:06:26 - [MESSAGE][PASSED] - Actual text and expected text of test object 'Object Repository/object_reservation/Page_Paradise 4 Paws  Dog Boarding Cat Boar_35fe2b/span_( BK )' are matched.

2019-12-16 02:06:26 - [TEST_STEP][PASSED] - fis = new java.io.FileInputStream(/home/leonardo-arkusmty/Desktop/P4P/DATA_AUTOMATINTESTING/data_1newReservationSpaService.xlsx): null

2019-12-16 02:06:26 - [TEST_STEP][PASSED] - workbook = new org.apache.poi.xssf.usermodel.XSSFWorkbook(fis): null

2019-12-16 02:06:26 - [TEST_STEP][PASSED] - sheet = workbook.getSheet("Sheet1"): null

2019-12-16 02:06:26 - [TEST_STEP][PASSED] - rowCount = var_row: null

2019-12-16 02:06:26 - [TEST_STEP][PASSED] - row = sheet.getRow(var): null

2019-12-16 02:06:26 - [TEST_STEP][PASSED] - cell = row.createCell(15, 0): null

2019-12-16 02:06:26 - [TEST_STEP][PASSED] - cell.setCellType(CELL_TYPE_STRING): null

2019-12-16 02:06:26 - [TEST_STEP][PASSED] - cell.setCellValue(arrayUrl[5]): null

2019-12-16 02:06:26 - [TEST_STEP][PASSED] - cell2 = row.createCell(16, 0): null

2019-12-16 02:06:26 - [TEST_STEP][PASSED] - cell2.setCellType(CELL_TYPE_STRING): null

2019-12-16 02:06:26 - [TEST_STEP][PASSED] - cell2.setCellValue(getText(findTestObject("Object Repository/object_reservation/Page_Paradise 4 Paws  Dog Boarding Cat Boar_35fe2b/span_( BK )"))): Text of object 'Object Repository/object_reservation/Page_Paradise 4 Paws  Dog Boarding Cat Boar_35fe2b/span_( BK )' is: '( BK )'

2019-12-16 02:06:26 - [MESSAGE][PASSED] - Text of object 'Object Repository/object_reservation/Page_Paradise 4 Paws  Dog Boarding Cat Boar_35fe2b/span_( BK )' is: '( BK )'

2019-12-16 02:06:26 - [TEST_STEP][PASSED] - fos = new java.io.FileOutputStream(/home/leonardo-arkusmty/Desktop/P4P/DATA_AUTOMATINTESTING/data_1newReservationSpaService.xlsx): null

2019-12-16 02:06:26 - [TEST_STEP][PASSED] - workbook.write(fos): null

2019-12-16 02:06:26 - [TEST_STEP][PASSED] - fos.close(): null

2019-12-16 02:06:26 - [TEST_STEP][PASSED] - delay(1): Delayed 1 second(s)

2019-12-16 02:06:27 - [MESSAGE][PASSED] - Delayed 1 second(s)

2019-12-16 02:06:27 - [TEST_STEP][PASSED] - (var_row++): null]]></system-out>
         <system-err><![CDATA[]]></system-err>
      </testcase>
      <testcase name="Test Cases/p4p_newReservationSpaService" time="75.194" classname="Test Cases/p4p_newReservationSpaService" status="PASSED">
         <system-out><![CDATA[2019-12-16 02:06:27 - [TEST_CASE][PASSED] - Test Cases/p4p_newReservationSpaService: Test Cases/p4p_newReservationSpaService

2019-12-16 02:06:27 - [TEST_STEP][PASSED] - openBrowser("https://p4p-qa-bg.aws.paradise4paws.com/login/"): Browser is opened with url: 'https://p4p-qa-bg.aws.paradise4paws.com/login/'

2019-12-16 02:06:27 - [MESSAGE][WARNING] - A browser is already opened. Closing browser and opening a new one

2019-12-16 02:06:28 - [MESSAGE][INFO] - Starting 'Firefox' driver

2019-12-16 02:06:31 - [MESSAGE][PASSED] - Browser is opened with url: 'https://p4p-qa-bg.aws.paradise4paws.com/login/'

2019-12-16 02:06:31 - [TEST_STEP][PASSED] - setText(findTestObject("Object Repository/object_login/input_user"), var_user): Text 'jegchavez@gmail.com' is set on object 'Object Repository/object_login/input_user'

2019-12-16 02:06:32 - [MESSAGE][PASSED] - Text 'jegchavez@gmail.com' is set on object 'Object Repository/object_login/input_user'

2019-12-16 02:06:32 - [TEST_STEP][PASSED] - setText(findTestObject("Object Repository/object_login/input_pass"), var_pass): Text 'admin1' is set on object 'Object Repository/object_login/input_pass'

2019-12-16 02:06:33 - [MESSAGE][PASSED] - Text 'admin1' is set on object 'Object Repository/object_login/input_pass'

2019-12-16 02:06:33 - [TEST_STEP][PASSED] - delay(2): Delayed 2 second(s)

2019-12-16 02:06:35 - [MESSAGE][PASSED] - Delayed 2 second(s)

2019-12-16 02:06:35 - [TEST_STEP][PASSED] - verifyElementClickable(findTestObject("Object Repository/object_login/btn_login")): Object 'Object Repository/object_login/btn_login' is clickable

2019-12-16 02:06:35 - [MESSAGE][PASSED] - Object 'Object Repository/object_login/btn_login' is clickable

2019-12-16 02:06:35 - [TEST_STEP][PASSED] - click(findTestObject("Object Repository/object_login/btn_login")): Object: 'Object Repository/object_login/btn_login' is clicked on

2019-12-16 02:06:38 - [MESSAGE][PASSED] - Object: 'Object Repository/object_login/btn_login' is clicked on

2019-12-16 02:06:38 - [TEST_STEP][PASSED] - delay(2): Delayed 2 second(s)

2019-12-16 02:06:40 - [MESSAGE][PASSED] - Delayed 2 second(s)

2019-12-16 02:06:40 - [TEST_STEP][PASSED] - setText(findTestObject("Object Repository/object_dashboard_emp/input_search"), var_searchParent): Text 'leongarzagarza@hotmail.com' is set on object 'Object Repository/object_dashboard_emp/input_search'

2019-12-16 02:06:40 - [MESSAGE][PASSED] - Text 'leongarzagarza@hotmail.com' is set on object 'Object Repository/object_dashboard_emp/input_search'

2019-12-16 02:06:40 - [TEST_STEP][PASSED] - click(findTestObject("Object Repository/object_dashboard_emp/btn_accountSearch")): Object: 'Object Repository/object_dashboard_emp/btn_accountSearch' is clicked on

2019-12-16 02:06:41 - [MESSAGE][PASSED] - Object: 'Object Repository/object_dashboard_emp/btn_accountSearch' is clicked on

2019-12-16 02:06:41 - [TEST_STEP][PASSED] - delay(2): Delayed 2 second(s)

2019-12-16 02:06:43 - [MESSAGE][PASSED] - Delayed 2 second(s)

2019-12-16 02:06:43 - [TEST_STEP][PASSED] - click(findTestObject("Object Repository/object_accountInformation/a_TEST GABRIEL PROD")): Object: 'Object Repository/object_accountInformation/a_TEST GABRIEL PROD' is clicked on

2019-12-16 02:06:47 - [MESSAGE][PASSED] - Object: 'Object Repository/object_accountInformation/a_TEST GABRIEL PROD' is clicked on

2019-12-16 02:06:47 - [TEST_STEP][PASSED] - delay(2): Delayed 2 second(s)

2019-12-16 02:06:49 - [MESSAGE][PASSED] - Delayed 2 second(s)

2019-12-16 02:06:49 - [TEST_STEP][PASSED] - click(findTestObject("Object Repository/object_profile/a_addReservation")): Object: 'Object Repository/object_profile/a_addReservation' is clicked on

2019-12-16 02:06:50 - [MESSAGE][PASSED] - Object: 'Object Repository/object_profile/a_addReservation' is clicked on

2019-12-16 02:06:50 - [TEST_STEP][PASSED] - delay(2): Delayed 2 second(s)

2019-12-16 02:06:52 - [MESSAGE][PASSED] - Delayed 2 second(s)

2019-12-16 02:06:52 - [TEST_STEP][PASSED] - flagBoar = "0": null

2019-12-16 02:06:52 - [TEST_STEP][PASSED] - log = new com.kms.katalon.core.logging.KeywordLogger(): null

2019-12-16 02:06:52 - [TEST_STEP][PASSED] - if (var_typeReserveation == "Boarding"): null

2019-12-16 02:06:52 - [TEST_STEP][PASSED] - else if (var_typeReserveation == "Daycare"): null

2019-12-16 02:06:52 - [TEST_STEP][PASSED] - else if (var_typeReserveation == "SpaService"): null

2019-12-16 02:06:52 - [TEST_STEP][PASSED] - click(findTestObject("object_reservation/btn_Spa Service")): Object: 'Object Repository/object_reservation/btn_Spa Service' is clicked on

2019-12-16 02:06:53 - [MESSAGE][PASSED] - Object: 'Object Repository/object_reservation/btn_Spa Service' is clicked on

2019-12-16 02:06:53 - [TEST_STEP][PASSED] - flagBoar = "3": null

2019-12-16 02:06:53 - [TEST_STEP][PASSED] - click(findTestObject("Object Repository/object_reservation/i_location")): Object: 'Object Repository/object_reservation/i_location' is clicked on

2019-12-16 02:06:55 - [MESSAGE][PASSED] - Object: 'Object Repository/object_reservation/i_location' is clicked on

2019-12-16 02:06:55 - [TEST_STEP][PASSED] - switch (var_idFacility): null

2019-12-16 02:06:55 - [TEST_STEP][PASSED] - dateCI = var_checkinD.split(","): null

2019-12-16 02:06:55 - [TEST_STEP][PASSED] - dateCO = var_checkoutD.split(","): null

2019-12-16 02:06:55 - [TEST_STEP][PASSED] - arryPets = var_pets.split(","): null

2019-12-16 02:06:55 - [TEST_STEP][PASSED] - delay(2): Delayed 2 second(s)

2019-12-16 02:06:57 - [MESSAGE][PASSED] - Delayed 2 second(s)

2019-12-16 02:06:57 - [TEST_STEP][PASSED] - if (var_repeting == "Y"): null

2019-12-16 02:06:57 - [TEST_STEP][PASSED] - click(findTestObject("Object Repository/object_reservation/dateCheckIn")): Object: 'Object Repository/object_reservation/dateCheckIn' is clicked on

2019-12-16 02:06:58 - [MESSAGE][PASSED] - Object: 'Object Repository/object_reservation/dateCheckIn' is clicked on

2019-12-16 02:06:58 - [TEST_STEP][PASSED] - delay(2): Delayed 2 second(s)

2019-12-16 02:07:00 - [MESSAGE][PASSED] - Delayed 2 second(s)

2019-12-16 02:07:00 - [TEST_STEP][PASSED] - switch (dateCI[0]): null

2019-12-16 02:07:00 - [TEST_STEP][PASSED] - case "9":: null

2019-12-16 02:07:00 - [TEST_STEP][PASSED] - click(findTestObject("Object Repository/Page_Paradise 4 Paws  Dog Boarding Cat Boarding Norwalk Pooch Hotel/button_09_ci")): Object: 'Object Repository/Page_Paradise 4 Paws  Dog Boarding Cat Boarding Norwalk Pooch Hotel/button_09_ci' is clicked on

2019-12-16 02:07:01 - [MESSAGE][PASSED] - Object: 'Object Repository/Page_Paradise 4 Paws  Dog Boarding Cat Boarding Norwalk Pooch Hotel/button_09_ci' is clicked on

2019-12-16 02:07:01 - [TEST_STEP][PASSED] - break: null

2019-12-16 02:07:01 - [TEST_STEP][PASSED] - if (flagBoar == "1"): null

2019-12-16 02:07:01 - [TEST_STEP][NOT_RUN] - click(findTestObject("Object Repository/object_reservationCalendar/CO_close")): NOT_RUN: click(findTestObject("Object Repository/object_reservationCalendar/CO_close"))

2019-12-16 02:07:01 - [MESSAGE][NOT_RUN] - NOT_RUN: click(findTestObject("Object Repository/object_reservationCalendar/CO_close"))

2019-12-16 02:07:01 - [TEST_STEP][PASSED] - click(findTestObject("Object Repository/object_reservation/timeCheckin")): Object: 'Object Repository/object_reservation/timeCheckin' is clicked on

2019-12-16 02:07:01 - [MESSAGE][PASSED] - Object: 'Object Repository/object_reservation/timeCheckin' is clicked on

2019-12-16 02:07:01 - [TEST_STEP][PASSED] - switch (var_checkinT): null

2019-12-16 02:07:01 - [TEST_STEP][PASSED] - case "800":: null

2019-12-16 02:07:01 - [TEST_STEP][PASSED] - click(findTestObject("Object Repository/Page_Paradise 4 Paws  Dog Boarding Cat Boarding Norwalk Pooch Hotel/time_800am_ci")): Object: 'Object Repository/Page_Paradise 4 Paws  Dog Boarding Cat Boarding Norwalk Pooch Hotel/time_800am_ci' is clicked on

2019-12-16 02:07:02 - [MESSAGE][PASSED] - Object: 'Object Repository/Page_Paradise 4 Paws  Dog Boarding Cat Boarding Norwalk Pooch Hotel/time_800am_ci' is clicked on

2019-12-16 02:07:02 - [TEST_STEP][PASSED] - break: null

2019-12-16 02:07:02 - [TEST_STEP][PASSED] - click(findTestObject("Object Repository/object_reservation/timeCheckOut")): Object: 'Object Repository/object_reservation/timeCheckOut' is clicked on

2019-12-16 02:07:03 - [MESSAGE][PASSED] - Object: 'Object Repository/object_reservation/timeCheckOut' is clicked on

2019-12-16 02:07:03 - [TEST_STEP][PASSED] - switch (var_checkoutT): null

2019-12-16 02:07:03 - [TEST_STEP][PASSED] - case "1200":: null

2019-12-16 02:07:03 - [TEST_STEP][PASSED] - click(findTestObject("Object Repository/Page_Paradise 4 Paws  Dog Boarding Cat Boarding Norwalk Pooch Hotel/time_1200pm_co")): Object: 'Object Repository/Page_Paradise 4 Paws  Dog Boarding Cat Boarding Norwalk Pooch Hotel/time_1200pm_co' is clicked on

2019-12-16 02:07:03 - [MESSAGE][PASSED] - Object: 'Object Repository/Page_Paradise 4 Paws  Dog Boarding Cat Boarding Norwalk Pooch Hotel/time_1200pm_co' is clicked on

2019-12-16 02:07:03 - [TEST_STEP][PASSED] - break: null

2019-12-16 02:07:03 - [TEST_STEP][PASSED] - delay(2): Delayed 2 second(s)

2019-12-16 02:07:05 - [MESSAGE][PASSED] - Delayed 2 second(s)

2019-12-16 02:07:05 - [TEST_STEP][PASSED] - if (arryPets.size() == 1): null

2019-12-16 02:07:05 - [TEST_STEP][PASSED] - else if (arryPets.size() == 2): null

2019-12-16 02:07:05 - [TEST_STEP][PASSED] - else if (arryPets.size() == 3): Object: 'Object Repository/object_reservation/div_Athena' is clicked on

2019-12-16 02:07:05 - [TEST_STEP][PASSED] - click(findTestObject("object_reservation/Page_Paradise 4 Paws  Dog Boarding Cat Boarding Norwalk Pooch Hotel/div_Ares")): Object: 'Object Repository/object_reservation/Page_Paradise 4 Paws  Dog Boarding Cat Boarding Norwalk Pooch Hotel/div_Ares' is clicked on

2019-12-16 02:07:07 - [MESSAGE][PASSED] - Object: 'Object Repository/object_reservation/Page_Paradise 4 Paws  Dog Boarding Cat Boarding Norwalk Pooch Hotel/div_Ares' is clicked on

2019-12-16 02:07:07 - [TEST_STEP][PASSED] - click(findTestObject("object_reservation/div_Zeus")): Object: 'Object Repository/object_reservation/div_Zeus' is clicked on

2019-12-16 02:07:11 - [MESSAGE][PASSED] - Object: 'Object Repository/object_reservation/div_Zeus' is clicked on

2019-12-16 02:07:11 - [TEST_STEP][PASSED] - click(findTestObject("object_reservation/div_Athena")): Object: 'Object Repository/object_reservation/div_Athena' is clicked on

2019-12-16 02:07:15 - [MESSAGE][PASSED] - Object: 'Object Repository/object_reservation/div_Athena' is clicked on

2019-12-16 02:07:15 - [TEST_STEP][NOT_RUN] - click(findTestObject("object_reservations/i_Day_fa fa-circle-o ng-scope")): NOT_RUN: click(findTestObject("object_reservations/i_Day_fa fa-circle-o ng-scope"))

2019-12-16 02:07:15 - [MESSAGE][NOT_RUN] - NOT_RUN: click(findTestObject("object_reservations/i_Day_fa fa-circle-o ng-scope"))

2019-12-16 02:07:15 - [TEST_STEP][PASSED] - if (flagBoar == "1" || flagBoar == "2"): null

2019-12-16 02:07:15 - [TEST_STEP][PASSED] - click(findTestObject("Object Repository/object_reservation/btn_next2")): Object: 'Object Repository/object_reservation/btn_next2' is clicked on

2019-12-16 02:07:19 - [MESSAGE][PASSED] - Object: 'Object Repository/object_reservation/btn_next2' is clicked on

2019-12-16 02:07:19 - [TEST_STEP][PASSED] - delay(3): Delayed 3 second(s)

2019-12-16 02:07:22 - [MESSAGE][PASSED] - Delayed 3 second(s)

2019-12-16 02:07:22 - [TEST_STEP][PASSED] - if (flagBoar == "1"): null

2019-12-16 02:07:22 - [TEST_STEP][PASSED] - delay(2): Delayed 2 second(s)

2019-12-16 02:07:24 - [MESSAGE][PASSED] - Delayed 2 second(s)

2019-12-16 02:07:24 - [TEST_STEP][PASSED] - click(findTestObject("Object Repository/object_reservation/btn_next2")): Object: 'Object Repository/object_reservation/btn_next2' is clicked on

2019-12-16 02:07:24 - [MESSAGE][PASSED] - Object: 'Object Repository/object_reservation/btn_next2' is clicked on

2019-12-16 02:07:24 - [TEST_STEP][PASSED] - click(findTestObject("Object Repository/object_reservation/button_Submit Reservation")): Object: 'Object Repository/object_reservation/button_Submit Reservation' is clicked on

2019-12-16 02:07:26 - [MESSAGE][PASSED] - Object: 'Object Repository/object_reservation/button_Submit Reservation' is clicked on

2019-12-16 02:07:26 - [TEST_STEP][PASSED] - delay(2): Delayed 2 second(s)

2019-12-16 02:07:28 - [MESSAGE][PASSED] - Delayed 2 second(s)

2019-12-16 02:07:28 - [TEST_STEP][PASSED] - if (flagBoar == "2" && var_repeatingEvery == "Daily" || var_repeatingEvery == "Monthly" || var_repeatingEvery == "Weekly"): null

2019-12-16 02:07:28 - [TEST_STEP][PASSED] - else: null

2019-12-16 02:07:28 - [TEST_STEP][PASSED] - delay(2): Delayed 2 second(s)

2019-12-16 02:07:30 - [MESSAGE][PASSED] - Delayed 2 second(s)

2019-12-16 02:07:30 - [TEST_STEP][PASSED] - click(findTestObject("Object Repository/object_reservation/button_Return To Reservation")): Object: 'Object Repository/object_reservation/button_Return To Reservation' is clicked on

2019-12-16 02:07:31 - [MESSAGE][PASSED] - Object: 'Object Repository/object_reservation/button_Return To Reservation' is clicked on

2019-12-16 02:07:31 - [TEST_STEP][PASSED] - delay(6): Delayed 6 second(s)

2019-12-16 02:07:37 - [MESSAGE][PASSED] - Delayed 6 second(s)

2019-12-16 02:07:37 - [TEST_STEP][PASSED] - click(findTestObject("Object Repository/object_reservation/Page_Paradise 4 Paws  Dog Boarding Cat Boar_35fe2b/button_Go to CheckOut")): Object: 'Object Repository/object_reservation/Page_Paradise 4 Paws  Dog Boarding Cat Boar_35fe2b/button_Go to CheckOut' is clicked on

2019-12-16 02:07:39 - [MESSAGE][PASSED] - Object: 'Object Repository/object_reservation/Page_Paradise 4 Paws  Dog Boarding Cat Boar_35fe2b/button_Go to CheckOut' is clicked on

2019-12-16 02:07:39 - [TEST_STEP][PASSED] - delay(2): Delayed 2 second(s)

2019-12-16 02:07:41 - [MESSAGE][PASSED] - Delayed 2 second(s)

2019-12-16 02:07:41 - [TEST_STEP][PASSED] - log.logInfo(getText(findTestObject("Object Repository/object_reservation/Page_Paradise 4 Paws  Dog Boarding Cat Boar_35fe2b/span_( BK )"))): ( BK )

2019-12-16 02:07:41 - [MESSAGE][PASSED] - Text of object 'Object Repository/object_reservation/Page_Paradise 4 Paws  Dog Boarding Cat Boar_35fe2b/span_( BK )' is: '( BK )'

2019-12-16 02:07:41 - [MESSAGE][INFO] - ( BK )

2019-12-16 02:07:41 - [TEST_STEP][PASSED] - var_url = getUrl(): Current window's url is: 'https://p4p-qa-bg.aws.paradise4paws.com/frontdesk/checkout/1702452/?parent_id=122350'

2019-12-16 02:07:41 - [MESSAGE][PASSED] - Current window's url is: 'https://p4p-qa-bg.aws.paradise4paws.com/frontdesk/checkout/1702452/?parent_id=122350'

2019-12-16 02:07:41 - [TEST_STEP][PASSED] - arrayUrl = var_url.split("/"): null

2019-12-16 02:07:41 - [TEST_STEP][PASSED] - var = Integer.parseInt(var_idRowRes): null

2019-12-16 02:07:41 - [TEST_STEP][PASSED] - verifyElementText(findTestObject("Object Repository/object_reservation/Page_Paradise 4 Paws  Dog Boarding Cat Boar_35fe2b/span_( BK )"), "( BK )", STOP_ON_FAILURE): Actual text and expected text of test object 'Object Repository/object_reservation/Page_Paradise 4 Paws  Dog Boarding Cat Boar_35fe2b/span_( BK )' are matched.

2019-12-16 02:07:41 - [MESSAGE][PASSED] - Actual text and expected text of test object 'Object Repository/object_reservation/Page_Paradise 4 Paws  Dog Boarding Cat Boar_35fe2b/span_( BK )' are matched.

2019-12-16 02:07:41 - [TEST_STEP][PASSED] - fis = new java.io.FileInputStream(/home/leonardo-arkusmty/Desktop/P4P/DATA_AUTOMATINTESTING/data_1newReservationSpaService.xlsx): null

2019-12-16 02:07:41 - [TEST_STEP][PASSED] - workbook = new org.apache.poi.xssf.usermodel.XSSFWorkbook(fis): null

2019-12-16 02:07:41 - [TEST_STEP][PASSED] - sheet = workbook.getSheet("Sheet1"): null

2019-12-16 02:07:41 - [TEST_STEP][PASSED] - rowCount = var_row: null

2019-12-16 02:07:41 - [TEST_STEP][PASSED] - row = sheet.getRow(var): null

2019-12-16 02:07:41 - [TEST_STEP][PASSED] - cell = row.createCell(15, 0): null

2019-12-16 02:07:41 - [TEST_STEP][PASSED] - cell.setCellType(CELL_TYPE_STRING): null

2019-12-16 02:07:41 - [TEST_STEP][PASSED] - cell.setCellValue(arrayUrl[5]): null

2019-12-16 02:07:41 - [TEST_STEP][PASSED] - cell2 = row.createCell(16, 0): null

2019-12-16 02:07:41 - [TEST_STEP][PASSED] - cell2.setCellType(CELL_TYPE_STRING): null

2019-12-16 02:07:41 - [TEST_STEP][PASSED] - cell2.setCellValue(getText(findTestObject("Object Repository/object_reservation/Page_Paradise 4 Paws  Dog Boarding Cat Boar_35fe2b/span_( BK )"))): Text of object 'Object Repository/object_reservation/Page_Paradise 4 Paws  Dog Boarding Cat Boar_35fe2b/span_( BK )' is: '( BK )'

2019-12-16 02:07:42 - [MESSAGE][PASSED] - Text of object 'Object Repository/object_reservation/Page_Paradise 4 Paws  Dog Boarding Cat Boar_35fe2b/span_( BK )' is: '( BK )'

2019-12-16 02:07:42 - [TEST_STEP][PASSED] - fos = new java.io.FileOutputStream(/home/leonardo-arkusmty/Desktop/P4P/DATA_AUTOMATINTESTING/data_1newReservationSpaService.xlsx): null

2019-12-16 02:07:42 - [TEST_STEP][PASSED] - workbook.write(fos): null

2019-12-16 02:07:42 - [TEST_STEP][PASSED] - fos.close(): null

2019-12-16 02:07:42 - [TEST_STEP][PASSED] - delay(1): Delayed 1 second(s)

2019-12-16 02:07:43 - [MESSAGE][PASSED] - Delayed 1 second(s)

2019-12-16 02:07:43 - [TEST_STEP][PASSED] - (var_row++): null]]></system-out>
         <system-err><![CDATA[]]></system-err>
      </testcase>
      <system-out><![CDATA[2019-12-16 02:04:09 - [TEST_SUITE][PASSED] - ts_newReservationSpaservice: Test Cases/p4p_newReservationSpaService]]></system-out>
      <system-err><![CDATA[]]></system-err>
   </testsuite>
</testsuites>
