<?xml version="1.0" encoding="UTF-8"?>
<testsuites name="ts_newReservation" time="35.26" tests="1" failures="0" errors="0">
   <testsuite name="ts_newReservation" tests="1" failures="0" errors="0" time="35.26" timestamp="2019-11-25 17:21:03" hostname="leonardo-arkusmty - leonardoarkusmty-Inspiron-5577" id="Test Suites/ts_newReservation">
      <properties>
         <property name="deviceName" value=""/>
         <property name="devicePlatform" value=""/>
         <property name="logFolder" value="/home/leonardo-arkusmty/Documents/workspaceKatalon/p4ptest/Reports/20191125_172102/ts_newReservation/20191125_172102"/>
         <property name="logFiles" value="/home/leonardo-arkusmty/Documents/workspaceKatalon/p4ptest/Reports/20191125_172102/ts_newReservation/20191125_172102/execution0.log"/>
         <property name="attachments" value=""/>
         <property name="hostName" value="leonardo-arkusmty - leonardoarkusmty-Inspiron-5577"/>
         <property name="os" value="Linux 64bit"/>
         <property name="katalonVersion" value="7.0.8.1"/>
         <property name="browser" value="Firefox 70.0"/>
         <property name="hostAddress" value="127.0.1.1"/>
         <property name="sessionId" value="4a908216-fcf2-4a27-b06a-2f4f0668ce3b"/>
         <property name="seleniumVersion" value="3.141.59"/>
         <property name="proxyInformation" value="ProxyInformation{proxyOption=NO_PROXY, proxyServerType=HTTP, password=, proxyServerAddress=, proxyServerPort=0}"/>
         <property name="platform" value="Linux"/>
      </properties>
      <testcase name="Test Cases/p4p_newReservation" time="31.276" classname="Test Cases/p4p_newReservation" status="PASSED">
         <system-out><![CDATA[2019-11-25 17:21:04 - [TEST_CASE][PASSED] - Test Cases/p4p_newReservation: Test Cases/p4p_newReservation

2019-11-25 17:21:04 - [TEST_STEP][PASSED] - openBrowser("https://p4p-qa-bg.aws.paradise4paws.com/login/"): Browser is opened with url: 'https://p4p-qa-bg.aws.paradise4paws.com/login/'

2019-11-25 17:21:04 - [MESSAGE][INFO] - Starting 'Firefox' driver

2019-11-25 17:21:04 - [MESSAGE][INFO] - Action delay is set to 0 seconds

2019-11-25 17:21:09 - [MESSAGE][PASSED] - Browser is opened with url: 'https://p4p-qa-bg.aws.paradise4paws.com/login/'

2019-11-25 17:21:09 - [TEST_STEP][PASSED] - setText(findTestObject("object_login/input_user"), var_user): Text 'jegchavez@gmail.com' is set on object 'Object Repository/object_login/input_user'

2019-11-25 17:21:10 - [MESSAGE][PASSED] - Text 'jegchavez@gmail.com' is set on object 'Object Repository/object_login/input_user'

2019-11-25 17:21:10 - [TEST_STEP][PASSED] - setText(findTestObject("object_login/input_pass"), var_pass): Text 'admin1' is set on object 'Object Repository/object_login/input_pass'

2019-11-25 17:21:10 - [MESSAGE][PASSED] - Text 'admin1' is set on object 'Object Repository/object_login/input_pass'

2019-11-25 17:21:10 - [TEST_STEP][PASSED] - delay(2): Delayed 2 second(s)

2019-11-25 17:21:12 - [MESSAGE][PASSED] - Delayed 2 second(s)

2019-11-25 17:21:12 - [TEST_STEP][PASSED] - verifyElementClickable(findTestObject("object_login/btn_login")): Object 'Object Repository/object_login/btn_login' is clickable

2019-11-25 17:21:12 - [MESSAGE][PASSED] - Object 'Object Repository/object_login/btn_login' is clickable

2019-11-25 17:21:12 - [TEST_STEP][PASSED] - click(findTestObject("object_login/btn_login")): Object: 'Object Repository/object_login/btn_login' is clicked on

2019-11-25 17:21:16 - [MESSAGE][PASSED] - Object: 'Object Repository/object_login/btn_login' is clicked on

2019-11-25 17:21:16 - [TEST_STEP][PASSED] - delay(2): Delayed 2 second(s)

2019-11-25 17:21:18 - [MESSAGE][PASSED] - Delayed 2 second(s)

2019-11-25 17:21:18 - [TEST_STEP][PASSED] - navigateToUrl(var_urlReservations): Navigate to 'https://p4p-qa-bg.aws.paradise4paws.com/accounts/profile/#/reservations/97558/' successfully

2019-11-25 17:21:20 - [MESSAGE][PASSED] - Navigate to 'https://p4p-qa-bg.aws.paradise4paws.com/accounts/profile/#/reservations/97558/' successfully

2019-11-25 17:21:20 - [TEST_STEP][PASSED] - delay(2): Delayed 2 second(s)

2019-11-25 17:21:22 - [MESSAGE][PASSED] - Delayed 2 second(s)

2019-11-25 17:21:22 - [TEST_STEP][PASSED] - click(findTestObject("object_profile/a_addReservation")): Object: 'Object Repository/object_profile/a_addReservation' is clicked on

2019-11-25 17:21:24 - [MESSAGE][PASSED] - Object: 'Object Repository/object_profile/a_addReservation' is clicked on

2019-11-25 17:21:24 - [TEST_STEP][PASSED] - click(findTestObject("object_reservations/btn_Boarding")): Object: 'Object Repository/object_reservations/btn_Boarding' is clicked on

2019-11-25 17:21:25 - [MESSAGE][PASSED] - Object: 'Object Repository/object_reservations/btn_Boarding' is clicked on

2019-11-25 17:21:25 - [TEST_STEP][PASSED] - click(findTestObject("object_reservations/select_Chicago MDW Airport Resort")): Object: 'Object Repository/object_reservations/select_Chicago MDW Airport Resort' is clicked on

2019-11-25 17:21:28 - [MESSAGE][PASSED] - Object: 'Object Repository/object_reservations/select_Chicago MDW Airport Resort' is clicked on

2019-11-25 17:21:28 - [TEST_STEP][PASSED] - setText(findTestObject("object_reservations/input_Check-in Date_form-control ng-pristin_499b9d"), "06:00 am"): Text '06:00 am' is set on object 'Object Repository/object_reservations/input_Check-in Date_form-control ng-pristin_499b9d'

2019-11-25 17:21:28 - [MESSAGE][PASSED] - Text '06:00 am' is set on object 'Object Repository/object_reservations/input_Check-in Date_form-control ng-pristin_499b9d'

2019-11-25 17:21:28 - [TEST_STEP][PASSED] - setText(findTestObject("object_reservations/input_Check-in Date_form-control ng-pristine ng-untouched ui-timepicker-input"), "06:00 am"): Text '06:00 am' is set on object 'Object Repository/object_reservations/input_Check-in Date_form-control ng-pristine ng-untouched ui-timepicker-input'

2019-11-25 17:21:29 - [MESSAGE][PASSED] - Text '06:00 am' is set on object 'Object Repository/object_reservations/input_Check-in Date_form-control ng-pristine ng-untouched ui-timepicker-input'

2019-11-25 17:21:29 - [TEST_STEP][PASSED] - delay(6): Delayed 6 second(s)

2019-11-25 17:21:35 - [MESSAGE][PASSED] - Delayed 6 second(s)]]></system-out>
         <system-err><![CDATA[]]></system-err>
      </testcase>
      <system-out><![CDATA[2019-11-25 17:21:03 - [TEST_SUITE][PASSED] - ts_newReservation: Test Cases/p4p_newReservation]]></system-out>
      <system-err><![CDATA[]]></system-err>
   </testsuite>
</testsuites>
