<?xml version="1.0" encoding="UTF-8"?>
<testsuites name="ts_newReservationBoarding" time="218.119" tests="3" failures="0" errors="0">
   <testsuite name="ts_newReservationBoarding" tests="3" failures="0" errors="0" time="218.119" timestamp="2019-12-12 05:06:11" hostname="leonardo-arkusmty - leonardoarkusmty-Inspiron-5577" id="Test Suites/ts_newReservationBoarding">
      <properties>
         <property name="deviceName" value=""/>
         <property name="devicePlatform" value=""/>
         <property name="logFolder" value="/home/leonardo-arkusmty/Documents/workspaceKatalon/p4ptest/Reports/20191212_050609/ts_newReservationBoarding/20191212_050609"/>
         <property name="logFiles" value="/home/leonardo-arkusmty/Documents/workspaceKatalon/p4ptest/Reports/20191212_050609/ts_newReservationBoarding/20191212_050609/execution0.log"/>
         <property name="attachments" value=""/>
         <property name="hostName" value="leonardo-arkusmty - leonardoarkusmty-Inspiron-5577"/>
         <property name="os" value="Linux 64bit"/>
         <property name="katalonVersion" value="7.0.8.1"/>
         <property name="browser" value="Firefox 70.0"/>
         <property name="hostAddress" value="127.0.1.1"/>
         <property name="sessionId" value="810441bd-6b9f-4cd3-8a7b-d96cfe97ca4a"/>
         <property name="seleniumVersion" value="3.141.59"/>
         <property name="proxyInformation" value="ProxyInformation{proxyOption=NO_PROXY, proxyServerType=HTTP, password=, proxyServerAddress=, proxyServerPort=0}"/>
         <property name="platform" value="Linux"/>
      </properties>
      <testcase name="Test Cases/p4p_newReservation" time="62.955" classname="Test Cases/p4p_newReservation" status="PASSED">
         <system-out><![CDATA[2019-12-12 05:06:11 - [TEST_CASE][PASSED] - Test Cases/p4p_newReservation: Test Cases/p4p_newReservation

2019-12-12 05:06:12 - [TEST_STEP][PASSED] - openBrowser("https://p4p-qa-bg.aws.paradise4paws.com/login/"): Browser is opened with url: 'https://p4p-qa-bg.aws.paradise4paws.com/login/'

2019-12-12 05:06:12 - [MESSAGE][INFO] - Starting 'Firefox' driver

2019-12-12 05:06:12 - [MESSAGE][INFO] - Action delay is set to 0 seconds

2019-12-12 05:06:18 - [MESSAGE][PASSED] - Browser is opened with url: 'https://p4p-qa-bg.aws.paradise4paws.com/login/'

2019-12-12 05:06:18 - [TEST_STEP][PASSED] - setText(findTestObject("object_login/input_user"), var_user): Text 'jegchavez@gmail.com' is set on object 'Object Repository/object_login/input_user'

2019-12-12 05:06:19 - [MESSAGE][PASSED] - Text 'jegchavez@gmail.com' is set on object 'Object Repository/object_login/input_user'

2019-12-12 05:06:19 - [TEST_STEP][PASSED] - setText(findTestObject("object_login/input_pass"), var_pass): Text 'admin1' is set on object 'Object Repository/object_login/input_pass'

2019-12-12 05:06:19 - [MESSAGE][PASSED] - Text 'admin1' is set on object 'Object Repository/object_login/input_pass'

2019-12-12 05:06:19 - [TEST_STEP][PASSED] - delay(2): Delayed 2 second(s)

2019-12-12 05:06:21 - [MESSAGE][PASSED] - Delayed 2 second(s)

2019-12-12 05:06:21 - [TEST_STEP][PASSED] - verifyElementClickable(findTestObject("object_login/btn_login")): Object 'Object Repository/object_login/btn_login' is clickable

2019-12-12 05:06:21 - [MESSAGE][PASSED] - Object 'Object Repository/object_login/btn_login' is clickable

2019-12-12 05:06:21 - [TEST_STEP][PASSED] - click(findTestObject("object_login/btn_login")): Object: 'Object Repository/object_login/btn_login' is clicked on

2019-12-12 05:06:25 - [MESSAGE][PASSED] - Object: 'Object Repository/object_login/btn_login' is clicked on

2019-12-12 05:06:25 - [TEST_STEP][PASSED] - delay(2): Delayed 2 second(s)

2019-12-12 05:06:27 - [MESSAGE][PASSED] - Delayed 2 second(s)

2019-12-12 05:06:27 - [TEST_STEP][PASSED] - setText(findTestObject("object_dashboard_emp/input_search"), var_searchParent): Text 'leongarzagarza@hotmail.com' is set on object 'Object Repository/object_dashboard_emp/input_search'

2019-12-12 05:06:27 - [MESSAGE][PASSED] - Text 'leongarzagarza@hotmail.com' is set on object 'Object Repository/object_dashboard_emp/input_search'

2019-12-12 05:06:27 - [TEST_STEP][PASSED] - click(findTestObject("object_dashboard_emp/btn_accountSearch")): Object: 'Object Repository/object_dashboard_emp/btn_accountSearch' is clicked on

2019-12-12 05:06:28 - [MESSAGE][PASSED] - Object: 'Object Repository/object_dashboard_emp/btn_accountSearch' is clicked on

2019-12-12 05:06:28 - [TEST_STEP][PASSED] - delay(2): Delayed 2 second(s)

2019-12-12 05:06:30 - [MESSAGE][PASSED] - Delayed 2 second(s)

2019-12-12 05:06:30 - [TEST_STEP][PASSED] - click(findTestObject("object_accountInformation/a_TEST GABRIEL PROD")): Object: 'Object Repository/object_accountInformation/a_TEST GABRIEL PROD' is clicked on

2019-12-12 05:06:32 - [MESSAGE][PASSED] - Object: 'Object Repository/object_accountInformation/a_TEST GABRIEL PROD' is clicked on

2019-12-12 05:06:32 - [TEST_STEP][PASSED] - delay(2): Delayed 2 second(s)

2019-12-12 05:06:34 - [MESSAGE][PASSED] - Delayed 2 second(s)

2019-12-12 05:06:34 - [TEST_STEP][PASSED] - click(findTestObject("object_profile/a_addReservation")): Object: 'Object Repository/object_profile/a_addReservation' is clicked on

2019-12-12 05:06:36 - [MESSAGE][PASSED] - Object: 'Object Repository/object_profile/a_addReservation' is clicked on

2019-12-12 05:06:36 - [TEST_STEP][PASSED] - delay(2): Delayed 2 second(s)

2019-12-12 05:06:38 - [MESSAGE][PASSED] - Delayed 2 second(s)

2019-12-12 05:06:38 - [TEST_STEP][PASSED] - flagBoar = "0": null

2019-12-12 05:06:38 - [TEST_STEP][PASSED] - log = new com.kms.katalon.core.logging.KeywordLogger(): null

2019-12-12 05:06:38 - [TEST_STEP][PASSED] - log.logInfo(var_typeReserveation): Boarding

2019-12-12 05:06:38 - [MESSAGE][INFO] - Boarding

2019-12-12 05:06:38 - [TEST_STEP][PASSED] - if (var_typeReserveation == "Boarding"): null

2019-12-12 05:06:38 - [TEST_STEP][PASSED] - click(findTestObject("object_reservation/btn_Boarding")): Object: 'Object Repository/object_reservation/btn_Boarding' is clicked on

2019-12-12 05:06:38 - [MESSAGE][PASSED] - Object: 'Object Repository/object_reservation/btn_Boarding' is clicked on

2019-12-12 05:06:38 - [TEST_STEP][PASSED] - flagBoar = "1": null

2019-12-12 05:06:38 - [TEST_STEP][PASSED] - click(findTestObject("object_reservation/i_location")): Object: 'Object Repository/object_reservation/i_location' is clicked on

2019-12-12 05:06:41 - [MESSAGE][PASSED] - Object: 'Object Repository/object_reservation/i_location' is clicked on

2019-12-12 05:06:41 - [TEST_STEP][PASSED] - switch (var_idFacility): null

2019-12-12 05:06:41 - [TEST_STEP][PASSED] - dateCI = var_checkinD.split(","): null

2019-12-12 05:06:41 - [TEST_STEP][PASSED] - dateCO = var_checkoutD.split(","): null

2019-12-12 05:06:41 - [TEST_STEP][PASSED] - arryPets = var_pets.split(","): null

2019-12-12 05:06:41 - [TEST_STEP][PASSED] - delay(2): Delayed 2 second(s)

2019-12-12 05:06:43 - [MESSAGE][PASSED] - Delayed 2 second(s)

2019-12-12 05:06:43 - [TEST_STEP][PASSED] - click(findTestObject("object_reservation/dateCheckIn")): Object: 'Object Repository/object_reservation/dateCheckIn' is clicked on

2019-12-12 05:06:43 - [MESSAGE][PASSED] - Object: 'Object Repository/object_reservation/dateCheckIn' is clicked on

2019-12-12 05:06:43 - [TEST_STEP][PASSED] - switch (dateCI[0]): null

2019-12-12 05:06:43 - [TEST_STEP][PASSED] - case "1":: null

2019-12-12 05:06:43 - [TEST_STEP][PASSED] - click(findTestObject("Page_Paradise 4 Paws  Dog Boarding Cat Boarding Norwalk Pooch Hotel/button_01_ci")): Object: 'Object Repository/Page_Paradise 4 Paws  Dog Boarding Cat Boarding Norwalk Pooch Hotel/button_01_ci' is clicked on

2019-12-12 05:06:44 - [MESSAGE][PASSED] - Object: 'Object Repository/Page_Paradise 4 Paws  Dog Boarding Cat Boarding Norwalk Pooch Hotel/button_01_ci' is clicked on

2019-12-12 05:06:44 - [TEST_STEP][PASSED] - break: null

2019-12-12 05:06:44 - [TEST_STEP][PASSED] - log.logInfo("PRUEBA FLAG"): PRUEBA FLAG

2019-12-12 05:06:44 - [MESSAGE][INFO] - PRUEBA FLAG

2019-12-12 05:06:44 - [TEST_STEP][PASSED] - log.logInfo(flagBoar): 1

2019-12-12 05:06:44 - [MESSAGE][INFO] - 1

2019-12-12 05:06:44 - [TEST_STEP][PASSED] - if (flagBoar == "1"): null

2019-12-12 05:06:44 - [TEST_STEP][PASSED] - click(findTestObject("object_reservation/dateCheckOut")): Object: 'Object Repository/object_reservation/dateCheckOut' is clicked on

2019-12-12 05:06:45 - [MESSAGE][PASSED] - Object: 'Object Repository/object_reservation/dateCheckOut' is clicked on

2019-12-12 05:06:45 - [TEST_STEP][PASSED] - log.logInfo(dateCO[0]): 2

2019-12-12 05:06:45 - [MESSAGE][INFO] - 2

2019-12-12 05:06:45 - [TEST_STEP][PASSED] - switch (dateCO[0]): null

2019-12-12 05:06:45 - [TEST_STEP][PASSED] - case "2":: null

2019-12-12 05:06:45 - [TEST_STEP][PASSED] - click(findTestObject("Page_Paradise 4 Paws  Dog Boarding Cat Boarding Norwalk Pooch Hotel/button_02_co")): Object: 'Object Repository/Page_Paradise 4 Paws  Dog Boarding Cat Boarding Norwalk Pooch Hotel/button_02_co' is clicked on

2019-12-12 05:06:46 - [MESSAGE][PASSED] - Object: 'Object Repository/Page_Paradise 4 Paws  Dog Boarding Cat Boarding Norwalk Pooch Hotel/button_02_co' is clicked on

2019-12-12 05:06:46 - [TEST_STEP][PASSED] - break: null

2019-12-12 05:06:46 - [TEST_STEP][NOT_RUN] - click(findTestObject("object_reservationCalendar/CO_close")): NOT_RUN: click(findTestObject("object_reservationCalendar/CO_close"))

2019-12-12 05:06:46 - [MESSAGE][NOT_RUN] - NOT_RUN: click(findTestObject("object_reservationCalendar/CO_close"))

2019-12-12 05:06:46 - [TEST_STEP][PASSED] - click(findTestObject("object_reservation/timeCheckin")): Object: 'Object Repository/object_reservation/timeCheckin' is clicked on

2019-12-12 05:06:46 - [MESSAGE][PASSED] - Object: 'Object Repository/object_reservation/timeCheckin' is clicked on

2019-12-12 05:06:46 - [TEST_STEP][PASSED] - log.logInfo("test timePicker"): test timePicker

2019-12-12 05:06:46 - [MESSAGE][INFO] - test timePicker

2019-12-12 05:06:46 - [TEST_STEP][PASSED] - switch (var_checkinT): null

2019-12-12 05:06:46 - [TEST_STEP][PASSED] - case "800":: null

2019-12-12 05:06:46 - [TEST_STEP][PASSED] - click(findTestObject("Page_Paradise 4 Paws  Dog Boarding Cat Boarding Norwalk Pooch Hotel/time_800am_ci")): Object: 'Object Repository/Page_Paradise 4 Paws  Dog Boarding Cat Boarding Norwalk Pooch Hotel/time_800am_ci' is clicked on

2019-12-12 05:06:47 - [MESSAGE][PASSED] - Object: 'Object Repository/Page_Paradise 4 Paws  Dog Boarding Cat Boarding Norwalk Pooch Hotel/time_800am_ci' is clicked on

2019-12-12 05:06:47 - [TEST_STEP][PASSED] - break: null

2019-12-12 05:06:47 - [TEST_STEP][PASSED] - click(findTestObject("object_reservation/timeCheckOut")): Object: 'Object Repository/object_reservation/timeCheckOut' is clicked on

2019-12-12 05:06:48 - [MESSAGE][PASSED] - Object: 'Object Repository/object_reservation/timeCheckOut' is clicked on

2019-12-12 05:06:48 - [TEST_STEP][PASSED] - switch (var_checkoutT): null

2019-12-12 05:06:48 - [TEST_STEP][PASSED] - case "1200":: null

2019-12-12 05:06:48 - [TEST_STEP][PASSED] - log.logInfo("test 1200"): test 1200

2019-12-12 05:06:48 - [MESSAGE][INFO] - test 1200

2019-12-12 05:06:48 - [TEST_STEP][PASSED] - click(findTestObject("Page_Paradise 4 Paws  Dog Boarding Cat Boarding Norwalk Pooch Hotel/time_1200pm_co")): Object: 'Object Repository/Page_Paradise 4 Paws  Dog Boarding Cat Boarding Norwalk Pooch Hotel/time_1200pm_co' is clicked on

2019-12-12 05:06:48 - [MESSAGE][PASSED] - Object: 'Object Repository/Page_Paradise 4 Paws  Dog Boarding Cat Boarding Norwalk Pooch Hotel/time_1200pm_co' is clicked on

2019-12-12 05:06:48 - [TEST_STEP][PASSED] - break: null

2019-12-12 05:06:48 - [TEST_STEP][PASSED] - delay(2): Delayed 2 second(s)

2019-12-12 05:06:50 - [MESSAGE][PASSED] - Delayed 2 second(s)

2019-12-12 05:06:50 - [TEST_STEP][PASSED] - log.logInfo("-- ANTES REPEATING --"): -- ANTES REPEATING --

2019-12-12 05:06:50 - [MESSAGE][INFO] - -- ANTES REPEATING --

2019-12-12 05:06:50 - [TEST_STEP][PASSED] - if (var_repeting == "Y"): null

2019-12-12 05:06:50 - [TEST_STEP][PASSED] - log.logInfo(var_pets): Ares

2019-12-12 05:06:50 - [MESSAGE][INFO] - Ares

2019-12-12 05:06:50 - [TEST_STEP][PASSED] - if (arryPets.size() == 1): Object: 'Object Repository/object_reservation/Page_Paradise 4 Paws  Dog Boarding Cat Boarding Norwalk Pooch Hotel/div_Ares' is clicked on

2019-12-12 05:06:50 - [TEST_STEP][PASSED] - click(findTestObject("object_reservation/Page_Paradise 4 Paws  Dog Boarding Cat Boarding Norwalk Pooch Hotel/div_Ares")): Object: 'Object Repository/object_reservation/Page_Paradise 4 Paws  Dog Boarding Cat Boarding Norwalk Pooch Hotel/div_Ares' is clicked on

2019-12-12 05:06:52 - [MESSAGE][PASSED] - Object: 'Object Repository/object_reservation/Page_Paradise 4 Paws  Dog Boarding Cat Boarding Norwalk Pooch Hotel/div_Ares' is clicked on

2019-12-12 05:06:52 - [TEST_STEP][NOT_RUN] - click(findTestObject("object_reservations/i_Day_fa fa-circle-o ng-scope")): NOT_RUN: click(findTestObject("object_reservations/i_Day_fa fa-circle-o ng-scope"))

2019-12-12 05:06:52 - [MESSAGE][NOT_RUN] - NOT_RUN: click(findTestObject("object_reservations/i_Day_fa fa-circle-o ng-scope"))

2019-12-12 05:06:52 - [TEST_STEP][PASSED] - if (flagBoar == "1" || flagBoar == "2"): Object: 'Object Repository/object_reservation/div_suite_rad_deluxe' is clicked on

2019-12-12 05:06:52 - [TEST_STEP][PASSED] - click(findTestObject("object_reservation/div_suite_rad_deluxe")): Object: 'Object Repository/object_reservation/div_suite_rad_deluxe' is clicked on

2019-12-12 05:06:55 - [MESSAGE][PASSED] - Object: 'Object Repository/object_reservation/div_suite_rad_deluxe' is clicked on

2019-12-12 05:06:55 - [TEST_STEP][PASSED] - click(findTestObject("object_reservation/btn_next2")): Object: 'Object Repository/object_reservation/btn_next2' is clicked on

2019-12-12 05:06:58 - [MESSAGE][PASSED] - Object: 'Object Repository/object_reservation/btn_next2' is clicked on

2019-12-12 05:06:58 - [TEST_STEP][PASSED] - delay(3): Delayed 3 second(s)

2019-12-12 05:07:01 - [MESSAGE][PASSED] - Delayed 3 second(s)

2019-12-12 05:07:01 - [TEST_STEP][PASSED] - if (flagBoar == "1"): Object: 'Object Repository/object_reservation/button_DeclineThisPromo' is clicked on

2019-12-12 05:07:01 - [TEST_STEP][PASSED] - click(findTestObject("object_reservation/button_DeclineThisPromo")): Object: 'Object Repository/object_reservation/button_DeclineThisPromo' is clicked on

2019-12-12 05:07:01 - [MESSAGE][PASSED] - Object: 'Object Repository/object_reservation/button_DeclineThisPromo' is clicked on

2019-12-12 05:07:01 - [TEST_STEP][PASSED] - delay(2): Delayed 2 second(s)

2019-12-12 05:07:03 - [MESSAGE][PASSED] - Delayed 2 second(s)

2019-12-12 05:07:03 - [TEST_STEP][PASSED] - click(findTestObject("object_reservation/btn_next2")): Object: 'Object Repository/object_reservation/btn_next2' is clicked on

2019-12-12 05:07:04 - [MESSAGE][PASSED] - Object: 'Object Repository/object_reservation/btn_next2' is clicked on

2019-12-12 05:07:04 - [TEST_STEP][PASSED] - click(findTestObject("object_reservation/button_Submit Reservation")): Object: 'Object Repository/object_reservation/button_Submit Reservation' is clicked on

2019-12-12 05:07:06 - [MESSAGE][PASSED] - Object: 'Object Repository/object_reservation/button_Submit Reservation' is clicked on

2019-12-12 05:07:06 - [TEST_STEP][PASSED] - delay(2): Delayed 2 second(s)

2019-12-12 05:07:08 - [MESSAGE][PASSED] - Delayed 2 second(s)

2019-12-12 05:07:08 - [TEST_STEP][PASSED] - click(findTestObject("object_reservation/button_Return To Reservation")): Object: 'Object Repository/object_reservation/button_Return To Reservation' is clicked on

2019-12-12 05:07:10 - [MESSAGE][PASSED] - Object: 'Object Repository/object_reservation/button_Return To Reservation' is clicked on

2019-12-12 05:07:10 - [TEST_STEP][PASSED] - delay(4): Delayed 4 second(s)

2019-12-12 05:07:14 - [MESSAGE][PASSED] - Delayed 4 second(s)]]></system-out>
         <system-err><![CDATA[]]></system-err>
      </testcase>
      <testcase name="Test Cases/p4p_newReservation" time="71.871" classname="Test Cases/p4p_newReservation" status="PASSED">
         <system-out><![CDATA[2019-12-12 05:07:14 - [TEST_CASE][PASSED] - Test Cases/p4p_newReservation: Test Cases/p4p_newReservation

2019-12-12 05:07:14 - [TEST_STEP][PASSED] - openBrowser("https://p4p-qa-bg.aws.paradise4paws.com/login/"): Browser is opened with url: 'https://p4p-qa-bg.aws.paradise4paws.com/login/'

2019-12-12 05:07:14 - [MESSAGE][WARNING] - A browser is already opened. Closing browser and opening a new one

2019-12-12 05:07:16 - [MESSAGE][INFO] - Starting 'Firefox' driver

2019-12-12 05:07:22 - [MESSAGE][PASSED] - Browser is opened with url: 'https://p4p-qa-bg.aws.paradise4paws.com/login/'

2019-12-12 05:07:22 - [TEST_STEP][PASSED] - setText(findTestObject("object_login/input_user"), var_user): Text 'jegchavez@gmail.com' is set on object 'Object Repository/object_login/input_user'

2019-12-12 05:07:23 - [MESSAGE][PASSED] - Text 'jegchavez@gmail.com' is set on object 'Object Repository/object_login/input_user'

2019-12-12 05:07:23 - [TEST_STEP][PASSED] - setText(findTestObject("object_login/input_pass"), var_pass): Text 'admin1' is set on object 'Object Repository/object_login/input_pass'

2019-12-12 05:07:24 - [MESSAGE][PASSED] - Text 'admin1' is set on object 'Object Repository/object_login/input_pass'

2019-12-12 05:07:24 - [TEST_STEP][PASSED] - delay(2): Delayed 2 second(s)

2019-12-12 05:07:26 - [MESSAGE][PASSED] - Delayed 2 second(s)

2019-12-12 05:07:26 - [TEST_STEP][PASSED] - verifyElementClickable(findTestObject("object_login/btn_login")): Object 'Object Repository/object_login/btn_login' is clickable

2019-12-12 05:07:26 - [MESSAGE][PASSED] - Object 'Object Repository/object_login/btn_login' is clickable

2019-12-12 05:07:26 - [TEST_STEP][PASSED] - click(findTestObject("object_login/btn_login")): Object: 'Object Repository/object_login/btn_login' is clicked on

2019-12-12 05:07:29 - [MESSAGE][PASSED] - Object: 'Object Repository/object_login/btn_login' is clicked on

2019-12-12 05:07:29 - [TEST_STEP][PASSED] - delay(2): Delayed 2 second(s)

2019-12-12 05:07:31 - [MESSAGE][PASSED] - Delayed 2 second(s)

2019-12-12 05:07:31 - [TEST_STEP][PASSED] - setText(findTestObject("object_dashboard_emp/input_search"), var_searchParent): Text 'leongarzagarza@hotmail.com' is set on object 'Object Repository/object_dashboard_emp/input_search'

2019-12-12 05:07:31 - [MESSAGE][PASSED] - Text 'leongarzagarza@hotmail.com' is set on object 'Object Repository/object_dashboard_emp/input_search'

2019-12-12 05:07:31 - [TEST_STEP][PASSED] - click(findTestObject("object_dashboard_emp/btn_accountSearch")): Object: 'Object Repository/object_dashboard_emp/btn_accountSearch' is clicked on

2019-12-12 05:07:32 - [MESSAGE][PASSED] - Object: 'Object Repository/object_dashboard_emp/btn_accountSearch' is clicked on

2019-12-12 05:07:32 - [TEST_STEP][PASSED] - delay(2): Delayed 2 second(s)

2019-12-12 05:07:34 - [MESSAGE][PASSED] - Delayed 2 second(s)

2019-12-12 05:07:34 - [TEST_STEP][PASSED] - click(findTestObject("object_accountInformation/a_TEST GABRIEL PROD")): Object: 'Object Repository/object_accountInformation/a_TEST GABRIEL PROD' is clicked on

2019-12-12 05:07:37 - [MESSAGE][PASSED] - Object: 'Object Repository/object_accountInformation/a_TEST GABRIEL PROD' is clicked on

2019-12-12 05:07:37 - [TEST_STEP][PASSED] - delay(2): Delayed 2 second(s)

2019-12-12 05:07:39 - [MESSAGE][PASSED] - Delayed 2 second(s)

2019-12-12 05:07:39 - [TEST_STEP][PASSED] - click(findTestObject("object_profile/a_addReservation")): Object: 'Object Repository/object_profile/a_addReservation' is clicked on

2019-12-12 05:07:40 - [MESSAGE][PASSED] - Object: 'Object Repository/object_profile/a_addReservation' is clicked on

2019-12-12 05:07:40 - [TEST_STEP][PASSED] - delay(2): Delayed 2 second(s)

2019-12-12 05:07:42 - [MESSAGE][PASSED] - Delayed 2 second(s)

2019-12-12 05:07:42 - [TEST_STEP][PASSED] - flagBoar = "0": null

2019-12-12 05:07:42 - [TEST_STEP][PASSED] - log = new com.kms.katalon.core.logging.KeywordLogger(): null

2019-12-12 05:07:42 - [TEST_STEP][PASSED] - log.logInfo(var_typeReserveation): Boarding

2019-12-12 05:07:42 - [MESSAGE][INFO] - Boarding

2019-12-12 05:07:42 - [TEST_STEP][PASSED] - if (var_typeReserveation == "Boarding"): null

2019-12-12 05:07:42 - [TEST_STEP][PASSED] - click(findTestObject("object_reservation/btn_Boarding")): Object: 'Object Repository/object_reservation/btn_Boarding' is clicked on

2019-12-12 05:07:43 - [MESSAGE][PASSED] - Object: 'Object Repository/object_reservation/btn_Boarding' is clicked on

2019-12-12 05:07:43 - [TEST_STEP][PASSED] - flagBoar = "1": null

2019-12-12 05:07:43 - [TEST_STEP][PASSED] - click(findTestObject("object_reservation/i_location")): Object: 'Object Repository/object_reservation/i_location' is clicked on

2019-12-12 05:07:45 - [MESSAGE][PASSED] - Object: 'Object Repository/object_reservation/i_location' is clicked on

2019-12-12 05:07:45 - [TEST_STEP][PASSED] - switch (var_idFacility): null

2019-12-12 05:07:45 - [TEST_STEP][PASSED] - dateCI = var_checkinD.split(","): null

2019-12-12 05:07:45 - [TEST_STEP][PASSED] - dateCO = var_checkoutD.split(","): null

2019-12-12 05:07:45 - [TEST_STEP][PASSED] - arryPets = var_pets.split(","): null

2019-12-12 05:07:45 - [TEST_STEP][PASSED] - delay(2): Delayed 2 second(s)

2019-12-12 05:07:47 - [MESSAGE][PASSED] - Delayed 2 second(s)

2019-12-12 05:07:47 - [TEST_STEP][PASSED] - click(findTestObject("object_reservation/dateCheckIn")): Object: 'Object Repository/object_reservation/dateCheckIn' is clicked on

2019-12-12 05:07:49 - [MESSAGE][PASSED] - Object: 'Object Repository/object_reservation/dateCheckIn' is clicked on

2019-12-12 05:07:49 - [TEST_STEP][PASSED] - switch (dateCI[0]): null

2019-12-12 05:07:49 - [TEST_STEP][PASSED] - case "3":: null

2019-12-12 05:07:49 - [TEST_STEP][PASSED] - click(findTestObject("Page_Paradise 4 Paws  Dog Boarding Cat Boarding Norwalk Pooch Hotel/button_03_ci")): Object: 'Object Repository/Page_Paradise 4 Paws  Dog Boarding Cat Boarding Norwalk Pooch Hotel/button_03_ci' is clicked on

2019-12-12 05:07:49 - [MESSAGE][PASSED] - Object: 'Object Repository/Page_Paradise 4 Paws  Dog Boarding Cat Boarding Norwalk Pooch Hotel/button_03_ci' is clicked on

2019-12-12 05:07:49 - [TEST_STEP][PASSED] - break: null

2019-12-12 05:07:49 - [TEST_STEP][PASSED] - log.logInfo("PRUEBA FLAG"): PRUEBA FLAG

2019-12-12 05:07:49 - [MESSAGE][INFO] - PRUEBA FLAG

2019-12-12 05:07:49 - [TEST_STEP][PASSED] - log.logInfo(flagBoar): 1

2019-12-12 05:07:49 - [MESSAGE][INFO] - 1

2019-12-12 05:07:49 - [TEST_STEP][PASSED] - if (flagBoar == "1"): null

2019-12-12 05:07:49 - [TEST_STEP][PASSED] - click(findTestObject("object_reservation/dateCheckOut")): Object: 'Object Repository/object_reservation/dateCheckOut' is clicked on

2019-12-12 05:07:50 - [MESSAGE][PASSED] - Object: 'Object Repository/object_reservation/dateCheckOut' is clicked on

2019-12-12 05:07:50 - [TEST_STEP][PASSED] - log.logInfo(dateCO[0]): 4

2019-12-12 05:07:50 - [MESSAGE][INFO] - 4

2019-12-12 05:07:50 - [TEST_STEP][PASSED] - switch (dateCO[0]): null

2019-12-12 05:07:50 - [TEST_STEP][PASSED] - case "4":: null

2019-12-12 05:07:50 - [TEST_STEP][PASSED] - click(findTestObject("Page_Paradise 4 Paws  Dog Boarding Cat Boarding Norwalk Pooch Hotel/button_04_co")): Object: 'Object Repository/Page_Paradise 4 Paws  Dog Boarding Cat Boarding Norwalk Pooch Hotel/button_04_co' is clicked on

2019-12-12 05:07:51 - [MESSAGE][PASSED] - Object: 'Object Repository/Page_Paradise 4 Paws  Dog Boarding Cat Boarding Norwalk Pooch Hotel/button_04_co' is clicked on

2019-12-12 05:07:51 - [TEST_STEP][PASSED] - break: null

2019-12-12 05:07:51 - [TEST_STEP][NOT_RUN] - click(findTestObject("object_reservationCalendar/CO_close")): NOT_RUN: click(findTestObject("object_reservationCalendar/CO_close"))

2019-12-12 05:07:51 - [MESSAGE][NOT_RUN] - NOT_RUN: click(findTestObject("object_reservationCalendar/CO_close"))

2019-12-12 05:07:51 - [TEST_STEP][PASSED] - click(findTestObject("object_reservation/timeCheckin")): Object: 'Object Repository/object_reservation/timeCheckin' is clicked on

2019-12-12 05:07:52 - [MESSAGE][PASSED] - Object: 'Object Repository/object_reservation/timeCheckin' is clicked on

2019-12-12 05:07:52 - [TEST_STEP][PASSED] - log.logInfo("test timePicker"): test timePicker

2019-12-12 05:07:52 - [MESSAGE][INFO] - test timePicker

2019-12-12 05:07:52 - [TEST_STEP][PASSED] - switch (var_checkinT): null

2019-12-12 05:07:52 - [TEST_STEP][PASSED] - case "800":: null

2019-12-12 05:07:52 - [TEST_STEP][PASSED] - click(findTestObject("Page_Paradise 4 Paws  Dog Boarding Cat Boarding Norwalk Pooch Hotel/time_800am_ci")): Object: 'Object Repository/Page_Paradise 4 Paws  Dog Boarding Cat Boarding Norwalk Pooch Hotel/time_800am_ci' is clicked on

2019-12-12 05:07:52 - [MESSAGE][PASSED] - Object: 'Object Repository/Page_Paradise 4 Paws  Dog Boarding Cat Boarding Norwalk Pooch Hotel/time_800am_ci' is clicked on

2019-12-12 05:07:52 - [TEST_STEP][PASSED] - break: null

2019-12-12 05:07:52 - [TEST_STEP][PASSED] - click(findTestObject("object_reservation/timeCheckOut")): Object: 'Object Repository/object_reservation/timeCheckOut' is clicked on

2019-12-12 05:07:53 - [MESSAGE][PASSED] - Object: 'Object Repository/object_reservation/timeCheckOut' is clicked on

2019-12-12 05:07:53 - [TEST_STEP][PASSED] - switch (var_checkoutT): null

2019-12-12 05:07:53 - [TEST_STEP][PASSED] - case "1200":: null

2019-12-12 05:07:53 - [TEST_STEP][PASSED] - log.logInfo("test 1200"): test 1200

2019-12-12 05:07:53 - [MESSAGE][INFO] - test 1200

2019-12-12 05:07:53 - [TEST_STEP][PASSED] - click(findTestObject("Page_Paradise 4 Paws  Dog Boarding Cat Boarding Norwalk Pooch Hotel/time_1200pm_co")): Object: 'Object Repository/Page_Paradise 4 Paws  Dog Boarding Cat Boarding Norwalk Pooch Hotel/time_1200pm_co' is clicked on

2019-12-12 05:07:54 - [MESSAGE][PASSED] - Object: 'Object Repository/Page_Paradise 4 Paws  Dog Boarding Cat Boarding Norwalk Pooch Hotel/time_1200pm_co' is clicked on

2019-12-12 05:07:54 - [TEST_STEP][PASSED] - break: null

2019-12-12 05:07:54 - [TEST_STEP][PASSED] - delay(2): Delayed 2 second(s)

2019-12-12 05:07:56 - [MESSAGE][PASSED] - Delayed 2 second(s)

2019-12-12 05:07:56 - [TEST_STEP][PASSED] - log.logInfo("-- ANTES REPEATING --"): -- ANTES REPEATING --

2019-12-12 05:07:56 - [MESSAGE][INFO] - -- ANTES REPEATING --

2019-12-12 05:07:56 - [TEST_STEP][PASSED] - if (var_repeting == "Y"): null

2019-12-12 05:07:56 - [TEST_STEP][PASSED] - log.logInfo(var_pets): Ares,Zeus

2019-12-12 05:07:56 - [MESSAGE][INFO] - Ares,Zeus

2019-12-12 05:07:56 - [TEST_STEP][PASSED] - if (arryPets.size() == 1): null

2019-12-12 05:07:56 - [TEST_STEP][PASSED] - else if (arryPets.size() == 2): Object: 'Object Repository/object_reservation/div_Zeus' is clicked on

2019-12-12 05:07:56 - [TEST_STEP][PASSED] - click(findTestObject("object_reservation/Page_Paradise 4 Paws  Dog Boarding Cat Boarding Norwalk Pooch Hotel/div_Ares")): Object: 'Object Repository/object_reservation/Page_Paradise 4 Paws  Dog Boarding Cat Boarding Norwalk Pooch Hotel/div_Ares' is clicked on

2019-12-12 05:07:57 - [MESSAGE][PASSED] - Object: 'Object Repository/object_reservation/Page_Paradise 4 Paws  Dog Boarding Cat Boarding Norwalk Pooch Hotel/div_Ares' is clicked on

2019-12-12 05:07:57 - [TEST_STEP][PASSED] - click(findTestObject("object_reservation/div_Zeus")): Object: 'Object Repository/object_reservation/div_Zeus' is clicked on

2019-12-12 05:08:02 - [MESSAGE][PASSED] - Object: 'Object Repository/object_reservation/div_Zeus' is clicked on

2019-12-12 05:08:02 - [TEST_STEP][NOT_RUN] - click(findTestObject("object_reservations/i_Day_fa fa-circle-o ng-scope")): NOT_RUN: click(findTestObject("object_reservations/i_Day_fa fa-circle-o ng-scope"))

2019-12-12 05:08:02 - [MESSAGE][NOT_RUN] - NOT_RUN: click(findTestObject("object_reservations/i_Day_fa fa-circle-o ng-scope"))

2019-12-12 05:08:02 - [TEST_STEP][PASSED] - if (flagBoar == "1" || flagBoar == "2"): Object: 'Object Repository/object_reservation/div_suite_rad_deluxe' is clicked on

2019-12-12 05:08:02 - [TEST_STEP][PASSED] - click(findTestObject("object_reservation/div_suite_rad_deluxe")): Object: 'Object Repository/object_reservation/div_suite_rad_deluxe' is clicked on

2019-12-12 05:08:07 - [MESSAGE][PASSED] - Object: 'Object Repository/object_reservation/div_suite_rad_deluxe' is clicked on

2019-12-12 05:08:07 - [TEST_STEP][PASSED] - click(findTestObject("object_reservation/btn_next2")): Object: 'Object Repository/object_reservation/btn_next2' is clicked on

2019-12-12 05:08:09 - [MESSAGE][PASSED] - Object: 'Object Repository/object_reservation/btn_next2' is clicked on

2019-12-12 05:08:09 - [TEST_STEP][PASSED] - delay(3): Delayed 3 second(s)

2019-12-12 05:08:12 - [MESSAGE][PASSED] - Delayed 3 second(s)

2019-12-12 05:08:12 - [TEST_STEP][PASSED] - if (flagBoar == "1"): Object: 'Object Repository/object_reservation/button_DeclineThisPromo' is clicked on

2019-12-12 05:08:12 - [TEST_STEP][PASSED] - click(findTestObject("object_reservation/button_DeclineThisPromo")): Object: 'Object Repository/object_reservation/button_DeclineThisPromo' is clicked on

2019-12-12 05:08:13 - [MESSAGE][PASSED] - Object: 'Object Repository/object_reservation/button_DeclineThisPromo' is clicked on

2019-12-12 05:08:13 - [TEST_STEP][PASSED] - delay(2): Delayed 2 second(s)

2019-12-12 05:08:15 - [MESSAGE][PASSED] - Delayed 2 second(s)

2019-12-12 05:08:15 - [TEST_STEP][PASSED] - click(findTestObject("object_reservation/btn_next2")): Object: 'Object Repository/object_reservation/btn_next2' is clicked on

2019-12-12 05:08:16 - [MESSAGE][PASSED] - Object: 'Object Repository/object_reservation/btn_next2' is clicked on

2019-12-12 05:08:16 - [TEST_STEP][PASSED] - click(findTestObject("object_reservation/button_Submit Reservation")): Object: 'Object Repository/object_reservation/button_Submit Reservation' is clicked on

2019-12-12 05:08:18 - [MESSAGE][PASSED] - Object: 'Object Repository/object_reservation/button_Submit Reservation' is clicked on

2019-12-12 05:08:18 - [TEST_STEP][PASSED] - delay(2): Delayed 2 second(s)

2019-12-12 05:08:20 - [MESSAGE][PASSED] - Delayed 2 second(s)

2019-12-12 05:08:20 - [TEST_STEP][PASSED] - click(findTestObject("object_reservation/button_Return To Reservation")): Object: 'Object Repository/object_reservation/button_Return To Reservation' is clicked on

2019-12-12 05:08:22 - [MESSAGE][PASSED] - Object: 'Object Repository/object_reservation/button_Return To Reservation' is clicked on

2019-12-12 05:08:22 - [TEST_STEP][PASSED] - delay(4): Delayed 4 second(s)

2019-12-12 05:08:26 - [MESSAGE][PASSED] - Delayed 4 second(s)]]></system-out>
         <system-err><![CDATA[]]></system-err>
      </testcase>
      <testcase name="Test Cases/p4p_newReservation" time="82.111" classname="Test Cases/p4p_newReservation" status="PASSED">
         <system-out><![CDATA[2019-12-12 05:08:26 - [TEST_CASE][PASSED] - Test Cases/p4p_newReservation: Test Cases/p4p_newReservation

2019-12-12 05:08:26 - [TEST_STEP][PASSED] - openBrowser("https://p4p-qa-bg.aws.paradise4paws.com/login/"): Browser is opened with url: 'https://p4p-qa-bg.aws.paradise4paws.com/login/'

2019-12-12 05:08:26 - [MESSAGE][WARNING] - A browser is already opened. Closing browser and opening a new one

2019-12-12 05:08:30 - [MESSAGE][INFO] - Starting 'Firefox' driver

2019-12-12 05:08:36 - [MESSAGE][PASSED] - Browser is opened with url: 'https://p4p-qa-bg.aws.paradise4paws.com/login/'

2019-12-12 05:08:36 - [TEST_STEP][PASSED] - setText(findTestObject("object_login/input_user"), var_user): Text 'jegchavez@gmail.com' is set on object 'Object Repository/object_login/input_user'

2019-12-12 05:08:37 - [MESSAGE][PASSED] - Text 'jegchavez@gmail.com' is set on object 'Object Repository/object_login/input_user'

2019-12-12 05:08:37 - [TEST_STEP][PASSED] - setText(findTestObject("object_login/input_pass"), var_pass): Text 'admin1' is set on object 'Object Repository/object_login/input_pass'

2019-12-12 05:08:37 - [MESSAGE][PASSED] - Text 'admin1' is set on object 'Object Repository/object_login/input_pass'

2019-12-12 05:08:37 - [TEST_STEP][PASSED] - delay(2): Delayed 2 second(s)

2019-12-12 05:08:39 - [MESSAGE][PASSED] - Delayed 2 second(s)

2019-12-12 05:08:39 - [TEST_STEP][PASSED] - verifyElementClickable(findTestObject("object_login/btn_login")): Object 'Object Repository/object_login/btn_login' is clickable

2019-12-12 05:08:40 - [MESSAGE][PASSED] - Object 'Object Repository/object_login/btn_login' is clickable

2019-12-12 05:08:40 - [TEST_STEP][PASSED] - click(findTestObject("object_login/btn_login")): Object: 'Object Repository/object_login/btn_login' is clicked on

2019-12-12 05:08:43 - [MESSAGE][PASSED] - Object: 'Object Repository/object_login/btn_login' is clicked on

2019-12-12 05:08:43 - [TEST_STEP][PASSED] - delay(2): Delayed 2 second(s)

2019-12-12 05:08:45 - [MESSAGE][PASSED] - Delayed 2 second(s)

2019-12-12 05:08:45 - [TEST_STEP][PASSED] - setText(findTestObject("object_dashboard_emp/input_search"), var_searchParent): Text 'leongarzagarza@hotmail.com' is set on object 'Object Repository/object_dashboard_emp/input_search'

2019-12-12 05:08:45 - [MESSAGE][PASSED] - Text 'leongarzagarza@hotmail.com' is set on object 'Object Repository/object_dashboard_emp/input_search'

2019-12-12 05:08:45 - [TEST_STEP][PASSED] - click(findTestObject("object_dashboard_emp/btn_accountSearch")): Object: 'Object Repository/object_dashboard_emp/btn_accountSearch' is clicked on

2019-12-12 05:08:46 - [MESSAGE][PASSED] - Object: 'Object Repository/object_dashboard_emp/btn_accountSearch' is clicked on

2019-12-12 05:08:46 - [TEST_STEP][PASSED] - delay(2): Delayed 2 second(s)

2019-12-12 05:08:48 - [MESSAGE][PASSED] - Delayed 2 second(s)

2019-12-12 05:08:48 - [TEST_STEP][PASSED] - click(findTestObject("object_accountInformation/a_TEST GABRIEL PROD")): Object: 'Object Repository/object_accountInformation/a_TEST GABRIEL PROD' is clicked on

2019-12-12 05:08:50 - [MESSAGE][PASSED] - Object: 'Object Repository/object_accountInformation/a_TEST GABRIEL PROD' is clicked on

2019-12-12 05:08:50 - [TEST_STEP][PASSED] - delay(2): Delayed 2 second(s)

2019-12-12 05:08:52 - [MESSAGE][PASSED] - Delayed 2 second(s)

2019-12-12 05:08:52 - [TEST_STEP][PASSED] - click(findTestObject("object_profile/a_addReservation")): Object: 'Object Repository/object_profile/a_addReservation' is clicked on

2019-12-12 05:08:54 - [MESSAGE][PASSED] - Object: 'Object Repository/object_profile/a_addReservation' is clicked on

2019-12-12 05:08:54 - [TEST_STEP][PASSED] - delay(2): Delayed 2 second(s)

2019-12-12 05:08:56 - [MESSAGE][PASSED] - Delayed 2 second(s)

2019-12-12 05:08:56 - [TEST_STEP][PASSED] - flagBoar = "0": null

2019-12-12 05:08:56 - [TEST_STEP][PASSED] - log = new com.kms.katalon.core.logging.KeywordLogger(): null

2019-12-12 05:08:56 - [TEST_STEP][PASSED] - log.logInfo(var_typeReserveation): Boarding

2019-12-12 05:08:56 - [MESSAGE][INFO] - Boarding

2019-12-12 05:08:56 - [TEST_STEP][PASSED] - if (var_typeReserveation == "Boarding"): null

2019-12-12 05:08:56 - [TEST_STEP][PASSED] - click(findTestObject("object_reservation/btn_Boarding")): Object: 'Object Repository/object_reservation/btn_Boarding' is clicked on

2019-12-12 05:08:56 - [MESSAGE][PASSED] - Object: 'Object Repository/object_reservation/btn_Boarding' is clicked on

2019-12-12 05:08:56 - [TEST_STEP][PASSED] - flagBoar = "1": null

2019-12-12 05:08:56 - [TEST_STEP][PASSED] - click(findTestObject("object_reservation/i_location")): Object: 'Object Repository/object_reservation/i_location' is clicked on

2019-12-12 05:08:59 - [MESSAGE][PASSED] - Object: 'Object Repository/object_reservation/i_location' is clicked on

2019-12-12 05:08:59 - [TEST_STEP][PASSED] - switch (var_idFacility): null

2019-12-12 05:08:59 - [TEST_STEP][PASSED] - dateCI = var_checkinD.split(","): null

2019-12-12 05:08:59 - [TEST_STEP][PASSED] - dateCO = var_checkoutD.split(","): null

2019-12-12 05:08:59 - [TEST_STEP][PASSED] - arryPets = var_pets.split(","): null

2019-12-12 05:08:59 - [TEST_STEP][PASSED] - delay(2): Delayed 2 second(s)

2019-12-12 05:09:01 - [MESSAGE][PASSED] - Delayed 2 second(s)

2019-12-12 05:09:01 - [TEST_STEP][PASSED] - click(findTestObject("object_reservation/dateCheckIn")): Object: 'Object Repository/object_reservation/dateCheckIn' is clicked on

2019-12-12 05:09:02 - [MESSAGE][PASSED] - Object: 'Object Repository/object_reservation/dateCheckIn' is clicked on

2019-12-12 05:09:02 - [TEST_STEP][PASSED] - switch (dateCI[0]): null

2019-12-12 05:09:02 - [TEST_STEP][PASSED] - case "5":: null

2019-12-12 05:09:02 - [TEST_STEP][PASSED] - click(findTestObject("Page_Paradise 4 Paws  Dog Boarding Cat Boarding Norwalk Pooch Hotel/button_05_ci")): Object: 'Object Repository/Page_Paradise 4 Paws  Dog Boarding Cat Boarding Norwalk Pooch Hotel/button_05_ci' is clicked on

2019-12-12 05:09:02 - [MESSAGE][PASSED] - Object: 'Object Repository/Page_Paradise 4 Paws  Dog Boarding Cat Boarding Norwalk Pooch Hotel/button_05_ci' is clicked on

2019-12-12 05:09:02 - [TEST_STEP][PASSED] - break: null

2019-12-12 05:09:02 - [TEST_STEP][PASSED] - log.logInfo("PRUEBA FLAG"): PRUEBA FLAG

2019-12-12 05:09:02 - [MESSAGE][INFO] - PRUEBA FLAG

2019-12-12 05:09:02 - [TEST_STEP][PASSED] - log.logInfo(flagBoar): 1

2019-12-12 05:09:03 - [MESSAGE][INFO] - 1

2019-12-12 05:09:03 - [TEST_STEP][PASSED] - if (flagBoar == "1"): null

2019-12-12 05:09:03 - [TEST_STEP][PASSED] - click(findTestObject("object_reservation/dateCheckOut")): Object: 'Object Repository/object_reservation/dateCheckOut' is clicked on

2019-12-12 05:09:03 - [MESSAGE][PASSED] - Object: 'Object Repository/object_reservation/dateCheckOut' is clicked on

2019-12-12 05:09:03 - [TEST_STEP][PASSED] - log.logInfo(dateCO[0]): 6

2019-12-12 05:09:03 - [MESSAGE][INFO] - 6

2019-12-12 05:09:03 - [TEST_STEP][PASSED] - switch (dateCO[0]): null

2019-12-12 05:09:03 - [TEST_STEP][PASSED] - case "6":: null

2019-12-12 05:09:03 - [TEST_STEP][PASSED] - click(findTestObject("Page_Paradise 4 Paws  Dog Boarding Cat Boarding Norwalk Pooch Hotel/button_06_co")): Object: 'Object Repository/Page_Paradise 4 Paws  Dog Boarding Cat Boarding Norwalk Pooch Hotel/button_06_co' is clicked on

2019-12-12 05:09:04 - [MESSAGE][PASSED] - Object: 'Object Repository/Page_Paradise 4 Paws  Dog Boarding Cat Boarding Norwalk Pooch Hotel/button_06_co' is clicked on

2019-12-12 05:09:04 - [TEST_STEP][PASSED] - break: null

2019-12-12 05:09:04 - [TEST_STEP][NOT_RUN] - click(findTestObject("object_reservationCalendar/CO_close")): NOT_RUN: click(findTestObject("object_reservationCalendar/CO_close"))

2019-12-12 05:09:04 - [MESSAGE][NOT_RUN] - NOT_RUN: click(findTestObject("object_reservationCalendar/CO_close"))

2019-12-12 05:09:04 - [TEST_STEP][PASSED] - click(findTestObject("object_reservation/timeCheckin")): Object: 'Object Repository/object_reservation/timeCheckin' is clicked on

2019-12-12 05:09:05 - [MESSAGE][PASSED] - Object: 'Object Repository/object_reservation/timeCheckin' is clicked on

2019-12-12 05:09:05 - [TEST_STEP][PASSED] - log.logInfo("test timePicker"): test timePicker

2019-12-12 05:09:05 - [MESSAGE][INFO] - test timePicker

2019-12-12 05:09:05 - [TEST_STEP][PASSED] - switch (var_checkinT): null

2019-12-12 05:09:05 - [TEST_STEP][PASSED] - case "800":: null

2019-12-12 05:09:05 - [TEST_STEP][PASSED] - click(findTestObject("Page_Paradise 4 Paws  Dog Boarding Cat Boarding Norwalk Pooch Hotel/time_800am_ci")): Object: 'Object Repository/Page_Paradise 4 Paws  Dog Boarding Cat Boarding Norwalk Pooch Hotel/time_800am_ci' is clicked on

2019-12-12 05:09:05 - [MESSAGE][PASSED] - Object: 'Object Repository/Page_Paradise 4 Paws  Dog Boarding Cat Boarding Norwalk Pooch Hotel/time_800am_ci' is clicked on

2019-12-12 05:09:05 - [TEST_STEP][PASSED] - break: null

2019-12-12 05:09:05 - [TEST_STEP][PASSED] - click(findTestObject("object_reservation/timeCheckOut")): Object: 'Object Repository/object_reservation/timeCheckOut' is clicked on

2019-12-12 05:09:06 - [MESSAGE][PASSED] - Object: 'Object Repository/object_reservation/timeCheckOut' is clicked on

2019-12-12 05:09:06 - [TEST_STEP][PASSED] - switch (var_checkoutT): null

2019-12-12 05:09:06 - [TEST_STEP][PASSED] - case "1200":: null

2019-12-12 05:09:06 - [TEST_STEP][PASSED] - log.logInfo("test 1200"): test 1200

2019-12-12 05:09:06 - [MESSAGE][INFO] - test 1200

2019-12-12 05:09:06 - [TEST_STEP][PASSED] - click(findTestObject("Page_Paradise 4 Paws  Dog Boarding Cat Boarding Norwalk Pooch Hotel/time_1200pm_co")): Object: 'Object Repository/Page_Paradise 4 Paws  Dog Boarding Cat Boarding Norwalk Pooch Hotel/time_1200pm_co' is clicked on

2019-12-12 05:09:07 - [MESSAGE][PASSED] - Object: 'Object Repository/Page_Paradise 4 Paws  Dog Boarding Cat Boarding Norwalk Pooch Hotel/time_1200pm_co' is clicked on

2019-12-12 05:09:07 - [TEST_STEP][PASSED] - break: null

2019-12-12 05:09:07 - [TEST_STEP][PASSED] - delay(2): Delayed 2 second(s)

2019-12-12 05:09:09 - [MESSAGE][PASSED] - Delayed 2 second(s)

2019-12-12 05:09:09 - [TEST_STEP][PASSED] - log.logInfo("-- ANTES REPEATING --"): -- ANTES REPEATING --

2019-12-12 05:09:09 - [MESSAGE][INFO] - -- ANTES REPEATING --

2019-12-12 05:09:09 - [TEST_STEP][PASSED] - if (var_repeting == "Y"): null

2019-12-12 05:09:09 - [TEST_STEP][PASSED] - log.logInfo(var_pets): Ares,Poseidon,Zeus

2019-12-12 05:09:09 - [MESSAGE][INFO] - Ares,Poseidon,Zeus

2019-12-12 05:09:09 - [TEST_STEP][PASSED] - if (arryPets.size() == 1): null

2019-12-12 05:09:09 - [TEST_STEP][PASSED] - else if (arryPets.size() == 2): null

2019-12-12 05:09:09 - [TEST_STEP][PASSED] - else if (arryPets.size() == 3): Object: 'Object Repository/object_reservation/div_Athena' is clicked on

2019-12-12 05:09:09 - [TEST_STEP][PASSED] - click(findTestObject("object_reservation/Page_Paradise 4 Paws  Dog Boarding Cat Boarding Norwalk Pooch Hotel/div_Ares")): Object: 'Object Repository/object_reservation/Page_Paradise 4 Paws  Dog Boarding Cat Boarding Norwalk Pooch Hotel/div_Ares' is clicked on

2019-12-12 05:09:10 - [MESSAGE][PASSED] - Object: 'Object Repository/object_reservation/Page_Paradise 4 Paws  Dog Boarding Cat Boarding Norwalk Pooch Hotel/div_Ares' is clicked on

2019-12-12 05:09:10 - [TEST_STEP][PASSED] - click(findTestObject("object_reservation/div_Zeus")): Object: 'Object Repository/object_reservation/div_Zeus' is clicked on

2019-12-12 05:09:16 - [MESSAGE][PASSED] - Object: 'Object Repository/object_reservation/div_Zeus' is clicked on

2019-12-12 05:09:16 - [TEST_STEP][PASSED] - click(findTestObject("object_reservation/div_Athena")): Object: 'Object Repository/object_reservation/div_Athena' is clicked on

2019-12-12 05:09:21 - [MESSAGE][PASSED] - Object: 'Object Repository/object_reservation/div_Athena' is clicked on

2019-12-12 05:09:21 - [TEST_STEP][NOT_RUN] - click(findTestObject("object_reservations/i_Day_fa fa-circle-o ng-scope")): NOT_RUN: click(findTestObject("object_reservations/i_Day_fa fa-circle-o ng-scope"))

2019-12-12 05:09:21 - [MESSAGE][NOT_RUN] - NOT_RUN: click(findTestObject("object_reservations/i_Day_fa fa-circle-o ng-scope"))

2019-12-12 05:09:21 - [TEST_STEP][PASSED] - if (flagBoar == "1" || flagBoar == "2"): Object: 'Object Repository/object_reservation/div_suite_rad_deluxe' is clicked on

2019-12-12 05:09:21 - [TEST_STEP][PASSED] - click(findTestObject("object_reservation/div_suite_rad_deluxe")): Object: 'Object Repository/object_reservation/div_suite_rad_deluxe' is clicked on

2019-12-12 05:09:25 - [MESSAGE][PASSED] - Object: 'Object Repository/object_reservation/div_suite_rad_deluxe' is clicked on

2019-12-12 05:09:25 - [TEST_STEP][PASSED] - click(findTestObject("object_reservation/btn_next2")): Object: 'Object Repository/object_reservation/btn_next2' is clicked on

2019-12-12 05:09:29 - [MESSAGE][PASSED] - Object: 'Object Repository/object_reservation/btn_next2' is clicked on

2019-12-12 05:09:29 - [TEST_STEP][PASSED] - delay(3): Delayed 3 second(s)

2019-12-12 05:09:32 - [MESSAGE][PASSED] - Delayed 3 second(s)

2019-12-12 05:09:32 - [TEST_STEP][PASSED] - if (flagBoar == "1"): Object: 'Object Repository/object_reservation/button_DeclineThisPromo' is clicked on

2019-12-12 05:09:32 - [TEST_STEP][PASSED] - click(findTestObject("object_reservation/button_DeclineThisPromo")): Object: 'Object Repository/object_reservation/button_DeclineThisPromo' is clicked on

2019-12-12 05:09:32 - [MESSAGE][PASSED] - Object: 'Object Repository/object_reservation/button_DeclineThisPromo' is clicked on

2019-12-12 05:09:32 - [TEST_STEP][PASSED] - delay(2): Delayed 2 second(s)

2019-12-12 05:09:34 - [MESSAGE][PASSED] - Delayed 2 second(s)

2019-12-12 05:09:34 - [TEST_STEP][PASSED] - click(findTestObject("object_reservation/btn_next2")): Object: 'Object Repository/object_reservation/btn_next2' is clicked on

2019-12-12 05:09:35 - [MESSAGE][PASSED] - Object: 'Object Repository/object_reservation/btn_next2' is clicked on

2019-12-12 05:09:35 - [TEST_STEP][PASSED] - click(findTestObject("object_reservation/button_Submit Reservation")): Object: 'Object Repository/object_reservation/button_Submit Reservation' is clicked on

2019-12-12 05:09:37 - [MESSAGE][PASSED] - Object: 'Object Repository/object_reservation/button_Submit Reservation' is clicked on

2019-12-12 05:09:37 - [TEST_STEP][PASSED] - delay(2): Delayed 2 second(s)

2019-12-12 05:09:39 - [MESSAGE][PASSED] - Delayed 2 second(s)

2019-12-12 05:09:39 - [TEST_STEP][PASSED] - click(findTestObject("object_reservation/button_Return To Reservation")): Object: 'Object Repository/object_reservation/button_Return To Reservation' is clicked on

2019-12-12 05:09:44 - [MESSAGE][PASSED] - Object: 'Object Repository/object_reservation/button_Return To Reservation' is clicked on

2019-12-12 05:09:44 - [TEST_STEP][PASSED] - delay(4): Delayed 4 second(s)

2019-12-12 05:09:48 - [MESSAGE][PASSED] - Delayed 4 second(s)]]></system-out>
         <system-err><![CDATA[]]></system-err>
      </testcase>
      <system-out><![CDATA[2019-12-12 05:06:11 - [TEST_SUITE][PASSED] - ts_newReservationBoarding: Test Cases/p4p_newReservation]]></system-out>
      <system-err><![CDATA[]]></system-err>
   </testsuite>
</testsuites>
