<?xml version="1.0" encoding="UTF-8"?>
<testsuites name="ts_resBoarding" time="72.331" tests="4" failures="1" errors="0">
   <testsuite name="ts_resBoarding" tests="4" failures="1" errors="0" time="72.331" timestamp="2019-11-19 10:47:32" hostname="leonardo-arkusmty - leonardoarkusmty-Inspiron-5577" id="Test Suites/ts_resBoarding">
      <properties>
         <property name="deviceName" value=""/>
         <property name="devicePlatform" value=""/>
         <property name="logFolder" value="/home/leonardo-arkusmty/Documents/workspaceKatalon/p4ptest/Reports/20191119_104731/ts_resBoarding/20191119_104731"/>
         <property name="logFiles" value="/home/leonardo-arkusmty/Documents/workspaceKatalon/p4ptest/Reports/20191119_104731/ts_resBoarding/20191119_104731/execution0.log"/>
         <property name="attachments" value="/home/leonardo-arkusmty/Documents/workspaceKatalon/p4ptest/Reports/20191119_104731/ts_resBoarding/20191119_104731/1574182124275.png"/>
         <property name="hostName" value="leonardo-arkusmty - leonardoarkusmty-Inspiron-5577"/>
         <property name="os" value="Linux 64bit"/>
         <property name="katalonVersion" value="7.0.8.1"/>
         <property name="browser" value="Firefox 70.0"/>
         <property name="hostAddress" value="127.0.1.1"/>
         <property name="sessionId" value="a8435e0d-aa61-4e29-99ea-6ea264ff5750"/>
         <property name="seleniumVersion" value="3.141.59"/>
         <property name="proxyInformation" value="ProxyInformation{proxyOption=NO_PROXY, proxyServerType=HTTP, password=, proxyServerAddress=, proxyServerPort=0}"/>
         <property name="platform" value="Linux"/>
      </properties>
      <testcase name="Test Cases/p4p_login" time="10.644" classname="Test Cases/p4p_login" status="PASSED">
         <system-out><![CDATA[2019-11-19 10:47:32 - [TEST_CASE][PASSED] - Test Cases/p4p_login: Test Cases/p4p_login

2019-11-19 10:47:33 - [TEST_STEP][PASSED] - openBrowser(""): Browser is opened with url: ''

2019-11-19 10:47:33 - [MESSAGE][INFO] - Starting 'Firefox' driver

2019-11-19 10:47:33 - [MESSAGE][INFO] - Action delay is set to 0 seconds

2019-11-19 10:47:35 - [MESSAGE][PASSED] - Browser is opened with url: ''

2019-11-19 10:47:35 - [TEST_STEP][PASSED] - navigateToUrl("https://p4p-qa-bg.aws.paradise4paws.com/login/?next=/"): Navigate to 'https://p4p-qa-bg.aws.paradise4paws.com/login/?next=/' successfully

2019-11-19 10:47:38 - [MESSAGE][PASSED] - Navigate to 'https://p4p-qa-bg.aws.paradise4paws.com/login/?next=/' successfully

2019-11-19 10:47:38 - [TEST_STEP][PASSED] - setText(findTestObject("object_login/input_user"), var_user): Text 'jesgchavez@gmail.com' is set on object 'Object Repository/object_login/input_user'

2019-11-19 10:47:39 - [MESSAGE][PASSED] - Text 'jesgchavez@gmail.com' is set on object 'Object Repository/object_login/input_user'

2019-11-19 10:47:39 - [TEST_STEP][PASSED] - setText(findTestObject("object_login/input_pass"), var_pass): Text 'admin1' is set on object 'Object Repository/object_login/input_pass'

2019-11-19 10:47:39 - [MESSAGE][PASSED] - Text 'admin1' is set on object 'Object Repository/object_login/input_pass'

2019-11-19 10:47:39 - [TEST_STEP][PASSED] - delay(3): Delayed 3 second(s)

2019-11-19 10:47:42 - [MESSAGE][PASSED] - Delayed 3 second(s)

2019-11-19 10:47:42 - [TEST_STEP][PASSED] - verifyElementClickable(findTestObject("object_login/btn_login")): Object 'Object Repository/object_login/btn_login' is clickable

2019-11-19 10:47:42 - [MESSAGE][PASSED] - Object 'Object Repository/object_login/btn_login' is clickable

2019-11-19 10:47:42 - [TEST_STEP][PASSED] - click(findTestObject("object_login/btn_login")): Object: 'Object Repository/object_login/btn_login' is clicked on

2019-11-19 10:47:43 - [MESSAGE][PASSED] - Object: 'Object Repository/object_login/btn_login' is clicked on]]></system-out>
         <system-err><![CDATA[]]></system-err>
      </testcase>
      <testcase name="Test Cases/p4p_login" time="13.838" classname="Test Cases/p4p_login" status="PASSED">
         <system-out><![CDATA[2019-11-19 10:47:43 - [TEST_CASE][PASSED] - Test Cases/p4p_login: Test Cases/p4p_login

2019-11-19 10:47:43 - [TEST_STEP][PASSED] - openBrowser(""): Browser is opened with url: ''

2019-11-19 10:47:43 - [MESSAGE][WARNING] - A browser is already opened. Closing browser and opening a new one

2019-11-19 10:47:48 - [MESSAGE][INFO] - Starting 'Firefox' driver

2019-11-19 10:47:50 - [MESSAGE][PASSED] - Browser is opened with url: ''

2019-11-19 10:47:50 - [TEST_STEP][PASSED] - navigateToUrl("https://p4p-qa-bg.aws.paradise4paws.com/login/?next=/"): Navigate to 'https://p4p-qa-bg.aws.paradise4paws.com/login/?next=/' successfully

2019-11-19 10:47:51 - [MESSAGE][PASSED] - Navigate to 'https://p4p-qa-bg.aws.paradise4paws.com/login/?next=/' successfully

2019-11-19 10:47:51 - [TEST_STEP][PASSED] - setText(findTestObject("object_login/input_user"), var_user): Text 'dgarcia@arkusnexus.com' is set on object 'Object Repository/object_login/input_user'

2019-11-19 10:47:52 - [MESSAGE][PASSED] - Text 'dgarcia@arkusnexus.com' is set on object 'Object Repository/object_login/input_user'

2019-11-19 10:47:52 - [TEST_STEP][PASSED] - setText(findTestObject("object_login/input_pass"), var_pass): Text 'P4padmin' is set on object 'Object Repository/object_login/input_pass'

2019-11-19 10:47:52 - [MESSAGE][PASSED] - Text 'P4padmin' is set on object 'Object Repository/object_login/input_pass'

2019-11-19 10:47:52 - [TEST_STEP][PASSED] - delay(3): Delayed 3 second(s)

2019-11-19 10:47:55 - [MESSAGE][PASSED] - Delayed 3 second(s)

2019-11-19 10:47:55 - [TEST_STEP][PASSED] - verifyElementClickable(findTestObject("object_login/btn_login")): Object 'Object Repository/object_login/btn_login' is clickable

2019-11-19 10:47:56 - [MESSAGE][PASSED] - Object 'Object Repository/object_login/btn_login' is clickable

2019-11-19 10:47:56 - [TEST_STEP][PASSED] - click(findTestObject("object_login/btn_login")): Object: 'Object Repository/object_login/btn_login' is clicked on

2019-11-19 10:47:57 - [MESSAGE][PASSED] - Object: 'Object Repository/object_login/btn_login' is clicked on]]></system-out>
         <system-err><![CDATA[]]></system-err>
      </testcase>
      <testcase name="Test Cases/p4p_urlProfile" time="0.765" classname="Test Cases/p4p_urlProfile" status="PASSED">
         <system-out><![CDATA[2019-11-19 10:47:57 - [TEST_CASE][PASSED] - Test Cases/p4p_urlProfile: Test Cases/p4p_urlProfile

2019-11-19 10:47:57 - [TEST_STEP][PASSED] - navigateToUrl("https://p4p-qa-bg.aws.paradise4paws.com/accounts/profile/#/parents/97779/"): Navigate to 'https://p4p-qa-bg.aws.paradise4paws.com/accounts/profile/#/parents/97779/' successfully

2019-11-19 10:47:58 - [MESSAGE][PASSED] - Navigate to 'https://p4p-qa-bg.aws.paradise4paws.com/accounts/profile/#/parents/97779/' successfully]]></system-out>
         <system-err><![CDATA[]]></system-err>
      </testcase>
      <testcase name="Test Cases/p4p_profile_boa" time="46.27" classname="Test Cases/p4p_profile_boa" status="FAILED">
         <failure type="FAILED" message="Test Cases/p4p_profile_boa FAILED.
Reason:
com.kms.katalon.core.exception.StepFailedException: Unable to submit the form containing object 'Object Repository/object_profile/a_createInvoice'
	at com.kms.katalon.core.webui.keyword.internal.WebUIKeywordMain.stepFailed(WebUIKeywordMain.groovy:64)
	at com.kms.katalon.core.webui.keyword.internal.WebUIKeywordMain.runKeyword(WebUIKeywordMain.groovy:26)
	at com.kms.katalon.core.webui.keyword.builtin.SubmitKeyword.submit(SubmitKeyword.groovy:86)
	at com.kms.katalon.core.webui.keyword.builtin.SubmitKeyword.execute(SubmitKeyword.groovy:67)
	at com.kms.katalon.core.keyword.internal.KeywordExecutor.executeKeywordForPlatform(KeywordExecutor.groovy:60)
	at com.kms.katalon.core.webui.keyword.WebUiBuiltInKeywords.submit(WebUiBuiltInKeywords.groovy:672)
	at com.kms.katalon.core.webui.keyword.WebUiBuiltInKeywords$submit$4.call(Unknown Source)
	at p4p_profile_boa.run(p4p_profile_boa:23)
	at com.kms.katalon.core.main.ScriptEngine.run(ScriptEngine.java:194)
	at com.kms.katalon.core.main.ScriptEngine.runScriptAsRawText(ScriptEngine.java:119)
	at com.kms.katalon.core.main.TestCaseExecutor.runScript(TestCaseExecutor.java:337)
	at com.kms.katalon.core.main.TestCaseExecutor.doExecute(TestCaseExecutor.java:328)
	at com.kms.katalon.core.main.TestCaseExecutor.processExecutionPhase(TestCaseExecutor.java:307)
	at com.kms.katalon.core.main.TestCaseExecutor.accessMainPhase(TestCaseExecutor.java:299)
	at com.kms.katalon.core.main.TestCaseExecutor.execute(TestCaseExecutor.java:233)
	at com.kms.katalon.core.main.TestSuiteExecutor.accessTestCaseMainPhase(TestSuiteExecutor.java:169)
	at com.kms.katalon.core.main.TestSuiteExecutor.accessTestSuiteMainPhase(TestSuiteExecutor.java:142)
	at com.kms.katalon.core.main.TestSuiteExecutor.execute(TestSuiteExecutor.java:91)
	at com.kms.katalon.core.main.TestCaseMain.startTestSuite(TestCaseMain.java:157)
	at com.kms.katalon.core.main.TestCaseMain$startTestSuite$0.call(Unknown Source)
	at TempTestSuite1574182051097.run(TempTestSuite1574182051097.groovy:36)
Caused by: com.kms.katalon.core.webui.exception.WebElementNotFoundException: Web element with id: 'Object Repository/object_profile/a_createInvoice' located by 'By.xpath: //div[@id='wrapper']/div/div/div/header/div/div/div[2]/a[3]' not found
	at com.kms.katalon.core.webui.common.WebUiCommonHelper.findWebElement(WebUiCommonHelper.java:1113)
	at com.kms.katalon.core.webui.keyword.internal.WebUIAbstractKeyword.findWebElement(WebUIAbstractKeyword.groovy:27)
	at com.kms.katalon.core.webui.keyword.internal.WebUIAbstractKeyword.findWebElement(WebUIAbstractKeyword.groovy:26)
	at com.kms.katalon.core.webui.keyword.builtin.SubmitKeyword$_submit_closure1.doCall(SubmitKeyword.groovy:77)
	at com.kms.katalon.core.webui.keyword.builtin.SubmitKeyword$_submit_closure1.call(SubmitKeyword.groovy)
	at com.kms.katalon.core.webui.keyword.internal.WebUIKeywordMain.runKeyword(WebUIKeywordMain.groovy:20)
	... 19 more
"/>
         <system-out><![CDATA[2019-11-19 10:47:58 - [TEST_CASE][FAILED] - Test Cases/p4p_profile_boa: Test Cases/p4p_profile_boa FAILED.
Reason:
com.kms.katalon.core.exception.StepFailedException: Unable to submit the form containing object 'Object Repository/object_profile/a_createInvoice'
	at com.kms.katalon.core.webui.keyword.internal.WebUIKeywordMain.stepFailed(WebUIKeywordMain.groovy:64)
	at com.kms.katalon.core.webui.keyword.internal.WebUIKeywordMain.runKeyword(WebUIKeywordMain.groovy:26)
	at com.kms.katalon.core.webui.keyword.builtin.SubmitKeyword.submit(SubmitKeyword.groovy:86)
	at com.kms.katalon.core.webui.keyword.builtin.SubmitKeyword.execute(SubmitKeyword.groovy:67)
	at com.kms.katalon.core.keyword.internal.KeywordExecutor.executeKeywordForPlatform(KeywordExecutor.groovy:60)
	at com.kms.katalon.core.webui.keyword.WebUiBuiltInKeywords.submit(WebUiBuiltInKeywords.groovy:672)
	at com.kms.katalon.core.webui.keyword.WebUiBuiltInKeywords$submit$4.call(Unknown Source)
	at p4p_profile_boa.run(p4p_profile_boa:23)
	at com.kms.katalon.core.main.ScriptEngine.run(ScriptEngine.java:194)
	at com.kms.katalon.core.main.ScriptEngine.runScriptAsRawText(ScriptEngine.java:119)
	at com.kms.katalon.core.main.TestCaseExecutor.runScript(TestCaseExecutor.java:337)
	at com.kms.katalon.core.main.TestCaseExecutor.doExecute(TestCaseExecutor.java:328)
	at com.kms.katalon.core.main.TestCaseExecutor.processExecutionPhase(TestCaseExecutor.java:307)
	at com.kms.katalon.core.main.TestCaseExecutor.accessMainPhase(TestCaseExecutor.java:299)
	at com.kms.katalon.core.main.TestCaseExecutor.execute(TestCaseExecutor.java:233)
	at com.kms.katalon.core.main.TestSuiteExecutor.accessTestCaseMainPhase(TestSuiteExecutor.java:169)
	at com.kms.katalon.core.main.TestSuiteExecutor.accessTestSuiteMainPhase(TestSuiteExecutor.java:142)
	at com.kms.katalon.core.main.TestSuiteExecutor.execute(TestSuiteExecutor.java:91)
	at com.kms.katalon.core.main.TestCaseMain.startTestSuite(TestCaseMain.java:157)
	at com.kms.katalon.core.main.TestCaseMain$startTestSuite$0.call(Unknown Source)
	at TempTestSuite1574182051097.run(TempTestSuite1574182051097.groovy:36)
Caused by: com.kms.katalon.core.webui.exception.WebElementNotFoundException: Web element with id: 'Object Repository/object_profile/a_createInvoice' located by 'By.xpath: //div[@id='wrapper']/div/div/div/header/div/div/div[2]/a[3]' not found
	at com.kms.katalon.core.webui.common.WebUiCommonHelper.findWebElement(WebUiCommonHelper.java:1113)
	at com.kms.katalon.core.webui.keyword.internal.WebUIAbstractKeyword.findWebElement(WebUIAbstractKeyword.groovy:27)
	at com.kms.katalon.core.webui.keyword.internal.WebUIAbstractKeyword.findWebElement(WebUIAbstractKeyword.groovy:26)
	at com.kms.katalon.core.webui.keyword.builtin.SubmitKeyword$_submit_closure1.doCall(SubmitKeyword.groovy:77)
	at com.kms.katalon.core.webui.keyword.builtin.SubmitKeyword$_submit_closure1.call(SubmitKeyword.groovy)
	at com.kms.katalon.core.webui.keyword.internal.WebUIKeywordMain.runKeyword(WebUIKeywordMain.groovy:20)
	... 19 more


2019-11-19 10:47:58 - [TEST_STEP][PASSED] - navigateToUrl("https://p4p-qa-bg.aws.paradise4paws.com/accounts/profile/#/reservations/97779/"): Navigate to 'https://p4p-qa-bg.aws.paradise4paws.com/accounts/profile/#/reservations/97779/' successfully

2019-11-19 10:47:58 - [MESSAGE][PASSED] - Navigate to 'https://p4p-qa-bg.aws.paradise4paws.com/accounts/profile/#/reservations/97779/' successfully

2019-11-19 10:47:58 - [TEST_STEP][PASSED] - delay(2): Delayed 2 second(s)

2019-11-19 10:48:00 - [MESSAGE][PASSED] - Delayed 2 second(s)

2019-11-19 10:48:00 - [TEST_STEP][FAILED] - submit(findTestObject("object_profile/a_createInvoice")): Unable to submit the form containing object 'Object Repository/object_profile/a_createInvoice' (Root cause: com.kms.katalon.core.exception.StepFailedException: Unable to submit the form containing object 'Object Repository/object_profile/a_createInvoice'
	at com.kms.katalon.core.webui.keyword.internal.WebUIKeywordMain.stepFailed(WebUIKeywordMain.groovy:64)
	at com.kms.katalon.core.webui.keyword.internal.WebUIKeywordMain.runKeyword(WebUIKeywordMain.groovy:26)
	at com.kms.katalon.core.webui.keyword.builtin.SubmitKeyword.submit(SubmitKeyword.groovy:86)
	at com.kms.katalon.core.webui.keyword.builtin.SubmitKeyword.execute(SubmitKeyword.groovy:67)
	at com.kms.katalon.core.keyword.internal.KeywordExecutor.executeKeywordForPlatform(KeywordExecutor.groovy:60)
	at com.kms.katalon.core.webui.keyword.WebUiBuiltInKeywords.submit(WebUiBuiltInKeywords.groovy:672)
	at com.kms.katalon.core.webui.keyword.WebUiBuiltInKeywords$submit$4.call(Unknown Source)
	at p4p_profile_boa.run(p4p_profile_boa:23)
	at com.kms.katalon.core.main.ScriptEngine.run(ScriptEngine.java:194)
	at com.kms.katalon.core.main.ScriptEngine.runScriptAsRawText(ScriptEngine.java:119)
	at com.kms.katalon.core.main.TestCaseExecutor.runScript(TestCaseExecutor.java:337)
	at com.kms.katalon.core.main.TestCaseExecutor.doExecute(TestCaseExecutor.java:328)
	at com.kms.katalon.core.main.TestCaseExecutor.processExecutionPhase(TestCaseExecutor.java:307)
	at com.kms.katalon.core.main.TestCaseExecutor.accessMainPhase(TestCaseExecutor.java:299)
	at com.kms.katalon.core.main.TestCaseExecutor.execute(TestCaseExecutor.java:233)
	at com.kms.katalon.core.main.TestSuiteExecutor.accessTestCaseMainPhase(TestSuiteExecutor.java:169)
	at com.kms.katalon.core.main.TestSuiteExecutor.accessTestSuiteMainPhase(TestSuiteExecutor.java:142)
	at com.kms.katalon.core.main.TestSuiteExecutor.execute(TestSuiteExecutor.java:91)
	at com.kms.katalon.core.main.TestCaseMain.startTestSuite(TestCaseMain.java:157)
	at com.kms.katalon.core.main.TestCaseMain$startTestSuite$0.call(Unknown Source)
	at TempTestSuite1574182051097.run(TempTestSuite1574182051097.groovy:36)
Caused by: com.kms.katalon.core.webui.exception.WebElementNotFoundException: Web element with id: 'Object Repository/object_profile/a_createInvoice' located by 'By.xpath: //div[@id='wrapper']/div/div/div/header/div/div/div[2]/a[3]' not found
	at com.kms.katalon.core.webui.common.WebUiCommonHelper.findWebElement(WebUiCommonHelper.java:1113)
	at com.kms.katalon.core.webui.keyword.internal.WebUIAbstractKeyword.findWebElement(WebUIAbstractKeyword.groovy:27)
	at com.kms.katalon.core.webui.keyword.internal.WebUIAbstractKeyword.findWebElement(WebUIAbstractKeyword.groovy:26)
	at com.kms.katalon.core.webui.keyword.builtin.SubmitKeyword$_submit_closure1.doCall(SubmitKeyword.groovy:77)
	at com.kms.katalon.core.webui.keyword.builtin.SubmitKeyword$_submit_closure1.call(SubmitKeyword.groovy)
	at com.kms.katalon.core.webui.keyword.internal.WebUIKeywordMain.runKeyword(WebUIKeywordMain.groovy:20)
	at com.kms.katalon.core.webui.keyword.builtin.SubmitKeyword.submit(SubmitKeyword.groovy:86)
	at com.kms.katalon.core.webui.keyword.builtin.SubmitKeyword.execute(SubmitKeyword.groovy:67)
	at com.kms.katalon.core.keyword.internal.KeywordExecutor.executeKeywordForPlatform(KeywordExecutor.groovy:60)
	at com.kms.katalon.core.webui.keyword.WebUiBuiltInKeywords.submit(WebUiBuiltInKeywords.groovy:672)
	at com.kms.katalon.core.webui.keyword.WebUiBuiltInKeywords$submit$4.call(Unknown Source)
	at Script1573238242328.run(Script1573238242328.groovy:23)
	... 13 more
)

2019-11-19 10:48:44 - [MESSAGE][INFO] - Unable to find the element located by 'By.xpath: //div[@id='wrapper']/div/div/div/header/div/div/div[2]/a[3]'. Please recheck the objects properties to make sure the desired element is located. 

2019-11-19 10:48:44 - [MESSAGE][FAILED] - Unable to submit the form containing object 'Object Repository/object_profile/a_createInvoice' (Root cause: com.kms.katalon.core.exception.StepFailedException: Unable to submit the form containing object 'Object Repository/object_profile/a_createInvoice'
	at com.kms.katalon.core.webui.keyword.internal.WebUIKeywordMain.stepFailed(WebUIKeywordMain.groovy:64)
	at com.kms.katalon.core.webui.keyword.internal.WebUIKeywordMain.runKeyword(WebUIKeywordMain.groovy:26)
	at com.kms.katalon.core.webui.keyword.builtin.SubmitKeyword.submit(SubmitKeyword.groovy:86)
	at com.kms.katalon.core.webui.keyword.builtin.SubmitKeyword.execute(SubmitKeyword.groovy:67)
	at com.kms.katalon.core.keyword.internal.KeywordExecutor.executeKeywordForPlatform(KeywordExecutor.groovy:60)
	at com.kms.katalon.core.webui.keyword.WebUiBuiltInKeywords.submit(WebUiBuiltInKeywords.groovy:672)
	at com.kms.katalon.core.webui.keyword.WebUiBuiltInKeywords$submit$4.call(Unknown Source)
	at p4p_profile_boa.run(p4p_profile_boa:23)
	at com.kms.katalon.core.main.ScriptEngine.run(ScriptEngine.java:194)
	at com.kms.katalon.core.main.ScriptEngine.runScriptAsRawText(ScriptEngine.java:119)
	at com.kms.katalon.core.main.TestCaseExecutor.runScript(TestCaseExecutor.java:337)
	at com.kms.katalon.core.main.TestCaseExecutor.doExecute(TestCaseExecutor.java:328)
	at com.kms.katalon.core.main.TestCaseExecutor.processExecutionPhase(TestCaseExecutor.java:307)
	at com.kms.katalon.core.main.TestCaseExecutor.accessMainPhase(TestCaseExecutor.java:299)
	at com.kms.katalon.core.main.TestCaseExecutor.execute(TestCaseExecutor.java:233)
	at com.kms.katalon.core.main.TestSuiteExecutor.accessTestCaseMainPhase(TestSuiteExecutor.java:169)
	at com.kms.katalon.core.main.TestSuiteExecutor.accessTestSuiteMainPhase(TestSuiteExecutor.java:142)
	at com.kms.katalon.core.main.TestSuiteExecutor.execute(TestSuiteExecutor.java:91)
	at com.kms.katalon.core.main.TestCaseMain.startTestSuite(TestCaseMain.java:157)
	at com.kms.katalon.core.main.TestCaseMain$startTestSuite$0.call(Unknown Source)
	at TempTestSuite1574182051097.run(TempTestSuite1574182051097.groovy:36)
Caused by: com.kms.katalon.core.webui.exception.WebElementNotFoundException: Web element with id: 'Object Repository/object_profile/a_createInvoice' located by 'By.xpath: //div[@id='wrapper']/div/div/div/header/div/div/div[2]/a[3]' not found
	at com.kms.katalon.core.webui.common.WebUiCommonHelper.findWebElement(WebUiCommonHelper.java:1113)
	at com.kms.katalon.core.webui.keyword.internal.WebUIAbstractKeyword.findWebElement(WebUIAbstractKeyword.groovy:27)
	at com.kms.katalon.core.webui.keyword.internal.WebUIAbstractKeyword.findWebElement(WebUIAbstractKeyword.groovy:26)
	at com.kms.katalon.core.webui.keyword.builtin.SubmitKeyword$_submit_closure1.doCall(SubmitKeyword.groovy:77)
	at com.kms.katalon.core.webui.keyword.builtin.SubmitKeyword$_submit_closure1.call(SubmitKeyword.groovy)
	at com.kms.katalon.core.webui.keyword.internal.WebUIKeywordMain.runKeyword(WebUIKeywordMain.groovy:20)
	at com.kms.katalon.core.webui.keyword.builtin.SubmitKeyword.submit(SubmitKeyword.groovy:86)
	at com.kms.katalon.core.webui.keyword.builtin.SubmitKeyword.execute(SubmitKeyword.groovy:67)
	at com.kms.katalon.core.keyword.internal.KeywordExecutor.executeKeywordForPlatform(KeywordExecutor.groovy:60)
	at com.kms.katalon.core.webui.keyword.WebUiBuiltInKeywords.submit(WebUiBuiltInKeywords.groovy:672)
	at com.kms.katalon.core.webui.keyword.WebUiBuiltInKeywords$submit$4.call(Unknown Source)
	at Script1573238242328.run(Script1573238242328.groovy:23)
	... 13 more
)
[[ATTACHMENT|/home/leonardo-arkusmty/Documents/workspaceKatalon/p4ptest/Reports/20191119_104731/ts_resBoarding/20191119_104731/1574182124275.png]]]]></system-out>
         <system-err><![CDATA[2019-11-19 10:47:58 - [TEST_CASE][FAILED] - Test Cases/p4p_profile_boa: Test Cases/p4p_profile_boa FAILED.
Reason:
com.kms.katalon.core.exception.StepFailedException: Unable to submit the form containing object 'Object Repository/object_profile/a_createInvoice'
	at com.kms.katalon.core.webui.keyword.internal.WebUIKeywordMain.stepFailed(WebUIKeywordMain.groovy:64)
	at com.kms.katalon.core.webui.keyword.internal.WebUIKeywordMain.runKeyword(WebUIKeywordMain.groovy:26)
	at com.kms.katalon.core.webui.keyword.builtin.SubmitKeyword.submit(SubmitKeyword.groovy:86)
	at com.kms.katalon.core.webui.keyword.builtin.SubmitKeyword.execute(SubmitKeyword.groovy:67)
	at com.kms.katalon.core.keyword.internal.KeywordExecutor.executeKeywordForPlatform(KeywordExecutor.groovy:60)
	at com.kms.katalon.core.webui.keyword.WebUiBuiltInKeywords.submit(WebUiBuiltInKeywords.groovy:672)
	at com.kms.katalon.core.webui.keyword.WebUiBuiltInKeywords$submit$4.call(Unknown Source)
	at p4p_profile_boa.run(p4p_profile_boa:23)
	at com.kms.katalon.core.main.ScriptEngine.run(ScriptEngine.java:194)
	at com.kms.katalon.core.main.ScriptEngine.runScriptAsRawText(ScriptEngine.java:119)
	at com.kms.katalon.core.main.TestCaseExecutor.runScript(TestCaseExecutor.java:337)
	at com.kms.katalon.core.main.TestCaseExecutor.doExecute(TestCaseExecutor.java:328)
	at com.kms.katalon.core.main.TestCaseExecutor.processExecutionPhase(TestCaseExecutor.java:307)
	at com.kms.katalon.core.main.TestCaseExecutor.accessMainPhase(TestCaseExecutor.java:299)
	at com.kms.katalon.core.main.TestCaseExecutor.execute(TestCaseExecutor.java:233)
	at com.kms.katalon.core.main.TestSuiteExecutor.accessTestCaseMainPhase(TestSuiteExecutor.java:169)
	at com.kms.katalon.core.main.TestSuiteExecutor.accessTestSuiteMainPhase(TestSuiteExecutor.java:142)
	at com.kms.katalon.core.main.TestSuiteExecutor.execute(TestSuiteExecutor.java:91)
	at com.kms.katalon.core.main.TestCaseMain.startTestSuite(TestCaseMain.java:157)
	at com.kms.katalon.core.main.TestCaseMain$startTestSuite$0.call(Unknown Source)
	at TempTestSuite1574182051097.run(TempTestSuite1574182051097.groovy:36)
Caused by: com.kms.katalon.core.webui.exception.WebElementNotFoundException: Web element with id: 'Object Repository/object_profile/a_createInvoice' located by 'By.xpath: //div[@id='wrapper']/div/div/div/header/div/div/div[2]/a[3]' not found
	at com.kms.katalon.core.webui.common.WebUiCommonHelper.findWebElement(WebUiCommonHelper.java:1113)
	at com.kms.katalon.core.webui.keyword.internal.WebUIAbstractKeyword.findWebElement(WebUIAbstractKeyword.groovy:27)
	at com.kms.katalon.core.webui.keyword.internal.WebUIAbstractKeyword.findWebElement(WebUIAbstractKeyword.groovy:26)
	at com.kms.katalon.core.webui.keyword.builtin.SubmitKeyword$_submit_closure1.doCall(SubmitKeyword.groovy:77)
	at com.kms.katalon.core.webui.keyword.builtin.SubmitKeyword$_submit_closure1.call(SubmitKeyword.groovy)
	at com.kms.katalon.core.webui.keyword.internal.WebUIKeywordMain.runKeyword(WebUIKeywordMain.groovy:20)
	... 19 more]]></system-err>
      </testcase>
      <system-out><![CDATA[2019-11-19 10:47:32 - [TEST_SUITE][FAILED] - ts_resBoarding: Test Cases/p4p_profile_boa FAILED.
Reason:
com.kms.katalon.core.exception.StepFailedException: Unable to submit the form containing object 'Object Repository/object_profile/a_createInvoice'
	at com.kms.katalon.core.webui.keyword.internal.WebUIKeywordMain.stepFailed(WebUIKeywordMain.groovy:64)
	at com.kms.katalon.core.webui.keyword.internal.WebUIKeywordMain.runKeyword(WebUIKeywordMain.groovy:26)
	at com.kms.katalon.core.webui.keyword.builtin.SubmitKeyword.submit(SubmitKeyword.groovy:86)
	at com.kms.katalon.core.webui.keyword.builtin.SubmitKeyword.execute(SubmitKeyword.groovy:67)
	at com.kms.katalon.core.keyword.internal.KeywordExecutor.executeKeywordForPlatform(KeywordExecutor.groovy:60)
	at com.kms.katalon.core.webui.keyword.WebUiBuiltInKeywords.submit(WebUiBuiltInKeywords.groovy:672)
	at com.kms.katalon.core.webui.keyword.WebUiBuiltInKeywords$submit$4.call(Unknown Source)
	at p4p_profile_boa.run(p4p_profile_boa:23)
	at com.kms.katalon.core.main.ScriptEngine.run(ScriptEngine.java:194)
	at com.kms.katalon.core.main.ScriptEngine.runScriptAsRawText(ScriptEngine.java:119)
	at com.kms.katalon.core.main.TestCaseExecutor.runScript(TestCaseExecutor.java:337)
	at com.kms.katalon.core.main.TestCaseExecutor.doExecute(TestCaseExecutor.java:328)
	at com.kms.katalon.core.main.TestCaseExecutor.processExecutionPhase(TestCaseExecutor.java:307)
	at com.kms.katalon.core.main.TestCaseExecutor.accessMainPhase(TestCaseExecutor.java:299)
	at com.kms.katalon.core.main.TestCaseExecutor.execute(TestCaseExecutor.java:233)
	at com.kms.katalon.core.main.TestSuiteExecutor.accessTestCaseMainPhase(TestSuiteExecutor.java:169)
	at com.kms.katalon.core.main.TestSuiteExecutor.accessTestSuiteMainPhase(TestSuiteExecutor.java:142)
	at com.kms.katalon.core.main.TestSuiteExecutor.execute(TestSuiteExecutor.java:91)
	at com.kms.katalon.core.main.TestCaseMain.startTestSuite(TestCaseMain.java:157)
	at com.kms.katalon.core.main.TestCaseMain$startTestSuite$0.call(Unknown Source)
	at TempTestSuite1574182051097.run(TempTestSuite1574182051097.groovy:36)
Caused by: com.kms.katalon.core.webui.exception.WebElementNotFoundException: Web element with id: 'Object Repository/object_profile/a_createInvoice' located by 'By.xpath: //div[@id='wrapper']/div/div/div/header/div/div/div[2]/a[3]' not found
	at com.kms.katalon.core.webui.common.WebUiCommonHelper.findWebElement(WebUiCommonHelper.java:1113)
	at com.kms.katalon.core.webui.keyword.internal.WebUIAbstractKeyword.findWebElement(WebUIAbstractKeyword.groovy:27)
	at com.kms.katalon.core.webui.keyword.internal.WebUIAbstractKeyword.findWebElement(WebUIAbstractKeyword.groovy:26)
	at com.kms.katalon.core.webui.keyword.builtin.SubmitKeyword$_submit_closure1.doCall(SubmitKeyword.groovy:77)
	at com.kms.katalon.core.webui.keyword.builtin.SubmitKeyword$_submit_closure1.call(SubmitKeyword.groovy)
	at com.kms.katalon.core.webui.keyword.internal.WebUIKeywordMain.runKeyword(WebUIKeywordMain.groovy:20)
	... 19 more]]></system-out>
      <system-err><![CDATA[2019-11-19 10:47:32 - [TEST_SUITE][FAILED] - ts_resBoarding: Test Cases/p4p_profile_boa FAILED.
Reason:
com.kms.katalon.core.exception.StepFailedException: Unable to submit the form containing object 'Object Repository/object_profile/a_createInvoice'
	at com.kms.katalon.core.webui.keyword.internal.WebUIKeywordMain.stepFailed(WebUIKeywordMain.groovy:64)
	at com.kms.katalon.core.webui.keyword.internal.WebUIKeywordMain.runKeyword(WebUIKeywordMain.groovy:26)
	at com.kms.katalon.core.webui.keyword.builtin.SubmitKeyword.submit(SubmitKeyword.groovy:86)
	at com.kms.katalon.core.webui.keyword.builtin.SubmitKeyword.execute(SubmitKeyword.groovy:67)
	at com.kms.katalon.core.keyword.internal.KeywordExecutor.executeKeywordForPlatform(KeywordExecutor.groovy:60)
	at com.kms.katalon.core.webui.keyword.WebUiBuiltInKeywords.submit(WebUiBuiltInKeywords.groovy:672)
	at com.kms.katalon.core.webui.keyword.WebUiBuiltInKeywords$submit$4.call(Unknown Source)
	at p4p_profile_boa.run(p4p_profile_boa:23)
	at com.kms.katalon.core.main.ScriptEngine.run(ScriptEngine.java:194)
	at com.kms.katalon.core.main.ScriptEngine.runScriptAsRawText(ScriptEngine.java:119)
	at com.kms.katalon.core.main.TestCaseExecutor.runScript(TestCaseExecutor.java:337)
	at com.kms.katalon.core.main.TestCaseExecutor.doExecute(TestCaseExecutor.java:328)
	at com.kms.katalon.core.main.TestCaseExecutor.processExecutionPhase(TestCaseExecutor.java:307)
	at com.kms.katalon.core.main.TestCaseExecutor.accessMainPhase(TestCaseExecutor.java:299)
	at com.kms.katalon.core.main.TestCaseExecutor.execute(TestCaseExecutor.java:233)
	at com.kms.katalon.core.main.TestSuiteExecutor.accessTestCaseMainPhase(TestSuiteExecutor.java:169)
	at com.kms.katalon.core.main.TestSuiteExecutor.accessTestSuiteMainPhase(TestSuiteExecutor.java:142)
	at com.kms.katalon.core.main.TestSuiteExecutor.execute(TestSuiteExecutor.java:91)
	at com.kms.katalon.core.main.TestCaseMain.startTestSuite(TestCaseMain.java:157)
	at com.kms.katalon.core.main.TestCaseMain$startTestSuite$0.call(Unknown Source)
	at TempTestSuite1574182051097.run(TempTestSuite1574182051097.groovy:36)
Caused by: com.kms.katalon.core.webui.exception.WebElementNotFoundException: Web element with id: 'Object Repository/object_profile/a_createInvoice' located by 'By.xpath: //div[@id='wrapper']/div/div/div/header/div/div/div[2]/a[3]' not found
	at com.kms.katalon.core.webui.common.WebUiCommonHelper.findWebElement(WebUiCommonHelper.java:1113)
	at com.kms.katalon.core.webui.keyword.internal.WebUIAbstractKeyword.findWebElement(WebUIAbstractKeyword.groovy:27)
	at com.kms.katalon.core.webui.keyword.internal.WebUIAbstractKeyword.findWebElement(WebUIAbstractKeyword.groovy:26)
	at com.kms.katalon.core.webui.keyword.builtin.SubmitKeyword$_submit_closure1.doCall(SubmitKeyword.groovy:77)
	at com.kms.katalon.core.webui.keyword.builtin.SubmitKeyword$_submit_closure1.call(SubmitKeyword.groovy)
	at com.kms.katalon.core.webui.keyword.internal.WebUIKeywordMain.runKeyword(WebUIKeywordMain.groovy:20)
	... 19 more]]></system-err>
   </testsuite>
</testsuites>
