<?xml version="1.0" encoding="UTF-8"?>
<testsuites name="ts_3_createInvoice" time="963.104" tests="12" failures="2" errors="2">
   <testsuite name="ts_3_createInvoice" tests="12" failures="2" errors="2" time="963.104" timestamp="2020-01-16 16:26:03" hostname="leonardo-arkusmty - leonardoarkusmty-Inspiron-5577" id="Test Suites/ts_3_createInvoice">
      <properties>
         <property name="deviceName" value=""/>
         <property name="devicePlatform" value=""/>
         <property name="logFolder" value="/home/leonardo-arkusmty/Documents/workspaceKatalon/p4ptest/Reports/20200116_162602/ts_3_createInvoice/20200116_162602"/>
         <property name="logFiles" value="/home/leonardo-arkusmty/Documents/workspaceKatalon/p4ptest/Reports/20200116_162602/ts_3_createInvoice/20200116_162602/execution0.log"/>
         <property name="attachments" value="/home/leonardo-arkusmty/Documents/workspaceKatalon/p4ptest/Reports/20200116_162602/ts_3_createInvoice/20200116_162602/1579214430352.png, /home/leonardo-arkusmty/Documents/workspaceKatalon/p4ptest/Reports/20200116_162602/ts_3_createInvoice/20200116_162602/1579214526524.png"/>
         <property name="hostName" value="leonardo-arkusmty - leonardoarkusmty-Inspiron-5577"/>
         <property name="os" value="Linux 64bit"/>
         <property name="katalonVersion" value="7.0.8.1"/>
         <property name="browser" value="Chrome 79.0.3945.88"/>
         <property name="hostAddress" value="127.0.1.1"/>
         <property name="sessionId" value="f05294abe6d58d4a653b7b9c1b611899"/>
         <property name="seleniumVersion" value="3.141.59"/>
         <property name="proxyInformation" value="ProxyInformation{proxyOption=NO_PROXY, proxyServerType=HTTP, password=, proxyServerAddress=, proxyServerPort=0}"/>
         <property name="platform" value="Linux"/>
      </properties>
      <testcase name="Test Cases/p4p_3_createInvoce_ok_spy" time="59.578" classname="Test Cases/p4p_3_createInvoce_ok_spy" status="PASSED">
         <system-out><![CDATA[2020-01-16 16:26:03 - [TEST_CASE][PASSED] - Test Cases/p4p_3_createInvoce_ok_spy: Test Cases/p4p_3_createInvoce_ok_spy

2020-01-16 16:26:04 - [TEST_STEP][PASSED] - openBrowser("https://p4p-qa-bg.aws.paradise4paws.com/login/"): Browser is opened with url: 'https://p4p-qa-bg.aws.paradise4paws.com/login/'

2020-01-16 16:26:04 - [MESSAGE][INFO] - Starting 'Chrome' driver

2020-01-16 16:26:04 - [MESSAGE][INFO] - Action delay is set to 0 seconds

2020-01-16 16:26:07 - [MESSAGE][PASSED] - Browser is opened with url: 'https://p4p-qa-bg.aws.paradise4paws.com/login/'

2020-01-16 16:26:07 - [TEST_STEP][PASSED] - maximizeWindow(): Current window maximized

2020-01-16 16:26:07 - [MESSAGE][PASSED] - Current window maximized

2020-01-16 16:26:07 - [TEST_STEP][PASSED] - arryPets = var_pets.split(","): null

2020-01-16 16:26:07 - [TEST_STEP][PASSED] - flagBoar = "0": null

2020-01-16 16:26:07 - [TEST_STEP][PASSED] - log = new com.kms.katalon.core.logging.KeywordLogger(): null

2020-01-16 16:26:07 - [TEST_STEP][PASSED] - fisInv = new java.io.FileInputStream(/home/leonardo-arkusmty/Desktop/P4P/DATA_AUTOMATINTESTING/data_3createInvoice.xlsx): null

2020-01-16 16:26:07 - [TEST_STEP][PASSED] - fisPay = new java.io.FileInputStream(/home/leonardo-arkusmty/Desktop/P4P/DATA_AUTOMATINTESTING/data_4payment.xlsx): null

2020-01-16 16:26:07 - [TEST_STEP][PASSED] - workbookInv = new org.apache.poi.xssf.usermodel.XSSFWorkbook(fisInv): null

2020-01-16 16:26:07 - [TEST_STEP][PASSED] - workbookPay = new org.apache.poi.xssf.usermodel.XSSFWorkbook(fisPay): null

2020-01-16 16:26:07 - [TEST_STEP][PASSED] - sheetInv = workbookInv.getSheet("Sheet1"): null

2020-01-16 16:26:07 - [TEST_STEP][PASSED] - sheetPay = workbookPay.getSheet("Sheet1"): null

2020-01-16 16:26:07 - [TEST_STEP][PASSED] - var = Integer.parseInt(var_idRowRes): null

2020-01-16 16:26:07 - [TEST_STEP][PASSED] - rowInv = sheetInv.getRow(var): null

2020-01-16 16:26:07 - [TEST_STEP][PASSED] - rowPay = sheetPay.getRow(var): null

2020-01-16 16:26:07 - [TEST_STEP][PASSED] - today = new java.util.Date(): null

2020-01-16 16:26:07 - [TEST_STEP][PASSED] - todaysDate1 = today.format("mmm/dd/yy"): null

2020-01-16 16:26:07 - [TEST_STEP][PASSED] - todaysDate2 = today.format("dd/mm/yy"): null

2020-01-16 16:26:07 - [TEST_STEP][PASSED] - todaysDate3 = today.format("dd"): null

2020-01-16 16:26:07 - [TEST_STEP][PASSED] - nowTime = today.format("hhmm"): null

2020-01-16 16:26:07 - [TEST_STEP][PASSED] - setText(findTestObject("obj_login/input_user"), var_user): Text 'jegchavez@gmail.com' is set on object 'Object Repository/obj_login/input_user'

2020-01-16 16:26:08 - [MESSAGE][PASSED] - Text 'jegchavez@gmail.com' is set on object 'Object Repository/obj_login/input_user'

2020-01-16 16:26:08 - [TEST_STEP][PASSED] - setText(findTestObject("obj_login/input_pass"), var_pass): Text 'admin1' is set on object 'Object Repository/obj_login/input_pass'

2020-01-16 16:26:08 - [MESSAGE][PASSED] - Text 'admin1' is set on object 'Object Repository/obj_login/input_pass'

2020-01-16 16:26:08 - [TEST_STEP][PASSED] - delay(2): Delayed 2 second(s)

2020-01-16 16:26:10 - [MESSAGE][PASSED] - Delayed 2 second(s)

2020-01-16 16:26:10 - [TEST_STEP][PASSED] - verifyElementClickable(findTestObject("obj_login/btn_login")): Object 'Object Repository/obj_login/btn_login' is clickable

2020-01-16 16:26:11 - [MESSAGE][PASSED] - Object 'Object Repository/obj_login/btn_login' is clickable

2020-01-16 16:26:11 - [TEST_STEP][PASSED] - click(findTestObject("obj_login/btn_login")): Object: 'Object Repository/obj_login/btn_login' is clicked on

2020-01-16 16:26:12 - [MESSAGE][PASSED] - Object: 'Object Repository/obj_login/btn_login' is clicked on

2020-01-16 16:26:12 - [TEST_STEP][PASSED] - delay(2): Delayed 2 second(s)

2020-01-16 16:26:14 - [MESSAGE][PASSED] - Delayed 2 second(s)

2020-01-16 16:26:14 - [TEST_STEP][PASSED] - setText(findTestObject("obj_dashboard_emp/input_search"), var_parent): Text 'leongarzagarza@hotmail.com' is set on object 'Object Repository/obj_dashboard_emp/input_search'

2020-01-16 16:26:15 - [MESSAGE][PASSED] - Text 'leongarzagarza@hotmail.com' is set on object 'Object Repository/obj_dashboard_emp/input_search'

2020-01-16 16:26:15 - [TEST_STEP][PASSED] - click(findTestObject("obj_dashboard_emp/btn_accountSearch")): Object: 'Object Repository/obj_dashboard_emp/btn_accountSearch' is clicked on

2020-01-16 16:26:15 - [MESSAGE][PASSED] - Object: 'Object Repository/obj_dashboard_emp/btn_accountSearch' is clicked on

2020-01-16 16:26:15 - [TEST_STEP][PASSED] - delay(2): Delayed 2 second(s)

2020-01-16 16:26:17 - [MESSAGE][PASSED] - Delayed 2 second(s)

2020-01-16 16:26:17 - [TEST_STEP][PASSED] - click(findTestObject("obj_accountInformation/a_TEST GABRIEL PROD")): Object: 'Object Repository/obj_accountInformation/a_TEST GABRIEL PROD' is clicked on

2020-01-16 16:26:18 - [MESSAGE][PASSED] - Object: 'Object Repository/obj_accountInformation/a_TEST GABRIEL PROD' is clicked on

2020-01-16 16:26:18 - [TEST_STEP][PASSED] - delay(2): Delayed 2 second(s)

2020-01-16 16:26:20 - [MESSAGE][PASSED] - Delayed 2 second(s)

2020-01-16 16:26:20 - [TEST_STEP][PASSED] - click(findTestObject("obj_invoce/btn_createInvoice")): Object: 'Object Repository/obj_invoce/btn_createInvoice' is clicked on

2020-01-16 16:26:22 - [MESSAGE][PASSED] - Object: 'Object Repository/obj_invoce/btn_createInvoice' is clicked on

2020-01-16 16:26:22 - [TEST_STEP][PASSED] - delay(3): Delayed 3 second(s)

2020-01-16 16:26:25 - [MESSAGE][PASSED] - Delayed 3 second(s)

2020-01-16 16:26:25 - [TEST_STEP][PASSED] - if (arryPets.size() == 1): Delayed 4 second(s)

2020-01-16 16:26:25 - [TEST_STEP][PASSED] - click(findTestObject("obj_invoce/new_invoice/new_invoice_sub/btn_AddLineItem")): Object: 'Object Repository/obj_invoce/new_invoice/new_invoice_sub/btn_AddLineItem' is clicked on

2020-01-16 16:26:26 - [MESSAGE][PASSED] - Object: 'Object Repository/obj_invoce/new_invoice/new_invoice_sub/btn_AddLineItem' is clicked on

2020-01-16 16:26:26 - [TEST_STEP][PASSED] - delay(3): Delayed 3 second(s)

2020-01-16 16:26:29 - [MESSAGE][PASSED] - Delayed 3 second(s)

2020-01-16 16:26:29 - [TEST_STEP][PASSED] - click(findTestObject("obj_invoce/new_invoice/new_invoice_sub/a_Taxes ()_select2-choice_1")): Object: 'Object Repository/obj_invoce/new_invoice/new_invoice_sub/a_Taxes ()_select2-choice_1' is clicked on

2020-01-16 16:26:29 - [MESSAGE][PASSED] - Object: 'Object Repository/obj_invoce/new_invoice/new_invoice_sub/a_Taxes ()_select2-choice_1' is clicked on

2020-01-16 16:26:29 - [TEST_STEP][PASSED] - delay(3): Delayed 3 second(s)

2020-01-16 16:26:32 - [MESSAGE][PASSED] - Delayed 3 second(s)

2020-01-16 16:26:32 - [TEST_STEP][PASSED] - click(findTestObject("obj_invoce/new_invoice/new_invoice_sub/div_Zeus")): Object: 'Object Repository/obj_invoce/new_invoice/new_invoice_sub/div_Zeus' is clicked on

2020-01-16 16:26:32 - [MESSAGE][PASSED] - Object: 'Object Repository/obj_invoce/new_invoice/new_invoice_sub/div_Zeus' is clicked on

2020-01-16 16:26:32 - [TEST_STEP][NOT_RUN] - click(findTestObject("obj_invoce/new_invoice/new_invoice_sub/b")): NOT_RUN: click(findTestObject("obj_invoce/new_invoice/new_invoice_sub/b"))

2020-01-16 16:26:32 - [MESSAGE][NOT_RUN] - NOT_RUN: click(findTestObject("obj_invoce/new_invoice/new_invoice_sub/b"))

2020-01-16 16:26:32 - [TEST_STEP][NOT_RUN] - click(findTestObject("obj_invoce/new_invoice/new_invoice_sub/select_BOARDING_SUITEDAYCARE_SUITESPA_SUITE")): NOT_RUN: click(findTestObject("obj_invoce/new_invoice/new_invoice_sub/select_BOARDING_SUITEDAYCARE_SUITESPA_SUITE"))

2020-01-16 16:26:32 - [MESSAGE][NOT_RUN] - NOT_RUN: click(findTestObject("obj_invoce/new_invoice/new_invoice_sub/select_BOARDING_SUITEDAYCARE_SUITESPA_SUITE"))

2020-01-16 16:26:32 - [TEST_STEP][PASSED] - delay(3): Delayed 3 second(s)

2020-01-16 16:26:35 - [MESSAGE][PASSED] - Delayed 3 second(s)

2020-01-16 16:26:35 - [TEST_STEP][PASSED] - if (var_type == "BOARDING_SUITE"): Object: 'Object Repository/obj_invoce/new_invoice_ok_1/select_boarding' is clicked on

2020-01-16 16:26:35 - [TEST_STEP][PASSED] - click(findTestObject("obj_invoce/new_invoice_ok_1/select_boarding"), STOP_ON_FAILURE): Object: 'Object Repository/obj_invoce/new_invoice_ok_1/select_boarding' is clicked on

2020-01-16 16:26:36 - [MESSAGE][PASSED] - Object: 'Object Repository/obj_invoce/new_invoice_ok_1/select_boarding' is clicked on

2020-01-16 16:26:36 - [TEST_STEP][PASSED] - if (var_type == "DAYCARE_SUITE"): null

2020-01-16 16:26:36 - [TEST_STEP][PASSED] - if (var_type == "PACKAGE"): null

2020-01-16 16:26:36 - [TEST_STEP][PASSED] - delay(4): Delayed 4 second(s)

2020-01-16 16:26:40 - [MESSAGE][PASSED] - Delayed 4 second(s)

2020-01-16 16:26:40 - [TEST_STEP][PASSED] - sendKeys(findTestObject("obj_invoce/new_invoice/new_invoice_sub/input_Taxes_Item_1"), var_item): Keys 'Oasis Suite' sent to object: 'Object Repository/obj_invoce/new_invoice/new_invoice_sub/input_Taxes_Item_1'

2020-01-16 16:26:40 - [MESSAGE][PASSED] - Keys 'Oasis Suite' sent to object: 'Object Repository/obj_invoce/new_invoice/new_invoice_sub/input_Taxes_Item_1'

2020-01-16 16:26:40 - [TEST_STEP][PASSED] - delay(4): Delayed 4 second(s)

2020-01-16 16:26:44 - [MESSAGE][PASSED] - Delayed 4 second(s)

2020-01-16 16:26:44 - [TEST_STEP][PASSED] - sendKeys(findTestObject("obj_invoce/new_invoice/new_invoice_sub/input_Taxes_Item_1"), Keys.chord(ENTER)): Keys 'ENTER + ' sent to object: 'Object Repository/obj_invoce/new_invoice/new_invoice_sub/input_Taxes_Item_1'

2020-01-16 16:26:45 - [MESSAGE][PASSED] - Keys 'ENTER + ' sent to object: 'Object Repository/obj_invoce/new_invoice/new_invoice_sub/input_Taxes_Item_1'

2020-01-16 16:26:45 - [TEST_STEP][PASSED] - delay(4): Delayed 4 second(s)

2020-01-16 16:26:49 - [MESSAGE][PASSED] - Delayed 4 second(s)

2020-01-16 16:26:49 - [TEST_STEP][PASSED] - click(findTestObject("obj_invoce/new_invoice/new_invoice_sub/button_Save_Taxe")): Object: 'Object Repository/obj_invoce/new_invoice/new_invoice_sub/button_Save_Taxe' is clicked on

2020-01-16 16:26:49 - [MESSAGE][PASSED] - Object: 'Object Repository/obj_invoce/new_invoice/new_invoice_sub/button_Save_Taxe' is clicked on

2020-01-16 16:26:49 - [TEST_STEP][PASSED] - delay(4): Delayed 4 second(s)

2020-01-16 16:26:53 - [MESSAGE][PASSED] - Delayed 4 second(s)

2020-01-16 16:26:53 - [TEST_STEP][PASSED] - if (arryPets.size() == 2): null

2020-01-16 16:26:53 - [TEST_STEP][PASSED] - if (arryPets.size() == 3): null

2020-01-16 16:26:53 - [TEST_STEP][PASSED] - delay(2): Delayed 2 second(s)

2020-01-16 16:26:55 - [MESSAGE][PASSED] - Delayed 2 second(s)

2020-01-16 16:26:55 - [TEST_STEP][PASSED] - var_url = getUrl(): Current window's url is: 'https://p4p-qa-bg.aws.paradise4paws.com/accounts/profile/#/invoice/122350/1795528/'

2020-01-16 16:26:55 - [MESSAGE][PASSED] - Current window's url is: 'https://p4p-qa-bg.aws.paradise4paws.com/accounts/profile/#/invoice/122350/1795528/'

2020-01-16 16:26:55 - [TEST_STEP][PASSED] - arrayUrl = var_url.split("/"): null

2020-01-16 16:26:55 - [TEST_STEP][PASSED] - delay(2): Delayed 2 second(s)

2020-01-16 16:26:57 - [MESSAGE][PASSED] - Delayed 2 second(s)

2020-01-16 16:26:57 - [TEST_STEP][PASSED] - cell = rowInv.createCell(9, 0): null

2020-01-16 16:26:57 - [TEST_STEP][PASSED] - cell.setCellType(CELL_TYPE_STRING): null

2020-01-16 16:26:57 - [TEST_STEP][PASSED] - cell.setCellValue(arrayUrl[8]): null

2020-01-16 16:26:57 - [TEST_STEP][PASSED] - delay(2): Delayed 2 second(s)

2020-01-16 16:26:59 - [MESSAGE][PASSED] - Delayed 2 second(s)

2020-01-16 16:26:59 - [TEST_STEP][PASSED] - cell2 = rowPay.createCell(5, 0): null

2020-01-16 16:26:59 - [TEST_STEP][PASSED] - cell2.setCellType(CELL_TYPE_STRING): null

2020-01-16 16:26:59 - [TEST_STEP][PASSED] - cell2.setCellValue(arrayUrl[8]): null

2020-01-16 16:26:59 - [TEST_STEP][PASSED] - delay(2): Delayed 2 second(s)

2020-01-16 16:27:01 - [MESSAGE][PASSED] - Delayed 2 second(s)

2020-01-16 16:27:01 - [TEST_STEP][PASSED] - fosInv = new java.io.FileOutputStream(/home/leonardo-arkusmty/Desktop/P4P/DATA_AUTOMATINTESTING/data_3createInvoice.xlsx): null

2020-01-16 16:27:01 - [TEST_STEP][PASSED] - workbookInv.write(fosInv): null

2020-01-16 16:27:01 - [TEST_STEP][PASSED] - fosInv.close(): null

2020-01-16 16:27:01 - [TEST_STEP][PASSED] - fosPay = new java.io.FileOutputStream(/home/leonardo-arkusmty/Desktop/P4P/DATA_AUTOMATINTESTING/data_4payment.xlsx): null

2020-01-16 16:27:01 - [TEST_STEP][PASSED] - workbookPay.write(fosPay): null

2020-01-16 16:27:01 - [TEST_STEP][PASSED] - fosPay.close(): null

2020-01-16 16:27:01 - [TEST_STEP][PASSED] - delay(2): Delayed 2 second(s)

2020-01-16 16:27:03 - [MESSAGE][PASSED] - Delayed 2 second(s)]]></system-out>
         <system-err><![CDATA[]]></system-err>
      </testcase>
      <testcase name="Test Cases/p4p_3_createInvoce_ok_spy" time="58.17" classname="Test Cases/p4p_3_createInvoce_ok_spy" status="PASSED">
         <system-out><![CDATA[2020-01-16 16:27:03 - [TEST_CASE][PASSED] - Test Cases/p4p_3_createInvoce_ok_spy: Test Cases/p4p_3_createInvoce_ok_spy

2020-01-16 16:27:03 - [TEST_STEP][PASSED] - openBrowser("https://p4p-qa-bg.aws.paradise4paws.com/login/"): Browser is opened with url: 'https://p4p-qa-bg.aws.paradise4paws.com/login/'

2020-01-16 16:27:03 - [MESSAGE][WARNING] - A browser is already opened. Closing browser and opening a new one

2020-01-16 16:27:03 - [MESSAGE][INFO] - Starting 'Chrome' driver

2020-01-16 16:27:05 - [MESSAGE][PASSED] - Browser is opened with url: 'https://p4p-qa-bg.aws.paradise4paws.com/login/'

2020-01-16 16:27:05 - [TEST_STEP][PASSED] - maximizeWindow(): Current window maximized

2020-01-16 16:27:05 - [MESSAGE][PASSED] - Current window maximized

2020-01-16 16:27:05 - [TEST_STEP][PASSED] - arryPets = var_pets.split(","): null

2020-01-16 16:27:05 - [TEST_STEP][PASSED] - flagBoar = "0": null

2020-01-16 16:27:05 - [TEST_STEP][PASSED] - log = new com.kms.katalon.core.logging.KeywordLogger(): null

2020-01-16 16:27:05 - [TEST_STEP][PASSED] - fisInv = new java.io.FileInputStream(/home/leonardo-arkusmty/Desktop/P4P/DATA_AUTOMATINTESTING/data_3createInvoice.xlsx): null

2020-01-16 16:27:05 - [TEST_STEP][PASSED] - fisPay = new java.io.FileInputStream(/home/leonardo-arkusmty/Desktop/P4P/DATA_AUTOMATINTESTING/data_4payment.xlsx): null

2020-01-16 16:27:05 - [TEST_STEP][PASSED] - workbookInv = new org.apache.poi.xssf.usermodel.XSSFWorkbook(fisInv): null

2020-01-16 16:27:06 - [TEST_STEP][PASSED] - workbookPay = new org.apache.poi.xssf.usermodel.XSSFWorkbook(fisPay): null

2020-01-16 16:27:06 - [TEST_STEP][PASSED] - sheetInv = workbookInv.getSheet("Sheet1"): null

2020-01-16 16:27:06 - [TEST_STEP][PASSED] - sheetPay = workbookPay.getSheet("Sheet1"): null

2020-01-16 16:27:06 - [TEST_STEP][PASSED] - var = Integer.parseInt(var_idRowRes): null

2020-01-16 16:27:06 - [TEST_STEP][PASSED] - rowInv = sheetInv.getRow(var): null

2020-01-16 16:27:06 - [TEST_STEP][PASSED] - rowPay = sheetPay.getRow(var): null

2020-01-16 16:27:06 - [TEST_STEP][PASSED] - today = new java.util.Date(): null

2020-01-16 16:27:06 - [TEST_STEP][PASSED] - todaysDate1 = today.format("mmm/dd/yy"): null

2020-01-16 16:27:06 - [TEST_STEP][PASSED] - todaysDate2 = today.format("dd/mm/yy"): null

2020-01-16 16:27:06 - [TEST_STEP][PASSED] - todaysDate3 = today.format("dd"): null

2020-01-16 16:27:06 - [TEST_STEP][PASSED] - nowTime = today.format("hhmm"): null

2020-01-16 16:27:06 - [TEST_STEP][PASSED] - setText(findTestObject("obj_login/input_user"), var_user): Text 'jegchavez@gmail.com' is set on object 'Object Repository/obj_login/input_user'

2020-01-16 16:27:06 - [MESSAGE][PASSED] - Text 'jegchavez@gmail.com' is set on object 'Object Repository/obj_login/input_user'

2020-01-16 16:27:06 - [TEST_STEP][PASSED] - setText(findTestObject("obj_login/input_pass"), var_pass): Text 'admin1' is set on object 'Object Repository/obj_login/input_pass'

2020-01-16 16:27:06 - [MESSAGE][PASSED] - Text 'admin1' is set on object 'Object Repository/obj_login/input_pass'

2020-01-16 16:27:06 - [TEST_STEP][PASSED] - delay(2): Delayed 2 second(s)

2020-01-16 16:27:08 - [MESSAGE][PASSED] - Delayed 2 second(s)

2020-01-16 16:27:08 - [TEST_STEP][PASSED] - verifyElementClickable(findTestObject("obj_login/btn_login")): Object 'Object Repository/obj_login/btn_login' is clickable

2020-01-16 16:27:09 - [MESSAGE][PASSED] - Object 'Object Repository/obj_login/btn_login' is clickable

2020-01-16 16:27:09 - [TEST_STEP][PASSED] - click(findTestObject("obj_login/btn_login")): Object: 'Object Repository/obj_login/btn_login' is clicked on

2020-01-16 16:27:10 - [MESSAGE][PASSED] - Object: 'Object Repository/obj_login/btn_login' is clicked on

2020-01-16 16:27:10 - [TEST_STEP][PASSED] - delay(2): Delayed 2 second(s)

2020-01-16 16:27:12 - [MESSAGE][PASSED] - Delayed 2 second(s)

2020-01-16 16:27:12 - [TEST_STEP][PASSED] - setText(findTestObject("obj_dashboard_emp/input_search"), var_parent): Text 'leongarzagarza@hotmail.com' is set on object 'Object Repository/obj_dashboard_emp/input_search'

2020-01-16 16:27:13 - [MESSAGE][PASSED] - Text 'leongarzagarza@hotmail.com' is set on object 'Object Repository/obj_dashboard_emp/input_search'

2020-01-16 16:27:13 - [TEST_STEP][PASSED] - click(findTestObject("obj_dashboard_emp/btn_accountSearch")): Object: 'Object Repository/obj_dashboard_emp/btn_accountSearch' is clicked on

2020-01-16 16:27:14 - [MESSAGE][PASSED] - Object: 'Object Repository/obj_dashboard_emp/btn_accountSearch' is clicked on

2020-01-16 16:27:14 - [TEST_STEP][PASSED] - delay(2): Delayed 2 second(s)

2020-01-16 16:27:16 - [MESSAGE][PASSED] - Delayed 2 second(s)

2020-01-16 16:27:16 - [TEST_STEP][PASSED] - click(findTestObject("obj_accountInformation/a_TEST GABRIEL PROD")): Object: 'Object Repository/obj_accountInformation/a_TEST GABRIEL PROD' is clicked on

2020-01-16 16:27:17 - [MESSAGE][PASSED] - Object: 'Object Repository/obj_accountInformation/a_TEST GABRIEL PROD' is clicked on

2020-01-16 16:27:17 - [TEST_STEP][PASSED] - delay(2): Delayed 2 second(s)

2020-01-16 16:27:19 - [MESSAGE][PASSED] - Delayed 2 second(s)

2020-01-16 16:27:19 - [TEST_STEP][PASSED] - click(findTestObject("obj_invoce/btn_createInvoice")): Object: 'Object Repository/obj_invoce/btn_createInvoice' is clicked on

2020-01-16 16:27:21 - [MESSAGE][PASSED] - Object: 'Object Repository/obj_invoce/btn_createInvoice' is clicked on

2020-01-16 16:27:21 - [TEST_STEP][PASSED] - delay(3): Delayed 3 second(s)

2020-01-16 16:27:24 - [MESSAGE][PASSED] - Delayed 3 second(s)

2020-01-16 16:27:24 - [TEST_STEP][PASSED] - if (arryPets.size() == 1): Delayed 4 second(s)

2020-01-16 16:27:24 - [TEST_STEP][PASSED] - click(findTestObject("obj_invoce/new_invoice/new_invoice_sub/btn_AddLineItem")): Object: 'Object Repository/obj_invoce/new_invoice/new_invoice_sub/btn_AddLineItem' is clicked on

2020-01-16 16:27:24 - [MESSAGE][PASSED] - Object: 'Object Repository/obj_invoce/new_invoice/new_invoice_sub/btn_AddLineItem' is clicked on

2020-01-16 16:27:24 - [TEST_STEP][PASSED] - delay(3): Delayed 3 second(s)

2020-01-16 16:27:27 - [MESSAGE][PASSED] - Delayed 3 second(s)

2020-01-16 16:27:27 - [TEST_STEP][PASSED] - click(findTestObject("obj_invoce/new_invoice/new_invoice_sub/a_Taxes ()_select2-choice_1")): Object: 'Object Repository/obj_invoce/new_invoice/new_invoice_sub/a_Taxes ()_select2-choice_1' is clicked on

2020-01-16 16:27:27 - [MESSAGE][PASSED] - Object: 'Object Repository/obj_invoce/new_invoice/new_invoice_sub/a_Taxes ()_select2-choice_1' is clicked on

2020-01-16 16:27:27 - [TEST_STEP][PASSED] - delay(3): Delayed 3 second(s)

2020-01-16 16:27:30 - [MESSAGE][PASSED] - Delayed 3 second(s)

2020-01-16 16:27:30 - [TEST_STEP][PASSED] - click(findTestObject("obj_invoce/new_invoice/new_invoice_sub/div_Zeus")): Object: 'Object Repository/obj_invoce/new_invoice/new_invoice_sub/div_Zeus' is clicked on

2020-01-16 16:27:31 - [MESSAGE][PASSED] - Object: 'Object Repository/obj_invoce/new_invoice/new_invoice_sub/div_Zeus' is clicked on

2020-01-16 16:27:31 - [TEST_STEP][NOT_RUN] - click(findTestObject("obj_invoce/new_invoice/new_invoice_sub/b")): NOT_RUN: click(findTestObject("obj_invoce/new_invoice/new_invoice_sub/b"))

2020-01-16 16:27:31 - [MESSAGE][NOT_RUN] - NOT_RUN: click(findTestObject("obj_invoce/new_invoice/new_invoice_sub/b"))

2020-01-16 16:27:31 - [TEST_STEP][NOT_RUN] - click(findTestObject("obj_invoce/new_invoice/new_invoice_sub/select_BOARDING_SUITEDAYCARE_SUITESPA_SUITE")): NOT_RUN: click(findTestObject("obj_invoce/new_invoice/new_invoice_sub/select_BOARDING_SUITEDAYCARE_SUITESPA_SUITE"))

2020-01-16 16:27:31 - [MESSAGE][NOT_RUN] - NOT_RUN: click(findTestObject("obj_invoce/new_invoice/new_invoice_sub/select_BOARDING_SUITEDAYCARE_SUITESPA_SUITE"))

2020-01-16 16:27:31 - [TEST_STEP][PASSED] - delay(3): Delayed 3 second(s)

2020-01-16 16:27:34 - [MESSAGE][PASSED] - Delayed 3 second(s)

2020-01-16 16:27:34 - [TEST_STEP][PASSED] - if (var_type == "BOARDING_SUITE"): null

2020-01-16 16:27:34 - [TEST_STEP][PASSED] - if (var_type == "DAYCARE_SUITE"): Object: 'Object Repository/obj_invoce/new_invoice_ok_1/select_day' is clicked on

2020-01-16 16:27:34 - [TEST_STEP][PASSED] - click(findTestObject("obj_invoce/new_invoice_ok_1/select_day"), STOP_ON_FAILURE): Object: 'Object Repository/obj_invoce/new_invoice_ok_1/select_day' is clicked on

2020-01-16 16:27:34 - [MESSAGE][PASSED] - Object: 'Object Repository/obj_invoce/new_invoice_ok_1/select_day' is clicked on

2020-01-16 16:27:34 - [TEST_STEP][PASSED] - if (var_type == "PACKAGE"): null

2020-01-16 16:27:34 - [TEST_STEP][PASSED] - delay(4): Delayed 4 second(s)

2020-01-16 16:27:38 - [MESSAGE][PASSED] - Delayed 4 second(s)

2020-01-16 16:27:38 - [TEST_STEP][PASSED] - sendKeys(findTestObject("obj_invoce/new_invoice/new_invoice_sub/input_Taxes_Item_1"), var_item): Keys 'Half Day of Daycare' sent to object: 'Object Repository/obj_invoce/new_invoice/new_invoice_sub/input_Taxes_Item_1'

2020-01-16 16:27:39 - [MESSAGE][PASSED] - Keys 'Half Day of Daycare' sent to object: 'Object Repository/obj_invoce/new_invoice/new_invoice_sub/input_Taxes_Item_1'

2020-01-16 16:27:39 - [TEST_STEP][PASSED] - delay(4): Delayed 4 second(s)

2020-01-16 16:27:43 - [MESSAGE][PASSED] - Delayed 4 second(s)

2020-01-16 16:27:43 - [TEST_STEP][PASSED] - sendKeys(findTestObject("obj_invoce/new_invoice/new_invoice_sub/input_Taxes_Item_1"), Keys.chord(ENTER)): Keys 'ENTER + ' sent to object: 'Object Repository/obj_invoce/new_invoice/new_invoice_sub/input_Taxes_Item_1'

2020-01-16 16:27:43 - [MESSAGE][PASSED] - Keys 'ENTER + ' sent to object: 'Object Repository/obj_invoce/new_invoice/new_invoice_sub/input_Taxes_Item_1'

2020-01-16 16:27:43 - [TEST_STEP][PASSED] - delay(4): Delayed 4 second(s)

2020-01-16 16:27:47 - [MESSAGE][PASSED] - Delayed 4 second(s)

2020-01-16 16:27:47 - [TEST_STEP][PASSED] - click(findTestObject("obj_invoce/new_invoice/new_invoice_sub/button_Save_Taxe")): Object: 'Object Repository/obj_invoce/new_invoice/new_invoice_sub/button_Save_Taxe' is clicked on

2020-01-16 16:27:47 - [MESSAGE][PASSED] - Object: 'Object Repository/obj_invoce/new_invoice/new_invoice_sub/button_Save_Taxe' is clicked on

2020-01-16 16:27:47 - [TEST_STEP][PASSED] - delay(4): Delayed 4 second(s)

2020-01-16 16:27:51 - [MESSAGE][PASSED] - Delayed 4 second(s)

2020-01-16 16:27:51 - [TEST_STEP][PASSED] - if (arryPets.size() == 2): null

2020-01-16 16:27:51 - [TEST_STEP][PASSED] - if (arryPets.size() == 3): null

2020-01-16 16:27:51 - [TEST_STEP][PASSED] - delay(2): Delayed 2 second(s)

2020-01-16 16:27:53 - [MESSAGE][PASSED] - Delayed 2 second(s)

2020-01-16 16:27:53 - [TEST_STEP][PASSED] - var_url = getUrl(): Current window's url is: 'https://p4p-qa-bg.aws.paradise4paws.com/accounts/profile/#/invoice/122350/1795529/'

2020-01-16 16:27:53 - [MESSAGE][PASSED] - Current window's url is: 'https://p4p-qa-bg.aws.paradise4paws.com/accounts/profile/#/invoice/122350/1795529/'

2020-01-16 16:27:53 - [TEST_STEP][PASSED] - arrayUrl = var_url.split("/"): null

2020-01-16 16:27:53 - [TEST_STEP][PASSED] - delay(2): Delayed 2 second(s)

2020-01-16 16:27:55 - [MESSAGE][PASSED] - Delayed 2 second(s)

2020-01-16 16:27:55 - [TEST_STEP][PASSED] - cell = rowInv.createCell(9, 0): null

2020-01-16 16:27:55 - [TEST_STEP][PASSED] - cell.setCellType(CELL_TYPE_STRING): null

2020-01-16 16:27:55 - [TEST_STEP][PASSED] - cell.setCellValue(arrayUrl[8]): null

2020-01-16 16:27:55 - [TEST_STEP][PASSED] - delay(2): Delayed 2 second(s)

2020-01-16 16:27:57 - [MESSAGE][PASSED] - Delayed 2 second(s)

2020-01-16 16:27:57 - [TEST_STEP][PASSED] - cell2 = rowPay.createCell(5, 0): null

2020-01-16 16:27:57 - [TEST_STEP][PASSED] - cell2.setCellType(CELL_TYPE_STRING): null

2020-01-16 16:27:57 - [TEST_STEP][PASSED] - cell2.setCellValue(arrayUrl[8]): null

2020-01-16 16:27:57 - [TEST_STEP][PASSED] - delay(2): Delayed 2 second(s)

2020-01-16 16:27:59 - [MESSAGE][PASSED] - Delayed 2 second(s)

2020-01-16 16:27:59 - [TEST_STEP][PASSED] - fosInv = new java.io.FileOutputStream(/home/leonardo-arkusmty/Desktop/P4P/DATA_AUTOMATINTESTING/data_3createInvoice.xlsx): null

2020-01-16 16:27:59 - [TEST_STEP][PASSED] - workbookInv.write(fosInv): null

2020-01-16 16:27:59 - [TEST_STEP][PASSED] - fosInv.close(): null

2020-01-16 16:27:59 - [TEST_STEP][PASSED] - fosPay = new java.io.FileOutputStream(/home/leonardo-arkusmty/Desktop/P4P/DATA_AUTOMATINTESTING/data_4payment.xlsx): null

2020-01-16 16:27:59 - [TEST_STEP][PASSED] - workbookPay.write(fosPay): null

2020-01-16 16:27:59 - [TEST_STEP][PASSED] - fosPay.close(): null

2020-01-16 16:27:59 - [TEST_STEP][PASSED] - delay(2): Delayed 2 second(s)

2020-01-16 16:28:01 - [MESSAGE][PASSED] - Delayed 2 second(s)]]></system-out>
         <system-err><![CDATA[]]></system-err>
      </testcase>
      <testcase name="Test Cases/p4p_3_createInvoce_ok_spy" time="57.907" classname="Test Cases/p4p_3_createInvoce_ok_spy" status="PASSED">
         <system-out><![CDATA[2020-01-16 16:28:01 - [TEST_CASE][PASSED] - Test Cases/p4p_3_createInvoce_ok_spy: Test Cases/p4p_3_createInvoce_ok_spy

2020-01-16 16:28:01 - [TEST_STEP][PASSED] - openBrowser("https://p4p-qa-bg.aws.paradise4paws.com/login/"): Browser is opened with url: 'https://p4p-qa-bg.aws.paradise4paws.com/login/'

2020-01-16 16:28:01 - [MESSAGE][WARNING] - A browser is already opened. Closing browser and opening a new one

2020-01-16 16:28:01 - [MESSAGE][INFO] - Starting 'Chrome' driver

2020-01-16 16:28:03 - [MESSAGE][PASSED] - Browser is opened with url: 'https://p4p-qa-bg.aws.paradise4paws.com/login/'

2020-01-16 16:28:03 - [TEST_STEP][PASSED] - maximizeWindow(): Current window maximized

2020-01-16 16:28:04 - [MESSAGE][PASSED] - Current window maximized

2020-01-16 16:28:04 - [TEST_STEP][PASSED] - arryPets = var_pets.split(","): null

2020-01-16 16:28:04 - [TEST_STEP][PASSED] - flagBoar = "0": null

2020-01-16 16:28:04 - [TEST_STEP][PASSED] - log = new com.kms.katalon.core.logging.KeywordLogger(): null

2020-01-16 16:28:04 - [TEST_STEP][PASSED] - fisInv = new java.io.FileInputStream(/home/leonardo-arkusmty/Desktop/P4P/DATA_AUTOMATINTESTING/data_3createInvoice.xlsx): null

2020-01-16 16:28:04 - [TEST_STEP][PASSED] - fisPay = new java.io.FileInputStream(/home/leonardo-arkusmty/Desktop/P4P/DATA_AUTOMATINTESTING/data_4payment.xlsx): null

2020-01-16 16:28:04 - [TEST_STEP][PASSED] - workbookInv = new org.apache.poi.xssf.usermodel.XSSFWorkbook(fisInv): null

2020-01-16 16:28:04 - [TEST_STEP][PASSED] - workbookPay = new org.apache.poi.xssf.usermodel.XSSFWorkbook(fisPay): null

2020-01-16 16:28:04 - [TEST_STEP][PASSED] - sheetInv = workbookInv.getSheet("Sheet1"): null

2020-01-16 16:28:04 - [TEST_STEP][PASSED] - sheetPay = workbookPay.getSheet("Sheet1"): null

2020-01-16 16:28:04 - [TEST_STEP][PASSED] - var = Integer.parseInt(var_idRowRes): null

2020-01-16 16:28:04 - [TEST_STEP][PASSED] - rowInv = sheetInv.getRow(var): null

2020-01-16 16:28:04 - [TEST_STEP][PASSED] - rowPay = sheetPay.getRow(var): null

2020-01-16 16:28:04 - [TEST_STEP][PASSED] - today = new java.util.Date(): null

2020-01-16 16:28:04 - [TEST_STEP][PASSED] - todaysDate1 = today.format("mmm/dd/yy"): null

2020-01-16 16:28:04 - [TEST_STEP][PASSED] - todaysDate2 = today.format("dd/mm/yy"): null

2020-01-16 16:28:04 - [TEST_STEP][PASSED] - todaysDate3 = today.format("dd"): null

2020-01-16 16:28:04 - [TEST_STEP][PASSED] - nowTime = today.format("hhmm"): null

2020-01-16 16:28:04 - [TEST_STEP][PASSED] - setText(findTestObject("obj_login/input_user"), var_user): Text 'jegchavez@gmail.com' is set on object 'Object Repository/obj_login/input_user'

2020-01-16 16:28:04 - [MESSAGE][PASSED] - Text 'jegchavez@gmail.com' is set on object 'Object Repository/obj_login/input_user'

2020-01-16 16:28:04 - [TEST_STEP][PASSED] - setText(findTestObject("obj_login/input_pass"), var_pass): Text 'admin1' is set on object 'Object Repository/obj_login/input_pass'

2020-01-16 16:28:05 - [MESSAGE][PASSED] - Text 'admin1' is set on object 'Object Repository/obj_login/input_pass'

2020-01-16 16:28:05 - [TEST_STEP][PASSED] - delay(2): Delayed 2 second(s)

2020-01-16 16:28:07 - [MESSAGE][PASSED] - Delayed 2 second(s)

2020-01-16 16:28:07 - [TEST_STEP][PASSED] - verifyElementClickable(findTestObject("obj_login/btn_login")): Object 'Object Repository/obj_login/btn_login' is clickable

2020-01-16 16:28:07 - [MESSAGE][PASSED] - Object 'Object Repository/obj_login/btn_login' is clickable

2020-01-16 16:28:07 - [TEST_STEP][PASSED] - click(findTestObject("obj_login/btn_login")): Object: 'Object Repository/obj_login/btn_login' is clicked on

2020-01-16 16:28:08 - [MESSAGE][PASSED] - Object: 'Object Repository/obj_login/btn_login' is clicked on

2020-01-16 16:28:08 - [TEST_STEP][PASSED] - delay(2): Delayed 2 second(s)

2020-01-16 16:28:10 - [MESSAGE][PASSED] - Delayed 2 second(s)

2020-01-16 16:28:10 - [TEST_STEP][PASSED] - setText(findTestObject("obj_dashboard_emp/input_search"), var_parent): Text 'leongarzagarza@hotmail.com' is set on object 'Object Repository/obj_dashboard_emp/input_search'

2020-01-16 16:28:11 - [MESSAGE][PASSED] - Text 'leongarzagarza@hotmail.com' is set on object 'Object Repository/obj_dashboard_emp/input_search'

2020-01-16 16:28:11 - [TEST_STEP][PASSED] - click(findTestObject("obj_dashboard_emp/btn_accountSearch")): Object: 'Object Repository/obj_dashboard_emp/btn_accountSearch' is clicked on

2020-01-16 16:28:12 - [MESSAGE][PASSED] - Object: 'Object Repository/obj_dashboard_emp/btn_accountSearch' is clicked on

2020-01-16 16:28:12 - [TEST_STEP][PASSED] - delay(2): Delayed 2 second(s)

2020-01-16 16:28:14 - [MESSAGE][PASSED] - Delayed 2 second(s)

2020-01-16 16:28:14 - [TEST_STEP][PASSED] - click(findTestObject("obj_accountInformation/a_TEST GABRIEL PROD")): Object: 'Object Repository/obj_accountInformation/a_TEST GABRIEL PROD' is clicked on

2020-01-16 16:28:14 - [MESSAGE][PASSED] - Object: 'Object Repository/obj_accountInformation/a_TEST GABRIEL PROD' is clicked on

2020-01-16 16:28:14 - [TEST_STEP][PASSED] - delay(2): Delayed 2 second(s)

2020-01-16 16:28:16 - [MESSAGE][PASSED] - Delayed 2 second(s)

2020-01-16 16:28:16 - [TEST_STEP][PASSED] - click(findTestObject("obj_invoce/btn_createInvoice")): Object: 'Object Repository/obj_invoce/btn_createInvoice' is clicked on

2020-01-16 16:28:18 - [MESSAGE][PASSED] - Object: 'Object Repository/obj_invoce/btn_createInvoice' is clicked on

2020-01-16 16:28:18 - [TEST_STEP][PASSED] - delay(3): Delayed 3 second(s)

2020-01-16 16:28:21 - [MESSAGE][PASSED] - Delayed 3 second(s)

2020-01-16 16:28:21 - [TEST_STEP][PASSED] - if (arryPets.size() == 1): Delayed 4 second(s)

2020-01-16 16:28:21 - [TEST_STEP][PASSED] - click(findTestObject("obj_invoce/new_invoice/new_invoice_sub/btn_AddLineItem")): Object: 'Object Repository/obj_invoce/new_invoice/new_invoice_sub/btn_AddLineItem' is clicked on

2020-01-16 16:28:22 - [MESSAGE][PASSED] - Object: 'Object Repository/obj_invoce/new_invoice/new_invoice_sub/btn_AddLineItem' is clicked on

2020-01-16 16:28:22 - [TEST_STEP][PASSED] - delay(3): Delayed 3 second(s)

2020-01-16 16:28:25 - [MESSAGE][PASSED] - Delayed 3 second(s)

2020-01-16 16:28:25 - [TEST_STEP][PASSED] - click(findTestObject("obj_invoce/new_invoice/new_invoice_sub/a_Taxes ()_select2-choice_1")): Object: 'Object Repository/obj_invoce/new_invoice/new_invoice_sub/a_Taxes ()_select2-choice_1' is clicked on

2020-01-16 16:28:25 - [MESSAGE][PASSED] - Object: 'Object Repository/obj_invoce/new_invoice/new_invoice_sub/a_Taxes ()_select2-choice_1' is clicked on

2020-01-16 16:28:25 - [TEST_STEP][PASSED] - delay(3): Delayed 3 second(s)

2020-01-16 16:28:28 - [MESSAGE][PASSED] - Delayed 3 second(s)

2020-01-16 16:28:28 - [TEST_STEP][PASSED] - click(findTestObject("obj_invoce/new_invoice/new_invoice_sub/div_Zeus")): Object: 'Object Repository/obj_invoce/new_invoice/new_invoice_sub/div_Zeus' is clicked on

2020-01-16 16:28:29 - [MESSAGE][PASSED] - Object: 'Object Repository/obj_invoce/new_invoice/new_invoice_sub/div_Zeus' is clicked on

2020-01-16 16:28:29 - [TEST_STEP][NOT_RUN] - click(findTestObject("obj_invoce/new_invoice/new_invoice_sub/b")): NOT_RUN: click(findTestObject("obj_invoce/new_invoice/new_invoice_sub/b"))

2020-01-16 16:28:29 - [MESSAGE][NOT_RUN] - NOT_RUN: click(findTestObject("obj_invoce/new_invoice/new_invoice_sub/b"))

2020-01-16 16:28:29 - [TEST_STEP][NOT_RUN] - click(findTestObject("obj_invoce/new_invoice/new_invoice_sub/select_BOARDING_SUITEDAYCARE_SUITESPA_SUITE")): NOT_RUN: click(findTestObject("obj_invoce/new_invoice/new_invoice_sub/select_BOARDING_SUITEDAYCARE_SUITESPA_SUITE"))

2020-01-16 16:28:29 - [MESSAGE][NOT_RUN] - NOT_RUN: click(findTestObject("obj_invoce/new_invoice/new_invoice_sub/select_BOARDING_SUITEDAYCARE_SUITESPA_SUITE"))

2020-01-16 16:28:29 - [TEST_STEP][PASSED] - delay(3): Delayed 3 second(s)

2020-01-16 16:28:32 - [MESSAGE][PASSED] - Delayed 3 second(s)

2020-01-16 16:28:32 - [TEST_STEP][PASSED] - if (var_type == "BOARDING_SUITE"): null

2020-01-16 16:28:32 - [TEST_STEP][PASSED] - if (var_type == "DAYCARE_SUITE"): null

2020-01-16 16:28:32 - [TEST_STEP][PASSED] - if (var_type == "PACKAGE"): Object: 'Object Repository/obj_invoce/new_invoice_ok_1/select_package' is clicked on

2020-01-16 16:28:32 - [TEST_STEP][PASSED] - click(findTestObject("obj_invoce/new_invoice_ok_1/select_package"), STOP_ON_FAILURE): Object: 'Object Repository/obj_invoce/new_invoice_ok_1/select_package' is clicked on

2020-01-16 16:28:32 - [MESSAGE][PASSED] - Object: 'Object Repository/obj_invoce/new_invoice_ok_1/select_package' is clicked on

2020-01-16 16:28:32 - [TEST_STEP][PASSED] - delay(4): Delayed 4 second(s)

2020-01-16 16:28:36 - [MESSAGE][PASSED] - Delayed 4 second(s)

2020-01-16 16:28:36 - [TEST_STEP][PASSED] - sendKeys(findTestObject("obj_invoce/new_invoice/new_invoice_sub/input_Taxes_Item_1"), var_item): Keys 'M2M Monthly Membership' sent to object: 'Object Repository/obj_invoce/new_invoice/new_invoice_sub/input_Taxes_Item_1'

2020-01-16 16:28:36 - [MESSAGE][PASSED] - Keys 'M2M Monthly Membership' sent to object: 'Object Repository/obj_invoce/new_invoice/new_invoice_sub/input_Taxes_Item_1'

2020-01-16 16:28:36 - [TEST_STEP][PASSED] - delay(4): Delayed 4 second(s)

2020-01-16 16:28:40 - [MESSAGE][PASSED] - Delayed 4 second(s)

2020-01-16 16:28:40 - [TEST_STEP][PASSED] - sendKeys(findTestObject("obj_invoce/new_invoice/new_invoice_sub/input_Taxes_Item_1"), Keys.chord(ENTER)): Keys 'ENTER + ' sent to object: 'Object Repository/obj_invoce/new_invoice/new_invoice_sub/input_Taxes_Item_1'

2020-01-16 16:28:41 - [MESSAGE][PASSED] - Keys 'ENTER + ' sent to object: 'Object Repository/obj_invoce/new_invoice/new_invoice_sub/input_Taxes_Item_1'

2020-01-16 16:28:41 - [TEST_STEP][PASSED] - delay(4): Delayed 4 second(s)

2020-01-16 16:28:45 - [MESSAGE][PASSED] - Delayed 4 second(s)

2020-01-16 16:28:45 - [TEST_STEP][PASSED] - click(findTestObject("obj_invoce/new_invoice/new_invoice_sub/button_Save_Taxe")): Object: 'Object Repository/obj_invoce/new_invoice/new_invoice_sub/button_Save_Taxe' is clicked on

2020-01-16 16:28:45 - [MESSAGE][PASSED] - Object: 'Object Repository/obj_invoce/new_invoice/new_invoice_sub/button_Save_Taxe' is clicked on

2020-01-16 16:28:45 - [TEST_STEP][PASSED] - delay(4): Delayed 4 second(s)

2020-01-16 16:28:49 - [MESSAGE][PASSED] - Delayed 4 second(s)

2020-01-16 16:28:49 - [TEST_STEP][PASSED] - if (arryPets.size() == 2): null

2020-01-16 16:28:49 - [TEST_STEP][PASSED] - if (arryPets.size() == 3): null

2020-01-16 16:28:49 - [TEST_STEP][PASSED] - delay(2): Delayed 2 second(s)

2020-01-16 16:28:51 - [MESSAGE][PASSED] - Delayed 2 second(s)

2020-01-16 16:28:51 - [TEST_STEP][PASSED] - var_url = getUrl(): Current window's url is: 'https://p4p-qa-bg.aws.paradise4paws.com/accounts/profile/#/invoice/122350/1795530/'

2020-01-16 16:28:51 - [MESSAGE][PASSED] - Current window's url is: 'https://p4p-qa-bg.aws.paradise4paws.com/accounts/profile/#/invoice/122350/1795530/'

2020-01-16 16:28:51 - [TEST_STEP][PASSED] - arrayUrl = var_url.split("/"): null

2020-01-16 16:28:51 - [TEST_STEP][PASSED] - delay(2): Delayed 2 second(s)

2020-01-16 16:28:53 - [MESSAGE][PASSED] - Delayed 2 second(s)

2020-01-16 16:28:53 - [TEST_STEP][PASSED] - cell = rowInv.createCell(9, 0): null

2020-01-16 16:28:53 - [TEST_STEP][PASSED] - cell.setCellType(CELL_TYPE_STRING): null

2020-01-16 16:28:53 - [TEST_STEP][PASSED] - cell.setCellValue(arrayUrl[8]): null

2020-01-16 16:28:53 - [TEST_STEP][PASSED] - delay(2): Delayed 2 second(s)

2020-01-16 16:28:55 - [MESSAGE][PASSED] - Delayed 2 second(s)

2020-01-16 16:28:55 - [TEST_STEP][PASSED] - cell2 = rowPay.createCell(5, 0): null

2020-01-16 16:28:55 - [TEST_STEP][PASSED] - cell2.setCellType(CELL_TYPE_STRING): null

2020-01-16 16:28:55 - [TEST_STEP][PASSED] - cell2.setCellValue(arrayUrl[8]): null

2020-01-16 16:28:55 - [TEST_STEP][PASSED] - delay(2): Delayed 2 second(s)

2020-01-16 16:28:57 - [MESSAGE][PASSED] - Delayed 2 second(s)

2020-01-16 16:28:57 - [TEST_STEP][PASSED] - fosInv = new java.io.FileOutputStream(/home/leonardo-arkusmty/Desktop/P4P/DATA_AUTOMATINTESTING/data_3createInvoice.xlsx): null

2020-01-16 16:28:57 - [TEST_STEP][PASSED] - workbookInv.write(fosInv): null

2020-01-16 16:28:57 - [TEST_STEP][PASSED] - fosInv.close(): null

2020-01-16 16:28:57 - [TEST_STEP][PASSED] - fosPay = new java.io.FileOutputStream(/home/leonardo-arkusmty/Desktop/P4P/DATA_AUTOMATINTESTING/data_4payment.xlsx): null

2020-01-16 16:28:57 - [TEST_STEP][PASSED] - workbookPay.write(fosPay): null

2020-01-16 16:28:57 - [TEST_STEP][PASSED] - fosPay.close(): null

2020-01-16 16:28:57 - [TEST_STEP][PASSED] - delay(2): Delayed 2 second(s)

2020-01-16 16:28:59 - [MESSAGE][PASSED] - Delayed 2 second(s)]]></system-out>
         <system-err><![CDATA[]]></system-err>
      </testcase>
      <testcase name="Test Cases/p4p_3_createInvoce_ok_spy" time="78.928" classname="Test Cases/p4p_3_createInvoce_ok_spy" status="PASSED">
         <system-out><![CDATA[2020-01-16 16:28:59 - [TEST_CASE][PASSED] - Test Cases/p4p_3_createInvoce_ok_spy: Test Cases/p4p_3_createInvoce_ok_spy

2020-01-16 16:28:59 - [TEST_STEP][PASSED] - openBrowser("https://p4p-qa-bg.aws.paradise4paws.com/login/"): Browser is opened with url: 'https://p4p-qa-bg.aws.paradise4paws.com/login/'

2020-01-16 16:28:59 - [MESSAGE][WARNING] - A browser is already opened. Closing browser and opening a new one

2020-01-16 16:28:59 - [MESSAGE][INFO] - Starting 'Chrome' driver

2020-01-16 16:29:02 - [MESSAGE][PASSED] - Browser is opened with url: 'https://p4p-qa-bg.aws.paradise4paws.com/login/'

2020-01-16 16:29:02 - [TEST_STEP][PASSED] - maximizeWindow(): Current window maximized

2020-01-16 16:29:02 - [MESSAGE][PASSED] - Current window maximized

2020-01-16 16:29:02 - [TEST_STEP][PASSED] - arryPets = var_pets.split(","): null

2020-01-16 16:29:02 - [TEST_STEP][PASSED] - flagBoar = "0": null

2020-01-16 16:29:02 - [TEST_STEP][PASSED] - log = new com.kms.katalon.core.logging.KeywordLogger(): null

2020-01-16 16:29:02 - [TEST_STEP][PASSED] - fisInv = new java.io.FileInputStream(/home/leonardo-arkusmty/Desktop/P4P/DATA_AUTOMATINTESTING/data_3createInvoice.xlsx): null

2020-01-16 16:29:02 - [TEST_STEP][PASSED] - fisPay = new java.io.FileInputStream(/home/leonardo-arkusmty/Desktop/P4P/DATA_AUTOMATINTESTING/data_4payment.xlsx): null

2020-01-16 16:29:02 - [TEST_STEP][PASSED] - workbookInv = new org.apache.poi.xssf.usermodel.XSSFWorkbook(fisInv): null

2020-01-16 16:29:02 - [TEST_STEP][PASSED] - workbookPay = new org.apache.poi.xssf.usermodel.XSSFWorkbook(fisPay): null

2020-01-16 16:29:02 - [TEST_STEP][PASSED] - sheetInv = workbookInv.getSheet("Sheet1"): null

2020-01-16 16:29:02 - [TEST_STEP][PASSED] - sheetPay = workbookPay.getSheet("Sheet1"): null

2020-01-16 16:29:02 - [TEST_STEP][PASSED] - var = Integer.parseInt(var_idRowRes): null

2020-01-16 16:29:02 - [TEST_STEP][PASSED] - rowInv = sheetInv.getRow(var): null

2020-01-16 16:29:02 - [TEST_STEP][PASSED] - rowPay = sheetPay.getRow(var): null

2020-01-16 16:29:02 - [TEST_STEP][PASSED] - today = new java.util.Date(): null

2020-01-16 16:29:02 - [TEST_STEP][PASSED] - todaysDate1 = today.format("mmm/dd/yy"): null

2020-01-16 16:29:02 - [TEST_STEP][PASSED] - todaysDate2 = today.format("dd/mm/yy"): null

2020-01-16 16:29:02 - [TEST_STEP][PASSED] - todaysDate3 = today.format("dd"): null

2020-01-16 16:29:02 - [TEST_STEP][PASSED] - nowTime = today.format("hhmm"): null

2020-01-16 16:29:02 - [TEST_STEP][PASSED] - setText(findTestObject("obj_login/input_user"), var_user): Text 'jegchavez@gmail.com' is set on object 'Object Repository/obj_login/input_user'

2020-01-16 16:29:02 - [MESSAGE][PASSED] - Text 'jegchavez@gmail.com' is set on object 'Object Repository/obj_login/input_user'

2020-01-16 16:29:02 - [TEST_STEP][PASSED] - setText(findTestObject("obj_login/input_pass"), var_pass): Text 'admin1' is set on object 'Object Repository/obj_login/input_pass'

2020-01-16 16:29:03 - [MESSAGE][PASSED] - Text 'admin1' is set on object 'Object Repository/obj_login/input_pass'

2020-01-16 16:29:03 - [TEST_STEP][PASSED] - delay(2): Delayed 2 second(s)

2020-01-16 16:29:05 - [MESSAGE][PASSED] - Delayed 2 second(s)

2020-01-16 16:29:05 - [TEST_STEP][PASSED] - verifyElementClickable(findTestObject("obj_login/btn_login")): Object 'Object Repository/obj_login/btn_login' is clickable

2020-01-16 16:29:05 - [MESSAGE][PASSED] - Object 'Object Repository/obj_login/btn_login' is clickable

2020-01-16 16:29:05 - [TEST_STEP][PASSED] - click(findTestObject("obj_login/btn_login")): Object: 'Object Repository/obj_login/btn_login' is clicked on

2020-01-16 16:29:07 - [MESSAGE][PASSED] - Object: 'Object Repository/obj_login/btn_login' is clicked on

2020-01-16 16:29:07 - [TEST_STEP][PASSED] - delay(2): Delayed 2 second(s)

2020-01-16 16:29:09 - [MESSAGE][PASSED] - Delayed 2 second(s)

2020-01-16 16:29:09 - [TEST_STEP][PASSED] - setText(findTestObject("obj_dashboard_emp/input_search"), var_parent): Text 'leongarzagarza@hotmail.com' is set on object 'Object Repository/obj_dashboard_emp/input_search'

2020-01-16 16:29:09 - [MESSAGE][PASSED] - Text 'leongarzagarza@hotmail.com' is set on object 'Object Repository/obj_dashboard_emp/input_search'

2020-01-16 16:29:09 - [TEST_STEP][PASSED] - click(findTestObject("obj_dashboard_emp/btn_accountSearch")): Object: 'Object Repository/obj_dashboard_emp/btn_accountSearch' is clicked on

2020-01-16 16:29:10 - [MESSAGE][PASSED] - Object: 'Object Repository/obj_dashboard_emp/btn_accountSearch' is clicked on

2020-01-16 16:29:10 - [TEST_STEP][PASSED] - delay(2): Delayed 2 second(s)

2020-01-16 16:29:12 - [MESSAGE][PASSED] - Delayed 2 second(s)

2020-01-16 16:29:12 - [TEST_STEP][PASSED] - click(findTestObject("obj_accountInformation/a_TEST GABRIEL PROD")): Object: 'Object Repository/obj_accountInformation/a_TEST GABRIEL PROD' is clicked on

2020-01-16 16:29:13 - [MESSAGE][PASSED] - Object: 'Object Repository/obj_accountInformation/a_TEST GABRIEL PROD' is clicked on

2020-01-16 16:29:13 - [TEST_STEP][PASSED] - delay(2): Delayed 2 second(s)

2020-01-16 16:29:15 - [MESSAGE][PASSED] - Delayed 2 second(s)

2020-01-16 16:29:15 - [TEST_STEP][PASSED] - click(findTestObject("obj_invoce/btn_createInvoice")): Object: 'Object Repository/obj_invoce/btn_createInvoice' is clicked on

2020-01-16 16:29:17 - [MESSAGE][PASSED] - Object: 'Object Repository/obj_invoce/btn_createInvoice' is clicked on

2020-01-16 16:29:17 - [TEST_STEP][PASSED] - delay(3): Delayed 3 second(s)

2020-01-16 16:29:20 - [MESSAGE][PASSED] - Delayed 3 second(s)

2020-01-16 16:29:20 - [TEST_STEP][PASSED] - if (arryPets.size() == 1): null

2020-01-16 16:29:20 - [TEST_STEP][PASSED] - if (arryPets.size() == 2): Delayed 4 second(s)

2020-01-16 16:29:20 - [TEST_STEP][PASSED] - click(findTestObject("obj_invoce/new_invoice/new_invoice_sub/btn_AddLineItem")): Object: 'Object Repository/obj_invoce/new_invoice/new_invoice_sub/btn_AddLineItem' is clicked on

2020-01-16 16:29:20 - [MESSAGE][PASSED] - Object: 'Object Repository/obj_invoce/new_invoice/new_invoice_sub/btn_AddLineItem' is clicked on

2020-01-16 16:29:20 - [TEST_STEP][PASSED] - delay(3): Delayed 3 second(s)

2020-01-16 16:29:23 - [MESSAGE][PASSED] - Delayed 3 second(s)

2020-01-16 16:29:23 - [TEST_STEP][PASSED] - click(findTestObject("obj_invoce/new_invoice/new_invoice_sub/a_Taxes ()_select2-choice_1")): Object: 'Object Repository/obj_invoce/new_invoice/new_invoice_sub/a_Taxes ()_select2-choice_1' is clicked on

2020-01-16 16:29:23 - [MESSAGE][PASSED] - Object: 'Object Repository/obj_invoce/new_invoice/new_invoice_sub/a_Taxes ()_select2-choice_1' is clicked on

2020-01-16 16:29:23 - [TEST_STEP][PASSED] - delay(3): Delayed 3 second(s)

2020-01-16 16:29:26 - [MESSAGE][PASSED] - Delayed 3 second(s)

2020-01-16 16:29:26 - [TEST_STEP][PASSED] - click(findTestObject("obj_invoce/new_invoice/new_invoice_sub/div_Zeus")): Object: 'Object Repository/obj_invoce/new_invoice/new_invoice_sub/div_Zeus' is clicked on

2020-01-16 16:29:27 - [MESSAGE][PASSED] - Object: 'Object Repository/obj_invoce/new_invoice/new_invoice_sub/div_Zeus' is clicked on

2020-01-16 16:29:27 - [TEST_STEP][NOT_RUN] - click(findTestObject("obj_invoce/new_invoice/new_invoice_sub/b")): NOT_RUN: click(findTestObject("obj_invoce/new_invoice/new_invoice_sub/b"))

2020-01-16 16:29:27 - [MESSAGE][NOT_RUN] - NOT_RUN: click(findTestObject("obj_invoce/new_invoice/new_invoice_sub/b"))

2020-01-16 16:29:27 - [TEST_STEP][NOT_RUN] - click(findTestObject("obj_invoce/new_invoice/new_invoice_sub/select_BOARDING_SUITEDAYCARE_SUITESPA_SUITE")): NOT_RUN: click(findTestObject("obj_invoce/new_invoice/new_invoice_sub/select_BOARDING_SUITEDAYCARE_SUITESPA_SUITE"))

2020-01-16 16:29:27 - [MESSAGE][NOT_RUN] - NOT_RUN: click(findTestObject("obj_invoce/new_invoice/new_invoice_sub/select_BOARDING_SUITEDAYCARE_SUITESPA_SUITE"))

2020-01-16 16:29:27 - [TEST_STEP][PASSED] - delay(3): Delayed 3 second(s)

2020-01-16 16:29:30 - [MESSAGE][PASSED] - Delayed 3 second(s)

2020-01-16 16:29:30 - [TEST_STEP][PASSED] - if (var_type == "BOARDING_SUITE"): Object: 'Object Repository/obj_invoce/new_invoice_ok_1/select_boarding' is clicked on

2020-01-16 16:29:30 - [TEST_STEP][PASSED] - click(findTestObject("obj_invoce/new_invoice_ok_1/select_boarding"), STOP_ON_FAILURE): Object: 'Object Repository/obj_invoce/new_invoice_ok_1/select_boarding' is clicked on

2020-01-16 16:29:30 - [MESSAGE][PASSED] - Object: 'Object Repository/obj_invoce/new_invoice_ok_1/select_boarding' is clicked on

2020-01-16 16:29:30 - [TEST_STEP][PASSED] - if (var_type == "DAYCARE_SUITE"): null

2020-01-16 16:29:30 - [TEST_STEP][PASSED] - if (var_type == "PACKAGE"): null

2020-01-16 16:29:30 - [TEST_STEP][PASSED] - delay(4): Delayed 4 second(s)

2020-01-16 16:29:34 - [MESSAGE][PASSED] - Delayed 4 second(s)

2020-01-16 16:29:34 - [TEST_STEP][PASSED] - sendKeys(findTestObject("obj_invoce/new_invoice/new_invoice_sub/input_Taxes_Item_1"), var_item): Keys 'Oasis Suite' sent to object: 'Object Repository/obj_invoce/new_invoice/new_invoice_sub/input_Taxes_Item_1'

2020-01-16 16:29:34 - [MESSAGE][PASSED] - Keys 'Oasis Suite' sent to object: 'Object Repository/obj_invoce/new_invoice/new_invoice_sub/input_Taxes_Item_1'

2020-01-16 16:29:34 - [TEST_STEP][PASSED] - delay(4): Delayed 4 second(s)

2020-01-16 16:29:38 - [MESSAGE][PASSED] - Delayed 4 second(s)

2020-01-16 16:29:38 - [TEST_STEP][PASSED] - sendKeys(findTestObject("obj_invoce/new_invoice/new_invoice_sub/input_Taxes_Item_1"), Keys.chord(ENTER)): Keys 'ENTER + ' sent to object: 'Object Repository/obj_invoce/new_invoice/new_invoice_sub/input_Taxes_Item_1'

2020-01-16 16:29:39 - [MESSAGE][PASSED] - Keys 'ENTER + ' sent to object: 'Object Repository/obj_invoce/new_invoice/new_invoice_sub/input_Taxes_Item_1'

2020-01-16 16:29:39 - [TEST_STEP][PASSED] - delay(4): Delayed 4 second(s)

2020-01-16 16:29:43 - [MESSAGE][PASSED] - Delayed 4 second(s)

2020-01-16 16:29:43 - [TEST_STEP][PASSED] - click(findTestObject("obj_invoce/new_invoice/new_invoice_sub/btn_AddLineItem")): Object: 'Object Repository/obj_invoce/new_invoice/new_invoice_sub/btn_AddLineItem' is clicked on

2020-01-16 16:29:43 - [MESSAGE][PASSED] - Object: 'Object Repository/obj_invoce/new_invoice/new_invoice_sub/btn_AddLineItem' is clicked on

2020-01-16 16:29:43 - [TEST_STEP][PASSED] - delay(3): Delayed 3 second(s)

2020-01-16 16:29:46 - [MESSAGE][PASSED] - Delayed 3 second(s)

2020-01-16 16:29:46 - [TEST_STEP][PASSED] - click(findTestObject("obj_invoce/new_invoice/new_invoice_sub2/a_Taxes ()_select2-choice_2")): Object: 'Object Repository/obj_invoce/new_invoice/new_invoice_sub2/a_Taxes ()_select2-choice_2' is clicked on

2020-01-16 16:29:46 - [MESSAGE][PASSED] - Object: 'Object Repository/obj_invoce/new_invoice/new_invoice_sub2/a_Taxes ()_select2-choice_2' is clicked on

2020-01-16 16:29:46 - [TEST_STEP][PASSED] - delay(3): Delayed 3 second(s)

2020-01-16 16:29:49 - [MESSAGE][PASSED] - Delayed 3 second(s)

2020-01-16 16:29:49 - [TEST_STEP][PASSED] - click(findTestObject("obj_invoce/new_invoice/new_invoice_sub/div_Ares")): Object: 'Object Repository/obj_invoce/new_invoice/new_invoice_sub/div_Ares' is clicked on

2020-01-16 16:29:50 - [MESSAGE][PASSED] - Object: 'Object Repository/obj_invoce/new_invoice/new_invoice_sub/div_Ares' is clicked on

2020-01-16 16:29:50 - [TEST_STEP][NOT_RUN] - click(findTestObject("obj_invoce/new_invoice/new_invoice_sub/b")): NOT_RUN: click(findTestObject("obj_invoce/new_invoice/new_invoice_sub/b"))

2020-01-16 16:29:50 - [MESSAGE][NOT_RUN] - NOT_RUN: click(findTestObject("obj_invoce/new_invoice/new_invoice_sub/b"))

2020-01-16 16:29:50 - [TEST_STEP][NOT_RUN] - click(findTestObject("obj_invoce/new_invoice/new_invoice_sub/select_BOARDING_SUITEDAYCARE_SUITESPA_SUITE")): NOT_RUN: click(findTestObject("obj_invoce/new_invoice/new_invoice_sub/select_BOARDING_SUITEDAYCARE_SUITESPA_SUITE"))

2020-01-16 16:29:50 - [MESSAGE][NOT_RUN] - NOT_RUN: click(findTestObject("obj_invoce/new_invoice/new_invoice_sub/select_BOARDING_SUITEDAYCARE_SUITESPA_SUITE"))

2020-01-16 16:29:50 - [TEST_STEP][PASSED] - delay(3): Delayed 3 second(s)

2020-01-16 16:29:53 - [MESSAGE][PASSED] - Delayed 3 second(s)

2020-01-16 16:29:53 - [TEST_STEP][PASSED] - if (var_type == "BOARDING_SUITE"): Object: 'Object Repository/obj_invoce/new_invoice/new_invoice_sub2/select_boarding_2' is clicked on

2020-01-16 16:29:53 - [TEST_STEP][PASSED] - click(findTestObject("obj_invoce/new_invoice/new_invoice_sub2/select_boarding_2"), STOP_ON_FAILURE): Object: 'Object Repository/obj_invoce/new_invoice/new_invoice_sub2/select_boarding_2' is clicked on

2020-01-16 16:29:53 - [MESSAGE][PASSED] - Object: 'Object Repository/obj_invoce/new_invoice/new_invoice_sub2/select_boarding_2' is clicked on

2020-01-16 16:29:53 - [TEST_STEP][PASSED] - if (var_type == "DAYCARE_SUITE"): null

2020-01-16 16:29:53 - [TEST_STEP][PASSED] - if (var_type == "PACKAGE"): null

2020-01-16 16:29:53 - [TEST_STEP][PASSED] - delay(4): Delayed 4 second(s)

2020-01-16 16:29:57 - [MESSAGE][PASSED] - Delayed 4 second(s)

2020-01-16 16:29:57 - [TEST_STEP][PASSED] - try: Delayed 3 second(s)

2020-01-16 16:29:57 - [TEST_STEP][PASSED] - sendKeys(findTestObject("obj_invoce/new_invoice/new_invoice_sub2/input_Taxes_Item_2"), var_item): Keys 'Oasis Suite' sent to object: 'Object Repository/obj_invoce/new_invoice/new_invoice_sub2/input_Taxes_Item_2'

2020-01-16 16:29:58 - [MESSAGE][PASSED] - Keys 'Oasis Suite' sent to object: 'Object Repository/obj_invoce/new_invoice/new_invoice_sub2/input_Taxes_Item_2'

2020-01-16 16:29:58 - [TEST_STEP][PASSED] - delay(3): Delayed 3 second(s)

2020-01-16 16:30:01 - [MESSAGE][PASSED] - Delayed 3 second(s)

2020-01-16 16:30:01 - [TEST_STEP][PASSED] - sendKeys(findTestObject("obj_invoce/new_invoice/new_invoice_sub2/input_Taxes_Item_2"), Keys.chord(ENTER)): Keys 'ENTER + ' sent to object: 'Object Repository/obj_invoce/new_invoice/new_invoice_sub2/input_Taxes_Item_2'

2020-01-16 16:30:01 - [MESSAGE][PASSED] - Keys 'ENTER + ' sent to object: 'Object Repository/obj_invoce/new_invoice/new_invoice_sub2/input_Taxes_Item_2'

2020-01-16 16:30:01 - [TEST_STEP][PASSED] - delay(3): Delayed 3 second(s)

2020-01-16 16:30:04 - [MESSAGE][PASSED] - Delayed 3 second(s)

2020-01-16 16:30:04 - [TEST_STEP][PASSED] - try: Delayed 4 second(s)

2020-01-16 16:30:04 - [TEST_STEP][PASSED] - click(findTestObject("obj_invoce/new_invoice/new_invoice_sub/button_Save_Taxe")): Object: 'Object Repository/obj_invoce/new_invoice/new_invoice_sub/button_Save_Taxe' is clicked on

2020-01-16 16:30:04 - [MESSAGE][PASSED] - Object: 'Object Repository/obj_invoce/new_invoice/new_invoice_sub/button_Save_Taxe' is clicked on

2020-01-16 16:30:04 - [TEST_STEP][PASSED] - delay(4): Delayed 4 second(s)

2020-01-16 16:30:08 - [MESSAGE][PASSED] - Delayed 4 second(s)

2020-01-16 16:30:08 - [TEST_STEP][PASSED] - if (arryPets.size() == 3): null

2020-01-16 16:30:08 - [TEST_STEP][PASSED] - delay(2): Delayed 2 second(s)

2020-01-16 16:30:10 - [MESSAGE][PASSED] - Delayed 2 second(s)

2020-01-16 16:30:10 - [TEST_STEP][PASSED] - var_url = getUrl(): Current window's url is: 'https://p4p-qa-bg.aws.paradise4paws.com/accounts/profile/#/invoice/122350/1795532/'

2020-01-16 16:30:10 - [MESSAGE][PASSED] - Current window's url is: 'https://p4p-qa-bg.aws.paradise4paws.com/accounts/profile/#/invoice/122350/1795532/'

2020-01-16 16:30:10 - [TEST_STEP][PASSED] - arrayUrl = var_url.split("/"): null

2020-01-16 16:30:10 - [TEST_STEP][PASSED] - delay(2): Delayed 2 second(s)

2020-01-16 16:30:12 - [MESSAGE][PASSED] - Delayed 2 second(s)

2020-01-16 16:30:12 - [TEST_STEP][PASSED] - cell = rowInv.createCell(9, 0): null

2020-01-16 16:30:12 - [TEST_STEP][PASSED] - cell.setCellType(CELL_TYPE_STRING): null

2020-01-16 16:30:12 - [TEST_STEP][PASSED] - cell.setCellValue(arrayUrl[8]): null

2020-01-16 16:30:12 - [TEST_STEP][PASSED] - delay(2): Delayed 2 second(s)

2020-01-16 16:30:14 - [MESSAGE][PASSED] - Delayed 2 second(s)

2020-01-16 16:30:14 - [TEST_STEP][PASSED] - cell2 = rowPay.createCell(5, 0): null

2020-01-16 16:30:14 - [TEST_STEP][PASSED] - cell2.setCellType(CELL_TYPE_STRING): null

2020-01-16 16:30:14 - [TEST_STEP][PASSED] - cell2.setCellValue(arrayUrl[8]): null

2020-01-16 16:30:14 - [TEST_STEP][PASSED] - delay(2): Delayed 2 second(s)

2020-01-16 16:30:16 - [MESSAGE][PASSED] - Delayed 2 second(s)

2020-01-16 16:30:16 - [TEST_STEP][PASSED] - fosInv = new java.io.FileOutputStream(/home/leonardo-arkusmty/Desktop/P4P/DATA_AUTOMATINTESTING/data_3createInvoice.xlsx): null

2020-01-16 16:30:16 - [TEST_STEP][PASSED] - workbookInv.write(fosInv): null

2020-01-16 16:30:16 - [TEST_STEP][PASSED] - fosInv.close(): null

2020-01-16 16:30:16 - [TEST_STEP][PASSED] - fosPay = new java.io.FileOutputStream(/home/leonardo-arkusmty/Desktop/P4P/DATA_AUTOMATINTESTING/data_4payment.xlsx): null

2020-01-16 16:30:16 - [TEST_STEP][PASSED] - workbookPay.write(fosPay): null

2020-01-16 16:30:16 - [TEST_STEP][PASSED] - fosPay.close(): null

2020-01-16 16:30:16 - [TEST_STEP][PASSED] - delay(2): Delayed 2 second(s)

2020-01-16 16:30:18 - [MESSAGE][PASSED] - Delayed 2 second(s)]]></system-out>
         <system-err><![CDATA[]]></system-err>
      </testcase>
      <testcase name="Test Cases/p4p_3_createInvoce_ok_spy" time="79.631" classname="Test Cases/p4p_3_createInvoce_ok_spy" status="PASSED">
         <system-out><![CDATA[2020-01-16 16:30:18 - [TEST_CASE][PASSED] - Test Cases/p4p_3_createInvoce_ok_spy: Test Cases/p4p_3_createInvoce_ok_spy

2020-01-16 16:30:18 - [TEST_STEP][PASSED] - openBrowser("https://p4p-qa-bg.aws.paradise4paws.com/login/"): Browser is opened with url: 'https://p4p-qa-bg.aws.paradise4paws.com/login/'

2020-01-16 16:30:18 - [MESSAGE][WARNING] - A browser is already opened. Closing browser and opening a new one

2020-01-16 16:30:18 - [MESSAGE][INFO] - Starting 'Chrome' driver

2020-01-16 16:30:21 - [MESSAGE][PASSED] - Browser is opened with url: 'https://p4p-qa-bg.aws.paradise4paws.com/login/'

2020-01-16 16:30:21 - [TEST_STEP][PASSED] - maximizeWindow(): Current window maximized

2020-01-16 16:30:21 - [MESSAGE][PASSED] - Current window maximized

2020-01-16 16:30:21 - [TEST_STEP][PASSED] - arryPets = var_pets.split(","): null

2020-01-16 16:30:21 - [TEST_STEP][PASSED] - flagBoar = "0": null

2020-01-16 16:30:21 - [TEST_STEP][PASSED] - log = new com.kms.katalon.core.logging.KeywordLogger(): null

2020-01-16 16:30:21 - [TEST_STEP][PASSED] - fisInv = new java.io.FileInputStream(/home/leonardo-arkusmty/Desktop/P4P/DATA_AUTOMATINTESTING/data_3createInvoice.xlsx): null

2020-01-16 16:30:21 - [TEST_STEP][PASSED] - fisPay = new java.io.FileInputStream(/home/leonardo-arkusmty/Desktop/P4P/DATA_AUTOMATINTESTING/data_4payment.xlsx): null

2020-01-16 16:30:21 - [TEST_STEP][PASSED] - workbookInv = new org.apache.poi.xssf.usermodel.XSSFWorkbook(fisInv): null

2020-01-16 16:30:21 - [TEST_STEP][PASSED] - workbookPay = new org.apache.poi.xssf.usermodel.XSSFWorkbook(fisPay): null

2020-01-16 16:30:21 - [TEST_STEP][PASSED] - sheetInv = workbookInv.getSheet("Sheet1"): null

2020-01-16 16:30:21 - [TEST_STEP][PASSED] - sheetPay = workbookPay.getSheet("Sheet1"): null

2020-01-16 16:30:21 - [TEST_STEP][PASSED] - var = Integer.parseInt(var_idRowRes): null

2020-01-16 16:30:21 - [TEST_STEP][PASSED] - rowInv = sheetInv.getRow(var): null

2020-01-16 16:30:21 - [TEST_STEP][PASSED] - rowPay = sheetPay.getRow(var): null

2020-01-16 16:30:21 - [TEST_STEP][PASSED] - today = new java.util.Date(): null

2020-01-16 16:30:21 - [TEST_STEP][PASSED] - todaysDate1 = today.format("mmm/dd/yy"): null

2020-01-16 16:30:21 - [TEST_STEP][PASSED] - todaysDate2 = today.format("dd/mm/yy"): null

2020-01-16 16:30:21 - [TEST_STEP][PASSED] - todaysDate3 = today.format("dd"): null

2020-01-16 16:30:21 - [TEST_STEP][PASSED] - nowTime = today.format("hhmm"): null

2020-01-16 16:30:21 - [TEST_STEP][PASSED] - setText(findTestObject("obj_login/input_user"), var_user): Text 'jegchavez@gmail.com' is set on object 'Object Repository/obj_login/input_user'

2020-01-16 16:30:22 - [MESSAGE][PASSED] - Text 'jegchavez@gmail.com' is set on object 'Object Repository/obj_login/input_user'

2020-01-16 16:30:22 - [TEST_STEP][PASSED] - setText(findTestObject("obj_login/input_pass"), var_pass): Text 'admin1' is set on object 'Object Repository/obj_login/input_pass'

2020-01-16 16:30:22 - [MESSAGE][PASSED] - Text 'admin1' is set on object 'Object Repository/obj_login/input_pass'

2020-01-16 16:30:22 - [TEST_STEP][PASSED] - delay(2): Delayed 2 second(s)

2020-01-16 16:30:24 - [MESSAGE][PASSED] - Delayed 2 second(s)

2020-01-16 16:30:24 - [TEST_STEP][PASSED] - verifyElementClickable(findTestObject("obj_login/btn_login")): Object 'Object Repository/obj_login/btn_login' is clickable

2020-01-16 16:30:24 - [MESSAGE][PASSED] - Object 'Object Repository/obj_login/btn_login' is clickable

2020-01-16 16:30:24 - [TEST_STEP][PASSED] - click(findTestObject("obj_login/btn_login")): Object: 'Object Repository/obj_login/btn_login' is clicked on

2020-01-16 16:30:26 - [MESSAGE][PASSED] - Object: 'Object Repository/obj_login/btn_login' is clicked on

2020-01-16 16:30:26 - [TEST_STEP][PASSED] - delay(2): Delayed 2 second(s)

2020-01-16 16:30:28 - [MESSAGE][PASSED] - Delayed 2 second(s)

2020-01-16 16:30:28 - [TEST_STEP][PASSED] - setText(findTestObject("obj_dashboard_emp/input_search"), var_parent): Text 'leongarzagarza@hotmail.com' is set on object 'Object Repository/obj_dashboard_emp/input_search'

2020-01-16 16:30:28 - [MESSAGE][PASSED] - Text 'leongarzagarza@hotmail.com' is set on object 'Object Repository/obj_dashboard_emp/input_search'

2020-01-16 16:30:28 - [TEST_STEP][PASSED] - click(findTestObject("obj_dashboard_emp/btn_accountSearch")): Object: 'Object Repository/obj_dashboard_emp/btn_accountSearch' is clicked on

2020-01-16 16:30:29 - [MESSAGE][PASSED] - Object: 'Object Repository/obj_dashboard_emp/btn_accountSearch' is clicked on

2020-01-16 16:30:29 - [TEST_STEP][PASSED] - delay(2): Delayed 2 second(s)

2020-01-16 16:30:31 - [MESSAGE][PASSED] - Delayed 2 second(s)

2020-01-16 16:30:31 - [TEST_STEP][PASSED] - click(findTestObject("obj_accountInformation/a_TEST GABRIEL PROD")): Object: 'Object Repository/obj_accountInformation/a_TEST GABRIEL PROD' is clicked on

2020-01-16 16:30:32 - [MESSAGE][PASSED] - Object: 'Object Repository/obj_accountInformation/a_TEST GABRIEL PROD' is clicked on

2020-01-16 16:30:32 - [TEST_STEP][PASSED] - delay(2): Delayed 2 second(s)

2020-01-16 16:30:34 - [MESSAGE][PASSED] - Delayed 2 second(s)

2020-01-16 16:30:34 - [TEST_STEP][PASSED] - click(findTestObject("obj_invoce/btn_createInvoice")): Object: 'Object Repository/obj_invoce/btn_createInvoice' is clicked on

2020-01-16 16:30:36 - [MESSAGE][PASSED] - Object: 'Object Repository/obj_invoce/btn_createInvoice' is clicked on

2020-01-16 16:30:36 - [TEST_STEP][PASSED] - delay(3): Delayed 3 second(s)

2020-01-16 16:30:39 - [MESSAGE][PASSED] - Delayed 3 second(s)

2020-01-16 16:30:39 - [TEST_STEP][PASSED] - if (arryPets.size() == 1): null

2020-01-16 16:30:39 - [TEST_STEP][PASSED] - if (arryPets.size() == 2): Delayed 4 second(s)

2020-01-16 16:30:39 - [TEST_STEP][PASSED] - click(findTestObject("obj_invoce/new_invoice/new_invoice_sub/btn_AddLineItem")): Object: 'Object Repository/obj_invoce/new_invoice/new_invoice_sub/btn_AddLineItem' is clicked on

2020-01-16 16:30:39 - [MESSAGE][PASSED] - Object: 'Object Repository/obj_invoce/new_invoice/new_invoice_sub/btn_AddLineItem' is clicked on

2020-01-16 16:30:39 - [TEST_STEP][PASSED] - delay(3): Delayed 3 second(s)

2020-01-16 16:30:42 - [MESSAGE][PASSED] - Delayed 3 second(s)

2020-01-16 16:30:42 - [TEST_STEP][PASSED] - click(findTestObject("obj_invoce/new_invoice/new_invoice_sub/a_Taxes ()_select2-choice_1")): Object: 'Object Repository/obj_invoce/new_invoice/new_invoice_sub/a_Taxes ()_select2-choice_1' is clicked on

2020-01-16 16:30:43 - [MESSAGE][PASSED] - Object: 'Object Repository/obj_invoce/new_invoice/new_invoice_sub/a_Taxes ()_select2-choice_1' is clicked on

2020-01-16 16:30:43 - [TEST_STEP][PASSED] - delay(3): Delayed 3 second(s)

2020-01-16 16:30:46 - [MESSAGE][PASSED] - Delayed 3 second(s)

2020-01-16 16:30:46 - [TEST_STEP][PASSED] - click(findTestObject("obj_invoce/new_invoice/new_invoice_sub/div_Zeus")): Object: 'Object Repository/obj_invoce/new_invoice/new_invoice_sub/div_Zeus' is clicked on

2020-01-16 16:30:46 - [MESSAGE][PASSED] - Object: 'Object Repository/obj_invoce/new_invoice/new_invoice_sub/div_Zeus' is clicked on

2020-01-16 16:30:46 - [TEST_STEP][NOT_RUN] - click(findTestObject("obj_invoce/new_invoice/new_invoice_sub/b")): NOT_RUN: click(findTestObject("obj_invoce/new_invoice/new_invoice_sub/b"))

2020-01-16 16:30:46 - [MESSAGE][NOT_RUN] - NOT_RUN: click(findTestObject("obj_invoce/new_invoice/new_invoice_sub/b"))

2020-01-16 16:30:46 - [TEST_STEP][NOT_RUN] - click(findTestObject("obj_invoce/new_invoice/new_invoice_sub/select_BOARDING_SUITEDAYCARE_SUITESPA_SUITE")): NOT_RUN: click(findTestObject("obj_invoce/new_invoice/new_invoice_sub/select_BOARDING_SUITEDAYCARE_SUITESPA_SUITE"))

2020-01-16 16:30:46 - [MESSAGE][NOT_RUN] - NOT_RUN: click(findTestObject("obj_invoce/new_invoice/new_invoice_sub/select_BOARDING_SUITEDAYCARE_SUITESPA_SUITE"))

2020-01-16 16:30:46 - [TEST_STEP][PASSED] - delay(3): Delayed 3 second(s)

2020-01-16 16:30:49 - [MESSAGE][PASSED] - Delayed 3 second(s)

2020-01-16 16:30:49 - [TEST_STEP][PASSED] - if (var_type == "BOARDING_SUITE"): null

2020-01-16 16:30:49 - [TEST_STEP][PASSED] - if (var_type == "DAYCARE_SUITE"): Object: 'Object Repository/obj_invoce/new_invoice_ok_1/select_day' is clicked on

2020-01-16 16:30:49 - [TEST_STEP][PASSED] - click(findTestObject("obj_invoce/new_invoice_ok_1/select_day"), STOP_ON_FAILURE): Object: 'Object Repository/obj_invoce/new_invoice_ok_1/select_day' is clicked on

2020-01-16 16:30:49 - [MESSAGE][PASSED] - Object: 'Object Repository/obj_invoce/new_invoice_ok_1/select_day' is clicked on

2020-01-16 16:30:49 - [TEST_STEP][PASSED] - if (var_type == "PACKAGE"): null

2020-01-16 16:30:49 - [TEST_STEP][PASSED] - delay(4): Delayed 4 second(s)

2020-01-16 16:30:53 - [MESSAGE][PASSED] - Delayed 4 second(s)

2020-01-16 16:30:53 - [TEST_STEP][PASSED] - sendKeys(findTestObject("obj_invoce/new_invoice/new_invoice_sub/input_Taxes_Item_1"), var_item): Keys 'Half Day of Daycare' sent to object: 'Object Repository/obj_invoce/new_invoice/new_invoice_sub/input_Taxes_Item_1'

2020-01-16 16:30:54 - [MESSAGE][PASSED] - Keys 'Half Day of Daycare' sent to object: 'Object Repository/obj_invoce/new_invoice/new_invoice_sub/input_Taxes_Item_1'

2020-01-16 16:30:54 - [TEST_STEP][PASSED] - delay(4): Delayed 4 second(s)

2020-01-16 16:30:58 - [MESSAGE][PASSED] - Delayed 4 second(s)

2020-01-16 16:30:58 - [TEST_STEP][PASSED] - sendKeys(findTestObject("obj_invoce/new_invoice/new_invoice_sub/input_Taxes_Item_1"), Keys.chord(ENTER)): Keys 'ENTER + ' sent to object: 'Object Repository/obj_invoce/new_invoice/new_invoice_sub/input_Taxes_Item_1'

2020-01-16 16:30:58 - [MESSAGE][PASSED] - Keys 'ENTER + ' sent to object: 'Object Repository/obj_invoce/new_invoice/new_invoice_sub/input_Taxes_Item_1'

2020-01-16 16:30:58 - [TEST_STEP][PASSED] - delay(4): Delayed 4 second(s)

2020-01-16 16:31:02 - [MESSAGE][PASSED] - Delayed 4 second(s)

2020-01-16 16:31:02 - [TEST_STEP][PASSED] - click(findTestObject("obj_invoce/new_invoice/new_invoice_sub/btn_AddLineItem")): Object: 'Object Repository/obj_invoce/new_invoice/new_invoice_sub/btn_AddLineItem' is clicked on

2020-01-16 16:31:03 - [MESSAGE][PASSED] - Object: 'Object Repository/obj_invoce/new_invoice/new_invoice_sub/btn_AddLineItem' is clicked on

2020-01-16 16:31:03 - [TEST_STEP][PASSED] - delay(3): Delayed 3 second(s)

2020-01-16 16:31:06 - [MESSAGE][PASSED] - Delayed 3 second(s)

2020-01-16 16:31:06 - [TEST_STEP][PASSED] - click(findTestObject("obj_invoce/new_invoice/new_invoice_sub2/a_Taxes ()_select2-choice_2")): Object: 'Object Repository/obj_invoce/new_invoice/new_invoice_sub2/a_Taxes ()_select2-choice_2' is clicked on

2020-01-16 16:31:06 - [MESSAGE][PASSED] - Object: 'Object Repository/obj_invoce/new_invoice/new_invoice_sub2/a_Taxes ()_select2-choice_2' is clicked on

2020-01-16 16:31:06 - [TEST_STEP][PASSED] - delay(3): Delayed 3 second(s)

2020-01-16 16:31:09 - [MESSAGE][PASSED] - Delayed 3 second(s)

2020-01-16 16:31:09 - [TEST_STEP][PASSED] - click(findTestObject("obj_invoce/new_invoice/new_invoice_sub/div_Ares")): Object: 'Object Repository/obj_invoce/new_invoice/new_invoice_sub/div_Ares' is clicked on

2020-01-16 16:31:09 - [MESSAGE][PASSED] - Object: 'Object Repository/obj_invoce/new_invoice/new_invoice_sub/div_Ares' is clicked on

2020-01-16 16:31:09 - [TEST_STEP][NOT_RUN] - click(findTestObject("obj_invoce/new_invoice/new_invoice_sub/b")): NOT_RUN: click(findTestObject("obj_invoce/new_invoice/new_invoice_sub/b"))

2020-01-16 16:31:09 - [MESSAGE][NOT_RUN] - NOT_RUN: click(findTestObject("obj_invoce/new_invoice/new_invoice_sub/b"))

2020-01-16 16:31:09 - [TEST_STEP][NOT_RUN] - click(findTestObject("obj_invoce/new_invoice/new_invoice_sub/select_BOARDING_SUITEDAYCARE_SUITESPA_SUITE")): NOT_RUN: click(findTestObject("obj_invoce/new_invoice/new_invoice_sub/select_BOARDING_SUITEDAYCARE_SUITESPA_SUITE"))

2020-01-16 16:31:09 - [MESSAGE][NOT_RUN] - NOT_RUN: click(findTestObject("obj_invoce/new_invoice/new_invoice_sub/select_BOARDING_SUITEDAYCARE_SUITESPA_SUITE"))

2020-01-16 16:31:09 - [TEST_STEP][PASSED] - delay(3): Delayed 3 second(s)

2020-01-16 16:31:12 - [MESSAGE][PASSED] - Delayed 3 second(s)

2020-01-16 16:31:12 - [TEST_STEP][PASSED] - if (var_type == "BOARDING_SUITE"): null

2020-01-16 16:31:12 - [TEST_STEP][PASSED] - if (var_type == "DAYCARE_SUITE"): Object: 'Object Repository/obj_invoce/new_invoice/new_invoice_sub2/select_day_2' is clicked on

2020-01-16 16:31:12 - [TEST_STEP][PASSED] - click(findTestObject("obj_invoce/new_invoice/new_invoice_sub2/select_day_2"), STOP_ON_FAILURE): Object: 'Object Repository/obj_invoce/new_invoice/new_invoice_sub2/select_day_2' is clicked on

2020-01-16 16:31:13 - [MESSAGE][PASSED] - Object: 'Object Repository/obj_invoce/new_invoice/new_invoice_sub2/select_day_2' is clicked on

2020-01-16 16:31:13 - [TEST_STEP][PASSED] - if (var_type == "PACKAGE"): null

2020-01-16 16:31:13 - [TEST_STEP][PASSED] - delay(4): Delayed 4 second(s)

2020-01-16 16:31:17 - [MESSAGE][PASSED] - Delayed 4 second(s)

2020-01-16 16:31:17 - [TEST_STEP][PASSED] - try: Delayed 3 second(s)

2020-01-16 16:31:17 - [TEST_STEP][PASSED] - sendKeys(findTestObject("obj_invoce/new_invoice/new_invoice_sub2/input_Taxes_Item_2"), var_item): Keys 'Half Day of Daycare' sent to object: 'Object Repository/obj_invoce/new_invoice/new_invoice_sub2/input_Taxes_Item_2'

2020-01-16 16:31:17 - [MESSAGE][PASSED] - Keys 'Half Day of Daycare' sent to object: 'Object Repository/obj_invoce/new_invoice/new_invoice_sub2/input_Taxes_Item_2'

2020-01-16 16:31:17 - [TEST_STEP][PASSED] - delay(3): Delayed 3 second(s)

2020-01-16 16:31:20 - [MESSAGE][PASSED] - Delayed 3 second(s)

2020-01-16 16:31:20 - [TEST_STEP][PASSED] - sendKeys(findTestObject("obj_invoce/new_invoice/new_invoice_sub2/input_Taxes_Item_2"), Keys.chord(ENTER)): Keys 'ENTER + ' sent to object: 'Object Repository/obj_invoce/new_invoice/new_invoice_sub2/input_Taxes_Item_2'

2020-01-16 16:31:21 - [MESSAGE][PASSED] - Keys 'ENTER + ' sent to object: 'Object Repository/obj_invoce/new_invoice/new_invoice_sub2/input_Taxes_Item_2'

2020-01-16 16:31:21 - [TEST_STEP][PASSED] - delay(3): Delayed 3 second(s)

2020-01-16 16:31:24 - [MESSAGE][PASSED] - Delayed 3 second(s)

2020-01-16 16:31:24 - [TEST_STEP][PASSED] - try: Delayed 4 second(s)

2020-01-16 16:31:24 - [TEST_STEP][PASSED] - click(findTestObject("obj_invoce/new_invoice/new_invoice_sub/button_Save_Taxe")): Object: 'Object Repository/obj_invoce/new_invoice/new_invoice_sub/button_Save_Taxe' is clicked on

2020-01-16 16:31:24 - [MESSAGE][PASSED] - Object: 'Object Repository/obj_invoce/new_invoice/new_invoice_sub/button_Save_Taxe' is clicked on

2020-01-16 16:31:24 - [TEST_STEP][PASSED] - delay(4): Delayed 4 second(s)

2020-01-16 16:31:28 - [MESSAGE][PASSED] - Delayed 4 second(s)

2020-01-16 16:31:28 - [TEST_STEP][PASSED] - if (arryPets.size() == 3): null

2020-01-16 16:31:28 - [TEST_STEP][PASSED] - delay(2): Delayed 2 second(s)

2020-01-16 16:31:30 - [MESSAGE][PASSED] - Delayed 2 second(s)

2020-01-16 16:31:30 - [TEST_STEP][PASSED] - var_url = getUrl(): Current window's url is: 'https://p4p-qa-bg.aws.paradise4paws.com/accounts/profile/#/invoice/122350/1795533/'

2020-01-16 16:31:30 - [MESSAGE][PASSED] - Current window's url is: 'https://p4p-qa-bg.aws.paradise4paws.com/accounts/profile/#/invoice/122350/1795533/'

2020-01-16 16:31:30 - [TEST_STEP][PASSED] - arrayUrl = var_url.split("/"): null

2020-01-16 16:31:30 - [TEST_STEP][PASSED] - delay(2): Delayed 2 second(s)

2020-01-16 16:31:32 - [MESSAGE][PASSED] - Delayed 2 second(s)

2020-01-16 16:31:32 - [TEST_STEP][PASSED] - cell = rowInv.createCell(9, 0): null

2020-01-16 16:31:32 - [TEST_STEP][PASSED] - cell.setCellType(CELL_TYPE_STRING): null

2020-01-16 16:31:32 - [TEST_STEP][PASSED] - cell.setCellValue(arrayUrl[8]): null

2020-01-16 16:31:32 - [TEST_STEP][PASSED] - delay(2): Delayed 2 second(s)

2020-01-16 16:31:34 - [MESSAGE][PASSED] - Delayed 2 second(s)

2020-01-16 16:31:34 - [TEST_STEP][PASSED] - cell2 = rowPay.createCell(5, 0): null

2020-01-16 16:31:34 - [TEST_STEP][PASSED] - cell2.setCellType(CELL_TYPE_STRING): null

2020-01-16 16:31:34 - [TEST_STEP][PASSED] - cell2.setCellValue(arrayUrl[8]): null

2020-01-16 16:31:34 - [TEST_STEP][PASSED] - delay(2): Delayed 2 second(s)

2020-01-16 16:31:36 - [MESSAGE][PASSED] - Delayed 2 second(s)

2020-01-16 16:31:36 - [TEST_STEP][PASSED] - fosInv = new java.io.FileOutputStream(/home/leonardo-arkusmty/Desktop/P4P/DATA_AUTOMATINTESTING/data_3createInvoice.xlsx): null

2020-01-16 16:31:36 - [TEST_STEP][PASSED] - workbookInv.write(fosInv): null

2020-01-16 16:31:36 - [TEST_STEP][PASSED] - fosInv.close(): null

2020-01-16 16:31:36 - [TEST_STEP][PASSED] - fosPay = new java.io.FileOutputStream(/home/leonardo-arkusmty/Desktop/P4P/DATA_AUTOMATINTESTING/data_4payment.xlsx): null

2020-01-16 16:31:36 - [TEST_STEP][PASSED] - workbookPay.write(fosPay): null

2020-01-16 16:31:36 - [TEST_STEP][PASSED] - fosPay.close(): null

2020-01-16 16:31:36 - [TEST_STEP][PASSED] - delay(2): Delayed 2 second(s)

2020-01-16 16:31:38 - [MESSAGE][PASSED] - Delayed 2 second(s)]]></system-out>
         <system-err><![CDATA[]]></system-err>
      </testcase>
      <testcase name="Test Cases/p4p_3_createInvoce_ok_spy" time="81.516" classname="Test Cases/p4p_3_createInvoce_ok_spy" status="PASSED">
         <system-out><![CDATA[2020-01-16 16:31:38 - [TEST_CASE][PASSED] - Test Cases/p4p_3_createInvoce_ok_spy: Test Cases/p4p_3_createInvoce_ok_spy

2020-01-16 16:31:38 - [TEST_STEP][PASSED] - openBrowser("https://p4p-qa-bg.aws.paradise4paws.com/login/"): Browser is opened with url: 'https://p4p-qa-bg.aws.paradise4paws.com/login/'

2020-01-16 16:31:38 - [MESSAGE][WARNING] - A browser is already opened. Closing browser and opening a new one

2020-01-16 16:31:38 - [MESSAGE][INFO] - Starting 'Chrome' driver

2020-01-16 16:31:41 - [MESSAGE][PASSED] - Browser is opened with url: 'https://p4p-qa-bg.aws.paradise4paws.com/login/'

2020-01-16 16:31:41 - [TEST_STEP][PASSED] - maximizeWindow(): Current window maximized

2020-01-16 16:31:41 - [MESSAGE][PASSED] - Current window maximized

2020-01-16 16:31:41 - [TEST_STEP][PASSED] - arryPets = var_pets.split(","): null

2020-01-16 16:31:41 - [TEST_STEP][PASSED] - flagBoar = "0": null

2020-01-16 16:31:41 - [TEST_STEP][PASSED] - log = new com.kms.katalon.core.logging.KeywordLogger(): null

2020-01-16 16:31:41 - [TEST_STEP][PASSED] - fisInv = new java.io.FileInputStream(/home/leonardo-arkusmty/Desktop/P4P/DATA_AUTOMATINTESTING/data_3createInvoice.xlsx): null

2020-01-16 16:31:41 - [TEST_STEP][PASSED] - fisPay = new java.io.FileInputStream(/home/leonardo-arkusmty/Desktop/P4P/DATA_AUTOMATINTESTING/data_4payment.xlsx): null

2020-01-16 16:31:41 - [TEST_STEP][PASSED] - workbookInv = new org.apache.poi.xssf.usermodel.XSSFWorkbook(fisInv): null

2020-01-16 16:31:41 - [TEST_STEP][PASSED] - workbookPay = new org.apache.poi.xssf.usermodel.XSSFWorkbook(fisPay): null

2020-01-16 16:31:41 - [TEST_STEP][PASSED] - sheetInv = workbookInv.getSheet("Sheet1"): null

2020-01-16 16:31:41 - [TEST_STEP][PASSED] - sheetPay = workbookPay.getSheet("Sheet1"): null

2020-01-16 16:31:41 - [TEST_STEP][PASSED] - var = Integer.parseInt(var_idRowRes): null

2020-01-16 16:31:41 - [TEST_STEP][PASSED] - rowInv = sheetInv.getRow(var): null

2020-01-16 16:31:41 - [TEST_STEP][PASSED] - rowPay = sheetPay.getRow(var): null

2020-01-16 16:31:41 - [TEST_STEP][PASSED] - today = new java.util.Date(): null

2020-01-16 16:31:41 - [TEST_STEP][PASSED] - todaysDate1 = today.format("mmm/dd/yy"): null

2020-01-16 16:31:41 - [TEST_STEP][PASSED] - todaysDate2 = today.format("dd/mm/yy"): null

2020-01-16 16:31:41 - [TEST_STEP][PASSED] - todaysDate3 = today.format("dd"): null

2020-01-16 16:31:41 - [TEST_STEP][PASSED] - nowTime = today.format("hhmm"): null

2020-01-16 16:31:41 - [TEST_STEP][PASSED] - setText(findTestObject("obj_login/input_user"), var_user): Text 'jegchavez@gmail.com' is set on object 'Object Repository/obj_login/input_user'

2020-01-16 16:31:41 - [MESSAGE][PASSED] - Text 'jegchavez@gmail.com' is set on object 'Object Repository/obj_login/input_user'

2020-01-16 16:31:41 - [TEST_STEP][PASSED] - setText(findTestObject("obj_login/input_pass"), var_pass): Text 'admin1' is set on object 'Object Repository/obj_login/input_pass'

2020-01-16 16:31:42 - [MESSAGE][PASSED] - Text 'admin1' is set on object 'Object Repository/obj_login/input_pass'

2020-01-16 16:31:42 - [TEST_STEP][PASSED] - delay(2): Delayed 2 second(s)

2020-01-16 16:31:44 - [MESSAGE][PASSED] - Delayed 2 second(s)

2020-01-16 16:31:44 - [TEST_STEP][PASSED] - verifyElementClickable(findTestObject("obj_login/btn_login")): Object 'Object Repository/obj_login/btn_login' is clickable

2020-01-16 16:31:44 - [MESSAGE][PASSED] - Object 'Object Repository/obj_login/btn_login' is clickable

2020-01-16 16:31:44 - [TEST_STEP][PASSED] - click(findTestObject("obj_login/btn_login")): Object: 'Object Repository/obj_login/btn_login' is clicked on

2020-01-16 16:31:45 - [MESSAGE][PASSED] - Object: 'Object Repository/obj_login/btn_login' is clicked on

2020-01-16 16:31:45 - [TEST_STEP][PASSED] - delay(2): Delayed 2 second(s)

2020-01-16 16:31:47 - [MESSAGE][PASSED] - Delayed 2 second(s)

2020-01-16 16:31:47 - [TEST_STEP][PASSED] - setText(findTestObject("obj_dashboard_emp/input_search"), var_parent): Text 'leongarzagarza@hotmail.com' is set on object 'Object Repository/obj_dashboard_emp/input_search'

2020-01-16 16:31:48 - [MESSAGE][PASSED] - Text 'leongarzagarza@hotmail.com' is set on object 'Object Repository/obj_dashboard_emp/input_search'

2020-01-16 16:31:48 - [TEST_STEP][PASSED] - click(findTestObject("obj_dashboard_emp/btn_accountSearch")): Object: 'Object Repository/obj_dashboard_emp/btn_accountSearch' is clicked on

2020-01-16 16:31:51 - [MESSAGE][PASSED] - Object: 'Object Repository/obj_dashboard_emp/btn_accountSearch' is clicked on

2020-01-16 16:31:51 - [TEST_STEP][PASSED] - delay(2): Delayed 2 second(s)

2020-01-16 16:31:53 - [MESSAGE][PASSED] - Delayed 2 second(s)

2020-01-16 16:31:53 - [TEST_STEP][PASSED] - click(findTestObject("obj_accountInformation/a_TEST GABRIEL PROD")): Object: 'Object Repository/obj_accountInformation/a_TEST GABRIEL PROD' is clicked on

2020-01-16 16:31:54 - [MESSAGE][PASSED] - Object: 'Object Repository/obj_accountInformation/a_TEST GABRIEL PROD' is clicked on

2020-01-16 16:31:54 - [TEST_STEP][PASSED] - delay(2): Delayed 2 second(s)

2020-01-16 16:31:56 - [MESSAGE][PASSED] - Delayed 2 second(s)

2020-01-16 16:31:56 - [TEST_STEP][PASSED] - click(findTestObject("obj_invoce/btn_createInvoice")): Object: 'Object Repository/obj_invoce/btn_createInvoice' is clicked on

2020-01-16 16:31:58 - [MESSAGE][PASSED] - Object: 'Object Repository/obj_invoce/btn_createInvoice' is clicked on

2020-01-16 16:31:58 - [TEST_STEP][PASSED] - delay(3): Delayed 3 second(s)

2020-01-16 16:32:01 - [MESSAGE][PASSED] - Delayed 3 second(s)

2020-01-16 16:32:01 - [TEST_STEP][PASSED] - if (arryPets.size() == 1): null

2020-01-16 16:32:01 - [TEST_STEP][PASSED] - if (arryPets.size() == 2): Delayed 4 second(s)

2020-01-16 16:32:01 - [TEST_STEP][PASSED] - click(findTestObject("obj_invoce/new_invoice/new_invoice_sub/btn_AddLineItem")): Object: 'Object Repository/obj_invoce/new_invoice/new_invoice_sub/btn_AddLineItem' is clicked on

2020-01-16 16:32:01 - [MESSAGE][PASSED] - Object: 'Object Repository/obj_invoce/new_invoice/new_invoice_sub/btn_AddLineItem' is clicked on

2020-01-16 16:32:01 - [TEST_STEP][PASSED] - delay(3): Delayed 3 second(s)

2020-01-16 16:32:04 - [MESSAGE][PASSED] - Delayed 3 second(s)

2020-01-16 16:32:04 - [TEST_STEP][PASSED] - click(findTestObject("obj_invoce/new_invoice/new_invoice_sub/a_Taxes ()_select2-choice_1")): Object: 'Object Repository/obj_invoce/new_invoice/new_invoice_sub/a_Taxes ()_select2-choice_1' is clicked on

2020-01-16 16:32:04 - [MESSAGE][PASSED] - Object: 'Object Repository/obj_invoce/new_invoice/new_invoice_sub/a_Taxes ()_select2-choice_1' is clicked on

2020-01-16 16:32:04 - [TEST_STEP][PASSED] - delay(3): Delayed 3 second(s)

2020-01-16 16:32:07 - [MESSAGE][PASSED] - Delayed 3 second(s)

2020-01-16 16:32:07 - [TEST_STEP][PASSED] - click(findTestObject("obj_invoce/new_invoice/new_invoice_sub/div_Zeus")): Object: 'Object Repository/obj_invoce/new_invoice/new_invoice_sub/div_Zeus' is clicked on

2020-01-16 16:32:08 - [MESSAGE][PASSED] - Object: 'Object Repository/obj_invoce/new_invoice/new_invoice_sub/div_Zeus' is clicked on

2020-01-16 16:32:08 - [TEST_STEP][NOT_RUN] - click(findTestObject("obj_invoce/new_invoice/new_invoice_sub/b")): NOT_RUN: click(findTestObject("obj_invoce/new_invoice/new_invoice_sub/b"))

2020-01-16 16:32:08 - [MESSAGE][NOT_RUN] - NOT_RUN: click(findTestObject("obj_invoce/new_invoice/new_invoice_sub/b"))

2020-01-16 16:32:08 - [TEST_STEP][NOT_RUN] - click(findTestObject("obj_invoce/new_invoice/new_invoice_sub/select_BOARDING_SUITEDAYCARE_SUITESPA_SUITE")): NOT_RUN: click(findTestObject("obj_invoce/new_invoice/new_invoice_sub/select_BOARDING_SUITEDAYCARE_SUITESPA_SUITE"))

2020-01-16 16:32:08 - [MESSAGE][NOT_RUN] - NOT_RUN: click(findTestObject("obj_invoce/new_invoice/new_invoice_sub/select_BOARDING_SUITEDAYCARE_SUITESPA_SUITE"))

2020-01-16 16:32:08 - [TEST_STEP][PASSED] - delay(3): Delayed 3 second(s)

2020-01-16 16:32:11 - [MESSAGE][PASSED] - Delayed 3 second(s)

2020-01-16 16:32:11 - [TEST_STEP][PASSED] - if (var_type == "BOARDING_SUITE"): null

2020-01-16 16:32:11 - [TEST_STEP][PASSED] - if (var_type == "DAYCARE_SUITE"): null

2020-01-16 16:32:11 - [TEST_STEP][PASSED] - if (var_type == "PACKAGE"): Object: 'Object Repository/obj_invoce/new_invoice_ok_1/select_package' is clicked on

2020-01-16 16:32:11 - [TEST_STEP][PASSED] - click(findTestObject("obj_invoce/new_invoice_ok_1/select_package"), STOP_ON_FAILURE): Object: 'Object Repository/obj_invoce/new_invoice_ok_1/select_package' is clicked on

2020-01-16 16:32:11 - [MESSAGE][PASSED] - Object: 'Object Repository/obj_invoce/new_invoice_ok_1/select_package' is clicked on

2020-01-16 16:32:11 - [TEST_STEP][PASSED] - delay(4): Delayed 4 second(s)

2020-01-16 16:32:15 - [MESSAGE][PASSED] - Delayed 4 second(s)

2020-01-16 16:32:15 - [TEST_STEP][PASSED] - sendKeys(findTestObject("obj_invoce/new_invoice/new_invoice_sub/input_Taxes_Item_1"), var_item): Keys 'M2M Monthly Membership' sent to object: 'Object Repository/obj_invoce/new_invoice/new_invoice_sub/input_Taxes_Item_1'

2020-01-16 16:32:15 - [MESSAGE][PASSED] - Keys 'M2M Monthly Membership' sent to object: 'Object Repository/obj_invoce/new_invoice/new_invoice_sub/input_Taxes_Item_1'

2020-01-16 16:32:15 - [TEST_STEP][PASSED] - delay(4): Delayed 4 second(s)

2020-01-16 16:32:19 - [MESSAGE][PASSED] - Delayed 4 second(s)

2020-01-16 16:32:19 - [TEST_STEP][PASSED] - sendKeys(findTestObject("obj_invoce/new_invoice/new_invoice_sub/input_Taxes_Item_1"), Keys.chord(ENTER)): Keys 'ENTER + ' sent to object: 'Object Repository/obj_invoce/new_invoice/new_invoice_sub/input_Taxes_Item_1'

2020-01-16 16:32:20 - [MESSAGE][PASSED] - Keys 'ENTER + ' sent to object: 'Object Repository/obj_invoce/new_invoice/new_invoice_sub/input_Taxes_Item_1'

2020-01-16 16:32:20 - [TEST_STEP][PASSED] - delay(4): Delayed 4 second(s)

2020-01-16 16:32:24 - [MESSAGE][PASSED] - Delayed 4 second(s)

2020-01-16 16:32:24 - [TEST_STEP][PASSED] - click(findTestObject("obj_invoce/new_invoice/new_invoice_sub/btn_AddLineItem")): Object: 'Object Repository/obj_invoce/new_invoice/new_invoice_sub/btn_AddLineItem' is clicked on

2020-01-16 16:32:24 - [MESSAGE][PASSED] - Object: 'Object Repository/obj_invoce/new_invoice/new_invoice_sub/btn_AddLineItem' is clicked on

2020-01-16 16:32:24 - [TEST_STEP][PASSED] - delay(3): Delayed 3 second(s)

2020-01-16 16:32:27 - [MESSAGE][PASSED] - Delayed 3 second(s)

2020-01-16 16:32:27 - [TEST_STEP][PASSED] - click(findTestObject("obj_invoce/new_invoice/new_invoice_sub2/a_Taxes ()_select2-choice_2")): Object: 'Object Repository/obj_invoce/new_invoice/new_invoice_sub2/a_Taxes ()_select2-choice_2' is clicked on

2020-01-16 16:32:27 - [MESSAGE][PASSED] - Object: 'Object Repository/obj_invoce/new_invoice/new_invoice_sub2/a_Taxes ()_select2-choice_2' is clicked on

2020-01-16 16:32:28 - [TEST_STEP][PASSED] - delay(3): Delayed 3 second(s)

2020-01-16 16:32:31 - [MESSAGE][PASSED] - Delayed 3 second(s)

2020-01-16 16:32:31 - [TEST_STEP][PASSED] - click(findTestObject("obj_invoce/new_invoice/new_invoice_sub/div_Ares")): Object: 'Object Repository/obj_invoce/new_invoice/new_invoice_sub/div_Ares' is clicked on

2020-01-16 16:32:31 - [MESSAGE][PASSED] - Object: 'Object Repository/obj_invoce/new_invoice/new_invoice_sub/div_Ares' is clicked on

2020-01-16 16:32:31 - [TEST_STEP][NOT_RUN] - click(findTestObject("obj_invoce/new_invoice/new_invoice_sub/b")): NOT_RUN: click(findTestObject("obj_invoce/new_invoice/new_invoice_sub/b"))

2020-01-16 16:32:31 - [MESSAGE][NOT_RUN] - NOT_RUN: click(findTestObject("obj_invoce/new_invoice/new_invoice_sub/b"))

2020-01-16 16:32:31 - [TEST_STEP][NOT_RUN] - click(findTestObject("obj_invoce/new_invoice/new_invoice_sub/select_BOARDING_SUITEDAYCARE_SUITESPA_SUITE")): NOT_RUN: click(findTestObject("obj_invoce/new_invoice/new_invoice_sub/select_BOARDING_SUITEDAYCARE_SUITESPA_SUITE"))

2020-01-16 16:32:31 - [MESSAGE][NOT_RUN] - NOT_RUN: click(findTestObject("obj_invoce/new_invoice/new_invoice_sub/select_BOARDING_SUITEDAYCARE_SUITESPA_SUITE"))

2020-01-16 16:32:31 - [TEST_STEP][PASSED] - delay(3): Delayed 3 second(s)

2020-01-16 16:32:34 - [MESSAGE][PASSED] - Delayed 3 second(s)

2020-01-16 16:32:34 - [TEST_STEP][PASSED] - if (var_type == "BOARDING_SUITE"): null

2020-01-16 16:32:34 - [TEST_STEP][PASSED] - if (var_type == "DAYCARE_SUITE"): null

2020-01-16 16:32:34 - [TEST_STEP][PASSED] - if (var_type == "PACKAGE"): Object: 'Object Repository/obj_invoce/new_invoice/new_invoice_sub2/select_package_2' is clicked on

2020-01-16 16:32:34 - [TEST_STEP][PASSED] - click(findTestObject("obj_invoce/new_invoice/new_invoice_sub2/select_package_2"), STOP_ON_FAILURE): Object: 'Object Repository/obj_invoce/new_invoice/new_invoice_sub2/select_package_2' is clicked on

2020-01-16 16:32:34 - [MESSAGE][PASSED] - Object: 'Object Repository/obj_invoce/new_invoice/new_invoice_sub2/select_package_2' is clicked on

2020-01-16 16:32:34 - [TEST_STEP][PASSED] - delay(4): Delayed 4 second(s)

2020-01-16 16:32:38 - [MESSAGE][PASSED] - Delayed 4 second(s)

2020-01-16 16:32:38 - [TEST_STEP][PASSED] - try: Delayed 3 second(s)

2020-01-16 16:32:38 - [TEST_STEP][PASSED] - sendKeys(findTestObject("obj_invoce/new_invoice/new_invoice_sub2/input_Taxes_Item_2"), var_item): Keys 'M2M Monthly Membership' sent to object: 'Object Repository/obj_invoce/new_invoice/new_invoice_sub2/input_Taxes_Item_2'

2020-01-16 16:32:39 - [MESSAGE][PASSED] - Keys 'M2M Monthly Membership' sent to object: 'Object Repository/obj_invoce/new_invoice/new_invoice_sub2/input_Taxes_Item_2'

2020-01-16 16:32:39 - [TEST_STEP][PASSED] - delay(3): Delayed 3 second(s)

2020-01-16 16:32:42 - [MESSAGE][PASSED] - Delayed 3 second(s)

2020-01-16 16:32:42 - [TEST_STEP][PASSED] - sendKeys(findTestObject("obj_invoce/new_invoice/new_invoice_sub2/input_Taxes_Item_2"), Keys.chord(ENTER)): Keys 'ENTER + ' sent to object: 'Object Repository/obj_invoce/new_invoice/new_invoice_sub2/input_Taxes_Item_2'

2020-01-16 16:32:42 - [MESSAGE][PASSED] - Keys 'ENTER + ' sent to object: 'Object Repository/obj_invoce/new_invoice/new_invoice_sub2/input_Taxes_Item_2'

2020-01-16 16:32:42 - [TEST_STEP][PASSED] - delay(3): Delayed 3 second(s)

2020-01-16 16:32:45 - [MESSAGE][PASSED] - Delayed 3 second(s)

2020-01-16 16:32:45 - [TEST_STEP][PASSED] - try: Delayed 4 second(s)

2020-01-16 16:32:45 - [TEST_STEP][PASSED] - click(findTestObject("obj_invoce/new_invoice/new_invoice_sub/button_Save_Taxe")): Object: 'Object Repository/obj_invoce/new_invoice/new_invoice_sub/button_Save_Taxe' is clicked on

2020-01-16 16:32:45 - [MESSAGE][PASSED] - Object: 'Object Repository/obj_invoce/new_invoice/new_invoice_sub/button_Save_Taxe' is clicked on

2020-01-16 16:32:45 - [TEST_STEP][PASSED] - delay(4): Delayed 4 second(s)

2020-01-16 16:32:49 - [MESSAGE][PASSED] - Delayed 4 second(s)

2020-01-16 16:32:49 - [TEST_STEP][PASSED] - if (arryPets.size() == 3): null

2020-01-16 16:32:49 - [TEST_STEP][PASSED] - delay(2): Delayed 2 second(s)

2020-01-16 16:32:51 - [MESSAGE][PASSED] - Delayed 2 second(s)

2020-01-16 16:32:51 - [TEST_STEP][PASSED] - var_url = getUrl(): Current window's url is: 'https://p4p-qa-bg.aws.paradise4paws.com/accounts/profile/#/invoice/122350/1795534/'

2020-01-16 16:32:51 - [MESSAGE][PASSED] - Current window's url is: 'https://p4p-qa-bg.aws.paradise4paws.com/accounts/profile/#/invoice/122350/1795534/'

2020-01-16 16:32:51 - [TEST_STEP][PASSED] - arrayUrl = var_url.split("/"): null

2020-01-16 16:32:51 - [TEST_STEP][PASSED] - delay(2): Delayed 2 second(s)

2020-01-16 16:32:53 - [MESSAGE][PASSED] - Delayed 2 second(s)

2020-01-16 16:32:53 - [TEST_STEP][PASSED] - cell = rowInv.createCell(9, 0): null

2020-01-16 16:32:53 - [TEST_STEP][PASSED] - cell.setCellType(CELL_TYPE_STRING): null

2020-01-16 16:32:53 - [TEST_STEP][PASSED] - cell.setCellValue(arrayUrl[8]): null

2020-01-16 16:32:53 - [TEST_STEP][PASSED] - delay(2): Delayed 2 second(s)

2020-01-16 16:32:55 - [MESSAGE][PASSED] - Delayed 2 second(s)

2020-01-16 16:32:55 - [TEST_STEP][PASSED] - cell2 = rowPay.createCell(5, 0): null

2020-01-16 16:32:55 - [TEST_STEP][PASSED] - cell2.setCellType(CELL_TYPE_STRING): null

2020-01-16 16:32:55 - [TEST_STEP][PASSED] - cell2.setCellValue(arrayUrl[8]): null

2020-01-16 16:32:55 - [TEST_STEP][PASSED] - delay(2): Delayed 2 second(s)

2020-01-16 16:32:57 - [MESSAGE][PASSED] - Delayed 2 second(s)

2020-01-16 16:32:57 - [TEST_STEP][PASSED] - fosInv = new java.io.FileOutputStream(/home/leonardo-arkusmty/Desktop/P4P/DATA_AUTOMATINTESTING/data_3createInvoice.xlsx): null

2020-01-16 16:32:57 - [TEST_STEP][PASSED] - workbookInv.write(fosInv): null

2020-01-16 16:32:57 - [TEST_STEP][PASSED] - fosInv.close(): null

2020-01-16 16:32:57 - [TEST_STEP][PASSED] - fosPay = new java.io.FileOutputStream(/home/leonardo-arkusmty/Desktop/P4P/DATA_AUTOMATINTESTING/data_4payment.xlsx): null

2020-01-16 16:32:57 - [TEST_STEP][PASSED] - workbookPay.write(fosPay): null

2020-01-16 16:32:57 - [TEST_STEP][PASSED] - fosPay.close(): null

2020-01-16 16:32:57 - [TEST_STEP][PASSED] - delay(2): Delayed 2 second(s)

2020-01-16 16:32:59 - [MESSAGE][PASSED] - Delayed 2 second(s)]]></system-out>
         <system-err><![CDATA[]]></system-err>
      </testcase>
      <testcase name="Test Cases/p4p_3_createInvoce_ok_spy" time="100.481" classname="Test Cases/p4p_3_createInvoce_ok_spy" status="PASSED">
         <system-out><![CDATA[2020-01-16 16:32:59 - [TEST_CASE][PASSED] - Test Cases/p4p_3_createInvoce_ok_spy: Test Cases/p4p_3_createInvoce_ok_spy

2020-01-16 16:32:59 - [TEST_STEP][PASSED] - openBrowser("https://p4p-qa-bg.aws.paradise4paws.com/login/"): Browser is opened with url: 'https://p4p-qa-bg.aws.paradise4paws.com/login/'

2020-01-16 16:32:59 - [MESSAGE][WARNING] - A browser is already opened. Closing browser and opening a new one

2020-01-16 16:33:00 - [MESSAGE][INFO] - Starting 'Chrome' driver

2020-01-16 16:33:02 - [MESSAGE][PASSED] - Browser is opened with url: 'https://p4p-qa-bg.aws.paradise4paws.com/login/'

2020-01-16 16:33:02 - [TEST_STEP][PASSED] - maximizeWindow(): Current window maximized

2020-01-16 16:33:02 - [MESSAGE][PASSED] - Current window maximized

2020-01-16 16:33:02 - [TEST_STEP][PASSED] - arryPets = var_pets.split(","): null

2020-01-16 16:33:02 - [TEST_STEP][PASSED] - flagBoar = "0": null

2020-01-16 16:33:02 - [TEST_STEP][PASSED] - log = new com.kms.katalon.core.logging.KeywordLogger(): null

2020-01-16 16:33:02 - [TEST_STEP][PASSED] - fisInv = new java.io.FileInputStream(/home/leonardo-arkusmty/Desktop/P4P/DATA_AUTOMATINTESTING/data_3createInvoice.xlsx): null

2020-01-16 16:33:02 - [TEST_STEP][PASSED] - fisPay = new java.io.FileInputStream(/home/leonardo-arkusmty/Desktop/P4P/DATA_AUTOMATINTESTING/data_4payment.xlsx): null

2020-01-16 16:33:02 - [TEST_STEP][PASSED] - workbookInv = new org.apache.poi.xssf.usermodel.XSSFWorkbook(fisInv): null

2020-01-16 16:33:02 - [TEST_STEP][PASSED] - workbookPay = new org.apache.poi.xssf.usermodel.XSSFWorkbook(fisPay): null

2020-01-16 16:33:02 - [TEST_STEP][PASSED] - sheetInv = workbookInv.getSheet("Sheet1"): null

2020-01-16 16:33:02 - [TEST_STEP][PASSED] - sheetPay = workbookPay.getSheet("Sheet1"): null

2020-01-16 16:33:02 - [TEST_STEP][PASSED] - var = Integer.parseInt(var_idRowRes): null

2020-01-16 16:33:02 - [TEST_STEP][PASSED] - rowInv = sheetInv.getRow(var): null

2020-01-16 16:33:02 - [TEST_STEP][PASSED] - rowPay = sheetPay.getRow(var): null

2020-01-16 16:33:02 - [TEST_STEP][PASSED] - today = new java.util.Date(): null

2020-01-16 16:33:02 - [TEST_STEP][PASSED] - todaysDate1 = today.format("mmm/dd/yy"): null

2020-01-16 16:33:02 - [TEST_STEP][PASSED] - todaysDate2 = today.format("dd/mm/yy"): null

2020-01-16 16:33:02 - [TEST_STEP][PASSED] - todaysDate3 = today.format("dd"): null

2020-01-16 16:33:02 - [TEST_STEP][PASSED] - nowTime = today.format("hhmm"): null

2020-01-16 16:33:02 - [TEST_STEP][PASSED] - setText(findTestObject("obj_login/input_user"), var_user): Text 'jegchavez@gmail.com' is set on object 'Object Repository/obj_login/input_user'

2020-01-16 16:33:02 - [MESSAGE][PASSED] - Text 'jegchavez@gmail.com' is set on object 'Object Repository/obj_login/input_user'

2020-01-16 16:33:02 - [TEST_STEP][PASSED] - setText(findTestObject("obj_login/input_pass"), var_pass): Text 'admin1' is set on object 'Object Repository/obj_login/input_pass'

2020-01-16 16:33:03 - [MESSAGE][PASSED] - Text 'admin1' is set on object 'Object Repository/obj_login/input_pass'

2020-01-16 16:33:03 - [TEST_STEP][PASSED] - delay(2): Delayed 2 second(s)

2020-01-16 16:33:05 - [MESSAGE][PASSED] - Delayed 2 second(s)

2020-01-16 16:33:05 - [TEST_STEP][PASSED] - verifyElementClickable(findTestObject("obj_login/btn_login")): Object 'Object Repository/obj_login/btn_login' is clickable

2020-01-16 16:33:05 - [MESSAGE][PASSED] - Object 'Object Repository/obj_login/btn_login' is clickable

2020-01-16 16:33:05 - [TEST_STEP][PASSED] - click(findTestObject("obj_login/btn_login")): Object: 'Object Repository/obj_login/btn_login' is clicked on

2020-01-16 16:33:06 - [MESSAGE][PASSED] - Object: 'Object Repository/obj_login/btn_login' is clicked on

2020-01-16 16:33:06 - [TEST_STEP][PASSED] - delay(2): Delayed 2 second(s)

2020-01-16 16:33:08 - [MESSAGE][PASSED] - Delayed 2 second(s)

2020-01-16 16:33:08 - [TEST_STEP][PASSED] - setText(findTestObject("obj_dashboard_emp/input_search"), var_parent): Text 'leongarzagarza@hotmail.com' is set on object 'Object Repository/obj_dashboard_emp/input_search'

2020-01-16 16:33:09 - [MESSAGE][PASSED] - Text 'leongarzagarza@hotmail.com' is set on object 'Object Repository/obj_dashboard_emp/input_search'

2020-01-16 16:33:09 - [TEST_STEP][PASSED] - click(findTestObject("obj_dashboard_emp/btn_accountSearch")): Object: 'Object Repository/obj_dashboard_emp/btn_accountSearch' is clicked on

2020-01-16 16:33:10 - [MESSAGE][PASSED] - Object: 'Object Repository/obj_dashboard_emp/btn_accountSearch' is clicked on

2020-01-16 16:33:10 - [TEST_STEP][PASSED] - delay(2): Delayed 2 second(s)

2020-01-16 16:33:12 - [MESSAGE][PASSED] - Delayed 2 second(s)

2020-01-16 16:33:12 - [TEST_STEP][PASSED] - click(findTestObject("obj_accountInformation/a_TEST GABRIEL PROD")): Object: 'Object Repository/obj_accountInformation/a_TEST GABRIEL PROD' is clicked on

2020-01-16 16:33:13 - [MESSAGE][PASSED] - Object: 'Object Repository/obj_accountInformation/a_TEST GABRIEL PROD' is clicked on

2020-01-16 16:33:13 - [TEST_STEP][PASSED] - delay(2): Delayed 2 second(s)

2020-01-16 16:33:15 - [MESSAGE][PASSED] - Delayed 2 second(s)

2020-01-16 16:33:15 - [TEST_STEP][PASSED] - click(findTestObject("obj_invoce/btn_createInvoice")): Object: 'Object Repository/obj_invoce/btn_createInvoice' is clicked on

2020-01-16 16:33:17 - [MESSAGE][PASSED] - Object: 'Object Repository/obj_invoce/btn_createInvoice' is clicked on

2020-01-16 16:33:17 - [TEST_STEP][PASSED] - delay(3): Delayed 3 second(s)

2020-01-16 16:33:20 - [MESSAGE][PASSED] - Delayed 3 second(s)

2020-01-16 16:33:20 - [TEST_STEP][PASSED] - if (arryPets.size() == 1): null

2020-01-16 16:33:20 - [TEST_STEP][PASSED] - if (arryPets.size() == 2): null

2020-01-16 16:33:20 - [TEST_STEP][PASSED] - if (arryPets.size() == 3): Delayed 2 second(s)

2020-01-16 16:33:20 - [TEST_STEP][PASSED] - log.logInfo("SIZE 3"): SIZE 3

2020-01-16 16:33:20 - [MESSAGE][INFO] - SIZE 3

2020-01-16 16:33:20 - [TEST_STEP][PASSED] - click(findTestObject("obj_invoce/new_invoice/new_invoice_sub/btn_AddLineItem")): Object: 'Object Repository/obj_invoce/new_invoice/new_invoice_sub/btn_AddLineItem' is clicked on

2020-01-16 16:33:20 - [MESSAGE][PASSED] - Object: 'Object Repository/obj_invoce/new_invoice/new_invoice_sub/btn_AddLineItem' is clicked on

2020-01-16 16:33:20 - [TEST_STEP][PASSED] - delay(3): Delayed 3 second(s)

2020-01-16 16:33:23 - [MESSAGE][PASSED] - Delayed 3 second(s)

2020-01-16 16:33:23 - [TEST_STEP][PASSED] - click(findTestObject("obj_invoce/new_invoice/new_invoice_sub/a_Taxes ()_select2-choice_1")): Object: 'Object Repository/obj_invoce/new_invoice/new_invoice_sub/a_Taxes ()_select2-choice_1' is clicked on

2020-01-16 16:33:23 - [MESSAGE][PASSED] - Object: 'Object Repository/obj_invoce/new_invoice/new_invoice_sub/a_Taxes ()_select2-choice_1' is clicked on

2020-01-16 16:33:23 - [TEST_STEP][PASSED] - delay(3): Delayed 3 second(s)

2020-01-16 16:33:26 - [MESSAGE][PASSED] - Delayed 3 second(s)

2020-01-16 16:33:26 - [TEST_STEP][PASSED] - click(findTestObject("obj_invoce/new_invoice/new_invoice_sub/div_Zeus")): Object: 'Object Repository/obj_invoce/new_invoice/new_invoice_sub/div_Zeus' is clicked on

2020-01-16 16:33:27 - [MESSAGE][PASSED] - Object: 'Object Repository/obj_invoce/new_invoice/new_invoice_sub/div_Zeus' is clicked on

2020-01-16 16:33:27 - [TEST_STEP][NOT_RUN] - click(findTestObject("obj_invoce/new_invoice/new_invoice_sub/b")): NOT_RUN: click(findTestObject("obj_invoce/new_invoice/new_invoice_sub/b"))

2020-01-16 16:33:27 - [MESSAGE][NOT_RUN] - NOT_RUN: click(findTestObject("obj_invoce/new_invoice/new_invoice_sub/b"))

2020-01-16 16:33:27 - [TEST_STEP][NOT_RUN] - click(findTestObject("obj_invoce/new_invoice/new_invoice_sub/select_BOARDING_SUITEDAYCARE_SUITESPA_SUITE")): NOT_RUN: click(findTestObject("obj_invoce/new_invoice/new_invoice_sub/select_BOARDING_SUITEDAYCARE_SUITESPA_SUITE"))

2020-01-16 16:33:27 - [MESSAGE][NOT_RUN] - NOT_RUN: click(findTestObject("obj_invoce/new_invoice/new_invoice_sub/select_BOARDING_SUITEDAYCARE_SUITESPA_SUITE"))

2020-01-16 16:33:27 - [TEST_STEP][PASSED] - delay(3): Delayed 3 second(s)

2020-01-16 16:33:30 - [MESSAGE][PASSED] - Delayed 3 second(s)

2020-01-16 16:33:30 - [TEST_STEP][PASSED] - if (var_type == "BOARDING_SUITE"): Object: 'Object Repository/obj_invoce/new_invoice_ok_1/select_boarding' is clicked on

2020-01-16 16:33:30 - [TEST_STEP][PASSED] - click(findTestObject("obj_invoce/new_invoice_ok_1/select_boarding"), STOP_ON_FAILURE): Object: 'Object Repository/obj_invoce/new_invoice_ok_1/select_boarding' is clicked on

2020-01-16 16:33:30 - [MESSAGE][PASSED] - Object: 'Object Repository/obj_invoce/new_invoice_ok_1/select_boarding' is clicked on

2020-01-16 16:33:30 - [TEST_STEP][PASSED] - if (var_type == "DAYCARE_SUITE"): null

2020-01-16 16:33:30 - [TEST_STEP][PASSED] - if (var_type == "PACKAGE"): null

2020-01-16 16:33:30 - [TEST_STEP][PASSED] - delay(4): Delayed 4 second(s)

2020-01-16 16:33:34 - [MESSAGE][PASSED] - Delayed 4 second(s)

2020-01-16 16:33:34 - [TEST_STEP][PASSED] - sendKeys(findTestObject("obj_invoce/new_invoice/new_invoice_sub/input_Taxes_Item_1"), var_item): Keys 'Oasis Suite' sent to object: 'Object Repository/obj_invoce/new_invoice/new_invoice_sub/input_Taxes_Item_1'

2020-01-16 16:33:35 - [MESSAGE][PASSED] - Keys 'Oasis Suite' sent to object: 'Object Repository/obj_invoce/new_invoice/new_invoice_sub/input_Taxes_Item_1'

2020-01-16 16:33:35 - [TEST_STEP][PASSED] - delay(4): Delayed 4 second(s)

2020-01-16 16:33:39 - [MESSAGE][PASSED] - Delayed 4 second(s)

2020-01-16 16:33:39 - [TEST_STEP][PASSED] - sendKeys(findTestObject("obj_invoce/new_invoice/new_invoice_sub/input_Taxes_Item_1"), Keys.chord(ENTER)): Keys 'ENTER + ' sent to object: 'Object Repository/obj_invoce/new_invoice/new_invoice_sub/input_Taxes_Item_1'

2020-01-16 16:33:39 - [MESSAGE][PASSED] - Keys 'ENTER + ' sent to object: 'Object Repository/obj_invoce/new_invoice/new_invoice_sub/input_Taxes_Item_1'

2020-01-16 16:33:39 - [TEST_STEP][PASSED] - delay(4): Delayed 4 second(s)

2020-01-16 16:33:43 - [MESSAGE][PASSED] - Delayed 4 second(s)

2020-01-16 16:33:43 - [TEST_STEP][PASSED] - click(findTestObject("obj_invoce/new_invoice/new_invoice_sub/btn_AddLineItem")): Object: 'Object Repository/obj_invoce/new_invoice/new_invoice_sub/btn_AddLineItem' is clicked on

2020-01-16 16:33:43 - [MESSAGE][PASSED] - Object: 'Object Repository/obj_invoce/new_invoice/new_invoice_sub/btn_AddLineItem' is clicked on

2020-01-16 16:33:43 - [TEST_STEP][PASSED] - delay(3): Delayed 3 second(s)

2020-01-16 16:33:46 - [MESSAGE][PASSED] - Delayed 3 second(s)

2020-01-16 16:33:46 - [TEST_STEP][PASSED] - click(findTestObject("obj_invoce/new_invoice/new_invoice_sub2/a_Taxes ()_select2-choice_2")): Object: 'Object Repository/obj_invoce/new_invoice/new_invoice_sub2/a_Taxes ()_select2-choice_2' is clicked on

2020-01-16 16:33:47 - [MESSAGE][PASSED] - Object: 'Object Repository/obj_invoce/new_invoice/new_invoice_sub2/a_Taxes ()_select2-choice_2' is clicked on

2020-01-16 16:33:47 - [TEST_STEP][PASSED] - delay(3): Delayed 3 second(s)

2020-01-16 16:33:50 - [MESSAGE][PASSED] - Delayed 3 second(s)

2020-01-16 16:33:50 - [TEST_STEP][PASSED] - click(findTestObject("obj_invoce/new_invoice/new_invoice_sub/div_Ares")): Object: 'Object Repository/obj_invoce/new_invoice/new_invoice_sub/div_Ares' is clicked on

2020-01-16 16:33:50 - [MESSAGE][PASSED] - Object: 'Object Repository/obj_invoce/new_invoice/new_invoice_sub/div_Ares' is clicked on

2020-01-16 16:33:50 - [TEST_STEP][NOT_RUN] - click(findTestObject("obj_invoce/new_invoice/new_invoice_sub/b")): NOT_RUN: click(findTestObject("obj_invoce/new_invoice/new_invoice_sub/b"))

2020-01-16 16:33:50 - [MESSAGE][NOT_RUN] - NOT_RUN: click(findTestObject("obj_invoce/new_invoice/new_invoice_sub/b"))

2020-01-16 16:33:50 - [TEST_STEP][NOT_RUN] - click(findTestObject("obj_invoce/new_invoice/new_invoice_sub/select_BOARDING_SUITEDAYCARE_SUITESPA_SUITE")): NOT_RUN: click(findTestObject("obj_invoce/new_invoice/new_invoice_sub/select_BOARDING_SUITEDAYCARE_SUITESPA_SUITE"))

2020-01-16 16:33:50 - [MESSAGE][NOT_RUN] - NOT_RUN: click(findTestObject("obj_invoce/new_invoice/new_invoice_sub/select_BOARDING_SUITEDAYCARE_SUITESPA_SUITE"))

2020-01-16 16:33:50 - [TEST_STEP][PASSED] - delay(3): Delayed 3 second(s)

2020-01-16 16:33:53 - [MESSAGE][PASSED] - Delayed 3 second(s)

2020-01-16 16:33:53 - [TEST_STEP][PASSED] - if (var_type == "BOARDING_SUITE"): Object: 'Object Repository/obj_invoce/new_invoice/new_invoice_sub2/select_boarding_2' is clicked on

2020-01-16 16:33:53 - [TEST_STEP][PASSED] - click(findTestObject("obj_invoce/new_invoice/new_invoice_sub2/select_boarding_2"), STOP_ON_FAILURE): Object: 'Object Repository/obj_invoce/new_invoice/new_invoice_sub2/select_boarding_2' is clicked on

2020-01-16 16:33:53 - [MESSAGE][PASSED] - Object: 'Object Repository/obj_invoce/new_invoice/new_invoice_sub2/select_boarding_2' is clicked on

2020-01-16 16:33:53 - [TEST_STEP][PASSED] - if (var_type == "DAYCARE_SUITE"): null

2020-01-16 16:33:53 - [TEST_STEP][PASSED] - if (var_type == "PACKAGE"): null

2020-01-16 16:33:53 - [TEST_STEP][PASSED] - delay(4): Delayed 4 second(s)

2020-01-16 16:33:57 - [MESSAGE][PASSED] - Delayed 4 second(s)

2020-01-16 16:33:57 - [TEST_STEP][PASSED] - sendKeys(findTestObject("obj_invoce/new_invoice/new_invoice_sub2/input_Taxes_Item_2"), var_item): Keys 'Oasis Suite' sent to object: 'Object Repository/obj_invoce/new_invoice/new_invoice_sub2/input_Taxes_Item_2'

2020-01-16 16:33:58 - [MESSAGE][PASSED] - Keys 'Oasis Suite' sent to object: 'Object Repository/obj_invoce/new_invoice/new_invoice_sub2/input_Taxes_Item_2'

2020-01-16 16:33:58 - [TEST_STEP][PASSED] - delay(4): Delayed 4 second(s)

2020-01-16 16:34:02 - [MESSAGE][PASSED] - Delayed 4 second(s)

2020-01-16 16:34:02 - [TEST_STEP][PASSED] - sendKeys(findTestObject("obj_invoce/new_invoice/new_invoice_sub2/input_Taxes_Item_2"), Keys.chord(ENTER)): Keys 'ENTER + ' sent to object: 'Object Repository/obj_invoce/new_invoice/new_invoice_sub2/input_Taxes_Item_2'

2020-01-16 16:34:02 - [MESSAGE][PASSED] - Keys 'ENTER + ' sent to object: 'Object Repository/obj_invoce/new_invoice/new_invoice_sub2/input_Taxes_Item_2'

2020-01-16 16:34:02 - [TEST_STEP][PASSED] - delay(4): Delayed 4 second(s)

2020-01-16 16:34:06 - [MESSAGE][PASSED] - Delayed 4 second(s)

2020-01-16 16:34:06 - [TEST_STEP][PASSED] - click(findTestObject("obj_invoce/new_invoice/new_invoice_sub/btn_AddLineItem")): Object: 'Object Repository/obj_invoce/new_invoice/new_invoice_sub/btn_AddLineItem' is clicked on

2020-01-16 16:34:06 - [MESSAGE][PASSED] - Object: 'Object Repository/obj_invoce/new_invoice/new_invoice_sub/btn_AddLineItem' is clicked on

2020-01-16 16:34:06 - [TEST_STEP][PASSED] - delay(3): Delayed 3 second(s)

2020-01-16 16:34:09 - [MESSAGE][PASSED] - Delayed 3 second(s)

2020-01-16 16:34:09 - [TEST_STEP][PASSED] - click(findTestObject("obj_invoce/new_invoice/new_invoice_sub2/a_Taxes ()_select2-choice_3")): Object: 'Object Repository/obj_invoce/new_invoice/new_invoice_sub2/a_Taxes ()_select2-choice_3' is clicked on

2020-01-16 16:34:10 - [MESSAGE][PASSED] - Object: 'Object Repository/obj_invoce/new_invoice/new_invoice_sub2/a_Taxes ()_select2-choice_3' is clicked on

2020-01-16 16:34:10 - [TEST_STEP][PASSED] - delay(3): Delayed 3 second(s)

2020-01-16 16:34:13 - [MESSAGE][PASSED] - Delayed 3 second(s)

2020-01-16 16:34:13 - [TEST_STEP][PASSED] - click(findTestObject("obj_invoce/new_invoice/new_invoice_sub/div_Poseidon")): Object: 'Object Repository/obj_invoce/new_invoice/new_invoice_sub/div_Poseidon' is clicked on

2020-01-16 16:34:13 - [MESSAGE][PASSED] - Object: 'Object Repository/obj_invoce/new_invoice/new_invoice_sub/div_Poseidon' is clicked on

2020-01-16 16:34:13 - [TEST_STEP][PASSED] - delay(3): Delayed 3 second(s)

2020-01-16 16:34:16 - [MESSAGE][PASSED] - Delayed 3 second(s)

2020-01-16 16:34:16 - [TEST_STEP][PASSED] - if (var_type == "BOARDING_SUITE"): Object: 'Object Repository/obj_invoce/new_invoice/new_invoice_sub2/select_boarding_3' is clicked on

2020-01-16 16:34:16 - [TEST_STEP][PASSED] - click(findTestObject("obj_invoce/new_invoice/new_invoice_sub2/select_boarding_3"), STOP_ON_FAILURE): Object: 'Object Repository/obj_invoce/new_invoice/new_invoice_sub2/select_boarding_3' is clicked on

2020-01-16 16:34:16 - [MESSAGE][PASSED] - Object: 'Object Repository/obj_invoce/new_invoice/new_invoice_sub2/select_boarding_3' is clicked on

2020-01-16 16:34:16 - [TEST_STEP][PASSED] - if (var_type == "DAYCARE_SUITE"): null

2020-01-16 16:34:16 - [TEST_STEP][PASSED] - if (var_type == "PACKAGE"): null

2020-01-16 16:34:16 - [TEST_STEP][PASSED] - delay(4): Delayed 4 second(s)

2020-01-16 16:34:20 - [MESSAGE][PASSED] - Delayed 4 second(s)

2020-01-16 16:34:20 - [TEST_STEP][PASSED] - try: Keys 'ENTER + ' sent to object: 'Object Repository/obj_invoce/new_invoice/new_invoice_sub3/input_item3'

2020-01-16 16:34:20 - [TEST_STEP][PASSED] - sendKeys(findTestObject("obj_invoce/new_invoice/new_invoice_sub3/input_item3"), var_item): Keys 'Oasis Suite' sent to object: 'Object Repository/obj_invoce/new_invoice/new_invoice_sub3/input_item3'

2020-01-16 16:34:21 - [MESSAGE][PASSED] - Keys 'Oasis Suite' sent to object: 'Object Repository/obj_invoce/new_invoice/new_invoice_sub3/input_item3'

2020-01-16 16:34:21 - [TEST_STEP][PASSED] - delay(4): Delayed 4 second(s)

2020-01-16 16:34:25 - [MESSAGE][PASSED] - Delayed 4 second(s)

2020-01-16 16:34:25 - [TEST_STEP][PASSED] - sendKeys(findTestObject("obj_invoce/new_invoice/new_invoice_sub3/input_item3"), Keys.chord(ENTER)): Keys 'ENTER + ' sent to object: 'Object Repository/obj_invoce/new_invoice/new_invoice_sub3/input_item3'

2020-01-16 16:34:25 - [MESSAGE][PASSED] - Keys 'ENTER + ' sent to object: 'Object Repository/obj_invoce/new_invoice/new_invoice_sub3/input_item3'

2020-01-16 16:34:25 - [TEST_STEP][PASSED] - delay(2): Delayed 2 second(s)

2020-01-16 16:34:27 - [MESSAGE][PASSED] - Delayed 2 second(s)

2020-01-16 16:34:27 - [TEST_STEP][PASSED] - click(findTestObject("obj_invoce/new_invoice/new_invoice_sub/button_Save_Taxe")): Object: 'Object Repository/obj_invoce/new_invoice/new_invoice_sub/button_Save_Taxe' is clicked on

2020-01-16 16:34:28 - [MESSAGE][PASSED] - Object: 'Object Repository/obj_invoce/new_invoice/new_invoice_sub/button_Save_Taxe' is clicked on

2020-01-16 16:34:28 - [TEST_STEP][PASSED] - delay(2): Delayed 2 second(s)

2020-01-16 16:34:30 - [MESSAGE][PASSED] - Delayed 2 second(s)

2020-01-16 16:34:30 - [TEST_STEP][PASSED] - delay(2): Delayed 2 second(s)

2020-01-16 16:34:32 - [MESSAGE][PASSED] - Delayed 2 second(s)

2020-01-16 16:34:32 - [TEST_STEP][PASSED] - var_url = getUrl(): Current window's url is: 'https://p4p-qa-bg.aws.paradise4paws.com/accounts/profile/#/invoice/122350/1795537/'

2020-01-16 16:34:32 - [MESSAGE][PASSED] - Current window's url is: 'https://p4p-qa-bg.aws.paradise4paws.com/accounts/profile/#/invoice/122350/1795537/'

2020-01-16 16:34:32 - [TEST_STEP][PASSED] - arrayUrl = var_url.split("/"): null

2020-01-16 16:34:32 - [TEST_STEP][PASSED] - delay(2): Delayed 2 second(s)

2020-01-16 16:34:34 - [MESSAGE][PASSED] - Delayed 2 second(s)

2020-01-16 16:34:34 - [TEST_STEP][PASSED] - cell = rowInv.createCell(9, 0): null

2020-01-16 16:34:34 - [TEST_STEP][PASSED] - cell.setCellType(CELL_TYPE_STRING): null

2020-01-16 16:34:34 - [TEST_STEP][PASSED] - cell.setCellValue(arrayUrl[8]): null

2020-01-16 16:34:34 - [TEST_STEP][PASSED] - delay(2): Delayed 2 second(s)

2020-01-16 16:34:36 - [MESSAGE][PASSED] - Delayed 2 second(s)

2020-01-16 16:34:36 - [TEST_STEP][PASSED] - cell2 = rowPay.createCell(5, 0): null

2020-01-16 16:34:36 - [TEST_STEP][PASSED] - cell2.setCellType(CELL_TYPE_STRING): null

2020-01-16 16:34:36 - [TEST_STEP][PASSED] - cell2.setCellValue(arrayUrl[8]): null

2020-01-16 16:34:36 - [TEST_STEP][PASSED] - delay(2): Delayed 2 second(s)

2020-01-16 16:34:38 - [MESSAGE][PASSED] - Delayed 2 second(s)

2020-01-16 16:34:38 - [TEST_STEP][PASSED] - fosInv = new java.io.FileOutputStream(/home/leonardo-arkusmty/Desktop/P4P/DATA_AUTOMATINTESTING/data_3createInvoice.xlsx): null

2020-01-16 16:34:38 - [TEST_STEP][PASSED] - workbookInv.write(fosInv): null

2020-01-16 16:34:38 - [TEST_STEP][PASSED] - fosInv.close(): null

2020-01-16 16:34:38 - [TEST_STEP][PASSED] - fosPay = new java.io.FileOutputStream(/home/leonardo-arkusmty/Desktop/P4P/DATA_AUTOMATINTESTING/data_4payment.xlsx): null

2020-01-16 16:34:38 - [TEST_STEP][PASSED] - workbookPay.write(fosPay): null

2020-01-16 16:34:38 - [TEST_STEP][PASSED] - fosPay.close(): null

2020-01-16 16:34:38 - [TEST_STEP][PASSED] - delay(2): Delayed 2 second(s)

2020-01-16 16:34:40 - [MESSAGE][PASSED] - Delayed 2 second(s)]]></system-out>
         <system-err><![CDATA[]]></system-err>
      </testcase>
      <testcase name="Test Cases/p4p_3_createInvoce_ok_spy" time="101.152" classname="Test Cases/p4p_3_createInvoce_ok_spy" status="PASSED">
         <system-out><![CDATA[2020-01-16 16:34:40 - [TEST_CASE][PASSED] - Test Cases/p4p_3_createInvoce_ok_spy: Test Cases/p4p_3_createInvoce_ok_spy

2020-01-16 16:34:40 - [TEST_STEP][PASSED] - openBrowser("https://p4p-qa-bg.aws.paradise4paws.com/login/"): Browser is opened with url: 'https://p4p-qa-bg.aws.paradise4paws.com/login/'

2020-01-16 16:34:40 - [MESSAGE][WARNING] - A browser is already opened. Closing browser and opening a new one

2020-01-16 16:34:40 - [MESSAGE][INFO] - Starting 'Chrome' driver

2020-01-16 16:34:43 - [MESSAGE][PASSED] - Browser is opened with url: 'https://p4p-qa-bg.aws.paradise4paws.com/login/'

2020-01-16 16:34:43 - [TEST_STEP][PASSED] - maximizeWindow(): Current window maximized

2020-01-16 16:34:43 - [MESSAGE][PASSED] - Current window maximized

2020-01-16 16:34:43 - [TEST_STEP][PASSED] - arryPets = var_pets.split(","): null

2020-01-16 16:34:43 - [TEST_STEP][PASSED] - flagBoar = "0": null

2020-01-16 16:34:43 - [TEST_STEP][PASSED] - log = new com.kms.katalon.core.logging.KeywordLogger(): null

2020-01-16 16:34:43 - [TEST_STEP][PASSED] - fisInv = new java.io.FileInputStream(/home/leonardo-arkusmty/Desktop/P4P/DATA_AUTOMATINTESTING/data_3createInvoice.xlsx): null

2020-01-16 16:34:43 - [TEST_STEP][PASSED] - fisPay = new java.io.FileInputStream(/home/leonardo-arkusmty/Desktop/P4P/DATA_AUTOMATINTESTING/data_4payment.xlsx): null

2020-01-16 16:34:43 - [TEST_STEP][PASSED] - workbookInv = new org.apache.poi.xssf.usermodel.XSSFWorkbook(fisInv): null

2020-01-16 16:34:43 - [TEST_STEP][PASSED] - workbookPay = new org.apache.poi.xssf.usermodel.XSSFWorkbook(fisPay): null

2020-01-16 16:34:43 - [TEST_STEP][PASSED] - sheetInv = workbookInv.getSheet("Sheet1"): null

2020-01-16 16:34:43 - [TEST_STEP][PASSED] - sheetPay = workbookPay.getSheet("Sheet1"): null

2020-01-16 16:34:43 - [TEST_STEP][PASSED] - var = Integer.parseInt(var_idRowRes): null

2020-01-16 16:34:43 - [TEST_STEP][PASSED] - rowInv = sheetInv.getRow(var): null

2020-01-16 16:34:43 - [TEST_STEP][PASSED] - rowPay = sheetPay.getRow(var): null

2020-01-16 16:34:43 - [TEST_STEP][PASSED] - today = new java.util.Date(): null

2020-01-16 16:34:43 - [TEST_STEP][PASSED] - todaysDate1 = today.format("mmm/dd/yy"): null

2020-01-16 16:34:43 - [TEST_STEP][PASSED] - todaysDate2 = today.format("dd/mm/yy"): null

2020-01-16 16:34:43 - [TEST_STEP][PASSED] - todaysDate3 = today.format("dd"): null

2020-01-16 16:34:43 - [TEST_STEP][PASSED] - nowTime = today.format("hhmm"): null

2020-01-16 16:34:43 - [TEST_STEP][PASSED] - setText(findTestObject("obj_login/input_user"), var_user): Text 'jegchavez@gmail.com' is set on object 'Object Repository/obj_login/input_user'

2020-01-16 16:34:44 - [MESSAGE][PASSED] - Text 'jegchavez@gmail.com' is set on object 'Object Repository/obj_login/input_user'

2020-01-16 16:34:44 - [TEST_STEP][PASSED] - setText(findTestObject("obj_login/input_pass"), var_pass): Text 'admin1' is set on object 'Object Repository/obj_login/input_pass'

2020-01-16 16:34:44 - [MESSAGE][PASSED] - Text 'admin1' is set on object 'Object Repository/obj_login/input_pass'

2020-01-16 16:34:44 - [TEST_STEP][PASSED] - delay(2): Delayed 2 second(s)

2020-01-16 16:34:46 - [MESSAGE][PASSED] - Delayed 2 second(s)

2020-01-16 16:34:46 - [TEST_STEP][PASSED] - verifyElementClickable(findTestObject("obj_login/btn_login")): Object 'Object Repository/obj_login/btn_login' is clickable

2020-01-16 16:34:46 - [MESSAGE][PASSED] - Object 'Object Repository/obj_login/btn_login' is clickable

2020-01-16 16:34:46 - [TEST_STEP][PASSED] - click(findTestObject("obj_login/btn_login")): Object: 'Object Repository/obj_login/btn_login' is clicked on

2020-01-16 16:34:48 - [MESSAGE][PASSED] - Object: 'Object Repository/obj_login/btn_login' is clicked on

2020-01-16 16:34:48 - [TEST_STEP][PASSED] - delay(2): Delayed 2 second(s)

2020-01-16 16:34:50 - [MESSAGE][PASSED] - Delayed 2 second(s)

2020-01-16 16:34:50 - [TEST_STEP][PASSED] - setText(findTestObject("obj_dashboard_emp/input_search"), var_parent): Text 'leongarzagarza@hotmail.com' is set on object 'Object Repository/obj_dashboard_emp/input_search'

2020-01-16 16:34:50 - [MESSAGE][PASSED] - Text 'leongarzagarza@hotmail.com' is set on object 'Object Repository/obj_dashboard_emp/input_search'

2020-01-16 16:34:50 - [TEST_STEP][PASSED] - click(findTestObject("obj_dashboard_emp/btn_accountSearch")): Object: 'Object Repository/obj_dashboard_emp/btn_accountSearch' is clicked on

2020-01-16 16:34:51 - [MESSAGE][PASSED] - Object: 'Object Repository/obj_dashboard_emp/btn_accountSearch' is clicked on

2020-01-16 16:34:51 - [TEST_STEP][PASSED] - delay(2): Delayed 2 second(s)

2020-01-16 16:34:53 - [MESSAGE][PASSED] - Delayed 2 second(s)

2020-01-16 16:34:53 - [TEST_STEP][PASSED] - click(findTestObject("obj_accountInformation/a_TEST GABRIEL PROD")): Object: 'Object Repository/obj_accountInformation/a_TEST GABRIEL PROD' is clicked on

2020-01-16 16:34:54 - [MESSAGE][PASSED] - Object: 'Object Repository/obj_accountInformation/a_TEST GABRIEL PROD' is clicked on

2020-01-16 16:34:54 - [TEST_STEP][PASSED] - delay(2): Delayed 2 second(s)

2020-01-16 16:34:56 - [MESSAGE][PASSED] - Delayed 2 second(s)

2020-01-16 16:34:56 - [TEST_STEP][PASSED] - click(findTestObject("obj_invoce/btn_createInvoice")): Object: 'Object Repository/obj_invoce/btn_createInvoice' is clicked on

2020-01-16 16:34:57 - [MESSAGE][PASSED] - Object: 'Object Repository/obj_invoce/btn_createInvoice' is clicked on

2020-01-16 16:34:57 - [TEST_STEP][PASSED] - delay(3): Delayed 3 second(s)

2020-01-16 16:35:00 - [MESSAGE][PASSED] - Delayed 3 second(s)

2020-01-16 16:35:00 - [TEST_STEP][PASSED] - if (arryPets.size() == 1): null

2020-01-16 16:35:00 - [TEST_STEP][PASSED] - if (arryPets.size() == 2): null

2020-01-16 16:35:00 - [TEST_STEP][PASSED] - if (arryPets.size() == 3): Delayed 2 second(s)

2020-01-16 16:35:00 - [TEST_STEP][PASSED] - log.logInfo("SIZE 3"): SIZE 3

2020-01-16 16:35:00 - [MESSAGE][INFO] - SIZE 3

2020-01-16 16:35:00 - [TEST_STEP][PASSED] - click(findTestObject("obj_invoce/new_invoice/new_invoice_sub/btn_AddLineItem")): Object: 'Object Repository/obj_invoce/new_invoice/new_invoice_sub/btn_AddLineItem' is clicked on

2020-01-16 16:35:01 - [MESSAGE][PASSED] - Object: 'Object Repository/obj_invoce/new_invoice/new_invoice_sub/btn_AddLineItem' is clicked on

2020-01-16 16:35:01 - [TEST_STEP][PASSED] - delay(3): Delayed 3 second(s)

2020-01-16 16:35:04 - [MESSAGE][PASSED] - Delayed 3 second(s)

2020-01-16 16:35:04 - [TEST_STEP][PASSED] - click(findTestObject("obj_invoce/new_invoice/new_invoice_sub/a_Taxes ()_select2-choice_1")): Object: 'Object Repository/obj_invoce/new_invoice/new_invoice_sub/a_Taxes ()_select2-choice_1' is clicked on

2020-01-16 16:35:04 - [MESSAGE][PASSED] - Object: 'Object Repository/obj_invoce/new_invoice/new_invoice_sub/a_Taxes ()_select2-choice_1' is clicked on

2020-01-16 16:35:04 - [TEST_STEP][PASSED] - delay(3): Delayed 3 second(s)

2020-01-16 16:35:07 - [MESSAGE][PASSED] - Delayed 3 second(s)

2020-01-16 16:35:07 - [TEST_STEP][PASSED] - click(findTestObject("obj_invoce/new_invoice/new_invoice_sub/div_Zeus")): Object: 'Object Repository/obj_invoce/new_invoice/new_invoice_sub/div_Zeus' is clicked on

2020-01-16 16:35:08 - [MESSAGE][PASSED] - Object: 'Object Repository/obj_invoce/new_invoice/new_invoice_sub/div_Zeus' is clicked on

2020-01-16 16:35:08 - [TEST_STEP][NOT_RUN] - click(findTestObject("obj_invoce/new_invoice/new_invoice_sub/b")): NOT_RUN: click(findTestObject("obj_invoce/new_invoice/new_invoice_sub/b"))

2020-01-16 16:35:08 - [MESSAGE][NOT_RUN] - NOT_RUN: click(findTestObject("obj_invoce/new_invoice/new_invoice_sub/b"))

2020-01-16 16:35:08 - [TEST_STEP][NOT_RUN] - click(findTestObject("obj_invoce/new_invoice/new_invoice_sub/select_BOARDING_SUITEDAYCARE_SUITESPA_SUITE")): NOT_RUN: click(findTestObject("obj_invoce/new_invoice/new_invoice_sub/select_BOARDING_SUITEDAYCARE_SUITESPA_SUITE"))

2020-01-16 16:35:08 - [MESSAGE][NOT_RUN] - NOT_RUN: click(findTestObject("obj_invoce/new_invoice/new_invoice_sub/select_BOARDING_SUITEDAYCARE_SUITESPA_SUITE"))

2020-01-16 16:35:08 - [TEST_STEP][PASSED] - delay(3): Delayed 3 second(s)

2020-01-16 16:35:11 - [MESSAGE][PASSED] - Delayed 3 second(s)

2020-01-16 16:35:11 - [TEST_STEP][PASSED] - if (var_type == "BOARDING_SUITE"): null

2020-01-16 16:35:11 - [TEST_STEP][PASSED] - if (var_type == "DAYCARE_SUITE"): Object: 'Object Repository/obj_invoce/new_invoice_ok_1/select_day' is clicked on

2020-01-16 16:35:11 - [TEST_STEP][PASSED] - click(findTestObject("obj_invoce/new_invoice_ok_1/select_day"), STOP_ON_FAILURE): Object: 'Object Repository/obj_invoce/new_invoice_ok_1/select_day' is clicked on

2020-01-16 16:35:11 - [MESSAGE][PASSED] - Object: 'Object Repository/obj_invoce/new_invoice_ok_1/select_day' is clicked on

2020-01-16 16:35:11 - [TEST_STEP][PASSED] - if (var_type == "PACKAGE"): null

2020-01-16 16:35:11 - [TEST_STEP][PASSED] - delay(4): Delayed 4 second(s)

2020-01-16 16:35:15 - [MESSAGE][PASSED] - Delayed 4 second(s)

2020-01-16 16:35:15 - [TEST_STEP][PASSED] - sendKeys(findTestObject("obj_invoce/new_invoice/new_invoice_sub/input_Taxes_Item_1"), var_item): Keys 'Half Day of Daycare' sent to object: 'Object Repository/obj_invoce/new_invoice/new_invoice_sub/input_Taxes_Item_1'

2020-01-16 16:35:15 - [MESSAGE][PASSED] - Keys 'Half Day of Daycare' sent to object: 'Object Repository/obj_invoce/new_invoice/new_invoice_sub/input_Taxes_Item_1'

2020-01-16 16:35:15 - [TEST_STEP][PASSED] - delay(4): Delayed 4 second(s)

2020-01-16 16:35:19 - [MESSAGE][PASSED] - Delayed 4 second(s)

2020-01-16 16:35:19 - [TEST_STEP][PASSED] - sendKeys(findTestObject("obj_invoce/new_invoice/new_invoice_sub/input_Taxes_Item_1"), Keys.chord(ENTER)): Keys 'ENTER + ' sent to object: 'Object Repository/obj_invoce/new_invoice/new_invoice_sub/input_Taxes_Item_1'

2020-01-16 16:35:20 - [MESSAGE][PASSED] - Keys 'ENTER + ' sent to object: 'Object Repository/obj_invoce/new_invoice/new_invoice_sub/input_Taxes_Item_1'

2020-01-16 16:35:20 - [TEST_STEP][PASSED] - delay(4): Delayed 4 second(s)

2020-01-16 16:35:24 - [MESSAGE][PASSED] - Delayed 4 second(s)

2020-01-16 16:35:24 - [TEST_STEP][PASSED] - click(findTestObject("obj_invoce/new_invoice/new_invoice_sub/btn_AddLineItem")): Object: 'Object Repository/obj_invoce/new_invoice/new_invoice_sub/btn_AddLineItem' is clicked on

2020-01-16 16:35:24 - [MESSAGE][PASSED] - Object: 'Object Repository/obj_invoce/new_invoice/new_invoice_sub/btn_AddLineItem' is clicked on

2020-01-16 16:35:24 - [TEST_STEP][PASSED] - delay(3): Delayed 3 second(s)

2020-01-16 16:35:27 - [MESSAGE][PASSED] - Delayed 3 second(s)

2020-01-16 16:35:27 - [TEST_STEP][PASSED] - click(findTestObject("obj_invoce/new_invoice/new_invoice_sub2/a_Taxes ()_select2-choice_2")): Object: 'Object Repository/obj_invoce/new_invoice/new_invoice_sub2/a_Taxes ()_select2-choice_2' is clicked on

2020-01-16 16:35:28 - [MESSAGE][PASSED] - Object: 'Object Repository/obj_invoce/new_invoice/new_invoice_sub2/a_Taxes ()_select2-choice_2' is clicked on

2020-01-16 16:35:28 - [TEST_STEP][PASSED] - delay(3): Delayed 3 second(s)

2020-01-16 16:35:31 - [MESSAGE][PASSED] - Delayed 3 second(s)

2020-01-16 16:35:31 - [TEST_STEP][PASSED] - click(findTestObject("obj_invoce/new_invoice/new_invoice_sub/div_Ares")): Object: 'Object Repository/obj_invoce/new_invoice/new_invoice_sub/div_Ares' is clicked on

2020-01-16 16:35:31 - [MESSAGE][PASSED] - Object: 'Object Repository/obj_invoce/new_invoice/new_invoice_sub/div_Ares' is clicked on

2020-01-16 16:35:31 - [TEST_STEP][NOT_RUN] - click(findTestObject("obj_invoce/new_invoice/new_invoice_sub/b")): NOT_RUN: click(findTestObject("obj_invoce/new_invoice/new_invoice_sub/b"))

2020-01-16 16:35:31 - [MESSAGE][NOT_RUN] - NOT_RUN: click(findTestObject("obj_invoce/new_invoice/new_invoice_sub/b"))

2020-01-16 16:35:31 - [TEST_STEP][NOT_RUN] - click(findTestObject("obj_invoce/new_invoice/new_invoice_sub/select_BOARDING_SUITEDAYCARE_SUITESPA_SUITE")): NOT_RUN: click(findTestObject("obj_invoce/new_invoice/new_invoice_sub/select_BOARDING_SUITEDAYCARE_SUITESPA_SUITE"))

2020-01-16 16:35:31 - [MESSAGE][NOT_RUN] - NOT_RUN: click(findTestObject("obj_invoce/new_invoice/new_invoice_sub/select_BOARDING_SUITEDAYCARE_SUITESPA_SUITE"))

2020-01-16 16:35:31 - [TEST_STEP][PASSED] - delay(3): Delayed 3 second(s)

2020-01-16 16:35:34 - [MESSAGE][PASSED] - Delayed 3 second(s)

2020-01-16 16:35:34 - [TEST_STEP][PASSED] - if (var_type == "BOARDING_SUITE"): null

2020-01-16 16:35:34 - [TEST_STEP][PASSED] - if (var_type == "DAYCARE_SUITE"): Object: 'Object Repository/obj_invoce/new_invoice/new_invoice_sub2/select_day_2' is clicked on

2020-01-16 16:35:34 - [TEST_STEP][PASSED] - click(findTestObject("obj_invoce/new_invoice/new_invoice_sub2/select_day_2"), STOP_ON_FAILURE): Object: 'Object Repository/obj_invoce/new_invoice/new_invoice_sub2/select_day_2' is clicked on

2020-01-16 16:35:34 - [MESSAGE][PASSED] - Object: 'Object Repository/obj_invoce/new_invoice/new_invoice_sub2/select_day_2' is clicked on

2020-01-16 16:35:34 - [TEST_STEP][PASSED] - if (var_type == "PACKAGE"): null

2020-01-16 16:35:34 - [TEST_STEP][PASSED] - delay(4): Delayed 4 second(s)

2020-01-16 16:35:38 - [MESSAGE][PASSED] - Delayed 4 second(s)

2020-01-16 16:35:38 - [TEST_STEP][PASSED] - sendKeys(findTestObject("obj_invoce/new_invoice/new_invoice_sub2/input_Taxes_Item_2"), var_item): Keys 'Half Day of Daycare' sent to object: 'Object Repository/obj_invoce/new_invoice/new_invoice_sub2/input_Taxes_Item_2'

2020-01-16 16:35:39 - [MESSAGE][PASSED] - Keys 'Half Day of Daycare' sent to object: 'Object Repository/obj_invoce/new_invoice/new_invoice_sub2/input_Taxes_Item_2'

2020-01-16 16:35:39 - [TEST_STEP][PASSED] - delay(4): Delayed 4 second(s)

2020-01-16 16:35:43 - [MESSAGE][PASSED] - Delayed 4 second(s)

2020-01-16 16:35:43 - [TEST_STEP][PASSED] - sendKeys(findTestObject("obj_invoce/new_invoice/new_invoice_sub2/input_Taxes_Item_2"), Keys.chord(ENTER)): Keys 'ENTER + ' sent to object: 'Object Repository/obj_invoce/new_invoice/new_invoice_sub2/input_Taxes_Item_2'

2020-01-16 16:35:43 - [MESSAGE][PASSED] - Keys 'ENTER + ' sent to object: 'Object Repository/obj_invoce/new_invoice/new_invoice_sub2/input_Taxes_Item_2'

2020-01-16 16:35:43 - [TEST_STEP][PASSED] - delay(4): Delayed 4 second(s)

2020-01-16 16:35:47 - [MESSAGE][PASSED] - Delayed 4 second(s)

2020-01-16 16:35:47 - [TEST_STEP][PASSED] - click(findTestObject("obj_invoce/new_invoice/new_invoice_sub/btn_AddLineItem")): Object: 'Object Repository/obj_invoce/new_invoice/new_invoice_sub/btn_AddLineItem' is clicked on

2020-01-16 16:35:47 - [MESSAGE][PASSED] - Object: 'Object Repository/obj_invoce/new_invoice/new_invoice_sub/btn_AddLineItem' is clicked on

2020-01-16 16:35:47 - [TEST_STEP][PASSED] - delay(3): Delayed 3 second(s)

2020-01-16 16:35:50 - [MESSAGE][PASSED] - Delayed 3 second(s)

2020-01-16 16:35:50 - [TEST_STEP][PASSED] - click(findTestObject("obj_invoce/new_invoice/new_invoice_sub2/a_Taxes ()_select2-choice_3")): Object: 'Object Repository/obj_invoce/new_invoice/new_invoice_sub2/a_Taxes ()_select2-choice_3' is clicked on

2020-01-16 16:35:51 - [MESSAGE][PASSED] - Object: 'Object Repository/obj_invoce/new_invoice/new_invoice_sub2/a_Taxes ()_select2-choice_3' is clicked on

2020-01-16 16:35:51 - [TEST_STEP][PASSED] - delay(3): Delayed 3 second(s)

2020-01-16 16:35:54 - [MESSAGE][PASSED] - Delayed 3 second(s)

2020-01-16 16:35:54 - [TEST_STEP][PASSED] - click(findTestObject("obj_invoce/new_invoice/new_invoice_sub/div_Poseidon")): Object: 'Object Repository/obj_invoce/new_invoice/new_invoice_sub/div_Poseidon' is clicked on

2020-01-16 16:35:54 - [MESSAGE][PASSED] - Object: 'Object Repository/obj_invoce/new_invoice/new_invoice_sub/div_Poseidon' is clicked on

2020-01-16 16:35:54 - [TEST_STEP][PASSED] - delay(3): Delayed 3 second(s)

2020-01-16 16:35:57 - [MESSAGE][PASSED] - Delayed 3 second(s)

2020-01-16 16:35:57 - [TEST_STEP][PASSED] - if (var_type == "BOARDING_SUITE"): null

2020-01-16 16:35:57 - [TEST_STEP][PASSED] - if (var_type == "DAYCARE_SUITE"): Object: 'Object Repository/obj_invoce/new_invoice/new_invoice_sub2/select_day_3' is clicked on

2020-01-16 16:35:57 - [TEST_STEP][PASSED] - click(findTestObject("obj_invoce/new_invoice/new_invoice_sub2/select_day_3"), STOP_ON_FAILURE): Object: 'Object Repository/obj_invoce/new_invoice/new_invoice_sub2/select_day_3' is clicked on

2020-01-16 16:35:57 - [MESSAGE][PASSED] - Object: 'Object Repository/obj_invoce/new_invoice/new_invoice_sub2/select_day_3' is clicked on

2020-01-16 16:35:57 - [TEST_STEP][PASSED] - if (var_type == "PACKAGE"): null

2020-01-16 16:35:57 - [TEST_STEP][PASSED] - delay(4): Delayed 4 second(s)

2020-01-16 16:36:01 - [MESSAGE][PASSED] - Delayed 4 second(s)

2020-01-16 16:36:01 - [TEST_STEP][PASSED] - try: Keys 'ENTER + ' sent to object: 'Object Repository/obj_invoce/new_invoice/new_invoice_sub3/input_item3'

2020-01-16 16:36:01 - [TEST_STEP][PASSED] - sendKeys(findTestObject("obj_invoce/new_invoice/new_invoice_sub3/input_item3"), var_item): Keys 'Half Day of Daycare' sent to object: 'Object Repository/obj_invoce/new_invoice/new_invoice_sub3/input_item3'

2020-01-16 16:36:02 - [MESSAGE][PASSED] - Keys 'Half Day of Daycare' sent to object: 'Object Repository/obj_invoce/new_invoice/new_invoice_sub3/input_item3'

2020-01-16 16:36:02 - [TEST_STEP][PASSED] - delay(4): Delayed 4 second(s)

2020-01-16 16:36:06 - [MESSAGE][PASSED] - Delayed 4 second(s)

2020-01-16 16:36:06 - [TEST_STEP][PASSED] - sendKeys(findTestObject("obj_invoce/new_invoice/new_invoice_sub3/input_item3"), Keys.chord(ENTER)): Keys 'ENTER + ' sent to object: 'Object Repository/obj_invoce/new_invoice/new_invoice_sub3/input_item3'

2020-01-16 16:36:06 - [MESSAGE][PASSED] - Keys 'ENTER + ' sent to object: 'Object Repository/obj_invoce/new_invoice/new_invoice_sub3/input_item3'

2020-01-16 16:36:06 - [TEST_STEP][PASSED] - delay(2): Delayed 2 second(s)

2020-01-16 16:36:08 - [MESSAGE][PASSED] - Delayed 2 second(s)

2020-01-16 16:36:08 - [TEST_STEP][PASSED] - click(findTestObject("obj_invoce/new_invoice/new_invoice_sub/button_Save_Taxe")): Object: 'Object Repository/obj_invoce/new_invoice/new_invoice_sub/button_Save_Taxe' is clicked on

2020-01-16 16:36:09 - [MESSAGE][PASSED] - Object: 'Object Repository/obj_invoce/new_invoice/new_invoice_sub/button_Save_Taxe' is clicked on

2020-01-16 16:36:09 - [TEST_STEP][PASSED] - delay(2): Delayed 2 second(s)

2020-01-16 16:36:11 - [MESSAGE][PASSED] - Delayed 2 second(s)

2020-01-16 16:36:11 - [TEST_STEP][PASSED] - delay(2): Delayed 2 second(s)

2020-01-16 16:36:13 - [MESSAGE][PASSED] - Delayed 2 second(s)

2020-01-16 16:36:13 - [TEST_STEP][PASSED] - var_url = getUrl(): Current window's url is: 'https://p4p-qa-bg.aws.paradise4paws.com/accounts/profile/#/invoice/122350/1795538/'

2020-01-16 16:36:13 - [MESSAGE][PASSED] - Current window's url is: 'https://p4p-qa-bg.aws.paradise4paws.com/accounts/profile/#/invoice/122350/1795538/'

2020-01-16 16:36:13 - [TEST_STEP][PASSED] - arrayUrl = var_url.split("/"): null

2020-01-16 16:36:13 - [TEST_STEP][PASSED] - delay(2): Delayed 2 second(s)

2020-01-16 16:36:15 - [MESSAGE][PASSED] - Delayed 2 second(s)

2020-01-16 16:36:15 - [TEST_STEP][PASSED] - cell = rowInv.createCell(9, 0): null

2020-01-16 16:36:15 - [TEST_STEP][PASSED] - cell.setCellType(CELL_TYPE_STRING): null

2020-01-16 16:36:15 - [TEST_STEP][PASSED] - cell.setCellValue(arrayUrl[8]): null

2020-01-16 16:36:15 - [TEST_STEP][PASSED] - delay(2): Delayed 2 second(s)

2020-01-16 16:36:17 - [MESSAGE][PASSED] - Delayed 2 second(s)

2020-01-16 16:36:17 - [TEST_STEP][PASSED] - cell2 = rowPay.createCell(5, 0): null

2020-01-16 16:36:17 - [TEST_STEP][PASSED] - cell2.setCellType(CELL_TYPE_STRING): null

2020-01-16 16:36:17 - [TEST_STEP][PASSED] - cell2.setCellValue(arrayUrl[8]): null

2020-01-16 16:36:17 - [TEST_STEP][PASSED] - delay(2): Delayed 2 second(s)

2020-01-16 16:36:19 - [MESSAGE][PASSED] - Delayed 2 second(s)

2020-01-16 16:36:19 - [TEST_STEP][PASSED] - fosInv = new java.io.FileOutputStream(/home/leonardo-arkusmty/Desktop/P4P/DATA_AUTOMATINTESTING/data_3createInvoice.xlsx): null

2020-01-16 16:36:19 - [TEST_STEP][PASSED] - workbookInv.write(fosInv): null

2020-01-16 16:36:19 - [TEST_STEP][PASSED] - fosInv.close(): null

2020-01-16 16:36:19 - [TEST_STEP][PASSED] - fosPay = new java.io.FileOutputStream(/home/leonardo-arkusmty/Desktop/P4P/DATA_AUTOMATINTESTING/data_4payment.xlsx): null

2020-01-16 16:36:19 - [TEST_STEP][PASSED] - workbookPay.write(fosPay): null

2020-01-16 16:36:19 - [TEST_STEP][PASSED] - fosPay.close(): null

2020-01-16 16:36:19 - [TEST_STEP][PASSED] - delay(2): Delayed 2 second(s)

2020-01-16 16:36:21 - [MESSAGE][PASSED] - Delayed 2 second(s)]]></system-out>
         <system-err><![CDATA[]]></system-err>
      </testcase>
      <testcase name="Test Cases/p4p_3_createInvoce_ok_spy" time="96.892" classname="Test Cases/p4p_3_createInvoce_ok_spy" status="ERROR">
         <error type="ERROR" message="Test Cases/p4p_3_createInvoce_ok_spy FAILED.
Reason:
java.lang.NullPointerException: Cannot invoke method createCell() on null object
	at org.apache.poi.ss.usermodel.Row$createCell.call(Unknown Source)
	at p4p_3_createInvoce_ok_spy.run(p4p_3_createInvoce_ok_spy:341)
	at com.kms.katalon.core.main.ScriptEngine.run(ScriptEngine.java:194)
	at com.kms.katalon.core.main.ScriptEngine.runScriptAsRawText(ScriptEngine.java:119)
	at com.kms.katalon.core.main.TestCaseExecutor.runScript(TestCaseExecutor.java:337)
	at com.kms.katalon.core.main.TestCaseExecutor.doExecute(TestCaseExecutor.java:328)
	at com.kms.katalon.core.main.TestCaseExecutor.processExecutionPhase(TestCaseExecutor.java:307)
	at com.kms.katalon.core.main.TestCaseExecutor.accessMainPhase(TestCaseExecutor.java:299)
	at com.kms.katalon.core.main.TestCaseExecutor.execute(TestCaseExecutor.java:233)
	at com.kms.katalon.core.main.TestSuiteExecutor.accessTestCaseMainPhase(TestSuiteExecutor.java:169)
	at com.kms.katalon.core.main.TestSuiteExecutor.accessTestSuiteMainPhase(TestSuiteExecutor.java:142)
	at com.kms.katalon.core.main.TestSuiteExecutor.execute(TestSuiteExecutor.java:91)
	at com.kms.katalon.core.main.TestCaseMain.startTestSuite(TestCaseMain.java:157)
	at com.kms.katalon.core.main.TestCaseMain$startTestSuite$0.call(Unknown Source)
	at TempTestSuite1579213562494.run(TempTestSuite1579213562494.groovy:36)
"/>
         <system-out><![CDATA[2020-01-16 16:36:21 - [TEST_CASE][ERROR] - Test Cases/p4p_3_createInvoce_ok_spy: Test Cases/p4p_3_createInvoce_ok_spy FAILED.
Reason:
java.lang.NullPointerException: Cannot invoke method createCell() on null object
	at org.apache.poi.ss.usermodel.Row$createCell.call(Unknown Source)
	at p4p_3_createInvoce_ok_spy.run(p4p_3_createInvoce_ok_spy:341)
	at com.kms.katalon.core.main.ScriptEngine.run(ScriptEngine.java:194)
	at com.kms.katalon.core.main.ScriptEngine.runScriptAsRawText(ScriptEngine.java:119)
	at com.kms.katalon.core.main.TestCaseExecutor.runScript(TestCaseExecutor.java:337)
	at com.kms.katalon.core.main.TestCaseExecutor.doExecute(TestCaseExecutor.java:328)
	at com.kms.katalon.core.main.TestCaseExecutor.processExecutionPhase(TestCaseExecutor.java:307)
	at com.kms.katalon.core.main.TestCaseExecutor.accessMainPhase(TestCaseExecutor.java:299)
	at com.kms.katalon.core.main.TestCaseExecutor.execute(TestCaseExecutor.java:233)
	at com.kms.katalon.core.main.TestSuiteExecutor.accessTestCaseMainPhase(TestSuiteExecutor.java:169)
	at com.kms.katalon.core.main.TestSuiteExecutor.accessTestSuiteMainPhase(TestSuiteExecutor.java:142)
	at com.kms.katalon.core.main.TestSuiteExecutor.execute(TestSuiteExecutor.java:91)
	at com.kms.katalon.core.main.TestCaseMain.startTestSuite(TestCaseMain.java:157)
	at com.kms.katalon.core.main.TestCaseMain$startTestSuite$0.call(Unknown Source)
	at TempTestSuite1579213562494.run(TempTestSuite1579213562494.groovy:36)


2020-01-16 16:36:21 - [TEST_STEP][PASSED] - openBrowser("https://p4p-qa-bg.aws.paradise4paws.com/login/"): Browser is opened with url: 'https://p4p-qa-bg.aws.paradise4paws.com/login/'

2020-01-16 16:36:21 - [MESSAGE][WARNING] - A browser is already opened. Closing browser and opening a new one

2020-01-16 16:36:21 - [MESSAGE][INFO] - Starting 'Chrome' driver

2020-01-16 16:36:24 - [MESSAGE][PASSED] - Browser is opened with url: 'https://p4p-qa-bg.aws.paradise4paws.com/login/'

2020-01-16 16:36:24 - [TEST_STEP][PASSED] - maximizeWindow(): Current window maximized

2020-01-16 16:36:24 - [MESSAGE][PASSED] - Current window maximized

2020-01-16 16:36:24 - [TEST_STEP][PASSED] - arryPets = var_pets.split(","): null

2020-01-16 16:36:24 - [TEST_STEP][PASSED] - flagBoar = "0": null

2020-01-16 16:36:24 - [TEST_STEP][PASSED] - log = new com.kms.katalon.core.logging.KeywordLogger(): null

2020-01-16 16:36:24 - [TEST_STEP][PASSED] - fisInv = new java.io.FileInputStream(/home/leonardo-arkusmty/Desktop/P4P/DATA_AUTOMATINTESTING/data_3createInvoice.xlsx): null

2020-01-16 16:36:24 - [TEST_STEP][PASSED] - fisPay = new java.io.FileInputStream(/home/leonardo-arkusmty/Desktop/P4P/DATA_AUTOMATINTESTING/data_4payment.xlsx): null

2020-01-16 16:36:24 - [TEST_STEP][PASSED] - workbookInv = new org.apache.poi.xssf.usermodel.XSSFWorkbook(fisInv): null

2020-01-16 16:36:24 - [TEST_STEP][PASSED] - workbookPay = new org.apache.poi.xssf.usermodel.XSSFWorkbook(fisPay): null

2020-01-16 16:36:24 - [TEST_STEP][PASSED] - sheetInv = workbookInv.getSheet("Sheet1"): null

2020-01-16 16:36:24 - [TEST_STEP][PASSED] - sheetPay = workbookPay.getSheet("Sheet1"): null

2020-01-16 16:36:24 - [TEST_STEP][PASSED] - var = Integer.parseInt(var_idRowRes): null

2020-01-16 16:36:24 - [TEST_STEP][PASSED] - rowInv = sheetInv.getRow(var): null

2020-01-16 16:36:24 - [TEST_STEP][PASSED] - rowPay = sheetPay.getRow(var): null

2020-01-16 16:36:24 - [TEST_STEP][PASSED] - today = new java.util.Date(): null

2020-01-16 16:36:24 - [TEST_STEP][PASSED] - todaysDate1 = today.format("mmm/dd/yy"): null

2020-01-16 16:36:24 - [TEST_STEP][PASSED] - todaysDate2 = today.format("dd/mm/yy"): null

2020-01-16 16:36:24 - [TEST_STEP][PASSED] - todaysDate3 = today.format("dd"): null

2020-01-16 16:36:24 - [TEST_STEP][PASSED] - nowTime = today.format("hhmm"): null

2020-01-16 16:36:24 - [TEST_STEP][PASSED] - setText(findTestObject("obj_login/input_user"), var_user): Text 'jegchavez@gmail.com' is set on object 'Object Repository/obj_login/input_user'

2020-01-16 16:36:24 - [MESSAGE][PASSED] - Text 'jegchavez@gmail.com' is set on object 'Object Repository/obj_login/input_user'

2020-01-16 16:36:24 - [TEST_STEP][PASSED] - setText(findTestObject("obj_login/input_pass"), var_pass): Text 'admin1' is set on object 'Object Repository/obj_login/input_pass'

2020-01-16 16:36:25 - [MESSAGE][PASSED] - Text 'admin1' is set on object 'Object Repository/obj_login/input_pass'

2020-01-16 16:36:25 - [TEST_STEP][PASSED] - delay(2): Delayed 2 second(s)

2020-01-16 16:36:27 - [MESSAGE][PASSED] - Delayed 2 second(s)

2020-01-16 16:36:27 - [TEST_STEP][PASSED] - verifyElementClickable(findTestObject("obj_login/btn_login")): Object 'Object Repository/obj_login/btn_login' is clickable

2020-01-16 16:36:27 - [MESSAGE][PASSED] - Object 'Object Repository/obj_login/btn_login' is clickable

2020-01-16 16:36:27 - [TEST_STEP][PASSED] - click(findTestObject("obj_login/btn_login")): Object: 'Object Repository/obj_login/btn_login' is clicked on

2020-01-16 16:36:28 - [MESSAGE][PASSED] - Object: 'Object Repository/obj_login/btn_login' is clicked on

2020-01-16 16:36:28 - [TEST_STEP][PASSED] - delay(2): Delayed 2 second(s)

2020-01-16 16:36:30 - [MESSAGE][PASSED] - Delayed 2 second(s)

2020-01-16 16:36:30 - [TEST_STEP][PASSED] - setText(findTestObject("obj_dashboard_emp/input_search"), var_parent): Text 'leongarzagarza@hotmail.com' is set on object 'Object Repository/obj_dashboard_emp/input_search'

2020-01-16 16:36:31 - [MESSAGE][PASSED] - Text 'leongarzagarza@hotmail.com' is set on object 'Object Repository/obj_dashboard_emp/input_search'

2020-01-16 16:36:31 - [TEST_STEP][PASSED] - click(findTestObject("obj_dashboard_emp/btn_accountSearch")): Object: 'Object Repository/obj_dashboard_emp/btn_accountSearch' is clicked on

2020-01-16 16:36:32 - [MESSAGE][PASSED] - Object: 'Object Repository/obj_dashboard_emp/btn_accountSearch' is clicked on

2020-01-16 16:36:32 - [TEST_STEP][PASSED] - delay(2): Delayed 2 second(s)

2020-01-16 16:36:34 - [MESSAGE][PASSED] - Delayed 2 second(s)

2020-01-16 16:36:34 - [TEST_STEP][PASSED] - click(findTestObject("obj_accountInformation/a_TEST GABRIEL PROD")): Object: 'Object Repository/obj_accountInformation/a_TEST GABRIEL PROD' is clicked on

2020-01-16 16:36:34 - [MESSAGE][PASSED] - Object: 'Object Repository/obj_accountInformation/a_TEST GABRIEL PROD' is clicked on

2020-01-16 16:36:34 - [TEST_STEP][PASSED] - delay(2): Delayed 2 second(s)

2020-01-16 16:36:36 - [MESSAGE][PASSED] - Delayed 2 second(s)

2020-01-16 16:36:36 - [TEST_STEP][PASSED] - click(findTestObject("obj_invoce/btn_createInvoice")): Object: 'Object Repository/obj_invoce/btn_createInvoice' is clicked on

2020-01-16 16:36:38 - [MESSAGE][PASSED] - Object: 'Object Repository/obj_invoce/btn_createInvoice' is clicked on

2020-01-16 16:36:38 - [TEST_STEP][PASSED] - delay(3): Delayed 3 second(s)

2020-01-16 16:36:41 - [MESSAGE][PASSED] - Delayed 3 second(s)

2020-01-16 16:36:41 - [TEST_STEP][PASSED] - if (arryPets.size() == 1): null

2020-01-16 16:36:41 - [TEST_STEP][PASSED] - if (arryPets.size() == 2): null

2020-01-16 16:36:41 - [TEST_STEP][PASSED] - if (arryPets.size() == 3): Delayed 2 second(s)

2020-01-16 16:36:41 - [TEST_STEP][PASSED] - log.logInfo("SIZE 3"): SIZE 3

2020-01-16 16:36:41 - [MESSAGE][INFO] - SIZE 3

2020-01-16 16:36:41 - [TEST_STEP][PASSED] - click(findTestObject("obj_invoce/new_invoice/new_invoice_sub/btn_AddLineItem")): Object: 'Object Repository/obj_invoce/new_invoice/new_invoice_sub/btn_AddLineItem' is clicked on

2020-01-16 16:36:42 - [MESSAGE][PASSED] - Object: 'Object Repository/obj_invoce/new_invoice/new_invoice_sub/btn_AddLineItem' is clicked on

2020-01-16 16:36:42 - [TEST_STEP][PASSED] - delay(3): Delayed 3 second(s)

2020-01-16 16:36:45 - [MESSAGE][PASSED] - Delayed 3 second(s)

2020-01-16 16:36:45 - [TEST_STEP][PASSED] - click(findTestObject("obj_invoce/new_invoice/new_invoice_sub/a_Taxes ()_select2-choice_1")): Object: 'Object Repository/obj_invoce/new_invoice/new_invoice_sub/a_Taxes ()_select2-choice_1' is clicked on

2020-01-16 16:36:45 - [MESSAGE][PASSED] - Object: 'Object Repository/obj_invoce/new_invoice/new_invoice_sub/a_Taxes ()_select2-choice_1' is clicked on

2020-01-16 16:36:45 - [TEST_STEP][PASSED] - delay(3): Delayed 3 second(s)

2020-01-16 16:36:48 - [MESSAGE][PASSED] - Delayed 3 second(s)

2020-01-16 16:36:48 - [TEST_STEP][PASSED] - click(findTestObject("obj_invoce/new_invoice/new_invoice_sub/div_Zeus")): Object: 'Object Repository/obj_invoce/new_invoice/new_invoice_sub/div_Zeus' is clicked on

2020-01-16 16:36:48 - [MESSAGE][PASSED] - Object: 'Object Repository/obj_invoce/new_invoice/new_invoice_sub/div_Zeus' is clicked on

2020-01-16 16:36:48 - [TEST_STEP][NOT_RUN] - click(findTestObject("obj_invoce/new_invoice/new_invoice_sub/b")): NOT_RUN: click(findTestObject("obj_invoce/new_invoice/new_invoice_sub/b"))

2020-01-16 16:36:48 - [MESSAGE][NOT_RUN] - NOT_RUN: click(findTestObject("obj_invoce/new_invoice/new_invoice_sub/b"))

2020-01-16 16:36:48 - [TEST_STEP][NOT_RUN] - click(findTestObject("obj_invoce/new_invoice/new_invoice_sub/select_BOARDING_SUITEDAYCARE_SUITESPA_SUITE")): NOT_RUN: click(findTestObject("obj_invoce/new_invoice/new_invoice_sub/select_BOARDING_SUITEDAYCARE_SUITESPA_SUITE"))

2020-01-16 16:36:48 - [MESSAGE][NOT_RUN] - NOT_RUN: click(findTestObject("obj_invoce/new_invoice/new_invoice_sub/select_BOARDING_SUITEDAYCARE_SUITESPA_SUITE"))

2020-01-16 16:36:48 - [TEST_STEP][PASSED] - delay(3): Delayed 3 second(s)

2020-01-16 16:36:51 - [MESSAGE][PASSED] - Delayed 3 second(s)

2020-01-16 16:36:51 - [TEST_STEP][PASSED] - if (var_type == "BOARDING_SUITE"): null

2020-01-16 16:36:51 - [TEST_STEP][PASSED] - if (var_type == "DAYCARE_SUITE"): null

2020-01-16 16:36:51 - [TEST_STEP][PASSED] - if (var_type == "PACKAGE"): Object: 'Object Repository/obj_invoce/new_invoice_ok_1/select_package' is clicked on

2020-01-16 16:36:51 - [TEST_STEP][PASSED] - click(findTestObject("obj_invoce/new_invoice_ok_1/select_package"), STOP_ON_FAILURE): Object: 'Object Repository/obj_invoce/new_invoice_ok_1/select_package' is clicked on

2020-01-16 16:36:52 - [MESSAGE][PASSED] - Object: 'Object Repository/obj_invoce/new_invoice_ok_1/select_package' is clicked on

2020-01-16 16:36:52 - [TEST_STEP][PASSED] - delay(4): Delayed 4 second(s)

2020-01-16 16:36:56 - [MESSAGE][PASSED] - Delayed 4 second(s)

2020-01-16 16:36:56 - [TEST_STEP][PASSED] - sendKeys(findTestObject("obj_invoce/new_invoice/new_invoice_sub/input_Taxes_Item_1"), var_item): Keys 'M2M Monthly Membership' sent to object: 'Object Repository/obj_invoce/new_invoice/new_invoice_sub/input_Taxes_Item_1'

2020-01-16 16:36:56 - [MESSAGE][PASSED] - Keys 'M2M Monthly Membership' sent to object: 'Object Repository/obj_invoce/new_invoice/new_invoice_sub/input_Taxes_Item_1'

2020-01-16 16:36:56 - [TEST_STEP][PASSED] - delay(4): Delayed 4 second(s)

2020-01-16 16:37:00 - [MESSAGE][PASSED] - Delayed 4 second(s)

2020-01-16 16:37:00 - [TEST_STEP][PASSED] - sendKeys(findTestObject("obj_invoce/new_invoice/new_invoice_sub/input_Taxes_Item_1"), Keys.chord(ENTER)): Keys 'ENTER + ' sent to object: 'Object Repository/obj_invoce/new_invoice/new_invoice_sub/input_Taxes_Item_1'

2020-01-16 16:37:01 - [MESSAGE][PASSED] - Keys 'ENTER + ' sent to object: 'Object Repository/obj_invoce/new_invoice/new_invoice_sub/input_Taxes_Item_1'

2020-01-16 16:37:01 - [TEST_STEP][PASSED] - delay(4): Delayed 4 second(s)

2020-01-16 16:37:05 - [MESSAGE][PASSED] - Delayed 4 second(s)

2020-01-16 16:37:05 - [TEST_STEP][PASSED] - click(findTestObject("obj_invoce/new_invoice/new_invoice_sub/btn_AddLineItem")): Object: 'Object Repository/obj_invoce/new_invoice/new_invoice_sub/btn_AddLineItem' is clicked on

2020-01-16 16:37:05 - [MESSAGE][PASSED] - Object: 'Object Repository/obj_invoce/new_invoice/new_invoice_sub/btn_AddLineItem' is clicked on

2020-01-16 16:37:05 - [TEST_STEP][PASSED] - delay(3): Delayed 3 second(s)

2020-01-16 16:37:08 - [MESSAGE][PASSED] - Delayed 3 second(s)

2020-01-16 16:37:08 - [TEST_STEP][PASSED] - click(findTestObject("obj_invoce/new_invoice/new_invoice_sub2/a_Taxes ()_select2-choice_2")): Object: 'Object Repository/obj_invoce/new_invoice/new_invoice_sub2/a_Taxes ()_select2-choice_2' is clicked on

2020-01-16 16:37:08 - [MESSAGE][PASSED] - Object: 'Object Repository/obj_invoce/new_invoice/new_invoice_sub2/a_Taxes ()_select2-choice_2' is clicked on

2020-01-16 16:37:08 - [TEST_STEP][PASSED] - delay(3): Delayed 3 second(s)

2020-01-16 16:37:11 - [MESSAGE][PASSED] - Delayed 3 second(s)

2020-01-16 16:37:11 - [TEST_STEP][PASSED] - click(findTestObject("obj_invoce/new_invoice/new_invoice_sub/div_Ares")): Object: 'Object Repository/obj_invoce/new_invoice/new_invoice_sub/div_Ares' is clicked on

2020-01-16 16:37:12 - [MESSAGE][PASSED] - Object: 'Object Repository/obj_invoce/new_invoice/new_invoice_sub/div_Ares' is clicked on

2020-01-16 16:37:12 - [TEST_STEP][NOT_RUN] - click(findTestObject("obj_invoce/new_invoice/new_invoice_sub/b")): NOT_RUN: click(findTestObject("obj_invoce/new_invoice/new_invoice_sub/b"))

2020-01-16 16:37:12 - [MESSAGE][NOT_RUN] - NOT_RUN: click(findTestObject("obj_invoce/new_invoice/new_invoice_sub/b"))

2020-01-16 16:37:12 - [TEST_STEP][NOT_RUN] - click(findTestObject("obj_invoce/new_invoice/new_invoice_sub/select_BOARDING_SUITEDAYCARE_SUITESPA_SUITE")): NOT_RUN: click(findTestObject("obj_invoce/new_invoice/new_invoice_sub/select_BOARDING_SUITEDAYCARE_SUITESPA_SUITE"))

2020-01-16 16:37:12 - [MESSAGE][NOT_RUN] - NOT_RUN: click(findTestObject("obj_invoce/new_invoice/new_invoice_sub/select_BOARDING_SUITEDAYCARE_SUITESPA_SUITE"))

2020-01-16 16:37:12 - [TEST_STEP][PASSED] - delay(3): Delayed 3 second(s)

2020-01-16 16:37:15 - [MESSAGE][PASSED] - Delayed 3 second(s)

2020-01-16 16:37:15 - [TEST_STEP][PASSED] - if (var_type == "BOARDING_SUITE"): null

2020-01-16 16:37:15 - [TEST_STEP][PASSED] - if (var_type == "DAYCARE_SUITE"): null

2020-01-16 16:37:15 - [TEST_STEP][PASSED] - if (var_type == "PACKAGE"): Object: 'Object Repository/obj_invoce/new_invoice/new_invoice_sub2/select_package_2' is clicked on

2020-01-16 16:37:15 - [TEST_STEP][PASSED] - click(findTestObject("obj_invoce/new_invoice/new_invoice_sub2/select_package_2"), STOP_ON_FAILURE): Object: 'Object Repository/obj_invoce/new_invoice/new_invoice_sub2/select_package_2' is clicked on

2020-01-16 16:37:15 - [MESSAGE][PASSED] - Object: 'Object Repository/obj_invoce/new_invoice/new_invoice_sub2/select_package_2' is clicked on

2020-01-16 16:37:15 - [TEST_STEP][PASSED] - delay(4): Delayed 4 second(s)

2020-01-16 16:37:19 - [MESSAGE][PASSED] - Delayed 4 second(s)

2020-01-16 16:37:19 - [TEST_STEP][PASSED] - sendKeys(findTestObject("obj_invoce/new_invoice/new_invoice_sub2/input_Taxes_Item_2"), var_item): Keys 'M2M Monthly Membership' sent to object: 'Object Repository/obj_invoce/new_invoice/new_invoice_sub2/input_Taxes_Item_2'

2020-01-16 16:37:20 - [MESSAGE][PASSED] - Keys 'M2M Monthly Membership' sent to object: 'Object Repository/obj_invoce/new_invoice/new_invoice_sub2/input_Taxes_Item_2'

2020-01-16 16:37:20 - [TEST_STEP][PASSED] - delay(4): Delayed 4 second(s)

2020-01-16 16:37:24 - [MESSAGE][PASSED] - Delayed 4 second(s)

2020-01-16 16:37:24 - [TEST_STEP][PASSED] - sendKeys(findTestObject("obj_invoce/new_invoice/new_invoice_sub2/input_Taxes_Item_2"), Keys.chord(ENTER)): Keys 'ENTER + ' sent to object: 'Object Repository/obj_invoce/new_invoice/new_invoice_sub2/input_Taxes_Item_2'

2020-01-16 16:37:24 - [MESSAGE][PASSED] - Keys 'ENTER + ' sent to object: 'Object Repository/obj_invoce/new_invoice/new_invoice_sub2/input_Taxes_Item_2'

2020-01-16 16:37:24 - [TEST_STEP][PASSED] - delay(4): Delayed 4 second(s)

2020-01-16 16:37:28 - [MESSAGE][PASSED] - Delayed 4 second(s)

2020-01-16 16:37:28 - [TEST_STEP][PASSED] - click(findTestObject("obj_invoce/new_invoice/new_invoice_sub/btn_AddLineItem")): Object: 'Object Repository/obj_invoce/new_invoice/new_invoice_sub/btn_AddLineItem' is clicked on

2020-01-16 16:37:28 - [MESSAGE][PASSED] - Object: 'Object Repository/obj_invoce/new_invoice/new_invoice_sub/btn_AddLineItem' is clicked on

2020-01-16 16:37:28 - [TEST_STEP][PASSED] - delay(3): Delayed 3 second(s)

2020-01-16 16:37:31 - [MESSAGE][PASSED] - Delayed 3 second(s)

2020-01-16 16:37:31 - [TEST_STEP][PASSED] - click(findTestObject("obj_invoce/new_invoice/new_invoice_sub2/a_Taxes ()_select2-choice_3")): Object: 'Object Repository/obj_invoce/new_invoice/new_invoice_sub2/a_Taxes ()_select2-choice_3' is clicked on

2020-01-16 16:37:32 - [MESSAGE][PASSED] - Object: 'Object Repository/obj_invoce/new_invoice/new_invoice_sub2/a_Taxes ()_select2-choice_3' is clicked on

2020-01-16 16:37:32 - [TEST_STEP][PASSED] - delay(3): Delayed 3 second(s)

2020-01-16 16:37:35 - [MESSAGE][PASSED] - Delayed 3 second(s)

2020-01-16 16:37:35 - [TEST_STEP][PASSED] - click(findTestObject("obj_invoce/new_invoice/new_invoice_sub/div_Poseidon")): Object: 'Object Repository/obj_invoce/new_invoice/new_invoice_sub/div_Poseidon' is clicked on

2020-01-16 16:37:35 - [MESSAGE][PASSED] - Object: 'Object Repository/obj_invoce/new_invoice/new_invoice_sub/div_Poseidon' is clicked on

2020-01-16 16:37:35 - [TEST_STEP][PASSED] - delay(3): Delayed 3 second(s)

2020-01-16 16:37:38 - [MESSAGE][PASSED] - Delayed 3 second(s)

2020-01-16 16:37:38 - [TEST_STEP][PASSED] - if (var_type == "BOARDING_SUITE"): null

2020-01-16 16:37:38 - [TEST_STEP][PASSED] - if (var_type == "DAYCARE_SUITE"): null

2020-01-16 16:37:38 - [TEST_STEP][PASSED] - if (var_type == "PACKAGE"): Object: 'Object Repository/obj_invoce/new_invoice/new_invoice_sub2/select_package_3' is clicked on

2020-01-16 16:37:38 - [TEST_STEP][PASSED] - click(findTestObject("obj_invoce/new_invoice/new_invoice_sub2/select_package_3"), STOP_ON_FAILURE): Object: 'Object Repository/obj_invoce/new_invoice/new_invoice_sub2/select_package_3' is clicked on

2020-01-16 16:37:38 - [MESSAGE][PASSED] - Object: 'Object Repository/obj_invoce/new_invoice/new_invoice_sub2/select_package_3' is clicked on

2020-01-16 16:37:38 - [TEST_STEP][PASSED] - delay(4): Delayed 4 second(s)

2020-01-16 16:37:42 - [MESSAGE][PASSED] - Delayed 4 second(s)

2020-01-16 16:37:42 - [TEST_STEP][PASSED] - try: Keys 'ENTER + ' sent to object: 'Object Repository/obj_invoce/new_invoice/new_invoice_sub3/input_item3'

2020-01-16 16:37:42 - [TEST_STEP][PASSED] - sendKeys(findTestObject("obj_invoce/new_invoice/new_invoice_sub3/input_item3"), var_item): Keys 'M2M Monthly Membership' sent to object: 'Object Repository/obj_invoce/new_invoice/new_invoice_sub3/input_item3'

2020-01-16 16:37:43 - [MESSAGE][PASSED] - Keys 'M2M Monthly Membership' sent to object: 'Object Repository/obj_invoce/new_invoice/new_invoice_sub3/input_item3'

2020-01-16 16:37:43 - [TEST_STEP][PASSED] - delay(4): Delayed 4 second(s)

2020-01-16 16:37:47 - [MESSAGE][PASSED] - Delayed 4 second(s)

2020-01-16 16:37:47 - [TEST_STEP][PASSED] - sendKeys(findTestObject("obj_invoce/new_invoice/new_invoice_sub3/input_item3"), Keys.chord(ENTER)): Keys 'ENTER + ' sent to object: 'Object Repository/obj_invoce/new_invoice/new_invoice_sub3/input_item3'

2020-01-16 16:37:47 - [MESSAGE][PASSED] - Keys 'ENTER + ' sent to object: 'Object Repository/obj_invoce/new_invoice/new_invoice_sub3/input_item3'

2020-01-16 16:37:47 - [TEST_STEP][PASSED] - delay(2): Delayed 2 second(s)

2020-01-16 16:37:49 - [MESSAGE][PASSED] - Delayed 2 second(s)

2020-01-16 16:37:49 - [TEST_STEP][PASSED] - click(findTestObject("obj_invoce/new_invoice/new_invoice_sub/button_Save_Taxe")): Object: 'Object Repository/obj_invoce/new_invoice/new_invoice_sub/button_Save_Taxe' is clicked on

2020-01-16 16:37:50 - [MESSAGE][PASSED] - Object: 'Object Repository/obj_invoce/new_invoice/new_invoice_sub/button_Save_Taxe' is clicked on

2020-01-16 16:37:50 - [TEST_STEP][PASSED] - delay(2): Delayed 2 second(s)

2020-01-16 16:37:52 - [MESSAGE][PASSED] - Delayed 2 second(s)

2020-01-16 16:37:52 - [TEST_STEP][PASSED] - delay(2): Delayed 2 second(s)

2020-01-16 16:37:54 - [MESSAGE][PASSED] - Delayed 2 second(s)

2020-01-16 16:37:54 - [TEST_STEP][PASSED] - var_url = getUrl(): Current window's url is: 'https://p4p-qa-bg.aws.paradise4paws.com/accounts/profile/#/invoice/122350/1795539/'

2020-01-16 16:37:54 - [MESSAGE][PASSED] - Current window's url is: 'https://p4p-qa-bg.aws.paradise4paws.com/accounts/profile/#/invoice/122350/1795539/'

2020-01-16 16:37:54 - [TEST_STEP][PASSED] - arrayUrl = var_url.split("/"): null

2020-01-16 16:37:54 - [TEST_STEP][PASSED] - delay(2): Delayed 2 second(s)

2020-01-16 16:37:56 - [MESSAGE][PASSED] - Delayed 2 second(s)

2020-01-16 16:37:56 - [TEST_STEP][PASSED] - cell = rowInv.createCell(9, 0): null

2020-01-16 16:37:56 - [TEST_STEP][PASSED] - cell.setCellType(CELL_TYPE_STRING): null

2020-01-16 16:37:56 - [TEST_STEP][PASSED] - cell.setCellValue(arrayUrl[8]): null

2020-01-16 16:37:56 - [TEST_STEP][PASSED] - delay(2): Delayed 2 second(s)

2020-01-16 16:37:58 - [MESSAGE][PASSED] - Delayed 2 second(s)

2020-01-16 16:37:58 - [TEST_STEP][PASSED] - cell2 = rowPay.createCell(5, 0): null]]></system-out>
         <system-err><![CDATA[2020-01-16 16:36:21 - [TEST_CASE][ERROR] - Test Cases/p4p_3_createInvoce_ok_spy: Test Cases/p4p_3_createInvoce_ok_spy FAILED.
Reason:
java.lang.NullPointerException: Cannot invoke method createCell() on null object
	at org.apache.poi.ss.usermodel.Row$createCell.call(Unknown Source)
	at p4p_3_createInvoce_ok_spy.run(p4p_3_createInvoce_ok_spy:341)
	at com.kms.katalon.core.main.ScriptEngine.run(ScriptEngine.java:194)
	at com.kms.katalon.core.main.ScriptEngine.runScriptAsRawText(ScriptEngine.java:119)
	at com.kms.katalon.core.main.TestCaseExecutor.runScript(TestCaseExecutor.java:337)
	at com.kms.katalon.core.main.TestCaseExecutor.doExecute(TestCaseExecutor.java:328)
	at com.kms.katalon.core.main.TestCaseExecutor.processExecutionPhase(TestCaseExecutor.java:307)
	at com.kms.katalon.core.main.TestCaseExecutor.accessMainPhase(TestCaseExecutor.java:299)
	at com.kms.katalon.core.main.TestCaseExecutor.execute(TestCaseExecutor.java:233)
	at com.kms.katalon.core.main.TestSuiteExecutor.accessTestCaseMainPhase(TestSuiteExecutor.java:169)
	at com.kms.katalon.core.main.TestSuiteExecutor.accessTestSuiteMainPhase(TestSuiteExecutor.java:142)
	at com.kms.katalon.core.main.TestSuiteExecutor.execute(TestSuiteExecutor.java:91)
	at com.kms.katalon.core.main.TestCaseMain.startTestSuite(TestCaseMain.java:157)
	at com.kms.katalon.core.main.TestCaseMain$startTestSuite$0.call(Unknown Source)
	at TempTestSuite1579213562494.run(TempTestSuite1579213562494.groovy:36)]]></system-err>
      </testcase>
      <testcase name="Test Cases/p4p_3_createInvoce_ok_spy" time="56.339" classname="Test Cases/p4p_3_createInvoce_ok_spy" status="ERROR">
         <error type="ERROR" message="Test Cases/p4p_3_createInvoce_ok_spy FAILED.
Reason:
java.lang.NullPointerException: Cannot invoke method createCell() on null object
	at p4p_3_createInvoce_ok_spy.run(p4p_3_createInvoce_ok_spy:341)
	at com.kms.katalon.core.main.ScriptEngine.run(ScriptEngine.java:194)
	at com.kms.katalon.core.main.ScriptEngine.runScriptAsRawText(ScriptEngine.java:119)
	at com.kms.katalon.core.main.TestCaseExecutor.runScript(TestCaseExecutor.java:337)
	at com.kms.katalon.core.main.TestCaseExecutor.doExecute(TestCaseExecutor.java:328)
	at com.kms.katalon.core.main.TestCaseExecutor.processExecutionPhase(TestCaseExecutor.java:307)
	at com.kms.katalon.core.main.TestCaseExecutor.accessMainPhase(TestCaseExecutor.java:299)
	at com.kms.katalon.core.main.TestCaseExecutor.execute(TestCaseExecutor.java:233)
	at com.kms.katalon.core.main.TestSuiteExecutor.accessTestCaseMainPhase(TestSuiteExecutor.java:169)
	at com.kms.katalon.core.main.TestSuiteExecutor.accessTestSuiteMainPhase(TestSuiteExecutor.java:142)
	at com.kms.katalon.core.main.TestSuiteExecutor.execute(TestSuiteExecutor.java:91)
	at com.kms.katalon.core.main.TestCaseMain.startTestSuite(TestCaseMain.java:157)
	at com.kms.katalon.core.main.TestCaseMain$startTestSuite$0.call(Unknown Source)
	at TempTestSuite1579213562494.run(TempTestSuite1579213562494.groovy:36)
"/>
         <system-out><![CDATA[2020-01-16 16:37:58 - [TEST_CASE][ERROR] - Test Cases/p4p_3_createInvoce_ok_spy: Test Cases/p4p_3_createInvoce_ok_spy FAILED.
Reason:
java.lang.NullPointerException: Cannot invoke method createCell() on null object
	at p4p_3_createInvoce_ok_spy.run(p4p_3_createInvoce_ok_spy:341)
	at com.kms.katalon.core.main.ScriptEngine.run(ScriptEngine.java:194)
	at com.kms.katalon.core.main.ScriptEngine.runScriptAsRawText(ScriptEngine.java:119)
	at com.kms.katalon.core.main.TestCaseExecutor.runScript(TestCaseExecutor.java:337)
	at com.kms.katalon.core.main.TestCaseExecutor.doExecute(TestCaseExecutor.java:328)
	at com.kms.katalon.core.main.TestCaseExecutor.processExecutionPhase(TestCaseExecutor.java:307)
	at com.kms.katalon.core.main.TestCaseExecutor.accessMainPhase(TestCaseExecutor.java:299)
	at com.kms.katalon.core.main.TestCaseExecutor.execute(TestCaseExecutor.java:233)
	at com.kms.katalon.core.main.TestSuiteExecutor.accessTestCaseMainPhase(TestSuiteExecutor.java:169)
	at com.kms.katalon.core.main.TestSuiteExecutor.accessTestSuiteMainPhase(TestSuiteExecutor.java:142)
	at com.kms.katalon.core.main.TestSuiteExecutor.execute(TestSuiteExecutor.java:91)
	at com.kms.katalon.core.main.TestCaseMain.startTestSuite(TestCaseMain.java:157)
	at com.kms.katalon.core.main.TestCaseMain$startTestSuite$0.call(Unknown Source)
	at TempTestSuite1579213562494.run(TempTestSuite1579213562494.groovy:36)


2020-01-16 16:37:58 - [TEST_STEP][PASSED] - openBrowser("https://p4p-qa-bg.aws.paradise4paws.com/login/"): Browser is opened with url: 'https://p4p-qa-bg.aws.paradise4paws.com/login/'

2020-01-16 16:37:58 - [MESSAGE][WARNING] - A browser is already opened. Closing browser and opening a new one

2020-01-16 16:37:58 - [MESSAGE][INFO] - Starting 'Chrome' driver

2020-01-16 16:38:01 - [MESSAGE][PASSED] - Browser is opened with url: 'https://p4p-qa-bg.aws.paradise4paws.com/login/'

2020-01-16 16:38:01 - [TEST_STEP][PASSED] - maximizeWindow(): Current window maximized

2020-01-16 16:38:01 - [MESSAGE][PASSED] - Current window maximized

2020-01-16 16:38:01 - [TEST_STEP][PASSED] - arryPets = var_pets.split(","): null

2020-01-16 16:38:01 - [TEST_STEP][PASSED] - flagBoar = "0": null

2020-01-16 16:38:01 - [TEST_STEP][PASSED] - log = new com.kms.katalon.core.logging.KeywordLogger(): null

2020-01-16 16:38:01 - [TEST_STEP][PASSED] - fisInv = new java.io.FileInputStream(/home/leonardo-arkusmty/Desktop/P4P/DATA_AUTOMATINTESTING/data_3createInvoice.xlsx): null

2020-01-16 16:38:01 - [TEST_STEP][PASSED] - fisPay = new java.io.FileInputStream(/home/leonardo-arkusmty/Desktop/P4P/DATA_AUTOMATINTESTING/data_4payment.xlsx): null

2020-01-16 16:38:01 - [TEST_STEP][PASSED] - workbookInv = new org.apache.poi.xssf.usermodel.XSSFWorkbook(fisInv): null

2020-01-16 16:38:01 - [TEST_STEP][PASSED] - workbookPay = new org.apache.poi.xssf.usermodel.XSSFWorkbook(fisPay): null

2020-01-16 16:38:01 - [TEST_STEP][PASSED] - sheetInv = workbookInv.getSheet("Sheet1"): null

2020-01-16 16:38:01 - [TEST_STEP][PASSED] - sheetPay = workbookPay.getSheet("Sheet1"): null

2020-01-16 16:38:01 - [TEST_STEP][PASSED] - var = Integer.parseInt(var_idRowRes): null

2020-01-16 16:38:01 - [TEST_STEP][PASSED] - rowInv = sheetInv.getRow(var): null

2020-01-16 16:38:01 - [TEST_STEP][PASSED] - rowPay = sheetPay.getRow(var): null

2020-01-16 16:38:01 - [TEST_STEP][PASSED] - today = new java.util.Date(): null

2020-01-16 16:38:01 - [TEST_STEP][PASSED] - todaysDate1 = today.format("mmm/dd/yy"): null

2020-01-16 16:38:01 - [TEST_STEP][PASSED] - todaysDate2 = today.format("dd/mm/yy"): null

2020-01-16 16:38:01 - [TEST_STEP][PASSED] - todaysDate3 = today.format("dd"): null

2020-01-16 16:38:01 - [TEST_STEP][PASSED] - nowTime = today.format("hhmm"): null

2020-01-16 16:38:01 - [TEST_STEP][PASSED] - setText(findTestObject("obj_login/input_user"), var_user): Text 'jegchavez@gmail.com' is set on object 'Object Repository/obj_login/input_user'

2020-01-16 16:38:01 - [MESSAGE][PASSED] - Text 'jegchavez@gmail.com' is set on object 'Object Repository/obj_login/input_user'

2020-01-16 16:38:01 - [TEST_STEP][PASSED] - setText(findTestObject("obj_login/input_pass"), var_pass): Text 'admin1' is set on object 'Object Repository/obj_login/input_pass'

2020-01-16 16:38:02 - [MESSAGE][PASSED] - Text 'admin1' is set on object 'Object Repository/obj_login/input_pass'

2020-01-16 16:38:02 - [TEST_STEP][PASSED] - delay(2): Delayed 2 second(s)

2020-01-16 16:38:04 - [MESSAGE][PASSED] - Delayed 2 second(s)

2020-01-16 16:38:04 - [TEST_STEP][PASSED] - verifyElementClickable(findTestObject("obj_login/btn_login")): Object 'Object Repository/obj_login/btn_login' is clickable

2020-01-16 16:38:04 - [MESSAGE][PASSED] - Object 'Object Repository/obj_login/btn_login' is clickable

2020-01-16 16:38:04 - [TEST_STEP][PASSED] - click(findTestObject("obj_login/btn_login")): Object: 'Object Repository/obj_login/btn_login' is clicked on

2020-01-16 16:38:05 - [MESSAGE][PASSED] - Object: 'Object Repository/obj_login/btn_login' is clicked on

2020-01-16 16:38:05 - [TEST_STEP][PASSED] - delay(2): Delayed 2 second(s)

2020-01-16 16:38:07 - [MESSAGE][PASSED] - Delayed 2 second(s)

2020-01-16 16:38:07 - [TEST_STEP][PASSED] - setText(findTestObject("obj_dashboard_emp/input_search"), var_parent): Text 'leongarzagarza@hotmail.com' is set on object 'Object Repository/obj_dashboard_emp/input_search'

2020-01-16 16:38:08 - [MESSAGE][PASSED] - Text 'leongarzagarza@hotmail.com' is set on object 'Object Repository/obj_dashboard_emp/input_search'

2020-01-16 16:38:08 - [TEST_STEP][PASSED] - click(findTestObject("obj_dashboard_emp/btn_accountSearch")): Object: 'Object Repository/obj_dashboard_emp/btn_accountSearch' is clicked on

2020-01-16 16:38:09 - [MESSAGE][PASSED] - Object: 'Object Repository/obj_dashboard_emp/btn_accountSearch' is clicked on

2020-01-16 16:38:09 - [TEST_STEP][PASSED] - delay(2): Delayed 2 second(s)

2020-01-16 16:38:11 - [MESSAGE][PASSED] - Delayed 2 second(s)

2020-01-16 16:38:11 - [TEST_STEP][PASSED] - click(findTestObject("obj_accountInformation/a_TEST GABRIEL PROD")): Object: 'Object Repository/obj_accountInformation/a_TEST GABRIEL PROD' is clicked on

2020-01-16 16:38:11 - [MESSAGE][PASSED] - Object: 'Object Repository/obj_accountInformation/a_TEST GABRIEL PROD' is clicked on

2020-01-16 16:38:11 - [TEST_STEP][PASSED] - delay(2): Delayed 2 second(s)

2020-01-16 16:38:13 - [MESSAGE][PASSED] - Delayed 2 second(s)

2020-01-16 16:38:13 - [TEST_STEP][PASSED] - click(findTestObject("obj_invoce/btn_createInvoice")): Object: 'Object Repository/obj_invoce/btn_createInvoice' is clicked on

2020-01-16 16:38:15 - [MESSAGE][PASSED] - Object: 'Object Repository/obj_invoce/btn_createInvoice' is clicked on

2020-01-16 16:38:15 - [TEST_STEP][PASSED] - delay(3): Delayed 3 second(s)

2020-01-16 16:38:18 - [MESSAGE][PASSED] - Delayed 3 second(s)

2020-01-16 16:38:18 - [TEST_STEP][PASSED] - if (arryPets.size() == 1): Delayed 4 second(s)

2020-01-16 16:38:18 - [TEST_STEP][PASSED] - click(findTestObject("obj_invoce/new_invoice/new_invoice_sub/btn_AddLineItem")): Object: 'Object Repository/obj_invoce/new_invoice/new_invoice_sub/btn_AddLineItem' is clicked on

2020-01-16 16:38:19 - [MESSAGE][PASSED] - Object: 'Object Repository/obj_invoce/new_invoice/new_invoice_sub/btn_AddLineItem' is clicked on

2020-01-16 16:38:19 - [TEST_STEP][PASSED] - delay(3): Delayed 3 second(s)

2020-01-16 16:38:22 - [MESSAGE][PASSED] - Delayed 3 second(s)

2020-01-16 16:38:22 - [TEST_STEP][PASSED] - click(findTestObject("obj_invoce/new_invoice/new_invoice_sub/a_Taxes ()_select2-choice_1")): Object: 'Object Repository/obj_invoce/new_invoice/new_invoice_sub/a_Taxes ()_select2-choice_1' is clicked on

2020-01-16 16:38:22 - [MESSAGE][PASSED] - Object: 'Object Repository/obj_invoce/new_invoice/new_invoice_sub/a_Taxes ()_select2-choice_1' is clicked on

2020-01-16 16:38:22 - [TEST_STEP][PASSED] - delay(3): Delayed 3 second(s)

2020-01-16 16:38:25 - [MESSAGE][PASSED] - Delayed 3 second(s)

2020-01-16 16:38:25 - [TEST_STEP][PASSED] - click(findTestObject("obj_invoce/new_invoice/new_invoice_sub/div_Zeus")): Object: 'Object Repository/obj_invoce/new_invoice/new_invoice_sub/div_Zeus' is clicked on

2020-01-16 16:38:25 - [MESSAGE][PASSED] - Object: 'Object Repository/obj_invoce/new_invoice/new_invoice_sub/div_Zeus' is clicked on

2020-01-16 16:38:25 - [TEST_STEP][NOT_RUN] - click(findTestObject("obj_invoce/new_invoice/new_invoice_sub/b")): NOT_RUN: click(findTestObject("obj_invoce/new_invoice/new_invoice_sub/b"))

2020-01-16 16:38:25 - [MESSAGE][NOT_RUN] - NOT_RUN: click(findTestObject("obj_invoce/new_invoice/new_invoice_sub/b"))

2020-01-16 16:38:25 - [TEST_STEP][NOT_RUN] - click(findTestObject("obj_invoce/new_invoice/new_invoice_sub/select_BOARDING_SUITEDAYCARE_SUITESPA_SUITE")): NOT_RUN: click(findTestObject("obj_invoce/new_invoice/new_invoice_sub/select_BOARDING_SUITEDAYCARE_SUITESPA_SUITE"))

2020-01-16 16:38:25 - [MESSAGE][NOT_RUN] - NOT_RUN: click(findTestObject("obj_invoce/new_invoice/new_invoice_sub/select_BOARDING_SUITEDAYCARE_SUITESPA_SUITE"))

2020-01-16 16:38:25 - [TEST_STEP][PASSED] - delay(3): Delayed 3 second(s)

2020-01-16 16:38:28 - [MESSAGE][PASSED] - Delayed 3 second(s)

2020-01-16 16:38:28 - [TEST_STEP][PASSED] - if (var_type == "BOARDING_SUITE"): null

2020-01-16 16:38:28 - [TEST_STEP][PASSED] - if (var_type == "DAYCARE_SUITE"): null

2020-01-16 16:38:28 - [TEST_STEP][PASSED] - if (var_type == "PACKAGE"): Object: 'Object Repository/obj_invoce/new_invoice_ok_1/select_package' is clicked on

2020-01-16 16:38:28 - [TEST_STEP][PASSED] - click(findTestObject("obj_invoce/new_invoice_ok_1/select_package"), STOP_ON_FAILURE): Object: 'Object Repository/obj_invoce/new_invoice_ok_1/select_package' is clicked on

2020-01-16 16:38:29 - [MESSAGE][PASSED] - Object: 'Object Repository/obj_invoce/new_invoice_ok_1/select_package' is clicked on

2020-01-16 16:38:29 - [TEST_STEP][PASSED] - delay(4): Delayed 4 second(s)

2020-01-16 16:38:33 - [MESSAGE][PASSED] - Delayed 4 second(s)

2020-01-16 16:38:33 - [TEST_STEP][PASSED] - sendKeys(findTestObject("obj_invoce/new_invoice/new_invoice_sub/input_Taxes_Item_1"), var_item): Keys 'Oasis Suite' sent to object: 'Object Repository/obj_invoce/new_invoice/new_invoice_sub/input_Taxes_Item_1'

2020-01-16 16:38:33 - [MESSAGE][PASSED] - Keys 'Oasis Suite' sent to object: 'Object Repository/obj_invoce/new_invoice/new_invoice_sub/input_Taxes_Item_1'

2020-01-16 16:38:33 - [TEST_STEP][PASSED] - delay(4): Delayed 4 second(s)

2020-01-16 16:38:37 - [MESSAGE][PASSED] - Delayed 4 second(s)

2020-01-16 16:38:37 - [TEST_STEP][PASSED] - sendKeys(findTestObject("obj_invoce/new_invoice/new_invoice_sub/input_Taxes_Item_1"), Keys.chord(ENTER)): Keys 'ENTER + ' sent to object: 'Object Repository/obj_invoce/new_invoice/new_invoice_sub/input_Taxes_Item_1'

2020-01-16 16:38:38 - [MESSAGE][PASSED] - Keys 'ENTER + ' sent to object: 'Object Repository/obj_invoce/new_invoice/new_invoice_sub/input_Taxes_Item_1'

2020-01-16 16:38:38 - [TEST_STEP][PASSED] - delay(4): Delayed 4 second(s)

2020-01-16 16:38:42 - [MESSAGE][PASSED] - Delayed 4 second(s)

2020-01-16 16:38:42 - [TEST_STEP][PASSED] - click(findTestObject("obj_invoce/new_invoice/new_invoice_sub/button_Save_Taxe")): Object: 'Object Repository/obj_invoce/new_invoice/new_invoice_sub/button_Save_Taxe' is clicked on

2020-01-16 16:38:44 - [MESSAGE][PASSED] - Object: 'Object Repository/obj_invoce/new_invoice/new_invoice_sub/button_Save_Taxe' is clicked on

2020-01-16 16:38:44 - [TEST_STEP][PASSED] - delay(4): Delayed 4 second(s)

2020-01-16 16:38:48 - [MESSAGE][PASSED] - Delayed 4 second(s)

2020-01-16 16:38:48 - [TEST_STEP][PASSED] - if (arryPets.size() == 2): null

2020-01-16 16:38:48 - [TEST_STEP][PASSED] - if (arryPets.size() == 3): null

2020-01-16 16:38:48 - [TEST_STEP][PASSED] - delay(2): Delayed 2 second(s)

2020-01-16 16:38:50 - [MESSAGE][PASSED] - Delayed 2 second(s)

2020-01-16 16:38:50 - [TEST_STEP][PASSED] - var_url = getUrl(): Current window's url is: 'https://p4p-qa-bg.aws.paradise4paws.com/accounts/profile/#/invoice/122350/new/'

2020-01-16 16:38:50 - [MESSAGE][PASSED] - Current window's url is: 'https://p4p-qa-bg.aws.paradise4paws.com/accounts/profile/#/invoice/122350/new/'

2020-01-16 16:38:50 - [TEST_STEP][PASSED] - arrayUrl = var_url.split("/"): null

2020-01-16 16:38:50 - [TEST_STEP][PASSED] - delay(2): Delayed 2 second(s)

2020-01-16 16:38:52 - [MESSAGE][PASSED] - Delayed 2 second(s)

2020-01-16 16:38:52 - [TEST_STEP][PASSED] - cell = rowInv.createCell(9, 0): null

2020-01-16 16:38:52 - [TEST_STEP][PASSED] - cell.setCellType(CELL_TYPE_STRING): null

2020-01-16 16:38:52 - [TEST_STEP][PASSED] - cell.setCellValue(arrayUrl[8]): null

2020-01-16 16:38:52 - [TEST_STEP][PASSED] - delay(2): Delayed 2 second(s)

2020-01-16 16:38:54 - [MESSAGE][PASSED] - Delayed 2 second(s)

2020-01-16 16:38:54 - [TEST_STEP][PASSED] - cell2 = rowPay.createCell(5, 0): null]]></system-out>
         <system-err><![CDATA[2020-01-16 16:37:58 - [TEST_CASE][ERROR] - Test Cases/p4p_3_createInvoce_ok_spy: Test Cases/p4p_3_createInvoce_ok_spy FAILED.
Reason:
java.lang.NullPointerException: Cannot invoke method createCell() on null object
	at p4p_3_createInvoce_ok_spy.run(p4p_3_createInvoce_ok_spy:341)
	at com.kms.katalon.core.main.ScriptEngine.run(ScriptEngine.java:194)
	at com.kms.katalon.core.main.ScriptEngine.runScriptAsRawText(ScriptEngine.java:119)
	at com.kms.katalon.core.main.TestCaseExecutor.runScript(TestCaseExecutor.java:337)
	at com.kms.katalon.core.main.TestCaseExecutor.doExecute(TestCaseExecutor.java:328)
	at com.kms.katalon.core.main.TestCaseExecutor.processExecutionPhase(TestCaseExecutor.java:307)
	at com.kms.katalon.core.main.TestCaseExecutor.accessMainPhase(TestCaseExecutor.java:299)
	at com.kms.katalon.core.main.TestCaseExecutor.execute(TestCaseExecutor.java:233)
	at com.kms.katalon.core.main.TestSuiteExecutor.accessTestCaseMainPhase(TestSuiteExecutor.java:169)
	at com.kms.katalon.core.main.TestSuiteExecutor.accessTestSuiteMainPhase(TestSuiteExecutor.java:142)
	at com.kms.katalon.core.main.TestSuiteExecutor.execute(TestSuiteExecutor.java:91)
	at com.kms.katalon.core.main.TestCaseMain.startTestSuite(TestCaseMain.java:157)
	at com.kms.katalon.core.main.TestCaseMain$startTestSuite$0.call(Unknown Source)
	at TempTestSuite1579213562494.run(TempTestSuite1579213562494.groovy:36)]]></system-err>
      </testcase>
      <testcase name="Test Cases/p4p_3_createInvoce_ok_spy" time="95.617" classname="Test Cases/p4p_3_createInvoce_ok_spy" status="FAILED">
         <failure type="FAILED" message="Test Cases/p4p_3_createInvoce_ok_spy FAILED.
Reason:
com.kms.katalon.core.exception.StepFailedException: Unable to click on object 'Object Repository/obj_invoce/new_invoice/new_invoice_sub2/a_Taxes ()_select2-choice_2'
	at com.kms.katalon.core.webui.keyword.internal.WebUIKeywordMain.stepFailed(WebUIKeywordMain.groovy:64)
	at com.kms.katalon.core.webui.keyword.internal.WebUIKeywordMain.runKeyword(WebUIKeywordMain.groovy:26)
	at com.kms.katalon.core.webui.keyword.builtin.ClickKeyword.click(ClickKeyword.groovy:99)
	at com.kms.katalon.core.webui.keyword.builtin.ClickKeyword.execute(ClickKeyword.groovy:43)
	at com.kms.katalon.core.keyword.internal.KeywordExecutor.executeKeywordForPlatform(KeywordExecutor.groovy:60)
	at com.kms.katalon.core.webui.keyword.WebUiBuiltInKeywords.click(WebUiBuiltInKeywords.groovy:616)
	at com.kms.katalon.core.webui.keyword.WebUiBuiltInKeywords$click$3.call(Unknown Source)
	at p4p_3_createInvoce_ok_spy.run(p4p_3_createInvoce_ok_spy:159)
	at com.kms.katalon.core.main.ScriptEngine.run(ScriptEngine.java:194)
	at com.kms.katalon.core.main.ScriptEngine.runScriptAsRawText(ScriptEngine.java:119)
	at com.kms.katalon.core.main.TestCaseExecutor.runScript(TestCaseExecutor.java:337)
	at com.kms.katalon.core.main.TestCaseExecutor.doExecute(TestCaseExecutor.java:328)
	at com.kms.katalon.core.main.TestCaseExecutor.processExecutionPhase(TestCaseExecutor.java:307)
	at com.kms.katalon.core.main.TestCaseExecutor.accessMainPhase(TestCaseExecutor.java:299)
	at com.kms.katalon.core.main.TestCaseExecutor.execute(TestCaseExecutor.java:233)
	at com.kms.katalon.core.main.TestSuiteExecutor.accessTestCaseMainPhase(TestSuiteExecutor.java:169)
	at com.kms.katalon.core.main.TestSuiteExecutor.accessTestSuiteMainPhase(TestSuiteExecutor.java:142)
	at com.kms.katalon.core.main.TestSuiteExecutor.execute(TestSuiteExecutor.java:91)
	at com.kms.katalon.core.main.TestCaseMain.startTestSuite(TestCaseMain.java:157)
	at com.kms.katalon.core.main.TestCaseMain$startTestSuite$0.call(Unknown Source)
	at TempTestSuite1579213562494.run(TempTestSuite1579213562494.groovy:36)
Caused by: com.kms.katalon.core.webui.exception.WebElementNotFoundException: Web element with id: 'Object Repository/obj_invoce/new_invoice/new_invoice_sub2/a_Taxes ()_select2-choice_2' located by 'By.xpath: (//a[@onclick='return false;'])[3]' not found
	at com.kms.katalon.core.webui.common.WebUiCommonHelper.findWebElement(WebUiCommonHelper.java:1113)
	at com.kms.katalon.core.webui.keyword.internal.WebUIAbstractKeyword.findWebElement(WebUIAbstractKeyword.groovy:27)
	at com.kms.katalon.core.webui.keyword.internal.WebUIAbstractKeyword.findWebElement(WebUIAbstractKeyword.groovy:26)
	at com.kms.katalon.core.webui.keyword.builtin.ClickKeyword$_click_closure1.doCall(ClickKeyword.groovy:68)
	at com.kms.katalon.core.webui.keyword.builtin.ClickKeyword$_click_closure1.call(ClickKeyword.groovy)
	at com.kms.katalon.core.webui.keyword.internal.WebUIKeywordMain.runKeyword(WebUIKeywordMain.groovy:20)
	... 19 more
"/>
         <system-out><![CDATA[2020-01-16 16:38:54 - [TEST_CASE][FAILED] - Test Cases/p4p_3_createInvoce_ok_spy: Test Cases/p4p_3_createInvoce_ok_spy FAILED.
Reason:
com.kms.katalon.core.exception.StepFailedException: Unable to click on object 'Object Repository/obj_invoce/new_invoice/new_invoice_sub2/a_Taxes ()_select2-choice_2'
	at com.kms.katalon.core.webui.keyword.internal.WebUIKeywordMain.stepFailed(WebUIKeywordMain.groovy:64)
	at com.kms.katalon.core.webui.keyword.internal.WebUIKeywordMain.runKeyword(WebUIKeywordMain.groovy:26)
	at com.kms.katalon.core.webui.keyword.builtin.ClickKeyword.click(ClickKeyword.groovy:99)
	at com.kms.katalon.core.webui.keyword.builtin.ClickKeyword.execute(ClickKeyword.groovy:43)
	at com.kms.katalon.core.keyword.internal.KeywordExecutor.executeKeywordForPlatform(KeywordExecutor.groovy:60)
	at com.kms.katalon.core.webui.keyword.WebUiBuiltInKeywords.click(WebUiBuiltInKeywords.groovy:616)
	at com.kms.katalon.core.webui.keyword.WebUiBuiltInKeywords$click$3.call(Unknown Source)
	at p4p_3_createInvoce_ok_spy.run(p4p_3_createInvoce_ok_spy:159)
	at com.kms.katalon.core.main.ScriptEngine.run(ScriptEngine.java:194)
	at com.kms.katalon.core.main.ScriptEngine.runScriptAsRawText(ScriptEngine.java:119)
	at com.kms.katalon.core.main.TestCaseExecutor.runScript(TestCaseExecutor.java:337)
	at com.kms.katalon.core.main.TestCaseExecutor.doExecute(TestCaseExecutor.java:328)
	at com.kms.katalon.core.main.TestCaseExecutor.processExecutionPhase(TestCaseExecutor.java:307)
	at com.kms.katalon.core.main.TestCaseExecutor.accessMainPhase(TestCaseExecutor.java:299)
	at com.kms.katalon.core.main.TestCaseExecutor.execute(TestCaseExecutor.java:233)
	at com.kms.katalon.core.main.TestSuiteExecutor.accessTestCaseMainPhase(TestSuiteExecutor.java:169)
	at com.kms.katalon.core.main.TestSuiteExecutor.accessTestSuiteMainPhase(TestSuiteExecutor.java:142)
	at com.kms.katalon.core.main.TestSuiteExecutor.execute(TestSuiteExecutor.java:91)
	at com.kms.katalon.core.main.TestCaseMain.startTestSuite(TestCaseMain.java:157)
	at com.kms.katalon.core.main.TestCaseMain$startTestSuite$0.call(Unknown Source)
	at TempTestSuite1579213562494.run(TempTestSuite1579213562494.groovy:36)
Caused by: com.kms.katalon.core.webui.exception.WebElementNotFoundException: Web element with id: 'Object Repository/obj_invoce/new_invoice/new_invoice_sub2/a_Taxes ()_select2-choice_2' located by 'By.xpath: (//a[@onclick='return false;'])[3]' not found
	at com.kms.katalon.core.webui.common.WebUiCommonHelper.findWebElement(WebUiCommonHelper.java:1113)
	at com.kms.katalon.core.webui.keyword.internal.WebUIAbstractKeyword.findWebElement(WebUIAbstractKeyword.groovy:27)
	at com.kms.katalon.core.webui.keyword.internal.WebUIAbstractKeyword.findWebElement(WebUIAbstractKeyword.groovy:26)
	at com.kms.katalon.core.webui.keyword.builtin.ClickKeyword$_click_closure1.doCall(ClickKeyword.groovy:68)
	at com.kms.katalon.core.webui.keyword.builtin.ClickKeyword$_click_closure1.call(ClickKeyword.groovy)
	at com.kms.katalon.core.webui.keyword.internal.WebUIKeywordMain.runKeyword(WebUIKeywordMain.groovy:20)
	... 19 more


2020-01-16 16:38:55 - [TEST_STEP][PASSED] - openBrowser("https://p4p-qa-bg.aws.paradise4paws.com/login/"): Browser is opened with url: 'https://p4p-qa-bg.aws.paradise4paws.com/login/'

2020-01-16 16:38:55 - [MESSAGE][WARNING] - A browser is already opened. Closing browser and opening a new one

2020-01-16 16:38:55 - [MESSAGE][INFO] - Starting 'Chrome' driver

2020-01-16 16:38:57 - [MESSAGE][PASSED] - Browser is opened with url: 'https://p4p-qa-bg.aws.paradise4paws.com/login/'

2020-01-16 16:38:57 - [TEST_STEP][PASSED] - maximizeWindow(): Current window maximized

2020-01-16 16:38:57 - [MESSAGE][PASSED] - Current window maximized

2020-01-16 16:38:57 - [TEST_STEP][PASSED] - arryPets = var_pets.split(","): null

2020-01-16 16:38:57 - [TEST_STEP][PASSED] - flagBoar = "0": null

2020-01-16 16:38:57 - [TEST_STEP][PASSED] - log = new com.kms.katalon.core.logging.KeywordLogger(): null

2020-01-16 16:38:57 - [TEST_STEP][PASSED] - fisInv = new java.io.FileInputStream(/home/leonardo-arkusmty/Desktop/P4P/DATA_AUTOMATINTESTING/data_3createInvoice.xlsx): null

2020-01-16 16:38:57 - [TEST_STEP][PASSED] - fisPay = new java.io.FileInputStream(/home/leonardo-arkusmty/Desktop/P4P/DATA_AUTOMATINTESTING/data_4payment.xlsx): null

2020-01-16 16:38:57 - [TEST_STEP][PASSED] - workbookInv = new org.apache.poi.xssf.usermodel.XSSFWorkbook(fisInv): null

2020-01-16 16:38:57 - [TEST_STEP][PASSED] - workbookPay = new org.apache.poi.xssf.usermodel.XSSFWorkbook(fisPay): null

2020-01-16 16:38:57 - [TEST_STEP][PASSED] - sheetInv = workbookInv.getSheet("Sheet1"): null

2020-01-16 16:38:57 - [TEST_STEP][PASSED] - sheetPay = workbookPay.getSheet("Sheet1"): null

2020-01-16 16:38:57 - [TEST_STEP][PASSED] - var = Integer.parseInt(var_idRowRes): null

2020-01-16 16:38:57 - [TEST_STEP][PASSED] - rowInv = sheetInv.getRow(var): null

2020-01-16 16:38:57 - [TEST_STEP][PASSED] - rowPay = sheetPay.getRow(var): null

2020-01-16 16:38:57 - [TEST_STEP][PASSED] - today = new java.util.Date(): null

2020-01-16 16:38:57 - [TEST_STEP][PASSED] - todaysDate1 = today.format("mmm/dd/yy"): null

2020-01-16 16:38:57 - [TEST_STEP][PASSED] - todaysDate2 = today.format("dd/mm/yy"): null

2020-01-16 16:38:57 - [TEST_STEP][PASSED] - todaysDate3 = today.format("dd"): null

2020-01-16 16:38:57 - [TEST_STEP][PASSED] - nowTime = today.format("hhmm"): null

2020-01-16 16:38:57 - [TEST_STEP][PASSED] - setText(findTestObject("obj_login/input_user"), var_user): Text 'jegchavez@gmail.com' is set on object 'Object Repository/obj_login/input_user'

2020-01-16 16:38:58 - [MESSAGE][PASSED] - Text 'jegchavez@gmail.com' is set on object 'Object Repository/obj_login/input_user'

2020-01-16 16:38:58 - [TEST_STEP][PASSED] - setText(findTestObject("obj_login/input_pass"), var_pass): Text 'admin1' is set on object 'Object Repository/obj_login/input_pass'

2020-01-16 16:38:58 - [MESSAGE][PASSED] - Text 'admin1' is set on object 'Object Repository/obj_login/input_pass'

2020-01-16 16:38:58 - [TEST_STEP][PASSED] - delay(2): Delayed 2 second(s)

2020-01-16 16:39:00 - [MESSAGE][PASSED] - Delayed 2 second(s)

2020-01-16 16:39:00 - [TEST_STEP][PASSED] - verifyElementClickable(findTestObject("obj_login/btn_login")): Object 'Object Repository/obj_login/btn_login' is clickable

2020-01-16 16:39:01 - [MESSAGE][PASSED] - Object 'Object Repository/obj_login/btn_login' is clickable

2020-01-16 16:39:01 - [TEST_STEP][PASSED] - click(findTestObject("obj_login/btn_login")): Object: 'Object Repository/obj_login/btn_login' is clicked on

2020-01-16 16:39:02 - [MESSAGE][PASSED] - Object: 'Object Repository/obj_login/btn_login' is clicked on

2020-01-16 16:39:02 - [TEST_STEP][PASSED] - delay(2): Delayed 2 second(s)

2020-01-16 16:39:04 - [MESSAGE][PASSED] - Delayed 2 second(s)

2020-01-16 16:39:04 - [TEST_STEP][PASSED] - setText(findTestObject("obj_dashboard_emp/input_search"), var_parent): Text 'leongarzagarza@hotmail.com' is set on object 'Object Repository/obj_dashboard_emp/input_search'

2020-01-16 16:39:05 - [MESSAGE][PASSED] - Text 'leongarzagarza@hotmail.com' is set on object 'Object Repository/obj_dashboard_emp/input_search'

2020-01-16 16:39:05 - [TEST_STEP][PASSED] - click(findTestObject("obj_dashboard_emp/btn_accountSearch")): Object: 'Object Repository/obj_dashboard_emp/btn_accountSearch' is clicked on

2020-01-16 16:39:05 - [MESSAGE][PASSED] - Object: 'Object Repository/obj_dashboard_emp/btn_accountSearch' is clicked on

2020-01-16 16:39:05 - [TEST_STEP][PASSED] - delay(2): Delayed 2 second(s)

2020-01-16 16:39:07 - [MESSAGE][PASSED] - Delayed 2 second(s)

2020-01-16 16:39:07 - [TEST_STEP][PASSED] - click(findTestObject("obj_accountInformation/a_TEST GABRIEL PROD")): Object: 'Object Repository/obj_accountInformation/a_TEST GABRIEL PROD' is clicked on

2020-01-16 16:39:08 - [MESSAGE][PASSED] - Object: 'Object Repository/obj_accountInformation/a_TEST GABRIEL PROD' is clicked on

2020-01-16 16:39:08 - [TEST_STEP][PASSED] - delay(2): Delayed 2 second(s)

2020-01-16 16:39:10 - [MESSAGE][PASSED] - Delayed 2 second(s)

2020-01-16 16:39:10 - [TEST_STEP][PASSED] - click(findTestObject("obj_invoce/btn_createInvoice")): Object: 'Object Repository/obj_invoce/btn_createInvoice' is clicked on

2020-01-16 16:39:12 - [MESSAGE][PASSED] - Object: 'Object Repository/obj_invoce/btn_createInvoice' is clicked on

2020-01-16 16:39:12 - [TEST_STEP][PASSED] - delay(3): Delayed 3 second(s)

2020-01-16 16:39:15 - [MESSAGE][PASSED] - Delayed 3 second(s)

2020-01-16 16:39:15 - [TEST_STEP][PASSED] - if (arryPets.size() == 1): null

2020-01-16 16:39:15 - [TEST_STEP][FAILED] - if (arryPets.size() == 2): Unable to click on object 'Object Repository/obj_invoce/new_invoice/new_invoice_sub2/a_Taxes ()_select2-choice_2' (Root cause: com.kms.katalon.core.exception.StepFailedException: Unable to click on object 'Object Repository/obj_invoce/new_invoice/new_invoice_sub2/a_Taxes ()_select2-choice_2'
	at com.kms.katalon.core.webui.keyword.internal.WebUIKeywordMain.stepFailed(WebUIKeywordMain.groovy:64)
	at com.kms.katalon.core.webui.keyword.internal.WebUIKeywordMain.runKeyword(WebUIKeywordMain.groovy:26)
	at com.kms.katalon.core.webui.keyword.builtin.ClickKeyword.click(ClickKeyword.groovy:99)
	at com.kms.katalon.core.webui.keyword.builtin.ClickKeyword.execute(ClickKeyword.groovy:43)
	at com.kms.katalon.core.keyword.internal.KeywordExecutor.executeKeywordForPlatform(KeywordExecutor.groovy:60)
	at com.kms.katalon.core.webui.keyword.WebUiBuiltInKeywords.click(WebUiBuiltInKeywords.groovy:616)
	at com.kms.katalon.core.webui.keyword.WebUiBuiltInKeywords$click$3.call(Unknown Source)
	at p4p_3_createInvoce_ok_spy.run(p4p_3_createInvoce_ok_spy:159)
	at com.kms.katalon.core.main.ScriptEngine.run(ScriptEngine.java:194)
	at com.kms.katalon.core.main.ScriptEngine.runScriptAsRawText(ScriptEngine.java:119)
	at com.kms.katalon.core.main.TestCaseExecutor.runScript(TestCaseExecutor.java:337)
	at com.kms.katalon.core.main.TestCaseExecutor.doExecute(TestCaseExecutor.java:328)
	at com.kms.katalon.core.main.TestCaseExecutor.processExecutionPhase(TestCaseExecutor.java:307)
	at com.kms.katalon.core.main.TestCaseExecutor.accessMainPhase(TestCaseExecutor.java:299)
	at com.kms.katalon.core.main.TestCaseExecutor.execute(TestCaseExecutor.java:233)
	at com.kms.katalon.core.main.TestSuiteExecutor.accessTestCaseMainPhase(TestSuiteExecutor.java:169)
	at com.kms.katalon.core.main.TestSuiteExecutor.accessTestSuiteMainPhase(TestSuiteExecutor.java:142)
	at com.kms.katalon.core.main.TestSuiteExecutor.execute(TestSuiteExecutor.java:91)
	at com.kms.katalon.core.main.TestCaseMain.startTestSuite(TestCaseMain.java:157)
	at com.kms.katalon.core.main.TestCaseMain$startTestSuite$0.call(Unknown Source)
	at TempTestSuite1579213562494.run(TempTestSuite1579213562494.groovy:36)
Caused by: com.kms.katalon.core.webui.exception.WebElementNotFoundException: Web element with id: 'Object Repository/obj_invoce/new_invoice/new_invoice_sub2/a_Taxes ()_select2-choice_2' located by 'By.xpath: (//a[@onclick='return false;'])[3]' not found
	at com.kms.katalon.core.webui.common.WebUiCommonHelper.findWebElement(WebUiCommonHelper.java:1113)
	at com.kms.katalon.core.webui.keyword.internal.WebUIAbstractKeyword.findWebElement(WebUIAbstractKeyword.groovy:27)
	at com.kms.katalon.core.webui.keyword.internal.WebUIAbstractKeyword.findWebElement(WebUIAbstractKeyword.groovy:26)
	at com.kms.katalon.core.webui.keyword.builtin.ClickKeyword$_click_closure1.doCall(ClickKeyword.groovy:68)
	at com.kms.katalon.core.webui.keyword.builtin.ClickKeyword$_click_closure1.call(ClickKeyword.groovy)
	at com.kms.katalon.core.webui.keyword.internal.WebUIKeywordMain.runKeyword(WebUIKeywordMain.groovy:20)
	at com.kms.katalon.core.webui.keyword.builtin.ClickKeyword.click(ClickKeyword.groovy:99)
	at com.kms.katalon.core.webui.keyword.builtin.ClickKeyword.execute(ClickKeyword.groovy:43)
	at com.kms.katalon.core.keyword.internal.KeywordExecutor.executeKeywordForPlatform(KeywordExecutor.groovy:60)
	at com.kms.katalon.core.webui.keyword.WebUiBuiltInKeywords.click(WebUiBuiltInKeywords.groovy:616)
	at com.kms.katalon.core.webui.keyword.WebUiBuiltInKeywords$click$3.call(Unknown Source)
	at Script1579192132407.run(Script1579192132407.groovy:159)
	... 13 more
)

2020-01-16 16:39:15 - [TEST_STEP][PASSED] - click(findTestObject("obj_invoce/new_invoice/new_invoice_sub/btn_AddLineItem")): Object: 'Object Repository/obj_invoce/new_invoice/new_invoice_sub/btn_AddLineItem' is clicked on

2020-01-16 16:39:16 - [MESSAGE][PASSED] - Object: 'Object Repository/obj_invoce/new_invoice/new_invoice_sub/btn_AddLineItem' is clicked on

2020-01-16 16:39:16 - [TEST_STEP][PASSED] - delay(3): Delayed 3 second(s)

2020-01-16 16:39:19 - [MESSAGE][PASSED] - Delayed 3 second(s)

2020-01-16 16:39:19 - [TEST_STEP][PASSED] - click(findTestObject("obj_invoce/new_invoice/new_invoice_sub/a_Taxes ()_select2-choice_1")): Object: 'Object Repository/obj_invoce/new_invoice/new_invoice_sub/a_Taxes ()_select2-choice_1' is clicked on

2020-01-16 16:39:19 - [MESSAGE][PASSED] - Object: 'Object Repository/obj_invoce/new_invoice/new_invoice_sub/a_Taxes ()_select2-choice_1' is clicked on

2020-01-16 16:39:19 - [TEST_STEP][PASSED] - delay(3): Delayed 3 second(s)

2020-01-16 16:39:22 - [MESSAGE][PASSED] - Delayed 3 second(s)

2020-01-16 16:39:22 - [TEST_STEP][PASSED] - click(findTestObject("obj_invoce/new_invoice/new_invoice_sub/div_Zeus")): Object: 'Object Repository/obj_invoce/new_invoice/new_invoice_sub/div_Zeus' is clicked on

2020-01-16 16:39:22 - [MESSAGE][PASSED] - Object: 'Object Repository/obj_invoce/new_invoice/new_invoice_sub/div_Zeus' is clicked on

2020-01-16 16:39:22 - [TEST_STEP][NOT_RUN] - click(findTestObject("obj_invoce/new_invoice/new_invoice_sub/b")): NOT_RUN: click(findTestObject("obj_invoce/new_invoice/new_invoice_sub/b"))

2020-01-16 16:39:22 - [MESSAGE][NOT_RUN] - NOT_RUN: click(findTestObject("obj_invoce/new_invoice/new_invoice_sub/b"))

2020-01-16 16:39:22 - [TEST_STEP][NOT_RUN] - click(findTestObject("obj_invoce/new_invoice/new_invoice_sub/select_BOARDING_SUITEDAYCARE_SUITESPA_SUITE")): NOT_RUN: click(findTestObject("obj_invoce/new_invoice/new_invoice_sub/select_BOARDING_SUITEDAYCARE_SUITESPA_SUITE"))

2020-01-16 16:39:22 - [MESSAGE][NOT_RUN] - NOT_RUN: click(findTestObject("obj_invoce/new_invoice/new_invoice_sub/select_BOARDING_SUITEDAYCARE_SUITESPA_SUITE"))

2020-01-16 16:39:22 - [TEST_STEP][PASSED] - delay(3): Delayed 3 second(s)

2020-01-16 16:39:25 - [MESSAGE][PASSED] - Delayed 3 second(s)

2020-01-16 16:39:25 - [TEST_STEP][PASSED] - if (var_type == "BOARDING_SUITE"): null

2020-01-16 16:39:25 - [TEST_STEP][PASSED] - if (var_type == "DAYCARE_SUITE"): null

2020-01-16 16:39:25 - [TEST_STEP][PASSED] - if (var_type == "PACKAGE"): Object: 'Object Repository/obj_invoce/new_invoice_ok_1/select_package' is clicked on

2020-01-16 16:39:25 - [TEST_STEP][PASSED] - click(findTestObject("obj_invoce/new_invoice_ok_1/select_package"), STOP_ON_FAILURE): Object: 'Object Repository/obj_invoce/new_invoice_ok_1/select_package' is clicked on

2020-01-16 16:39:26 - [MESSAGE][PASSED] - Object: 'Object Repository/obj_invoce/new_invoice_ok_1/select_package' is clicked on

2020-01-16 16:39:26 - [TEST_STEP][PASSED] - delay(4): Delayed 4 second(s)

2020-01-16 16:39:30 - [MESSAGE][PASSED] - Delayed 4 second(s)

2020-01-16 16:39:30 - [TEST_STEP][PASSED] - sendKeys(findTestObject("obj_invoce/new_invoice/new_invoice_sub/input_Taxes_Item_1"), var_item): Keys 'Half Day of Daycare' sent to object: 'Object Repository/obj_invoce/new_invoice/new_invoice_sub/input_Taxes_Item_1'

2020-01-16 16:39:30 - [MESSAGE][PASSED] - Keys 'Half Day of Daycare' sent to object: 'Object Repository/obj_invoce/new_invoice/new_invoice_sub/input_Taxes_Item_1'

2020-01-16 16:39:30 - [TEST_STEP][PASSED] - delay(4): Delayed 4 second(s)

2020-01-16 16:39:34 - [MESSAGE][PASSED] - Delayed 4 second(s)

2020-01-16 16:39:34 - [TEST_STEP][PASSED] - sendKeys(findTestObject("obj_invoce/new_invoice/new_invoice_sub/input_Taxes_Item_1"), Keys.chord(ENTER)): Keys 'ENTER + ' sent to object: 'Object Repository/obj_invoce/new_invoice/new_invoice_sub/input_Taxes_Item_1'

2020-01-16 16:39:35 - [MESSAGE][PASSED] - Keys 'ENTER + ' sent to object: 'Object Repository/obj_invoce/new_invoice/new_invoice_sub/input_Taxes_Item_1'

2020-01-16 16:39:35 - [TEST_STEP][PASSED] - delay(4): Delayed 4 second(s)

2020-01-16 16:39:39 - [MESSAGE][PASSED] - Delayed 4 second(s)

2020-01-16 16:39:39 - [TEST_STEP][PASSED] - click(findTestObject("obj_invoce/new_invoice/new_invoice_sub/btn_AddLineItem")): Object: 'Object Repository/obj_invoce/new_invoice/new_invoice_sub/btn_AddLineItem' is clicked on

2020-01-16 16:39:41 - [MESSAGE][PASSED] - Object: 'Object Repository/obj_invoce/new_invoice/new_invoice_sub/btn_AddLineItem' is clicked on

2020-01-16 16:39:41 - [TEST_STEP][PASSED] - delay(3): Delayed 3 second(s)

2020-01-16 16:39:44 - [MESSAGE][PASSED] - Delayed 3 second(s)

2020-01-16 16:39:44 - [TEST_STEP][FAILED] - click(findTestObject("obj_invoce/new_invoice/new_invoice_sub2/a_Taxes ()_select2-choice_2")): Unable to click on object 'Object Repository/obj_invoce/new_invoice/new_invoice_sub2/a_Taxes ()_select2-choice_2' (Root cause: com.kms.katalon.core.exception.StepFailedException: Unable to click on object 'Object Repository/obj_invoce/new_invoice/new_invoice_sub2/a_Taxes ()_select2-choice_2'
	at com.kms.katalon.core.webui.keyword.internal.WebUIKeywordMain.stepFailed(WebUIKeywordMain.groovy:64)
	at com.kms.katalon.core.webui.keyword.internal.WebUIKeywordMain.runKeyword(WebUIKeywordMain.groovy:26)
	at com.kms.katalon.core.webui.keyword.builtin.ClickKeyword.click(ClickKeyword.groovy:99)
	at com.kms.katalon.core.webui.keyword.builtin.ClickKeyword.execute(ClickKeyword.groovy:43)
	at com.kms.katalon.core.keyword.internal.KeywordExecutor.executeKeywordForPlatform(KeywordExecutor.groovy:60)
	at com.kms.katalon.core.webui.keyword.WebUiBuiltInKeywords.click(WebUiBuiltInKeywords.groovy:616)
	at com.kms.katalon.core.webui.keyword.WebUiBuiltInKeywords$click$3.call(Unknown Source)
	at p4p_3_createInvoce_ok_spy.run(p4p_3_createInvoce_ok_spy:159)
	at com.kms.katalon.core.main.ScriptEngine.run(ScriptEngine.java:194)
	at com.kms.katalon.core.main.ScriptEngine.runScriptAsRawText(ScriptEngine.java:119)
	at com.kms.katalon.core.main.TestCaseExecutor.runScript(TestCaseExecutor.java:337)
	at com.kms.katalon.core.main.TestCaseExecutor.doExecute(TestCaseExecutor.java:328)
	at com.kms.katalon.core.main.TestCaseExecutor.processExecutionPhase(TestCaseExecutor.java:307)
	at com.kms.katalon.core.main.TestCaseExecutor.accessMainPhase(TestCaseExecutor.java:299)
	at com.kms.katalon.core.main.TestCaseExecutor.execute(TestCaseExecutor.java:233)
	at com.kms.katalon.core.main.TestSuiteExecutor.accessTestCaseMainPhase(TestSuiteExecutor.java:169)
	at com.kms.katalon.core.main.TestSuiteExecutor.accessTestSuiteMainPhase(TestSuiteExecutor.java:142)
	at com.kms.katalon.core.main.TestSuiteExecutor.execute(TestSuiteExecutor.java:91)
	at com.kms.katalon.core.main.TestCaseMain.startTestSuite(TestCaseMain.java:157)
	at com.kms.katalon.core.main.TestCaseMain$startTestSuite$0.call(Unknown Source)
	at TempTestSuite1579213562494.run(TempTestSuite1579213562494.groovy:36)
Caused by: com.kms.katalon.core.webui.exception.WebElementNotFoundException: Web element with id: 'Object Repository/obj_invoce/new_invoice/new_invoice_sub2/a_Taxes ()_select2-choice_2' located by 'By.xpath: (//a[@onclick='return false;'])[3]' not found
	at com.kms.katalon.core.webui.common.WebUiCommonHelper.findWebElement(WebUiCommonHelper.java:1113)
	at com.kms.katalon.core.webui.keyword.internal.WebUIAbstractKeyword.findWebElement(WebUIAbstractKeyword.groovy:27)
	at com.kms.katalon.core.webui.keyword.internal.WebUIAbstractKeyword.findWebElement(WebUIAbstractKeyword.groovy:26)
	at com.kms.katalon.core.webui.keyword.builtin.ClickKeyword$_click_closure1.doCall(ClickKeyword.groovy:68)
	at com.kms.katalon.core.webui.keyword.builtin.ClickKeyword$_click_closure1.call(ClickKeyword.groovy)
	at com.kms.katalon.core.webui.keyword.internal.WebUIKeywordMain.runKeyword(WebUIKeywordMain.groovy:20)
	at com.kms.katalon.core.webui.keyword.builtin.ClickKeyword.click(ClickKeyword.groovy:99)
	at com.kms.katalon.core.webui.keyword.builtin.ClickKeyword.execute(ClickKeyword.groovy:43)
	at com.kms.katalon.core.keyword.internal.KeywordExecutor.executeKeywordForPlatform(KeywordExecutor.groovy:60)
	at com.kms.katalon.core.webui.keyword.WebUiBuiltInKeywords.click(WebUiBuiltInKeywords.groovy:616)
	at com.kms.katalon.core.webui.keyword.WebUiBuiltInKeywords$click$3.call(Unknown Source)
	at Script1579192132407.run(Script1579192132407.groovy:159)
	... 13 more
)

2020-01-16 16:40:30 - [MESSAGE][INFO] - Unable to find the element located by 'By.xpath: (//a[@onclick='return false;'])[3]'. Please recheck the objects properties to make sure the desired element is located. 

2020-01-16 16:40:30 - [MESSAGE][FAILED] - Unable to click on object 'Object Repository/obj_invoce/new_invoice/new_invoice_sub2/a_Taxes ()_select2-choice_2' (Root cause: com.kms.katalon.core.exception.StepFailedException: Unable to click on object 'Object Repository/obj_invoce/new_invoice/new_invoice_sub2/a_Taxes ()_select2-choice_2'
	at com.kms.katalon.core.webui.keyword.internal.WebUIKeywordMain.stepFailed(WebUIKeywordMain.groovy:64)
	at com.kms.katalon.core.webui.keyword.internal.WebUIKeywordMain.runKeyword(WebUIKeywordMain.groovy:26)
	at com.kms.katalon.core.webui.keyword.builtin.ClickKeyword.click(ClickKeyword.groovy:99)
	at com.kms.katalon.core.webui.keyword.builtin.ClickKeyword.execute(ClickKeyword.groovy:43)
	at com.kms.katalon.core.keyword.internal.KeywordExecutor.executeKeywordForPlatform(KeywordExecutor.groovy:60)
	at com.kms.katalon.core.webui.keyword.WebUiBuiltInKeywords.click(WebUiBuiltInKeywords.groovy:616)
	at com.kms.katalon.core.webui.keyword.WebUiBuiltInKeywords$click$3.call(Unknown Source)
	at p4p_3_createInvoce_ok_spy.run(p4p_3_createInvoce_ok_spy:159)
	at com.kms.katalon.core.main.ScriptEngine.run(ScriptEngine.java:194)
	at com.kms.katalon.core.main.ScriptEngine.runScriptAsRawText(ScriptEngine.java:119)
	at com.kms.katalon.core.main.TestCaseExecutor.runScript(TestCaseExecutor.java:337)
	at com.kms.katalon.core.main.TestCaseExecutor.doExecute(TestCaseExecutor.java:328)
	at com.kms.katalon.core.main.TestCaseExecutor.processExecutionPhase(TestCaseExecutor.java:307)
	at com.kms.katalon.core.main.TestCaseExecutor.accessMainPhase(TestCaseExecutor.java:299)
	at com.kms.katalon.core.main.TestCaseExecutor.execute(TestCaseExecutor.java:233)
	at com.kms.katalon.core.main.TestSuiteExecutor.accessTestCaseMainPhase(TestSuiteExecutor.java:169)
	at com.kms.katalon.core.main.TestSuiteExecutor.accessTestSuiteMainPhase(TestSuiteExecutor.java:142)
	at com.kms.katalon.core.main.TestSuiteExecutor.execute(TestSuiteExecutor.java:91)
	at com.kms.katalon.core.main.TestCaseMain.startTestSuite(TestCaseMain.java:157)
	at com.kms.katalon.core.main.TestCaseMain$startTestSuite$0.call(Unknown Source)
	at TempTestSuite1579213562494.run(TempTestSuite1579213562494.groovy:36)
Caused by: com.kms.katalon.core.webui.exception.WebElementNotFoundException: Web element with id: 'Object Repository/obj_invoce/new_invoice/new_invoice_sub2/a_Taxes ()_select2-choice_2' located by 'By.xpath: (//a[@onclick='return false;'])[3]' not found
	at com.kms.katalon.core.webui.common.WebUiCommonHelper.findWebElement(WebUiCommonHelper.java:1113)
	at com.kms.katalon.core.webui.keyword.internal.WebUIAbstractKeyword.findWebElement(WebUIAbstractKeyword.groovy:27)
	at com.kms.katalon.core.webui.keyword.internal.WebUIAbstractKeyword.findWebElement(WebUIAbstractKeyword.groovy:26)
	at com.kms.katalon.core.webui.keyword.builtin.ClickKeyword$_click_closure1.doCall(ClickKeyword.groovy:68)
	at com.kms.katalon.core.webui.keyword.builtin.ClickKeyword$_click_closure1.call(ClickKeyword.groovy)
	at com.kms.katalon.core.webui.keyword.internal.WebUIKeywordMain.runKeyword(WebUIKeywordMain.groovy:20)
	at com.kms.katalon.core.webui.keyword.builtin.ClickKeyword.click(ClickKeyword.groovy:99)
	at com.kms.katalon.core.webui.keyword.builtin.ClickKeyword.execute(ClickKeyword.groovy:43)
	at com.kms.katalon.core.keyword.internal.KeywordExecutor.executeKeywordForPlatform(KeywordExecutor.groovy:60)
	at com.kms.katalon.core.webui.keyword.WebUiBuiltInKeywords.click(WebUiBuiltInKeywords.groovy:616)
	at com.kms.katalon.core.webui.keyword.WebUiBuiltInKeywords$click$3.call(Unknown Source)
	at Script1579192132407.run(Script1579192132407.groovy:159)
	... 13 more
)
[[ATTACHMENT|/home/leonardo-arkusmty/Documents/workspaceKatalon/p4ptest/Reports/20200116_162602/ts_3_createInvoice/20200116_162602/1579214430352.png]]]]></system-out>
         <system-err><![CDATA[2020-01-16 16:38:54 - [TEST_CASE][FAILED] - Test Cases/p4p_3_createInvoce_ok_spy: Test Cases/p4p_3_createInvoce_ok_spy FAILED.
Reason:
com.kms.katalon.core.exception.StepFailedException: Unable to click on object 'Object Repository/obj_invoce/new_invoice/new_invoice_sub2/a_Taxes ()_select2-choice_2'
	at com.kms.katalon.core.webui.keyword.internal.WebUIKeywordMain.stepFailed(WebUIKeywordMain.groovy:64)
	at com.kms.katalon.core.webui.keyword.internal.WebUIKeywordMain.runKeyword(WebUIKeywordMain.groovy:26)
	at com.kms.katalon.core.webui.keyword.builtin.ClickKeyword.click(ClickKeyword.groovy:99)
	at com.kms.katalon.core.webui.keyword.builtin.ClickKeyword.execute(ClickKeyword.groovy:43)
	at com.kms.katalon.core.keyword.internal.KeywordExecutor.executeKeywordForPlatform(KeywordExecutor.groovy:60)
	at com.kms.katalon.core.webui.keyword.WebUiBuiltInKeywords.click(WebUiBuiltInKeywords.groovy:616)
	at com.kms.katalon.core.webui.keyword.WebUiBuiltInKeywords$click$3.call(Unknown Source)
	at p4p_3_createInvoce_ok_spy.run(p4p_3_createInvoce_ok_spy:159)
	at com.kms.katalon.core.main.ScriptEngine.run(ScriptEngine.java:194)
	at com.kms.katalon.core.main.ScriptEngine.runScriptAsRawText(ScriptEngine.java:119)
	at com.kms.katalon.core.main.TestCaseExecutor.runScript(TestCaseExecutor.java:337)
	at com.kms.katalon.core.main.TestCaseExecutor.doExecute(TestCaseExecutor.java:328)
	at com.kms.katalon.core.main.TestCaseExecutor.processExecutionPhase(TestCaseExecutor.java:307)
	at com.kms.katalon.core.main.TestCaseExecutor.accessMainPhase(TestCaseExecutor.java:299)
	at com.kms.katalon.core.main.TestCaseExecutor.execute(TestCaseExecutor.java:233)
	at com.kms.katalon.core.main.TestSuiteExecutor.accessTestCaseMainPhase(TestSuiteExecutor.java:169)
	at com.kms.katalon.core.main.TestSuiteExecutor.accessTestSuiteMainPhase(TestSuiteExecutor.java:142)
	at com.kms.katalon.core.main.TestSuiteExecutor.execute(TestSuiteExecutor.java:91)
	at com.kms.katalon.core.main.TestCaseMain.startTestSuite(TestCaseMain.java:157)
	at com.kms.katalon.core.main.TestCaseMain$startTestSuite$0.call(Unknown Source)
	at TempTestSuite1579213562494.run(TempTestSuite1579213562494.groovy:36)
Caused by: com.kms.katalon.core.webui.exception.WebElementNotFoundException: Web element with id: 'Object Repository/obj_invoce/new_invoice/new_invoice_sub2/a_Taxes ()_select2-choice_2' located by 'By.xpath: (//a[@onclick='return false;'])[3]' not found
	at com.kms.katalon.core.webui.common.WebUiCommonHelper.findWebElement(WebUiCommonHelper.java:1113)
	at com.kms.katalon.core.webui.keyword.internal.WebUIAbstractKeyword.findWebElement(WebUIAbstractKeyword.groovy:27)
	at com.kms.katalon.core.webui.keyword.internal.WebUIAbstractKeyword.findWebElement(WebUIAbstractKeyword.groovy:26)
	at com.kms.katalon.core.webui.keyword.builtin.ClickKeyword$_click_closure1.doCall(ClickKeyword.groovy:68)
	at com.kms.katalon.core.webui.keyword.builtin.ClickKeyword$_click_closure1.call(ClickKeyword.groovy)
	at com.kms.katalon.core.webui.keyword.internal.WebUIKeywordMain.runKeyword(WebUIKeywordMain.groovy:20)
	... 19 more]]></system-err>
      </testcase>
      <testcase name="Test Cases/p4p_3_createInvoce_ok_spy" time="96.117" classname="Test Cases/p4p_3_createInvoce_ok_spy" status="FAILED">
         <failure type="FAILED" message="Test Cases/p4p_3_createInvoce_ok_spy FAILED.
Reason:
com.kms.katalon.core.exception.StepFailedException: Unable to click on object 'Object Repository/obj_invoce/new_invoice/new_invoice_sub2/a_Taxes ()_select2-choice_2'
	at com.kms.katalon.core.webui.keyword.internal.WebUIKeywordMain.stepFailed(WebUIKeywordMain.groovy:64)
	at com.kms.katalon.core.webui.keyword.internal.WebUIKeywordMain.runKeyword(WebUIKeywordMain.groovy:26)
	at com.kms.katalon.core.webui.keyword.builtin.ClickKeyword.click(ClickKeyword.groovy:99)
	at com.kms.katalon.core.webui.keyword.builtin.ClickKeyword.execute(ClickKeyword.groovy:43)
	at com.kms.katalon.core.keyword.internal.KeywordExecutor.executeKeywordForPlatform(KeywordExecutor.groovy:60)
	at com.kms.katalon.core.webui.keyword.WebUiBuiltInKeywords.click(WebUiBuiltInKeywords.groovy:616)
	at com.kms.katalon.core.webui.keyword.WebUiBuiltInKeywords$click$3.call(Unknown Source)
	at p4p_3_createInvoce_ok_spy.run(p4p_3_createInvoce_ok_spy:251)
	at com.kms.katalon.core.main.ScriptEngine.run(ScriptEngine.java:194)
	at com.kms.katalon.core.main.ScriptEngine.runScriptAsRawText(ScriptEngine.java:119)
	at com.kms.katalon.core.main.TestCaseExecutor.runScript(TestCaseExecutor.java:337)
	at com.kms.katalon.core.main.TestCaseExecutor.doExecute(TestCaseExecutor.java:328)
	at com.kms.katalon.core.main.TestCaseExecutor.processExecutionPhase(TestCaseExecutor.java:307)
	at com.kms.katalon.core.main.TestCaseExecutor.accessMainPhase(TestCaseExecutor.java:299)
	at com.kms.katalon.core.main.TestCaseExecutor.execute(TestCaseExecutor.java:233)
	at com.kms.katalon.core.main.TestSuiteExecutor.accessTestCaseMainPhase(TestSuiteExecutor.java:169)
	at com.kms.katalon.core.main.TestSuiteExecutor.accessTestSuiteMainPhase(TestSuiteExecutor.java:142)
	at com.kms.katalon.core.main.TestSuiteExecutor.execute(TestSuiteExecutor.java:91)
	at com.kms.katalon.core.main.TestCaseMain.startTestSuite(TestCaseMain.java:157)
	at com.kms.katalon.core.main.TestCaseMain$startTestSuite$0.call(Unknown Source)
	at TempTestSuite1579213562494.run(TempTestSuite1579213562494.groovy:36)
Caused by: com.kms.katalon.core.webui.exception.WebElementNotFoundException: Web element with id: 'Object Repository/obj_invoce/new_invoice/new_invoice_sub2/a_Taxes ()_select2-choice_2' located by 'By.xpath: (//a[@onclick='return false;'])[3]' not found
	at com.kms.katalon.core.webui.common.WebUiCommonHelper.findWebElement(WebUiCommonHelper.java:1113)
	at com.kms.katalon.core.webui.keyword.internal.WebUIAbstractKeyword.findWebElement(WebUIAbstractKeyword.groovy:27)
	at com.kms.katalon.core.webui.keyword.internal.WebUIAbstractKeyword.findWebElement(WebUIAbstractKeyword.groovy:26)
	at com.kms.katalon.core.webui.keyword.builtin.ClickKeyword$_click_closure1.doCall(ClickKeyword.groovy:68)
	at com.kms.katalon.core.webui.keyword.builtin.ClickKeyword$_click_closure1.call(ClickKeyword.groovy)
	at com.kms.katalon.core.webui.keyword.internal.WebUIKeywordMain.runKeyword(WebUIKeywordMain.groovy:20)
	... 19 more
"/>
         <system-out><![CDATA[2020-01-16 16:40:30 - [TEST_CASE][FAILED] - Test Cases/p4p_3_createInvoce_ok_spy: Test Cases/p4p_3_createInvoce_ok_spy FAILED.
Reason:
com.kms.katalon.core.exception.StepFailedException: Unable to click on object 'Object Repository/obj_invoce/new_invoice/new_invoice_sub2/a_Taxes ()_select2-choice_2'
	at com.kms.katalon.core.webui.keyword.internal.WebUIKeywordMain.stepFailed(WebUIKeywordMain.groovy:64)
	at com.kms.katalon.core.webui.keyword.internal.WebUIKeywordMain.runKeyword(WebUIKeywordMain.groovy:26)
	at com.kms.katalon.core.webui.keyword.builtin.ClickKeyword.click(ClickKeyword.groovy:99)
	at com.kms.katalon.core.webui.keyword.builtin.ClickKeyword.execute(ClickKeyword.groovy:43)
	at com.kms.katalon.core.keyword.internal.KeywordExecutor.executeKeywordForPlatform(KeywordExecutor.groovy:60)
	at com.kms.katalon.core.webui.keyword.WebUiBuiltInKeywords.click(WebUiBuiltInKeywords.groovy:616)
	at com.kms.katalon.core.webui.keyword.WebUiBuiltInKeywords$click$3.call(Unknown Source)
	at p4p_3_createInvoce_ok_spy.run(p4p_3_createInvoce_ok_spy:251)
	at com.kms.katalon.core.main.ScriptEngine.run(ScriptEngine.java:194)
	at com.kms.katalon.core.main.ScriptEngine.runScriptAsRawText(ScriptEngine.java:119)
	at com.kms.katalon.core.main.TestCaseExecutor.runScript(TestCaseExecutor.java:337)
	at com.kms.katalon.core.main.TestCaseExecutor.doExecute(TestCaseExecutor.java:328)
	at com.kms.katalon.core.main.TestCaseExecutor.processExecutionPhase(TestCaseExecutor.java:307)
	at com.kms.katalon.core.main.TestCaseExecutor.accessMainPhase(TestCaseExecutor.java:299)
	at com.kms.katalon.core.main.TestCaseExecutor.execute(TestCaseExecutor.java:233)
	at com.kms.katalon.core.main.TestSuiteExecutor.accessTestCaseMainPhase(TestSuiteExecutor.java:169)
	at com.kms.katalon.core.main.TestSuiteExecutor.accessTestSuiteMainPhase(TestSuiteExecutor.java:142)
	at com.kms.katalon.core.main.TestSuiteExecutor.execute(TestSuiteExecutor.java:91)
	at com.kms.katalon.core.main.TestCaseMain.startTestSuite(TestCaseMain.java:157)
	at com.kms.katalon.core.main.TestCaseMain$startTestSuite$0.call(Unknown Source)
	at TempTestSuite1579213562494.run(TempTestSuite1579213562494.groovy:36)
Caused by: com.kms.katalon.core.webui.exception.WebElementNotFoundException: Web element with id: 'Object Repository/obj_invoce/new_invoice/new_invoice_sub2/a_Taxes ()_select2-choice_2' located by 'By.xpath: (//a[@onclick='return false;'])[3]' not found
	at com.kms.katalon.core.webui.common.WebUiCommonHelper.findWebElement(WebUiCommonHelper.java:1113)
	at com.kms.katalon.core.webui.keyword.internal.WebUIAbstractKeyword.findWebElement(WebUIAbstractKeyword.groovy:27)
	at com.kms.katalon.core.webui.keyword.internal.WebUIAbstractKeyword.findWebElement(WebUIAbstractKeyword.groovy:26)
	at com.kms.katalon.core.webui.keyword.builtin.ClickKeyword$_click_closure1.doCall(ClickKeyword.groovy:68)
	at com.kms.katalon.core.webui.keyword.builtin.ClickKeyword$_click_closure1.call(ClickKeyword.groovy)
	at com.kms.katalon.core.webui.keyword.internal.WebUIKeywordMain.runKeyword(WebUIKeywordMain.groovy:20)
	... 19 more


2020-01-16 16:40:30 - [TEST_STEP][PASSED] - openBrowser("https://p4p-qa-bg.aws.paradise4paws.com/login/"): Browser is opened with url: 'https://p4p-qa-bg.aws.paradise4paws.com/login/'

2020-01-16 16:40:30 - [MESSAGE][WARNING] - A browser is already opened. Closing browser and opening a new one

2020-01-16 16:40:30 - [MESSAGE][INFO] - Starting 'Chrome' driver

2020-01-16 16:40:33 - [MESSAGE][PASSED] - Browser is opened with url: 'https://p4p-qa-bg.aws.paradise4paws.com/login/'

2020-01-16 16:40:33 - [TEST_STEP][PASSED] - maximizeWindow(): Current window maximized

2020-01-16 16:40:33 - [MESSAGE][PASSED] - Current window maximized

2020-01-16 16:40:33 - [TEST_STEP][PASSED] - arryPets = var_pets.split(","): null

2020-01-16 16:40:33 - [TEST_STEP][PASSED] - flagBoar = "0": null

2020-01-16 16:40:33 - [TEST_STEP][PASSED] - log = new com.kms.katalon.core.logging.KeywordLogger(): null

2020-01-16 16:40:33 - [TEST_STEP][PASSED] - fisInv = new java.io.FileInputStream(/home/leonardo-arkusmty/Desktop/P4P/DATA_AUTOMATINTESTING/data_3createInvoice.xlsx): null

2020-01-16 16:40:33 - [TEST_STEP][PASSED] - fisPay = new java.io.FileInputStream(/home/leonardo-arkusmty/Desktop/P4P/DATA_AUTOMATINTESTING/data_4payment.xlsx): null

2020-01-16 16:40:33 - [TEST_STEP][PASSED] - workbookInv = new org.apache.poi.xssf.usermodel.XSSFWorkbook(fisInv): null

2020-01-16 16:40:33 - [TEST_STEP][PASSED] - workbookPay = new org.apache.poi.xssf.usermodel.XSSFWorkbook(fisPay): null

2020-01-16 16:40:33 - [TEST_STEP][PASSED] - sheetInv = workbookInv.getSheet("Sheet1"): null

2020-01-16 16:40:33 - [TEST_STEP][PASSED] - sheetPay = workbookPay.getSheet("Sheet1"): null

2020-01-16 16:40:33 - [TEST_STEP][PASSED] - var = Integer.parseInt(var_idRowRes): null

2020-01-16 16:40:33 - [TEST_STEP][PASSED] - rowInv = sheetInv.getRow(var): null

2020-01-16 16:40:33 - [TEST_STEP][PASSED] - rowPay = sheetPay.getRow(var): null

2020-01-16 16:40:33 - [TEST_STEP][PASSED] - today = new java.util.Date(): null

2020-01-16 16:40:33 - [TEST_STEP][PASSED] - todaysDate1 = today.format("mmm/dd/yy"): null

2020-01-16 16:40:33 - [TEST_STEP][PASSED] - todaysDate2 = today.format("dd/mm/yy"): null

2020-01-16 16:40:33 - [TEST_STEP][PASSED] - todaysDate3 = today.format("dd"): null

2020-01-16 16:40:33 - [TEST_STEP][PASSED] - nowTime = today.format("hhmm"): null

2020-01-16 16:40:33 - [TEST_STEP][PASSED] - setText(findTestObject("obj_login/input_user"), var_user): Text 'jegchavez@gmail.com' is set on object 'Object Repository/obj_login/input_user'

2020-01-16 16:40:34 - [MESSAGE][PASSED] - Text 'jegchavez@gmail.com' is set on object 'Object Repository/obj_login/input_user'

2020-01-16 16:40:34 - [TEST_STEP][PASSED] - setText(findTestObject("obj_login/input_pass"), var_pass): Text 'admin1' is set on object 'Object Repository/obj_login/input_pass'

2020-01-16 16:40:34 - [MESSAGE][PASSED] - Text 'admin1' is set on object 'Object Repository/obj_login/input_pass'

2020-01-16 16:40:34 - [TEST_STEP][PASSED] - delay(2): Delayed 2 second(s)

2020-01-16 16:40:36 - [MESSAGE][PASSED] - Delayed 2 second(s)

2020-01-16 16:40:36 - [TEST_STEP][PASSED] - verifyElementClickable(findTestObject("obj_login/btn_login")): Object 'Object Repository/obj_login/btn_login' is clickable

2020-01-16 16:40:36 - [MESSAGE][PASSED] - Object 'Object Repository/obj_login/btn_login' is clickable

2020-01-16 16:40:36 - [TEST_STEP][PASSED] - click(findTestObject("obj_login/btn_login")): Object: 'Object Repository/obj_login/btn_login' is clicked on

2020-01-16 16:40:38 - [MESSAGE][PASSED] - Object: 'Object Repository/obj_login/btn_login' is clicked on

2020-01-16 16:40:38 - [TEST_STEP][PASSED] - delay(2): Delayed 2 second(s)

2020-01-16 16:40:40 - [MESSAGE][PASSED] - Delayed 2 second(s)

2020-01-16 16:40:40 - [TEST_STEP][PASSED] - setText(findTestObject("obj_dashboard_emp/input_search"), var_parent): Text 'leongarzagarza@hotmail.com' is set on object 'Object Repository/obj_dashboard_emp/input_search'

2020-01-16 16:40:40 - [MESSAGE][PASSED] - Text 'leongarzagarza@hotmail.com' is set on object 'Object Repository/obj_dashboard_emp/input_search'

2020-01-16 16:40:40 - [TEST_STEP][PASSED] - click(findTestObject("obj_dashboard_emp/btn_accountSearch")): Object: 'Object Repository/obj_dashboard_emp/btn_accountSearch' is clicked on

2020-01-16 16:40:41 - [MESSAGE][PASSED] - Object: 'Object Repository/obj_dashboard_emp/btn_accountSearch' is clicked on

2020-01-16 16:40:41 - [TEST_STEP][PASSED] - delay(2): Delayed 2 second(s)

2020-01-16 16:40:43 - [MESSAGE][PASSED] - Delayed 2 second(s)

2020-01-16 16:40:43 - [TEST_STEP][PASSED] - click(findTestObject("obj_accountInformation/a_TEST GABRIEL PROD")): Object: 'Object Repository/obj_accountInformation/a_TEST GABRIEL PROD' is clicked on

2020-01-16 16:40:44 - [MESSAGE][PASSED] - Object: 'Object Repository/obj_accountInformation/a_TEST GABRIEL PROD' is clicked on

2020-01-16 16:40:44 - [TEST_STEP][PASSED] - delay(2): Delayed 2 second(s)

2020-01-16 16:40:46 - [MESSAGE][PASSED] - Delayed 2 second(s)

2020-01-16 16:40:46 - [TEST_STEP][PASSED] - click(findTestObject("obj_invoce/btn_createInvoice")): Object: 'Object Repository/obj_invoce/btn_createInvoice' is clicked on

2020-01-16 16:40:48 - [MESSAGE][PASSED] - Object: 'Object Repository/obj_invoce/btn_createInvoice' is clicked on

2020-01-16 16:40:48 - [TEST_STEP][PASSED] - delay(3): Delayed 3 second(s)

2020-01-16 16:40:51 - [MESSAGE][PASSED] - Delayed 3 second(s)

2020-01-16 16:40:51 - [TEST_STEP][PASSED] - if (arryPets.size() == 1): null

2020-01-16 16:40:51 - [TEST_STEP][PASSED] - if (arryPets.size() == 2): null

2020-01-16 16:40:51 - [TEST_STEP][FAILED] - if (arryPets.size() == 3): Unable to click on object 'Object Repository/obj_invoce/new_invoice/new_invoice_sub2/a_Taxes ()_select2-choice_2' (Root cause: com.kms.katalon.core.exception.StepFailedException: Unable to click on object 'Object Repository/obj_invoce/new_invoice/new_invoice_sub2/a_Taxes ()_select2-choice_2'
	at com.kms.katalon.core.webui.keyword.internal.WebUIKeywordMain.stepFailed(WebUIKeywordMain.groovy:64)
	at com.kms.katalon.core.webui.keyword.internal.WebUIKeywordMain.runKeyword(WebUIKeywordMain.groovy:26)
	at com.kms.katalon.core.webui.keyword.builtin.ClickKeyword.click(ClickKeyword.groovy:99)
	at com.kms.katalon.core.webui.keyword.builtin.ClickKeyword.execute(ClickKeyword.groovy:43)
	at com.kms.katalon.core.keyword.internal.KeywordExecutor.executeKeywordForPlatform(KeywordExecutor.groovy:60)
	at com.kms.katalon.core.webui.keyword.WebUiBuiltInKeywords.click(WebUiBuiltInKeywords.groovy:616)
	at com.kms.katalon.core.webui.keyword.WebUiBuiltInKeywords$click$3.call(Unknown Source)
	at p4p_3_createInvoce_ok_spy.run(p4p_3_createInvoce_ok_spy:251)
	at com.kms.katalon.core.main.ScriptEngine.run(ScriptEngine.java:194)
	at com.kms.katalon.core.main.ScriptEngine.runScriptAsRawText(ScriptEngine.java:119)
	at com.kms.katalon.core.main.TestCaseExecutor.runScript(TestCaseExecutor.java:337)
	at com.kms.katalon.core.main.TestCaseExecutor.doExecute(TestCaseExecutor.java:328)
	at com.kms.katalon.core.main.TestCaseExecutor.processExecutionPhase(TestCaseExecutor.java:307)
	at com.kms.katalon.core.main.TestCaseExecutor.accessMainPhase(TestCaseExecutor.java:299)
	at com.kms.katalon.core.main.TestCaseExecutor.execute(TestCaseExecutor.java:233)
	at com.kms.katalon.core.main.TestSuiteExecutor.accessTestCaseMainPhase(TestSuiteExecutor.java:169)
	at com.kms.katalon.core.main.TestSuiteExecutor.accessTestSuiteMainPhase(TestSuiteExecutor.java:142)
	at com.kms.katalon.core.main.TestSuiteExecutor.execute(TestSuiteExecutor.java:91)
	at com.kms.katalon.core.main.TestCaseMain.startTestSuite(TestCaseMain.java:157)
	at com.kms.katalon.core.main.TestCaseMain$startTestSuite$0.call(Unknown Source)
	at TempTestSuite1579213562494.run(TempTestSuite1579213562494.groovy:36)
Caused by: com.kms.katalon.core.webui.exception.WebElementNotFoundException: Web element with id: 'Object Repository/obj_invoce/new_invoice/new_invoice_sub2/a_Taxes ()_select2-choice_2' located by 'By.xpath: (//a[@onclick='return false;'])[3]' not found
	at com.kms.katalon.core.webui.common.WebUiCommonHelper.findWebElement(WebUiCommonHelper.java:1113)
	at com.kms.katalon.core.webui.keyword.internal.WebUIAbstractKeyword.findWebElement(WebUIAbstractKeyword.groovy:27)
	at com.kms.katalon.core.webui.keyword.internal.WebUIAbstractKeyword.findWebElement(WebUIAbstractKeyword.groovy:26)
	at com.kms.katalon.core.webui.keyword.builtin.ClickKeyword$_click_closure1.doCall(ClickKeyword.groovy:68)
	at com.kms.katalon.core.webui.keyword.builtin.ClickKeyword$_click_closure1.call(ClickKeyword.groovy)
	at com.kms.katalon.core.webui.keyword.internal.WebUIKeywordMain.runKeyword(WebUIKeywordMain.groovy:20)
	at com.kms.katalon.core.webui.keyword.builtin.ClickKeyword.click(ClickKeyword.groovy:99)
	at com.kms.katalon.core.webui.keyword.builtin.ClickKeyword.execute(ClickKeyword.groovy:43)
	at com.kms.katalon.core.keyword.internal.KeywordExecutor.executeKeywordForPlatform(KeywordExecutor.groovy:60)
	at com.kms.katalon.core.webui.keyword.WebUiBuiltInKeywords.click(WebUiBuiltInKeywords.groovy:616)
	at com.kms.katalon.core.webui.keyword.WebUiBuiltInKeywords$click$3.call(Unknown Source)
	at Script1579192132407.run(Script1579192132407.groovy:251)
	... 13 more
)

2020-01-16 16:40:51 - [TEST_STEP][PASSED] - log.logInfo("SIZE 3"): SIZE 3

2020-01-16 16:40:51 - [MESSAGE][INFO] - SIZE 3

2020-01-16 16:40:51 - [TEST_STEP][PASSED] - click(findTestObject("obj_invoce/new_invoice/new_invoice_sub/btn_AddLineItem")): Object: 'Object Repository/obj_invoce/new_invoice/new_invoice_sub/btn_AddLineItem' is clicked on

2020-01-16 16:40:51 - [MESSAGE][PASSED] - Object: 'Object Repository/obj_invoce/new_invoice/new_invoice_sub/btn_AddLineItem' is clicked on

2020-01-16 16:40:51 - [TEST_STEP][PASSED] - delay(3): Delayed 3 second(s)

2020-01-16 16:40:54 - [MESSAGE][PASSED] - Delayed 3 second(s)

2020-01-16 16:40:54 - [TEST_STEP][PASSED] - click(findTestObject("obj_invoce/new_invoice/new_invoice_sub/a_Taxes ()_select2-choice_1")): Object: 'Object Repository/obj_invoce/new_invoice/new_invoice_sub/a_Taxes ()_select2-choice_1' is clicked on

2020-01-16 16:40:55 - [MESSAGE][PASSED] - Object: 'Object Repository/obj_invoce/new_invoice/new_invoice_sub/a_Taxes ()_select2-choice_1' is clicked on

2020-01-16 16:40:55 - [TEST_STEP][PASSED] - delay(3): Delayed 3 second(s)

2020-01-16 16:40:58 - [MESSAGE][PASSED] - Delayed 3 second(s)

2020-01-16 16:40:58 - [TEST_STEP][PASSED] - click(findTestObject("obj_invoce/new_invoice/new_invoice_sub/div_Zeus")): Object: 'Object Repository/obj_invoce/new_invoice/new_invoice_sub/div_Zeus' is clicked on

2020-01-16 16:40:58 - [MESSAGE][PASSED] - Object: 'Object Repository/obj_invoce/new_invoice/new_invoice_sub/div_Zeus' is clicked on

2020-01-16 16:40:58 - [TEST_STEP][NOT_RUN] - click(findTestObject("obj_invoce/new_invoice/new_invoice_sub/b")): NOT_RUN: click(findTestObject("obj_invoce/new_invoice/new_invoice_sub/b"))

2020-01-16 16:40:58 - [MESSAGE][NOT_RUN] - NOT_RUN: click(findTestObject("obj_invoce/new_invoice/new_invoice_sub/b"))

2020-01-16 16:40:58 - [TEST_STEP][NOT_RUN] - click(findTestObject("obj_invoce/new_invoice/new_invoice_sub/select_BOARDING_SUITEDAYCARE_SUITESPA_SUITE")): NOT_RUN: click(findTestObject("obj_invoce/new_invoice/new_invoice_sub/select_BOARDING_SUITEDAYCARE_SUITESPA_SUITE"))

2020-01-16 16:40:58 - [MESSAGE][NOT_RUN] - NOT_RUN: click(findTestObject("obj_invoce/new_invoice/new_invoice_sub/select_BOARDING_SUITEDAYCARE_SUITESPA_SUITE"))

2020-01-16 16:40:58 - [TEST_STEP][PASSED] - delay(3): Delayed 3 second(s)

2020-01-16 16:41:01 - [MESSAGE][PASSED] - Delayed 3 second(s)

2020-01-16 16:41:01 - [TEST_STEP][PASSED] - if (var_type == "BOARDING_SUITE"): Object: 'Object Repository/obj_invoce/new_invoice_ok_1/select_boarding' is clicked on

2020-01-16 16:41:01 - [TEST_STEP][PASSED] - click(findTestObject("obj_invoce/new_invoice_ok_1/select_boarding"), STOP_ON_FAILURE): Object: 'Object Repository/obj_invoce/new_invoice_ok_1/select_boarding' is clicked on

2020-01-16 16:41:02 - [MESSAGE][PASSED] - Object: 'Object Repository/obj_invoce/new_invoice_ok_1/select_boarding' is clicked on

2020-01-16 16:41:02 - [TEST_STEP][PASSED] - if (var_type == "DAYCARE_SUITE"): null

2020-01-16 16:41:02 - [TEST_STEP][PASSED] - if (var_type == "PACKAGE"): null

2020-01-16 16:41:02 - [TEST_STEP][PASSED] - delay(4): Delayed 4 second(s)

2020-01-16 16:41:06 - [MESSAGE][PASSED] - Delayed 4 second(s)

2020-01-16 16:41:06 - [TEST_STEP][PASSED] - sendKeys(findTestObject("obj_invoce/new_invoice/new_invoice_sub/input_Taxes_Item_1"), var_item): Keys 'M2M Monthly Membership' sent to object: 'Object Repository/obj_invoce/new_invoice/new_invoice_sub/input_Taxes_Item_1'

2020-01-16 16:41:06 - [MESSAGE][PASSED] - Keys 'M2M Monthly Membership' sent to object: 'Object Repository/obj_invoce/new_invoice/new_invoice_sub/input_Taxes_Item_1'

2020-01-16 16:41:06 - [TEST_STEP][PASSED] - delay(4): Delayed 4 second(s)

2020-01-16 16:41:10 - [MESSAGE][PASSED] - Delayed 4 second(s)

2020-01-16 16:41:10 - [TEST_STEP][PASSED] - sendKeys(findTestObject("obj_invoce/new_invoice/new_invoice_sub/input_Taxes_Item_1"), Keys.chord(ENTER)): Keys 'ENTER + ' sent to object: 'Object Repository/obj_invoce/new_invoice/new_invoice_sub/input_Taxes_Item_1'

2020-01-16 16:41:10 - [MESSAGE][PASSED] - Keys 'ENTER + ' sent to object: 'Object Repository/obj_invoce/new_invoice/new_invoice_sub/input_Taxes_Item_1'

2020-01-16 16:41:10 - [TEST_STEP][PASSED] - delay(4): Delayed 4 second(s)

2020-01-16 16:41:14 - [MESSAGE][PASSED] - Delayed 4 second(s)

2020-01-16 16:41:14 - [TEST_STEP][PASSED] - click(findTestObject("obj_invoce/new_invoice/new_invoice_sub/btn_AddLineItem")): Object: 'Object Repository/obj_invoce/new_invoice/new_invoice_sub/btn_AddLineItem' is clicked on

2020-01-16 16:41:17 - [MESSAGE][PASSED] - Object: 'Object Repository/obj_invoce/new_invoice/new_invoice_sub/btn_AddLineItem' is clicked on

2020-01-16 16:41:17 - [TEST_STEP][PASSED] - delay(3): Delayed 3 second(s)

2020-01-16 16:41:20 - [MESSAGE][PASSED] - Delayed 3 second(s)

2020-01-16 16:41:20 - [TEST_STEP][FAILED] - click(findTestObject("obj_invoce/new_invoice/new_invoice_sub2/a_Taxes ()_select2-choice_2")): Unable to click on object 'Object Repository/obj_invoce/new_invoice/new_invoice_sub2/a_Taxes ()_select2-choice_2' (Root cause: com.kms.katalon.core.exception.StepFailedException: Unable to click on object 'Object Repository/obj_invoce/new_invoice/new_invoice_sub2/a_Taxes ()_select2-choice_2'
	at com.kms.katalon.core.webui.keyword.internal.WebUIKeywordMain.stepFailed(WebUIKeywordMain.groovy:64)
	at com.kms.katalon.core.webui.keyword.internal.WebUIKeywordMain.runKeyword(WebUIKeywordMain.groovy:26)
	at com.kms.katalon.core.webui.keyword.builtin.ClickKeyword.click(ClickKeyword.groovy:99)
	at com.kms.katalon.core.webui.keyword.builtin.ClickKeyword.execute(ClickKeyword.groovy:43)
	at com.kms.katalon.core.keyword.internal.KeywordExecutor.executeKeywordForPlatform(KeywordExecutor.groovy:60)
	at com.kms.katalon.core.webui.keyword.WebUiBuiltInKeywords.click(WebUiBuiltInKeywords.groovy:616)
	at com.kms.katalon.core.webui.keyword.WebUiBuiltInKeywords$click$3.call(Unknown Source)
	at p4p_3_createInvoce_ok_spy.run(p4p_3_createInvoce_ok_spy:251)
	at com.kms.katalon.core.main.ScriptEngine.run(ScriptEngine.java:194)
	at com.kms.katalon.core.main.ScriptEngine.runScriptAsRawText(ScriptEngine.java:119)
	at com.kms.katalon.core.main.TestCaseExecutor.runScript(TestCaseExecutor.java:337)
	at com.kms.katalon.core.main.TestCaseExecutor.doExecute(TestCaseExecutor.java:328)
	at com.kms.katalon.core.main.TestCaseExecutor.processExecutionPhase(TestCaseExecutor.java:307)
	at com.kms.katalon.core.main.TestCaseExecutor.accessMainPhase(TestCaseExecutor.java:299)
	at com.kms.katalon.core.main.TestCaseExecutor.execute(TestCaseExecutor.java:233)
	at com.kms.katalon.core.main.TestSuiteExecutor.accessTestCaseMainPhase(TestSuiteExecutor.java:169)
	at com.kms.katalon.core.main.TestSuiteExecutor.accessTestSuiteMainPhase(TestSuiteExecutor.java:142)
	at com.kms.katalon.core.main.TestSuiteExecutor.execute(TestSuiteExecutor.java:91)
	at com.kms.katalon.core.main.TestCaseMain.startTestSuite(TestCaseMain.java:157)
	at com.kms.katalon.core.main.TestCaseMain$startTestSuite$0.call(Unknown Source)
	at TempTestSuite1579213562494.run(TempTestSuite1579213562494.groovy:36)
Caused by: com.kms.katalon.core.webui.exception.WebElementNotFoundException: Web element with id: 'Object Repository/obj_invoce/new_invoice/new_invoice_sub2/a_Taxes ()_select2-choice_2' located by 'By.xpath: (//a[@onclick='return false;'])[3]' not found
	at com.kms.katalon.core.webui.common.WebUiCommonHelper.findWebElement(WebUiCommonHelper.java:1113)
	at com.kms.katalon.core.webui.keyword.internal.WebUIAbstractKeyword.findWebElement(WebUIAbstractKeyword.groovy:27)
	at com.kms.katalon.core.webui.keyword.internal.WebUIAbstractKeyword.findWebElement(WebUIAbstractKeyword.groovy:26)
	at com.kms.katalon.core.webui.keyword.builtin.ClickKeyword$_click_closure1.doCall(ClickKeyword.groovy:68)
	at com.kms.katalon.core.webui.keyword.builtin.ClickKeyword$_click_closure1.call(ClickKeyword.groovy)
	at com.kms.katalon.core.webui.keyword.internal.WebUIKeywordMain.runKeyword(WebUIKeywordMain.groovy:20)
	at com.kms.katalon.core.webui.keyword.builtin.ClickKeyword.click(ClickKeyword.groovy:99)
	at com.kms.katalon.core.webui.keyword.builtin.ClickKeyword.execute(ClickKeyword.groovy:43)
	at com.kms.katalon.core.keyword.internal.KeywordExecutor.executeKeywordForPlatform(KeywordExecutor.groovy:60)
	at com.kms.katalon.core.webui.keyword.WebUiBuiltInKeywords.click(WebUiBuiltInKeywords.groovy:616)
	at com.kms.katalon.core.webui.keyword.WebUiBuiltInKeywords$click$3.call(Unknown Source)
	at Script1579192132407.run(Script1579192132407.groovy:251)
	... 13 more
)

2020-01-16 16:42:06 - [MESSAGE][INFO] - Unable to find the element located by 'By.xpath: (//a[@onclick='return false;'])[3]'. Please recheck the objects properties to make sure the desired element is located. 

2020-01-16 16:42:06 - [MESSAGE][FAILED] - Unable to click on object 'Object Repository/obj_invoce/new_invoice/new_invoice_sub2/a_Taxes ()_select2-choice_2' (Root cause: com.kms.katalon.core.exception.StepFailedException: Unable to click on object 'Object Repository/obj_invoce/new_invoice/new_invoice_sub2/a_Taxes ()_select2-choice_2'
	at com.kms.katalon.core.webui.keyword.internal.WebUIKeywordMain.stepFailed(WebUIKeywordMain.groovy:64)
	at com.kms.katalon.core.webui.keyword.internal.WebUIKeywordMain.runKeyword(WebUIKeywordMain.groovy:26)
	at com.kms.katalon.core.webui.keyword.builtin.ClickKeyword.click(ClickKeyword.groovy:99)
	at com.kms.katalon.core.webui.keyword.builtin.ClickKeyword.execute(ClickKeyword.groovy:43)
	at com.kms.katalon.core.keyword.internal.KeywordExecutor.executeKeywordForPlatform(KeywordExecutor.groovy:60)
	at com.kms.katalon.core.webui.keyword.WebUiBuiltInKeywords.click(WebUiBuiltInKeywords.groovy:616)
	at com.kms.katalon.core.webui.keyword.WebUiBuiltInKeywords$click$3.call(Unknown Source)
	at p4p_3_createInvoce_ok_spy.run(p4p_3_createInvoce_ok_spy:251)
	at com.kms.katalon.core.main.ScriptEngine.run(ScriptEngine.java:194)
	at com.kms.katalon.core.main.ScriptEngine.runScriptAsRawText(ScriptEngine.java:119)
	at com.kms.katalon.core.main.TestCaseExecutor.runScript(TestCaseExecutor.java:337)
	at com.kms.katalon.core.main.TestCaseExecutor.doExecute(TestCaseExecutor.java:328)
	at com.kms.katalon.core.main.TestCaseExecutor.processExecutionPhase(TestCaseExecutor.java:307)
	at com.kms.katalon.core.main.TestCaseExecutor.accessMainPhase(TestCaseExecutor.java:299)
	at com.kms.katalon.core.main.TestCaseExecutor.execute(TestCaseExecutor.java:233)
	at com.kms.katalon.core.main.TestSuiteExecutor.accessTestCaseMainPhase(TestSuiteExecutor.java:169)
	at com.kms.katalon.core.main.TestSuiteExecutor.accessTestSuiteMainPhase(TestSuiteExecutor.java:142)
	at com.kms.katalon.core.main.TestSuiteExecutor.execute(TestSuiteExecutor.java:91)
	at com.kms.katalon.core.main.TestCaseMain.startTestSuite(TestCaseMain.java:157)
	at com.kms.katalon.core.main.TestCaseMain$startTestSuite$0.call(Unknown Source)
	at TempTestSuite1579213562494.run(TempTestSuite1579213562494.groovy:36)
Caused by: com.kms.katalon.core.webui.exception.WebElementNotFoundException: Web element with id: 'Object Repository/obj_invoce/new_invoice/new_invoice_sub2/a_Taxes ()_select2-choice_2' located by 'By.xpath: (//a[@onclick='return false;'])[3]' not found
	at com.kms.katalon.core.webui.common.WebUiCommonHelper.findWebElement(WebUiCommonHelper.java:1113)
	at com.kms.katalon.core.webui.keyword.internal.WebUIAbstractKeyword.findWebElement(WebUIAbstractKeyword.groovy:27)
	at com.kms.katalon.core.webui.keyword.internal.WebUIAbstractKeyword.findWebElement(WebUIAbstractKeyword.groovy:26)
	at com.kms.katalon.core.webui.keyword.builtin.ClickKeyword$_click_closure1.doCall(ClickKeyword.groovy:68)
	at com.kms.katalon.core.webui.keyword.builtin.ClickKeyword$_click_closure1.call(ClickKeyword.groovy)
	at com.kms.katalon.core.webui.keyword.internal.WebUIKeywordMain.runKeyword(WebUIKeywordMain.groovy:20)
	at com.kms.katalon.core.webui.keyword.builtin.ClickKeyword.click(ClickKeyword.groovy:99)
	at com.kms.katalon.core.webui.keyword.builtin.ClickKeyword.execute(ClickKeyword.groovy:43)
	at com.kms.katalon.core.keyword.internal.KeywordExecutor.executeKeywordForPlatform(KeywordExecutor.groovy:60)
	at com.kms.katalon.core.webui.keyword.WebUiBuiltInKeywords.click(WebUiBuiltInKeywords.groovy:616)
	at com.kms.katalon.core.webui.keyword.WebUiBuiltInKeywords$click$3.call(Unknown Source)
	at Script1579192132407.run(Script1579192132407.groovy:251)
	... 13 more
)
[[ATTACHMENT|/home/leonardo-arkusmty/Documents/workspaceKatalon/p4ptest/Reports/20200116_162602/ts_3_createInvoice/20200116_162602/1579214526524.png]]]]></system-out>
         <system-err><![CDATA[2020-01-16 16:40:30 - [TEST_CASE][FAILED] - Test Cases/p4p_3_createInvoce_ok_spy: Test Cases/p4p_3_createInvoce_ok_spy FAILED.
Reason:
com.kms.katalon.core.exception.StepFailedException: Unable to click on object 'Object Repository/obj_invoce/new_invoice/new_invoice_sub2/a_Taxes ()_select2-choice_2'
	at com.kms.katalon.core.webui.keyword.internal.WebUIKeywordMain.stepFailed(WebUIKeywordMain.groovy:64)
	at com.kms.katalon.core.webui.keyword.internal.WebUIKeywordMain.runKeyword(WebUIKeywordMain.groovy:26)
	at com.kms.katalon.core.webui.keyword.builtin.ClickKeyword.click(ClickKeyword.groovy:99)
	at com.kms.katalon.core.webui.keyword.builtin.ClickKeyword.execute(ClickKeyword.groovy:43)
	at com.kms.katalon.core.keyword.internal.KeywordExecutor.executeKeywordForPlatform(KeywordExecutor.groovy:60)
	at com.kms.katalon.core.webui.keyword.WebUiBuiltInKeywords.click(WebUiBuiltInKeywords.groovy:616)
	at com.kms.katalon.core.webui.keyword.WebUiBuiltInKeywords$click$3.call(Unknown Source)
	at p4p_3_createInvoce_ok_spy.run(p4p_3_createInvoce_ok_spy:251)
	at com.kms.katalon.core.main.ScriptEngine.run(ScriptEngine.java:194)
	at com.kms.katalon.core.main.ScriptEngine.runScriptAsRawText(ScriptEngine.java:119)
	at com.kms.katalon.core.main.TestCaseExecutor.runScript(TestCaseExecutor.java:337)
	at com.kms.katalon.core.main.TestCaseExecutor.doExecute(TestCaseExecutor.java:328)
	at com.kms.katalon.core.main.TestCaseExecutor.processExecutionPhase(TestCaseExecutor.java:307)
	at com.kms.katalon.core.main.TestCaseExecutor.accessMainPhase(TestCaseExecutor.java:299)
	at com.kms.katalon.core.main.TestCaseExecutor.execute(TestCaseExecutor.java:233)
	at com.kms.katalon.core.main.TestSuiteExecutor.accessTestCaseMainPhase(TestSuiteExecutor.java:169)
	at com.kms.katalon.core.main.TestSuiteExecutor.accessTestSuiteMainPhase(TestSuiteExecutor.java:142)
	at com.kms.katalon.core.main.TestSuiteExecutor.execute(TestSuiteExecutor.java:91)
	at com.kms.katalon.core.main.TestCaseMain.startTestSuite(TestCaseMain.java:157)
	at com.kms.katalon.core.main.TestCaseMain$startTestSuite$0.call(Unknown Source)
	at TempTestSuite1579213562494.run(TempTestSuite1579213562494.groovy:36)
Caused by: com.kms.katalon.core.webui.exception.WebElementNotFoundException: Web element with id: 'Object Repository/obj_invoce/new_invoice/new_invoice_sub2/a_Taxes ()_select2-choice_2' located by 'By.xpath: (//a[@onclick='return false;'])[3]' not found
	at com.kms.katalon.core.webui.common.WebUiCommonHelper.findWebElement(WebUiCommonHelper.java:1113)
	at com.kms.katalon.core.webui.keyword.internal.WebUIAbstractKeyword.findWebElement(WebUIAbstractKeyword.groovy:27)
	at com.kms.katalon.core.webui.keyword.internal.WebUIAbstractKeyword.findWebElement(WebUIAbstractKeyword.groovy:26)
	at com.kms.katalon.core.webui.keyword.builtin.ClickKeyword$_click_closure1.doCall(ClickKeyword.groovy:68)
	at com.kms.katalon.core.webui.keyword.builtin.ClickKeyword$_click_closure1.call(ClickKeyword.groovy)
	at com.kms.katalon.core.webui.keyword.internal.WebUIKeywordMain.runKeyword(WebUIKeywordMain.groovy:20)
	... 19 more]]></system-err>
      </testcase>
      <system-out><![CDATA[2020-01-16 16:26:03 - [TEST_SUITE][ERROR] - ts_3_createInvoice: Test Cases/p4p_3_createInvoce_ok_spy FAILED.
Reason:
java.lang.NullPointerException: Cannot invoke method createCell() on null object
	at org.apache.poi.ss.usermodel.Row$createCell.call(Unknown Source)
	at p4p_3_createInvoce_ok_spy.run(p4p_3_createInvoce_ok_spy:341)
	at com.kms.katalon.core.main.ScriptEngine.run(ScriptEngine.java:194)
	at com.kms.katalon.core.main.ScriptEngine.runScriptAsRawText(ScriptEngine.java:119)
	at com.kms.katalon.core.main.TestCaseExecutor.runScript(TestCaseExecutor.java:337)
	at com.kms.katalon.core.main.TestCaseExecutor.doExecute(TestCaseExecutor.java:328)
	at com.kms.katalon.core.main.TestCaseExecutor.processExecutionPhase(TestCaseExecutor.java:307)
	at com.kms.katalon.core.main.TestCaseExecutor.accessMainPhase(TestCaseExecutor.java:299)
	at com.kms.katalon.core.main.TestCaseExecutor.execute(TestCaseExecutor.java:233)
	at com.kms.katalon.core.main.TestSuiteExecutor.accessTestCaseMainPhase(TestSuiteExecutor.java:169)
	at com.kms.katalon.core.main.TestSuiteExecutor.accessTestSuiteMainPhase(TestSuiteExecutor.java:142)
	at com.kms.katalon.core.main.TestSuiteExecutor.execute(TestSuiteExecutor.java:91)
	at com.kms.katalon.core.main.TestCaseMain.startTestSuite(TestCaseMain.java:157)
	at com.kms.katalon.core.main.TestCaseMain$startTestSuite$0.call(Unknown Source)
	at TempTestSuite1579213562494.run(TempTestSuite1579213562494.groovy:36)]]></system-out>
      <system-err><![CDATA[2020-01-16 16:26:03 - [TEST_SUITE][ERROR] - ts_3_createInvoice: Test Cases/p4p_3_createInvoce_ok_spy FAILED.
Reason:
java.lang.NullPointerException: Cannot invoke method createCell() on null object
	at org.apache.poi.ss.usermodel.Row$createCell.call(Unknown Source)
	at p4p_3_createInvoce_ok_spy.run(p4p_3_createInvoce_ok_spy:341)
	at com.kms.katalon.core.main.ScriptEngine.run(ScriptEngine.java:194)
	at com.kms.katalon.core.main.ScriptEngine.runScriptAsRawText(ScriptEngine.java:119)
	at com.kms.katalon.core.main.TestCaseExecutor.runScript(TestCaseExecutor.java:337)
	at com.kms.katalon.core.main.TestCaseExecutor.doExecute(TestCaseExecutor.java:328)
	at com.kms.katalon.core.main.TestCaseExecutor.processExecutionPhase(TestCaseExecutor.java:307)
	at com.kms.katalon.core.main.TestCaseExecutor.accessMainPhase(TestCaseExecutor.java:299)
	at com.kms.katalon.core.main.TestCaseExecutor.execute(TestCaseExecutor.java:233)
	at com.kms.katalon.core.main.TestSuiteExecutor.accessTestCaseMainPhase(TestSuiteExecutor.java:169)
	at com.kms.katalon.core.main.TestSuiteExecutor.accessTestSuiteMainPhase(TestSuiteExecutor.java:142)
	at com.kms.katalon.core.main.TestSuiteExecutor.execute(TestSuiteExecutor.java:91)
	at com.kms.katalon.core.main.TestCaseMain.startTestSuite(TestCaseMain.java:157)
	at com.kms.katalon.core.main.TestCaseMain$startTestSuite$0.call(Unknown Source)
	at TempTestSuite1579213562494.run(TempTestSuite1579213562494.groovy:36)]]></system-err>
   </testsuite>
</testsuites>
