<?xml version="1.0" encoding="UTF-8"?>
<testsuites name="ts_3_createInvoice" time="107.264" tests="3" failures="0" errors="3">
   <testsuite name="ts_3_createInvoice" tests="3" failures="0" errors="3" time="107.264" timestamp="2020-01-17 09:18:54" hostname="leonardo-arkusmty - leonardoarkusmty-Inspiron-5577" id="Test Suites/ts_3_createInvoice">
      <properties>
         <property name="deviceName" value=""/>
         <property name="devicePlatform" value=""/>
         <property name="logFolder" value="/home/leonardo-arkusmty/Documents/workspaceKatalon/p4ptest/Reports/20200117_091853/ts_3_createInvoice/20200117_091853"/>
         <property name="logFiles" value="/home/leonardo-arkusmty/Documents/workspaceKatalon/p4ptest/Reports/20200117_091853/ts_3_createInvoice/20200117_091853/execution0.log"/>
         <property name="attachments" value=""/>
         <property name="hostName" value="leonardo-arkusmty - leonardoarkusmty-Inspiron-5577"/>
         <property name="os" value="Linux 64bit"/>
         <property name="katalonVersion" value="7.0.8.1"/>
         <property name="browser" value="Chrome 79.0.3945.88"/>
         <property name="hostAddress" value="127.0.1.1"/>
         <property name="sessionId" value="88399a7ee0bf8f52c06ad7933a748635"/>
         <property name="seleniumVersion" value="3.141.59"/>
         <property name="proxyInformation" value="ProxyInformation{proxyOption=NO_PROXY, proxyServerType=HTTP, password=, proxyServerAddress=, proxyServerPort=0}"/>
         <property name="platform" value="Linux"/>
      </properties>
      <testcase name="Test Cases/p4p_3_createInvoce_ok_spy" time="37.069" classname="Test Cases/p4p_3_createInvoce_ok_spy" status="ERROR">
         <error type="ERROR" message="Test Cases/p4p_3_createInvoce_ok_spy FAILED.
Reason:
java.lang.NullPointerException: Cannot invoke method createCell() on null object
	at p4p_3_createInvoce_ok_spy.run(p4p_3_createInvoce_ok_spy:92)
	at com.kms.katalon.core.main.ScriptEngine.run(ScriptEngine.java:194)
	at com.kms.katalon.core.main.ScriptEngine.runScriptAsRawText(ScriptEngine.java:119)
	at com.kms.katalon.core.main.TestCaseExecutor.runScript(TestCaseExecutor.java:337)
	at com.kms.katalon.core.main.TestCaseExecutor.doExecute(TestCaseExecutor.java:328)
	at com.kms.katalon.core.main.TestCaseExecutor.processExecutionPhase(TestCaseExecutor.java:307)
	at com.kms.katalon.core.main.TestCaseExecutor.accessMainPhase(TestCaseExecutor.java:299)
	at com.kms.katalon.core.main.TestCaseExecutor.execute(TestCaseExecutor.java:233)
	at com.kms.katalon.core.main.TestSuiteExecutor.accessTestCaseMainPhase(TestSuiteExecutor.java:169)
	at com.kms.katalon.core.main.TestSuiteExecutor.accessTestSuiteMainPhase(TestSuiteExecutor.java:142)
	at com.kms.katalon.core.main.TestSuiteExecutor.execute(TestSuiteExecutor.java:91)
	at com.kms.katalon.core.main.TestCaseMain.startTestSuite(TestCaseMain.java:157)
	at com.kms.katalon.core.main.TestCaseMain$startTestSuite$0.call(Unknown Source)
	at TempTestSuite1579274333059.run(TempTestSuite1579274333059.groovy:36)
"/>
         <system-out><![CDATA[2020-01-17 09:18:54 - [TEST_CASE][ERROR] - Test Cases/p4p_3_createInvoce_ok_spy: Test Cases/p4p_3_createInvoce_ok_spy FAILED.
Reason:
java.lang.NullPointerException: Cannot invoke method createCell() on null object
	at p4p_3_createInvoce_ok_spy.run(p4p_3_createInvoce_ok_spy:92)
	at com.kms.katalon.core.main.ScriptEngine.run(ScriptEngine.java:194)
	at com.kms.katalon.core.main.ScriptEngine.runScriptAsRawText(ScriptEngine.java:119)
	at com.kms.katalon.core.main.TestCaseExecutor.runScript(TestCaseExecutor.java:337)
	at com.kms.katalon.core.main.TestCaseExecutor.doExecute(TestCaseExecutor.java:328)
	at com.kms.katalon.core.main.TestCaseExecutor.processExecutionPhase(TestCaseExecutor.java:307)
	at com.kms.katalon.core.main.TestCaseExecutor.accessMainPhase(TestCaseExecutor.java:299)
	at com.kms.katalon.core.main.TestCaseExecutor.execute(TestCaseExecutor.java:233)
	at com.kms.katalon.core.main.TestSuiteExecutor.accessTestCaseMainPhase(TestSuiteExecutor.java:169)
	at com.kms.katalon.core.main.TestSuiteExecutor.accessTestSuiteMainPhase(TestSuiteExecutor.java:142)
	at com.kms.katalon.core.main.TestSuiteExecutor.execute(TestSuiteExecutor.java:91)
	at com.kms.katalon.core.main.TestCaseMain.startTestSuite(TestCaseMain.java:157)
	at com.kms.katalon.core.main.TestCaseMain$startTestSuite$0.call(Unknown Source)
	at TempTestSuite1579274333059.run(TempTestSuite1579274333059.groovy:36)


2020-01-17 09:18:55 - [TEST_STEP][PASSED] - openBrowser("https://p4p-qa-bg.aws.paradise4paws.com/login/"): Browser is opened with url: 'https://p4p-qa-bg.aws.paradise4paws.com/login/'

2020-01-17 09:18:55 - [MESSAGE][INFO] - Starting 'Chrome' driver

2020-01-17 09:18:55 - [MESSAGE][INFO] - Action delay is set to 0 seconds

2020-01-17 09:18:57 - [MESSAGE][PASSED] - Browser is opened with url: 'https://p4p-qa-bg.aws.paradise4paws.com/login/'

2020-01-17 09:18:57 - [TEST_STEP][PASSED] - maximizeWindow(): Current window maximized

2020-01-17 09:18:57 - [MESSAGE][PASSED] - Current window maximized

2020-01-17 09:18:57 - [TEST_STEP][PASSED] - arryPets = var_pets.split(","): null

2020-01-17 09:18:57 - [TEST_STEP][PASSED] - flagBoar = "0": null

2020-01-17 09:18:57 - [TEST_STEP][PASSED] - log = new com.kms.katalon.core.logging.KeywordLogger(): null

2020-01-17 09:18:57 - [TEST_STEP][PASSED] - fisCreInv = new java.io.FileInputStream(/home/leonardo-arkusmty/Desktop/P4P/DATA_AUTOMATINTESTING/data_3createInvoice.xlsx): null

2020-01-17 09:18:57 - [TEST_STEP][PASSED] - fisUpdInv = new java.io.FileInputStream(/home/leonardo-arkusmty/Desktop/P4P/DATA_AUTOMATINTESTING/data_3updateDeleteInvoice.xlsx): null

2020-01-17 09:18:57 - [TEST_STEP][PASSED] - fisPay = new java.io.FileInputStream(/home/leonardo-arkusmty/Desktop/P4P/DATA_AUTOMATINTESTING/data_4payment.xlsx): null

2020-01-17 09:18:57 - [TEST_STEP][PASSED] - workbookCreInv = new org.apache.poi.xssf.usermodel.XSSFWorkbook(fisCreInv): null

2020-01-17 09:18:58 - [TEST_STEP][PASSED] - workbookUpdInv = new org.apache.poi.xssf.usermodel.XSSFWorkbook(fisUpdInv): null

2020-01-17 09:18:58 - [TEST_STEP][PASSED] - workbookPay = new org.apache.poi.xssf.usermodel.XSSFWorkbook(fisPay): null

2020-01-17 09:18:58 - [TEST_STEP][PASSED] - sheetCreInv = workbookCreInv.getSheet("Sheet1"): null

2020-01-17 09:18:58 - [TEST_STEP][PASSED] - sheetUpdInv = workbookUpdInv.getSheet("Sheet1"): null

2020-01-17 09:18:58 - [TEST_STEP][PASSED] - sheetPay = workbookPay.getSheet("Sheet1"): null

2020-01-17 09:18:58 - [TEST_STEP][PASSED] - var = Integer.parseInt(var_idRowRes): null

2020-01-17 09:18:58 - [TEST_STEP][PASSED] - rowCreInv = sheetCreInv.getRow(var): null

2020-01-17 09:18:58 - [TEST_STEP][PASSED] - rowUpdInv = sheetUpdInv.getRow(var): null

2020-01-17 09:18:58 - [TEST_STEP][PASSED] - rowPay = sheetPay.getRow(var): null

2020-01-17 09:18:58 - [TEST_STEP][PASSED] - today = new java.util.Date(): null

2020-01-17 09:18:58 - [TEST_STEP][PASSED] - todaysDate1 = today.format("mmm/dd/yy"): null

2020-01-17 09:18:58 - [TEST_STEP][PASSED] - todaysDate2 = today.format("dd/mm/yy"): null

2020-01-17 09:18:58 - [TEST_STEP][PASSED] - todaysDate3 = today.format("dd"): null

2020-01-17 09:18:58 - [TEST_STEP][PASSED] - nowTime = today.format("hhmm"): null

2020-01-17 09:18:58 - [TEST_STEP][PASSED] - setText(findTestObject("obj_login/input_user"), var_user): Text 'jegchavez@gmail.com' is set on object 'Object Repository/obj_login/input_user'

2020-01-17 09:18:58 - [MESSAGE][PASSED] - Text 'jegchavez@gmail.com' is set on object 'Object Repository/obj_login/input_user'

2020-01-17 09:18:58 - [TEST_STEP][PASSED] - setText(findTestObject("obj_login/input_pass"), var_pass): Text 'admin1' is set on object 'Object Repository/obj_login/input_pass'

2020-01-17 09:18:59 - [MESSAGE][PASSED] - Text 'admin1' is set on object 'Object Repository/obj_login/input_pass'

2020-01-17 09:18:59 - [TEST_STEP][PASSED] - verifyElementClickable(findTestObject("obj_login/btn_login")): Object 'Object Repository/obj_login/btn_login' is clickable

2020-01-17 09:18:59 - [MESSAGE][PASSED] - Object 'Object Repository/obj_login/btn_login' is clickable

2020-01-17 09:18:59 - [TEST_STEP][PASSED] - click(findTestObject("obj_login/btn_login")): Object: 'Object Repository/obj_login/btn_login' is clicked on

2020-01-17 09:19:00 - [MESSAGE][PASSED] - Object: 'Object Repository/obj_login/btn_login' is clicked on

2020-01-17 09:19:00 - [TEST_STEP][PASSED] - setText(findTestObject("obj_dashboard_emp/input_search"), var_parent): Text 'leongarzagarza@hotmail.com' is set on object 'Object Repository/obj_dashboard_emp/input_search'

2020-01-17 09:19:02 - [MESSAGE][PASSED] - Text 'leongarzagarza@hotmail.com' is set on object 'Object Repository/obj_dashboard_emp/input_search'

2020-01-17 09:19:02 - [TEST_STEP][PASSED] - click(findTestObject("obj_dashboard_emp/btn_accountSearch")): Object: 'Object Repository/obj_dashboard_emp/btn_accountSearch' is clicked on

2020-01-17 09:19:03 - [MESSAGE][PASSED] - Object: 'Object Repository/obj_dashboard_emp/btn_accountSearch' is clicked on

2020-01-17 09:19:03 - [TEST_STEP][PASSED] - click(findTestObject("obj_accountInformation/a_TEST GABRIEL PROD")): Object: 'Object Repository/obj_accountInformation/a_TEST GABRIEL PROD' is clicked on

2020-01-17 09:19:04 - [MESSAGE][PASSED] - Object: 'Object Repository/obj_accountInformation/a_TEST GABRIEL PROD' is clicked on

2020-01-17 09:19:04 - [TEST_STEP][PASSED] - click(findTestObject("obj_invoce/btn_createInvoice")): Object: 'Object Repository/obj_invoce/btn_createInvoice' is clicked on

2020-01-17 09:19:08 - [MESSAGE][PASSED] - Object: 'Object Repository/obj_invoce/btn_createInvoice' is clicked on

2020-01-17 09:19:08 - [TEST_STEP][PASSED] - if (arryPets.size() == 1): null

2020-01-17 09:19:08 - [TEST_STEP][PASSED] - click(findTestObject("obj_invoce/new_invoice/new_invoice_sub/btn_AddLineItem")): Object: 'Object Repository/obj_invoce/new_invoice/new_invoice_sub/btn_AddLineItem' is clicked on

2020-01-17 09:19:11 - [MESSAGE][PASSED] - Object: 'Object Repository/obj_invoce/new_invoice/new_invoice_sub/btn_AddLineItem' is clicked on

2020-01-17 09:19:11 - [TEST_STEP][PASSED] - delay(2): Delayed 2 second(s)

2020-01-17 09:19:13 - [MESSAGE][PASSED] - Delayed 2 second(s)

2020-01-17 09:19:13 - [TEST_STEP][PASSED] - click(findTestObject("obj_invoce/new_invoice/new_invoice_sub/a_Taxes ()_select2-choice_1")): Object: 'Object Repository/obj_invoce/new_invoice/new_invoice_sub/a_Taxes ()_select2-choice_1' is clicked on

2020-01-17 09:19:13 - [MESSAGE][PASSED] - Object: 'Object Repository/obj_invoce/new_invoice/new_invoice_sub/a_Taxes ()_select2-choice_1' is clicked on

2020-01-17 09:19:13 - [TEST_STEP][PASSED] - delay(2): Delayed 2 second(s)

2020-01-17 09:19:15 - [MESSAGE][PASSED] - Delayed 2 second(s)

2020-01-17 09:19:15 - [TEST_STEP][PASSED] - click(findTestObject("obj_invoce/new_invoice/new_invoice_sub/div_Zeus")): Object: 'Object Repository/obj_invoce/new_invoice/new_invoice_sub/div_Zeus' is clicked on

2020-01-17 09:19:16 - [MESSAGE][PASSED] - Object: 'Object Repository/obj_invoce/new_invoice/new_invoice_sub/div_Zeus' is clicked on

2020-01-17 09:19:16 - [TEST_STEP][NOT_RUN] - click(findTestObject("obj_invoce/new_invoice/new_invoice_sub/b")): NOT_RUN: click(findTestObject("obj_invoce/new_invoice/new_invoice_sub/b"))

2020-01-17 09:19:16 - [MESSAGE][NOT_RUN] - NOT_RUN: click(findTestObject("obj_invoce/new_invoice/new_invoice_sub/b"))

2020-01-17 09:19:16 - [TEST_STEP][NOT_RUN] - click(findTestObject("obj_invoce/new_invoice/new_invoice_sub/select_BOARDING_SUITEDAYCARE_SUITESPA_SUITE")): NOT_RUN: click(findTestObject("obj_invoce/new_invoice/new_invoice_sub/select_BOARDING_SUITEDAYCARE_SUITESPA_SUITE"))

2020-01-17 09:19:16 - [MESSAGE][NOT_RUN] - NOT_RUN: click(findTestObject("obj_invoce/new_invoice/new_invoice_sub/select_BOARDING_SUITEDAYCARE_SUITESPA_SUITE"))

2020-01-17 09:19:16 - [TEST_STEP][PASSED] - delay(2): Delayed 2 second(s)

2020-01-17 09:19:18 - [MESSAGE][PASSED] - Delayed 2 second(s)

2020-01-17 09:19:18 - [TEST_STEP][PASSED] - if (var_type == "BOARDING_SUITE"): Object: 'Object Repository/obj_invoce/new_invoice_ok_1/select_boarding' is clicked on

2020-01-17 09:19:18 - [TEST_STEP][PASSED] - click(findTestObject("obj_invoce/new_invoice_ok_1/select_boarding"), STOP_ON_FAILURE): Object: 'Object Repository/obj_invoce/new_invoice_ok_1/select_boarding' is clicked on

2020-01-17 09:19:18 - [MESSAGE][PASSED] - Object: 'Object Repository/obj_invoce/new_invoice_ok_1/select_boarding' is clicked on

2020-01-17 09:19:18 - [TEST_STEP][PASSED] - if (var_type == "DAYCARE_SUITE"): null

2020-01-17 09:19:18 - [TEST_STEP][PASSED] - if (var_type == "PACKAGE"): null

2020-01-17 09:19:18 - [TEST_STEP][PASSED] - delay(4): Delayed 4 second(s)

2020-01-17 09:19:22 - [MESSAGE][PASSED] - Delayed 4 second(s)

2020-01-17 09:19:22 - [TEST_STEP][PASSED] - sendKeys(findTestObject("obj_invoce/new_invoice/new_invoice_sub/input_Taxes_Item_1"), var_item): Keys 'Oasis Suite' sent to object: 'Object Repository/obj_invoce/new_invoice/new_invoice_sub/input_Taxes_Item_1'

2020-01-17 09:19:23 - [MESSAGE][PASSED] - Keys 'Oasis Suite' sent to object: 'Object Repository/obj_invoce/new_invoice/new_invoice_sub/input_Taxes_Item_1'

2020-01-17 09:19:23 - [TEST_STEP][PASSED] - delay(3): Delayed 3 second(s)

2020-01-17 09:19:26 - [MESSAGE][PASSED] - Delayed 3 second(s)

2020-01-17 09:19:26 - [TEST_STEP][PASSED] - sendKeys(findTestObject("obj_invoce/new_invoice/new_invoice_sub/input_Taxes_Item_1"), Keys.chord(ENTER)): Keys 'ENTER + ' sent to object: 'Object Repository/obj_invoce/new_invoice/new_invoice_sub/input_Taxes_Item_1'

2020-01-17 09:19:26 - [MESSAGE][PASSED] - Keys 'ENTER + ' sent to object: 'Object Repository/obj_invoce/new_invoice/new_invoice_sub/input_Taxes_Item_1'

2020-01-17 09:19:26 - [TEST_STEP][PASSED] - delay(3): Delayed 3 second(s)

2020-01-17 09:19:29 - [MESSAGE][PASSED] - Delayed 3 second(s)

2020-01-17 09:19:29 - [TEST_STEP][PASSED] - click(findTestObject("obj_invoce/new_invoice/new_invoice_sub/button_Save_Taxe")): Object: 'Object Repository/obj_invoce/new_invoice/new_invoice_sub/button_Save_Taxe' is clicked on

2020-01-17 09:19:29 - [MESSAGE][PASSED] - Object: 'Object Repository/obj_invoce/new_invoice/new_invoice_sub/button_Save_Taxe' is clicked on

2020-01-17 09:19:29 - [TEST_STEP][PASSED] - delay(2): Delayed 2 second(s)

2020-01-17 09:19:31 - [MESSAGE][PASSED] - Delayed 2 second(s)

2020-01-17 09:19:31 - [TEST_STEP][PASSED] - cellIdRow = rowUpdInv.createCell(0, 0): null]]></system-out>
         <system-err><![CDATA[2020-01-17 09:18:54 - [TEST_CASE][ERROR] - Test Cases/p4p_3_createInvoce_ok_spy: Test Cases/p4p_3_createInvoce_ok_spy FAILED.
Reason:
java.lang.NullPointerException: Cannot invoke method createCell() on null object
	at p4p_3_createInvoce_ok_spy.run(p4p_3_createInvoce_ok_spy:92)
	at com.kms.katalon.core.main.ScriptEngine.run(ScriptEngine.java:194)
	at com.kms.katalon.core.main.ScriptEngine.runScriptAsRawText(ScriptEngine.java:119)
	at com.kms.katalon.core.main.TestCaseExecutor.runScript(TestCaseExecutor.java:337)
	at com.kms.katalon.core.main.TestCaseExecutor.doExecute(TestCaseExecutor.java:328)
	at com.kms.katalon.core.main.TestCaseExecutor.processExecutionPhase(TestCaseExecutor.java:307)
	at com.kms.katalon.core.main.TestCaseExecutor.accessMainPhase(TestCaseExecutor.java:299)
	at com.kms.katalon.core.main.TestCaseExecutor.execute(TestCaseExecutor.java:233)
	at com.kms.katalon.core.main.TestSuiteExecutor.accessTestCaseMainPhase(TestSuiteExecutor.java:169)
	at com.kms.katalon.core.main.TestSuiteExecutor.accessTestSuiteMainPhase(TestSuiteExecutor.java:142)
	at com.kms.katalon.core.main.TestSuiteExecutor.execute(TestSuiteExecutor.java:91)
	at com.kms.katalon.core.main.TestCaseMain.startTestSuite(TestCaseMain.java:157)
	at com.kms.katalon.core.main.TestCaseMain$startTestSuite$0.call(Unknown Source)
	at TempTestSuite1579274333059.run(TempTestSuite1579274333059.groovy:36)]]></system-err>
      </testcase>
      <testcase name="Test Cases/p4p_3_createInvoce_ok_spy" time="34.803" classname="Test Cases/p4p_3_createInvoce_ok_spy" status="ERROR">
         <error type="ERROR" message="Test Cases/p4p_3_createInvoce_ok_spy FAILED.
Reason:
java.lang.NullPointerException: Cannot invoke method createCell() on null object
	at p4p_3_createInvoce_ok_spy.run(p4p_3_createInvoce_ok_spy:92)
	at com.kms.katalon.core.main.ScriptEngine.run(ScriptEngine.java:194)
	at com.kms.katalon.core.main.ScriptEngine.runScriptAsRawText(ScriptEngine.java:119)
	at com.kms.katalon.core.main.TestCaseExecutor.runScript(TestCaseExecutor.java:337)
	at com.kms.katalon.core.main.TestCaseExecutor.doExecute(TestCaseExecutor.java:328)
	at com.kms.katalon.core.main.TestCaseExecutor.processExecutionPhase(TestCaseExecutor.java:307)
	at com.kms.katalon.core.main.TestCaseExecutor.accessMainPhase(TestCaseExecutor.java:299)
	at com.kms.katalon.core.main.TestCaseExecutor.execute(TestCaseExecutor.java:233)
	at com.kms.katalon.core.main.TestSuiteExecutor.accessTestCaseMainPhase(TestSuiteExecutor.java:169)
	at com.kms.katalon.core.main.TestSuiteExecutor.accessTestSuiteMainPhase(TestSuiteExecutor.java:142)
	at com.kms.katalon.core.main.TestSuiteExecutor.execute(TestSuiteExecutor.java:91)
	at com.kms.katalon.core.main.TestCaseMain.startTestSuite(TestCaseMain.java:157)
	at com.kms.katalon.core.main.TestCaseMain$startTestSuite$0.call(Unknown Source)
	at TempTestSuite1579274333059.run(TempTestSuite1579274333059.groovy:36)
"/>
         <system-out><![CDATA[2020-01-17 09:19:31 - [TEST_CASE][ERROR] - Test Cases/p4p_3_createInvoce_ok_spy: Test Cases/p4p_3_createInvoce_ok_spy FAILED.
Reason:
java.lang.NullPointerException: Cannot invoke method createCell() on null object
	at p4p_3_createInvoce_ok_spy.run(p4p_3_createInvoce_ok_spy:92)
	at com.kms.katalon.core.main.ScriptEngine.run(ScriptEngine.java:194)
	at com.kms.katalon.core.main.ScriptEngine.runScriptAsRawText(ScriptEngine.java:119)
	at com.kms.katalon.core.main.TestCaseExecutor.runScript(TestCaseExecutor.java:337)
	at com.kms.katalon.core.main.TestCaseExecutor.doExecute(TestCaseExecutor.java:328)
	at com.kms.katalon.core.main.TestCaseExecutor.processExecutionPhase(TestCaseExecutor.java:307)
	at com.kms.katalon.core.main.TestCaseExecutor.accessMainPhase(TestCaseExecutor.java:299)
	at com.kms.katalon.core.main.TestCaseExecutor.execute(TestCaseExecutor.java:233)
	at com.kms.katalon.core.main.TestSuiteExecutor.accessTestCaseMainPhase(TestSuiteExecutor.java:169)
	at com.kms.katalon.core.main.TestSuiteExecutor.accessTestSuiteMainPhase(TestSuiteExecutor.java:142)
	at com.kms.katalon.core.main.TestSuiteExecutor.execute(TestSuiteExecutor.java:91)
	at com.kms.katalon.core.main.TestCaseMain.startTestSuite(TestCaseMain.java:157)
	at com.kms.katalon.core.main.TestCaseMain$startTestSuite$0.call(Unknown Source)
	at TempTestSuite1579274333059.run(TempTestSuite1579274333059.groovy:36)


2020-01-17 09:19:31 - [TEST_STEP][PASSED] - openBrowser("https://p4p-qa-bg.aws.paradise4paws.com/login/"): Browser is opened with url: 'https://p4p-qa-bg.aws.paradise4paws.com/login/'

2020-01-17 09:19:31 - [MESSAGE][WARNING] - A browser is already opened. Closing browser and opening a new one

2020-01-17 09:19:31 - [MESSAGE][INFO] - Starting 'Chrome' driver

2020-01-17 09:19:33 - [MESSAGE][PASSED] - Browser is opened with url: 'https://p4p-qa-bg.aws.paradise4paws.com/login/'

2020-01-17 09:19:33 - [TEST_STEP][PASSED] - maximizeWindow(): Current window maximized

2020-01-17 09:19:33 - [MESSAGE][PASSED] - Current window maximized

2020-01-17 09:19:33 - [TEST_STEP][PASSED] - arryPets = var_pets.split(","): null

2020-01-17 09:19:33 - [TEST_STEP][PASSED] - flagBoar = "0": null

2020-01-17 09:19:33 - [TEST_STEP][PASSED] - log = new com.kms.katalon.core.logging.KeywordLogger(): null

2020-01-17 09:19:33 - [TEST_STEP][PASSED] - fisCreInv = new java.io.FileInputStream(/home/leonardo-arkusmty/Desktop/P4P/DATA_AUTOMATINTESTING/data_3createInvoice.xlsx): null

2020-01-17 09:19:33 - [TEST_STEP][PASSED] - fisUpdInv = new java.io.FileInputStream(/home/leonardo-arkusmty/Desktop/P4P/DATA_AUTOMATINTESTING/data_3updateDeleteInvoice.xlsx): null

2020-01-17 09:19:33 - [TEST_STEP][PASSED] - fisPay = new java.io.FileInputStream(/home/leonardo-arkusmty/Desktop/P4P/DATA_AUTOMATINTESTING/data_4payment.xlsx): null

2020-01-17 09:19:33 - [TEST_STEP][PASSED] - workbookCreInv = new org.apache.poi.xssf.usermodel.XSSFWorkbook(fisCreInv): null

2020-01-17 09:19:33 - [TEST_STEP][PASSED] - workbookUpdInv = new org.apache.poi.xssf.usermodel.XSSFWorkbook(fisUpdInv): null

2020-01-17 09:19:33 - [TEST_STEP][PASSED] - workbookPay = new org.apache.poi.xssf.usermodel.XSSFWorkbook(fisPay): null

2020-01-17 09:19:33 - [TEST_STEP][PASSED] - sheetCreInv = workbookCreInv.getSheet("Sheet1"): null

2020-01-17 09:19:33 - [TEST_STEP][PASSED] - sheetUpdInv = workbookUpdInv.getSheet("Sheet1"): null

2020-01-17 09:19:33 - [TEST_STEP][PASSED] - sheetPay = workbookPay.getSheet("Sheet1"): null

2020-01-17 09:19:33 - [TEST_STEP][PASSED] - var = Integer.parseInt(var_idRowRes): null

2020-01-17 09:19:33 - [TEST_STEP][PASSED] - rowCreInv = sheetCreInv.getRow(var): null

2020-01-17 09:19:33 - [TEST_STEP][PASSED] - rowUpdInv = sheetUpdInv.getRow(var): null

2020-01-17 09:19:33 - [TEST_STEP][PASSED] - rowPay = sheetPay.getRow(var): null

2020-01-17 09:19:33 - [TEST_STEP][PASSED] - today = new java.util.Date(): null

2020-01-17 09:19:33 - [TEST_STEP][PASSED] - todaysDate1 = today.format("mmm/dd/yy"): null

2020-01-17 09:19:33 - [TEST_STEP][PASSED] - todaysDate2 = today.format("dd/mm/yy"): null

2020-01-17 09:19:33 - [TEST_STEP][PASSED] - todaysDate3 = today.format("dd"): null

2020-01-17 09:19:33 - [TEST_STEP][PASSED] - nowTime = today.format("hhmm"): null

2020-01-17 09:19:33 - [TEST_STEP][PASSED] - setText(findTestObject("obj_login/input_user"), var_user): Text 'jegchavez@gmail.com' is set on object 'Object Repository/obj_login/input_user'

2020-01-17 09:19:34 - [MESSAGE][PASSED] - Text 'jegchavez@gmail.com' is set on object 'Object Repository/obj_login/input_user'

2020-01-17 09:19:34 - [TEST_STEP][PASSED] - setText(findTestObject("obj_login/input_pass"), var_pass): Text 'admin1' is set on object 'Object Repository/obj_login/input_pass'

2020-01-17 09:19:34 - [MESSAGE][PASSED] - Text 'admin1' is set on object 'Object Repository/obj_login/input_pass'

2020-01-17 09:19:34 - [TEST_STEP][PASSED] - verifyElementClickable(findTestObject("obj_login/btn_login")): Object 'Object Repository/obj_login/btn_login' is clickable

2020-01-17 09:19:35 - [MESSAGE][PASSED] - Object 'Object Repository/obj_login/btn_login' is clickable

2020-01-17 09:19:35 - [TEST_STEP][PASSED] - click(findTestObject("obj_login/btn_login")): Object: 'Object Repository/obj_login/btn_login' is clicked on

2020-01-17 09:19:36 - [MESSAGE][PASSED] - Object: 'Object Repository/obj_login/btn_login' is clicked on

2020-01-17 09:19:36 - [TEST_STEP][PASSED] - setText(findTestObject("obj_dashboard_emp/input_search"), var_parent): Text 'leongarzagarza@hotmail.com' is set on object 'Object Repository/obj_dashboard_emp/input_search'

2020-01-17 09:19:37 - [MESSAGE][PASSED] - Text 'leongarzagarza@hotmail.com' is set on object 'Object Repository/obj_dashboard_emp/input_search'

2020-01-17 09:19:37 - [TEST_STEP][PASSED] - click(findTestObject("obj_dashboard_emp/btn_accountSearch")): Object: 'Object Repository/obj_dashboard_emp/btn_accountSearch' is clicked on

2020-01-17 09:19:38 - [MESSAGE][PASSED] - Object: 'Object Repository/obj_dashboard_emp/btn_accountSearch' is clicked on

2020-01-17 09:19:38 - [TEST_STEP][PASSED] - click(findTestObject("obj_accountInformation/a_TEST GABRIEL PROD")): Object: 'Object Repository/obj_accountInformation/a_TEST GABRIEL PROD' is clicked on

2020-01-17 09:19:39 - [MESSAGE][PASSED] - Object: 'Object Repository/obj_accountInformation/a_TEST GABRIEL PROD' is clicked on

2020-01-17 09:19:39 - [TEST_STEP][PASSED] - click(findTestObject("obj_invoce/btn_createInvoice")): Object: 'Object Repository/obj_invoce/btn_createInvoice' is clicked on

2020-01-17 09:19:43 - [MESSAGE][PASSED] - Object: 'Object Repository/obj_invoce/btn_createInvoice' is clicked on

2020-01-17 09:19:43 - [TEST_STEP][PASSED] - if (arryPets.size() == 1): null

2020-01-17 09:19:43 - [TEST_STEP][PASSED] - click(findTestObject("obj_invoce/new_invoice/new_invoice_sub/btn_AddLineItem")): Object: 'Object Repository/obj_invoce/new_invoice/new_invoice_sub/btn_AddLineItem' is clicked on

2020-01-17 09:19:46 - [MESSAGE][PASSED] - Object: 'Object Repository/obj_invoce/new_invoice/new_invoice_sub/btn_AddLineItem' is clicked on

2020-01-17 09:19:46 - [TEST_STEP][PASSED] - delay(2): Delayed 2 second(s)

2020-01-17 09:19:48 - [MESSAGE][PASSED] - Delayed 2 second(s)

2020-01-17 09:19:48 - [TEST_STEP][PASSED] - click(findTestObject("obj_invoce/new_invoice/new_invoice_sub/a_Taxes ()_select2-choice_1")): Object: 'Object Repository/obj_invoce/new_invoice/new_invoice_sub/a_Taxes ()_select2-choice_1' is clicked on

2020-01-17 09:19:48 - [MESSAGE][PASSED] - Object: 'Object Repository/obj_invoce/new_invoice/new_invoice_sub/a_Taxes ()_select2-choice_1' is clicked on

2020-01-17 09:19:48 - [TEST_STEP][PASSED] - delay(2): Delayed 2 second(s)

2020-01-17 09:19:50 - [MESSAGE][PASSED] - Delayed 2 second(s)

2020-01-17 09:19:50 - [TEST_STEP][PASSED] - click(findTestObject("obj_invoce/new_invoice/new_invoice_sub/div_Zeus")): Object: 'Object Repository/obj_invoce/new_invoice/new_invoice_sub/div_Zeus' is clicked on

2020-01-17 09:19:50 - [MESSAGE][PASSED] - Object: 'Object Repository/obj_invoce/new_invoice/new_invoice_sub/div_Zeus' is clicked on

2020-01-17 09:19:50 - [TEST_STEP][NOT_RUN] - click(findTestObject("obj_invoce/new_invoice/new_invoice_sub/b")): NOT_RUN: click(findTestObject("obj_invoce/new_invoice/new_invoice_sub/b"))

2020-01-17 09:19:50 - [MESSAGE][NOT_RUN] - NOT_RUN: click(findTestObject("obj_invoce/new_invoice/new_invoice_sub/b"))

2020-01-17 09:19:50 - [TEST_STEP][NOT_RUN] - click(findTestObject("obj_invoce/new_invoice/new_invoice_sub/select_BOARDING_SUITEDAYCARE_SUITESPA_SUITE")): NOT_RUN: click(findTestObject("obj_invoce/new_invoice/new_invoice_sub/select_BOARDING_SUITEDAYCARE_SUITESPA_SUITE"))

2020-01-17 09:19:50 - [MESSAGE][NOT_RUN] - NOT_RUN: click(findTestObject("obj_invoce/new_invoice/new_invoice_sub/select_BOARDING_SUITEDAYCARE_SUITESPA_SUITE"))

2020-01-17 09:19:50 - [TEST_STEP][PASSED] - delay(2): Delayed 2 second(s)

2020-01-17 09:19:52 - [MESSAGE][PASSED] - Delayed 2 second(s)

2020-01-17 09:19:52 - [TEST_STEP][PASSED] - if (var_type == "BOARDING_SUITE"): null

2020-01-17 09:19:52 - [TEST_STEP][PASSED] - if (var_type == "DAYCARE_SUITE"): Object: 'Object Repository/obj_invoce/new_invoice_ok_1/select_day' is clicked on

2020-01-17 09:19:52 - [TEST_STEP][PASSED] - click(findTestObject("obj_invoce/new_invoice_ok_1/select_day"), STOP_ON_FAILURE): Object: 'Object Repository/obj_invoce/new_invoice_ok_1/select_day' is clicked on

2020-01-17 09:19:53 - [MESSAGE][PASSED] - Object: 'Object Repository/obj_invoce/new_invoice_ok_1/select_day' is clicked on

2020-01-17 09:19:53 - [TEST_STEP][PASSED] - if (var_type == "PACKAGE"): null

2020-01-17 09:19:53 - [TEST_STEP][PASSED] - delay(4): Delayed 4 second(s)

2020-01-17 09:19:57 - [MESSAGE][PASSED] - Delayed 4 second(s)

2020-01-17 09:19:57 - [TEST_STEP][PASSED] - sendKeys(findTestObject("obj_invoce/new_invoice/new_invoice_sub/input_Taxes_Item_1"), var_item): Keys 'Half Day of Daycare' sent to object: 'Object Repository/obj_invoce/new_invoice/new_invoice_sub/input_Taxes_Item_1'

2020-01-17 09:19:57 - [MESSAGE][PASSED] - Keys 'Half Day of Daycare' sent to object: 'Object Repository/obj_invoce/new_invoice/new_invoice_sub/input_Taxes_Item_1'

2020-01-17 09:19:57 - [TEST_STEP][PASSED] - delay(3): Delayed 3 second(s)

2020-01-17 09:20:00 - [MESSAGE][PASSED] - Delayed 3 second(s)

2020-01-17 09:20:00 - [TEST_STEP][PASSED] - sendKeys(findTestObject("obj_invoce/new_invoice/new_invoice_sub/input_Taxes_Item_1"), Keys.chord(ENTER)): Keys 'ENTER + ' sent to object: 'Object Repository/obj_invoce/new_invoice/new_invoice_sub/input_Taxes_Item_1'

2020-01-17 09:20:01 - [MESSAGE][PASSED] - Keys 'ENTER + ' sent to object: 'Object Repository/obj_invoce/new_invoice/new_invoice_sub/input_Taxes_Item_1'

2020-01-17 09:20:01 - [TEST_STEP][PASSED] - delay(3): Delayed 3 second(s)

2020-01-17 09:20:04 - [MESSAGE][PASSED] - Delayed 3 second(s)

2020-01-17 09:20:04 - [TEST_STEP][PASSED] - click(findTestObject("obj_invoce/new_invoice/new_invoice_sub/button_Save_Taxe")): Object: 'Object Repository/obj_invoce/new_invoice/new_invoice_sub/button_Save_Taxe' is clicked on

2020-01-17 09:20:04 - [MESSAGE][PASSED] - Object: 'Object Repository/obj_invoce/new_invoice/new_invoice_sub/button_Save_Taxe' is clicked on

2020-01-17 09:20:04 - [TEST_STEP][PASSED] - delay(2): Delayed 2 second(s)

2020-01-17 09:20:06 - [MESSAGE][PASSED] - Delayed 2 second(s)

2020-01-17 09:20:06 - [TEST_STEP][PASSED] - cellIdRow = rowUpdInv.createCell(0, 0): null]]></system-out>
         <system-err><![CDATA[2020-01-17 09:19:31 - [TEST_CASE][ERROR] - Test Cases/p4p_3_createInvoce_ok_spy: Test Cases/p4p_3_createInvoce_ok_spy FAILED.
Reason:
java.lang.NullPointerException: Cannot invoke method createCell() on null object
	at p4p_3_createInvoce_ok_spy.run(p4p_3_createInvoce_ok_spy:92)
	at com.kms.katalon.core.main.ScriptEngine.run(ScriptEngine.java:194)
	at com.kms.katalon.core.main.ScriptEngine.runScriptAsRawText(ScriptEngine.java:119)
	at com.kms.katalon.core.main.TestCaseExecutor.runScript(TestCaseExecutor.java:337)
	at com.kms.katalon.core.main.TestCaseExecutor.doExecute(TestCaseExecutor.java:328)
	at com.kms.katalon.core.main.TestCaseExecutor.processExecutionPhase(TestCaseExecutor.java:307)
	at com.kms.katalon.core.main.TestCaseExecutor.accessMainPhase(TestCaseExecutor.java:299)
	at com.kms.katalon.core.main.TestCaseExecutor.execute(TestCaseExecutor.java:233)
	at com.kms.katalon.core.main.TestSuiteExecutor.accessTestCaseMainPhase(TestSuiteExecutor.java:169)
	at com.kms.katalon.core.main.TestSuiteExecutor.accessTestSuiteMainPhase(TestSuiteExecutor.java:142)
	at com.kms.katalon.core.main.TestSuiteExecutor.execute(TestSuiteExecutor.java:91)
	at com.kms.katalon.core.main.TestCaseMain.startTestSuite(TestCaseMain.java:157)
	at com.kms.katalon.core.main.TestCaseMain$startTestSuite$0.call(Unknown Source)
	at TempTestSuite1579274333059.run(TempTestSuite1579274333059.groovy:36)]]></system-err>
      </testcase>
      <testcase name="Test Cases/p4p_3_createInvoce_ok_spy" time="34.933" classname="Test Cases/p4p_3_createInvoce_ok_spy" status="ERROR">
         <error type="ERROR" message="Test Cases/p4p_3_createInvoce_ok_spy FAILED.
Reason:
java.lang.NullPointerException: Cannot invoke method createCell() on null object
	at p4p_3_createInvoce_ok_spy.run(p4p_3_createInvoce_ok_spy:92)
	at com.kms.katalon.core.main.ScriptEngine.run(ScriptEngine.java:194)
	at com.kms.katalon.core.main.ScriptEngine.runScriptAsRawText(ScriptEngine.java:119)
	at com.kms.katalon.core.main.TestCaseExecutor.runScript(TestCaseExecutor.java:337)
	at com.kms.katalon.core.main.TestCaseExecutor.doExecute(TestCaseExecutor.java:328)
	at com.kms.katalon.core.main.TestCaseExecutor.processExecutionPhase(TestCaseExecutor.java:307)
	at com.kms.katalon.core.main.TestCaseExecutor.accessMainPhase(TestCaseExecutor.java:299)
	at com.kms.katalon.core.main.TestCaseExecutor.execute(TestCaseExecutor.java:233)
	at com.kms.katalon.core.main.TestSuiteExecutor.accessTestCaseMainPhase(TestSuiteExecutor.java:169)
	at com.kms.katalon.core.main.TestSuiteExecutor.accessTestSuiteMainPhase(TestSuiteExecutor.java:142)
	at com.kms.katalon.core.main.TestSuiteExecutor.execute(TestSuiteExecutor.java:91)
	at com.kms.katalon.core.main.TestCaseMain.startTestSuite(TestCaseMain.java:157)
	at com.kms.katalon.core.main.TestCaseMain$startTestSuite$0.call(Unknown Source)
	at TempTestSuite1579274333059.run(TempTestSuite1579274333059.groovy:36)
"/>
         <system-out><![CDATA[2020-01-17 09:20:06 - [TEST_CASE][ERROR] - Test Cases/p4p_3_createInvoce_ok_spy: Test Cases/p4p_3_createInvoce_ok_spy FAILED.
Reason:
java.lang.NullPointerException: Cannot invoke method createCell() on null object
	at p4p_3_createInvoce_ok_spy.run(p4p_3_createInvoce_ok_spy:92)
	at com.kms.katalon.core.main.ScriptEngine.run(ScriptEngine.java:194)
	at com.kms.katalon.core.main.ScriptEngine.runScriptAsRawText(ScriptEngine.java:119)
	at com.kms.katalon.core.main.TestCaseExecutor.runScript(TestCaseExecutor.java:337)
	at com.kms.katalon.core.main.TestCaseExecutor.doExecute(TestCaseExecutor.java:328)
	at com.kms.katalon.core.main.TestCaseExecutor.processExecutionPhase(TestCaseExecutor.java:307)
	at com.kms.katalon.core.main.TestCaseExecutor.accessMainPhase(TestCaseExecutor.java:299)
	at com.kms.katalon.core.main.TestCaseExecutor.execute(TestCaseExecutor.java:233)
	at com.kms.katalon.core.main.TestSuiteExecutor.accessTestCaseMainPhase(TestSuiteExecutor.java:169)
	at com.kms.katalon.core.main.TestSuiteExecutor.accessTestSuiteMainPhase(TestSuiteExecutor.java:142)
	at com.kms.katalon.core.main.TestSuiteExecutor.execute(TestSuiteExecutor.java:91)
	at com.kms.katalon.core.main.TestCaseMain.startTestSuite(TestCaseMain.java:157)
	at com.kms.katalon.core.main.TestCaseMain$startTestSuite$0.call(Unknown Source)
	at TempTestSuite1579274333059.run(TempTestSuite1579274333059.groovy:36)


2020-01-17 09:20:06 - [TEST_STEP][PASSED] - openBrowser("https://p4p-qa-bg.aws.paradise4paws.com/login/"): Browser is opened with url: 'https://p4p-qa-bg.aws.paradise4paws.com/login/'

2020-01-17 09:20:06 - [MESSAGE][WARNING] - A browser is already opened. Closing browser and opening a new one

2020-01-17 09:20:06 - [MESSAGE][INFO] - Starting 'Chrome' driver

2020-01-17 09:20:08 - [MESSAGE][PASSED] - Browser is opened with url: 'https://p4p-qa-bg.aws.paradise4paws.com/login/'

2020-01-17 09:20:08 - [TEST_STEP][PASSED] - maximizeWindow(): Current window maximized

2020-01-17 09:20:08 - [MESSAGE][PASSED] - Current window maximized

2020-01-17 09:20:08 - [TEST_STEP][PASSED] - arryPets = var_pets.split(","): null

2020-01-17 09:20:08 - [TEST_STEP][PASSED] - flagBoar = "0": null

2020-01-17 09:20:08 - [TEST_STEP][PASSED] - log = new com.kms.katalon.core.logging.KeywordLogger(): null

2020-01-17 09:20:08 - [TEST_STEP][PASSED] - fisCreInv = new java.io.FileInputStream(/home/leonardo-arkusmty/Desktop/P4P/DATA_AUTOMATINTESTING/data_3createInvoice.xlsx): null

2020-01-17 09:20:08 - [TEST_STEP][PASSED] - fisUpdInv = new java.io.FileInputStream(/home/leonardo-arkusmty/Desktop/P4P/DATA_AUTOMATINTESTING/data_3updateDeleteInvoice.xlsx): null

2020-01-17 09:20:08 - [TEST_STEP][PASSED] - fisPay = new java.io.FileInputStream(/home/leonardo-arkusmty/Desktop/P4P/DATA_AUTOMATINTESTING/data_4payment.xlsx): null

2020-01-17 09:20:08 - [TEST_STEP][PASSED] - workbookCreInv = new org.apache.poi.xssf.usermodel.XSSFWorkbook(fisCreInv): null

2020-01-17 09:20:08 - [TEST_STEP][PASSED] - workbookUpdInv = new org.apache.poi.xssf.usermodel.XSSFWorkbook(fisUpdInv): null

2020-01-17 09:20:08 - [TEST_STEP][PASSED] - workbookPay = new org.apache.poi.xssf.usermodel.XSSFWorkbook(fisPay): null

2020-01-17 09:20:08 - [TEST_STEP][PASSED] - sheetCreInv = workbookCreInv.getSheet("Sheet1"): null

2020-01-17 09:20:08 - [TEST_STEP][PASSED] - sheetUpdInv = workbookUpdInv.getSheet("Sheet1"): null

2020-01-17 09:20:08 - [TEST_STEP][PASSED] - sheetPay = workbookPay.getSheet("Sheet1"): null

2020-01-17 09:20:08 - [TEST_STEP][PASSED] - var = Integer.parseInt(var_idRowRes): null

2020-01-17 09:20:08 - [TEST_STEP][PASSED] - rowCreInv = sheetCreInv.getRow(var): null

2020-01-17 09:20:08 - [TEST_STEP][PASSED] - rowUpdInv = sheetUpdInv.getRow(var): null

2020-01-17 09:20:08 - [TEST_STEP][PASSED] - rowPay = sheetPay.getRow(var): null

2020-01-17 09:20:08 - [TEST_STEP][PASSED] - today = new java.util.Date(): null

2020-01-17 09:20:08 - [TEST_STEP][PASSED] - todaysDate1 = today.format("mmm/dd/yy"): null

2020-01-17 09:20:08 - [TEST_STEP][PASSED] - todaysDate2 = today.format("dd/mm/yy"): null

2020-01-17 09:20:08 - [TEST_STEP][PASSED] - todaysDate3 = today.format("dd"): null

2020-01-17 09:20:08 - [TEST_STEP][PASSED] - nowTime = today.format("hhmm"): null

2020-01-17 09:20:08 - [TEST_STEP][PASSED] - setText(findTestObject("obj_login/input_user"), var_user): Text 'jegchavez@gmail.com' is set on object 'Object Repository/obj_login/input_user'

2020-01-17 09:20:09 - [MESSAGE][PASSED] - Text 'jegchavez@gmail.com' is set on object 'Object Repository/obj_login/input_user'

2020-01-17 09:20:09 - [TEST_STEP][PASSED] - setText(findTestObject("obj_login/input_pass"), var_pass): Text 'admin1' is set on object 'Object Repository/obj_login/input_pass'

2020-01-17 09:20:09 - [MESSAGE][PASSED] - Text 'admin1' is set on object 'Object Repository/obj_login/input_pass'

2020-01-17 09:20:09 - [TEST_STEP][PASSED] - verifyElementClickable(findTestObject("obj_login/btn_login")): Object 'Object Repository/obj_login/btn_login' is clickable

2020-01-17 09:20:10 - [MESSAGE][PASSED] - Object 'Object Repository/obj_login/btn_login' is clickable

2020-01-17 09:20:10 - [TEST_STEP][PASSED] - click(findTestObject("obj_login/btn_login")): Object: 'Object Repository/obj_login/btn_login' is clicked on

2020-01-17 09:20:11 - [MESSAGE][PASSED] - Object: 'Object Repository/obj_login/btn_login' is clicked on

2020-01-17 09:20:11 - [TEST_STEP][PASSED] - setText(findTestObject("obj_dashboard_emp/input_search"), var_parent): Text 'leongarzagarza@hotmail.com' is set on object 'Object Repository/obj_dashboard_emp/input_search'

2020-01-17 09:20:12 - [MESSAGE][PASSED] - Text 'leongarzagarza@hotmail.com' is set on object 'Object Repository/obj_dashboard_emp/input_search'

2020-01-17 09:20:12 - [TEST_STEP][PASSED] - click(findTestObject("obj_dashboard_emp/btn_accountSearch")): Object: 'Object Repository/obj_dashboard_emp/btn_accountSearch' is clicked on

2020-01-17 09:20:13 - [MESSAGE][PASSED] - Object: 'Object Repository/obj_dashboard_emp/btn_accountSearch' is clicked on

2020-01-17 09:20:13 - [TEST_STEP][PASSED] - click(findTestObject("obj_accountInformation/a_TEST GABRIEL PROD")): Object: 'Object Repository/obj_accountInformation/a_TEST GABRIEL PROD' is clicked on

2020-01-17 09:20:15 - [MESSAGE][PASSED] - Object: 'Object Repository/obj_accountInformation/a_TEST GABRIEL PROD' is clicked on

2020-01-17 09:20:15 - [TEST_STEP][PASSED] - click(findTestObject("obj_invoce/btn_createInvoice")): Object: 'Object Repository/obj_invoce/btn_createInvoice' is clicked on

2020-01-17 09:20:18 - [MESSAGE][PASSED] - Object: 'Object Repository/obj_invoce/btn_createInvoice' is clicked on

2020-01-17 09:20:18 - [TEST_STEP][PASSED] - if (arryPets.size() == 1): null

2020-01-17 09:20:18 - [TEST_STEP][PASSED] - click(findTestObject("obj_invoce/new_invoice/new_invoice_sub/btn_AddLineItem")): Object: 'Object Repository/obj_invoce/new_invoice/new_invoice_sub/btn_AddLineItem' is clicked on

2020-01-17 09:20:21 - [MESSAGE][PASSED] - Object: 'Object Repository/obj_invoce/new_invoice/new_invoice_sub/btn_AddLineItem' is clicked on

2020-01-17 09:20:21 - [TEST_STEP][PASSED] - delay(2): Delayed 2 second(s)

2020-01-17 09:20:23 - [MESSAGE][PASSED] - Delayed 2 second(s)

2020-01-17 09:20:23 - [TEST_STEP][PASSED] - click(findTestObject("obj_invoce/new_invoice/new_invoice_sub/a_Taxes ()_select2-choice_1")): Object: 'Object Repository/obj_invoce/new_invoice/new_invoice_sub/a_Taxes ()_select2-choice_1' is clicked on

2020-01-17 09:20:23 - [MESSAGE][PASSED] - Object: 'Object Repository/obj_invoce/new_invoice/new_invoice_sub/a_Taxes ()_select2-choice_1' is clicked on

2020-01-17 09:20:23 - [TEST_STEP][PASSED] - delay(2): Delayed 2 second(s)

2020-01-17 09:20:25 - [MESSAGE][PASSED] - Delayed 2 second(s)

2020-01-17 09:20:25 - [TEST_STEP][PASSED] - click(findTestObject("obj_invoce/new_invoice/new_invoice_sub/div_Zeus")): Object: 'Object Repository/obj_invoce/new_invoice/new_invoice_sub/div_Zeus' is clicked on

2020-01-17 09:20:25 - [MESSAGE][PASSED] - Object: 'Object Repository/obj_invoce/new_invoice/new_invoice_sub/div_Zeus' is clicked on

2020-01-17 09:20:25 - [TEST_STEP][NOT_RUN] - click(findTestObject("obj_invoce/new_invoice/new_invoice_sub/b")): NOT_RUN: click(findTestObject("obj_invoce/new_invoice/new_invoice_sub/b"))

2020-01-17 09:20:25 - [MESSAGE][NOT_RUN] - NOT_RUN: click(findTestObject("obj_invoce/new_invoice/new_invoice_sub/b"))

2020-01-17 09:20:25 - [TEST_STEP][NOT_RUN] - click(findTestObject("obj_invoce/new_invoice/new_invoice_sub/select_BOARDING_SUITEDAYCARE_SUITESPA_SUITE")): NOT_RUN: click(findTestObject("obj_invoce/new_invoice/new_invoice_sub/select_BOARDING_SUITEDAYCARE_SUITESPA_SUITE"))

2020-01-17 09:20:25 - [MESSAGE][NOT_RUN] - NOT_RUN: click(findTestObject("obj_invoce/new_invoice/new_invoice_sub/select_BOARDING_SUITEDAYCARE_SUITESPA_SUITE"))

2020-01-17 09:20:25 - [TEST_STEP][PASSED] - delay(2): Delayed 2 second(s)

2020-01-17 09:20:27 - [MESSAGE][PASSED] - Delayed 2 second(s)

2020-01-17 09:20:27 - [TEST_STEP][PASSED] - if (var_type == "BOARDING_SUITE"): null

2020-01-17 09:20:27 - [TEST_STEP][PASSED] - if (var_type == "DAYCARE_SUITE"): null

2020-01-17 09:20:27 - [TEST_STEP][PASSED] - if (var_type == "PACKAGE"): Object: 'Object Repository/obj_invoce/new_invoice_ok_1/select_package' is clicked on

2020-01-17 09:20:27 - [TEST_STEP][PASSED] - click(findTestObject("obj_invoce/new_invoice_ok_1/select_package"), STOP_ON_FAILURE): Object: 'Object Repository/obj_invoce/new_invoice_ok_1/select_package' is clicked on

2020-01-17 09:20:28 - [MESSAGE][PASSED] - Object: 'Object Repository/obj_invoce/new_invoice_ok_1/select_package' is clicked on

2020-01-17 09:20:28 - [TEST_STEP][PASSED] - delay(4): Delayed 4 second(s)

2020-01-17 09:20:32 - [MESSAGE][PASSED] - Delayed 4 second(s)

2020-01-17 09:20:32 - [TEST_STEP][PASSED] - sendKeys(findTestObject("obj_invoce/new_invoice/new_invoice_sub/input_Taxes_Item_1"), var_item): Keys 'M2M Monthly Membership' sent to object: 'Object Repository/obj_invoce/new_invoice/new_invoice_sub/input_Taxes_Item_1'

2020-01-17 09:20:32 - [MESSAGE][PASSED] - Keys 'M2M Monthly Membership' sent to object: 'Object Repository/obj_invoce/new_invoice/new_invoice_sub/input_Taxes_Item_1'

2020-01-17 09:20:32 - [TEST_STEP][PASSED] - delay(3): Delayed 3 second(s)

2020-01-17 09:20:35 - [MESSAGE][PASSED] - Delayed 3 second(s)

2020-01-17 09:20:35 - [TEST_STEP][PASSED] - sendKeys(findTestObject("obj_invoce/new_invoice/new_invoice_sub/input_Taxes_Item_1"), Keys.chord(ENTER)): Keys 'ENTER + ' sent to object: 'Object Repository/obj_invoce/new_invoice/new_invoice_sub/input_Taxes_Item_1'

2020-01-17 09:20:36 - [MESSAGE][PASSED] - Keys 'ENTER + ' sent to object: 'Object Repository/obj_invoce/new_invoice/new_invoice_sub/input_Taxes_Item_1'

2020-01-17 09:20:36 - [TEST_STEP][PASSED] - delay(3): Delayed 3 second(s)

2020-01-17 09:20:39 - [MESSAGE][PASSED] - Delayed 3 second(s)

2020-01-17 09:20:39 - [TEST_STEP][PASSED] - click(findTestObject("obj_invoce/new_invoice/new_invoice_sub/button_Save_Taxe")): Object: 'Object Repository/obj_invoce/new_invoice/new_invoice_sub/button_Save_Taxe' is clicked on

2020-01-17 09:20:39 - [MESSAGE][PASSED] - Object: 'Object Repository/obj_invoce/new_invoice/new_invoice_sub/button_Save_Taxe' is clicked on

2020-01-17 09:20:39 - [TEST_STEP][PASSED] - delay(2): Delayed 2 second(s)

2020-01-17 09:20:41 - [MESSAGE][PASSED] - Delayed 2 second(s)

2020-01-17 09:20:41 - [TEST_STEP][PASSED] - cellIdRow = rowUpdInv.createCell(0, 0): null]]></system-out>
         <system-err><![CDATA[2020-01-17 09:20:06 - [TEST_CASE][ERROR] - Test Cases/p4p_3_createInvoce_ok_spy: Test Cases/p4p_3_createInvoce_ok_spy FAILED.
Reason:
java.lang.NullPointerException: Cannot invoke method createCell() on null object
	at p4p_3_createInvoce_ok_spy.run(p4p_3_createInvoce_ok_spy:92)
	at com.kms.katalon.core.main.ScriptEngine.run(ScriptEngine.java:194)
	at com.kms.katalon.core.main.ScriptEngine.runScriptAsRawText(ScriptEngine.java:119)
	at com.kms.katalon.core.main.TestCaseExecutor.runScript(TestCaseExecutor.java:337)
	at com.kms.katalon.core.main.TestCaseExecutor.doExecute(TestCaseExecutor.java:328)
	at com.kms.katalon.core.main.TestCaseExecutor.processExecutionPhase(TestCaseExecutor.java:307)
	at com.kms.katalon.core.main.TestCaseExecutor.accessMainPhase(TestCaseExecutor.java:299)
	at com.kms.katalon.core.main.TestCaseExecutor.execute(TestCaseExecutor.java:233)
	at com.kms.katalon.core.main.TestSuiteExecutor.accessTestCaseMainPhase(TestSuiteExecutor.java:169)
	at com.kms.katalon.core.main.TestSuiteExecutor.accessTestSuiteMainPhase(TestSuiteExecutor.java:142)
	at com.kms.katalon.core.main.TestSuiteExecutor.execute(TestSuiteExecutor.java:91)
	at com.kms.katalon.core.main.TestCaseMain.startTestSuite(TestCaseMain.java:157)
	at com.kms.katalon.core.main.TestCaseMain$startTestSuite$0.call(Unknown Source)
	at TempTestSuite1579274333059.run(TempTestSuite1579274333059.groovy:36)]]></system-err>
      </testcase>
      <system-out><![CDATA[2020-01-17 09:18:54 - [TEST_SUITE][ERROR] - ts_3_createInvoice: Test Cases/p4p_3_createInvoce_ok_spy FAILED.
Reason:
java.lang.NullPointerException: Cannot invoke method createCell() on null object
	at p4p_3_createInvoce_ok_spy.run(p4p_3_createInvoce_ok_spy:92)
	at com.kms.katalon.core.main.ScriptEngine.run(ScriptEngine.java:194)
	at com.kms.katalon.core.main.ScriptEngine.runScriptAsRawText(ScriptEngine.java:119)
	at com.kms.katalon.core.main.TestCaseExecutor.runScript(TestCaseExecutor.java:337)
	at com.kms.katalon.core.main.TestCaseExecutor.doExecute(TestCaseExecutor.java:328)
	at com.kms.katalon.core.main.TestCaseExecutor.processExecutionPhase(TestCaseExecutor.java:307)
	at com.kms.katalon.core.main.TestCaseExecutor.accessMainPhase(TestCaseExecutor.java:299)
	at com.kms.katalon.core.main.TestCaseExecutor.execute(TestCaseExecutor.java:233)
	at com.kms.katalon.core.main.TestSuiteExecutor.accessTestCaseMainPhase(TestSuiteExecutor.java:169)
	at com.kms.katalon.core.main.TestSuiteExecutor.accessTestSuiteMainPhase(TestSuiteExecutor.java:142)
	at com.kms.katalon.core.main.TestSuiteExecutor.execute(TestSuiteExecutor.java:91)
	at com.kms.katalon.core.main.TestCaseMain.startTestSuite(TestCaseMain.java:157)
	at com.kms.katalon.core.main.TestCaseMain$startTestSuite$0.call(Unknown Source)
	at TempTestSuite1579274333059.run(TempTestSuite1579274333059.groovy:36)]]></system-out>
      <system-err><![CDATA[2020-01-17 09:18:54 - [TEST_SUITE][ERROR] - ts_3_createInvoice: Test Cases/p4p_3_createInvoce_ok_spy FAILED.
Reason:
java.lang.NullPointerException: Cannot invoke method createCell() on null object
	at p4p_3_createInvoce_ok_spy.run(p4p_3_createInvoce_ok_spy:92)
	at com.kms.katalon.core.main.ScriptEngine.run(ScriptEngine.java:194)
	at com.kms.katalon.core.main.ScriptEngine.runScriptAsRawText(ScriptEngine.java:119)
	at com.kms.katalon.core.main.TestCaseExecutor.runScript(TestCaseExecutor.java:337)
	at com.kms.katalon.core.main.TestCaseExecutor.doExecute(TestCaseExecutor.java:328)
	at com.kms.katalon.core.main.TestCaseExecutor.processExecutionPhase(TestCaseExecutor.java:307)
	at com.kms.katalon.core.main.TestCaseExecutor.accessMainPhase(TestCaseExecutor.java:299)
	at com.kms.katalon.core.main.TestCaseExecutor.execute(TestCaseExecutor.java:233)
	at com.kms.katalon.core.main.TestSuiteExecutor.accessTestCaseMainPhase(TestSuiteExecutor.java:169)
	at com.kms.katalon.core.main.TestSuiteExecutor.accessTestSuiteMainPhase(TestSuiteExecutor.java:142)
	at com.kms.katalon.core.main.TestSuiteExecutor.execute(TestSuiteExecutor.java:91)
	at com.kms.katalon.core.main.TestCaseMain.startTestSuite(TestCaseMain.java:157)
	at com.kms.katalon.core.main.TestCaseMain$startTestSuite$0.call(Unknown Source)
	at TempTestSuite1579274333059.run(TempTestSuite1579274333059.groovy:36)]]></system-err>
   </testsuite>
</testsuites>
