<?xml version="1.0" encoding="UTF-8"?>
<testsuites name="ts_urlProfile" time="43.035" tests="2" failures="0" errors="0">
   <testsuite name="ts_urlProfile" tests="2" failures="0" errors="0" time="43.035" timestamp="2019-11-19 10:23:03" hostname="leonardo-arkusmty - leonardoarkusmty-Inspiron-5577" id="Test Suites/ts_urlProfile">
      <properties>
         <property name="deviceName" value=""/>
         <property name="devicePlatform" value=""/>
         <property name="logFolder" value="/home/leonardo-arkusmty/Documents/workspaceKatalon/p4ptest/Reports/20191119_102301/ts_urlProfile/20191119_102301"/>
         <property name="logFiles" value="/home/leonardo-arkusmty/Documents/workspaceKatalon/p4ptest/Reports/20191119_102301/ts_urlProfile/20191119_102301/execution0.log"/>
         <property name="attachments" value=""/>
         <property name="hostName" value="leonardo-arkusmty - leonardoarkusmty-Inspiron-5577"/>
         <property name="os" value="Linux 64bit"/>
         <property name="katalonVersion" value="7.0.8.1"/>
         <property name="browser" value="Firefox 70.0"/>
         <property name="hostAddress" value="127.0.1.1"/>
         <property name="sessionId" value="4dd19ef8-f267-4ff5-a12c-d9bb639c2c83"/>
         <property name="seleniumVersion" value="3.141.59"/>
         <property name="proxyInformation" value="ProxyInformation{proxyOption=NO_PROXY, proxyServerType=HTTP, password=, proxyServerAddress=, proxyServerPort=0}"/>
         <property name="platform" value="Linux"/>
      </properties>
      <testcase name="Test Cases/p4p_login _searchParent" time="21.169" classname="Test Cases/p4p_login _searchParent" status="PASSED">
         <system-out><![CDATA[2019-11-19 10:23:03 - [TEST_CASE][PASSED] - Test Cases/p4p_login _searchParent: Test Cases/p4p_login _searchParent

2019-11-19 10:23:03 - [TEST_STEP][PASSED] - openBrowser(""): Browser is opened with url: ''

2019-11-19 10:23:03 - [MESSAGE][INFO] - Starting 'Firefox' driver

2019-11-19 10:23:03 - [MESSAGE][INFO] - Action delay is set to 0 seconds

2019-11-19 10:23:06 - [MESSAGE][PASSED] - Browser is opened with url: ''

2019-11-19 10:23:06 - [TEST_STEP][PASSED] - navigateToUrl("https://p4p-qa-bg.aws.paradise4paws.com/login/?next=/"): Navigate to 'https://p4p-qa-bg.aws.paradise4paws.com/login/?next=/' successfully

2019-11-19 10:23:08 - [MESSAGE][PASSED] - Navigate to 'https://p4p-qa-bg.aws.paradise4paws.com/login/?next=/' successfully

2019-11-19 10:23:08 - [TEST_STEP][PASSED] - setText(findTestObject("object_login/input_user"), "jegchavez@gmail.com"): Text 'jegchavez@gmail.com' is set on object 'Object Repository/object_login/input_user'

2019-11-19 10:23:09 - [MESSAGE][PASSED] - Text 'jegchavez@gmail.com' is set on object 'Object Repository/object_login/input_user'

2019-11-19 10:23:09 - [TEST_STEP][PASSED] - setEncryptedText(findTestObject("object_login/input_pass"), "vRRrCeg9Qho="): Text ****** has been set on object 'Object Repository/object_login/input_pass'

2019-11-19 10:23:09 - [MESSAGE][PASSED] - Text ****** has been set on object 'Object Repository/object_login/input_pass'

2019-11-19 10:23:09 - [TEST_STEP][PASSED] - delay(3): Delayed 3 second(s)

2019-11-19 10:23:12 - [MESSAGE][PASSED] - Delayed 3 second(s)

2019-11-19 10:23:12 - [TEST_STEP][PASSED] - verifyElementClickable(findTestObject("object_login/btn_login")): Object 'Object Repository/object_login/btn_login' is clickable

2019-11-19 10:23:12 - [MESSAGE][PASSED] - Object 'Object Repository/object_login/btn_login' is clickable

2019-11-19 10:23:12 - [TEST_STEP][PASSED] - click(findTestObject("object_login/btn_login")): Object: 'Object Repository/object_login/btn_login' is clicked on

2019-11-19 10:23:16 - [MESSAGE][PASSED] - Object: 'Object Repository/object_login/btn_login' is clicked on

2019-11-19 10:23:16 - [TEST_STEP][PASSED] - delay(3): Delayed 3 second(s)

2019-11-19 10:23:19 - [MESSAGE][PASSED] - Delayed 3 second(s)

2019-11-19 10:23:19 - [TEST_STEP][PASSED] - setText(findTestObject("object_dashboard_emp/input_search"), "test"): Text 'test' is set on object 'Object Repository/object_dashboard_emp/input_search'

2019-11-19 10:23:19 - [MESSAGE][PASSED] - Text 'test' is set on object 'Object Repository/object_dashboard_emp/input_search'

2019-11-19 10:23:19 - [TEST_STEP][PASSED] - click(findTestObject("object_dashboard_emp/btn_accountSearch")): Object: 'Object Repository/object_dashboard_emp/btn_accountSearch' is clicked on

2019-11-19 10:23:20 - [MESSAGE][PASSED] - Object: 'Object Repository/object_dashboard_emp/btn_accountSearch' is clicked on

2019-11-19 10:23:20 - [TEST_STEP][PASSED] - closeBrowser(): Browser is closed

2019-11-19 10:23:24 - [MESSAGE][PASSED] - Browser is closed]]></system-out>
         <system-err><![CDATA[]]></system-err>
      </testcase>
      <testcase name="Test Cases/p4p_login _searchParent" time="21.557" classname="Test Cases/p4p_login _searchParent" status="PASSED">
         <system-out><![CDATA[2019-11-19 10:23:24 - [TEST_CASE][PASSED] - Test Cases/p4p_login _searchParent: Test Cases/p4p_login _searchParent

2019-11-19 10:23:24 - [TEST_STEP][PASSED] - openBrowser(""): Browser is opened with url: ''

2019-11-19 10:23:24 - [MESSAGE][INFO] - Starting 'Firefox' driver

2019-11-19 10:23:26 - [MESSAGE][PASSED] - Browser is opened with url: ''

2019-11-19 10:23:26 - [TEST_STEP][PASSED] - navigateToUrl("https://p4p-qa-bg.aws.paradise4paws.com/login/?next=/"): Navigate to 'https://p4p-qa-bg.aws.paradise4paws.com/login/?next=/' successfully

2019-11-19 10:23:28 - [MESSAGE][PASSED] - Navigate to 'https://p4p-qa-bg.aws.paradise4paws.com/login/?next=/' successfully

2019-11-19 10:23:28 - [TEST_STEP][PASSED] - setText(findTestObject("object_login/input_user"), "jegchavez@gmail.com"): Text 'jegchavez@gmail.com' is set on object 'Object Repository/object_login/input_user'

2019-11-19 10:23:28 - [MESSAGE][PASSED] - Text 'jegchavez@gmail.com' is set on object 'Object Repository/object_login/input_user'

2019-11-19 10:23:28 - [TEST_STEP][PASSED] - setEncryptedText(findTestObject("object_login/input_pass"), "vRRrCeg9Qho="): Text ****** has been set on object 'Object Repository/object_login/input_pass'

2019-11-19 10:23:29 - [MESSAGE][PASSED] - Text ****** has been set on object 'Object Repository/object_login/input_pass'

2019-11-19 10:23:29 - [TEST_STEP][PASSED] - delay(3): Delayed 3 second(s)

2019-11-19 10:23:32 - [MESSAGE][PASSED] - Delayed 3 second(s)

2019-11-19 10:23:32 - [TEST_STEP][PASSED] - verifyElementClickable(findTestObject("object_login/btn_login")): Object 'Object Repository/object_login/btn_login' is clickable

2019-11-19 10:23:32 - [MESSAGE][PASSED] - Object 'Object Repository/object_login/btn_login' is clickable

2019-11-19 10:23:32 - [TEST_STEP][PASSED] - click(findTestObject("object_login/btn_login")): Object: 'Object Repository/object_login/btn_login' is clicked on

2019-11-19 10:23:37 - [MESSAGE][PASSED] - Object: 'Object Repository/object_login/btn_login' is clicked on

2019-11-19 10:23:37 - [TEST_STEP][PASSED] - delay(3): Delayed 3 second(s)

2019-11-19 10:23:40 - [MESSAGE][PASSED] - Delayed 3 second(s)

2019-11-19 10:23:40 - [TEST_STEP][PASSED] - setText(findTestObject("object_dashboard_emp/input_search"), "test"): Text 'test' is set on object 'Object Repository/object_dashboard_emp/input_search'

2019-11-19 10:23:40 - [MESSAGE][PASSED] - Text 'test' is set on object 'Object Repository/object_dashboard_emp/input_search'

2019-11-19 10:23:40 - [TEST_STEP][PASSED] - click(findTestObject("object_dashboard_emp/btn_accountSearch")): Object: 'Object Repository/object_dashboard_emp/btn_accountSearch' is clicked on

2019-11-19 10:23:42 - [MESSAGE][PASSED] - Object: 'Object Repository/object_dashboard_emp/btn_accountSearch' is clicked on

2019-11-19 10:23:42 - [TEST_STEP][PASSED] - closeBrowser(): Browser is closed

2019-11-19 10:23:46 - [MESSAGE][PASSED] - Browser is closed]]></system-out>
         <system-err><![CDATA[]]></system-err>
      </testcase>
      <system-out><![CDATA[2019-11-19 10:23:03 - [TEST_SUITE][PASSED] - ts_urlProfile: Test Cases/p4p_login _searchParent]]></system-out>
      <system-err><![CDATA[]]></system-err>
   </testsuite>
</testsuites>
