<?xml version="1.0" encoding="UTF-8"?>
<testsuites name="ts_newReservationBoarding" time="1330.825" tests="7" failures="6" errors="0">
   <testsuite name="ts_newReservationBoarding" tests="7" failures="6" errors="0" time="1330.825" timestamp="2020-01-15 13:40:00" hostname="leonardo-arkusmty - leonardoarkusmty-Inspiron-5577" id="Test Suites/ts_newReservationBoarding">
      <properties>
         <property name="deviceName" value=""/>
         <property name="devicePlatform" value=""/>
         <property name="logFolder" value="/home/leonardo-arkusmty/Documents/workspaceKatalon/p4ptest/Reports/20200115_133959/ts_newReservationBoarding/20200115_133959"/>
         <property name="logFiles" value="/home/leonardo-arkusmty/Documents/workspaceKatalon/p4ptest/Reports/20200115_133959/ts_newReservationBoarding/20200115_133959/execution0.log"/>
         <property name="attachments" value="/home/leonardo-arkusmty/Documents/workspaceKatalon/p4ptest/Reports/20200115_133959/ts_newReservationBoarding/20200115_133959/1579117471484.png, /home/leonardo-arkusmty/Documents/workspaceKatalon/p4ptest/Reports/20200115_133959/ts_newReservationBoarding/20200115_133959/1579117554583.png, /home/leonardo-arkusmty/Documents/workspaceKatalon/p4ptest/Reports/20200115_133959/ts_newReservationBoarding/20200115_133959/1579117554798.png, /home/leonardo-arkusmty/Documents/workspaceKatalon/p4ptest/Reports/20200115_133959/ts_newReservationBoarding/20200115_133959/1579117656329.png, /home/leonardo-arkusmty/Documents/workspaceKatalon/p4ptest/Reports/20200115_133959/ts_newReservationBoarding/20200115_133959/1579117739012.png, /home/leonardo-arkusmty/Documents/workspaceKatalon/p4ptest/Reports/20200115_133959/ts_newReservationBoarding/20200115_133959/1579117739224.png, /home/leonardo-arkusmty/Documents/workspaceKatalon/p4ptest/Reports/20200115_133959/ts_newReservationBoarding/20200115_133959/1579117814692.png, /home/leonardo-arkusmty/Documents/workspaceKatalon/p4ptest/Reports/20200115_133959/ts_newReservationBoarding/20200115_133959/1579117869101.png, /home/leonardo-arkusmty/Documents/workspaceKatalon/p4ptest/Reports/20200115_133959/ts_newReservationBoarding/20200115_133959/1579117951588.png, /home/leonardo-arkusmty/Documents/workspaceKatalon/p4ptest/Reports/20200115_133959/ts_newReservationBoarding/20200115_133959/1579117951796.png, /home/leonardo-arkusmty/Documents/workspaceKatalon/p4ptest/Reports/20200115_133959/ts_newReservationBoarding/20200115_133959/1579118029961.png, /home/leonardo-arkusmty/Documents/workspaceKatalon/p4ptest/Reports/20200115_133959/ts_newReservationBoarding/20200115_133959/1579118084738.png, /home/leonardo-arkusmty/Documents/workspaceKatalon/p4ptest/Reports/20200115_133959/ts_newReservationBoarding/20200115_133959/1579118167088.png, /home/leonardo-arkusmty/Documents/workspaceKatalon/p4ptest/Reports/20200115_133959/ts_newReservationBoarding/20200115_133959/1579118167297.png, /home/leonardo-arkusmty/Documents/workspaceKatalon/p4ptest/Reports/20200115_133959/ts_newReservationBoarding/20200115_133959/1579118269863.png, /home/leonardo-arkusmty/Documents/workspaceKatalon/p4ptest/Reports/20200115_133959/ts_newReservationBoarding/20200115_133959/1579118352774.png, /home/leonardo-arkusmty/Documents/workspaceKatalon/p4ptest/Reports/20200115_133959/ts_newReservationBoarding/20200115_133959/1579118353027.png, /home/leonardo-arkusmty/Documents/workspaceKatalon/p4ptest/Reports/20200115_133959/ts_newReservationBoarding/20200115_133959/1579118446857.png, /home/leonardo-arkusmty/Documents/workspaceKatalon/p4ptest/Reports/20200115_133959/ts_newReservationBoarding/20200115_133959/1579118531013.png, /home/leonardo-arkusmty/Documents/workspaceKatalon/p4ptest/Reports/20200115_133959/ts_newReservationBoarding/20200115_133959/1579118531310.png"/>
         <property name="hostName" value="leonardo-arkusmty - leonardoarkusmty-Inspiron-5577"/>
         <property name="os" value="Linux 64bit"/>
         <property name="katalonVersion" value="7.0.8.1"/>
         <property name="browser" value="Chrome 79.0.3945.88"/>
         <property name="hostAddress" value="127.0.1.1"/>
         <property name="sessionId" value="a8313c5d0b908227785e31624358e280"/>
         <property name="seleniumVersion" value="3.141.59"/>
         <property name="proxyInformation" value="ProxyInformation{proxyOption=NO_PROXY, proxyServerType=HTTP, password=, proxyServerAddress=, proxyServerPort=0}"/>
         <property name="platform" value="Linux"/>
      </properties>
      <testcase name="Test Cases/p4p_newReservationBoarding" time="173.539" classname="Test Cases/p4p_newReservationBoarding" status="PASSED">
         <system-out><![CDATA[2020-01-15 13:40:01 - [TEST_CASE][PASSED] - Test Cases/p4p_newReservationBoarding: Test Cases/p4p_newReservationBoarding

2020-01-15 13:40:01 - [TEST_STEP][PASSED] - flagBoar = "0": null

2020-01-15 13:40:01 - [TEST_STEP][PASSED] - log = new com.kms.katalon.core.logging.KeywordLogger(): null

2020-01-15 13:40:01 - [TEST_STEP][PASSED] - fisNewRes = new java.io.FileInputStream(/home/leonardo-arkusmty/Desktop/P4P/DATA_AUTOMATINTESTING/data_1newReservationBoarding.xlsx): null

2020-01-15 13:40:01 - [TEST_STEP][PASSED] - fisInv = new java.io.FileInputStream(/home/leonardo-arkusmty/Desktop/P4P/DATA_AUTOMATINTESTING/data_3Invoices.xlsx): null

2020-01-15 13:40:01 - [TEST_STEP][PASSED] - workbookNewRes = new org.apache.poi.xssf.usermodel.XSSFWorkbook(fisNewRes): null

2020-01-15 13:40:02 - [TEST_STEP][PASSED] - workbookInv = new org.apache.poi.xssf.usermodel.XSSFWorkbook(fisInv): null

2020-01-15 13:40:02 - [TEST_STEP][PASSED] - sheetNewRes = workbookNewRes.getSheet("Sheet1"): null

2020-01-15 13:40:02 - [TEST_STEP][PASSED] - sheetInv = workbookInv.getSheet("Sheet1"): null

2020-01-15 13:40:02 - [TEST_STEP][PASSED] - rowCount = var_row: null

2020-01-15 13:40:02 - [TEST_STEP][PASSED] - var = Integer.parseInt(var_idRowRes): null

2020-01-15 13:40:02 - [TEST_STEP][PASSED] - rowNewRes = sheetNewRes.getRow(var): null

2020-01-15 13:40:02 - [TEST_STEP][PASSED] - rowInv = sheetInv.getRow(var): null

2020-01-15 13:40:02 - [TEST_STEP][PASSED] - today = new java.util.Date(): null

2020-01-15 13:40:02 - [TEST_STEP][PASSED] - todaysDate1 = today.format("yyyy"): null

2020-01-15 13:40:02 - [TEST_STEP][PASSED] - todaysDate2 = today.format("mm"): null

2020-01-15 13:40:02 - [TEST_STEP][PASSED] - todaysDate3 = today.format("dd"): null

2020-01-15 13:40:02 - [TEST_STEP][PASSED] - todaysDate4 = today.format("mmm/dd/yyyy"): null

2020-01-15 13:40:02 - [TEST_STEP][PASSED] - todaysDate5 = today.format("dd/mm/yyyy"): null

2020-01-15 13:40:02 - [TEST_STEP][PASSED] - nowTime = today.format("hhmm"): null

2020-01-15 13:40:02 - [TEST_STEP][PASSED] - dateCI = var_checkinD.split(","): null

2020-01-15 13:40:02 - [TEST_STEP][PASSED] - dateCO = var_checkoutD.split(","): null

2020-01-15 13:40:02 - [TEST_STEP][PASSED] - arryPets = var_pets.split(","): null

2020-01-15 13:40:02 - [TEST_STEP][PASSED] - openBrowser("https://p4p-qa-bg.aws.paradise4paws.com/login/"): Browser is opened with url: 'https://p4p-qa-bg.aws.paradise4paws.com/login/'

2020-01-15 13:40:02 - [MESSAGE][INFO] - Starting 'Chrome' driver

2020-01-15 13:40:02 - [MESSAGE][INFO] - Action delay is set to 0 seconds

2020-01-15 13:40:05 - [MESSAGE][PASSED] - Browser is opened with url: 'https://p4p-qa-bg.aws.paradise4paws.com/login/'

2020-01-15 13:40:05 - [TEST_STEP][PASSED] - maximizeWindow(): Current window maximized

2020-01-15 13:40:05 - [MESSAGE][PASSED] - Current window maximized

2020-01-15 13:40:05 - [TEST_STEP][PASSED] - setText(findTestObject("obj_login/input_user"), var_user): Text 'jegchavez@gmail.com' is set on object 'Object Repository/obj_login/input_user'

2020-01-15 13:40:05 - [MESSAGE][PASSED] - Text 'jegchavez@gmail.com' is set on object 'Object Repository/obj_login/input_user'

2020-01-15 13:40:05 - [TEST_STEP][PASSED] - setText(findTestObject("obj_login/input_pass"), var_pass): Text 'admin1' is set on object 'Object Repository/obj_login/input_pass'

2020-01-15 13:40:06 - [MESSAGE][PASSED] - Text 'admin1' is set on object 'Object Repository/obj_login/input_pass'

2020-01-15 13:40:06 - [TEST_STEP][PASSED] - delay(1): Delayed 1 second(s)

2020-01-15 13:40:07 - [MESSAGE][PASSED] - Delayed 1 second(s)

2020-01-15 13:40:07 - [TEST_STEP][PASSED] - verifyElementClickable(findTestObject("obj_login/btn_login")): Object 'Object Repository/obj_login/btn_login' is clickable

2020-01-15 13:40:07 - [MESSAGE][PASSED] - Object 'Object Repository/obj_login/btn_login' is clickable

2020-01-15 13:40:07 - [TEST_STEP][PASSED] - click(findTestObject("obj_login/btn_login")): Object: 'Object Repository/obj_login/btn_login' is clicked on

2020-01-15 13:40:08 - [MESSAGE][PASSED] - Object: 'Object Repository/obj_login/btn_login' is clicked on

2020-01-15 13:40:08 - [TEST_STEP][PASSED] - delay(1): Delayed 1 second(s)

2020-01-15 13:40:09 - [MESSAGE][PASSED] - Delayed 1 second(s)

2020-01-15 13:40:09 - [TEST_STEP][PASSED] - setText(findTestObject("obj_dashboard_emp/input_search"), var_searchParent): Text 'katalon 1' is set on object 'Object Repository/obj_dashboard_emp/input_search'

2020-01-15 13:40:10 - [MESSAGE][PASSED] - Text 'katalon 1' is set on object 'Object Repository/obj_dashboard_emp/input_search'

2020-01-15 13:40:10 - [TEST_STEP][PASSED] - click(findTestObject("obj_dashboard_emp/btn_accountSearch")): Object: 'Object Repository/obj_dashboard_emp/btn_accountSearch' is clicked on

2020-01-15 13:40:11 - [MESSAGE][PASSED] - Object: 'Object Repository/obj_dashboard_emp/btn_accountSearch' is clicked on

2020-01-15 13:40:11 - [TEST_STEP][PASSED] - delay(1): Delayed 1 second(s)

2020-01-15 13:40:12 - [MESSAGE][PASSED] - Delayed 1 second(s)

2020-01-15 13:40:12 - [TEST_STEP][PASSED] - click(findTestObject("obj_accountInformation/a_TEST GABRIEL PROD")): Object: 'Object Repository/obj_accountInformation/a_TEST GABRIEL PROD' is clicked on

2020-01-15 13:40:12 - [MESSAGE][PASSED] - Object: 'Object Repository/obj_accountInformation/a_TEST GABRIEL PROD' is clicked on

2020-01-15 13:40:12 - [TEST_STEP][PASSED] - delay(1): Delayed 1 second(s)

2020-01-15 13:40:13 - [MESSAGE][PASSED] - Delayed 1 second(s)

2020-01-15 13:40:13 - [TEST_STEP][PASSED] - click(findTestObject("obj_profile/a_addReservation")): Object: 'Object Repository/obj_profile/a_addReservation' is clicked on

2020-01-15 13:40:17 - [MESSAGE][PASSED] - Object: 'Object Repository/obj_profile/a_addReservation' is clicked on

2020-01-15 13:40:17 - [TEST_STEP][PASSED] - delay(1): Delayed 1 second(s)

2020-01-15 13:40:18 - [MESSAGE][PASSED] - Delayed 1 second(s)

2020-01-15 13:40:18 - [TEST_STEP][PASSED] - click(findTestObject("obj_reservation/4_/btn_Boarding")): Object: 'Object Repository/obj_reservation/4_/btn_Boarding' is clicked on

2020-01-15 13:40:18 - [MESSAGE][PASSED] - Object: 'Object Repository/obj_reservation/4_/btn_Boarding' is clicked on

2020-01-15 13:40:18 - [TEST_STEP][PASSED] - flagBoar = "1": null

2020-01-15 13:40:18 - [TEST_STEP][PASSED] - click(findTestObject("obj_reservation/4_/i_location")): Object: 'Object Repository/obj_reservation/4_/i_location' is clicked on

2020-01-15 13:40:21 - [MESSAGE][PASSED] - Object: 'Object Repository/obj_reservation/4_/i_location' is clicked on

2020-01-15 13:40:21 - [TEST_STEP][PASSED] - delay(1): Delayed 1 second(s)

2020-01-15 13:40:22 - [MESSAGE][PASSED] - Delayed 1 second(s)

2020-01-15 13:40:22 - [TEST_STEP][PASSED] - click(findTestObject("obj_reservation/2_facility/i_" + var_idFacility + "_facility")): Object: 'Object Repository/obj_reservation/2_facility/i_3_facility' is clicked on

2020-01-15 13:40:22 - [MESSAGE][PASSED] - Object: 'Object Repository/obj_reservation/2_facility/i_3_facility' is clicked on

2020-01-15 13:40:22 - [TEST_STEP][PASSED] - delay(1): Delayed 1 second(s)

2020-01-15 13:40:23 - [MESSAGE][PASSED] - Delayed 1 second(s)

2020-01-15 13:40:23 - [TEST_STEP][PASSED] - click(findTestObject("obj_reservation/4_/dateCheckIn")): Object: 'Object Repository/obj_reservation/4_/dateCheckIn' is clicked on

2020-01-15 13:40:25 - [MESSAGE][PASSED] - Object: 'Object Repository/obj_reservation/4_/dateCheckIn' is clicked on

2020-01-15 13:40:25 - [TEST_STEP][PASSED] - delay(1): Delayed 1 second(s)

2020-01-15 13:40:26 - [MESSAGE][PASSED] - Delayed 1 second(s)

2020-01-15 13:40:26 - [TEST_STEP][PASSED] - click(findTestObject("obj_reservation/3_date2020/0120/CI/button_" + dateCI[0] + "01_ci")): Object: 'Object Repository/obj_reservation/3_date2020/0120/CI/button_0101_ci' is clicked on

2020-01-15 13:40:27 - [MESSAGE][PASSED] - Object: 'Object Repository/obj_reservation/3_date2020/0120/CI/button_0101_ci' is clicked on

2020-01-15 13:40:27 - [TEST_STEP][PASSED] - if (flagBoar == "1"): Object: 'Object Repository/obj_reservation/3_date2020/0120/CO/button_0101_co' is clicked on

2020-01-15 13:40:27 - [TEST_STEP][PASSED] - click(findTestObject("obj_reservation/4_/dateCheckOut")): Object: 'Object Repository/obj_reservation/4_/dateCheckOut' is clicked on

2020-01-15 13:40:27 - [MESSAGE][PASSED] - Object: 'Object Repository/obj_reservation/4_/dateCheckOut' is clicked on

2020-01-15 13:40:27 - [TEST_STEP][PASSED] - delay(1): Delayed 1 second(s)

2020-01-15 13:40:28 - [MESSAGE][PASSED] - Delayed 1 second(s)

2020-01-15 13:40:28 - [TEST_STEP][PASSED] - click(findTestObject("obj_reservation/3_date2020/0120/CO/button_" + dateCO[0] + "01_co")): Object: 'Object Repository/obj_reservation/3_date2020/0120/CO/button_0101_co' is clicked on

2020-01-15 13:40:29 - [MESSAGE][PASSED] - Object: 'Object Repository/obj_reservation/3_date2020/0120/CO/button_0101_co' is clicked on

2020-01-15 13:40:29 - [TEST_STEP][PASSED] - if (var_checkinT.size() == 1): null

2020-01-15 13:40:29 - [TEST_STEP][PASSED] - if (var_checkinT.size() == 2): null

2020-01-15 13:40:29 - [TEST_STEP][PASSED] - if (var_checkinT.size() == 3): null

2020-01-15 13:40:29 - [TEST_STEP][PASSED] - var_checkinT = "0" + var_checkinT: null

2020-01-15 13:40:29 - [TEST_STEP][PASSED] - click(findTestObject("obj_reservation/4_/timeCheckin")): Object: 'Object Repository/obj_reservation/4_/timeCheckin' is clicked on

2020-01-15 13:40:30 - [MESSAGE][PASSED] - Object: 'Object Repository/obj_reservation/4_/timeCheckin' is clicked on

2020-01-15 13:40:30 - [TEST_STEP][PASSED] - click(findTestObject("obj_reservation/0_horas/CI/time_" + var_checkinT + "_ci")): Object: 'Object Repository/obj_reservation/0_horas/CI/time_0800_ci' is clicked on

2020-01-15 13:40:30 - [MESSAGE][PASSED] - Object: 'Object Repository/obj_reservation/0_horas/CI/time_0800_ci' is clicked on

2020-01-15 13:40:30 - [TEST_STEP][PASSED] - click(findTestObject("obj_reservation/4_/timeCheckOut")): Object: 'Object Repository/obj_reservation/4_/timeCheckOut' is clicked on

2020-01-15 13:40:31 - [MESSAGE][PASSED] - Object: 'Object Repository/obj_reservation/4_/timeCheckOut' is clicked on

2020-01-15 13:40:31 - [TEST_STEP][PASSED] - click(findTestObject("obj_reservation/0_horas/CO/time_" + var_checkoutT + "_co")): Object: 'Object Repository/obj_reservation/0_horas/CO/time_1130_co' is clicked on

2020-01-15 13:40:32 - [MESSAGE][PASSED] - Object: 'Object Repository/obj_reservation/0_horas/CO/time_1130_co' is clicked on

2020-01-15 13:40:32 - [TEST_STEP][PASSED] - delay(2): Delayed 2 second(s)

2020-01-15 13:40:34 - [MESSAGE][PASSED] - Delayed 2 second(s)

2020-01-15 13:40:34 - [TEST_STEP][PASSED] - if (arryPets.size() == 1): Object: 'Object Repository/obj_reservation/P4P_5/div_Ares' is clicked on

2020-01-15 13:40:34 - [TEST_STEP][PASSED] - click(findTestObject("obj_reservation/P4P_5/div_Ares")): Object: 'Object Repository/obj_reservation/P4P_5/div_Ares' is clicked on

2020-01-15 13:40:34 - [MESSAGE][PASSED] - Object: 'Object Repository/obj_reservation/P4P_5/div_Ares' is clicked on

2020-01-15 13:40:34 - [TEST_STEP][PASSED] - stringDeposit = getText(findTestObject("obj_reservation/4_/span_requiresdeposit"), CONTINUE_ON_FAILURE): Text of object 'Object Repository/obj_reservation/4_/span_requiresdeposit' is: 'You are making a reservation for a special period of time that may have special pricing and requires a deposit. (12/20/2019 - 01/05/2020)'

2020-01-15 13:40:39 - [MESSAGE][PASSED] - Text of object 'Object Repository/obj_reservation/4_/span_requiresdeposit' is: 'You are making a reservation for a special period of time that may have special pricing and requires a deposit. (12/20/2019 - 01/05/2020)'

2020-01-15 13:40:39 - [TEST_STEP][PASSED] - varHoliday = 0: null

2020-01-15 13:40:39 - [TEST_STEP][PASSED] - if (stringDeposit != null): null

2020-01-15 13:40:39 - [TEST_STEP][PASSED] - varHoliday = 1: null

2020-01-15 13:40:39 - [TEST_STEP][PASSED] - try: Object: 'Object Repository/obj_reservation/4_/div_suite_rad_deluxe' is clicked on

2020-01-15 13:40:39 - [TEST_STEP][PASSED] - click(findTestObject("obj_reservation/4_/div_suite_rad_deluxe")): Object: 'Object Repository/obj_reservation/4_/div_suite_rad_deluxe' is clicked on

2020-01-15 13:40:40 - [MESSAGE][PASSED] - Object: 'Object Repository/obj_reservation/4_/div_suite_rad_deluxe' is clicked on

2020-01-15 13:40:40 - [TEST_STEP][PASSED] - click(findTestObject("obj_reservation/4_/btn_next2")): Object: 'Object Repository/obj_reservation/4_/btn_next2' is clicked on

2020-01-15 13:40:41 - [MESSAGE][PASSED] - Object: 'Object Repository/obj_reservation/4_/btn_next2' is clicked on

2020-01-15 13:40:41 - [TEST_STEP][PASSED] - delay(1): Delayed 1 second(s)

2020-01-15 13:40:42 - [MESSAGE][PASSED] - Delayed 1 second(s)

2020-01-15 13:40:42 - [TEST_STEP][PASSED] - delay(1): Delayed 1 second(s)

2020-01-15 13:40:43 - [MESSAGE][PASSED] - Delayed 1 second(s)

2020-01-15 13:40:43 - [TEST_STEP][PASSED] - click(findTestObject("obj_reservation/4_/btn_next2")): Object: 'Object Repository/obj_reservation/4_/btn_next2' is clicked on

2020-01-15 13:40:43 - [MESSAGE][PASSED] - Object: 'Object Repository/obj_reservation/4_/btn_next2' is clicked on

2020-01-15 13:40:43 - [TEST_STEP][PASSED] - delay(1): Delayed 1 second(s)

2020-01-15 13:40:44 - [MESSAGE][PASSED] - Delayed 1 second(s)

2020-01-15 13:40:44 - [TEST_STEP][PASSED] - click(findTestObject("obj_reservation/4_/button_Submit Reservation")): Object: 'Object Repository/obj_reservation/4_/button_Submit Reservation' is clicked on

2020-01-15 13:40:45 - [MESSAGE][PASSED] - Object: 'Object Repository/obj_reservation/4_/button_Submit Reservation' is clicked on

2020-01-15 13:40:45 - [TEST_STEP][PASSED] - delay(1): Delayed 1 second(s)

2020-01-15 13:40:46 - [MESSAGE][PASSED] - Delayed 1 second(s)

2020-01-15 13:40:46 - [TEST_STEP][PASSED] - if (flagBoar == "2" && var_repeatingEvery == "Daily" || var_repeatingEvery == "Monthly" || var_repeatingEvery == "Weekly"): null

2020-01-15 13:40:46 - [TEST_STEP][PASSED] - else: null

2020-01-15 13:40:46 - [TEST_STEP][PASSED] - delay(2): Delayed 2 second(s)

2020-01-15 13:40:49 - [MESSAGE][PASSED] - Delayed 2 second(s)

2020-01-15 13:40:49 - [TEST_STEP][PASSED] - try: Object: 'Object Repository/obj_reservation/4_/button_Return To Reservation' is clicked on

2020-01-15 13:40:49 - [TEST_STEP][PASSED] - click(findTestObject("obj_reservation/4_/button_Return To Reservation")): Object: 'Object Repository/obj_reservation/4_/button_Return To Reservation' is clicked on

2020-01-15 13:40:51 - [MESSAGE][PASSED] - Object: 'Object Repository/obj_reservation/4_/button_Return To Reservation' is clicked on

2020-01-15 13:40:51 - [TEST_STEP][PASSED] - delay(3): Delayed 3 second(s)

2020-01-15 13:40:54 - [MESSAGE][PASSED] - Delayed 3 second(s)

2020-01-15 13:40:54 - [TEST_STEP][PASSED] - click(findTestObject("obj_reservation/P4P_2/button_Go to CheckOut")): Object: 'Object Repository/obj_reservation/P4P_2/button_Go to CheckOut' is clicked on

2020-01-15 13:40:55 - [MESSAGE][PASSED] - Object: 'Object Repository/obj_reservation/P4P_2/button_Go to CheckOut' is clicked on

2020-01-15 13:40:55 - [TEST_STEP][PASSED] - delay(2): Delayed 2 second(s)

2020-01-15 13:40:57 - [MESSAGE][PASSED] - Delayed 2 second(s)

2020-01-15 13:40:57 - [TEST_STEP][PASSED] - var_url = getUrl(): Current window's url is: 'https://p4p-qa-bg.aws.paradise4paws.com/frontdesk/checkout/1702814/?parent_id=122352'

2020-01-15 13:40:57 - [MESSAGE][PASSED] - Current window's url is: 'https://p4p-qa-bg.aws.paradise4paws.com/frontdesk/checkout/1702814/?parent_id=122352'

2020-01-15 13:40:57 - [TEST_STEP][PASSED] - arrayUrl = var_url.split("/"): null

2020-01-15 13:40:57 - [TEST_STEP][PASSED] - verifyElementText(findTestObject("obj_reservation/P4P_2/span_( BK )"), "( BK )", STOP_ON_FAILURE): Actual text and expected text of test object 'Object Repository/obj_reservation/P4P_2/span_( BK )' are matched.

2020-01-15 13:40:58 - [MESSAGE][PASSED] - Actual text and expected text of test object 'Object Repository/obj_reservation/P4P_2/span_( BK )' are matched.

2020-01-15 13:40:58 - [TEST_STEP][PASSED] - log.logInfo(getText(findTestObject("obj_reservation/P4P_2/a_1795351"))): 1795483

2020-01-15 13:40:58 - [MESSAGE][PASSED] - Text of object 'Object Repository/obj_reservation/P4P_2/a_1795351' is: '1795483'

2020-01-15 13:40:58 - [MESSAGE][INFO] - 1795483

2020-01-15 13:40:58 - [TEST_STEP][PASSED] - cell = rowNewRes.createCell(16, 0): null

2020-01-15 13:40:58 - [TEST_STEP][PASSED] - cell.setCellType(CELL_TYPE_STRING): null

2020-01-15 13:40:58 - [TEST_STEP][PASSED] - cell.setCellValue(arrayUrl[5]): null

2020-01-15 13:40:58 - [TEST_STEP][PASSED] - varIdInv = getText(findTestObject("obj_reservation/P4P_2/a_1795351")).toString(): Text of object 'Object Repository/obj_reservation/P4P_2/a_1795351' is: '1795483'

2020-01-15 13:40:58 - [MESSAGE][PASSED] - Text of object 'Object Repository/obj_reservation/P4P_2/a_1795351' is: '1795483'

2020-01-15 13:40:58 - [TEST_STEP][PASSED] - celldInvoice = rowNewRes.createCell(17, 0): null

2020-01-15 13:40:58 - [TEST_STEP][PASSED] - celldInvoice.setCellType(CELL_TYPE_STRING): null

2020-01-15 13:40:58 - [TEST_STEP][PASSED] - celldInvoice.setCellValue(varIdInv): null

2020-01-15 13:40:58 - [TEST_STEP][PASSED] - cellStatus = rowNewRes.createCell(19, 0): null

2020-01-15 13:40:58 - [TEST_STEP][PASSED] - cellStatus.setCellType(CELL_TYPE_STRING): null

2020-01-15 13:40:58 - [TEST_STEP][PASSED] - cellStatus.setCellValue(getText(findTestObject("obj_reservation/P4P_2/span_( BK )"))): Text of object 'Object Repository/obj_reservation/P4P_2/span_( BK )' is: '( BK )'

2020-01-15 13:40:59 - [MESSAGE][PASSED] - Text of object 'Object Repository/obj_reservation/P4P_2/span_( BK )' is: '( BK )'

2020-01-15 13:40:59 - [TEST_STEP][PASSED] - cellHol = rowNewRes.createCell(18, 0): null

2020-01-15 13:40:59 - [TEST_STEP][PASSED] - cellHol.setCellType(CELL_TYPE_STRING): null

2020-01-15 13:40:59 - [TEST_STEP][PASSED] - cellInv3 = rowInv.createCell(3, 0): null

2020-01-15 13:40:59 - [TEST_STEP][PASSED] - cellInv3.setCellType(CELL_TYPE_STRING): null

2020-01-15 13:40:59 - [TEST_STEP][PASSED] - if (varHoliday == 1): null

2020-01-15 13:40:59 - [TEST_STEP][PASSED] - cellHol.setCellValue("Y"): null

2020-01-15 13:40:59 - [TEST_STEP][PASSED] - cellInv3.setCellValue("Y"): null

2020-01-15 13:40:59 - [TEST_STEP][PASSED] - if (var == 1): null

2020-01-15 13:40:59 - [TEST_STEP][PASSED] - cellTime = rowNewRes.createCell(34, 0): null

2020-01-15 13:40:59 - [TEST_STEP][PASSED] - cellTime.setCellType(CELL_TYPE_STRING): null

2020-01-15 13:40:59 - [TEST_STEP][PASSED] - cellTime.setCellValue(nowTime): null

2020-01-15 13:40:59 - [TEST_STEP][PASSED] - delay(5): Delayed 5 second(s)

2020-01-15 13:41:04 - [MESSAGE][PASSED] - Delayed 5 second(s)

2020-01-15 13:41:04 - [TEST_STEP][PASSED] - if (var_cancelRes == "Y"): null

2020-01-15 13:41:04 - [TEST_STEP][PASSED] - else: Text of object 'Object Repository/obj_reservation/P4P_2/span_( BK )' is: '( OUT )'

2020-01-15 13:41:04 - [TEST_STEP][PASSED] - click(findTestObject("obj_reservation/4_/tab_checkIn")): Object: 'Object Repository/obj_reservation/4_/tab_checkIn' is clicked on

2020-01-15 13:41:05 - [MESSAGE][PASSED] - Object: 'Object Repository/obj_reservation/4_/tab_checkIn' is clicked on

2020-01-15 13:41:05 - [TEST_STEP][PASSED] - delay(7): Delayed 7 second(s)

2020-01-15 13:41:12 - [MESSAGE][PASSED] - Delayed 7 second(s)

2020-01-15 13:41:12 - [TEST_STEP][PASSED] - click(findTestObject("obj_reservation/4_/button_CheckIn_tabCheckin")): Object: 'Object Repository/obj_reservation/4_/button_CheckIn_tabCheckin' is clicked on

2020-01-15 13:41:12 - [MESSAGE][PASSED] - Object: 'Object Repository/obj_reservation/4_/button_CheckIn_tabCheckin' is clicked on

2020-01-15 13:41:12 - [TEST_STEP][PASSED] - urlCO = getUrl(): Current window's url is: 'https://p4p-qa-bg.aws.paradise4paws.com/frontdesk/checkin/1702814/?parent_id=122352'

2020-01-15 13:41:12 - [MESSAGE][PASSED] - Current window's url is: 'https://p4p-qa-bg.aws.paradise4paws.com/frontdesk/checkin/1702814/?parent_id=122352'

2020-01-15 13:41:12 - [TEST_STEP][PASSED] - log.logInfo(urlCO): https://p4p-qa-bg.aws.paradise4paws.com/frontdesk/checkin/1702814/?parent_id=122352

2020-01-15 13:41:12 - [MESSAGE][INFO] - https://p4p-qa-bg.aws.paradise4paws.com/frontdesk/checkin/1702814/?parent_id=122352

2020-01-15 13:41:12 - [TEST_STEP][PASSED] - navigateToUrl(urlCO): Navigate to 'https://p4p-qa-bg.aws.paradise4paws.com/frontdesk/checkin/1702814/?parent_id=122352' successfully

2020-01-15 13:41:13 - [MESSAGE][PASSED] - Navigate to 'https://p4p-qa-bg.aws.paradise4paws.com/frontdesk/checkin/1702814/?parent_id=122352' successfully

2020-01-15 13:41:13 - [TEST_STEP][PASSED] - delay(4): Delayed 4 second(s)

2020-01-15 13:41:17 - [MESSAGE][PASSED] - Delayed 4 second(s)

2020-01-15 13:41:17 - [TEST_STEP][PASSED] - log.logInfo(getText(findTestObject("obj_reservation/P4P_2/span_( BK )"))): ( IN )

2020-01-15 13:41:17 - [MESSAGE][PASSED] - Text of object 'Object Repository/obj_reservation/P4P_2/span_( BK )' is: '( IN )'

2020-01-15 13:41:17 - [MESSAGE][INFO] - ( IN )

2020-01-15 13:41:17 - [TEST_STEP][PASSED] - delay(4): Delayed 4 second(s)

2020-01-15 13:41:21 - [MESSAGE][PASSED] - Delayed 4 second(s)

2020-01-15 13:41:21 - [TEST_STEP][PASSED] - cellCI = rowNewRes.createCell(28, 0): null

2020-01-15 13:41:21 - [TEST_STEP][PASSED] - cellCI.setCellType(CELL_TYPE_STRING): null

2020-01-15 13:41:21 - [TEST_STEP][PASSED] - cellCI.setCellValue(getText(findTestObject("obj_reservation/P4P_2/span_( BK )"))): Text of object 'Object Repository/obj_reservation/P4P_2/span_( BK )' is: '( IN )'

2020-01-15 13:41:22 - [MESSAGE][PASSED] - Text of object 'Object Repository/obj_reservation/P4P_2/span_( BK )' is: '( IN )'

2020-01-15 13:41:22 - [TEST_STEP][PASSED] - delay(4): Delayed 4 second(s)

2020-01-15 13:41:26 - [MESSAGE][PASSED] - Delayed 4 second(s)

2020-01-15 13:41:26 - [TEST_STEP][PASSED] - click(findTestObject("obj_reservation/4_/tab_checkOut")): Object: 'Object Repository/obj_reservation/4_/tab_checkOut' is clicked on

2020-01-15 13:41:27 - [MESSAGE][PASSED] - Object: 'Object Repository/obj_reservation/4_/tab_checkOut' is clicked on

2020-01-15 13:41:27 - [TEST_STEP][PASSED] - delay(60): Delayed 60 second(s)

2020-01-15 13:42:27 - [MESSAGE][PASSED] - Delayed 60 second(s)

2020-01-15 13:42:27 - [TEST_STEP][PASSED] - click(findTestObject("obj_reservation/4_/a_InitiateCheckout_tabCO")): Object: 'Object Repository/obj_reservation/4_/a_InitiateCheckout_tabCO' is clicked on

2020-01-15 13:42:27 - [MESSAGE][PASSED] - Object: 'Object Repository/obj_reservation/4_/a_InitiateCheckout_tabCO' is clicked on

2020-01-15 13:42:27 - [TEST_STEP][PASSED] - delay(9): Delayed 9 second(s)

2020-01-15 13:42:36 - [MESSAGE][PASSED] - Delayed 9 second(s)

2020-01-15 13:42:36 - [TEST_STEP][PASSED] - delay(4): Delayed 4 second(s)

2020-01-15 13:42:40 - [MESSAGE][PASSED] - Delayed 4 second(s)

2020-01-15 13:42:40 - [TEST_STEP][PASSED] - urlCO2 = getUrl(): Current window's url is: 'https://p4p-qa-bg.aws.paradise4paws.com/frontdesk/checkout/1702814/?parent_id=122352'

2020-01-15 13:42:40 - [MESSAGE][PASSED] - Current window's url is: 'https://p4p-qa-bg.aws.paradise4paws.com/frontdesk/checkout/1702814/?parent_id=122352'

2020-01-15 13:42:40 - [TEST_STEP][PASSED] - click(findTestObject("obj_reservation/4_/a_btnGO_tabCO")): Object: 'Object Repository/obj_reservation/4_/a_btnGO_tabCO' is clicked on

2020-01-15 13:42:41 - [MESSAGE][PASSED] - Object: 'Object Repository/obj_reservation/4_/a_btnGO_tabCO' is clicked on

2020-01-15 13:42:41 - [TEST_STEP][PASSED] - delay(4): Delayed 4 second(s)

2020-01-15 13:42:45 - [MESSAGE][PASSED] - Delayed 4 second(s)

2020-01-15 13:42:45 - [TEST_STEP][PASSED] - log.logInfo(urlCO2): https://p4p-qa-bg.aws.paradise4paws.com/frontdesk/checkout/1702814/?parent_id=122352

2020-01-15 13:42:45 - [MESSAGE][INFO] - https://p4p-qa-bg.aws.paradise4paws.com/frontdesk/checkout/1702814/?parent_id=122352

2020-01-15 13:42:45 - [TEST_STEP][PASSED] - navigateToUrl(urlCO2): Navigate to 'https://p4p-qa-bg.aws.paradise4paws.com/frontdesk/checkout/1702814/?parent_id=122352' successfully

2020-01-15 13:42:46 - [MESSAGE][PASSED] - Navigate to 'https://p4p-qa-bg.aws.paradise4paws.com/frontdesk/checkout/1702814/?parent_id=122352' successfully

2020-01-15 13:42:46 - [TEST_STEP][PASSED] - log.logInfo(getText(findTestObject("obj_reservation/P4P_2/span_( BK )"))): ( OUT )

2020-01-15 13:42:49 - [MESSAGE][PASSED] - Text of object 'Object Repository/obj_reservation/P4P_2/span_( BK )' is: '( OUT )'

2020-01-15 13:42:49 - [MESSAGE][INFO] - ( OUT )

2020-01-15 13:42:49 - [TEST_STEP][PASSED] - cellCO = rowNewRes.createCell(31, 0): null

2020-01-15 13:42:49 - [TEST_STEP][PASSED] - cellCO.setCellType(CELL_TYPE_STRING): null

2020-01-15 13:42:49 - [TEST_STEP][PASSED] - cellCO.setCellValue(getText(findTestObject("obj_reservation/P4P_2/span_( BK )"))): Text of object 'Object Repository/obj_reservation/P4P_2/span_( BK )' is: '( OUT )'

2020-01-15 13:42:49 - [MESSAGE][PASSED] - Text of object 'Object Repository/obj_reservation/P4P_2/span_( BK )' is: '( OUT )'

2020-01-15 13:42:49 - [TEST_STEP][PASSED] - delay(4): Delayed 4 second(s)

2020-01-15 13:42:53 - [MESSAGE][PASSED] - Delayed 4 second(s)

2020-01-15 13:42:53 - [TEST_STEP][PASSED] - fos = new java.io.FileOutputStream(/home/leonardo-arkusmty/Desktop/P4P/DATA_AUTOMATINTESTING/data_1newReservationBoarding.xlsx): null

2020-01-15 13:42:53 - [TEST_STEP][PASSED] - workbookNewRes.write(fos): null

2020-01-15 13:42:53 - [TEST_STEP][PASSED] - delay(1): Delayed 1 second(s)

2020-01-15 13:42:54 - [MESSAGE][PASSED] - Delayed 1 second(s)

2020-01-15 13:42:54 - [TEST_STEP][PASSED] - (var_row++): null]]></system-out>
         <system-err><![CDATA[]]></system-err>
      </testcase>
      <testcase name="Test Cases/p4p_newReservationBoarding" time="180.214" classname="Test Cases/p4p_newReservationBoarding" status="FAILED">
         <failure type="FAILED" message="Test Cases/p4p_newReservationBoarding FAILED.
Reason:
com.kms.katalon.core.exception.StepFailedException: Verify element text of test object 'Object Repository/obj_reservation/P4P_2/span_( BK )' FAILED.
	at com.kms.katalon.core.webui.keyword.internal.WebUIKeywordMain.stepFailed(WebUIKeywordMain.groovy:64)
	at com.kms.katalon.core.webui.keyword.internal.WebUIKeywordMain.runKeyword(WebUIKeywordMain.groovy:26)
	at com.kms.katalon.core.webui.keyword.builtin.VerifyElementTextKeyword.verifyElementText(VerifyElementTextKeyword.groovy:72)
	at com.kms.katalon.core.webui.keyword.builtin.VerifyElementTextKeyword.execute(VerifyElementTextKeyword.groovy:40)
	at com.kms.katalon.core.keyword.internal.KeywordExecutor.executeKeywordForPlatform(KeywordExecutor.groovy:60)
	at com.kms.katalon.core.webui.keyword.WebUiBuiltInKeywords.verifyElementText(WebUiBuiltInKeywords.groovy:3647)
	at com.kms.katalon.core.webui.keyword.WebUiBuiltInKeywords$verifyElementText$6.call(Unknown Source)
	at p4p_newReservationBoarding.run(p4p_newReservationBoarding:236)
	at com.kms.katalon.core.main.ScriptEngine.run(ScriptEngine.java:194)
	at com.kms.katalon.core.main.ScriptEngine.runScriptAsRawText(ScriptEngine.java:119)
	at com.kms.katalon.core.main.TestCaseExecutor.runScript(TestCaseExecutor.java:337)
	at com.kms.katalon.core.main.TestCaseExecutor.doExecute(TestCaseExecutor.java:328)
	at com.kms.katalon.core.main.TestCaseExecutor.processExecutionPhase(TestCaseExecutor.java:307)
	at com.kms.katalon.core.main.TestCaseExecutor.accessMainPhase(TestCaseExecutor.java:299)
	at com.kms.katalon.core.main.TestCaseExecutor.execute(TestCaseExecutor.java:233)
	at com.kms.katalon.core.main.TestSuiteExecutor.accessTestCaseMainPhase(TestSuiteExecutor.java:169)
	at com.kms.katalon.core.main.TestSuiteExecutor.accessTestSuiteMainPhase(TestSuiteExecutor.java:142)
	at com.kms.katalon.core.main.TestSuiteExecutor.execute(TestSuiteExecutor.java:91)
	at com.kms.katalon.core.main.TestCaseMain.startTestSuite(TestCaseMain.java:157)
	at com.kms.katalon.core.main.TestCaseMain$startTestSuite$0.call(Unknown Source)
	at TempTestSuite1579117199342.run(TempTestSuite1579117199342.groovy:36)
Caused by: com.kms.katalon.core.exception.StepFailedException: com.kms.katalon.core.webui.exception.WebElementNotFoundException: Web element with id: 'Object Repository/obj_reservation/P4P_2/span_( BK )' located by 'By.xpath: //div[@id='wrapper']/div/div/div/div/div/div/ul/li[4]/a/tab-heading/span' not found
	at com.kms.katalon.core.webui.keyword.internal.WebUIKeywordMain.stepFailed(WebUIKeywordMain.groovy:64)
	at com.kms.katalon.core.webui.keyword.builtin.VerifyElementTextKeyword$_verifyElementText_closure1.doCall(VerifyElementTextKeyword.groovy:64)
	at com.kms.katalon.core.webui.keyword.builtin.VerifyElementTextKeyword$_verifyElementText_closure1.call(VerifyElementTextKeyword.groovy)
	at com.kms.katalon.core.webui.keyword.internal.WebUIKeywordMain.runKeyword(WebUIKeywordMain.groovy:20)
	... 19 more
"/>
         <system-out><![CDATA[2020-01-15 13:42:54 - [TEST_CASE][FAILED] - Test Cases/p4p_newReservationBoarding: Test Cases/p4p_newReservationBoarding FAILED.
Reason:
com.kms.katalon.core.exception.StepFailedException: Verify element text of test object 'Object Repository/obj_reservation/P4P_2/span_( BK )' FAILED.
	at com.kms.katalon.core.webui.keyword.internal.WebUIKeywordMain.stepFailed(WebUIKeywordMain.groovy:64)
	at com.kms.katalon.core.webui.keyword.internal.WebUIKeywordMain.runKeyword(WebUIKeywordMain.groovy:26)
	at com.kms.katalon.core.webui.keyword.builtin.VerifyElementTextKeyword.verifyElementText(VerifyElementTextKeyword.groovy:72)
	at com.kms.katalon.core.webui.keyword.builtin.VerifyElementTextKeyword.execute(VerifyElementTextKeyword.groovy:40)
	at com.kms.katalon.core.keyword.internal.KeywordExecutor.executeKeywordForPlatform(KeywordExecutor.groovy:60)
	at com.kms.katalon.core.webui.keyword.WebUiBuiltInKeywords.verifyElementText(WebUiBuiltInKeywords.groovy:3647)
	at com.kms.katalon.core.webui.keyword.WebUiBuiltInKeywords$verifyElementText$6.call(Unknown Source)
	at p4p_newReservationBoarding.run(p4p_newReservationBoarding:236)
	at com.kms.katalon.core.main.ScriptEngine.run(ScriptEngine.java:194)
	at com.kms.katalon.core.main.ScriptEngine.runScriptAsRawText(ScriptEngine.java:119)
	at com.kms.katalon.core.main.TestCaseExecutor.runScript(TestCaseExecutor.java:337)
	at com.kms.katalon.core.main.TestCaseExecutor.doExecute(TestCaseExecutor.java:328)
	at com.kms.katalon.core.main.TestCaseExecutor.processExecutionPhase(TestCaseExecutor.java:307)
	at com.kms.katalon.core.main.TestCaseExecutor.accessMainPhase(TestCaseExecutor.java:299)
	at com.kms.katalon.core.main.TestCaseExecutor.execute(TestCaseExecutor.java:233)
	at com.kms.katalon.core.main.TestSuiteExecutor.accessTestCaseMainPhase(TestSuiteExecutor.java:169)
	at com.kms.katalon.core.main.TestSuiteExecutor.accessTestSuiteMainPhase(TestSuiteExecutor.java:142)
	at com.kms.katalon.core.main.TestSuiteExecutor.execute(TestSuiteExecutor.java:91)
	at com.kms.katalon.core.main.TestCaseMain.startTestSuite(TestCaseMain.java:157)
	at com.kms.katalon.core.main.TestCaseMain$startTestSuite$0.call(Unknown Source)
	at TempTestSuite1579117199342.run(TempTestSuite1579117199342.groovy:36)
Caused by: com.kms.katalon.core.exception.StepFailedException: com.kms.katalon.core.webui.exception.WebElementNotFoundException: Web element with id: 'Object Repository/obj_reservation/P4P_2/span_( BK )' located by 'By.xpath: //div[@id='wrapper']/div/div/div/div/div/div/ul/li[4]/a/tab-heading/span' not found
	at com.kms.katalon.core.webui.keyword.internal.WebUIKeywordMain.stepFailed(WebUIKeywordMain.groovy:64)
	at com.kms.katalon.core.webui.keyword.builtin.VerifyElementTextKeyword$_verifyElementText_closure1.doCall(VerifyElementTextKeyword.groovy:64)
	at com.kms.katalon.core.webui.keyword.builtin.VerifyElementTextKeyword$_verifyElementText_closure1.call(VerifyElementTextKeyword.groovy)
	at com.kms.katalon.core.webui.keyword.internal.WebUIKeywordMain.runKeyword(WebUIKeywordMain.groovy:20)
	... 19 more


2020-01-15 13:42:54 - [TEST_STEP][PASSED] - flagBoar = "0": null

2020-01-15 13:42:54 - [TEST_STEP][PASSED] - log = new com.kms.katalon.core.logging.KeywordLogger(): null

2020-01-15 13:42:54 - [TEST_STEP][PASSED] - fisNewRes = new java.io.FileInputStream(/home/leonardo-arkusmty/Desktop/P4P/DATA_AUTOMATINTESTING/data_1newReservationBoarding.xlsx): null

2020-01-15 13:42:54 - [TEST_STEP][PASSED] - fisInv = new java.io.FileInputStream(/home/leonardo-arkusmty/Desktop/P4P/DATA_AUTOMATINTESTING/data_3Invoices.xlsx): null

2020-01-15 13:42:54 - [TEST_STEP][PASSED] - workbookNewRes = new org.apache.poi.xssf.usermodel.XSSFWorkbook(fisNewRes): null

2020-01-15 13:42:54 - [TEST_STEP][PASSED] - workbookInv = new org.apache.poi.xssf.usermodel.XSSFWorkbook(fisInv): null

2020-01-15 13:42:54 - [TEST_STEP][PASSED] - sheetNewRes = workbookNewRes.getSheet("Sheet1"): null

2020-01-15 13:42:54 - [TEST_STEP][PASSED] - sheetInv = workbookInv.getSheet("Sheet1"): null

2020-01-15 13:42:54 - [TEST_STEP][PASSED] - rowCount = var_row: null

2020-01-15 13:42:54 - [TEST_STEP][PASSED] - var = Integer.parseInt(var_idRowRes): null

2020-01-15 13:42:54 - [TEST_STEP][PASSED] - rowNewRes = sheetNewRes.getRow(var): null

2020-01-15 13:42:54 - [TEST_STEP][PASSED] - rowInv = sheetInv.getRow(var): null

2020-01-15 13:42:54 - [TEST_STEP][PASSED] - today = new java.util.Date(): null

2020-01-15 13:42:54 - [TEST_STEP][PASSED] - todaysDate1 = today.format("yyyy"): null

2020-01-15 13:42:54 - [TEST_STEP][PASSED] - todaysDate2 = today.format("mm"): null

2020-01-15 13:42:54 - [TEST_STEP][PASSED] - todaysDate3 = today.format("dd"): null

2020-01-15 13:42:54 - [TEST_STEP][PASSED] - todaysDate4 = today.format("mmm/dd/yyyy"): null

2020-01-15 13:42:54 - [TEST_STEP][PASSED] - todaysDate5 = today.format("dd/mm/yyyy"): null

2020-01-15 13:42:54 - [TEST_STEP][PASSED] - nowTime = today.format("hhmm"): null

2020-01-15 13:42:54 - [TEST_STEP][PASSED] - dateCI = var_checkinD.split(","): null

2020-01-15 13:42:54 - [TEST_STEP][PASSED] - dateCO = var_checkoutD.split(","): null

2020-01-15 13:42:54 - [TEST_STEP][PASSED] - arryPets = var_pets.split(","): null

2020-01-15 13:42:54 - [TEST_STEP][PASSED] - openBrowser("https://p4p-qa-bg.aws.paradise4paws.com/login/"): Browser is opened with url: 'https://p4p-qa-bg.aws.paradise4paws.com/login/'

2020-01-15 13:42:54 - [MESSAGE][WARNING] - A browser is already opened. Closing browser and opening a new one

2020-01-15 13:42:54 - [MESSAGE][INFO] - Starting 'Chrome' driver

2020-01-15 13:42:57 - [MESSAGE][PASSED] - Browser is opened with url: 'https://p4p-qa-bg.aws.paradise4paws.com/login/'

2020-01-15 13:42:57 - [TEST_STEP][PASSED] - maximizeWindow(): Current window maximized

2020-01-15 13:42:57 - [MESSAGE][PASSED] - Current window maximized

2020-01-15 13:42:57 - [TEST_STEP][PASSED] - setText(findTestObject("obj_login/input_user"), var_user): Text 'jegchavez@gmail.com' is set on object 'Object Repository/obj_login/input_user'

2020-01-15 13:42:58 - [MESSAGE][PASSED] - Text 'jegchavez@gmail.com' is set on object 'Object Repository/obj_login/input_user'

2020-01-15 13:42:58 - [TEST_STEP][PASSED] - setText(findTestObject("obj_login/input_pass"), var_pass): Text 'admin1' is set on object 'Object Repository/obj_login/input_pass'

2020-01-15 13:42:58 - [MESSAGE][PASSED] - Text 'admin1' is set on object 'Object Repository/obj_login/input_pass'

2020-01-15 13:42:58 - [TEST_STEP][PASSED] - delay(1): Delayed 1 second(s)

2020-01-15 13:42:59 - [MESSAGE][PASSED] - Delayed 1 second(s)

2020-01-15 13:42:59 - [TEST_STEP][PASSED] - verifyElementClickable(findTestObject("obj_login/btn_login")): Object 'Object Repository/obj_login/btn_login' is clickable

2020-01-15 13:42:59 - [MESSAGE][PASSED] - Object 'Object Repository/obj_login/btn_login' is clickable

2020-01-15 13:42:59 - [TEST_STEP][PASSED] - click(findTestObject("obj_login/btn_login")): Object: 'Object Repository/obj_login/btn_login' is clicked on

2020-01-15 13:43:01 - [MESSAGE][PASSED] - Object: 'Object Repository/obj_login/btn_login' is clicked on

2020-01-15 13:43:01 - [TEST_STEP][PASSED] - delay(1): Delayed 1 second(s)

2020-01-15 13:43:02 - [MESSAGE][PASSED] - Delayed 1 second(s)

2020-01-15 13:43:02 - [TEST_STEP][PASSED] - setText(findTestObject("obj_dashboard_emp/input_search"), var_searchParent): Text 'katalon 1' is set on object 'Object Repository/obj_dashboard_emp/input_search'

2020-01-15 13:43:02 - [MESSAGE][PASSED] - Text 'katalon 1' is set on object 'Object Repository/obj_dashboard_emp/input_search'

2020-01-15 13:43:02 - [TEST_STEP][PASSED] - click(findTestObject("obj_dashboard_emp/btn_accountSearch")): Object: 'Object Repository/obj_dashboard_emp/btn_accountSearch' is clicked on

2020-01-15 13:43:03 - [MESSAGE][PASSED] - Object: 'Object Repository/obj_dashboard_emp/btn_accountSearch' is clicked on

2020-01-15 13:43:03 - [TEST_STEP][PASSED] - delay(1): Delayed 1 second(s)

2020-01-15 13:43:04 - [MESSAGE][PASSED] - Delayed 1 second(s)

2020-01-15 13:43:04 - [TEST_STEP][PASSED] - click(findTestObject("obj_accountInformation/a_TEST GABRIEL PROD")): Object: 'Object Repository/obj_accountInformation/a_TEST GABRIEL PROD' is clicked on

2020-01-15 13:43:05 - [MESSAGE][PASSED] - Object: 'Object Repository/obj_accountInformation/a_TEST GABRIEL PROD' is clicked on

2020-01-15 13:43:05 - [TEST_STEP][PASSED] - delay(1): Delayed 1 second(s)

2020-01-15 13:43:06 - [MESSAGE][PASSED] - Delayed 1 second(s)

2020-01-15 13:43:06 - [TEST_STEP][PASSED] - click(findTestObject("obj_profile/a_addReservation")): Object: 'Object Repository/obj_profile/a_addReservation' is clicked on

2020-01-15 13:43:09 - [MESSAGE][PASSED] - Object: 'Object Repository/obj_profile/a_addReservation' is clicked on

2020-01-15 13:43:09 - [TEST_STEP][PASSED] - delay(1): Delayed 1 second(s)

2020-01-15 13:43:10 - [MESSAGE][PASSED] - Delayed 1 second(s)

2020-01-15 13:43:10 - [TEST_STEP][PASSED] - click(findTestObject("obj_reservation/4_/btn_Boarding")): Object: 'Object Repository/obj_reservation/4_/btn_Boarding' is clicked on

2020-01-15 13:43:11 - [MESSAGE][PASSED] - Object: 'Object Repository/obj_reservation/4_/btn_Boarding' is clicked on

2020-01-15 13:43:11 - [TEST_STEP][PASSED] - flagBoar = "1": null

2020-01-15 13:43:11 - [TEST_STEP][PASSED] - click(findTestObject("obj_reservation/4_/i_location")): Object: 'Object Repository/obj_reservation/4_/i_location' is clicked on

2020-01-15 13:43:13 - [MESSAGE][PASSED] - Object: 'Object Repository/obj_reservation/4_/i_location' is clicked on

2020-01-15 13:43:13 - [TEST_STEP][PASSED] - delay(1): Delayed 1 second(s)

2020-01-15 13:43:14 - [MESSAGE][PASSED] - Delayed 1 second(s)

2020-01-15 13:43:14 - [TEST_STEP][PASSED] - click(findTestObject("obj_reservation/2_facility/i_" + var_idFacility + "_facility")): Object: 'Object Repository/obj_reservation/2_facility/i_3_facility' is clicked on

2020-01-15 13:43:15 - [MESSAGE][PASSED] - Object: 'Object Repository/obj_reservation/2_facility/i_3_facility' is clicked on

2020-01-15 13:43:15 - [TEST_STEP][PASSED] - delay(1): Delayed 1 second(s)

2020-01-15 13:43:16 - [MESSAGE][PASSED] - Delayed 1 second(s)

2020-01-15 13:43:16 - [TEST_STEP][PASSED] - click(findTestObject("obj_reservation/4_/dateCheckIn")): Object: 'Object Repository/obj_reservation/4_/dateCheckIn' is clicked on

2020-01-15 13:43:18 - [MESSAGE][PASSED] - Object: 'Object Repository/obj_reservation/4_/dateCheckIn' is clicked on

2020-01-15 13:43:18 - [TEST_STEP][PASSED] - delay(1): Delayed 1 second(s)

2020-01-15 13:43:19 - [MESSAGE][PASSED] - Delayed 1 second(s)

2020-01-15 13:43:19 - [TEST_STEP][PASSED] - click(findTestObject("obj_reservation/3_date2020/0120/CI/button_" + dateCI[0] + "01_ci")): Object: 'Object Repository/obj_reservation/3_date2020/0120/CI/button_0301_ci' is clicked on

2020-01-15 13:43:19 - [MESSAGE][PASSED] - Object: 'Object Repository/obj_reservation/3_date2020/0120/CI/button_0301_ci' is clicked on

2020-01-15 13:43:19 - [TEST_STEP][PASSED] - if (flagBoar == "1"): Object: 'Object Repository/obj_reservation/3_date2020/0120/CO/button_0401_co' is clicked on

2020-01-15 13:43:19 - [TEST_STEP][PASSED] - click(findTestObject("obj_reservation/4_/dateCheckOut")): Object: 'Object Repository/obj_reservation/4_/dateCheckOut' is clicked on

2020-01-15 13:43:20 - [MESSAGE][PASSED] - Object: 'Object Repository/obj_reservation/4_/dateCheckOut' is clicked on

2020-01-15 13:43:20 - [TEST_STEP][PASSED] - delay(1): Delayed 1 second(s)

2020-01-15 13:43:21 - [MESSAGE][PASSED] - Delayed 1 second(s)

2020-01-15 13:43:21 - [TEST_STEP][PASSED] - click(findTestObject("obj_reservation/3_date2020/0120/CO/button_" + dateCO[0] + "01_co")): Object: 'Object Repository/obj_reservation/3_date2020/0120/CO/button_0401_co' is clicked on

2020-01-15 13:43:21 - [MESSAGE][PASSED] - Object: 'Object Repository/obj_reservation/3_date2020/0120/CO/button_0401_co' is clicked on

2020-01-15 13:43:21 - [TEST_STEP][PASSED] - if (var_checkinT.size() == 1): null

2020-01-15 13:43:21 - [TEST_STEP][PASSED] - if (var_checkinT.size() == 2): null

2020-01-15 13:43:21 - [TEST_STEP][PASSED] - if (var_checkinT.size() == 3): null

2020-01-15 13:43:21 - [TEST_STEP][PASSED] - var_checkinT = "0" + var_checkinT: null

2020-01-15 13:43:21 - [TEST_STEP][PASSED] - click(findTestObject("obj_reservation/4_/timeCheckin")): Object: 'Object Repository/obj_reservation/4_/timeCheckin' is clicked on

2020-01-15 13:43:22 - [MESSAGE][PASSED] - Object: 'Object Repository/obj_reservation/4_/timeCheckin' is clicked on

2020-01-15 13:43:22 - [TEST_STEP][PASSED] - click(findTestObject("obj_reservation/0_horas/CI/time_" + var_checkinT + "_ci")): Object: 'Object Repository/obj_reservation/0_horas/CI/time_0830_ci' is clicked on

2020-01-15 13:43:22 - [MESSAGE][PASSED] - Object: 'Object Repository/obj_reservation/0_horas/CI/time_0830_ci' is clicked on

2020-01-15 13:43:22 - [TEST_STEP][PASSED] - click(findTestObject("obj_reservation/4_/timeCheckOut")): Object: 'Object Repository/obj_reservation/4_/timeCheckOut' is clicked on

2020-01-15 13:43:23 - [MESSAGE][PASSED] - Object: 'Object Repository/obj_reservation/4_/timeCheckOut' is clicked on

2020-01-15 13:43:23 - [TEST_STEP][PASSED] - click(findTestObject("obj_reservation/0_horas/CO/time_" + var_checkoutT + "_co")): Object: 'Object Repository/obj_reservation/0_horas/CO/time_1200_co' is clicked on

2020-01-15 13:43:24 - [MESSAGE][PASSED] - Object: 'Object Repository/obj_reservation/0_horas/CO/time_1200_co' is clicked on

2020-01-15 13:43:24 - [TEST_STEP][PASSED] - delay(2): Delayed 2 second(s)

2020-01-15 13:43:26 - [MESSAGE][PASSED] - Delayed 2 second(s)

2020-01-15 13:43:26 - [TEST_STEP][PASSED] - if (arryPets.size() == 1): null

2020-01-15 13:43:26 - [TEST_STEP][PASSED] - else if (arryPets.size() == 2): Object: 'Object Repository/obj_reservation/4_/div_Zeus' is clicked on

2020-01-15 13:43:26 - [TEST_STEP][PASSED] - click(findTestObject("obj_reservation/P4P_5/div_Ares")): Object: 'Object Repository/obj_reservation/P4P_5/div_Ares' is clicked on

2020-01-15 13:43:27 - [MESSAGE][PASSED] - Object: 'Object Repository/obj_reservation/P4P_5/div_Ares' is clicked on

2020-01-15 13:43:27 - [TEST_STEP][PASSED] - click(findTestObject("obj_reservation/4_/div_Zeus")): Object: 'Object Repository/obj_reservation/4_/div_Zeus' is clicked on

2020-01-15 13:43:32 - [MESSAGE][PASSED] - Object: 'Object Repository/obj_reservation/4_/div_Zeus' is clicked on

2020-01-15 13:43:32 - [TEST_STEP][PASSED] - stringDeposit = getText(findTestObject("obj_reservation/4_/span_requiresdeposit"), CONTINUE_ON_FAILURE): Text of object 'Object Repository/obj_reservation/4_/span_requiresdeposit' is: 'You are making a reservation for a special period of time that may have special pricing and requires a deposit. (12/20/2019 - 01/05/2020)'

2020-01-15 13:43:37 - [MESSAGE][PASSED] - Text of object 'Object Repository/obj_reservation/4_/span_requiresdeposit' is: 'You are making a reservation for a special period of time that may have special pricing and requires a deposit. (12/20/2019 - 01/05/2020)'

2020-01-15 13:43:37 - [TEST_STEP][PASSED] - varHoliday = 0: null

2020-01-15 13:43:37 - [TEST_STEP][PASSED] - if (stringDeposit != null): null

2020-01-15 13:43:37 - [TEST_STEP][PASSED] - varHoliday = 1: null

2020-01-15 13:43:37 - [TEST_STEP][PASSED] - try: Object: 'Object Repository/obj_reservation/4_/div_suite_rad_deluxe' is clicked on

2020-01-15 13:43:37 - [TEST_STEP][PASSED] - click(findTestObject("obj_reservation/4_/div_suite_rad_deluxe")): Object: 'Object Repository/obj_reservation/4_/div_suite_rad_deluxe' is clicked on

2020-01-15 13:43:38 - [MESSAGE][PASSED] - Object: 'Object Repository/obj_reservation/4_/div_suite_rad_deluxe' is clicked on

2020-01-15 13:43:38 - [TEST_STEP][PASSED] - click(findTestObject("obj_reservation/4_/btn_next2")): Object: 'Object Repository/obj_reservation/4_/btn_next2' is clicked on

2020-01-15 13:43:39 - [MESSAGE][PASSED] - Object: 'Object Repository/obj_reservation/4_/btn_next2' is clicked on

2020-01-15 13:43:39 - [TEST_STEP][PASSED] - delay(1): Delayed 1 second(s)

2020-01-15 13:43:40 - [MESSAGE][PASSED] - Delayed 1 second(s)

2020-01-15 13:43:40 - [TEST_STEP][PASSED] - delay(1): Delayed 1 second(s)

2020-01-15 13:43:41 - [MESSAGE][PASSED] - Delayed 1 second(s)

2020-01-15 13:43:41 - [TEST_STEP][PASSED] - click(findTestObject("obj_reservation/4_/btn_next2")): Object: 'Object Repository/obj_reservation/4_/btn_next2' is clicked on

2020-01-15 13:43:41 - [MESSAGE][PASSED] - Object: 'Object Repository/obj_reservation/4_/btn_next2' is clicked on

2020-01-15 13:43:41 - [TEST_STEP][PASSED] - delay(1): Delayed 1 second(s)

2020-01-15 13:43:42 - [MESSAGE][PASSED] - Delayed 1 second(s)

2020-01-15 13:43:42 - [TEST_STEP][PASSED] - click(findTestObject("obj_reservation/4_/button_Submit Reservation")): Object: 'Object Repository/obj_reservation/4_/button_Submit Reservation' is clicked on

2020-01-15 13:43:43 - [MESSAGE][PASSED] - Object: 'Object Repository/obj_reservation/4_/button_Submit Reservation' is clicked on

2020-01-15 13:43:43 - [TEST_STEP][PASSED] - delay(1): Delayed 1 second(s)

2020-01-15 13:43:44 - [MESSAGE][PASSED] - Delayed 1 second(s)

2020-01-15 13:43:44 - [TEST_STEP][PASSED] - if (flagBoar == "2" && var_repeatingEvery == "Daily" || var_repeatingEvery == "Monthly" || var_repeatingEvery == "Weekly"): null

2020-01-15 13:43:44 - [TEST_STEP][FAILED] - else: null

2020-01-15 13:43:44 - [TEST_STEP][PASSED] - delay(2): Delayed 2 second(s)

2020-01-15 13:43:46 - [MESSAGE][PASSED] - Delayed 2 second(s)

2020-01-15 13:43:46 - [TEST_STEP][FAILED] - try: Unable to click on object 'Object Repository/obj_reservation/4_/button_Return To Reservation' (Root cause: com.kms.katalon.core.exception.StepFailedException: Unable to click on object 'Object Repository/obj_reservation/4_/button_Return To Reservation'
	at com.kms.katalon.core.webui.keyword.internal.WebUIKeywordMain.stepFailed(WebUIKeywordMain.groovy:64)
	at com.kms.katalon.core.webui.keyword.internal.WebUIKeywordMain.runKeyword(WebUIKeywordMain.groovy:26)
	at com.kms.katalon.core.webui.keyword.builtin.ClickKeyword.click(ClickKeyword.groovy:99)
	at com.kms.katalon.core.webui.keyword.builtin.ClickKeyword.execute(ClickKeyword.groovy:43)
	at com.kms.katalon.core.keyword.internal.KeywordExecutor.executeKeywordForPlatform(KeywordExecutor.groovy:60)
	at com.kms.katalon.core.webui.keyword.WebUiBuiltInKeywords.click(WebUiBuiltInKeywords.groovy:616)
	at com.kms.katalon.core.webui.keyword.WebUiBuiltInKeywords$click$3.call(Unknown Source)
	at p4p_newReservationBoarding.run(p4p_newReservationBoarding:210)
	at com.kms.katalon.core.main.ScriptEngine.run(ScriptEngine.java:194)
	at com.kms.katalon.core.main.ScriptEngine.runScriptAsRawText(ScriptEngine.java:119)
	at com.kms.katalon.core.main.TestCaseExecutor.runScript(TestCaseExecutor.java:337)
	at com.kms.katalon.core.main.TestCaseExecutor.doExecute(TestCaseExecutor.java:328)
	at com.kms.katalon.core.main.TestCaseExecutor.processExecutionPhase(TestCaseExecutor.java:307)
	at com.kms.katalon.core.main.TestCaseExecutor.accessMainPhase(TestCaseExecutor.java:299)
	at com.kms.katalon.core.main.TestCaseExecutor.execute(TestCaseExecutor.java:233)
	at com.kms.katalon.core.main.TestSuiteExecutor.accessTestCaseMainPhase(TestSuiteExecutor.java:169)
	at com.kms.katalon.core.main.TestSuiteExecutor.accessTestSuiteMainPhase(TestSuiteExecutor.java:142)
	at com.kms.katalon.core.main.TestSuiteExecutor.execute(TestSuiteExecutor.java:91)
	at com.kms.katalon.core.main.TestCaseMain.startTestSuite(TestCaseMain.java:157)
	at com.kms.katalon.core.main.TestCaseMain$startTestSuite$0.call(Unknown Source)
	at TempTestSuite1579117199342.run(TempTestSuite1579117199342.groovy:36)
Caused by: com.kms.katalon.core.webui.exception.WebElementNotFoundException: Web element with id: 'Object Repository/obj_reservation/4_/button_Return To Reservation' located by 'By.xpath: (//button[@type='button'])[13]' not found
	at com.kms.katalon.core.webui.common.WebUiCommonHelper.findWebElement(WebUiCommonHelper.java:1113)
	at com.kms.katalon.core.webui.keyword.internal.WebUIAbstractKeyword.findWebElement(WebUIAbstractKeyword.groovy:27)
	at com.kms.katalon.core.webui.keyword.internal.WebUIAbstractKeyword.findWebElement(WebUIAbstractKeyword.groovy:26)
	at com.kms.katalon.core.webui.keyword.builtin.ClickKeyword$_click_closure1.doCall(ClickKeyword.groovy:68)
	at com.kms.katalon.core.webui.keyword.builtin.ClickKeyword$_click_closure1.call(ClickKeyword.groovy)
	at com.kms.katalon.core.webui.keyword.internal.WebUIKeywordMain.runKeyword(WebUIKeywordMain.groovy:20)
	at com.kms.katalon.core.webui.keyword.builtin.ClickKeyword.click(ClickKeyword.groovy:99)
	at com.kms.katalon.core.webui.keyword.builtin.ClickKeyword.execute(ClickKeyword.groovy:43)
	at com.kms.katalon.core.keyword.internal.KeywordExecutor.executeKeywordForPlatform(KeywordExecutor.groovy:60)
	at com.kms.katalon.core.webui.keyword.WebUiBuiltInKeywords.click(WebUiBuiltInKeywords.groovy:616)
	at com.kms.katalon.core.webui.keyword.WebUiBuiltInKeywords$click$3.call(Unknown Source)
	at Script1576482987688.run(Script1576482987688.groovy:210)
	... 13 more
)

2020-01-15 13:43:46 - [TEST_STEP][FAILED] - click(findTestObject("obj_reservation/4_/button_Return To Reservation")): Unable to click on object 'Object Repository/obj_reservation/4_/button_Return To Reservation' (Root cause: com.kms.katalon.core.exception.StepFailedException: Unable to click on object 'Object Repository/obj_reservation/4_/button_Return To Reservation'
	at com.kms.katalon.core.webui.keyword.internal.WebUIKeywordMain.stepFailed(WebUIKeywordMain.groovy:64)
	at com.kms.katalon.core.webui.keyword.internal.WebUIKeywordMain.runKeyword(WebUIKeywordMain.groovy:26)
	at com.kms.katalon.core.webui.keyword.builtin.ClickKeyword.click(ClickKeyword.groovy:99)
	at com.kms.katalon.core.webui.keyword.builtin.ClickKeyword.execute(ClickKeyword.groovy:43)
	at com.kms.katalon.core.keyword.internal.KeywordExecutor.executeKeywordForPlatform(KeywordExecutor.groovy:60)
	at com.kms.katalon.core.webui.keyword.WebUiBuiltInKeywords.click(WebUiBuiltInKeywords.groovy:616)
	at com.kms.katalon.core.webui.keyword.WebUiBuiltInKeywords$click$3.call(Unknown Source)
	at p4p_newReservationBoarding.run(p4p_newReservationBoarding:210)
	at com.kms.katalon.core.main.ScriptEngine.run(ScriptEngine.java:194)
	at com.kms.katalon.core.main.ScriptEngine.runScriptAsRawText(ScriptEngine.java:119)
	at com.kms.katalon.core.main.TestCaseExecutor.runScript(TestCaseExecutor.java:337)
	at com.kms.katalon.core.main.TestCaseExecutor.doExecute(TestCaseExecutor.java:328)
	at com.kms.katalon.core.main.TestCaseExecutor.processExecutionPhase(TestCaseExecutor.java:307)
	at com.kms.katalon.core.main.TestCaseExecutor.accessMainPhase(TestCaseExecutor.java:299)
	at com.kms.katalon.core.main.TestCaseExecutor.execute(TestCaseExecutor.java:233)
	at com.kms.katalon.core.main.TestSuiteExecutor.accessTestCaseMainPhase(TestSuiteExecutor.java:169)
	at com.kms.katalon.core.main.TestSuiteExecutor.accessTestSuiteMainPhase(TestSuiteExecutor.java:142)
	at com.kms.katalon.core.main.TestSuiteExecutor.execute(TestSuiteExecutor.java:91)
	at com.kms.katalon.core.main.TestCaseMain.startTestSuite(TestCaseMain.java:157)
	at com.kms.katalon.core.main.TestCaseMain$startTestSuite$0.call(Unknown Source)
	at TempTestSuite1579117199342.run(TempTestSuite1579117199342.groovy:36)
Caused by: com.kms.katalon.core.webui.exception.WebElementNotFoundException: Web element with id: 'Object Repository/obj_reservation/4_/button_Return To Reservation' located by 'By.xpath: (//button[@type='button'])[13]' not found
	at com.kms.katalon.core.webui.common.WebUiCommonHelper.findWebElement(WebUiCommonHelper.java:1113)
	at com.kms.katalon.core.webui.keyword.internal.WebUIAbstractKeyword.findWebElement(WebUIAbstractKeyword.groovy:27)
	at com.kms.katalon.core.webui.keyword.internal.WebUIAbstractKeyword.findWebElement(WebUIAbstractKeyword.groovy:26)
	at com.kms.katalon.core.webui.keyword.builtin.ClickKeyword$_click_closure1.doCall(ClickKeyword.groovy:68)
	at com.kms.katalon.core.webui.keyword.builtin.ClickKeyword$_click_closure1.call(ClickKeyword.groovy)
	at com.kms.katalon.core.webui.keyword.internal.WebUIKeywordMain.runKeyword(WebUIKeywordMain.groovy:20)
	at com.kms.katalon.core.webui.keyword.builtin.ClickKeyword.click(ClickKeyword.groovy:99)
	at com.kms.katalon.core.webui.keyword.builtin.ClickKeyword.execute(ClickKeyword.groovy:43)
	at com.kms.katalon.core.keyword.internal.KeywordExecutor.executeKeywordForPlatform(KeywordExecutor.groovy:60)
	at com.kms.katalon.core.webui.keyword.WebUiBuiltInKeywords.click(WebUiBuiltInKeywords.groovy:616)
	at com.kms.katalon.core.webui.keyword.WebUiBuiltInKeywords$click$3.call(Unknown Source)
	at Script1576482987688.run(Script1576482987688.groovy:210)
	... 13 more
)

2020-01-15 13:44:31 - [MESSAGE][INFO] - Unable to find the element located by 'By.xpath: (//button[@type='button'])[13]'. Please recheck the objects properties to make sure the desired element is located. 

2020-01-15 13:44:31 - [MESSAGE][FAILED] - Unable to click on object 'Object Repository/obj_reservation/4_/button_Return To Reservation' (Root cause: com.kms.katalon.core.exception.StepFailedException: Unable to click on object 'Object Repository/obj_reservation/4_/button_Return To Reservation'
	at com.kms.katalon.core.webui.keyword.internal.WebUIKeywordMain.stepFailed(WebUIKeywordMain.groovy:64)
	at com.kms.katalon.core.webui.keyword.internal.WebUIKeywordMain.runKeyword(WebUIKeywordMain.groovy:26)
	at com.kms.katalon.core.webui.keyword.builtin.ClickKeyword.click(ClickKeyword.groovy:99)
	at com.kms.katalon.core.webui.keyword.builtin.ClickKeyword.execute(ClickKeyword.groovy:43)
	at com.kms.katalon.core.keyword.internal.KeywordExecutor.executeKeywordForPlatform(KeywordExecutor.groovy:60)
	at com.kms.katalon.core.webui.keyword.WebUiBuiltInKeywords.click(WebUiBuiltInKeywords.groovy:616)
	at com.kms.katalon.core.webui.keyword.WebUiBuiltInKeywords$click$3.call(Unknown Source)
	at p4p_newReservationBoarding.run(p4p_newReservationBoarding:210)
	at com.kms.katalon.core.main.ScriptEngine.run(ScriptEngine.java:194)
	at com.kms.katalon.core.main.ScriptEngine.runScriptAsRawText(ScriptEngine.java:119)
	at com.kms.katalon.core.main.TestCaseExecutor.runScript(TestCaseExecutor.java:337)
	at com.kms.katalon.core.main.TestCaseExecutor.doExecute(TestCaseExecutor.java:328)
	at com.kms.katalon.core.main.TestCaseExecutor.processExecutionPhase(TestCaseExecutor.java:307)
	at com.kms.katalon.core.main.TestCaseExecutor.accessMainPhase(TestCaseExecutor.java:299)
	at com.kms.katalon.core.main.TestCaseExecutor.execute(TestCaseExecutor.java:233)
	at com.kms.katalon.core.main.TestSuiteExecutor.accessTestCaseMainPhase(TestSuiteExecutor.java:169)
	at com.kms.katalon.core.main.TestSuiteExecutor.accessTestSuiteMainPhase(TestSuiteExecutor.java:142)
	at com.kms.katalon.core.main.TestSuiteExecutor.execute(TestSuiteExecutor.java:91)
	at com.kms.katalon.core.main.TestCaseMain.startTestSuite(TestCaseMain.java:157)
	at com.kms.katalon.core.main.TestCaseMain$startTestSuite$0.call(Unknown Source)
	at TempTestSuite1579117199342.run(TempTestSuite1579117199342.groovy:36)
Caused by: com.kms.katalon.core.webui.exception.WebElementNotFoundException: Web element with id: 'Object Repository/obj_reservation/4_/button_Return To Reservation' located by 'By.xpath: (//button[@type='button'])[13]' not found
	at com.kms.katalon.core.webui.common.WebUiCommonHelper.findWebElement(WebUiCommonHelper.java:1113)
	at com.kms.katalon.core.webui.keyword.internal.WebUIAbstractKeyword.findWebElement(WebUIAbstractKeyword.groovy:27)
	at com.kms.katalon.core.webui.keyword.internal.WebUIAbstractKeyword.findWebElement(WebUIAbstractKeyword.groovy:26)
	at com.kms.katalon.core.webui.keyword.builtin.ClickKeyword$_click_closure1.doCall(ClickKeyword.groovy:68)
	at com.kms.katalon.core.webui.keyword.builtin.ClickKeyword$_click_closure1.call(ClickKeyword.groovy)
	at com.kms.katalon.core.webui.keyword.internal.WebUIKeywordMain.runKeyword(WebUIKeywordMain.groovy:20)
	at com.kms.katalon.core.webui.keyword.builtin.ClickKeyword.click(ClickKeyword.groovy:99)
	at com.kms.katalon.core.webui.keyword.builtin.ClickKeyword.execute(ClickKeyword.groovy:43)
	at com.kms.katalon.core.keyword.internal.KeywordExecutor.executeKeywordForPlatform(KeywordExecutor.groovy:60)
	at com.kms.katalon.core.webui.keyword.WebUiBuiltInKeywords.click(WebUiBuiltInKeywords.groovy:616)
	at com.kms.katalon.core.webui.keyword.WebUiBuiltInKeywords$click$3.call(Unknown Source)
	at Script1576482987688.run(Script1576482987688.groovy:210)
	... 13 more
)
[[ATTACHMENT|/home/leonardo-arkusmty/Documents/workspaceKatalon/p4ptest/Reports/20200115_133959/ts_newReservationBoarding/20200115_133959/1579117471484.png]]

2020-01-15 13:44:31 - [TEST_STEP][PASSED] - catch (Exception e): Delayed 1 second(s)

2020-01-15 13:44:31 - [TEST_STEP][PASSED] - e.printStackTrace(): null

2020-01-15 13:44:31 - [TEST_STEP][PASSED] - log.logInfo("ERROR EXCEPCION"): ERROR EXCEPCION

2020-01-15 13:44:31 - [MESSAGE][INFO] - ERROR EXCEPCION

2020-01-15 13:44:31 - [TEST_STEP][PASSED] - cell1Err = rowNewRes.createCell(18, 0): null

2020-01-15 13:44:31 - [TEST_STEP][PASSED] - cell2Err = rowNewRes.createCell(19, 0): null

2020-01-15 13:44:31 - [TEST_STEP][PASSED] - cell1Err.setCellType(CELL_TYPE_STRING): null

2020-01-15 13:44:31 - [TEST_STEP][PASSED] - cell1Err.setCellValue("Error"): null

2020-01-15 13:44:31 - [TEST_STEP][PASSED] - cell2Err.setCellType(CELL_TYPE_STRING): null

2020-01-15 13:44:31 - [TEST_STEP][PASSED] - cell2Err.setCellValue("Reservacion existente"): null

2020-01-15 13:44:31 - [TEST_STEP][PASSED] - fos = new java.io.FileOutputStream(/home/leonardo-arkusmty/Desktop/P4P/DATA_AUTOMATINTESTING/data_1newReservationBoarding.xlsx): null

2020-01-15 13:44:31 - [TEST_STEP][PASSED] - workbookNewRes.write(fos): null

2020-01-15 13:44:31 - [TEST_STEP][PASSED] - fos.close(): null

2020-01-15 13:44:31 - [TEST_STEP][PASSED] - delay(1): Delayed 1 second(s)

2020-01-15 13:44:32 - [MESSAGE][PASSED] - Delayed 1 second(s)

2020-01-15 13:44:32 - [TEST_STEP][PASSED] - delay(3): Delayed 3 second(s)

2020-01-15 13:44:35 - [MESSAGE][PASSED] - Delayed 3 second(s)

2020-01-15 13:44:35 - [TEST_STEP][PASSED] - click(findTestObject("obj_reservation/P4P_2/button_Go to CheckOut")): Object: 'Object Repository/obj_reservation/P4P_2/button_Go to CheckOut' is clicked on

2020-01-15 13:45:08 - [MESSAGE][PASSED] - Object: 'Object Repository/obj_reservation/P4P_2/button_Go to CheckOut' is clicked on

2020-01-15 13:45:08 - [TEST_STEP][PASSED] - delay(2): Delayed 2 second(s)

2020-01-15 13:45:10 - [MESSAGE][PASSED] - Delayed 2 second(s)

2020-01-15 13:45:10 - [TEST_STEP][PASSED] - var_url = getUrl(): Current window's url is: 'https://p4p-qa-bg.aws.paradise4paws.com/reservations/add/?parent_id=122352'

2020-01-15 13:45:10 - [MESSAGE][PASSED] - Current window's url is: 'https://p4p-qa-bg.aws.paradise4paws.com/reservations/add/?parent_id=122352'

2020-01-15 13:45:10 - [TEST_STEP][PASSED] - arrayUrl = var_url.split("/"): null

2020-01-15 13:45:10 - [TEST_STEP][FAILED] - verifyElementText(findTestObject("obj_reservation/P4P_2/span_( BK )"), "( BK )", STOP_ON_FAILURE): Verify element text of test object 'Object Repository/obj_reservation/P4P_2/span_( BK )' FAILED. (Root cause: com.kms.katalon.core.exception.StepFailedException: Verify element text of test object 'Object Repository/obj_reservation/P4P_2/span_( BK )' FAILED.
	at com.kms.katalon.core.webui.keyword.internal.WebUIKeywordMain.stepFailed(WebUIKeywordMain.groovy:64)
	at com.kms.katalon.core.webui.keyword.internal.WebUIKeywordMain.runKeyword(WebUIKeywordMain.groovy:26)
	at com.kms.katalon.core.webui.keyword.builtin.VerifyElementTextKeyword.verifyElementText(VerifyElementTextKeyword.groovy:72)
	at com.kms.katalon.core.webui.keyword.builtin.VerifyElementTextKeyword.execute(VerifyElementTextKeyword.groovy:40)
	at com.kms.katalon.core.keyword.internal.KeywordExecutor.executeKeywordForPlatform(KeywordExecutor.groovy:60)
	at com.kms.katalon.core.webui.keyword.WebUiBuiltInKeywords.verifyElementText(WebUiBuiltInKeywords.groovy:3647)
	at com.kms.katalon.core.webui.keyword.WebUiBuiltInKeywords$verifyElementText$6.call(Unknown Source)
	at p4p_newReservationBoarding.run(p4p_newReservationBoarding:236)
	at com.kms.katalon.core.main.ScriptEngine.run(ScriptEngine.java:194)
	at com.kms.katalon.core.main.ScriptEngine.runScriptAsRawText(ScriptEngine.java:119)
	at com.kms.katalon.core.main.TestCaseExecutor.runScript(TestCaseExecutor.java:337)
	at com.kms.katalon.core.main.TestCaseExecutor.doExecute(TestCaseExecutor.java:328)
	at com.kms.katalon.core.main.TestCaseExecutor.processExecutionPhase(TestCaseExecutor.java:307)
	at com.kms.katalon.core.main.TestCaseExecutor.accessMainPhase(TestCaseExecutor.java:299)
	at com.kms.katalon.core.main.TestCaseExecutor.execute(TestCaseExecutor.java:233)
	at com.kms.katalon.core.main.TestSuiteExecutor.accessTestCaseMainPhase(TestSuiteExecutor.java:169)
	at com.kms.katalon.core.main.TestSuiteExecutor.accessTestSuiteMainPhase(TestSuiteExecutor.java:142)
	at com.kms.katalon.core.main.TestSuiteExecutor.execute(TestSuiteExecutor.java:91)
	at com.kms.katalon.core.main.TestCaseMain.startTestSuite(TestCaseMain.java:157)
	at com.kms.katalon.core.main.TestCaseMain$startTestSuite$0.call(Unknown Source)
	at TempTestSuite1579117199342.run(TempTestSuite1579117199342.groovy:36)
Caused by: com.kms.katalon.core.exception.StepFailedException: com.kms.katalon.core.webui.exception.WebElementNotFoundException: Web element with id: 'Object Repository/obj_reservation/P4P_2/span_( BK )' located by 'By.xpath: //div[@id='wrapper']/div/div/div/div/div/div/ul/li[4]/a/tab-heading/span' not found
	at com.kms.katalon.core.webui.keyword.internal.WebUIKeywordMain.stepFailed(WebUIKeywordMain.groovy:64)
	at com.kms.katalon.core.webui.keyword.builtin.VerifyElementTextKeyword$_verifyElementText_closure1.doCall(VerifyElementTextKeyword.groovy:64)
	at com.kms.katalon.core.webui.keyword.builtin.VerifyElementTextKeyword$_verifyElementText_closure1.call(VerifyElementTextKeyword.groovy)
	at com.kms.katalon.core.webui.keyword.internal.WebUIKeywordMain.runKeyword(WebUIKeywordMain.groovy:20)
	... 19 more
)

2020-01-15 13:45:54 - [MESSAGE][INFO] - Unable to find the element located by 'By.xpath: //div[@id='wrapper']/div/div/div/div/div/div/ul/li[4]/a/tab-heading/span'. Please recheck the objects properties to make sure the desired element is located. 

2020-01-15 13:45:54 - [MESSAGE][FAILED] - com.kms.katalon.core.webui.exception.WebElementNotFoundException: Web element with id: 'Object Repository/obj_reservation/P4P_2/span_( BK )' located by 'By.xpath: //div[@id='wrapper']/div/div/div/div/div/div/ul/li[4]/a/tab-heading/span' not found (Root cause: com.kms.katalon.core.exception.StepFailedException: com.kms.katalon.core.webui.exception.WebElementNotFoundException: Web element with id: 'Object Repository/obj_reservation/P4P_2/span_( BK )' located by 'By.xpath: //div[@id='wrapper']/div/div/div/div/div/div/ul/li[4]/a/tab-heading/span' not found
	at com.kms.katalon.core.webui.keyword.internal.WebUIKeywordMain.stepFailed(WebUIKeywordMain.groovy:64)
	at com.kms.katalon.core.webui.keyword.builtin.VerifyElementTextKeyword$_verifyElementText_closure1.doCall(VerifyElementTextKeyword.groovy:64)
	at com.kms.katalon.core.webui.keyword.builtin.VerifyElementTextKeyword$_verifyElementText_closure1.call(VerifyElementTextKeyword.groovy)
	at com.kms.katalon.core.webui.keyword.internal.WebUIKeywordMain.runKeyword(WebUIKeywordMain.groovy:20)
	at com.kms.katalon.core.webui.keyword.builtin.VerifyElementTextKeyword.verifyElementText(VerifyElementTextKeyword.groovy:72)
	at com.kms.katalon.core.webui.keyword.builtin.VerifyElementTextKeyword.execute(VerifyElementTextKeyword.groovy:40)
	at com.kms.katalon.core.keyword.internal.KeywordExecutor.executeKeywordForPlatform(KeywordExecutor.groovy:60)
	at com.kms.katalon.core.webui.keyword.WebUiBuiltInKeywords.verifyElementText(WebUiBuiltInKeywords.groovy:3647)
	at com.kms.katalon.core.webui.keyword.WebUiBuiltInKeywords$verifyElementText$6.call(Unknown Source)
	at p4p_newReservationBoarding.run(p4p_newReservationBoarding:236)
	at com.kms.katalon.core.main.ScriptEngine.run(ScriptEngine.java:194)
	at com.kms.katalon.core.main.ScriptEngine.runScriptAsRawText(ScriptEngine.java:119)
	at com.kms.katalon.core.main.TestCaseExecutor.runScript(TestCaseExecutor.java:337)
	at com.kms.katalon.core.main.TestCaseExecutor.doExecute(TestCaseExecutor.java:328)
	at com.kms.katalon.core.main.TestCaseExecutor.processExecutionPhase(TestCaseExecutor.java:307)
	at com.kms.katalon.core.main.TestCaseExecutor.accessMainPhase(TestCaseExecutor.java:299)
	at com.kms.katalon.core.main.TestCaseExecutor.execute(TestCaseExecutor.java:233)
	at com.kms.katalon.core.main.TestSuiteExecutor.accessTestCaseMainPhase(TestSuiteExecutor.java:169)
	at com.kms.katalon.core.main.TestSuiteExecutor.accessTestSuiteMainPhase(TestSuiteExecutor.java:142)
	at com.kms.katalon.core.main.TestSuiteExecutor.execute(TestSuiteExecutor.java:91)
	at com.kms.katalon.core.main.TestCaseMain.startTestSuite(TestCaseMain.java:157)
	at com.kms.katalon.core.main.TestCaseMain$startTestSuite$0.call(Unknown Source)
	at TempTestSuite1579117199342.run(TempTestSuite1579117199342.groovy:36)
)
[[ATTACHMENT|/home/leonardo-arkusmty/Documents/workspaceKatalon/p4ptest/Reports/20200115_133959/ts_newReservationBoarding/20200115_133959/1579117554583.png]]

2020-01-15 13:45:55 - [MESSAGE][FAILED] - Verify element text of test object 'Object Repository/obj_reservation/P4P_2/span_( BK )' FAILED. (Root cause: com.kms.katalon.core.exception.StepFailedException: Verify element text of test object 'Object Repository/obj_reservation/P4P_2/span_( BK )' FAILED.
	at com.kms.katalon.core.webui.keyword.internal.WebUIKeywordMain.stepFailed(WebUIKeywordMain.groovy:64)
	at com.kms.katalon.core.webui.keyword.internal.WebUIKeywordMain.runKeyword(WebUIKeywordMain.groovy:26)
	at com.kms.katalon.core.webui.keyword.builtin.VerifyElementTextKeyword.verifyElementText(VerifyElementTextKeyword.groovy:72)
	at com.kms.katalon.core.webui.keyword.builtin.VerifyElementTextKeyword.execute(VerifyElementTextKeyword.groovy:40)
	at com.kms.katalon.core.keyword.internal.KeywordExecutor.executeKeywordForPlatform(KeywordExecutor.groovy:60)
	at com.kms.katalon.core.webui.keyword.WebUiBuiltInKeywords.verifyElementText(WebUiBuiltInKeywords.groovy:3647)
	at com.kms.katalon.core.webui.keyword.WebUiBuiltInKeywords$verifyElementText$6.call(Unknown Source)
	at p4p_newReservationBoarding.run(p4p_newReservationBoarding:236)
	at com.kms.katalon.core.main.ScriptEngine.run(ScriptEngine.java:194)
	at com.kms.katalon.core.main.ScriptEngine.runScriptAsRawText(ScriptEngine.java:119)
	at com.kms.katalon.core.main.TestCaseExecutor.runScript(TestCaseExecutor.java:337)
	at com.kms.katalon.core.main.TestCaseExecutor.doExecute(TestCaseExecutor.java:328)
	at com.kms.katalon.core.main.TestCaseExecutor.processExecutionPhase(TestCaseExecutor.java:307)
	at com.kms.katalon.core.main.TestCaseExecutor.accessMainPhase(TestCaseExecutor.java:299)
	at com.kms.katalon.core.main.TestCaseExecutor.execute(TestCaseExecutor.java:233)
	at com.kms.katalon.core.main.TestSuiteExecutor.accessTestCaseMainPhase(TestSuiteExecutor.java:169)
	at com.kms.katalon.core.main.TestSuiteExecutor.accessTestSuiteMainPhase(TestSuiteExecutor.java:142)
	at com.kms.katalon.core.main.TestSuiteExecutor.execute(TestSuiteExecutor.java:91)
	at com.kms.katalon.core.main.TestCaseMain.startTestSuite(TestCaseMain.java:157)
	at com.kms.katalon.core.main.TestCaseMain$startTestSuite$0.call(Unknown Source)
	at TempTestSuite1579117199342.run(TempTestSuite1579117199342.groovy:36)
Caused by: com.kms.katalon.core.exception.StepFailedException: com.kms.katalon.core.webui.exception.WebElementNotFoundException: Web element with id: 'Object Repository/obj_reservation/P4P_2/span_( BK )' located by 'By.xpath: //div[@id='wrapper']/div/div/div/div/div/div/ul/li[4]/a/tab-heading/span' not found
	at com.kms.katalon.core.webui.keyword.internal.WebUIKeywordMain.stepFailed(WebUIKeywordMain.groovy:64)
	at com.kms.katalon.core.webui.keyword.builtin.VerifyElementTextKeyword$_verifyElementText_closure1.doCall(VerifyElementTextKeyword.groovy:64)
	at com.kms.katalon.core.webui.keyword.builtin.VerifyElementTextKeyword$_verifyElementText_closure1.call(VerifyElementTextKeyword.groovy)
	at com.kms.katalon.core.webui.keyword.internal.WebUIKeywordMain.runKeyword(WebUIKeywordMain.groovy:20)
	... 19 more
)
[[ATTACHMENT|/home/leonardo-arkusmty/Documents/workspaceKatalon/p4ptest/Reports/20200115_133959/ts_newReservationBoarding/20200115_133959/1579117554798.png]]]]></system-out>
         <system-err><![CDATA[2020-01-15 13:42:54 - [TEST_CASE][FAILED] - Test Cases/p4p_newReservationBoarding: Test Cases/p4p_newReservationBoarding FAILED.
Reason:
com.kms.katalon.core.exception.StepFailedException: Verify element text of test object 'Object Repository/obj_reservation/P4P_2/span_( BK )' FAILED.
	at com.kms.katalon.core.webui.keyword.internal.WebUIKeywordMain.stepFailed(WebUIKeywordMain.groovy:64)
	at com.kms.katalon.core.webui.keyword.internal.WebUIKeywordMain.runKeyword(WebUIKeywordMain.groovy:26)
	at com.kms.katalon.core.webui.keyword.builtin.VerifyElementTextKeyword.verifyElementText(VerifyElementTextKeyword.groovy:72)
	at com.kms.katalon.core.webui.keyword.builtin.VerifyElementTextKeyword.execute(VerifyElementTextKeyword.groovy:40)
	at com.kms.katalon.core.keyword.internal.KeywordExecutor.executeKeywordForPlatform(KeywordExecutor.groovy:60)
	at com.kms.katalon.core.webui.keyword.WebUiBuiltInKeywords.verifyElementText(WebUiBuiltInKeywords.groovy:3647)
	at com.kms.katalon.core.webui.keyword.WebUiBuiltInKeywords$verifyElementText$6.call(Unknown Source)
	at p4p_newReservationBoarding.run(p4p_newReservationBoarding:236)
	at com.kms.katalon.core.main.ScriptEngine.run(ScriptEngine.java:194)
	at com.kms.katalon.core.main.ScriptEngine.runScriptAsRawText(ScriptEngine.java:119)
	at com.kms.katalon.core.main.TestCaseExecutor.runScript(TestCaseExecutor.java:337)
	at com.kms.katalon.core.main.TestCaseExecutor.doExecute(TestCaseExecutor.java:328)
	at com.kms.katalon.core.main.TestCaseExecutor.processExecutionPhase(TestCaseExecutor.java:307)
	at com.kms.katalon.core.main.TestCaseExecutor.accessMainPhase(TestCaseExecutor.java:299)
	at com.kms.katalon.core.main.TestCaseExecutor.execute(TestCaseExecutor.java:233)
	at com.kms.katalon.core.main.TestSuiteExecutor.accessTestCaseMainPhase(TestSuiteExecutor.java:169)
	at com.kms.katalon.core.main.TestSuiteExecutor.accessTestSuiteMainPhase(TestSuiteExecutor.java:142)
	at com.kms.katalon.core.main.TestSuiteExecutor.execute(TestSuiteExecutor.java:91)
	at com.kms.katalon.core.main.TestCaseMain.startTestSuite(TestCaseMain.java:157)
	at com.kms.katalon.core.main.TestCaseMain$startTestSuite$0.call(Unknown Source)
	at TempTestSuite1579117199342.run(TempTestSuite1579117199342.groovy:36)
Caused by: com.kms.katalon.core.exception.StepFailedException: com.kms.katalon.core.webui.exception.WebElementNotFoundException: Web element with id: 'Object Repository/obj_reservation/P4P_2/span_( BK )' located by 'By.xpath: //div[@id='wrapper']/div/div/div/div/div/div/ul/li[4]/a/tab-heading/span' not found
	at com.kms.katalon.core.webui.keyword.internal.WebUIKeywordMain.stepFailed(WebUIKeywordMain.groovy:64)
	at com.kms.katalon.core.webui.keyword.builtin.VerifyElementTextKeyword$_verifyElementText_closure1.doCall(VerifyElementTextKeyword.groovy:64)
	at com.kms.katalon.core.webui.keyword.builtin.VerifyElementTextKeyword$_verifyElementText_closure1.call(VerifyElementTextKeyword.groovy)
	at com.kms.katalon.core.webui.keyword.internal.WebUIKeywordMain.runKeyword(WebUIKeywordMain.groovy:20)
	... 19 more]]></system-err>
      </testcase>
      <testcase name="Test Cases/p4p_newReservationBoarding" time="184.368" classname="Test Cases/p4p_newReservationBoarding" status="FAILED">
         <failure type="FAILED" message="Test Cases/p4p_newReservationBoarding FAILED.
Reason:
com.kms.katalon.core.exception.StepFailedException: Verify element text of test object 'Object Repository/obj_reservation/P4P_2/span_( BK )' FAILED.
	at com.kms.katalon.core.webui.keyword.internal.WebUIKeywordMain.stepFailed(WebUIKeywordMain.groovy:64)
	at com.kms.katalon.core.webui.keyword.internal.WebUIKeywordMain.runKeyword(WebUIKeywordMain.groovy:26)
	at com.kms.katalon.core.webui.keyword.builtin.VerifyElementTextKeyword.verifyElementText(VerifyElementTextKeyword.groovy:72)
	at com.kms.katalon.core.webui.keyword.builtin.VerifyElementTextKeyword.execute(VerifyElementTextKeyword.groovy:40)
	at com.kms.katalon.core.keyword.internal.KeywordExecutor.executeKeywordForPlatform(KeywordExecutor.groovy:60)
	at com.kms.katalon.core.webui.keyword.WebUiBuiltInKeywords.verifyElementText(WebUiBuiltInKeywords.groovy:3647)
	at com.kms.katalon.core.webui.keyword.WebUiBuiltInKeywords$verifyElementText$6.call(Unknown Source)
	at p4p_newReservationBoarding.run(p4p_newReservationBoarding:236)
	at com.kms.katalon.core.main.ScriptEngine.run(ScriptEngine.java:194)
	at com.kms.katalon.core.main.ScriptEngine.runScriptAsRawText(ScriptEngine.java:119)
	at com.kms.katalon.core.main.TestCaseExecutor.runScript(TestCaseExecutor.java:337)
	at com.kms.katalon.core.main.TestCaseExecutor.doExecute(TestCaseExecutor.java:328)
	at com.kms.katalon.core.main.TestCaseExecutor.processExecutionPhase(TestCaseExecutor.java:307)
	at com.kms.katalon.core.main.TestCaseExecutor.accessMainPhase(TestCaseExecutor.java:299)
	at com.kms.katalon.core.main.TestCaseExecutor.execute(TestCaseExecutor.java:233)
	at com.kms.katalon.core.main.TestSuiteExecutor.accessTestCaseMainPhase(TestSuiteExecutor.java:169)
	at com.kms.katalon.core.main.TestSuiteExecutor.accessTestSuiteMainPhase(TestSuiteExecutor.java:142)
	at com.kms.katalon.core.main.TestSuiteExecutor.execute(TestSuiteExecutor.java:91)
	at com.kms.katalon.core.main.TestCaseMain.startTestSuite(TestCaseMain.java:157)
	at com.kms.katalon.core.main.TestCaseMain$startTestSuite$0.call(Unknown Source)
	at TempTestSuite1579117199342.run(TempTestSuite1579117199342.groovy:36)
Caused by: com.kms.katalon.core.exception.StepFailedException: com.kms.katalon.core.webui.exception.WebElementNotFoundException: Web element with id: 'Object Repository/obj_reservation/P4P_2/span_( BK )' located by 'By.xpath: //div[@id='wrapper']/div/div/div/div/div/div/ul/li[4]/a/tab-heading/span' not found
	at com.kms.katalon.core.webui.keyword.internal.WebUIKeywordMain.stepFailed(WebUIKeywordMain.groovy:64)
	at com.kms.katalon.core.webui.keyword.builtin.VerifyElementTextKeyword$_verifyElementText_closure1.doCall(VerifyElementTextKeyword.groovy:64)
	at com.kms.katalon.core.webui.keyword.builtin.VerifyElementTextKeyword$_verifyElementText_closure1.call(VerifyElementTextKeyword.groovy)
	at com.kms.katalon.core.webui.keyword.internal.WebUIKeywordMain.runKeyword(WebUIKeywordMain.groovy:20)
	... 19 more
"/>
         <system-out><![CDATA[2020-01-15 13:45:55 - [TEST_CASE][FAILED] - Test Cases/p4p_newReservationBoarding: Test Cases/p4p_newReservationBoarding FAILED.
Reason:
com.kms.katalon.core.exception.StepFailedException: Verify element text of test object 'Object Repository/obj_reservation/P4P_2/span_( BK )' FAILED.
	at com.kms.katalon.core.webui.keyword.internal.WebUIKeywordMain.stepFailed(WebUIKeywordMain.groovy:64)
	at com.kms.katalon.core.webui.keyword.internal.WebUIKeywordMain.runKeyword(WebUIKeywordMain.groovy:26)
	at com.kms.katalon.core.webui.keyword.builtin.VerifyElementTextKeyword.verifyElementText(VerifyElementTextKeyword.groovy:72)
	at com.kms.katalon.core.webui.keyword.builtin.VerifyElementTextKeyword.execute(VerifyElementTextKeyword.groovy:40)
	at com.kms.katalon.core.keyword.internal.KeywordExecutor.executeKeywordForPlatform(KeywordExecutor.groovy:60)
	at com.kms.katalon.core.webui.keyword.WebUiBuiltInKeywords.verifyElementText(WebUiBuiltInKeywords.groovy:3647)
	at com.kms.katalon.core.webui.keyword.WebUiBuiltInKeywords$verifyElementText$6.call(Unknown Source)
	at p4p_newReservationBoarding.run(p4p_newReservationBoarding:236)
	at com.kms.katalon.core.main.ScriptEngine.run(ScriptEngine.java:194)
	at com.kms.katalon.core.main.ScriptEngine.runScriptAsRawText(ScriptEngine.java:119)
	at com.kms.katalon.core.main.TestCaseExecutor.runScript(TestCaseExecutor.java:337)
	at com.kms.katalon.core.main.TestCaseExecutor.doExecute(TestCaseExecutor.java:328)
	at com.kms.katalon.core.main.TestCaseExecutor.processExecutionPhase(TestCaseExecutor.java:307)
	at com.kms.katalon.core.main.TestCaseExecutor.accessMainPhase(TestCaseExecutor.java:299)
	at com.kms.katalon.core.main.TestCaseExecutor.execute(TestCaseExecutor.java:233)
	at com.kms.katalon.core.main.TestSuiteExecutor.accessTestCaseMainPhase(TestSuiteExecutor.java:169)
	at com.kms.katalon.core.main.TestSuiteExecutor.accessTestSuiteMainPhase(TestSuiteExecutor.java:142)
	at com.kms.katalon.core.main.TestSuiteExecutor.execute(TestSuiteExecutor.java:91)
	at com.kms.katalon.core.main.TestCaseMain.startTestSuite(TestCaseMain.java:157)
	at com.kms.katalon.core.main.TestCaseMain$startTestSuite$0.call(Unknown Source)
	at TempTestSuite1579117199342.run(TempTestSuite1579117199342.groovy:36)
Caused by: com.kms.katalon.core.exception.StepFailedException: com.kms.katalon.core.webui.exception.WebElementNotFoundException: Web element with id: 'Object Repository/obj_reservation/P4P_2/span_( BK )' located by 'By.xpath: //div[@id='wrapper']/div/div/div/div/div/div/ul/li[4]/a/tab-heading/span' not found
	at com.kms.katalon.core.webui.keyword.internal.WebUIKeywordMain.stepFailed(WebUIKeywordMain.groovy:64)
	at com.kms.katalon.core.webui.keyword.builtin.VerifyElementTextKeyword$_verifyElementText_closure1.doCall(VerifyElementTextKeyword.groovy:64)
	at com.kms.katalon.core.webui.keyword.builtin.VerifyElementTextKeyword$_verifyElementText_closure1.call(VerifyElementTextKeyword.groovy)
	at com.kms.katalon.core.webui.keyword.internal.WebUIKeywordMain.runKeyword(WebUIKeywordMain.groovy:20)
	... 19 more


2020-01-15 13:45:55 - [TEST_STEP][PASSED] - flagBoar = "0": null

2020-01-15 13:45:55 - [TEST_STEP][PASSED] - log = new com.kms.katalon.core.logging.KeywordLogger(): null

2020-01-15 13:45:55 - [TEST_STEP][PASSED] - fisNewRes = new java.io.FileInputStream(/home/leonardo-arkusmty/Desktop/P4P/DATA_AUTOMATINTESTING/data_1newReservationBoarding.xlsx): null

2020-01-15 13:45:55 - [TEST_STEP][PASSED] - fisInv = new java.io.FileInputStream(/home/leonardo-arkusmty/Desktop/P4P/DATA_AUTOMATINTESTING/data_3Invoices.xlsx): null

2020-01-15 13:45:55 - [TEST_STEP][PASSED] - workbookNewRes = new org.apache.poi.xssf.usermodel.XSSFWorkbook(fisNewRes): null

2020-01-15 13:45:55 - [TEST_STEP][PASSED] - workbookInv = new org.apache.poi.xssf.usermodel.XSSFWorkbook(fisInv): null

2020-01-15 13:45:55 - [TEST_STEP][PASSED] - sheetNewRes = workbookNewRes.getSheet("Sheet1"): null

2020-01-15 13:45:55 - [TEST_STEP][PASSED] - sheetInv = workbookInv.getSheet("Sheet1"): null

2020-01-15 13:45:55 - [TEST_STEP][PASSED] - rowCount = var_row: null

2020-01-15 13:45:55 - [TEST_STEP][PASSED] - var = Integer.parseInt(var_idRowRes): null

2020-01-15 13:45:55 - [TEST_STEP][PASSED] - rowNewRes = sheetNewRes.getRow(var): null

2020-01-15 13:45:55 - [TEST_STEP][PASSED] - rowInv = sheetInv.getRow(var): null

2020-01-15 13:45:55 - [TEST_STEP][PASSED] - today = new java.util.Date(): null

2020-01-15 13:45:55 - [TEST_STEP][PASSED] - todaysDate1 = today.format("yyyy"): null

2020-01-15 13:45:55 - [TEST_STEP][PASSED] - todaysDate2 = today.format("mm"): null

2020-01-15 13:45:55 - [TEST_STEP][PASSED] - todaysDate3 = today.format("dd"): null

2020-01-15 13:45:55 - [TEST_STEP][PASSED] - todaysDate4 = today.format("mmm/dd/yyyy"): null

2020-01-15 13:45:55 - [TEST_STEP][PASSED] - todaysDate5 = today.format("dd/mm/yyyy"): null

2020-01-15 13:45:55 - [TEST_STEP][PASSED] - nowTime = today.format("hhmm"): null

2020-01-15 13:45:55 - [TEST_STEP][PASSED] - dateCI = var_checkinD.split(","): null

2020-01-15 13:45:55 - [TEST_STEP][PASSED] - dateCO = var_checkoutD.split(","): null

2020-01-15 13:45:55 - [TEST_STEP][PASSED] - arryPets = var_pets.split(","): null

2020-01-15 13:45:55 - [TEST_STEP][PASSED] - openBrowser("https://p4p-qa-bg.aws.paradise4paws.com/login/"): Browser is opened with url: 'https://p4p-qa-bg.aws.paradise4paws.com/login/'

2020-01-15 13:45:55 - [MESSAGE][WARNING] - A browser is already opened. Closing browser and opening a new one

2020-01-15 13:45:55 - [MESSAGE][INFO] - Starting 'Chrome' driver

2020-01-15 13:45:57 - [MESSAGE][PASSED] - Browser is opened with url: 'https://p4p-qa-bg.aws.paradise4paws.com/login/'

2020-01-15 13:45:57 - [TEST_STEP][PASSED] - maximizeWindow(): Current window maximized

2020-01-15 13:45:57 - [MESSAGE][PASSED] - Current window maximized

2020-01-15 13:45:57 - [TEST_STEP][PASSED] - setText(findTestObject("obj_login/input_user"), var_user): Text 'jegchavez@gmail.com' is set on object 'Object Repository/obj_login/input_user'

2020-01-15 13:45:57 - [MESSAGE][PASSED] - Text 'jegchavez@gmail.com' is set on object 'Object Repository/obj_login/input_user'

2020-01-15 13:45:57 - [TEST_STEP][PASSED] - setText(findTestObject("obj_login/input_pass"), var_pass): Text 'admin1' is set on object 'Object Repository/obj_login/input_pass'

2020-01-15 13:45:58 - [MESSAGE][PASSED] - Text 'admin1' is set on object 'Object Repository/obj_login/input_pass'

2020-01-15 13:45:58 - [TEST_STEP][PASSED] - delay(1): Delayed 1 second(s)

2020-01-15 13:45:59 - [MESSAGE][PASSED] - Delayed 1 second(s)

2020-01-15 13:45:59 - [TEST_STEP][PASSED] - verifyElementClickable(findTestObject("obj_login/btn_login")): Object 'Object Repository/obj_login/btn_login' is clickable

2020-01-15 13:45:59 - [MESSAGE][PASSED] - Object 'Object Repository/obj_login/btn_login' is clickable

2020-01-15 13:45:59 - [TEST_STEP][PASSED] - click(findTestObject("obj_login/btn_login")): Object: 'Object Repository/obj_login/btn_login' is clicked on

2020-01-15 13:46:00 - [MESSAGE][PASSED] - Object: 'Object Repository/obj_login/btn_login' is clicked on

2020-01-15 13:46:00 - [TEST_STEP][PASSED] - delay(1): Delayed 1 second(s)

2020-01-15 13:46:01 - [MESSAGE][PASSED] - Delayed 1 second(s)

2020-01-15 13:46:01 - [TEST_STEP][PASSED] - setText(findTestObject("obj_dashboard_emp/input_search"), var_searchParent): Text 'katalon 1' is set on object 'Object Repository/obj_dashboard_emp/input_search'

2020-01-15 13:46:02 - [MESSAGE][PASSED] - Text 'katalon 1' is set on object 'Object Repository/obj_dashboard_emp/input_search'

2020-01-15 13:46:02 - [TEST_STEP][PASSED] - click(findTestObject("obj_dashboard_emp/btn_accountSearch")): Object: 'Object Repository/obj_dashboard_emp/btn_accountSearch' is clicked on

2020-01-15 13:46:03 - [MESSAGE][PASSED] - Object: 'Object Repository/obj_dashboard_emp/btn_accountSearch' is clicked on

2020-01-15 13:46:03 - [TEST_STEP][PASSED] - delay(1): Delayed 1 second(s)

2020-01-15 13:46:04 - [MESSAGE][PASSED] - Delayed 1 second(s)

2020-01-15 13:46:04 - [TEST_STEP][PASSED] - click(findTestObject("obj_accountInformation/a_TEST GABRIEL PROD")): Object: 'Object Repository/obj_accountInformation/a_TEST GABRIEL PROD' is clicked on

2020-01-15 13:46:04 - [MESSAGE][PASSED] - Object: 'Object Repository/obj_accountInformation/a_TEST GABRIEL PROD' is clicked on

2020-01-15 13:46:04 - [TEST_STEP][PASSED] - delay(1): Delayed 1 second(s)

2020-01-15 13:46:05 - [MESSAGE][PASSED] - Delayed 1 second(s)

2020-01-15 13:46:05 - [TEST_STEP][PASSED] - click(findTestObject("obj_profile/a_addReservation")): Object: 'Object Repository/obj_profile/a_addReservation' is clicked on

2020-01-15 13:46:09 - [MESSAGE][PASSED] - Object: 'Object Repository/obj_profile/a_addReservation' is clicked on

2020-01-15 13:46:09 - [TEST_STEP][PASSED] - delay(1): Delayed 1 second(s)

2020-01-15 13:46:10 - [MESSAGE][PASSED] - Delayed 1 second(s)

2020-01-15 13:46:10 - [TEST_STEP][PASSED] - click(findTestObject("obj_reservation/4_/btn_Boarding")): Object: 'Object Repository/obj_reservation/4_/btn_Boarding' is clicked on

2020-01-15 13:46:10 - [MESSAGE][PASSED] - Object: 'Object Repository/obj_reservation/4_/btn_Boarding' is clicked on

2020-01-15 13:46:10 - [TEST_STEP][PASSED] - flagBoar = "1": null

2020-01-15 13:46:10 - [TEST_STEP][PASSED] - click(findTestObject("obj_reservation/4_/i_location")): Object: 'Object Repository/obj_reservation/4_/i_location' is clicked on

2020-01-15 13:46:13 - [MESSAGE][PASSED] - Object: 'Object Repository/obj_reservation/4_/i_location' is clicked on

2020-01-15 13:46:13 - [TEST_STEP][PASSED] - delay(1): Delayed 1 second(s)

2020-01-15 13:46:14 - [MESSAGE][PASSED] - Delayed 1 second(s)

2020-01-15 13:46:14 - [TEST_STEP][PASSED] - click(findTestObject("obj_reservation/2_facility/i_" + var_idFacility + "_facility")): Object: 'Object Repository/obj_reservation/2_facility/i_3_facility' is clicked on

2020-01-15 13:46:14 - [MESSAGE][PASSED] - Object: 'Object Repository/obj_reservation/2_facility/i_3_facility' is clicked on

2020-01-15 13:46:14 - [TEST_STEP][PASSED] - delay(1): Delayed 1 second(s)

2020-01-15 13:46:15 - [MESSAGE][PASSED] - Delayed 1 second(s)

2020-01-15 13:46:15 - [TEST_STEP][PASSED] - click(findTestObject("obj_reservation/4_/dateCheckIn")): Object: 'Object Repository/obj_reservation/4_/dateCheckIn' is clicked on

2020-01-15 13:46:17 - [MESSAGE][PASSED] - Object: 'Object Repository/obj_reservation/4_/dateCheckIn' is clicked on

2020-01-15 13:46:17 - [TEST_STEP][PASSED] - delay(1): Delayed 1 second(s)

2020-01-15 13:46:18 - [MESSAGE][PASSED] - Delayed 1 second(s)

2020-01-15 13:46:18 - [TEST_STEP][PASSED] - click(findTestObject("obj_reservation/3_date2020/0120/CI/button_" + dateCI[0] + "01_ci")): Object: 'Object Repository/obj_reservation/3_date2020/0120/CI/button_0501_ci' is clicked on

2020-01-15 13:46:18 - [MESSAGE][PASSED] - Object: 'Object Repository/obj_reservation/3_date2020/0120/CI/button_0501_ci' is clicked on

2020-01-15 13:46:18 - [TEST_STEP][PASSED] - if (flagBoar == "1"): Object: 'Object Repository/obj_reservation/3_date2020/0120/CO/button_0601_co' is clicked on

2020-01-15 13:46:18 - [TEST_STEP][PASSED] - click(findTestObject("obj_reservation/4_/dateCheckOut")): Object: 'Object Repository/obj_reservation/4_/dateCheckOut' is clicked on

2020-01-15 13:46:19 - [MESSAGE][PASSED] - Object: 'Object Repository/obj_reservation/4_/dateCheckOut' is clicked on

2020-01-15 13:46:19 - [TEST_STEP][PASSED] - delay(1): Delayed 1 second(s)

2020-01-15 13:46:20 - [MESSAGE][PASSED] - Delayed 1 second(s)

2020-01-15 13:46:20 - [TEST_STEP][PASSED] - click(findTestObject("obj_reservation/3_date2020/0120/CO/button_" + dateCO[0] + "01_co")): Object: 'Object Repository/obj_reservation/3_date2020/0120/CO/button_0601_co' is clicked on

2020-01-15 13:46:20 - [MESSAGE][PASSED] - Object: 'Object Repository/obj_reservation/3_date2020/0120/CO/button_0601_co' is clicked on

2020-01-15 13:46:20 - [TEST_STEP][PASSED] - if (var_checkinT.size() == 1): null

2020-01-15 13:46:20 - [TEST_STEP][PASSED] - if (var_checkinT.size() == 2): null

2020-01-15 13:46:20 - [TEST_STEP][PASSED] - if (var_checkinT.size() == 3): null

2020-01-15 13:46:20 - [TEST_STEP][PASSED] - var_checkinT = "0" + var_checkinT: null

2020-01-15 13:46:20 - [TEST_STEP][PASSED] - click(findTestObject("obj_reservation/4_/timeCheckin")): Object: 'Object Repository/obj_reservation/4_/timeCheckin' is clicked on

2020-01-15 13:46:21 - [MESSAGE][PASSED] - Object: 'Object Repository/obj_reservation/4_/timeCheckin' is clicked on

2020-01-15 13:46:21 - [TEST_STEP][PASSED] - click(findTestObject("obj_reservation/0_horas/CI/time_" + var_checkinT + "_ci")): Object: 'Object Repository/obj_reservation/0_horas/CI/time_0800_ci' is clicked on

2020-01-15 13:46:22 - [MESSAGE][PASSED] - Object: 'Object Repository/obj_reservation/0_horas/CI/time_0800_ci' is clicked on

2020-01-15 13:46:22 - [TEST_STEP][PASSED] - click(findTestObject("obj_reservation/4_/timeCheckOut")): Object: 'Object Repository/obj_reservation/4_/timeCheckOut' is clicked on

2020-01-15 13:46:23 - [MESSAGE][PASSED] - Object: 'Object Repository/obj_reservation/4_/timeCheckOut' is clicked on

2020-01-15 13:46:23 - [TEST_STEP][PASSED] - click(findTestObject("obj_reservation/0_horas/CO/time_" + var_checkoutT + "_co")): Object: 'Object Repository/obj_reservation/0_horas/CO/time_1130_co' is clicked on

2020-01-15 13:46:23 - [MESSAGE][PASSED] - Object: 'Object Repository/obj_reservation/0_horas/CO/time_1130_co' is clicked on

2020-01-15 13:46:23 - [TEST_STEP][PASSED] - delay(2): Delayed 2 second(s)

2020-01-15 13:46:25 - [MESSAGE][PASSED] - Delayed 2 second(s)

2020-01-15 13:46:25 - [TEST_STEP][PASSED] - if (arryPets.size() == 1): null

2020-01-15 13:46:25 - [TEST_STEP][PASSED] - else if (arryPets.size() == 2): null

2020-01-15 13:46:25 - [TEST_STEP][PASSED] - else if (arryPets.size() == 3): Object: 'Object Repository/obj_reservation/4_/div_Athena' is clicked on

2020-01-15 13:46:25 - [TEST_STEP][PASSED] - click(findTestObject("obj_reservation/P4P_5/div_Ares")): Object: 'Object Repository/obj_reservation/P4P_5/div_Ares' is clicked on

2020-01-15 13:46:26 - [MESSAGE][PASSED] - Object: 'Object Repository/obj_reservation/P4P_5/div_Ares' is clicked on

2020-01-15 13:46:26 - [TEST_STEP][PASSED] - click(findTestObject("obj_reservation/4_/div_Zeus")): Object: 'Object Repository/obj_reservation/4_/div_Zeus' is clicked on

2020-01-15 13:46:31 - [MESSAGE][PASSED] - Object: 'Object Repository/obj_reservation/4_/div_Zeus' is clicked on

2020-01-15 13:46:31 - [TEST_STEP][PASSED] - click(findTestObject("obj_reservation/4_/div_Athena")): Object: 'Object Repository/obj_reservation/4_/div_Athena' is clicked on

2020-01-15 13:46:36 - [MESSAGE][PASSED] - Object: 'Object Repository/obj_reservation/4_/div_Athena' is clicked on

2020-01-15 13:46:36 - [TEST_STEP][PASSED] - stringDeposit = getText(findTestObject("obj_reservation/4_/span_requiresdeposit"), CONTINUE_ON_FAILURE): Text of object 'Object Repository/obj_reservation/4_/span_requiresdeposit' is: 'You are making a reservation for a special period of time that may have special pricing and requires a deposit. (12/20/2019 - 01/05/2020)'

2020-01-15 13:46:41 - [MESSAGE][PASSED] - Text of object 'Object Repository/obj_reservation/4_/span_requiresdeposit' is: 'You are making a reservation for a special period of time that may have special pricing and requires a deposit. (12/20/2019 - 01/05/2020)'

2020-01-15 13:46:41 - [TEST_STEP][PASSED] - varHoliday = 0: null

2020-01-15 13:46:41 - [TEST_STEP][PASSED] - if (stringDeposit != null): null

2020-01-15 13:46:41 - [TEST_STEP][PASSED] - varHoliday = 1: null

2020-01-15 13:46:41 - [TEST_STEP][PASSED] - try: Object: 'Object Repository/obj_reservation/4_/div_suite_rad_deluxe' is clicked on

2020-01-15 13:46:41 - [TEST_STEP][PASSED] - click(findTestObject("obj_reservation/4_/div_suite_rad_deluxe")): Object: 'Object Repository/obj_reservation/4_/div_suite_rad_deluxe' is clicked on

2020-01-15 13:46:42 - [MESSAGE][PASSED] - Object: 'Object Repository/obj_reservation/4_/div_suite_rad_deluxe' is clicked on

2020-01-15 13:46:42 - [TEST_STEP][PASSED] - click(findTestObject("obj_reservation/4_/btn_next2")): Object: 'Object Repository/obj_reservation/4_/btn_next2' is clicked on

2020-01-15 13:46:43 - [MESSAGE][PASSED] - Object: 'Object Repository/obj_reservation/4_/btn_next2' is clicked on

2020-01-15 13:46:43 - [TEST_STEP][PASSED] - delay(1): Delayed 1 second(s)

2020-01-15 13:46:44 - [MESSAGE][PASSED] - Delayed 1 second(s)

2020-01-15 13:46:44 - [TEST_STEP][PASSED] - delay(1): Delayed 1 second(s)

2020-01-15 13:46:45 - [MESSAGE][PASSED] - Delayed 1 second(s)

2020-01-15 13:46:45 - [TEST_STEP][PASSED] - click(findTestObject("obj_reservation/4_/btn_next2")): Object: 'Object Repository/obj_reservation/4_/btn_next2' is clicked on

2020-01-15 13:46:46 - [MESSAGE][PASSED] - Object: 'Object Repository/obj_reservation/4_/btn_next2' is clicked on

2020-01-15 13:46:46 - [TEST_STEP][PASSED] - delay(1): Delayed 1 second(s)

2020-01-15 13:46:47 - [MESSAGE][PASSED] - Delayed 1 second(s)

2020-01-15 13:46:47 - [TEST_STEP][PASSED] - click(findTestObject("obj_reservation/4_/button_Submit Reservation")): Object: 'Object Repository/obj_reservation/4_/button_Submit Reservation' is clicked on

2020-01-15 13:46:48 - [MESSAGE][PASSED] - Object: 'Object Repository/obj_reservation/4_/button_Submit Reservation' is clicked on

2020-01-15 13:46:48 - [TEST_STEP][PASSED] - delay(1): Delayed 1 second(s)

2020-01-15 13:46:49 - [MESSAGE][PASSED] - Delayed 1 second(s)

2020-01-15 13:46:49 - [TEST_STEP][PASSED] - if (flagBoar == "2" && var_repeatingEvery == "Daily" || var_repeatingEvery == "Monthly" || var_repeatingEvery == "Weekly"): null

2020-01-15 13:46:49 - [TEST_STEP][FAILED] - else: null

2020-01-15 13:46:49 - [TEST_STEP][PASSED] - delay(2): Delayed 2 second(s)

2020-01-15 13:46:51 - [MESSAGE][PASSED] - Delayed 2 second(s)

2020-01-15 13:46:51 - [TEST_STEP][FAILED] - try: Unable to click on object 'Object Repository/obj_reservation/4_/button_Return To Reservation' (Root cause: com.kms.katalon.core.exception.StepFailedException: Unable to click on object 'Object Repository/obj_reservation/4_/button_Return To Reservation'
	at com.kms.katalon.core.webui.keyword.internal.WebUIKeywordMain.stepFailed(WebUIKeywordMain.groovy:64)
	at com.kms.katalon.core.webui.keyword.internal.WebUIKeywordMain.runKeyword(WebUIKeywordMain.groovy:26)
	at com.kms.katalon.core.webui.keyword.builtin.ClickKeyword.click(ClickKeyword.groovy:99)
	at com.kms.katalon.core.webui.keyword.builtin.ClickKeyword.execute(ClickKeyword.groovy:43)
	at com.kms.katalon.core.keyword.internal.KeywordExecutor.executeKeywordForPlatform(KeywordExecutor.groovy:60)
	at com.kms.katalon.core.webui.keyword.WebUiBuiltInKeywords.click(WebUiBuiltInKeywords.groovy:616)
	at com.kms.katalon.core.webui.keyword.WebUiBuiltInKeywords$click$3.call(Unknown Source)
	at p4p_newReservationBoarding.run(p4p_newReservationBoarding:210)
	at com.kms.katalon.core.main.ScriptEngine.run(ScriptEngine.java:194)
	at com.kms.katalon.core.main.ScriptEngine.runScriptAsRawText(ScriptEngine.java:119)
	at com.kms.katalon.core.main.TestCaseExecutor.runScript(TestCaseExecutor.java:337)
	at com.kms.katalon.core.main.TestCaseExecutor.doExecute(TestCaseExecutor.java:328)
	at com.kms.katalon.core.main.TestCaseExecutor.processExecutionPhase(TestCaseExecutor.java:307)
	at com.kms.katalon.core.main.TestCaseExecutor.accessMainPhase(TestCaseExecutor.java:299)
	at com.kms.katalon.core.main.TestCaseExecutor.execute(TestCaseExecutor.java:233)
	at com.kms.katalon.core.main.TestSuiteExecutor.accessTestCaseMainPhase(TestSuiteExecutor.java:169)
	at com.kms.katalon.core.main.TestSuiteExecutor.accessTestSuiteMainPhase(TestSuiteExecutor.java:142)
	at com.kms.katalon.core.main.TestSuiteExecutor.execute(TestSuiteExecutor.java:91)
	at com.kms.katalon.core.main.TestCaseMain.startTestSuite(TestCaseMain.java:157)
	at com.kms.katalon.core.main.TestCaseMain$startTestSuite$0.call(Unknown Source)
	at TempTestSuite1579117199342.run(TempTestSuite1579117199342.groovy:36)
Caused by: com.kms.katalon.core.webui.exception.WebElementNotFoundException: Web element with id: 'Object Repository/obj_reservation/4_/button_Return To Reservation' located by 'By.xpath: (//button[@type='button'])[13]' not found
	at com.kms.katalon.core.webui.common.WebUiCommonHelper.findWebElement(WebUiCommonHelper.java:1113)
	at com.kms.katalon.core.webui.keyword.internal.WebUIAbstractKeyword.findWebElement(WebUIAbstractKeyword.groovy:27)
	at com.kms.katalon.core.webui.keyword.internal.WebUIAbstractKeyword.findWebElement(WebUIAbstractKeyword.groovy:26)
	at com.kms.katalon.core.webui.keyword.builtin.ClickKeyword$_click_closure1.doCall(ClickKeyword.groovy:68)
	at com.kms.katalon.core.webui.keyword.builtin.ClickKeyword$_click_closure1.call(ClickKeyword.groovy)
	at com.kms.katalon.core.webui.keyword.internal.WebUIKeywordMain.runKeyword(WebUIKeywordMain.groovy:20)
	at com.kms.katalon.core.webui.keyword.builtin.ClickKeyword.click(ClickKeyword.groovy:99)
	at com.kms.katalon.core.webui.keyword.builtin.ClickKeyword.execute(ClickKeyword.groovy:43)
	at com.kms.katalon.core.keyword.internal.KeywordExecutor.executeKeywordForPlatform(KeywordExecutor.groovy:60)
	at com.kms.katalon.core.webui.keyword.WebUiBuiltInKeywords.click(WebUiBuiltInKeywords.groovy:616)
	at com.kms.katalon.core.webui.keyword.WebUiBuiltInKeywords$click$3.call(Unknown Source)
	at Script1576482987688.run(Script1576482987688.groovy:210)
	... 13 more
)

2020-01-15 13:46:51 - [TEST_STEP][FAILED] - click(findTestObject("obj_reservation/4_/button_Return To Reservation")): Unable to click on object 'Object Repository/obj_reservation/4_/button_Return To Reservation' (Root cause: com.kms.katalon.core.exception.StepFailedException: Unable to click on object 'Object Repository/obj_reservation/4_/button_Return To Reservation'
	at com.kms.katalon.core.webui.keyword.internal.WebUIKeywordMain.stepFailed(WebUIKeywordMain.groovy:64)
	at com.kms.katalon.core.webui.keyword.internal.WebUIKeywordMain.runKeyword(WebUIKeywordMain.groovy:26)
	at com.kms.katalon.core.webui.keyword.builtin.ClickKeyword.click(ClickKeyword.groovy:99)
	at com.kms.katalon.core.webui.keyword.builtin.ClickKeyword.execute(ClickKeyword.groovy:43)
	at com.kms.katalon.core.keyword.internal.KeywordExecutor.executeKeywordForPlatform(KeywordExecutor.groovy:60)
	at com.kms.katalon.core.webui.keyword.WebUiBuiltInKeywords.click(WebUiBuiltInKeywords.groovy:616)
	at com.kms.katalon.core.webui.keyword.WebUiBuiltInKeywords$click$3.call(Unknown Source)
	at p4p_newReservationBoarding.run(p4p_newReservationBoarding:210)
	at com.kms.katalon.core.main.ScriptEngine.run(ScriptEngine.java:194)
	at com.kms.katalon.core.main.ScriptEngine.runScriptAsRawText(ScriptEngine.java:119)
	at com.kms.katalon.core.main.TestCaseExecutor.runScript(TestCaseExecutor.java:337)
	at com.kms.katalon.core.main.TestCaseExecutor.doExecute(TestCaseExecutor.java:328)
	at com.kms.katalon.core.main.TestCaseExecutor.processExecutionPhase(TestCaseExecutor.java:307)
	at com.kms.katalon.core.main.TestCaseExecutor.accessMainPhase(TestCaseExecutor.java:299)
	at com.kms.katalon.core.main.TestCaseExecutor.execute(TestCaseExecutor.java:233)
	at com.kms.katalon.core.main.TestSuiteExecutor.accessTestCaseMainPhase(TestSuiteExecutor.java:169)
	at com.kms.katalon.core.main.TestSuiteExecutor.accessTestSuiteMainPhase(TestSuiteExecutor.java:142)
	at com.kms.katalon.core.main.TestSuiteExecutor.execute(TestSuiteExecutor.java:91)
	at com.kms.katalon.core.main.TestCaseMain.startTestSuite(TestCaseMain.java:157)
	at com.kms.katalon.core.main.TestCaseMain$startTestSuite$0.call(Unknown Source)
	at TempTestSuite1579117199342.run(TempTestSuite1579117199342.groovy:36)
Caused by: com.kms.katalon.core.webui.exception.WebElementNotFoundException: Web element with id: 'Object Repository/obj_reservation/4_/button_Return To Reservation' located by 'By.xpath: (//button[@type='button'])[13]' not found
	at com.kms.katalon.core.webui.common.WebUiCommonHelper.findWebElement(WebUiCommonHelper.java:1113)
	at com.kms.katalon.core.webui.keyword.internal.WebUIAbstractKeyword.findWebElement(WebUIAbstractKeyword.groovy:27)
	at com.kms.katalon.core.webui.keyword.internal.WebUIAbstractKeyword.findWebElement(WebUIAbstractKeyword.groovy:26)
	at com.kms.katalon.core.webui.keyword.builtin.ClickKeyword$_click_closure1.doCall(ClickKeyword.groovy:68)
	at com.kms.katalon.core.webui.keyword.builtin.ClickKeyword$_click_closure1.call(ClickKeyword.groovy)
	at com.kms.katalon.core.webui.keyword.internal.WebUIKeywordMain.runKeyword(WebUIKeywordMain.groovy:20)
	at com.kms.katalon.core.webui.keyword.builtin.ClickKeyword.click(ClickKeyword.groovy:99)
	at com.kms.katalon.core.webui.keyword.builtin.ClickKeyword.execute(ClickKeyword.groovy:43)
	at com.kms.katalon.core.keyword.internal.KeywordExecutor.executeKeywordForPlatform(KeywordExecutor.groovy:60)
	at com.kms.katalon.core.webui.keyword.WebUiBuiltInKeywords.click(WebUiBuiltInKeywords.groovy:616)
	at com.kms.katalon.core.webui.keyword.WebUiBuiltInKeywords$click$3.call(Unknown Source)
	at Script1576482987688.run(Script1576482987688.groovy:210)
	... 13 more
)

2020-01-15 13:47:36 - [MESSAGE][INFO] - Unable to find the element located by 'By.xpath: (//button[@type='button'])[13]'. Please recheck the objects properties to make sure the desired element is located. 

2020-01-15 13:47:36 - [MESSAGE][FAILED] - Unable to click on object 'Object Repository/obj_reservation/4_/button_Return To Reservation' (Root cause: com.kms.katalon.core.exception.StepFailedException: Unable to click on object 'Object Repository/obj_reservation/4_/button_Return To Reservation'
	at com.kms.katalon.core.webui.keyword.internal.WebUIKeywordMain.stepFailed(WebUIKeywordMain.groovy:64)
	at com.kms.katalon.core.webui.keyword.internal.WebUIKeywordMain.runKeyword(WebUIKeywordMain.groovy:26)
	at com.kms.katalon.core.webui.keyword.builtin.ClickKeyword.click(ClickKeyword.groovy:99)
	at com.kms.katalon.core.webui.keyword.builtin.ClickKeyword.execute(ClickKeyword.groovy:43)
	at com.kms.katalon.core.keyword.internal.KeywordExecutor.executeKeywordForPlatform(KeywordExecutor.groovy:60)
	at com.kms.katalon.core.webui.keyword.WebUiBuiltInKeywords.click(WebUiBuiltInKeywords.groovy:616)
	at com.kms.katalon.core.webui.keyword.WebUiBuiltInKeywords$click$3.call(Unknown Source)
	at p4p_newReservationBoarding.run(p4p_newReservationBoarding:210)
	at com.kms.katalon.core.main.ScriptEngine.run(ScriptEngine.java:194)
	at com.kms.katalon.core.main.ScriptEngine.runScriptAsRawText(ScriptEngine.java:119)
	at com.kms.katalon.core.main.TestCaseExecutor.runScript(TestCaseExecutor.java:337)
	at com.kms.katalon.core.main.TestCaseExecutor.doExecute(TestCaseExecutor.java:328)
	at com.kms.katalon.core.main.TestCaseExecutor.processExecutionPhase(TestCaseExecutor.java:307)
	at com.kms.katalon.core.main.TestCaseExecutor.accessMainPhase(TestCaseExecutor.java:299)
	at com.kms.katalon.core.main.TestCaseExecutor.execute(TestCaseExecutor.java:233)
	at com.kms.katalon.core.main.TestSuiteExecutor.accessTestCaseMainPhase(TestSuiteExecutor.java:169)
	at com.kms.katalon.core.main.TestSuiteExecutor.accessTestSuiteMainPhase(TestSuiteExecutor.java:142)
	at com.kms.katalon.core.main.TestSuiteExecutor.execute(TestSuiteExecutor.java:91)
	at com.kms.katalon.core.main.TestCaseMain.startTestSuite(TestCaseMain.java:157)
	at com.kms.katalon.core.main.TestCaseMain$startTestSuite$0.call(Unknown Source)
	at TempTestSuite1579117199342.run(TempTestSuite1579117199342.groovy:36)
Caused by: com.kms.katalon.core.webui.exception.WebElementNotFoundException: Web element with id: 'Object Repository/obj_reservation/4_/button_Return To Reservation' located by 'By.xpath: (//button[@type='button'])[13]' not found
	at com.kms.katalon.core.webui.common.WebUiCommonHelper.findWebElement(WebUiCommonHelper.java:1113)
	at com.kms.katalon.core.webui.keyword.internal.WebUIAbstractKeyword.findWebElement(WebUIAbstractKeyword.groovy:27)
	at com.kms.katalon.core.webui.keyword.internal.WebUIAbstractKeyword.findWebElement(WebUIAbstractKeyword.groovy:26)
	at com.kms.katalon.core.webui.keyword.builtin.ClickKeyword$_click_closure1.doCall(ClickKeyword.groovy:68)
	at com.kms.katalon.core.webui.keyword.builtin.ClickKeyword$_click_closure1.call(ClickKeyword.groovy)
	at com.kms.katalon.core.webui.keyword.internal.WebUIKeywordMain.runKeyword(WebUIKeywordMain.groovy:20)
	at com.kms.katalon.core.webui.keyword.builtin.ClickKeyword.click(ClickKeyword.groovy:99)
	at com.kms.katalon.core.webui.keyword.builtin.ClickKeyword.execute(ClickKeyword.groovy:43)
	at com.kms.katalon.core.keyword.internal.KeywordExecutor.executeKeywordForPlatform(KeywordExecutor.groovy:60)
	at com.kms.katalon.core.webui.keyword.WebUiBuiltInKeywords.click(WebUiBuiltInKeywords.groovy:616)
	at com.kms.katalon.core.webui.keyword.WebUiBuiltInKeywords$click$3.call(Unknown Source)
	at Script1576482987688.run(Script1576482987688.groovy:210)
	... 13 more
)
[[ATTACHMENT|/home/leonardo-arkusmty/Documents/workspaceKatalon/p4ptest/Reports/20200115_133959/ts_newReservationBoarding/20200115_133959/1579117656329.png]]

2020-01-15 13:47:36 - [TEST_STEP][PASSED] - catch (Exception e): Delayed 1 second(s)

2020-01-15 13:47:36 - [TEST_STEP][PASSED] - e.printStackTrace(): null

2020-01-15 13:47:36 - [TEST_STEP][PASSED] - log.logInfo("ERROR EXCEPCION"): ERROR EXCEPCION

2020-01-15 13:47:36 - [MESSAGE][INFO] - ERROR EXCEPCION

2020-01-15 13:47:36 - [TEST_STEP][PASSED] - cell1Err = rowNewRes.createCell(18, 0): null

2020-01-15 13:47:36 - [TEST_STEP][PASSED] - cell2Err = rowNewRes.createCell(19, 0): null

2020-01-15 13:47:36 - [TEST_STEP][PASSED] - cell1Err.setCellType(CELL_TYPE_STRING): null

2020-01-15 13:47:36 - [TEST_STEP][PASSED] - cell1Err.setCellValue("Error"): null

2020-01-15 13:47:36 - [TEST_STEP][PASSED] - cell2Err.setCellType(CELL_TYPE_STRING): null

2020-01-15 13:47:36 - [TEST_STEP][PASSED] - cell2Err.setCellValue("Reservacion existente"): null

2020-01-15 13:47:36 - [TEST_STEP][PASSED] - fos = new java.io.FileOutputStream(/home/leonardo-arkusmty/Desktop/P4P/DATA_AUTOMATINTESTING/data_1newReservationBoarding.xlsx): null

2020-01-15 13:47:36 - [TEST_STEP][PASSED] - workbookNewRes.write(fos): null

2020-01-15 13:47:36 - [TEST_STEP][PASSED] - fos.close(): null

2020-01-15 13:47:36 - [TEST_STEP][PASSED] - delay(1): Delayed 1 second(s)

2020-01-15 13:47:37 - [MESSAGE][PASSED] - Delayed 1 second(s)

2020-01-15 13:47:37 - [TEST_STEP][PASSED] - delay(3): Delayed 3 second(s)

2020-01-15 13:47:40 - [MESSAGE][PASSED] - Delayed 3 second(s)

2020-01-15 13:47:40 - [TEST_STEP][PASSED] - click(findTestObject("obj_reservation/P4P_2/button_Go to CheckOut")): Object: 'Object Repository/obj_reservation/P4P_2/button_Go to CheckOut' is clicked on

2020-01-15 13:48:12 - [MESSAGE][PASSED] - Object: 'Object Repository/obj_reservation/P4P_2/button_Go to CheckOut' is clicked on

2020-01-15 13:48:12 - [TEST_STEP][PASSED] - delay(2): Delayed 2 second(s)

2020-01-15 13:48:14 - [MESSAGE][PASSED] - Delayed 2 second(s)

2020-01-15 13:48:14 - [TEST_STEP][PASSED] - var_url = getUrl(): Current window's url is: 'https://p4p-qa-bg.aws.paradise4paws.com/reservations/add/?parent_id=122352'

2020-01-15 13:48:14 - [MESSAGE][PASSED] - Current window's url is: 'https://p4p-qa-bg.aws.paradise4paws.com/reservations/add/?parent_id=122352'

2020-01-15 13:48:14 - [TEST_STEP][PASSED] - arrayUrl = var_url.split("/"): null

2020-01-15 13:48:14 - [TEST_STEP][FAILED] - verifyElementText(findTestObject("obj_reservation/P4P_2/span_( BK )"), "( BK )", STOP_ON_FAILURE): Verify element text of test object 'Object Repository/obj_reservation/P4P_2/span_( BK )' FAILED. (Root cause: com.kms.katalon.core.exception.StepFailedException: Verify element text of test object 'Object Repository/obj_reservation/P4P_2/span_( BK )' FAILED.
	at com.kms.katalon.core.webui.keyword.internal.WebUIKeywordMain.stepFailed(WebUIKeywordMain.groovy:64)
	at com.kms.katalon.core.webui.keyword.internal.WebUIKeywordMain.runKeyword(WebUIKeywordMain.groovy:26)
	at com.kms.katalon.core.webui.keyword.builtin.VerifyElementTextKeyword.verifyElementText(VerifyElementTextKeyword.groovy:72)
	at com.kms.katalon.core.webui.keyword.builtin.VerifyElementTextKeyword.execute(VerifyElementTextKeyword.groovy:40)
	at com.kms.katalon.core.keyword.internal.KeywordExecutor.executeKeywordForPlatform(KeywordExecutor.groovy:60)
	at com.kms.katalon.core.webui.keyword.WebUiBuiltInKeywords.verifyElementText(WebUiBuiltInKeywords.groovy:3647)
	at com.kms.katalon.core.webui.keyword.WebUiBuiltInKeywords$verifyElementText$6.call(Unknown Source)
	at p4p_newReservationBoarding.run(p4p_newReservationBoarding:236)
	at com.kms.katalon.core.main.ScriptEngine.run(ScriptEngine.java:194)
	at com.kms.katalon.core.main.ScriptEngine.runScriptAsRawText(ScriptEngine.java:119)
	at com.kms.katalon.core.main.TestCaseExecutor.runScript(TestCaseExecutor.java:337)
	at com.kms.katalon.core.main.TestCaseExecutor.doExecute(TestCaseExecutor.java:328)
	at com.kms.katalon.core.main.TestCaseExecutor.processExecutionPhase(TestCaseExecutor.java:307)
	at com.kms.katalon.core.main.TestCaseExecutor.accessMainPhase(TestCaseExecutor.java:299)
	at com.kms.katalon.core.main.TestCaseExecutor.execute(TestCaseExecutor.java:233)
	at com.kms.katalon.core.main.TestSuiteExecutor.accessTestCaseMainPhase(TestSuiteExecutor.java:169)
	at com.kms.katalon.core.main.TestSuiteExecutor.accessTestSuiteMainPhase(TestSuiteExecutor.java:142)
	at com.kms.katalon.core.main.TestSuiteExecutor.execute(TestSuiteExecutor.java:91)
	at com.kms.katalon.core.main.TestCaseMain.startTestSuite(TestCaseMain.java:157)
	at com.kms.katalon.core.main.TestCaseMain$startTestSuite$0.call(Unknown Source)
	at TempTestSuite1579117199342.run(TempTestSuite1579117199342.groovy:36)
Caused by: com.kms.katalon.core.exception.StepFailedException: com.kms.katalon.core.webui.exception.WebElementNotFoundException: Web element with id: 'Object Repository/obj_reservation/P4P_2/span_( BK )' located by 'By.xpath: //div[@id='wrapper']/div/div/div/div/div/div/ul/li[4]/a/tab-heading/span' not found
	at com.kms.katalon.core.webui.keyword.internal.WebUIKeywordMain.stepFailed(WebUIKeywordMain.groovy:64)
	at com.kms.katalon.core.webui.keyword.builtin.VerifyElementTextKeyword$_verifyElementText_closure1.doCall(VerifyElementTextKeyword.groovy:64)
	at com.kms.katalon.core.webui.keyword.builtin.VerifyElementTextKeyword$_verifyElementText_closure1.call(VerifyElementTextKeyword.groovy)
	at com.kms.katalon.core.webui.keyword.internal.WebUIKeywordMain.runKeyword(WebUIKeywordMain.groovy:20)
	... 19 more
)

2020-01-15 13:48:59 - [MESSAGE][INFO] - Unable to find the element located by 'By.xpath: //div[@id='wrapper']/div/div/div/div/div/div/ul/li[4]/a/tab-heading/span'. Please recheck the objects properties to make sure the desired element is located. 

2020-01-15 13:48:59 - [MESSAGE][FAILED] - com.kms.katalon.core.webui.exception.WebElementNotFoundException: Web element with id: 'Object Repository/obj_reservation/P4P_2/span_( BK )' located by 'By.xpath: //div[@id='wrapper']/div/div/div/div/div/div/ul/li[4]/a/tab-heading/span' not found (Root cause: com.kms.katalon.core.exception.StepFailedException: com.kms.katalon.core.webui.exception.WebElementNotFoundException: Web element with id: 'Object Repository/obj_reservation/P4P_2/span_( BK )' located by 'By.xpath: //div[@id='wrapper']/div/div/div/div/div/div/ul/li[4]/a/tab-heading/span' not found
	at com.kms.katalon.core.webui.keyword.internal.WebUIKeywordMain.stepFailed(WebUIKeywordMain.groovy:64)
	at com.kms.katalon.core.webui.keyword.builtin.VerifyElementTextKeyword$_verifyElementText_closure1.doCall(VerifyElementTextKeyword.groovy:64)
	at com.kms.katalon.core.webui.keyword.builtin.VerifyElementTextKeyword$_verifyElementText_closure1.call(VerifyElementTextKeyword.groovy)
	at com.kms.katalon.core.webui.keyword.internal.WebUIKeywordMain.runKeyword(WebUIKeywordMain.groovy:20)
	at com.kms.katalon.core.webui.keyword.builtin.VerifyElementTextKeyword.verifyElementText(VerifyElementTextKeyword.groovy:72)
	at com.kms.katalon.core.webui.keyword.builtin.VerifyElementTextKeyword.execute(VerifyElementTextKeyword.groovy:40)
	at com.kms.katalon.core.keyword.internal.KeywordExecutor.executeKeywordForPlatform(KeywordExecutor.groovy:60)
	at com.kms.katalon.core.webui.keyword.WebUiBuiltInKeywords.verifyElementText(WebUiBuiltInKeywords.groovy:3647)
	at com.kms.katalon.core.webui.keyword.WebUiBuiltInKeywords$verifyElementText$6.call(Unknown Source)
	at p4p_newReservationBoarding.run(p4p_newReservationBoarding:236)
	at com.kms.katalon.core.main.ScriptEngine.run(ScriptEngine.java:194)
	at com.kms.katalon.core.main.ScriptEngine.runScriptAsRawText(ScriptEngine.java:119)
	at com.kms.katalon.core.main.TestCaseExecutor.runScript(TestCaseExecutor.java:337)
	at com.kms.katalon.core.main.TestCaseExecutor.doExecute(TestCaseExecutor.java:328)
	at com.kms.katalon.core.main.TestCaseExecutor.processExecutionPhase(TestCaseExecutor.java:307)
	at com.kms.katalon.core.main.TestCaseExecutor.accessMainPhase(TestCaseExecutor.java:299)
	at com.kms.katalon.core.main.TestCaseExecutor.execute(TestCaseExecutor.java:233)
	at com.kms.katalon.core.main.TestSuiteExecutor.accessTestCaseMainPhase(TestSuiteExecutor.java:169)
	at com.kms.katalon.core.main.TestSuiteExecutor.accessTestSuiteMainPhase(TestSuiteExecutor.java:142)
	at com.kms.katalon.core.main.TestSuiteExecutor.execute(TestSuiteExecutor.java:91)
	at com.kms.katalon.core.main.TestCaseMain.startTestSuite(TestCaseMain.java:157)
	at com.kms.katalon.core.main.TestCaseMain$startTestSuite$0.call(Unknown Source)
	at TempTestSuite1579117199342.run(TempTestSuite1579117199342.groovy:36)
)
[[ATTACHMENT|/home/leonardo-arkusmty/Documents/workspaceKatalon/p4ptest/Reports/20200115_133959/ts_newReservationBoarding/20200115_133959/1579117739012.png]]

2020-01-15 13:48:59 - [MESSAGE][FAILED] - Verify element text of test object 'Object Repository/obj_reservation/P4P_2/span_( BK )' FAILED. (Root cause: com.kms.katalon.core.exception.StepFailedException: Verify element text of test object 'Object Repository/obj_reservation/P4P_2/span_( BK )' FAILED.
	at com.kms.katalon.core.webui.keyword.internal.WebUIKeywordMain.stepFailed(WebUIKeywordMain.groovy:64)
	at com.kms.katalon.core.webui.keyword.internal.WebUIKeywordMain.runKeyword(WebUIKeywordMain.groovy:26)
	at com.kms.katalon.core.webui.keyword.builtin.VerifyElementTextKeyword.verifyElementText(VerifyElementTextKeyword.groovy:72)
	at com.kms.katalon.core.webui.keyword.builtin.VerifyElementTextKeyword.execute(VerifyElementTextKeyword.groovy:40)
	at com.kms.katalon.core.keyword.internal.KeywordExecutor.executeKeywordForPlatform(KeywordExecutor.groovy:60)
	at com.kms.katalon.core.webui.keyword.WebUiBuiltInKeywords.verifyElementText(WebUiBuiltInKeywords.groovy:3647)
	at com.kms.katalon.core.webui.keyword.WebUiBuiltInKeywords$verifyElementText$6.call(Unknown Source)
	at p4p_newReservationBoarding.run(p4p_newReservationBoarding:236)
	at com.kms.katalon.core.main.ScriptEngine.run(ScriptEngine.java:194)
	at com.kms.katalon.core.main.ScriptEngine.runScriptAsRawText(ScriptEngine.java:119)
	at com.kms.katalon.core.main.TestCaseExecutor.runScript(TestCaseExecutor.java:337)
	at com.kms.katalon.core.main.TestCaseExecutor.doExecute(TestCaseExecutor.java:328)
	at com.kms.katalon.core.main.TestCaseExecutor.processExecutionPhase(TestCaseExecutor.java:307)
	at com.kms.katalon.core.main.TestCaseExecutor.accessMainPhase(TestCaseExecutor.java:299)
	at com.kms.katalon.core.main.TestCaseExecutor.execute(TestCaseExecutor.java:233)
	at com.kms.katalon.core.main.TestSuiteExecutor.accessTestCaseMainPhase(TestSuiteExecutor.java:169)
	at com.kms.katalon.core.main.TestSuiteExecutor.accessTestSuiteMainPhase(TestSuiteExecutor.java:142)
	at com.kms.katalon.core.main.TestSuiteExecutor.execute(TestSuiteExecutor.java:91)
	at com.kms.katalon.core.main.TestCaseMain.startTestSuite(TestCaseMain.java:157)
	at com.kms.katalon.core.main.TestCaseMain$startTestSuite$0.call(Unknown Source)
	at TempTestSuite1579117199342.run(TempTestSuite1579117199342.groovy:36)
Caused by: com.kms.katalon.core.exception.StepFailedException: com.kms.katalon.core.webui.exception.WebElementNotFoundException: Web element with id: 'Object Repository/obj_reservation/P4P_2/span_( BK )' located by 'By.xpath: //div[@id='wrapper']/div/div/div/div/div/div/ul/li[4]/a/tab-heading/span' not found
	at com.kms.katalon.core.webui.keyword.internal.WebUIKeywordMain.stepFailed(WebUIKeywordMain.groovy:64)
	at com.kms.katalon.core.webui.keyword.builtin.VerifyElementTextKeyword$_verifyElementText_closure1.doCall(VerifyElementTextKeyword.groovy:64)
	at com.kms.katalon.core.webui.keyword.builtin.VerifyElementTextKeyword$_verifyElementText_closure1.call(VerifyElementTextKeyword.groovy)
	at com.kms.katalon.core.webui.keyword.internal.WebUIKeywordMain.runKeyword(WebUIKeywordMain.groovy:20)
	... 19 more
)
[[ATTACHMENT|/home/leonardo-arkusmty/Documents/workspaceKatalon/p4ptest/Reports/20200115_133959/ts_newReservationBoarding/20200115_133959/1579117739224.png]]]]></system-out>
         <system-err><![CDATA[2020-01-15 13:45:55 - [TEST_CASE][FAILED] - Test Cases/p4p_newReservationBoarding: Test Cases/p4p_newReservationBoarding FAILED.
Reason:
com.kms.katalon.core.exception.StepFailedException: Verify element text of test object 'Object Repository/obj_reservation/P4P_2/span_( BK )' FAILED.
	at com.kms.katalon.core.webui.keyword.internal.WebUIKeywordMain.stepFailed(WebUIKeywordMain.groovy:64)
	at com.kms.katalon.core.webui.keyword.internal.WebUIKeywordMain.runKeyword(WebUIKeywordMain.groovy:26)
	at com.kms.katalon.core.webui.keyword.builtin.VerifyElementTextKeyword.verifyElementText(VerifyElementTextKeyword.groovy:72)
	at com.kms.katalon.core.webui.keyword.builtin.VerifyElementTextKeyword.execute(VerifyElementTextKeyword.groovy:40)
	at com.kms.katalon.core.keyword.internal.KeywordExecutor.executeKeywordForPlatform(KeywordExecutor.groovy:60)
	at com.kms.katalon.core.webui.keyword.WebUiBuiltInKeywords.verifyElementText(WebUiBuiltInKeywords.groovy:3647)
	at com.kms.katalon.core.webui.keyword.WebUiBuiltInKeywords$verifyElementText$6.call(Unknown Source)
	at p4p_newReservationBoarding.run(p4p_newReservationBoarding:236)
	at com.kms.katalon.core.main.ScriptEngine.run(ScriptEngine.java:194)
	at com.kms.katalon.core.main.ScriptEngine.runScriptAsRawText(ScriptEngine.java:119)
	at com.kms.katalon.core.main.TestCaseExecutor.runScript(TestCaseExecutor.java:337)
	at com.kms.katalon.core.main.TestCaseExecutor.doExecute(TestCaseExecutor.java:328)
	at com.kms.katalon.core.main.TestCaseExecutor.processExecutionPhase(TestCaseExecutor.java:307)
	at com.kms.katalon.core.main.TestCaseExecutor.accessMainPhase(TestCaseExecutor.java:299)
	at com.kms.katalon.core.main.TestCaseExecutor.execute(TestCaseExecutor.java:233)
	at com.kms.katalon.core.main.TestSuiteExecutor.accessTestCaseMainPhase(TestSuiteExecutor.java:169)
	at com.kms.katalon.core.main.TestSuiteExecutor.accessTestSuiteMainPhase(TestSuiteExecutor.java:142)
	at com.kms.katalon.core.main.TestSuiteExecutor.execute(TestSuiteExecutor.java:91)
	at com.kms.katalon.core.main.TestCaseMain.startTestSuite(TestCaseMain.java:157)
	at com.kms.katalon.core.main.TestCaseMain$startTestSuite$0.call(Unknown Source)
	at TempTestSuite1579117199342.run(TempTestSuite1579117199342.groovy:36)
Caused by: com.kms.katalon.core.exception.StepFailedException: com.kms.katalon.core.webui.exception.WebElementNotFoundException: Web element with id: 'Object Repository/obj_reservation/P4P_2/span_( BK )' located by 'By.xpath: //div[@id='wrapper']/div/div/div/div/div/div/ul/li[4]/a/tab-heading/span' not found
	at com.kms.katalon.core.webui.keyword.internal.WebUIKeywordMain.stepFailed(WebUIKeywordMain.groovy:64)
	at com.kms.katalon.core.webui.keyword.builtin.VerifyElementTextKeyword$_verifyElementText_closure1.doCall(VerifyElementTextKeyword.groovy:64)
	at com.kms.katalon.core.webui.keyword.builtin.VerifyElementTextKeyword$_verifyElementText_closure1.call(VerifyElementTextKeyword.groovy)
	at com.kms.katalon.core.webui.keyword.internal.WebUIKeywordMain.runKeyword(WebUIKeywordMain.groovy:20)
	... 19 more]]></system-err>
      </testcase>
      <testcase name="Test Cases/p4p_newReservationBoarding" time="212.527" classname="Test Cases/p4p_newReservationBoarding" status="FAILED">
         <failure type="FAILED" message="Test Cases/p4p_newReservationBoarding FAILED.
Reason:
com.kms.katalon.core.exception.StepFailedException: Unable to get text of object 'Object Repository/obj_reservation/4_/span_requiresdeposit' (Root cause: com.kms.katalon.core.exception.StepFailedException: Unable to get text of object 'Object Repository/obj_reservation/4_/span_requiresdeposit'
	at com.kms.katalon.core.webui.keyword.internal.WebUIKeywordMain.stepFailed(WebUIKeywordMain.groovy:64)
	at com.kms.katalon.core.webui.keyword.internal.WebUIKeywordMain.runKeyword(WebUIKeywordMain.groovy:26)
	at com.kms.katalon.core.webui.keyword.builtin.GetTextKeyword.getText(GetTextKeyword.groovy:88)
	at com.kms.katalon.core.webui.keyword.builtin.GetTextKeyword.execute(GetTextKeyword.groovy:67)
	at com.kms.katalon.core.keyword.internal.KeywordExecutor.executeKeywordForPlatform(KeywordExecutor.groovy:60)
	at com.kms.katalon.core.webui.keyword.WebUiBuiltInKeywords.getText(WebUiBuiltInKeywords.groovy:874)
	at com.kms.katalon.core.webui.keyword.WebUiBuiltInKeywords$getText$4.call(Unknown Source)
	at p4p_newReservationBoarding.run(p4p_newReservationBoarding:152)
	at com.kms.katalon.core.main.ScriptEngine.run(ScriptEngine.java:194)
	at com.kms.katalon.core.main.ScriptEngine.runScriptAsRawText(ScriptEngine.java:119)
	at com.kms.katalon.core.main.TestCaseExecutor.runScript(TestCaseExecutor.java:337)
	at com.kms.katalon.core.main.TestCaseExecutor.doExecute(TestCaseExecutor.java:328)
	at com.kms.katalon.core.main.TestCaseExecutor.processExecutionPhase(TestCaseExecutor.java:307)
	at com.kms.katalon.core.main.TestCaseExecutor.accessMainPhase(TestCaseExecutor.java:299)
	at com.kms.katalon.core.main.TestCaseExecutor.execute(TestCaseExecutor.java:233)
	at com.kms.katalon.core.main.TestSuiteExecutor.accessTestCaseMainPhase(TestSuiteExecutor.java:169)
	at com.kms.katalon.core.main.TestSuiteExecutor.accessTestSuiteMainPhase(TestSuiteExecutor.java:142)
	at com.kms.katalon.core.main.TestSuiteExecutor.execute(TestSuiteExecutor.java:91)
	at com.kms.katalon.core.main.TestCaseMain.startTestSuite(TestCaseMain.java:157)
	at com.kms.katalon.core.main.TestCaseMain$startTestSuite$0.call(Unknown Source)
	at TempTestSuite1579117199342.run(TempTestSuite1579117199342.groovy:36)
Caused by: com.kms.katalon.core.webui.exception.WebElementNotFoundException: Web element with id: 'Object Repository/obj_reservation/4_/span_requiresdeposit' located by 'By.xpath: //div[@id='wrapper']/div/div/div[3]/fieldset/div/p4p-reservations-wizard/div/div[2]/div/overview/p4p-reservation-overview-section/div[2]/div/form/div[6]/div/p/span' not found
	at com.kms.katalon.core.webui.common.WebUiCommonHelper.findWebElement(WebUiCommonHelper.java:1113)
	at com.kms.katalon.core.webui.keyword.internal.WebUIAbstractKeyword.findWebElement(WebUIAbstractKeyword.groovy:27)
	at com.kms.katalon.core.webui.keyword.internal.WebUIAbstractKeyword.findWebElement(WebUIAbstractKeyword.groovy:26)
	at com.kms.katalon.core.webui.keyword.builtin.GetTextKeyword$_getText_closure1.doCall(GetTextKeyword.groovy:78)
	at com.kms.katalon.core.webui.keyword.builtin.GetTextKeyword$_getText_closure1.call(GetTextKeyword.groovy)
	at com.kms.katalon.core.webui.keyword.internal.WebUIKeywordMain.runKeyword(WebUIKeywordMain.groovy:20)
	at com.kms.katalon.core.webui.keyword.builtin.GetTextKeyword.getText(GetTextKeyword.groovy:88)
	at com.kms.katalon.core.webui.keyword.builtin.GetTextKeyword.execute(GetTextKeyword.groovy:67)
	at com.kms.katalon.core.keyword.internal.KeywordExecutor.executeKeywordForPlatform(KeywordExecutor.groovy:60)
	at com.kms.katalon.core.webui.keyword.WebUiBuiltInKeywords.getText(WebUiBuiltInKeywords.groovy:874)
	at com.kms.katalon.core.webui.keyword.WebUiBuiltInKeywords$getText$4.call(Unknown Source)
	at Script1576482987688.run(Script1576482987688.groovy:152)
	... 13 more
)
	at com.kms.katalon.core.keyword.internal.KeywordMain.stepFailed(KeywordMain.groovy:39)
	at com.kms.katalon.core.webui.keyword.internal.WebUIKeywordMain.stepFailed(WebUIKeywordMain.groovy:64)
	at com.kms.katalon.core.webui.keyword.internal.WebUIKeywordMain.runKeyword(WebUIKeywordMain.groovy:26)
	at com.kms.katalon.core.webui.keyword.builtin.GetTextKeyword.getText(GetTextKeyword.groovy:88)
	at com.kms.katalon.core.webui.keyword.builtin.GetTextKeyword.execute(GetTextKeyword.groovy:67)
	at com.kms.katalon.core.keyword.internal.KeywordExecutor.executeKeywordForPlatform(KeywordExecutor.groovy:60)
	at com.kms.katalon.core.webui.keyword.WebUiBuiltInKeywords.getText(WebUiBuiltInKeywords.groovy:874)
	at com.kms.katalon.core.webui.keyword.WebUiBuiltInKeywords$getText$4.call(Unknown Source)
	at p4p_newReservationBoarding.run(p4p_newReservationBoarding:152)
	at com.kms.katalon.core.main.ScriptEngine.run(ScriptEngine.java:194)
	at com.kms.katalon.core.main.ScriptEngine.runScriptAsRawText(ScriptEngine.java:119)
	at com.kms.katalon.core.main.TestCaseExecutor.runScript(TestCaseExecutor.java:337)
	at com.kms.katalon.core.main.TestCaseExecutor.doExecute(TestCaseExecutor.java:328)
	at com.kms.katalon.core.main.TestCaseExecutor.processExecutionPhase(TestCaseExecutor.java:307)
	at com.kms.katalon.core.main.TestCaseExecutor.accessMainPhase(TestCaseExecutor.java:299)
	at com.kms.katalon.core.main.TestCaseExecutor.execute(TestCaseExecutor.java:233)
	at com.kms.katalon.core.main.TestSuiteExecutor.accessTestCaseMainPhase(TestSuiteExecutor.java:169)
	at com.kms.katalon.core.main.TestSuiteExecutor.accessTestSuiteMainPhase(TestSuiteExecutor.java:142)
	at com.kms.katalon.core.main.TestSuiteExecutor.execute(TestSuiteExecutor.java:91)
	at com.kms.katalon.core.main.TestCaseMain.startTestSuite(TestCaseMain.java:157)
	at com.kms.katalon.core.main.TestCaseMain$startTestSuite$0.call(Unknown Source)
	at TempTestSuite1579117199342.run(TempTestSuite1579117199342.groovy:36)
Caused by: com.kms.katalon.core.exception.StepFailedException: Unable to get text of object 'Object Repository/obj_reservation/4_/span_requiresdeposit'
	... 21 more
Caused by: com.kms.katalon.core.webui.exception.WebElementNotFoundException: Web element with id: 'Object Repository/obj_reservation/4_/span_requiresdeposit' located by 'By.xpath: //div[@id='wrapper']/div/div/div[3]/fieldset/div/p4p-reservations-wizard/div/div[2]/div/overview/p4p-reservation-overview-section/div[2]/div/form/div[6]/div/p/span' not found
	at com.kms.katalon.core.webui.common.WebUiCommonHelper.findWebElement(WebUiCommonHelper.java:1113)
	at com.kms.katalon.core.webui.keyword.internal.WebUIAbstractKeyword.findWebElement(WebUIAbstractKeyword.groovy:27)
	at com.kms.katalon.core.webui.keyword.internal.WebUIAbstractKeyword.findWebElement(WebUIAbstractKeyword.groovy:26)
	at com.kms.katalon.core.webui.keyword.builtin.GetTextKeyword$_getText_closure1.doCall(GetTextKeyword.groovy:78)
	at com.kms.katalon.core.webui.keyword.builtin.GetTextKeyword$_getText_closure1.call(GetTextKeyword.groovy)
	at com.kms.katalon.core.webui.keyword.internal.WebUIKeywordMain.runKeyword(WebUIKeywordMain.groovy:20)
	... 19 more
"/>
         <system-out><![CDATA[2020-01-15 13:48:59 - [TEST_CASE][FAILED] - Test Cases/p4p_newReservationBoarding: Test Cases/p4p_newReservationBoarding FAILED.
Reason:
com.kms.katalon.core.exception.StepFailedException: Unable to get text of object 'Object Repository/obj_reservation/4_/span_requiresdeposit' (Root cause: com.kms.katalon.core.exception.StepFailedException: Unable to get text of object 'Object Repository/obj_reservation/4_/span_requiresdeposit'
	at com.kms.katalon.core.webui.keyword.internal.WebUIKeywordMain.stepFailed(WebUIKeywordMain.groovy:64)
	at com.kms.katalon.core.webui.keyword.internal.WebUIKeywordMain.runKeyword(WebUIKeywordMain.groovy:26)
	at com.kms.katalon.core.webui.keyword.builtin.GetTextKeyword.getText(GetTextKeyword.groovy:88)
	at com.kms.katalon.core.webui.keyword.builtin.GetTextKeyword.execute(GetTextKeyword.groovy:67)
	at com.kms.katalon.core.keyword.internal.KeywordExecutor.executeKeywordForPlatform(KeywordExecutor.groovy:60)
	at com.kms.katalon.core.webui.keyword.WebUiBuiltInKeywords.getText(WebUiBuiltInKeywords.groovy:874)
	at com.kms.katalon.core.webui.keyword.WebUiBuiltInKeywords$getText$4.call(Unknown Source)
	at p4p_newReservationBoarding.run(p4p_newReservationBoarding:152)
	at com.kms.katalon.core.main.ScriptEngine.run(ScriptEngine.java:194)
	at com.kms.katalon.core.main.ScriptEngine.runScriptAsRawText(ScriptEngine.java:119)
	at com.kms.katalon.core.main.TestCaseExecutor.runScript(TestCaseExecutor.java:337)
	at com.kms.katalon.core.main.TestCaseExecutor.doExecute(TestCaseExecutor.java:328)
	at com.kms.katalon.core.main.TestCaseExecutor.processExecutionPhase(TestCaseExecutor.java:307)
	at com.kms.katalon.core.main.TestCaseExecutor.accessMainPhase(TestCaseExecutor.java:299)
	at com.kms.katalon.core.main.TestCaseExecutor.execute(TestCaseExecutor.java:233)
	at com.kms.katalon.core.main.TestSuiteExecutor.accessTestCaseMainPhase(TestSuiteExecutor.java:169)
	at com.kms.katalon.core.main.TestSuiteExecutor.accessTestSuiteMainPhase(TestSuiteExecutor.java:142)
	at com.kms.katalon.core.main.TestSuiteExecutor.execute(TestSuiteExecutor.java:91)
	at com.kms.katalon.core.main.TestCaseMain.startTestSuite(TestCaseMain.java:157)
	at com.kms.katalon.core.main.TestCaseMain$startTestSuite$0.call(Unknown Source)
	at TempTestSuite1579117199342.run(TempTestSuite1579117199342.groovy:36)
Caused by: com.kms.katalon.core.webui.exception.WebElementNotFoundException: Web element with id: 'Object Repository/obj_reservation/4_/span_requiresdeposit' located by 'By.xpath: //div[@id='wrapper']/div/div/div[3]/fieldset/div/p4p-reservations-wizard/div/div[2]/div/overview/p4p-reservation-overview-section/div[2]/div/form/div[6]/div/p/span' not found
	at com.kms.katalon.core.webui.common.WebUiCommonHelper.findWebElement(WebUiCommonHelper.java:1113)
	at com.kms.katalon.core.webui.keyword.internal.WebUIAbstractKeyword.findWebElement(WebUIAbstractKeyword.groovy:27)
	at com.kms.katalon.core.webui.keyword.internal.WebUIAbstractKeyword.findWebElement(WebUIAbstractKeyword.groovy:26)
	at com.kms.katalon.core.webui.keyword.builtin.GetTextKeyword$_getText_closure1.doCall(GetTextKeyword.groovy:78)
	at com.kms.katalon.core.webui.keyword.builtin.GetTextKeyword$_getText_closure1.call(GetTextKeyword.groovy)
	at com.kms.katalon.core.webui.keyword.internal.WebUIKeywordMain.runKeyword(WebUIKeywordMain.groovy:20)
	at com.kms.katalon.core.webui.keyword.builtin.GetTextKeyword.getText(GetTextKeyword.groovy:88)
	at com.kms.katalon.core.webui.keyword.builtin.GetTextKeyword.execute(GetTextKeyword.groovy:67)
	at com.kms.katalon.core.keyword.internal.KeywordExecutor.executeKeywordForPlatform(KeywordExecutor.groovy:60)
	at com.kms.katalon.core.webui.keyword.WebUiBuiltInKeywords.getText(WebUiBuiltInKeywords.groovy:874)
	at com.kms.katalon.core.webui.keyword.WebUiBuiltInKeywords$getText$4.call(Unknown Source)
	at Script1576482987688.run(Script1576482987688.groovy:152)
	... 13 more
)
	at com.kms.katalon.core.keyword.internal.KeywordMain.stepFailed(KeywordMain.groovy:39)
	at com.kms.katalon.core.webui.keyword.internal.WebUIKeywordMain.stepFailed(WebUIKeywordMain.groovy:64)
	at com.kms.katalon.core.webui.keyword.internal.WebUIKeywordMain.runKeyword(WebUIKeywordMain.groovy:26)
	at com.kms.katalon.core.webui.keyword.builtin.GetTextKeyword.getText(GetTextKeyword.groovy:88)
	at com.kms.katalon.core.webui.keyword.builtin.GetTextKeyword.execute(GetTextKeyword.groovy:67)
	at com.kms.katalon.core.keyword.internal.KeywordExecutor.executeKeywordForPlatform(KeywordExecutor.groovy:60)
	at com.kms.katalon.core.webui.keyword.WebUiBuiltInKeywords.getText(WebUiBuiltInKeywords.groovy:874)
	at com.kms.katalon.core.webui.keyword.WebUiBuiltInKeywords$getText$4.call(Unknown Source)
	at p4p_newReservationBoarding.run(p4p_newReservationBoarding:152)
	at com.kms.katalon.core.main.ScriptEngine.run(ScriptEngine.java:194)
	at com.kms.katalon.core.main.ScriptEngine.runScriptAsRawText(ScriptEngine.java:119)
	at com.kms.katalon.core.main.TestCaseExecutor.runScript(TestCaseExecutor.java:337)
	at com.kms.katalon.core.main.TestCaseExecutor.doExecute(TestCaseExecutor.java:328)
	at com.kms.katalon.core.main.TestCaseExecutor.processExecutionPhase(TestCaseExecutor.java:307)
	at com.kms.katalon.core.main.TestCaseExecutor.accessMainPhase(TestCaseExecutor.java:299)
	at com.kms.katalon.core.main.TestCaseExecutor.execute(TestCaseExecutor.java:233)
	at com.kms.katalon.core.main.TestSuiteExecutor.accessTestCaseMainPhase(TestSuiteExecutor.java:169)
	at com.kms.katalon.core.main.TestSuiteExecutor.accessTestSuiteMainPhase(TestSuiteExecutor.java:142)
	at com.kms.katalon.core.main.TestSuiteExecutor.execute(TestSuiteExecutor.java:91)
	at com.kms.katalon.core.main.TestCaseMain.startTestSuite(TestCaseMain.java:157)
	at com.kms.katalon.core.main.TestCaseMain$startTestSuite$0.call(Unknown Source)
	at TempTestSuite1579117199342.run(TempTestSuite1579117199342.groovy:36)
Caused by: com.kms.katalon.core.exception.StepFailedException: Unable to get text of object 'Object Repository/obj_reservation/4_/span_requiresdeposit'
	... 21 more
Caused by: com.kms.katalon.core.webui.exception.WebElementNotFoundException: Web element with id: 'Object Repository/obj_reservation/4_/span_requiresdeposit' located by 'By.xpath: //div[@id='wrapper']/div/div/div[3]/fieldset/div/p4p-reservations-wizard/div/div[2]/div/overview/p4p-reservation-overview-section/div[2]/div/form/div[6]/div/p/span' not found
	at com.kms.katalon.core.webui.common.WebUiCommonHelper.findWebElement(WebUiCommonHelper.java:1113)
	at com.kms.katalon.core.webui.keyword.internal.WebUIAbstractKeyword.findWebElement(WebUIAbstractKeyword.groovy:27)
	at com.kms.katalon.core.webui.keyword.internal.WebUIAbstractKeyword.findWebElement(WebUIAbstractKeyword.groovy:26)
	at com.kms.katalon.core.webui.keyword.builtin.GetTextKeyword$_getText_closure1.doCall(GetTextKeyword.groovy:78)
	at com.kms.katalon.core.webui.keyword.builtin.GetTextKeyword$_getText_closure1.call(GetTextKeyword.groovy)
	at com.kms.katalon.core.webui.keyword.internal.WebUIKeywordMain.runKeyword(WebUIKeywordMain.groovy:20)
	... 19 more


2020-01-15 13:48:59 - [TEST_STEP][PASSED] - flagBoar = "0": null

2020-01-15 13:48:59 - [TEST_STEP][PASSED] - log = new com.kms.katalon.core.logging.KeywordLogger(): null

2020-01-15 13:48:59 - [TEST_STEP][PASSED] - fisNewRes = new java.io.FileInputStream(/home/leonardo-arkusmty/Desktop/P4P/DATA_AUTOMATINTESTING/data_1newReservationBoarding.xlsx): null

2020-01-15 13:48:59 - [TEST_STEP][PASSED] - fisInv = new java.io.FileInputStream(/home/leonardo-arkusmty/Desktop/P4P/DATA_AUTOMATINTESTING/data_3Invoices.xlsx): null

2020-01-15 13:48:59 - [TEST_STEP][PASSED] - workbookNewRes = new org.apache.poi.xssf.usermodel.XSSFWorkbook(fisNewRes): null

2020-01-15 13:48:59 - [TEST_STEP][PASSED] - workbookInv = new org.apache.poi.xssf.usermodel.XSSFWorkbook(fisInv): null

2020-01-15 13:48:59 - [TEST_STEP][PASSED] - sheetNewRes = workbookNewRes.getSheet("Sheet1"): null

2020-01-15 13:48:59 - [TEST_STEP][PASSED] - sheetInv = workbookInv.getSheet("Sheet1"): null

2020-01-15 13:48:59 - [TEST_STEP][PASSED] - rowCount = var_row: null

2020-01-15 13:48:59 - [TEST_STEP][PASSED] - var = Integer.parseInt(var_idRowRes): null

2020-01-15 13:48:59 - [TEST_STEP][PASSED] - rowNewRes = sheetNewRes.getRow(var): null

2020-01-15 13:48:59 - [TEST_STEP][PASSED] - rowInv = sheetInv.getRow(var): null

2020-01-15 13:48:59 - [TEST_STEP][PASSED] - today = new java.util.Date(): null

2020-01-15 13:48:59 - [TEST_STEP][PASSED] - todaysDate1 = today.format("yyyy"): null

2020-01-15 13:48:59 - [TEST_STEP][PASSED] - todaysDate2 = today.format("mm"): null

2020-01-15 13:48:59 - [TEST_STEP][PASSED] - todaysDate3 = today.format("dd"): null

2020-01-15 13:48:59 - [TEST_STEP][PASSED] - todaysDate4 = today.format("mmm/dd/yyyy"): null

2020-01-15 13:48:59 - [TEST_STEP][PASSED] - todaysDate5 = today.format("dd/mm/yyyy"): null

2020-01-15 13:48:59 - [TEST_STEP][PASSED] - nowTime = today.format("hhmm"): null

2020-01-15 13:48:59 - [TEST_STEP][PASSED] - dateCI = var_checkinD.split(","): null

2020-01-15 13:48:59 - [TEST_STEP][PASSED] - dateCO = var_checkoutD.split(","): null

2020-01-15 13:48:59 - [TEST_STEP][PASSED] - arryPets = var_pets.split(","): null

2020-01-15 13:48:59 - [TEST_STEP][PASSED] - openBrowser("https://p4p-qa-bg.aws.paradise4paws.com/login/"): Browser is opened with url: 'https://p4p-qa-bg.aws.paradise4paws.com/login/'

2020-01-15 13:48:59 - [MESSAGE][WARNING] - A browser is already opened. Closing browser and opening a new one

2020-01-15 13:48:59 - [MESSAGE][INFO] - Starting 'Chrome' driver

2020-01-15 13:49:02 - [MESSAGE][PASSED] - Browser is opened with url: 'https://p4p-qa-bg.aws.paradise4paws.com/login/'

2020-01-15 13:49:02 - [TEST_STEP][PASSED] - maximizeWindow(): Current window maximized

2020-01-15 13:49:02 - [MESSAGE][PASSED] - Current window maximized

2020-01-15 13:49:02 - [TEST_STEP][PASSED] - setText(findTestObject("obj_login/input_user"), var_user): Text 'jegchavez@gmail.com' is set on object 'Object Repository/obj_login/input_user'

2020-01-15 13:49:03 - [MESSAGE][PASSED] - Text 'jegchavez@gmail.com' is set on object 'Object Repository/obj_login/input_user'

2020-01-15 13:49:03 - [TEST_STEP][PASSED] - setText(findTestObject("obj_login/input_pass"), var_pass): Text 'admin1' is set on object 'Object Repository/obj_login/input_pass'

2020-01-15 13:49:03 - [MESSAGE][PASSED] - Text 'admin1' is set on object 'Object Repository/obj_login/input_pass'

2020-01-15 13:49:03 - [TEST_STEP][PASSED] - delay(1): Delayed 1 second(s)

2020-01-15 13:49:04 - [MESSAGE][PASSED] - Delayed 1 second(s)

2020-01-15 13:49:04 - [TEST_STEP][PASSED] - verifyElementClickable(findTestObject("obj_login/btn_login")): Object 'Object Repository/obj_login/btn_login' is clickable

2020-01-15 13:49:04 - [MESSAGE][PASSED] - Object 'Object Repository/obj_login/btn_login' is clickable

2020-01-15 13:49:04 - [TEST_STEP][PASSED] - click(findTestObject("obj_login/btn_login")): Object: 'Object Repository/obj_login/btn_login' is clicked on

2020-01-15 13:49:06 - [MESSAGE][PASSED] - Object: 'Object Repository/obj_login/btn_login' is clicked on

2020-01-15 13:49:06 - [TEST_STEP][PASSED] - delay(1): Delayed 1 second(s)

2020-01-15 13:49:07 - [MESSAGE][PASSED] - Delayed 1 second(s)

2020-01-15 13:49:07 - [TEST_STEP][PASSED] - setText(findTestObject("obj_dashboard_emp/input_search"), var_searchParent): Text 'katalon 1' is set on object 'Object Repository/obj_dashboard_emp/input_search'

2020-01-15 13:49:07 - [MESSAGE][PASSED] - Text 'katalon 1' is set on object 'Object Repository/obj_dashboard_emp/input_search'

2020-01-15 13:49:07 - [TEST_STEP][PASSED] - click(findTestObject("obj_dashboard_emp/btn_accountSearch")): Object: 'Object Repository/obj_dashboard_emp/btn_accountSearch' is clicked on

2020-01-15 13:49:08 - [MESSAGE][PASSED] - Object: 'Object Repository/obj_dashboard_emp/btn_accountSearch' is clicked on

2020-01-15 13:49:08 - [TEST_STEP][PASSED] - delay(1): Delayed 1 second(s)

2020-01-15 13:49:09 - [MESSAGE][PASSED] - Delayed 1 second(s)

2020-01-15 13:49:09 - [TEST_STEP][PASSED] - click(findTestObject("obj_accountInformation/a_TEST GABRIEL PROD")): Object: 'Object Repository/obj_accountInformation/a_TEST GABRIEL PROD' is clicked on

2020-01-15 13:49:10 - [MESSAGE][PASSED] - Object: 'Object Repository/obj_accountInformation/a_TEST GABRIEL PROD' is clicked on

2020-01-15 13:49:10 - [TEST_STEP][PASSED] - delay(1): Delayed 1 second(s)

2020-01-15 13:49:11 - [MESSAGE][PASSED] - Delayed 1 second(s)

2020-01-15 13:49:11 - [TEST_STEP][PASSED] - click(findTestObject("obj_profile/a_addReservation")): Object: 'Object Repository/obj_profile/a_addReservation' is clicked on

2020-01-15 13:49:15 - [MESSAGE][PASSED] - Object: 'Object Repository/obj_profile/a_addReservation' is clicked on

2020-01-15 13:49:15 - [TEST_STEP][PASSED] - delay(1): Delayed 1 second(s)

2020-01-15 13:49:16 - [MESSAGE][PASSED] - Delayed 1 second(s)

2020-01-15 13:49:16 - [TEST_STEP][PASSED] - click(findTestObject("obj_reservation/4_/btn_Boarding")): Object: 'Object Repository/obj_reservation/4_/btn_Boarding' is clicked on

2020-01-15 13:49:16 - [MESSAGE][PASSED] - Object: 'Object Repository/obj_reservation/4_/btn_Boarding' is clicked on

2020-01-15 13:49:16 - [TEST_STEP][PASSED] - flagBoar = "1": null

2020-01-15 13:49:16 - [TEST_STEP][PASSED] - click(findTestObject("obj_reservation/4_/i_location")): Object: 'Object Repository/obj_reservation/4_/i_location' is clicked on

2020-01-15 13:49:18 - [MESSAGE][PASSED] - Object: 'Object Repository/obj_reservation/4_/i_location' is clicked on

2020-01-15 13:49:18 - [TEST_STEP][PASSED] - delay(1): Delayed 1 second(s)

2020-01-15 13:49:19 - [MESSAGE][PASSED] - Delayed 1 second(s)

2020-01-15 13:49:19 - [TEST_STEP][PASSED] - click(findTestObject("obj_reservation/2_facility/i_" + var_idFacility + "_facility")): Object: 'Object Repository/obj_reservation/2_facility/i_3_facility' is clicked on

2020-01-15 13:49:20 - [MESSAGE][PASSED] - Object: 'Object Repository/obj_reservation/2_facility/i_3_facility' is clicked on

2020-01-15 13:49:20 - [TEST_STEP][PASSED] - delay(1): Delayed 1 second(s)

2020-01-15 13:49:21 - [MESSAGE][PASSED] - Delayed 1 second(s)

2020-01-15 13:49:21 - [TEST_STEP][PASSED] - click(findTestObject("obj_reservation/4_/dateCheckIn")): Object: 'Object Repository/obj_reservation/4_/dateCheckIn' is clicked on

2020-01-15 13:49:23 - [MESSAGE][PASSED] - Object: 'Object Repository/obj_reservation/4_/dateCheckIn' is clicked on

2020-01-15 13:49:23 - [TEST_STEP][PASSED] - delay(1): Delayed 1 second(s)

2020-01-15 13:49:24 - [MESSAGE][PASSED] - Delayed 1 second(s)

2020-01-15 13:49:24 - [TEST_STEP][PASSED] - click(findTestObject("obj_reservation/3_date2020/0120/CI/button_" + dateCI[0] + "01_ci")): Object: 'Object Repository/obj_reservation/3_date2020/0120/CI/button_0701_ci' is clicked on

2020-01-15 13:49:24 - [MESSAGE][PASSED] - Object: 'Object Repository/obj_reservation/3_date2020/0120/CI/button_0701_ci' is clicked on

2020-01-15 13:49:24 - [TEST_STEP][PASSED] - if (flagBoar == "1"): Object: 'Object Repository/obj_reservation/3_date2020/0120/CO/button_0801_co' is clicked on

2020-01-15 13:49:24 - [TEST_STEP][PASSED] - click(findTestObject("obj_reservation/4_/dateCheckOut")): Object: 'Object Repository/obj_reservation/4_/dateCheckOut' is clicked on

2020-01-15 13:49:25 - [MESSAGE][PASSED] - Object: 'Object Repository/obj_reservation/4_/dateCheckOut' is clicked on

2020-01-15 13:49:25 - [TEST_STEP][PASSED] - delay(1): Delayed 1 second(s)

2020-01-15 13:49:26 - [MESSAGE][PASSED] - Delayed 1 second(s)

2020-01-15 13:49:26 - [TEST_STEP][PASSED] - click(findTestObject("obj_reservation/3_date2020/0120/CO/button_" + dateCO[0] + "01_co")): Object: 'Object Repository/obj_reservation/3_date2020/0120/CO/button_0801_co' is clicked on

2020-01-15 13:49:26 - [MESSAGE][PASSED] - Object: 'Object Repository/obj_reservation/3_date2020/0120/CO/button_0801_co' is clicked on

2020-01-15 13:49:26 - [TEST_STEP][PASSED] - if (var_checkinT.size() == 1): null

2020-01-15 13:49:26 - [TEST_STEP][PASSED] - if (var_checkinT.size() == 2): null

2020-01-15 13:49:26 - [TEST_STEP][PASSED] - if (var_checkinT.size() == 3): null

2020-01-15 13:49:26 - [TEST_STEP][PASSED] - var_checkinT = "0" + var_checkinT: null

2020-01-15 13:49:26 - [TEST_STEP][PASSED] - click(findTestObject("obj_reservation/4_/timeCheckin")): Object: 'Object Repository/obj_reservation/4_/timeCheckin' is clicked on

2020-01-15 13:49:27 - [MESSAGE][PASSED] - Object: 'Object Repository/obj_reservation/4_/timeCheckin' is clicked on

2020-01-15 13:49:27 - [TEST_STEP][PASSED] - click(findTestObject("obj_reservation/0_horas/CI/time_" + var_checkinT + "_ci")): Object: 'Object Repository/obj_reservation/0_horas/CI/time_0800_ci' is clicked on

2020-01-15 13:49:28 - [MESSAGE][PASSED] - Object: 'Object Repository/obj_reservation/0_horas/CI/time_0800_ci' is clicked on

2020-01-15 13:49:28 - [TEST_STEP][PASSED] - click(findTestObject("obj_reservation/4_/timeCheckOut")): Object: 'Object Repository/obj_reservation/4_/timeCheckOut' is clicked on

2020-01-15 13:49:29 - [MESSAGE][PASSED] - Object: 'Object Repository/obj_reservation/4_/timeCheckOut' is clicked on

2020-01-15 13:49:29 - [TEST_STEP][PASSED] - click(findTestObject("obj_reservation/0_horas/CO/time_" + var_checkoutT + "_co")): Object: 'Object Repository/obj_reservation/0_horas/CO/time_1130_co' is clicked on

2020-01-15 13:49:29 - [MESSAGE][PASSED] - Object: 'Object Repository/obj_reservation/0_horas/CO/time_1130_co' is clicked on

2020-01-15 13:49:29 - [TEST_STEP][PASSED] - delay(2): Delayed 2 second(s)

2020-01-15 13:49:31 - [MESSAGE][PASSED] - Delayed 2 second(s)

2020-01-15 13:49:31 - [TEST_STEP][PASSED] - if (arryPets.size() == 1): Object: 'Object Repository/obj_reservation/P4P_5/div_Ares' is clicked on

2020-01-15 13:49:31 - [TEST_STEP][PASSED] - click(findTestObject("obj_reservation/P4P_5/div_Ares")): Object: 'Object Repository/obj_reservation/P4P_5/div_Ares' is clicked on

2020-01-15 13:49:32 - [MESSAGE][PASSED] - Object: 'Object Repository/obj_reservation/P4P_5/div_Ares' is clicked on

2020-01-15 13:49:32 - [TEST_STEP][FAILED] - stringDeposit = getText(findTestObject("obj_reservation/4_/span_requiresdeposit"), CONTINUE_ON_FAILURE): Unable to get text of object 'Object Repository/obj_reservation/4_/span_requiresdeposit' (Root cause: com.kms.katalon.core.exception.StepFailedException: Unable to get text of object 'Object Repository/obj_reservation/4_/span_requiresdeposit'
	at com.kms.katalon.core.webui.keyword.internal.WebUIKeywordMain.stepFailed(WebUIKeywordMain.groovy:64)
	at com.kms.katalon.core.webui.keyword.internal.WebUIKeywordMain.runKeyword(WebUIKeywordMain.groovy:26)
	at com.kms.katalon.core.webui.keyword.builtin.GetTextKeyword.getText(GetTextKeyword.groovy:88)
	at com.kms.katalon.core.webui.keyword.builtin.GetTextKeyword.execute(GetTextKeyword.groovy:67)
	at com.kms.katalon.core.keyword.internal.KeywordExecutor.executeKeywordForPlatform(KeywordExecutor.groovy:60)
	at com.kms.katalon.core.webui.keyword.WebUiBuiltInKeywords.getText(WebUiBuiltInKeywords.groovy:874)
	at com.kms.katalon.core.webui.keyword.WebUiBuiltInKeywords$getText$4.call(Unknown Source)
	at p4p_newReservationBoarding.run(p4p_newReservationBoarding:152)
	at com.kms.katalon.core.main.ScriptEngine.run(ScriptEngine.java:194)
	at com.kms.katalon.core.main.ScriptEngine.runScriptAsRawText(ScriptEngine.java:119)
	at com.kms.katalon.core.main.TestCaseExecutor.runScript(TestCaseExecutor.java:337)
	at com.kms.katalon.core.main.TestCaseExecutor.doExecute(TestCaseExecutor.java:328)
	at com.kms.katalon.core.main.TestCaseExecutor.processExecutionPhase(TestCaseExecutor.java:307)
	at com.kms.katalon.core.main.TestCaseExecutor.accessMainPhase(TestCaseExecutor.java:299)
	at com.kms.katalon.core.main.TestCaseExecutor.execute(TestCaseExecutor.java:233)
	at com.kms.katalon.core.main.TestSuiteExecutor.accessTestCaseMainPhase(TestSuiteExecutor.java:169)
	at com.kms.katalon.core.main.TestSuiteExecutor.accessTestSuiteMainPhase(TestSuiteExecutor.java:142)
	at com.kms.katalon.core.main.TestSuiteExecutor.execute(TestSuiteExecutor.java:91)
	at com.kms.katalon.core.main.TestCaseMain.startTestSuite(TestCaseMain.java:157)
	at com.kms.katalon.core.main.TestCaseMain$startTestSuite$0.call(Unknown Source)
	at TempTestSuite1579117199342.run(TempTestSuite1579117199342.groovy:36)
Caused by: com.kms.katalon.core.webui.exception.WebElementNotFoundException: Web element with id: 'Object Repository/obj_reservation/4_/span_requiresdeposit' located by 'By.xpath: //div[@id='wrapper']/div/div/div[3]/fieldset/div/p4p-reservations-wizard/div/div[2]/div/overview/p4p-reservation-overview-section/div[2]/div/form/div[6]/div/p/span' not found
	at com.kms.katalon.core.webui.common.WebUiCommonHelper.findWebElement(WebUiCommonHelper.java:1113)
	at com.kms.katalon.core.webui.keyword.internal.WebUIAbstractKeyword.findWebElement(WebUIAbstractKeyword.groovy:27)
	at com.kms.katalon.core.webui.keyword.internal.WebUIAbstractKeyword.findWebElement(WebUIAbstractKeyword.groovy:26)
	at com.kms.katalon.core.webui.keyword.builtin.GetTextKeyword$_getText_closure1.doCall(GetTextKeyword.groovy:78)
	at com.kms.katalon.core.webui.keyword.builtin.GetTextKeyword$_getText_closure1.call(GetTextKeyword.groovy)
	at com.kms.katalon.core.webui.keyword.internal.WebUIKeywordMain.runKeyword(WebUIKeywordMain.groovy:20)
	at com.kms.katalon.core.webui.keyword.builtin.GetTextKeyword.getText(GetTextKeyword.groovy:88)
	at com.kms.katalon.core.webui.keyword.builtin.GetTextKeyword.execute(GetTextKeyword.groovy:67)
	at com.kms.katalon.core.keyword.internal.KeywordExecutor.executeKeywordForPlatform(KeywordExecutor.groovy:60)
	at com.kms.katalon.core.webui.keyword.WebUiBuiltInKeywords.getText(WebUiBuiltInKeywords.groovy:874)
	at com.kms.katalon.core.webui.keyword.WebUiBuiltInKeywords$getText$4.call(Unknown Source)
	at Script1576482987688.run(Script1576482987688.groovy:152)
	... 13 more
)

2020-01-15 13:50:14 - [MESSAGE][INFO] - Unable to find the element located by 'By.xpath: //div[@id='wrapper']/div/div/div[3]/fieldset/div/p4p-reservations-wizard/div/div[2]/div/overview/p4p-reservation-overview-section/div[2]/div/form/div[6]/div/p/span'. Please recheck the objects properties to make sure the desired element is located. 

2020-01-15 13:50:14 - [MESSAGE][FAILED] - Unable to get text of object 'Object Repository/obj_reservation/4_/span_requiresdeposit' (Root cause: com.kms.katalon.core.exception.StepFailedException: Unable to get text of object 'Object Repository/obj_reservation/4_/span_requiresdeposit'
	at com.kms.katalon.core.webui.keyword.internal.WebUIKeywordMain.stepFailed(WebUIKeywordMain.groovy:64)
	at com.kms.katalon.core.webui.keyword.internal.WebUIKeywordMain.runKeyword(WebUIKeywordMain.groovy:26)
	at com.kms.katalon.core.webui.keyword.builtin.GetTextKeyword.getText(GetTextKeyword.groovy:88)
	at com.kms.katalon.core.webui.keyword.builtin.GetTextKeyword.execute(GetTextKeyword.groovy:67)
	at com.kms.katalon.core.keyword.internal.KeywordExecutor.executeKeywordForPlatform(KeywordExecutor.groovy:60)
	at com.kms.katalon.core.webui.keyword.WebUiBuiltInKeywords.getText(WebUiBuiltInKeywords.groovy:874)
	at com.kms.katalon.core.webui.keyword.WebUiBuiltInKeywords$getText$4.call(Unknown Source)
	at p4p_newReservationBoarding.run(p4p_newReservationBoarding:152)
	at com.kms.katalon.core.main.ScriptEngine.run(ScriptEngine.java:194)
	at com.kms.katalon.core.main.ScriptEngine.runScriptAsRawText(ScriptEngine.java:119)
	at com.kms.katalon.core.main.TestCaseExecutor.runScript(TestCaseExecutor.java:337)
	at com.kms.katalon.core.main.TestCaseExecutor.doExecute(TestCaseExecutor.java:328)
	at com.kms.katalon.core.main.TestCaseExecutor.processExecutionPhase(TestCaseExecutor.java:307)
	at com.kms.katalon.core.main.TestCaseExecutor.accessMainPhase(TestCaseExecutor.java:299)
	at com.kms.katalon.core.main.TestCaseExecutor.execute(TestCaseExecutor.java:233)
	at com.kms.katalon.core.main.TestSuiteExecutor.accessTestCaseMainPhase(TestSuiteExecutor.java:169)
	at com.kms.katalon.core.main.TestSuiteExecutor.accessTestSuiteMainPhase(TestSuiteExecutor.java:142)
	at com.kms.katalon.core.main.TestSuiteExecutor.execute(TestSuiteExecutor.java:91)
	at com.kms.katalon.core.main.TestCaseMain.startTestSuite(TestCaseMain.java:157)
	at com.kms.katalon.core.main.TestCaseMain$startTestSuite$0.call(Unknown Source)
	at TempTestSuite1579117199342.run(TempTestSuite1579117199342.groovy:36)
Caused by: com.kms.katalon.core.webui.exception.WebElementNotFoundException: Web element with id: 'Object Repository/obj_reservation/4_/span_requiresdeposit' located by 'By.xpath: //div[@id='wrapper']/div/div/div[3]/fieldset/div/p4p-reservations-wizard/div/div[2]/div/overview/p4p-reservation-overview-section/div[2]/div/form/div[6]/div/p/span' not found
	at com.kms.katalon.core.webui.common.WebUiCommonHelper.findWebElement(WebUiCommonHelper.java:1113)
	at com.kms.katalon.core.webui.keyword.internal.WebUIAbstractKeyword.findWebElement(WebUIAbstractKeyword.groovy:27)
	at com.kms.katalon.core.webui.keyword.internal.WebUIAbstractKeyword.findWebElement(WebUIAbstractKeyword.groovy:26)
	at com.kms.katalon.core.webui.keyword.builtin.GetTextKeyword$_getText_closure1.doCall(GetTextKeyword.groovy:78)
	at com.kms.katalon.core.webui.keyword.builtin.GetTextKeyword$_getText_closure1.call(GetTextKeyword.groovy)
	at com.kms.katalon.core.webui.keyword.internal.WebUIKeywordMain.runKeyword(WebUIKeywordMain.groovy:20)
	at com.kms.katalon.core.webui.keyword.builtin.GetTextKeyword.getText(GetTextKeyword.groovy:88)
	at com.kms.katalon.core.webui.keyword.builtin.GetTextKeyword.execute(GetTextKeyword.groovy:67)
	at com.kms.katalon.core.keyword.internal.KeywordExecutor.executeKeywordForPlatform(KeywordExecutor.groovy:60)
	at com.kms.katalon.core.webui.keyword.WebUiBuiltInKeywords.getText(WebUiBuiltInKeywords.groovy:874)
	at com.kms.katalon.core.webui.keyword.WebUiBuiltInKeywords$getText$4.call(Unknown Source)
	at Script1576482987688.run(Script1576482987688.groovy:152)
	... 13 more
)
[[ATTACHMENT|/home/leonardo-arkusmty/Documents/workspaceKatalon/p4ptest/Reports/20200115_133959/ts_newReservationBoarding/20200115_133959/1579117814692.png]]

2020-01-15 13:50:14 - [TEST_STEP][PASSED] - varHoliday = 0: null

2020-01-15 13:50:14 - [TEST_STEP][PASSED] - if (stringDeposit != null): null

2020-01-15 13:50:14 - [TEST_STEP][PASSED] - try: Object: 'Object Repository/obj_reservation/4_/div_suite_rad_deluxe' is clicked on

2020-01-15 13:50:14 - [TEST_STEP][PASSED] - click(findTestObject("obj_reservation/4_/div_suite_rad_deluxe")): Object: 'Object Repository/obj_reservation/4_/div_suite_rad_deluxe' is clicked on

2020-01-15 13:50:16 - [MESSAGE][PASSED] - Object: 'Object Repository/obj_reservation/4_/div_suite_rad_deluxe' is clicked on

2020-01-15 13:50:16 - [TEST_STEP][PASSED] - click(findTestObject("obj_reservation/4_/btn_next2")): Object: 'Object Repository/obj_reservation/4_/btn_next2' is clicked on

2020-01-15 13:50:17 - [MESSAGE][PASSED] - Object: 'Object Repository/obj_reservation/4_/btn_next2' is clicked on

2020-01-15 13:50:17 - [TEST_STEP][PASSED] - delay(1): Delayed 1 second(s)

2020-01-15 13:50:18 - [MESSAGE][PASSED] - Delayed 1 second(s)

2020-01-15 13:50:18 - [TEST_STEP][PASSED] - delay(1): Delayed 1 second(s)

2020-01-15 13:50:19 - [MESSAGE][PASSED] - Delayed 1 second(s)

2020-01-15 13:50:19 - [TEST_STEP][PASSED] - click(findTestObject("obj_reservation/4_/btn_next2")): Object: 'Object Repository/obj_reservation/4_/btn_next2' is clicked on

2020-01-15 13:50:19 - [MESSAGE][PASSED] - Object: 'Object Repository/obj_reservation/4_/btn_next2' is clicked on

2020-01-15 13:50:19 - [TEST_STEP][PASSED] - delay(1): Delayed 1 second(s)

2020-01-15 13:50:20 - [MESSAGE][PASSED] - Delayed 1 second(s)

2020-01-15 13:50:20 - [TEST_STEP][PASSED] - click(findTestObject("obj_reservation/4_/button_Submit Reservation")): Object: 'Object Repository/obj_reservation/4_/button_Submit Reservation' is clicked on

2020-01-15 13:50:21 - [MESSAGE][PASSED] - Object: 'Object Repository/obj_reservation/4_/button_Submit Reservation' is clicked on

2020-01-15 13:50:21 - [TEST_STEP][PASSED] - delay(1): Delayed 1 second(s)

2020-01-15 13:50:22 - [MESSAGE][PASSED] - Delayed 1 second(s)

2020-01-15 13:50:22 - [TEST_STEP][PASSED] - if (flagBoar == "2" && var_repeatingEvery == "Daily" || var_repeatingEvery == "Monthly" || var_repeatingEvery == "Weekly"): null

2020-01-15 13:50:22 - [TEST_STEP][FAILED] - else: null

2020-01-15 13:50:22 - [TEST_STEP][PASSED] - delay(2): Delayed 2 second(s)

2020-01-15 13:50:24 - [MESSAGE][PASSED] - Delayed 2 second(s)

2020-01-15 13:50:24 - [TEST_STEP][FAILED] - try: Unable to click on object 'Object Repository/obj_reservation/4_/button_Return To Reservation' (Root cause: com.kms.katalon.core.exception.StepFailedException: Unable to click on object 'Object Repository/obj_reservation/4_/button_Return To Reservation'
	at com.kms.katalon.core.webui.keyword.internal.WebUIKeywordMain.stepFailed(WebUIKeywordMain.groovy:64)
	at com.kms.katalon.core.webui.keyword.internal.WebUIKeywordMain.runKeyword(WebUIKeywordMain.groovy:26)
	at com.kms.katalon.core.webui.keyword.builtin.ClickKeyword.click(ClickKeyword.groovy:99)
	at com.kms.katalon.core.webui.keyword.builtin.ClickKeyword.execute(ClickKeyword.groovy:43)
	at com.kms.katalon.core.keyword.internal.KeywordExecutor.executeKeywordForPlatform(KeywordExecutor.groovy:60)
	at com.kms.katalon.core.webui.keyword.WebUiBuiltInKeywords.click(WebUiBuiltInKeywords.groovy:616)
	at com.kms.katalon.core.webui.keyword.WebUiBuiltInKeywords$click$3.call(Unknown Source)
	at p4p_newReservationBoarding.run(p4p_newReservationBoarding:210)
	at com.kms.katalon.core.main.ScriptEngine.run(ScriptEngine.java:194)
	at com.kms.katalon.core.main.ScriptEngine.runScriptAsRawText(ScriptEngine.java:119)
	at com.kms.katalon.core.main.TestCaseExecutor.runScript(TestCaseExecutor.java:337)
	at com.kms.katalon.core.main.TestCaseExecutor.doExecute(TestCaseExecutor.java:328)
	at com.kms.katalon.core.main.TestCaseExecutor.processExecutionPhase(TestCaseExecutor.java:307)
	at com.kms.katalon.core.main.TestCaseExecutor.accessMainPhase(TestCaseExecutor.java:299)
	at com.kms.katalon.core.main.TestCaseExecutor.execute(TestCaseExecutor.java:233)
	at com.kms.katalon.core.main.TestSuiteExecutor.accessTestCaseMainPhase(TestSuiteExecutor.java:169)
	at com.kms.katalon.core.main.TestSuiteExecutor.accessTestSuiteMainPhase(TestSuiteExecutor.java:142)
	at com.kms.katalon.core.main.TestSuiteExecutor.execute(TestSuiteExecutor.java:91)
	at com.kms.katalon.core.main.TestCaseMain.startTestSuite(TestCaseMain.java:157)
	at com.kms.katalon.core.main.TestCaseMain$startTestSuite$0.call(Unknown Source)
	at TempTestSuite1579117199342.run(TempTestSuite1579117199342.groovy:36)
Caused by: com.kms.katalon.core.webui.exception.WebElementNotFoundException: Web element with id: 'Object Repository/obj_reservation/4_/button_Return To Reservation' located by 'By.xpath: (//button[@type='button'])[13]' not found
	at com.kms.katalon.core.webui.common.WebUiCommonHelper.findWebElement(WebUiCommonHelper.java:1113)
	at com.kms.katalon.core.webui.keyword.internal.WebUIAbstractKeyword.findWebElement(WebUIAbstractKeyword.groovy:27)
	at com.kms.katalon.core.webui.keyword.internal.WebUIAbstractKeyword.findWebElement(WebUIAbstractKeyword.groovy:26)
	at com.kms.katalon.core.webui.keyword.builtin.ClickKeyword$_click_closure1.doCall(ClickKeyword.groovy:68)
	at com.kms.katalon.core.webui.keyword.builtin.ClickKeyword$_click_closure1.call(ClickKeyword.groovy)
	at com.kms.katalon.core.webui.keyword.internal.WebUIKeywordMain.runKeyword(WebUIKeywordMain.groovy:20)
	at com.kms.katalon.core.webui.keyword.builtin.ClickKeyword.click(ClickKeyword.groovy:99)
	at com.kms.katalon.core.webui.keyword.builtin.ClickKeyword.execute(ClickKeyword.groovy:43)
	at com.kms.katalon.core.keyword.internal.KeywordExecutor.executeKeywordForPlatform(KeywordExecutor.groovy:60)
	at com.kms.katalon.core.webui.keyword.WebUiBuiltInKeywords.click(WebUiBuiltInKeywords.groovy:616)
	at com.kms.katalon.core.webui.keyword.WebUiBuiltInKeywords$click$3.call(Unknown Source)
	at Script1576482987688.run(Script1576482987688.groovy:210)
	... 13 more
)

2020-01-15 13:50:24 - [TEST_STEP][FAILED] - click(findTestObject("obj_reservation/4_/button_Return To Reservation")): Unable to click on object 'Object Repository/obj_reservation/4_/button_Return To Reservation' (Root cause: com.kms.katalon.core.exception.StepFailedException: Unable to click on object 'Object Repository/obj_reservation/4_/button_Return To Reservation'
	at com.kms.katalon.core.webui.keyword.internal.WebUIKeywordMain.stepFailed(WebUIKeywordMain.groovy:64)
	at com.kms.katalon.core.webui.keyword.internal.WebUIKeywordMain.runKeyword(WebUIKeywordMain.groovy:26)
	at com.kms.katalon.core.webui.keyword.builtin.ClickKeyword.click(ClickKeyword.groovy:99)
	at com.kms.katalon.core.webui.keyword.builtin.ClickKeyword.execute(ClickKeyword.groovy:43)
	at com.kms.katalon.core.keyword.internal.KeywordExecutor.executeKeywordForPlatform(KeywordExecutor.groovy:60)
	at com.kms.katalon.core.webui.keyword.WebUiBuiltInKeywords.click(WebUiBuiltInKeywords.groovy:616)
	at com.kms.katalon.core.webui.keyword.WebUiBuiltInKeywords$click$3.call(Unknown Source)
	at p4p_newReservationBoarding.run(p4p_newReservationBoarding:210)
	at com.kms.katalon.core.main.ScriptEngine.run(ScriptEngine.java:194)
	at com.kms.katalon.core.main.ScriptEngine.runScriptAsRawText(ScriptEngine.java:119)
	at com.kms.katalon.core.main.TestCaseExecutor.runScript(TestCaseExecutor.java:337)
	at com.kms.katalon.core.main.TestCaseExecutor.doExecute(TestCaseExecutor.java:328)
	at com.kms.katalon.core.main.TestCaseExecutor.processExecutionPhase(TestCaseExecutor.java:307)
	at com.kms.katalon.core.main.TestCaseExecutor.accessMainPhase(TestCaseExecutor.java:299)
	at com.kms.katalon.core.main.TestCaseExecutor.execute(TestCaseExecutor.java:233)
	at com.kms.katalon.core.main.TestSuiteExecutor.accessTestCaseMainPhase(TestSuiteExecutor.java:169)
	at com.kms.katalon.core.main.TestSuiteExecutor.accessTestSuiteMainPhase(TestSuiteExecutor.java:142)
	at com.kms.katalon.core.main.TestSuiteExecutor.execute(TestSuiteExecutor.java:91)
	at com.kms.katalon.core.main.TestCaseMain.startTestSuite(TestCaseMain.java:157)
	at com.kms.katalon.core.main.TestCaseMain$startTestSuite$0.call(Unknown Source)
	at TempTestSuite1579117199342.run(TempTestSuite1579117199342.groovy:36)
Caused by: com.kms.katalon.core.webui.exception.WebElementNotFoundException: Web element with id: 'Object Repository/obj_reservation/4_/button_Return To Reservation' located by 'By.xpath: (//button[@type='button'])[13]' not found
	at com.kms.katalon.core.webui.common.WebUiCommonHelper.findWebElement(WebUiCommonHelper.java:1113)
	at com.kms.katalon.core.webui.keyword.internal.WebUIAbstractKeyword.findWebElement(WebUIAbstractKeyword.groovy:27)
	at com.kms.katalon.core.webui.keyword.internal.WebUIAbstractKeyword.findWebElement(WebUIAbstractKeyword.groovy:26)
	at com.kms.katalon.core.webui.keyword.builtin.ClickKeyword$_click_closure1.doCall(ClickKeyword.groovy:68)
	at com.kms.katalon.core.webui.keyword.builtin.ClickKeyword$_click_closure1.call(ClickKeyword.groovy)
	at com.kms.katalon.core.webui.keyword.internal.WebUIKeywordMain.runKeyword(WebUIKeywordMain.groovy:20)
	at com.kms.katalon.core.webui.keyword.builtin.ClickKeyword.click(ClickKeyword.groovy:99)
	at com.kms.katalon.core.webui.keyword.builtin.ClickKeyword.execute(ClickKeyword.groovy:43)
	at com.kms.katalon.core.keyword.internal.KeywordExecutor.executeKeywordForPlatform(KeywordExecutor.groovy:60)
	at com.kms.katalon.core.webui.keyword.WebUiBuiltInKeywords.click(WebUiBuiltInKeywords.groovy:616)
	at com.kms.katalon.core.webui.keyword.WebUiBuiltInKeywords$click$3.call(Unknown Source)
	at Script1576482987688.run(Script1576482987688.groovy:210)
	... 13 more
)

2020-01-15 13:51:09 - [MESSAGE][INFO] - Unable to find the element located by 'By.xpath: (//button[@type='button'])[13]'. Please recheck the objects properties to make sure the desired element is located. 

2020-01-15 13:51:09 - [MESSAGE][FAILED] - Unable to click on object 'Object Repository/obj_reservation/4_/button_Return To Reservation' (Root cause: com.kms.katalon.core.exception.StepFailedException: Unable to click on object 'Object Repository/obj_reservation/4_/button_Return To Reservation'
	at com.kms.katalon.core.webui.keyword.internal.WebUIKeywordMain.stepFailed(WebUIKeywordMain.groovy:64)
	at com.kms.katalon.core.webui.keyword.internal.WebUIKeywordMain.runKeyword(WebUIKeywordMain.groovy:26)
	at com.kms.katalon.core.webui.keyword.builtin.ClickKeyword.click(ClickKeyword.groovy:99)
	at com.kms.katalon.core.webui.keyword.builtin.ClickKeyword.execute(ClickKeyword.groovy:43)
	at com.kms.katalon.core.keyword.internal.KeywordExecutor.executeKeywordForPlatform(KeywordExecutor.groovy:60)
	at com.kms.katalon.core.webui.keyword.WebUiBuiltInKeywords.click(WebUiBuiltInKeywords.groovy:616)
	at com.kms.katalon.core.webui.keyword.WebUiBuiltInKeywords$click$3.call(Unknown Source)
	at p4p_newReservationBoarding.run(p4p_newReservationBoarding:210)
	at com.kms.katalon.core.main.ScriptEngine.run(ScriptEngine.java:194)
	at com.kms.katalon.core.main.ScriptEngine.runScriptAsRawText(ScriptEngine.java:119)
	at com.kms.katalon.core.main.TestCaseExecutor.runScript(TestCaseExecutor.java:337)
	at com.kms.katalon.core.main.TestCaseExecutor.doExecute(TestCaseExecutor.java:328)
	at com.kms.katalon.core.main.TestCaseExecutor.processExecutionPhase(TestCaseExecutor.java:307)
	at com.kms.katalon.core.main.TestCaseExecutor.accessMainPhase(TestCaseExecutor.java:299)
	at com.kms.katalon.core.main.TestCaseExecutor.execute(TestCaseExecutor.java:233)
	at com.kms.katalon.core.main.TestSuiteExecutor.accessTestCaseMainPhase(TestSuiteExecutor.java:169)
	at com.kms.katalon.core.main.TestSuiteExecutor.accessTestSuiteMainPhase(TestSuiteExecutor.java:142)
	at com.kms.katalon.core.main.TestSuiteExecutor.execute(TestSuiteExecutor.java:91)
	at com.kms.katalon.core.main.TestCaseMain.startTestSuite(TestCaseMain.java:157)
	at com.kms.katalon.core.main.TestCaseMain$startTestSuite$0.call(Unknown Source)
	at TempTestSuite1579117199342.run(TempTestSuite1579117199342.groovy:36)
Caused by: com.kms.katalon.core.webui.exception.WebElementNotFoundException: Web element with id: 'Object Repository/obj_reservation/4_/button_Return To Reservation' located by 'By.xpath: (//button[@type='button'])[13]' not found
	at com.kms.katalon.core.webui.common.WebUiCommonHelper.findWebElement(WebUiCommonHelper.java:1113)
	at com.kms.katalon.core.webui.keyword.internal.WebUIAbstractKeyword.findWebElement(WebUIAbstractKeyword.groovy:27)
	at com.kms.katalon.core.webui.keyword.internal.WebUIAbstractKeyword.findWebElement(WebUIAbstractKeyword.groovy:26)
	at com.kms.katalon.core.webui.keyword.builtin.ClickKeyword$_click_closure1.doCall(ClickKeyword.groovy:68)
	at com.kms.katalon.core.webui.keyword.builtin.ClickKeyword$_click_closure1.call(ClickKeyword.groovy)
	at com.kms.katalon.core.webui.keyword.internal.WebUIKeywordMain.runKeyword(WebUIKeywordMain.groovy:20)
	at com.kms.katalon.core.webui.keyword.builtin.ClickKeyword.click(ClickKeyword.groovy:99)
	at com.kms.katalon.core.webui.keyword.builtin.ClickKeyword.execute(ClickKeyword.groovy:43)
	at com.kms.katalon.core.keyword.internal.KeywordExecutor.executeKeywordForPlatform(KeywordExecutor.groovy:60)
	at com.kms.katalon.core.webui.keyword.WebUiBuiltInKeywords.click(WebUiBuiltInKeywords.groovy:616)
	at com.kms.katalon.core.webui.keyword.WebUiBuiltInKeywords$click$3.call(Unknown Source)
	at Script1576482987688.run(Script1576482987688.groovy:210)
	... 13 more
)
[[ATTACHMENT|/home/leonardo-arkusmty/Documents/workspaceKatalon/p4ptest/Reports/20200115_133959/ts_newReservationBoarding/20200115_133959/1579117869101.png]]

2020-01-15 13:51:09 - [TEST_STEP][PASSED] - catch (Exception e): Delayed 1 second(s)

2020-01-15 13:51:09 - [TEST_STEP][PASSED] - e.printStackTrace(): null

2020-01-15 13:51:09 - [TEST_STEP][PASSED] - log.logInfo("ERROR EXCEPCION"): ERROR EXCEPCION

2020-01-15 13:51:09 - [MESSAGE][INFO] - ERROR EXCEPCION

2020-01-15 13:51:09 - [TEST_STEP][PASSED] - cell1Err = rowNewRes.createCell(18, 0): null

2020-01-15 13:51:09 - [TEST_STEP][PASSED] - cell2Err = rowNewRes.createCell(19, 0): null

2020-01-15 13:51:09 - [TEST_STEP][PASSED] - cell1Err.setCellType(CELL_TYPE_STRING): null

2020-01-15 13:51:09 - [TEST_STEP][PASSED] - cell1Err.setCellValue("Error"): null

2020-01-15 13:51:09 - [TEST_STEP][PASSED] - cell2Err.setCellType(CELL_TYPE_STRING): null

2020-01-15 13:51:09 - [TEST_STEP][PASSED] - cell2Err.setCellValue("Reservacion existente"): null

2020-01-15 13:51:09 - [TEST_STEP][PASSED] - fos = new java.io.FileOutputStream(/home/leonardo-arkusmty/Desktop/P4P/DATA_AUTOMATINTESTING/data_1newReservationBoarding.xlsx): null

2020-01-15 13:51:09 - [TEST_STEP][PASSED] - workbookNewRes.write(fos): null

2020-01-15 13:51:09 - [TEST_STEP][PASSED] - fos.close(): null

2020-01-15 13:51:09 - [TEST_STEP][PASSED] - delay(1): Delayed 1 second(s)

2020-01-15 13:51:10 - [MESSAGE][PASSED] - Delayed 1 second(s)

2020-01-15 13:51:10 - [TEST_STEP][PASSED] - delay(3): Delayed 3 second(s)

2020-01-15 13:51:13 - [MESSAGE][PASSED] - Delayed 3 second(s)

2020-01-15 13:51:13 - [TEST_STEP][PASSED] - click(findTestObject("obj_reservation/P4P_2/button_Go to CheckOut")): Object: 'Object Repository/obj_reservation/P4P_2/button_Go to CheckOut' is clicked on

2020-01-15 13:51:45 - [MESSAGE][PASSED] - Object: 'Object Repository/obj_reservation/P4P_2/button_Go to CheckOut' is clicked on

2020-01-15 13:51:45 - [TEST_STEP][PASSED] - delay(2): Delayed 2 second(s)

2020-01-15 13:51:47 - [MESSAGE][PASSED] - Delayed 2 second(s)

2020-01-15 13:51:47 - [TEST_STEP][PASSED] - var_url = getUrl(): Current window's url is: 'https://p4p-qa-bg.aws.paradise4paws.com/reservations/add/?parent_id=122352'

2020-01-15 13:51:47 - [MESSAGE][PASSED] - Current window's url is: 'https://p4p-qa-bg.aws.paradise4paws.com/reservations/add/?parent_id=122352'

2020-01-15 13:51:47 - [TEST_STEP][PASSED] - arrayUrl = var_url.split("/"): null

2020-01-15 13:51:47 - [TEST_STEP][FAILED] - verifyElementText(findTestObject("obj_reservation/P4P_2/span_( BK )"), "( BK )", STOP_ON_FAILURE): Verify element text of test object 'Object Repository/obj_reservation/P4P_2/span_( BK )' FAILED. (Root cause: com.kms.katalon.core.exception.StepFailedException: Verify element text of test object 'Object Repository/obj_reservation/P4P_2/span_( BK )' FAILED.
	at com.kms.katalon.core.webui.keyword.internal.WebUIKeywordMain.stepFailed(WebUIKeywordMain.groovy:64)
	at com.kms.katalon.core.webui.keyword.internal.WebUIKeywordMain.runKeyword(WebUIKeywordMain.groovy:26)
	at com.kms.katalon.core.webui.keyword.builtin.VerifyElementTextKeyword.verifyElementText(VerifyElementTextKeyword.groovy:72)
	at com.kms.katalon.core.webui.keyword.builtin.VerifyElementTextKeyword.execute(VerifyElementTextKeyword.groovy:40)
	at com.kms.katalon.core.keyword.internal.KeywordExecutor.executeKeywordForPlatform(KeywordExecutor.groovy:60)
	at com.kms.katalon.core.webui.keyword.WebUiBuiltInKeywords.verifyElementText(WebUiBuiltInKeywords.groovy:3647)
	at com.kms.katalon.core.webui.keyword.WebUiBuiltInKeywords$verifyElementText$6.call(Unknown Source)
	at p4p_newReservationBoarding.run(p4p_newReservationBoarding:236)
	at com.kms.katalon.core.main.ScriptEngine.run(ScriptEngine.java:194)
	at com.kms.katalon.core.main.ScriptEngine.runScriptAsRawText(ScriptEngine.java:119)
	at com.kms.katalon.core.main.TestCaseExecutor.runScript(TestCaseExecutor.java:337)
	at com.kms.katalon.core.main.TestCaseExecutor.doExecute(TestCaseExecutor.java:328)
	at com.kms.katalon.core.main.TestCaseExecutor.processExecutionPhase(TestCaseExecutor.java:307)
	at com.kms.katalon.core.main.TestCaseExecutor.accessMainPhase(TestCaseExecutor.java:299)
	at com.kms.katalon.core.main.TestCaseExecutor.execute(TestCaseExecutor.java:233)
	at com.kms.katalon.core.main.TestSuiteExecutor.accessTestCaseMainPhase(TestSuiteExecutor.java:169)
	at com.kms.katalon.core.main.TestSuiteExecutor.accessTestSuiteMainPhase(TestSuiteExecutor.java:142)
	at com.kms.katalon.core.main.TestSuiteExecutor.execute(TestSuiteExecutor.java:91)
	at com.kms.katalon.core.main.TestCaseMain.startTestSuite(TestCaseMain.java:157)
	at com.kms.katalon.core.main.TestCaseMain$startTestSuite$0.call(Unknown Source)
	at TempTestSuite1579117199342.run(TempTestSuite1579117199342.groovy:36)
Caused by: com.kms.katalon.core.exception.StepFailedException: com.kms.katalon.core.webui.exception.WebElementNotFoundException: Web element with id: 'Object Repository/obj_reservation/P4P_2/span_( BK )' located by 'By.xpath: //div[@id='wrapper']/div/div/div/div/div/div/ul/li[4]/a/tab-heading/span' not found
	at com.kms.katalon.core.webui.keyword.internal.WebUIKeywordMain.stepFailed(WebUIKeywordMain.groovy:64)
	at com.kms.katalon.core.webui.keyword.builtin.VerifyElementTextKeyword$_verifyElementText_closure1.doCall(VerifyElementTextKeyword.groovy:64)
	at com.kms.katalon.core.webui.keyword.builtin.VerifyElementTextKeyword$_verifyElementText_closure1.call(VerifyElementTextKeyword.groovy)
	at com.kms.katalon.core.webui.keyword.internal.WebUIKeywordMain.runKeyword(WebUIKeywordMain.groovy:20)
	... 19 more
)

2020-01-15 13:52:31 - [MESSAGE][INFO] - Unable to find the element located by 'By.xpath: //div[@id='wrapper']/div/div/div/div/div/div/ul/li[4]/a/tab-heading/span'. Please recheck the objects properties to make sure the desired element is located. 

2020-01-15 13:52:31 - [MESSAGE][FAILED] - com.kms.katalon.core.webui.exception.WebElementNotFoundException: Web element with id: 'Object Repository/obj_reservation/P4P_2/span_( BK )' located by 'By.xpath: //div[@id='wrapper']/div/div/div/div/div/div/ul/li[4]/a/tab-heading/span' not found (Root cause: com.kms.katalon.core.exception.StepFailedException: com.kms.katalon.core.webui.exception.WebElementNotFoundException: Web element with id: 'Object Repository/obj_reservation/P4P_2/span_( BK )' located by 'By.xpath: //div[@id='wrapper']/div/div/div/div/div/div/ul/li[4]/a/tab-heading/span' not found
	at com.kms.katalon.core.webui.keyword.internal.WebUIKeywordMain.stepFailed(WebUIKeywordMain.groovy:64)
	at com.kms.katalon.core.webui.keyword.builtin.VerifyElementTextKeyword$_verifyElementText_closure1.doCall(VerifyElementTextKeyword.groovy:64)
	at com.kms.katalon.core.webui.keyword.builtin.VerifyElementTextKeyword$_verifyElementText_closure1.call(VerifyElementTextKeyword.groovy)
	at com.kms.katalon.core.webui.keyword.internal.WebUIKeywordMain.runKeyword(WebUIKeywordMain.groovy:20)
	at com.kms.katalon.core.webui.keyword.builtin.VerifyElementTextKeyword.verifyElementText(VerifyElementTextKeyword.groovy:72)
	at com.kms.katalon.core.webui.keyword.builtin.VerifyElementTextKeyword.execute(VerifyElementTextKeyword.groovy:40)
	at com.kms.katalon.core.keyword.internal.KeywordExecutor.executeKeywordForPlatform(KeywordExecutor.groovy:60)
	at com.kms.katalon.core.webui.keyword.WebUiBuiltInKeywords.verifyElementText(WebUiBuiltInKeywords.groovy:3647)
	at com.kms.katalon.core.webui.keyword.WebUiBuiltInKeywords$verifyElementText$6.call(Unknown Source)
	at p4p_newReservationBoarding.run(p4p_newReservationBoarding:236)
	at com.kms.katalon.core.main.ScriptEngine.run(ScriptEngine.java:194)
	at com.kms.katalon.core.main.ScriptEngine.runScriptAsRawText(ScriptEngine.java:119)
	at com.kms.katalon.core.main.TestCaseExecutor.runScript(TestCaseExecutor.java:337)
	at com.kms.katalon.core.main.TestCaseExecutor.doExecute(TestCaseExecutor.java:328)
	at com.kms.katalon.core.main.TestCaseExecutor.processExecutionPhase(TestCaseExecutor.java:307)
	at com.kms.katalon.core.main.TestCaseExecutor.accessMainPhase(TestCaseExecutor.java:299)
	at com.kms.katalon.core.main.TestCaseExecutor.execute(TestCaseExecutor.java:233)
	at com.kms.katalon.core.main.TestSuiteExecutor.accessTestCaseMainPhase(TestSuiteExecutor.java:169)
	at com.kms.katalon.core.main.TestSuiteExecutor.accessTestSuiteMainPhase(TestSuiteExecutor.java:142)
	at com.kms.katalon.core.main.TestSuiteExecutor.execute(TestSuiteExecutor.java:91)
	at com.kms.katalon.core.main.TestCaseMain.startTestSuite(TestCaseMain.java:157)
	at com.kms.katalon.core.main.TestCaseMain$startTestSuite$0.call(Unknown Source)
	at TempTestSuite1579117199342.run(TempTestSuite1579117199342.groovy:36)
)
[[ATTACHMENT|/home/leonardo-arkusmty/Documents/workspaceKatalon/p4ptest/Reports/20200115_133959/ts_newReservationBoarding/20200115_133959/1579117951588.png]]

2020-01-15 13:52:32 - [MESSAGE][FAILED] - Verify element text of test object 'Object Repository/obj_reservation/P4P_2/span_( BK )' FAILED. (Root cause: com.kms.katalon.core.exception.StepFailedException: Verify element text of test object 'Object Repository/obj_reservation/P4P_2/span_( BK )' FAILED.
	at com.kms.katalon.core.webui.keyword.internal.WebUIKeywordMain.stepFailed(WebUIKeywordMain.groovy:64)
	at com.kms.katalon.core.webui.keyword.internal.WebUIKeywordMain.runKeyword(WebUIKeywordMain.groovy:26)
	at com.kms.katalon.core.webui.keyword.builtin.VerifyElementTextKeyword.verifyElementText(VerifyElementTextKeyword.groovy:72)
	at com.kms.katalon.core.webui.keyword.builtin.VerifyElementTextKeyword.execute(VerifyElementTextKeyword.groovy:40)
	at com.kms.katalon.core.keyword.internal.KeywordExecutor.executeKeywordForPlatform(KeywordExecutor.groovy:60)
	at com.kms.katalon.core.webui.keyword.WebUiBuiltInKeywords.verifyElementText(WebUiBuiltInKeywords.groovy:3647)
	at com.kms.katalon.core.webui.keyword.WebUiBuiltInKeywords$verifyElementText$6.call(Unknown Source)
	at p4p_newReservationBoarding.run(p4p_newReservationBoarding:236)
	at com.kms.katalon.core.main.ScriptEngine.run(ScriptEngine.java:194)
	at com.kms.katalon.core.main.ScriptEngine.runScriptAsRawText(ScriptEngine.java:119)
	at com.kms.katalon.core.main.TestCaseExecutor.runScript(TestCaseExecutor.java:337)
	at com.kms.katalon.core.main.TestCaseExecutor.doExecute(TestCaseExecutor.java:328)
	at com.kms.katalon.core.main.TestCaseExecutor.processExecutionPhase(TestCaseExecutor.java:307)
	at com.kms.katalon.core.main.TestCaseExecutor.accessMainPhase(TestCaseExecutor.java:299)
	at com.kms.katalon.core.main.TestCaseExecutor.execute(TestCaseExecutor.java:233)
	at com.kms.katalon.core.main.TestSuiteExecutor.accessTestCaseMainPhase(TestSuiteExecutor.java:169)
	at com.kms.katalon.core.main.TestSuiteExecutor.accessTestSuiteMainPhase(TestSuiteExecutor.java:142)
	at com.kms.katalon.core.main.TestSuiteExecutor.execute(TestSuiteExecutor.java:91)
	at com.kms.katalon.core.main.TestCaseMain.startTestSuite(TestCaseMain.java:157)
	at com.kms.katalon.core.main.TestCaseMain$startTestSuite$0.call(Unknown Source)
	at TempTestSuite1579117199342.run(TempTestSuite1579117199342.groovy:36)
Caused by: com.kms.katalon.core.exception.StepFailedException: com.kms.katalon.core.webui.exception.WebElementNotFoundException: Web element with id: 'Object Repository/obj_reservation/P4P_2/span_( BK )' located by 'By.xpath: //div[@id='wrapper']/div/div/div/div/div/div/ul/li[4]/a/tab-heading/span' not found
	at com.kms.katalon.core.webui.keyword.internal.WebUIKeywordMain.stepFailed(WebUIKeywordMain.groovy:64)
	at com.kms.katalon.core.webui.keyword.builtin.VerifyElementTextKeyword$_verifyElementText_closure1.doCall(VerifyElementTextKeyword.groovy:64)
	at com.kms.katalon.core.webui.keyword.builtin.VerifyElementTextKeyword$_verifyElementText_closure1.call(VerifyElementTextKeyword.groovy)
	at com.kms.katalon.core.webui.keyword.internal.WebUIKeywordMain.runKeyword(WebUIKeywordMain.groovy:20)
	... 19 more
)
[[ATTACHMENT|/home/leonardo-arkusmty/Documents/workspaceKatalon/p4ptest/Reports/20200115_133959/ts_newReservationBoarding/20200115_133959/1579117951796.png]]]]></system-out>
         <system-err><![CDATA[2020-01-15 13:48:59 - [TEST_CASE][FAILED] - Test Cases/p4p_newReservationBoarding: Test Cases/p4p_newReservationBoarding FAILED.
Reason:
com.kms.katalon.core.exception.StepFailedException: Unable to get text of object 'Object Repository/obj_reservation/4_/span_requiresdeposit' (Root cause: com.kms.katalon.core.exception.StepFailedException: Unable to get text of object 'Object Repository/obj_reservation/4_/span_requiresdeposit'
	at com.kms.katalon.core.webui.keyword.internal.WebUIKeywordMain.stepFailed(WebUIKeywordMain.groovy:64)
	at com.kms.katalon.core.webui.keyword.internal.WebUIKeywordMain.runKeyword(WebUIKeywordMain.groovy:26)
	at com.kms.katalon.core.webui.keyword.builtin.GetTextKeyword.getText(GetTextKeyword.groovy:88)
	at com.kms.katalon.core.webui.keyword.builtin.GetTextKeyword.execute(GetTextKeyword.groovy:67)
	at com.kms.katalon.core.keyword.internal.KeywordExecutor.executeKeywordForPlatform(KeywordExecutor.groovy:60)
	at com.kms.katalon.core.webui.keyword.WebUiBuiltInKeywords.getText(WebUiBuiltInKeywords.groovy:874)
	at com.kms.katalon.core.webui.keyword.WebUiBuiltInKeywords$getText$4.call(Unknown Source)
	at p4p_newReservationBoarding.run(p4p_newReservationBoarding:152)
	at com.kms.katalon.core.main.ScriptEngine.run(ScriptEngine.java:194)
	at com.kms.katalon.core.main.ScriptEngine.runScriptAsRawText(ScriptEngine.java:119)
	at com.kms.katalon.core.main.TestCaseExecutor.runScript(TestCaseExecutor.java:337)
	at com.kms.katalon.core.main.TestCaseExecutor.doExecute(TestCaseExecutor.java:328)
	at com.kms.katalon.core.main.TestCaseExecutor.processExecutionPhase(TestCaseExecutor.java:307)
	at com.kms.katalon.core.main.TestCaseExecutor.accessMainPhase(TestCaseExecutor.java:299)
	at com.kms.katalon.core.main.TestCaseExecutor.execute(TestCaseExecutor.java:233)
	at com.kms.katalon.core.main.TestSuiteExecutor.accessTestCaseMainPhase(TestSuiteExecutor.java:169)
	at com.kms.katalon.core.main.TestSuiteExecutor.accessTestSuiteMainPhase(TestSuiteExecutor.java:142)
	at com.kms.katalon.core.main.TestSuiteExecutor.execute(TestSuiteExecutor.java:91)
	at com.kms.katalon.core.main.TestCaseMain.startTestSuite(TestCaseMain.java:157)
	at com.kms.katalon.core.main.TestCaseMain$startTestSuite$0.call(Unknown Source)
	at TempTestSuite1579117199342.run(TempTestSuite1579117199342.groovy:36)
Caused by: com.kms.katalon.core.webui.exception.WebElementNotFoundException: Web element with id: 'Object Repository/obj_reservation/4_/span_requiresdeposit' located by 'By.xpath: //div[@id='wrapper']/div/div/div[3]/fieldset/div/p4p-reservations-wizard/div/div[2]/div/overview/p4p-reservation-overview-section/div[2]/div/form/div[6]/div/p/span' not found
	at com.kms.katalon.core.webui.common.WebUiCommonHelper.findWebElement(WebUiCommonHelper.java:1113)
	at com.kms.katalon.core.webui.keyword.internal.WebUIAbstractKeyword.findWebElement(WebUIAbstractKeyword.groovy:27)
	at com.kms.katalon.core.webui.keyword.internal.WebUIAbstractKeyword.findWebElement(WebUIAbstractKeyword.groovy:26)
	at com.kms.katalon.core.webui.keyword.builtin.GetTextKeyword$_getText_closure1.doCall(GetTextKeyword.groovy:78)
	at com.kms.katalon.core.webui.keyword.builtin.GetTextKeyword$_getText_closure1.call(GetTextKeyword.groovy)
	at com.kms.katalon.core.webui.keyword.internal.WebUIKeywordMain.runKeyword(WebUIKeywordMain.groovy:20)
	at com.kms.katalon.core.webui.keyword.builtin.GetTextKeyword.getText(GetTextKeyword.groovy:88)
	at com.kms.katalon.core.webui.keyword.builtin.GetTextKeyword.execute(GetTextKeyword.groovy:67)
	at com.kms.katalon.core.keyword.internal.KeywordExecutor.executeKeywordForPlatform(KeywordExecutor.groovy:60)
	at com.kms.katalon.core.webui.keyword.WebUiBuiltInKeywords.getText(WebUiBuiltInKeywords.groovy:874)
	at com.kms.katalon.core.webui.keyword.WebUiBuiltInKeywords$getText$4.call(Unknown Source)
	at Script1576482987688.run(Script1576482987688.groovy:152)
	... 13 more
)
	at com.kms.katalon.core.keyword.internal.KeywordMain.stepFailed(KeywordMain.groovy:39)
	at com.kms.katalon.core.webui.keyword.internal.WebUIKeywordMain.stepFailed(WebUIKeywordMain.groovy:64)
	at com.kms.katalon.core.webui.keyword.internal.WebUIKeywordMain.runKeyword(WebUIKeywordMain.groovy:26)
	at com.kms.katalon.core.webui.keyword.builtin.GetTextKeyword.getText(GetTextKeyword.groovy:88)
	at com.kms.katalon.core.webui.keyword.builtin.GetTextKeyword.execute(GetTextKeyword.groovy:67)
	at com.kms.katalon.core.keyword.internal.KeywordExecutor.executeKeywordForPlatform(KeywordExecutor.groovy:60)
	at com.kms.katalon.core.webui.keyword.WebUiBuiltInKeywords.getText(WebUiBuiltInKeywords.groovy:874)
	at com.kms.katalon.core.webui.keyword.WebUiBuiltInKeywords$getText$4.call(Unknown Source)
	at p4p_newReservationBoarding.run(p4p_newReservationBoarding:152)
	at com.kms.katalon.core.main.ScriptEngine.run(ScriptEngine.java:194)
	at com.kms.katalon.core.main.ScriptEngine.runScriptAsRawText(ScriptEngine.java:119)
	at com.kms.katalon.core.main.TestCaseExecutor.runScript(TestCaseExecutor.java:337)
	at com.kms.katalon.core.main.TestCaseExecutor.doExecute(TestCaseExecutor.java:328)
	at com.kms.katalon.core.main.TestCaseExecutor.processExecutionPhase(TestCaseExecutor.java:307)
	at com.kms.katalon.core.main.TestCaseExecutor.accessMainPhase(TestCaseExecutor.java:299)
	at com.kms.katalon.core.main.TestCaseExecutor.execute(TestCaseExecutor.java:233)
	at com.kms.katalon.core.main.TestSuiteExecutor.accessTestCaseMainPhase(TestSuiteExecutor.java:169)
	at com.kms.katalon.core.main.TestSuiteExecutor.accessTestSuiteMainPhase(TestSuiteExecutor.java:142)
	at com.kms.katalon.core.main.TestSuiteExecutor.execute(TestSuiteExecutor.java:91)
	at com.kms.katalon.core.main.TestCaseMain.startTestSuite(TestCaseMain.java:157)
	at com.kms.katalon.core.main.TestCaseMain$startTestSuite$0.call(Unknown Source)
	at TempTestSuite1579117199342.run(TempTestSuite1579117199342.groovy:36)
Caused by: com.kms.katalon.core.exception.StepFailedException: Unable to get text of object 'Object Repository/obj_reservation/4_/span_requiresdeposit'
	... 21 more
Caused by: com.kms.katalon.core.webui.exception.WebElementNotFoundException: Web element with id: 'Object Repository/obj_reservation/4_/span_requiresdeposit' located by 'By.xpath: //div[@id='wrapper']/div/div/div[3]/fieldset/div/p4p-reservations-wizard/div/div[2]/div/overview/p4p-reservation-overview-section/div[2]/div/form/div[6]/div/p/span' not found
	at com.kms.katalon.core.webui.common.WebUiCommonHelper.findWebElement(WebUiCommonHelper.java:1113)
	at com.kms.katalon.core.webui.keyword.internal.WebUIAbstractKeyword.findWebElement(WebUIAbstractKeyword.groovy:27)
	at com.kms.katalon.core.webui.keyword.internal.WebUIAbstractKeyword.findWebElement(WebUIAbstractKeyword.groovy:26)
	at com.kms.katalon.core.webui.keyword.builtin.GetTextKeyword$_getText_closure1.doCall(GetTextKeyword.groovy:78)
	at com.kms.katalon.core.webui.keyword.builtin.GetTextKeyword$_getText_closure1.call(GetTextKeyword.groovy)
	at com.kms.katalon.core.webui.keyword.internal.WebUIKeywordMain.runKeyword(WebUIKeywordMain.groovy:20)
	... 19 more]]></system-err>
      </testcase>
      <testcase name="Test Cases/p4p_newReservationBoarding" time="215.483" classname="Test Cases/p4p_newReservationBoarding" status="FAILED">
         <failure type="FAILED" message="Test Cases/p4p_newReservationBoarding FAILED.
Reason:
com.kms.katalon.core.exception.StepFailedException: Unable to get text of object 'Object Repository/obj_reservation/4_/span_requiresdeposit' (Root cause: com.kms.katalon.core.exception.StepFailedException: Unable to get text of object 'Object Repository/obj_reservation/4_/span_requiresdeposit'
	at com.kms.katalon.core.webui.keyword.internal.WebUIKeywordMain.stepFailed(WebUIKeywordMain.groovy:64)
	at com.kms.katalon.core.webui.keyword.internal.WebUIKeywordMain.runKeyword(WebUIKeywordMain.groovy:26)
	at com.kms.katalon.core.webui.keyword.builtin.GetTextKeyword.getText(GetTextKeyword.groovy:88)
	at com.kms.katalon.core.webui.keyword.builtin.GetTextKeyword.execute(GetTextKeyword.groovy:67)
	at com.kms.katalon.core.keyword.internal.KeywordExecutor.executeKeywordForPlatform(KeywordExecutor.groovy:60)
	at com.kms.katalon.core.webui.keyword.WebUiBuiltInKeywords.getText(WebUiBuiltInKeywords.groovy:874)
	at com.kms.katalon.core.webui.keyword.WebUiBuiltInKeywords$getText$4.call(Unknown Source)
	at p4p_newReservationBoarding.run(p4p_newReservationBoarding:152)
	at com.kms.katalon.core.main.ScriptEngine.run(ScriptEngine.java:194)
	at com.kms.katalon.core.main.ScriptEngine.runScriptAsRawText(ScriptEngine.java:119)
	at com.kms.katalon.core.main.TestCaseExecutor.runScript(TestCaseExecutor.java:337)
	at com.kms.katalon.core.main.TestCaseExecutor.doExecute(TestCaseExecutor.java:328)
	at com.kms.katalon.core.main.TestCaseExecutor.processExecutionPhase(TestCaseExecutor.java:307)
	at com.kms.katalon.core.main.TestCaseExecutor.accessMainPhase(TestCaseExecutor.java:299)
	at com.kms.katalon.core.main.TestCaseExecutor.execute(TestCaseExecutor.java:233)
	at com.kms.katalon.core.main.TestSuiteExecutor.accessTestCaseMainPhase(TestSuiteExecutor.java:169)
	at com.kms.katalon.core.main.TestSuiteExecutor.accessTestSuiteMainPhase(TestSuiteExecutor.java:142)
	at com.kms.katalon.core.main.TestSuiteExecutor.execute(TestSuiteExecutor.java:91)
	at com.kms.katalon.core.main.TestCaseMain.startTestSuite(TestCaseMain.java:157)
	at com.kms.katalon.core.main.TestCaseMain$startTestSuite$0.call(Unknown Source)
	at TempTestSuite1579117199342.run(TempTestSuite1579117199342.groovy:36)
Caused by: com.kms.katalon.core.webui.exception.WebElementNotFoundException: Web element with id: 'Object Repository/obj_reservation/4_/span_requiresdeposit' located by 'By.xpath: //div[@id='wrapper']/div/div/div[3]/fieldset/div/p4p-reservations-wizard/div/div[2]/div/overview/p4p-reservation-overview-section/div[2]/div/form/div[6]/div/p/span' not found
	at com.kms.katalon.core.webui.common.WebUiCommonHelper.findWebElement(WebUiCommonHelper.java:1113)
	at com.kms.katalon.core.webui.keyword.internal.WebUIAbstractKeyword.findWebElement(WebUIAbstractKeyword.groovy:27)
	at com.kms.katalon.core.webui.keyword.internal.WebUIAbstractKeyword.findWebElement(WebUIAbstractKeyword.groovy:26)
	at com.kms.katalon.core.webui.keyword.builtin.GetTextKeyword$_getText_closure1.doCall(GetTextKeyword.groovy:78)
	at com.kms.katalon.core.webui.keyword.builtin.GetTextKeyword$_getText_closure1.call(GetTextKeyword.groovy)
	at com.kms.katalon.core.webui.keyword.internal.WebUIKeywordMain.runKeyword(WebUIKeywordMain.groovy:20)
	at com.kms.katalon.core.webui.keyword.builtin.GetTextKeyword.getText(GetTextKeyword.groovy:88)
	at com.kms.katalon.core.webui.keyword.builtin.GetTextKeyword.execute(GetTextKeyword.groovy:67)
	at com.kms.katalon.core.keyword.internal.KeywordExecutor.executeKeywordForPlatform(KeywordExecutor.groovy:60)
	at com.kms.katalon.core.webui.keyword.WebUiBuiltInKeywords.getText(WebUiBuiltInKeywords.groovy:874)
	at com.kms.katalon.core.webui.keyword.WebUiBuiltInKeywords$getText$4.call(Unknown Source)
	at Script1576482987688.run(Script1576482987688.groovy:152)
	... 13 more
)
	at com.kms.katalon.core.keyword.internal.KeywordMain.stepFailed(KeywordMain.groovy:39)
	at com.kms.katalon.core.webui.keyword.internal.WebUIKeywordMain.stepFailed(WebUIKeywordMain.groovy:64)
	at com.kms.katalon.core.webui.keyword.internal.WebUIKeywordMain.runKeyword(WebUIKeywordMain.groovy:26)
	at com.kms.katalon.core.webui.keyword.builtin.GetTextKeyword.getText(GetTextKeyword.groovy:88)
	at com.kms.katalon.core.webui.keyword.builtin.GetTextKeyword.execute(GetTextKeyword.groovy:67)
	at com.kms.katalon.core.keyword.internal.KeywordExecutor.executeKeywordForPlatform(KeywordExecutor.groovy:60)
	at com.kms.katalon.core.webui.keyword.WebUiBuiltInKeywords.getText(WebUiBuiltInKeywords.groovy:874)
	at com.kms.katalon.core.webui.keyword.WebUiBuiltInKeywords$getText$4.call(Unknown Source)
	at p4p_newReservationBoarding.run(p4p_newReservationBoarding:152)
	at com.kms.katalon.core.main.ScriptEngine.run(ScriptEngine.java:194)
	at com.kms.katalon.core.main.ScriptEngine.runScriptAsRawText(ScriptEngine.java:119)
	at com.kms.katalon.core.main.TestCaseExecutor.runScript(TestCaseExecutor.java:337)
	at com.kms.katalon.core.main.TestCaseExecutor.doExecute(TestCaseExecutor.java:328)
	at com.kms.katalon.core.main.TestCaseExecutor.processExecutionPhase(TestCaseExecutor.java:307)
	at com.kms.katalon.core.main.TestCaseExecutor.accessMainPhase(TestCaseExecutor.java:299)
	at com.kms.katalon.core.main.TestCaseExecutor.execute(TestCaseExecutor.java:233)
	at com.kms.katalon.core.main.TestSuiteExecutor.accessTestCaseMainPhase(TestSuiteExecutor.java:169)
	at com.kms.katalon.core.main.TestSuiteExecutor.accessTestSuiteMainPhase(TestSuiteExecutor.java:142)
	at com.kms.katalon.core.main.TestSuiteExecutor.execute(TestSuiteExecutor.java:91)
	at com.kms.katalon.core.main.TestCaseMain.startTestSuite(TestCaseMain.java:157)
	at com.kms.katalon.core.main.TestCaseMain$startTestSuite$0.call(Unknown Source)
	at TempTestSuite1579117199342.run(TempTestSuite1579117199342.groovy:36)
Caused by: com.kms.katalon.core.exception.StepFailedException: Unable to get text of object 'Object Repository/obj_reservation/4_/span_requiresdeposit'
	... 21 more
Caused by: com.kms.katalon.core.webui.exception.WebElementNotFoundException: Web element with id: 'Object Repository/obj_reservation/4_/span_requiresdeposit' located by 'By.xpath: //div[@id='wrapper']/div/div/div[3]/fieldset/div/p4p-reservations-wizard/div/div[2]/div/overview/p4p-reservation-overview-section/div[2]/div/form/div[6]/div/p/span' not found
	at com.kms.katalon.core.webui.common.WebUiCommonHelper.findWebElement(WebUiCommonHelper.java:1113)
	at com.kms.katalon.core.webui.keyword.internal.WebUIAbstractKeyword.findWebElement(WebUIAbstractKeyword.groovy:27)
	at com.kms.katalon.core.webui.keyword.internal.WebUIAbstractKeyword.findWebElement(WebUIAbstractKeyword.groovy:26)
	at com.kms.katalon.core.webui.keyword.builtin.GetTextKeyword$_getText_closure1.doCall(GetTextKeyword.groovy:78)
	at com.kms.katalon.core.webui.keyword.builtin.GetTextKeyword$_getText_closure1.call(GetTextKeyword.groovy)
	at com.kms.katalon.core.webui.keyword.internal.WebUIKeywordMain.runKeyword(WebUIKeywordMain.groovy:20)
	... 19 more
"/>
         <system-out><![CDATA[2020-01-15 13:52:32 - [TEST_CASE][FAILED] - Test Cases/p4p_newReservationBoarding: Test Cases/p4p_newReservationBoarding FAILED.
Reason:
com.kms.katalon.core.exception.StepFailedException: Unable to get text of object 'Object Repository/obj_reservation/4_/span_requiresdeposit' (Root cause: com.kms.katalon.core.exception.StepFailedException: Unable to get text of object 'Object Repository/obj_reservation/4_/span_requiresdeposit'
	at com.kms.katalon.core.webui.keyword.internal.WebUIKeywordMain.stepFailed(WebUIKeywordMain.groovy:64)
	at com.kms.katalon.core.webui.keyword.internal.WebUIKeywordMain.runKeyword(WebUIKeywordMain.groovy:26)
	at com.kms.katalon.core.webui.keyword.builtin.GetTextKeyword.getText(GetTextKeyword.groovy:88)
	at com.kms.katalon.core.webui.keyword.builtin.GetTextKeyword.execute(GetTextKeyword.groovy:67)
	at com.kms.katalon.core.keyword.internal.KeywordExecutor.executeKeywordForPlatform(KeywordExecutor.groovy:60)
	at com.kms.katalon.core.webui.keyword.WebUiBuiltInKeywords.getText(WebUiBuiltInKeywords.groovy:874)
	at com.kms.katalon.core.webui.keyword.WebUiBuiltInKeywords$getText$4.call(Unknown Source)
	at p4p_newReservationBoarding.run(p4p_newReservationBoarding:152)
	at com.kms.katalon.core.main.ScriptEngine.run(ScriptEngine.java:194)
	at com.kms.katalon.core.main.ScriptEngine.runScriptAsRawText(ScriptEngine.java:119)
	at com.kms.katalon.core.main.TestCaseExecutor.runScript(TestCaseExecutor.java:337)
	at com.kms.katalon.core.main.TestCaseExecutor.doExecute(TestCaseExecutor.java:328)
	at com.kms.katalon.core.main.TestCaseExecutor.processExecutionPhase(TestCaseExecutor.java:307)
	at com.kms.katalon.core.main.TestCaseExecutor.accessMainPhase(TestCaseExecutor.java:299)
	at com.kms.katalon.core.main.TestCaseExecutor.execute(TestCaseExecutor.java:233)
	at com.kms.katalon.core.main.TestSuiteExecutor.accessTestCaseMainPhase(TestSuiteExecutor.java:169)
	at com.kms.katalon.core.main.TestSuiteExecutor.accessTestSuiteMainPhase(TestSuiteExecutor.java:142)
	at com.kms.katalon.core.main.TestSuiteExecutor.execute(TestSuiteExecutor.java:91)
	at com.kms.katalon.core.main.TestCaseMain.startTestSuite(TestCaseMain.java:157)
	at com.kms.katalon.core.main.TestCaseMain$startTestSuite$0.call(Unknown Source)
	at TempTestSuite1579117199342.run(TempTestSuite1579117199342.groovy:36)
Caused by: com.kms.katalon.core.webui.exception.WebElementNotFoundException: Web element with id: 'Object Repository/obj_reservation/4_/span_requiresdeposit' located by 'By.xpath: //div[@id='wrapper']/div/div/div[3]/fieldset/div/p4p-reservations-wizard/div/div[2]/div/overview/p4p-reservation-overview-section/div[2]/div/form/div[6]/div/p/span' not found
	at com.kms.katalon.core.webui.common.WebUiCommonHelper.findWebElement(WebUiCommonHelper.java:1113)
	at com.kms.katalon.core.webui.keyword.internal.WebUIAbstractKeyword.findWebElement(WebUIAbstractKeyword.groovy:27)
	at com.kms.katalon.core.webui.keyword.internal.WebUIAbstractKeyword.findWebElement(WebUIAbstractKeyword.groovy:26)
	at com.kms.katalon.core.webui.keyword.builtin.GetTextKeyword$_getText_closure1.doCall(GetTextKeyword.groovy:78)
	at com.kms.katalon.core.webui.keyword.builtin.GetTextKeyword$_getText_closure1.call(GetTextKeyword.groovy)
	at com.kms.katalon.core.webui.keyword.internal.WebUIKeywordMain.runKeyword(WebUIKeywordMain.groovy:20)
	at com.kms.katalon.core.webui.keyword.builtin.GetTextKeyword.getText(GetTextKeyword.groovy:88)
	at com.kms.katalon.core.webui.keyword.builtin.GetTextKeyword.execute(GetTextKeyword.groovy:67)
	at com.kms.katalon.core.keyword.internal.KeywordExecutor.executeKeywordForPlatform(KeywordExecutor.groovy:60)
	at com.kms.katalon.core.webui.keyword.WebUiBuiltInKeywords.getText(WebUiBuiltInKeywords.groovy:874)
	at com.kms.katalon.core.webui.keyword.WebUiBuiltInKeywords$getText$4.call(Unknown Source)
	at Script1576482987688.run(Script1576482987688.groovy:152)
	... 13 more
)
	at com.kms.katalon.core.keyword.internal.KeywordMain.stepFailed(KeywordMain.groovy:39)
	at com.kms.katalon.core.webui.keyword.internal.WebUIKeywordMain.stepFailed(WebUIKeywordMain.groovy:64)
	at com.kms.katalon.core.webui.keyword.internal.WebUIKeywordMain.runKeyword(WebUIKeywordMain.groovy:26)
	at com.kms.katalon.core.webui.keyword.builtin.GetTextKeyword.getText(GetTextKeyword.groovy:88)
	at com.kms.katalon.core.webui.keyword.builtin.GetTextKeyword.execute(GetTextKeyword.groovy:67)
	at com.kms.katalon.core.keyword.internal.KeywordExecutor.executeKeywordForPlatform(KeywordExecutor.groovy:60)
	at com.kms.katalon.core.webui.keyword.WebUiBuiltInKeywords.getText(WebUiBuiltInKeywords.groovy:874)
	at com.kms.katalon.core.webui.keyword.WebUiBuiltInKeywords$getText$4.call(Unknown Source)
	at p4p_newReservationBoarding.run(p4p_newReservationBoarding:152)
	at com.kms.katalon.core.main.ScriptEngine.run(ScriptEngine.java:194)
	at com.kms.katalon.core.main.ScriptEngine.runScriptAsRawText(ScriptEngine.java:119)
	at com.kms.katalon.core.main.TestCaseExecutor.runScript(TestCaseExecutor.java:337)
	at com.kms.katalon.core.main.TestCaseExecutor.doExecute(TestCaseExecutor.java:328)
	at com.kms.katalon.core.main.TestCaseExecutor.processExecutionPhase(TestCaseExecutor.java:307)
	at com.kms.katalon.core.main.TestCaseExecutor.accessMainPhase(TestCaseExecutor.java:299)
	at com.kms.katalon.core.main.TestCaseExecutor.execute(TestCaseExecutor.java:233)
	at com.kms.katalon.core.main.TestSuiteExecutor.accessTestCaseMainPhase(TestSuiteExecutor.java:169)
	at com.kms.katalon.core.main.TestSuiteExecutor.accessTestSuiteMainPhase(TestSuiteExecutor.java:142)
	at com.kms.katalon.core.main.TestSuiteExecutor.execute(TestSuiteExecutor.java:91)
	at com.kms.katalon.core.main.TestCaseMain.startTestSuite(TestCaseMain.java:157)
	at com.kms.katalon.core.main.TestCaseMain$startTestSuite$0.call(Unknown Source)
	at TempTestSuite1579117199342.run(TempTestSuite1579117199342.groovy:36)
Caused by: com.kms.katalon.core.exception.StepFailedException: Unable to get text of object 'Object Repository/obj_reservation/4_/span_requiresdeposit'
	... 21 more
Caused by: com.kms.katalon.core.webui.exception.WebElementNotFoundException: Web element with id: 'Object Repository/obj_reservation/4_/span_requiresdeposit' located by 'By.xpath: //div[@id='wrapper']/div/div/div[3]/fieldset/div/p4p-reservations-wizard/div/div[2]/div/overview/p4p-reservation-overview-section/div[2]/div/form/div[6]/div/p/span' not found
	at com.kms.katalon.core.webui.common.WebUiCommonHelper.findWebElement(WebUiCommonHelper.java:1113)
	at com.kms.katalon.core.webui.keyword.internal.WebUIAbstractKeyword.findWebElement(WebUIAbstractKeyword.groovy:27)
	at com.kms.katalon.core.webui.keyword.internal.WebUIAbstractKeyword.findWebElement(WebUIAbstractKeyword.groovy:26)
	at com.kms.katalon.core.webui.keyword.builtin.GetTextKeyword$_getText_closure1.doCall(GetTextKeyword.groovy:78)
	at com.kms.katalon.core.webui.keyword.builtin.GetTextKeyword$_getText_closure1.call(GetTextKeyword.groovy)
	at com.kms.katalon.core.webui.keyword.internal.WebUIKeywordMain.runKeyword(WebUIKeywordMain.groovy:20)
	... 19 more


2020-01-15 13:52:32 - [TEST_STEP][PASSED] - flagBoar = "0": null

2020-01-15 13:52:32 - [TEST_STEP][PASSED] - log = new com.kms.katalon.core.logging.KeywordLogger(): null

2020-01-15 13:52:32 - [TEST_STEP][PASSED] - fisNewRes = new java.io.FileInputStream(/home/leonardo-arkusmty/Desktop/P4P/DATA_AUTOMATINTESTING/data_1newReservationBoarding.xlsx): null

2020-01-15 13:52:32 - [TEST_STEP][PASSED] - fisInv = new java.io.FileInputStream(/home/leonardo-arkusmty/Desktop/P4P/DATA_AUTOMATINTESTING/data_3Invoices.xlsx): null

2020-01-15 13:52:32 - [TEST_STEP][PASSED] - workbookNewRes = new org.apache.poi.xssf.usermodel.XSSFWorkbook(fisNewRes): null

2020-01-15 13:52:32 - [TEST_STEP][PASSED] - workbookInv = new org.apache.poi.xssf.usermodel.XSSFWorkbook(fisInv): null

2020-01-15 13:52:32 - [TEST_STEP][PASSED] - sheetNewRes = workbookNewRes.getSheet("Sheet1"): null

2020-01-15 13:52:32 - [TEST_STEP][PASSED] - sheetInv = workbookInv.getSheet("Sheet1"): null

2020-01-15 13:52:32 - [TEST_STEP][PASSED] - rowCount = var_row: null

2020-01-15 13:52:32 - [TEST_STEP][PASSED] - var = Integer.parseInt(var_idRowRes): null

2020-01-15 13:52:32 - [TEST_STEP][PASSED] - rowNewRes = sheetNewRes.getRow(var): null

2020-01-15 13:52:32 - [TEST_STEP][PASSED] - rowInv = sheetInv.getRow(var): null

2020-01-15 13:52:32 - [TEST_STEP][PASSED] - today = new java.util.Date(): null

2020-01-15 13:52:32 - [TEST_STEP][PASSED] - todaysDate1 = today.format("yyyy"): null

2020-01-15 13:52:32 - [TEST_STEP][PASSED] - todaysDate2 = today.format("mm"): null

2020-01-15 13:52:32 - [TEST_STEP][PASSED] - todaysDate3 = today.format("dd"): null

2020-01-15 13:52:32 - [TEST_STEP][PASSED] - todaysDate4 = today.format("mmm/dd/yyyy"): null

2020-01-15 13:52:32 - [TEST_STEP][PASSED] - todaysDate5 = today.format("dd/mm/yyyy"): null

2020-01-15 13:52:32 - [TEST_STEP][PASSED] - nowTime = today.format("hhmm"): null

2020-01-15 13:52:32 - [TEST_STEP][PASSED] - dateCI = var_checkinD.split(","): null

2020-01-15 13:52:32 - [TEST_STEP][PASSED] - dateCO = var_checkoutD.split(","): null

2020-01-15 13:52:32 - [TEST_STEP][PASSED] - arryPets = var_pets.split(","): null

2020-01-15 13:52:32 - [TEST_STEP][PASSED] - openBrowser("https://p4p-qa-bg.aws.paradise4paws.com/login/"): Browser is opened with url: 'https://p4p-qa-bg.aws.paradise4paws.com/login/'

2020-01-15 13:52:32 - [MESSAGE][WARNING] - A browser is already opened. Closing browser and opening a new one

2020-01-15 13:52:32 - [MESSAGE][INFO] - Starting 'Chrome' driver

2020-01-15 13:52:34 - [MESSAGE][PASSED] - Browser is opened with url: 'https://p4p-qa-bg.aws.paradise4paws.com/login/'

2020-01-15 13:52:34 - [TEST_STEP][PASSED] - maximizeWindow(): Current window maximized

2020-01-15 13:52:34 - [MESSAGE][PASSED] - Current window maximized

2020-01-15 13:52:34 - [TEST_STEP][PASSED] - setText(findTestObject("obj_login/input_user"), var_user): Text 'jegchavez@gmail.com' is set on object 'Object Repository/obj_login/input_user'

2020-01-15 13:52:34 - [MESSAGE][PASSED] - Text 'jegchavez@gmail.com' is set on object 'Object Repository/obj_login/input_user'

2020-01-15 13:52:34 - [TEST_STEP][PASSED] - setText(findTestObject("obj_login/input_pass"), var_pass): Text 'admin1' is set on object 'Object Repository/obj_login/input_pass'

2020-01-15 13:52:35 - [MESSAGE][PASSED] - Text 'admin1' is set on object 'Object Repository/obj_login/input_pass'

2020-01-15 13:52:35 - [TEST_STEP][PASSED] - delay(1): Delayed 1 second(s)

2020-01-15 13:52:36 - [MESSAGE][PASSED] - Delayed 1 second(s)

2020-01-15 13:52:36 - [TEST_STEP][PASSED] - verifyElementClickable(findTestObject("obj_login/btn_login")): Object 'Object Repository/obj_login/btn_login' is clickable

2020-01-15 13:52:36 - [MESSAGE][PASSED] - Object 'Object Repository/obj_login/btn_login' is clickable

2020-01-15 13:52:36 - [TEST_STEP][PASSED] - click(findTestObject("obj_login/btn_login")): Object: 'Object Repository/obj_login/btn_login' is clicked on

2020-01-15 13:52:37 - [MESSAGE][PASSED] - Object: 'Object Repository/obj_login/btn_login' is clicked on

2020-01-15 13:52:37 - [TEST_STEP][PASSED] - delay(1): Delayed 1 second(s)

2020-01-15 13:52:38 - [MESSAGE][PASSED] - Delayed 1 second(s)

2020-01-15 13:52:38 - [TEST_STEP][PASSED] - setText(findTestObject("obj_dashboard_emp/input_search"), var_searchParent): Text 'katalon 1' is set on object 'Object Repository/obj_dashboard_emp/input_search'

2020-01-15 13:52:39 - [MESSAGE][PASSED] - Text 'katalon 1' is set on object 'Object Repository/obj_dashboard_emp/input_search'

2020-01-15 13:52:39 - [TEST_STEP][PASSED] - click(findTestObject("obj_dashboard_emp/btn_accountSearch")): Object: 'Object Repository/obj_dashboard_emp/btn_accountSearch' is clicked on

2020-01-15 13:52:39 - [MESSAGE][PASSED] - Object: 'Object Repository/obj_dashboard_emp/btn_accountSearch' is clicked on

2020-01-15 13:52:39 - [TEST_STEP][PASSED] - delay(1): Delayed 1 second(s)

2020-01-15 13:52:40 - [MESSAGE][PASSED] - Delayed 1 second(s)

2020-01-15 13:52:40 - [TEST_STEP][PASSED] - click(findTestObject("obj_accountInformation/a_TEST GABRIEL PROD")): Object: 'Object Repository/obj_accountInformation/a_TEST GABRIEL PROD' is clicked on

2020-01-15 13:52:41 - [MESSAGE][PASSED] - Object: 'Object Repository/obj_accountInformation/a_TEST GABRIEL PROD' is clicked on

2020-01-15 13:52:41 - [TEST_STEP][PASSED] - delay(1): Delayed 1 second(s)

2020-01-15 13:52:42 - [MESSAGE][PASSED] - Delayed 1 second(s)

2020-01-15 13:52:42 - [TEST_STEP][PASSED] - click(findTestObject("obj_profile/a_addReservation")): Object: 'Object Repository/obj_profile/a_addReservation' is clicked on

2020-01-15 13:52:45 - [MESSAGE][PASSED] - Object: 'Object Repository/obj_profile/a_addReservation' is clicked on

2020-01-15 13:52:45 - [TEST_STEP][PASSED] - delay(1): Delayed 1 second(s)

2020-01-15 13:52:46 - [MESSAGE][PASSED] - Delayed 1 second(s)

2020-01-15 13:52:46 - [TEST_STEP][PASSED] - click(findTestObject("obj_reservation/4_/btn_Boarding")): Object: 'Object Repository/obj_reservation/4_/btn_Boarding' is clicked on

2020-01-15 13:52:47 - [MESSAGE][PASSED] - Object: 'Object Repository/obj_reservation/4_/btn_Boarding' is clicked on

2020-01-15 13:52:47 - [TEST_STEP][PASSED] - flagBoar = "1": null

2020-01-15 13:52:47 - [TEST_STEP][PASSED] - click(findTestObject("obj_reservation/4_/i_location")): Object: 'Object Repository/obj_reservation/4_/i_location' is clicked on

2020-01-15 13:52:49 - [MESSAGE][PASSED] - Object: 'Object Repository/obj_reservation/4_/i_location' is clicked on

2020-01-15 13:52:49 - [TEST_STEP][PASSED] - delay(1): Delayed 1 second(s)

2020-01-15 13:52:50 - [MESSAGE][PASSED] - Delayed 1 second(s)

2020-01-15 13:52:50 - [TEST_STEP][PASSED] - click(findTestObject("obj_reservation/2_facility/i_" + var_idFacility + "_facility")): Object: 'Object Repository/obj_reservation/2_facility/i_3_facility' is clicked on

2020-01-15 13:52:51 - [MESSAGE][PASSED] - Object: 'Object Repository/obj_reservation/2_facility/i_3_facility' is clicked on

2020-01-15 13:52:51 - [TEST_STEP][PASSED] - delay(1): Delayed 1 second(s)

2020-01-15 13:52:52 - [MESSAGE][PASSED] - Delayed 1 second(s)

2020-01-15 13:52:52 - [TEST_STEP][PASSED] - click(findTestObject("obj_reservation/4_/dateCheckIn")): Object: 'Object Repository/obj_reservation/4_/dateCheckIn' is clicked on

2020-01-15 13:52:54 - [MESSAGE][PASSED] - Object: 'Object Repository/obj_reservation/4_/dateCheckIn' is clicked on

2020-01-15 13:52:54 - [TEST_STEP][PASSED] - delay(1): Delayed 1 second(s)

2020-01-15 13:52:55 - [MESSAGE][PASSED] - Delayed 1 second(s)

2020-01-15 13:52:55 - [TEST_STEP][PASSED] - click(findTestObject("obj_reservation/3_date2020/0120/CI/button_" + dateCI[0] + "01_ci")): Object: 'Object Repository/obj_reservation/3_date2020/0120/CI/button_0901_ci' is clicked on

2020-01-15 13:52:55 - [MESSAGE][PASSED] - Object: 'Object Repository/obj_reservation/3_date2020/0120/CI/button_0901_ci' is clicked on

2020-01-15 13:52:55 - [TEST_STEP][PASSED] - if (flagBoar == "1"): Object: 'Object Repository/obj_reservation/3_date2020/0120/CO/button_1001_co' is clicked on

2020-01-15 13:52:55 - [TEST_STEP][PASSED] - click(findTestObject("obj_reservation/4_/dateCheckOut")): Object: 'Object Repository/obj_reservation/4_/dateCheckOut' is clicked on

2020-01-15 13:52:56 - [MESSAGE][PASSED] - Object: 'Object Repository/obj_reservation/4_/dateCheckOut' is clicked on

2020-01-15 13:52:56 - [TEST_STEP][PASSED] - delay(1): Delayed 1 second(s)

2020-01-15 13:52:57 - [MESSAGE][PASSED] - Delayed 1 second(s)

2020-01-15 13:52:57 - [TEST_STEP][PASSED] - click(findTestObject("obj_reservation/3_date2020/0120/CO/button_" + dateCO[0] + "01_co")): Object: 'Object Repository/obj_reservation/3_date2020/0120/CO/button_1001_co' is clicked on

2020-01-15 13:52:57 - [MESSAGE][PASSED] - Object: 'Object Repository/obj_reservation/3_date2020/0120/CO/button_1001_co' is clicked on

2020-01-15 13:52:57 - [TEST_STEP][PASSED] - if (var_checkinT.size() == 1): null

2020-01-15 13:52:57 - [TEST_STEP][PASSED] - if (var_checkinT.size() == 2): null

2020-01-15 13:52:57 - [TEST_STEP][PASSED] - if (var_checkinT.size() == 3): null

2020-01-15 13:52:57 - [TEST_STEP][PASSED] - var_checkinT = "0" + var_checkinT: null

2020-01-15 13:52:57 - [TEST_STEP][PASSED] - click(findTestObject("obj_reservation/4_/timeCheckin")): Object: 'Object Repository/obj_reservation/4_/timeCheckin' is clicked on

2020-01-15 13:52:58 - [MESSAGE][PASSED] - Object: 'Object Repository/obj_reservation/4_/timeCheckin' is clicked on

2020-01-15 13:52:58 - [TEST_STEP][PASSED] - click(findTestObject("obj_reservation/0_horas/CI/time_" + var_checkinT + "_ci")): Object: 'Object Repository/obj_reservation/0_horas/CI/time_0830_ci' is clicked on

2020-01-15 13:52:59 - [MESSAGE][PASSED] - Object: 'Object Repository/obj_reservation/0_horas/CI/time_0830_ci' is clicked on

2020-01-15 13:52:59 - [TEST_STEP][PASSED] - click(findTestObject("obj_reservation/4_/timeCheckOut")): Object: 'Object Repository/obj_reservation/4_/timeCheckOut' is clicked on

2020-01-15 13:52:59 - [MESSAGE][PASSED] - Object: 'Object Repository/obj_reservation/4_/timeCheckOut' is clicked on

2020-01-15 13:52:59 - [TEST_STEP][PASSED] - click(findTestObject("obj_reservation/0_horas/CO/time_" + var_checkoutT + "_co")): Object: 'Object Repository/obj_reservation/0_horas/CO/time_1200_co' is clicked on

2020-01-15 13:53:00 - [MESSAGE][PASSED] - Object: 'Object Repository/obj_reservation/0_horas/CO/time_1200_co' is clicked on

2020-01-15 13:53:00 - [TEST_STEP][PASSED] - delay(2): Delayed 2 second(s)

2020-01-15 13:53:02 - [MESSAGE][PASSED] - Delayed 2 second(s)

2020-01-15 13:53:02 - [TEST_STEP][PASSED] - if (arryPets.size() == 1): null

2020-01-15 13:53:02 - [TEST_STEP][PASSED] - else if (arryPets.size() == 2): Object: 'Object Repository/obj_reservation/4_/div_Zeus' is clicked on

2020-01-15 13:53:02 - [TEST_STEP][PASSED] - click(findTestObject("obj_reservation/P4P_5/div_Ares")): Object: 'Object Repository/obj_reservation/P4P_5/div_Ares' is clicked on

2020-01-15 13:53:03 - [MESSAGE][PASSED] - Object: 'Object Repository/obj_reservation/P4P_5/div_Ares' is clicked on

2020-01-15 13:53:03 - [TEST_STEP][PASSED] - click(findTestObject("obj_reservation/4_/div_Zeus")): Object: 'Object Repository/obj_reservation/4_/div_Zeus' is clicked on

2020-01-15 13:53:07 - [MESSAGE][PASSED] - Object: 'Object Repository/obj_reservation/4_/div_Zeus' is clicked on

2020-01-15 13:53:07 - [TEST_STEP][FAILED] - stringDeposit = getText(findTestObject("obj_reservation/4_/span_requiresdeposit"), CONTINUE_ON_FAILURE): Unable to get text of object 'Object Repository/obj_reservation/4_/span_requiresdeposit' (Root cause: com.kms.katalon.core.exception.StepFailedException: Unable to get text of object 'Object Repository/obj_reservation/4_/span_requiresdeposit'
	at com.kms.katalon.core.webui.keyword.internal.WebUIKeywordMain.stepFailed(WebUIKeywordMain.groovy:64)
	at com.kms.katalon.core.webui.keyword.internal.WebUIKeywordMain.runKeyword(WebUIKeywordMain.groovy:26)
	at com.kms.katalon.core.webui.keyword.builtin.GetTextKeyword.getText(GetTextKeyword.groovy:88)
	at com.kms.katalon.core.webui.keyword.builtin.GetTextKeyword.execute(GetTextKeyword.groovy:67)
	at com.kms.katalon.core.keyword.internal.KeywordExecutor.executeKeywordForPlatform(KeywordExecutor.groovy:60)
	at com.kms.katalon.core.webui.keyword.WebUiBuiltInKeywords.getText(WebUiBuiltInKeywords.groovy:874)
	at com.kms.katalon.core.webui.keyword.WebUiBuiltInKeywords$getText$4.call(Unknown Source)
	at p4p_newReservationBoarding.run(p4p_newReservationBoarding:152)
	at com.kms.katalon.core.main.ScriptEngine.run(ScriptEngine.java:194)
	at com.kms.katalon.core.main.ScriptEngine.runScriptAsRawText(ScriptEngine.java:119)
	at com.kms.katalon.core.main.TestCaseExecutor.runScript(TestCaseExecutor.java:337)
	at com.kms.katalon.core.main.TestCaseExecutor.doExecute(TestCaseExecutor.java:328)
	at com.kms.katalon.core.main.TestCaseExecutor.processExecutionPhase(TestCaseExecutor.java:307)
	at com.kms.katalon.core.main.TestCaseExecutor.accessMainPhase(TestCaseExecutor.java:299)
	at com.kms.katalon.core.main.TestCaseExecutor.execute(TestCaseExecutor.java:233)
	at com.kms.katalon.core.main.TestSuiteExecutor.accessTestCaseMainPhase(TestSuiteExecutor.java:169)
	at com.kms.katalon.core.main.TestSuiteExecutor.accessTestSuiteMainPhase(TestSuiteExecutor.java:142)
	at com.kms.katalon.core.main.TestSuiteExecutor.execute(TestSuiteExecutor.java:91)
	at com.kms.katalon.core.main.TestCaseMain.startTestSuite(TestCaseMain.java:157)
	at com.kms.katalon.core.main.TestCaseMain$startTestSuite$0.call(Unknown Source)
	at TempTestSuite1579117199342.run(TempTestSuite1579117199342.groovy:36)
Caused by: com.kms.katalon.core.webui.exception.WebElementNotFoundException: Web element with id: 'Object Repository/obj_reservation/4_/span_requiresdeposit' located by 'By.xpath: //div[@id='wrapper']/div/div/div[3]/fieldset/div/p4p-reservations-wizard/div/div[2]/div/overview/p4p-reservation-overview-section/div[2]/div/form/div[6]/div/p/span' not found
	at com.kms.katalon.core.webui.common.WebUiCommonHelper.findWebElement(WebUiCommonHelper.java:1113)
	at com.kms.katalon.core.webui.keyword.internal.WebUIAbstractKeyword.findWebElement(WebUIAbstractKeyword.groovy:27)
	at com.kms.katalon.core.webui.keyword.internal.WebUIAbstractKeyword.findWebElement(WebUIAbstractKeyword.groovy:26)
	at com.kms.katalon.core.webui.keyword.builtin.GetTextKeyword$_getText_closure1.doCall(GetTextKeyword.groovy:78)
	at com.kms.katalon.core.webui.keyword.builtin.GetTextKeyword$_getText_closure1.call(GetTextKeyword.groovy)
	at com.kms.katalon.core.webui.keyword.internal.WebUIKeywordMain.runKeyword(WebUIKeywordMain.groovy:20)
	at com.kms.katalon.core.webui.keyword.builtin.GetTextKeyword.getText(GetTextKeyword.groovy:88)
	at com.kms.katalon.core.webui.keyword.builtin.GetTextKeyword.execute(GetTextKeyword.groovy:67)
	at com.kms.katalon.core.keyword.internal.KeywordExecutor.executeKeywordForPlatform(KeywordExecutor.groovy:60)
	at com.kms.katalon.core.webui.keyword.WebUiBuiltInKeywords.getText(WebUiBuiltInKeywords.groovy:874)
	at com.kms.katalon.core.webui.keyword.WebUiBuiltInKeywords$getText$4.call(Unknown Source)
	at Script1576482987688.run(Script1576482987688.groovy:152)
	... 13 more
)

2020-01-15 13:53:49 - [MESSAGE][INFO] - Unable to find the element located by 'By.xpath: //div[@id='wrapper']/div/div/div[3]/fieldset/div/p4p-reservations-wizard/div/div[2]/div/overview/p4p-reservation-overview-section/div[2]/div/form/div[6]/div/p/span'. Please recheck the objects properties to make sure the desired element is located. 

2020-01-15 13:53:50 - [MESSAGE][FAILED] - Unable to get text of object 'Object Repository/obj_reservation/4_/span_requiresdeposit' (Root cause: com.kms.katalon.core.exception.StepFailedException: Unable to get text of object 'Object Repository/obj_reservation/4_/span_requiresdeposit'
	at com.kms.katalon.core.webui.keyword.internal.WebUIKeywordMain.stepFailed(WebUIKeywordMain.groovy:64)
	at com.kms.katalon.core.webui.keyword.internal.WebUIKeywordMain.runKeyword(WebUIKeywordMain.groovy:26)
	at com.kms.katalon.core.webui.keyword.builtin.GetTextKeyword.getText(GetTextKeyword.groovy:88)
	at com.kms.katalon.core.webui.keyword.builtin.GetTextKeyword.execute(GetTextKeyword.groovy:67)
	at com.kms.katalon.core.keyword.internal.KeywordExecutor.executeKeywordForPlatform(KeywordExecutor.groovy:60)
	at com.kms.katalon.core.webui.keyword.WebUiBuiltInKeywords.getText(WebUiBuiltInKeywords.groovy:874)
	at com.kms.katalon.core.webui.keyword.WebUiBuiltInKeywords$getText$4.call(Unknown Source)
	at p4p_newReservationBoarding.run(p4p_newReservationBoarding:152)
	at com.kms.katalon.core.main.ScriptEngine.run(ScriptEngine.java:194)
	at com.kms.katalon.core.main.ScriptEngine.runScriptAsRawText(ScriptEngine.java:119)
	at com.kms.katalon.core.main.TestCaseExecutor.runScript(TestCaseExecutor.java:337)
	at com.kms.katalon.core.main.TestCaseExecutor.doExecute(TestCaseExecutor.java:328)
	at com.kms.katalon.core.main.TestCaseExecutor.processExecutionPhase(TestCaseExecutor.java:307)
	at com.kms.katalon.core.main.TestCaseExecutor.accessMainPhase(TestCaseExecutor.java:299)
	at com.kms.katalon.core.main.TestCaseExecutor.execute(TestCaseExecutor.java:233)
	at com.kms.katalon.core.main.TestSuiteExecutor.accessTestCaseMainPhase(TestSuiteExecutor.java:169)
	at com.kms.katalon.core.main.TestSuiteExecutor.accessTestSuiteMainPhase(TestSuiteExecutor.java:142)
	at com.kms.katalon.core.main.TestSuiteExecutor.execute(TestSuiteExecutor.java:91)
	at com.kms.katalon.core.main.TestCaseMain.startTestSuite(TestCaseMain.java:157)
	at com.kms.katalon.core.main.TestCaseMain$startTestSuite$0.call(Unknown Source)
	at TempTestSuite1579117199342.run(TempTestSuite1579117199342.groovy:36)
Caused by: com.kms.katalon.core.webui.exception.WebElementNotFoundException: Web element with id: 'Object Repository/obj_reservation/4_/span_requiresdeposit' located by 'By.xpath: //div[@id='wrapper']/div/div/div[3]/fieldset/div/p4p-reservations-wizard/div/div[2]/div/overview/p4p-reservation-overview-section/div[2]/div/form/div[6]/div/p/span' not found
	at com.kms.katalon.core.webui.common.WebUiCommonHelper.findWebElement(WebUiCommonHelper.java:1113)
	at com.kms.katalon.core.webui.keyword.internal.WebUIAbstractKeyword.findWebElement(WebUIAbstractKeyword.groovy:27)
	at com.kms.katalon.core.webui.keyword.internal.WebUIAbstractKeyword.findWebElement(WebUIAbstractKeyword.groovy:26)
	at com.kms.katalon.core.webui.keyword.builtin.GetTextKeyword$_getText_closure1.doCall(GetTextKeyword.groovy:78)
	at com.kms.katalon.core.webui.keyword.builtin.GetTextKeyword$_getText_closure1.call(GetTextKeyword.groovy)
	at com.kms.katalon.core.webui.keyword.internal.WebUIKeywordMain.runKeyword(WebUIKeywordMain.groovy:20)
	at com.kms.katalon.core.webui.keyword.builtin.GetTextKeyword.getText(GetTextKeyword.groovy:88)
	at com.kms.katalon.core.webui.keyword.builtin.GetTextKeyword.execute(GetTextKeyword.groovy:67)
	at com.kms.katalon.core.keyword.internal.KeywordExecutor.executeKeywordForPlatform(KeywordExecutor.groovy:60)
	at com.kms.katalon.core.webui.keyword.WebUiBuiltInKeywords.getText(WebUiBuiltInKeywords.groovy:874)
	at com.kms.katalon.core.webui.keyword.WebUiBuiltInKeywords$getText$4.call(Unknown Source)
	at Script1576482987688.run(Script1576482987688.groovy:152)
	... 13 more
)
[[ATTACHMENT|/home/leonardo-arkusmty/Documents/workspaceKatalon/p4ptest/Reports/20200115_133959/ts_newReservationBoarding/20200115_133959/1579118029961.png]]

2020-01-15 13:53:50 - [TEST_STEP][PASSED] - varHoliday = 0: null

2020-01-15 13:53:50 - [TEST_STEP][PASSED] - if (stringDeposit != null): null

2020-01-15 13:53:50 - [TEST_STEP][PASSED] - try: Object: 'Object Repository/obj_reservation/4_/div_suite_rad_deluxe' is clicked on

2020-01-15 13:53:50 - [TEST_STEP][PASSED] - click(findTestObject("obj_reservation/4_/div_suite_rad_deluxe")): Object: 'Object Repository/obj_reservation/4_/div_suite_rad_deluxe' is clicked on

2020-01-15 13:53:51 - [MESSAGE][PASSED] - Object: 'Object Repository/obj_reservation/4_/div_suite_rad_deluxe' is clicked on

2020-01-15 13:53:51 - [TEST_STEP][PASSED] - click(findTestObject("obj_reservation/4_/btn_next2")): Object: 'Object Repository/obj_reservation/4_/btn_next2' is clicked on

2020-01-15 13:53:52 - [MESSAGE][PASSED] - Object: 'Object Repository/obj_reservation/4_/btn_next2' is clicked on

2020-01-15 13:53:52 - [TEST_STEP][PASSED] - delay(1): Delayed 1 second(s)

2020-01-15 13:53:53 - [MESSAGE][PASSED] - Delayed 1 second(s)

2020-01-15 13:53:53 - [TEST_STEP][PASSED] - delay(1): Delayed 1 second(s)

2020-01-15 13:53:54 - [MESSAGE][PASSED] - Delayed 1 second(s)

2020-01-15 13:53:54 - [TEST_STEP][PASSED] - click(findTestObject("obj_reservation/4_/btn_next2")): Object: 'Object Repository/obj_reservation/4_/btn_next2' is clicked on

2020-01-15 13:53:54 - [MESSAGE][PASSED] - Object: 'Object Repository/obj_reservation/4_/btn_next2' is clicked on

2020-01-15 13:53:54 - [TEST_STEP][PASSED] - delay(1): Delayed 1 second(s)

2020-01-15 13:53:55 - [MESSAGE][PASSED] - Delayed 1 second(s)

2020-01-15 13:53:55 - [TEST_STEP][PASSED] - click(findTestObject("obj_reservation/4_/button_Submit Reservation")): Object: 'Object Repository/obj_reservation/4_/button_Submit Reservation' is clicked on

2020-01-15 13:53:57 - [MESSAGE][PASSED] - Object: 'Object Repository/obj_reservation/4_/button_Submit Reservation' is clicked on

2020-01-15 13:53:57 - [TEST_STEP][PASSED] - delay(1): Delayed 1 second(s)

2020-01-15 13:53:58 - [MESSAGE][PASSED] - Delayed 1 second(s)

2020-01-15 13:53:58 - [TEST_STEP][PASSED] - if (flagBoar == "2" && var_repeatingEvery == "Daily" || var_repeatingEvery == "Monthly" || var_repeatingEvery == "Weekly"): null

2020-01-15 13:53:58 - [TEST_STEP][FAILED] - else: null

2020-01-15 13:53:58 - [TEST_STEP][PASSED] - delay(2): Delayed 2 second(s)

2020-01-15 13:54:00 - [MESSAGE][PASSED] - Delayed 2 second(s)

2020-01-15 13:54:00 - [TEST_STEP][FAILED] - try: Unable to click on object 'Object Repository/obj_reservation/4_/button_Return To Reservation' (Root cause: com.kms.katalon.core.exception.StepFailedException: Unable to click on object 'Object Repository/obj_reservation/4_/button_Return To Reservation'
	at com.kms.katalon.core.webui.keyword.internal.WebUIKeywordMain.stepFailed(WebUIKeywordMain.groovy:64)
	at com.kms.katalon.core.webui.keyword.internal.WebUIKeywordMain.runKeyword(WebUIKeywordMain.groovy:26)
	at com.kms.katalon.core.webui.keyword.builtin.ClickKeyword.click(ClickKeyword.groovy:99)
	at com.kms.katalon.core.webui.keyword.builtin.ClickKeyword.execute(ClickKeyword.groovy:43)
	at com.kms.katalon.core.keyword.internal.KeywordExecutor.executeKeywordForPlatform(KeywordExecutor.groovy:60)
	at com.kms.katalon.core.webui.keyword.WebUiBuiltInKeywords.click(WebUiBuiltInKeywords.groovy:616)
	at com.kms.katalon.core.webui.keyword.WebUiBuiltInKeywords$click$3.call(Unknown Source)
	at p4p_newReservationBoarding.run(p4p_newReservationBoarding:210)
	at com.kms.katalon.core.main.ScriptEngine.run(ScriptEngine.java:194)
	at com.kms.katalon.core.main.ScriptEngine.runScriptAsRawText(ScriptEngine.java:119)
	at com.kms.katalon.core.main.TestCaseExecutor.runScript(TestCaseExecutor.java:337)
	at com.kms.katalon.core.main.TestCaseExecutor.doExecute(TestCaseExecutor.java:328)
	at com.kms.katalon.core.main.TestCaseExecutor.processExecutionPhase(TestCaseExecutor.java:307)
	at com.kms.katalon.core.main.TestCaseExecutor.accessMainPhase(TestCaseExecutor.java:299)
	at com.kms.katalon.core.main.TestCaseExecutor.execute(TestCaseExecutor.java:233)
	at com.kms.katalon.core.main.TestSuiteExecutor.accessTestCaseMainPhase(TestSuiteExecutor.java:169)
	at com.kms.katalon.core.main.TestSuiteExecutor.accessTestSuiteMainPhase(TestSuiteExecutor.java:142)
	at com.kms.katalon.core.main.TestSuiteExecutor.execute(TestSuiteExecutor.java:91)
	at com.kms.katalon.core.main.TestCaseMain.startTestSuite(TestCaseMain.java:157)
	at com.kms.katalon.core.main.TestCaseMain$startTestSuite$0.call(Unknown Source)
	at TempTestSuite1579117199342.run(TempTestSuite1579117199342.groovy:36)
Caused by: com.kms.katalon.core.webui.exception.WebElementNotFoundException: Web element with id: 'Object Repository/obj_reservation/4_/button_Return To Reservation' located by 'By.xpath: (//button[@type='button'])[13]' not found
	at com.kms.katalon.core.webui.common.WebUiCommonHelper.findWebElement(WebUiCommonHelper.java:1113)
	at com.kms.katalon.core.webui.keyword.internal.WebUIAbstractKeyword.findWebElement(WebUIAbstractKeyword.groovy:27)
	at com.kms.katalon.core.webui.keyword.internal.WebUIAbstractKeyword.findWebElement(WebUIAbstractKeyword.groovy:26)
	at com.kms.katalon.core.webui.keyword.builtin.ClickKeyword$_click_closure1.doCall(ClickKeyword.groovy:68)
	at com.kms.katalon.core.webui.keyword.builtin.ClickKeyword$_click_closure1.call(ClickKeyword.groovy)
	at com.kms.katalon.core.webui.keyword.internal.WebUIKeywordMain.runKeyword(WebUIKeywordMain.groovy:20)
	at com.kms.katalon.core.webui.keyword.builtin.ClickKeyword.click(ClickKeyword.groovy:99)
	at com.kms.katalon.core.webui.keyword.builtin.ClickKeyword.execute(ClickKeyword.groovy:43)
	at com.kms.katalon.core.keyword.internal.KeywordExecutor.executeKeywordForPlatform(KeywordExecutor.groovy:60)
	at com.kms.katalon.core.webui.keyword.WebUiBuiltInKeywords.click(WebUiBuiltInKeywords.groovy:616)
	at com.kms.katalon.core.webui.keyword.WebUiBuiltInKeywords$click$3.call(Unknown Source)
	at Script1576482987688.run(Script1576482987688.groovy:210)
	... 13 more
)

2020-01-15 13:54:00 - [TEST_STEP][FAILED] - click(findTestObject("obj_reservation/4_/button_Return To Reservation")): Unable to click on object 'Object Repository/obj_reservation/4_/button_Return To Reservation' (Root cause: com.kms.katalon.core.exception.StepFailedException: Unable to click on object 'Object Repository/obj_reservation/4_/button_Return To Reservation'
	at com.kms.katalon.core.webui.keyword.internal.WebUIKeywordMain.stepFailed(WebUIKeywordMain.groovy:64)
	at com.kms.katalon.core.webui.keyword.internal.WebUIKeywordMain.runKeyword(WebUIKeywordMain.groovy:26)
	at com.kms.katalon.core.webui.keyword.builtin.ClickKeyword.click(ClickKeyword.groovy:99)
	at com.kms.katalon.core.webui.keyword.builtin.ClickKeyword.execute(ClickKeyword.groovy:43)
	at com.kms.katalon.core.keyword.internal.KeywordExecutor.executeKeywordForPlatform(KeywordExecutor.groovy:60)
	at com.kms.katalon.core.webui.keyword.WebUiBuiltInKeywords.click(WebUiBuiltInKeywords.groovy:616)
	at com.kms.katalon.core.webui.keyword.WebUiBuiltInKeywords$click$3.call(Unknown Source)
	at p4p_newReservationBoarding.run(p4p_newReservationBoarding:210)
	at com.kms.katalon.core.main.ScriptEngine.run(ScriptEngine.java:194)
	at com.kms.katalon.core.main.ScriptEngine.runScriptAsRawText(ScriptEngine.java:119)
	at com.kms.katalon.core.main.TestCaseExecutor.runScript(TestCaseExecutor.java:337)
	at com.kms.katalon.core.main.TestCaseExecutor.doExecute(TestCaseExecutor.java:328)
	at com.kms.katalon.core.main.TestCaseExecutor.processExecutionPhase(TestCaseExecutor.java:307)
	at com.kms.katalon.core.main.TestCaseExecutor.accessMainPhase(TestCaseExecutor.java:299)
	at com.kms.katalon.core.main.TestCaseExecutor.execute(TestCaseExecutor.java:233)
	at com.kms.katalon.core.main.TestSuiteExecutor.accessTestCaseMainPhase(TestSuiteExecutor.java:169)
	at com.kms.katalon.core.main.TestSuiteExecutor.accessTestSuiteMainPhase(TestSuiteExecutor.java:142)
	at com.kms.katalon.core.main.TestSuiteExecutor.execute(TestSuiteExecutor.java:91)
	at com.kms.katalon.core.main.TestCaseMain.startTestSuite(TestCaseMain.java:157)
	at com.kms.katalon.core.main.TestCaseMain$startTestSuite$0.call(Unknown Source)
	at TempTestSuite1579117199342.run(TempTestSuite1579117199342.groovy:36)
Caused by: com.kms.katalon.core.webui.exception.WebElementNotFoundException: Web element with id: 'Object Repository/obj_reservation/4_/button_Return To Reservation' located by 'By.xpath: (//button[@type='button'])[13]' not found
	at com.kms.katalon.core.webui.common.WebUiCommonHelper.findWebElement(WebUiCommonHelper.java:1113)
	at com.kms.katalon.core.webui.keyword.internal.WebUIAbstractKeyword.findWebElement(WebUIAbstractKeyword.groovy:27)
	at com.kms.katalon.core.webui.keyword.internal.WebUIAbstractKeyword.findWebElement(WebUIAbstractKeyword.groovy:26)
	at com.kms.katalon.core.webui.keyword.builtin.ClickKeyword$_click_closure1.doCall(ClickKeyword.groovy:68)
	at com.kms.katalon.core.webui.keyword.builtin.ClickKeyword$_click_closure1.call(ClickKeyword.groovy)
	at com.kms.katalon.core.webui.keyword.internal.WebUIKeywordMain.runKeyword(WebUIKeywordMain.groovy:20)
	at com.kms.katalon.core.webui.keyword.builtin.ClickKeyword.click(ClickKeyword.groovy:99)
	at com.kms.katalon.core.webui.keyword.builtin.ClickKeyword.execute(ClickKeyword.groovy:43)
	at com.kms.katalon.core.keyword.internal.KeywordExecutor.executeKeywordForPlatform(KeywordExecutor.groovy:60)
	at com.kms.katalon.core.webui.keyword.WebUiBuiltInKeywords.click(WebUiBuiltInKeywords.groovy:616)
	at com.kms.katalon.core.webui.keyword.WebUiBuiltInKeywords$click$3.call(Unknown Source)
	at Script1576482987688.run(Script1576482987688.groovy:210)
	... 13 more
)

2020-01-15 13:54:44 - [MESSAGE][INFO] - Unable to find the element located by 'By.xpath: (//button[@type='button'])[13]'. Please recheck the objects properties to make sure the desired element is located. 

2020-01-15 13:54:44 - [MESSAGE][FAILED] - Unable to click on object 'Object Repository/obj_reservation/4_/button_Return To Reservation' (Root cause: com.kms.katalon.core.exception.StepFailedException: Unable to click on object 'Object Repository/obj_reservation/4_/button_Return To Reservation'
	at com.kms.katalon.core.webui.keyword.internal.WebUIKeywordMain.stepFailed(WebUIKeywordMain.groovy:64)
	at com.kms.katalon.core.webui.keyword.internal.WebUIKeywordMain.runKeyword(WebUIKeywordMain.groovy:26)
	at com.kms.katalon.core.webui.keyword.builtin.ClickKeyword.click(ClickKeyword.groovy:99)
	at com.kms.katalon.core.webui.keyword.builtin.ClickKeyword.execute(ClickKeyword.groovy:43)
	at com.kms.katalon.core.keyword.internal.KeywordExecutor.executeKeywordForPlatform(KeywordExecutor.groovy:60)
	at com.kms.katalon.core.webui.keyword.WebUiBuiltInKeywords.click(WebUiBuiltInKeywords.groovy:616)
	at com.kms.katalon.core.webui.keyword.WebUiBuiltInKeywords$click$3.call(Unknown Source)
	at p4p_newReservationBoarding.run(p4p_newReservationBoarding:210)
	at com.kms.katalon.core.main.ScriptEngine.run(ScriptEngine.java:194)
	at com.kms.katalon.core.main.ScriptEngine.runScriptAsRawText(ScriptEngine.java:119)
	at com.kms.katalon.core.main.TestCaseExecutor.runScript(TestCaseExecutor.java:337)
	at com.kms.katalon.core.main.TestCaseExecutor.doExecute(TestCaseExecutor.java:328)
	at com.kms.katalon.core.main.TestCaseExecutor.processExecutionPhase(TestCaseExecutor.java:307)
	at com.kms.katalon.core.main.TestCaseExecutor.accessMainPhase(TestCaseExecutor.java:299)
	at com.kms.katalon.core.main.TestCaseExecutor.execute(TestCaseExecutor.java:233)
	at com.kms.katalon.core.main.TestSuiteExecutor.accessTestCaseMainPhase(TestSuiteExecutor.java:169)
	at com.kms.katalon.core.main.TestSuiteExecutor.accessTestSuiteMainPhase(TestSuiteExecutor.java:142)
	at com.kms.katalon.core.main.TestSuiteExecutor.execute(TestSuiteExecutor.java:91)
	at com.kms.katalon.core.main.TestCaseMain.startTestSuite(TestCaseMain.java:157)
	at com.kms.katalon.core.main.TestCaseMain$startTestSuite$0.call(Unknown Source)
	at TempTestSuite1579117199342.run(TempTestSuite1579117199342.groovy:36)
Caused by: com.kms.katalon.core.webui.exception.WebElementNotFoundException: Web element with id: 'Object Repository/obj_reservation/4_/button_Return To Reservation' located by 'By.xpath: (//button[@type='button'])[13]' not found
	at com.kms.katalon.core.webui.common.WebUiCommonHelper.findWebElement(WebUiCommonHelper.java:1113)
	at com.kms.katalon.core.webui.keyword.internal.WebUIAbstractKeyword.findWebElement(WebUIAbstractKeyword.groovy:27)
	at com.kms.katalon.core.webui.keyword.internal.WebUIAbstractKeyword.findWebElement(WebUIAbstractKeyword.groovy:26)
	at com.kms.katalon.core.webui.keyword.builtin.ClickKeyword$_click_closure1.doCall(ClickKeyword.groovy:68)
	at com.kms.katalon.core.webui.keyword.builtin.ClickKeyword$_click_closure1.call(ClickKeyword.groovy)
	at com.kms.katalon.core.webui.keyword.internal.WebUIKeywordMain.runKeyword(WebUIKeywordMain.groovy:20)
	at com.kms.katalon.core.webui.keyword.builtin.ClickKeyword.click(ClickKeyword.groovy:99)
	at com.kms.katalon.core.webui.keyword.builtin.ClickKeyword.execute(ClickKeyword.groovy:43)
	at com.kms.katalon.core.keyword.internal.KeywordExecutor.executeKeywordForPlatform(KeywordExecutor.groovy:60)
	at com.kms.katalon.core.webui.keyword.WebUiBuiltInKeywords.click(WebUiBuiltInKeywords.groovy:616)
	at com.kms.katalon.core.webui.keyword.WebUiBuiltInKeywords$click$3.call(Unknown Source)
	at Script1576482987688.run(Script1576482987688.groovy:210)
	... 13 more
)
[[ATTACHMENT|/home/leonardo-arkusmty/Documents/workspaceKatalon/p4ptest/Reports/20200115_133959/ts_newReservationBoarding/20200115_133959/1579118084738.png]]

2020-01-15 13:54:44 - [TEST_STEP][PASSED] - catch (Exception e): Delayed 1 second(s)

2020-01-15 13:54:44 - [TEST_STEP][PASSED] - e.printStackTrace(): null

2020-01-15 13:54:44 - [TEST_STEP][PASSED] - log.logInfo("ERROR EXCEPCION"): ERROR EXCEPCION

2020-01-15 13:54:44 - [MESSAGE][INFO] - ERROR EXCEPCION

2020-01-15 13:54:44 - [TEST_STEP][PASSED] - cell1Err = rowNewRes.createCell(18, 0): null

2020-01-15 13:54:44 - [TEST_STEP][PASSED] - cell2Err = rowNewRes.createCell(19, 0): null

2020-01-15 13:54:44 - [TEST_STEP][PASSED] - cell1Err.setCellType(CELL_TYPE_STRING): null

2020-01-15 13:54:44 - [TEST_STEP][PASSED] - cell1Err.setCellValue("Error"): null

2020-01-15 13:54:44 - [TEST_STEP][PASSED] - cell2Err.setCellType(CELL_TYPE_STRING): null

2020-01-15 13:54:44 - [TEST_STEP][PASSED] - cell2Err.setCellValue("Reservacion existente"): null

2020-01-15 13:54:44 - [TEST_STEP][PASSED] - fos = new java.io.FileOutputStream(/home/leonardo-arkusmty/Desktop/P4P/DATA_AUTOMATINTESTING/data_1newReservationBoarding.xlsx): null

2020-01-15 13:54:44 - [TEST_STEP][PASSED] - workbookNewRes.write(fos): null

2020-01-15 13:54:44 - [TEST_STEP][PASSED] - fos.close(): null

2020-01-15 13:54:44 - [TEST_STEP][PASSED] - delay(1): Delayed 1 second(s)

2020-01-15 13:54:45 - [MESSAGE][PASSED] - Delayed 1 second(s)

2020-01-15 13:54:45 - [TEST_STEP][PASSED] - delay(3): Delayed 3 second(s)

2020-01-15 13:54:48 - [MESSAGE][PASSED] - Delayed 3 second(s)

2020-01-15 13:54:48 - [TEST_STEP][PASSED] - click(findTestObject("obj_reservation/P4P_2/button_Go to CheckOut")): Object: 'Object Repository/obj_reservation/P4P_2/button_Go to CheckOut' is clicked on

2020-01-15 13:55:20 - [MESSAGE][PASSED] - Object: 'Object Repository/obj_reservation/P4P_2/button_Go to CheckOut' is clicked on

2020-01-15 13:55:20 - [TEST_STEP][PASSED] - delay(2): Delayed 2 second(s)

2020-01-15 13:55:22 - [MESSAGE][PASSED] - Delayed 2 second(s)

2020-01-15 13:55:22 - [TEST_STEP][PASSED] - var_url = getUrl(): Current window's url is: 'https://p4p-qa-bg.aws.paradise4paws.com/reservations/add/?parent_id=122352'

2020-01-15 13:55:22 - [MESSAGE][PASSED] - Current window's url is: 'https://p4p-qa-bg.aws.paradise4paws.com/reservations/add/?parent_id=122352'

2020-01-15 13:55:22 - [TEST_STEP][PASSED] - arrayUrl = var_url.split("/"): null

2020-01-15 13:55:22 - [TEST_STEP][FAILED] - verifyElementText(findTestObject("obj_reservation/P4P_2/span_( BK )"), "( BK )", STOP_ON_FAILURE): Verify element text of test object 'Object Repository/obj_reservation/P4P_2/span_( BK )' FAILED. (Root cause: com.kms.katalon.core.exception.StepFailedException: Verify element text of test object 'Object Repository/obj_reservation/P4P_2/span_( BK )' FAILED.
	at com.kms.katalon.core.webui.keyword.internal.WebUIKeywordMain.stepFailed(WebUIKeywordMain.groovy:64)
	at com.kms.katalon.core.webui.keyword.internal.WebUIKeywordMain.runKeyword(WebUIKeywordMain.groovy:26)
	at com.kms.katalon.core.webui.keyword.builtin.VerifyElementTextKeyword.verifyElementText(VerifyElementTextKeyword.groovy:72)
	at com.kms.katalon.core.webui.keyword.builtin.VerifyElementTextKeyword.execute(VerifyElementTextKeyword.groovy:40)
	at com.kms.katalon.core.keyword.internal.KeywordExecutor.executeKeywordForPlatform(KeywordExecutor.groovy:60)
	at com.kms.katalon.core.webui.keyword.WebUiBuiltInKeywords.verifyElementText(WebUiBuiltInKeywords.groovy:3647)
	at com.kms.katalon.core.webui.keyword.WebUiBuiltInKeywords$verifyElementText$6.call(Unknown Source)
	at p4p_newReservationBoarding.run(p4p_newReservationBoarding:236)
	at com.kms.katalon.core.main.ScriptEngine.run(ScriptEngine.java:194)
	at com.kms.katalon.core.main.ScriptEngine.runScriptAsRawText(ScriptEngine.java:119)
	at com.kms.katalon.core.main.TestCaseExecutor.runScript(TestCaseExecutor.java:337)
	at com.kms.katalon.core.main.TestCaseExecutor.doExecute(TestCaseExecutor.java:328)
	at com.kms.katalon.core.main.TestCaseExecutor.processExecutionPhase(TestCaseExecutor.java:307)
	at com.kms.katalon.core.main.TestCaseExecutor.accessMainPhase(TestCaseExecutor.java:299)
	at com.kms.katalon.core.main.TestCaseExecutor.execute(TestCaseExecutor.java:233)
	at com.kms.katalon.core.main.TestSuiteExecutor.accessTestCaseMainPhase(TestSuiteExecutor.java:169)
	at com.kms.katalon.core.main.TestSuiteExecutor.accessTestSuiteMainPhase(TestSuiteExecutor.java:142)
	at com.kms.katalon.core.main.TestSuiteExecutor.execute(TestSuiteExecutor.java:91)
	at com.kms.katalon.core.main.TestCaseMain.startTestSuite(TestCaseMain.java:157)
	at com.kms.katalon.core.main.TestCaseMain$startTestSuite$0.call(Unknown Source)
	at TempTestSuite1579117199342.run(TempTestSuite1579117199342.groovy:36)
Caused by: com.kms.katalon.core.exception.StepFailedException: com.kms.katalon.core.webui.exception.WebElementNotFoundException: Web element with id: 'Object Repository/obj_reservation/P4P_2/span_( BK )' located by 'By.xpath: //div[@id='wrapper']/div/div/div/div/div/div/ul/li[4]/a/tab-heading/span' not found
	at com.kms.katalon.core.webui.keyword.internal.WebUIKeywordMain.stepFailed(WebUIKeywordMain.groovy:64)
	at com.kms.katalon.core.webui.keyword.builtin.VerifyElementTextKeyword$_verifyElementText_closure1.doCall(VerifyElementTextKeyword.groovy:64)
	at com.kms.katalon.core.webui.keyword.builtin.VerifyElementTextKeyword$_verifyElementText_closure1.call(VerifyElementTextKeyword.groovy)
	at com.kms.katalon.core.webui.keyword.internal.WebUIKeywordMain.runKeyword(WebUIKeywordMain.groovy:20)
	... 19 more
)

2020-01-15 13:56:07 - [MESSAGE][INFO] - Unable to find the element located by 'By.xpath: //div[@id='wrapper']/div/div/div/div/div/div/ul/li[4]/a/tab-heading/span'. Please recheck the objects properties to make sure the desired element is located. 

2020-01-15 13:56:07 - [MESSAGE][FAILED] - com.kms.katalon.core.webui.exception.WebElementNotFoundException: Web element with id: 'Object Repository/obj_reservation/P4P_2/span_( BK )' located by 'By.xpath: //div[@id='wrapper']/div/div/div/div/div/div/ul/li[4]/a/tab-heading/span' not found (Root cause: com.kms.katalon.core.exception.StepFailedException: com.kms.katalon.core.webui.exception.WebElementNotFoundException: Web element with id: 'Object Repository/obj_reservation/P4P_2/span_( BK )' located by 'By.xpath: //div[@id='wrapper']/div/div/div/div/div/div/ul/li[4]/a/tab-heading/span' not found
	at com.kms.katalon.core.webui.keyword.internal.WebUIKeywordMain.stepFailed(WebUIKeywordMain.groovy:64)
	at com.kms.katalon.core.webui.keyword.builtin.VerifyElementTextKeyword$_verifyElementText_closure1.doCall(VerifyElementTextKeyword.groovy:64)
	at com.kms.katalon.core.webui.keyword.builtin.VerifyElementTextKeyword$_verifyElementText_closure1.call(VerifyElementTextKeyword.groovy)
	at com.kms.katalon.core.webui.keyword.internal.WebUIKeywordMain.runKeyword(WebUIKeywordMain.groovy:20)
	at com.kms.katalon.core.webui.keyword.builtin.VerifyElementTextKeyword.verifyElementText(VerifyElementTextKeyword.groovy:72)
	at com.kms.katalon.core.webui.keyword.builtin.VerifyElementTextKeyword.execute(VerifyElementTextKeyword.groovy:40)
	at com.kms.katalon.core.keyword.internal.KeywordExecutor.executeKeywordForPlatform(KeywordExecutor.groovy:60)
	at com.kms.katalon.core.webui.keyword.WebUiBuiltInKeywords.verifyElementText(WebUiBuiltInKeywords.groovy:3647)
	at com.kms.katalon.core.webui.keyword.WebUiBuiltInKeywords$verifyElementText$6.call(Unknown Source)
	at p4p_newReservationBoarding.run(p4p_newReservationBoarding:236)
	at com.kms.katalon.core.main.ScriptEngine.run(ScriptEngine.java:194)
	at com.kms.katalon.core.main.ScriptEngine.runScriptAsRawText(ScriptEngine.java:119)
	at com.kms.katalon.core.main.TestCaseExecutor.runScript(TestCaseExecutor.java:337)
	at com.kms.katalon.core.main.TestCaseExecutor.doExecute(TestCaseExecutor.java:328)
	at com.kms.katalon.core.main.TestCaseExecutor.processExecutionPhase(TestCaseExecutor.java:307)
	at com.kms.katalon.core.main.TestCaseExecutor.accessMainPhase(TestCaseExecutor.java:299)
	at com.kms.katalon.core.main.TestCaseExecutor.execute(TestCaseExecutor.java:233)
	at com.kms.katalon.core.main.TestSuiteExecutor.accessTestCaseMainPhase(TestSuiteExecutor.java:169)
	at com.kms.katalon.core.main.TestSuiteExecutor.accessTestSuiteMainPhase(TestSuiteExecutor.java:142)
	at com.kms.katalon.core.main.TestSuiteExecutor.execute(TestSuiteExecutor.java:91)
	at com.kms.katalon.core.main.TestCaseMain.startTestSuite(TestCaseMain.java:157)
	at com.kms.katalon.core.main.TestCaseMain$startTestSuite$0.call(Unknown Source)
	at TempTestSuite1579117199342.run(TempTestSuite1579117199342.groovy:36)
)
[[ATTACHMENT|/home/leonardo-arkusmty/Documents/workspaceKatalon/p4ptest/Reports/20200115_133959/ts_newReservationBoarding/20200115_133959/1579118167088.png]]

2020-01-15 13:56:07 - [MESSAGE][FAILED] - Verify element text of test object 'Object Repository/obj_reservation/P4P_2/span_( BK )' FAILED. (Root cause: com.kms.katalon.core.exception.StepFailedException: Verify element text of test object 'Object Repository/obj_reservation/P4P_2/span_( BK )' FAILED.
	at com.kms.katalon.core.webui.keyword.internal.WebUIKeywordMain.stepFailed(WebUIKeywordMain.groovy:64)
	at com.kms.katalon.core.webui.keyword.internal.WebUIKeywordMain.runKeyword(WebUIKeywordMain.groovy:26)
	at com.kms.katalon.core.webui.keyword.builtin.VerifyElementTextKeyword.verifyElementText(VerifyElementTextKeyword.groovy:72)
	at com.kms.katalon.core.webui.keyword.builtin.VerifyElementTextKeyword.execute(VerifyElementTextKeyword.groovy:40)
	at com.kms.katalon.core.keyword.internal.KeywordExecutor.executeKeywordForPlatform(KeywordExecutor.groovy:60)
	at com.kms.katalon.core.webui.keyword.WebUiBuiltInKeywords.verifyElementText(WebUiBuiltInKeywords.groovy:3647)
	at com.kms.katalon.core.webui.keyword.WebUiBuiltInKeywords$verifyElementText$6.call(Unknown Source)
	at p4p_newReservationBoarding.run(p4p_newReservationBoarding:236)
	at com.kms.katalon.core.main.ScriptEngine.run(ScriptEngine.java:194)
	at com.kms.katalon.core.main.ScriptEngine.runScriptAsRawText(ScriptEngine.java:119)
	at com.kms.katalon.core.main.TestCaseExecutor.runScript(TestCaseExecutor.java:337)
	at com.kms.katalon.core.main.TestCaseExecutor.doExecute(TestCaseExecutor.java:328)
	at com.kms.katalon.core.main.TestCaseExecutor.processExecutionPhase(TestCaseExecutor.java:307)
	at com.kms.katalon.core.main.TestCaseExecutor.accessMainPhase(TestCaseExecutor.java:299)
	at com.kms.katalon.core.main.TestCaseExecutor.execute(TestCaseExecutor.java:233)
	at com.kms.katalon.core.main.TestSuiteExecutor.accessTestCaseMainPhase(TestSuiteExecutor.java:169)
	at com.kms.katalon.core.main.TestSuiteExecutor.accessTestSuiteMainPhase(TestSuiteExecutor.java:142)
	at com.kms.katalon.core.main.TestSuiteExecutor.execute(TestSuiteExecutor.java:91)
	at com.kms.katalon.core.main.TestCaseMain.startTestSuite(TestCaseMain.java:157)
	at com.kms.katalon.core.main.TestCaseMain$startTestSuite$0.call(Unknown Source)
	at TempTestSuite1579117199342.run(TempTestSuite1579117199342.groovy:36)
Caused by: com.kms.katalon.core.exception.StepFailedException: com.kms.katalon.core.webui.exception.WebElementNotFoundException: Web element with id: 'Object Repository/obj_reservation/P4P_2/span_( BK )' located by 'By.xpath: //div[@id='wrapper']/div/div/div/div/div/div/ul/li[4]/a/tab-heading/span' not found
	at com.kms.katalon.core.webui.keyword.internal.WebUIKeywordMain.stepFailed(WebUIKeywordMain.groovy:64)
	at com.kms.katalon.core.webui.keyword.builtin.VerifyElementTextKeyword$_verifyElementText_closure1.doCall(VerifyElementTextKeyword.groovy:64)
	at com.kms.katalon.core.webui.keyword.builtin.VerifyElementTextKeyword$_verifyElementText_closure1.call(VerifyElementTextKeyword.groovy)
	at com.kms.katalon.core.webui.keyword.internal.WebUIKeywordMain.runKeyword(WebUIKeywordMain.groovy:20)
	... 19 more
)
[[ATTACHMENT|/home/leonardo-arkusmty/Documents/workspaceKatalon/p4ptest/Reports/20200115_133959/ts_newReservationBoarding/20200115_133959/1579118167297.png]]]]></system-out>
         <system-err><![CDATA[2020-01-15 13:52:32 - [TEST_CASE][FAILED] - Test Cases/p4p_newReservationBoarding: Test Cases/p4p_newReservationBoarding FAILED.
Reason:
com.kms.katalon.core.exception.StepFailedException: Unable to get text of object 'Object Repository/obj_reservation/4_/span_requiresdeposit' (Root cause: com.kms.katalon.core.exception.StepFailedException: Unable to get text of object 'Object Repository/obj_reservation/4_/span_requiresdeposit'
	at com.kms.katalon.core.webui.keyword.internal.WebUIKeywordMain.stepFailed(WebUIKeywordMain.groovy:64)
	at com.kms.katalon.core.webui.keyword.internal.WebUIKeywordMain.runKeyword(WebUIKeywordMain.groovy:26)
	at com.kms.katalon.core.webui.keyword.builtin.GetTextKeyword.getText(GetTextKeyword.groovy:88)
	at com.kms.katalon.core.webui.keyword.builtin.GetTextKeyword.execute(GetTextKeyword.groovy:67)
	at com.kms.katalon.core.keyword.internal.KeywordExecutor.executeKeywordForPlatform(KeywordExecutor.groovy:60)
	at com.kms.katalon.core.webui.keyword.WebUiBuiltInKeywords.getText(WebUiBuiltInKeywords.groovy:874)
	at com.kms.katalon.core.webui.keyword.WebUiBuiltInKeywords$getText$4.call(Unknown Source)
	at p4p_newReservationBoarding.run(p4p_newReservationBoarding:152)
	at com.kms.katalon.core.main.ScriptEngine.run(ScriptEngine.java:194)
	at com.kms.katalon.core.main.ScriptEngine.runScriptAsRawText(ScriptEngine.java:119)
	at com.kms.katalon.core.main.TestCaseExecutor.runScript(TestCaseExecutor.java:337)
	at com.kms.katalon.core.main.TestCaseExecutor.doExecute(TestCaseExecutor.java:328)
	at com.kms.katalon.core.main.TestCaseExecutor.processExecutionPhase(TestCaseExecutor.java:307)
	at com.kms.katalon.core.main.TestCaseExecutor.accessMainPhase(TestCaseExecutor.java:299)
	at com.kms.katalon.core.main.TestCaseExecutor.execute(TestCaseExecutor.java:233)
	at com.kms.katalon.core.main.TestSuiteExecutor.accessTestCaseMainPhase(TestSuiteExecutor.java:169)
	at com.kms.katalon.core.main.TestSuiteExecutor.accessTestSuiteMainPhase(TestSuiteExecutor.java:142)
	at com.kms.katalon.core.main.TestSuiteExecutor.execute(TestSuiteExecutor.java:91)
	at com.kms.katalon.core.main.TestCaseMain.startTestSuite(TestCaseMain.java:157)
	at com.kms.katalon.core.main.TestCaseMain$startTestSuite$0.call(Unknown Source)
	at TempTestSuite1579117199342.run(TempTestSuite1579117199342.groovy:36)
Caused by: com.kms.katalon.core.webui.exception.WebElementNotFoundException: Web element with id: 'Object Repository/obj_reservation/4_/span_requiresdeposit' located by 'By.xpath: //div[@id='wrapper']/div/div/div[3]/fieldset/div/p4p-reservations-wizard/div/div[2]/div/overview/p4p-reservation-overview-section/div[2]/div/form/div[6]/div/p/span' not found
	at com.kms.katalon.core.webui.common.WebUiCommonHelper.findWebElement(WebUiCommonHelper.java:1113)
	at com.kms.katalon.core.webui.keyword.internal.WebUIAbstractKeyword.findWebElement(WebUIAbstractKeyword.groovy:27)
	at com.kms.katalon.core.webui.keyword.internal.WebUIAbstractKeyword.findWebElement(WebUIAbstractKeyword.groovy:26)
	at com.kms.katalon.core.webui.keyword.builtin.GetTextKeyword$_getText_closure1.doCall(GetTextKeyword.groovy:78)
	at com.kms.katalon.core.webui.keyword.builtin.GetTextKeyword$_getText_closure1.call(GetTextKeyword.groovy)
	at com.kms.katalon.core.webui.keyword.internal.WebUIKeywordMain.runKeyword(WebUIKeywordMain.groovy:20)
	at com.kms.katalon.core.webui.keyword.builtin.GetTextKeyword.getText(GetTextKeyword.groovy:88)
	at com.kms.katalon.core.webui.keyword.builtin.GetTextKeyword.execute(GetTextKeyword.groovy:67)
	at com.kms.katalon.core.keyword.internal.KeywordExecutor.executeKeywordForPlatform(KeywordExecutor.groovy:60)
	at com.kms.katalon.core.webui.keyword.WebUiBuiltInKeywords.getText(WebUiBuiltInKeywords.groovy:874)
	at com.kms.katalon.core.webui.keyword.WebUiBuiltInKeywords$getText$4.call(Unknown Source)
	at Script1576482987688.run(Script1576482987688.groovy:152)
	... 13 more
)
	at com.kms.katalon.core.keyword.internal.KeywordMain.stepFailed(KeywordMain.groovy:39)
	at com.kms.katalon.core.webui.keyword.internal.WebUIKeywordMain.stepFailed(WebUIKeywordMain.groovy:64)
	at com.kms.katalon.core.webui.keyword.internal.WebUIKeywordMain.runKeyword(WebUIKeywordMain.groovy:26)
	at com.kms.katalon.core.webui.keyword.builtin.GetTextKeyword.getText(GetTextKeyword.groovy:88)
	at com.kms.katalon.core.webui.keyword.builtin.GetTextKeyword.execute(GetTextKeyword.groovy:67)
	at com.kms.katalon.core.keyword.internal.KeywordExecutor.executeKeywordForPlatform(KeywordExecutor.groovy:60)
	at com.kms.katalon.core.webui.keyword.WebUiBuiltInKeywords.getText(WebUiBuiltInKeywords.groovy:874)
	at com.kms.katalon.core.webui.keyword.WebUiBuiltInKeywords$getText$4.call(Unknown Source)
	at p4p_newReservationBoarding.run(p4p_newReservationBoarding:152)
	at com.kms.katalon.core.main.ScriptEngine.run(ScriptEngine.java:194)
	at com.kms.katalon.core.main.ScriptEngine.runScriptAsRawText(ScriptEngine.java:119)
	at com.kms.katalon.core.main.TestCaseExecutor.runScript(TestCaseExecutor.java:337)
	at com.kms.katalon.core.main.TestCaseExecutor.doExecute(TestCaseExecutor.java:328)
	at com.kms.katalon.core.main.TestCaseExecutor.processExecutionPhase(TestCaseExecutor.java:307)
	at com.kms.katalon.core.main.TestCaseExecutor.accessMainPhase(TestCaseExecutor.java:299)
	at com.kms.katalon.core.main.TestCaseExecutor.execute(TestCaseExecutor.java:233)
	at com.kms.katalon.core.main.TestSuiteExecutor.accessTestCaseMainPhase(TestSuiteExecutor.java:169)
	at com.kms.katalon.core.main.TestSuiteExecutor.accessTestSuiteMainPhase(TestSuiteExecutor.java:142)
	at com.kms.katalon.core.main.TestSuiteExecutor.execute(TestSuiteExecutor.java:91)
	at com.kms.katalon.core.main.TestCaseMain.startTestSuite(TestCaseMain.java:157)
	at com.kms.katalon.core.main.TestCaseMain$startTestSuite$0.call(Unknown Source)
	at TempTestSuite1579117199342.run(TempTestSuite1579117199342.groovy:36)
Caused by: com.kms.katalon.core.exception.StepFailedException: Unable to get text of object 'Object Repository/obj_reservation/4_/span_requiresdeposit'
	... 21 more
Caused by: com.kms.katalon.core.webui.exception.WebElementNotFoundException: Web element with id: 'Object Repository/obj_reservation/4_/span_requiresdeposit' located by 'By.xpath: //div[@id='wrapper']/div/div/div[3]/fieldset/div/p4p-reservations-wizard/div/div[2]/div/overview/p4p-reservation-overview-section/div[2]/div/form/div[6]/div/p/span' not found
	at com.kms.katalon.core.webui.common.WebUiCommonHelper.findWebElement(WebUiCommonHelper.java:1113)
	at com.kms.katalon.core.webui.keyword.internal.WebUIAbstractKeyword.findWebElement(WebUIAbstractKeyword.groovy:27)
	at com.kms.katalon.core.webui.keyword.internal.WebUIAbstractKeyword.findWebElement(WebUIAbstractKeyword.groovy:26)
	at com.kms.katalon.core.webui.keyword.builtin.GetTextKeyword$_getText_closure1.doCall(GetTextKeyword.groovy:78)
	at com.kms.katalon.core.webui.keyword.builtin.GetTextKeyword$_getText_closure1.call(GetTextKeyword.groovy)
	at com.kms.katalon.core.webui.keyword.internal.WebUIKeywordMain.runKeyword(WebUIKeywordMain.groovy:20)
	... 19 more]]></system-err>
      </testcase>
      <testcase name="Test Cases/p4p_newReservationBoarding" time="185.621" classname="Test Cases/p4p_newReservationBoarding" status="FAILED">
         <failure type="FAILED" message="Test Cases/p4p_newReservationBoarding FAILED.
Reason:
com.kms.katalon.core.exception.StepFailedException: Verify element text of test object 'Object Repository/obj_reservation/P4P_2/span_( BK )' FAILED.
	at com.kms.katalon.core.webui.keyword.internal.WebUIKeywordMain.stepFailed(WebUIKeywordMain.groovy:64)
	at com.kms.katalon.core.webui.keyword.internal.WebUIKeywordMain.runKeyword(WebUIKeywordMain.groovy:26)
	at com.kms.katalon.core.webui.keyword.builtin.VerifyElementTextKeyword.verifyElementText(VerifyElementTextKeyword.groovy:72)
	at com.kms.katalon.core.webui.keyword.builtin.VerifyElementTextKeyword.execute(VerifyElementTextKeyword.groovy:40)
	at com.kms.katalon.core.keyword.internal.KeywordExecutor.executeKeywordForPlatform(KeywordExecutor.groovy:60)
	at com.kms.katalon.core.webui.keyword.WebUiBuiltInKeywords.verifyElementText(WebUiBuiltInKeywords.groovy:3647)
	at com.kms.katalon.core.webui.keyword.WebUiBuiltInKeywords$verifyElementText$6.call(Unknown Source)
	at p4p_newReservationBoarding.run(p4p_newReservationBoarding:236)
	at com.kms.katalon.core.main.ScriptEngine.run(ScriptEngine.java:194)
	at com.kms.katalon.core.main.ScriptEngine.runScriptAsRawText(ScriptEngine.java:119)
	at com.kms.katalon.core.main.TestCaseExecutor.runScript(TestCaseExecutor.java:337)
	at com.kms.katalon.core.main.TestCaseExecutor.doExecute(TestCaseExecutor.java:328)
	at com.kms.katalon.core.main.TestCaseExecutor.processExecutionPhase(TestCaseExecutor.java:307)
	at com.kms.katalon.core.main.TestCaseExecutor.accessMainPhase(TestCaseExecutor.java:299)
	at com.kms.katalon.core.main.TestCaseExecutor.execute(TestCaseExecutor.java:233)
	at com.kms.katalon.core.main.TestSuiteExecutor.accessTestCaseMainPhase(TestSuiteExecutor.java:169)
	at com.kms.katalon.core.main.TestSuiteExecutor.accessTestSuiteMainPhase(TestSuiteExecutor.java:142)
	at com.kms.katalon.core.main.TestSuiteExecutor.execute(TestSuiteExecutor.java:91)
	at com.kms.katalon.core.main.TestCaseMain.startTestSuite(TestCaseMain.java:157)
	at com.kms.katalon.core.main.TestCaseMain$startTestSuite$0.call(Unknown Source)
	at TempTestSuite1579117199342.run(TempTestSuite1579117199342.groovy:36)
Caused by: com.kms.katalon.core.exception.StepFailedException: com.kms.katalon.core.webui.exception.WebElementNotFoundException: Web element with id: 'Object Repository/obj_reservation/P4P_2/span_( BK )' located by 'By.xpath: //div[@id='wrapper']/div/div/div/div/div/div/ul/li[4]/a/tab-heading/span' not found
	at com.kms.katalon.core.webui.keyword.internal.WebUIKeywordMain.stepFailed(WebUIKeywordMain.groovy:64)
	at com.kms.katalon.core.webui.keyword.builtin.VerifyElementTextKeyword$_verifyElementText_closure1.doCall(VerifyElementTextKeyword.groovy:64)
	at com.kms.katalon.core.webui.keyword.builtin.VerifyElementTextKeyword$_verifyElementText_closure1.call(VerifyElementTextKeyword.groovy)
	at com.kms.katalon.core.webui.keyword.internal.WebUIKeywordMain.runKeyword(WebUIKeywordMain.groovy:20)
	... 19 more
"/>
         <system-out><![CDATA[2020-01-15 13:56:07 - [TEST_CASE][FAILED] - Test Cases/p4p_newReservationBoarding: Test Cases/p4p_newReservationBoarding FAILED.
Reason:
com.kms.katalon.core.exception.StepFailedException: Verify element text of test object 'Object Repository/obj_reservation/P4P_2/span_( BK )' FAILED.
	at com.kms.katalon.core.webui.keyword.internal.WebUIKeywordMain.stepFailed(WebUIKeywordMain.groovy:64)
	at com.kms.katalon.core.webui.keyword.internal.WebUIKeywordMain.runKeyword(WebUIKeywordMain.groovy:26)
	at com.kms.katalon.core.webui.keyword.builtin.VerifyElementTextKeyword.verifyElementText(VerifyElementTextKeyword.groovy:72)
	at com.kms.katalon.core.webui.keyword.builtin.VerifyElementTextKeyword.execute(VerifyElementTextKeyword.groovy:40)
	at com.kms.katalon.core.keyword.internal.KeywordExecutor.executeKeywordForPlatform(KeywordExecutor.groovy:60)
	at com.kms.katalon.core.webui.keyword.WebUiBuiltInKeywords.verifyElementText(WebUiBuiltInKeywords.groovy:3647)
	at com.kms.katalon.core.webui.keyword.WebUiBuiltInKeywords$verifyElementText$6.call(Unknown Source)
	at p4p_newReservationBoarding.run(p4p_newReservationBoarding:236)
	at com.kms.katalon.core.main.ScriptEngine.run(ScriptEngine.java:194)
	at com.kms.katalon.core.main.ScriptEngine.runScriptAsRawText(ScriptEngine.java:119)
	at com.kms.katalon.core.main.TestCaseExecutor.runScript(TestCaseExecutor.java:337)
	at com.kms.katalon.core.main.TestCaseExecutor.doExecute(TestCaseExecutor.java:328)
	at com.kms.katalon.core.main.TestCaseExecutor.processExecutionPhase(TestCaseExecutor.java:307)
	at com.kms.katalon.core.main.TestCaseExecutor.accessMainPhase(TestCaseExecutor.java:299)
	at com.kms.katalon.core.main.TestCaseExecutor.execute(TestCaseExecutor.java:233)
	at com.kms.katalon.core.main.TestSuiteExecutor.accessTestCaseMainPhase(TestSuiteExecutor.java:169)
	at com.kms.katalon.core.main.TestSuiteExecutor.accessTestSuiteMainPhase(TestSuiteExecutor.java:142)
	at com.kms.katalon.core.main.TestSuiteExecutor.execute(TestSuiteExecutor.java:91)
	at com.kms.katalon.core.main.TestCaseMain.startTestSuite(TestCaseMain.java:157)
	at com.kms.katalon.core.main.TestCaseMain$startTestSuite$0.call(Unknown Source)
	at TempTestSuite1579117199342.run(TempTestSuite1579117199342.groovy:36)
Caused by: com.kms.katalon.core.exception.StepFailedException: com.kms.katalon.core.webui.exception.WebElementNotFoundException: Web element with id: 'Object Repository/obj_reservation/P4P_2/span_( BK )' located by 'By.xpath: //div[@id='wrapper']/div/div/div/div/div/div/ul/li[4]/a/tab-heading/span' not found
	at com.kms.katalon.core.webui.keyword.internal.WebUIKeywordMain.stepFailed(WebUIKeywordMain.groovy:64)
	at com.kms.katalon.core.webui.keyword.builtin.VerifyElementTextKeyword$_verifyElementText_closure1.doCall(VerifyElementTextKeyword.groovy:64)
	at com.kms.katalon.core.webui.keyword.builtin.VerifyElementTextKeyword$_verifyElementText_closure1.call(VerifyElementTextKeyword.groovy)
	at com.kms.katalon.core.webui.keyword.internal.WebUIKeywordMain.runKeyword(WebUIKeywordMain.groovy:20)
	... 19 more


2020-01-15 13:56:07 - [TEST_STEP][PASSED] - flagBoar = "0": null

2020-01-15 13:56:07 - [TEST_STEP][PASSED] - log = new com.kms.katalon.core.logging.KeywordLogger(): null

2020-01-15 13:56:07 - [TEST_STEP][PASSED] - fisNewRes = new java.io.FileInputStream(/home/leonardo-arkusmty/Desktop/P4P/DATA_AUTOMATINTESTING/data_1newReservationBoarding.xlsx): null

2020-01-15 13:56:07 - [TEST_STEP][PASSED] - fisInv = new java.io.FileInputStream(/home/leonardo-arkusmty/Desktop/P4P/DATA_AUTOMATINTESTING/data_3Invoices.xlsx): null

2020-01-15 13:56:07 - [TEST_STEP][PASSED] - workbookNewRes = new org.apache.poi.xssf.usermodel.XSSFWorkbook(fisNewRes): null

2020-01-15 13:56:07 - [TEST_STEP][PASSED] - workbookInv = new org.apache.poi.xssf.usermodel.XSSFWorkbook(fisInv): null

2020-01-15 13:56:07 - [TEST_STEP][PASSED] - sheetNewRes = workbookNewRes.getSheet("Sheet1"): null

2020-01-15 13:56:07 - [TEST_STEP][PASSED] - sheetInv = workbookInv.getSheet("Sheet1"): null

2020-01-15 13:56:07 - [TEST_STEP][PASSED] - rowCount = var_row: null

2020-01-15 13:56:07 - [TEST_STEP][PASSED] - var = Integer.parseInt(var_idRowRes): null

2020-01-15 13:56:07 - [TEST_STEP][PASSED] - rowNewRes = sheetNewRes.getRow(var): null

2020-01-15 13:56:07 - [TEST_STEP][PASSED] - rowInv = sheetInv.getRow(var): null

2020-01-15 13:56:07 - [TEST_STEP][PASSED] - today = new java.util.Date(): null

2020-01-15 13:56:07 - [TEST_STEP][PASSED] - todaysDate1 = today.format("yyyy"): null

2020-01-15 13:56:07 - [TEST_STEP][PASSED] - todaysDate2 = today.format("mm"): null

2020-01-15 13:56:07 - [TEST_STEP][PASSED] - todaysDate3 = today.format("dd"): null

2020-01-15 13:56:07 - [TEST_STEP][PASSED] - todaysDate4 = today.format("mmm/dd/yyyy"): null

2020-01-15 13:56:07 - [TEST_STEP][PASSED] - todaysDate5 = today.format("dd/mm/yyyy"): null

2020-01-15 13:56:07 - [TEST_STEP][PASSED] - nowTime = today.format("hhmm"): null

2020-01-15 13:56:07 - [TEST_STEP][PASSED] - dateCI = var_checkinD.split(","): null

2020-01-15 13:56:07 - [TEST_STEP][PASSED] - dateCO = var_checkoutD.split(","): null

2020-01-15 13:56:07 - [TEST_STEP][PASSED] - arryPets = var_pets.split(","): null

2020-01-15 13:56:07 - [TEST_STEP][PASSED] - openBrowser("https://p4p-qa-bg.aws.paradise4paws.com/login/"): Browser is opened with url: 'https://p4p-qa-bg.aws.paradise4paws.com/login/'

2020-01-15 13:56:07 - [MESSAGE][WARNING] - A browser is already opened. Closing browser and opening a new one

2020-01-15 13:56:07 - [MESSAGE][INFO] - Starting 'Chrome' driver

2020-01-15 13:56:10 - [MESSAGE][PASSED] - Browser is opened with url: 'https://p4p-qa-bg.aws.paradise4paws.com/login/'

2020-01-15 13:56:10 - [TEST_STEP][PASSED] - maximizeWindow(): Current window maximized

2020-01-15 13:56:10 - [MESSAGE][PASSED] - Current window maximized

2020-01-15 13:56:10 - [TEST_STEP][PASSED] - setText(findTestObject("obj_login/input_user"), var_user): Text 'jegchavez@gmail.com' is set on object 'Object Repository/obj_login/input_user'

2020-01-15 13:56:11 - [MESSAGE][PASSED] - Text 'jegchavez@gmail.com' is set on object 'Object Repository/obj_login/input_user'

2020-01-15 13:56:11 - [TEST_STEP][PASSED] - setText(findTestObject("obj_login/input_pass"), var_pass): Text 'admin1' is set on object 'Object Repository/obj_login/input_pass'

2020-01-15 13:56:11 - [MESSAGE][PASSED] - Text 'admin1' is set on object 'Object Repository/obj_login/input_pass'

2020-01-15 13:56:11 - [TEST_STEP][PASSED] - delay(1): Delayed 1 second(s)

2020-01-15 13:56:12 - [MESSAGE][PASSED] - Delayed 1 second(s)

2020-01-15 13:56:12 - [TEST_STEP][PASSED] - verifyElementClickable(findTestObject("obj_login/btn_login")): Object 'Object Repository/obj_login/btn_login' is clickable

2020-01-15 13:56:12 - [MESSAGE][PASSED] - Object 'Object Repository/obj_login/btn_login' is clickable

2020-01-15 13:56:12 - [TEST_STEP][PASSED] - click(findTestObject("obj_login/btn_login")): Object: 'Object Repository/obj_login/btn_login' is clicked on

2020-01-15 13:56:13 - [MESSAGE][PASSED] - Object: 'Object Repository/obj_login/btn_login' is clicked on

2020-01-15 13:56:13 - [TEST_STEP][PASSED] - delay(1): Delayed 1 second(s)

2020-01-15 13:56:14 - [MESSAGE][PASSED] - Delayed 1 second(s)

2020-01-15 13:56:14 - [TEST_STEP][PASSED] - setText(findTestObject("obj_dashboard_emp/input_search"), var_searchParent): Text 'katalon 1' is set on object 'Object Repository/obj_dashboard_emp/input_search'

2020-01-15 13:56:15 - [MESSAGE][PASSED] - Text 'katalon 1' is set on object 'Object Repository/obj_dashboard_emp/input_search'

2020-01-15 13:56:15 - [TEST_STEP][PASSED] - click(findTestObject("obj_dashboard_emp/btn_accountSearch")): Object: 'Object Repository/obj_dashboard_emp/btn_accountSearch' is clicked on

2020-01-15 13:56:16 - [MESSAGE][PASSED] - Object: 'Object Repository/obj_dashboard_emp/btn_accountSearch' is clicked on

2020-01-15 13:56:16 - [TEST_STEP][PASSED] - delay(1): Delayed 1 second(s)

2020-01-15 13:56:17 - [MESSAGE][PASSED] - Delayed 1 second(s)

2020-01-15 13:56:17 - [TEST_STEP][PASSED] - click(findTestObject("obj_accountInformation/a_TEST GABRIEL PROD")): Object: 'Object Repository/obj_accountInformation/a_TEST GABRIEL PROD' is clicked on

2020-01-15 13:56:18 - [MESSAGE][PASSED] - Object: 'Object Repository/obj_accountInformation/a_TEST GABRIEL PROD' is clicked on

2020-01-15 13:56:18 - [TEST_STEP][PASSED] - delay(1): Delayed 1 second(s)

2020-01-15 13:56:19 - [MESSAGE][PASSED] - Delayed 1 second(s)

2020-01-15 13:56:19 - [TEST_STEP][PASSED] - click(findTestObject("obj_profile/a_addReservation")): Object: 'Object Repository/obj_profile/a_addReservation' is clicked on

2020-01-15 13:56:22 - [MESSAGE][PASSED] - Object: 'Object Repository/obj_profile/a_addReservation' is clicked on

2020-01-15 13:56:22 - [TEST_STEP][PASSED] - delay(1): Delayed 1 second(s)

2020-01-15 13:56:23 - [MESSAGE][PASSED] - Delayed 1 second(s)

2020-01-15 13:56:23 - [TEST_STEP][PASSED] - click(findTestObject("obj_reservation/4_/btn_Boarding")): Object: 'Object Repository/obj_reservation/4_/btn_Boarding' is clicked on

2020-01-15 13:56:24 - [MESSAGE][PASSED] - Object: 'Object Repository/obj_reservation/4_/btn_Boarding' is clicked on

2020-01-15 13:56:24 - [TEST_STEP][PASSED] - flagBoar = "1": null

2020-01-15 13:56:24 - [TEST_STEP][PASSED] - click(findTestObject("obj_reservation/4_/i_location")): Object: 'Object Repository/obj_reservation/4_/i_location' is clicked on

2020-01-15 13:56:26 - [MESSAGE][PASSED] - Object: 'Object Repository/obj_reservation/4_/i_location' is clicked on

2020-01-15 13:56:26 - [TEST_STEP][PASSED] - delay(1): Delayed 1 second(s)

2020-01-15 13:56:27 - [MESSAGE][PASSED] - Delayed 1 second(s)

2020-01-15 13:56:27 - [TEST_STEP][PASSED] - click(findTestObject("obj_reservation/2_facility/i_" + var_idFacility + "_facility")): Object: 'Object Repository/obj_reservation/2_facility/i_3_facility' is clicked on

2020-01-15 13:56:28 - [MESSAGE][PASSED] - Object: 'Object Repository/obj_reservation/2_facility/i_3_facility' is clicked on

2020-01-15 13:56:28 - [TEST_STEP][PASSED] - delay(1): Delayed 1 second(s)

2020-01-15 13:56:29 - [MESSAGE][PASSED] - Delayed 1 second(s)

2020-01-15 13:56:29 - [TEST_STEP][PASSED] - click(findTestObject("obj_reservation/4_/dateCheckIn")): Object: 'Object Repository/obj_reservation/4_/dateCheckIn' is clicked on

2020-01-15 13:56:31 - [MESSAGE][PASSED] - Object: 'Object Repository/obj_reservation/4_/dateCheckIn' is clicked on

2020-01-15 13:56:31 - [TEST_STEP][PASSED] - delay(1): Delayed 1 second(s)

2020-01-15 13:56:32 - [MESSAGE][PASSED] - Delayed 1 second(s)

2020-01-15 13:56:32 - [TEST_STEP][PASSED] - click(findTestObject("obj_reservation/3_date2020/0120/CI/button_" + dateCI[0] + "01_ci")): Object: 'Object Repository/obj_reservation/3_date2020/0120/CI/button_0301_ci' is clicked on

2020-01-15 13:56:32 - [MESSAGE][PASSED] - Object: 'Object Repository/obj_reservation/3_date2020/0120/CI/button_0301_ci' is clicked on

2020-01-15 13:56:32 - [TEST_STEP][PASSED] - if (flagBoar == "1"): Object: 'Object Repository/obj_reservation/3_date2020/0120/CO/button_0401_co' is clicked on

2020-01-15 13:56:32 - [TEST_STEP][PASSED] - click(findTestObject("obj_reservation/4_/dateCheckOut")): Object: 'Object Repository/obj_reservation/4_/dateCheckOut' is clicked on

2020-01-15 13:56:33 - [MESSAGE][PASSED] - Object: 'Object Repository/obj_reservation/4_/dateCheckOut' is clicked on

2020-01-15 13:56:33 - [TEST_STEP][PASSED] - delay(1): Delayed 1 second(s)

2020-01-15 13:56:34 - [MESSAGE][PASSED] - Delayed 1 second(s)

2020-01-15 13:56:34 - [TEST_STEP][PASSED] - click(findTestObject("obj_reservation/3_date2020/0120/CO/button_" + dateCO[0] + "01_co")): Object: 'Object Repository/obj_reservation/3_date2020/0120/CO/button_0401_co' is clicked on

2020-01-15 13:56:34 - [MESSAGE][PASSED] - Object: 'Object Repository/obj_reservation/3_date2020/0120/CO/button_0401_co' is clicked on

2020-01-15 13:56:34 - [TEST_STEP][PASSED] - if (var_checkinT.size() == 1): null

2020-01-15 13:56:34 - [TEST_STEP][PASSED] - if (var_checkinT.size() == 2): null

2020-01-15 13:56:34 - [TEST_STEP][PASSED] - if (var_checkinT.size() == 3): null

2020-01-15 13:56:34 - [TEST_STEP][PASSED] - var_checkinT = "0" + var_checkinT: null

2020-01-15 13:56:34 - [TEST_STEP][PASSED] - click(findTestObject("obj_reservation/4_/timeCheckin")): Object: 'Object Repository/obj_reservation/4_/timeCheckin' is clicked on

2020-01-15 13:56:35 - [MESSAGE][PASSED] - Object: 'Object Repository/obj_reservation/4_/timeCheckin' is clicked on

2020-01-15 13:56:35 - [TEST_STEP][PASSED] - click(findTestObject("obj_reservation/0_horas/CI/time_" + var_checkinT + "_ci")): Object: 'Object Repository/obj_reservation/0_horas/CI/time_0800_ci' is clicked on

2020-01-15 13:56:36 - [MESSAGE][PASSED] - Object: 'Object Repository/obj_reservation/0_horas/CI/time_0800_ci' is clicked on

2020-01-15 13:56:36 - [TEST_STEP][PASSED] - click(findTestObject("obj_reservation/4_/timeCheckOut")): Object: 'Object Repository/obj_reservation/4_/timeCheckOut' is clicked on

2020-01-15 13:56:37 - [MESSAGE][PASSED] - Object: 'Object Repository/obj_reservation/4_/timeCheckOut' is clicked on

2020-01-15 13:56:37 - [TEST_STEP][PASSED] - click(findTestObject("obj_reservation/0_horas/CO/time_" + var_checkoutT + "_co")): Object: 'Object Repository/obj_reservation/0_horas/CO/time_1130_co' is clicked on

2020-01-15 13:56:37 - [MESSAGE][PASSED] - Object: 'Object Repository/obj_reservation/0_horas/CO/time_1130_co' is clicked on

2020-01-15 13:56:37 - [TEST_STEP][PASSED] - delay(2): Delayed 2 second(s)

2020-01-15 13:56:39 - [MESSAGE][PASSED] - Delayed 2 second(s)

2020-01-15 13:56:39 - [TEST_STEP][PASSED] - if (arryPets.size() == 1): null

2020-01-15 13:56:39 - [TEST_STEP][PASSED] - else if (arryPets.size() == 2): null

2020-01-15 13:56:39 - [TEST_STEP][PASSED] - else if (arryPets.size() == 3): Object: 'Object Repository/obj_reservation/4_/div_Athena' is clicked on

2020-01-15 13:56:39 - [TEST_STEP][PASSED] - click(findTestObject("obj_reservation/P4P_5/div_Ares")): Object: 'Object Repository/obj_reservation/P4P_5/div_Ares' is clicked on

2020-01-15 13:56:40 - [MESSAGE][PASSED] - Object: 'Object Repository/obj_reservation/P4P_5/div_Ares' is clicked on

2020-01-15 13:56:40 - [TEST_STEP][PASSED] - click(findTestObject("obj_reservation/4_/div_Zeus")): Object: 'Object Repository/obj_reservation/4_/div_Zeus' is clicked on

2020-01-15 13:56:45 - [MESSAGE][PASSED] - Object: 'Object Repository/obj_reservation/4_/div_Zeus' is clicked on

2020-01-15 13:56:45 - [TEST_STEP][PASSED] - click(findTestObject("obj_reservation/4_/div_Athena")): Object: 'Object Repository/obj_reservation/4_/div_Athena' is clicked on

2020-01-15 13:56:50 - [MESSAGE][PASSED] - Object: 'Object Repository/obj_reservation/4_/div_Athena' is clicked on

2020-01-15 13:56:50 - [TEST_STEP][PASSED] - stringDeposit = getText(findTestObject("obj_reservation/4_/span_requiresdeposit"), CONTINUE_ON_FAILURE): Text of object 'Object Repository/obj_reservation/4_/span_requiresdeposit' is: 'You are making a reservation for a special period of time that may have special pricing and requires a deposit. (12/20/2019 - 01/05/2020)'

2020-01-15 13:56:55 - [MESSAGE][PASSED] - Text of object 'Object Repository/obj_reservation/4_/span_requiresdeposit' is: 'You are making a reservation for a special period of time that may have special pricing and requires a deposit. (12/20/2019 - 01/05/2020)'

2020-01-15 13:56:55 - [TEST_STEP][PASSED] - varHoliday = 0: null

2020-01-15 13:56:55 - [TEST_STEP][PASSED] - if (stringDeposit != null): null

2020-01-15 13:56:55 - [TEST_STEP][PASSED] - varHoliday = 1: null

2020-01-15 13:56:55 - [TEST_STEP][PASSED] - try: Object: 'Object Repository/obj_reservation/4_/div_suite_rad_deluxe' is clicked on

2020-01-15 13:56:55 - [TEST_STEP][PASSED] - click(findTestObject("obj_reservation/4_/div_suite_rad_deluxe")): Object: 'Object Repository/obj_reservation/4_/div_suite_rad_deluxe' is clicked on

2020-01-15 13:56:56 - [MESSAGE][PASSED] - Object: 'Object Repository/obj_reservation/4_/div_suite_rad_deluxe' is clicked on

2020-01-15 13:56:56 - [TEST_STEP][PASSED] - click(findTestObject("obj_reservation/4_/btn_next2")): Object: 'Object Repository/obj_reservation/4_/btn_next2' is clicked on

2020-01-15 13:56:57 - [MESSAGE][PASSED] - Object: 'Object Repository/obj_reservation/4_/btn_next2' is clicked on

2020-01-15 13:56:57 - [TEST_STEP][PASSED] - delay(1): Delayed 1 second(s)

2020-01-15 13:56:58 - [MESSAGE][PASSED] - Delayed 1 second(s)

2020-01-15 13:56:58 - [TEST_STEP][PASSED] - delay(1): Delayed 1 second(s)

2020-01-15 13:56:59 - [MESSAGE][PASSED] - Delayed 1 second(s)

2020-01-15 13:56:59 - [TEST_STEP][PASSED] - click(findTestObject("obj_reservation/4_/btn_next2")): Object: 'Object Repository/obj_reservation/4_/btn_next2' is clicked on

2020-01-15 13:56:59 - [MESSAGE][PASSED] - Object: 'Object Repository/obj_reservation/4_/btn_next2' is clicked on

2020-01-15 13:56:59 - [TEST_STEP][PASSED] - delay(1): Delayed 1 second(s)

2020-01-15 13:57:00 - [MESSAGE][PASSED] - Delayed 1 second(s)

2020-01-15 13:57:00 - [TEST_STEP][PASSED] - click(findTestObject("obj_reservation/4_/button_Submit Reservation")): Object: 'Object Repository/obj_reservation/4_/button_Submit Reservation' is clicked on

2020-01-15 13:57:02 - [MESSAGE][PASSED] - Object: 'Object Repository/obj_reservation/4_/button_Submit Reservation' is clicked on

2020-01-15 13:57:02 - [TEST_STEP][PASSED] - delay(1): Delayed 1 second(s)

2020-01-15 13:57:03 - [MESSAGE][PASSED] - Delayed 1 second(s)

2020-01-15 13:57:03 - [TEST_STEP][PASSED] - if (flagBoar == "2" && var_repeatingEvery == "Daily" || var_repeatingEvery == "Monthly" || var_repeatingEvery == "Weekly"): null

2020-01-15 13:57:03 - [TEST_STEP][FAILED] - else: null

2020-01-15 13:57:03 - [TEST_STEP][PASSED] - delay(2): Delayed 2 second(s)

2020-01-15 13:57:05 - [MESSAGE][PASSED] - Delayed 2 second(s)

2020-01-15 13:57:05 - [TEST_STEP][FAILED] - try: Unable to click on object 'Object Repository/obj_reservation/4_/button_Return To Reservation' (Root cause: com.kms.katalon.core.exception.StepFailedException: Unable to click on object 'Object Repository/obj_reservation/4_/button_Return To Reservation'
	at com.kms.katalon.core.webui.keyword.internal.WebUIKeywordMain.stepFailed(WebUIKeywordMain.groovy:64)
	at com.kms.katalon.core.webui.keyword.internal.WebUIKeywordMain.runKeyword(WebUIKeywordMain.groovy:26)
	at com.kms.katalon.core.webui.keyword.builtin.ClickKeyword.click(ClickKeyword.groovy:99)
	at com.kms.katalon.core.webui.keyword.builtin.ClickKeyword.execute(ClickKeyword.groovy:43)
	at com.kms.katalon.core.keyword.internal.KeywordExecutor.executeKeywordForPlatform(KeywordExecutor.groovy:60)
	at com.kms.katalon.core.webui.keyword.WebUiBuiltInKeywords.click(WebUiBuiltInKeywords.groovy:616)
	at com.kms.katalon.core.webui.keyword.WebUiBuiltInKeywords$click$3.call(Unknown Source)
	at p4p_newReservationBoarding.run(p4p_newReservationBoarding:210)
	at com.kms.katalon.core.main.ScriptEngine.run(ScriptEngine.java:194)
	at com.kms.katalon.core.main.ScriptEngine.runScriptAsRawText(ScriptEngine.java:119)
	at com.kms.katalon.core.main.TestCaseExecutor.runScript(TestCaseExecutor.java:337)
	at com.kms.katalon.core.main.TestCaseExecutor.doExecute(TestCaseExecutor.java:328)
	at com.kms.katalon.core.main.TestCaseExecutor.processExecutionPhase(TestCaseExecutor.java:307)
	at com.kms.katalon.core.main.TestCaseExecutor.accessMainPhase(TestCaseExecutor.java:299)
	at com.kms.katalon.core.main.TestCaseExecutor.execute(TestCaseExecutor.java:233)
	at com.kms.katalon.core.main.TestSuiteExecutor.accessTestCaseMainPhase(TestSuiteExecutor.java:169)
	at com.kms.katalon.core.main.TestSuiteExecutor.accessTestSuiteMainPhase(TestSuiteExecutor.java:142)
	at com.kms.katalon.core.main.TestSuiteExecutor.execute(TestSuiteExecutor.java:91)
	at com.kms.katalon.core.main.TestCaseMain.startTestSuite(TestCaseMain.java:157)
	at com.kms.katalon.core.main.TestCaseMain$startTestSuite$0.call(Unknown Source)
	at TempTestSuite1579117199342.run(TempTestSuite1579117199342.groovy:36)
Caused by: com.kms.katalon.core.webui.exception.WebElementNotFoundException: Web element with id: 'Object Repository/obj_reservation/4_/button_Return To Reservation' located by 'By.xpath: (//button[@type='button'])[13]' not found
	at com.kms.katalon.core.webui.common.WebUiCommonHelper.findWebElement(WebUiCommonHelper.java:1113)
	at com.kms.katalon.core.webui.keyword.internal.WebUIAbstractKeyword.findWebElement(WebUIAbstractKeyword.groovy:27)
	at com.kms.katalon.core.webui.keyword.internal.WebUIAbstractKeyword.findWebElement(WebUIAbstractKeyword.groovy:26)
	at com.kms.katalon.core.webui.keyword.builtin.ClickKeyword$_click_closure1.doCall(ClickKeyword.groovy:68)
	at com.kms.katalon.core.webui.keyword.builtin.ClickKeyword$_click_closure1.call(ClickKeyword.groovy)
	at com.kms.katalon.core.webui.keyword.internal.WebUIKeywordMain.runKeyword(WebUIKeywordMain.groovy:20)
	at com.kms.katalon.core.webui.keyword.builtin.ClickKeyword.click(ClickKeyword.groovy:99)
	at com.kms.katalon.core.webui.keyword.builtin.ClickKeyword.execute(ClickKeyword.groovy:43)
	at com.kms.katalon.core.keyword.internal.KeywordExecutor.executeKeywordForPlatform(KeywordExecutor.groovy:60)
	at com.kms.katalon.core.webui.keyword.WebUiBuiltInKeywords.click(WebUiBuiltInKeywords.groovy:616)
	at com.kms.katalon.core.webui.keyword.WebUiBuiltInKeywords$click$3.call(Unknown Source)
	at Script1576482987688.run(Script1576482987688.groovy:210)
	... 13 more
)

2020-01-15 13:57:05 - [TEST_STEP][FAILED] - click(findTestObject("obj_reservation/4_/button_Return To Reservation")): Unable to click on object 'Object Repository/obj_reservation/4_/button_Return To Reservation' (Root cause: com.kms.katalon.core.exception.StepFailedException: Unable to click on object 'Object Repository/obj_reservation/4_/button_Return To Reservation'
	at com.kms.katalon.core.webui.keyword.internal.WebUIKeywordMain.stepFailed(WebUIKeywordMain.groovy:64)
	at com.kms.katalon.core.webui.keyword.internal.WebUIKeywordMain.runKeyword(WebUIKeywordMain.groovy:26)
	at com.kms.katalon.core.webui.keyword.builtin.ClickKeyword.click(ClickKeyword.groovy:99)
	at com.kms.katalon.core.webui.keyword.builtin.ClickKeyword.execute(ClickKeyword.groovy:43)
	at com.kms.katalon.core.keyword.internal.KeywordExecutor.executeKeywordForPlatform(KeywordExecutor.groovy:60)
	at com.kms.katalon.core.webui.keyword.WebUiBuiltInKeywords.click(WebUiBuiltInKeywords.groovy:616)
	at com.kms.katalon.core.webui.keyword.WebUiBuiltInKeywords$click$3.call(Unknown Source)
	at p4p_newReservationBoarding.run(p4p_newReservationBoarding:210)
	at com.kms.katalon.core.main.ScriptEngine.run(ScriptEngine.java:194)
	at com.kms.katalon.core.main.ScriptEngine.runScriptAsRawText(ScriptEngine.java:119)
	at com.kms.katalon.core.main.TestCaseExecutor.runScript(TestCaseExecutor.java:337)
	at com.kms.katalon.core.main.TestCaseExecutor.doExecute(TestCaseExecutor.java:328)
	at com.kms.katalon.core.main.TestCaseExecutor.processExecutionPhase(TestCaseExecutor.java:307)
	at com.kms.katalon.core.main.TestCaseExecutor.accessMainPhase(TestCaseExecutor.java:299)
	at com.kms.katalon.core.main.TestCaseExecutor.execute(TestCaseExecutor.java:233)
	at com.kms.katalon.core.main.TestSuiteExecutor.accessTestCaseMainPhase(TestSuiteExecutor.java:169)
	at com.kms.katalon.core.main.TestSuiteExecutor.accessTestSuiteMainPhase(TestSuiteExecutor.java:142)
	at com.kms.katalon.core.main.TestSuiteExecutor.execute(TestSuiteExecutor.java:91)
	at com.kms.katalon.core.main.TestCaseMain.startTestSuite(TestCaseMain.java:157)
	at com.kms.katalon.core.main.TestCaseMain$startTestSuite$0.call(Unknown Source)
	at TempTestSuite1579117199342.run(TempTestSuite1579117199342.groovy:36)
Caused by: com.kms.katalon.core.webui.exception.WebElementNotFoundException: Web element with id: 'Object Repository/obj_reservation/4_/button_Return To Reservation' located by 'By.xpath: (//button[@type='button'])[13]' not found
	at com.kms.katalon.core.webui.common.WebUiCommonHelper.findWebElement(WebUiCommonHelper.java:1113)
	at com.kms.katalon.core.webui.keyword.internal.WebUIAbstractKeyword.findWebElement(WebUIAbstractKeyword.groovy:27)
	at com.kms.katalon.core.webui.keyword.internal.WebUIAbstractKeyword.findWebElement(WebUIAbstractKeyword.groovy:26)
	at com.kms.katalon.core.webui.keyword.builtin.ClickKeyword$_click_closure1.doCall(ClickKeyword.groovy:68)
	at com.kms.katalon.core.webui.keyword.builtin.ClickKeyword$_click_closure1.call(ClickKeyword.groovy)
	at com.kms.katalon.core.webui.keyword.internal.WebUIKeywordMain.runKeyword(WebUIKeywordMain.groovy:20)
	at com.kms.katalon.core.webui.keyword.builtin.ClickKeyword.click(ClickKeyword.groovy:99)
	at com.kms.katalon.core.webui.keyword.builtin.ClickKeyword.execute(ClickKeyword.groovy:43)
	at com.kms.katalon.core.keyword.internal.KeywordExecutor.executeKeywordForPlatform(KeywordExecutor.groovy:60)
	at com.kms.katalon.core.webui.keyword.WebUiBuiltInKeywords.click(WebUiBuiltInKeywords.groovy:616)
	at com.kms.katalon.core.webui.keyword.WebUiBuiltInKeywords$click$3.call(Unknown Source)
	at Script1576482987688.run(Script1576482987688.groovy:210)
	... 13 more
)

2020-01-15 13:57:49 - [MESSAGE][INFO] - Unable to find the element located by 'By.xpath: (//button[@type='button'])[13]'. Please recheck the objects properties to make sure the desired element is located. 

2020-01-15 13:57:50 - [MESSAGE][FAILED] - Unable to click on object 'Object Repository/obj_reservation/4_/button_Return To Reservation' (Root cause: com.kms.katalon.core.exception.StepFailedException: Unable to click on object 'Object Repository/obj_reservation/4_/button_Return To Reservation'
	at com.kms.katalon.core.webui.keyword.internal.WebUIKeywordMain.stepFailed(WebUIKeywordMain.groovy:64)
	at com.kms.katalon.core.webui.keyword.internal.WebUIKeywordMain.runKeyword(WebUIKeywordMain.groovy:26)
	at com.kms.katalon.core.webui.keyword.builtin.ClickKeyword.click(ClickKeyword.groovy:99)
	at com.kms.katalon.core.webui.keyword.builtin.ClickKeyword.execute(ClickKeyword.groovy:43)
	at com.kms.katalon.core.keyword.internal.KeywordExecutor.executeKeywordForPlatform(KeywordExecutor.groovy:60)
	at com.kms.katalon.core.webui.keyword.WebUiBuiltInKeywords.click(WebUiBuiltInKeywords.groovy:616)
	at com.kms.katalon.core.webui.keyword.WebUiBuiltInKeywords$click$3.call(Unknown Source)
	at p4p_newReservationBoarding.run(p4p_newReservationBoarding:210)
	at com.kms.katalon.core.main.ScriptEngine.run(ScriptEngine.java:194)
	at com.kms.katalon.core.main.ScriptEngine.runScriptAsRawText(ScriptEngine.java:119)
	at com.kms.katalon.core.main.TestCaseExecutor.runScript(TestCaseExecutor.java:337)
	at com.kms.katalon.core.main.TestCaseExecutor.doExecute(TestCaseExecutor.java:328)
	at com.kms.katalon.core.main.TestCaseExecutor.processExecutionPhase(TestCaseExecutor.java:307)
	at com.kms.katalon.core.main.TestCaseExecutor.accessMainPhase(TestCaseExecutor.java:299)
	at com.kms.katalon.core.main.TestCaseExecutor.execute(TestCaseExecutor.java:233)
	at com.kms.katalon.core.main.TestSuiteExecutor.accessTestCaseMainPhase(TestSuiteExecutor.java:169)
	at com.kms.katalon.core.main.TestSuiteExecutor.accessTestSuiteMainPhase(TestSuiteExecutor.java:142)
	at com.kms.katalon.core.main.TestSuiteExecutor.execute(TestSuiteExecutor.java:91)
	at com.kms.katalon.core.main.TestCaseMain.startTestSuite(TestCaseMain.java:157)
	at com.kms.katalon.core.main.TestCaseMain$startTestSuite$0.call(Unknown Source)
	at TempTestSuite1579117199342.run(TempTestSuite1579117199342.groovy:36)
Caused by: com.kms.katalon.core.webui.exception.WebElementNotFoundException: Web element with id: 'Object Repository/obj_reservation/4_/button_Return To Reservation' located by 'By.xpath: (//button[@type='button'])[13]' not found
	at com.kms.katalon.core.webui.common.WebUiCommonHelper.findWebElement(WebUiCommonHelper.java:1113)
	at com.kms.katalon.core.webui.keyword.internal.WebUIAbstractKeyword.findWebElement(WebUIAbstractKeyword.groovy:27)
	at com.kms.katalon.core.webui.keyword.internal.WebUIAbstractKeyword.findWebElement(WebUIAbstractKeyword.groovy:26)
	at com.kms.katalon.core.webui.keyword.builtin.ClickKeyword$_click_closure1.doCall(ClickKeyword.groovy:68)
	at com.kms.katalon.core.webui.keyword.builtin.ClickKeyword$_click_closure1.call(ClickKeyword.groovy)
	at com.kms.katalon.core.webui.keyword.internal.WebUIKeywordMain.runKeyword(WebUIKeywordMain.groovy:20)
	at com.kms.katalon.core.webui.keyword.builtin.ClickKeyword.click(ClickKeyword.groovy:99)
	at com.kms.katalon.core.webui.keyword.builtin.ClickKeyword.execute(ClickKeyword.groovy:43)
	at com.kms.katalon.core.keyword.internal.KeywordExecutor.executeKeywordForPlatform(KeywordExecutor.groovy:60)
	at com.kms.katalon.core.webui.keyword.WebUiBuiltInKeywords.click(WebUiBuiltInKeywords.groovy:616)
	at com.kms.katalon.core.webui.keyword.WebUiBuiltInKeywords$click$3.call(Unknown Source)
	at Script1576482987688.run(Script1576482987688.groovy:210)
	... 13 more
)
[[ATTACHMENT|/home/leonardo-arkusmty/Documents/workspaceKatalon/p4ptest/Reports/20200115_133959/ts_newReservationBoarding/20200115_133959/1579118269863.png]]

2020-01-15 13:57:50 - [TEST_STEP][PASSED] - catch (Exception e): Delayed 1 second(s)

2020-01-15 13:57:50 - [TEST_STEP][PASSED] - e.printStackTrace(): null

2020-01-15 13:57:50 - [TEST_STEP][PASSED] - log.logInfo("ERROR EXCEPCION"): ERROR EXCEPCION

2020-01-15 13:57:50 - [MESSAGE][INFO] - ERROR EXCEPCION

2020-01-15 13:57:50 - [TEST_STEP][PASSED] - cell1Err = rowNewRes.createCell(18, 0): null

2020-01-15 13:57:50 - [TEST_STEP][PASSED] - cell2Err = rowNewRes.createCell(19, 0): null

2020-01-15 13:57:50 - [TEST_STEP][PASSED] - cell1Err.setCellType(CELL_TYPE_STRING): null

2020-01-15 13:57:50 - [TEST_STEP][PASSED] - cell1Err.setCellValue("Error"): null

2020-01-15 13:57:50 - [TEST_STEP][PASSED] - cell2Err.setCellType(CELL_TYPE_STRING): null

2020-01-15 13:57:50 - [TEST_STEP][PASSED] - cell2Err.setCellValue("Reservacion existente"): null

2020-01-15 13:57:50 - [TEST_STEP][PASSED] - fos = new java.io.FileOutputStream(/home/leonardo-arkusmty/Desktop/P4P/DATA_AUTOMATINTESTING/data_1newReservationBoarding.xlsx): null

2020-01-15 13:57:50 - [TEST_STEP][PASSED] - workbookNewRes.write(fos): null

2020-01-15 13:57:50 - [TEST_STEP][PASSED] - fos.close(): null

2020-01-15 13:57:50 - [TEST_STEP][PASSED] - delay(1): Delayed 1 second(s)

2020-01-15 13:57:51 - [MESSAGE][PASSED] - Delayed 1 second(s)

2020-01-15 13:57:51 - [TEST_STEP][PASSED] - delay(3): Delayed 3 second(s)

2020-01-15 13:57:54 - [MESSAGE][PASSED] - Delayed 3 second(s)

2020-01-15 13:57:54 - [TEST_STEP][PASSED] - click(findTestObject("obj_reservation/P4P_2/button_Go to CheckOut")): Object: 'Object Repository/obj_reservation/P4P_2/button_Go to CheckOut' is clicked on

2020-01-15 13:58:25 - [MESSAGE][PASSED] - Object: 'Object Repository/obj_reservation/P4P_2/button_Go to CheckOut' is clicked on

2020-01-15 13:58:25 - [TEST_STEP][PASSED] - delay(2): Delayed 2 second(s)

2020-01-15 13:58:27 - [MESSAGE][PASSED] - Delayed 2 second(s)

2020-01-15 13:58:27 - [TEST_STEP][PASSED] - var_url = getUrl(): Current window's url is: 'https://p4p-qa-bg.aws.paradise4paws.com/reservations/add/?parent_id=122352'

2020-01-15 13:58:27 - [MESSAGE][PASSED] - Current window's url is: 'https://p4p-qa-bg.aws.paradise4paws.com/reservations/add/?parent_id=122352'

2020-01-15 13:58:27 - [TEST_STEP][PASSED] - arrayUrl = var_url.split("/"): null

2020-01-15 13:58:27 - [TEST_STEP][FAILED] - verifyElementText(findTestObject("obj_reservation/P4P_2/span_( BK )"), "( BK )", STOP_ON_FAILURE): Verify element text of test object 'Object Repository/obj_reservation/P4P_2/span_( BK )' FAILED. (Root cause: com.kms.katalon.core.exception.StepFailedException: Verify element text of test object 'Object Repository/obj_reservation/P4P_2/span_( BK )' FAILED.
	at com.kms.katalon.core.webui.keyword.internal.WebUIKeywordMain.stepFailed(WebUIKeywordMain.groovy:64)
	at com.kms.katalon.core.webui.keyword.internal.WebUIKeywordMain.runKeyword(WebUIKeywordMain.groovy:26)
	at com.kms.katalon.core.webui.keyword.builtin.VerifyElementTextKeyword.verifyElementText(VerifyElementTextKeyword.groovy:72)
	at com.kms.katalon.core.webui.keyword.builtin.VerifyElementTextKeyword.execute(VerifyElementTextKeyword.groovy:40)
	at com.kms.katalon.core.keyword.internal.KeywordExecutor.executeKeywordForPlatform(KeywordExecutor.groovy:60)
	at com.kms.katalon.core.webui.keyword.WebUiBuiltInKeywords.verifyElementText(WebUiBuiltInKeywords.groovy:3647)
	at com.kms.katalon.core.webui.keyword.WebUiBuiltInKeywords$verifyElementText$6.call(Unknown Source)
	at p4p_newReservationBoarding.run(p4p_newReservationBoarding:236)
	at com.kms.katalon.core.main.ScriptEngine.run(ScriptEngine.java:194)
	at com.kms.katalon.core.main.ScriptEngine.runScriptAsRawText(ScriptEngine.java:119)
	at com.kms.katalon.core.main.TestCaseExecutor.runScript(TestCaseExecutor.java:337)
	at com.kms.katalon.core.main.TestCaseExecutor.doExecute(TestCaseExecutor.java:328)
	at com.kms.katalon.core.main.TestCaseExecutor.processExecutionPhase(TestCaseExecutor.java:307)
	at com.kms.katalon.core.main.TestCaseExecutor.accessMainPhase(TestCaseExecutor.java:299)
	at com.kms.katalon.core.main.TestCaseExecutor.execute(TestCaseExecutor.java:233)
	at com.kms.katalon.core.main.TestSuiteExecutor.accessTestCaseMainPhase(TestSuiteExecutor.java:169)
	at com.kms.katalon.core.main.TestSuiteExecutor.accessTestSuiteMainPhase(TestSuiteExecutor.java:142)
	at com.kms.katalon.core.main.TestSuiteExecutor.execute(TestSuiteExecutor.java:91)
	at com.kms.katalon.core.main.TestCaseMain.startTestSuite(TestCaseMain.java:157)
	at com.kms.katalon.core.main.TestCaseMain$startTestSuite$0.call(Unknown Source)
	at TempTestSuite1579117199342.run(TempTestSuite1579117199342.groovy:36)
Caused by: com.kms.katalon.core.exception.StepFailedException: com.kms.katalon.core.webui.exception.WebElementNotFoundException: Web element with id: 'Object Repository/obj_reservation/P4P_2/span_( BK )' located by 'By.xpath: //div[@id='wrapper']/div/div/div/div/div/div/ul/li[4]/a/tab-heading/span' not found
	at com.kms.katalon.core.webui.keyword.internal.WebUIKeywordMain.stepFailed(WebUIKeywordMain.groovy:64)
	at com.kms.katalon.core.webui.keyword.builtin.VerifyElementTextKeyword$_verifyElementText_closure1.doCall(VerifyElementTextKeyword.groovy:64)
	at com.kms.katalon.core.webui.keyword.builtin.VerifyElementTextKeyword$_verifyElementText_closure1.call(VerifyElementTextKeyword.groovy)
	at com.kms.katalon.core.webui.keyword.internal.WebUIKeywordMain.runKeyword(WebUIKeywordMain.groovy:20)
	... 19 more
)

2020-01-15 13:59:12 - [MESSAGE][INFO] - Unable to find the element located by 'By.xpath: //div[@id='wrapper']/div/div/div/div/div/div/ul/li[4]/a/tab-heading/span'. Please recheck the objects properties to make sure the desired element is located. 

2020-01-15 13:59:13 - [MESSAGE][FAILED] - com.kms.katalon.core.webui.exception.WebElementNotFoundException: Web element with id: 'Object Repository/obj_reservation/P4P_2/span_( BK )' located by 'By.xpath: //div[@id='wrapper']/div/div/div/div/div/div/ul/li[4]/a/tab-heading/span' not found (Root cause: com.kms.katalon.core.exception.StepFailedException: com.kms.katalon.core.webui.exception.WebElementNotFoundException: Web element with id: 'Object Repository/obj_reservation/P4P_2/span_( BK )' located by 'By.xpath: //div[@id='wrapper']/div/div/div/div/div/div/ul/li[4]/a/tab-heading/span' not found
	at com.kms.katalon.core.webui.keyword.internal.WebUIKeywordMain.stepFailed(WebUIKeywordMain.groovy:64)
	at com.kms.katalon.core.webui.keyword.builtin.VerifyElementTextKeyword$_verifyElementText_closure1.doCall(VerifyElementTextKeyword.groovy:64)
	at com.kms.katalon.core.webui.keyword.builtin.VerifyElementTextKeyword$_verifyElementText_closure1.call(VerifyElementTextKeyword.groovy)
	at com.kms.katalon.core.webui.keyword.internal.WebUIKeywordMain.runKeyword(WebUIKeywordMain.groovy:20)
	at com.kms.katalon.core.webui.keyword.builtin.VerifyElementTextKeyword.verifyElementText(VerifyElementTextKeyword.groovy:72)
	at com.kms.katalon.core.webui.keyword.builtin.VerifyElementTextKeyword.execute(VerifyElementTextKeyword.groovy:40)
	at com.kms.katalon.core.keyword.internal.KeywordExecutor.executeKeywordForPlatform(KeywordExecutor.groovy:60)
	at com.kms.katalon.core.webui.keyword.WebUiBuiltInKeywords.verifyElementText(WebUiBuiltInKeywords.groovy:3647)
	at com.kms.katalon.core.webui.keyword.WebUiBuiltInKeywords$verifyElementText$6.call(Unknown Source)
	at p4p_newReservationBoarding.run(p4p_newReservationBoarding:236)
	at com.kms.katalon.core.main.ScriptEngine.run(ScriptEngine.java:194)
	at com.kms.katalon.core.main.ScriptEngine.runScriptAsRawText(ScriptEngine.java:119)
	at com.kms.katalon.core.main.TestCaseExecutor.runScript(TestCaseExecutor.java:337)
	at com.kms.katalon.core.main.TestCaseExecutor.doExecute(TestCaseExecutor.java:328)
	at com.kms.katalon.core.main.TestCaseExecutor.processExecutionPhase(TestCaseExecutor.java:307)
	at com.kms.katalon.core.main.TestCaseExecutor.accessMainPhase(TestCaseExecutor.java:299)
	at com.kms.katalon.core.main.TestCaseExecutor.execute(TestCaseExecutor.java:233)
	at com.kms.katalon.core.main.TestSuiteExecutor.accessTestCaseMainPhase(TestSuiteExecutor.java:169)
	at com.kms.katalon.core.main.TestSuiteExecutor.accessTestSuiteMainPhase(TestSuiteExecutor.java:142)
	at com.kms.katalon.core.main.TestSuiteExecutor.execute(TestSuiteExecutor.java:91)
	at com.kms.katalon.core.main.TestCaseMain.startTestSuite(TestCaseMain.java:157)
	at com.kms.katalon.core.main.TestCaseMain$startTestSuite$0.call(Unknown Source)
	at TempTestSuite1579117199342.run(TempTestSuite1579117199342.groovy:36)
)
[[ATTACHMENT|/home/leonardo-arkusmty/Documents/workspaceKatalon/p4ptest/Reports/20200115_133959/ts_newReservationBoarding/20200115_133959/1579118352774.png]]

2020-01-15 13:59:13 - [MESSAGE][FAILED] - Verify element text of test object 'Object Repository/obj_reservation/P4P_2/span_( BK )' FAILED. (Root cause: com.kms.katalon.core.exception.StepFailedException: Verify element text of test object 'Object Repository/obj_reservation/P4P_2/span_( BK )' FAILED.
	at com.kms.katalon.core.webui.keyword.internal.WebUIKeywordMain.stepFailed(WebUIKeywordMain.groovy:64)
	at com.kms.katalon.core.webui.keyword.internal.WebUIKeywordMain.runKeyword(WebUIKeywordMain.groovy:26)
	at com.kms.katalon.core.webui.keyword.builtin.VerifyElementTextKeyword.verifyElementText(VerifyElementTextKeyword.groovy:72)
	at com.kms.katalon.core.webui.keyword.builtin.VerifyElementTextKeyword.execute(VerifyElementTextKeyword.groovy:40)
	at com.kms.katalon.core.keyword.internal.KeywordExecutor.executeKeywordForPlatform(KeywordExecutor.groovy:60)
	at com.kms.katalon.core.webui.keyword.WebUiBuiltInKeywords.verifyElementText(WebUiBuiltInKeywords.groovy:3647)
	at com.kms.katalon.core.webui.keyword.WebUiBuiltInKeywords$verifyElementText$6.call(Unknown Source)
	at p4p_newReservationBoarding.run(p4p_newReservationBoarding:236)
	at com.kms.katalon.core.main.ScriptEngine.run(ScriptEngine.java:194)
	at com.kms.katalon.core.main.ScriptEngine.runScriptAsRawText(ScriptEngine.java:119)
	at com.kms.katalon.core.main.TestCaseExecutor.runScript(TestCaseExecutor.java:337)
	at com.kms.katalon.core.main.TestCaseExecutor.doExecute(TestCaseExecutor.java:328)
	at com.kms.katalon.core.main.TestCaseExecutor.processExecutionPhase(TestCaseExecutor.java:307)
	at com.kms.katalon.core.main.TestCaseExecutor.accessMainPhase(TestCaseExecutor.java:299)
	at com.kms.katalon.core.main.TestCaseExecutor.execute(TestCaseExecutor.java:233)
	at com.kms.katalon.core.main.TestSuiteExecutor.accessTestCaseMainPhase(TestSuiteExecutor.java:169)
	at com.kms.katalon.core.main.TestSuiteExecutor.accessTestSuiteMainPhase(TestSuiteExecutor.java:142)
	at com.kms.katalon.core.main.TestSuiteExecutor.execute(TestSuiteExecutor.java:91)
	at com.kms.katalon.core.main.TestCaseMain.startTestSuite(TestCaseMain.java:157)
	at com.kms.katalon.core.main.TestCaseMain$startTestSuite$0.call(Unknown Source)
	at TempTestSuite1579117199342.run(TempTestSuite1579117199342.groovy:36)
Caused by: com.kms.katalon.core.exception.StepFailedException: com.kms.katalon.core.webui.exception.WebElementNotFoundException: Web element with id: 'Object Repository/obj_reservation/P4P_2/span_( BK )' located by 'By.xpath: //div[@id='wrapper']/div/div/div/div/div/div/ul/li[4]/a/tab-heading/span' not found
	at com.kms.katalon.core.webui.keyword.internal.WebUIKeywordMain.stepFailed(WebUIKeywordMain.groovy:64)
	at com.kms.katalon.core.webui.keyword.builtin.VerifyElementTextKeyword$_verifyElementText_closure1.doCall(VerifyElementTextKeyword.groovy:64)
	at com.kms.katalon.core.webui.keyword.builtin.VerifyElementTextKeyword$_verifyElementText_closure1.call(VerifyElementTextKeyword.groovy)
	at com.kms.katalon.core.webui.keyword.internal.WebUIKeywordMain.runKeyword(WebUIKeywordMain.groovy:20)
	... 19 more
)
[[ATTACHMENT|/home/leonardo-arkusmty/Documents/workspaceKatalon/p4ptest/Reports/20200115_133959/ts_newReservationBoarding/20200115_133959/1579118353027.png]]]]></system-out>
         <system-err><![CDATA[2020-01-15 13:56:07 - [TEST_CASE][FAILED] - Test Cases/p4p_newReservationBoarding: Test Cases/p4p_newReservationBoarding FAILED.
Reason:
com.kms.katalon.core.exception.StepFailedException: Verify element text of test object 'Object Repository/obj_reservation/P4P_2/span_( BK )' FAILED.
	at com.kms.katalon.core.webui.keyword.internal.WebUIKeywordMain.stepFailed(WebUIKeywordMain.groovy:64)
	at com.kms.katalon.core.webui.keyword.internal.WebUIKeywordMain.runKeyword(WebUIKeywordMain.groovy:26)
	at com.kms.katalon.core.webui.keyword.builtin.VerifyElementTextKeyword.verifyElementText(VerifyElementTextKeyword.groovy:72)
	at com.kms.katalon.core.webui.keyword.builtin.VerifyElementTextKeyword.execute(VerifyElementTextKeyword.groovy:40)
	at com.kms.katalon.core.keyword.internal.KeywordExecutor.executeKeywordForPlatform(KeywordExecutor.groovy:60)
	at com.kms.katalon.core.webui.keyword.WebUiBuiltInKeywords.verifyElementText(WebUiBuiltInKeywords.groovy:3647)
	at com.kms.katalon.core.webui.keyword.WebUiBuiltInKeywords$verifyElementText$6.call(Unknown Source)
	at p4p_newReservationBoarding.run(p4p_newReservationBoarding:236)
	at com.kms.katalon.core.main.ScriptEngine.run(ScriptEngine.java:194)
	at com.kms.katalon.core.main.ScriptEngine.runScriptAsRawText(ScriptEngine.java:119)
	at com.kms.katalon.core.main.TestCaseExecutor.runScript(TestCaseExecutor.java:337)
	at com.kms.katalon.core.main.TestCaseExecutor.doExecute(TestCaseExecutor.java:328)
	at com.kms.katalon.core.main.TestCaseExecutor.processExecutionPhase(TestCaseExecutor.java:307)
	at com.kms.katalon.core.main.TestCaseExecutor.accessMainPhase(TestCaseExecutor.java:299)
	at com.kms.katalon.core.main.TestCaseExecutor.execute(TestCaseExecutor.java:233)
	at com.kms.katalon.core.main.TestSuiteExecutor.accessTestCaseMainPhase(TestSuiteExecutor.java:169)
	at com.kms.katalon.core.main.TestSuiteExecutor.accessTestSuiteMainPhase(TestSuiteExecutor.java:142)
	at com.kms.katalon.core.main.TestSuiteExecutor.execute(TestSuiteExecutor.java:91)
	at com.kms.katalon.core.main.TestCaseMain.startTestSuite(TestCaseMain.java:157)
	at com.kms.katalon.core.main.TestCaseMain$startTestSuite$0.call(Unknown Source)
	at TempTestSuite1579117199342.run(TempTestSuite1579117199342.groovy:36)
Caused by: com.kms.katalon.core.exception.StepFailedException: com.kms.katalon.core.webui.exception.WebElementNotFoundException: Web element with id: 'Object Repository/obj_reservation/P4P_2/span_( BK )' located by 'By.xpath: //div[@id='wrapper']/div/div/div/div/div/div/ul/li[4]/a/tab-heading/span' not found
	at com.kms.katalon.core.webui.keyword.internal.WebUIKeywordMain.stepFailed(WebUIKeywordMain.groovy:64)
	at com.kms.katalon.core.webui.keyword.builtin.VerifyElementTextKeyword$_verifyElementText_closure1.doCall(VerifyElementTextKeyword.groovy:64)
	at com.kms.katalon.core.webui.keyword.builtin.VerifyElementTextKeyword$_verifyElementText_closure1.call(VerifyElementTextKeyword.groovy)
	at com.kms.katalon.core.webui.keyword.internal.WebUIKeywordMain.runKeyword(WebUIKeywordMain.groovy:20)
	... 19 more]]></system-err>
      </testcase>
      <testcase name="Test Cases/p4p_newReservationBoarding" time="178.248" classname="Test Cases/p4p_newReservationBoarding" status="FAILED">
         <failure type="FAILED" message="Test Cases/p4p_newReservationBoarding FAILED.
Reason:
com.kms.katalon.core.exception.StepFailedException: Verify element text of test object 'Object Repository/obj_reservation/P4P_2/span_( BK )' FAILED.
	at com.kms.katalon.core.webui.keyword.internal.WebUIKeywordMain.stepFailed(WebUIKeywordMain.groovy:64)
	at com.kms.katalon.core.webui.keyword.internal.WebUIKeywordMain.runKeyword(WebUIKeywordMain.groovy:26)
	at com.kms.katalon.core.webui.keyword.builtin.VerifyElementTextKeyword.verifyElementText(VerifyElementTextKeyword.groovy:72)
	at com.kms.katalon.core.webui.keyword.builtin.VerifyElementTextKeyword.execute(VerifyElementTextKeyword.groovy:40)
	at com.kms.katalon.core.keyword.internal.KeywordExecutor.executeKeywordForPlatform(KeywordExecutor.groovy:60)
	at com.kms.katalon.core.webui.keyword.WebUiBuiltInKeywords.verifyElementText(WebUiBuiltInKeywords.groovy:3647)
	at com.kms.katalon.core.webui.keyword.WebUiBuiltInKeywords$verifyElementText$6.call(Unknown Source)
	at p4p_newReservationBoarding.run(p4p_newReservationBoarding:236)
	at com.kms.katalon.core.main.ScriptEngine.run(ScriptEngine.java:194)
	at com.kms.katalon.core.main.ScriptEngine.runScriptAsRawText(ScriptEngine.java:119)
	at com.kms.katalon.core.main.TestCaseExecutor.runScript(TestCaseExecutor.java:337)
	at com.kms.katalon.core.main.TestCaseExecutor.doExecute(TestCaseExecutor.java:328)
	at com.kms.katalon.core.main.TestCaseExecutor.processExecutionPhase(TestCaseExecutor.java:307)
	at com.kms.katalon.core.main.TestCaseExecutor.accessMainPhase(TestCaseExecutor.java:299)
	at com.kms.katalon.core.main.TestCaseExecutor.execute(TestCaseExecutor.java:233)
	at com.kms.katalon.core.main.TestSuiteExecutor.accessTestCaseMainPhase(TestSuiteExecutor.java:169)
	at com.kms.katalon.core.main.TestSuiteExecutor.accessTestSuiteMainPhase(TestSuiteExecutor.java:142)
	at com.kms.katalon.core.main.TestSuiteExecutor.execute(TestSuiteExecutor.java:91)
	at com.kms.katalon.core.main.TestCaseMain.startTestSuite(TestCaseMain.java:157)
	at com.kms.katalon.core.main.TestCaseMain$startTestSuite$0.call(Unknown Source)
	at TempTestSuite1579117199342.run(TempTestSuite1579117199342.groovy:36)
Caused by: com.kms.katalon.core.exception.StepFailedException: com.kms.katalon.core.webui.exception.WebElementNotFoundException: Web element with id: 'Object Repository/obj_reservation/P4P_2/span_( BK )' located by 'By.xpath: //div[@id='wrapper']/div/div/div/div/div/div/ul/li[4]/a/tab-heading/span' not found
	at com.kms.katalon.core.webui.keyword.internal.WebUIKeywordMain.stepFailed(WebUIKeywordMain.groovy:64)
	at com.kms.katalon.core.webui.keyword.builtin.VerifyElementTextKeyword$_verifyElementText_closure1.doCall(VerifyElementTextKeyword.groovy:64)
	at com.kms.katalon.core.webui.keyword.builtin.VerifyElementTextKeyword$_verifyElementText_closure1.call(VerifyElementTextKeyword.groovy)
	at com.kms.katalon.core.webui.keyword.internal.WebUIKeywordMain.runKeyword(WebUIKeywordMain.groovy:20)
	... 19 more
"/>
         <system-out><![CDATA[2020-01-15 13:59:13 - [TEST_CASE][FAILED] - Test Cases/p4p_newReservationBoarding: Test Cases/p4p_newReservationBoarding FAILED.
Reason:
com.kms.katalon.core.exception.StepFailedException: Verify element text of test object 'Object Repository/obj_reservation/P4P_2/span_( BK )' FAILED.
	at com.kms.katalon.core.webui.keyword.internal.WebUIKeywordMain.stepFailed(WebUIKeywordMain.groovy:64)
	at com.kms.katalon.core.webui.keyword.internal.WebUIKeywordMain.runKeyword(WebUIKeywordMain.groovy:26)
	at com.kms.katalon.core.webui.keyword.builtin.VerifyElementTextKeyword.verifyElementText(VerifyElementTextKeyword.groovy:72)
	at com.kms.katalon.core.webui.keyword.builtin.VerifyElementTextKeyword.execute(VerifyElementTextKeyword.groovy:40)
	at com.kms.katalon.core.keyword.internal.KeywordExecutor.executeKeywordForPlatform(KeywordExecutor.groovy:60)
	at com.kms.katalon.core.webui.keyword.WebUiBuiltInKeywords.verifyElementText(WebUiBuiltInKeywords.groovy:3647)
	at com.kms.katalon.core.webui.keyword.WebUiBuiltInKeywords$verifyElementText$6.call(Unknown Source)
	at p4p_newReservationBoarding.run(p4p_newReservationBoarding:236)
	at com.kms.katalon.core.main.ScriptEngine.run(ScriptEngine.java:194)
	at com.kms.katalon.core.main.ScriptEngine.runScriptAsRawText(ScriptEngine.java:119)
	at com.kms.katalon.core.main.TestCaseExecutor.runScript(TestCaseExecutor.java:337)
	at com.kms.katalon.core.main.TestCaseExecutor.doExecute(TestCaseExecutor.java:328)
	at com.kms.katalon.core.main.TestCaseExecutor.processExecutionPhase(TestCaseExecutor.java:307)
	at com.kms.katalon.core.main.TestCaseExecutor.accessMainPhase(TestCaseExecutor.java:299)
	at com.kms.katalon.core.main.TestCaseExecutor.execute(TestCaseExecutor.java:233)
	at com.kms.katalon.core.main.TestSuiteExecutor.accessTestCaseMainPhase(TestSuiteExecutor.java:169)
	at com.kms.katalon.core.main.TestSuiteExecutor.accessTestSuiteMainPhase(TestSuiteExecutor.java:142)
	at com.kms.katalon.core.main.TestSuiteExecutor.execute(TestSuiteExecutor.java:91)
	at com.kms.katalon.core.main.TestCaseMain.startTestSuite(TestCaseMain.java:157)
	at com.kms.katalon.core.main.TestCaseMain$startTestSuite$0.call(Unknown Source)
	at TempTestSuite1579117199342.run(TempTestSuite1579117199342.groovy:36)
Caused by: com.kms.katalon.core.exception.StepFailedException: com.kms.katalon.core.webui.exception.WebElementNotFoundException: Web element with id: 'Object Repository/obj_reservation/P4P_2/span_( BK )' located by 'By.xpath: //div[@id='wrapper']/div/div/div/div/div/div/ul/li[4]/a/tab-heading/span' not found
	at com.kms.katalon.core.webui.keyword.internal.WebUIKeywordMain.stepFailed(WebUIKeywordMain.groovy:64)
	at com.kms.katalon.core.webui.keyword.builtin.VerifyElementTextKeyword$_verifyElementText_closure1.doCall(VerifyElementTextKeyword.groovy:64)
	at com.kms.katalon.core.webui.keyword.builtin.VerifyElementTextKeyword$_verifyElementText_closure1.call(VerifyElementTextKeyword.groovy)
	at com.kms.katalon.core.webui.keyword.internal.WebUIKeywordMain.runKeyword(WebUIKeywordMain.groovy:20)
	... 19 more


2020-01-15 13:59:13 - [TEST_STEP][PASSED] - flagBoar = "0": null

2020-01-15 13:59:13 - [TEST_STEP][PASSED] - log = new com.kms.katalon.core.logging.KeywordLogger(): null

2020-01-15 13:59:13 - [TEST_STEP][PASSED] - fisNewRes = new java.io.FileInputStream(/home/leonardo-arkusmty/Desktop/P4P/DATA_AUTOMATINTESTING/data_1newReservationBoarding.xlsx): null

2020-01-15 13:59:13 - [TEST_STEP][PASSED] - fisInv = new java.io.FileInputStream(/home/leonardo-arkusmty/Desktop/P4P/DATA_AUTOMATINTESTING/data_3Invoices.xlsx): null

2020-01-15 13:59:13 - [TEST_STEP][PASSED] - workbookNewRes = new org.apache.poi.xssf.usermodel.XSSFWorkbook(fisNewRes): null

2020-01-15 13:59:13 - [TEST_STEP][PASSED] - workbookInv = new org.apache.poi.xssf.usermodel.XSSFWorkbook(fisInv): null

2020-01-15 13:59:13 - [TEST_STEP][PASSED] - sheetNewRes = workbookNewRes.getSheet("Sheet1"): null

2020-01-15 13:59:13 - [TEST_STEP][PASSED] - sheetInv = workbookInv.getSheet("Sheet1"): null

2020-01-15 13:59:13 - [TEST_STEP][PASSED] - rowCount = var_row: null

2020-01-15 13:59:13 - [TEST_STEP][PASSED] - var = Integer.parseInt(var_idRowRes): null

2020-01-15 13:59:13 - [TEST_STEP][PASSED] - rowNewRes = sheetNewRes.getRow(var): null

2020-01-15 13:59:13 - [TEST_STEP][PASSED] - rowInv = sheetInv.getRow(var): null

2020-01-15 13:59:13 - [TEST_STEP][PASSED] - today = new java.util.Date(): null

2020-01-15 13:59:13 - [TEST_STEP][PASSED] - todaysDate1 = today.format("yyyy"): null

2020-01-15 13:59:13 - [TEST_STEP][PASSED] - todaysDate2 = today.format("mm"): null

2020-01-15 13:59:13 - [TEST_STEP][PASSED] - todaysDate3 = today.format("dd"): null

2020-01-15 13:59:13 - [TEST_STEP][PASSED] - todaysDate4 = today.format("mmm/dd/yyyy"): null

2020-01-15 13:59:13 - [TEST_STEP][PASSED] - todaysDate5 = today.format("dd/mm/yyyy"): null

2020-01-15 13:59:13 - [TEST_STEP][PASSED] - nowTime = today.format("hhmm"): null

2020-01-15 13:59:13 - [TEST_STEP][PASSED] - dateCI = var_checkinD.split(","): null

2020-01-15 13:59:13 - [TEST_STEP][PASSED] - dateCO = var_checkoutD.split(","): null

2020-01-15 13:59:13 - [TEST_STEP][PASSED] - arryPets = var_pets.split(","): null

2020-01-15 13:59:13 - [TEST_STEP][PASSED] - openBrowser("https://p4p-qa-bg.aws.paradise4paws.com/login/"): Browser is opened with url: 'https://p4p-qa-bg.aws.paradise4paws.com/login/'

2020-01-15 13:59:13 - [MESSAGE][WARNING] - A browser is already opened. Closing browser and opening a new one

2020-01-15 13:59:13 - [MESSAGE][INFO] - Starting 'Chrome' driver

2020-01-15 13:59:15 - [MESSAGE][PASSED] - Browser is opened with url: 'https://p4p-qa-bg.aws.paradise4paws.com/login/'

2020-01-15 13:59:15 - [TEST_STEP][PASSED] - maximizeWindow(): Current window maximized

2020-01-15 13:59:16 - [MESSAGE][PASSED] - Current window maximized

2020-01-15 13:59:16 - [TEST_STEP][PASSED] - setText(findTestObject("obj_login/input_user"), var_user): Text 'jegchavez@gmail.com' is set on object 'Object Repository/obj_login/input_user'

2020-01-15 13:59:16 - [MESSAGE][PASSED] - Text 'jegchavez@gmail.com' is set on object 'Object Repository/obj_login/input_user'

2020-01-15 13:59:16 - [TEST_STEP][PASSED] - setText(findTestObject("obj_login/input_pass"), var_pass): Text 'admin1' is set on object 'Object Repository/obj_login/input_pass'

2020-01-15 13:59:16 - [MESSAGE][PASSED] - Text 'admin1' is set on object 'Object Repository/obj_login/input_pass'

2020-01-15 13:59:16 - [TEST_STEP][PASSED] - delay(1): Delayed 1 second(s)

2020-01-15 13:59:17 - [MESSAGE][PASSED] - Delayed 1 second(s)

2020-01-15 13:59:17 - [TEST_STEP][PASSED] - verifyElementClickable(findTestObject("obj_login/btn_login")): Object 'Object Repository/obj_login/btn_login' is clickable

2020-01-15 13:59:18 - [MESSAGE][PASSED] - Object 'Object Repository/obj_login/btn_login' is clickable

2020-01-15 13:59:18 - [TEST_STEP][PASSED] - click(findTestObject("obj_login/btn_login")): Object: 'Object Repository/obj_login/btn_login' is clicked on

2020-01-15 13:59:19 - [MESSAGE][PASSED] - Object: 'Object Repository/obj_login/btn_login' is clicked on

2020-01-15 13:59:19 - [TEST_STEP][PASSED] - delay(1): Delayed 1 second(s)

2020-01-15 13:59:20 - [MESSAGE][PASSED] - Delayed 1 second(s)

2020-01-15 13:59:20 - [TEST_STEP][PASSED] - setText(findTestObject("obj_dashboard_emp/input_search"), var_searchParent): Text 'katalon 1' is set on object 'Object Repository/obj_dashboard_emp/input_search'

2020-01-15 13:59:21 - [MESSAGE][PASSED] - Text 'katalon 1' is set on object 'Object Repository/obj_dashboard_emp/input_search'

2020-01-15 13:59:21 - [TEST_STEP][PASSED] - click(findTestObject("obj_dashboard_emp/btn_accountSearch")): Object: 'Object Repository/obj_dashboard_emp/btn_accountSearch' is clicked on

2020-01-15 13:59:22 - [MESSAGE][PASSED] - Object: 'Object Repository/obj_dashboard_emp/btn_accountSearch' is clicked on

2020-01-15 13:59:22 - [TEST_STEP][PASSED] - delay(1): Delayed 1 second(s)

2020-01-15 13:59:23 - [MESSAGE][PASSED] - Delayed 1 second(s)

2020-01-15 13:59:23 - [TEST_STEP][PASSED] - click(findTestObject("obj_accountInformation/a_TEST GABRIEL PROD")): Object: 'Object Repository/obj_accountInformation/a_TEST GABRIEL PROD' is clicked on

2020-01-15 13:59:23 - [MESSAGE][PASSED] - Object: 'Object Repository/obj_accountInformation/a_TEST GABRIEL PROD' is clicked on

2020-01-15 13:59:23 - [TEST_STEP][PASSED] - delay(1): Delayed 1 second(s)

2020-01-15 13:59:24 - [MESSAGE][PASSED] - Delayed 1 second(s)

2020-01-15 13:59:24 - [TEST_STEP][PASSED] - click(findTestObject("obj_profile/a_addReservation")): Object: 'Object Repository/obj_profile/a_addReservation' is clicked on

2020-01-15 13:59:28 - [MESSAGE][PASSED] - Object: 'Object Repository/obj_profile/a_addReservation' is clicked on

2020-01-15 13:59:28 - [TEST_STEP][PASSED] - delay(1): Delayed 1 second(s)

2020-01-15 13:59:29 - [MESSAGE][PASSED] - Delayed 1 second(s)

2020-01-15 13:59:29 - [TEST_STEP][PASSED] - click(findTestObject("obj_reservation/4_/btn_Boarding")): Object: 'Object Repository/obj_reservation/4_/btn_Boarding' is clicked on

2020-01-15 13:59:29 - [MESSAGE][PASSED] - Object: 'Object Repository/obj_reservation/4_/btn_Boarding' is clicked on

2020-01-15 13:59:29 - [TEST_STEP][PASSED] - flagBoar = "1": null

2020-01-15 13:59:29 - [TEST_STEP][PASSED] - click(findTestObject("obj_reservation/4_/i_location")): Object: 'Object Repository/obj_reservation/4_/i_location' is clicked on

2020-01-15 13:59:32 - [MESSAGE][PASSED] - Object: 'Object Repository/obj_reservation/4_/i_location' is clicked on

2020-01-15 13:59:32 - [TEST_STEP][PASSED] - delay(1): Delayed 1 second(s)

2020-01-15 13:59:33 - [MESSAGE][PASSED] - Delayed 1 second(s)

2020-01-15 13:59:33 - [TEST_STEP][PASSED] - click(findTestObject("obj_reservation/2_facility/i_" + var_idFacility + "_facility")): Object: 'Object Repository/obj_reservation/2_facility/i_3_facility' is clicked on

2020-01-15 13:59:33 - [MESSAGE][PASSED] - Object: 'Object Repository/obj_reservation/2_facility/i_3_facility' is clicked on

2020-01-15 13:59:33 - [TEST_STEP][PASSED] - delay(1): Delayed 1 second(s)

2020-01-15 13:59:34 - [MESSAGE][PASSED] - Delayed 1 second(s)

2020-01-15 13:59:34 - [TEST_STEP][PASSED] - click(findTestObject("obj_reservation/4_/dateCheckIn")): Object: 'Object Repository/obj_reservation/4_/dateCheckIn' is clicked on

2020-01-15 13:59:36 - [MESSAGE][PASSED] - Object: 'Object Repository/obj_reservation/4_/dateCheckIn' is clicked on

2020-01-15 13:59:36 - [TEST_STEP][PASSED] - delay(1): Delayed 1 second(s)

2020-01-15 13:59:37 - [MESSAGE][PASSED] - Delayed 1 second(s)

2020-01-15 13:59:37 - [TEST_STEP][PASSED] - click(findTestObject("obj_reservation/3_date2020/0120/CI/button_" + dateCI[0] + "01_ci")): Object: 'Object Repository/obj_reservation/3_date2020/0120/CI/button_0501_ci' is clicked on

2020-01-15 13:59:38 - [MESSAGE][PASSED] - Object: 'Object Repository/obj_reservation/3_date2020/0120/CI/button_0501_ci' is clicked on

2020-01-15 13:59:38 - [TEST_STEP][PASSED] - if (flagBoar == "1"): Object: 'Object Repository/obj_reservation/3_date2020/0120/CO/button_0601_co' is clicked on

2020-01-15 13:59:38 - [TEST_STEP][PASSED] - click(findTestObject("obj_reservation/4_/dateCheckOut")): Object: 'Object Repository/obj_reservation/4_/dateCheckOut' is clicked on

2020-01-15 13:59:39 - [MESSAGE][PASSED] - Object: 'Object Repository/obj_reservation/4_/dateCheckOut' is clicked on

2020-01-15 13:59:39 - [TEST_STEP][PASSED] - delay(1): Delayed 1 second(s)

2020-01-15 13:59:40 - [MESSAGE][PASSED] - Delayed 1 second(s)

2020-01-15 13:59:40 - [TEST_STEP][PASSED] - click(findTestObject("obj_reservation/3_date2020/0120/CO/button_" + dateCO[0] + "01_co")): Object: 'Object Repository/obj_reservation/3_date2020/0120/CO/button_0601_co' is clicked on

2020-01-15 13:59:40 - [MESSAGE][PASSED] - Object: 'Object Repository/obj_reservation/3_date2020/0120/CO/button_0601_co' is clicked on

2020-01-15 13:59:40 - [TEST_STEP][PASSED] - if (var_checkinT.size() == 1): null

2020-01-15 13:59:40 - [TEST_STEP][PASSED] - if (var_checkinT.size() == 2): null

2020-01-15 13:59:40 - [TEST_STEP][PASSED] - if (var_checkinT.size() == 3): null

2020-01-15 13:59:40 - [TEST_STEP][PASSED] - var_checkinT = "0" + var_checkinT: null

2020-01-15 13:59:40 - [TEST_STEP][PASSED] - click(findTestObject("obj_reservation/4_/timeCheckin")): Object: 'Object Repository/obj_reservation/4_/timeCheckin' is clicked on

2020-01-15 13:59:41 - [MESSAGE][PASSED] - Object: 'Object Repository/obj_reservation/4_/timeCheckin' is clicked on

2020-01-15 13:59:41 - [TEST_STEP][PASSED] - click(findTestObject("obj_reservation/0_horas/CI/time_" + var_checkinT + "_ci")): Object: 'Object Repository/obj_reservation/0_horas/CI/time_0800_ci' is clicked on

2020-01-15 13:59:41 - [MESSAGE][PASSED] - Object: 'Object Repository/obj_reservation/0_horas/CI/time_0800_ci' is clicked on

2020-01-15 13:59:41 - [TEST_STEP][PASSED] - click(findTestObject("obj_reservation/4_/timeCheckOut")): Object: 'Object Repository/obj_reservation/4_/timeCheckOut' is clicked on

2020-01-15 13:59:42 - [MESSAGE][PASSED] - Object: 'Object Repository/obj_reservation/4_/timeCheckOut' is clicked on

2020-01-15 13:59:42 - [TEST_STEP][PASSED] - click(findTestObject("obj_reservation/0_horas/CO/time_" + var_checkoutT + "_co")): Object: 'Object Repository/obj_reservation/0_horas/CO/time_1130_co' is clicked on

2020-01-15 13:59:43 - [MESSAGE][PASSED] - Object: 'Object Repository/obj_reservation/0_horas/CO/time_1130_co' is clicked on

2020-01-15 13:59:43 - [TEST_STEP][PASSED] - delay(2): Delayed 2 second(s)

2020-01-15 13:59:45 - [MESSAGE][PASSED] - Delayed 2 second(s)

2020-01-15 13:59:45 - [TEST_STEP][PASSED] - if (arryPets.size() == 1): Object: 'Object Repository/obj_reservation/P4P_5/div_Ares' is clicked on

2020-01-15 13:59:45 - [TEST_STEP][PASSED] - click(findTestObject("obj_reservation/P4P_5/div_Ares")): Object: 'Object Repository/obj_reservation/P4P_5/div_Ares' is clicked on

2020-01-15 13:59:45 - [MESSAGE][PASSED] - Object: 'Object Repository/obj_reservation/P4P_5/div_Ares' is clicked on

2020-01-15 13:59:45 - [TEST_STEP][PASSED] - stringDeposit = getText(findTestObject("obj_reservation/4_/span_requiresdeposit"), CONTINUE_ON_FAILURE): Text of object 'Object Repository/obj_reservation/4_/span_requiresdeposit' is: 'You are making a reservation for a special period of time that may have special pricing and requires a deposit. (12/20/2019 - 01/05/2020)'

2020-01-15 13:59:50 - [MESSAGE][PASSED] - Text of object 'Object Repository/obj_reservation/4_/span_requiresdeposit' is: 'You are making a reservation for a special period of time that may have special pricing and requires a deposit. (12/20/2019 - 01/05/2020)'

2020-01-15 13:59:50 - [TEST_STEP][PASSED] - varHoliday = 0: null

2020-01-15 13:59:50 - [TEST_STEP][PASSED] - if (stringDeposit != null): null

2020-01-15 13:59:50 - [TEST_STEP][PASSED] - varHoliday = 1: null

2020-01-15 13:59:50 - [TEST_STEP][PASSED] - try: Object: 'Object Repository/obj_reservation/4_/div_suite_rad_deluxe' is clicked on

2020-01-15 13:59:50 - [TEST_STEP][PASSED] - click(findTestObject("obj_reservation/4_/div_suite_rad_deluxe")): Object: 'Object Repository/obj_reservation/4_/div_suite_rad_deluxe' is clicked on

2020-01-15 13:59:51 - [MESSAGE][PASSED] - Object: 'Object Repository/obj_reservation/4_/div_suite_rad_deluxe' is clicked on

2020-01-15 13:59:51 - [TEST_STEP][PASSED] - click(findTestObject("obj_reservation/4_/btn_next2")): Object: 'Object Repository/obj_reservation/4_/btn_next2' is clicked on

2020-01-15 13:59:54 - [MESSAGE][PASSED] - Object: 'Object Repository/obj_reservation/4_/btn_next2' is clicked on

2020-01-15 13:59:54 - [TEST_STEP][PASSED] - delay(1): Delayed 1 second(s)

2020-01-15 13:59:55 - [MESSAGE][PASSED] - Delayed 1 second(s)

2020-01-15 13:59:55 - [TEST_STEP][PASSED] - delay(1): Delayed 1 second(s)

2020-01-15 13:59:56 - [MESSAGE][PASSED] - Delayed 1 second(s)

2020-01-15 13:59:56 - [TEST_STEP][PASSED] - click(findTestObject("obj_reservation/4_/btn_next2")): Object: 'Object Repository/obj_reservation/4_/btn_next2' is clicked on

2020-01-15 13:59:56 - [MESSAGE][PASSED] - Object: 'Object Repository/obj_reservation/4_/btn_next2' is clicked on

2020-01-15 13:59:56 - [TEST_STEP][PASSED] - delay(1): Delayed 1 second(s)

2020-01-15 13:59:57 - [MESSAGE][PASSED] - Delayed 1 second(s)

2020-01-15 13:59:57 - [TEST_STEP][PASSED] - click(findTestObject("obj_reservation/4_/button_Submit Reservation")): Object: 'Object Repository/obj_reservation/4_/button_Submit Reservation' is clicked on

2020-01-15 13:59:58 - [MESSAGE][PASSED] - Object: 'Object Repository/obj_reservation/4_/button_Submit Reservation' is clicked on

2020-01-15 13:59:58 - [TEST_STEP][PASSED] - delay(1): Delayed 1 second(s)

2020-01-15 13:59:59 - [MESSAGE][PASSED] - Delayed 1 second(s)

2020-01-15 13:59:59 - [TEST_STEP][PASSED] - if (flagBoar == "2" && var_repeatingEvery == "Daily" || var_repeatingEvery == "Monthly" || var_repeatingEvery == "Weekly"): null

2020-01-15 13:59:59 - [TEST_STEP][FAILED] - else: null

2020-01-15 13:59:59 - [TEST_STEP][PASSED] - delay(2): Delayed 2 second(s)

2020-01-15 14:00:01 - [MESSAGE][PASSED] - Delayed 2 second(s)

2020-01-15 14:00:01 - [TEST_STEP][FAILED] - try: Unable to click on object 'Object Repository/obj_reservation/4_/button_Return To Reservation' (Root cause: com.kms.katalon.core.exception.StepFailedException: Unable to click on object 'Object Repository/obj_reservation/4_/button_Return To Reservation'
	at com.kms.katalon.core.webui.keyword.internal.WebUIKeywordMain.stepFailed(WebUIKeywordMain.groovy:64)
	at com.kms.katalon.core.webui.keyword.internal.WebUIKeywordMain.runKeyword(WebUIKeywordMain.groovy:26)
	at com.kms.katalon.core.webui.keyword.builtin.ClickKeyword.click(ClickKeyword.groovy:99)
	at com.kms.katalon.core.webui.keyword.builtin.ClickKeyword.execute(ClickKeyword.groovy:43)
	at com.kms.katalon.core.keyword.internal.KeywordExecutor.executeKeywordForPlatform(KeywordExecutor.groovy:60)
	at com.kms.katalon.core.webui.keyword.WebUiBuiltInKeywords.click(WebUiBuiltInKeywords.groovy:616)
	at com.kms.katalon.core.webui.keyword.WebUiBuiltInKeywords$click$3.call(Unknown Source)
	at p4p_newReservationBoarding.run(p4p_newReservationBoarding:210)
	at com.kms.katalon.core.main.ScriptEngine.run(ScriptEngine.java:194)
	at com.kms.katalon.core.main.ScriptEngine.runScriptAsRawText(ScriptEngine.java:119)
	at com.kms.katalon.core.main.TestCaseExecutor.runScript(TestCaseExecutor.java:337)
	at com.kms.katalon.core.main.TestCaseExecutor.doExecute(TestCaseExecutor.java:328)
	at com.kms.katalon.core.main.TestCaseExecutor.processExecutionPhase(TestCaseExecutor.java:307)
	at com.kms.katalon.core.main.TestCaseExecutor.accessMainPhase(TestCaseExecutor.java:299)
	at com.kms.katalon.core.main.TestCaseExecutor.execute(TestCaseExecutor.java:233)
	at com.kms.katalon.core.main.TestSuiteExecutor.accessTestCaseMainPhase(TestSuiteExecutor.java:169)
	at com.kms.katalon.core.main.TestSuiteExecutor.accessTestSuiteMainPhase(TestSuiteExecutor.java:142)
	at com.kms.katalon.core.main.TestSuiteExecutor.execute(TestSuiteExecutor.java:91)
	at com.kms.katalon.core.main.TestCaseMain.startTestSuite(TestCaseMain.java:157)
	at com.kms.katalon.core.main.TestCaseMain$startTestSuite$0.call(Unknown Source)
	at TempTestSuite1579117199342.run(TempTestSuite1579117199342.groovy:36)
Caused by: com.kms.katalon.core.webui.exception.WebElementNotFoundException: Web element with id: 'Object Repository/obj_reservation/4_/button_Return To Reservation' located by 'By.xpath: (//button[@type='button'])[13]' not found
	at com.kms.katalon.core.webui.common.WebUiCommonHelper.findWebElement(WebUiCommonHelper.java:1113)
	at com.kms.katalon.core.webui.keyword.internal.WebUIAbstractKeyword.findWebElement(WebUIAbstractKeyword.groovy:27)
	at com.kms.katalon.core.webui.keyword.internal.WebUIAbstractKeyword.findWebElement(WebUIAbstractKeyword.groovy:26)
	at com.kms.katalon.core.webui.keyword.builtin.ClickKeyword$_click_closure1.doCall(ClickKeyword.groovy:68)
	at com.kms.katalon.core.webui.keyword.builtin.ClickKeyword$_click_closure1.call(ClickKeyword.groovy)
	at com.kms.katalon.core.webui.keyword.internal.WebUIKeywordMain.runKeyword(WebUIKeywordMain.groovy:20)
	at com.kms.katalon.core.webui.keyword.builtin.ClickKeyword.click(ClickKeyword.groovy:99)
	at com.kms.katalon.core.webui.keyword.builtin.ClickKeyword.execute(ClickKeyword.groovy:43)
	at com.kms.katalon.core.keyword.internal.KeywordExecutor.executeKeywordForPlatform(KeywordExecutor.groovy:60)
	at com.kms.katalon.core.webui.keyword.WebUiBuiltInKeywords.click(WebUiBuiltInKeywords.groovy:616)
	at com.kms.katalon.core.webui.keyword.WebUiBuiltInKeywords$click$3.call(Unknown Source)
	at Script1576482987688.run(Script1576482987688.groovy:210)
	... 13 more
)

2020-01-15 14:00:01 - [TEST_STEP][FAILED] - click(findTestObject("obj_reservation/4_/button_Return To Reservation")): Unable to click on object 'Object Repository/obj_reservation/4_/button_Return To Reservation' (Root cause: com.kms.katalon.core.exception.StepFailedException: Unable to click on object 'Object Repository/obj_reservation/4_/button_Return To Reservation'
	at com.kms.katalon.core.webui.keyword.internal.WebUIKeywordMain.stepFailed(WebUIKeywordMain.groovy:64)
	at com.kms.katalon.core.webui.keyword.internal.WebUIKeywordMain.runKeyword(WebUIKeywordMain.groovy:26)
	at com.kms.katalon.core.webui.keyword.builtin.ClickKeyword.click(ClickKeyword.groovy:99)
	at com.kms.katalon.core.webui.keyword.builtin.ClickKeyword.execute(ClickKeyword.groovy:43)
	at com.kms.katalon.core.keyword.internal.KeywordExecutor.executeKeywordForPlatform(KeywordExecutor.groovy:60)
	at com.kms.katalon.core.webui.keyword.WebUiBuiltInKeywords.click(WebUiBuiltInKeywords.groovy:616)
	at com.kms.katalon.core.webui.keyword.WebUiBuiltInKeywords$click$3.call(Unknown Source)
	at p4p_newReservationBoarding.run(p4p_newReservationBoarding:210)
	at com.kms.katalon.core.main.ScriptEngine.run(ScriptEngine.java:194)
	at com.kms.katalon.core.main.ScriptEngine.runScriptAsRawText(ScriptEngine.java:119)
	at com.kms.katalon.core.main.TestCaseExecutor.runScript(TestCaseExecutor.java:337)
	at com.kms.katalon.core.main.TestCaseExecutor.doExecute(TestCaseExecutor.java:328)
	at com.kms.katalon.core.main.TestCaseExecutor.processExecutionPhase(TestCaseExecutor.java:307)
	at com.kms.katalon.core.main.TestCaseExecutor.accessMainPhase(TestCaseExecutor.java:299)
	at com.kms.katalon.core.main.TestCaseExecutor.execute(TestCaseExecutor.java:233)
	at com.kms.katalon.core.main.TestSuiteExecutor.accessTestCaseMainPhase(TestSuiteExecutor.java:169)
	at com.kms.katalon.core.main.TestSuiteExecutor.accessTestSuiteMainPhase(TestSuiteExecutor.java:142)
	at com.kms.katalon.core.main.TestSuiteExecutor.execute(TestSuiteExecutor.java:91)
	at com.kms.katalon.core.main.TestCaseMain.startTestSuite(TestCaseMain.java:157)
	at com.kms.katalon.core.main.TestCaseMain$startTestSuite$0.call(Unknown Source)
	at TempTestSuite1579117199342.run(TempTestSuite1579117199342.groovy:36)
Caused by: com.kms.katalon.core.webui.exception.WebElementNotFoundException: Web element with id: 'Object Repository/obj_reservation/4_/button_Return To Reservation' located by 'By.xpath: (//button[@type='button'])[13]' not found
	at com.kms.katalon.core.webui.common.WebUiCommonHelper.findWebElement(WebUiCommonHelper.java:1113)
	at com.kms.katalon.core.webui.keyword.internal.WebUIAbstractKeyword.findWebElement(WebUIAbstractKeyword.groovy:27)
	at com.kms.katalon.core.webui.keyword.internal.WebUIAbstractKeyword.findWebElement(WebUIAbstractKeyword.groovy:26)
	at com.kms.katalon.core.webui.keyword.builtin.ClickKeyword$_click_closure1.doCall(ClickKeyword.groovy:68)
	at com.kms.katalon.core.webui.keyword.builtin.ClickKeyword$_click_closure1.call(ClickKeyword.groovy)
	at com.kms.katalon.core.webui.keyword.internal.WebUIKeywordMain.runKeyword(WebUIKeywordMain.groovy:20)
	at com.kms.katalon.core.webui.keyword.builtin.ClickKeyword.click(ClickKeyword.groovy:99)
	at com.kms.katalon.core.webui.keyword.builtin.ClickKeyword.execute(ClickKeyword.groovy:43)
	at com.kms.katalon.core.keyword.internal.KeywordExecutor.executeKeywordForPlatform(KeywordExecutor.groovy:60)
	at com.kms.katalon.core.webui.keyword.WebUiBuiltInKeywords.click(WebUiBuiltInKeywords.groovy:616)
	at com.kms.katalon.core.webui.keyword.WebUiBuiltInKeywords$click$3.call(Unknown Source)
	at Script1576482987688.run(Script1576482987688.groovy:210)
	... 13 more
)

2020-01-15 14:00:46 - [MESSAGE][INFO] - Unable to find the element located by 'By.xpath: (//button[@type='button'])[13]'. Please recheck the objects properties to make sure the desired element is located. 

2020-01-15 14:00:47 - [MESSAGE][FAILED] - Unable to click on object 'Object Repository/obj_reservation/4_/button_Return To Reservation' (Root cause: com.kms.katalon.core.exception.StepFailedException: Unable to click on object 'Object Repository/obj_reservation/4_/button_Return To Reservation'
	at com.kms.katalon.core.webui.keyword.internal.WebUIKeywordMain.stepFailed(WebUIKeywordMain.groovy:64)
	at com.kms.katalon.core.webui.keyword.internal.WebUIKeywordMain.runKeyword(WebUIKeywordMain.groovy:26)
	at com.kms.katalon.core.webui.keyword.builtin.ClickKeyword.click(ClickKeyword.groovy:99)
	at com.kms.katalon.core.webui.keyword.builtin.ClickKeyword.execute(ClickKeyword.groovy:43)
	at com.kms.katalon.core.keyword.internal.KeywordExecutor.executeKeywordForPlatform(KeywordExecutor.groovy:60)
	at com.kms.katalon.core.webui.keyword.WebUiBuiltInKeywords.click(WebUiBuiltInKeywords.groovy:616)
	at com.kms.katalon.core.webui.keyword.WebUiBuiltInKeywords$click$3.call(Unknown Source)
	at p4p_newReservationBoarding.run(p4p_newReservationBoarding:210)
	at com.kms.katalon.core.main.ScriptEngine.run(ScriptEngine.java:194)
	at com.kms.katalon.core.main.ScriptEngine.runScriptAsRawText(ScriptEngine.java:119)
	at com.kms.katalon.core.main.TestCaseExecutor.runScript(TestCaseExecutor.java:337)
	at com.kms.katalon.core.main.TestCaseExecutor.doExecute(TestCaseExecutor.java:328)
	at com.kms.katalon.core.main.TestCaseExecutor.processExecutionPhase(TestCaseExecutor.java:307)
	at com.kms.katalon.core.main.TestCaseExecutor.accessMainPhase(TestCaseExecutor.java:299)
	at com.kms.katalon.core.main.TestCaseExecutor.execute(TestCaseExecutor.java:233)
	at com.kms.katalon.core.main.TestSuiteExecutor.accessTestCaseMainPhase(TestSuiteExecutor.java:169)
	at com.kms.katalon.core.main.TestSuiteExecutor.accessTestSuiteMainPhase(TestSuiteExecutor.java:142)
	at com.kms.katalon.core.main.TestSuiteExecutor.execute(TestSuiteExecutor.java:91)
	at com.kms.katalon.core.main.TestCaseMain.startTestSuite(TestCaseMain.java:157)
	at com.kms.katalon.core.main.TestCaseMain$startTestSuite$0.call(Unknown Source)
	at TempTestSuite1579117199342.run(TempTestSuite1579117199342.groovy:36)
Caused by: com.kms.katalon.core.webui.exception.WebElementNotFoundException: Web element with id: 'Object Repository/obj_reservation/4_/button_Return To Reservation' located by 'By.xpath: (//button[@type='button'])[13]' not found
	at com.kms.katalon.core.webui.common.WebUiCommonHelper.findWebElement(WebUiCommonHelper.java:1113)
	at com.kms.katalon.core.webui.keyword.internal.WebUIAbstractKeyword.findWebElement(WebUIAbstractKeyword.groovy:27)
	at com.kms.katalon.core.webui.keyword.internal.WebUIAbstractKeyword.findWebElement(WebUIAbstractKeyword.groovy:26)
	at com.kms.katalon.core.webui.keyword.builtin.ClickKeyword$_click_closure1.doCall(ClickKeyword.groovy:68)
	at com.kms.katalon.core.webui.keyword.builtin.ClickKeyword$_click_closure1.call(ClickKeyword.groovy)
	at com.kms.katalon.core.webui.keyword.internal.WebUIKeywordMain.runKeyword(WebUIKeywordMain.groovy:20)
	at com.kms.katalon.core.webui.keyword.builtin.ClickKeyword.click(ClickKeyword.groovy:99)
	at com.kms.katalon.core.webui.keyword.builtin.ClickKeyword.execute(ClickKeyword.groovy:43)
	at com.kms.katalon.core.keyword.internal.KeywordExecutor.executeKeywordForPlatform(KeywordExecutor.groovy:60)
	at com.kms.katalon.core.webui.keyword.WebUiBuiltInKeywords.click(WebUiBuiltInKeywords.groovy:616)
	at com.kms.katalon.core.webui.keyword.WebUiBuiltInKeywords$click$3.call(Unknown Source)
	at Script1576482987688.run(Script1576482987688.groovy:210)
	... 13 more
)
[[ATTACHMENT|/home/leonardo-arkusmty/Documents/workspaceKatalon/p4ptest/Reports/20200115_133959/ts_newReservationBoarding/20200115_133959/1579118446857.png]]

2020-01-15 14:00:47 - [TEST_STEP][PASSED] - catch (Exception e): Delayed 1 second(s)

2020-01-15 14:00:47 - [TEST_STEP][PASSED] - e.printStackTrace(): null

2020-01-15 14:00:47 - [TEST_STEP][PASSED] - log.logInfo("ERROR EXCEPCION"): ERROR EXCEPCION

2020-01-15 14:00:47 - [MESSAGE][INFO] - ERROR EXCEPCION

2020-01-15 14:00:47 - [TEST_STEP][PASSED] - cell1Err = rowNewRes.createCell(18, 0): null

2020-01-15 14:00:47 - [TEST_STEP][PASSED] - cell2Err = rowNewRes.createCell(19, 0): null

2020-01-15 14:00:47 - [TEST_STEP][PASSED] - cell1Err.setCellType(CELL_TYPE_STRING): null

2020-01-15 14:00:47 - [TEST_STEP][PASSED] - cell1Err.setCellValue("Error"): null

2020-01-15 14:00:47 - [TEST_STEP][PASSED] - cell2Err.setCellType(CELL_TYPE_STRING): null

2020-01-15 14:00:47 - [TEST_STEP][PASSED] - cell2Err.setCellValue("Reservacion existente"): null

2020-01-15 14:00:47 - [TEST_STEP][PASSED] - fos = new java.io.FileOutputStream(/home/leonardo-arkusmty/Desktop/P4P/DATA_AUTOMATINTESTING/data_1newReservationBoarding.xlsx): null

2020-01-15 14:00:47 - [TEST_STEP][PASSED] - workbookNewRes.write(fos): null

2020-01-15 14:00:47 - [TEST_STEP][PASSED] - fos.close(): null

2020-01-15 14:00:47 - [TEST_STEP][PASSED] - delay(1): Delayed 1 second(s)

2020-01-15 14:00:48 - [MESSAGE][PASSED] - Delayed 1 second(s)

2020-01-15 14:00:48 - [TEST_STEP][PASSED] - delay(3): Delayed 3 second(s)

2020-01-15 14:00:51 - [MESSAGE][PASSED] - Delayed 3 second(s)

2020-01-15 14:00:51 - [TEST_STEP][PASSED] - click(findTestObject("obj_reservation/P4P_2/button_Go to CheckOut")): Object: 'Object Repository/obj_reservation/P4P_2/button_Go to CheckOut' is clicked on

2020-01-15 14:01:22 - [MESSAGE][PASSED] - Object: 'Object Repository/obj_reservation/P4P_2/button_Go to CheckOut' is clicked on

2020-01-15 14:01:22 - [TEST_STEP][PASSED] - delay(2): Delayed 2 second(s)

2020-01-15 14:01:24 - [MESSAGE][PASSED] - Delayed 2 second(s)

2020-01-15 14:01:24 - [TEST_STEP][PASSED] - var_url = getUrl(): Current window's url is: 'https://p4p-qa-bg.aws.paradise4paws.com/reservations/add/?parent_id=122352'

2020-01-15 14:01:25 - [MESSAGE][PASSED] - Current window's url is: 'https://p4p-qa-bg.aws.paradise4paws.com/reservations/add/?parent_id=122352'

2020-01-15 14:01:25 - [TEST_STEP][PASSED] - arrayUrl = var_url.split("/"): null

2020-01-15 14:01:25 - [TEST_STEP][FAILED] - verifyElementText(findTestObject("obj_reservation/P4P_2/span_( BK )"), "( BK )", STOP_ON_FAILURE): Verify element text of test object 'Object Repository/obj_reservation/P4P_2/span_( BK )' FAILED. (Root cause: com.kms.katalon.core.exception.StepFailedException: Verify element text of test object 'Object Repository/obj_reservation/P4P_2/span_( BK )' FAILED.
	at com.kms.katalon.core.webui.keyword.internal.WebUIKeywordMain.stepFailed(WebUIKeywordMain.groovy:64)
	at com.kms.katalon.core.webui.keyword.internal.WebUIKeywordMain.runKeyword(WebUIKeywordMain.groovy:26)
	at com.kms.katalon.core.webui.keyword.builtin.VerifyElementTextKeyword.verifyElementText(VerifyElementTextKeyword.groovy:72)
	at com.kms.katalon.core.webui.keyword.builtin.VerifyElementTextKeyword.execute(VerifyElementTextKeyword.groovy:40)
	at com.kms.katalon.core.keyword.internal.KeywordExecutor.executeKeywordForPlatform(KeywordExecutor.groovy:60)
	at com.kms.katalon.core.webui.keyword.WebUiBuiltInKeywords.verifyElementText(WebUiBuiltInKeywords.groovy:3647)
	at com.kms.katalon.core.webui.keyword.WebUiBuiltInKeywords$verifyElementText$6.call(Unknown Source)
	at p4p_newReservationBoarding.run(p4p_newReservationBoarding:236)
	at com.kms.katalon.core.main.ScriptEngine.run(ScriptEngine.java:194)
	at com.kms.katalon.core.main.ScriptEngine.runScriptAsRawText(ScriptEngine.java:119)
	at com.kms.katalon.core.main.TestCaseExecutor.runScript(TestCaseExecutor.java:337)
	at com.kms.katalon.core.main.TestCaseExecutor.doExecute(TestCaseExecutor.java:328)
	at com.kms.katalon.core.main.TestCaseExecutor.processExecutionPhase(TestCaseExecutor.java:307)
	at com.kms.katalon.core.main.TestCaseExecutor.accessMainPhase(TestCaseExecutor.java:299)
	at com.kms.katalon.core.main.TestCaseExecutor.execute(TestCaseExecutor.java:233)
	at com.kms.katalon.core.main.TestSuiteExecutor.accessTestCaseMainPhase(TestSuiteExecutor.java:169)
	at com.kms.katalon.core.main.TestSuiteExecutor.accessTestSuiteMainPhase(TestSuiteExecutor.java:142)
	at com.kms.katalon.core.main.TestSuiteExecutor.execute(TestSuiteExecutor.java:91)
	at com.kms.katalon.core.main.TestCaseMain.startTestSuite(TestCaseMain.java:157)
	at com.kms.katalon.core.main.TestCaseMain$startTestSuite$0.call(Unknown Source)
	at TempTestSuite1579117199342.run(TempTestSuite1579117199342.groovy:36)
Caused by: com.kms.katalon.core.exception.StepFailedException: com.kms.katalon.core.webui.exception.WebElementNotFoundException: Web element with id: 'Object Repository/obj_reservation/P4P_2/span_( BK )' located by 'By.xpath: //div[@id='wrapper']/div/div/div/div/div/div/ul/li[4]/a/tab-heading/span' not found
	at com.kms.katalon.core.webui.keyword.internal.WebUIKeywordMain.stepFailed(WebUIKeywordMain.groovy:64)
	at com.kms.katalon.core.webui.keyword.builtin.VerifyElementTextKeyword$_verifyElementText_closure1.doCall(VerifyElementTextKeyword.groovy:64)
	at com.kms.katalon.core.webui.keyword.builtin.VerifyElementTextKeyword$_verifyElementText_closure1.call(VerifyElementTextKeyword.groovy)
	at com.kms.katalon.core.webui.keyword.internal.WebUIKeywordMain.runKeyword(WebUIKeywordMain.groovy:20)
	... 19 more
)

2020-01-15 14:02:11 - [MESSAGE][INFO] - Unable to find the element located by 'By.xpath: //div[@id='wrapper']/div/div/div/div/div/div/ul/li[4]/a/tab-heading/span'. Please recheck the objects properties to make sure the desired element is located. 

2020-01-15 14:02:11 - [MESSAGE][FAILED] - com.kms.katalon.core.webui.exception.WebElementNotFoundException: Web element with id: 'Object Repository/obj_reservation/P4P_2/span_( BK )' located by 'By.xpath: //div[@id='wrapper']/div/div/div/div/div/div/ul/li[4]/a/tab-heading/span' not found (Root cause: com.kms.katalon.core.exception.StepFailedException: com.kms.katalon.core.webui.exception.WebElementNotFoundException: Web element with id: 'Object Repository/obj_reservation/P4P_2/span_( BK )' located by 'By.xpath: //div[@id='wrapper']/div/div/div/div/div/div/ul/li[4]/a/tab-heading/span' not found
	at com.kms.katalon.core.webui.keyword.internal.WebUIKeywordMain.stepFailed(WebUIKeywordMain.groovy:64)
	at com.kms.katalon.core.webui.keyword.builtin.VerifyElementTextKeyword$_verifyElementText_closure1.doCall(VerifyElementTextKeyword.groovy:64)
	at com.kms.katalon.core.webui.keyword.builtin.VerifyElementTextKeyword$_verifyElementText_closure1.call(VerifyElementTextKeyword.groovy)
	at com.kms.katalon.core.webui.keyword.internal.WebUIKeywordMain.runKeyword(WebUIKeywordMain.groovy:20)
	at com.kms.katalon.core.webui.keyword.builtin.VerifyElementTextKeyword.verifyElementText(VerifyElementTextKeyword.groovy:72)
	at com.kms.katalon.core.webui.keyword.builtin.VerifyElementTextKeyword.execute(VerifyElementTextKeyword.groovy:40)
	at com.kms.katalon.core.keyword.internal.KeywordExecutor.executeKeywordForPlatform(KeywordExecutor.groovy:60)
	at com.kms.katalon.core.webui.keyword.WebUiBuiltInKeywords.verifyElementText(WebUiBuiltInKeywords.groovy:3647)
	at com.kms.katalon.core.webui.keyword.WebUiBuiltInKeywords$verifyElementText$6.call(Unknown Source)
	at p4p_newReservationBoarding.run(p4p_newReservationBoarding:236)
	at com.kms.katalon.core.main.ScriptEngine.run(ScriptEngine.java:194)
	at com.kms.katalon.core.main.ScriptEngine.runScriptAsRawText(ScriptEngine.java:119)
	at com.kms.katalon.core.main.TestCaseExecutor.runScript(TestCaseExecutor.java:337)
	at com.kms.katalon.core.main.TestCaseExecutor.doExecute(TestCaseExecutor.java:328)
	at com.kms.katalon.core.main.TestCaseExecutor.processExecutionPhase(TestCaseExecutor.java:307)
	at com.kms.katalon.core.main.TestCaseExecutor.accessMainPhase(TestCaseExecutor.java:299)
	at com.kms.katalon.core.main.TestCaseExecutor.execute(TestCaseExecutor.java:233)
	at com.kms.katalon.core.main.TestSuiteExecutor.accessTestCaseMainPhase(TestSuiteExecutor.java:169)
	at com.kms.katalon.core.main.TestSuiteExecutor.accessTestSuiteMainPhase(TestSuiteExecutor.java:142)
	at com.kms.katalon.core.main.TestSuiteExecutor.execute(TestSuiteExecutor.java:91)
	at com.kms.katalon.core.main.TestCaseMain.startTestSuite(TestCaseMain.java:157)
	at com.kms.katalon.core.main.TestCaseMain$startTestSuite$0.call(Unknown Source)
	at TempTestSuite1579117199342.run(TempTestSuite1579117199342.groovy:36)
)
[[ATTACHMENT|/home/leonardo-arkusmty/Documents/workspaceKatalon/p4ptest/Reports/20200115_133959/ts_newReservationBoarding/20200115_133959/1579118531013.png]]

2020-01-15 14:02:11 - [MESSAGE][FAILED] - Verify element text of test object 'Object Repository/obj_reservation/P4P_2/span_( BK )' FAILED. (Root cause: com.kms.katalon.core.exception.StepFailedException: Verify element text of test object 'Object Repository/obj_reservation/P4P_2/span_( BK )' FAILED.
	at com.kms.katalon.core.webui.keyword.internal.WebUIKeywordMain.stepFailed(WebUIKeywordMain.groovy:64)
	at com.kms.katalon.core.webui.keyword.internal.WebUIKeywordMain.runKeyword(WebUIKeywordMain.groovy:26)
	at com.kms.katalon.core.webui.keyword.builtin.VerifyElementTextKeyword.verifyElementText(VerifyElementTextKeyword.groovy:72)
	at com.kms.katalon.core.webui.keyword.builtin.VerifyElementTextKeyword.execute(VerifyElementTextKeyword.groovy:40)
	at com.kms.katalon.core.keyword.internal.KeywordExecutor.executeKeywordForPlatform(KeywordExecutor.groovy:60)
	at com.kms.katalon.core.webui.keyword.WebUiBuiltInKeywords.verifyElementText(WebUiBuiltInKeywords.groovy:3647)
	at com.kms.katalon.core.webui.keyword.WebUiBuiltInKeywords$verifyElementText$6.call(Unknown Source)
	at p4p_newReservationBoarding.run(p4p_newReservationBoarding:236)
	at com.kms.katalon.core.main.ScriptEngine.run(ScriptEngine.java:194)
	at com.kms.katalon.core.main.ScriptEngine.runScriptAsRawText(ScriptEngine.java:119)
	at com.kms.katalon.core.main.TestCaseExecutor.runScript(TestCaseExecutor.java:337)
	at com.kms.katalon.core.main.TestCaseExecutor.doExecute(TestCaseExecutor.java:328)
	at com.kms.katalon.core.main.TestCaseExecutor.processExecutionPhase(TestCaseExecutor.java:307)
	at com.kms.katalon.core.main.TestCaseExecutor.accessMainPhase(TestCaseExecutor.java:299)
	at com.kms.katalon.core.main.TestCaseExecutor.execute(TestCaseExecutor.java:233)
	at com.kms.katalon.core.main.TestSuiteExecutor.accessTestCaseMainPhase(TestSuiteExecutor.java:169)
	at com.kms.katalon.core.main.TestSuiteExecutor.accessTestSuiteMainPhase(TestSuiteExecutor.java:142)
	at com.kms.katalon.core.main.TestSuiteExecutor.execute(TestSuiteExecutor.java:91)
	at com.kms.katalon.core.main.TestCaseMain.startTestSuite(TestCaseMain.java:157)
	at com.kms.katalon.core.main.TestCaseMain$startTestSuite$0.call(Unknown Source)
	at TempTestSuite1579117199342.run(TempTestSuite1579117199342.groovy:36)
Caused by: com.kms.katalon.core.exception.StepFailedException: com.kms.katalon.core.webui.exception.WebElementNotFoundException: Web element with id: 'Object Repository/obj_reservation/P4P_2/span_( BK )' located by 'By.xpath: //div[@id='wrapper']/div/div/div/div/div/div/ul/li[4]/a/tab-heading/span' not found
	at com.kms.katalon.core.webui.keyword.internal.WebUIKeywordMain.stepFailed(WebUIKeywordMain.groovy:64)
	at com.kms.katalon.core.webui.keyword.builtin.VerifyElementTextKeyword$_verifyElementText_closure1.doCall(VerifyElementTextKeyword.groovy:64)
	at com.kms.katalon.core.webui.keyword.builtin.VerifyElementTextKeyword$_verifyElementText_closure1.call(VerifyElementTextKeyword.groovy)
	at com.kms.katalon.core.webui.keyword.internal.WebUIKeywordMain.runKeyword(WebUIKeywordMain.groovy:20)
	... 19 more
)
[[ATTACHMENT|/home/leonardo-arkusmty/Documents/workspaceKatalon/p4ptest/Reports/20200115_133959/ts_newReservationBoarding/20200115_133959/1579118531310.png]]]]></system-out>
         <system-err><![CDATA[2020-01-15 13:59:13 - [TEST_CASE][FAILED] - Test Cases/p4p_newReservationBoarding: Test Cases/p4p_newReservationBoarding FAILED.
Reason:
com.kms.katalon.core.exception.StepFailedException: Verify element text of test object 'Object Repository/obj_reservation/P4P_2/span_( BK )' FAILED.
	at com.kms.katalon.core.webui.keyword.internal.WebUIKeywordMain.stepFailed(WebUIKeywordMain.groovy:64)
	at com.kms.katalon.core.webui.keyword.internal.WebUIKeywordMain.runKeyword(WebUIKeywordMain.groovy:26)
	at com.kms.katalon.core.webui.keyword.builtin.VerifyElementTextKeyword.verifyElementText(VerifyElementTextKeyword.groovy:72)
	at com.kms.katalon.core.webui.keyword.builtin.VerifyElementTextKeyword.execute(VerifyElementTextKeyword.groovy:40)
	at com.kms.katalon.core.keyword.internal.KeywordExecutor.executeKeywordForPlatform(KeywordExecutor.groovy:60)
	at com.kms.katalon.core.webui.keyword.WebUiBuiltInKeywords.verifyElementText(WebUiBuiltInKeywords.groovy:3647)
	at com.kms.katalon.core.webui.keyword.WebUiBuiltInKeywords$verifyElementText$6.call(Unknown Source)
	at p4p_newReservationBoarding.run(p4p_newReservationBoarding:236)
	at com.kms.katalon.core.main.ScriptEngine.run(ScriptEngine.java:194)
	at com.kms.katalon.core.main.ScriptEngine.runScriptAsRawText(ScriptEngine.java:119)
	at com.kms.katalon.core.main.TestCaseExecutor.runScript(TestCaseExecutor.java:337)
	at com.kms.katalon.core.main.TestCaseExecutor.doExecute(TestCaseExecutor.java:328)
	at com.kms.katalon.core.main.TestCaseExecutor.processExecutionPhase(TestCaseExecutor.java:307)
	at com.kms.katalon.core.main.TestCaseExecutor.accessMainPhase(TestCaseExecutor.java:299)
	at com.kms.katalon.core.main.TestCaseExecutor.execute(TestCaseExecutor.java:233)
	at com.kms.katalon.core.main.TestSuiteExecutor.accessTestCaseMainPhase(TestSuiteExecutor.java:169)
	at com.kms.katalon.core.main.TestSuiteExecutor.accessTestSuiteMainPhase(TestSuiteExecutor.java:142)
	at com.kms.katalon.core.main.TestSuiteExecutor.execute(TestSuiteExecutor.java:91)
	at com.kms.katalon.core.main.TestCaseMain.startTestSuite(TestCaseMain.java:157)
	at com.kms.katalon.core.main.TestCaseMain$startTestSuite$0.call(Unknown Source)
	at TempTestSuite1579117199342.run(TempTestSuite1579117199342.groovy:36)
Caused by: com.kms.katalon.core.exception.StepFailedException: com.kms.katalon.core.webui.exception.WebElementNotFoundException: Web element with id: 'Object Repository/obj_reservation/P4P_2/span_( BK )' located by 'By.xpath: //div[@id='wrapper']/div/div/div/div/div/div/ul/li[4]/a/tab-heading/span' not found
	at com.kms.katalon.core.webui.keyword.internal.WebUIKeywordMain.stepFailed(WebUIKeywordMain.groovy:64)
	at com.kms.katalon.core.webui.keyword.builtin.VerifyElementTextKeyword$_verifyElementText_closure1.doCall(VerifyElementTextKeyword.groovy:64)
	at com.kms.katalon.core.webui.keyword.builtin.VerifyElementTextKeyword$_verifyElementText_closure1.call(VerifyElementTextKeyword.groovy)
	at com.kms.katalon.core.webui.keyword.internal.WebUIKeywordMain.runKeyword(WebUIKeywordMain.groovy:20)
	... 19 more]]></system-err>
      </testcase>
      <system-out><![CDATA[2020-01-15 13:40:00 - [TEST_SUITE][FAILED] - ts_newReservationBoarding: Test Cases/p4p_newReservationBoarding FAILED.
Reason:
com.kms.katalon.core.exception.StepFailedException: Verify element text of test object 'Object Repository/obj_reservation/P4P_2/span_( BK )' FAILED.
	at com.kms.katalon.core.webui.keyword.internal.WebUIKeywordMain.stepFailed(WebUIKeywordMain.groovy:64)
	at com.kms.katalon.core.webui.keyword.internal.WebUIKeywordMain.runKeyword(WebUIKeywordMain.groovy:26)
	at com.kms.katalon.core.webui.keyword.builtin.VerifyElementTextKeyword.verifyElementText(VerifyElementTextKeyword.groovy:72)
	at com.kms.katalon.core.webui.keyword.builtin.VerifyElementTextKeyword.execute(VerifyElementTextKeyword.groovy:40)
	at com.kms.katalon.core.keyword.internal.KeywordExecutor.executeKeywordForPlatform(KeywordExecutor.groovy:60)
	at com.kms.katalon.core.webui.keyword.WebUiBuiltInKeywords.verifyElementText(WebUiBuiltInKeywords.groovy:3647)
	at com.kms.katalon.core.webui.keyword.WebUiBuiltInKeywords$verifyElementText$6.call(Unknown Source)
	at p4p_newReservationBoarding.run(p4p_newReservationBoarding:236)
	at com.kms.katalon.core.main.ScriptEngine.run(ScriptEngine.java:194)
	at com.kms.katalon.core.main.ScriptEngine.runScriptAsRawText(ScriptEngine.java:119)
	at com.kms.katalon.core.main.TestCaseExecutor.runScript(TestCaseExecutor.java:337)
	at com.kms.katalon.core.main.TestCaseExecutor.doExecute(TestCaseExecutor.java:328)
	at com.kms.katalon.core.main.TestCaseExecutor.processExecutionPhase(TestCaseExecutor.java:307)
	at com.kms.katalon.core.main.TestCaseExecutor.accessMainPhase(TestCaseExecutor.java:299)
	at com.kms.katalon.core.main.TestCaseExecutor.execute(TestCaseExecutor.java:233)
	at com.kms.katalon.core.main.TestSuiteExecutor.accessTestCaseMainPhase(TestSuiteExecutor.java:169)
	at com.kms.katalon.core.main.TestSuiteExecutor.accessTestSuiteMainPhase(TestSuiteExecutor.java:142)
	at com.kms.katalon.core.main.TestSuiteExecutor.execute(TestSuiteExecutor.java:91)
	at com.kms.katalon.core.main.TestCaseMain.startTestSuite(TestCaseMain.java:157)
	at com.kms.katalon.core.main.TestCaseMain$startTestSuite$0.call(Unknown Source)
	at TempTestSuite1579117199342.run(TempTestSuite1579117199342.groovy:36)
Caused by: com.kms.katalon.core.exception.StepFailedException: com.kms.katalon.core.webui.exception.WebElementNotFoundException: Web element with id: 'Object Repository/obj_reservation/P4P_2/span_( BK )' located by 'By.xpath: //div[@id='wrapper']/div/div/div/div/div/div/ul/li[4]/a/tab-heading/span' not found
	at com.kms.katalon.core.webui.keyword.internal.WebUIKeywordMain.stepFailed(WebUIKeywordMain.groovy:64)
	at com.kms.katalon.core.webui.keyword.builtin.VerifyElementTextKeyword$_verifyElementText_closure1.doCall(VerifyElementTextKeyword.groovy:64)
	at com.kms.katalon.core.webui.keyword.builtin.VerifyElementTextKeyword$_verifyElementText_closure1.call(VerifyElementTextKeyword.groovy)
	at com.kms.katalon.core.webui.keyword.internal.WebUIKeywordMain.runKeyword(WebUIKeywordMain.groovy:20)
	... 19 more]]></system-out>
      <system-err><![CDATA[2020-01-15 13:40:00 - [TEST_SUITE][FAILED] - ts_newReservationBoarding: Test Cases/p4p_newReservationBoarding FAILED.
Reason:
com.kms.katalon.core.exception.StepFailedException: Verify element text of test object 'Object Repository/obj_reservation/P4P_2/span_( BK )' FAILED.
	at com.kms.katalon.core.webui.keyword.internal.WebUIKeywordMain.stepFailed(WebUIKeywordMain.groovy:64)
	at com.kms.katalon.core.webui.keyword.internal.WebUIKeywordMain.runKeyword(WebUIKeywordMain.groovy:26)
	at com.kms.katalon.core.webui.keyword.builtin.VerifyElementTextKeyword.verifyElementText(VerifyElementTextKeyword.groovy:72)
	at com.kms.katalon.core.webui.keyword.builtin.VerifyElementTextKeyword.execute(VerifyElementTextKeyword.groovy:40)
	at com.kms.katalon.core.keyword.internal.KeywordExecutor.executeKeywordForPlatform(KeywordExecutor.groovy:60)
	at com.kms.katalon.core.webui.keyword.WebUiBuiltInKeywords.verifyElementText(WebUiBuiltInKeywords.groovy:3647)
	at com.kms.katalon.core.webui.keyword.WebUiBuiltInKeywords$verifyElementText$6.call(Unknown Source)
	at p4p_newReservationBoarding.run(p4p_newReservationBoarding:236)
	at com.kms.katalon.core.main.ScriptEngine.run(ScriptEngine.java:194)
	at com.kms.katalon.core.main.ScriptEngine.runScriptAsRawText(ScriptEngine.java:119)
	at com.kms.katalon.core.main.TestCaseExecutor.runScript(TestCaseExecutor.java:337)
	at com.kms.katalon.core.main.TestCaseExecutor.doExecute(TestCaseExecutor.java:328)
	at com.kms.katalon.core.main.TestCaseExecutor.processExecutionPhase(TestCaseExecutor.java:307)
	at com.kms.katalon.core.main.TestCaseExecutor.accessMainPhase(TestCaseExecutor.java:299)
	at com.kms.katalon.core.main.TestCaseExecutor.execute(TestCaseExecutor.java:233)
	at com.kms.katalon.core.main.TestSuiteExecutor.accessTestCaseMainPhase(TestSuiteExecutor.java:169)
	at com.kms.katalon.core.main.TestSuiteExecutor.accessTestSuiteMainPhase(TestSuiteExecutor.java:142)
	at com.kms.katalon.core.main.TestSuiteExecutor.execute(TestSuiteExecutor.java:91)
	at com.kms.katalon.core.main.TestCaseMain.startTestSuite(TestCaseMain.java:157)
	at com.kms.katalon.core.main.TestCaseMain$startTestSuite$0.call(Unknown Source)
	at TempTestSuite1579117199342.run(TempTestSuite1579117199342.groovy:36)
Caused by: com.kms.katalon.core.exception.StepFailedException: com.kms.katalon.core.webui.exception.WebElementNotFoundException: Web element with id: 'Object Repository/obj_reservation/P4P_2/span_( BK )' located by 'By.xpath: //div[@id='wrapper']/div/div/div/div/div/div/ul/li[4]/a/tab-heading/span' not found
	at com.kms.katalon.core.webui.keyword.internal.WebUIKeywordMain.stepFailed(WebUIKeywordMain.groovy:64)
	at com.kms.katalon.core.webui.keyword.builtin.VerifyElementTextKeyword$_verifyElementText_closure1.doCall(VerifyElementTextKeyword.groovy:64)
	at com.kms.katalon.core.webui.keyword.builtin.VerifyElementTextKeyword$_verifyElementText_closure1.call(VerifyElementTextKeyword.groovy)
	at com.kms.katalon.core.webui.keyword.internal.WebUIKeywordMain.runKeyword(WebUIKeywordMain.groovy:20)
	... 19 more]]></system-err>
   </testsuite>
</testsuites>
