<?xml version="1.0" encoding="UTF-8"?>
<testsuites name="ts_newReservationBoarding" time="219.062" tests="3" failures="0" errors="0">
   <testsuite name="ts_newReservationBoarding" tests="3" failures="0" errors="0" time="219.062" timestamp="2019-12-12 11:20:54" hostname="leonardo-arkusmty - leonardoarkusmty-Inspiron-5577" id="Test Suites/ts_newReservationBoarding">
      <properties>
         <property name="deviceName" value=""/>
         <property name="devicePlatform" value=""/>
         <property name="logFolder" value="/home/leonardo-arkusmty/Documents/workspaceKatalon/p4ptest/Reports/20191212_112052/ts_newReservationBoarding/20191212_112052"/>
         <property name="logFiles" value="/home/leonardo-arkusmty/Documents/workspaceKatalon/p4ptest/Reports/20191212_112052/ts_newReservationBoarding/20191212_112052/execution0.log"/>
         <property name="attachments" value=""/>
         <property name="hostName" value="leonardo-arkusmty - leonardoarkusmty-Inspiron-5577"/>
         <property name="os" value="Linux 64bit"/>
         <property name="katalonVersion" value="7.0.8.1"/>
         <property name="browser" value="Firefox 70.0"/>
         <property name="hostAddress" value="127.0.1.1"/>
         <property name="sessionId" value="b0c11e37-ec6a-42f2-a50c-3c5f0987a7c4"/>
         <property name="seleniumVersion" value="3.141.59"/>
         <property name="proxyInformation" value="ProxyInformation{proxyOption=NO_PROXY, proxyServerType=HTTP, password=, proxyServerAddress=, proxyServerPort=0}"/>
         <property name="platform" value="Linux"/>
      </properties>
      <testcase name="Test Cases/p4p_newReservation" time="65.842" classname="Test Cases/p4p_newReservation" status="PASSED">
         <system-out><![CDATA[2019-12-12 11:20:54 - [TEST_CASE][PASSED] - Test Cases/p4p_newReservation: Test Cases/p4p_newReservation

2019-12-12 11:20:55 - [TEST_STEP][PASSED] - openBrowser("https://p4p-qa-bg.aws.paradise4paws.com/login/"): Browser is opened with url: 'https://p4p-qa-bg.aws.paradise4paws.com/login/'

2019-12-12 11:20:55 - [MESSAGE][INFO] - Starting 'Firefox' driver

2019-12-12 11:20:55 - [MESSAGE][INFO] - Action delay is set to 0 seconds

2019-12-12 11:20:59 - [MESSAGE][PASSED] - Browser is opened with url: 'https://p4p-qa-bg.aws.paradise4paws.com/login/'

2019-12-12 11:20:59 - [TEST_STEP][PASSED] - setText(findTestObject("Object Repository/object_login/input_user"), var_user): Text 'jegchavez@gmail.com' is set on object 'Object Repository/object_login/input_user'

2019-12-12 11:21:00 - [MESSAGE][PASSED] - Text 'jegchavez@gmail.com' is set on object 'Object Repository/object_login/input_user'

2019-12-12 11:21:00 - [TEST_STEP][PASSED] - setText(findTestObject("Object Repository/object_login/input_pass"), var_pass): Text 'admin1' is set on object 'Object Repository/object_login/input_pass'

2019-12-12 11:21:01 - [MESSAGE][PASSED] - Text 'admin1' is set on object 'Object Repository/object_login/input_pass'

2019-12-12 11:21:01 - [TEST_STEP][PASSED] - delay(2): Delayed 2 second(s)

2019-12-12 11:21:03 - [MESSAGE][PASSED] - Delayed 2 second(s)

2019-12-12 11:21:03 - [TEST_STEP][PASSED] - verifyElementClickable(findTestObject("Object Repository/object_login/btn_login")): Object 'Object Repository/object_login/btn_login' is clickable

2019-12-12 11:21:03 - [MESSAGE][PASSED] - Object 'Object Repository/object_login/btn_login' is clickable

2019-12-12 11:21:03 - [TEST_STEP][PASSED] - click(findTestObject("Object Repository/object_login/btn_login")): Object: 'Object Repository/object_login/btn_login' is clicked on

2019-12-12 11:21:07 - [MESSAGE][PASSED] - Object: 'Object Repository/object_login/btn_login' is clicked on

2019-12-12 11:21:07 - [TEST_STEP][PASSED] - delay(2): Delayed 2 second(s)

2019-12-12 11:21:09 - [MESSAGE][PASSED] - Delayed 2 second(s)

2019-12-12 11:21:09 - [TEST_STEP][PASSED] - setText(findTestObject("Object Repository/object_dashboard_emp/input_search"), var_searchParent): Text 'leongarzagarza@hotmail.com' is set on object 'Object Repository/object_dashboard_emp/input_search'

2019-12-12 11:21:09 - [MESSAGE][PASSED] - Text 'leongarzagarza@hotmail.com' is set on object 'Object Repository/object_dashboard_emp/input_search'

2019-12-12 11:21:09 - [TEST_STEP][PASSED] - click(findTestObject("Object Repository/object_dashboard_emp/btn_accountSearch")): Object: 'Object Repository/object_dashboard_emp/btn_accountSearch' is clicked on

2019-12-12 11:21:10 - [MESSAGE][PASSED] - Object: 'Object Repository/object_dashboard_emp/btn_accountSearch' is clicked on

2019-12-12 11:21:10 - [TEST_STEP][PASSED] - delay(2): Delayed 2 second(s)

2019-12-12 11:21:12 - [MESSAGE][PASSED] - Delayed 2 second(s)

2019-12-12 11:21:12 - [TEST_STEP][PASSED] - click(findTestObject("Object Repository/object_accountInformation/a_TEST GABRIEL PROD")): Object: 'Object Repository/object_accountInformation/a_TEST GABRIEL PROD' is clicked on

2019-12-12 11:21:16 - [MESSAGE][PASSED] - Object: 'Object Repository/object_accountInformation/a_TEST GABRIEL PROD' is clicked on

2019-12-12 11:21:16 - [TEST_STEP][PASSED] - delay(2): Delayed 2 second(s)

2019-12-12 11:21:18 - [MESSAGE][PASSED] - Delayed 2 second(s)

2019-12-12 11:21:18 - [TEST_STEP][PASSED] - click(findTestObject("Object Repository/object_profile/a_addReservation")): Object: 'Object Repository/object_profile/a_addReservation' is clicked on

2019-12-12 11:21:20 - [MESSAGE][PASSED] - Object: 'Object Repository/object_profile/a_addReservation' is clicked on

2019-12-12 11:21:20 - [TEST_STEP][PASSED] - delay(2): Delayed 2 second(s)

2019-12-12 11:21:22 - [MESSAGE][PASSED] - Delayed 2 second(s)

2019-12-12 11:21:22 - [TEST_STEP][PASSED] - flagBoar = "0": null

2019-12-12 11:21:22 - [TEST_STEP][PASSED] - log = new com.kms.katalon.core.logging.KeywordLogger(): null

2019-12-12 11:21:22 - [TEST_STEP][PASSED] - log.logInfo(var_typeReserveation): Boarding

2019-12-12 11:21:22 - [MESSAGE][INFO] - Boarding

2019-12-12 11:21:22 - [TEST_STEP][PASSED] - if (var_typeReserveation == "Boarding"): null

2019-12-12 11:21:22 - [TEST_STEP][PASSED] - click(findTestObject("Object Repository/object_reservation/btn_Boarding")): Object: 'Object Repository/object_reservation/btn_Boarding' is clicked on

2019-12-12 11:21:22 - [MESSAGE][PASSED] - Object: 'Object Repository/object_reservation/btn_Boarding' is clicked on

2019-12-12 11:21:22 - [TEST_STEP][PASSED] - flagBoar = "1": null

2019-12-12 11:21:22 - [TEST_STEP][PASSED] - click(findTestObject("Object Repository/object_reservation/i_location")): Object: 'Object Repository/object_reservation/i_location' is clicked on

2019-12-12 11:21:25 - [MESSAGE][PASSED] - Object: 'Object Repository/object_reservation/i_location' is clicked on

2019-12-12 11:21:25 - [TEST_STEP][PASSED] - switch (var_idFacility): null

2019-12-12 11:21:25 - [TEST_STEP][PASSED] - dateCI = var_checkinD.split(","): null

2019-12-12 11:21:25 - [TEST_STEP][PASSED] - dateCO = var_checkoutD.split(","): null

2019-12-12 11:21:25 - [TEST_STEP][PASSED] - arryPets = var_pets.split(","): null

2019-12-12 11:21:25 - [TEST_STEP][PASSED] - delay(2): Delayed 2 second(s)

2019-12-12 11:21:27 - [MESSAGE][PASSED] - Delayed 2 second(s)

2019-12-12 11:21:27 - [TEST_STEP][PASSED] - if (var_repeting == "Y"): null

2019-12-12 11:21:27 - [TEST_STEP][PASSED] - click(findTestObject("Object Repository/object_reservation/dateCheckIn")): Object: 'Object Repository/object_reservation/dateCheckIn' is clicked on

2019-12-12 11:21:27 - [MESSAGE][PASSED] - Object: 'Object Repository/object_reservation/dateCheckIn' is clicked on

2019-12-12 11:21:27 - [TEST_STEP][PASSED] - delay(2): Delayed 2 second(s)

2019-12-12 11:21:29 - [MESSAGE][PASSED] - Delayed 2 second(s)

2019-12-12 11:21:29 - [TEST_STEP][PASSED] - switch (dateCI[0]): null

2019-12-12 11:21:29 - [TEST_STEP][PASSED] - case "1":: null

2019-12-12 11:21:29 - [TEST_STEP][PASSED] - click(findTestObject("Object Repository/Page_Paradise 4 Paws  Dog Boarding Cat Boarding Norwalk Pooch Hotel/button_01_ci")): Object: 'Object Repository/Page_Paradise 4 Paws  Dog Boarding Cat Boarding Norwalk Pooch Hotel/button_01_ci' is clicked on

2019-12-12 11:21:30 - [MESSAGE][PASSED] - Object: 'Object Repository/Page_Paradise 4 Paws  Dog Boarding Cat Boarding Norwalk Pooch Hotel/button_01_ci' is clicked on

2019-12-12 11:21:30 - [TEST_STEP][PASSED] - break: null

2019-12-12 11:21:30 - [TEST_STEP][PASSED] - log.logInfo("PRUEBA FLAG"): PRUEBA FLAG

2019-12-12 11:21:30 - [MESSAGE][INFO] - PRUEBA FLAG

2019-12-12 11:21:30 - [TEST_STEP][PASSED] - log.logInfo(flagBoar): 1

2019-12-12 11:21:30 - [MESSAGE][INFO] - 1

2019-12-12 11:21:30 - [TEST_STEP][PASSED] - if (flagBoar == "1"): null

2019-12-12 11:21:30 - [TEST_STEP][PASSED] - click(findTestObject("Object Repository/object_reservation/dateCheckOut")): Object: 'Object Repository/object_reservation/dateCheckOut' is clicked on

2019-12-12 11:21:30 - [MESSAGE][PASSED] - Object: 'Object Repository/object_reservation/dateCheckOut' is clicked on

2019-12-12 11:21:30 - [TEST_STEP][PASSED] - log.logInfo(dateCO[0]): 2

2019-12-12 11:21:30 - [MESSAGE][INFO] - 2

2019-12-12 11:21:30 - [TEST_STEP][PASSED] - switch (dateCO[0]): null

2019-12-12 11:21:30 - [TEST_STEP][PASSED] - case "2":: null

2019-12-12 11:21:30 - [TEST_STEP][PASSED] - click(findTestObject("Object Repository/Page_Paradise 4 Paws  Dog Boarding Cat Boarding Norwalk Pooch Hotel/button_02_co")): Object: 'Object Repository/Page_Paradise 4 Paws  Dog Boarding Cat Boarding Norwalk Pooch Hotel/button_02_co' is clicked on

2019-12-12 11:21:31 - [MESSAGE][PASSED] - Object: 'Object Repository/Page_Paradise 4 Paws  Dog Boarding Cat Boarding Norwalk Pooch Hotel/button_02_co' is clicked on

2019-12-12 11:21:31 - [TEST_STEP][PASSED] - break: null

2019-12-12 11:21:31 - [TEST_STEP][NOT_RUN] - click(findTestObject("Object Repository/object_reservationCalendar/CO_close")): NOT_RUN: click(findTestObject("Object Repository/object_reservationCalendar/CO_close"))

2019-12-12 11:21:31 - [MESSAGE][NOT_RUN] - NOT_RUN: click(findTestObject("Object Repository/object_reservationCalendar/CO_close"))

2019-12-12 11:21:31 - [TEST_STEP][PASSED] - click(findTestObject("Object Repository/object_reservation/timeCheckin")): Object: 'Object Repository/object_reservation/timeCheckin' is clicked on

2019-12-12 11:21:32 - [MESSAGE][PASSED] - Object: 'Object Repository/object_reservation/timeCheckin' is clicked on

2019-12-12 11:21:32 - [TEST_STEP][PASSED] - log.logInfo("test timePicker"): test timePicker

2019-12-12 11:21:32 - [MESSAGE][INFO] - test timePicker

2019-12-12 11:21:32 - [TEST_STEP][PASSED] - switch (var_checkinT): null

2019-12-12 11:21:32 - [TEST_STEP][PASSED] - case "800":: null

2019-12-12 11:21:32 - [TEST_STEP][PASSED] - click(findTestObject("Object Repository/Page_Paradise 4 Paws  Dog Boarding Cat Boarding Norwalk Pooch Hotel/time_800am_ci")): Object: 'Object Repository/Page_Paradise 4 Paws  Dog Boarding Cat Boarding Norwalk Pooch Hotel/time_800am_ci' is clicked on

2019-12-12 11:21:32 - [MESSAGE][PASSED] - Object: 'Object Repository/Page_Paradise 4 Paws  Dog Boarding Cat Boarding Norwalk Pooch Hotel/time_800am_ci' is clicked on

2019-12-12 11:21:32 - [TEST_STEP][PASSED] - break: null

2019-12-12 11:21:32 - [TEST_STEP][PASSED] - click(findTestObject("Object Repository/object_reservation/timeCheckOut")): Object: 'Object Repository/object_reservation/timeCheckOut' is clicked on

2019-12-12 11:21:33 - [MESSAGE][PASSED] - Object: 'Object Repository/object_reservation/timeCheckOut' is clicked on

2019-12-12 11:21:33 - [TEST_STEP][PASSED] - switch (var_checkoutT): null

2019-12-12 11:21:33 - [TEST_STEP][PASSED] - case "1200":: null

2019-12-12 11:21:33 - [TEST_STEP][PASSED] - log.logInfo("test 1200"): test 1200

2019-12-12 11:21:33 - [MESSAGE][INFO] - test 1200

2019-12-12 11:21:33 - [TEST_STEP][PASSED] - click(findTestObject("Object Repository/Page_Paradise 4 Paws  Dog Boarding Cat Boarding Norwalk Pooch Hotel/time_1200pm_co")): Object: 'Object Repository/Page_Paradise 4 Paws  Dog Boarding Cat Boarding Norwalk Pooch Hotel/time_1200pm_co' is clicked on

2019-12-12 11:21:34 - [MESSAGE][PASSED] - Object: 'Object Repository/Page_Paradise 4 Paws  Dog Boarding Cat Boarding Norwalk Pooch Hotel/time_1200pm_co' is clicked on

2019-12-12 11:21:34 - [TEST_STEP][PASSED] - break: null

2019-12-12 11:21:34 - [TEST_STEP][PASSED] - delay(2): Delayed 2 second(s)

2019-12-12 11:21:36 - [MESSAGE][PASSED] - Delayed 2 second(s)

2019-12-12 11:21:36 - [TEST_STEP][PASSED] - log.logInfo("-- ANTES REPEATING --"): -- ANTES REPEATING --

2019-12-12 11:21:36 - [MESSAGE][INFO] - -- ANTES REPEATING --

2019-12-12 11:21:36 - [TEST_STEP][PASSED] - if (arryPets.size() == 1): Object: 'Object Repository/object_reservation/Page_Paradise 4 Paws  Dog Boarding Cat Boarding Norwalk Pooch Hotel/div_Ares' is clicked on

2019-12-12 11:21:36 - [TEST_STEP][PASSED] - click(findTestObject("Object Repository/object_reservation/Page_Paradise 4 Paws  Dog Boarding Cat Boarding Norwalk Pooch Hotel/div_Ares")): Object: 'Object Repository/object_reservation/Page_Paradise 4 Paws  Dog Boarding Cat Boarding Norwalk Pooch Hotel/div_Ares' is clicked on

2019-12-12 11:21:37 - [MESSAGE][PASSED] - Object: 'Object Repository/object_reservation/Page_Paradise 4 Paws  Dog Boarding Cat Boarding Norwalk Pooch Hotel/div_Ares' is clicked on

2019-12-12 11:21:37 - [TEST_STEP][NOT_RUN] - click(findTestObject("object_reservations/i_Day_fa fa-circle-o ng-scope")): NOT_RUN: click(findTestObject("object_reservations/i_Day_fa fa-circle-o ng-scope"))

2019-12-12 11:21:37 - [MESSAGE][NOT_RUN] - NOT_RUN: click(findTestObject("object_reservations/i_Day_fa fa-circle-o ng-scope"))

2019-12-12 11:21:37 - [TEST_STEP][PASSED] - if (flagBoar == "1" || flagBoar == "2"): Object: 'Object Repository/object_reservation/div_suite_rad_deluxe' is clicked on

2019-12-12 11:21:37 - [TEST_STEP][PASSED] - click(findTestObject("Object Repository/object_reservation/div_suite_rad_deluxe")): Object: 'Object Repository/object_reservation/div_suite_rad_deluxe' is clicked on

2019-12-12 11:21:41 - [MESSAGE][PASSED] - Object: 'Object Repository/object_reservation/div_suite_rad_deluxe' is clicked on

2019-12-12 11:21:41 - [TEST_STEP][PASSED] - click(findTestObject("Object Repository/object_reservation/btn_next2")): Object: 'Object Repository/object_reservation/btn_next2' is clicked on

2019-12-12 11:21:44 - [MESSAGE][PASSED] - Object: 'Object Repository/object_reservation/btn_next2' is clicked on

2019-12-12 11:21:44 - [TEST_STEP][PASSED] - delay(3): Delayed 3 second(s)

2019-12-12 11:21:47 - [MESSAGE][PASSED] - Delayed 3 second(s)

2019-12-12 11:21:47 - [TEST_STEP][PASSED] - if (flagBoar == "1"): Object: 'Object Repository/object_reservation/button_DeclineThisPromo' is clicked on

2019-12-12 11:21:47 - [TEST_STEP][PASSED] - click(findTestObject("Object Repository/object_reservation/button_DeclineThisPromo")): Object: 'Object Repository/object_reservation/button_DeclineThisPromo' is clicked on

2019-12-12 11:21:47 - [MESSAGE][PASSED] - Object: 'Object Repository/object_reservation/button_DeclineThisPromo' is clicked on

2019-12-12 11:21:47 - [TEST_STEP][PASSED] - delay(2): Delayed 2 second(s)

2019-12-12 11:21:49 - [MESSAGE][PASSED] - Delayed 2 second(s)

2019-12-12 11:21:49 - [TEST_STEP][PASSED] - click(findTestObject("Object Repository/object_reservation/btn_next2")): Object: 'Object Repository/object_reservation/btn_next2' is clicked on

2019-12-12 11:21:50 - [MESSAGE][PASSED] - Object: 'Object Repository/object_reservation/btn_next2' is clicked on

2019-12-12 11:21:50 - [TEST_STEP][PASSED] - click(findTestObject("Object Repository/object_reservation/button_Submit Reservation")): Object: 'Object Repository/object_reservation/button_Submit Reservation' is clicked on

2019-12-12 11:21:52 - [MESSAGE][PASSED] - Object: 'Object Repository/object_reservation/button_Submit Reservation' is clicked on

2019-12-12 11:21:52 - [TEST_STEP][PASSED] - delay(2): Delayed 2 second(s)

2019-12-12 11:21:54 - [MESSAGE][PASSED] - Delayed 2 second(s)

2019-12-12 11:21:54 - [TEST_STEP][PASSED] - if (flagBoar == "2" && var_repeatingEvery == "Daily" || var_repeatingEvery == "Monthly" || var_repeatingEvery == "Weekly"): null

2019-12-12 11:21:54 - [TEST_STEP][PASSED] - else: Object: 'Object Repository/object_reservation/button_Return To Reservation' is clicked on

2019-12-12 11:21:54 - [TEST_STEP][PASSED] - delay(2): Delayed 2 second(s)

2019-12-12 11:21:56 - [MESSAGE][PASSED] - Delayed 2 second(s)

2019-12-12 11:21:56 - [TEST_STEP][PASSED] - click(findTestObject("Object Repository/object_reservation/button_Return To Reservation")): Object: 'Object Repository/object_reservation/button_Return To Reservation' is clicked on

2019-12-12 11:21:58 - [MESSAGE][PASSED] - Object: 'Object Repository/object_reservation/button_Return To Reservation' is clicked on

2019-12-12 11:21:58 - [TEST_STEP][PASSED] - delay(2): Delayed 2 second(s)

2019-12-12 11:22:00 - [MESSAGE][PASSED] - Delayed 2 second(s)]]></system-out>
         <system-err><![CDATA[]]></system-err>
      </testcase>
      <testcase name="Test Cases/p4p_newReservation" time="73.629" classname="Test Cases/p4p_newReservation" status="PASSED">
         <system-out><![CDATA[2019-12-12 11:22:00 - [TEST_CASE][PASSED] - Test Cases/p4p_newReservation: Test Cases/p4p_newReservation

2019-12-12 11:22:00 - [TEST_STEP][PASSED] - openBrowser("https://p4p-qa-bg.aws.paradise4paws.com/login/"): Browser is opened with url: 'https://p4p-qa-bg.aws.paradise4paws.com/login/'

2019-12-12 11:22:00 - [MESSAGE][WARNING] - A browser is already opened. Closing browser and opening a new one

2019-12-12 11:22:03 - [MESSAGE][INFO] - Starting 'Firefox' driver

2019-12-12 11:22:07 - [MESSAGE][PASSED] - Browser is opened with url: 'https://p4p-qa-bg.aws.paradise4paws.com/login/'

2019-12-12 11:22:07 - [TEST_STEP][PASSED] - setText(findTestObject("Object Repository/object_login/input_user"), var_user): Text 'jegchavez@gmail.com' is set on object 'Object Repository/object_login/input_user'

2019-12-12 11:22:08 - [MESSAGE][PASSED] - Text 'jegchavez@gmail.com' is set on object 'Object Repository/object_login/input_user'

2019-12-12 11:22:08 - [TEST_STEP][PASSED] - setText(findTestObject("Object Repository/object_login/input_pass"), var_pass): Text 'admin1' is set on object 'Object Repository/object_login/input_pass'

2019-12-12 11:22:08 - [MESSAGE][PASSED] - Text 'admin1' is set on object 'Object Repository/object_login/input_pass'

2019-12-12 11:22:08 - [TEST_STEP][PASSED] - delay(2): Delayed 2 second(s)

2019-12-12 11:22:10 - [MESSAGE][PASSED] - Delayed 2 second(s)

2019-12-12 11:22:10 - [TEST_STEP][PASSED] - verifyElementClickable(findTestObject("Object Repository/object_login/btn_login")): Object 'Object Repository/object_login/btn_login' is clickable

2019-12-12 11:22:10 - [MESSAGE][PASSED] - Object 'Object Repository/object_login/btn_login' is clickable

2019-12-12 11:22:10 - [TEST_STEP][PASSED] - click(findTestObject("Object Repository/object_login/btn_login")): Object: 'Object Repository/object_login/btn_login' is clicked on

2019-12-12 11:22:14 - [MESSAGE][PASSED] - Object: 'Object Repository/object_login/btn_login' is clicked on

2019-12-12 11:22:14 - [TEST_STEP][PASSED] - delay(2): Delayed 2 second(s)

2019-12-12 11:22:16 - [MESSAGE][PASSED] - Delayed 2 second(s)

2019-12-12 11:22:16 - [TEST_STEP][PASSED] - setText(findTestObject("Object Repository/object_dashboard_emp/input_search"), var_searchParent): Text 'leongarzagarza@hotmail.com' is set on object 'Object Repository/object_dashboard_emp/input_search'

2019-12-12 11:22:16 - [MESSAGE][PASSED] - Text 'leongarzagarza@hotmail.com' is set on object 'Object Repository/object_dashboard_emp/input_search'

2019-12-12 11:22:16 - [TEST_STEP][PASSED] - click(findTestObject("Object Repository/object_dashboard_emp/btn_accountSearch")): Object: 'Object Repository/object_dashboard_emp/btn_accountSearch' is clicked on

2019-12-12 11:22:17 - [MESSAGE][PASSED] - Object: 'Object Repository/object_dashboard_emp/btn_accountSearch' is clicked on

2019-12-12 11:22:17 - [TEST_STEP][PASSED] - delay(2): Delayed 2 second(s)

2019-12-12 11:22:19 - [MESSAGE][PASSED] - Delayed 2 second(s)

2019-12-12 11:22:19 - [TEST_STEP][PASSED] - click(findTestObject("Object Repository/object_accountInformation/a_TEST GABRIEL PROD")): Object: 'Object Repository/object_accountInformation/a_TEST GABRIEL PROD' is clicked on

2019-12-12 11:22:23 - [MESSAGE][PASSED] - Object: 'Object Repository/object_accountInformation/a_TEST GABRIEL PROD' is clicked on

2019-12-12 11:22:23 - [TEST_STEP][PASSED] - delay(2): Delayed 2 second(s)

2019-12-12 11:22:25 - [MESSAGE][PASSED] - Delayed 2 second(s)

2019-12-12 11:22:25 - [TEST_STEP][PASSED] - click(findTestObject("Object Repository/object_profile/a_addReservation")): Object: 'Object Repository/object_profile/a_addReservation' is clicked on

2019-12-12 11:22:27 - [MESSAGE][PASSED] - Object: 'Object Repository/object_profile/a_addReservation' is clicked on

2019-12-12 11:22:27 - [TEST_STEP][PASSED] - delay(2): Delayed 2 second(s)

2019-12-12 11:22:29 - [MESSAGE][PASSED] - Delayed 2 second(s)

2019-12-12 11:22:29 - [TEST_STEP][PASSED] - flagBoar = "0": null

2019-12-12 11:22:29 - [TEST_STEP][PASSED] - log = new com.kms.katalon.core.logging.KeywordLogger(): null

2019-12-12 11:22:29 - [TEST_STEP][PASSED] - log.logInfo(var_typeReserveation): Boarding

2019-12-12 11:22:29 - [MESSAGE][INFO] - Boarding

2019-12-12 11:22:29 - [TEST_STEP][PASSED] - if (var_typeReserveation == "Boarding"): null

2019-12-12 11:22:29 - [TEST_STEP][PASSED] - click(findTestObject("Object Repository/object_reservation/btn_Boarding")): Object: 'Object Repository/object_reservation/btn_Boarding' is clicked on

2019-12-12 11:22:29 - [MESSAGE][PASSED] - Object: 'Object Repository/object_reservation/btn_Boarding' is clicked on

2019-12-12 11:22:29 - [TEST_STEP][PASSED] - flagBoar = "1": null

2019-12-12 11:22:29 - [TEST_STEP][PASSED] - click(findTestObject("Object Repository/object_reservation/i_location")): Object: 'Object Repository/object_reservation/i_location' is clicked on

2019-12-12 11:22:32 - [MESSAGE][PASSED] - Object: 'Object Repository/object_reservation/i_location' is clicked on

2019-12-12 11:22:32 - [TEST_STEP][PASSED] - switch (var_idFacility): null

2019-12-12 11:22:32 - [TEST_STEP][PASSED] - dateCI = var_checkinD.split(","): null

2019-12-12 11:22:32 - [TEST_STEP][PASSED] - dateCO = var_checkoutD.split(","): null

2019-12-12 11:22:32 - [TEST_STEP][PASSED] - arryPets = var_pets.split(","): null

2019-12-12 11:22:32 - [TEST_STEP][PASSED] - delay(2): Delayed 2 second(s)

2019-12-12 11:22:34 - [MESSAGE][PASSED] - Delayed 2 second(s)

2019-12-12 11:22:34 - [TEST_STEP][PASSED] - if (var_repeting == "Y"): null

2019-12-12 11:22:34 - [TEST_STEP][PASSED] - click(findTestObject("Object Repository/object_reservation/dateCheckIn")): Object: 'Object Repository/object_reservation/dateCheckIn' is clicked on

2019-12-12 11:22:34 - [MESSAGE][PASSED] - Object: 'Object Repository/object_reservation/dateCheckIn' is clicked on

2019-12-12 11:22:34 - [TEST_STEP][PASSED] - delay(2): Delayed 2 second(s)

2019-12-12 11:22:36 - [MESSAGE][PASSED] - Delayed 2 second(s)

2019-12-12 11:22:36 - [TEST_STEP][PASSED] - switch (dateCI[0]): null

2019-12-12 11:22:36 - [TEST_STEP][PASSED] - case "3":: null

2019-12-12 11:22:36 - [TEST_STEP][PASSED] - click(findTestObject("Object Repository/Page_Paradise 4 Paws  Dog Boarding Cat Boarding Norwalk Pooch Hotel/button_03_ci")): Object: 'Object Repository/Page_Paradise 4 Paws  Dog Boarding Cat Boarding Norwalk Pooch Hotel/button_03_ci' is clicked on

2019-12-12 11:22:37 - [MESSAGE][PASSED] - Object: 'Object Repository/Page_Paradise 4 Paws  Dog Boarding Cat Boarding Norwalk Pooch Hotel/button_03_ci' is clicked on

2019-12-12 11:22:37 - [TEST_STEP][PASSED] - break: null

2019-12-12 11:22:37 - [TEST_STEP][PASSED] - log.logInfo("PRUEBA FLAG"): PRUEBA FLAG

2019-12-12 11:22:37 - [MESSAGE][INFO] - PRUEBA FLAG

2019-12-12 11:22:37 - [TEST_STEP][PASSED] - log.logInfo(flagBoar): 1

2019-12-12 11:22:37 - [MESSAGE][INFO] - 1

2019-12-12 11:22:37 - [TEST_STEP][PASSED] - if (flagBoar == "1"): null

2019-12-12 11:22:37 - [TEST_STEP][PASSED] - click(findTestObject("Object Repository/object_reservation/dateCheckOut")): Object: 'Object Repository/object_reservation/dateCheckOut' is clicked on

2019-12-12 11:22:37 - [MESSAGE][PASSED] - Object: 'Object Repository/object_reservation/dateCheckOut' is clicked on

2019-12-12 11:22:37 - [TEST_STEP][PASSED] - log.logInfo(dateCO[0]): 4

2019-12-12 11:22:37 - [MESSAGE][INFO] - 4

2019-12-12 11:22:37 - [TEST_STEP][PASSED] - switch (dateCO[0]): null

2019-12-12 11:22:37 - [TEST_STEP][PASSED] - case "4":: null

2019-12-12 11:22:37 - [TEST_STEP][PASSED] - click(findTestObject("Object Repository/Page_Paradise 4 Paws  Dog Boarding Cat Boarding Norwalk Pooch Hotel/button_04_co")): Object: 'Object Repository/Page_Paradise 4 Paws  Dog Boarding Cat Boarding Norwalk Pooch Hotel/button_04_co' is clicked on

2019-12-12 11:22:38 - [MESSAGE][PASSED] - Object: 'Object Repository/Page_Paradise 4 Paws  Dog Boarding Cat Boarding Norwalk Pooch Hotel/button_04_co' is clicked on

2019-12-12 11:22:38 - [TEST_STEP][PASSED] - break: null

2019-12-12 11:22:38 - [TEST_STEP][NOT_RUN] - click(findTestObject("Object Repository/object_reservationCalendar/CO_close")): NOT_RUN: click(findTestObject("Object Repository/object_reservationCalendar/CO_close"))

2019-12-12 11:22:38 - [MESSAGE][NOT_RUN] - NOT_RUN: click(findTestObject("Object Repository/object_reservationCalendar/CO_close"))

2019-12-12 11:22:38 - [TEST_STEP][PASSED] - click(findTestObject("Object Repository/object_reservation/timeCheckin")): Object: 'Object Repository/object_reservation/timeCheckin' is clicked on

2019-12-12 11:22:39 - [MESSAGE][PASSED] - Object: 'Object Repository/object_reservation/timeCheckin' is clicked on

2019-12-12 11:22:39 - [TEST_STEP][PASSED] - log.logInfo("test timePicker"): test timePicker

2019-12-12 11:22:39 - [MESSAGE][INFO] - test timePicker

2019-12-12 11:22:39 - [TEST_STEP][PASSED] - switch (var_checkinT): null

2019-12-12 11:22:39 - [TEST_STEP][PASSED] - case "800":: null

2019-12-12 11:22:39 - [TEST_STEP][PASSED] - click(findTestObject("Object Repository/Page_Paradise 4 Paws  Dog Boarding Cat Boarding Norwalk Pooch Hotel/time_800am_ci")): Object: 'Object Repository/Page_Paradise 4 Paws  Dog Boarding Cat Boarding Norwalk Pooch Hotel/time_800am_ci' is clicked on

2019-12-12 11:22:40 - [MESSAGE][PASSED] - Object: 'Object Repository/Page_Paradise 4 Paws  Dog Boarding Cat Boarding Norwalk Pooch Hotel/time_800am_ci' is clicked on

2019-12-12 11:22:40 - [TEST_STEP][PASSED] - break: null

2019-12-12 11:22:40 - [TEST_STEP][PASSED] - click(findTestObject("Object Repository/object_reservation/timeCheckOut")): Object: 'Object Repository/object_reservation/timeCheckOut' is clicked on

2019-12-12 11:22:40 - [MESSAGE][PASSED] - Object: 'Object Repository/object_reservation/timeCheckOut' is clicked on

2019-12-12 11:22:40 - [TEST_STEP][PASSED] - switch (var_checkoutT): null

2019-12-12 11:22:40 - [TEST_STEP][PASSED] - case "1200":: null

2019-12-12 11:22:40 - [TEST_STEP][PASSED] - log.logInfo("test 1200"): test 1200

2019-12-12 11:22:40 - [MESSAGE][INFO] - test 1200

2019-12-12 11:22:40 - [TEST_STEP][PASSED] - click(findTestObject("Object Repository/Page_Paradise 4 Paws  Dog Boarding Cat Boarding Norwalk Pooch Hotel/time_1200pm_co")): Object: 'Object Repository/Page_Paradise 4 Paws  Dog Boarding Cat Boarding Norwalk Pooch Hotel/time_1200pm_co' is clicked on

2019-12-12 11:22:41 - [MESSAGE][PASSED] - Object: 'Object Repository/Page_Paradise 4 Paws  Dog Boarding Cat Boarding Norwalk Pooch Hotel/time_1200pm_co' is clicked on

2019-12-12 11:22:41 - [TEST_STEP][PASSED] - break: null

2019-12-12 11:22:41 - [TEST_STEP][PASSED] - delay(2): Delayed 2 second(s)

2019-12-12 11:22:43 - [MESSAGE][PASSED] - Delayed 2 second(s)

2019-12-12 11:22:43 - [TEST_STEP][PASSED] - log.logInfo("-- ANTES REPEATING --"): -- ANTES REPEATING --

2019-12-12 11:22:43 - [MESSAGE][INFO] - -- ANTES REPEATING --

2019-12-12 11:22:43 - [TEST_STEP][PASSED] - if (arryPets.size() == 1): null

2019-12-12 11:22:43 - [TEST_STEP][PASSED] - else if (arryPets.size() == 2): Object: 'Object Repository/object_reservation/div_Zeus' is clicked on

2019-12-12 11:22:43 - [TEST_STEP][PASSED] - click(findTestObject("object_reservation/Page_Paradise 4 Paws  Dog Boarding Cat Boarding Norwalk Pooch Hotel/div_Ares")): Object: 'Object Repository/object_reservation/Page_Paradise 4 Paws  Dog Boarding Cat Boarding Norwalk Pooch Hotel/div_Ares' is clicked on

2019-12-12 11:22:44 - [MESSAGE][PASSED] - Object: 'Object Repository/object_reservation/Page_Paradise 4 Paws  Dog Boarding Cat Boarding Norwalk Pooch Hotel/div_Ares' is clicked on

2019-12-12 11:22:44 - [TEST_STEP][PASSED] - click(findTestObject("object_reservation/div_Zeus")): Object: 'Object Repository/object_reservation/div_Zeus' is clicked on

2019-12-12 11:22:49 - [MESSAGE][PASSED] - Object: 'Object Repository/object_reservation/div_Zeus' is clicked on

2019-12-12 11:22:49 - [TEST_STEP][NOT_RUN] - click(findTestObject("object_reservations/i_Day_fa fa-circle-o ng-scope")): NOT_RUN: click(findTestObject("object_reservations/i_Day_fa fa-circle-o ng-scope"))

2019-12-12 11:22:49 - [MESSAGE][NOT_RUN] - NOT_RUN: click(findTestObject("object_reservations/i_Day_fa fa-circle-o ng-scope"))

2019-12-12 11:22:49 - [TEST_STEP][PASSED] - if (flagBoar == "1" || flagBoar == "2"): Object: 'Object Repository/object_reservation/div_suite_rad_deluxe' is clicked on

2019-12-12 11:22:49 - [TEST_STEP][PASSED] - click(findTestObject("Object Repository/object_reservation/div_suite_rad_deluxe")): Object: 'Object Repository/object_reservation/div_suite_rad_deluxe' is clicked on

2019-12-12 11:22:54 - [MESSAGE][PASSED] - Object: 'Object Repository/object_reservation/div_suite_rad_deluxe' is clicked on

2019-12-12 11:22:54 - [TEST_STEP][PASSED] - click(findTestObject("Object Repository/object_reservation/btn_next2")): Object: 'Object Repository/object_reservation/btn_next2' is clicked on

2019-12-12 11:22:57 - [MESSAGE][PASSED] - Object: 'Object Repository/object_reservation/btn_next2' is clicked on

2019-12-12 11:22:57 - [TEST_STEP][PASSED] - delay(3): Delayed 3 second(s)

2019-12-12 11:23:00 - [MESSAGE][PASSED] - Delayed 3 second(s)

2019-12-12 11:23:00 - [TEST_STEP][PASSED] - if (flagBoar == "1"): Object: 'Object Repository/object_reservation/button_DeclineThisPromo' is clicked on

2019-12-12 11:23:00 - [TEST_STEP][PASSED] - click(findTestObject("Object Repository/object_reservation/button_DeclineThisPromo")): Object: 'Object Repository/object_reservation/button_DeclineThisPromo' is clicked on

2019-12-12 11:23:01 - [MESSAGE][PASSED] - Object: 'Object Repository/object_reservation/button_DeclineThisPromo' is clicked on

2019-12-12 11:23:01 - [TEST_STEP][PASSED] - delay(2): Delayed 2 second(s)

2019-12-12 11:23:03 - [MESSAGE][PASSED] - Delayed 2 second(s)

2019-12-12 11:23:03 - [TEST_STEP][PASSED] - click(findTestObject("Object Repository/object_reservation/btn_next2")): Object: 'Object Repository/object_reservation/btn_next2' is clicked on

2019-12-12 11:23:03 - [MESSAGE][PASSED] - Object: 'Object Repository/object_reservation/btn_next2' is clicked on

2019-12-12 11:23:03 - [TEST_STEP][PASSED] - click(findTestObject("Object Repository/object_reservation/button_Submit Reservation")): Object: 'Object Repository/object_reservation/button_Submit Reservation' is clicked on

2019-12-12 11:23:06 - [MESSAGE][PASSED] - Object: 'Object Repository/object_reservation/button_Submit Reservation' is clicked on

2019-12-12 11:23:06 - [TEST_STEP][PASSED] - delay(2): Delayed 2 second(s)

2019-12-12 11:23:08 - [MESSAGE][PASSED] - Delayed 2 second(s)

2019-12-12 11:23:08 - [TEST_STEP][PASSED] - if (flagBoar == "2" && var_repeatingEvery == "Daily" || var_repeatingEvery == "Monthly" || var_repeatingEvery == "Weekly"): null

2019-12-12 11:23:08 - [TEST_STEP][PASSED] - else: Object: 'Object Repository/object_reservation/button_Return To Reservation' is clicked on

2019-12-12 11:23:08 - [TEST_STEP][PASSED] - delay(2): Delayed 2 second(s)

2019-12-12 11:23:10 - [MESSAGE][PASSED] - Delayed 2 second(s)

2019-12-12 11:23:10 - [TEST_STEP][PASSED] - click(findTestObject("Object Repository/object_reservation/button_Return To Reservation")): Object: 'Object Repository/object_reservation/button_Return To Reservation' is clicked on

2019-12-12 11:23:12 - [MESSAGE][PASSED] - Object: 'Object Repository/object_reservation/button_Return To Reservation' is clicked on

2019-12-12 11:23:12 - [TEST_STEP][PASSED] - delay(2): Delayed 2 second(s)

2019-12-12 11:23:14 - [MESSAGE][PASSED] - Delayed 2 second(s)]]></system-out>
         <system-err><![CDATA[]]></system-err>
      </testcase>
      <testcase name="Test Cases/p4p_newReservation" time="78.541" classname="Test Cases/p4p_newReservation" status="PASSED">
         <system-out><![CDATA[2019-12-12 11:23:14 - [TEST_CASE][PASSED] - Test Cases/p4p_newReservation: Test Cases/p4p_newReservation

2019-12-12 11:23:14 - [TEST_STEP][PASSED] - openBrowser("https://p4p-qa-bg.aws.paradise4paws.com/login/"): Browser is opened with url: 'https://p4p-qa-bg.aws.paradise4paws.com/login/'

2019-12-12 11:23:14 - [MESSAGE][WARNING] - A browser is already opened. Closing browser and opening a new one

2019-12-12 11:23:15 - [MESSAGE][INFO] - Starting 'Firefox' driver

2019-12-12 11:23:19 - [MESSAGE][PASSED] - Browser is opened with url: 'https://p4p-qa-bg.aws.paradise4paws.com/login/'

2019-12-12 11:23:19 - [TEST_STEP][PASSED] - setText(findTestObject("Object Repository/object_login/input_user"), var_user): Text 'jegchavez@gmail.com' is set on object 'Object Repository/object_login/input_user'

2019-12-12 11:23:19 - [MESSAGE][PASSED] - Text 'jegchavez@gmail.com' is set on object 'Object Repository/object_login/input_user'

2019-12-12 11:23:19 - [TEST_STEP][PASSED] - setText(findTestObject("Object Repository/object_login/input_pass"), var_pass): Text 'admin1' is set on object 'Object Repository/object_login/input_pass'

2019-12-12 11:23:20 - [MESSAGE][PASSED] - Text 'admin1' is set on object 'Object Repository/object_login/input_pass'

2019-12-12 11:23:20 - [TEST_STEP][PASSED] - delay(2): Delayed 2 second(s)

2019-12-12 11:23:22 - [MESSAGE][PASSED] - Delayed 2 second(s)

2019-12-12 11:23:22 - [TEST_STEP][PASSED] - verifyElementClickable(findTestObject("Object Repository/object_login/btn_login")): Object 'Object Repository/object_login/btn_login' is clickable

2019-12-12 11:23:22 - [MESSAGE][PASSED] - Object 'Object Repository/object_login/btn_login' is clickable

2019-12-12 11:23:22 - [TEST_STEP][PASSED] - click(findTestObject("Object Repository/object_login/btn_login")): Object: 'Object Repository/object_login/btn_login' is clicked on

2019-12-12 11:23:25 - [MESSAGE][PASSED] - Object: 'Object Repository/object_login/btn_login' is clicked on

2019-12-12 11:23:25 - [TEST_STEP][PASSED] - delay(2): Delayed 2 second(s)

2019-12-12 11:23:27 - [MESSAGE][PASSED] - Delayed 2 second(s)

2019-12-12 11:23:27 - [TEST_STEP][PASSED] - setText(findTestObject("Object Repository/object_dashboard_emp/input_search"), var_searchParent): Text 'leongarzagarza@hotmail.com' is set on object 'Object Repository/object_dashboard_emp/input_search'

2019-12-12 11:23:28 - [MESSAGE][PASSED] - Text 'leongarzagarza@hotmail.com' is set on object 'Object Repository/object_dashboard_emp/input_search'

2019-12-12 11:23:28 - [TEST_STEP][PASSED] - click(findTestObject("Object Repository/object_dashboard_emp/btn_accountSearch")): Object: 'Object Repository/object_dashboard_emp/btn_accountSearch' is clicked on

2019-12-12 11:23:29 - [MESSAGE][PASSED] - Object: 'Object Repository/object_dashboard_emp/btn_accountSearch' is clicked on

2019-12-12 11:23:29 - [TEST_STEP][PASSED] - delay(2): Delayed 2 second(s)

2019-12-12 11:23:31 - [MESSAGE][PASSED] - Delayed 2 second(s)

2019-12-12 11:23:31 - [TEST_STEP][PASSED] - click(findTestObject("Object Repository/object_accountInformation/a_TEST GABRIEL PROD")): Object: 'Object Repository/object_accountInformation/a_TEST GABRIEL PROD' is clicked on

2019-12-12 11:23:35 - [MESSAGE][PASSED] - Object: 'Object Repository/object_accountInformation/a_TEST GABRIEL PROD' is clicked on

2019-12-12 11:23:35 - [TEST_STEP][PASSED] - delay(2): Delayed 2 second(s)

2019-12-12 11:23:37 - [MESSAGE][PASSED] - Delayed 2 second(s)

2019-12-12 11:23:37 - [TEST_STEP][PASSED] - click(findTestObject("Object Repository/object_profile/a_addReservation")): Object: 'Object Repository/object_profile/a_addReservation' is clicked on

2019-12-12 11:23:39 - [MESSAGE][PASSED] - Object: 'Object Repository/object_profile/a_addReservation' is clicked on

2019-12-12 11:23:39 - [TEST_STEP][PASSED] - delay(2): Delayed 2 second(s)

2019-12-12 11:23:41 - [MESSAGE][PASSED] - Delayed 2 second(s)

2019-12-12 11:23:41 - [TEST_STEP][PASSED] - flagBoar = "0": null

2019-12-12 11:23:41 - [TEST_STEP][PASSED] - log = new com.kms.katalon.core.logging.KeywordLogger(): null

2019-12-12 11:23:41 - [TEST_STEP][PASSED] - log.logInfo(var_typeReserveation): Boarding

2019-12-12 11:23:41 - [MESSAGE][INFO] - Boarding

2019-12-12 11:23:41 - [TEST_STEP][PASSED] - if (var_typeReserveation == "Boarding"): null

2019-12-12 11:23:41 - [TEST_STEP][PASSED] - click(findTestObject("Object Repository/object_reservation/btn_Boarding")): Object: 'Object Repository/object_reservation/btn_Boarding' is clicked on

2019-12-12 11:23:41 - [MESSAGE][PASSED] - Object: 'Object Repository/object_reservation/btn_Boarding' is clicked on

2019-12-12 11:23:41 - [TEST_STEP][PASSED] - flagBoar = "1": null

2019-12-12 11:23:41 - [TEST_STEP][PASSED] - click(findTestObject("Object Repository/object_reservation/i_location")): Object: 'Object Repository/object_reservation/i_location' is clicked on

2019-12-12 11:23:44 - [MESSAGE][PASSED] - Object: 'Object Repository/object_reservation/i_location' is clicked on

2019-12-12 11:23:44 - [TEST_STEP][PASSED] - switch (var_idFacility): null

2019-12-12 11:23:44 - [TEST_STEP][PASSED] - dateCI = var_checkinD.split(","): null

2019-12-12 11:23:44 - [TEST_STEP][PASSED] - dateCO = var_checkoutD.split(","): null

2019-12-12 11:23:44 - [TEST_STEP][PASSED] - arryPets = var_pets.split(","): null

2019-12-12 11:23:44 - [TEST_STEP][PASSED] - delay(2): Delayed 2 second(s)

2019-12-12 11:23:46 - [MESSAGE][PASSED] - Delayed 2 second(s)

2019-12-12 11:23:46 - [TEST_STEP][PASSED] - if (var_repeting == "Y"): null

2019-12-12 11:23:46 - [TEST_STEP][PASSED] - click(findTestObject("Object Repository/object_reservation/dateCheckIn")): Object: 'Object Repository/object_reservation/dateCheckIn' is clicked on

2019-12-12 11:23:46 - [MESSAGE][PASSED] - Object: 'Object Repository/object_reservation/dateCheckIn' is clicked on

2019-12-12 11:23:46 - [TEST_STEP][PASSED] - delay(2): Delayed 2 second(s)

2019-12-12 11:23:48 - [MESSAGE][PASSED] - Delayed 2 second(s)

2019-12-12 11:23:48 - [TEST_STEP][PASSED] - switch (dateCI[0]): null

2019-12-12 11:23:48 - [TEST_STEP][PASSED] - case "5":: null

2019-12-12 11:23:48 - [TEST_STEP][PASSED] - click(findTestObject("Object Repository/Page_Paradise 4 Paws  Dog Boarding Cat Boarding Norwalk Pooch Hotel/button_05_ci")): Object: 'Object Repository/Page_Paradise 4 Paws  Dog Boarding Cat Boarding Norwalk Pooch Hotel/button_05_ci' is clicked on

2019-12-12 11:23:49 - [MESSAGE][PASSED] - Object: 'Object Repository/Page_Paradise 4 Paws  Dog Boarding Cat Boarding Norwalk Pooch Hotel/button_05_ci' is clicked on

2019-12-12 11:23:49 - [TEST_STEP][PASSED] - break: null

2019-12-12 11:23:49 - [TEST_STEP][PASSED] - log.logInfo("PRUEBA FLAG"): PRUEBA FLAG

2019-12-12 11:23:49 - [MESSAGE][INFO] - PRUEBA FLAG

2019-12-12 11:23:49 - [TEST_STEP][PASSED] - log.logInfo(flagBoar): 1

2019-12-12 11:23:49 - [MESSAGE][INFO] - 1

2019-12-12 11:23:49 - [TEST_STEP][PASSED] - if (flagBoar == "1"): null

2019-12-12 11:23:49 - [TEST_STEP][PASSED] - click(findTestObject("Object Repository/object_reservation/dateCheckOut")): Object: 'Object Repository/object_reservation/dateCheckOut' is clicked on

2019-12-12 11:23:50 - [MESSAGE][PASSED] - Object: 'Object Repository/object_reservation/dateCheckOut' is clicked on

2019-12-12 11:23:50 - [TEST_STEP][PASSED] - log.logInfo(dateCO[0]): 6

2019-12-12 11:23:50 - [MESSAGE][INFO] - 6

2019-12-12 11:23:50 - [TEST_STEP][PASSED] - switch (dateCO[0]): null

2019-12-12 11:23:50 - [TEST_STEP][PASSED] - case "6":: null

2019-12-12 11:23:50 - [TEST_STEP][PASSED] - click(findTestObject("Object Repository/Page_Paradise 4 Paws  Dog Boarding Cat Boarding Norwalk Pooch Hotel/button_06_co")): Object: 'Object Repository/Page_Paradise 4 Paws  Dog Boarding Cat Boarding Norwalk Pooch Hotel/button_06_co' is clicked on

2019-12-12 11:23:50 - [MESSAGE][PASSED] - Object: 'Object Repository/Page_Paradise 4 Paws  Dog Boarding Cat Boarding Norwalk Pooch Hotel/button_06_co' is clicked on

2019-12-12 11:23:50 - [TEST_STEP][PASSED] - break: null

2019-12-12 11:23:50 - [TEST_STEP][NOT_RUN] - click(findTestObject("Object Repository/object_reservationCalendar/CO_close")): NOT_RUN: click(findTestObject("Object Repository/object_reservationCalendar/CO_close"))

2019-12-12 11:23:50 - [MESSAGE][NOT_RUN] - NOT_RUN: click(findTestObject("Object Repository/object_reservationCalendar/CO_close"))

2019-12-12 11:23:50 - [TEST_STEP][PASSED] - click(findTestObject("Object Repository/object_reservation/timeCheckin")): Object: 'Object Repository/object_reservation/timeCheckin' is clicked on

2019-12-12 11:23:51 - [MESSAGE][PASSED] - Object: 'Object Repository/object_reservation/timeCheckin' is clicked on

2019-12-12 11:23:51 - [TEST_STEP][PASSED] - log.logInfo("test timePicker"): test timePicker

2019-12-12 11:23:51 - [MESSAGE][INFO] - test timePicker

2019-12-12 11:23:51 - [TEST_STEP][PASSED] - switch (var_checkinT): null

2019-12-12 11:23:51 - [TEST_STEP][PASSED] - case "800":: null

2019-12-12 11:23:51 - [TEST_STEP][PASSED] - click(findTestObject("Object Repository/Page_Paradise 4 Paws  Dog Boarding Cat Boarding Norwalk Pooch Hotel/time_800am_ci")): Object: 'Object Repository/Page_Paradise 4 Paws  Dog Boarding Cat Boarding Norwalk Pooch Hotel/time_800am_ci' is clicked on

2019-12-12 11:23:52 - [MESSAGE][PASSED] - Object: 'Object Repository/Page_Paradise 4 Paws  Dog Boarding Cat Boarding Norwalk Pooch Hotel/time_800am_ci' is clicked on

2019-12-12 11:23:52 - [TEST_STEP][PASSED] - break: null

2019-12-12 11:23:52 - [TEST_STEP][PASSED] - click(findTestObject("Object Repository/object_reservation/timeCheckOut")): Object: 'Object Repository/object_reservation/timeCheckOut' is clicked on

2019-12-12 11:23:53 - [MESSAGE][PASSED] - Object: 'Object Repository/object_reservation/timeCheckOut' is clicked on

2019-12-12 11:23:53 - [TEST_STEP][PASSED] - switch (var_checkoutT): null

2019-12-12 11:23:53 - [TEST_STEP][PASSED] - case "1200":: null

2019-12-12 11:23:53 - [TEST_STEP][PASSED] - log.logInfo("test 1200"): test 1200

2019-12-12 11:23:53 - [MESSAGE][INFO] - test 1200

2019-12-12 11:23:53 - [TEST_STEP][PASSED] - click(findTestObject("Object Repository/Page_Paradise 4 Paws  Dog Boarding Cat Boarding Norwalk Pooch Hotel/time_1200pm_co")): Object: 'Object Repository/Page_Paradise 4 Paws  Dog Boarding Cat Boarding Norwalk Pooch Hotel/time_1200pm_co' is clicked on

2019-12-12 11:23:53 - [MESSAGE][PASSED] - Object: 'Object Repository/Page_Paradise 4 Paws  Dog Boarding Cat Boarding Norwalk Pooch Hotel/time_1200pm_co' is clicked on

2019-12-12 11:23:53 - [TEST_STEP][PASSED] - break: null

2019-12-12 11:23:53 - [TEST_STEP][PASSED] - delay(2): Delayed 2 second(s)

2019-12-12 11:23:55 - [MESSAGE][PASSED] - Delayed 2 second(s)

2019-12-12 11:23:55 - [TEST_STEP][PASSED] - log.logInfo("-- ANTES REPEATING --"): -- ANTES REPEATING --

2019-12-12 11:23:55 - [MESSAGE][INFO] - -- ANTES REPEATING --

2019-12-12 11:23:55 - [TEST_STEP][PASSED] - if (arryPets.size() == 1): null

2019-12-12 11:23:55 - [TEST_STEP][PASSED] - else if (arryPets.size() == 2): null

2019-12-12 11:23:55 - [TEST_STEP][PASSED] - else if (arryPets.size() == 3): Object: 'Object Repository/object_reservation/div_Athena' is clicked on

2019-12-12 11:23:55 - [TEST_STEP][PASSED] - click(findTestObject("object_reservation/Page_Paradise 4 Paws  Dog Boarding Cat Boarding Norwalk Pooch Hotel/div_Ares")): Object: 'Object Repository/object_reservation/Page_Paradise 4 Paws  Dog Boarding Cat Boarding Norwalk Pooch Hotel/div_Ares' is clicked on

2019-12-12 11:23:57 - [MESSAGE][PASSED] - Object: 'Object Repository/object_reservation/Page_Paradise 4 Paws  Dog Boarding Cat Boarding Norwalk Pooch Hotel/div_Ares' is clicked on

2019-12-12 11:23:57 - [TEST_STEP][PASSED] - click(findTestObject("object_reservation/div_Zeus")): Object: 'Object Repository/object_reservation/div_Zeus' is clicked on

2019-12-12 11:24:02 - [MESSAGE][PASSED] - Object: 'Object Repository/object_reservation/div_Zeus' is clicked on

2019-12-12 11:24:02 - [TEST_STEP][PASSED] - click(findTestObject("object_reservation/div_Athena")): Object: 'Object Repository/object_reservation/div_Athena' is clicked on

2019-12-12 11:24:07 - [MESSAGE][PASSED] - Object: 'Object Repository/object_reservation/div_Athena' is clicked on

2019-12-12 11:24:07 - [TEST_STEP][NOT_RUN] - click(findTestObject("object_reservations/i_Day_fa fa-circle-o ng-scope")): NOT_RUN: click(findTestObject("object_reservations/i_Day_fa fa-circle-o ng-scope"))

2019-12-12 11:24:07 - [MESSAGE][NOT_RUN] - NOT_RUN: click(findTestObject("object_reservations/i_Day_fa fa-circle-o ng-scope"))

2019-12-12 11:24:07 - [TEST_STEP][PASSED] - if (flagBoar == "1" || flagBoar == "2"): Object: 'Object Repository/object_reservation/div_suite_rad_deluxe' is clicked on

2019-12-12 11:24:07 - [TEST_STEP][PASSED] - click(findTestObject("Object Repository/object_reservation/div_suite_rad_deluxe")): Object: 'Object Repository/object_reservation/div_suite_rad_deluxe' is clicked on

2019-12-12 11:24:11 - [MESSAGE][PASSED] - Object: 'Object Repository/object_reservation/div_suite_rad_deluxe' is clicked on

2019-12-12 11:24:11 - [TEST_STEP][PASSED] - click(findTestObject("Object Repository/object_reservation/btn_next2")): Object: 'Object Repository/object_reservation/btn_next2' is clicked on

2019-12-12 11:24:15 - [MESSAGE][PASSED] - Object: 'Object Repository/object_reservation/btn_next2' is clicked on

2019-12-12 11:24:15 - [TEST_STEP][PASSED] - delay(3): Delayed 3 second(s)

2019-12-12 11:24:18 - [MESSAGE][PASSED] - Delayed 3 second(s)

2019-12-12 11:24:18 - [TEST_STEP][PASSED] - if (flagBoar == "1"): Object: 'Object Repository/object_reservation/button_DeclineThisPromo' is clicked on

2019-12-12 11:24:18 - [TEST_STEP][PASSED] - click(findTestObject("Object Repository/object_reservation/button_DeclineThisPromo")): Object: 'Object Repository/object_reservation/button_DeclineThisPromo' is clicked on

2019-12-12 11:24:18 - [MESSAGE][PASSED] - Object: 'Object Repository/object_reservation/button_DeclineThisPromo' is clicked on

2019-12-12 11:24:18 - [TEST_STEP][PASSED] - delay(2): Delayed 2 second(s)

2019-12-12 11:24:20 - [MESSAGE][PASSED] - Delayed 2 second(s)

2019-12-12 11:24:20 - [TEST_STEP][PASSED] - click(findTestObject("Object Repository/object_reservation/btn_next2")): Object: 'Object Repository/object_reservation/btn_next2' is clicked on

2019-12-12 11:24:21 - [MESSAGE][PASSED] - Object: 'Object Repository/object_reservation/btn_next2' is clicked on

2019-12-12 11:24:21 - [TEST_STEP][PASSED] - click(findTestObject("Object Repository/object_reservation/button_Submit Reservation")): Object: 'Object Repository/object_reservation/button_Submit Reservation' is clicked on

2019-12-12 11:24:23 - [MESSAGE][PASSED] - Object: 'Object Repository/object_reservation/button_Submit Reservation' is clicked on

2019-12-12 11:24:23 - [TEST_STEP][PASSED] - delay(2): Delayed 2 second(s)

2019-12-12 11:24:25 - [MESSAGE][PASSED] - Delayed 2 second(s)

2019-12-12 11:24:25 - [TEST_STEP][PASSED] - if (flagBoar == "2" && var_repeatingEvery == "Daily" || var_repeatingEvery == "Monthly" || var_repeatingEvery == "Weekly"): null

2019-12-12 11:24:25 - [TEST_STEP][PASSED] - else: Object: 'Object Repository/object_reservation/button_Return To Reservation' is clicked on

2019-12-12 11:24:25 - [TEST_STEP][PASSED] - delay(2): Delayed 2 second(s)

2019-12-12 11:24:27 - [MESSAGE][PASSED] - Delayed 2 second(s)

2019-12-12 11:24:27 - [TEST_STEP][PASSED] - click(findTestObject("Object Repository/object_reservation/button_Return To Reservation")): Object: 'Object Repository/object_reservation/button_Return To Reservation' is clicked on

2019-12-12 11:24:30 - [MESSAGE][PASSED] - Object: 'Object Repository/object_reservation/button_Return To Reservation' is clicked on

2019-12-12 11:24:30 - [TEST_STEP][PASSED] - delay(2): Delayed 2 second(s)

2019-12-12 11:24:32 - [MESSAGE][PASSED] - Delayed 2 second(s)]]></system-out>
         <system-err><![CDATA[]]></system-err>
      </testcase>
      <system-out><![CDATA[2019-12-12 11:20:54 - [TEST_SUITE][PASSED] - ts_newReservationBoarding: Test Cases/p4p_newReservation]]></system-out>
      <system-err><![CDATA[]]></system-err>
   </testsuite>
</testsuites>
