<?xml version="1.0" encoding="UTF-8"?>
<testsuites name="ts_newReservationBoarding" time="245.314" tests="2" failures="0" errors="0">
   <testsuite name="ts_newReservationBoarding" tests="2" failures="0" errors="0" time="245.314" timestamp="2019-12-19 17:35:05" hostname="leonardo-arkusmty - leonardoarkusmty-Inspiron-5577" id="Test Suites/ts_newReservationBoarding">
      <properties>
         <property name="deviceName" value=""/>
         <property name="devicePlatform" value=""/>
         <property name="logFolder" value="/home/leonardo-arkusmty/Documents/workspaceKatalon/p4ptest/Reports/20191219_173504/ts_newReservationBoarding/20191219_173504"/>
         <property name="logFiles" value="/home/leonardo-arkusmty/Documents/workspaceKatalon/p4ptest/Reports/20191219_173504/ts_newReservationBoarding/20191219_173504/execution0.log"/>
         <property name="attachments" value=""/>
         <property name="hostName" value="leonardo-arkusmty - leonardoarkusmty-Inspiron-5577"/>
         <property name="os" value="Linux 64bit"/>
         <property name="katalonVersion" value="7.0.8.1"/>
         <property name="browser" value="Firefox 71.0"/>
         <property name="hostAddress" value="127.0.1.1"/>
         <property name="sessionId" value="ab1f564c-3c02-4aa0-8838-747140dd8c8c"/>
         <property name="seleniumVersion" value="3.141.59"/>
         <property name="proxyInformation" value="ProxyInformation{proxyOption=NO_PROXY, proxyServerType=HTTP, password=, proxyServerAddress=, proxyServerPort=0}"/>
         <property name="platform" value="Linux"/>
      </properties>
      <testcase name="Test Cases/p4p_newReservationBoarding" time="78.216" classname="Test Cases/p4p_newReservationBoarding" status="PASSED">
         <system-out><![CDATA[2019-12-19 17:35:06 - [TEST_CASE][PASSED] - Test Cases/p4p_newReservationBoarding: Test Cases/p4p_newReservationBoarding

2019-12-19 17:35:06 - [TEST_STEP][PASSED] - openBrowser("https://p4p-qa-bg.aws.paradise4paws.com/login/"): Browser is opened with url: 'https://p4p-qa-bg.aws.paradise4paws.com/login/'

2019-12-19 17:35:06 - [MESSAGE][INFO] - Starting 'Firefox' driver

2019-12-19 17:35:06 - [MESSAGE][INFO] - Action delay is set to 0 seconds

2019-12-19 17:35:10 - [MESSAGE][PASSED] - Browser is opened with url: 'https://p4p-qa-bg.aws.paradise4paws.com/login/'

2019-12-19 17:35:10 - [TEST_STEP][PASSED] - setText(findTestObject("Object Repository/object_login/input_user"), var_user): Text 'jegchavez@gmail.com' is set on object 'Object Repository/object_login/input_user'

2019-12-19 17:35:11 - [MESSAGE][PASSED] - Text 'jegchavez@gmail.com' is set on object 'Object Repository/object_login/input_user'

2019-12-19 17:35:11 - [TEST_STEP][PASSED] - setText(findTestObject("Object Repository/object_login/input_pass"), var_pass): Text 'admin1' is set on object 'Object Repository/object_login/input_pass'

2019-12-19 17:35:11 - [MESSAGE][PASSED] - Text 'admin1' is set on object 'Object Repository/object_login/input_pass'

2019-12-19 17:35:11 - [TEST_STEP][PASSED] - delay(2): Delayed 2 second(s)

2019-12-19 17:35:13 - [MESSAGE][PASSED] - Delayed 2 second(s)

2019-12-19 17:35:13 - [TEST_STEP][PASSED] - verifyElementClickable(findTestObject("Object Repository/object_login/btn_login")): Object 'Object Repository/object_login/btn_login' is clickable

2019-12-19 17:35:14 - [MESSAGE][PASSED] - Object 'Object Repository/object_login/btn_login' is clickable

2019-12-19 17:35:14 - [TEST_STEP][PASSED] - click(findTestObject("Object Repository/object_login/btn_login")): Object: 'Object Repository/object_login/btn_login' is clicked on

2019-12-19 17:35:17 - [MESSAGE][PASSED] - Object: 'Object Repository/object_login/btn_login' is clicked on

2019-12-19 17:35:17 - [TEST_STEP][PASSED] - delay(2): Delayed 2 second(s)

2019-12-19 17:35:19 - [MESSAGE][PASSED] - Delayed 2 second(s)

2019-12-19 17:35:19 - [TEST_STEP][PASSED] - setText(findTestObject("Object Repository/object_dashboard_emp/input_search"), var_searchParent): Text 'leongarzagarza@hotmail.com' is set on object 'Object Repository/object_dashboard_emp/input_search'

2019-12-19 17:35:20 - [MESSAGE][PASSED] - Text 'leongarzagarza@hotmail.com' is set on object 'Object Repository/object_dashboard_emp/input_search'

2019-12-19 17:35:20 - [TEST_STEP][PASSED] - click(findTestObject("Object Repository/object_dashboard_emp/btn_accountSearch")): Object: 'Object Repository/object_dashboard_emp/btn_accountSearch' is clicked on

2019-12-19 17:35:21 - [MESSAGE][PASSED] - Object: 'Object Repository/object_dashboard_emp/btn_accountSearch' is clicked on

2019-12-19 17:35:21 - [TEST_STEP][PASSED] - delay(2): Delayed 2 second(s)

2019-12-19 17:35:23 - [MESSAGE][PASSED] - Delayed 2 second(s)

2019-12-19 17:35:23 - [TEST_STEP][PASSED] - click(findTestObject("Object Repository/object_accountInformation/a_TEST GABRIEL PROD")): Object: 'Object Repository/object_accountInformation/a_TEST GABRIEL PROD' is clicked on

2019-12-19 17:35:27 - [MESSAGE][PASSED] - Object: 'Object Repository/object_accountInformation/a_TEST GABRIEL PROD' is clicked on

2019-12-19 17:35:27 - [TEST_STEP][PASSED] - delay(2): Delayed 2 second(s)

2019-12-19 17:35:29 - [MESSAGE][PASSED] - Delayed 2 second(s)

2019-12-19 17:35:29 - [TEST_STEP][PASSED] - click(findTestObject("Object Repository/object_profile/a_addReservation")): Object: 'Object Repository/object_profile/a_addReservation' is clicked on

2019-12-19 17:35:31 - [MESSAGE][PASSED] - Object: 'Object Repository/object_profile/a_addReservation' is clicked on

2019-12-19 17:35:31 - [TEST_STEP][PASSED] - delay(2): Delayed 2 second(s)

2019-12-19 17:35:33 - [MESSAGE][PASSED] - Delayed 2 second(s)

2019-12-19 17:35:33 - [TEST_STEP][PASSED] - flagBoar = "0": null

2019-12-19 17:35:33 - [TEST_STEP][PASSED] - log = new com.kms.katalon.core.logging.KeywordLogger(): null

2019-12-19 17:35:33 - [TEST_STEP][PASSED] - fisNewRes = new java.io.FileInputStream(/home/leonardo-arkusmty/Desktop/P4P/DATA_AUTOMATINTESTING/data_1newReservationBoarding.xlsx): null

2019-12-19 17:35:33 - [TEST_STEP][PASSED] - fisCanRes = new java.io.FileInputStream(/home/leonardo-arkusmty/Desktop/P4P/DATA_AUTOMATINTESTING/data_2cancelReservation.xlsx): null

2019-12-19 17:35:33 - [TEST_STEP][PASSED] - workbookNewRes = new org.apache.poi.xssf.usermodel.XSSFWorkbook(fisNewRes): null

2019-12-19 17:35:33 - [TEST_STEP][PASSED] - workbookCanRes = new org.apache.poi.xssf.usermodel.XSSFWorkbook(fisCanRes): null

2019-12-19 17:35:33 - [TEST_STEP][PASSED] - sheetNewRes = workbookNewRes.getSheet("Sheet1"): null

2019-12-19 17:35:33 - [TEST_STEP][PASSED] - sheetCanRes = workbookCanRes.getSheet("Sheet1"): null

2019-12-19 17:35:33 - [TEST_STEP][PASSED] - rowCount = var_row: null

2019-12-19 17:35:33 - [TEST_STEP][PASSED] - var = Integer.parseInt(var_idRowRes): null

2019-12-19 17:35:33 - [TEST_STEP][PASSED] - rowNewRes = sheetNewRes.getRow(var): null

2019-12-19 17:35:33 - [TEST_STEP][PASSED] - rowCanRes = sheetCanRes.getRow(var): null

2019-12-19 17:35:33 - [TEST_STEP][PASSED] - if (var_typeReserveation == "Boarding"): null

2019-12-19 17:35:33 - [TEST_STEP][PASSED] - click(findTestObject("Object Repository/object_reservation/btn_Boarding")): Object: 'Object Repository/object_reservation/btn_Boarding' is clicked on

2019-12-19 17:35:34 - [MESSAGE][PASSED] - Object: 'Object Repository/object_reservation/btn_Boarding' is clicked on

2019-12-19 17:35:34 - [TEST_STEP][PASSED] - flagBoar = "1": null

2019-12-19 17:35:34 - [TEST_STEP][PASSED] - click(findTestObject("Object Repository/object_reservation/i_location")): Object: 'Object Repository/object_reservation/i_location' is clicked on

2019-12-19 17:35:37 - [MESSAGE][PASSED] - Object: 'Object Repository/object_reservation/i_location' is clicked on

2019-12-19 17:35:37 - [TEST_STEP][PASSED] - switch (var_idFacility): null

2019-12-19 17:35:37 - [TEST_STEP][PASSED] - dateCI = var_checkinD.split(","): null

2019-12-19 17:35:37 - [TEST_STEP][PASSED] - dateCO = var_checkoutD.split(","): null

2019-12-19 17:35:37 - [TEST_STEP][PASSED] - arryPets = var_pets.split(","): null

2019-12-19 17:35:37 - [TEST_STEP][PASSED] - delay(2): Delayed 2 second(s)

2019-12-19 17:35:39 - [MESSAGE][PASSED] - Delayed 2 second(s)

2019-12-19 17:35:39 - [TEST_STEP][PASSED] - if (var_repeting == "Y"): null

2019-12-19 17:35:39 - [TEST_STEP][PASSED] - click(findTestObject("Object Repository/object_reservation/dateCheckIn")): Object: 'Object Repository/object_reservation/dateCheckIn' is clicked on

2019-12-19 17:35:39 - [MESSAGE][PASSED] - Object: 'Object Repository/object_reservation/dateCheckIn' is clicked on

2019-12-19 17:35:39 - [TEST_STEP][PASSED] - delay(2): Delayed 2 second(s)

2019-12-19 17:35:41 - [MESSAGE][PASSED] - Delayed 2 second(s)

2019-12-19 17:35:41 - [TEST_STEP][PASSED] - switch (dateCI[0]): null

2019-12-19 17:35:41 - [TEST_STEP][PASSED] - case "14":: null

2019-12-19 17:35:41 - [TEST_STEP][PASSED] - click(findTestObject("Object Repository/Page_Paradise 4 Paws  Dog Boarding Cat Boarding Norwalk Pooch Hotel/button_14_ci")): Object: 'Object Repository/Page_Paradise 4 Paws  Dog Boarding Cat Boarding Norwalk Pooch Hotel/button_14_ci' is clicked on

2019-12-19 17:35:42 - [MESSAGE][PASSED] - Object: 'Object Repository/Page_Paradise 4 Paws  Dog Boarding Cat Boarding Norwalk Pooch Hotel/button_14_ci' is clicked on

2019-12-19 17:35:42 - [TEST_STEP][PASSED] - break: null

2019-12-19 17:35:42 - [TEST_STEP][PASSED] - if (flagBoar == "1"): null

2019-12-19 17:35:42 - [TEST_STEP][PASSED] - click(findTestObject("Object Repository/object_reservation/dateCheckOut")): Object: 'Object Repository/object_reservation/dateCheckOut' is clicked on

2019-12-19 17:35:42 - [MESSAGE][PASSED] - Object: 'Object Repository/object_reservation/dateCheckOut' is clicked on

2019-12-19 17:35:42 - [TEST_STEP][PASSED] - switch (dateCO[0]): null

2019-12-19 17:35:42 - [TEST_STEP][PASSED] - case "15":: null

2019-12-19 17:35:42 - [TEST_STEP][PASSED] - click(findTestObject("Object Repository/Page_Paradise 4 Paws  Dog Boarding Cat Boarding Norwalk Pooch Hotel/button_15_co")): Object: 'Object Repository/Page_Paradise 4 Paws  Dog Boarding Cat Boarding Norwalk Pooch Hotel/button_15_co' is clicked on

2019-12-19 17:35:43 - [MESSAGE][PASSED] - Object: 'Object Repository/Page_Paradise 4 Paws  Dog Boarding Cat Boarding Norwalk Pooch Hotel/button_15_co' is clicked on

2019-12-19 17:35:43 - [TEST_STEP][PASSED] - break: null

2019-12-19 17:35:43 - [TEST_STEP][PASSED] - click(findTestObject("Object Repository/object_reservation/timeCheckin")): Object: 'Object Repository/object_reservation/timeCheckin' is clicked on

2019-12-19 17:35:44 - [MESSAGE][PASSED] - Object: 'Object Repository/object_reservation/timeCheckin' is clicked on

2019-12-19 17:35:44 - [TEST_STEP][PASSED] - switch (var_checkinT): null

2019-12-19 17:35:44 - [TEST_STEP][PASSED] - case "800":: null

2019-12-19 17:35:44 - [TEST_STEP][PASSED] - click(findTestObject("Object Repository/Page_Paradise 4 Paws  Dog Boarding Cat Boarding Norwalk Pooch Hotel/time_800am_ci")): Object: 'Object Repository/Page_Paradise 4 Paws  Dog Boarding Cat Boarding Norwalk Pooch Hotel/time_800am_ci' is clicked on

2019-12-19 17:35:45 - [MESSAGE][PASSED] - Object: 'Object Repository/Page_Paradise 4 Paws  Dog Boarding Cat Boarding Norwalk Pooch Hotel/time_800am_ci' is clicked on

2019-12-19 17:35:45 - [TEST_STEP][PASSED] - break: null

2019-12-19 17:35:45 - [TEST_STEP][PASSED] - click(findTestObject("Object Repository/object_reservation/timeCheckOut")): Object: 'Object Repository/object_reservation/timeCheckOut' is clicked on

2019-12-19 17:35:45 - [MESSAGE][PASSED] - Object: 'Object Repository/object_reservation/timeCheckOut' is clicked on

2019-12-19 17:35:45 - [TEST_STEP][PASSED] - switch (var_checkoutT): null

2019-12-19 17:35:45 - [TEST_STEP][PASSED] - case "1200":: null

2019-12-19 17:35:45 - [TEST_STEP][PASSED] - click(findTestObject("Object Repository/Page_Paradise 4 Paws  Dog Boarding Cat Boarding Norwalk Pooch Hotel/time_1200pm_co")): Object: 'Object Repository/Page_Paradise 4 Paws  Dog Boarding Cat Boarding Norwalk Pooch Hotel/time_1200pm_co' is clicked on

2019-12-19 17:35:46 - [MESSAGE][PASSED] - Object: 'Object Repository/Page_Paradise 4 Paws  Dog Boarding Cat Boarding Norwalk Pooch Hotel/time_1200pm_co' is clicked on

2019-12-19 17:35:46 - [TEST_STEP][PASSED] - break: null

2019-12-19 17:35:46 - [TEST_STEP][PASSED] - delay(2): Delayed 2 second(s)

2019-12-19 17:35:48 - [MESSAGE][PASSED] - Delayed 2 second(s)

2019-12-19 17:35:48 - [TEST_STEP][PASSED] - if (arryPets.size() == 1): Object: 'Object Repository/object_reservation/Page_Paradise 4 Paws  Dog Boarding Cat Boarding Norwalk Pooch Hotel/div_Ares' is clicked on

2019-12-19 17:35:48 - [TEST_STEP][PASSED] - click(findTestObject("Object Repository/object_reservation/Page_Paradise 4 Paws  Dog Boarding Cat Boarding Norwalk Pooch Hotel/div_Ares")): Object: 'Object Repository/object_reservation/Page_Paradise 4 Paws  Dog Boarding Cat Boarding Norwalk Pooch Hotel/div_Ares' is clicked on

2019-12-19 17:35:49 - [MESSAGE][PASSED] - Object: 'Object Repository/object_reservation/Page_Paradise 4 Paws  Dog Boarding Cat Boarding Norwalk Pooch Hotel/div_Ares' is clicked on

2019-12-19 17:35:49 - [TEST_STEP][NOT_RUN] - click(findTestObject("object_reservations/i_Day_fa fa-circle-o ng-scope")): NOT_RUN: click(findTestObject("object_reservations/i_Day_fa fa-circle-o ng-scope"))

2019-12-19 17:35:49 - [MESSAGE][NOT_RUN] - NOT_RUN: click(findTestObject("object_reservations/i_Day_fa fa-circle-o ng-scope"))

2019-12-19 17:35:49 - [TEST_STEP][PASSED] - if (flagBoar == "1" || flagBoar == "2"): Object: 'Object Repository/object_reservation/div_suite_rad_deluxe' is clicked on

2019-12-19 17:35:49 - [TEST_STEP][PASSED] - click(findTestObject("Object Repository/object_reservation/div_suite_rad_deluxe")): Object: 'Object Repository/object_reservation/div_suite_rad_deluxe' is clicked on

2019-12-19 17:35:54 - [MESSAGE][PASSED] - Object: 'Object Repository/object_reservation/div_suite_rad_deluxe' is clicked on

2019-12-19 17:35:54 - [TEST_STEP][PASSED] - click(findTestObject("Object Repository/object_reservation/btn_next2")): Object: 'Object Repository/object_reservation/btn_next2' is clicked on

2019-12-19 17:35:56 - [MESSAGE][PASSED] - Object: 'Object Repository/object_reservation/btn_next2' is clicked on

2019-12-19 17:35:56 - [TEST_STEP][PASSED] - delay(3): Delayed 3 second(s)

2019-12-19 17:35:59 - [MESSAGE][PASSED] - Delayed 3 second(s)

2019-12-19 17:35:59 - [TEST_STEP][PASSED] - if (flagBoar == "1"): Object: 'Object Repository/object_reservation/button_DeclineThisPromo' is clicked on

2019-12-19 17:35:59 - [TEST_STEP][PASSED] - click(findTestObject("Object Repository/object_reservation/button_DeclineThisPromo")): Object: 'Object Repository/object_reservation/button_DeclineThisPromo' is clicked on

2019-12-19 17:36:00 - [MESSAGE][PASSED] - Object: 'Object Repository/object_reservation/button_DeclineThisPromo' is clicked on

2019-12-19 17:36:00 - [TEST_STEP][PASSED] - delay(2): Delayed 2 second(s)

2019-12-19 17:36:02 - [MESSAGE][PASSED] - Delayed 2 second(s)

2019-12-19 17:36:02 - [TEST_STEP][PASSED] - click(findTestObject("Object Repository/object_reservation/btn_next2")): Object: 'Object Repository/object_reservation/btn_next2' is clicked on

2019-12-19 17:36:02 - [MESSAGE][PASSED] - Object: 'Object Repository/object_reservation/btn_next2' is clicked on

2019-12-19 17:36:02 - [TEST_STEP][PASSED] - delay(2): Delayed 2 second(s)

2019-12-19 17:36:04 - [MESSAGE][PASSED] - Delayed 2 second(s)

2019-12-19 17:36:04 - [TEST_STEP][PASSED] - click(findTestObject("Object Repository/object_reservation/button_Submit Reservation")): Object: 'Object Repository/object_reservation/button_Submit Reservation' is clicked on

2019-12-19 17:36:05 - [MESSAGE][PASSED] - Object: 'Object Repository/object_reservation/button_Submit Reservation' is clicked on

2019-12-19 17:36:05 - [TEST_STEP][PASSED] - delay(2): Delayed 2 second(s)

2019-12-19 17:36:07 - [MESSAGE][PASSED] - Delayed 2 second(s)

2019-12-19 17:36:07 - [TEST_STEP][PASSED] - delay(2): Delayed 2 second(s)

2019-12-19 17:36:09 - [MESSAGE][PASSED] - Delayed 2 second(s)

2019-12-19 17:36:09 - [TEST_STEP][PASSED] - if (flagBoar == "2" && var_repeatingEvery == "Daily" || var_repeatingEvery == "Monthly" || var_repeatingEvery == "Weekly"): null

2019-12-19 17:36:09 - [TEST_STEP][PASSED] - else: null

2019-12-19 17:36:09 - [TEST_STEP][PASSED] - delay(2): Delayed 2 second(s)

2019-12-19 17:36:11 - [MESSAGE][PASSED] - Delayed 2 second(s)

2019-12-19 17:36:11 - [TEST_STEP][PASSED] - try: Object: 'Object Repository/object_reservation/button_Return To Reservation' is clicked on

2019-12-19 17:36:11 - [TEST_STEP][PASSED] - click(findTestObject("Object Repository/object_reservation/button_Return To Reservation")): Object: 'Object Repository/object_reservation/button_Return To Reservation' is clicked on

2019-12-19 17:36:11 - [MESSAGE][PASSED] - Object: 'Object Repository/object_reservation/button_Return To Reservation' is clicked on

2019-12-19 17:36:11 - [TEST_STEP][PASSED] - delay(6): Delayed 6 second(s)

2019-12-19 17:36:17 - [MESSAGE][PASSED] - Delayed 6 second(s)

2019-12-19 17:36:17 - [TEST_STEP][PASSED] - click(findTestObject("Object Repository/object_reservation/Page_Paradise 4 Paws  Dog Boarding Cat Boar_35fe2b/button_Go to CheckOut")): Object: 'Object Repository/object_reservation/Page_Paradise 4 Paws  Dog Boarding Cat Boar_35fe2b/button_Go to CheckOut' is clicked on

2019-12-19 17:36:20 - [MESSAGE][PASSED] - Object: 'Object Repository/object_reservation/Page_Paradise 4 Paws  Dog Boarding Cat Boar_35fe2b/button_Go to CheckOut' is clicked on

2019-12-19 17:36:20 - [TEST_STEP][PASSED] - delay(2): Delayed 2 second(s)

2019-12-19 17:36:22 - [MESSAGE][PASSED] - Delayed 2 second(s)

2019-12-19 17:36:22 - [TEST_STEP][PASSED] - log.logInfo(getText(findTestObject("Object Repository/object_reservation/Page_Paradise 4 Paws  Dog Boarding Cat Boar_35fe2b/span_( BK )"))): ( BK )

2019-12-19 17:36:22 - [MESSAGE][PASSED] - Text of object 'Object Repository/object_reservation/Page_Paradise 4 Paws  Dog Boarding Cat Boar_35fe2b/span_( BK )' is: '( BK )'

2019-12-19 17:36:22 - [MESSAGE][INFO] - ( BK )

2019-12-19 17:36:22 - [TEST_STEP][PASSED] - var_url = getUrl(): Current window's url is: 'https://p4p-qa-bg.aws.paradise4paws.com/frontdesk/checkout/1702597/?parent_id=122350'

2019-12-19 17:36:22 - [MESSAGE][PASSED] - Current window's url is: 'https://p4p-qa-bg.aws.paradise4paws.com/frontdesk/checkout/1702597/?parent_id=122350'

2019-12-19 17:36:22 - [TEST_STEP][PASSED] - arrayUrl = var_url.split("/"): null

2019-12-19 17:36:22 - [TEST_STEP][PASSED] - verifyElementText(findTestObject("Object Repository/object_reservation/Page_Paradise 4 Paws  Dog Boarding Cat Boar_35fe2b/span_( BK )"), "( BK )", STOP_ON_FAILURE): Actual text and expected text of test object 'Object Repository/object_reservation/Page_Paradise 4 Paws  Dog Boarding Cat Boar_35fe2b/span_( BK )' are matched.

2019-12-19 17:36:22 - [MESSAGE][PASSED] - Actual text and expected text of test object 'Object Repository/object_reservation/Page_Paradise 4 Paws  Dog Boarding Cat Boar_35fe2b/span_( BK )' are matched.

2019-12-19 17:36:22 - [TEST_STEP][PASSED] - cell = rowNewRes.createCell(15, 0): null

2019-12-19 17:36:22 - [TEST_STEP][PASSED] - cell.setCellType(CELL_TYPE_STRING): null

2019-12-19 17:36:22 - [TEST_STEP][PASSED] - cell.setCellValue(arrayUrl[5]): null

2019-12-19 17:36:22 - [TEST_STEP][PASSED] - cell2 = rowNewRes.createCell(16, 0): null

2019-12-19 17:36:22 - [TEST_STEP][PASSED] - cell2.setCellType(CELL_TYPE_STRING): null

2019-12-19 17:36:22 - [TEST_STEP][PASSED] - cell2.setCellValue(getText(findTestObject("Object Repository/object_reservation/Page_Paradise 4 Paws  Dog Boarding Cat Boar_35fe2b/span_( BK )"))): Text of object 'Object Repository/object_reservation/Page_Paradise 4 Paws  Dog Boarding Cat Boar_35fe2b/span_( BK )' is: '( BK )'

2019-12-19 17:36:23 - [MESSAGE][PASSED] - Text of object 'Object Repository/object_reservation/Page_Paradise 4 Paws  Dog Boarding Cat Boar_35fe2b/span_( BK )' is: '( BK )'

2019-12-19 17:36:23 - [TEST_STEP][PASSED] - fos = new java.io.FileOutputStream(/home/leonardo-arkusmty/Desktop/P4P/DATA_AUTOMATINTESTING/data_1newReservationBoarding.xlsx): null

2019-12-19 17:36:23 - [TEST_STEP][PASSED] - workbookNewRes.write(fos): null

2019-12-19 17:36:23 - [TEST_STEP][PASSED] - fos.close(): null

2019-12-19 17:36:23 - [TEST_STEP][PASSED] - delay(1): Delayed 1 second(s)

2019-12-19 17:36:24 - [MESSAGE][PASSED] - Delayed 1 second(s)

2019-12-19 17:36:24 - [TEST_STEP][PASSED] - (var_row++): null

2019-12-19 17:36:24 - [TEST_STEP][PASSED] - log.logInfo("POST CANCEL"): POST CANCEL

2019-12-19 17:36:24 - [MESSAGE][INFO] - POST CANCEL

2019-12-19 17:36:24 - [TEST_STEP][PASSED] - cellCan = rowCanRes.createCell(5, 0): null

2019-12-19 17:36:24 - [TEST_STEP][PASSED] - cellCan.setCellType(CELL_TYPE_STRING): null

2019-12-19 17:36:24 - [TEST_STEP][PASSED] - cellCan.setCellValue(arrayUrl[5]): null

2019-12-19 17:36:24 - [TEST_STEP][PASSED] - fosCan = new java.io.FileOutputStream(/home/leonardo-arkusmty/Desktop/P4P/DATA_AUTOMATINTESTING/data_2cancelReservation.xlsx): null

2019-12-19 17:36:24 - [TEST_STEP][PASSED] - workbookCanRes.write(fosCan): null

2019-12-19 17:36:24 - [TEST_STEP][PASSED] - fosCan.close(): null]]></system-out>
         <system-err><![CDATA[]]></system-err>
      </testcase>
      <testcase name="Test Cases/p4p_newReservationBoarding" time="166.357" classname="Test Cases/p4p_newReservationBoarding" status="PASSED">
         <system-out><![CDATA[2019-12-19 17:36:24 - [TEST_CASE][PASSED] - Test Cases/p4p_newReservationBoarding: Test Cases/p4p_newReservationBoarding

2019-12-19 17:36:24 - [TEST_STEP][PASSED] - openBrowser("https://p4p-qa-bg.aws.paradise4paws.com/login/"): Browser is opened with url: 'https://p4p-qa-bg.aws.paradise4paws.com/login/'

2019-12-19 17:36:24 - [MESSAGE][WARNING] - A browser is already opened. Closing browser and opening a new one

2019-12-19 17:36:25 - [MESSAGE][INFO] - Starting 'Firefox' driver

2019-12-19 17:36:28 - [MESSAGE][PASSED] - Browser is opened with url: 'https://p4p-qa-bg.aws.paradise4paws.com/login/'

2019-12-19 17:36:28 - [TEST_STEP][PASSED] - setText(findTestObject("Object Repository/object_login/input_user"), var_user): Text 'jegchavez@gmail.com' is set on object 'Object Repository/object_login/input_user'

2019-12-19 17:36:29 - [MESSAGE][PASSED] - Text 'jegchavez@gmail.com' is set on object 'Object Repository/object_login/input_user'

2019-12-19 17:36:29 - [TEST_STEP][PASSED] - setText(findTestObject("Object Repository/object_login/input_pass"), var_pass): Text 'admin1' is set on object 'Object Repository/object_login/input_pass'

2019-12-19 17:36:29 - [MESSAGE][PASSED] - Text 'admin1' is set on object 'Object Repository/object_login/input_pass'

2019-12-19 17:36:29 - [TEST_STEP][PASSED] - delay(2): Delayed 2 second(s)

2019-12-19 17:36:31 - [MESSAGE][PASSED] - Delayed 2 second(s)

2019-12-19 17:36:31 - [TEST_STEP][PASSED] - verifyElementClickable(findTestObject("Object Repository/object_login/btn_login")): Object 'Object Repository/object_login/btn_login' is clickable

2019-12-19 17:36:32 - [MESSAGE][PASSED] - Object 'Object Repository/object_login/btn_login' is clickable

2019-12-19 17:36:32 - [TEST_STEP][PASSED] - click(findTestObject("Object Repository/object_login/btn_login")): Object: 'Object Repository/object_login/btn_login' is clicked on

2019-12-19 17:36:36 - [MESSAGE][PASSED] - Object: 'Object Repository/object_login/btn_login' is clicked on

2019-12-19 17:36:36 - [TEST_STEP][PASSED] - delay(2): Delayed 2 second(s)

2019-12-19 17:36:38 - [MESSAGE][PASSED] - Delayed 2 second(s)

2019-12-19 17:36:38 - [TEST_STEP][PASSED] - setText(findTestObject("Object Repository/object_dashboard_emp/input_search"), var_searchParent): Text 'leongarzagarza@hotmail.com' is set on object 'Object Repository/object_dashboard_emp/input_search'

2019-12-19 17:36:38 - [MESSAGE][PASSED] - Text 'leongarzagarza@hotmail.com' is set on object 'Object Repository/object_dashboard_emp/input_search'

2019-12-19 17:36:38 - [TEST_STEP][PASSED] - click(findTestObject("Object Repository/object_dashboard_emp/btn_accountSearch")): Object: 'Object Repository/object_dashboard_emp/btn_accountSearch' is clicked on

2019-12-19 17:36:39 - [MESSAGE][PASSED] - Object: 'Object Repository/object_dashboard_emp/btn_accountSearch' is clicked on

2019-12-19 17:36:39 - [TEST_STEP][PASSED] - delay(2): Delayed 2 second(s)

2019-12-19 17:36:41 - [MESSAGE][PASSED] - Delayed 2 second(s)

2019-12-19 17:36:41 - [TEST_STEP][PASSED] - click(findTestObject("Object Repository/object_accountInformation/a_TEST GABRIEL PROD")): Object: 'Object Repository/object_accountInformation/a_TEST GABRIEL PROD' is clicked on

2019-12-19 17:36:46 - [MESSAGE][PASSED] - Object: 'Object Repository/object_accountInformation/a_TEST GABRIEL PROD' is clicked on

2019-12-19 17:36:46 - [TEST_STEP][PASSED] - delay(2): Delayed 2 second(s)

2019-12-19 17:36:48 - [MESSAGE][PASSED] - Delayed 2 second(s)

2019-12-19 17:36:48 - [TEST_STEP][PASSED] - click(findTestObject("Object Repository/object_profile/a_addReservation")): Object: 'Object Repository/object_profile/a_addReservation' is clicked on

2019-12-19 17:36:49 - [MESSAGE][PASSED] - Object: 'Object Repository/object_profile/a_addReservation' is clicked on

2019-12-19 17:36:49 - [TEST_STEP][PASSED] - delay(2): Delayed 2 second(s)

2019-12-19 17:36:51 - [MESSAGE][PASSED] - Delayed 2 second(s)

2019-12-19 17:36:51 - [TEST_STEP][PASSED] - flagBoar = "0": null

2019-12-19 17:36:51 - [TEST_STEP][PASSED] - log = new com.kms.katalon.core.logging.KeywordLogger(): null

2019-12-19 17:36:51 - [TEST_STEP][PASSED] - fisNewRes = new java.io.FileInputStream(/home/leonardo-arkusmty/Desktop/P4P/DATA_AUTOMATINTESTING/data_1newReservationBoarding.xlsx): null

2019-12-19 17:36:51 - [TEST_STEP][PASSED] - fisCanRes = new java.io.FileInputStream(/home/leonardo-arkusmty/Desktop/P4P/DATA_AUTOMATINTESTING/data_2cancelReservation.xlsx): null

2019-12-19 17:36:51 - [TEST_STEP][PASSED] - workbookNewRes = new org.apache.poi.xssf.usermodel.XSSFWorkbook(fisNewRes): null

2019-12-19 17:36:51 - [TEST_STEP][PASSED] - workbookCanRes = new org.apache.poi.xssf.usermodel.XSSFWorkbook(fisCanRes): null

2019-12-19 17:36:51 - [TEST_STEP][PASSED] - sheetNewRes = workbookNewRes.getSheet("Sheet1"): null

2019-12-19 17:36:51 - [TEST_STEP][PASSED] - sheetCanRes = workbookCanRes.getSheet("Sheet1"): null

2019-12-19 17:36:51 - [TEST_STEP][PASSED] - rowCount = var_row: null

2019-12-19 17:36:51 - [TEST_STEP][PASSED] - var = Integer.parseInt(var_idRowRes): null

2019-12-19 17:36:51 - [TEST_STEP][PASSED] - rowNewRes = sheetNewRes.getRow(var): null

2019-12-19 17:36:51 - [TEST_STEP][PASSED] - rowCanRes = sheetCanRes.getRow(var): null

2019-12-19 17:36:51 - [TEST_STEP][PASSED] - if (var_typeReserveation == "Boarding"): null

2019-12-19 17:36:51 - [TEST_STEP][PASSED] - click(findTestObject("Object Repository/object_reservation/btn_Boarding")): Object: 'Object Repository/object_reservation/btn_Boarding' is clicked on

2019-12-19 17:36:52 - [MESSAGE][PASSED] - Object: 'Object Repository/object_reservation/btn_Boarding' is clicked on

2019-12-19 17:36:52 - [TEST_STEP][PASSED] - flagBoar = "1": null

2019-12-19 17:36:52 - [TEST_STEP][PASSED] - click(findTestObject("Object Repository/object_reservation/i_location")): Object: 'Object Repository/object_reservation/i_location' is clicked on

2019-12-19 17:36:54 - [MESSAGE][PASSED] - Object: 'Object Repository/object_reservation/i_location' is clicked on

2019-12-19 17:36:54 - [TEST_STEP][PASSED] - switch (var_idFacility): null

2019-12-19 17:36:54 - [TEST_STEP][PASSED] - dateCI = var_checkinD.split(","): null

2019-12-19 17:36:54 - [TEST_STEP][PASSED] - dateCO = var_checkoutD.split(","): null

2019-12-19 17:36:54 - [TEST_STEP][PASSED] - arryPets = var_pets.split(","): null

2019-12-19 17:36:54 - [TEST_STEP][PASSED] - delay(2): Delayed 2 second(s)

2019-12-19 17:36:56 - [MESSAGE][PASSED] - Delayed 2 second(s)

2019-12-19 17:36:56 - [TEST_STEP][PASSED] - if (var_repeting == "Y"): null

2019-12-19 17:36:56 - [TEST_STEP][PASSED] - click(findTestObject("Object Repository/object_reservation/dateCheckIn")): Object: 'Object Repository/object_reservation/dateCheckIn' is clicked on

2019-12-19 17:36:57 - [MESSAGE][PASSED] - Object: 'Object Repository/object_reservation/dateCheckIn' is clicked on

2019-12-19 17:36:57 - [TEST_STEP][PASSED] - delay(2): Delayed 2 second(s)

2019-12-19 17:36:59 - [MESSAGE][PASSED] - Delayed 2 second(s)

2019-12-19 17:36:59 - [TEST_STEP][PASSED] - switch (dateCI[0]): null

2019-12-19 17:36:59 - [TEST_STEP][PASSED] - case "17":: null

2019-12-19 17:36:59 - [TEST_STEP][PASSED] - click(findTestObject("Object Repository/Page_Paradise 4 Paws  Dog Boarding Cat Boarding Norwalk Pooch Hotel/button_17_ci")): Object: 'Object Repository/Page_Paradise 4 Paws  Dog Boarding Cat Boarding Norwalk Pooch Hotel/button_17_ci' is clicked on

2019-12-19 17:37:00 - [MESSAGE][PASSED] - Object: 'Object Repository/Page_Paradise 4 Paws  Dog Boarding Cat Boarding Norwalk Pooch Hotel/button_17_ci' is clicked on

2019-12-19 17:37:00 - [TEST_STEP][PASSED] - break: null

2019-12-19 17:37:00 - [TEST_STEP][PASSED] - if (flagBoar == "1"): null

2019-12-19 17:37:00 - [TEST_STEP][PASSED] - click(findTestObject("Object Repository/object_reservation/dateCheckOut")): Object: 'Object Repository/object_reservation/dateCheckOut' is clicked on

2019-12-19 17:37:30 - [MESSAGE][PASSED] - Object: 'Object Repository/object_reservation/dateCheckOut' is clicked on

2019-12-19 17:37:30 - [TEST_STEP][PASSED] - switch (dateCO[0]): null

2019-12-19 17:37:30 - [TEST_STEP][PASSED] - case "18":: null

2019-12-19 17:37:30 - [TEST_STEP][PASSED] - click(findTestObject("Object Repository/Page_Paradise 4 Paws  Dog Boarding Cat Boarding Norwalk Pooch Hotel/button_18_co")): Object: 'Object Repository/Page_Paradise 4 Paws  Dog Boarding Cat Boarding Norwalk Pooch Hotel/button_18_co' is clicked on

2019-12-19 17:38:00 - [MESSAGE][PASSED] - Object: 'Object Repository/Page_Paradise 4 Paws  Dog Boarding Cat Boarding Norwalk Pooch Hotel/button_18_co' is clicked on

2019-12-19 17:38:00 - [TEST_STEP][PASSED] - break: null

2019-12-19 17:38:00 - [TEST_STEP][PASSED] - click(findTestObject("Object Repository/object_reservation/timeCheckin")): Object: 'Object Repository/object_reservation/timeCheckin' is clicked on

2019-12-19 17:38:31 - [MESSAGE][PASSED] - Object: 'Object Repository/object_reservation/timeCheckin' is clicked on

2019-12-19 17:38:31 - [TEST_STEP][PASSED] - switch (var_checkinT): null

2019-12-19 17:38:31 - [TEST_STEP][PASSED] - case "800":: null

2019-12-19 17:38:31 - [TEST_STEP][PASSED] - click(findTestObject("Object Repository/Page_Paradise 4 Paws  Dog Boarding Cat Boarding Norwalk Pooch Hotel/time_800am_ci")): Object: 'Object Repository/Page_Paradise 4 Paws  Dog Boarding Cat Boarding Norwalk Pooch Hotel/time_800am_ci' is clicked on

2019-12-19 17:38:31 - [MESSAGE][PASSED] - Object: 'Object Repository/Page_Paradise 4 Paws  Dog Boarding Cat Boarding Norwalk Pooch Hotel/time_800am_ci' is clicked on

2019-12-19 17:38:31 - [TEST_STEP][PASSED] - break: null

2019-12-19 17:38:31 - [TEST_STEP][PASSED] - click(findTestObject("Object Repository/object_reservation/timeCheckOut")): Object: 'Object Repository/object_reservation/timeCheckOut' is clicked on

2019-12-19 17:38:32 - [MESSAGE][PASSED] - Object: 'Object Repository/object_reservation/timeCheckOut' is clicked on

2019-12-19 17:38:32 - [TEST_STEP][PASSED] - switch (var_checkoutT): null

2019-12-19 17:38:32 - [TEST_STEP][PASSED] - case "1200":: null

2019-12-19 17:38:32 - [TEST_STEP][PASSED] - click(findTestObject("Object Repository/Page_Paradise 4 Paws  Dog Boarding Cat Boarding Norwalk Pooch Hotel/time_1200pm_co")): Object: 'Object Repository/Page_Paradise 4 Paws  Dog Boarding Cat Boarding Norwalk Pooch Hotel/time_1200pm_co' is clicked on

2019-12-19 17:38:33 - [MESSAGE][PASSED] - Object: 'Object Repository/Page_Paradise 4 Paws  Dog Boarding Cat Boarding Norwalk Pooch Hotel/time_1200pm_co' is clicked on

2019-12-19 17:38:33 - [TEST_STEP][PASSED] - break: null

2019-12-19 17:38:33 - [TEST_STEP][PASSED] - delay(2): Delayed 2 second(s)

2019-12-19 17:38:35 - [MESSAGE][PASSED] - Delayed 2 second(s)

2019-12-19 17:38:35 - [TEST_STEP][PASSED] - if (arryPets.size() == 1): Object: 'Object Repository/object_reservation/Page_Paradise 4 Paws  Dog Boarding Cat Boarding Norwalk Pooch Hotel/div_Ares' is clicked on

2019-12-19 17:38:35 - [TEST_STEP][PASSED] - click(findTestObject("Object Repository/object_reservation/Page_Paradise 4 Paws  Dog Boarding Cat Boarding Norwalk Pooch Hotel/div_Ares")): Object: 'Object Repository/object_reservation/Page_Paradise 4 Paws  Dog Boarding Cat Boarding Norwalk Pooch Hotel/div_Ares' is clicked on

2019-12-19 17:38:36 - [MESSAGE][PASSED] - Object: 'Object Repository/object_reservation/Page_Paradise 4 Paws  Dog Boarding Cat Boarding Norwalk Pooch Hotel/div_Ares' is clicked on

2019-12-19 17:38:36 - [TEST_STEP][NOT_RUN] - click(findTestObject("object_reservations/i_Day_fa fa-circle-o ng-scope")): NOT_RUN: click(findTestObject("object_reservations/i_Day_fa fa-circle-o ng-scope"))

2019-12-19 17:38:36 - [MESSAGE][NOT_RUN] - NOT_RUN: click(findTestObject("object_reservations/i_Day_fa fa-circle-o ng-scope"))

2019-12-19 17:38:36 - [TEST_STEP][PASSED] - if (flagBoar == "1" || flagBoar == "2"): Object: 'Object Repository/object_reservation/div_suite_rad_deluxe' is clicked on

2019-12-19 17:38:36 - [TEST_STEP][PASSED] - click(findTestObject("Object Repository/object_reservation/div_suite_rad_deluxe")): Object: 'Object Repository/object_reservation/div_suite_rad_deluxe' is clicked on

2019-12-19 17:38:41 - [MESSAGE][PASSED] - Object: 'Object Repository/object_reservation/div_suite_rad_deluxe' is clicked on

2019-12-19 17:38:41 - [TEST_STEP][PASSED] - click(findTestObject("Object Repository/object_reservation/btn_next2")): Object: 'Object Repository/object_reservation/btn_next2' is clicked on

2019-12-19 17:38:43 - [MESSAGE][PASSED] - Object: 'Object Repository/object_reservation/btn_next2' is clicked on

2019-12-19 17:38:43 - [TEST_STEP][PASSED] - delay(3): Delayed 3 second(s)

2019-12-19 17:38:46 - [MESSAGE][PASSED] - Delayed 3 second(s)

2019-12-19 17:38:46 - [TEST_STEP][PASSED] - if (flagBoar == "1"): Object: 'Object Repository/object_reservation/button_DeclineThisPromo' is clicked on

2019-12-19 17:38:46 - [TEST_STEP][PASSED] - click(findTestObject("Object Repository/object_reservation/button_DeclineThisPromo")): Object: 'Object Repository/object_reservation/button_DeclineThisPromo' is clicked on

2019-12-19 17:38:46 - [MESSAGE][PASSED] - Object: 'Object Repository/object_reservation/button_DeclineThisPromo' is clicked on

2019-12-19 17:38:46 - [TEST_STEP][PASSED] - delay(2): Delayed 2 second(s)

2019-12-19 17:38:49 - [MESSAGE][PASSED] - Delayed 2 second(s)

2019-12-19 17:38:49 - [TEST_STEP][PASSED] - click(findTestObject("Object Repository/object_reservation/btn_next2")): Object: 'Object Repository/object_reservation/btn_next2' is clicked on

2019-12-19 17:38:49 - [MESSAGE][PASSED] - Object: 'Object Repository/object_reservation/btn_next2' is clicked on

2019-12-19 17:38:49 - [TEST_STEP][PASSED] - delay(2): Delayed 2 second(s)

2019-12-19 17:38:51 - [MESSAGE][PASSED] - Delayed 2 second(s)

2019-12-19 17:38:51 - [TEST_STEP][PASSED] - click(findTestObject("Object Repository/object_reservation/button_Submit Reservation")): Object: 'Object Repository/object_reservation/button_Submit Reservation' is clicked on

2019-12-19 17:38:52 - [MESSAGE][PASSED] - Object: 'Object Repository/object_reservation/button_Submit Reservation' is clicked on

2019-12-19 17:38:52 - [TEST_STEP][PASSED] - delay(2): Delayed 2 second(s)

2019-12-19 17:38:54 - [MESSAGE][PASSED] - Delayed 2 second(s)

2019-12-19 17:38:54 - [TEST_STEP][PASSED] - delay(2): Delayed 2 second(s)

2019-12-19 17:38:56 - [MESSAGE][PASSED] - Delayed 2 second(s)

2019-12-19 17:38:56 - [TEST_STEP][PASSED] - if (flagBoar == "2" && var_repeatingEvery == "Daily" || var_repeatingEvery == "Monthly" || var_repeatingEvery == "Weekly"): null

2019-12-19 17:38:56 - [TEST_STEP][PASSED] - else: null

2019-12-19 17:38:56 - [TEST_STEP][PASSED] - delay(2): Delayed 2 second(s)

2019-12-19 17:38:58 - [MESSAGE][PASSED] - Delayed 2 second(s)

2019-12-19 17:38:58 - [TEST_STEP][PASSED] - try: Object: 'Object Repository/object_reservation/button_Return To Reservation' is clicked on

2019-12-19 17:38:58 - [TEST_STEP][PASSED] - click(findTestObject("Object Repository/object_reservation/button_Return To Reservation")): Object: 'Object Repository/object_reservation/button_Return To Reservation' is clicked on

2019-12-19 17:38:58 - [MESSAGE][PASSED] - Object: 'Object Repository/object_reservation/button_Return To Reservation' is clicked on

2019-12-19 17:38:58 - [TEST_STEP][PASSED] - delay(6): Delayed 6 second(s)

2019-12-19 17:39:04 - [MESSAGE][PASSED] - Delayed 6 second(s)

2019-12-19 17:39:04 - [TEST_STEP][PASSED] - click(findTestObject("Object Repository/object_reservation/Page_Paradise 4 Paws  Dog Boarding Cat Boar_35fe2b/button_Go to CheckOut")): Object: 'Object Repository/object_reservation/Page_Paradise 4 Paws  Dog Boarding Cat Boar_35fe2b/button_Go to CheckOut' is clicked on

2019-12-19 17:39:06 - [MESSAGE][PASSED] - Object: 'Object Repository/object_reservation/Page_Paradise 4 Paws  Dog Boarding Cat Boar_35fe2b/button_Go to CheckOut' is clicked on

2019-12-19 17:39:06 - [TEST_STEP][PASSED] - delay(2): Delayed 2 second(s)

2019-12-19 17:39:08 - [MESSAGE][PASSED] - Delayed 2 second(s)

2019-12-19 17:39:08 - [TEST_STEP][PASSED] - log.logInfo(getText(findTestObject("Object Repository/object_reservation/Page_Paradise 4 Paws  Dog Boarding Cat Boar_35fe2b/span_( BK )"))): ( BK )

2019-12-19 17:39:09 - [MESSAGE][PASSED] - Text of object 'Object Repository/object_reservation/Page_Paradise 4 Paws  Dog Boarding Cat Boar_35fe2b/span_( BK )' is: '( BK )'

2019-12-19 17:39:09 - [MESSAGE][INFO] - ( BK )

2019-12-19 17:39:09 - [TEST_STEP][PASSED] - var_url = getUrl(): Current window's url is: 'https://p4p-qa-bg.aws.paradise4paws.com/frontdesk/checkout/1702598/?parent_id=122350'

2019-12-19 17:39:09 - [MESSAGE][PASSED] - Current window's url is: 'https://p4p-qa-bg.aws.paradise4paws.com/frontdesk/checkout/1702598/?parent_id=122350'

2019-12-19 17:39:09 - [TEST_STEP][PASSED] - arrayUrl = var_url.split("/"): null

2019-12-19 17:39:09 - [TEST_STEP][PASSED] - verifyElementText(findTestObject("Object Repository/object_reservation/Page_Paradise 4 Paws  Dog Boarding Cat Boar_35fe2b/span_( BK )"), "( BK )", STOP_ON_FAILURE): Actual text and expected text of test object 'Object Repository/object_reservation/Page_Paradise 4 Paws  Dog Boarding Cat Boar_35fe2b/span_( BK )' are matched.

2019-12-19 17:39:09 - [MESSAGE][PASSED] - Actual text and expected text of test object 'Object Repository/object_reservation/Page_Paradise 4 Paws  Dog Boarding Cat Boar_35fe2b/span_( BK )' are matched.

2019-12-19 17:39:09 - [TEST_STEP][PASSED] - cell = rowNewRes.createCell(15, 0): null

2019-12-19 17:39:09 - [TEST_STEP][PASSED] - cell.setCellType(CELL_TYPE_STRING): null

2019-12-19 17:39:09 - [TEST_STEP][PASSED] - cell.setCellValue(arrayUrl[5]): null

2019-12-19 17:39:09 - [TEST_STEP][PASSED] - cell2 = rowNewRes.createCell(16, 0): null

2019-12-19 17:39:09 - [TEST_STEP][PASSED] - cell2.setCellType(CELL_TYPE_STRING): null

2019-12-19 17:39:09 - [TEST_STEP][PASSED] - cell2.setCellValue(getText(findTestObject("Object Repository/object_reservation/Page_Paradise 4 Paws  Dog Boarding Cat Boar_35fe2b/span_( BK )"))): Text of object 'Object Repository/object_reservation/Page_Paradise 4 Paws  Dog Boarding Cat Boar_35fe2b/span_( BK )' is: '( BK )'

2019-12-19 17:39:09 - [MESSAGE][PASSED] - Text of object 'Object Repository/object_reservation/Page_Paradise 4 Paws  Dog Boarding Cat Boar_35fe2b/span_( BK )' is: '( BK )'

2019-12-19 17:39:09 - [TEST_STEP][PASSED] - fos = new java.io.FileOutputStream(/home/leonardo-arkusmty/Desktop/P4P/DATA_AUTOMATINTESTING/data_1newReservationBoarding.xlsx): null

2019-12-19 17:39:09 - [TEST_STEP][PASSED] - workbookNewRes.write(fos): null

2019-12-19 17:39:09 - [TEST_STEP][PASSED] - fos.close(): null

2019-12-19 17:39:09 - [TEST_STEP][PASSED] - delay(1): Delayed 1 second(s)

2019-12-19 17:39:10 - [MESSAGE][PASSED] - Delayed 1 second(s)

2019-12-19 17:39:10 - [TEST_STEP][PASSED] - (var_row++): null

2019-12-19 17:39:10 - [TEST_STEP][PASSED] - log.logInfo("POST CANCEL"): POST CANCEL

2019-12-19 17:39:10 - [MESSAGE][INFO] - POST CANCEL

2019-12-19 17:39:10 - [TEST_STEP][PASSED] - cellCan = rowCanRes.createCell(5, 0): null

2019-12-19 17:39:10 - [TEST_STEP][PASSED] - cellCan.setCellType(CELL_TYPE_STRING): null

2019-12-19 17:39:10 - [TEST_STEP][PASSED] - cellCan.setCellValue(arrayUrl[5]): null

2019-12-19 17:39:10 - [TEST_STEP][PASSED] - fosCan = new java.io.FileOutputStream(/home/leonardo-arkusmty/Desktop/P4P/DATA_AUTOMATINTESTING/data_2cancelReservation.xlsx): null

2019-12-19 17:39:10 - [TEST_STEP][PASSED] - workbookCanRes.write(fosCan): null

2019-12-19 17:39:10 - [TEST_STEP][PASSED] - fosCan.close(): null]]></system-out>
         <system-err><![CDATA[]]></system-err>
      </testcase>
      <system-out><![CDATA[2019-12-19 17:35:05 - [TEST_SUITE][PASSED] - ts_newReservationBoarding: Test Cases/p4p_newReservationBoarding]]></system-out>
      <system-err><![CDATA[]]></system-err>
   </testsuite>
</testsuites>
