<?xml version="1.0" encoding="UTF-8"?>
<testsuites name="ts_newReservationDaycare" time="946.228" tests="15" failures="7" errors="0">
   <testsuite name="ts_newReservationDaycare" tests="15" failures="7" errors="0" time="946.228" timestamp="2019-12-12 07:22:21" hostname="leonardo-arkusmty - leonardoarkusmty-Inspiron-5577" id="Test Suites/ts_newReservationDaycare">
      <properties>
         <property name="deviceName" value=""/>
         <property name="devicePlatform" value=""/>
         <property name="logFolder" value="/home/leonardo-arkusmty/Documents/workspaceKatalon/p4ptest/Reports/20191212_072219/ts_newReservationDaycare/20191212_072219"/>
         <property name="logFiles" value="/home/leonardo-arkusmty/Documents/workspaceKatalon/p4ptest/Reports/20191212_072219/ts_newReservationDaycare/20191212_072219/execution0.log"/>
         <property name="attachments" value="/home/leonardo-arkusmty/Documents/workspaceKatalon/p4ptest/Reports/20191212_072219/ts_newReservationDaycare/20191212_072219/1576157444076.png, /home/leonardo-arkusmty/Documents/workspaceKatalon/p4ptest/Reports/20191212_072219/ts_newReservationDaycare/20191212_072219/1576157576209.png, /home/leonardo-arkusmty/Documents/workspaceKatalon/p4ptest/Reports/20191212_072219/ts_newReservationDaycare/20191212_072219/1576157886777.png"/>
         <property name="hostName" value="leonardo-arkusmty - leonardoarkusmty-Inspiron-5577"/>
         <property name="os" value="Linux 64bit"/>
         <property name="katalonVersion" value="7.0.8.1"/>
         <property name="browser" value="Firefox 70.0"/>
         <property name="hostAddress" value="127.0.1.1"/>
         <property name="sessionId" value="a0158c8d-028f-45b4-86ae-3ab27909a98a"/>
         <property name="seleniumVersion" value="3.141.59"/>
         <property name="proxyInformation" value="ProxyInformation{proxyOption=NO_PROXY, proxyServerType=HTTP, password=, proxyServerAddress=, proxyServerPort=0}"/>
         <property name="platform" value="Linux"/>
      </properties>
      <testcase name="Test Cases/p4p_newReservation" time="60.59" classname="Test Cases/p4p_newReservation" status="PASSED">
         <system-out><![CDATA[2019-12-12 07:22:21 - [TEST_CASE][PASSED] - Test Cases/p4p_newReservation: Test Cases/p4p_newReservation

2019-12-12 07:22:22 - [TEST_STEP][PASSED] - openBrowser("https://p4p-qa-bg.aws.paradise4paws.com/login/"): Browser is opened with url: 'https://p4p-qa-bg.aws.paradise4paws.com/login/'

2019-12-12 07:22:22 - [MESSAGE][INFO] - Starting 'Firefox' driver

2019-12-12 07:22:22 - [MESSAGE][INFO] - Action delay is set to 0 seconds

2019-12-12 07:22:27 - [MESSAGE][PASSED] - Browser is opened with url: 'https://p4p-qa-bg.aws.paradise4paws.com/login/'

2019-12-12 07:22:27 - [TEST_STEP][PASSED] - setText(findTestObject("Object Repository/object_login/input_user"), var_user): Text 'jegchavez@gmail.com' is set on object 'Object Repository/object_login/input_user'

2019-12-12 07:22:28 - [MESSAGE][PASSED] - Text 'jegchavez@gmail.com' is set on object 'Object Repository/object_login/input_user'

2019-12-12 07:22:28 - [TEST_STEP][PASSED] - setText(findTestObject("Object Repository/object_login/input_pass"), var_pass): Text 'admin1' is set on object 'Object Repository/object_login/input_pass'

2019-12-12 07:22:29 - [MESSAGE][PASSED] - Text 'admin1' is set on object 'Object Repository/object_login/input_pass'

2019-12-12 07:22:29 - [TEST_STEP][PASSED] - delay(2): Delayed 2 second(s)

2019-12-12 07:22:31 - [MESSAGE][PASSED] - Delayed 2 second(s)

2019-12-12 07:22:31 - [TEST_STEP][PASSED] - verifyElementClickable(findTestObject("Object Repository/object_login/btn_login")): Object 'Object Repository/object_login/btn_login' is clickable

2019-12-12 07:22:31 - [MESSAGE][PASSED] - Object 'Object Repository/object_login/btn_login' is clickable

2019-12-12 07:22:31 - [TEST_STEP][PASSED] - click(findTestObject("Object Repository/object_login/btn_login")): Object: 'Object Repository/object_login/btn_login' is clicked on

2019-12-12 07:22:35 - [MESSAGE][PASSED] - Object: 'Object Repository/object_login/btn_login' is clicked on

2019-12-12 07:22:35 - [TEST_STEP][PASSED] - delay(2): Delayed 2 second(s)

2019-12-12 07:22:37 - [MESSAGE][PASSED] - Delayed 2 second(s)

2019-12-12 07:22:37 - [TEST_STEP][PASSED] - setText(findTestObject("Object Repository/object_dashboard_emp/input_search"), var_searchParent): Text 'leongarzagarza@hotmail.com' is set on object 'Object Repository/object_dashboard_emp/input_search'

2019-12-12 07:22:37 - [MESSAGE][PASSED] - Text 'leongarzagarza@hotmail.com' is set on object 'Object Repository/object_dashboard_emp/input_search'

2019-12-12 07:22:37 - [TEST_STEP][PASSED] - click(findTestObject("Object Repository/object_dashboard_emp/btn_accountSearch")): Object: 'Object Repository/object_dashboard_emp/btn_accountSearch' is clicked on

2019-12-12 07:22:39 - [MESSAGE][PASSED] - Object: 'Object Repository/object_dashboard_emp/btn_accountSearch' is clicked on

2019-12-12 07:22:39 - [TEST_STEP][PASSED] - delay(2): Delayed 2 second(s)

2019-12-12 07:22:41 - [MESSAGE][PASSED] - Delayed 2 second(s)

2019-12-12 07:22:41 - [TEST_STEP][PASSED] - click(findTestObject("Object Repository/object_accountInformation/a_TEST GABRIEL PROD")): Object: 'Object Repository/object_accountInformation/a_TEST GABRIEL PROD' is clicked on

2019-12-12 07:22:44 - [MESSAGE][PASSED] - Object: 'Object Repository/object_accountInformation/a_TEST GABRIEL PROD' is clicked on

2019-12-12 07:22:44 - [TEST_STEP][PASSED] - delay(2): Delayed 2 second(s)

2019-12-12 07:22:46 - [MESSAGE][PASSED] - Delayed 2 second(s)

2019-12-12 07:22:46 - [TEST_STEP][PASSED] - click(findTestObject("Object Repository/object_profile/a_addReservation")): Object: 'Object Repository/object_profile/a_addReservation' is clicked on

2019-12-12 07:22:47 - [MESSAGE][PASSED] - Object: 'Object Repository/object_profile/a_addReservation' is clicked on

2019-12-12 07:22:47 - [TEST_STEP][PASSED] - delay(2): Delayed 2 second(s)

2019-12-12 07:22:49 - [MESSAGE][PASSED] - Delayed 2 second(s)

2019-12-12 07:22:49 - [TEST_STEP][PASSED] - flagBoar = "0": null

2019-12-12 07:22:49 - [TEST_STEP][PASSED] - log = new com.kms.katalon.core.logging.KeywordLogger(): null

2019-12-12 07:22:49 - [TEST_STEP][PASSED] - log.logInfo(var_typeReserveation): Daycare

2019-12-12 07:22:49 - [MESSAGE][INFO] - Daycare

2019-12-12 07:22:49 - [TEST_STEP][PASSED] - if (var_typeReserveation == "Boarding"): null

2019-12-12 07:22:49 - [TEST_STEP][PASSED] - else if (var_typeReserveation == "Daycare"): Object: 'Object Repository/object_reservation/btn_Daycare' is clicked on

2019-12-12 07:22:49 - [TEST_STEP][PASSED] - flagBoar = "2": null

2019-12-12 07:22:49 - [TEST_STEP][PASSED] - click(findTestObject("object_reservation/btn_Daycare")): Object: 'Object Repository/object_reservation/btn_Daycare' is clicked on

2019-12-12 07:22:50 - [MESSAGE][PASSED] - Object: 'Object Repository/object_reservation/btn_Daycare' is clicked on

2019-12-12 07:22:50 - [TEST_STEP][PASSED] - click(findTestObject("Object Repository/object_reservation/i_location")): Object: 'Object Repository/object_reservation/i_location' is clicked on

2019-12-12 07:22:53 - [MESSAGE][PASSED] - Object: 'Object Repository/object_reservation/i_location' is clicked on

2019-12-12 07:22:53 - [TEST_STEP][PASSED] - switch (var_idFacility): null

2019-12-12 07:22:53 - [TEST_STEP][PASSED] - dateCI = var_checkinD.split(","): null

2019-12-12 07:22:53 - [TEST_STEP][PASSED] - dateCO = var_checkoutD.split(","): null

2019-12-12 07:22:53 - [TEST_STEP][PASSED] - arryPets = var_pets.split(","): null

2019-12-12 07:22:53 - [TEST_STEP][PASSED] - delay(2): Delayed 2 second(s)

2019-12-12 07:22:55 - [MESSAGE][PASSED] - Delayed 2 second(s)

2019-12-12 07:22:55 - [TEST_STEP][PASSED] - click(findTestObject("Object Repository/object_reservation/dateCheckIn")): Object: 'Object Repository/object_reservation/dateCheckIn' is clicked on

2019-12-12 07:22:55 - [MESSAGE][PASSED] - Object: 'Object Repository/object_reservation/dateCheckIn' is clicked on

2019-12-12 07:22:55 - [TEST_STEP][PASSED] - switch (dateCI[0]): null

2019-12-12 07:22:55 - [TEST_STEP][PASSED] - case "17":: null

2019-12-12 07:22:55 - [TEST_STEP][PASSED] - click(findTestObject("Object Repository/Page_Paradise 4 Paws  Dog Boarding Cat Boarding Norwalk Pooch Hotel/button_17_ci")): Object: 'Object Repository/Page_Paradise 4 Paws  Dog Boarding Cat Boarding Norwalk Pooch Hotel/button_17_ci' is clicked on

2019-12-12 07:22:56 - [MESSAGE][PASSED] - Object: 'Object Repository/Page_Paradise 4 Paws  Dog Boarding Cat Boarding Norwalk Pooch Hotel/button_17_ci' is clicked on

2019-12-12 07:22:56 - [TEST_STEP][PASSED] - break: null

2019-12-12 07:22:56 - [TEST_STEP][PASSED] - log.logInfo("PRUEBA FLAG"): PRUEBA FLAG

2019-12-12 07:22:56 - [MESSAGE][INFO] - PRUEBA FLAG

2019-12-12 07:22:56 - [TEST_STEP][PASSED] - log.logInfo(flagBoar): 2

2019-12-12 07:22:56 - [MESSAGE][INFO] - 2

2019-12-12 07:22:56 - [TEST_STEP][PASSED] - if (flagBoar == "1"): null

2019-12-12 07:22:56 - [TEST_STEP][NOT_RUN] - click(findTestObject("Object Repository/object_reservationCalendar/CO_close")): NOT_RUN: click(findTestObject("Object Repository/object_reservationCalendar/CO_close"))

2019-12-12 07:22:56 - [MESSAGE][NOT_RUN] - NOT_RUN: click(findTestObject("Object Repository/object_reservationCalendar/CO_close"))

2019-12-12 07:22:56 - [TEST_STEP][PASSED] - click(findTestObject("Object Repository/object_reservation/timeCheckin")): Object: 'Object Repository/object_reservation/timeCheckin' is clicked on

2019-12-12 07:22:57 - [MESSAGE][PASSED] - Object: 'Object Repository/object_reservation/timeCheckin' is clicked on

2019-12-12 07:22:57 - [TEST_STEP][PASSED] - log.logInfo("test timePicker"): test timePicker

2019-12-12 07:22:57 - [MESSAGE][INFO] - test timePicker

2019-12-12 07:22:57 - [TEST_STEP][PASSED] - switch (var_checkinT): null

2019-12-12 07:22:57 - [TEST_STEP][PASSED] - case "800":: null

2019-12-12 07:22:57 - [TEST_STEP][PASSED] - click(findTestObject("Object Repository/Page_Paradise 4 Paws  Dog Boarding Cat Boarding Norwalk Pooch Hotel/time_800am_ci")): Object: 'Object Repository/Page_Paradise 4 Paws  Dog Boarding Cat Boarding Norwalk Pooch Hotel/time_800am_ci' is clicked on

2019-12-12 07:22:57 - [MESSAGE][PASSED] - Object: 'Object Repository/Page_Paradise 4 Paws  Dog Boarding Cat Boarding Norwalk Pooch Hotel/time_800am_ci' is clicked on

2019-12-12 07:22:57 - [TEST_STEP][PASSED] - break: null

2019-12-12 07:22:57 - [TEST_STEP][PASSED] - click(findTestObject("Object Repository/object_reservation/timeCheckOut")): Object: 'Object Repository/object_reservation/timeCheckOut' is clicked on

2019-12-12 07:22:58 - [MESSAGE][PASSED] - Object: 'Object Repository/object_reservation/timeCheckOut' is clicked on

2019-12-12 07:22:58 - [TEST_STEP][PASSED] - switch (var_checkoutT): null

2019-12-12 07:22:58 - [TEST_STEP][PASSED] - case "1200":: null

2019-12-12 07:22:58 - [TEST_STEP][PASSED] - log.logInfo("test 1200"): test 1200

2019-12-12 07:22:58 - [MESSAGE][INFO] - test 1200

2019-12-12 07:22:58 - [TEST_STEP][PASSED] - click(findTestObject("Object Repository/Page_Paradise 4 Paws  Dog Boarding Cat Boarding Norwalk Pooch Hotel/time_1200pm_co")): Object: 'Object Repository/Page_Paradise 4 Paws  Dog Boarding Cat Boarding Norwalk Pooch Hotel/time_1200pm_co' is clicked on

2019-12-12 07:22:59 - [MESSAGE][PASSED] - Object: 'Object Repository/Page_Paradise 4 Paws  Dog Boarding Cat Boarding Norwalk Pooch Hotel/time_1200pm_co' is clicked on

2019-12-12 07:22:59 - [TEST_STEP][PASSED] - break: null

2019-12-12 07:22:59 - [TEST_STEP][PASSED] - delay(2): Delayed 2 second(s)

2019-12-12 07:23:01 - [MESSAGE][PASSED] - Delayed 2 second(s)

2019-12-12 07:23:01 - [TEST_STEP][PASSED] - log.logInfo("-- ANTES REPEATING --"): -- ANTES REPEATING --

2019-12-12 07:23:01 - [MESSAGE][INFO] - -- ANTES REPEATING --

2019-12-12 07:23:01 - [TEST_STEP][PASSED] - if (var_repeting == "Y"): null

2019-12-12 07:23:01 - [TEST_STEP][PASSED] - click(findTestObject("Object Repository/object_reservation/checkbox_repeating")): Object: 'Object Repository/object_reservation/checkbox_repeating' is clicked on

2019-12-12 07:23:01 - [MESSAGE][PASSED] - Object: 'Object Repository/object_reservation/checkbox_repeating' is clicked on

2019-12-12 07:23:01 - [TEST_STEP][PASSED] - if (var_repeatingEvery == "Weekly"): null

2019-12-12 07:23:01 - [TEST_STEP][PASSED] - log.logInfo(var_pets): Ares

2019-12-12 07:23:01 - [MESSAGE][INFO] - Ares

2019-12-12 07:23:01 - [TEST_STEP][PASSED] - if (arryPets.size() == 1): Object: 'Object Repository/object_reservation/Page_Paradise 4 Paws  Dog Boarding Cat Boarding Norwalk Pooch Hotel/div_Ares' is clicked on

2019-12-12 07:23:01 - [TEST_STEP][PASSED] - click(findTestObject("Object Repository/object_reservation/Page_Paradise 4 Paws  Dog Boarding Cat Boarding Norwalk Pooch Hotel/div_Ares")): Object: 'Object Repository/object_reservation/Page_Paradise 4 Paws  Dog Boarding Cat Boarding Norwalk Pooch Hotel/div_Ares' is clicked on

2019-12-12 07:23:03 - [MESSAGE][PASSED] - Object: 'Object Repository/object_reservation/Page_Paradise 4 Paws  Dog Boarding Cat Boarding Norwalk Pooch Hotel/div_Ares' is clicked on

2019-12-12 07:23:03 - [TEST_STEP][NOT_RUN] - click(findTestObject("object_reservations/i_Day_fa fa-circle-o ng-scope")): NOT_RUN: click(findTestObject("object_reservations/i_Day_fa fa-circle-o ng-scope"))

2019-12-12 07:23:03 - [MESSAGE][NOT_RUN] - NOT_RUN: click(findTestObject("object_reservations/i_Day_fa fa-circle-o ng-scope"))

2019-12-12 07:23:03 - [TEST_STEP][PASSED] - if (flagBoar == "1" || flagBoar == "2"): Object: 'Object Repository/object_reservation/div_suite_rad_deluxe' is clicked on

2019-12-12 07:23:03 - [TEST_STEP][PASSED] - click(findTestObject("Object Repository/object_reservation/div_suite_rad_deluxe")): Object: 'Object Repository/object_reservation/div_suite_rad_deluxe' is clicked on

2019-12-12 07:23:07 - [MESSAGE][PASSED] - Object: 'Object Repository/object_reservation/div_suite_rad_deluxe' is clicked on

2019-12-12 07:23:07 - [TEST_STEP][PASSED] - click(findTestObject("Object Repository/object_reservation/btn_next2")): Object: 'Object Repository/object_reservation/btn_next2' is clicked on

2019-12-12 07:23:09 - [MESSAGE][PASSED] - Object: 'Object Repository/object_reservation/btn_next2' is clicked on

2019-12-12 07:23:09 - [TEST_STEP][PASSED] - delay(3): Delayed 3 second(s)

2019-12-12 07:23:12 - [MESSAGE][PASSED] - Delayed 3 second(s)

2019-12-12 07:23:12 - [TEST_STEP][PASSED] - if (flagBoar == "1"): null

2019-12-12 07:23:12 - [TEST_STEP][PASSED] - delay(2): Delayed 2 second(s)

2019-12-12 07:23:14 - [MESSAGE][PASSED] - Delayed 2 second(s)

2019-12-12 07:23:14 - [TEST_STEP][PASSED] - click(findTestObject("Object Repository/object_reservation/btn_next2")): Object: 'Object Repository/object_reservation/btn_next2' is clicked on

2019-12-12 07:23:15 - [MESSAGE][PASSED] - Object: 'Object Repository/object_reservation/btn_next2' is clicked on

2019-12-12 07:23:15 - [TEST_STEP][PASSED] - click(findTestObject("Object Repository/object_reservation/button_Submit Reservation")): Object: 'Object Repository/object_reservation/button_Submit Reservation' is clicked on

2019-12-12 07:23:17 - [MESSAGE][PASSED] - Object: 'Object Repository/object_reservation/button_Submit Reservation' is clicked on

2019-12-12 07:23:17 - [TEST_STEP][PASSED] - delay(2): Delayed 2 second(s)

2019-12-12 07:23:19 - [MESSAGE][PASSED] - Delayed 2 second(s)

2019-12-12 07:23:19 - [TEST_STEP][PASSED] - if (flagBoar == "2" && var_repeatingEvery == "Daily" || var_repeatingEvery == "Monthly"): null

2019-12-12 07:23:19 - [TEST_STEP][PASSED] - click(findTestObject("Object Repository/object_reservation/Page_Paradise 4 Paws  Dog Boarding Cat Boar_cfde7f/button_Ok")): Object: 'Object Repository/object_reservation/Page_Paradise 4 Paws  Dog Boarding Cat Boar_cfde7f/button_Ok' is clicked on

2019-12-12 07:23:20 - [MESSAGE][PASSED] - Object: 'Object Repository/object_reservation/Page_Paradise 4 Paws  Dog Boarding Cat Boar_cfde7f/button_Ok' is clicked on

2019-12-12 07:23:20 - [TEST_STEP][PASSED] - com.kms.katalon.core.webui.keyword.WebUiBuiltInKeywords: null

2019-12-12 07:23:20 - [TEST_STEP][PASSED] - delay(2): Delayed 2 second(s)

2019-12-12 07:23:22 - [MESSAGE][PASSED] - Delayed 2 second(s)]]></system-out>
         <system-err><![CDATA[]]></system-err>
      </testcase>
      <testcase name="Test Cases/p4p_newReservation" time="66.656" classname="Test Cases/p4p_newReservation" status="PASSED">
         <system-out><![CDATA[2019-12-12 07:23:22 - [TEST_CASE][PASSED] - Test Cases/p4p_newReservation: Test Cases/p4p_newReservation

2019-12-12 07:23:22 - [TEST_STEP][PASSED] - openBrowser("https://p4p-qa-bg.aws.paradise4paws.com/login/"): Browser is opened with url: 'https://p4p-qa-bg.aws.paradise4paws.com/login/'

2019-12-12 07:23:22 - [MESSAGE][WARNING] - A browser is already opened. Closing browser and opening a new one

2019-12-12 07:23:24 - [MESSAGE][INFO] - Starting 'Firefox' driver

2019-12-12 07:23:30 - [MESSAGE][PASSED] - Browser is opened with url: 'https://p4p-qa-bg.aws.paradise4paws.com/login/'

2019-12-12 07:23:30 - [TEST_STEP][PASSED] - setText(findTestObject("Object Repository/object_login/input_user"), var_user): Text 'jegchavez@gmail.com' is set on object 'Object Repository/object_login/input_user'

2019-12-12 07:23:31 - [MESSAGE][PASSED] - Text 'jegchavez@gmail.com' is set on object 'Object Repository/object_login/input_user'

2019-12-12 07:23:31 - [TEST_STEP][PASSED] - setText(findTestObject("Object Repository/object_login/input_pass"), var_pass): Text 'admin1' is set on object 'Object Repository/object_login/input_pass'

2019-12-12 07:23:31 - [MESSAGE][PASSED] - Text 'admin1' is set on object 'Object Repository/object_login/input_pass'

2019-12-12 07:23:31 - [TEST_STEP][PASSED] - delay(2): Delayed 2 second(s)

2019-12-12 07:23:33 - [MESSAGE][PASSED] - Delayed 2 second(s)

2019-12-12 07:23:33 - [TEST_STEP][PASSED] - verifyElementClickable(findTestObject("Object Repository/object_login/btn_login")): Object 'Object Repository/object_login/btn_login' is clickable

2019-12-12 07:23:34 - [MESSAGE][PASSED] - Object 'Object Repository/object_login/btn_login' is clickable

2019-12-12 07:23:34 - [TEST_STEP][PASSED] - click(findTestObject("Object Repository/object_login/btn_login")): Object: 'Object Repository/object_login/btn_login' is clicked on

2019-12-12 07:23:38 - [MESSAGE][PASSED] - Object: 'Object Repository/object_login/btn_login' is clicked on

2019-12-12 07:23:38 - [TEST_STEP][PASSED] - delay(2): Delayed 2 second(s)

2019-12-12 07:23:40 - [MESSAGE][PASSED] - Delayed 2 second(s)

2019-12-12 07:23:40 - [TEST_STEP][PASSED] - setText(findTestObject("Object Repository/object_dashboard_emp/input_search"), var_searchParent): Text 'leongarzagarza@hotmail.com' is set on object 'Object Repository/object_dashboard_emp/input_search'

2019-12-12 07:23:40 - [MESSAGE][PASSED] - Text 'leongarzagarza@hotmail.com' is set on object 'Object Repository/object_dashboard_emp/input_search'

2019-12-12 07:23:40 - [TEST_STEP][PASSED] - click(findTestObject("Object Repository/object_dashboard_emp/btn_accountSearch")): Object: 'Object Repository/object_dashboard_emp/btn_accountSearch' is clicked on

2019-12-12 07:23:42 - [MESSAGE][PASSED] - Object: 'Object Repository/object_dashboard_emp/btn_accountSearch' is clicked on

2019-12-12 07:23:42 - [TEST_STEP][PASSED] - delay(2): Delayed 2 second(s)

2019-12-12 07:23:44 - [MESSAGE][PASSED] - Delayed 2 second(s)

2019-12-12 07:23:44 - [TEST_STEP][PASSED] - click(findTestObject("Object Repository/object_accountInformation/a_TEST GABRIEL PROD")): Object: 'Object Repository/object_accountInformation/a_TEST GABRIEL PROD' is clicked on

2019-12-12 07:23:46 - [MESSAGE][PASSED] - Object: 'Object Repository/object_accountInformation/a_TEST GABRIEL PROD' is clicked on

2019-12-12 07:23:46 - [TEST_STEP][PASSED] - delay(2): Delayed 2 second(s)

2019-12-12 07:23:48 - [MESSAGE][PASSED] - Delayed 2 second(s)

2019-12-12 07:23:48 - [TEST_STEP][PASSED] - click(findTestObject("Object Repository/object_profile/a_addReservation")): Object: 'Object Repository/object_profile/a_addReservation' is clicked on

2019-12-12 07:23:50 - [MESSAGE][PASSED] - Object: 'Object Repository/object_profile/a_addReservation' is clicked on

2019-12-12 07:23:50 - [TEST_STEP][PASSED] - delay(2): Delayed 2 second(s)

2019-12-12 07:23:52 - [MESSAGE][PASSED] - Delayed 2 second(s)

2019-12-12 07:23:52 - [TEST_STEP][PASSED] - flagBoar = "0": null

2019-12-12 07:23:52 - [TEST_STEP][PASSED] - log = new com.kms.katalon.core.logging.KeywordLogger(): null

2019-12-12 07:23:52 - [TEST_STEP][PASSED] - log.logInfo(var_typeReserveation): Daycare

2019-12-12 07:23:52 - [MESSAGE][INFO] - Daycare

2019-12-12 07:23:52 - [TEST_STEP][PASSED] - if (var_typeReserveation == "Boarding"): null

2019-12-12 07:23:52 - [TEST_STEP][PASSED] - else if (var_typeReserveation == "Daycare"): Object: 'Object Repository/object_reservation/btn_Daycare' is clicked on

2019-12-12 07:23:52 - [TEST_STEP][PASSED] - flagBoar = "2": null

2019-12-12 07:23:52 - [TEST_STEP][PASSED] - click(findTestObject("object_reservation/btn_Daycare")): Object: 'Object Repository/object_reservation/btn_Daycare' is clicked on

2019-12-12 07:23:52 - [MESSAGE][PASSED] - Object: 'Object Repository/object_reservation/btn_Daycare' is clicked on

2019-12-12 07:23:52 - [TEST_STEP][PASSED] - click(findTestObject("Object Repository/object_reservation/i_location")): Object: 'Object Repository/object_reservation/i_location' is clicked on

2019-12-12 07:23:55 - [MESSAGE][PASSED] - Object: 'Object Repository/object_reservation/i_location' is clicked on

2019-12-12 07:23:55 - [TEST_STEP][PASSED] - switch (var_idFacility): null

2019-12-12 07:23:55 - [TEST_STEP][PASSED] - dateCI = var_checkinD.split(","): null

2019-12-12 07:23:55 - [TEST_STEP][PASSED] - dateCO = var_checkoutD.split(","): null

2019-12-12 07:23:55 - [TEST_STEP][PASSED] - arryPets = var_pets.split(","): null

2019-12-12 07:23:55 - [TEST_STEP][PASSED] - delay(2): Delayed 2 second(s)

2019-12-12 07:23:57 - [MESSAGE][PASSED] - Delayed 2 second(s)

2019-12-12 07:23:57 - [TEST_STEP][PASSED] - click(findTestObject("Object Repository/object_reservation/dateCheckIn")): Object: 'Object Repository/object_reservation/dateCheckIn' is clicked on

2019-12-12 07:23:57 - [MESSAGE][PASSED] - Object: 'Object Repository/object_reservation/dateCheckIn' is clicked on

2019-12-12 07:23:57 - [TEST_STEP][PASSED] - switch (dateCI[0]): null

2019-12-12 07:23:57 - [TEST_STEP][PASSED] - case "18":: null

2019-12-12 07:23:57 - [TEST_STEP][PASSED] - click(findTestObject("Object Repository/Page_Paradise 4 Paws  Dog Boarding Cat Boarding Norwalk Pooch Hotel/button_18_ci")): Object: 'Object Repository/Page_Paradise 4 Paws  Dog Boarding Cat Boarding Norwalk Pooch Hotel/button_18_ci' is clicked on

2019-12-12 07:23:58 - [MESSAGE][PASSED] - Object: 'Object Repository/Page_Paradise 4 Paws  Dog Boarding Cat Boarding Norwalk Pooch Hotel/button_18_ci' is clicked on

2019-12-12 07:23:58 - [TEST_STEP][PASSED] - break: null

2019-12-12 07:23:58 - [TEST_STEP][PASSED] - log.logInfo("PRUEBA FLAG"): PRUEBA FLAG

2019-12-12 07:23:58 - [MESSAGE][INFO] - PRUEBA FLAG

2019-12-12 07:23:58 - [TEST_STEP][PASSED] - log.logInfo(flagBoar): 2

2019-12-12 07:23:58 - [MESSAGE][INFO] - 2

2019-12-12 07:23:58 - [TEST_STEP][PASSED] - if (flagBoar == "1"): null

2019-12-12 07:23:58 - [TEST_STEP][NOT_RUN] - click(findTestObject("Object Repository/object_reservationCalendar/CO_close")): NOT_RUN: click(findTestObject("Object Repository/object_reservationCalendar/CO_close"))

2019-12-12 07:23:58 - [MESSAGE][NOT_RUN] - NOT_RUN: click(findTestObject("Object Repository/object_reservationCalendar/CO_close"))

2019-12-12 07:23:58 - [TEST_STEP][PASSED] - click(findTestObject("Object Repository/object_reservation/timeCheckin")): Object: 'Object Repository/object_reservation/timeCheckin' is clicked on

2019-12-12 07:23:59 - [MESSAGE][PASSED] - Object: 'Object Repository/object_reservation/timeCheckin' is clicked on

2019-12-12 07:23:59 - [TEST_STEP][PASSED] - log.logInfo("test timePicker"): test timePicker

2019-12-12 07:23:59 - [MESSAGE][INFO] - test timePicker

2019-12-12 07:23:59 - [TEST_STEP][PASSED] - switch (var_checkinT): null

2019-12-12 07:23:59 - [TEST_STEP][PASSED] - case "800":: null

2019-12-12 07:23:59 - [TEST_STEP][PASSED] - click(findTestObject("Object Repository/Page_Paradise 4 Paws  Dog Boarding Cat Boarding Norwalk Pooch Hotel/time_800am_ci")): Object: 'Object Repository/Page_Paradise 4 Paws  Dog Boarding Cat Boarding Norwalk Pooch Hotel/time_800am_ci' is clicked on

2019-12-12 07:24:00 - [MESSAGE][PASSED] - Object: 'Object Repository/Page_Paradise 4 Paws  Dog Boarding Cat Boarding Norwalk Pooch Hotel/time_800am_ci' is clicked on

2019-12-12 07:24:00 - [TEST_STEP][PASSED] - break: null

2019-12-12 07:24:00 - [TEST_STEP][PASSED] - click(findTestObject("Object Repository/object_reservation/timeCheckOut")): Object: 'Object Repository/object_reservation/timeCheckOut' is clicked on

2019-12-12 07:24:00 - [MESSAGE][PASSED] - Object: 'Object Repository/object_reservation/timeCheckOut' is clicked on

2019-12-12 07:24:00 - [TEST_STEP][PASSED] - switch (var_checkoutT): null

2019-12-12 07:24:00 - [TEST_STEP][PASSED] - case "1200":: null

2019-12-12 07:24:00 - [TEST_STEP][PASSED] - log.logInfo("test 1200"): test 1200

2019-12-12 07:24:00 - [MESSAGE][INFO] - test 1200

2019-12-12 07:24:00 - [TEST_STEP][PASSED] - click(findTestObject("Object Repository/Page_Paradise 4 Paws  Dog Boarding Cat Boarding Norwalk Pooch Hotel/time_1200pm_co")): Object: 'Object Repository/Page_Paradise 4 Paws  Dog Boarding Cat Boarding Norwalk Pooch Hotel/time_1200pm_co' is clicked on

2019-12-12 07:24:01 - [MESSAGE][PASSED] - Object: 'Object Repository/Page_Paradise 4 Paws  Dog Boarding Cat Boarding Norwalk Pooch Hotel/time_1200pm_co' is clicked on

2019-12-12 07:24:01 - [TEST_STEP][PASSED] - break: null

2019-12-12 07:24:01 - [TEST_STEP][PASSED] - delay(2): Delayed 2 second(s)

2019-12-12 07:24:03 - [MESSAGE][PASSED] - Delayed 2 second(s)

2019-12-12 07:24:03 - [TEST_STEP][PASSED] - log.logInfo("-- ANTES REPEATING --"): -- ANTES REPEATING --

2019-12-12 07:24:03 - [MESSAGE][INFO] - -- ANTES REPEATING --

2019-12-12 07:24:03 - [TEST_STEP][PASSED] - if (var_repeting == "Y"): null

2019-12-12 07:24:03 - [TEST_STEP][PASSED] - click(findTestObject("Object Repository/object_reservation/checkbox_repeating")): Object: 'Object Repository/object_reservation/checkbox_repeating' is clicked on

2019-12-12 07:24:04 - [MESSAGE][PASSED] - Object: 'Object Repository/object_reservation/checkbox_repeating' is clicked on

2019-12-12 07:24:04 - [TEST_STEP][PASSED] - if (var_repeatingEvery == "Weekly"): null

2019-12-12 07:24:04 - [TEST_STEP][PASSED] - log.logInfo(var_pets): Ares,Zeus

2019-12-12 07:24:04 - [MESSAGE][INFO] - Ares,Zeus

2019-12-12 07:24:04 - [TEST_STEP][PASSED] - if (arryPets.size() == 1): null

2019-12-12 07:24:04 - [TEST_STEP][PASSED] - else if (arryPets.size() == 2): Object: 'Object Repository/object_reservation/div_Zeus' is clicked on

2019-12-12 07:24:04 - [TEST_STEP][PASSED] - click(findTestObject("object_reservation/Page_Paradise 4 Paws  Dog Boarding Cat Boarding Norwalk Pooch Hotel/div_Ares")): Object: 'Object Repository/object_reservation/Page_Paradise 4 Paws  Dog Boarding Cat Boarding Norwalk Pooch Hotel/div_Ares' is clicked on

2019-12-12 07:24:05 - [MESSAGE][PASSED] - Object: 'Object Repository/object_reservation/Page_Paradise 4 Paws  Dog Boarding Cat Boarding Norwalk Pooch Hotel/div_Ares' is clicked on

2019-12-12 07:24:05 - [TEST_STEP][PASSED] - click(findTestObject("object_reservation/div_Zeus")): Object: 'Object Repository/object_reservation/div_Zeus' is clicked on

2019-12-12 07:24:09 - [MESSAGE][PASSED] - Object: 'Object Repository/object_reservation/div_Zeus' is clicked on

2019-12-12 07:24:09 - [TEST_STEP][NOT_RUN] - click(findTestObject("object_reservations/i_Day_fa fa-circle-o ng-scope")): NOT_RUN: click(findTestObject("object_reservations/i_Day_fa fa-circle-o ng-scope"))

2019-12-12 07:24:09 - [MESSAGE][NOT_RUN] - NOT_RUN: click(findTestObject("object_reservations/i_Day_fa fa-circle-o ng-scope"))

2019-12-12 07:24:09 - [TEST_STEP][PASSED] - if (flagBoar == "1" || flagBoar == "2"): Object: 'Object Repository/object_reservation/div_suite_rad_deluxe' is clicked on

2019-12-12 07:24:09 - [TEST_STEP][PASSED] - click(findTestObject("Object Repository/object_reservation/div_suite_rad_deluxe")): Object: 'Object Repository/object_reservation/div_suite_rad_deluxe' is clicked on

2019-12-12 07:24:13 - [MESSAGE][PASSED] - Object: 'Object Repository/object_reservation/div_suite_rad_deluxe' is clicked on

2019-12-12 07:24:13 - [TEST_STEP][PASSED] - click(findTestObject("Object Repository/object_reservation/btn_next2")): Object: 'Object Repository/object_reservation/btn_next2' is clicked on

2019-12-12 07:24:16 - [MESSAGE][PASSED] - Object: 'Object Repository/object_reservation/btn_next2' is clicked on

2019-12-12 07:24:16 - [TEST_STEP][PASSED] - delay(3): Delayed 3 second(s)

2019-12-12 07:24:19 - [MESSAGE][PASSED] - Delayed 3 second(s)

2019-12-12 07:24:19 - [TEST_STEP][PASSED] - if (flagBoar == "1"): null

2019-12-12 07:24:19 - [TEST_STEP][PASSED] - delay(2): Delayed 2 second(s)

2019-12-12 07:24:21 - [MESSAGE][PASSED] - Delayed 2 second(s)

2019-12-12 07:24:21 - [TEST_STEP][PASSED] - click(findTestObject("Object Repository/object_reservation/btn_next2")): Object: 'Object Repository/object_reservation/btn_next2' is clicked on

2019-12-12 07:24:22 - [MESSAGE][PASSED] - Object: 'Object Repository/object_reservation/btn_next2' is clicked on

2019-12-12 07:24:22 - [TEST_STEP][PASSED] - click(findTestObject("Object Repository/object_reservation/button_Submit Reservation")): Object: 'Object Repository/object_reservation/button_Submit Reservation' is clicked on

2019-12-12 07:24:24 - [MESSAGE][PASSED] - Object: 'Object Repository/object_reservation/button_Submit Reservation' is clicked on

2019-12-12 07:24:24 - [TEST_STEP][PASSED] - delay(2): Delayed 2 second(s)

2019-12-12 07:24:26 - [MESSAGE][PASSED] - Delayed 2 second(s)

2019-12-12 07:24:26 - [TEST_STEP][PASSED] - if (flagBoar == "2" && var_repeatingEvery == "Daily" || var_repeatingEvery == "Monthly"): null

2019-12-12 07:24:26 - [TEST_STEP][PASSED] - click(findTestObject("Object Repository/object_reservation/Page_Paradise 4 Paws  Dog Boarding Cat Boar_cfde7f/button_Ok")): Object: 'Object Repository/object_reservation/Page_Paradise 4 Paws  Dog Boarding Cat Boar_cfde7f/button_Ok' is clicked on

2019-12-12 07:24:26 - [MESSAGE][PASSED] - Object: 'Object Repository/object_reservation/Page_Paradise 4 Paws  Dog Boarding Cat Boar_cfde7f/button_Ok' is clicked on

2019-12-12 07:24:26 - [TEST_STEP][PASSED] - com.kms.katalon.core.webui.keyword.WebUiBuiltInKeywords: null

2019-12-12 07:24:26 - [TEST_STEP][PASSED] - delay(2): Delayed 2 second(s)

2019-12-12 07:24:28 - [MESSAGE][PASSED] - Delayed 2 second(s)]]></system-out>
         <system-err><![CDATA[]]></system-err>
      </testcase>
      <testcase name="Test Cases/p4p_newReservation" time="70.581" classname="Test Cases/p4p_newReservation" status="PASSED">
         <system-out><![CDATA[2019-12-12 07:24:28 - [TEST_CASE][PASSED] - Test Cases/p4p_newReservation: Test Cases/p4p_newReservation

2019-12-12 07:24:29 - [TEST_STEP][PASSED] - openBrowser("https://p4p-qa-bg.aws.paradise4paws.com/login/"): Browser is opened with url: 'https://p4p-qa-bg.aws.paradise4paws.com/login/'

2019-12-12 07:24:29 - [MESSAGE][WARNING] - A browser is already opened. Closing browser and opening a new one

2019-12-12 07:24:31 - [MESSAGE][INFO] - Starting 'Firefox' driver

2019-12-12 07:24:36 - [MESSAGE][PASSED] - Browser is opened with url: 'https://p4p-qa-bg.aws.paradise4paws.com/login/'

2019-12-12 07:24:36 - [TEST_STEP][PASSED] - setText(findTestObject("Object Repository/object_login/input_user"), var_user): Text 'jegchavez@gmail.com' is set on object 'Object Repository/object_login/input_user'

2019-12-12 07:24:37 - [MESSAGE][PASSED] - Text 'jegchavez@gmail.com' is set on object 'Object Repository/object_login/input_user'

2019-12-12 07:24:37 - [TEST_STEP][PASSED] - setText(findTestObject("Object Repository/object_login/input_pass"), var_pass): Text 'admin1' is set on object 'Object Repository/object_login/input_pass'

2019-12-12 07:24:37 - [MESSAGE][PASSED] - Text 'admin1' is set on object 'Object Repository/object_login/input_pass'

2019-12-12 07:24:37 - [TEST_STEP][PASSED] - delay(2): Delayed 2 second(s)

2019-12-12 07:24:39 - [MESSAGE][PASSED] - Delayed 2 second(s)

2019-12-12 07:24:39 - [TEST_STEP][PASSED] - verifyElementClickable(findTestObject("Object Repository/object_login/btn_login")): Object 'Object Repository/object_login/btn_login' is clickable

2019-12-12 07:24:40 - [MESSAGE][PASSED] - Object 'Object Repository/object_login/btn_login' is clickable

2019-12-12 07:24:40 - [TEST_STEP][PASSED] - click(findTestObject("Object Repository/object_login/btn_login")): Object: 'Object Repository/object_login/btn_login' is clicked on

2019-12-12 07:24:44 - [MESSAGE][PASSED] - Object: 'Object Repository/object_login/btn_login' is clicked on

2019-12-12 07:24:44 - [TEST_STEP][PASSED] - delay(2): Delayed 2 second(s)

2019-12-12 07:24:46 - [MESSAGE][PASSED] - Delayed 2 second(s)

2019-12-12 07:24:46 - [TEST_STEP][PASSED] - setText(findTestObject("Object Repository/object_dashboard_emp/input_search"), var_searchParent): Text 'leongarzagarza@hotmail.com' is set on object 'Object Repository/object_dashboard_emp/input_search'

2019-12-12 07:24:46 - [MESSAGE][PASSED] - Text 'leongarzagarza@hotmail.com' is set on object 'Object Repository/object_dashboard_emp/input_search'

2019-12-12 07:24:46 - [TEST_STEP][PASSED] - click(findTestObject("Object Repository/object_dashboard_emp/btn_accountSearch")): Object: 'Object Repository/object_dashboard_emp/btn_accountSearch' is clicked on

2019-12-12 07:24:47 - [MESSAGE][PASSED] - Object: 'Object Repository/object_dashboard_emp/btn_accountSearch' is clicked on

2019-12-12 07:24:47 - [TEST_STEP][PASSED] - delay(2): Delayed 2 second(s)

2019-12-12 07:24:49 - [MESSAGE][PASSED] - Delayed 2 second(s)

2019-12-12 07:24:49 - [TEST_STEP][PASSED] - click(findTestObject("Object Repository/object_accountInformation/a_TEST GABRIEL PROD")): Object: 'Object Repository/object_accountInformation/a_TEST GABRIEL PROD' is clicked on

2019-12-12 07:24:52 - [MESSAGE][PASSED] - Object: 'Object Repository/object_accountInformation/a_TEST GABRIEL PROD' is clicked on

2019-12-12 07:24:52 - [TEST_STEP][PASSED] - delay(2): Delayed 2 second(s)

2019-12-12 07:24:54 - [MESSAGE][PASSED] - Delayed 2 second(s)

2019-12-12 07:24:54 - [TEST_STEP][PASSED] - click(findTestObject("Object Repository/object_profile/a_addReservation")): Object: 'Object Repository/object_profile/a_addReservation' is clicked on

2019-12-12 07:24:56 - [MESSAGE][PASSED] - Object: 'Object Repository/object_profile/a_addReservation' is clicked on

2019-12-12 07:24:56 - [TEST_STEP][PASSED] - delay(2): Delayed 2 second(s)

2019-12-12 07:24:58 - [MESSAGE][PASSED] - Delayed 2 second(s)

2019-12-12 07:24:58 - [TEST_STEP][PASSED] - flagBoar = "0": null

2019-12-12 07:24:58 - [TEST_STEP][PASSED] - log = new com.kms.katalon.core.logging.KeywordLogger(): null

2019-12-12 07:24:58 - [TEST_STEP][PASSED] - log.logInfo(var_typeReserveation): Daycare

2019-12-12 07:24:58 - [MESSAGE][INFO] - Daycare

2019-12-12 07:24:58 - [TEST_STEP][PASSED] - if (var_typeReserveation == "Boarding"): null

2019-12-12 07:24:58 - [TEST_STEP][PASSED] - else if (var_typeReserveation == "Daycare"): Object: 'Object Repository/object_reservation/btn_Daycare' is clicked on

2019-12-12 07:24:58 - [TEST_STEP][PASSED] - flagBoar = "2": null

2019-12-12 07:24:58 - [TEST_STEP][PASSED] - click(findTestObject("object_reservation/btn_Daycare")): Object: 'Object Repository/object_reservation/btn_Daycare' is clicked on

2019-12-12 07:24:59 - [MESSAGE][PASSED] - Object: 'Object Repository/object_reservation/btn_Daycare' is clicked on

2019-12-12 07:24:59 - [TEST_STEP][PASSED] - click(findTestObject("Object Repository/object_reservation/i_location")): Object: 'Object Repository/object_reservation/i_location' is clicked on

2019-12-12 07:25:01 - [MESSAGE][PASSED] - Object: 'Object Repository/object_reservation/i_location' is clicked on

2019-12-12 07:25:01 - [TEST_STEP][PASSED] - switch (var_idFacility): null

2019-12-12 07:25:01 - [TEST_STEP][PASSED] - dateCI = var_checkinD.split(","): null

2019-12-12 07:25:01 - [TEST_STEP][PASSED] - dateCO = var_checkoutD.split(","): null

2019-12-12 07:25:01 - [TEST_STEP][PASSED] - arryPets = var_pets.split(","): null

2019-12-12 07:25:01 - [TEST_STEP][PASSED] - delay(2): Delayed 2 second(s)

2019-12-12 07:25:03 - [MESSAGE][PASSED] - Delayed 2 second(s)

2019-12-12 07:25:03 - [TEST_STEP][PASSED] - click(findTestObject("Object Repository/object_reservation/dateCheckIn")): Object: 'Object Repository/object_reservation/dateCheckIn' is clicked on

2019-12-12 07:25:04 - [MESSAGE][PASSED] - Object: 'Object Repository/object_reservation/dateCheckIn' is clicked on

2019-12-12 07:25:04 - [TEST_STEP][PASSED] - switch (dateCI[0]): null

2019-12-12 07:25:04 - [TEST_STEP][PASSED] - case "19":: null

2019-12-12 07:25:04 - [TEST_STEP][PASSED] - click(findTestObject("Object Repository/Page_Paradise 4 Paws  Dog Boarding Cat Boarding Norwalk Pooch Hotel/button_19_ci")): Object: 'Object Repository/Page_Paradise 4 Paws  Dog Boarding Cat Boarding Norwalk Pooch Hotel/button_19_ci' is clicked on

2019-12-12 07:25:05 - [MESSAGE][PASSED] - Object: 'Object Repository/Page_Paradise 4 Paws  Dog Boarding Cat Boarding Norwalk Pooch Hotel/button_19_ci' is clicked on

2019-12-12 07:25:05 - [TEST_STEP][PASSED] - break: null

2019-12-12 07:25:05 - [TEST_STEP][PASSED] - log.logInfo("PRUEBA FLAG"): PRUEBA FLAG

2019-12-12 07:25:05 - [MESSAGE][INFO] - PRUEBA FLAG

2019-12-12 07:25:05 - [TEST_STEP][PASSED] - log.logInfo(flagBoar): 2

2019-12-12 07:25:05 - [MESSAGE][INFO] - 2

2019-12-12 07:25:05 - [TEST_STEP][PASSED] - if (flagBoar == "1"): null

2019-12-12 07:25:05 - [TEST_STEP][NOT_RUN] - click(findTestObject("Object Repository/object_reservationCalendar/CO_close")): NOT_RUN: click(findTestObject("Object Repository/object_reservationCalendar/CO_close"))

2019-12-12 07:25:05 - [MESSAGE][NOT_RUN] - NOT_RUN: click(findTestObject("Object Repository/object_reservationCalendar/CO_close"))

2019-12-12 07:25:05 - [TEST_STEP][PASSED] - click(findTestObject("Object Repository/object_reservation/timeCheckin")): Object: 'Object Repository/object_reservation/timeCheckin' is clicked on

2019-12-12 07:25:06 - [MESSAGE][PASSED] - Object: 'Object Repository/object_reservation/timeCheckin' is clicked on

2019-12-12 07:25:06 - [TEST_STEP][PASSED] - log.logInfo("test timePicker"): test timePicker

2019-12-12 07:25:06 - [MESSAGE][INFO] - test timePicker

2019-12-12 07:25:06 - [TEST_STEP][PASSED] - switch (var_checkinT): null

2019-12-12 07:25:06 - [TEST_STEP][PASSED] - case "800":: null

2019-12-12 07:25:06 - [TEST_STEP][PASSED] - click(findTestObject("Object Repository/Page_Paradise 4 Paws  Dog Boarding Cat Boarding Norwalk Pooch Hotel/time_800am_ci")): Object: 'Object Repository/Page_Paradise 4 Paws  Dog Boarding Cat Boarding Norwalk Pooch Hotel/time_800am_ci' is clicked on

2019-12-12 07:25:06 - [MESSAGE][PASSED] - Object: 'Object Repository/Page_Paradise 4 Paws  Dog Boarding Cat Boarding Norwalk Pooch Hotel/time_800am_ci' is clicked on

2019-12-12 07:25:06 - [TEST_STEP][PASSED] - break: null

2019-12-12 07:25:06 - [TEST_STEP][PASSED] - click(findTestObject("Object Repository/object_reservation/timeCheckOut")): Object: 'Object Repository/object_reservation/timeCheckOut' is clicked on

2019-12-12 07:25:07 - [MESSAGE][PASSED] - Object: 'Object Repository/object_reservation/timeCheckOut' is clicked on

2019-12-12 07:25:07 - [TEST_STEP][PASSED] - switch (var_checkoutT): null

2019-12-12 07:25:07 - [TEST_STEP][PASSED] - case "1200":: null

2019-12-12 07:25:07 - [TEST_STEP][PASSED] - log.logInfo("test 1200"): test 1200

2019-12-12 07:25:07 - [MESSAGE][INFO] - test 1200

2019-12-12 07:25:07 - [TEST_STEP][PASSED] - click(findTestObject("Object Repository/Page_Paradise 4 Paws  Dog Boarding Cat Boarding Norwalk Pooch Hotel/time_1200pm_co")): Object: 'Object Repository/Page_Paradise 4 Paws  Dog Boarding Cat Boarding Norwalk Pooch Hotel/time_1200pm_co' is clicked on

2019-12-12 07:25:08 - [MESSAGE][PASSED] - Object: 'Object Repository/Page_Paradise 4 Paws  Dog Boarding Cat Boarding Norwalk Pooch Hotel/time_1200pm_co' is clicked on

2019-12-12 07:25:08 - [TEST_STEP][PASSED] - break: null

2019-12-12 07:25:08 - [TEST_STEP][PASSED] - delay(2): Delayed 2 second(s)

2019-12-12 07:25:10 - [MESSAGE][PASSED] - Delayed 2 second(s)

2019-12-12 07:25:10 - [TEST_STEP][PASSED] - log.logInfo("-- ANTES REPEATING --"): -- ANTES REPEATING --

2019-12-12 07:25:10 - [MESSAGE][INFO] - -- ANTES REPEATING --

2019-12-12 07:25:10 - [TEST_STEP][PASSED] - if (var_repeting == "Y"): null

2019-12-12 07:25:10 - [TEST_STEP][PASSED] - click(findTestObject("Object Repository/object_reservation/checkbox_repeating")): Object: 'Object Repository/object_reservation/checkbox_repeating' is clicked on

2019-12-12 07:25:10 - [MESSAGE][PASSED] - Object: 'Object Repository/object_reservation/checkbox_repeating' is clicked on

2019-12-12 07:25:10 - [TEST_STEP][PASSED] - if (var_repeatingEvery == "Weekly"): null

2019-12-12 07:25:10 - [TEST_STEP][PASSED] - log.logInfo(var_pets): Ares,Poseidon,Zeus

2019-12-12 07:25:10 - [MESSAGE][INFO] - Ares,Poseidon,Zeus

2019-12-12 07:25:10 - [TEST_STEP][PASSED] - if (arryPets.size() == 1): null

2019-12-12 07:25:10 - [TEST_STEP][PASSED] - else if (arryPets.size() == 2): null

2019-12-12 07:25:10 - [TEST_STEP][PASSED] - else if (arryPets.size() == 3): Object: 'Object Repository/object_reservation/div_Athena' is clicked on

2019-12-12 07:25:10 - [TEST_STEP][PASSED] - click(findTestObject("object_reservation/Page_Paradise 4 Paws  Dog Boarding Cat Boarding Norwalk Pooch Hotel/div_Ares")): Object: 'Object Repository/object_reservation/Page_Paradise 4 Paws  Dog Boarding Cat Boarding Norwalk Pooch Hotel/div_Ares' is clicked on

2019-12-12 07:25:12 - [MESSAGE][PASSED] - Object: 'Object Repository/object_reservation/Page_Paradise 4 Paws  Dog Boarding Cat Boarding Norwalk Pooch Hotel/div_Ares' is clicked on

2019-12-12 07:25:12 - [TEST_STEP][PASSED] - click(findTestObject("object_reservation/div_Zeus")): Object: 'Object Repository/object_reservation/div_Zeus' is clicked on

2019-12-12 07:25:15 - [MESSAGE][PASSED] - Object: 'Object Repository/object_reservation/div_Zeus' is clicked on

2019-12-12 07:25:15 - [TEST_STEP][PASSED] - click(findTestObject("object_reservation/div_Athena")): Object: 'Object Repository/object_reservation/div_Athena' is clicked on

2019-12-12 07:25:19 - [MESSAGE][PASSED] - Object: 'Object Repository/object_reservation/div_Athena' is clicked on

2019-12-12 07:25:19 - [TEST_STEP][NOT_RUN] - click(findTestObject("object_reservations/i_Day_fa fa-circle-o ng-scope")): NOT_RUN: click(findTestObject("object_reservations/i_Day_fa fa-circle-o ng-scope"))

2019-12-12 07:25:19 - [MESSAGE][NOT_RUN] - NOT_RUN: click(findTestObject("object_reservations/i_Day_fa fa-circle-o ng-scope"))

2019-12-12 07:25:19 - [TEST_STEP][PASSED] - if (flagBoar == "1" || flagBoar == "2"): Object: 'Object Repository/object_reservation/div_suite_rad_deluxe' is clicked on

2019-12-12 07:25:19 - [TEST_STEP][PASSED] - click(findTestObject("Object Repository/object_reservation/div_suite_rad_deluxe")): Object: 'Object Repository/object_reservation/div_suite_rad_deluxe' is clicked on

2019-12-12 07:25:23 - [MESSAGE][PASSED] - Object: 'Object Repository/object_reservation/div_suite_rad_deluxe' is clicked on

2019-12-12 07:25:23 - [TEST_STEP][PASSED] - click(findTestObject("Object Repository/object_reservation/btn_next2")): Object: 'Object Repository/object_reservation/btn_next2' is clicked on

2019-12-12 07:25:27 - [MESSAGE][PASSED] - Object: 'Object Repository/object_reservation/btn_next2' is clicked on

2019-12-12 07:25:27 - [TEST_STEP][PASSED] - delay(3): Delayed 3 second(s)

2019-12-12 07:25:30 - [MESSAGE][PASSED] - Delayed 3 second(s)

2019-12-12 07:25:30 - [TEST_STEP][PASSED] - if (flagBoar == "1"): null

2019-12-12 07:25:30 - [TEST_STEP][PASSED] - delay(2): Delayed 2 second(s)

2019-12-12 07:25:32 - [MESSAGE][PASSED] - Delayed 2 second(s)

2019-12-12 07:25:32 - [TEST_STEP][PASSED] - click(findTestObject("Object Repository/object_reservation/btn_next2")): Object: 'Object Repository/object_reservation/btn_next2' is clicked on

2019-12-12 07:25:32 - [MESSAGE][PASSED] - Object: 'Object Repository/object_reservation/btn_next2' is clicked on

2019-12-12 07:25:32 - [TEST_STEP][PASSED] - click(findTestObject("Object Repository/object_reservation/button_Submit Reservation")): Object: 'Object Repository/object_reservation/button_Submit Reservation' is clicked on

2019-12-12 07:25:35 - [MESSAGE][PASSED] - Object: 'Object Repository/object_reservation/button_Submit Reservation' is clicked on

2019-12-12 07:25:35 - [TEST_STEP][PASSED] - delay(2): Delayed 2 second(s)

2019-12-12 07:25:37 - [MESSAGE][PASSED] - Delayed 2 second(s)

2019-12-12 07:25:37 - [TEST_STEP][PASSED] - if (flagBoar == "2" && var_repeatingEvery == "Daily" || var_repeatingEvery == "Monthly"): null

2019-12-12 07:25:37 - [TEST_STEP][PASSED] - click(findTestObject("Object Repository/object_reservation/Page_Paradise 4 Paws  Dog Boarding Cat Boar_cfde7f/button_Ok")): Object: 'Object Repository/object_reservation/Page_Paradise 4 Paws  Dog Boarding Cat Boar_cfde7f/button_Ok' is clicked on

2019-12-12 07:25:37 - [MESSAGE][PASSED] - Object: 'Object Repository/object_reservation/Page_Paradise 4 Paws  Dog Boarding Cat Boar_cfde7f/button_Ok' is clicked on

2019-12-12 07:25:37 - [TEST_STEP][PASSED] - com.kms.katalon.core.webui.keyword.WebUiBuiltInKeywords: null

2019-12-12 07:25:37 - [TEST_STEP][PASSED] - delay(2): Delayed 2 second(s)

2019-12-12 07:25:39 - [MESSAGE][PASSED] - Delayed 2 second(s)]]></system-out>
         <system-err><![CDATA[]]></system-err>
      </testcase>
      <testcase name="Test Cases/p4p_newReservation" time="62.123" classname="Test Cases/p4p_newReservation" status="PASSED">
         <system-out><![CDATA[2019-12-12 07:25:39 - [TEST_CASE][PASSED] - Test Cases/p4p_newReservation: Test Cases/p4p_newReservation

2019-12-12 07:25:39 - [TEST_STEP][PASSED] - openBrowser("https://p4p-qa-bg.aws.paradise4paws.com/login/"): Browser is opened with url: 'https://p4p-qa-bg.aws.paradise4paws.com/login/'

2019-12-12 07:25:39 - [MESSAGE][WARNING] - A browser is already opened. Closing browser and opening a new one

2019-12-12 07:25:41 - [MESSAGE][INFO] - Starting 'Firefox' driver

2019-12-12 07:25:47 - [MESSAGE][PASSED] - Browser is opened with url: 'https://p4p-qa-bg.aws.paradise4paws.com/login/'

2019-12-12 07:25:47 - [TEST_STEP][PASSED] - setText(findTestObject("Object Repository/object_login/input_user"), var_user): Text 'jegchavez@gmail.com' is set on object 'Object Repository/object_login/input_user'

2019-12-12 07:25:48 - [MESSAGE][PASSED] - Text 'jegchavez@gmail.com' is set on object 'Object Repository/object_login/input_user'

2019-12-12 07:25:48 - [TEST_STEP][PASSED] - setText(findTestObject("Object Repository/object_login/input_pass"), var_pass): Text 'admin1' is set on object 'Object Repository/object_login/input_pass'

2019-12-12 07:25:48 - [MESSAGE][PASSED] - Text 'admin1' is set on object 'Object Repository/object_login/input_pass'

2019-12-12 07:25:48 - [TEST_STEP][PASSED] - delay(2): Delayed 2 second(s)

2019-12-12 07:25:50 - [MESSAGE][PASSED] - Delayed 2 second(s)

2019-12-12 07:25:50 - [TEST_STEP][PASSED] - verifyElementClickable(findTestObject("Object Repository/object_login/btn_login")): Object 'Object Repository/object_login/btn_login' is clickable

2019-12-12 07:25:50 - [MESSAGE][PASSED] - Object 'Object Repository/object_login/btn_login' is clickable

2019-12-12 07:25:50 - [TEST_STEP][PASSED] - click(findTestObject("Object Repository/object_login/btn_login")): Object: 'Object Repository/object_login/btn_login' is clicked on

2019-12-12 07:25:54 - [MESSAGE][PASSED] - Object: 'Object Repository/object_login/btn_login' is clicked on

2019-12-12 07:25:54 - [TEST_STEP][PASSED] - delay(2): Delayed 2 second(s)

2019-12-12 07:25:56 - [MESSAGE][PASSED] - Delayed 2 second(s)

2019-12-12 07:25:56 - [TEST_STEP][PASSED] - setText(findTestObject("Object Repository/object_dashboard_emp/input_search"), var_searchParent): Text 'leongarzagarza@hotmail.com' is set on object 'Object Repository/object_dashboard_emp/input_search'

2019-12-12 07:25:56 - [MESSAGE][PASSED] - Text 'leongarzagarza@hotmail.com' is set on object 'Object Repository/object_dashboard_emp/input_search'

2019-12-12 07:25:56 - [TEST_STEP][PASSED] - click(findTestObject("Object Repository/object_dashboard_emp/btn_accountSearch")): Object: 'Object Repository/object_dashboard_emp/btn_accountSearch' is clicked on

2019-12-12 07:25:57 - [MESSAGE][PASSED] - Object: 'Object Repository/object_dashboard_emp/btn_accountSearch' is clicked on

2019-12-12 07:25:57 - [TEST_STEP][PASSED] - delay(2): Delayed 2 second(s)

2019-12-12 07:25:59 - [MESSAGE][PASSED] - Delayed 2 second(s)

2019-12-12 07:25:59 - [TEST_STEP][PASSED] - click(findTestObject("Object Repository/object_accountInformation/a_TEST GABRIEL PROD")): Object: 'Object Repository/object_accountInformation/a_TEST GABRIEL PROD' is clicked on

2019-12-12 07:26:02 - [MESSAGE][PASSED] - Object: 'Object Repository/object_accountInformation/a_TEST GABRIEL PROD' is clicked on

2019-12-12 07:26:02 - [TEST_STEP][PASSED] - delay(2): Delayed 2 second(s)

2019-12-12 07:26:04 - [MESSAGE][PASSED] - Delayed 2 second(s)

2019-12-12 07:26:04 - [TEST_STEP][PASSED] - click(findTestObject("Object Repository/object_profile/a_addReservation")): Object: 'Object Repository/object_profile/a_addReservation' is clicked on

2019-12-12 07:26:06 - [MESSAGE][PASSED] - Object: 'Object Repository/object_profile/a_addReservation' is clicked on

2019-12-12 07:26:06 - [TEST_STEP][PASSED] - delay(2): Delayed 2 second(s)

2019-12-12 07:26:08 - [MESSAGE][PASSED] - Delayed 2 second(s)

2019-12-12 07:26:08 - [TEST_STEP][PASSED] - flagBoar = "0": null

2019-12-12 07:26:08 - [TEST_STEP][PASSED] - log = new com.kms.katalon.core.logging.KeywordLogger(): null

2019-12-12 07:26:08 - [TEST_STEP][PASSED] - log.logInfo(var_typeReserveation): Daycare

2019-12-12 07:26:08 - [MESSAGE][INFO] - Daycare

2019-12-12 07:26:08 - [TEST_STEP][PASSED] - if (var_typeReserveation == "Boarding"): null

2019-12-12 07:26:08 - [TEST_STEP][PASSED] - else if (var_typeReserveation == "Daycare"): Object: 'Object Repository/object_reservation/btn_Daycare' is clicked on

2019-12-12 07:26:08 - [TEST_STEP][PASSED] - flagBoar = "2": null

2019-12-12 07:26:08 - [TEST_STEP][PASSED] - click(findTestObject("object_reservation/btn_Daycare")): Object: 'Object Repository/object_reservation/btn_Daycare' is clicked on

2019-12-12 07:26:08 - [MESSAGE][PASSED] - Object: 'Object Repository/object_reservation/btn_Daycare' is clicked on

2019-12-12 07:26:08 - [TEST_STEP][PASSED] - click(findTestObject("Object Repository/object_reservation/i_location")): Object: 'Object Repository/object_reservation/i_location' is clicked on

2019-12-12 07:26:11 - [MESSAGE][PASSED] - Object: 'Object Repository/object_reservation/i_location' is clicked on

2019-12-12 07:26:11 - [TEST_STEP][PASSED] - switch (var_idFacility): null

2019-12-12 07:26:11 - [TEST_STEP][PASSED] - dateCI = var_checkinD.split(","): null

2019-12-12 07:26:11 - [TEST_STEP][PASSED] - dateCO = var_checkoutD.split(","): null

2019-12-12 07:26:11 - [TEST_STEP][PASSED] - arryPets = var_pets.split(","): null

2019-12-12 07:26:11 - [TEST_STEP][PASSED] - delay(2): Delayed 2 second(s)

2019-12-12 07:26:13 - [MESSAGE][PASSED] - Delayed 2 second(s)

2019-12-12 07:26:13 - [TEST_STEP][PASSED] - click(findTestObject("Object Repository/object_reservation/dateCheckIn")): Object: 'Object Repository/object_reservation/dateCheckIn' is clicked on

2019-12-12 07:26:14 - [MESSAGE][PASSED] - Object: 'Object Repository/object_reservation/dateCheckIn' is clicked on

2019-12-12 07:26:14 - [TEST_STEP][PASSED] - switch (dateCI[0]): null

2019-12-12 07:26:14 - [TEST_STEP][PASSED] - case "21":: null

2019-12-12 07:26:14 - [TEST_STEP][PASSED] - click(findTestObject("Object Repository/Page_Paradise 4 Paws  Dog Boarding Cat Boarding Norwalk Pooch Hotel/button_21_ci")): Object: 'Object Repository/Page_Paradise 4 Paws  Dog Boarding Cat Boarding Norwalk Pooch Hotel/button_21_ci' is clicked on

2019-12-12 07:26:14 - [MESSAGE][PASSED] - Object: 'Object Repository/Page_Paradise 4 Paws  Dog Boarding Cat Boarding Norwalk Pooch Hotel/button_21_ci' is clicked on

2019-12-12 07:26:14 - [TEST_STEP][PASSED] - break: null

2019-12-12 07:26:14 - [TEST_STEP][PASSED] - log.logInfo("PRUEBA FLAG"): PRUEBA FLAG

2019-12-12 07:26:14 - [MESSAGE][INFO] - PRUEBA FLAG

2019-12-12 07:26:14 - [TEST_STEP][PASSED] - log.logInfo(flagBoar): 2

2019-12-12 07:26:14 - [MESSAGE][INFO] - 2

2019-12-12 07:26:14 - [TEST_STEP][PASSED] - if (flagBoar == "1"): null

2019-12-12 07:26:14 - [TEST_STEP][NOT_RUN] - click(findTestObject("Object Repository/object_reservationCalendar/CO_close")): NOT_RUN: click(findTestObject("Object Repository/object_reservationCalendar/CO_close"))

2019-12-12 07:26:14 - [MESSAGE][NOT_RUN] - NOT_RUN: click(findTestObject("Object Repository/object_reservationCalendar/CO_close"))

2019-12-12 07:26:14 - [TEST_STEP][PASSED] - click(findTestObject("Object Repository/object_reservation/timeCheckin")): Object: 'Object Repository/object_reservation/timeCheckin' is clicked on

2019-12-12 07:26:15 - [MESSAGE][PASSED] - Object: 'Object Repository/object_reservation/timeCheckin' is clicked on

2019-12-12 07:26:15 - [TEST_STEP][PASSED] - log.logInfo("test timePicker"): test timePicker

2019-12-12 07:26:15 - [MESSAGE][INFO] - test timePicker

2019-12-12 07:26:15 - [TEST_STEP][PASSED] - switch (var_checkinT): null

2019-12-12 07:26:15 - [TEST_STEP][PASSED] - case "800":: null

2019-12-12 07:26:15 - [TEST_STEP][PASSED] - click(findTestObject("Object Repository/Page_Paradise 4 Paws  Dog Boarding Cat Boarding Norwalk Pooch Hotel/time_800am_ci")): Object: 'Object Repository/Page_Paradise 4 Paws  Dog Boarding Cat Boarding Norwalk Pooch Hotel/time_800am_ci' is clicked on

2019-12-12 07:26:16 - [MESSAGE][PASSED] - Object: 'Object Repository/Page_Paradise 4 Paws  Dog Boarding Cat Boarding Norwalk Pooch Hotel/time_800am_ci' is clicked on

2019-12-12 07:26:16 - [TEST_STEP][PASSED] - break: null

2019-12-12 07:26:16 - [TEST_STEP][PASSED] - click(findTestObject("Object Repository/object_reservation/timeCheckOut")): Object: 'Object Repository/object_reservation/timeCheckOut' is clicked on

2019-12-12 07:26:17 - [MESSAGE][PASSED] - Object: 'Object Repository/object_reservation/timeCheckOut' is clicked on

2019-12-12 07:26:17 - [TEST_STEP][PASSED] - switch (var_checkoutT): null

2019-12-12 07:26:17 - [TEST_STEP][PASSED] - case "1200":: null

2019-12-12 07:26:17 - [TEST_STEP][PASSED] - log.logInfo("test 1200"): test 1200

2019-12-12 07:26:17 - [MESSAGE][INFO] - test 1200

2019-12-12 07:26:17 - [TEST_STEP][PASSED] - click(findTestObject("Object Repository/Page_Paradise 4 Paws  Dog Boarding Cat Boarding Norwalk Pooch Hotel/time_1200pm_co")): Object: 'Object Repository/Page_Paradise 4 Paws  Dog Boarding Cat Boarding Norwalk Pooch Hotel/time_1200pm_co' is clicked on

2019-12-12 07:26:17 - [MESSAGE][PASSED] - Object: 'Object Repository/Page_Paradise 4 Paws  Dog Boarding Cat Boarding Norwalk Pooch Hotel/time_1200pm_co' is clicked on

2019-12-12 07:26:17 - [TEST_STEP][PASSED] - break: null

2019-12-12 07:26:17 - [TEST_STEP][PASSED] - delay(2): Delayed 2 second(s)

2019-12-12 07:26:19 - [MESSAGE][PASSED] - Delayed 2 second(s)

2019-12-12 07:26:19 - [TEST_STEP][PASSED] - log.logInfo("-- ANTES REPEATING --"): -- ANTES REPEATING --

2019-12-12 07:26:19 - [MESSAGE][INFO] - -- ANTES REPEATING --

2019-12-12 07:26:19 - [TEST_STEP][PASSED] - if (var_repeting == "Y"): All options with value '3' are selected in object 'Object Repository/object_reservation/Page_Paradise 4 Paws  Dog Boarding Cat Boar_cfde7f/select_DailyWeeklyMonthlyOther'  using regular expression

2019-12-12 07:26:19 - [TEST_STEP][PASSED] - click(findTestObject("Object Repository/object_reservation/checkbox_repeating")): Object: 'Object Repository/object_reservation/checkbox_repeating' is clicked on

2019-12-12 07:26:20 - [MESSAGE][PASSED] - Object: 'Object Repository/object_reservation/checkbox_repeating' is clicked on

2019-12-12 07:26:20 - [TEST_STEP][PASSED] - if (var_repeatingEvery == "Weekly"): null

2019-12-12 07:26:20 - [TEST_STEP][PASSED] - else if (var_repeatingEvery == "Monthly"): All options with value '3' are selected in object 'Object Repository/object_reservation/Page_Paradise 4 Paws  Dog Boarding Cat Boar_cfde7f/select_DailyWeeklyMonthlyOther'  using regular expression

2019-12-12 07:26:20 - [TEST_STEP][PASSED] - selectOptionByValue(findTestObject("Object Repository/object_reservation/Page_Paradise 4 Paws  Dog Boarding Cat Boar_cfde7f/select_DailyWeeklyMonthlyOther"), "3", true): All options with value '3' are selected in object 'Object Repository/object_reservation/Page_Paradise 4 Paws  Dog Boarding Cat Boar_cfde7f/select_DailyWeeklyMonthlyOther'  using regular expression

2019-12-12 07:26:21 - [MESSAGE][PASSED] - All options with value '3' are selected in object 'Object Repository/object_reservation/Page_Paradise 4 Paws  Dog Boarding Cat Boar_cfde7f/select_DailyWeeklyMonthlyOther'  using regular expression

2019-12-12 07:26:21 - [TEST_STEP][PASSED] - log.logInfo(var_pets): Ares

2019-12-12 07:26:21 - [MESSAGE][INFO] - Ares

2019-12-12 07:26:21 - [TEST_STEP][PASSED] - if (arryPets.size() == 1): Object: 'Object Repository/object_reservation/Page_Paradise 4 Paws  Dog Boarding Cat Boarding Norwalk Pooch Hotel/div_Ares' is clicked on

2019-12-12 07:26:21 - [TEST_STEP][PASSED] - click(findTestObject("Object Repository/object_reservation/Page_Paradise 4 Paws  Dog Boarding Cat Boarding Norwalk Pooch Hotel/div_Ares")): Object: 'Object Repository/object_reservation/Page_Paradise 4 Paws  Dog Boarding Cat Boarding Norwalk Pooch Hotel/div_Ares' is clicked on

2019-12-12 07:26:23 - [MESSAGE][PASSED] - Object: 'Object Repository/object_reservation/Page_Paradise 4 Paws  Dog Boarding Cat Boarding Norwalk Pooch Hotel/div_Ares' is clicked on

2019-12-12 07:26:23 - [TEST_STEP][NOT_RUN] - click(findTestObject("object_reservations/i_Day_fa fa-circle-o ng-scope")): NOT_RUN: click(findTestObject("object_reservations/i_Day_fa fa-circle-o ng-scope"))

2019-12-12 07:26:23 - [MESSAGE][NOT_RUN] - NOT_RUN: click(findTestObject("object_reservations/i_Day_fa fa-circle-o ng-scope"))

2019-12-12 07:26:23 - [TEST_STEP][PASSED] - if (flagBoar == "1" || flagBoar == "2"): Object: 'Object Repository/object_reservation/div_suite_rad_deluxe' is clicked on

2019-12-12 07:26:23 - [TEST_STEP][PASSED] - click(findTestObject("Object Repository/object_reservation/div_suite_rad_deluxe")): Object: 'Object Repository/object_reservation/div_suite_rad_deluxe' is clicked on

2019-12-12 07:26:26 - [MESSAGE][PASSED] - Object: 'Object Repository/object_reservation/div_suite_rad_deluxe' is clicked on

2019-12-12 07:26:26 - [TEST_STEP][PASSED] - click(findTestObject("Object Repository/object_reservation/btn_next2")): Object: 'Object Repository/object_reservation/btn_next2' is clicked on

2019-12-12 07:26:29 - [MESSAGE][PASSED] - Object: 'Object Repository/object_reservation/btn_next2' is clicked on

2019-12-12 07:26:29 - [TEST_STEP][PASSED] - delay(3): Delayed 3 second(s)

2019-12-12 07:26:32 - [MESSAGE][PASSED] - Delayed 3 second(s)

2019-12-12 07:26:32 - [TEST_STEP][PASSED] - if (flagBoar == "1"): null

2019-12-12 07:26:32 - [TEST_STEP][PASSED] - delay(2): Delayed 2 second(s)

2019-12-12 07:26:34 - [MESSAGE][PASSED] - Delayed 2 second(s)

2019-12-12 07:26:34 - [TEST_STEP][PASSED] - click(findTestObject("Object Repository/object_reservation/btn_next2")): Object: 'Object Repository/object_reservation/btn_next2' is clicked on

2019-12-12 07:26:34 - [MESSAGE][PASSED] - Object: 'Object Repository/object_reservation/btn_next2' is clicked on

2019-12-12 07:26:34 - [TEST_STEP][PASSED] - click(findTestObject("Object Repository/object_reservation/button_Submit Reservation")): Object: 'Object Repository/object_reservation/button_Submit Reservation' is clicked on

2019-12-12 07:26:37 - [MESSAGE][PASSED] - Object: 'Object Repository/object_reservation/button_Submit Reservation' is clicked on

2019-12-12 07:26:37 - [TEST_STEP][PASSED] - delay(2): Delayed 2 second(s)

2019-12-12 07:26:39 - [MESSAGE][PASSED] - Delayed 2 second(s)

2019-12-12 07:26:39 - [TEST_STEP][PASSED] - if (flagBoar == "2" && var_repeatingEvery == "Daily" || var_repeatingEvery == "Monthly"): null

2019-12-12 07:26:39 - [TEST_STEP][PASSED] - click(findTestObject("Object Repository/object_reservation/Page_Paradise 4 Paws  Dog Boarding Cat Boar_cfde7f/button_Ok")): Object: 'Object Repository/object_reservation/Page_Paradise 4 Paws  Dog Boarding Cat Boar_cfde7f/button_Ok' is clicked on

2019-12-12 07:26:39 - [MESSAGE][PASSED] - Object: 'Object Repository/object_reservation/Page_Paradise 4 Paws  Dog Boarding Cat Boar_cfde7f/button_Ok' is clicked on

2019-12-12 07:26:39 - [TEST_STEP][PASSED] - com.kms.katalon.core.webui.keyword.WebUiBuiltInKeywords: null

2019-12-12 07:26:39 - [TEST_STEP][PASSED] - delay(2): Delayed 2 second(s)

2019-12-12 07:26:41 - [MESSAGE][PASSED] - Delayed 2 second(s)]]></system-out>
         <system-err><![CDATA[]]></system-err>
      </testcase>
      <testcase name="Test Cases/p4p_newReservation" time="62.932" classname="Test Cases/p4p_newReservation" status="PASSED">
         <system-out><![CDATA[2019-12-12 07:26:41 - [TEST_CASE][PASSED] - Test Cases/p4p_newReservation: Test Cases/p4p_newReservation

2019-12-12 07:26:41 - [TEST_STEP][PASSED] - openBrowser("https://p4p-qa-bg.aws.paradise4paws.com/login/"): Browser is opened with url: 'https://p4p-qa-bg.aws.paradise4paws.com/login/'

2019-12-12 07:26:41 - [MESSAGE][WARNING] - A browser is already opened. Closing browser and opening a new one

2019-12-12 07:26:43 - [MESSAGE][INFO] - Starting 'Firefox' driver

2019-12-12 07:26:47 - [MESSAGE][PASSED] - Browser is opened with url: 'https://p4p-qa-bg.aws.paradise4paws.com/login/'

2019-12-12 07:26:47 - [TEST_STEP][PASSED] - setText(findTestObject("Object Repository/object_login/input_user"), var_user): Text 'jegchavez@gmail.com' is set on object 'Object Repository/object_login/input_user'

2019-12-12 07:26:47 - [MESSAGE][PASSED] - Text 'jegchavez@gmail.com' is set on object 'Object Repository/object_login/input_user'

2019-12-12 07:26:47 - [TEST_STEP][PASSED] - setText(findTestObject("Object Repository/object_login/input_pass"), var_pass): Text 'admin1' is set on object 'Object Repository/object_login/input_pass'

2019-12-12 07:26:48 - [MESSAGE][PASSED] - Text 'admin1' is set on object 'Object Repository/object_login/input_pass'

2019-12-12 07:26:48 - [TEST_STEP][PASSED] - delay(2): Delayed 2 second(s)

2019-12-12 07:26:50 - [MESSAGE][PASSED] - Delayed 2 second(s)

2019-12-12 07:26:50 - [TEST_STEP][PASSED] - verifyElementClickable(findTestObject("Object Repository/object_login/btn_login")): Object 'Object Repository/object_login/btn_login' is clickable

2019-12-12 07:26:50 - [MESSAGE][PASSED] - Object 'Object Repository/object_login/btn_login' is clickable

2019-12-12 07:26:50 - [TEST_STEP][PASSED] - click(findTestObject("Object Repository/object_login/btn_login")): Object: 'Object Repository/object_login/btn_login' is clicked on

2019-12-12 07:26:53 - [MESSAGE][PASSED] - Object: 'Object Repository/object_login/btn_login' is clicked on

2019-12-12 07:26:53 - [TEST_STEP][PASSED] - delay(2): Delayed 2 second(s)

2019-12-12 07:26:55 - [MESSAGE][PASSED] - Delayed 2 second(s)

2019-12-12 07:26:55 - [TEST_STEP][PASSED] - setText(findTestObject("Object Repository/object_dashboard_emp/input_search"), var_searchParent): Text 'leongarzagarza@hotmail.com' is set on object 'Object Repository/object_dashboard_emp/input_search'

2019-12-12 07:26:56 - [MESSAGE][PASSED] - Text 'leongarzagarza@hotmail.com' is set on object 'Object Repository/object_dashboard_emp/input_search'

2019-12-12 07:26:56 - [TEST_STEP][PASSED] - click(findTestObject("Object Repository/object_dashboard_emp/btn_accountSearch")): Object: 'Object Repository/object_dashboard_emp/btn_accountSearch' is clicked on

2019-12-12 07:26:57 - [MESSAGE][PASSED] - Object: 'Object Repository/object_dashboard_emp/btn_accountSearch' is clicked on

2019-12-12 07:26:57 - [TEST_STEP][PASSED] - delay(2): Delayed 2 second(s)

2019-12-12 07:26:59 - [MESSAGE][PASSED] - Delayed 2 second(s)

2019-12-12 07:26:59 - [TEST_STEP][PASSED] - click(findTestObject("Object Repository/object_accountInformation/a_TEST GABRIEL PROD")): Object: 'Object Repository/object_accountInformation/a_TEST GABRIEL PROD' is clicked on

2019-12-12 07:27:02 - [MESSAGE][PASSED] - Object: 'Object Repository/object_accountInformation/a_TEST GABRIEL PROD' is clicked on

2019-12-12 07:27:02 - [TEST_STEP][PASSED] - delay(2): Delayed 2 second(s)

2019-12-12 07:27:04 - [MESSAGE][PASSED] - Delayed 2 second(s)

2019-12-12 07:27:04 - [TEST_STEP][PASSED] - click(findTestObject("Object Repository/object_profile/a_addReservation")): Object: 'Object Repository/object_profile/a_addReservation' is clicked on

2019-12-12 07:27:05 - [MESSAGE][PASSED] - Object: 'Object Repository/object_profile/a_addReservation' is clicked on

2019-12-12 07:27:05 - [TEST_STEP][PASSED] - delay(2): Delayed 2 second(s)

2019-12-12 07:27:07 - [MESSAGE][PASSED] - Delayed 2 second(s)

2019-12-12 07:27:07 - [TEST_STEP][PASSED] - flagBoar = "0": null

2019-12-12 07:27:07 - [TEST_STEP][PASSED] - log = new com.kms.katalon.core.logging.KeywordLogger(): null

2019-12-12 07:27:07 - [TEST_STEP][PASSED] - log.logInfo(var_typeReserveation): Daycare

2019-12-12 07:27:07 - [MESSAGE][INFO] - Daycare

2019-12-12 07:27:07 - [TEST_STEP][PASSED] - if (var_typeReserveation == "Boarding"): null

2019-12-12 07:27:07 - [TEST_STEP][PASSED] - else if (var_typeReserveation == "Daycare"): Object: 'Object Repository/object_reservation/btn_Daycare' is clicked on

2019-12-12 07:27:07 - [TEST_STEP][PASSED] - flagBoar = "2": null

2019-12-12 07:27:07 - [TEST_STEP][PASSED] - click(findTestObject("object_reservation/btn_Daycare")): Object: 'Object Repository/object_reservation/btn_Daycare' is clicked on

2019-12-12 07:27:08 - [MESSAGE][PASSED] - Object: 'Object Repository/object_reservation/btn_Daycare' is clicked on

2019-12-12 07:27:08 - [TEST_STEP][PASSED] - click(findTestObject("Object Repository/object_reservation/i_location")): Object: 'Object Repository/object_reservation/i_location' is clicked on

2019-12-12 07:27:10 - [MESSAGE][PASSED] - Object: 'Object Repository/object_reservation/i_location' is clicked on

2019-12-12 07:27:10 - [TEST_STEP][PASSED] - switch (var_idFacility): null

2019-12-12 07:27:10 - [TEST_STEP][PASSED] - dateCI = var_checkinD.split(","): null

2019-12-12 07:27:10 - [TEST_STEP][PASSED] - dateCO = var_checkoutD.split(","): null

2019-12-12 07:27:10 - [TEST_STEP][PASSED] - arryPets = var_pets.split(","): null

2019-12-12 07:27:10 - [TEST_STEP][PASSED] - delay(2): Delayed 2 second(s)

2019-12-12 07:27:12 - [MESSAGE][PASSED] - Delayed 2 second(s)

2019-12-12 07:27:12 - [TEST_STEP][PASSED] - click(findTestObject("Object Repository/object_reservation/dateCheckIn")): Object: 'Object Repository/object_reservation/dateCheckIn' is clicked on

2019-12-12 07:27:13 - [MESSAGE][PASSED] - Object: 'Object Repository/object_reservation/dateCheckIn' is clicked on

2019-12-12 07:27:13 - [TEST_STEP][PASSED] - switch (dateCI[0]): null

2019-12-12 07:27:13 - [TEST_STEP][PASSED] - case "22":: null

2019-12-12 07:27:13 - [TEST_STEP][PASSED] - click(findTestObject("Object Repository/Page_Paradise 4 Paws  Dog Boarding Cat Boarding Norwalk Pooch Hotel/button_22_ci")): Object: 'Object Repository/Page_Paradise 4 Paws  Dog Boarding Cat Boarding Norwalk Pooch Hotel/button_22_ci' is clicked on

2019-12-12 07:27:14 - [MESSAGE][PASSED] - Object: 'Object Repository/Page_Paradise 4 Paws  Dog Boarding Cat Boarding Norwalk Pooch Hotel/button_22_ci' is clicked on

2019-12-12 07:27:14 - [TEST_STEP][PASSED] - break: null

2019-12-12 07:27:14 - [TEST_STEP][PASSED] - log.logInfo("PRUEBA FLAG"): PRUEBA FLAG

2019-12-12 07:27:14 - [MESSAGE][INFO] - PRUEBA FLAG

2019-12-12 07:27:14 - [TEST_STEP][PASSED] - log.logInfo(flagBoar): 2

2019-12-12 07:27:14 - [MESSAGE][INFO] - 2

2019-12-12 07:27:14 - [TEST_STEP][PASSED] - if (flagBoar == "1"): null

2019-12-12 07:27:14 - [TEST_STEP][NOT_RUN] - click(findTestObject("Object Repository/object_reservationCalendar/CO_close")): NOT_RUN: click(findTestObject("Object Repository/object_reservationCalendar/CO_close"))

2019-12-12 07:27:14 - [MESSAGE][NOT_RUN] - NOT_RUN: click(findTestObject("Object Repository/object_reservationCalendar/CO_close"))

2019-12-12 07:27:14 - [TEST_STEP][PASSED] - click(findTestObject("Object Repository/object_reservation/timeCheckin")): Object: 'Object Repository/object_reservation/timeCheckin' is clicked on

2019-12-12 07:27:15 - [MESSAGE][PASSED] - Object: 'Object Repository/object_reservation/timeCheckin' is clicked on

2019-12-12 07:27:15 - [TEST_STEP][PASSED] - log.logInfo("test timePicker"): test timePicker

2019-12-12 07:27:15 - [MESSAGE][INFO] - test timePicker

2019-12-12 07:27:15 - [TEST_STEP][PASSED] - switch (var_checkinT): null

2019-12-12 07:27:15 - [TEST_STEP][PASSED] - case "800":: null

2019-12-12 07:27:15 - [TEST_STEP][PASSED] - click(findTestObject("Object Repository/Page_Paradise 4 Paws  Dog Boarding Cat Boarding Norwalk Pooch Hotel/time_800am_ci")): Object: 'Object Repository/Page_Paradise 4 Paws  Dog Boarding Cat Boarding Norwalk Pooch Hotel/time_800am_ci' is clicked on

2019-12-12 07:27:15 - [MESSAGE][PASSED] - Object: 'Object Repository/Page_Paradise 4 Paws  Dog Boarding Cat Boarding Norwalk Pooch Hotel/time_800am_ci' is clicked on

2019-12-12 07:27:15 - [TEST_STEP][PASSED] - break: null

2019-12-12 07:27:15 - [TEST_STEP][PASSED] - click(findTestObject("Object Repository/object_reservation/timeCheckOut")): Object: 'Object Repository/object_reservation/timeCheckOut' is clicked on

2019-12-12 07:27:16 - [MESSAGE][PASSED] - Object: 'Object Repository/object_reservation/timeCheckOut' is clicked on

2019-12-12 07:27:16 - [TEST_STEP][PASSED] - switch (var_checkoutT): null

2019-12-12 07:27:16 - [TEST_STEP][PASSED] - case "1200":: null

2019-12-12 07:27:16 - [TEST_STEP][PASSED] - log.logInfo("test 1200"): test 1200

2019-12-12 07:27:16 - [MESSAGE][INFO] - test 1200

2019-12-12 07:27:16 - [TEST_STEP][PASSED] - click(findTestObject("Object Repository/Page_Paradise 4 Paws  Dog Boarding Cat Boarding Norwalk Pooch Hotel/time_1200pm_co")): Object: 'Object Repository/Page_Paradise 4 Paws  Dog Boarding Cat Boarding Norwalk Pooch Hotel/time_1200pm_co' is clicked on

2019-12-12 07:27:17 - [MESSAGE][PASSED] - Object: 'Object Repository/Page_Paradise 4 Paws  Dog Boarding Cat Boarding Norwalk Pooch Hotel/time_1200pm_co' is clicked on

2019-12-12 07:27:17 - [TEST_STEP][PASSED] - break: null

2019-12-12 07:27:17 - [TEST_STEP][PASSED] - delay(2): Delayed 2 second(s)

2019-12-12 07:27:19 - [MESSAGE][PASSED] - Delayed 2 second(s)

2019-12-12 07:27:19 - [TEST_STEP][PASSED] - log.logInfo("-- ANTES REPEATING --"): -- ANTES REPEATING --

2019-12-12 07:27:19 - [MESSAGE][INFO] - -- ANTES REPEATING --

2019-12-12 07:27:19 - [TEST_STEP][PASSED] - if (var_repeting == "Y"): All options with value '3' are selected in object 'Object Repository/object_reservation/Page_Paradise 4 Paws  Dog Boarding Cat Boar_cfde7f/select_DailyWeeklyMonthlyOther'  using regular expression

2019-12-12 07:27:19 - [TEST_STEP][PASSED] - click(findTestObject("Object Repository/object_reservation/checkbox_repeating")): Object: 'Object Repository/object_reservation/checkbox_repeating' is clicked on

2019-12-12 07:27:19 - [MESSAGE][PASSED] - Object: 'Object Repository/object_reservation/checkbox_repeating' is clicked on

2019-12-12 07:27:19 - [TEST_STEP][PASSED] - if (var_repeatingEvery == "Weekly"): null

2019-12-12 07:27:19 - [TEST_STEP][PASSED] - else if (var_repeatingEvery == "Monthly"): All options with value '3' are selected in object 'Object Repository/object_reservation/Page_Paradise 4 Paws  Dog Boarding Cat Boar_cfde7f/select_DailyWeeklyMonthlyOther'  using regular expression

2019-12-12 07:27:19 - [TEST_STEP][PASSED] - selectOptionByValue(findTestObject("Object Repository/object_reservation/Page_Paradise 4 Paws  Dog Boarding Cat Boar_cfde7f/select_DailyWeeklyMonthlyOther"), "3", true): All options with value '3' are selected in object 'Object Repository/object_reservation/Page_Paradise 4 Paws  Dog Boarding Cat Boar_cfde7f/select_DailyWeeklyMonthlyOther'  using regular expression

2019-12-12 07:27:20 - [MESSAGE][PASSED] - All options with value '3' are selected in object 'Object Repository/object_reservation/Page_Paradise 4 Paws  Dog Boarding Cat Boar_cfde7f/select_DailyWeeklyMonthlyOther'  using regular expression

2019-12-12 07:27:20 - [TEST_STEP][PASSED] - log.logInfo(var_pets): Ares,Zeus

2019-12-12 07:27:20 - [MESSAGE][INFO] - Ares,Zeus

2019-12-12 07:27:20 - [TEST_STEP][PASSED] - if (arryPets.size() == 1): null

2019-12-12 07:27:20 - [TEST_STEP][PASSED] - else if (arryPets.size() == 2): Object: 'Object Repository/object_reservation/div_Zeus' is clicked on

2019-12-12 07:27:20 - [TEST_STEP][PASSED] - click(findTestObject("object_reservation/Page_Paradise 4 Paws  Dog Boarding Cat Boarding Norwalk Pooch Hotel/div_Ares")): Object: 'Object Repository/object_reservation/Page_Paradise 4 Paws  Dog Boarding Cat Boarding Norwalk Pooch Hotel/div_Ares' is clicked on

2019-12-12 07:27:22 - [MESSAGE][PASSED] - Object: 'Object Repository/object_reservation/Page_Paradise 4 Paws  Dog Boarding Cat Boarding Norwalk Pooch Hotel/div_Ares' is clicked on

2019-12-12 07:27:22 - [TEST_STEP][PASSED] - click(findTestObject("object_reservation/div_Zeus")): Object: 'Object Repository/object_reservation/div_Zeus' is clicked on

2019-12-12 07:27:26 - [MESSAGE][PASSED] - Object: 'Object Repository/object_reservation/div_Zeus' is clicked on

2019-12-12 07:27:26 - [TEST_STEP][NOT_RUN] - click(findTestObject("object_reservations/i_Day_fa fa-circle-o ng-scope")): NOT_RUN: click(findTestObject("object_reservations/i_Day_fa fa-circle-o ng-scope"))

2019-12-12 07:27:26 - [MESSAGE][NOT_RUN] - NOT_RUN: click(findTestObject("object_reservations/i_Day_fa fa-circle-o ng-scope"))

2019-12-12 07:27:26 - [TEST_STEP][PASSED] - if (flagBoar == "1" || flagBoar == "2"): Object: 'Object Repository/object_reservation/div_suite_rad_deluxe' is clicked on

2019-12-12 07:27:26 - [TEST_STEP][PASSED] - click(findTestObject("Object Repository/object_reservation/div_suite_rad_deluxe")): Object: 'Object Repository/object_reservation/div_suite_rad_deluxe' is clicked on

2019-12-12 07:27:29 - [MESSAGE][PASSED] - Object: 'Object Repository/object_reservation/div_suite_rad_deluxe' is clicked on

2019-12-12 07:27:29 - [TEST_STEP][PASSED] - click(findTestObject("Object Repository/object_reservation/btn_next2")): Object: 'Object Repository/object_reservation/btn_next2' is clicked on

2019-12-12 07:27:32 - [MESSAGE][PASSED] - Object: 'Object Repository/object_reservation/btn_next2' is clicked on

2019-12-12 07:27:32 - [TEST_STEP][PASSED] - delay(3): Delayed 3 second(s)

2019-12-12 07:27:35 - [MESSAGE][PASSED] - Delayed 3 second(s)

2019-12-12 07:27:35 - [TEST_STEP][PASSED] - if (flagBoar == "1"): null

2019-12-12 07:27:35 - [TEST_STEP][PASSED] - delay(2): Delayed 2 second(s)

2019-12-12 07:27:37 - [MESSAGE][PASSED] - Delayed 2 second(s)

2019-12-12 07:27:37 - [TEST_STEP][PASSED] - click(findTestObject("Object Repository/object_reservation/btn_next2")): Object: 'Object Repository/object_reservation/btn_next2' is clicked on

2019-12-12 07:27:37 - [MESSAGE][PASSED] - Object: 'Object Repository/object_reservation/btn_next2' is clicked on

2019-12-12 07:27:37 - [TEST_STEP][PASSED] - click(findTestObject("Object Repository/object_reservation/button_Submit Reservation")): Object: 'Object Repository/object_reservation/button_Submit Reservation' is clicked on

2019-12-12 07:27:40 - [MESSAGE][PASSED] - Object: 'Object Repository/object_reservation/button_Submit Reservation' is clicked on

2019-12-12 07:27:40 - [TEST_STEP][PASSED] - delay(2): Delayed 2 second(s)

2019-12-12 07:27:42 - [MESSAGE][PASSED] - Delayed 2 second(s)

2019-12-12 07:27:42 - [TEST_STEP][PASSED] - if (flagBoar == "2" && var_repeatingEvery == "Daily" || var_repeatingEvery == "Monthly"): null

2019-12-12 07:27:42 - [TEST_STEP][PASSED] - click(findTestObject("Object Repository/object_reservation/Page_Paradise 4 Paws  Dog Boarding Cat Boar_cfde7f/button_Ok")): Object: 'Object Repository/object_reservation/Page_Paradise 4 Paws  Dog Boarding Cat Boar_cfde7f/button_Ok' is clicked on

2019-12-12 07:27:42 - [MESSAGE][PASSED] - Object: 'Object Repository/object_reservation/Page_Paradise 4 Paws  Dog Boarding Cat Boar_cfde7f/button_Ok' is clicked on

2019-12-12 07:27:42 - [TEST_STEP][PASSED] - com.kms.katalon.core.webui.keyword.WebUiBuiltInKeywords: null

2019-12-12 07:27:42 - [TEST_STEP][PASSED] - delay(2): Delayed 2 second(s)

2019-12-12 07:27:44 - [MESSAGE][PASSED] - Delayed 2 second(s)]]></system-out>
         <system-err><![CDATA[]]></system-err>
      </testcase>
      <testcase name="Test Cases/p4p_newReservation" time="72.0" classname="Test Cases/p4p_newReservation" status="PASSED">
         <system-out><![CDATA[2019-12-12 07:27:44 - [TEST_CASE][PASSED] - Test Cases/p4p_newReservation: Test Cases/p4p_newReservation

2019-12-12 07:27:44 - [TEST_STEP][PASSED] - openBrowser("https://p4p-qa-bg.aws.paradise4paws.com/login/"): Browser is opened with url: 'https://p4p-qa-bg.aws.paradise4paws.com/login/'

2019-12-12 07:27:44 - [MESSAGE][WARNING] - A browser is already opened. Closing browser and opening a new one

2019-12-12 07:27:47 - [MESSAGE][INFO] - Starting 'Firefox' driver

2019-12-12 07:27:53 - [MESSAGE][PASSED] - Browser is opened with url: 'https://p4p-qa-bg.aws.paradise4paws.com/login/'

2019-12-12 07:27:53 - [TEST_STEP][PASSED] - setText(findTestObject("Object Repository/object_login/input_user"), var_user): Text 'jegchavez@gmail.com' is set on object 'Object Repository/object_login/input_user'

2019-12-12 07:27:54 - [MESSAGE][PASSED] - Text 'jegchavez@gmail.com' is set on object 'Object Repository/object_login/input_user'

2019-12-12 07:27:54 - [TEST_STEP][PASSED] - setText(findTestObject("Object Repository/object_login/input_pass"), var_pass): Text 'admin1' is set on object 'Object Repository/object_login/input_pass'

2019-12-12 07:27:54 - [MESSAGE][PASSED] - Text 'admin1' is set on object 'Object Repository/object_login/input_pass'

2019-12-12 07:27:54 - [TEST_STEP][PASSED] - delay(2): Delayed 2 second(s)

2019-12-12 07:27:56 - [MESSAGE][PASSED] - Delayed 2 second(s)

2019-12-12 07:27:56 - [TEST_STEP][PASSED] - verifyElementClickable(findTestObject("Object Repository/object_login/btn_login")): Object 'Object Repository/object_login/btn_login' is clickable

2019-12-12 07:27:56 - [MESSAGE][PASSED] - Object 'Object Repository/object_login/btn_login' is clickable

2019-12-12 07:27:56 - [TEST_STEP][PASSED] - click(findTestObject("Object Repository/object_login/btn_login")): Object: 'Object Repository/object_login/btn_login' is clicked on

2019-12-12 07:28:01 - [MESSAGE][PASSED] - Object: 'Object Repository/object_login/btn_login' is clicked on

2019-12-12 07:28:01 - [TEST_STEP][PASSED] - delay(2): Delayed 2 second(s)

2019-12-12 07:28:03 - [MESSAGE][PASSED] - Delayed 2 second(s)

2019-12-12 07:28:03 - [TEST_STEP][PASSED] - setText(findTestObject("Object Repository/object_dashboard_emp/input_search"), var_searchParent): Text 'leongarzagarza@hotmail.com' is set on object 'Object Repository/object_dashboard_emp/input_search'

2019-12-12 07:28:03 - [MESSAGE][PASSED] - Text 'leongarzagarza@hotmail.com' is set on object 'Object Repository/object_dashboard_emp/input_search'

2019-12-12 07:28:03 - [TEST_STEP][PASSED] - click(findTestObject("Object Repository/object_dashboard_emp/btn_accountSearch")): Object: 'Object Repository/object_dashboard_emp/btn_accountSearch' is clicked on

2019-12-12 07:28:04 - [MESSAGE][PASSED] - Object: 'Object Repository/object_dashboard_emp/btn_accountSearch' is clicked on

2019-12-12 07:28:04 - [TEST_STEP][PASSED] - delay(2): Delayed 2 second(s)

2019-12-12 07:28:06 - [MESSAGE][PASSED] - Delayed 2 second(s)

2019-12-12 07:28:06 - [TEST_STEP][PASSED] - click(findTestObject("Object Repository/object_accountInformation/a_TEST GABRIEL PROD")): Object: 'Object Repository/object_accountInformation/a_TEST GABRIEL PROD' is clicked on

2019-12-12 07:28:09 - [MESSAGE][PASSED] - Object: 'Object Repository/object_accountInformation/a_TEST GABRIEL PROD' is clicked on

2019-12-12 07:28:09 - [TEST_STEP][PASSED] - delay(2): Delayed 2 second(s)

2019-12-12 07:28:11 - [MESSAGE][PASSED] - Delayed 2 second(s)

2019-12-12 07:28:11 - [TEST_STEP][PASSED] - click(findTestObject("Object Repository/object_profile/a_addReservation")): Object: 'Object Repository/object_profile/a_addReservation' is clicked on

2019-12-12 07:28:13 - [MESSAGE][PASSED] - Object: 'Object Repository/object_profile/a_addReservation' is clicked on

2019-12-12 07:28:13 - [TEST_STEP][PASSED] - delay(2): Delayed 2 second(s)

2019-12-12 07:28:15 - [MESSAGE][PASSED] - Delayed 2 second(s)

2019-12-12 07:28:15 - [TEST_STEP][PASSED] - flagBoar = "0": null

2019-12-12 07:28:15 - [TEST_STEP][PASSED] - log = new com.kms.katalon.core.logging.KeywordLogger(): null

2019-12-12 07:28:15 - [TEST_STEP][PASSED] - log.logInfo(var_typeReserveation): Daycare

2019-12-12 07:28:15 - [MESSAGE][INFO] - Daycare

2019-12-12 07:28:15 - [TEST_STEP][PASSED] - if (var_typeReserveation == "Boarding"): null

2019-12-12 07:28:15 - [TEST_STEP][PASSED] - else if (var_typeReserveation == "Daycare"): Object: 'Object Repository/object_reservation/btn_Daycare' is clicked on

2019-12-12 07:28:15 - [TEST_STEP][PASSED] - flagBoar = "2": null

2019-12-12 07:28:15 - [TEST_STEP][PASSED] - click(findTestObject("object_reservation/btn_Daycare")): Object: 'Object Repository/object_reservation/btn_Daycare' is clicked on

2019-12-12 07:28:15 - [MESSAGE][PASSED] - Object: 'Object Repository/object_reservation/btn_Daycare' is clicked on

2019-12-12 07:28:15 - [TEST_STEP][PASSED] - click(findTestObject("Object Repository/object_reservation/i_location")): Object: 'Object Repository/object_reservation/i_location' is clicked on

2019-12-12 07:28:18 - [MESSAGE][PASSED] - Object: 'Object Repository/object_reservation/i_location' is clicked on

2019-12-12 07:28:18 - [TEST_STEP][PASSED] - switch (var_idFacility): null

2019-12-12 07:28:18 - [TEST_STEP][PASSED] - dateCI = var_checkinD.split(","): null

2019-12-12 07:28:18 - [TEST_STEP][PASSED] - dateCO = var_checkoutD.split(","): null

2019-12-12 07:28:18 - [TEST_STEP][PASSED] - arryPets = var_pets.split(","): null

2019-12-12 07:28:18 - [TEST_STEP][PASSED] - delay(2): Delayed 2 second(s)

2019-12-12 07:28:20 - [MESSAGE][PASSED] - Delayed 2 second(s)

2019-12-12 07:28:20 - [TEST_STEP][PASSED] - click(findTestObject("Object Repository/object_reservation/dateCheckIn")): Object: 'Object Repository/object_reservation/dateCheckIn' is clicked on

2019-12-12 07:28:20 - [MESSAGE][PASSED] - Object: 'Object Repository/object_reservation/dateCheckIn' is clicked on

2019-12-12 07:28:20 - [TEST_STEP][PASSED] - switch (dateCI[0]): null

2019-12-12 07:28:20 - [TEST_STEP][PASSED] - case "23":: null

2019-12-12 07:28:20 - [TEST_STEP][PASSED] - click(findTestObject("Object Repository/Page_Paradise 4 Paws  Dog Boarding Cat Boarding Norwalk Pooch Hotel/button_23_ci")): Object: 'Object Repository/Page_Paradise 4 Paws  Dog Boarding Cat Boarding Norwalk Pooch Hotel/button_23_ci' is clicked on

2019-12-12 07:28:21 - [MESSAGE][PASSED] - Object: 'Object Repository/Page_Paradise 4 Paws  Dog Boarding Cat Boarding Norwalk Pooch Hotel/button_23_ci' is clicked on

2019-12-12 07:28:21 - [TEST_STEP][PASSED] - break: null

2019-12-12 07:28:21 - [TEST_STEP][PASSED] - log.logInfo("PRUEBA FLAG"): PRUEBA FLAG

2019-12-12 07:28:21 - [MESSAGE][INFO] - PRUEBA FLAG

2019-12-12 07:28:21 - [TEST_STEP][PASSED] - log.logInfo(flagBoar): 2

2019-12-12 07:28:21 - [MESSAGE][INFO] - 2

2019-12-12 07:28:21 - [TEST_STEP][PASSED] - if (flagBoar == "1"): null

2019-12-12 07:28:21 - [TEST_STEP][NOT_RUN] - click(findTestObject("Object Repository/object_reservationCalendar/CO_close")): NOT_RUN: click(findTestObject("Object Repository/object_reservationCalendar/CO_close"))

2019-12-12 07:28:21 - [MESSAGE][NOT_RUN] - NOT_RUN: click(findTestObject("Object Repository/object_reservationCalendar/CO_close"))

2019-12-12 07:28:21 - [TEST_STEP][PASSED] - click(findTestObject("Object Repository/object_reservation/timeCheckin")): Object: 'Object Repository/object_reservation/timeCheckin' is clicked on

2019-12-12 07:28:22 - [MESSAGE][PASSED] - Object: 'Object Repository/object_reservation/timeCheckin' is clicked on

2019-12-12 07:28:22 - [TEST_STEP][PASSED] - log.logInfo("test timePicker"): test timePicker

2019-12-12 07:28:22 - [MESSAGE][INFO] - test timePicker

2019-12-12 07:28:22 - [TEST_STEP][PASSED] - switch (var_checkinT): null

2019-12-12 07:28:22 - [TEST_STEP][PASSED] - case "800":: null

2019-12-12 07:28:22 - [TEST_STEP][PASSED] - click(findTestObject("Object Repository/Page_Paradise 4 Paws  Dog Boarding Cat Boarding Norwalk Pooch Hotel/time_800am_ci")): Object: 'Object Repository/Page_Paradise 4 Paws  Dog Boarding Cat Boarding Norwalk Pooch Hotel/time_800am_ci' is clicked on

2019-12-12 07:28:23 - [MESSAGE][PASSED] - Object: 'Object Repository/Page_Paradise 4 Paws  Dog Boarding Cat Boarding Norwalk Pooch Hotel/time_800am_ci' is clicked on

2019-12-12 07:28:23 - [TEST_STEP][PASSED] - break: null

2019-12-12 07:28:23 - [TEST_STEP][PASSED] - click(findTestObject("Object Repository/object_reservation/timeCheckOut")): Object: 'Object Repository/object_reservation/timeCheckOut' is clicked on

2019-12-12 07:28:23 - [MESSAGE][PASSED] - Object: 'Object Repository/object_reservation/timeCheckOut' is clicked on

2019-12-12 07:28:23 - [TEST_STEP][PASSED] - switch (var_checkoutT): null

2019-12-12 07:28:23 - [TEST_STEP][PASSED] - case "1200":: null

2019-12-12 07:28:23 - [TEST_STEP][PASSED] - log.logInfo("test 1200"): test 1200

2019-12-12 07:28:23 - [MESSAGE][INFO] - test 1200

2019-12-12 07:28:23 - [TEST_STEP][PASSED] - click(findTestObject("Object Repository/Page_Paradise 4 Paws  Dog Boarding Cat Boarding Norwalk Pooch Hotel/time_1200pm_co")): Object: 'Object Repository/Page_Paradise 4 Paws  Dog Boarding Cat Boarding Norwalk Pooch Hotel/time_1200pm_co' is clicked on

2019-12-12 07:28:24 - [MESSAGE][PASSED] - Object: 'Object Repository/Page_Paradise 4 Paws  Dog Boarding Cat Boarding Norwalk Pooch Hotel/time_1200pm_co' is clicked on

2019-12-12 07:28:24 - [TEST_STEP][PASSED] - break: null

2019-12-12 07:28:24 - [TEST_STEP][PASSED] - delay(2): Delayed 2 second(s)

2019-12-12 07:28:26 - [MESSAGE][PASSED] - Delayed 2 second(s)

2019-12-12 07:28:26 - [TEST_STEP][PASSED] - log.logInfo("-- ANTES REPEATING --"): -- ANTES REPEATING --

2019-12-12 07:28:26 - [MESSAGE][INFO] - -- ANTES REPEATING --

2019-12-12 07:28:26 - [TEST_STEP][PASSED] - if (var_repeting == "Y"): All options with value '3' are selected in object 'Object Repository/object_reservation/Page_Paradise 4 Paws  Dog Boarding Cat Boar_cfde7f/select_DailyWeeklyMonthlyOther'  using regular expression

2019-12-12 07:28:26 - [TEST_STEP][PASSED] - click(findTestObject("Object Repository/object_reservation/checkbox_repeating")): Object: 'Object Repository/object_reservation/checkbox_repeating' is clicked on

2019-12-12 07:28:26 - [MESSAGE][PASSED] - Object: 'Object Repository/object_reservation/checkbox_repeating' is clicked on

2019-12-12 07:28:26 - [TEST_STEP][PASSED] - if (var_repeatingEvery == "Weekly"): null

2019-12-12 07:28:26 - [TEST_STEP][PASSED] - else if (var_repeatingEvery == "Monthly"): All options with value '3' are selected in object 'Object Repository/object_reservation/Page_Paradise 4 Paws  Dog Boarding Cat Boar_cfde7f/select_DailyWeeklyMonthlyOther'  using regular expression

2019-12-12 07:28:26 - [TEST_STEP][PASSED] - selectOptionByValue(findTestObject("Object Repository/object_reservation/Page_Paradise 4 Paws  Dog Boarding Cat Boar_cfde7f/select_DailyWeeklyMonthlyOther"), "3", true): All options with value '3' are selected in object 'Object Repository/object_reservation/Page_Paradise 4 Paws  Dog Boarding Cat Boar_cfde7f/select_DailyWeeklyMonthlyOther'  using regular expression

2019-12-12 07:28:27 - [MESSAGE][PASSED] - All options with value '3' are selected in object 'Object Repository/object_reservation/Page_Paradise 4 Paws  Dog Boarding Cat Boar_cfde7f/select_DailyWeeklyMonthlyOther'  using regular expression

2019-12-12 07:28:27 - [TEST_STEP][PASSED] - log.logInfo(var_pets): Ares,Poseidon,Zeus

2019-12-12 07:28:27 - [MESSAGE][INFO] - Ares,Poseidon,Zeus

2019-12-12 07:28:27 - [TEST_STEP][PASSED] - if (arryPets.size() == 1): null

2019-12-12 07:28:27 - [TEST_STEP][PASSED] - else if (arryPets.size() == 2): null

2019-12-12 07:28:27 - [TEST_STEP][PASSED] - else if (arryPets.size() == 3): Object: 'Object Repository/object_reservation/div_Athena' is clicked on

2019-12-12 07:28:27 - [TEST_STEP][PASSED] - click(findTestObject("object_reservation/Page_Paradise 4 Paws  Dog Boarding Cat Boarding Norwalk Pooch Hotel/div_Ares")): Object: 'Object Repository/object_reservation/Page_Paradise 4 Paws  Dog Boarding Cat Boarding Norwalk Pooch Hotel/div_Ares' is clicked on

2019-12-12 07:28:30 - [MESSAGE][PASSED] - Object: 'Object Repository/object_reservation/Page_Paradise 4 Paws  Dog Boarding Cat Boarding Norwalk Pooch Hotel/div_Ares' is clicked on

2019-12-12 07:28:30 - [TEST_STEP][PASSED] - click(findTestObject("object_reservation/div_Zeus")): Object: 'Object Repository/object_reservation/div_Zeus' is clicked on

2019-12-12 07:28:33 - [MESSAGE][PASSED] - Object: 'Object Repository/object_reservation/div_Zeus' is clicked on

2019-12-12 07:28:33 - [TEST_STEP][PASSED] - click(findTestObject("object_reservation/div_Athena")): Object: 'Object Repository/object_reservation/div_Athena' is clicked on

2019-12-12 07:28:37 - [MESSAGE][PASSED] - Object: 'Object Repository/object_reservation/div_Athena' is clicked on

2019-12-12 07:28:37 - [TEST_STEP][NOT_RUN] - click(findTestObject("object_reservations/i_Day_fa fa-circle-o ng-scope")): NOT_RUN: click(findTestObject("object_reservations/i_Day_fa fa-circle-o ng-scope"))

2019-12-12 07:28:37 - [MESSAGE][NOT_RUN] - NOT_RUN: click(findTestObject("object_reservations/i_Day_fa fa-circle-o ng-scope"))

2019-12-12 07:28:37 - [TEST_STEP][PASSED] - if (flagBoar == "1" || flagBoar == "2"): Object: 'Object Repository/object_reservation/div_suite_rad_deluxe' is clicked on

2019-12-12 07:28:37 - [TEST_STEP][PASSED] - click(findTestObject("Object Repository/object_reservation/div_suite_rad_deluxe")): Object: 'Object Repository/object_reservation/div_suite_rad_deluxe' is clicked on

2019-12-12 07:28:41 - [MESSAGE][PASSED] - Object: 'Object Repository/object_reservation/div_suite_rad_deluxe' is clicked on

2019-12-12 07:28:41 - [TEST_STEP][PASSED] - click(findTestObject("Object Repository/object_reservation/btn_next2")): Object: 'Object Repository/object_reservation/btn_next2' is clicked on

2019-12-12 07:28:44 - [MESSAGE][PASSED] - Object: 'Object Repository/object_reservation/btn_next2' is clicked on

2019-12-12 07:28:44 - [TEST_STEP][PASSED] - delay(3): Delayed 3 second(s)

2019-12-12 07:28:47 - [MESSAGE][PASSED] - Delayed 3 second(s)

2019-12-12 07:28:47 - [TEST_STEP][PASSED] - if (flagBoar == "1"): null

2019-12-12 07:28:47 - [TEST_STEP][PASSED] - delay(2): Delayed 2 second(s)

2019-12-12 07:28:49 - [MESSAGE][PASSED] - Delayed 2 second(s)

2019-12-12 07:28:49 - [TEST_STEP][PASSED] - click(findTestObject("Object Repository/object_reservation/btn_next2")): Object: 'Object Repository/object_reservation/btn_next2' is clicked on

2019-12-12 07:28:49 - [MESSAGE][PASSED] - Object: 'Object Repository/object_reservation/btn_next2' is clicked on

2019-12-12 07:28:49 - [TEST_STEP][PASSED] - click(findTestObject("Object Repository/object_reservation/button_Submit Reservation")): Object: 'Object Repository/object_reservation/button_Submit Reservation' is clicked on

2019-12-12 07:28:52 - [MESSAGE][PASSED] - Object: 'Object Repository/object_reservation/button_Submit Reservation' is clicked on

2019-12-12 07:28:52 - [TEST_STEP][PASSED] - delay(2): Delayed 2 second(s)

2019-12-12 07:28:54 - [MESSAGE][PASSED] - Delayed 2 second(s)

2019-12-12 07:28:54 - [TEST_STEP][PASSED] - if (flagBoar == "2" && var_repeatingEvery == "Daily" || var_repeatingEvery == "Monthly"): null

2019-12-12 07:28:54 - [TEST_STEP][PASSED] - click(findTestObject("Object Repository/object_reservation/Page_Paradise 4 Paws  Dog Boarding Cat Boar_cfde7f/button_Ok")): Object: 'Object Repository/object_reservation/Page_Paradise 4 Paws  Dog Boarding Cat Boar_cfde7f/button_Ok' is clicked on

2019-12-12 07:28:54 - [MESSAGE][PASSED] - Object: 'Object Repository/object_reservation/Page_Paradise 4 Paws  Dog Boarding Cat Boar_cfde7f/button_Ok' is clicked on

2019-12-12 07:28:54 - [TEST_STEP][PASSED] - com.kms.katalon.core.webui.keyword.WebUiBuiltInKeywords: null

2019-12-12 07:28:54 - [TEST_STEP][PASSED] - delay(2): Delayed 2 second(s)

2019-12-12 07:28:56 - [MESSAGE][PASSED] - Delayed 2 second(s)]]></system-out>
         <system-err><![CDATA[]]></system-err>
      </testcase>
      <testcase name="Test Cases/p4p_newReservation" time="107.365" classname="Test Cases/p4p_newReservation" status="FAILED">
         <failure type="FAILED" message="Test Cases/p4p_newReservation FAILED.
Reason:
com.kms.katalon.core.exception.StepFailedException: Unable to click on object 'Object Repository/object_reservation/button_Return To Reservation'
	at com.kms.katalon.core.webui.keyword.internal.WebUIKeywordMain.stepFailed(WebUIKeywordMain.groovy:64)
	at com.kms.katalon.core.webui.keyword.internal.WebUIKeywordMain.runKeyword(WebUIKeywordMain.groovy:26)
	at com.kms.katalon.core.webui.keyword.builtin.ClickKeyword.click(ClickKeyword.groovy:99)
	at com.kms.katalon.core.webui.keyword.builtin.ClickKeyword.execute(ClickKeyword.groovy:43)
	at com.kms.katalon.core.keyword.internal.KeywordExecutor.executeKeywordForPlatform(KeywordExecutor.groovy:60)
	at com.kms.katalon.core.webui.keyword.WebUiBuiltInKeywords.click(WebUiBuiltInKeywords.groovy:616)
	at com.kms.katalon.core.webui.keyword.WebUiBuiltInKeywords$click$2.call(Unknown Source)
	at p4p_newReservation.run(p4p_newReservation:658)
	at com.kms.katalon.core.main.ScriptEngine.run(ScriptEngine.java:194)
	at com.kms.katalon.core.main.ScriptEngine.runScriptAsRawText(ScriptEngine.java:119)
	at com.kms.katalon.core.main.TestCaseExecutor.runScript(TestCaseExecutor.java:337)
	at com.kms.katalon.core.main.TestCaseExecutor.doExecute(TestCaseExecutor.java:328)
	at com.kms.katalon.core.main.TestCaseExecutor.processExecutionPhase(TestCaseExecutor.java:307)
	at com.kms.katalon.core.main.TestCaseExecutor.accessMainPhase(TestCaseExecutor.java:299)
	at com.kms.katalon.core.main.TestCaseExecutor.execute(TestCaseExecutor.java:233)
	at com.kms.katalon.core.main.TestSuiteExecutor.accessTestCaseMainPhase(TestSuiteExecutor.java:169)
	at com.kms.katalon.core.main.TestSuiteExecutor.accessTestSuiteMainPhase(TestSuiteExecutor.java:142)
	at com.kms.katalon.core.main.TestSuiteExecutor.execute(TestSuiteExecutor.java:91)
	at com.kms.katalon.core.main.TestCaseMain.startTestSuite(TestCaseMain.java:157)
	at com.kms.katalon.core.main.TestCaseMain$startTestSuite$0.call(Unknown Source)
	at TempTestSuite1576156939576.run(TempTestSuite1576156939576.groovy:36)
Caused by: com.kms.katalon.core.webui.exception.WebElementNotFoundException: Web element with id: 'Object Repository/object_reservation/button_Return To Reservation' located by 'By.xpath: (//button[@type='button'])[13]' not found
	at com.kms.katalon.core.webui.common.WebUiCommonHelper.findWebElement(WebUiCommonHelper.java:1113)
	at com.kms.katalon.core.webui.keyword.internal.WebUIAbstractKeyword.findWebElement(WebUIAbstractKeyword.groovy:27)
	at com.kms.katalon.core.webui.keyword.internal.WebUIAbstractKeyword.findWebElement(WebUIAbstractKeyword.groovy:26)
	at com.kms.katalon.core.webui.keyword.builtin.ClickKeyword$_click_closure1.doCall(ClickKeyword.groovy:68)
	at com.kms.katalon.core.webui.keyword.builtin.ClickKeyword$_click_closure1.call(ClickKeyword.groovy)
	at com.kms.katalon.core.webui.keyword.internal.WebUIKeywordMain.runKeyword(WebUIKeywordMain.groovy:20)
	... 19 more
"/>
         <system-out><![CDATA[2019-12-12 07:28:56 - [TEST_CASE][FAILED] - Test Cases/p4p_newReservation: Test Cases/p4p_newReservation FAILED.
Reason:
com.kms.katalon.core.exception.StepFailedException: Unable to click on object 'Object Repository/object_reservation/button_Return To Reservation'
	at com.kms.katalon.core.webui.keyword.internal.WebUIKeywordMain.stepFailed(WebUIKeywordMain.groovy:64)
	at com.kms.katalon.core.webui.keyword.internal.WebUIKeywordMain.runKeyword(WebUIKeywordMain.groovy:26)
	at com.kms.katalon.core.webui.keyword.builtin.ClickKeyword.click(ClickKeyword.groovy:99)
	at com.kms.katalon.core.webui.keyword.builtin.ClickKeyword.execute(ClickKeyword.groovy:43)
	at com.kms.katalon.core.keyword.internal.KeywordExecutor.executeKeywordForPlatform(KeywordExecutor.groovy:60)
	at com.kms.katalon.core.webui.keyword.WebUiBuiltInKeywords.click(WebUiBuiltInKeywords.groovy:616)
	at com.kms.katalon.core.webui.keyword.WebUiBuiltInKeywords$click$2.call(Unknown Source)
	at p4p_newReservation.run(p4p_newReservation:658)
	at com.kms.katalon.core.main.ScriptEngine.run(ScriptEngine.java:194)
	at com.kms.katalon.core.main.ScriptEngine.runScriptAsRawText(ScriptEngine.java:119)
	at com.kms.katalon.core.main.TestCaseExecutor.runScript(TestCaseExecutor.java:337)
	at com.kms.katalon.core.main.TestCaseExecutor.doExecute(TestCaseExecutor.java:328)
	at com.kms.katalon.core.main.TestCaseExecutor.processExecutionPhase(TestCaseExecutor.java:307)
	at com.kms.katalon.core.main.TestCaseExecutor.accessMainPhase(TestCaseExecutor.java:299)
	at com.kms.katalon.core.main.TestCaseExecutor.execute(TestCaseExecutor.java:233)
	at com.kms.katalon.core.main.TestSuiteExecutor.accessTestCaseMainPhase(TestSuiteExecutor.java:169)
	at com.kms.katalon.core.main.TestSuiteExecutor.accessTestSuiteMainPhase(TestSuiteExecutor.java:142)
	at com.kms.katalon.core.main.TestSuiteExecutor.execute(TestSuiteExecutor.java:91)
	at com.kms.katalon.core.main.TestCaseMain.startTestSuite(TestCaseMain.java:157)
	at com.kms.katalon.core.main.TestCaseMain$startTestSuite$0.call(Unknown Source)
	at TempTestSuite1576156939576.run(TempTestSuite1576156939576.groovy:36)
Caused by: com.kms.katalon.core.webui.exception.WebElementNotFoundException: Web element with id: 'Object Repository/object_reservation/button_Return To Reservation' located by 'By.xpath: (//button[@type='button'])[13]' not found
	at com.kms.katalon.core.webui.common.WebUiCommonHelper.findWebElement(WebUiCommonHelper.java:1113)
	at com.kms.katalon.core.webui.keyword.internal.WebUIAbstractKeyword.findWebElement(WebUIAbstractKeyword.groovy:27)
	at com.kms.katalon.core.webui.keyword.internal.WebUIAbstractKeyword.findWebElement(WebUIAbstractKeyword.groovy:26)
	at com.kms.katalon.core.webui.keyword.builtin.ClickKeyword$_click_closure1.doCall(ClickKeyword.groovy:68)
	at com.kms.katalon.core.webui.keyword.builtin.ClickKeyword$_click_closure1.call(ClickKeyword.groovy)
	at com.kms.katalon.core.webui.keyword.internal.WebUIKeywordMain.runKeyword(WebUIKeywordMain.groovy:20)
	... 19 more


2019-12-12 07:28:56 - [TEST_STEP][PASSED] - openBrowser("https://p4p-qa-bg.aws.paradise4paws.com/login/"): Browser is opened with url: 'https://p4p-qa-bg.aws.paradise4paws.com/login/'

2019-12-12 07:28:56 - [MESSAGE][WARNING] - A browser is already opened. Closing browser and opening a new one

2019-12-12 07:29:00 - [MESSAGE][INFO] - Starting 'Firefox' driver

2019-12-12 07:29:07 - [MESSAGE][PASSED] - Browser is opened with url: 'https://p4p-qa-bg.aws.paradise4paws.com/login/'

2019-12-12 07:29:07 - [TEST_STEP][PASSED] - setText(findTestObject("Object Repository/object_login/input_user"), var_user): Text 'jegchavez@gmail.com' is set on object 'Object Repository/object_login/input_user'

2019-12-12 07:29:08 - [MESSAGE][PASSED] - Text 'jegchavez@gmail.com' is set on object 'Object Repository/object_login/input_user'

2019-12-12 07:29:08 - [TEST_STEP][PASSED] - setText(findTestObject("Object Repository/object_login/input_pass"), var_pass): Text 'admin1' is set on object 'Object Repository/object_login/input_pass'

2019-12-12 07:29:08 - [MESSAGE][PASSED] - Text 'admin1' is set on object 'Object Repository/object_login/input_pass'

2019-12-12 07:29:08 - [TEST_STEP][PASSED] - delay(2): Delayed 2 second(s)

2019-12-12 07:29:10 - [MESSAGE][PASSED] - Delayed 2 second(s)

2019-12-12 07:29:10 - [TEST_STEP][PASSED] - verifyElementClickable(findTestObject("Object Repository/object_login/btn_login")): Object 'Object Repository/object_login/btn_login' is clickable

2019-12-12 07:29:10 - [MESSAGE][PASSED] - Object 'Object Repository/object_login/btn_login' is clickable

2019-12-12 07:29:10 - [TEST_STEP][PASSED] - click(findTestObject("Object Repository/object_login/btn_login")): Object: 'Object Repository/object_login/btn_login' is clicked on

2019-12-12 07:29:14 - [MESSAGE][PASSED] - Object: 'Object Repository/object_login/btn_login' is clicked on

2019-12-12 07:29:14 - [TEST_STEP][PASSED] - delay(2): Delayed 2 second(s)

2019-12-12 07:29:16 - [MESSAGE][PASSED] - Delayed 2 second(s)

2019-12-12 07:29:16 - [TEST_STEP][PASSED] - setText(findTestObject("Object Repository/object_dashboard_emp/input_search"), var_searchParent): Text 'leongarzagarza@hotmail.com' is set on object 'Object Repository/object_dashboard_emp/input_search'

2019-12-12 07:29:16 - [MESSAGE][PASSED] - Text 'leongarzagarza@hotmail.com' is set on object 'Object Repository/object_dashboard_emp/input_search'

2019-12-12 07:29:16 - [TEST_STEP][PASSED] - click(findTestObject("Object Repository/object_dashboard_emp/btn_accountSearch")): Object: 'Object Repository/object_dashboard_emp/btn_accountSearch' is clicked on

2019-12-12 07:29:17 - [MESSAGE][PASSED] - Object: 'Object Repository/object_dashboard_emp/btn_accountSearch' is clicked on

2019-12-12 07:29:17 - [TEST_STEP][PASSED] - delay(2): Delayed 2 second(s)

2019-12-12 07:29:19 - [MESSAGE][PASSED] - Delayed 2 second(s)

2019-12-12 07:29:19 - [TEST_STEP][PASSED] - click(findTestObject("Object Repository/object_accountInformation/a_TEST GABRIEL PROD")): Object: 'Object Repository/object_accountInformation/a_TEST GABRIEL PROD' is clicked on

2019-12-12 07:29:22 - [MESSAGE][PASSED] - Object: 'Object Repository/object_accountInformation/a_TEST GABRIEL PROD' is clicked on

2019-12-12 07:29:22 - [TEST_STEP][PASSED] - delay(2): Delayed 2 second(s)

2019-12-12 07:29:24 - [MESSAGE][PASSED] - Delayed 2 second(s)

2019-12-12 07:29:24 - [TEST_STEP][PASSED] - click(findTestObject("Object Repository/object_profile/a_addReservation")): Object: 'Object Repository/object_profile/a_addReservation' is clicked on

2019-12-12 07:29:26 - [MESSAGE][PASSED] - Object: 'Object Repository/object_profile/a_addReservation' is clicked on

2019-12-12 07:29:26 - [TEST_STEP][PASSED] - delay(2): Delayed 2 second(s)

2019-12-12 07:29:28 - [MESSAGE][PASSED] - Delayed 2 second(s)

2019-12-12 07:29:28 - [TEST_STEP][PASSED] - flagBoar = "0": null

2019-12-12 07:29:28 - [TEST_STEP][PASSED] - log = new com.kms.katalon.core.logging.KeywordLogger(): null

2019-12-12 07:29:28 - [TEST_STEP][PASSED] - log.logInfo(var_typeReserveation): Daycare

2019-12-12 07:29:28 - [MESSAGE][INFO] - Daycare

2019-12-12 07:29:28 - [TEST_STEP][PASSED] - if (var_typeReserveation == "Boarding"): null

2019-12-12 07:29:28 - [TEST_STEP][PASSED] - else if (var_typeReserveation == "Daycare"): Object: 'Object Repository/object_reservation/btn_Daycare' is clicked on

2019-12-12 07:29:28 - [TEST_STEP][PASSED] - flagBoar = "2": null

2019-12-12 07:29:28 - [TEST_STEP][PASSED] - click(findTestObject("object_reservation/btn_Daycare")): Object: 'Object Repository/object_reservation/btn_Daycare' is clicked on

2019-12-12 07:29:28 - [MESSAGE][PASSED] - Object: 'Object Repository/object_reservation/btn_Daycare' is clicked on

2019-12-12 07:29:28 - [TEST_STEP][PASSED] - click(findTestObject("Object Repository/object_reservation/i_location")): Object: 'Object Repository/object_reservation/i_location' is clicked on

2019-12-12 07:29:31 - [MESSAGE][PASSED] - Object: 'Object Repository/object_reservation/i_location' is clicked on

2019-12-12 07:29:31 - [TEST_STEP][PASSED] - switch (var_idFacility): null

2019-12-12 07:29:31 - [TEST_STEP][PASSED] - dateCI = var_checkinD.split(","): null

2019-12-12 07:29:31 - [TEST_STEP][PASSED] - dateCO = var_checkoutD.split(","): null

2019-12-12 07:29:31 - [TEST_STEP][PASSED] - arryPets = var_pets.split(","): null

2019-12-12 07:29:31 - [TEST_STEP][PASSED] - delay(2): Delayed 2 second(s)

2019-12-12 07:29:33 - [MESSAGE][PASSED] - Delayed 2 second(s)

2019-12-12 07:29:33 - [TEST_STEP][PASSED] - click(findTestObject("Object Repository/object_reservation/dateCheckIn")): Object: 'Object Repository/object_reservation/dateCheckIn' is clicked on

2019-12-12 07:29:33 - [MESSAGE][PASSED] - Object: 'Object Repository/object_reservation/dateCheckIn' is clicked on

2019-12-12 07:29:33 - [TEST_STEP][PASSED] - switch (dateCI[0]): null

2019-12-12 07:29:33 - [TEST_STEP][PASSED] - case "24":: null

2019-12-12 07:29:33 - [TEST_STEP][PASSED] - click(findTestObject("Object Repository/Page_Paradise 4 Paws  Dog Boarding Cat Boarding Norwalk Pooch Hotel/button_23_ci")): Object: 'Object Repository/Page_Paradise 4 Paws  Dog Boarding Cat Boarding Norwalk Pooch Hotel/button_23_ci' is clicked on

2019-12-12 07:29:34 - [MESSAGE][PASSED] - Object: 'Object Repository/Page_Paradise 4 Paws  Dog Boarding Cat Boarding Norwalk Pooch Hotel/button_23_ci' is clicked on

2019-12-12 07:29:34 - [TEST_STEP][PASSED] - break: null

2019-12-12 07:29:34 - [TEST_STEP][PASSED] - log.logInfo("PRUEBA FLAG"): PRUEBA FLAG

2019-12-12 07:29:34 - [MESSAGE][INFO] - PRUEBA FLAG

2019-12-12 07:29:34 - [TEST_STEP][PASSED] - log.logInfo(flagBoar): 2

2019-12-12 07:29:34 - [MESSAGE][INFO] - 2

2019-12-12 07:29:34 - [TEST_STEP][PASSED] - if (flagBoar == "1"): null

2019-12-12 07:29:34 - [TEST_STEP][NOT_RUN] - click(findTestObject("Object Repository/object_reservationCalendar/CO_close")): NOT_RUN: click(findTestObject("Object Repository/object_reservationCalendar/CO_close"))

2019-12-12 07:29:34 - [MESSAGE][NOT_RUN] - NOT_RUN: click(findTestObject("Object Repository/object_reservationCalendar/CO_close"))

2019-12-12 07:29:34 - [TEST_STEP][PASSED] - click(findTestObject("Object Repository/object_reservation/timeCheckin")): Object: 'Object Repository/object_reservation/timeCheckin' is clicked on

2019-12-12 07:29:35 - [MESSAGE][PASSED] - Object: 'Object Repository/object_reservation/timeCheckin' is clicked on

2019-12-12 07:29:35 - [TEST_STEP][PASSED] - log.logInfo("test timePicker"): test timePicker

2019-12-12 07:29:35 - [MESSAGE][INFO] - test timePicker

2019-12-12 07:29:35 - [TEST_STEP][PASSED] - switch (var_checkinT): null

2019-12-12 07:29:35 - [TEST_STEP][PASSED] - case "800":: null

2019-12-12 07:29:35 - [TEST_STEP][PASSED] - click(findTestObject("Object Repository/Page_Paradise 4 Paws  Dog Boarding Cat Boarding Norwalk Pooch Hotel/time_800am_ci")): Object: 'Object Repository/Page_Paradise 4 Paws  Dog Boarding Cat Boarding Norwalk Pooch Hotel/time_800am_ci' is clicked on

2019-12-12 07:29:36 - [MESSAGE][PASSED] - Object: 'Object Repository/Page_Paradise 4 Paws  Dog Boarding Cat Boarding Norwalk Pooch Hotel/time_800am_ci' is clicked on

2019-12-12 07:29:36 - [TEST_STEP][PASSED] - break: null

2019-12-12 07:29:36 - [TEST_STEP][PASSED] - click(findTestObject("Object Repository/object_reservation/timeCheckOut")): Object: 'Object Repository/object_reservation/timeCheckOut' is clicked on

2019-12-12 07:29:37 - [MESSAGE][PASSED] - Object: 'Object Repository/object_reservation/timeCheckOut' is clicked on

2019-12-12 07:29:37 - [TEST_STEP][PASSED] - switch (var_checkoutT): null

2019-12-12 07:29:37 - [TEST_STEP][PASSED] - case "1200":: null

2019-12-12 07:29:37 - [TEST_STEP][PASSED] - log.logInfo("test 1200"): test 1200

2019-12-12 07:29:37 - [MESSAGE][INFO] - test 1200

2019-12-12 07:29:37 - [TEST_STEP][PASSED] - click(findTestObject("Object Repository/Page_Paradise 4 Paws  Dog Boarding Cat Boarding Norwalk Pooch Hotel/time_1200pm_co")): Object: 'Object Repository/Page_Paradise 4 Paws  Dog Boarding Cat Boarding Norwalk Pooch Hotel/time_1200pm_co' is clicked on

2019-12-12 07:29:37 - [MESSAGE][PASSED] - Object: 'Object Repository/Page_Paradise 4 Paws  Dog Boarding Cat Boarding Norwalk Pooch Hotel/time_1200pm_co' is clicked on

2019-12-12 07:29:37 - [TEST_STEP][PASSED] - break: null

2019-12-12 07:29:37 - [TEST_STEP][PASSED] - delay(2): Delayed 2 second(s)

2019-12-12 07:29:39 - [MESSAGE][PASSED] - Delayed 2 second(s)

2019-12-12 07:29:39 - [TEST_STEP][PASSED] - log.logInfo("-- ANTES REPEATING --"): -- ANTES REPEATING --

2019-12-12 07:29:39 - [MESSAGE][INFO] - -- ANTES REPEATING --

2019-12-12 07:29:39 - [TEST_STEP][PASSED] - if (var_repeting == "Y"): All options with value '2' are selected in object 'Object Repository/object_reservation/Page_Paradise 4 Paws  Dog Boarding Cat Boar_cfde7f/select_DailyWeeklyMonthlyOther'  using regular expression

2019-12-12 07:29:39 - [TEST_STEP][PASSED] - click(findTestObject("Object Repository/object_reservation/checkbox_repeating")): Object: 'Object Repository/object_reservation/checkbox_repeating' is clicked on

2019-12-12 07:29:40 - [MESSAGE][PASSED] - Object: 'Object Repository/object_reservation/checkbox_repeating' is clicked on

2019-12-12 07:29:40 - [TEST_STEP][PASSED] - if (var_repeatingEvery == "Weekly"): All options with value '2' are selected in object 'Object Repository/object_reservation/Page_Paradise 4 Paws  Dog Boarding Cat Boar_cfde7f/select_DailyWeeklyMonthlyOther'  using regular expression

2019-12-12 07:29:40 - [TEST_STEP][PASSED] - selectOptionByValue(findTestObject("Object Repository/object_reservation/Page_Paradise 4 Paws  Dog Boarding Cat Boar_cfde7f/select_DailyWeeklyMonthlyOther"), "2", true): All options with value '2' are selected in object 'Object Repository/object_reservation/Page_Paradise 4 Paws  Dog Boarding Cat Boar_cfde7f/select_DailyWeeklyMonthlyOther'  using regular expression

2019-12-12 07:29:41 - [MESSAGE][PASSED] - All options with value '2' are selected in object 'Object Repository/object_reservation/Page_Paradise 4 Paws  Dog Boarding Cat Boar_cfde7f/select_DailyWeeklyMonthlyOther'  using regular expression

2019-12-12 07:29:41 - [TEST_STEP][PASSED] - log.logInfo(var_pets): Ares

2019-12-12 07:29:41 - [MESSAGE][INFO] - Ares

2019-12-12 07:29:41 - [TEST_STEP][PASSED] - if (arryPets.size() == 1): Object: 'Object Repository/object_reservation/Page_Paradise 4 Paws  Dog Boarding Cat Boarding Norwalk Pooch Hotel/div_Ares' is clicked on

2019-12-12 07:29:41 - [TEST_STEP][PASSED] - click(findTestObject("Object Repository/object_reservation/Page_Paradise 4 Paws  Dog Boarding Cat Boarding Norwalk Pooch Hotel/div_Ares")): Object: 'Object Repository/object_reservation/Page_Paradise 4 Paws  Dog Boarding Cat Boarding Norwalk Pooch Hotel/div_Ares' is clicked on

2019-12-12 07:29:44 - [MESSAGE][PASSED] - Object: 'Object Repository/object_reservation/Page_Paradise 4 Paws  Dog Boarding Cat Boarding Norwalk Pooch Hotel/div_Ares' is clicked on

2019-12-12 07:29:44 - [TEST_STEP][NOT_RUN] - click(findTestObject("object_reservations/i_Day_fa fa-circle-o ng-scope")): NOT_RUN: click(findTestObject("object_reservations/i_Day_fa fa-circle-o ng-scope"))

2019-12-12 07:29:44 - [MESSAGE][NOT_RUN] - NOT_RUN: click(findTestObject("object_reservations/i_Day_fa fa-circle-o ng-scope"))

2019-12-12 07:29:44 - [TEST_STEP][PASSED] - if (flagBoar == "1" || flagBoar == "2"): Object: 'Object Repository/object_reservation/div_suite_rad_deluxe' is clicked on

2019-12-12 07:29:44 - [TEST_STEP][PASSED] - click(findTestObject("Object Repository/object_reservation/div_suite_rad_deluxe")): Object: 'Object Repository/object_reservation/div_suite_rad_deluxe' is clicked on

2019-12-12 07:29:48 - [MESSAGE][PASSED] - Object: 'Object Repository/object_reservation/div_suite_rad_deluxe' is clicked on

2019-12-12 07:29:48 - [TEST_STEP][PASSED] - click(findTestObject("Object Repository/object_reservation/btn_next2")): Object: 'Object Repository/object_reservation/btn_next2' is clicked on

2019-12-12 07:29:49 - [MESSAGE][PASSED] - Object: 'Object Repository/object_reservation/btn_next2' is clicked on

2019-12-12 07:29:49 - [TEST_STEP][PASSED] - delay(3): Delayed 3 second(s)

2019-12-12 07:29:52 - [MESSAGE][PASSED] - Delayed 3 second(s)

2019-12-12 07:29:52 - [TEST_STEP][PASSED] - if (flagBoar == "1"): null

2019-12-12 07:29:52 - [TEST_STEP][PASSED] - delay(2): Delayed 2 second(s)

2019-12-12 07:29:54 - [MESSAGE][PASSED] - Delayed 2 second(s)

2019-12-12 07:29:54 - [TEST_STEP][PASSED] - click(findTestObject("Object Repository/object_reservation/btn_next2")): Object: 'Object Repository/object_reservation/btn_next2' is clicked on

2019-12-12 07:29:54 - [MESSAGE][PASSED] - Object: 'Object Repository/object_reservation/btn_next2' is clicked on

2019-12-12 07:29:54 - [TEST_STEP][PASSED] - click(findTestObject("Object Repository/object_reservation/button_Submit Reservation")): Object: 'Object Repository/object_reservation/button_Submit Reservation' is clicked on

2019-12-12 07:29:56 - [MESSAGE][PASSED] - Object: 'Object Repository/object_reservation/button_Submit Reservation' is clicked on

2019-12-12 07:29:56 - [TEST_STEP][PASSED] - delay(2): Delayed 2 second(s)

2019-12-12 07:29:58 - [MESSAGE][PASSED] - Delayed 2 second(s)

2019-12-12 07:29:58 - [TEST_STEP][PASSED] - if (flagBoar == "2" && var_repeatingEvery == "Daily" || var_repeatingEvery == "Monthly"): null

2019-12-12 07:29:58 - [TEST_STEP][FAILED] - else: Unable to click on object 'Object Repository/object_reservation/button_Return To Reservation' (Root cause: com.kms.katalon.core.exception.StepFailedException: Unable to click on object 'Object Repository/object_reservation/button_Return To Reservation'
	at com.kms.katalon.core.webui.keyword.internal.WebUIKeywordMain.stepFailed(WebUIKeywordMain.groovy:64)
	at com.kms.katalon.core.webui.keyword.internal.WebUIKeywordMain.runKeyword(WebUIKeywordMain.groovy:26)
	at com.kms.katalon.core.webui.keyword.builtin.ClickKeyword.click(ClickKeyword.groovy:99)
	at com.kms.katalon.core.webui.keyword.builtin.ClickKeyword.execute(ClickKeyword.groovy:43)
	at com.kms.katalon.core.keyword.internal.KeywordExecutor.executeKeywordForPlatform(KeywordExecutor.groovy:60)
	at com.kms.katalon.core.webui.keyword.WebUiBuiltInKeywords.click(WebUiBuiltInKeywords.groovy:616)
	at com.kms.katalon.core.webui.keyword.WebUiBuiltInKeywords$click$2.call(Unknown Source)
	at p4p_newReservation.run(p4p_newReservation:658)
	at com.kms.katalon.core.main.ScriptEngine.run(ScriptEngine.java:194)
	at com.kms.katalon.core.main.ScriptEngine.runScriptAsRawText(ScriptEngine.java:119)
	at com.kms.katalon.core.main.TestCaseExecutor.runScript(TestCaseExecutor.java:337)
	at com.kms.katalon.core.main.TestCaseExecutor.doExecute(TestCaseExecutor.java:328)
	at com.kms.katalon.core.main.TestCaseExecutor.processExecutionPhase(TestCaseExecutor.java:307)
	at com.kms.katalon.core.main.TestCaseExecutor.accessMainPhase(TestCaseExecutor.java:299)
	at com.kms.katalon.core.main.TestCaseExecutor.execute(TestCaseExecutor.java:233)
	at com.kms.katalon.core.main.TestSuiteExecutor.accessTestCaseMainPhase(TestSuiteExecutor.java:169)
	at com.kms.katalon.core.main.TestSuiteExecutor.accessTestSuiteMainPhase(TestSuiteExecutor.java:142)
	at com.kms.katalon.core.main.TestSuiteExecutor.execute(TestSuiteExecutor.java:91)
	at com.kms.katalon.core.main.TestCaseMain.startTestSuite(TestCaseMain.java:157)
	at com.kms.katalon.core.main.TestCaseMain$startTestSuite$0.call(Unknown Source)
	at TempTestSuite1576156939576.run(TempTestSuite1576156939576.groovy:36)
Caused by: com.kms.katalon.core.webui.exception.WebElementNotFoundException: Web element with id: 'Object Repository/object_reservation/button_Return To Reservation' located by 'By.xpath: (//button[@type='button'])[13]' not found
	at com.kms.katalon.core.webui.common.WebUiCommonHelper.findWebElement(WebUiCommonHelper.java:1113)
	at com.kms.katalon.core.webui.keyword.internal.WebUIAbstractKeyword.findWebElement(WebUIAbstractKeyword.groovy:27)
	at com.kms.katalon.core.webui.keyword.internal.WebUIAbstractKeyword.findWebElement(WebUIAbstractKeyword.groovy:26)
	at com.kms.katalon.core.webui.keyword.builtin.ClickKeyword$_click_closure1.doCall(ClickKeyword.groovy:68)
	at com.kms.katalon.core.webui.keyword.builtin.ClickKeyword$_click_closure1.call(ClickKeyword.groovy)
	at com.kms.katalon.core.webui.keyword.internal.WebUIKeywordMain.runKeyword(WebUIKeywordMain.groovy:20)
	at com.kms.katalon.core.webui.keyword.builtin.ClickKeyword.click(ClickKeyword.groovy:99)
	at com.kms.katalon.core.webui.keyword.builtin.ClickKeyword.execute(ClickKeyword.groovy:43)
	at com.kms.katalon.core.keyword.internal.KeywordExecutor.executeKeywordForPlatform(KeywordExecutor.groovy:60)
	at com.kms.katalon.core.webui.keyword.WebUiBuiltInKeywords.click(WebUiBuiltInKeywords.groovy:616)
	at com.kms.katalon.core.webui.keyword.WebUiBuiltInKeywords$click$2.call(Unknown Source)
	at Script1574443748278.run(Script1574443748278.groovy:658)
	... 13 more
)

2019-12-12 07:29:58 - [TEST_STEP][PASSED] - delay(2): Delayed 2 second(s)

2019-12-12 07:30:00 - [MESSAGE][PASSED] - Delayed 2 second(s)

2019-12-12 07:30:00 - [TEST_STEP][FAILED] - click(findTestObject("Object Repository/object_reservation/button_Return To Reservation")): Unable to click on object 'Object Repository/object_reservation/button_Return To Reservation' (Root cause: com.kms.katalon.core.exception.StepFailedException: Unable to click on object 'Object Repository/object_reservation/button_Return To Reservation'
	at com.kms.katalon.core.webui.keyword.internal.WebUIKeywordMain.stepFailed(WebUIKeywordMain.groovy:64)
	at com.kms.katalon.core.webui.keyword.internal.WebUIKeywordMain.runKeyword(WebUIKeywordMain.groovy:26)
	at com.kms.katalon.core.webui.keyword.builtin.ClickKeyword.click(ClickKeyword.groovy:99)
	at com.kms.katalon.core.webui.keyword.builtin.ClickKeyword.execute(ClickKeyword.groovy:43)
	at com.kms.katalon.core.keyword.internal.KeywordExecutor.executeKeywordForPlatform(KeywordExecutor.groovy:60)
	at com.kms.katalon.core.webui.keyword.WebUiBuiltInKeywords.click(WebUiBuiltInKeywords.groovy:616)
	at com.kms.katalon.core.webui.keyword.WebUiBuiltInKeywords$click$2.call(Unknown Source)
	at p4p_newReservation.run(p4p_newReservation:658)
	at com.kms.katalon.core.main.ScriptEngine.run(ScriptEngine.java:194)
	at com.kms.katalon.core.main.ScriptEngine.runScriptAsRawText(ScriptEngine.java:119)
	at com.kms.katalon.core.main.TestCaseExecutor.runScript(TestCaseExecutor.java:337)
	at com.kms.katalon.core.main.TestCaseExecutor.doExecute(TestCaseExecutor.java:328)
	at com.kms.katalon.core.main.TestCaseExecutor.processExecutionPhase(TestCaseExecutor.java:307)
	at com.kms.katalon.core.main.TestCaseExecutor.accessMainPhase(TestCaseExecutor.java:299)
	at com.kms.katalon.core.main.TestCaseExecutor.execute(TestCaseExecutor.java:233)
	at com.kms.katalon.core.main.TestSuiteExecutor.accessTestCaseMainPhase(TestSuiteExecutor.java:169)
	at com.kms.katalon.core.main.TestSuiteExecutor.accessTestSuiteMainPhase(TestSuiteExecutor.java:142)
	at com.kms.katalon.core.main.TestSuiteExecutor.execute(TestSuiteExecutor.java:91)
	at com.kms.katalon.core.main.TestCaseMain.startTestSuite(TestCaseMain.java:157)
	at com.kms.katalon.core.main.TestCaseMain$startTestSuite$0.call(Unknown Source)
	at TempTestSuite1576156939576.run(TempTestSuite1576156939576.groovy:36)
Caused by: com.kms.katalon.core.webui.exception.WebElementNotFoundException: Web element with id: 'Object Repository/object_reservation/button_Return To Reservation' located by 'By.xpath: (//button[@type='button'])[13]' not found
	at com.kms.katalon.core.webui.common.WebUiCommonHelper.findWebElement(WebUiCommonHelper.java:1113)
	at com.kms.katalon.core.webui.keyword.internal.WebUIAbstractKeyword.findWebElement(WebUIAbstractKeyword.groovy:27)
	at com.kms.katalon.core.webui.keyword.internal.WebUIAbstractKeyword.findWebElement(WebUIAbstractKeyword.groovy:26)
	at com.kms.katalon.core.webui.keyword.builtin.ClickKeyword$_click_closure1.doCall(ClickKeyword.groovy:68)
	at com.kms.katalon.core.webui.keyword.builtin.ClickKeyword$_click_closure1.call(ClickKeyword.groovy)
	at com.kms.katalon.core.webui.keyword.internal.WebUIKeywordMain.runKeyword(WebUIKeywordMain.groovy:20)
	at com.kms.katalon.core.webui.keyword.builtin.ClickKeyword.click(ClickKeyword.groovy:99)
	at com.kms.katalon.core.webui.keyword.builtin.ClickKeyword.execute(ClickKeyword.groovy:43)
	at com.kms.katalon.core.keyword.internal.KeywordExecutor.executeKeywordForPlatform(KeywordExecutor.groovy:60)
	at com.kms.katalon.core.webui.keyword.WebUiBuiltInKeywords.click(WebUiBuiltInKeywords.groovy:616)
	at com.kms.katalon.core.webui.keyword.WebUiBuiltInKeywords$click$2.call(Unknown Source)
	at Script1574443748278.run(Script1574443748278.groovy:658)
	... 13 more
)

2019-12-12 07:30:44 - [MESSAGE][INFO] - Unable to find the element located by 'By.xpath: (//button[@type='button'])[13]'. Please recheck the objects properties to make sure the desired element is located. 

2019-12-12 07:30:44 - [MESSAGE][FAILED] - Unable to click on object 'Object Repository/object_reservation/button_Return To Reservation' (Root cause: com.kms.katalon.core.exception.StepFailedException: Unable to click on object 'Object Repository/object_reservation/button_Return To Reservation'
	at com.kms.katalon.core.webui.keyword.internal.WebUIKeywordMain.stepFailed(WebUIKeywordMain.groovy:64)
	at com.kms.katalon.core.webui.keyword.internal.WebUIKeywordMain.runKeyword(WebUIKeywordMain.groovy:26)
	at com.kms.katalon.core.webui.keyword.builtin.ClickKeyword.click(ClickKeyword.groovy:99)
	at com.kms.katalon.core.webui.keyword.builtin.ClickKeyword.execute(ClickKeyword.groovy:43)
	at com.kms.katalon.core.keyword.internal.KeywordExecutor.executeKeywordForPlatform(KeywordExecutor.groovy:60)
	at com.kms.katalon.core.webui.keyword.WebUiBuiltInKeywords.click(WebUiBuiltInKeywords.groovy:616)
	at com.kms.katalon.core.webui.keyword.WebUiBuiltInKeywords$click$2.call(Unknown Source)
	at p4p_newReservation.run(p4p_newReservation:658)
	at com.kms.katalon.core.main.ScriptEngine.run(ScriptEngine.java:194)
	at com.kms.katalon.core.main.ScriptEngine.runScriptAsRawText(ScriptEngine.java:119)
	at com.kms.katalon.core.main.TestCaseExecutor.runScript(TestCaseExecutor.java:337)
	at com.kms.katalon.core.main.TestCaseExecutor.doExecute(TestCaseExecutor.java:328)
	at com.kms.katalon.core.main.TestCaseExecutor.processExecutionPhase(TestCaseExecutor.java:307)
	at com.kms.katalon.core.main.TestCaseExecutor.accessMainPhase(TestCaseExecutor.java:299)
	at com.kms.katalon.core.main.TestCaseExecutor.execute(TestCaseExecutor.java:233)
	at com.kms.katalon.core.main.TestSuiteExecutor.accessTestCaseMainPhase(TestSuiteExecutor.java:169)
	at com.kms.katalon.core.main.TestSuiteExecutor.accessTestSuiteMainPhase(TestSuiteExecutor.java:142)
	at com.kms.katalon.core.main.TestSuiteExecutor.execute(TestSuiteExecutor.java:91)
	at com.kms.katalon.core.main.TestCaseMain.startTestSuite(TestCaseMain.java:157)
	at com.kms.katalon.core.main.TestCaseMain$startTestSuite$0.call(Unknown Source)
	at TempTestSuite1576156939576.run(TempTestSuite1576156939576.groovy:36)
Caused by: com.kms.katalon.core.webui.exception.WebElementNotFoundException: Web element with id: 'Object Repository/object_reservation/button_Return To Reservation' located by 'By.xpath: (//button[@type='button'])[13]' not found
	at com.kms.katalon.core.webui.common.WebUiCommonHelper.findWebElement(WebUiCommonHelper.java:1113)
	at com.kms.katalon.core.webui.keyword.internal.WebUIAbstractKeyword.findWebElement(WebUIAbstractKeyword.groovy:27)
	at com.kms.katalon.core.webui.keyword.internal.WebUIAbstractKeyword.findWebElement(WebUIAbstractKeyword.groovy:26)
	at com.kms.katalon.core.webui.keyword.builtin.ClickKeyword$_click_closure1.doCall(ClickKeyword.groovy:68)
	at com.kms.katalon.core.webui.keyword.builtin.ClickKeyword$_click_closure1.call(ClickKeyword.groovy)
	at com.kms.katalon.core.webui.keyword.internal.WebUIKeywordMain.runKeyword(WebUIKeywordMain.groovy:20)
	at com.kms.katalon.core.webui.keyword.builtin.ClickKeyword.click(ClickKeyword.groovy:99)
	at com.kms.katalon.core.webui.keyword.builtin.ClickKeyword.execute(ClickKeyword.groovy:43)
	at com.kms.katalon.core.keyword.internal.KeywordExecutor.executeKeywordForPlatform(KeywordExecutor.groovy:60)
	at com.kms.katalon.core.webui.keyword.WebUiBuiltInKeywords.click(WebUiBuiltInKeywords.groovy:616)
	at com.kms.katalon.core.webui.keyword.WebUiBuiltInKeywords$click$2.call(Unknown Source)
	at Script1574443748278.run(Script1574443748278.groovy:658)
	... 13 more
)
[[ATTACHMENT|/home/leonardo-arkusmty/Documents/workspaceKatalon/p4ptest/Reports/20191212_072219/ts_newReservationDaycare/20191212_072219/1576157444076.png]]]]></system-out>
         <system-err><![CDATA[2019-12-12 07:28:56 - [TEST_CASE][FAILED] - Test Cases/p4p_newReservation: Test Cases/p4p_newReservation FAILED.
Reason:
com.kms.katalon.core.exception.StepFailedException: Unable to click on object 'Object Repository/object_reservation/button_Return To Reservation'
	at com.kms.katalon.core.webui.keyword.internal.WebUIKeywordMain.stepFailed(WebUIKeywordMain.groovy:64)
	at com.kms.katalon.core.webui.keyword.internal.WebUIKeywordMain.runKeyword(WebUIKeywordMain.groovy:26)
	at com.kms.katalon.core.webui.keyword.builtin.ClickKeyword.click(ClickKeyword.groovy:99)
	at com.kms.katalon.core.webui.keyword.builtin.ClickKeyword.execute(ClickKeyword.groovy:43)
	at com.kms.katalon.core.keyword.internal.KeywordExecutor.executeKeywordForPlatform(KeywordExecutor.groovy:60)
	at com.kms.katalon.core.webui.keyword.WebUiBuiltInKeywords.click(WebUiBuiltInKeywords.groovy:616)
	at com.kms.katalon.core.webui.keyword.WebUiBuiltInKeywords$click$2.call(Unknown Source)
	at p4p_newReservation.run(p4p_newReservation:658)
	at com.kms.katalon.core.main.ScriptEngine.run(ScriptEngine.java:194)
	at com.kms.katalon.core.main.ScriptEngine.runScriptAsRawText(ScriptEngine.java:119)
	at com.kms.katalon.core.main.TestCaseExecutor.runScript(TestCaseExecutor.java:337)
	at com.kms.katalon.core.main.TestCaseExecutor.doExecute(TestCaseExecutor.java:328)
	at com.kms.katalon.core.main.TestCaseExecutor.processExecutionPhase(TestCaseExecutor.java:307)
	at com.kms.katalon.core.main.TestCaseExecutor.accessMainPhase(TestCaseExecutor.java:299)
	at com.kms.katalon.core.main.TestCaseExecutor.execute(TestCaseExecutor.java:233)
	at com.kms.katalon.core.main.TestSuiteExecutor.accessTestCaseMainPhase(TestSuiteExecutor.java:169)
	at com.kms.katalon.core.main.TestSuiteExecutor.accessTestSuiteMainPhase(TestSuiteExecutor.java:142)
	at com.kms.katalon.core.main.TestSuiteExecutor.execute(TestSuiteExecutor.java:91)
	at com.kms.katalon.core.main.TestCaseMain.startTestSuite(TestCaseMain.java:157)
	at com.kms.katalon.core.main.TestCaseMain$startTestSuite$0.call(Unknown Source)
	at TempTestSuite1576156939576.run(TempTestSuite1576156939576.groovy:36)
Caused by: com.kms.katalon.core.webui.exception.WebElementNotFoundException: Web element with id: 'Object Repository/object_reservation/button_Return To Reservation' located by 'By.xpath: (//button[@type='button'])[13]' not found
	at com.kms.katalon.core.webui.common.WebUiCommonHelper.findWebElement(WebUiCommonHelper.java:1113)
	at com.kms.katalon.core.webui.keyword.internal.WebUIAbstractKeyword.findWebElement(WebUIAbstractKeyword.groovy:27)
	at com.kms.katalon.core.webui.keyword.internal.WebUIAbstractKeyword.findWebElement(WebUIAbstractKeyword.groovy:26)
	at com.kms.katalon.core.webui.keyword.builtin.ClickKeyword$_click_closure1.doCall(ClickKeyword.groovy:68)
	at com.kms.katalon.core.webui.keyword.builtin.ClickKeyword$_click_closure1.call(ClickKeyword.groovy)
	at com.kms.katalon.core.webui.keyword.internal.WebUIKeywordMain.runKeyword(WebUIKeywordMain.groovy:20)
	... 19 more]]></system-err>
      </testcase>
      <testcase name="Test Cases/p4p_newReservation" time="6.575" classname="Test Cases/p4p_newReservation" status="FAILED">
         <failure type="FAILED" message="Test Cases/p4p_newReservation FAILED.
Reason:
com.kms.katalon.core.exception.StepFailedException: Unable to set text 'jegchavez@gmail.com' of object 'Object Repository/object_login/input_user'
	at com.kms.katalon.core.webui.keyword.internal.WebUIKeywordMain.stepFailed(WebUIKeywordMain.groovy:64)
	at com.kms.katalon.core.webui.keyword.internal.WebUIKeywordMain.runKeyword(WebUIKeywordMain.groovy:26)
	at com.kms.katalon.core.webui.keyword.builtin.SetTextKeyword.setText(SetTextKeyword.groovy:66)
	at com.kms.katalon.core.webui.keyword.builtin.SetTextKeyword.execute(SetTextKeyword.groovy:37)
	at com.kms.katalon.core.keyword.internal.KeywordExecutor.executeKeywordForPlatform(KeywordExecutor.groovy:60)
	at com.kms.katalon.core.webui.keyword.WebUiBuiltInKeywords.setText(WebUiBuiltInKeywords.groovy:950)
	at com.kms.katalon.core.webui.keyword.WebUiBuiltInKeywords$setText$0.call(Unknown Source)
	at p4p_newReservation.run(p4p_newReservation:32)
	at com.kms.katalon.core.main.ScriptEngine.run(ScriptEngine.java:194)
	at com.kms.katalon.core.main.ScriptEngine.runScriptAsRawText(ScriptEngine.java:119)
	at com.kms.katalon.core.main.TestCaseExecutor.runScript(TestCaseExecutor.java:337)
	at com.kms.katalon.core.main.TestCaseExecutor.doExecute(TestCaseExecutor.java:328)
	at com.kms.katalon.core.main.TestCaseExecutor.processExecutionPhase(TestCaseExecutor.java:307)
	at com.kms.katalon.core.main.TestCaseExecutor.accessMainPhase(TestCaseExecutor.java:299)
	at com.kms.katalon.core.main.TestCaseExecutor.execute(TestCaseExecutor.java:233)
	at com.kms.katalon.core.main.TestSuiteExecutor.accessTestCaseMainPhase(TestSuiteExecutor.java:169)
	at com.kms.katalon.core.main.TestSuiteExecutor.accessTestSuiteMainPhase(TestSuiteExecutor.java:142)
	at com.kms.katalon.core.main.TestSuiteExecutor.execute(TestSuiteExecutor.java:91)
	at com.kms.katalon.core.main.TestCaseMain.startTestSuite(TestCaseMain.java:157)
	at com.kms.katalon.core.main.TestCaseMain$startTestSuite$0.call(Unknown Source)
	at TempTestSuite1576156939576.run(TempTestSuite1576156939576.groovy:36)
Caused by: org.openqa.selenium.NoSuchSessionException: Tried to run command without establishing a connection
Build info: version: '3.141.59', revision: 'e82be7d358', time: '2018-11-14T08:25:53'
System info: host: 'leonardoarkusmty-Inspiron-5577', ip: '127.0.1.1', os.name: 'Linux', os.arch: 'amd64', os.version: '4.15.0-72-generic', java.version: '1.8.0_222'
Driver info: com.kms.katalon.core.webui.driver.firefox.CGeckoDriver
Capabilities {acceptInsecureCerts: true, browserName: firefox, browserVersion: 70.0.1, javascriptEnabled: true, moz:accessibilityChecks: false, moz:buildID: 20191031062442, moz:geckodriverVersion: 0.23.0, moz:headless: false, moz:processID: 26608, moz:profile: /tmp/rust_mozprofile.GL7Ebb..., moz:shutdownTimeout: 60000, moz:useNonSpecCompliantPointerOrigin: false, moz:webdriverClick: true, pageLoadStrategy: normal, platform: LINUX, platformName: LINUX, platformVersion: 4.15.0-72-generic, proxy: Proxy(direct), rotatable: false, setWindowRect: true, strictFileInteractability: false, timeouts: {implicit: 0, pageLoad: 300000, script: 30000}, unhandledPromptBehavior: dismiss and notify}
Session ID: 0b3985c4-5e21-4c93-8811-afd5b7c3db19
*** Element info: {Using=xpath, value=//input[@name='email']}
	at org.openqa.selenium.remote.http.W3CHttpResponseCodec.createException(W3CHttpResponseCodec.java:187)
	at org.openqa.selenium.remote.http.W3CHttpResponseCodec.decode(W3CHttpResponseCodec.java:122)
	at org.openqa.selenium.remote.http.W3CHttpResponseCodec.decode(W3CHttpResponseCodec.java:49)
	at org.openqa.selenium.remote.HttpCommandExecutor.execute(HttpCommandExecutor.java:158)
	at org.openqa.selenium.remote.service.DriverCommandExecutor.execute(DriverCommandExecutor.java:83)
	at org.openqa.selenium.remote.RemoteWebDriver.execute(RemoteWebDriver.java:552)
	at com.kms.katalon.selenium.driver.CFirefoxDriver.execute(CFirefoxDriver.java:27)
	at org.openqa.selenium.remote.RemoteWebDriver.findElements(RemoteWebDriver.java:353)
	at org.openqa.selenium.remote.RemoteWebDriver.findElementsByXPath(RemoteWebDriver.java:432)
	at org.openqa.selenium.By$ByXPath.findElements(By.java:348)
	at org.openqa.selenium.remote.RemoteWebDriver.findElements(RemoteWebDriver.java:311)
	at org.openqa.selenium.support.events.EventFiringWebDriver.lambda$new$1(EventFiringWebDriver.java:105)
	at com.sun.proxy.$Proxy8.findElements(Unknown Source)
	at org.openqa.selenium.support.events.EventFiringWebDriver.findElements(EventFiringWebDriver.java:182)
	at com.kms.katalon.core.webui.common.WebUiCommonHelper.findWebElements(WebUiCommonHelper.java:762)
	at com.kms.katalon.core.webui.common.WebUiCommonHelper.findWebElement(WebUiCommonHelper.java:1109)
	at com.kms.katalon.core.webui.keyword.internal.WebUIAbstractKeyword.findWebElement(WebUIAbstractKeyword.groovy:27)
	at com.kms.katalon.core.webui.keyword.internal.WebUIAbstractKeyword.findWebElement(WebUIAbstractKeyword.groovy:26)
	at com.kms.katalon.core.webui.keyword.builtin.SetTextKeyword$_setText_closure1.doCall(SetTextKeyword.groovy:51)
	at com.kms.katalon.core.webui.keyword.builtin.SetTextKeyword$_setText_closure1.call(SetTextKeyword.groovy)
	at com.kms.katalon.core.webui.keyword.internal.WebUIKeywordMain.runKeyword(WebUIKeywordMain.groovy:20)
	... 19 more
"/>
         <system-out><![CDATA[2019-12-12 07:30:44 - [TEST_CASE][FAILED] - Test Cases/p4p_newReservation: Test Cases/p4p_newReservation FAILED.
Reason:
com.kms.katalon.core.exception.StepFailedException: Unable to set text 'jegchavez@gmail.com' of object 'Object Repository/object_login/input_user'
	at com.kms.katalon.core.webui.keyword.internal.WebUIKeywordMain.stepFailed(WebUIKeywordMain.groovy:64)
	at com.kms.katalon.core.webui.keyword.internal.WebUIKeywordMain.runKeyword(WebUIKeywordMain.groovy:26)
	at com.kms.katalon.core.webui.keyword.builtin.SetTextKeyword.setText(SetTextKeyword.groovy:66)
	at com.kms.katalon.core.webui.keyword.builtin.SetTextKeyword.execute(SetTextKeyword.groovy:37)
	at com.kms.katalon.core.keyword.internal.KeywordExecutor.executeKeywordForPlatform(KeywordExecutor.groovy:60)
	at com.kms.katalon.core.webui.keyword.WebUiBuiltInKeywords.setText(WebUiBuiltInKeywords.groovy:950)
	at com.kms.katalon.core.webui.keyword.WebUiBuiltInKeywords$setText$0.call(Unknown Source)
	at p4p_newReservation.run(p4p_newReservation:32)
	at com.kms.katalon.core.main.ScriptEngine.run(ScriptEngine.java:194)
	at com.kms.katalon.core.main.ScriptEngine.runScriptAsRawText(ScriptEngine.java:119)
	at com.kms.katalon.core.main.TestCaseExecutor.runScript(TestCaseExecutor.java:337)
	at com.kms.katalon.core.main.TestCaseExecutor.doExecute(TestCaseExecutor.java:328)
	at com.kms.katalon.core.main.TestCaseExecutor.processExecutionPhase(TestCaseExecutor.java:307)
	at com.kms.katalon.core.main.TestCaseExecutor.accessMainPhase(TestCaseExecutor.java:299)
	at com.kms.katalon.core.main.TestCaseExecutor.execute(TestCaseExecutor.java:233)
	at com.kms.katalon.core.main.TestSuiteExecutor.accessTestCaseMainPhase(TestSuiteExecutor.java:169)
	at com.kms.katalon.core.main.TestSuiteExecutor.accessTestSuiteMainPhase(TestSuiteExecutor.java:142)
	at com.kms.katalon.core.main.TestSuiteExecutor.execute(TestSuiteExecutor.java:91)
	at com.kms.katalon.core.main.TestCaseMain.startTestSuite(TestCaseMain.java:157)
	at com.kms.katalon.core.main.TestCaseMain$startTestSuite$0.call(Unknown Source)
	at TempTestSuite1576156939576.run(TempTestSuite1576156939576.groovy:36)
Caused by: org.openqa.selenium.NoSuchSessionException: Tried to run command without establishing a connection
Build info: version: '3.141.59', revision: 'e82be7d358', time: '2018-11-14T08:25:53'
System info: host: 'leonardoarkusmty-Inspiron-5577', ip: '127.0.1.1', os.name: 'Linux', os.arch: 'amd64', os.version: '4.15.0-72-generic', java.version: '1.8.0_222'
Driver info: com.kms.katalon.core.webui.driver.firefox.CGeckoDriver
Capabilities {acceptInsecureCerts: true, browserName: firefox, browserVersion: 70.0.1, javascriptEnabled: true, moz:accessibilityChecks: false, moz:buildID: 20191031062442, moz:geckodriverVersion: 0.23.0, moz:headless: false, moz:processID: 26608, moz:profile: /tmp/rust_mozprofile.GL7Ebb..., moz:shutdownTimeout: 60000, moz:useNonSpecCompliantPointerOrigin: false, moz:webdriverClick: true, pageLoadStrategy: normal, platform: LINUX, platformName: LINUX, platformVersion: 4.15.0-72-generic, proxy: Proxy(direct), rotatable: false, setWindowRect: true, strictFileInteractability: false, timeouts: {implicit: 0, pageLoad: 300000, script: 30000}, unhandledPromptBehavior: dismiss and notify}
Session ID: 0b3985c4-5e21-4c93-8811-afd5b7c3db19
*** Element info: {Using=xpath, value=//input[@name='email']}
	at org.openqa.selenium.remote.http.W3CHttpResponseCodec.createException(W3CHttpResponseCodec.java:187)
	at org.openqa.selenium.remote.http.W3CHttpResponseCodec.decode(W3CHttpResponseCodec.java:122)
	at org.openqa.selenium.remote.http.W3CHttpResponseCodec.decode(W3CHttpResponseCodec.java:49)
	at org.openqa.selenium.remote.HttpCommandExecutor.execute(HttpCommandExecutor.java:158)
	at org.openqa.selenium.remote.service.DriverCommandExecutor.execute(DriverCommandExecutor.java:83)
	at org.openqa.selenium.remote.RemoteWebDriver.execute(RemoteWebDriver.java:552)
	at com.kms.katalon.selenium.driver.CFirefoxDriver.execute(CFirefoxDriver.java:27)
	at org.openqa.selenium.remote.RemoteWebDriver.findElements(RemoteWebDriver.java:353)
	at org.openqa.selenium.remote.RemoteWebDriver.findElementsByXPath(RemoteWebDriver.java:432)
	at org.openqa.selenium.By$ByXPath.findElements(By.java:348)
	at org.openqa.selenium.remote.RemoteWebDriver.findElements(RemoteWebDriver.java:311)
	at org.openqa.selenium.support.events.EventFiringWebDriver.lambda$new$1(EventFiringWebDriver.java:105)
	at com.sun.proxy.$Proxy8.findElements(Unknown Source)
	at org.openqa.selenium.support.events.EventFiringWebDriver.findElements(EventFiringWebDriver.java:182)
	at com.kms.katalon.core.webui.common.WebUiCommonHelper.findWebElements(WebUiCommonHelper.java:762)
	at com.kms.katalon.core.webui.common.WebUiCommonHelper.findWebElement(WebUiCommonHelper.java:1109)
	at com.kms.katalon.core.webui.keyword.internal.WebUIAbstractKeyword.findWebElement(WebUIAbstractKeyword.groovy:27)
	at com.kms.katalon.core.webui.keyword.internal.WebUIAbstractKeyword.findWebElement(WebUIAbstractKeyword.groovy:26)
	at com.kms.katalon.core.webui.keyword.builtin.SetTextKeyword$_setText_closure1.doCall(SetTextKeyword.groovy:51)
	at com.kms.katalon.core.webui.keyword.builtin.SetTextKeyword$_setText_closure1.call(SetTextKeyword.groovy)
	at com.kms.katalon.core.webui.keyword.internal.WebUIKeywordMain.runKeyword(WebUIKeywordMain.groovy:20)
	... 19 more


2019-12-12 07:30:44 - [TEST_STEP][PASSED] - openBrowser("https://p4p-qa-bg.aws.paradise4paws.com/login/"): Browser is opened with url: 'https://p4p-qa-bg.aws.paradise4paws.com/login/'

2019-12-12 07:30:44 - [MESSAGE][WARNING] - A browser is already opened. Closing browser and opening a new one

2019-12-12 07:30:44 - [MESSAGE][INFO] - Starting 'Firefox' driver

2019-12-12 07:30:48 - [MESSAGE][PASSED] - Browser is opened with url: 'https://p4p-qa-bg.aws.paradise4paws.com/login/'

2019-12-12 07:30:48 - [TEST_STEP][FAILED] - setText(findTestObject("Object Repository/object_login/input_user"), var_user): Unable to set text 'jegchavez@gmail.com' of object 'Object Repository/object_login/input_user' (Root cause: com.kms.katalon.core.exception.StepFailedException: Unable to set text 'jegchavez@gmail.com' of object 'Object Repository/object_login/input_user'
	at com.kms.katalon.core.webui.keyword.internal.WebUIKeywordMain.stepFailed(WebUIKeywordMain.groovy:64)
	at com.kms.katalon.core.webui.keyword.internal.WebUIKeywordMain.runKeyword(WebUIKeywordMain.groovy:26)
	at com.kms.katalon.core.webui.keyword.builtin.SetTextKeyword.setText(SetTextKeyword.groovy:66)
	at com.kms.katalon.core.webui.keyword.builtin.SetTextKeyword.execute(SetTextKeyword.groovy:37)
	at com.kms.katalon.core.keyword.internal.KeywordExecutor.executeKeywordForPlatform(KeywordExecutor.groovy:60)
	at com.kms.katalon.core.webui.keyword.WebUiBuiltInKeywords.setText(WebUiBuiltInKeywords.groovy:950)
	at com.kms.katalon.core.webui.keyword.WebUiBuiltInKeywords$setText$0.call(Unknown Source)
	at p4p_newReservation.run(p4p_newReservation:32)
	at com.kms.katalon.core.main.ScriptEngine.run(ScriptEngine.java:194)
	at com.kms.katalon.core.main.ScriptEngine.runScriptAsRawText(ScriptEngine.java:119)
	at com.kms.katalon.core.main.TestCaseExecutor.runScript(TestCaseExecutor.java:337)
	at com.kms.katalon.core.main.TestCaseExecutor.doExecute(TestCaseExecutor.java:328)
	at com.kms.katalon.core.main.TestCaseExecutor.processExecutionPhase(TestCaseExecutor.java:307)
	at com.kms.katalon.core.main.TestCaseExecutor.accessMainPhase(TestCaseExecutor.java:299)
	at com.kms.katalon.core.main.TestCaseExecutor.execute(TestCaseExecutor.java:233)
	at com.kms.katalon.core.main.TestSuiteExecutor.accessTestCaseMainPhase(TestSuiteExecutor.java:169)
	at com.kms.katalon.core.main.TestSuiteExecutor.accessTestSuiteMainPhase(TestSuiteExecutor.java:142)
	at com.kms.katalon.core.main.TestSuiteExecutor.execute(TestSuiteExecutor.java:91)
	at com.kms.katalon.core.main.TestCaseMain.startTestSuite(TestCaseMain.java:157)
	at com.kms.katalon.core.main.TestCaseMain$startTestSuite$0.call(Unknown Source)
	at TempTestSuite1576156939576.run(TempTestSuite1576156939576.groovy:36)
Caused by: org.openqa.selenium.NoSuchSessionException: Tried to run command without establishing a connection
Build info: version: '3.141.59', revision: 'e82be7d358', time: '2018-11-14T08:25:53'
System info: host: 'leonardoarkusmty-Inspiron-5577', ip: '127.0.1.1', os.name: 'Linux', os.arch: 'amd64', os.version: '4.15.0-72-generic', java.version: '1.8.0_222'
Driver info: com.kms.katalon.core.webui.driver.firefox.CGeckoDriver
Capabilities {acceptInsecureCerts: true, browserName: firefox, browserVersion: 70.0.1, javascriptEnabled: true, moz:accessibilityChecks: false, moz:buildID: 20191031062442, moz:geckodriverVersion: 0.23.0, moz:headless: false, moz:processID: 26608, moz:profile: /tmp/rust_mozprofile.GL7Ebb..., moz:shutdownTimeout: 60000, moz:useNonSpecCompliantPointerOrigin: false, moz:webdriverClick: true, pageLoadStrategy: normal, platform: LINUX, platformName: LINUX, platformVersion: 4.15.0-72-generic, proxy: Proxy(direct), rotatable: false, setWindowRect: true, strictFileInteractability: false, timeouts: {implicit: 0, pageLoad: 300000, script: 30000}, unhandledPromptBehavior: dismiss and notify}
Session ID: 0b3985c4-5e21-4c93-8811-afd5b7c3db19
*** Element info: {Using=xpath, value=//input[@name='email']}
	at org.openqa.selenium.remote.http.W3CHttpResponseCodec.createException(W3CHttpResponseCodec.java:187)
	at org.openqa.selenium.remote.http.W3CHttpResponseCodec.decode(W3CHttpResponseCodec.java:122)
	at org.openqa.selenium.remote.http.W3CHttpResponseCodec.decode(W3CHttpResponseCodec.java:49)
	at org.openqa.selenium.remote.HttpCommandExecutor.execute(HttpCommandExecutor.java:158)
	at org.openqa.selenium.remote.service.DriverCommandExecutor.execute(DriverCommandExecutor.java:83)
	at org.openqa.selenium.remote.RemoteWebDriver.execute(RemoteWebDriver.java:552)
	at com.kms.katalon.selenium.driver.CFirefoxDriver.execute(CFirefoxDriver.java:27)
	at org.openqa.selenium.remote.RemoteWebDriver.findElements(RemoteWebDriver.java:353)
	at org.openqa.selenium.remote.RemoteWebDriver.findElementsByXPath(RemoteWebDriver.java:432)
	at org.openqa.selenium.By$ByXPath.findElements(By.java:348)
	at org.openqa.selenium.remote.RemoteWebDriver.findElements(RemoteWebDriver.java:311)
	at org.openqa.selenium.support.events.EventFiringWebDriver.lambda$new$1(EventFiringWebDriver.java:105)
	at com.sun.proxy.$Proxy8.findElements(Unknown Source)
	at org.openqa.selenium.support.events.EventFiringWebDriver.findElements(EventFiringWebDriver.java:182)
	at com.kms.katalon.core.webui.common.WebUiCommonHelper.findWebElements(WebUiCommonHelper.java:762)
	at com.kms.katalon.core.webui.common.WebUiCommonHelper.findWebElement(WebUiCommonHelper.java:1109)
	at com.kms.katalon.core.webui.keyword.internal.WebUIAbstractKeyword.findWebElement(WebUIAbstractKeyword.groovy:27)
	at com.kms.katalon.core.webui.keyword.internal.WebUIAbstractKeyword.findWebElement(WebUIAbstractKeyword.groovy:26)
	at com.kms.katalon.core.webui.keyword.builtin.SetTextKeyword$_setText_closure1.doCall(SetTextKeyword.groovy:51)
	at com.kms.katalon.core.webui.keyword.builtin.SetTextKeyword$_setText_closure1.call(SetTextKeyword.groovy)
	at com.kms.katalon.core.webui.keyword.internal.WebUIKeywordMain.runKeyword(WebUIKeywordMain.groovy:20)
	at com.kms.katalon.core.webui.keyword.builtin.SetTextKeyword.setText(SetTextKeyword.groovy:66)
	at com.kms.katalon.core.webui.keyword.builtin.SetTextKeyword.execute(SetTextKeyword.groovy:37)
	at com.kms.katalon.core.keyword.internal.KeywordExecutor.executeKeywordForPlatform(KeywordExecutor.groovy:60)
	at com.kms.katalon.core.webui.keyword.WebUiBuiltInKeywords.setText(WebUiBuiltInKeywords.groovy:950)
	at com.kms.katalon.core.webui.keyword.WebUiBuiltInKeywords$setText$0.call(Unknown Source)
	at Script1574443748278.run(Script1574443748278.groovy:32)
	... 13 more
)

2019-12-12 07:30:50 - [MESSAGE][WARNING] - Cannot take screenshot

2019-12-12 07:30:50 - [MESSAGE][FAILED] - Unable to set text 'jegchavez@gmail.com' of object 'Object Repository/object_login/input_user' (Root cause: com.kms.katalon.core.exception.StepFailedException: Unable to set text 'jegchavez@gmail.com' of object 'Object Repository/object_login/input_user'
	at com.kms.katalon.core.webui.keyword.internal.WebUIKeywordMain.stepFailed(WebUIKeywordMain.groovy:64)
	at com.kms.katalon.core.webui.keyword.internal.WebUIKeywordMain.runKeyword(WebUIKeywordMain.groovy:26)
	at com.kms.katalon.core.webui.keyword.builtin.SetTextKeyword.setText(SetTextKeyword.groovy:66)
	at com.kms.katalon.core.webui.keyword.builtin.SetTextKeyword.execute(SetTextKeyword.groovy:37)
	at com.kms.katalon.core.keyword.internal.KeywordExecutor.executeKeywordForPlatform(KeywordExecutor.groovy:60)
	at com.kms.katalon.core.webui.keyword.WebUiBuiltInKeywords.setText(WebUiBuiltInKeywords.groovy:950)
	at com.kms.katalon.core.webui.keyword.WebUiBuiltInKeywords$setText$0.call(Unknown Source)
	at p4p_newReservation.run(p4p_newReservation:32)
	at com.kms.katalon.core.main.ScriptEngine.run(ScriptEngine.java:194)
	at com.kms.katalon.core.main.ScriptEngine.runScriptAsRawText(ScriptEngine.java:119)
	at com.kms.katalon.core.main.TestCaseExecutor.runScript(TestCaseExecutor.java:337)
	at com.kms.katalon.core.main.TestCaseExecutor.doExecute(TestCaseExecutor.java:328)
	at com.kms.katalon.core.main.TestCaseExecutor.processExecutionPhase(TestCaseExecutor.java:307)
	at com.kms.katalon.core.main.TestCaseExecutor.accessMainPhase(TestCaseExecutor.java:299)
	at com.kms.katalon.core.main.TestCaseExecutor.execute(TestCaseExecutor.java:233)
	at com.kms.katalon.core.main.TestSuiteExecutor.accessTestCaseMainPhase(TestSuiteExecutor.java:169)
	at com.kms.katalon.core.main.TestSuiteExecutor.accessTestSuiteMainPhase(TestSuiteExecutor.java:142)
	at com.kms.katalon.core.main.TestSuiteExecutor.execute(TestSuiteExecutor.java:91)
	at com.kms.katalon.core.main.TestCaseMain.startTestSuite(TestCaseMain.java:157)
	at com.kms.katalon.core.main.TestCaseMain$startTestSuite$0.call(Unknown Source)
	at TempTestSuite1576156939576.run(TempTestSuite1576156939576.groovy:36)
Caused by: org.openqa.selenium.NoSuchSessionException: Tried to run command without establishing a connection
Build info: version: '3.141.59', revision: 'e82be7d358', time: '2018-11-14T08:25:53'
System info: host: 'leonardoarkusmty-Inspiron-5577', ip: '127.0.1.1', os.name: 'Linux', os.arch: 'amd64', os.version: '4.15.0-72-generic', java.version: '1.8.0_222'
Driver info: com.kms.katalon.core.webui.driver.firefox.CGeckoDriver
Capabilities {acceptInsecureCerts: true, browserName: firefox, browserVersion: 70.0.1, javascriptEnabled: true, moz:accessibilityChecks: false, moz:buildID: 20191031062442, moz:geckodriverVersion: 0.23.0, moz:headless: false, moz:processID: 26608, moz:profile: /tmp/rust_mozprofile.GL7Ebb..., moz:shutdownTimeout: 60000, moz:useNonSpecCompliantPointerOrigin: false, moz:webdriverClick: true, pageLoadStrategy: normal, platform: LINUX, platformName: LINUX, platformVersion: 4.15.0-72-generic, proxy: Proxy(direct), rotatable: false, setWindowRect: true, strictFileInteractability: false, timeouts: {implicit: 0, pageLoad: 300000, script: 30000}, unhandledPromptBehavior: dismiss and notify}
Session ID: 0b3985c4-5e21-4c93-8811-afd5b7c3db19
*** Element info: {Using=xpath, value=//input[@name='email']}
	at org.openqa.selenium.remote.http.W3CHttpResponseCodec.createException(W3CHttpResponseCodec.java:187)
	at org.openqa.selenium.remote.http.W3CHttpResponseCodec.decode(W3CHttpResponseCodec.java:122)
	at org.openqa.selenium.remote.http.W3CHttpResponseCodec.decode(W3CHttpResponseCodec.java:49)
	at org.openqa.selenium.remote.HttpCommandExecutor.execute(HttpCommandExecutor.java:158)
	at org.openqa.selenium.remote.service.DriverCommandExecutor.execute(DriverCommandExecutor.java:83)
	at org.openqa.selenium.remote.RemoteWebDriver.execute(RemoteWebDriver.java:552)
	at com.kms.katalon.selenium.driver.CFirefoxDriver.execute(CFirefoxDriver.java:27)
	at org.openqa.selenium.remote.RemoteWebDriver.findElements(RemoteWebDriver.java:353)
	at org.openqa.selenium.remote.RemoteWebDriver.findElementsByXPath(RemoteWebDriver.java:432)
	at org.openqa.selenium.By$ByXPath.findElements(By.java:348)
	at org.openqa.selenium.remote.RemoteWebDriver.findElements(RemoteWebDriver.java:311)
	at org.openqa.selenium.support.events.EventFiringWebDriver.lambda$new$1(EventFiringWebDriver.java:105)
	at com.sun.proxy.$Proxy8.findElements(Unknown Source)
	at org.openqa.selenium.support.events.EventFiringWebDriver.findElements(EventFiringWebDriver.java:182)
	at com.kms.katalon.core.webui.common.WebUiCommonHelper.findWebElements(WebUiCommonHelper.java:762)
	at com.kms.katalon.core.webui.common.WebUiCommonHelper.findWebElement(WebUiCommonHelper.java:1109)
	at com.kms.katalon.core.webui.keyword.internal.WebUIAbstractKeyword.findWebElement(WebUIAbstractKeyword.groovy:27)
	at com.kms.katalon.core.webui.keyword.internal.WebUIAbstractKeyword.findWebElement(WebUIAbstractKeyword.groovy:26)
	at com.kms.katalon.core.webui.keyword.builtin.SetTextKeyword$_setText_closure1.doCall(SetTextKeyword.groovy:51)
	at com.kms.katalon.core.webui.keyword.builtin.SetTextKeyword$_setText_closure1.call(SetTextKeyword.groovy)
	at com.kms.katalon.core.webui.keyword.internal.WebUIKeywordMain.runKeyword(WebUIKeywordMain.groovy:20)
	at com.kms.katalon.core.webui.keyword.builtin.SetTextKeyword.setText(SetTextKeyword.groovy:66)
	at com.kms.katalon.core.webui.keyword.builtin.SetTextKeyword.execute(SetTextKeyword.groovy:37)
	at com.kms.katalon.core.keyword.internal.KeywordExecutor.executeKeywordForPlatform(KeywordExecutor.groovy:60)
	at com.kms.katalon.core.webui.keyword.WebUiBuiltInKeywords.setText(WebUiBuiltInKeywords.groovy:950)
	at com.kms.katalon.core.webui.keyword.WebUiBuiltInKeywords$setText$0.call(Unknown Source)
	at Script1574443748278.run(Script1574443748278.groovy:32)
	... 13 more
)]]></system-out>
         <system-err><![CDATA[2019-12-12 07:30:44 - [TEST_CASE][FAILED] - Test Cases/p4p_newReservation: Test Cases/p4p_newReservation FAILED.
Reason:
com.kms.katalon.core.exception.StepFailedException: Unable to set text 'jegchavez@gmail.com' of object 'Object Repository/object_login/input_user'
	at com.kms.katalon.core.webui.keyword.internal.WebUIKeywordMain.stepFailed(WebUIKeywordMain.groovy:64)
	at com.kms.katalon.core.webui.keyword.internal.WebUIKeywordMain.runKeyword(WebUIKeywordMain.groovy:26)
	at com.kms.katalon.core.webui.keyword.builtin.SetTextKeyword.setText(SetTextKeyword.groovy:66)
	at com.kms.katalon.core.webui.keyword.builtin.SetTextKeyword.execute(SetTextKeyword.groovy:37)
	at com.kms.katalon.core.keyword.internal.KeywordExecutor.executeKeywordForPlatform(KeywordExecutor.groovy:60)
	at com.kms.katalon.core.webui.keyword.WebUiBuiltInKeywords.setText(WebUiBuiltInKeywords.groovy:950)
	at com.kms.katalon.core.webui.keyword.WebUiBuiltInKeywords$setText$0.call(Unknown Source)
	at p4p_newReservation.run(p4p_newReservation:32)
	at com.kms.katalon.core.main.ScriptEngine.run(ScriptEngine.java:194)
	at com.kms.katalon.core.main.ScriptEngine.runScriptAsRawText(ScriptEngine.java:119)
	at com.kms.katalon.core.main.TestCaseExecutor.runScript(TestCaseExecutor.java:337)
	at com.kms.katalon.core.main.TestCaseExecutor.doExecute(TestCaseExecutor.java:328)
	at com.kms.katalon.core.main.TestCaseExecutor.processExecutionPhase(TestCaseExecutor.java:307)
	at com.kms.katalon.core.main.TestCaseExecutor.accessMainPhase(TestCaseExecutor.java:299)
	at com.kms.katalon.core.main.TestCaseExecutor.execute(TestCaseExecutor.java:233)
	at com.kms.katalon.core.main.TestSuiteExecutor.accessTestCaseMainPhase(TestSuiteExecutor.java:169)
	at com.kms.katalon.core.main.TestSuiteExecutor.accessTestSuiteMainPhase(TestSuiteExecutor.java:142)
	at com.kms.katalon.core.main.TestSuiteExecutor.execute(TestSuiteExecutor.java:91)
	at com.kms.katalon.core.main.TestCaseMain.startTestSuite(TestCaseMain.java:157)
	at com.kms.katalon.core.main.TestCaseMain$startTestSuite$0.call(Unknown Source)
	at TempTestSuite1576156939576.run(TempTestSuite1576156939576.groovy:36)
Caused by: org.openqa.selenium.NoSuchSessionException: Tried to run command without establishing a connection
Build info: version: '3.141.59', revision: 'e82be7d358', time: '2018-11-14T08:25:53'
System info: host: 'leonardoarkusmty-Inspiron-5577', ip: '127.0.1.1', os.name: 'Linux', os.arch: 'amd64', os.version: '4.15.0-72-generic', java.version: '1.8.0_222'
Driver info: com.kms.katalon.core.webui.driver.firefox.CGeckoDriver
Capabilities {acceptInsecureCerts: true, browserName: firefox, browserVersion: 70.0.1, javascriptEnabled: true, moz:accessibilityChecks: false, moz:buildID: 20191031062442, moz:geckodriverVersion: 0.23.0, moz:headless: false, moz:processID: 26608, moz:profile: /tmp/rust_mozprofile.GL7Ebb..., moz:shutdownTimeout: 60000, moz:useNonSpecCompliantPointerOrigin: false, moz:webdriverClick: true, pageLoadStrategy: normal, platform: LINUX, platformName: LINUX, platformVersion: 4.15.0-72-generic, proxy: Proxy(direct), rotatable: false, setWindowRect: true, strictFileInteractability: false, timeouts: {implicit: 0, pageLoad: 300000, script: 30000}, unhandledPromptBehavior: dismiss and notify}
Session ID: 0b3985c4-5e21-4c93-8811-afd5b7c3db19
*** Element info: {Using=xpath, value=//input[@name='email']}
	at org.openqa.selenium.remote.http.W3CHttpResponseCodec.createException(W3CHttpResponseCodec.java:187)
	at org.openqa.selenium.remote.http.W3CHttpResponseCodec.decode(W3CHttpResponseCodec.java:122)
	at org.openqa.selenium.remote.http.W3CHttpResponseCodec.decode(W3CHttpResponseCodec.java:49)
	at org.openqa.selenium.remote.HttpCommandExecutor.execute(HttpCommandExecutor.java:158)
	at org.openqa.selenium.remote.service.DriverCommandExecutor.execute(DriverCommandExecutor.java:83)
	at org.openqa.selenium.remote.RemoteWebDriver.execute(RemoteWebDriver.java:552)
	at com.kms.katalon.selenium.driver.CFirefoxDriver.execute(CFirefoxDriver.java:27)
	at org.openqa.selenium.remote.RemoteWebDriver.findElements(RemoteWebDriver.java:353)
	at org.openqa.selenium.remote.RemoteWebDriver.findElementsByXPath(RemoteWebDriver.java:432)
	at org.openqa.selenium.By$ByXPath.findElements(By.java:348)
	at org.openqa.selenium.remote.RemoteWebDriver.findElements(RemoteWebDriver.java:311)
	at org.openqa.selenium.support.events.EventFiringWebDriver.lambda$new$1(EventFiringWebDriver.java:105)
	at com.sun.proxy.$Proxy8.findElements(Unknown Source)
	at org.openqa.selenium.support.events.EventFiringWebDriver.findElements(EventFiringWebDriver.java:182)
	at com.kms.katalon.core.webui.common.WebUiCommonHelper.findWebElements(WebUiCommonHelper.java:762)
	at com.kms.katalon.core.webui.common.WebUiCommonHelper.findWebElement(WebUiCommonHelper.java:1109)
	at com.kms.katalon.core.webui.keyword.internal.WebUIAbstractKeyword.findWebElement(WebUIAbstractKeyword.groovy:27)
	at com.kms.katalon.core.webui.keyword.internal.WebUIAbstractKeyword.findWebElement(WebUIAbstractKeyword.groovy:26)
	at com.kms.katalon.core.webui.keyword.builtin.SetTextKeyword$_setText_closure1.doCall(SetTextKeyword.groovy:51)
	at com.kms.katalon.core.webui.keyword.builtin.SetTextKeyword$_setText_closure1.call(SetTextKeyword.groovy)
	at com.kms.katalon.core.webui.keyword.internal.WebUIKeywordMain.runKeyword(WebUIKeywordMain.groovy:20)
	... 19 more]]></system-err>
      </testcase>
      <testcase name="Test Cases/p4p_newReservation" time="0.101" classname="Test Cases/p4p_newReservation" status="FAILED">
         <failure type="FAILED" message="Test Cases/p4p_newReservation FAILED.
Reason:
com.kms.katalon.core.exception.StepFailedException: Unable to open browser with url: 'https://p4p-qa-bg.aws.paradise4paws.com/login/'
	at com.kms.katalon.core.webui.keyword.internal.WebUIKeywordMain.stepFailed(WebUIKeywordMain.groovy:64)
	at com.kms.katalon.core.webui.keyword.internal.WebUIKeywordMain.runKeyword(WebUIKeywordMain.groovy:26)
	at com.kms.katalon.core.webui.keyword.builtin.OpenBrowserKeyword.openBrowser(OpenBrowserKeyword.groovy:81)
	at com.kms.katalon.core.webui.keyword.builtin.OpenBrowserKeyword.execute(OpenBrowserKeyword.groovy:67)
	at com.kms.katalon.core.keyword.internal.KeywordExecutor.executeKeywordForPlatform(KeywordExecutor.groovy:60)
	at com.kms.katalon.core.webui.keyword.WebUiBuiltInKeywords.openBrowser(WebUiBuiltInKeywords.groovy:60)
	at com.kms.katalon.core.webui.keyword.WebUiBuiltInKeywords$openBrowser.call(Unknown Source)
	at p4p_newReservation.run(p4p_newReservation:30)
	at com.kms.katalon.core.main.ScriptEngine.run(ScriptEngine.java:194)
	at com.kms.katalon.core.main.ScriptEngine.runScriptAsRawText(ScriptEngine.java:119)
	at com.kms.katalon.core.main.TestCaseExecutor.runScript(TestCaseExecutor.java:337)
	at com.kms.katalon.core.main.TestCaseExecutor.doExecute(TestCaseExecutor.java:328)
	at com.kms.katalon.core.main.TestCaseExecutor.processExecutionPhase(TestCaseExecutor.java:307)
	at com.kms.katalon.core.main.TestCaseExecutor.accessMainPhase(TestCaseExecutor.java:299)
	at com.kms.katalon.core.main.TestCaseExecutor.execute(TestCaseExecutor.java:233)
	at com.kms.katalon.core.main.TestSuiteExecutor.accessTestCaseMainPhase(TestSuiteExecutor.java:169)
	at com.kms.katalon.core.main.TestSuiteExecutor.accessTestSuiteMainPhase(TestSuiteExecutor.java:142)
	at com.kms.katalon.core.main.TestSuiteExecutor.execute(TestSuiteExecutor.java:91)
	at com.kms.katalon.core.main.TestCaseMain.startTestSuite(TestCaseMain.java:157)
	at com.kms.katalon.core.main.TestCaseMain$startTestSuite$0.call(Unknown Source)
	at TempTestSuite1576156939576.run(TempTestSuite1576156939576.groovy:36)
Caused by: org.openqa.selenium.NoSuchSessionException: Tried to run command without establishing a connection
Build info: version: '3.141.59', revision: 'e82be7d358', time: '2018-11-14T08:25:53'
System info: host: 'leonardoarkusmty-Inspiron-5577', ip: '127.0.1.1', os.name: 'Linux', os.arch: 'amd64', os.version: '4.15.0-72-generic', java.version: '1.8.0_222'
Driver info: com.kms.katalon.core.webui.driver.firefox.CGeckoDriver
Capabilities {acceptInsecureCerts: true, browserName: firefox, browserVersion: 70.0.1, javascriptEnabled: true, moz:accessibilityChecks: false, moz:buildID: 20191031062442, moz:geckodriverVersion: 0.23.0, moz:headless: false, moz:processID: 26608, moz:profile: /tmp/rust_mozprofile.GL7Ebb..., moz:shutdownTimeout: 60000, moz:useNonSpecCompliantPointerOrigin: false, moz:webdriverClick: true, pageLoadStrategy: normal, platform: LINUX, platformName: LINUX, platformVersion: 4.15.0-72-generic, proxy: Proxy(direct), rotatable: false, setWindowRect: true, strictFileInteractability: false, timeouts: {implicit: 0, pageLoad: 300000, script: 30000}, unhandledPromptBehavior: dismiss and notify}
Session ID: 0b3985c4-5e21-4c93-8811-afd5b7c3db19
	at org.openqa.selenium.remote.http.W3CHttpResponseCodec.createException(W3CHttpResponseCodec.java:187)
	at org.openqa.selenium.remote.http.W3CHttpResponseCodec.decode(W3CHttpResponseCodec.java:122)
	at org.openqa.selenium.remote.http.W3CHttpResponseCodec.decode(W3CHttpResponseCodec.java:49)
	at org.openqa.selenium.remote.HttpCommandExecutor.execute(HttpCommandExecutor.java:158)
	at org.openqa.selenium.remote.service.DriverCommandExecutor.execute(DriverCommandExecutor.java:83)
	at org.openqa.selenium.remote.RemoteWebDriver.execute(RemoteWebDriver.java:552)
	at com.kms.katalon.selenium.driver.CFirefoxDriver.execute(CFirefoxDriver.java:27)
	at org.openqa.selenium.remote.RemoteWebDriver.execute(RemoteWebDriver.java:609)
	at org.openqa.selenium.remote.RemoteWebDriver.quit(RemoteWebDriver.java:452)
	at org.openqa.selenium.support.events.EventFiringWebDriver.lambda$new$1(EventFiringWebDriver.java:105)
	at com.sun.proxy.$Proxy8.quit(Unknown Source)
	at org.openqa.selenium.support.events.EventFiringWebDriver.quit(EventFiringWebDriver.java:211)
	at com.kms.katalon.core.webui.driver.DriverFactory.closeWebDriver(DriverFactory.java:1247)
	at com.kms.katalon.core.webui.driver.DriverFactory.startNewBrowser(DriverFactory.java:284)
	at com.kms.katalon.core.webui.driver.DriverFactory.openWebDriver(DriverFactory.java:206)
	at com.kms.katalon.core.webui.keyword.builtin.OpenBrowserKeyword$_openBrowser_closure1.doCall(OpenBrowserKeyword.groovy:74)
	at com.kms.katalon.core.webui.keyword.builtin.OpenBrowserKeyword$_openBrowser_closure1.call(OpenBrowserKeyword.groovy)
	at com.kms.katalon.core.webui.keyword.internal.WebUIKeywordMain.runKeyword(WebUIKeywordMain.groovy:20)
	... 19 more
"/>
         <system-out><![CDATA[2019-12-12 07:30:50 - [TEST_CASE][FAILED] - Test Cases/p4p_newReservation: Test Cases/p4p_newReservation FAILED.
Reason:
com.kms.katalon.core.exception.StepFailedException: Unable to open browser with url: 'https://p4p-qa-bg.aws.paradise4paws.com/login/'
	at com.kms.katalon.core.webui.keyword.internal.WebUIKeywordMain.stepFailed(WebUIKeywordMain.groovy:64)
	at com.kms.katalon.core.webui.keyword.internal.WebUIKeywordMain.runKeyword(WebUIKeywordMain.groovy:26)
	at com.kms.katalon.core.webui.keyword.builtin.OpenBrowserKeyword.openBrowser(OpenBrowserKeyword.groovy:81)
	at com.kms.katalon.core.webui.keyword.builtin.OpenBrowserKeyword.execute(OpenBrowserKeyword.groovy:67)
	at com.kms.katalon.core.keyword.internal.KeywordExecutor.executeKeywordForPlatform(KeywordExecutor.groovy:60)
	at com.kms.katalon.core.webui.keyword.WebUiBuiltInKeywords.openBrowser(WebUiBuiltInKeywords.groovy:60)
	at com.kms.katalon.core.webui.keyword.WebUiBuiltInKeywords$openBrowser.call(Unknown Source)
	at p4p_newReservation.run(p4p_newReservation:30)
	at com.kms.katalon.core.main.ScriptEngine.run(ScriptEngine.java:194)
	at com.kms.katalon.core.main.ScriptEngine.runScriptAsRawText(ScriptEngine.java:119)
	at com.kms.katalon.core.main.TestCaseExecutor.runScript(TestCaseExecutor.java:337)
	at com.kms.katalon.core.main.TestCaseExecutor.doExecute(TestCaseExecutor.java:328)
	at com.kms.katalon.core.main.TestCaseExecutor.processExecutionPhase(TestCaseExecutor.java:307)
	at com.kms.katalon.core.main.TestCaseExecutor.accessMainPhase(TestCaseExecutor.java:299)
	at com.kms.katalon.core.main.TestCaseExecutor.execute(TestCaseExecutor.java:233)
	at com.kms.katalon.core.main.TestSuiteExecutor.accessTestCaseMainPhase(TestSuiteExecutor.java:169)
	at com.kms.katalon.core.main.TestSuiteExecutor.accessTestSuiteMainPhase(TestSuiteExecutor.java:142)
	at com.kms.katalon.core.main.TestSuiteExecutor.execute(TestSuiteExecutor.java:91)
	at com.kms.katalon.core.main.TestCaseMain.startTestSuite(TestCaseMain.java:157)
	at com.kms.katalon.core.main.TestCaseMain$startTestSuite$0.call(Unknown Source)
	at TempTestSuite1576156939576.run(TempTestSuite1576156939576.groovy:36)
Caused by: org.openqa.selenium.NoSuchSessionException: Tried to run command without establishing a connection
Build info: version: '3.141.59', revision: 'e82be7d358', time: '2018-11-14T08:25:53'
System info: host: 'leonardoarkusmty-Inspiron-5577', ip: '127.0.1.1', os.name: 'Linux', os.arch: 'amd64', os.version: '4.15.0-72-generic', java.version: '1.8.0_222'
Driver info: com.kms.katalon.core.webui.driver.firefox.CGeckoDriver
Capabilities {acceptInsecureCerts: true, browserName: firefox, browserVersion: 70.0.1, javascriptEnabled: true, moz:accessibilityChecks: false, moz:buildID: 20191031062442, moz:geckodriverVersion: 0.23.0, moz:headless: false, moz:processID: 26608, moz:profile: /tmp/rust_mozprofile.GL7Ebb..., moz:shutdownTimeout: 60000, moz:useNonSpecCompliantPointerOrigin: false, moz:webdriverClick: true, pageLoadStrategy: normal, platform: LINUX, platformName: LINUX, platformVersion: 4.15.0-72-generic, proxy: Proxy(direct), rotatable: false, setWindowRect: true, strictFileInteractability: false, timeouts: {implicit: 0, pageLoad: 300000, script: 30000}, unhandledPromptBehavior: dismiss and notify}
Session ID: 0b3985c4-5e21-4c93-8811-afd5b7c3db19
	at org.openqa.selenium.remote.http.W3CHttpResponseCodec.createException(W3CHttpResponseCodec.java:187)
	at org.openqa.selenium.remote.http.W3CHttpResponseCodec.decode(W3CHttpResponseCodec.java:122)
	at org.openqa.selenium.remote.http.W3CHttpResponseCodec.decode(W3CHttpResponseCodec.java:49)
	at org.openqa.selenium.remote.HttpCommandExecutor.execute(HttpCommandExecutor.java:158)
	at org.openqa.selenium.remote.service.DriverCommandExecutor.execute(DriverCommandExecutor.java:83)
	at org.openqa.selenium.remote.RemoteWebDriver.execute(RemoteWebDriver.java:552)
	at com.kms.katalon.selenium.driver.CFirefoxDriver.execute(CFirefoxDriver.java:27)
	at org.openqa.selenium.remote.RemoteWebDriver.execute(RemoteWebDriver.java:609)
	at org.openqa.selenium.remote.RemoteWebDriver.quit(RemoteWebDriver.java:452)
	at org.openqa.selenium.support.events.EventFiringWebDriver.lambda$new$1(EventFiringWebDriver.java:105)
	at com.sun.proxy.$Proxy8.quit(Unknown Source)
	at org.openqa.selenium.support.events.EventFiringWebDriver.quit(EventFiringWebDriver.java:211)
	at com.kms.katalon.core.webui.driver.DriverFactory.closeWebDriver(DriverFactory.java:1247)
	at com.kms.katalon.core.webui.driver.DriverFactory.startNewBrowser(DriverFactory.java:284)
	at com.kms.katalon.core.webui.driver.DriverFactory.openWebDriver(DriverFactory.java:206)
	at com.kms.katalon.core.webui.keyword.builtin.OpenBrowserKeyword$_openBrowser_closure1.doCall(OpenBrowserKeyword.groovy:74)
	at com.kms.katalon.core.webui.keyword.builtin.OpenBrowserKeyword$_openBrowser_closure1.call(OpenBrowserKeyword.groovy)
	at com.kms.katalon.core.webui.keyword.internal.WebUIKeywordMain.runKeyword(WebUIKeywordMain.groovy:20)
	... 19 more


2019-12-12 07:30:50 - [TEST_STEP][FAILED] - openBrowser("https://p4p-qa-bg.aws.paradise4paws.com/login/"): Unable to open browser with url: 'https://p4p-qa-bg.aws.paradise4paws.com/login/' (Root cause: com.kms.katalon.core.exception.StepFailedException: Unable to open browser with url: 'https://p4p-qa-bg.aws.paradise4paws.com/login/'
	at com.kms.katalon.core.webui.keyword.internal.WebUIKeywordMain.stepFailed(WebUIKeywordMain.groovy:64)
	at com.kms.katalon.core.webui.keyword.internal.WebUIKeywordMain.runKeyword(WebUIKeywordMain.groovy:26)
	at com.kms.katalon.core.webui.keyword.builtin.OpenBrowserKeyword.openBrowser(OpenBrowserKeyword.groovy:81)
	at com.kms.katalon.core.webui.keyword.builtin.OpenBrowserKeyword.execute(OpenBrowserKeyword.groovy:67)
	at com.kms.katalon.core.keyword.internal.KeywordExecutor.executeKeywordForPlatform(KeywordExecutor.groovy:60)
	at com.kms.katalon.core.webui.keyword.WebUiBuiltInKeywords.openBrowser(WebUiBuiltInKeywords.groovy:60)
	at com.kms.katalon.core.webui.keyword.WebUiBuiltInKeywords$openBrowser.call(Unknown Source)
	at p4p_newReservation.run(p4p_newReservation:30)
	at com.kms.katalon.core.main.ScriptEngine.run(ScriptEngine.java:194)
	at com.kms.katalon.core.main.ScriptEngine.runScriptAsRawText(ScriptEngine.java:119)
	at com.kms.katalon.core.main.TestCaseExecutor.runScript(TestCaseExecutor.java:337)
	at com.kms.katalon.core.main.TestCaseExecutor.doExecute(TestCaseExecutor.java:328)
	at com.kms.katalon.core.main.TestCaseExecutor.processExecutionPhase(TestCaseExecutor.java:307)
	at com.kms.katalon.core.main.TestCaseExecutor.accessMainPhase(TestCaseExecutor.java:299)
	at com.kms.katalon.core.main.TestCaseExecutor.execute(TestCaseExecutor.java:233)
	at com.kms.katalon.core.main.TestSuiteExecutor.accessTestCaseMainPhase(TestSuiteExecutor.java:169)
	at com.kms.katalon.core.main.TestSuiteExecutor.accessTestSuiteMainPhase(TestSuiteExecutor.java:142)
	at com.kms.katalon.core.main.TestSuiteExecutor.execute(TestSuiteExecutor.java:91)
	at com.kms.katalon.core.main.TestCaseMain.startTestSuite(TestCaseMain.java:157)
	at com.kms.katalon.core.main.TestCaseMain$startTestSuite$0.call(Unknown Source)
	at TempTestSuite1576156939576.run(TempTestSuite1576156939576.groovy:36)
Caused by: org.openqa.selenium.NoSuchSessionException: Tried to run command without establishing a connection
Build info: version: '3.141.59', revision: 'e82be7d358', time: '2018-11-14T08:25:53'
System info: host: 'leonardoarkusmty-Inspiron-5577', ip: '127.0.1.1', os.name: 'Linux', os.arch: 'amd64', os.version: '4.15.0-72-generic', java.version: '1.8.0_222'
Driver info: com.kms.katalon.core.webui.driver.firefox.CGeckoDriver
Capabilities {acceptInsecureCerts: true, browserName: firefox, browserVersion: 70.0.1, javascriptEnabled: true, moz:accessibilityChecks: false, moz:buildID: 20191031062442, moz:geckodriverVersion: 0.23.0, moz:headless: false, moz:processID: 26608, moz:profile: /tmp/rust_mozprofile.GL7Ebb..., moz:shutdownTimeout: 60000, moz:useNonSpecCompliantPointerOrigin: false, moz:webdriverClick: true, pageLoadStrategy: normal, platform: LINUX, platformName: LINUX, platformVersion: 4.15.0-72-generic, proxy: Proxy(direct), rotatable: false, setWindowRect: true, strictFileInteractability: false, timeouts: {implicit: 0, pageLoad: 300000, script: 30000}, unhandledPromptBehavior: dismiss and notify}
Session ID: 0b3985c4-5e21-4c93-8811-afd5b7c3db19
	at org.openqa.selenium.remote.http.W3CHttpResponseCodec.createException(W3CHttpResponseCodec.java:187)
	at org.openqa.selenium.remote.http.W3CHttpResponseCodec.decode(W3CHttpResponseCodec.java:122)
	at org.openqa.selenium.remote.http.W3CHttpResponseCodec.decode(W3CHttpResponseCodec.java:49)
	at org.openqa.selenium.remote.HttpCommandExecutor.execute(HttpCommandExecutor.java:158)
	at org.openqa.selenium.remote.service.DriverCommandExecutor.execute(DriverCommandExecutor.java:83)
	at org.openqa.selenium.remote.RemoteWebDriver.execute(RemoteWebDriver.java:552)
	at com.kms.katalon.selenium.driver.CFirefoxDriver.execute(CFirefoxDriver.java:27)
	at org.openqa.selenium.remote.RemoteWebDriver.execute(RemoteWebDriver.java:609)
	at org.openqa.selenium.remote.RemoteWebDriver.quit(RemoteWebDriver.java:452)
	at org.openqa.selenium.support.events.EventFiringWebDriver.lambda$new$1(EventFiringWebDriver.java:105)
	at com.sun.proxy.$Proxy8.quit(Unknown Source)
	at org.openqa.selenium.support.events.EventFiringWebDriver.quit(EventFiringWebDriver.java:211)
	at com.kms.katalon.core.webui.driver.DriverFactory.closeWebDriver(DriverFactory.java:1247)
	at com.kms.katalon.core.webui.driver.DriverFactory.startNewBrowser(DriverFactory.java:284)
	at com.kms.katalon.core.webui.driver.DriverFactory.openWebDriver(DriverFactory.java:206)
	at com.kms.katalon.core.webui.keyword.builtin.OpenBrowserKeyword$_openBrowser_closure1.doCall(OpenBrowserKeyword.groovy:74)
	at com.kms.katalon.core.webui.keyword.builtin.OpenBrowserKeyword$_openBrowser_closure1.call(OpenBrowserKeyword.groovy)
	at com.kms.katalon.core.webui.keyword.internal.WebUIKeywordMain.runKeyword(WebUIKeywordMain.groovy:20)
	at com.kms.katalon.core.webui.keyword.builtin.OpenBrowserKeyword.openBrowser(OpenBrowserKeyword.groovy:81)
	at com.kms.katalon.core.webui.keyword.builtin.OpenBrowserKeyword.execute(OpenBrowserKeyword.groovy:67)
	at com.kms.katalon.core.keyword.internal.KeywordExecutor.executeKeywordForPlatform(KeywordExecutor.groovy:60)
	at com.kms.katalon.core.webui.keyword.WebUiBuiltInKeywords.openBrowser(WebUiBuiltInKeywords.groovy:60)
	at com.kms.katalon.core.webui.keyword.WebUiBuiltInKeywords$openBrowser.call(Unknown Source)
	at Script1574443748278.run(Script1574443748278.groovy:30)
	... 13 more
)

2019-12-12 07:30:50 - [MESSAGE][WARNING] - A browser is already opened. Closing browser and opening a new one

2019-12-12 07:30:50 - [MESSAGE][FAILED] - Unable to open browser with url: 'https://p4p-qa-bg.aws.paradise4paws.com/login/' (Root cause: com.kms.katalon.core.exception.StepFailedException: Unable to open browser with url: 'https://p4p-qa-bg.aws.paradise4paws.com/login/'
	at com.kms.katalon.core.webui.keyword.internal.WebUIKeywordMain.stepFailed(WebUIKeywordMain.groovy:64)
	at com.kms.katalon.core.webui.keyword.internal.WebUIKeywordMain.runKeyword(WebUIKeywordMain.groovy:26)
	at com.kms.katalon.core.webui.keyword.builtin.OpenBrowserKeyword.openBrowser(OpenBrowserKeyword.groovy:81)
	at com.kms.katalon.core.webui.keyword.builtin.OpenBrowserKeyword.execute(OpenBrowserKeyword.groovy:67)
	at com.kms.katalon.core.keyword.internal.KeywordExecutor.executeKeywordForPlatform(KeywordExecutor.groovy:60)
	at com.kms.katalon.core.webui.keyword.WebUiBuiltInKeywords.openBrowser(WebUiBuiltInKeywords.groovy:60)
	at com.kms.katalon.core.webui.keyword.WebUiBuiltInKeywords$openBrowser.call(Unknown Source)
	at p4p_newReservation.run(p4p_newReservation:30)
	at com.kms.katalon.core.main.ScriptEngine.run(ScriptEngine.java:194)
	at com.kms.katalon.core.main.ScriptEngine.runScriptAsRawText(ScriptEngine.java:119)
	at com.kms.katalon.core.main.TestCaseExecutor.runScript(TestCaseExecutor.java:337)
	at com.kms.katalon.core.main.TestCaseExecutor.doExecute(TestCaseExecutor.java:328)
	at com.kms.katalon.core.main.TestCaseExecutor.processExecutionPhase(TestCaseExecutor.java:307)
	at com.kms.katalon.core.main.TestCaseExecutor.accessMainPhase(TestCaseExecutor.java:299)
	at com.kms.katalon.core.main.TestCaseExecutor.execute(TestCaseExecutor.java:233)
	at com.kms.katalon.core.main.TestSuiteExecutor.accessTestCaseMainPhase(TestSuiteExecutor.java:169)
	at com.kms.katalon.core.main.TestSuiteExecutor.accessTestSuiteMainPhase(TestSuiteExecutor.java:142)
	at com.kms.katalon.core.main.TestSuiteExecutor.execute(TestSuiteExecutor.java:91)
	at com.kms.katalon.core.main.TestCaseMain.startTestSuite(TestCaseMain.java:157)
	at com.kms.katalon.core.main.TestCaseMain$startTestSuite$0.call(Unknown Source)
	at TempTestSuite1576156939576.run(TempTestSuite1576156939576.groovy:36)
Caused by: org.openqa.selenium.NoSuchSessionException: Tried to run command without establishing a connection
Build info: version: '3.141.59', revision: 'e82be7d358', time: '2018-11-14T08:25:53'
System info: host: 'leonardoarkusmty-Inspiron-5577', ip: '127.0.1.1', os.name: 'Linux', os.arch: 'amd64', os.version: '4.15.0-72-generic', java.version: '1.8.0_222'
Driver info: com.kms.katalon.core.webui.driver.firefox.CGeckoDriver
Capabilities {acceptInsecureCerts: true, browserName: firefox, browserVersion: 70.0.1, javascriptEnabled: true, moz:accessibilityChecks: false, moz:buildID: 20191031062442, moz:geckodriverVersion: 0.23.0, moz:headless: false, moz:processID: 26608, moz:profile: /tmp/rust_mozprofile.GL7Ebb..., moz:shutdownTimeout: 60000, moz:useNonSpecCompliantPointerOrigin: false, moz:webdriverClick: true, pageLoadStrategy: normal, platform: LINUX, platformName: LINUX, platformVersion: 4.15.0-72-generic, proxy: Proxy(direct), rotatable: false, setWindowRect: true, strictFileInteractability: false, timeouts: {implicit: 0, pageLoad: 300000, script: 30000}, unhandledPromptBehavior: dismiss and notify}
Session ID: 0b3985c4-5e21-4c93-8811-afd5b7c3db19
	at org.openqa.selenium.remote.http.W3CHttpResponseCodec.createException(W3CHttpResponseCodec.java:187)
	at org.openqa.selenium.remote.http.W3CHttpResponseCodec.decode(W3CHttpResponseCodec.java:122)
	at org.openqa.selenium.remote.http.W3CHttpResponseCodec.decode(W3CHttpResponseCodec.java:49)
	at org.openqa.selenium.remote.HttpCommandExecutor.execute(HttpCommandExecutor.java:158)
	at org.openqa.selenium.remote.service.DriverCommandExecutor.execute(DriverCommandExecutor.java:83)
	at org.openqa.selenium.remote.RemoteWebDriver.execute(RemoteWebDriver.java:552)
	at com.kms.katalon.selenium.driver.CFirefoxDriver.execute(CFirefoxDriver.java:27)
	at org.openqa.selenium.remote.RemoteWebDriver.execute(RemoteWebDriver.java:609)
	at org.openqa.selenium.remote.RemoteWebDriver.quit(RemoteWebDriver.java:452)
	at org.openqa.selenium.support.events.EventFiringWebDriver.lambda$new$1(EventFiringWebDriver.java:105)
	at com.sun.proxy.$Proxy8.quit(Unknown Source)
	at org.openqa.selenium.support.events.EventFiringWebDriver.quit(EventFiringWebDriver.java:211)
	at com.kms.katalon.core.webui.driver.DriverFactory.closeWebDriver(DriverFactory.java:1247)
	at com.kms.katalon.core.webui.driver.DriverFactory.startNewBrowser(DriverFactory.java:284)
	at com.kms.katalon.core.webui.driver.DriverFactory.openWebDriver(DriverFactory.java:206)
	at com.kms.katalon.core.webui.keyword.builtin.OpenBrowserKeyword$_openBrowser_closure1.doCall(OpenBrowserKeyword.groovy:74)
	at com.kms.katalon.core.webui.keyword.builtin.OpenBrowserKeyword$_openBrowser_closure1.call(OpenBrowserKeyword.groovy)
	at com.kms.katalon.core.webui.keyword.internal.WebUIKeywordMain.runKeyword(WebUIKeywordMain.groovy:20)
	at com.kms.katalon.core.webui.keyword.builtin.OpenBrowserKeyword.openBrowser(OpenBrowserKeyword.groovy:81)
	at com.kms.katalon.core.webui.keyword.builtin.OpenBrowserKeyword.execute(OpenBrowserKeyword.groovy:67)
	at com.kms.katalon.core.keyword.internal.KeywordExecutor.executeKeywordForPlatform(KeywordExecutor.groovy:60)
	at com.kms.katalon.core.webui.keyword.WebUiBuiltInKeywords.openBrowser(WebUiBuiltInKeywords.groovy:60)
	at com.kms.katalon.core.webui.keyword.WebUiBuiltInKeywords$openBrowser.call(Unknown Source)
	at Script1574443748278.run(Script1574443748278.groovy:30)
	... 13 more
)]]></system-out>
         <system-err><![CDATA[2019-12-12 07:30:50 - [TEST_CASE][FAILED] - Test Cases/p4p_newReservation: Test Cases/p4p_newReservation FAILED.
Reason:
com.kms.katalon.core.exception.StepFailedException: Unable to open browser with url: 'https://p4p-qa-bg.aws.paradise4paws.com/login/'
	at com.kms.katalon.core.webui.keyword.internal.WebUIKeywordMain.stepFailed(WebUIKeywordMain.groovy:64)
	at com.kms.katalon.core.webui.keyword.internal.WebUIKeywordMain.runKeyword(WebUIKeywordMain.groovy:26)
	at com.kms.katalon.core.webui.keyword.builtin.OpenBrowserKeyword.openBrowser(OpenBrowserKeyword.groovy:81)
	at com.kms.katalon.core.webui.keyword.builtin.OpenBrowserKeyword.execute(OpenBrowserKeyword.groovy:67)
	at com.kms.katalon.core.keyword.internal.KeywordExecutor.executeKeywordForPlatform(KeywordExecutor.groovy:60)
	at com.kms.katalon.core.webui.keyword.WebUiBuiltInKeywords.openBrowser(WebUiBuiltInKeywords.groovy:60)
	at com.kms.katalon.core.webui.keyword.WebUiBuiltInKeywords$openBrowser.call(Unknown Source)
	at p4p_newReservation.run(p4p_newReservation:30)
	at com.kms.katalon.core.main.ScriptEngine.run(ScriptEngine.java:194)
	at com.kms.katalon.core.main.ScriptEngine.runScriptAsRawText(ScriptEngine.java:119)
	at com.kms.katalon.core.main.TestCaseExecutor.runScript(TestCaseExecutor.java:337)
	at com.kms.katalon.core.main.TestCaseExecutor.doExecute(TestCaseExecutor.java:328)
	at com.kms.katalon.core.main.TestCaseExecutor.processExecutionPhase(TestCaseExecutor.java:307)
	at com.kms.katalon.core.main.TestCaseExecutor.accessMainPhase(TestCaseExecutor.java:299)
	at com.kms.katalon.core.main.TestCaseExecutor.execute(TestCaseExecutor.java:233)
	at com.kms.katalon.core.main.TestSuiteExecutor.accessTestCaseMainPhase(TestSuiteExecutor.java:169)
	at com.kms.katalon.core.main.TestSuiteExecutor.accessTestSuiteMainPhase(TestSuiteExecutor.java:142)
	at com.kms.katalon.core.main.TestSuiteExecutor.execute(TestSuiteExecutor.java:91)
	at com.kms.katalon.core.main.TestCaseMain.startTestSuite(TestCaseMain.java:157)
	at com.kms.katalon.core.main.TestCaseMain$startTestSuite$0.call(Unknown Source)
	at TempTestSuite1576156939576.run(TempTestSuite1576156939576.groovy:36)
Caused by: org.openqa.selenium.NoSuchSessionException: Tried to run command without establishing a connection
Build info: version: '3.141.59', revision: 'e82be7d358', time: '2018-11-14T08:25:53'
System info: host: 'leonardoarkusmty-Inspiron-5577', ip: '127.0.1.1', os.name: 'Linux', os.arch: 'amd64', os.version: '4.15.0-72-generic', java.version: '1.8.0_222'
Driver info: com.kms.katalon.core.webui.driver.firefox.CGeckoDriver
Capabilities {acceptInsecureCerts: true, browserName: firefox, browserVersion: 70.0.1, javascriptEnabled: true, moz:accessibilityChecks: false, moz:buildID: 20191031062442, moz:geckodriverVersion: 0.23.0, moz:headless: false, moz:processID: 26608, moz:profile: /tmp/rust_mozprofile.GL7Ebb..., moz:shutdownTimeout: 60000, moz:useNonSpecCompliantPointerOrigin: false, moz:webdriverClick: true, pageLoadStrategy: normal, platform: LINUX, platformName: LINUX, platformVersion: 4.15.0-72-generic, proxy: Proxy(direct), rotatable: false, setWindowRect: true, strictFileInteractability: false, timeouts: {implicit: 0, pageLoad: 300000, script: 30000}, unhandledPromptBehavior: dismiss and notify}
Session ID: 0b3985c4-5e21-4c93-8811-afd5b7c3db19
	at org.openqa.selenium.remote.http.W3CHttpResponseCodec.createException(W3CHttpResponseCodec.java:187)
	at org.openqa.selenium.remote.http.W3CHttpResponseCodec.decode(W3CHttpResponseCodec.java:122)
	at org.openqa.selenium.remote.http.W3CHttpResponseCodec.decode(W3CHttpResponseCodec.java:49)
	at org.openqa.selenium.remote.HttpCommandExecutor.execute(HttpCommandExecutor.java:158)
	at org.openqa.selenium.remote.service.DriverCommandExecutor.execute(DriverCommandExecutor.java:83)
	at org.openqa.selenium.remote.RemoteWebDriver.execute(RemoteWebDriver.java:552)
	at com.kms.katalon.selenium.driver.CFirefoxDriver.execute(CFirefoxDriver.java:27)
	at org.openqa.selenium.remote.RemoteWebDriver.execute(RemoteWebDriver.java:609)
	at org.openqa.selenium.remote.RemoteWebDriver.quit(RemoteWebDriver.java:452)
	at org.openqa.selenium.support.events.EventFiringWebDriver.lambda$new$1(EventFiringWebDriver.java:105)
	at com.sun.proxy.$Proxy8.quit(Unknown Source)
	at org.openqa.selenium.support.events.EventFiringWebDriver.quit(EventFiringWebDriver.java:211)
	at com.kms.katalon.core.webui.driver.DriverFactory.closeWebDriver(DriverFactory.java:1247)
	at com.kms.katalon.core.webui.driver.DriverFactory.startNewBrowser(DriverFactory.java:284)
	at com.kms.katalon.core.webui.driver.DriverFactory.openWebDriver(DriverFactory.java:206)
	at com.kms.katalon.core.webui.keyword.builtin.OpenBrowserKeyword$_openBrowser_closure1.doCall(OpenBrowserKeyword.groovy:74)
	at com.kms.katalon.core.webui.keyword.builtin.OpenBrowserKeyword$_openBrowser_closure1.call(OpenBrowserKeyword.groovy)
	at com.kms.katalon.core.webui.keyword.internal.WebUIKeywordMain.runKeyword(WebUIKeywordMain.groovy:20)
	... 19 more]]></system-err>
      </testcase>
      <testcase name="Test Cases/p4p_newReservation" time="12.811" classname="Test Cases/p4p_newReservation" status="FAILED">
         <failure type="FAILED" message="Test Cases/p4p_newReservation FAILED.
Reason:
com.kms.katalon.core.exception.StepFailedException: Unable to set text 'jegchavez@gmail.com' of object 'Object Repository/object_login/input_user'
	at com.kms.katalon.core.webui.keyword.internal.WebUIKeywordMain.stepFailed(WebUIKeywordMain.groovy:64)
	at com.kms.katalon.core.webui.keyword.internal.WebUIKeywordMain.runKeyword(WebUIKeywordMain.groovy:26)
	at com.kms.katalon.core.webui.keyword.builtin.SetTextKeyword.setText(SetTextKeyword.groovy:66)
	at com.kms.katalon.core.webui.keyword.builtin.SetTextKeyword.execute(SetTextKeyword.groovy:37)
	at com.kms.katalon.core.keyword.internal.KeywordExecutor.executeKeywordForPlatform(KeywordExecutor.groovy:60)
	at com.kms.katalon.core.webui.keyword.WebUiBuiltInKeywords.setText(WebUiBuiltInKeywords.groovy:950)
	at com.kms.katalon.core.webui.keyword.WebUiBuiltInKeywords$setText$0.call(Unknown Source)
	at p4p_newReservation.run(p4p_newReservation:32)
	at com.kms.katalon.core.main.ScriptEngine.run(ScriptEngine.java:194)
	at com.kms.katalon.core.main.ScriptEngine.runScriptAsRawText(ScriptEngine.java:119)
	at com.kms.katalon.core.main.TestCaseExecutor.runScript(TestCaseExecutor.java:337)
	at com.kms.katalon.core.main.TestCaseExecutor.doExecute(TestCaseExecutor.java:328)
	at com.kms.katalon.core.main.TestCaseExecutor.processExecutionPhase(TestCaseExecutor.java:307)
	at com.kms.katalon.core.main.TestCaseExecutor.accessMainPhase(TestCaseExecutor.java:299)
	at com.kms.katalon.core.main.TestCaseExecutor.execute(TestCaseExecutor.java:233)
	at com.kms.katalon.core.main.TestSuiteExecutor.accessTestCaseMainPhase(TestSuiteExecutor.java:169)
	at com.kms.katalon.core.main.TestSuiteExecutor.accessTestSuiteMainPhase(TestSuiteExecutor.java:142)
	at com.kms.katalon.core.main.TestSuiteExecutor.execute(TestSuiteExecutor.java:91)
	at com.kms.katalon.core.main.TestCaseMain.startTestSuite(TestCaseMain.java:157)
	at com.kms.katalon.core.main.TestCaseMain$startTestSuite$0.call(Unknown Source)
	at TempTestSuite1576156939576.run(TempTestSuite1576156939576.groovy:36)
Caused by: org.openqa.selenium.NoSuchSessionException: Tried to run command without establishing a connection
Build info: version: '3.141.59', revision: 'e82be7d358', time: '2018-11-14T08:25:53'
System info: host: 'leonardoarkusmty-Inspiron-5577', ip: '127.0.1.1', os.name: 'Linux', os.arch: 'amd64', os.version: '4.15.0-72-generic', java.version: '1.8.0_222'
Driver info: com.kms.katalon.core.webui.driver.firefox.CGeckoDriver
Capabilities {acceptInsecureCerts: true, browserName: firefox, browserVersion: 70.0.1, javascriptEnabled: true, moz:accessibilityChecks: false, moz:buildID: 20191031062442, moz:geckodriverVersion: 0.23.0, moz:headless: false, moz:processID: 26824, moz:profile: /tmp/rust_mozprofile.E43MBZ..., moz:shutdownTimeout: 60000, moz:useNonSpecCompliantPointerOrigin: false, moz:webdriverClick: true, pageLoadStrategy: normal, platform: LINUX, platformName: LINUX, platformVersion: 4.15.0-72-generic, proxy: Proxy(direct), rotatable: false, setWindowRect: true, strictFileInteractability: false, timeouts: {implicit: 0, pageLoad: 300000, script: 30000}, unhandledPromptBehavior: dismiss and notify}
Session ID: b42590ae-fc58-4164-b28d-8138d39090b1
*** Element info: {Using=xpath, value=//input[@name='email']}
	at org.openqa.selenium.remote.http.W3CHttpResponseCodec.createException(W3CHttpResponseCodec.java:187)
	at org.openqa.selenium.remote.http.W3CHttpResponseCodec.decode(W3CHttpResponseCodec.java:122)
	at org.openqa.selenium.remote.http.W3CHttpResponseCodec.decode(W3CHttpResponseCodec.java:49)
	at org.openqa.selenium.remote.HttpCommandExecutor.execute(HttpCommandExecutor.java:158)
	at org.openqa.selenium.remote.service.DriverCommandExecutor.execute(DriverCommandExecutor.java:83)
	at org.openqa.selenium.remote.RemoteWebDriver.execute(RemoteWebDriver.java:552)
	at com.kms.katalon.selenium.driver.CFirefoxDriver.execute(CFirefoxDriver.java:27)
	at org.openqa.selenium.remote.RemoteWebDriver.findElements(RemoteWebDriver.java:353)
	at org.openqa.selenium.remote.RemoteWebDriver.findElementsByXPath(RemoteWebDriver.java:432)
	at org.openqa.selenium.By$ByXPath.findElements(By.java:348)
	at org.openqa.selenium.remote.RemoteWebDriver.findElements(RemoteWebDriver.java:311)
	at org.openqa.selenium.support.events.EventFiringWebDriver.lambda$new$1(EventFiringWebDriver.java:105)
	at com.sun.proxy.$Proxy8.findElements(Unknown Source)
	at org.openqa.selenium.support.events.EventFiringWebDriver.findElements(EventFiringWebDriver.java:182)
	at com.kms.katalon.core.webui.common.WebUiCommonHelper.findWebElements(WebUiCommonHelper.java:762)
	at com.kms.katalon.core.webui.common.WebUiCommonHelper.findWebElement(WebUiCommonHelper.java:1109)
	at com.kms.katalon.core.webui.keyword.internal.WebUIAbstractKeyword.findWebElement(WebUIAbstractKeyword.groovy:27)
	at com.kms.katalon.core.webui.keyword.internal.WebUIAbstractKeyword.findWebElement(WebUIAbstractKeyword.groovy:26)
	at com.kms.katalon.core.webui.keyword.builtin.SetTextKeyword$_setText_closure1.doCall(SetTextKeyword.groovy:51)
	at com.kms.katalon.core.webui.keyword.builtin.SetTextKeyword$_setText_closure1.call(SetTextKeyword.groovy)
	at com.kms.katalon.core.webui.keyword.internal.WebUIKeywordMain.runKeyword(WebUIKeywordMain.groovy:20)
	... 19 more
"/>
         <system-out><![CDATA[2019-12-12 07:30:51 - [TEST_CASE][FAILED] - Test Cases/p4p_newReservation: Test Cases/p4p_newReservation FAILED.
Reason:
com.kms.katalon.core.exception.StepFailedException: Unable to set text 'jegchavez@gmail.com' of object 'Object Repository/object_login/input_user'
	at com.kms.katalon.core.webui.keyword.internal.WebUIKeywordMain.stepFailed(WebUIKeywordMain.groovy:64)
	at com.kms.katalon.core.webui.keyword.internal.WebUIKeywordMain.runKeyword(WebUIKeywordMain.groovy:26)
	at com.kms.katalon.core.webui.keyword.builtin.SetTextKeyword.setText(SetTextKeyword.groovy:66)
	at com.kms.katalon.core.webui.keyword.builtin.SetTextKeyword.execute(SetTextKeyword.groovy:37)
	at com.kms.katalon.core.keyword.internal.KeywordExecutor.executeKeywordForPlatform(KeywordExecutor.groovy:60)
	at com.kms.katalon.core.webui.keyword.WebUiBuiltInKeywords.setText(WebUiBuiltInKeywords.groovy:950)
	at com.kms.katalon.core.webui.keyword.WebUiBuiltInKeywords$setText$0.call(Unknown Source)
	at p4p_newReservation.run(p4p_newReservation:32)
	at com.kms.katalon.core.main.ScriptEngine.run(ScriptEngine.java:194)
	at com.kms.katalon.core.main.ScriptEngine.runScriptAsRawText(ScriptEngine.java:119)
	at com.kms.katalon.core.main.TestCaseExecutor.runScript(TestCaseExecutor.java:337)
	at com.kms.katalon.core.main.TestCaseExecutor.doExecute(TestCaseExecutor.java:328)
	at com.kms.katalon.core.main.TestCaseExecutor.processExecutionPhase(TestCaseExecutor.java:307)
	at com.kms.katalon.core.main.TestCaseExecutor.accessMainPhase(TestCaseExecutor.java:299)
	at com.kms.katalon.core.main.TestCaseExecutor.execute(TestCaseExecutor.java:233)
	at com.kms.katalon.core.main.TestSuiteExecutor.accessTestCaseMainPhase(TestSuiteExecutor.java:169)
	at com.kms.katalon.core.main.TestSuiteExecutor.accessTestSuiteMainPhase(TestSuiteExecutor.java:142)
	at com.kms.katalon.core.main.TestSuiteExecutor.execute(TestSuiteExecutor.java:91)
	at com.kms.katalon.core.main.TestCaseMain.startTestSuite(TestCaseMain.java:157)
	at com.kms.katalon.core.main.TestCaseMain$startTestSuite$0.call(Unknown Source)
	at TempTestSuite1576156939576.run(TempTestSuite1576156939576.groovy:36)
Caused by: org.openqa.selenium.NoSuchSessionException: Tried to run command without establishing a connection
Build info: version: '3.141.59', revision: 'e82be7d358', time: '2018-11-14T08:25:53'
System info: host: 'leonardoarkusmty-Inspiron-5577', ip: '127.0.1.1', os.name: 'Linux', os.arch: 'amd64', os.version: '4.15.0-72-generic', java.version: '1.8.0_222'
Driver info: com.kms.katalon.core.webui.driver.firefox.CGeckoDriver
Capabilities {acceptInsecureCerts: true, browserName: firefox, browserVersion: 70.0.1, javascriptEnabled: true, moz:accessibilityChecks: false, moz:buildID: 20191031062442, moz:geckodriverVersion: 0.23.0, moz:headless: false, moz:processID: 26824, moz:profile: /tmp/rust_mozprofile.E43MBZ..., moz:shutdownTimeout: 60000, moz:useNonSpecCompliantPointerOrigin: false, moz:webdriverClick: true, pageLoadStrategy: normal, platform: LINUX, platformName: LINUX, platformVersion: 4.15.0-72-generic, proxy: Proxy(direct), rotatable: false, setWindowRect: true, strictFileInteractability: false, timeouts: {implicit: 0, pageLoad: 300000, script: 30000}, unhandledPromptBehavior: dismiss and notify}
Session ID: b42590ae-fc58-4164-b28d-8138d39090b1
*** Element info: {Using=xpath, value=//input[@name='email']}
	at org.openqa.selenium.remote.http.W3CHttpResponseCodec.createException(W3CHttpResponseCodec.java:187)
	at org.openqa.selenium.remote.http.W3CHttpResponseCodec.decode(W3CHttpResponseCodec.java:122)
	at org.openqa.selenium.remote.http.W3CHttpResponseCodec.decode(W3CHttpResponseCodec.java:49)
	at org.openqa.selenium.remote.HttpCommandExecutor.execute(HttpCommandExecutor.java:158)
	at org.openqa.selenium.remote.service.DriverCommandExecutor.execute(DriverCommandExecutor.java:83)
	at org.openqa.selenium.remote.RemoteWebDriver.execute(RemoteWebDriver.java:552)
	at com.kms.katalon.selenium.driver.CFirefoxDriver.execute(CFirefoxDriver.java:27)
	at org.openqa.selenium.remote.RemoteWebDriver.findElements(RemoteWebDriver.java:353)
	at org.openqa.selenium.remote.RemoteWebDriver.findElementsByXPath(RemoteWebDriver.java:432)
	at org.openqa.selenium.By$ByXPath.findElements(By.java:348)
	at org.openqa.selenium.remote.RemoteWebDriver.findElements(RemoteWebDriver.java:311)
	at org.openqa.selenium.support.events.EventFiringWebDriver.lambda$new$1(EventFiringWebDriver.java:105)
	at com.sun.proxy.$Proxy8.findElements(Unknown Source)
	at org.openqa.selenium.support.events.EventFiringWebDriver.findElements(EventFiringWebDriver.java:182)
	at com.kms.katalon.core.webui.common.WebUiCommonHelper.findWebElements(WebUiCommonHelper.java:762)
	at com.kms.katalon.core.webui.common.WebUiCommonHelper.findWebElement(WebUiCommonHelper.java:1109)
	at com.kms.katalon.core.webui.keyword.internal.WebUIAbstractKeyword.findWebElement(WebUIAbstractKeyword.groovy:27)
	at com.kms.katalon.core.webui.keyword.internal.WebUIAbstractKeyword.findWebElement(WebUIAbstractKeyword.groovy:26)
	at com.kms.katalon.core.webui.keyword.builtin.SetTextKeyword$_setText_closure1.doCall(SetTextKeyword.groovy:51)
	at com.kms.katalon.core.webui.keyword.builtin.SetTextKeyword$_setText_closure1.call(SetTextKeyword.groovy)
	at com.kms.katalon.core.webui.keyword.internal.WebUIKeywordMain.runKeyword(WebUIKeywordMain.groovy:20)
	... 19 more


2019-12-12 07:30:51 - [TEST_STEP][PASSED] - openBrowser("https://p4p-qa-bg.aws.paradise4paws.com/login/"): Browser is opened with url: 'https://p4p-qa-bg.aws.paradise4paws.com/login/'

2019-12-12 07:30:51 - [MESSAGE][INFO] - Starting 'Firefox' driver

2019-12-12 07:30:55 - [MESSAGE][PASSED] - Browser is opened with url: 'https://p4p-qa-bg.aws.paradise4paws.com/login/'

2019-12-12 07:30:55 - [TEST_STEP][FAILED] - setText(findTestObject("Object Repository/object_login/input_user"), var_user): Unable to set text 'jegchavez@gmail.com' of object 'Object Repository/object_login/input_user' (Root cause: com.kms.katalon.core.exception.StepFailedException: Unable to set text 'jegchavez@gmail.com' of object 'Object Repository/object_login/input_user'
	at com.kms.katalon.core.webui.keyword.internal.WebUIKeywordMain.stepFailed(WebUIKeywordMain.groovy:64)
	at com.kms.katalon.core.webui.keyword.internal.WebUIKeywordMain.runKeyword(WebUIKeywordMain.groovy:26)
	at com.kms.katalon.core.webui.keyword.builtin.SetTextKeyword.setText(SetTextKeyword.groovy:66)
	at com.kms.katalon.core.webui.keyword.builtin.SetTextKeyword.execute(SetTextKeyword.groovy:37)
	at com.kms.katalon.core.keyword.internal.KeywordExecutor.executeKeywordForPlatform(KeywordExecutor.groovy:60)
	at com.kms.katalon.core.webui.keyword.WebUiBuiltInKeywords.setText(WebUiBuiltInKeywords.groovy:950)
	at com.kms.katalon.core.webui.keyword.WebUiBuiltInKeywords$setText$0.call(Unknown Source)
	at p4p_newReservation.run(p4p_newReservation:32)
	at com.kms.katalon.core.main.ScriptEngine.run(ScriptEngine.java:194)
	at com.kms.katalon.core.main.ScriptEngine.runScriptAsRawText(ScriptEngine.java:119)
	at com.kms.katalon.core.main.TestCaseExecutor.runScript(TestCaseExecutor.java:337)
	at com.kms.katalon.core.main.TestCaseExecutor.doExecute(TestCaseExecutor.java:328)
	at com.kms.katalon.core.main.TestCaseExecutor.processExecutionPhase(TestCaseExecutor.java:307)
	at com.kms.katalon.core.main.TestCaseExecutor.accessMainPhase(TestCaseExecutor.java:299)
	at com.kms.katalon.core.main.TestCaseExecutor.execute(TestCaseExecutor.java:233)
	at com.kms.katalon.core.main.TestSuiteExecutor.accessTestCaseMainPhase(TestSuiteExecutor.java:169)
	at com.kms.katalon.core.main.TestSuiteExecutor.accessTestSuiteMainPhase(TestSuiteExecutor.java:142)
	at com.kms.katalon.core.main.TestSuiteExecutor.execute(TestSuiteExecutor.java:91)
	at com.kms.katalon.core.main.TestCaseMain.startTestSuite(TestCaseMain.java:157)
	at com.kms.katalon.core.main.TestCaseMain$startTestSuite$0.call(Unknown Source)
	at TempTestSuite1576156939576.run(TempTestSuite1576156939576.groovy:36)
Caused by: org.openqa.selenium.NoSuchSessionException: Tried to run command without establishing a connection
Build info: version: '3.141.59', revision: 'e82be7d358', time: '2018-11-14T08:25:53'
System info: host: 'leonardoarkusmty-Inspiron-5577', ip: '127.0.1.1', os.name: 'Linux', os.arch: 'amd64', os.version: '4.15.0-72-generic', java.version: '1.8.0_222'
Driver info: com.kms.katalon.core.webui.driver.firefox.CGeckoDriver
Capabilities {acceptInsecureCerts: true, browserName: firefox, browserVersion: 70.0.1, javascriptEnabled: true, moz:accessibilityChecks: false, moz:buildID: 20191031062442, moz:geckodriverVersion: 0.23.0, moz:headless: false, moz:processID: 26824, moz:profile: /tmp/rust_mozprofile.E43MBZ..., moz:shutdownTimeout: 60000, moz:useNonSpecCompliantPointerOrigin: false, moz:webdriverClick: true, pageLoadStrategy: normal, platform: LINUX, platformName: LINUX, platformVersion: 4.15.0-72-generic, proxy: Proxy(direct), rotatable: false, setWindowRect: true, strictFileInteractability: false, timeouts: {implicit: 0, pageLoad: 300000, script: 30000}, unhandledPromptBehavior: dismiss and notify}
Session ID: b42590ae-fc58-4164-b28d-8138d39090b1
*** Element info: {Using=xpath, value=//input[@name='email']}
	at org.openqa.selenium.remote.http.W3CHttpResponseCodec.createException(W3CHttpResponseCodec.java:187)
	at org.openqa.selenium.remote.http.W3CHttpResponseCodec.decode(W3CHttpResponseCodec.java:122)
	at org.openqa.selenium.remote.http.W3CHttpResponseCodec.decode(W3CHttpResponseCodec.java:49)
	at org.openqa.selenium.remote.HttpCommandExecutor.execute(HttpCommandExecutor.java:158)
	at org.openqa.selenium.remote.service.DriverCommandExecutor.execute(DriverCommandExecutor.java:83)
	at org.openqa.selenium.remote.RemoteWebDriver.execute(RemoteWebDriver.java:552)
	at com.kms.katalon.selenium.driver.CFirefoxDriver.execute(CFirefoxDriver.java:27)
	at org.openqa.selenium.remote.RemoteWebDriver.findElements(RemoteWebDriver.java:353)
	at org.openqa.selenium.remote.RemoteWebDriver.findElementsByXPath(RemoteWebDriver.java:432)
	at org.openqa.selenium.By$ByXPath.findElements(By.java:348)
	at org.openqa.selenium.remote.RemoteWebDriver.findElements(RemoteWebDriver.java:311)
	at org.openqa.selenium.support.events.EventFiringWebDriver.lambda$new$1(EventFiringWebDriver.java:105)
	at com.sun.proxy.$Proxy8.findElements(Unknown Source)
	at org.openqa.selenium.support.events.EventFiringWebDriver.findElements(EventFiringWebDriver.java:182)
	at com.kms.katalon.core.webui.common.WebUiCommonHelper.findWebElements(WebUiCommonHelper.java:762)
	at com.kms.katalon.core.webui.common.WebUiCommonHelper.findWebElement(WebUiCommonHelper.java:1109)
	at com.kms.katalon.core.webui.keyword.internal.WebUIAbstractKeyword.findWebElement(WebUIAbstractKeyword.groovy:27)
	at com.kms.katalon.core.webui.keyword.internal.WebUIAbstractKeyword.findWebElement(WebUIAbstractKeyword.groovy:26)
	at com.kms.katalon.core.webui.keyword.builtin.SetTextKeyword$_setText_closure1.doCall(SetTextKeyword.groovy:51)
	at com.kms.katalon.core.webui.keyword.builtin.SetTextKeyword$_setText_closure1.call(SetTextKeyword.groovy)
	at com.kms.katalon.core.webui.keyword.internal.WebUIKeywordMain.runKeyword(WebUIKeywordMain.groovy:20)
	at com.kms.katalon.core.webui.keyword.builtin.SetTextKeyword.setText(SetTextKeyword.groovy:66)
	at com.kms.katalon.core.webui.keyword.builtin.SetTextKeyword.execute(SetTextKeyword.groovy:37)
	at com.kms.katalon.core.keyword.internal.KeywordExecutor.executeKeywordForPlatform(KeywordExecutor.groovy:60)
	at com.kms.katalon.core.webui.keyword.WebUiBuiltInKeywords.setText(WebUiBuiltInKeywords.groovy:950)
	at com.kms.katalon.core.webui.keyword.WebUiBuiltInKeywords$setText$0.call(Unknown Source)
	at Script1574443748278.run(Script1574443748278.groovy:32)
	... 13 more
)

2019-12-12 07:31:03 - [MESSAGE][WARNING] - Cannot take screenshot

2019-12-12 07:31:03 - [MESSAGE][FAILED] - Unable to set text 'jegchavez@gmail.com' of object 'Object Repository/object_login/input_user' (Root cause: com.kms.katalon.core.exception.StepFailedException: Unable to set text 'jegchavez@gmail.com' of object 'Object Repository/object_login/input_user'
	at com.kms.katalon.core.webui.keyword.internal.WebUIKeywordMain.stepFailed(WebUIKeywordMain.groovy:64)
	at com.kms.katalon.core.webui.keyword.internal.WebUIKeywordMain.runKeyword(WebUIKeywordMain.groovy:26)
	at com.kms.katalon.core.webui.keyword.builtin.SetTextKeyword.setText(SetTextKeyword.groovy:66)
	at com.kms.katalon.core.webui.keyword.builtin.SetTextKeyword.execute(SetTextKeyword.groovy:37)
	at com.kms.katalon.core.keyword.internal.KeywordExecutor.executeKeywordForPlatform(KeywordExecutor.groovy:60)
	at com.kms.katalon.core.webui.keyword.WebUiBuiltInKeywords.setText(WebUiBuiltInKeywords.groovy:950)
	at com.kms.katalon.core.webui.keyword.WebUiBuiltInKeywords$setText$0.call(Unknown Source)
	at p4p_newReservation.run(p4p_newReservation:32)
	at com.kms.katalon.core.main.ScriptEngine.run(ScriptEngine.java:194)
	at com.kms.katalon.core.main.ScriptEngine.runScriptAsRawText(ScriptEngine.java:119)
	at com.kms.katalon.core.main.TestCaseExecutor.runScript(TestCaseExecutor.java:337)
	at com.kms.katalon.core.main.TestCaseExecutor.doExecute(TestCaseExecutor.java:328)
	at com.kms.katalon.core.main.TestCaseExecutor.processExecutionPhase(TestCaseExecutor.java:307)
	at com.kms.katalon.core.main.TestCaseExecutor.accessMainPhase(TestCaseExecutor.java:299)
	at com.kms.katalon.core.main.TestCaseExecutor.execute(TestCaseExecutor.java:233)
	at com.kms.katalon.core.main.TestSuiteExecutor.accessTestCaseMainPhase(TestSuiteExecutor.java:169)
	at com.kms.katalon.core.main.TestSuiteExecutor.accessTestSuiteMainPhase(TestSuiteExecutor.java:142)
	at com.kms.katalon.core.main.TestSuiteExecutor.execute(TestSuiteExecutor.java:91)
	at com.kms.katalon.core.main.TestCaseMain.startTestSuite(TestCaseMain.java:157)
	at com.kms.katalon.core.main.TestCaseMain$startTestSuite$0.call(Unknown Source)
	at TempTestSuite1576156939576.run(TempTestSuite1576156939576.groovy:36)
Caused by: org.openqa.selenium.NoSuchSessionException: Tried to run command without establishing a connection
Build info: version: '3.141.59', revision: 'e82be7d358', time: '2018-11-14T08:25:53'
System info: host: 'leonardoarkusmty-Inspiron-5577', ip: '127.0.1.1', os.name: 'Linux', os.arch: 'amd64', os.version: '4.15.0-72-generic', java.version: '1.8.0_222'
Driver info: com.kms.katalon.core.webui.driver.firefox.CGeckoDriver
Capabilities {acceptInsecureCerts: true, browserName: firefox, browserVersion: 70.0.1, javascriptEnabled: true, moz:accessibilityChecks: false, moz:buildID: 20191031062442, moz:geckodriverVersion: 0.23.0, moz:headless: false, moz:processID: 26824, moz:profile: /tmp/rust_mozprofile.E43MBZ..., moz:shutdownTimeout: 60000, moz:useNonSpecCompliantPointerOrigin: false, moz:webdriverClick: true, pageLoadStrategy: normal, platform: LINUX, platformName: LINUX, platformVersion: 4.15.0-72-generic, proxy: Proxy(direct), rotatable: false, setWindowRect: true, strictFileInteractability: false, timeouts: {implicit: 0, pageLoad: 300000, script: 30000}, unhandledPromptBehavior: dismiss and notify}
Session ID: b42590ae-fc58-4164-b28d-8138d39090b1
*** Element info: {Using=xpath, value=//input[@name='email']}
	at org.openqa.selenium.remote.http.W3CHttpResponseCodec.createException(W3CHttpResponseCodec.java:187)
	at org.openqa.selenium.remote.http.W3CHttpResponseCodec.decode(W3CHttpResponseCodec.java:122)
	at org.openqa.selenium.remote.http.W3CHttpResponseCodec.decode(W3CHttpResponseCodec.java:49)
	at org.openqa.selenium.remote.HttpCommandExecutor.execute(HttpCommandExecutor.java:158)
	at org.openqa.selenium.remote.service.DriverCommandExecutor.execute(DriverCommandExecutor.java:83)
	at org.openqa.selenium.remote.RemoteWebDriver.execute(RemoteWebDriver.java:552)
	at com.kms.katalon.selenium.driver.CFirefoxDriver.execute(CFirefoxDriver.java:27)
	at org.openqa.selenium.remote.RemoteWebDriver.findElements(RemoteWebDriver.java:353)
	at org.openqa.selenium.remote.RemoteWebDriver.findElementsByXPath(RemoteWebDriver.java:432)
	at org.openqa.selenium.By$ByXPath.findElements(By.java:348)
	at org.openqa.selenium.remote.RemoteWebDriver.findElements(RemoteWebDriver.java:311)
	at org.openqa.selenium.support.events.EventFiringWebDriver.lambda$new$1(EventFiringWebDriver.java:105)
	at com.sun.proxy.$Proxy8.findElements(Unknown Source)
	at org.openqa.selenium.support.events.EventFiringWebDriver.findElements(EventFiringWebDriver.java:182)
	at com.kms.katalon.core.webui.common.WebUiCommonHelper.findWebElements(WebUiCommonHelper.java:762)
	at com.kms.katalon.core.webui.common.WebUiCommonHelper.findWebElement(WebUiCommonHelper.java:1109)
	at com.kms.katalon.core.webui.keyword.internal.WebUIAbstractKeyword.findWebElement(WebUIAbstractKeyword.groovy:27)
	at com.kms.katalon.core.webui.keyword.internal.WebUIAbstractKeyword.findWebElement(WebUIAbstractKeyword.groovy:26)
	at com.kms.katalon.core.webui.keyword.builtin.SetTextKeyword$_setText_closure1.doCall(SetTextKeyword.groovy:51)
	at com.kms.katalon.core.webui.keyword.builtin.SetTextKeyword$_setText_closure1.call(SetTextKeyword.groovy)
	at com.kms.katalon.core.webui.keyword.internal.WebUIKeywordMain.runKeyword(WebUIKeywordMain.groovy:20)
	at com.kms.katalon.core.webui.keyword.builtin.SetTextKeyword.setText(SetTextKeyword.groovy:66)
	at com.kms.katalon.core.webui.keyword.builtin.SetTextKeyword.execute(SetTextKeyword.groovy:37)
	at com.kms.katalon.core.keyword.internal.KeywordExecutor.executeKeywordForPlatform(KeywordExecutor.groovy:60)
	at com.kms.katalon.core.webui.keyword.WebUiBuiltInKeywords.setText(WebUiBuiltInKeywords.groovy:950)
	at com.kms.katalon.core.webui.keyword.WebUiBuiltInKeywords$setText$0.call(Unknown Source)
	at Script1574443748278.run(Script1574443748278.groovy:32)
	... 13 more
)]]></system-out>
         <system-err><![CDATA[2019-12-12 07:30:51 - [TEST_CASE][FAILED] - Test Cases/p4p_newReservation: Test Cases/p4p_newReservation FAILED.
Reason:
com.kms.katalon.core.exception.StepFailedException: Unable to set text 'jegchavez@gmail.com' of object 'Object Repository/object_login/input_user'
	at com.kms.katalon.core.webui.keyword.internal.WebUIKeywordMain.stepFailed(WebUIKeywordMain.groovy:64)
	at com.kms.katalon.core.webui.keyword.internal.WebUIKeywordMain.runKeyword(WebUIKeywordMain.groovy:26)
	at com.kms.katalon.core.webui.keyword.builtin.SetTextKeyword.setText(SetTextKeyword.groovy:66)
	at com.kms.katalon.core.webui.keyword.builtin.SetTextKeyword.execute(SetTextKeyword.groovy:37)
	at com.kms.katalon.core.keyword.internal.KeywordExecutor.executeKeywordForPlatform(KeywordExecutor.groovy:60)
	at com.kms.katalon.core.webui.keyword.WebUiBuiltInKeywords.setText(WebUiBuiltInKeywords.groovy:950)
	at com.kms.katalon.core.webui.keyword.WebUiBuiltInKeywords$setText$0.call(Unknown Source)
	at p4p_newReservation.run(p4p_newReservation:32)
	at com.kms.katalon.core.main.ScriptEngine.run(ScriptEngine.java:194)
	at com.kms.katalon.core.main.ScriptEngine.runScriptAsRawText(ScriptEngine.java:119)
	at com.kms.katalon.core.main.TestCaseExecutor.runScript(TestCaseExecutor.java:337)
	at com.kms.katalon.core.main.TestCaseExecutor.doExecute(TestCaseExecutor.java:328)
	at com.kms.katalon.core.main.TestCaseExecutor.processExecutionPhase(TestCaseExecutor.java:307)
	at com.kms.katalon.core.main.TestCaseExecutor.accessMainPhase(TestCaseExecutor.java:299)
	at com.kms.katalon.core.main.TestCaseExecutor.execute(TestCaseExecutor.java:233)
	at com.kms.katalon.core.main.TestSuiteExecutor.accessTestCaseMainPhase(TestSuiteExecutor.java:169)
	at com.kms.katalon.core.main.TestSuiteExecutor.accessTestSuiteMainPhase(TestSuiteExecutor.java:142)
	at com.kms.katalon.core.main.TestSuiteExecutor.execute(TestSuiteExecutor.java:91)
	at com.kms.katalon.core.main.TestCaseMain.startTestSuite(TestCaseMain.java:157)
	at com.kms.katalon.core.main.TestCaseMain$startTestSuite$0.call(Unknown Source)
	at TempTestSuite1576156939576.run(TempTestSuite1576156939576.groovy:36)
Caused by: org.openqa.selenium.NoSuchSessionException: Tried to run command without establishing a connection
Build info: version: '3.141.59', revision: 'e82be7d358', time: '2018-11-14T08:25:53'
System info: host: 'leonardoarkusmty-Inspiron-5577', ip: '127.0.1.1', os.name: 'Linux', os.arch: 'amd64', os.version: '4.15.0-72-generic', java.version: '1.8.0_222'
Driver info: com.kms.katalon.core.webui.driver.firefox.CGeckoDriver
Capabilities {acceptInsecureCerts: true, browserName: firefox, browserVersion: 70.0.1, javascriptEnabled: true, moz:accessibilityChecks: false, moz:buildID: 20191031062442, moz:geckodriverVersion: 0.23.0, moz:headless: false, moz:processID: 26824, moz:profile: /tmp/rust_mozprofile.E43MBZ..., moz:shutdownTimeout: 60000, moz:useNonSpecCompliantPointerOrigin: false, moz:webdriverClick: true, pageLoadStrategy: normal, platform: LINUX, platformName: LINUX, platformVersion: 4.15.0-72-generic, proxy: Proxy(direct), rotatable: false, setWindowRect: true, strictFileInteractability: false, timeouts: {implicit: 0, pageLoad: 300000, script: 30000}, unhandledPromptBehavior: dismiss and notify}
Session ID: b42590ae-fc58-4164-b28d-8138d39090b1
*** Element info: {Using=xpath, value=//input[@name='email']}
	at org.openqa.selenium.remote.http.W3CHttpResponseCodec.createException(W3CHttpResponseCodec.java:187)
	at org.openqa.selenium.remote.http.W3CHttpResponseCodec.decode(W3CHttpResponseCodec.java:122)
	at org.openqa.selenium.remote.http.W3CHttpResponseCodec.decode(W3CHttpResponseCodec.java:49)
	at org.openqa.selenium.remote.HttpCommandExecutor.execute(HttpCommandExecutor.java:158)
	at org.openqa.selenium.remote.service.DriverCommandExecutor.execute(DriverCommandExecutor.java:83)
	at org.openqa.selenium.remote.RemoteWebDriver.execute(RemoteWebDriver.java:552)
	at com.kms.katalon.selenium.driver.CFirefoxDriver.execute(CFirefoxDriver.java:27)
	at org.openqa.selenium.remote.RemoteWebDriver.findElements(RemoteWebDriver.java:353)
	at org.openqa.selenium.remote.RemoteWebDriver.findElementsByXPath(RemoteWebDriver.java:432)
	at org.openqa.selenium.By$ByXPath.findElements(By.java:348)
	at org.openqa.selenium.remote.RemoteWebDriver.findElements(RemoteWebDriver.java:311)
	at org.openqa.selenium.support.events.EventFiringWebDriver.lambda$new$1(EventFiringWebDriver.java:105)
	at com.sun.proxy.$Proxy8.findElements(Unknown Source)
	at org.openqa.selenium.support.events.EventFiringWebDriver.findElements(EventFiringWebDriver.java:182)
	at com.kms.katalon.core.webui.common.WebUiCommonHelper.findWebElements(WebUiCommonHelper.java:762)
	at com.kms.katalon.core.webui.common.WebUiCommonHelper.findWebElement(WebUiCommonHelper.java:1109)
	at com.kms.katalon.core.webui.keyword.internal.WebUIAbstractKeyword.findWebElement(WebUIAbstractKeyword.groovy:27)
	at com.kms.katalon.core.webui.keyword.internal.WebUIAbstractKeyword.findWebElement(WebUIAbstractKeyword.groovy:26)
	at com.kms.katalon.core.webui.keyword.builtin.SetTextKeyword$_setText_closure1.doCall(SetTextKeyword.groovy:51)
	at com.kms.katalon.core.webui.keyword.builtin.SetTextKeyword$_setText_closure1.call(SetTextKeyword.groovy)
	at com.kms.katalon.core.webui.keyword.internal.WebUIKeywordMain.runKeyword(WebUIKeywordMain.groovy:20)
	... 19 more]]></system-err>
      </testcase>
      <testcase name="Test Cases/p4p_newReservation" time="0.093" classname="Test Cases/p4p_newReservation" status="FAILED">
         <failure type="FAILED" message="Test Cases/p4p_newReservation FAILED.
Reason:
com.kms.katalon.core.exception.StepFailedException: Unable to open browser with url: 'https://p4p-qa-bg.aws.paradise4paws.com/login/'
	at com.kms.katalon.core.webui.keyword.internal.WebUIKeywordMain.stepFailed(WebUIKeywordMain.groovy:64)
	at com.kms.katalon.core.webui.keyword.internal.WebUIKeywordMain.runKeyword(WebUIKeywordMain.groovy:26)
	at com.kms.katalon.core.webui.keyword.builtin.OpenBrowserKeyword.openBrowser(OpenBrowserKeyword.groovy:81)
	at com.kms.katalon.core.webui.keyword.builtin.OpenBrowserKeyword.execute(OpenBrowserKeyword.groovy:67)
	at com.kms.katalon.core.keyword.internal.KeywordExecutor.executeKeywordForPlatform(KeywordExecutor.groovy:60)
	at com.kms.katalon.core.webui.keyword.WebUiBuiltInKeywords.openBrowser(WebUiBuiltInKeywords.groovy:60)
	at com.kms.katalon.core.webui.keyword.WebUiBuiltInKeywords$openBrowser.call(Unknown Source)
	at p4p_newReservation.run(p4p_newReservation:30)
	at com.kms.katalon.core.main.ScriptEngine.run(ScriptEngine.java:194)
	at com.kms.katalon.core.main.ScriptEngine.runScriptAsRawText(ScriptEngine.java:119)
	at com.kms.katalon.core.main.TestCaseExecutor.runScript(TestCaseExecutor.java:337)
	at com.kms.katalon.core.main.TestCaseExecutor.doExecute(TestCaseExecutor.java:328)
	at com.kms.katalon.core.main.TestCaseExecutor.processExecutionPhase(TestCaseExecutor.java:307)
	at com.kms.katalon.core.main.TestCaseExecutor.accessMainPhase(TestCaseExecutor.java:299)
	at com.kms.katalon.core.main.TestCaseExecutor.execute(TestCaseExecutor.java:233)
	at com.kms.katalon.core.main.TestSuiteExecutor.accessTestCaseMainPhase(TestSuiteExecutor.java:169)
	at com.kms.katalon.core.main.TestSuiteExecutor.accessTestSuiteMainPhase(TestSuiteExecutor.java:142)
	at com.kms.katalon.core.main.TestSuiteExecutor.execute(TestSuiteExecutor.java:91)
	at com.kms.katalon.core.main.TestCaseMain.startTestSuite(TestCaseMain.java:157)
	at com.kms.katalon.core.main.TestCaseMain$startTestSuite$0.call(Unknown Source)
	at TempTestSuite1576156939576.run(TempTestSuite1576156939576.groovy:36)
Caused by: org.openqa.selenium.NoSuchSessionException: Tried to run command without establishing a connection
Build info: version: '3.141.59', revision: 'e82be7d358', time: '2018-11-14T08:25:53'
System info: host: 'leonardoarkusmty-Inspiron-5577', ip: '127.0.1.1', os.name: 'Linux', os.arch: 'amd64', os.version: '4.15.0-72-generic', java.version: '1.8.0_222'
Driver info: com.kms.katalon.core.webui.driver.firefox.CGeckoDriver
Capabilities {acceptInsecureCerts: true, browserName: firefox, browserVersion: 70.0.1, javascriptEnabled: true, moz:accessibilityChecks: false, moz:buildID: 20191031062442, moz:geckodriverVersion: 0.23.0, moz:headless: false, moz:processID: 26824, moz:profile: /tmp/rust_mozprofile.E43MBZ..., moz:shutdownTimeout: 60000, moz:useNonSpecCompliantPointerOrigin: false, moz:webdriverClick: true, pageLoadStrategy: normal, platform: LINUX, platformName: LINUX, platformVersion: 4.15.0-72-generic, proxy: Proxy(direct), rotatable: false, setWindowRect: true, strictFileInteractability: false, timeouts: {implicit: 0, pageLoad: 300000, script: 30000}, unhandledPromptBehavior: dismiss and notify}
Session ID: b42590ae-fc58-4164-b28d-8138d39090b1
	at org.openqa.selenium.remote.http.W3CHttpResponseCodec.createException(W3CHttpResponseCodec.java:187)
	at org.openqa.selenium.remote.http.W3CHttpResponseCodec.decode(W3CHttpResponseCodec.java:122)
	at org.openqa.selenium.remote.http.W3CHttpResponseCodec.decode(W3CHttpResponseCodec.java:49)
	at org.openqa.selenium.remote.HttpCommandExecutor.execute(HttpCommandExecutor.java:158)
	at org.openqa.selenium.remote.service.DriverCommandExecutor.execute(DriverCommandExecutor.java:83)
	at org.openqa.selenium.remote.RemoteWebDriver.execute(RemoteWebDriver.java:552)
	at com.kms.katalon.selenium.driver.CFirefoxDriver.execute(CFirefoxDriver.java:27)
	at org.openqa.selenium.remote.RemoteWebDriver.execute(RemoteWebDriver.java:609)
	at org.openqa.selenium.remote.RemoteWebDriver.quit(RemoteWebDriver.java:452)
	at org.openqa.selenium.support.events.EventFiringWebDriver.lambda$new$1(EventFiringWebDriver.java:105)
	at com.sun.proxy.$Proxy8.quit(Unknown Source)
	at org.openqa.selenium.support.events.EventFiringWebDriver.quit(EventFiringWebDriver.java:211)
	at com.kms.katalon.core.webui.driver.DriverFactory.closeWebDriver(DriverFactory.java:1247)
	at com.kms.katalon.core.webui.driver.DriverFactory.startNewBrowser(DriverFactory.java:284)
	at com.kms.katalon.core.webui.driver.DriverFactory.openWebDriver(DriverFactory.java:206)
	at com.kms.katalon.core.webui.keyword.builtin.OpenBrowserKeyword$_openBrowser_closure1.doCall(OpenBrowserKeyword.groovy:74)
	at com.kms.katalon.core.webui.keyword.builtin.OpenBrowserKeyword$_openBrowser_closure1.call(OpenBrowserKeyword.groovy)
	at com.kms.katalon.core.webui.keyword.internal.WebUIKeywordMain.runKeyword(WebUIKeywordMain.groovy:20)
	... 19 more
"/>
         <system-out><![CDATA[2019-12-12 07:31:03 - [TEST_CASE][FAILED] - Test Cases/p4p_newReservation: Test Cases/p4p_newReservation FAILED.
Reason:
com.kms.katalon.core.exception.StepFailedException: Unable to open browser with url: 'https://p4p-qa-bg.aws.paradise4paws.com/login/'
	at com.kms.katalon.core.webui.keyword.internal.WebUIKeywordMain.stepFailed(WebUIKeywordMain.groovy:64)
	at com.kms.katalon.core.webui.keyword.internal.WebUIKeywordMain.runKeyword(WebUIKeywordMain.groovy:26)
	at com.kms.katalon.core.webui.keyword.builtin.OpenBrowserKeyword.openBrowser(OpenBrowserKeyword.groovy:81)
	at com.kms.katalon.core.webui.keyword.builtin.OpenBrowserKeyword.execute(OpenBrowserKeyword.groovy:67)
	at com.kms.katalon.core.keyword.internal.KeywordExecutor.executeKeywordForPlatform(KeywordExecutor.groovy:60)
	at com.kms.katalon.core.webui.keyword.WebUiBuiltInKeywords.openBrowser(WebUiBuiltInKeywords.groovy:60)
	at com.kms.katalon.core.webui.keyword.WebUiBuiltInKeywords$openBrowser.call(Unknown Source)
	at p4p_newReservation.run(p4p_newReservation:30)
	at com.kms.katalon.core.main.ScriptEngine.run(ScriptEngine.java:194)
	at com.kms.katalon.core.main.ScriptEngine.runScriptAsRawText(ScriptEngine.java:119)
	at com.kms.katalon.core.main.TestCaseExecutor.runScript(TestCaseExecutor.java:337)
	at com.kms.katalon.core.main.TestCaseExecutor.doExecute(TestCaseExecutor.java:328)
	at com.kms.katalon.core.main.TestCaseExecutor.processExecutionPhase(TestCaseExecutor.java:307)
	at com.kms.katalon.core.main.TestCaseExecutor.accessMainPhase(TestCaseExecutor.java:299)
	at com.kms.katalon.core.main.TestCaseExecutor.execute(TestCaseExecutor.java:233)
	at com.kms.katalon.core.main.TestSuiteExecutor.accessTestCaseMainPhase(TestSuiteExecutor.java:169)
	at com.kms.katalon.core.main.TestSuiteExecutor.accessTestSuiteMainPhase(TestSuiteExecutor.java:142)
	at com.kms.katalon.core.main.TestSuiteExecutor.execute(TestSuiteExecutor.java:91)
	at com.kms.katalon.core.main.TestCaseMain.startTestSuite(TestCaseMain.java:157)
	at com.kms.katalon.core.main.TestCaseMain$startTestSuite$0.call(Unknown Source)
	at TempTestSuite1576156939576.run(TempTestSuite1576156939576.groovy:36)
Caused by: org.openqa.selenium.NoSuchSessionException: Tried to run command without establishing a connection
Build info: version: '3.141.59', revision: 'e82be7d358', time: '2018-11-14T08:25:53'
System info: host: 'leonardoarkusmty-Inspiron-5577', ip: '127.0.1.1', os.name: 'Linux', os.arch: 'amd64', os.version: '4.15.0-72-generic', java.version: '1.8.0_222'
Driver info: com.kms.katalon.core.webui.driver.firefox.CGeckoDriver
Capabilities {acceptInsecureCerts: true, browserName: firefox, browserVersion: 70.0.1, javascriptEnabled: true, moz:accessibilityChecks: false, moz:buildID: 20191031062442, moz:geckodriverVersion: 0.23.0, moz:headless: false, moz:processID: 26824, moz:profile: /tmp/rust_mozprofile.E43MBZ..., moz:shutdownTimeout: 60000, moz:useNonSpecCompliantPointerOrigin: false, moz:webdriverClick: true, pageLoadStrategy: normal, platform: LINUX, platformName: LINUX, platformVersion: 4.15.0-72-generic, proxy: Proxy(direct), rotatable: false, setWindowRect: true, strictFileInteractability: false, timeouts: {implicit: 0, pageLoad: 300000, script: 30000}, unhandledPromptBehavior: dismiss and notify}
Session ID: b42590ae-fc58-4164-b28d-8138d39090b1
	at org.openqa.selenium.remote.http.W3CHttpResponseCodec.createException(W3CHttpResponseCodec.java:187)
	at org.openqa.selenium.remote.http.W3CHttpResponseCodec.decode(W3CHttpResponseCodec.java:122)
	at org.openqa.selenium.remote.http.W3CHttpResponseCodec.decode(W3CHttpResponseCodec.java:49)
	at org.openqa.selenium.remote.HttpCommandExecutor.execute(HttpCommandExecutor.java:158)
	at org.openqa.selenium.remote.service.DriverCommandExecutor.execute(DriverCommandExecutor.java:83)
	at org.openqa.selenium.remote.RemoteWebDriver.execute(RemoteWebDriver.java:552)
	at com.kms.katalon.selenium.driver.CFirefoxDriver.execute(CFirefoxDriver.java:27)
	at org.openqa.selenium.remote.RemoteWebDriver.execute(RemoteWebDriver.java:609)
	at org.openqa.selenium.remote.RemoteWebDriver.quit(RemoteWebDriver.java:452)
	at org.openqa.selenium.support.events.EventFiringWebDriver.lambda$new$1(EventFiringWebDriver.java:105)
	at com.sun.proxy.$Proxy8.quit(Unknown Source)
	at org.openqa.selenium.support.events.EventFiringWebDriver.quit(EventFiringWebDriver.java:211)
	at com.kms.katalon.core.webui.driver.DriverFactory.closeWebDriver(DriverFactory.java:1247)
	at com.kms.katalon.core.webui.driver.DriverFactory.startNewBrowser(DriverFactory.java:284)
	at com.kms.katalon.core.webui.driver.DriverFactory.openWebDriver(DriverFactory.java:206)
	at com.kms.katalon.core.webui.keyword.builtin.OpenBrowserKeyword$_openBrowser_closure1.doCall(OpenBrowserKeyword.groovy:74)
	at com.kms.katalon.core.webui.keyword.builtin.OpenBrowserKeyword$_openBrowser_closure1.call(OpenBrowserKeyword.groovy)
	at com.kms.katalon.core.webui.keyword.internal.WebUIKeywordMain.runKeyword(WebUIKeywordMain.groovy:20)
	... 19 more


2019-12-12 07:31:03 - [TEST_STEP][FAILED] - openBrowser("https://p4p-qa-bg.aws.paradise4paws.com/login/"): Unable to open browser with url: 'https://p4p-qa-bg.aws.paradise4paws.com/login/' (Root cause: com.kms.katalon.core.exception.StepFailedException: Unable to open browser with url: 'https://p4p-qa-bg.aws.paradise4paws.com/login/'
	at com.kms.katalon.core.webui.keyword.internal.WebUIKeywordMain.stepFailed(WebUIKeywordMain.groovy:64)
	at com.kms.katalon.core.webui.keyword.internal.WebUIKeywordMain.runKeyword(WebUIKeywordMain.groovy:26)
	at com.kms.katalon.core.webui.keyword.builtin.OpenBrowserKeyword.openBrowser(OpenBrowserKeyword.groovy:81)
	at com.kms.katalon.core.webui.keyword.builtin.OpenBrowserKeyword.execute(OpenBrowserKeyword.groovy:67)
	at com.kms.katalon.core.keyword.internal.KeywordExecutor.executeKeywordForPlatform(KeywordExecutor.groovy:60)
	at com.kms.katalon.core.webui.keyword.WebUiBuiltInKeywords.openBrowser(WebUiBuiltInKeywords.groovy:60)
	at com.kms.katalon.core.webui.keyword.WebUiBuiltInKeywords$openBrowser.call(Unknown Source)
	at p4p_newReservation.run(p4p_newReservation:30)
	at com.kms.katalon.core.main.ScriptEngine.run(ScriptEngine.java:194)
	at com.kms.katalon.core.main.ScriptEngine.runScriptAsRawText(ScriptEngine.java:119)
	at com.kms.katalon.core.main.TestCaseExecutor.runScript(TestCaseExecutor.java:337)
	at com.kms.katalon.core.main.TestCaseExecutor.doExecute(TestCaseExecutor.java:328)
	at com.kms.katalon.core.main.TestCaseExecutor.processExecutionPhase(TestCaseExecutor.java:307)
	at com.kms.katalon.core.main.TestCaseExecutor.accessMainPhase(TestCaseExecutor.java:299)
	at com.kms.katalon.core.main.TestCaseExecutor.execute(TestCaseExecutor.java:233)
	at com.kms.katalon.core.main.TestSuiteExecutor.accessTestCaseMainPhase(TestSuiteExecutor.java:169)
	at com.kms.katalon.core.main.TestSuiteExecutor.accessTestSuiteMainPhase(TestSuiteExecutor.java:142)
	at com.kms.katalon.core.main.TestSuiteExecutor.execute(TestSuiteExecutor.java:91)
	at com.kms.katalon.core.main.TestCaseMain.startTestSuite(TestCaseMain.java:157)
	at com.kms.katalon.core.main.TestCaseMain$startTestSuite$0.call(Unknown Source)
	at TempTestSuite1576156939576.run(TempTestSuite1576156939576.groovy:36)
Caused by: org.openqa.selenium.NoSuchSessionException: Tried to run command without establishing a connection
Build info: version: '3.141.59', revision: 'e82be7d358', time: '2018-11-14T08:25:53'
System info: host: 'leonardoarkusmty-Inspiron-5577', ip: '127.0.1.1', os.name: 'Linux', os.arch: 'amd64', os.version: '4.15.0-72-generic', java.version: '1.8.0_222'
Driver info: com.kms.katalon.core.webui.driver.firefox.CGeckoDriver
Capabilities {acceptInsecureCerts: true, browserName: firefox, browserVersion: 70.0.1, javascriptEnabled: true, moz:accessibilityChecks: false, moz:buildID: 20191031062442, moz:geckodriverVersion: 0.23.0, moz:headless: false, moz:processID: 26824, moz:profile: /tmp/rust_mozprofile.E43MBZ..., moz:shutdownTimeout: 60000, moz:useNonSpecCompliantPointerOrigin: false, moz:webdriverClick: true, pageLoadStrategy: normal, platform: LINUX, platformName: LINUX, platformVersion: 4.15.0-72-generic, proxy: Proxy(direct), rotatable: false, setWindowRect: true, strictFileInteractability: false, timeouts: {implicit: 0, pageLoad: 300000, script: 30000}, unhandledPromptBehavior: dismiss and notify}
Session ID: b42590ae-fc58-4164-b28d-8138d39090b1
	at org.openqa.selenium.remote.http.W3CHttpResponseCodec.createException(W3CHttpResponseCodec.java:187)
	at org.openqa.selenium.remote.http.W3CHttpResponseCodec.decode(W3CHttpResponseCodec.java:122)
	at org.openqa.selenium.remote.http.W3CHttpResponseCodec.decode(W3CHttpResponseCodec.java:49)
	at org.openqa.selenium.remote.HttpCommandExecutor.execute(HttpCommandExecutor.java:158)
	at org.openqa.selenium.remote.service.DriverCommandExecutor.execute(DriverCommandExecutor.java:83)
	at org.openqa.selenium.remote.RemoteWebDriver.execute(RemoteWebDriver.java:552)
	at com.kms.katalon.selenium.driver.CFirefoxDriver.execute(CFirefoxDriver.java:27)
	at org.openqa.selenium.remote.RemoteWebDriver.execute(RemoteWebDriver.java:609)
	at org.openqa.selenium.remote.RemoteWebDriver.quit(RemoteWebDriver.java:452)
	at org.openqa.selenium.support.events.EventFiringWebDriver.lambda$new$1(EventFiringWebDriver.java:105)
	at com.sun.proxy.$Proxy8.quit(Unknown Source)
	at org.openqa.selenium.support.events.EventFiringWebDriver.quit(EventFiringWebDriver.java:211)
	at com.kms.katalon.core.webui.driver.DriverFactory.closeWebDriver(DriverFactory.java:1247)
	at com.kms.katalon.core.webui.driver.DriverFactory.startNewBrowser(DriverFactory.java:284)
	at com.kms.katalon.core.webui.driver.DriverFactory.openWebDriver(DriverFactory.java:206)
	at com.kms.katalon.core.webui.keyword.builtin.OpenBrowserKeyword$_openBrowser_closure1.doCall(OpenBrowserKeyword.groovy:74)
	at com.kms.katalon.core.webui.keyword.builtin.OpenBrowserKeyword$_openBrowser_closure1.call(OpenBrowserKeyword.groovy)
	at com.kms.katalon.core.webui.keyword.internal.WebUIKeywordMain.runKeyword(WebUIKeywordMain.groovy:20)
	at com.kms.katalon.core.webui.keyword.builtin.OpenBrowserKeyword.openBrowser(OpenBrowserKeyword.groovy:81)
	at com.kms.katalon.core.webui.keyword.builtin.OpenBrowserKeyword.execute(OpenBrowserKeyword.groovy:67)
	at com.kms.katalon.core.keyword.internal.KeywordExecutor.executeKeywordForPlatform(KeywordExecutor.groovy:60)
	at com.kms.katalon.core.webui.keyword.WebUiBuiltInKeywords.openBrowser(WebUiBuiltInKeywords.groovy:60)
	at com.kms.katalon.core.webui.keyword.WebUiBuiltInKeywords$openBrowser.call(Unknown Source)
	at Script1574443748278.run(Script1574443748278.groovy:30)
	... 13 more
)

2019-12-12 07:31:03 - [MESSAGE][WARNING] - A browser is already opened. Closing browser and opening a new one

2019-12-12 07:31:03 - [MESSAGE][FAILED] - Unable to open browser with url: 'https://p4p-qa-bg.aws.paradise4paws.com/login/' (Root cause: com.kms.katalon.core.exception.StepFailedException: Unable to open browser with url: 'https://p4p-qa-bg.aws.paradise4paws.com/login/'
	at com.kms.katalon.core.webui.keyword.internal.WebUIKeywordMain.stepFailed(WebUIKeywordMain.groovy:64)
	at com.kms.katalon.core.webui.keyword.internal.WebUIKeywordMain.runKeyword(WebUIKeywordMain.groovy:26)
	at com.kms.katalon.core.webui.keyword.builtin.OpenBrowserKeyword.openBrowser(OpenBrowserKeyword.groovy:81)
	at com.kms.katalon.core.webui.keyword.builtin.OpenBrowserKeyword.execute(OpenBrowserKeyword.groovy:67)
	at com.kms.katalon.core.keyword.internal.KeywordExecutor.executeKeywordForPlatform(KeywordExecutor.groovy:60)
	at com.kms.katalon.core.webui.keyword.WebUiBuiltInKeywords.openBrowser(WebUiBuiltInKeywords.groovy:60)
	at com.kms.katalon.core.webui.keyword.WebUiBuiltInKeywords$openBrowser.call(Unknown Source)
	at p4p_newReservation.run(p4p_newReservation:30)
	at com.kms.katalon.core.main.ScriptEngine.run(ScriptEngine.java:194)
	at com.kms.katalon.core.main.ScriptEngine.runScriptAsRawText(ScriptEngine.java:119)
	at com.kms.katalon.core.main.TestCaseExecutor.runScript(TestCaseExecutor.java:337)
	at com.kms.katalon.core.main.TestCaseExecutor.doExecute(TestCaseExecutor.java:328)
	at com.kms.katalon.core.main.TestCaseExecutor.processExecutionPhase(TestCaseExecutor.java:307)
	at com.kms.katalon.core.main.TestCaseExecutor.accessMainPhase(TestCaseExecutor.java:299)
	at com.kms.katalon.core.main.TestCaseExecutor.execute(TestCaseExecutor.java:233)
	at com.kms.katalon.core.main.TestSuiteExecutor.accessTestCaseMainPhase(TestSuiteExecutor.java:169)
	at com.kms.katalon.core.main.TestSuiteExecutor.accessTestSuiteMainPhase(TestSuiteExecutor.java:142)
	at com.kms.katalon.core.main.TestSuiteExecutor.execute(TestSuiteExecutor.java:91)
	at com.kms.katalon.core.main.TestCaseMain.startTestSuite(TestCaseMain.java:157)
	at com.kms.katalon.core.main.TestCaseMain$startTestSuite$0.call(Unknown Source)
	at TempTestSuite1576156939576.run(TempTestSuite1576156939576.groovy:36)
Caused by: org.openqa.selenium.NoSuchSessionException: Tried to run command without establishing a connection
Build info: version: '3.141.59', revision: 'e82be7d358', time: '2018-11-14T08:25:53'
System info: host: 'leonardoarkusmty-Inspiron-5577', ip: '127.0.1.1', os.name: 'Linux', os.arch: 'amd64', os.version: '4.15.0-72-generic', java.version: '1.8.0_222'
Driver info: com.kms.katalon.core.webui.driver.firefox.CGeckoDriver
Capabilities {acceptInsecureCerts: true, browserName: firefox, browserVersion: 70.0.1, javascriptEnabled: true, moz:accessibilityChecks: false, moz:buildID: 20191031062442, moz:geckodriverVersion: 0.23.0, moz:headless: false, moz:processID: 26824, moz:profile: /tmp/rust_mozprofile.E43MBZ..., moz:shutdownTimeout: 60000, moz:useNonSpecCompliantPointerOrigin: false, moz:webdriverClick: true, pageLoadStrategy: normal, platform: LINUX, platformName: LINUX, platformVersion: 4.15.0-72-generic, proxy: Proxy(direct), rotatable: false, setWindowRect: true, strictFileInteractability: false, timeouts: {implicit: 0, pageLoad: 300000, script: 30000}, unhandledPromptBehavior: dismiss and notify}
Session ID: b42590ae-fc58-4164-b28d-8138d39090b1
	at org.openqa.selenium.remote.http.W3CHttpResponseCodec.createException(W3CHttpResponseCodec.java:187)
	at org.openqa.selenium.remote.http.W3CHttpResponseCodec.decode(W3CHttpResponseCodec.java:122)
	at org.openqa.selenium.remote.http.W3CHttpResponseCodec.decode(W3CHttpResponseCodec.java:49)
	at org.openqa.selenium.remote.HttpCommandExecutor.execute(HttpCommandExecutor.java:158)
	at org.openqa.selenium.remote.service.DriverCommandExecutor.execute(DriverCommandExecutor.java:83)
	at org.openqa.selenium.remote.RemoteWebDriver.execute(RemoteWebDriver.java:552)
	at com.kms.katalon.selenium.driver.CFirefoxDriver.execute(CFirefoxDriver.java:27)
	at org.openqa.selenium.remote.RemoteWebDriver.execute(RemoteWebDriver.java:609)
	at org.openqa.selenium.remote.RemoteWebDriver.quit(RemoteWebDriver.java:452)
	at org.openqa.selenium.support.events.EventFiringWebDriver.lambda$new$1(EventFiringWebDriver.java:105)
	at com.sun.proxy.$Proxy8.quit(Unknown Source)
	at org.openqa.selenium.support.events.EventFiringWebDriver.quit(EventFiringWebDriver.java:211)
	at com.kms.katalon.core.webui.driver.DriverFactory.closeWebDriver(DriverFactory.java:1247)
	at com.kms.katalon.core.webui.driver.DriverFactory.startNewBrowser(DriverFactory.java:284)
	at com.kms.katalon.core.webui.driver.DriverFactory.openWebDriver(DriverFactory.java:206)
	at com.kms.katalon.core.webui.keyword.builtin.OpenBrowserKeyword$_openBrowser_closure1.doCall(OpenBrowserKeyword.groovy:74)
	at com.kms.katalon.core.webui.keyword.builtin.OpenBrowserKeyword$_openBrowser_closure1.call(OpenBrowserKeyword.groovy)
	at com.kms.katalon.core.webui.keyword.internal.WebUIKeywordMain.runKeyword(WebUIKeywordMain.groovy:20)
	at com.kms.katalon.core.webui.keyword.builtin.OpenBrowserKeyword.openBrowser(OpenBrowserKeyword.groovy:81)
	at com.kms.katalon.core.webui.keyword.builtin.OpenBrowserKeyword.execute(OpenBrowserKeyword.groovy:67)
	at com.kms.katalon.core.keyword.internal.KeywordExecutor.executeKeywordForPlatform(KeywordExecutor.groovy:60)
	at com.kms.katalon.core.webui.keyword.WebUiBuiltInKeywords.openBrowser(WebUiBuiltInKeywords.groovy:60)
	at com.kms.katalon.core.webui.keyword.WebUiBuiltInKeywords$openBrowser.call(Unknown Source)
	at Script1574443748278.run(Script1574443748278.groovy:30)
	... 13 more
)]]></system-out>
         <system-err><![CDATA[2019-12-12 07:31:03 - [TEST_CASE][FAILED] - Test Cases/p4p_newReservation: Test Cases/p4p_newReservation FAILED.
Reason:
com.kms.katalon.core.exception.StepFailedException: Unable to open browser with url: 'https://p4p-qa-bg.aws.paradise4paws.com/login/'
	at com.kms.katalon.core.webui.keyword.internal.WebUIKeywordMain.stepFailed(WebUIKeywordMain.groovy:64)
	at com.kms.katalon.core.webui.keyword.internal.WebUIKeywordMain.runKeyword(WebUIKeywordMain.groovy:26)
	at com.kms.katalon.core.webui.keyword.builtin.OpenBrowserKeyword.openBrowser(OpenBrowserKeyword.groovy:81)
	at com.kms.katalon.core.webui.keyword.builtin.OpenBrowserKeyword.execute(OpenBrowserKeyword.groovy:67)
	at com.kms.katalon.core.keyword.internal.KeywordExecutor.executeKeywordForPlatform(KeywordExecutor.groovy:60)
	at com.kms.katalon.core.webui.keyword.WebUiBuiltInKeywords.openBrowser(WebUiBuiltInKeywords.groovy:60)
	at com.kms.katalon.core.webui.keyword.WebUiBuiltInKeywords$openBrowser.call(Unknown Source)
	at p4p_newReservation.run(p4p_newReservation:30)
	at com.kms.katalon.core.main.ScriptEngine.run(ScriptEngine.java:194)
	at com.kms.katalon.core.main.ScriptEngine.runScriptAsRawText(ScriptEngine.java:119)
	at com.kms.katalon.core.main.TestCaseExecutor.runScript(TestCaseExecutor.java:337)
	at com.kms.katalon.core.main.TestCaseExecutor.doExecute(TestCaseExecutor.java:328)
	at com.kms.katalon.core.main.TestCaseExecutor.processExecutionPhase(TestCaseExecutor.java:307)
	at com.kms.katalon.core.main.TestCaseExecutor.accessMainPhase(TestCaseExecutor.java:299)
	at com.kms.katalon.core.main.TestCaseExecutor.execute(TestCaseExecutor.java:233)
	at com.kms.katalon.core.main.TestSuiteExecutor.accessTestCaseMainPhase(TestSuiteExecutor.java:169)
	at com.kms.katalon.core.main.TestSuiteExecutor.accessTestSuiteMainPhase(TestSuiteExecutor.java:142)
	at com.kms.katalon.core.main.TestSuiteExecutor.execute(TestSuiteExecutor.java:91)
	at com.kms.katalon.core.main.TestCaseMain.startTestSuite(TestCaseMain.java:157)
	at com.kms.katalon.core.main.TestCaseMain$startTestSuite$0.call(Unknown Source)
	at TempTestSuite1576156939576.run(TempTestSuite1576156939576.groovy:36)
Caused by: org.openqa.selenium.NoSuchSessionException: Tried to run command without establishing a connection
Build info: version: '3.141.59', revision: 'e82be7d358', time: '2018-11-14T08:25:53'
System info: host: 'leonardoarkusmty-Inspiron-5577', ip: '127.0.1.1', os.name: 'Linux', os.arch: 'amd64', os.version: '4.15.0-72-generic', java.version: '1.8.0_222'
Driver info: com.kms.katalon.core.webui.driver.firefox.CGeckoDriver
Capabilities {acceptInsecureCerts: true, browserName: firefox, browserVersion: 70.0.1, javascriptEnabled: true, moz:accessibilityChecks: false, moz:buildID: 20191031062442, moz:geckodriverVersion: 0.23.0, moz:headless: false, moz:processID: 26824, moz:profile: /tmp/rust_mozprofile.E43MBZ..., moz:shutdownTimeout: 60000, moz:useNonSpecCompliantPointerOrigin: false, moz:webdriverClick: true, pageLoadStrategy: normal, platform: LINUX, platformName: LINUX, platformVersion: 4.15.0-72-generic, proxy: Proxy(direct), rotatable: false, setWindowRect: true, strictFileInteractability: false, timeouts: {implicit: 0, pageLoad: 300000, script: 30000}, unhandledPromptBehavior: dismiss and notify}
Session ID: b42590ae-fc58-4164-b28d-8138d39090b1
	at org.openqa.selenium.remote.http.W3CHttpResponseCodec.createException(W3CHttpResponseCodec.java:187)
	at org.openqa.selenium.remote.http.W3CHttpResponseCodec.decode(W3CHttpResponseCodec.java:122)
	at org.openqa.selenium.remote.http.W3CHttpResponseCodec.decode(W3CHttpResponseCodec.java:49)
	at org.openqa.selenium.remote.HttpCommandExecutor.execute(HttpCommandExecutor.java:158)
	at org.openqa.selenium.remote.service.DriverCommandExecutor.execute(DriverCommandExecutor.java:83)
	at org.openqa.selenium.remote.RemoteWebDriver.execute(RemoteWebDriver.java:552)
	at com.kms.katalon.selenium.driver.CFirefoxDriver.execute(CFirefoxDriver.java:27)
	at org.openqa.selenium.remote.RemoteWebDriver.execute(RemoteWebDriver.java:609)
	at org.openqa.selenium.remote.RemoteWebDriver.quit(RemoteWebDriver.java:452)
	at org.openqa.selenium.support.events.EventFiringWebDriver.lambda$new$1(EventFiringWebDriver.java:105)
	at com.sun.proxy.$Proxy8.quit(Unknown Source)
	at org.openqa.selenium.support.events.EventFiringWebDriver.quit(EventFiringWebDriver.java:211)
	at com.kms.katalon.core.webui.driver.DriverFactory.closeWebDriver(DriverFactory.java:1247)
	at com.kms.katalon.core.webui.driver.DriverFactory.startNewBrowser(DriverFactory.java:284)
	at com.kms.katalon.core.webui.driver.DriverFactory.openWebDriver(DriverFactory.java:206)
	at com.kms.katalon.core.webui.keyword.builtin.OpenBrowserKeyword$_openBrowser_closure1.doCall(OpenBrowserKeyword.groovy:74)
	at com.kms.katalon.core.webui.keyword.builtin.OpenBrowserKeyword$_openBrowser_closure1.call(OpenBrowserKeyword.groovy)
	at com.kms.katalon.core.webui.keyword.internal.WebUIKeywordMain.runKeyword(WebUIKeywordMain.groovy:20)
	... 19 more]]></system-err>
      </testcase>
      <testcase name="Test Cases/p4p_newReservation" time="112.27" classname="Test Cases/p4p_newReservation" status="FAILED">
         <failure type="FAILED" message="Test Cases/p4p_newReservation FAILED.
Reason:
com.kms.katalon.core.exception.StepFailedException: Unable to click on object 'Object Repository/object_reservation/button_Return To Reservation'
	at com.kms.katalon.core.webui.keyword.internal.WebUIKeywordMain.stepFailed(WebUIKeywordMain.groovy:64)
	at com.kms.katalon.core.webui.keyword.internal.WebUIKeywordMain.runKeyword(WebUIKeywordMain.groovy:26)
	at com.kms.katalon.core.webui.keyword.builtin.ClickKeyword.click(ClickKeyword.groovy:99)
	at com.kms.katalon.core.webui.keyword.builtin.ClickKeyword.execute(ClickKeyword.groovy:43)
	at com.kms.katalon.core.keyword.internal.KeywordExecutor.executeKeywordForPlatform(KeywordExecutor.groovy:60)
	at com.kms.katalon.core.webui.keyword.WebUiBuiltInKeywords.click(WebUiBuiltInKeywords.groovy:616)
	at com.kms.katalon.core.webui.keyword.WebUiBuiltInKeywords$click$2.call(Unknown Source)
	at p4p_newReservation.run(p4p_newReservation:658)
	at com.kms.katalon.core.main.ScriptEngine.run(ScriptEngine.java:194)
	at com.kms.katalon.core.main.ScriptEngine.runScriptAsRawText(ScriptEngine.java:119)
	at com.kms.katalon.core.main.TestCaseExecutor.runScript(TestCaseExecutor.java:337)
	at com.kms.katalon.core.main.TestCaseExecutor.doExecute(TestCaseExecutor.java:328)
	at com.kms.katalon.core.main.TestCaseExecutor.processExecutionPhase(TestCaseExecutor.java:307)
	at com.kms.katalon.core.main.TestCaseExecutor.accessMainPhase(TestCaseExecutor.java:299)
	at com.kms.katalon.core.main.TestCaseExecutor.execute(TestCaseExecutor.java:233)
	at com.kms.katalon.core.main.TestSuiteExecutor.accessTestCaseMainPhase(TestSuiteExecutor.java:169)
	at com.kms.katalon.core.main.TestSuiteExecutor.accessTestSuiteMainPhase(TestSuiteExecutor.java:142)
	at com.kms.katalon.core.main.TestSuiteExecutor.execute(TestSuiteExecutor.java:91)
	at com.kms.katalon.core.main.TestCaseMain.startTestSuite(TestCaseMain.java:157)
	at com.kms.katalon.core.main.TestCaseMain$startTestSuite$0.call(Unknown Source)
	at TempTestSuite1576156939576.run(TempTestSuite1576156939576.groovy:36)
Caused by: com.kms.katalon.core.webui.exception.WebElementNotFoundException: Web element with id: 'Object Repository/object_reservation/button_Return To Reservation' located by 'By.xpath: (//button[@type='button'])[13]' not found
	at com.kms.katalon.core.webui.common.WebUiCommonHelper.findWebElement(WebUiCommonHelper.java:1113)
	at com.kms.katalon.core.webui.keyword.internal.WebUIAbstractKeyword.findWebElement(WebUIAbstractKeyword.groovy:27)
	at com.kms.katalon.core.webui.keyword.internal.WebUIAbstractKeyword.findWebElement(WebUIAbstractKeyword.groovy:26)
	at com.kms.katalon.core.webui.keyword.builtin.ClickKeyword$_click_closure1.doCall(ClickKeyword.groovy:68)
	at com.kms.katalon.core.webui.keyword.builtin.ClickKeyword$_click_closure1.call(ClickKeyword.groovy)
	at com.kms.katalon.core.webui.keyword.internal.WebUIKeywordMain.runKeyword(WebUIKeywordMain.groovy:20)
	... 19 more
"/>
         <system-out><![CDATA[2019-12-12 07:31:04 - [TEST_CASE][FAILED] - Test Cases/p4p_newReservation: Test Cases/p4p_newReservation FAILED.
Reason:
com.kms.katalon.core.exception.StepFailedException: Unable to click on object 'Object Repository/object_reservation/button_Return To Reservation'
	at com.kms.katalon.core.webui.keyword.internal.WebUIKeywordMain.stepFailed(WebUIKeywordMain.groovy:64)
	at com.kms.katalon.core.webui.keyword.internal.WebUIKeywordMain.runKeyword(WebUIKeywordMain.groovy:26)
	at com.kms.katalon.core.webui.keyword.builtin.ClickKeyword.click(ClickKeyword.groovy:99)
	at com.kms.katalon.core.webui.keyword.builtin.ClickKeyword.execute(ClickKeyword.groovy:43)
	at com.kms.katalon.core.keyword.internal.KeywordExecutor.executeKeywordForPlatform(KeywordExecutor.groovy:60)
	at com.kms.katalon.core.webui.keyword.WebUiBuiltInKeywords.click(WebUiBuiltInKeywords.groovy:616)
	at com.kms.katalon.core.webui.keyword.WebUiBuiltInKeywords$click$2.call(Unknown Source)
	at p4p_newReservation.run(p4p_newReservation:658)
	at com.kms.katalon.core.main.ScriptEngine.run(ScriptEngine.java:194)
	at com.kms.katalon.core.main.ScriptEngine.runScriptAsRawText(ScriptEngine.java:119)
	at com.kms.katalon.core.main.TestCaseExecutor.runScript(TestCaseExecutor.java:337)
	at com.kms.katalon.core.main.TestCaseExecutor.doExecute(TestCaseExecutor.java:328)
	at com.kms.katalon.core.main.TestCaseExecutor.processExecutionPhase(TestCaseExecutor.java:307)
	at com.kms.katalon.core.main.TestCaseExecutor.accessMainPhase(TestCaseExecutor.java:299)
	at com.kms.katalon.core.main.TestCaseExecutor.execute(TestCaseExecutor.java:233)
	at com.kms.katalon.core.main.TestSuiteExecutor.accessTestCaseMainPhase(TestSuiteExecutor.java:169)
	at com.kms.katalon.core.main.TestSuiteExecutor.accessTestSuiteMainPhase(TestSuiteExecutor.java:142)
	at com.kms.katalon.core.main.TestSuiteExecutor.execute(TestSuiteExecutor.java:91)
	at com.kms.katalon.core.main.TestCaseMain.startTestSuite(TestCaseMain.java:157)
	at com.kms.katalon.core.main.TestCaseMain$startTestSuite$0.call(Unknown Source)
	at TempTestSuite1576156939576.run(TempTestSuite1576156939576.groovy:36)
Caused by: com.kms.katalon.core.webui.exception.WebElementNotFoundException: Web element with id: 'Object Repository/object_reservation/button_Return To Reservation' located by 'By.xpath: (//button[@type='button'])[13]' not found
	at com.kms.katalon.core.webui.common.WebUiCommonHelper.findWebElement(WebUiCommonHelper.java:1113)
	at com.kms.katalon.core.webui.keyword.internal.WebUIAbstractKeyword.findWebElement(WebUIAbstractKeyword.groovy:27)
	at com.kms.katalon.core.webui.keyword.internal.WebUIAbstractKeyword.findWebElement(WebUIAbstractKeyword.groovy:26)
	at com.kms.katalon.core.webui.keyword.builtin.ClickKeyword$_click_closure1.doCall(ClickKeyword.groovy:68)
	at com.kms.katalon.core.webui.keyword.builtin.ClickKeyword$_click_closure1.call(ClickKeyword.groovy)
	at com.kms.katalon.core.webui.keyword.internal.WebUIKeywordMain.runKeyword(WebUIKeywordMain.groovy:20)
	... 19 more


2019-12-12 07:31:04 - [TEST_STEP][PASSED] - openBrowser("https://p4p-qa-bg.aws.paradise4paws.com/login/"): Browser is opened with url: 'https://p4p-qa-bg.aws.paradise4paws.com/login/'

2019-12-12 07:31:04 - [MESSAGE][INFO] - Starting 'Firefox' driver

2019-12-12 07:31:09 - [MESSAGE][PASSED] - Browser is opened with url: 'https://p4p-qa-bg.aws.paradise4paws.com/login/'

2019-12-12 07:31:09 - [TEST_STEP][PASSED] - setText(findTestObject("Object Repository/object_login/input_user"), var_user): Text 'jegchavez@gmail.com' is set on object 'Object Repository/object_login/input_user'

2019-12-12 07:31:10 - [MESSAGE][PASSED] - Text 'jegchavez@gmail.com' is set on object 'Object Repository/object_login/input_user'

2019-12-12 07:31:10 - [TEST_STEP][PASSED] - setText(findTestObject("Object Repository/object_login/input_pass"), var_pass): Text 'admin1' is set on object 'Object Repository/object_login/input_pass'

2019-12-12 07:31:10 - [MESSAGE][PASSED] - Text 'admin1' is set on object 'Object Repository/object_login/input_pass'

2019-12-12 07:31:10 - [TEST_STEP][PASSED] - delay(2): Delayed 2 second(s)

2019-12-12 07:31:12 - [MESSAGE][PASSED] - Delayed 2 second(s)

2019-12-12 07:31:12 - [TEST_STEP][PASSED] - verifyElementClickable(findTestObject("Object Repository/object_login/btn_login")): Object 'Object Repository/object_login/btn_login' is clickable

2019-12-12 07:31:12 - [MESSAGE][PASSED] - Object 'Object Repository/object_login/btn_login' is clickable

2019-12-12 07:31:12 - [TEST_STEP][PASSED] - click(findTestObject("Object Repository/object_login/btn_login")): Object: 'Object Repository/object_login/btn_login' is clicked on

2019-12-12 07:31:16 - [MESSAGE][PASSED] - Object: 'Object Repository/object_login/btn_login' is clicked on

2019-12-12 07:31:16 - [TEST_STEP][PASSED] - delay(2): Delayed 2 second(s)

2019-12-12 07:31:18 - [MESSAGE][PASSED] - Delayed 2 second(s)

2019-12-12 07:31:18 - [TEST_STEP][PASSED] - setText(findTestObject("Object Repository/object_dashboard_emp/input_search"), var_searchParent): Text 'leongarzagarza@hotmail.com' is set on object 'Object Repository/object_dashboard_emp/input_search'

2019-12-12 07:31:19 - [MESSAGE][PASSED] - Text 'leongarzagarza@hotmail.com' is set on object 'Object Repository/object_dashboard_emp/input_search'

2019-12-12 07:31:19 - [TEST_STEP][PASSED] - click(findTestObject("Object Repository/object_dashboard_emp/btn_accountSearch")): Object: 'Object Repository/object_dashboard_emp/btn_accountSearch' is clicked on

2019-12-12 07:31:20 - [MESSAGE][PASSED] - Object: 'Object Repository/object_dashboard_emp/btn_accountSearch' is clicked on

2019-12-12 07:31:20 - [TEST_STEP][PASSED] - delay(2): Delayed 2 second(s)

2019-12-12 07:31:22 - [MESSAGE][PASSED] - Delayed 2 second(s)

2019-12-12 07:31:22 - [TEST_STEP][PASSED] - click(findTestObject("Object Repository/object_accountInformation/a_TEST GABRIEL PROD")): Object: 'Object Repository/object_accountInformation/a_TEST GABRIEL PROD' is clicked on

2019-12-12 07:31:24 - [MESSAGE][PASSED] - Object: 'Object Repository/object_accountInformation/a_TEST GABRIEL PROD' is clicked on

2019-12-12 07:31:24 - [TEST_STEP][PASSED] - delay(2): Delayed 2 second(s)

2019-12-12 07:31:26 - [MESSAGE][PASSED] - Delayed 2 second(s)

2019-12-12 07:31:26 - [TEST_STEP][PASSED] - click(findTestObject("Object Repository/object_profile/a_addReservation")): Object: 'Object Repository/object_profile/a_addReservation' is clicked on

2019-12-12 07:31:28 - [MESSAGE][PASSED] - Object: 'Object Repository/object_profile/a_addReservation' is clicked on

2019-12-12 07:31:28 - [TEST_STEP][PASSED] - delay(2): Delayed 2 second(s)

2019-12-12 07:31:30 - [MESSAGE][PASSED] - Delayed 2 second(s)

2019-12-12 07:31:30 - [TEST_STEP][PASSED] - flagBoar = "0": null

2019-12-12 07:31:30 - [TEST_STEP][PASSED] - log = new com.kms.katalon.core.logging.KeywordLogger(): null

2019-12-12 07:31:30 - [TEST_STEP][PASSED] - log.logInfo(var_typeReserveation): Daycare

2019-12-12 07:31:30 - [MESSAGE][INFO] - Daycare

2019-12-12 07:31:30 - [TEST_STEP][PASSED] - if (var_typeReserveation == "Boarding"): null

2019-12-12 07:31:30 - [TEST_STEP][PASSED] - else if (var_typeReserveation == "Daycare"): Object: 'Object Repository/object_reservation/btn_Daycare' is clicked on

2019-12-12 07:31:30 - [TEST_STEP][PASSED] - flagBoar = "2": null

2019-12-12 07:31:30 - [TEST_STEP][PASSED] - click(findTestObject("object_reservation/btn_Daycare")): Object: 'Object Repository/object_reservation/btn_Daycare' is clicked on

2019-12-12 07:31:30 - [MESSAGE][PASSED] - Object: 'Object Repository/object_reservation/btn_Daycare' is clicked on

2019-12-12 07:31:30 - [TEST_STEP][PASSED] - click(findTestObject("Object Repository/object_reservation/i_location")): Object: 'Object Repository/object_reservation/i_location' is clicked on

2019-12-12 07:31:33 - [MESSAGE][PASSED] - Object: 'Object Repository/object_reservation/i_location' is clicked on

2019-12-12 07:31:33 - [TEST_STEP][PASSED] - switch (var_idFacility): null

2019-12-12 07:31:33 - [TEST_STEP][PASSED] - dateCI = var_checkinD.split(","): null

2019-12-12 07:31:33 - [TEST_STEP][PASSED] - dateCO = var_checkoutD.split(","): null

2019-12-12 07:31:33 - [TEST_STEP][PASSED] - arryPets = var_pets.split(","): null

2019-12-12 07:31:33 - [TEST_STEP][PASSED] - delay(2): Delayed 2 second(s)

2019-12-12 07:31:35 - [MESSAGE][PASSED] - Delayed 2 second(s)

2019-12-12 07:31:35 - [TEST_STEP][PASSED] - click(findTestObject("Object Repository/object_reservation/dateCheckIn")): Object: 'Object Repository/object_reservation/dateCheckIn' is clicked on

2019-12-12 07:31:36 - [MESSAGE][PASSED] - Object: 'Object Repository/object_reservation/dateCheckIn' is clicked on

2019-12-12 07:31:36 - [TEST_STEP][PASSED] - switch (dateCI[0]): null

2019-12-12 07:31:36 - [TEST_STEP][PASSED] - case "29":: null

2019-12-12 07:31:36 - [TEST_STEP][PASSED] - click(findTestObject("Object Repository/Page_Paradise 4 Paws  Dog Boarding Cat Boarding Norwalk Pooch Hotel/button_29_ci")): Object: 'Object Repository/Page_Paradise 4 Paws  Dog Boarding Cat Boarding Norwalk Pooch Hotel/button_29_ci' is clicked on

2019-12-12 07:31:36 - [MESSAGE][PASSED] - Object: 'Object Repository/Page_Paradise 4 Paws  Dog Boarding Cat Boarding Norwalk Pooch Hotel/button_29_ci' is clicked on

2019-12-12 07:31:36 - [TEST_STEP][PASSED] - break: null

2019-12-12 07:31:36 - [TEST_STEP][PASSED] - log.logInfo("PRUEBA FLAG"): PRUEBA FLAG

2019-12-12 07:31:36 - [MESSAGE][INFO] - PRUEBA FLAG

2019-12-12 07:31:36 - [TEST_STEP][PASSED] - log.logInfo(flagBoar): 2

2019-12-12 07:31:36 - [MESSAGE][INFO] - 2

2019-12-12 07:31:36 - [TEST_STEP][PASSED] - if (flagBoar == "1"): null

2019-12-12 07:31:36 - [TEST_STEP][NOT_RUN] - click(findTestObject("Object Repository/object_reservationCalendar/CO_close")): NOT_RUN: click(findTestObject("Object Repository/object_reservationCalendar/CO_close"))

2019-12-12 07:31:36 - [MESSAGE][NOT_RUN] - NOT_RUN: click(findTestObject("Object Repository/object_reservationCalendar/CO_close"))

2019-12-12 07:31:36 - [TEST_STEP][PASSED] - click(findTestObject("Object Repository/object_reservation/timeCheckin")): Object: 'Object Repository/object_reservation/timeCheckin' is clicked on

2019-12-12 07:31:37 - [MESSAGE][PASSED] - Object: 'Object Repository/object_reservation/timeCheckin' is clicked on

2019-12-12 07:31:37 - [TEST_STEP][PASSED] - log.logInfo("test timePicker"): test timePicker

2019-12-12 07:31:37 - [MESSAGE][INFO] - test timePicker

2019-12-12 07:31:37 - [TEST_STEP][PASSED] - switch (var_checkinT): null

2019-12-12 07:31:37 - [TEST_STEP][PASSED] - case "800":: null

2019-12-12 07:31:37 - [TEST_STEP][PASSED] - click(findTestObject("Object Repository/Page_Paradise 4 Paws  Dog Boarding Cat Boarding Norwalk Pooch Hotel/time_800am_ci")): Object: 'Object Repository/Page_Paradise 4 Paws  Dog Boarding Cat Boarding Norwalk Pooch Hotel/time_800am_ci' is clicked on

2019-12-12 07:31:38 - [MESSAGE][PASSED] - Object: 'Object Repository/Page_Paradise 4 Paws  Dog Boarding Cat Boarding Norwalk Pooch Hotel/time_800am_ci' is clicked on

2019-12-12 07:31:38 - [TEST_STEP][PASSED] - break: null

2019-12-12 07:31:38 - [TEST_STEP][PASSED] - click(findTestObject("Object Repository/object_reservation/timeCheckOut")): Object: 'Object Repository/object_reservation/timeCheckOut' is clicked on

2019-12-12 07:31:39 - [MESSAGE][PASSED] - Object: 'Object Repository/object_reservation/timeCheckOut' is clicked on

2019-12-12 07:31:39 - [TEST_STEP][PASSED] - switch (var_checkoutT): null

2019-12-12 07:31:39 - [TEST_STEP][PASSED] - case "1200":: null

2019-12-12 07:31:39 - [TEST_STEP][PASSED] - log.logInfo("test 1200"): test 1200

2019-12-12 07:31:39 - [MESSAGE][INFO] - test 1200

2019-12-12 07:31:39 - [TEST_STEP][PASSED] - click(findTestObject("Object Repository/Page_Paradise 4 Paws  Dog Boarding Cat Boarding Norwalk Pooch Hotel/time_1200pm_co")): Object: 'Object Repository/Page_Paradise 4 Paws  Dog Boarding Cat Boarding Norwalk Pooch Hotel/time_1200pm_co' is clicked on

2019-12-12 07:31:39 - [MESSAGE][PASSED] - Object: 'Object Repository/Page_Paradise 4 Paws  Dog Boarding Cat Boarding Norwalk Pooch Hotel/time_1200pm_co' is clicked on

2019-12-12 07:31:39 - [TEST_STEP][PASSED] - break: null

2019-12-12 07:31:39 - [TEST_STEP][PASSED] - delay(2): Delayed 2 second(s)

2019-12-12 07:31:41 - [MESSAGE][PASSED] - Delayed 2 second(s)

2019-12-12 07:31:41 - [TEST_STEP][PASSED] - log.logInfo("-- ANTES REPEATING --"): -- ANTES REPEATING --

2019-12-12 07:31:41 - [MESSAGE][INFO] - -- ANTES REPEATING --

2019-12-12 07:31:41 - [TEST_STEP][PASSED] - if (var_repeting == "Y"): All options with value '4' are selected in object 'Object Repository/object_reservation/Page_Paradise 4 Paws  Dog Boarding Cat Boar_cfde7f/select_DailyWeeklyMonthlyOther'  using regular expression

2019-12-12 07:31:41 - [TEST_STEP][PASSED] - click(findTestObject("Object Repository/object_reservation/checkbox_repeating")): Object: 'Object Repository/object_reservation/checkbox_repeating' is clicked on

2019-12-12 07:31:42 - [MESSAGE][PASSED] - Object: 'Object Repository/object_reservation/checkbox_repeating' is clicked on

2019-12-12 07:31:42 - [TEST_STEP][PASSED] - if (var_repeatingEvery == "Weekly"): null

2019-12-12 07:31:42 - [TEST_STEP][PASSED] - else if (var_repeatingEvery == "Monthly"): null

2019-12-12 07:31:42 - [TEST_STEP][PASSED] - else if (var_repeatingEvery == "Other"): All options with value '4' are selected in object 'Object Repository/object_reservation/Page_Paradise 4 Paws  Dog Boarding Cat Boar_cfde7f/select_DailyWeeklyMonthlyOther'  using regular expression

2019-12-12 07:31:42 - [TEST_STEP][PASSED] - selectOptionByValue(findTestObject("Object Repository/object_reservation/Page_Paradise 4 Paws  Dog Boarding Cat Boar_cfde7f/select_DailyWeeklyMonthlyOther"), "4", true): All options with value '4' are selected in object 'Object Repository/object_reservation/Page_Paradise 4 Paws  Dog Boarding Cat Boar_cfde7f/select_DailyWeeklyMonthlyOther'  using regular expression

2019-12-12 07:31:43 - [MESSAGE][PASSED] - All options with value '4' are selected in object 'Object Repository/object_reservation/Page_Paradise 4 Paws  Dog Boarding Cat Boar_cfde7f/select_DailyWeeklyMonthlyOther'  using regular expression

2019-12-12 07:31:43 - [TEST_STEP][PASSED] - log.logInfo(var_pets): Ares,Poseidon,Zeus

2019-12-12 07:31:43 - [MESSAGE][INFO] - Ares,Poseidon,Zeus

2019-12-12 07:31:43 - [TEST_STEP][PASSED] - if (arryPets.size() == 1): null

2019-12-12 07:31:43 - [TEST_STEP][PASSED] - else if (arryPets.size() == 2): null

2019-12-12 07:31:43 - [TEST_STEP][PASSED] - else if (arryPets.size() == 3): Object: 'Object Repository/object_reservation/div_Athena' is clicked on

2019-12-12 07:31:43 - [TEST_STEP][PASSED] - click(findTestObject("object_reservation/Page_Paradise 4 Paws  Dog Boarding Cat Boarding Norwalk Pooch Hotel/div_Ares")): Object: 'Object Repository/object_reservation/Page_Paradise 4 Paws  Dog Boarding Cat Boarding Norwalk Pooch Hotel/div_Ares' is clicked on

2019-12-12 07:31:45 - [MESSAGE][PASSED] - Object: 'Object Repository/object_reservation/Page_Paradise 4 Paws  Dog Boarding Cat Boarding Norwalk Pooch Hotel/div_Ares' is clicked on

2019-12-12 07:31:45 - [TEST_STEP][PASSED] - click(findTestObject("object_reservation/div_Zeus")): Object: 'Object Repository/object_reservation/div_Zeus' is clicked on

2019-12-12 07:31:50 - [MESSAGE][PASSED] - Object: 'Object Repository/object_reservation/div_Zeus' is clicked on

2019-12-12 07:31:50 - [TEST_STEP][PASSED] - click(findTestObject("object_reservation/div_Athena")): Object: 'Object Repository/object_reservation/div_Athena' is clicked on

2019-12-12 07:31:54 - [MESSAGE][PASSED] - Object: 'Object Repository/object_reservation/div_Athena' is clicked on

2019-12-12 07:31:54 - [TEST_STEP][NOT_RUN] - click(findTestObject("object_reservations/i_Day_fa fa-circle-o ng-scope")): NOT_RUN: click(findTestObject("object_reservations/i_Day_fa fa-circle-o ng-scope"))

2019-12-12 07:31:54 - [MESSAGE][NOT_RUN] - NOT_RUN: click(findTestObject("object_reservations/i_Day_fa fa-circle-o ng-scope"))

2019-12-12 07:31:54 - [TEST_STEP][PASSED] - if (flagBoar == "1" || flagBoar == "2"): Object: 'Object Repository/object_reservation/div_suite_rad_deluxe' is clicked on

2019-12-12 07:31:54 - [TEST_STEP][PASSED] - click(findTestObject("Object Repository/object_reservation/div_suite_rad_deluxe")): Object: 'Object Repository/object_reservation/div_suite_rad_deluxe' is clicked on

2019-12-12 07:31:58 - [MESSAGE][PASSED] - Object: 'Object Repository/object_reservation/div_suite_rad_deluxe' is clicked on

2019-12-12 07:31:58 - [TEST_STEP][PASSED] - click(findTestObject("Object Repository/object_reservation/btn_next2")): Object: 'Object Repository/object_reservation/btn_next2' is clicked on

2019-12-12 07:32:00 - [MESSAGE][PASSED] - Object: 'Object Repository/object_reservation/btn_next2' is clicked on

2019-12-12 07:32:00 - [TEST_STEP][PASSED] - delay(3): Delayed 3 second(s)

2019-12-12 07:32:03 - [MESSAGE][PASSED] - Delayed 3 second(s)

2019-12-12 07:32:03 - [TEST_STEP][PASSED] - if (flagBoar == "1"): null

2019-12-12 07:32:03 - [TEST_STEP][PASSED] - delay(2): Delayed 2 second(s)

2019-12-12 07:32:05 - [MESSAGE][PASSED] - Delayed 2 second(s)

2019-12-12 07:32:05 - [TEST_STEP][PASSED] - click(findTestObject("Object Repository/object_reservation/btn_next2")): Object: 'Object Repository/object_reservation/btn_next2' is clicked on

2019-12-12 07:32:06 - [MESSAGE][PASSED] - Object: 'Object Repository/object_reservation/btn_next2' is clicked on

2019-12-12 07:32:06 - [TEST_STEP][PASSED] - click(findTestObject("Object Repository/object_reservation/button_Submit Reservation")): Object: 'Object Repository/object_reservation/button_Submit Reservation' is clicked on

2019-12-12 07:32:08 - [MESSAGE][PASSED] - Object: 'Object Repository/object_reservation/button_Submit Reservation' is clicked on

2019-12-12 07:32:08 - [TEST_STEP][PASSED] - delay(2): Delayed 2 second(s)

2019-12-12 07:32:10 - [MESSAGE][PASSED] - Delayed 2 second(s)

2019-12-12 07:32:10 - [TEST_STEP][PASSED] - if (flagBoar == "2" && var_repeatingEvery == "Daily" || var_repeatingEvery == "Monthly"): null

2019-12-12 07:32:10 - [TEST_STEP][FAILED] - else: Unable to click on object 'Object Repository/object_reservation/button_Return To Reservation' (Root cause: com.kms.katalon.core.exception.StepFailedException: Unable to click on object 'Object Repository/object_reservation/button_Return To Reservation'
	at com.kms.katalon.core.webui.keyword.internal.WebUIKeywordMain.stepFailed(WebUIKeywordMain.groovy:64)
	at com.kms.katalon.core.webui.keyword.internal.WebUIKeywordMain.runKeyword(WebUIKeywordMain.groovy:26)
	at com.kms.katalon.core.webui.keyword.builtin.ClickKeyword.click(ClickKeyword.groovy:99)
	at com.kms.katalon.core.webui.keyword.builtin.ClickKeyword.execute(ClickKeyword.groovy:43)
	at com.kms.katalon.core.keyword.internal.KeywordExecutor.executeKeywordForPlatform(KeywordExecutor.groovy:60)
	at com.kms.katalon.core.webui.keyword.WebUiBuiltInKeywords.click(WebUiBuiltInKeywords.groovy:616)
	at com.kms.katalon.core.webui.keyword.WebUiBuiltInKeywords$click$2.call(Unknown Source)
	at p4p_newReservation.run(p4p_newReservation:658)
	at com.kms.katalon.core.main.ScriptEngine.run(ScriptEngine.java:194)
	at com.kms.katalon.core.main.ScriptEngine.runScriptAsRawText(ScriptEngine.java:119)
	at com.kms.katalon.core.main.TestCaseExecutor.runScript(TestCaseExecutor.java:337)
	at com.kms.katalon.core.main.TestCaseExecutor.doExecute(TestCaseExecutor.java:328)
	at com.kms.katalon.core.main.TestCaseExecutor.processExecutionPhase(TestCaseExecutor.java:307)
	at com.kms.katalon.core.main.TestCaseExecutor.accessMainPhase(TestCaseExecutor.java:299)
	at com.kms.katalon.core.main.TestCaseExecutor.execute(TestCaseExecutor.java:233)
	at com.kms.katalon.core.main.TestSuiteExecutor.accessTestCaseMainPhase(TestSuiteExecutor.java:169)
	at com.kms.katalon.core.main.TestSuiteExecutor.accessTestSuiteMainPhase(TestSuiteExecutor.java:142)
	at com.kms.katalon.core.main.TestSuiteExecutor.execute(TestSuiteExecutor.java:91)
	at com.kms.katalon.core.main.TestCaseMain.startTestSuite(TestCaseMain.java:157)
	at com.kms.katalon.core.main.TestCaseMain$startTestSuite$0.call(Unknown Source)
	at TempTestSuite1576156939576.run(TempTestSuite1576156939576.groovy:36)
Caused by: com.kms.katalon.core.webui.exception.WebElementNotFoundException: Web element with id: 'Object Repository/object_reservation/button_Return To Reservation' located by 'By.xpath: (//button[@type='button'])[13]' not found
	at com.kms.katalon.core.webui.common.WebUiCommonHelper.findWebElement(WebUiCommonHelper.java:1113)
	at com.kms.katalon.core.webui.keyword.internal.WebUIAbstractKeyword.findWebElement(WebUIAbstractKeyword.groovy:27)
	at com.kms.katalon.core.webui.keyword.internal.WebUIAbstractKeyword.findWebElement(WebUIAbstractKeyword.groovy:26)
	at com.kms.katalon.core.webui.keyword.builtin.ClickKeyword$_click_closure1.doCall(ClickKeyword.groovy:68)
	at com.kms.katalon.core.webui.keyword.builtin.ClickKeyword$_click_closure1.call(ClickKeyword.groovy)
	at com.kms.katalon.core.webui.keyword.internal.WebUIKeywordMain.runKeyword(WebUIKeywordMain.groovy:20)
	at com.kms.katalon.core.webui.keyword.builtin.ClickKeyword.click(ClickKeyword.groovy:99)
	at com.kms.katalon.core.webui.keyword.builtin.ClickKeyword.execute(ClickKeyword.groovy:43)
	at com.kms.katalon.core.keyword.internal.KeywordExecutor.executeKeywordForPlatform(KeywordExecutor.groovy:60)
	at com.kms.katalon.core.webui.keyword.WebUiBuiltInKeywords.click(WebUiBuiltInKeywords.groovy:616)
	at com.kms.katalon.core.webui.keyword.WebUiBuiltInKeywords$click$2.call(Unknown Source)
	at Script1574443748278.run(Script1574443748278.groovy:658)
	... 13 more
)

2019-12-12 07:32:10 - [TEST_STEP][PASSED] - delay(2): Delayed 2 second(s)

2019-12-12 07:32:12 - [MESSAGE][PASSED] - Delayed 2 second(s)

2019-12-12 07:32:12 - [TEST_STEP][FAILED] - click(findTestObject("Object Repository/object_reservation/button_Return To Reservation")): Unable to click on object 'Object Repository/object_reservation/button_Return To Reservation' (Root cause: com.kms.katalon.core.exception.StepFailedException: Unable to click on object 'Object Repository/object_reservation/button_Return To Reservation'
	at com.kms.katalon.core.webui.keyword.internal.WebUIKeywordMain.stepFailed(WebUIKeywordMain.groovy:64)
	at com.kms.katalon.core.webui.keyword.internal.WebUIKeywordMain.runKeyword(WebUIKeywordMain.groovy:26)
	at com.kms.katalon.core.webui.keyword.builtin.ClickKeyword.click(ClickKeyword.groovy:99)
	at com.kms.katalon.core.webui.keyword.builtin.ClickKeyword.execute(ClickKeyword.groovy:43)
	at com.kms.katalon.core.keyword.internal.KeywordExecutor.executeKeywordForPlatform(KeywordExecutor.groovy:60)
	at com.kms.katalon.core.webui.keyword.WebUiBuiltInKeywords.click(WebUiBuiltInKeywords.groovy:616)
	at com.kms.katalon.core.webui.keyword.WebUiBuiltInKeywords$click$2.call(Unknown Source)
	at p4p_newReservation.run(p4p_newReservation:658)
	at com.kms.katalon.core.main.ScriptEngine.run(ScriptEngine.java:194)
	at com.kms.katalon.core.main.ScriptEngine.runScriptAsRawText(ScriptEngine.java:119)
	at com.kms.katalon.core.main.TestCaseExecutor.runScript(TestCaseExecutor.java:337)
	at com.kms.katalon.core.main.TestCaseExecutor.doExecute(TestCaseExecutor.java:328)
	at com.kms.katalon.core.main.TestCaseExecutor.processExecutionPhase(TestCaseExecutor.java:307)
	at com.kms.katalon.core.main.TestCaseExecutor.accessMainPhase(TestCaseExecutor.java:299)
	at com.kms.katalon.core.main.TestCaseExecutor.execute(TestCaseExecutor.java:233)
	at com.kms.katalon.core.main.TestSuiteExecutor.accessTestCaseMainPhase(TestSuiteExecutor.java:169)
	at com.kms.katalon.core.main.TestSuiteExecutor.accessTestSuiteMainPhase(TestSuiteExecutor.java:142)
	at com.kms.katalon.core.main.TestSuiteExecutor.execute(TestSuiteExecutor.java:91)
	at com.kms.katalon.core.main.TestCaseMain.startTestSuite(TestCaseMain.java:157)
	at com.kms.katalon.core.main.TestCaseMain$startTestSuite$0.call(Unknown Source)
	at TempTestSuite1576156939576.run(TempTestSuite1576156939576.groovy:36)
Caused by: com.kms.katalon.core.webui.exception.WebElementNotFoundException: Web element with id: 'Object Repository/object_reservation/button_Return To Reservation' located by 'By.xpath: (//button[@type='button'])[13]' not found
	at com.kms.katalon.core.webui.common.WebUiCommonHelper.findWebElement(WebUiCommonHelper.java:1113)
	at com.kms.katalon.core.webui.keyword.internal.WebUIAbstractKeyword.findWebElement(WebUIAbstractKeyword.groovy:27)
	at com.kms.katalon.core.webui.keyword.internal.WebUIAbstractKeyword.findWebElement(WebUIAbstractKeyword.groovy:26)
	at com.kms.katalon.core.webui.keyword.builtin.ClickKeyword$_click_closure1.doCall(ClickKeyword.groovy:68)
	at com.kms.katalon.core.webui.keyword.builtin.ClickKeyword$_click_closure1.call(ClickKeyword.groovy)
	at com.kms.katalon.core.webui.keyword.internal.WebUIKeywordMain.runKeyword(WebUIKeywordMain.groovy:20)
	at com.kms.katalon.core.webui.keyword.builtin.ClickKeyword.click(ClickKeyword.groovy:99)
	at com.kms.katalon.core.webui.keyword.builtin.ClickKeyword.execute(ClickKeyword.groovy:43)
	at com.kms.katalon.core.keyword.internal.KeywordExecutor.executeKeywordForPlatform(KeywordExecutor.groovy:60)
	at com.kms.katalon.core.webui.keyword.WebUiBuiltInKeywords.click(WebUiBuiltInKeywords.groovy:616)
	at com.kms.katalon.core.webui.keyword.WebUiBuiltInKeywords$click$2.call(Unknown Source)
	at Script1574443748278.run(Script1574443748278.groovy:658)
	... 13 more
)

2019-12-12 07:32:56 - [MESSAGE][INFO] - Unable to find the element located by 'By.xpath: (//button[@type='button'])[13]'. Please recheck the objects properties to make sure the desired element is located. 

2019-12-12 07:32:56 - [MESSAGE][FAILED] - Unable to click on object 'Object Repository/object_reservation/button_Return To Reservation' (Root cause: com.kms.katalon.core.exception.StepFailedException: Unable to click on object 'Object Repository/object_reservation/button_Return To Reservation'
	at com.kms.katalon.core.webui.keyword.internal.WebUIKeywordMain.stepFailed(WebUIKeywordMain.groovy:64)
	at com.kms.katalon.core.webui.keyword.internal.WebUIKeywordMain.runKeyword(WebUIKeywordMain.groovy:26)
	at com.kms.katalon.core.webui.keyword.builtin.ClickKeyword.click(ClickKeyword.groovy:99)
	at com.kms.katalon.core.webui.keyword.builtin.ClickKeyword.execute(ClickKeyword.groovy:43)
	at com.kms.katalon.core.keyword.internal.KeywordExecutor.executeKeywordForPlatform(KeywordExecutor.groovy:60)
	at com.kms.katalon.core.webui.keyword.WebUiBuiltInKeywords.click(WebUiBuiltInKeywords.groovy:616)
	at com.kms.katalon.core.webui.keyword.WebUiBuiltInKeywords$click$2.call(Unknown Source)
	at p4p_newReservation.run(p4p_newReservation:658)
	at com.kms.katalon.core.main.ScriptEngine.run(ScriptEngine.java:194)
	at com.kms.katalon.core.main.ScriptEngine.runScriptAsRawText(ScriptEngine.java:119)
	at com.kms.katalon.core.main.TestCaseExecutor.runScript(TestCaseExecutor.java:337)
	at com.kms.katalon.core.main.TestCaseExecutor.doExecute(TestCaseExecutor.java:328)
	at com.kms.katalon.core.main.TestCaseExecutor.processExecutionPhase(TestCaseExecutor.java:307)
	at com.kms.katalon.core.main.TestCaseExecutor.accessMainPhase(TestCaseExecutor.java:299)
	at com.kms.katalon.core.main.TestCaseExecutor.execute(TestCaseExecutor.java:233)
	at com.kms.katalon.core.main.TestSuiteExecutor.accessTestCaseMainPhase(TestSuiteExecutor.java:169)
	at com.kms.katalon.core.main.TestSuiteExecutor.accessTestSuiteMainPhase(TestSuiteExecutor.java:142)
	at com.kms.katalon.core.main.TestSuiteExecutor.execute(TestSuiteExecutor.java:91)
	at com.kms.katalon.core.main.TestCaseMain.startTestSuite(TestCaseMain.java:157)
	at com.kms.katalon.core.main.TestCaseMain$startTestSuite$0.call(Unknown Source)
	at TempTestSuite1576156939576.run(TempTestSuite1576156939576.groovy:36)
Caused by: com.kms.katalon.core.webui.exception.WebElementNotFoundException: Web element with id: 'Object Repository/object_reservation/button_Return To Reservation' located by 'By.xpath: (//button[@type='button'])[13]' not found
	at com.kms.katalon.core.webui.common.WebUiCommonHelper.findWebElement(WebUiCommonHelper.java:1113)
	at com.kms.katalon.core.webui.keyword.internal.WebUIAbstractKeyword.findWebElement(WebUIAbstractKeyword.groovy:27)
	at com.kms.katalon.core.webui.keyword.internal.WebUIAbstractKeyword.findWebElement(WebUIAbstractKeyword.groovy:26)
	at com.kms.katalon.core.webui.keyword.builtin.ClickKeyword$_click_closure1.doCall(ClickKeyword.groovy:68)
	at com.kms.katalon.core.webui.keyword.builtin.ClickKeyword$_click_closure1.call(ClickKeyword.groovy)
	at com.kms.katalon.core.webui.keyword.internal.WebUIKeywordMain.runKeyword(WebUIKeywordMain.groovy:20)
	at com.kms.katalon.core.webui.keyword.builtin.ClickKeyword.click(ClickKeyword.groovy:99)
	at com.kms.katalon.core.webui.keyword.builtin.ClickKeyword.execute(ClickKeyword.groovy:43)
	at com.kms.katalon.core.keyword.internal.KeywordExecutor.executeKeywordForPlatform(KeywordExecutor.groovy:60)
	at com.kms.katalon.core.webui.keyword.WebUiBuiltInKeywords.click(WebUiBuiltInKeywords.groovy:616)
	at com.kms.katalon.core.webui.keyword.WebUiBuiltInKeywords$click$2.call(Unknown Source)
	at Script1574443748278.run(Script1574443748278.groovy:658)
	... 13 more
)
[[ATTACHMENT|/home/leonardo-arkusmty/Documents/workspaceKatalon/p4ptest/Reports/20191212_072219/ts_newReservationDaycare/20191212_072219/1576157576209.png]]]]></system-out>
         <system-err><![CDATA[2019-12-12 07:31:04 - [TEST_CASE][FAILED] - Test Cases/p4p_newReservation: Test Cases/p4p_newReservation FAILED.
Reason:
com.kms.katalon.core.exception.StepFailedException: Unable to click on object 'Object Repository/object_reservation/button_Return To Reservation'
	at com.kms.katalon.core.webui.keyword.internal.WebUIKeywordMain.stepFailed(WebUIKeywordMain.groovy:64)
	at com.kms.katalon.core.webui.keyword.internal.WebUIKeywordMain.runKeyword(WebUIKeywordMain.groovy:26)
	at com.kms.katalon.core.webui.keyword.builtin.ClickKeyword.click(ClickKeyword.groovy:99)
	at com.kms.katalon.core.webui.keyword.builtin.ClickKeyword.execute(ClickKeyword.groovy:43)
	at com.kms.katalon.core.keyword.internal.KeywordExecutor.executeKeywordForPlatform(KeywordExecutor.groovy:60)
	at com.kms.katalon.core.webui.keyword.WebUiBuiltInKeywords.click(WebUiBuiltInKeywords.groovy:616)
	at com.kms.katalon.core.webui.keyword.WebUiBuiltInKeywords$click$2.call(Unknown Source)
	at p4p_newReservation.run(p4p_newReservation:658)
	at com.kms.katalon.core.main.ScriptEngine.run(ScriptEngine.java:194)
	at com.kms.katalon.core.main.ScriptEngine.runScriptAsRawText(ScriptEngine.java:119)
	at com.kms.katalon.core.main.TestCaseExecutor.runScript(TestCaseExecutor.java:337)
	at com.kms.katalon.core.main.TestCaseExecutor.doExecute(TestCaseExecutor.java:328)
	at com.kms.katalon.core.main.TestCaseExecutor.processExecutionPhase(TestCaseExecutor.java:307)
	at com.kms.katalon.core.main.TestCaseExecutor.accessMainPhase(TestCaseExecutor.java:299)
	at com.kms.katalon.core.main.TestCaseExecutor.execute(TestCaseExecutor.java:233)
	at com.kms.katalon.core.main.TestSuiteExecutor.accessTestCaseMainPhase(TestSuiteExecutor.java:169)
	at com.kms.katalon.core.main.TestSuiteExecutor.accessTestSuiteMainPhase(TestSuiteExecutor.java:142)
	at com.kms.katalon.core.main.TestSuiteExecutor.execute(TestSuiteExecutor.java:91)
	at com.kms.katalon.core.main.TestCaseMain.startTestSuite(TestCaseMain.java:157)
	at com.kms.katalon.core.main.TestCaseMain$startTestSuite$0.call(Unknown Source)
	at TempTestSuite1576156939576.run(TempTestSuite1576156939576.groovy:36)
Caused by: com.kms.katalon.core.webui.exception.WebElementNotFoundException: Web element with id: 'Object Repository/object_reservation/button_Return To Reservation' located by 'By.xpath: (//button[@type='button'])[13]' not found
	at com.kms.katalon.core.webui.common.WebUiCommonHelper.findWebElement(WebUiCommonHelper.java:1113)
	at com.kms.katalon.core.webui.keyword.internal.WebUIAbstractKeyword.findWebElement(WebUIAbstractKeyword.groovy:27)
	at com.kms.katalon.core.webui.keyword.internal.WebUIAbstractKeyword.findWebElement(WebUIAbstractKeyword.groovy:26)
	at com.kms.katalon.core.webui.keyword.builtin.ClickKeyword$_click_closure1.doCall(ClickKeyword.groovy:68)
	at com.kms.katalon.core.webui.keyword.builtin.ClickKeyword$_click_closure1.call(ClickKeyword.groovy)
	at com.kms.katalon.core.webui.keyword.internal.WebUIKeywordMain.runKeyword(WebUIKeywordMain.groovy:20)
	... 19 more]]></system-err>
      </testcase>
      <testcase name="Test Cases/p4p_newReservation" time="59.742" classname="Test Cases/p4p_newReservation" status="PASSED">
         <system-out><![CDATA[2019-12-12 07:32:56 - [TEST_CASE][PASSED] - Test Cases/p4p_newReservation: Test Cases/p4p_newReservation

2019-12-12 07:32:56 - [TEST_STEP][PASSED] - openBrowser("https://p4p-qa-bg.aws.paradise4paws.com/login/"): Browser is opened with url: 'https://p4p-qa-bg.aws.paradise4paws.com/login/'

2019-12-12 07:32:56 - [MESSAGE][WARNING] - A browser is already opened. Closing browser and opening a new one

2019-12-12 07:32:57 - [MESSAGE][INFO] - Starting 'Firefox' driver

2019-12-12 07:33:01 - [MESSAGE][PASSED] - Browser is opened with url: 'https://p4p-qa-bg.aws.paradise4paws.com/login/'

2019-12-12 07:33:01 - [TEST_STEP][PASSED] - setText(findTestObject("Object Repository/object_login/input_user"), var_user): Text 'jegchavez@gmail.com' is set on object 'Object Repository/object_login/input_user'

2019-12-12 07:33:02 - [MESSAGE][PASSED] - Text 'jegchavez@gmail.com' is set on object 'Object Repository/object_login/input_user'

2019-12-12 07:33:02 - [TEST_STEP][PASSED] - setText(findTestObject("Object Repository/object_login/input_pass"), var_pass): Text 'admin1' is set on object 'Object Repository/object_login/input_pass'

2019-12-12 07:33:02 - [MESSAGE][PASSED] - Text 'admin1' is set on object 'Object Repository/object_login/input_pass'

2019-12-12 07:33:02 - [TEST_STEP][PASSED] - delay(2): Delayed 2 second(s)

2019-12-12 07:33:04 - [MESSAGE][PASSED] - Delayed 2 second(s)

2019-12-12 07:33:04 - [TEST_STEP][PASSED] - verifyElementClickable(findTestObject("Object Repository/object_login/btn_login")): Object 'Object Repository/object_login/btn_login' is clickable

2019-12-12 07:33:04 - [MESSAGE][PASSED] - Object 'Object Repository/object_login/btn_login' is clickable

2019-12-12 07:33:04 - [TEST_STEP][PASSED] - click(findTestObject("Object Repository/object_login/btn_login")): Object: 'Object Repository/object_login/btn_login' is clicked on

2019-12-12 07:33:09 - [MESSAGE][PASSED] - Object: 'Object Repository/object_login/btn_login' is clicked on

2019-12-12 07:33:09 - [TEST_STEP][PASSED] - delay(2): Delayed 2 second(s)

2019-12-12 07:33:11 - [MESSAGE][PASSED] - Delayed 2 second(s)

2019-12-12 07:33:11 - [TEST_STEP][PASSED] - setText(findTestObject("Object Repository/object_dashboard_emp/input_search"), var_searchParent): Text 'leongarzagarza@hotmail.com' is set on object 'Object Repository/object_dashboard_emp/input_search'

2019-12-12 07:33:11 - [MESSAGE][PASSED] - Text 'leongarzagarza@hotmail.com' is set on object 'Object Repository/object_dashboard_emp/input_search'

2019-12-12 07:33:11 - [TEST_STEP][PASSED] - click(findTestObject("Object Repository/object_dashboard_emp/btn_accountSearch")): Object: 'Object Repository/object_dashboard_emp/btn_accountSearch' is clicked on

2019-12-12 07:33:12 - [MESSAGE][PASSED] - Object: 'Object Repository/object_dashboard_emp/btn_accountSearch' is clicked on

2019-12-12 07:33:12 - [TEST_STEP][PASSED] - delay(2): Delayed 2 second(s)

2019-12-12 07:33:14 - [MESSAGE][PASSED] - Delayed 2 second(s)

2019-12-12 07:33:14 - [TEST_STEP][PASSED] - click(findTestObject("Object Repository/object_accountInformation/a_TEST GABRIEL PROD")): Object: 'Object Repository/object_accountInformation/a_TEST GABRIEL PROD' is clicked on

2019-12-12 07:33:17 - [MESSAGE][PASSED] - Object: 'Object Repository/object_accountInformation/a_TEST GABRIEL PROD' is clicked on

2019-12-12 07:33:17 - [TEST_STEP][PASSED] - delay(2): Delayed 2 second(s)

2019-12-12 07:33:19 - [MESSAGE][PASSED] - Delayed 2 second(s)

2019-12-12 07:33:19 - [TEST_STEP][PASSED] - click(findTestObject("Object Repository/object_profile/a_addReservation")): Object: 'Object Repository/object_profile/a_addReservation' is clicked on

2019-12-12 07:33:21 - [MESSAGE][PASSED] - Object: 'Object Repository/object_profile/a_addReservation' is clicked on

2019-12-12 07:33:21 - [TEST_STEP][PASSED] - delay(2): Delayed 2 second(s)

2019-12-12 07:33:23 - [MESSAGE][PASSED] - Delayed 2 second(s)

2019-12-12 07:33:23 - [TEST_STEP][PASSED] - flagBoar = "0": null

2019-12-12 07:33:23 - [TEST_STEP][PASSED] - log = new com.kms.katalon.core.logging.KeywordLogger(): null

2019-12-12 07:33:23 - [TEST_STEP][PASSED] - log.logInfo(var_typeReserveation): Daycare

2019-12-12 07:33:23 - [MESSAGE][INFO] - Daycare

2019-12-12 07:33:23 - [TEST_STEP][PASSED] - if (var_typeReserveation == "Boarding"): null

2019-12-12 07:33:23 - [TEST_STEP][PASSED] - else if (var_typeReserveation == "Daycare"): Object: 'Object Repository/object_reservation/btn_Daycare' is clicked on

2019-12-12 07:33:23 - [TEST_STEP][PASSED] - flagBoar = "2": null

2019-12-12 07:33:23 - [TEST_STEP][PASSED] - click(findTestObject("object_reservation/btn_Daycare")): Object: 'Object Repository/object_reservation/btn_Daycare' is clicked on

2019-12-12 07:33:23 - [MESSAGE][PASSED] - Object: 'Object Repository/object_reservation/btn_Daycare' is clicked on

2019-12-12 07:33:23 - [TEST_STEP][PASSED] - click(findTestObject("Object Repository/object_reservation/i_location")): Object: 'Object Repository/object_reservation/i_location' is clicked on

2019-12-12 07:33:26 - [MESSAGE][PASSED] - Object: 'Object Repository/object_reservation/i_location' is clicked on

2019-12-12 07:33:26 - [TEST_STEP][PASSED] - switch (var_idFacility): null

2019-12-12 07:33:26 - [TEST_STEP][PASSED] - dateCI = var_checkinD.split(","): null

2019-12-12 07:33:26 - [TEST_STEP][PASSED] - dateCO = var_checkoutD.split(","): null

2019-12-12 07:33:26 - [TEST_STEP][PASSED] - arryPets = var_pets.split(","): null

2019-12-12 07:33:26 - [TEST_STEP][PASSED] - delay(2): Delayed 2 second(s)

2019-12-12 07:33:28 - [MESSAGE][PASSED] - Delayed 2 second(s)

2019-12-12 07:33:28 - [TEST_STEP][PASSED] - click(findTestObject("Object Repository/object_reservation/dateCheckIn")): Object: 'Object Repository/object_reservation/dateCheckIn' is clicked on

2019-12-12 07:33:28 - [MESSAGE][PASSED] - Object: 'Object Repository/object_reservation/dateCheckIn' is clicked on

2019-12-12 07:33:28 - [TEST_STEP][PASSED] - switch (dateCI[0]): null

2019-12-12 07:33:28 - [TEST_STEP][PASSED] - case "30":: null

2019-12-12 07:33:28 - [TEST_STEP][PASSED] - click(findTestObject("Object Repository/Page_Paradise 4 Paws  Dog Boarding Cat Boarding Norwalk Pooch Hotel/button_30_ci")): Object: 'Object Repository/Page_Paradise 4 Paws  Dog Boarding Cat Boarding Norwalk Pooch Hotel/button_30_ci' is clicked on

2019-12-12 07:33:29 - [MESSAGE][PASSED] - Object: 'Object Repository/Page_Paradise 4 Paws  Dog Boarding Cat Boarding Norwalk Pooch Hotel/button_30_ci' is clicked on

2019-12-12 07:33:29 - [TEST_STEP][PASSED] - break: null

2019-12-12 07:33:29 - [TEST_STEP][PASSED] - log.logInfo("PRUEBA FLAG"): PRUEBA FLAG

2019-12-12 07:33:29 - [MESSAGE][INFO] - PRUEBA FLAG

2019-12-12 07:33:29 - [TEST_STEP][PASSED] - log.logInfo(flagBoar): 2

2019-12-12 07:33:29 - [MESSAGE][INFO] - 2

2019-12-12 07:33:29 - [TEST_STEP][PASSED] - if (flagBoar == "1"): null

2019-12-12 07:33:29 - [TEST_STEP][NOT_RUN] - click(findTestObject("Object Repository/object_reservationCalendar/CO_close")): NOT_RUN: click(findTestObject("Object Repository/object_reservationCalendar/CO_close"))

2019-12-12 07:33:29 - [MESSAGE][NOT_RUN] - NOT_RUN: click(findTestObject("Object Repository/object_reservationCalendar/CO_close"))

2019-12-12 07:33:29 - [TEST_STEP][PASSED] - click(findTestObject("Object Repository/object_reservation/timeCheckin")): Object: 'Object Repository/object_reservation/timeCheckin' is clicked on

2019-12-12 07:33:30 - [MESSAGE][PASSED] - Object: 'Object Repository/object_reservation/timeCheckin' is clicked on

2019-12-12 07:33:30 - [TEST_STEP][PASSED] - log.logInfo("test timePicker"): test timePicker

2019-12-12 07:33:30 - [MESSAGE][INFO] - test timePicker

2019-12-12 07:33:30 - [TEST_STEP][PASSED] - switch (var_checkinT): null

2019-12-12 07:33:30 - [TEST_STEP][PASSED] - case "800":: null

2019-12-12 07:33:30 - [TEST_STEP][PASSED] - click(findTestObject("Object Repository/Page_Paradise 4 Paws  Dog Boarding Cat Boarding Norwalk Pooch Hotel/time_800am_ci")): Object: 'Object Repository/Page_Paradise 4 Paws  Dog Boarding Cat Boarding Norwalk Pooch Hotel/time_800am_ci' is clicked on

2019-12-12 07:33:31 - [MESSAGE][PASSED] - Object: 'Object Repository/Page_Paradise 4 Paws  Dog Boarding Cat Boarding Norwalk Pooch Hotel/time_800am_ci' is clicked on

2019-12-12 07:33:31 - [TEST_STEP][PASSED] - break: null

2019-12-12 07:33:31 - [TEST_STEP][PASSED] - click(findTestObject("Object Repository/object_reservation/timeCheckOut")): Object: 'Object Repository/object_reservation/timeCheckOut' is clicked on

2019-12-12 07:33:31 - [MESSAGE][PASSED] - Object: 'Object Repository/object_reservation/timeCheckOut' is clicked on

2019-12-12 07:33:31 - [TEST_STEP][PASSED] - switch (var_checkoutT): null

2019-12-12 07:33:31 - [TEST_STEP][PASSED] - case "1200":: null

2019-12-12 07:33:31 - [TEST_STEP][PASSED] - log.logInfo("test 1200"): test 1200

2019-12-12 07:33:31 - [MESSAGE][INFO] - test 1200

2019-12-12 07:33:31 - [TEST_STEP][PASSED] - click(findTestObject("Object Repository/Page_Paradise 4 Paws  Dog Boarding Cat Boarding Norwalk Pooch Hotel/time_1200pm_co")): Object: 'Object Repository/Page_Paradise 4 Paws  Dog Boarding Cat Boarding Norwalk Pooch Hotel/time_1200pm_co' is clicked on

2019-12-12 07:33:32 - [MESSAGE][PASSED] - Object: 'Object Repository/Page_Paradise 4 Paws  Dog Boarding Cat Boarding Norwalk Pooch Hotel/time_1200pm_co' is clicked on

2019-12-12 07:33:32 - [TEST_STEP][PASSED] - break: null

2019-12-12 07:33:32 - [TEST_STEP][PASSED] - delay(2): Delayed 2 second(s)

2019-12-12 07:33:34 - [MESSAGE][PASSED] - Delayed 2 second(s)

2019-12-12 07:33:34 - [TEST_STEP][PASSED] - log.logInfo("-- ANTES REPEATING --"): -- ANTES REPEATING --

2019-12-12 07:33:34 - [MESSAGE][INFO] - -- ANTES REPEATING --

2019-12-12 07:33:34 - [TEST_STEP][PASSED] - if (var_repeting == "Y"): null

2019-12-12 07:33:34 - [TEST_STEP][PASSED] - log.logInfo(var_pets): Ares

2019-12-12 07:33:34 - [MESSAGE][INFO] - Ares

2019-12-12 07:33:34 - [TEST_STEP][PASSED] - if (arryPets.size() == 1): Object: 'Object Repository/object_reservation/Page_Paradise 4 Paws  Dog Boarding Cat Boarding Norwalk Pooch Hotel/div_Ares' is clicked on

2019-12-12 07:33:34 - [TEST_STEP][PASSED] - click(findTestObject("Object Repository/object_reservation/Page_Paradise 4 Paws  Dog Boarding Cat Boarding Norwalk Pooch Hotel/div_Ares")): Object: 'Object Repository/object_reservation/Page_Paradise 4 Paws  Dog Boarding Cat Boarding Norwalk Pooch Hotel/div_Ares' is clicked on

2019-12-12 07:33:35 - [MESSAGE][PASSED] - Object: 'Object Repository/object_reservation/Page_Paradise 4 Paws  Dog Boarding Cat Boarding Norwalk Pooch Hotel/div_Ares' is clicked on

2019-12-12 07:33:35 - [TEST_STEP][NOT_RUN] - click(findTestObject("object_reservations/i_Day_fa fa-circle-o ng-scope")): NOT_RUN: click(findTestObject("object_reservations/i_Day_fa fa-circle-o ng-scope"))

2019-12-12 07:33:35 - [MESSAGE][NOT_RUN] - NOT_RUN: click(findTestObject("object_reservations/i_Day_fa fa-circle-o ng-scope"))

2019-12-12 07:33:35 - [TEST_STEP][PASSED] - if (flagBoar == "1" || flagBoar == "2"): Object: 'Object Repository/object_reservation/div_suite_rad_deluxe' is clicked on

2019-12-12 07:33:35 - [TEST_STEP][PASSED] - click(findTestObject("Object Repository/object_reservation/div_suite_rad_deluxe")): Object: 'Object Repository/object_reservation/div_suite_rad_deluxe' is clicked on

2019-12-12 07:33:39 - [MESSAGE][PASSED] - Object: 'Object Repository/object_reservation/div_suite_rad_deluxe' is clicked on

2019-12-12 07:33:39 - [TEST_STEP][PASSED] - click(findTestObject("Object Repository/object_reservation/btn_next2")): Object: 'Object Repository/object_reservation/btn_next2' is clicked on

2019-12-12 07:33:40 - [MESSAGE][PASSED] - Object: 'Object Repository/object_reservation/btn_next2' is clicked on

2019-12-12 07:33:40 - [TEST_STEP][PASSED] - delay(3): Delayed 3 second(s)

2019-12-12 07:33:43 - [MESSAGE][PASSED] - Delayed 3 second(s)

2019-12-12 07:33:43 - [TEST_STEP][PASSED] - if (flagBoar == "1"): null

2019-12-12 07:33:43 - [TEST_STEP][PASSED] - delay(2): Delayed 2 second(s)

2019-12-12 07:33:45 - [MESSAGE][PASSED] - Delayed 2 second(s)

2019-12-12 07:33:45 - [TEST_STEP][PASSED] - click(findTestObject("Object Repository/object_reservation/btn_next2")): Object: 'Object Repository/object_reservation/btn_next2' is clicked on

2019-12-12 07:33:46 - [MESSAGE][PASSED] - Object: 'Object Repository/object_reservation/btn_next2' is clicked on

2019-12-12 07:33:46 - [TEST_STEP][PASSED] - click(findTestObject("Object Repository/object_reservation/button_Submit Reservation")): Object: 'Object Repository/object_reservation/button_Submit Reservation' is clicked on

2019-12-12 07:33:48 - [MESSAGE][PASSED] - Object: 'Object Repository/object_reservation/button_Submit Reservation' is clicked on

2019-12-12 07:33:48 - [TEST_STEP][PASSED] - delay(2): Delayed 2 second(s)

2019-12-12 07:33:50 - [MESSAGE][PASSED] - Delayed 2 second(s)

2019-12-12 07:33:50 - [TEST_STEP][PASSED] - if (flagBoar == "2" && var_repeatingEvery == "Daily" || var_repeatingEvery == "Monthly"): null

2019-12-12 07:33:50 - [TEST_STEP][PASSED] - else: Object: 'Object Repository/object_reservation/button_Return To Reservation' is clicked on

2019-12-12 07:33:50 - [TEST_STEP][PASSED] - delay(2): Delayed 2 second(s)

2019-12-12 07:33:52 - [MESSAGE][PASSED] - Delayed 2 second(s)

2019-12-12 07:33:52 - [TEST_STEP][PASSED] - click(findTestObject("Object Repository/object_reservation/button_Return To Reservation")): Object: 'Object Repository/object_reservation/button_Return To Reservation' is clicked on

2019-12-12 07:33:54 - [MESSAGE][PASSED] - Object: 'Object Repository/object_reservation/button_Return To Reservation' is clicked on

2019-12-12 07:33:54 - [TEST_STEP][PASSED] - delay(2): Delayed 2 second(s)

2019-12-12 07:33:56 - [MESSAGE][PASSED] - Delayed 2 second(s)]]></system-out>
         <system-err><![CDATA[]]></system-err>
      </testcase>
      <testcase name="Test Cases/p4p_newReservation" time="140.457" classname="Test Cases/p4p_newReservation" status="PASSED">
         <system-out><![CDATA[2019-12-12 07:33:56 - [TEST_CASE][PASSED] - Test Cases/p4p_newReservation: Test Cases/p4p_newReservation

2019-12-12 07:33:56 - [TEST_STEP][PASSED] - openBrowser("https://p4p-qa-bg.aws.paradise4paws.com/login/"): Browser is opened with url: 'https://p4p-qa-bg.aws.paradise4paws.com/login/'

2019-12-12 07:33:56 - [MESSAGE][WARNING] - A browser is already opened. Closing browser and opening a new one

2019-12-12 07:33:57 - [MESSAGE][INFO] - Starting 'Firefox' driver

2019-12-12 07:34:02 - [MESSAGE][PASSED] - Browser is opened with url: 'https://p4p-qa-bg.aws.paradise4paws.com/login/'

2019-12-12 07:34:02 - [TEST_STEP][PASSED] - setText(findTestObject("Object Repository/object_login/input_user"), var_user): Text 'jegchavez@gmail.com' is set on object 'Object Repository/object_login/input_user'

2019-12-12 07:34:02 - [MESSAGE][PASSED] - Text 'jegchavez@gmail.com' is set on object 'Object Repository/object_login/input_user'

2019-12-12 07:34:02 - [TEST_STEP][PASSED] - setText(findTestObject("Object Repository/object_login/input_pass"), var_pass): Text 'admin1' is set on object 'Object Repository/object_login/input_pass'

2019-12-12 07:34:03 - [MESSAGE][PASSED] - Text 'admin1' is set on object 'Object Repository/object_login/input_pass'

2019-12-12 07:34:03 - [TEST_STEP][PASSED] - delay(2): Delayed 2 second(s)

2019-12-12 07:34:05 - [MESSAGE][PASSED] - Delayed 2 second(s)

2019-12-12 07:34:05 - [TEST_STEP][PASSED] - verifyElementClickable(findTestObject("Object Repository/object_login/btn_login")): Object 'Object Repository/object_login/btn_login' is clickable

2019-12-12 07:34:05 - [MESSAGE][PASSED] - Object 'Object Repository/object_login/btn_login' is clickable

2019-12-12 07:34:05 - [TEST_STEP][PASSED] - click(findTestObject("Object Repository/object_login/btn_login")): Object: 'Object Repository/object_login/btn_login' is clicked on

2019-12-12 07:34:09 - [MESSAGE][PASSED] - Object: 'Object Repository/object_login/btn_login' is clicked on

2019-12-12 07:34:09 - [TEST_STEP][PASSED] - delay(2): Delayed 2 second(s)

2019-12-12 07:34:11 - [MESSAGE][PASSED] - Delayed 2 second(s)

2019-12-12 07:34:11 - [TEST_STEP][PASSED] - setText(findTestObject("Object Repository/object_dashboard_emp/input_search"), var_searchParent): Text 'leongarzagarza@hotmail.com' is set on object 'Object Repository/object_dashboard_emp/input_search'

2019-12-12 07:34:11 - [MESSAGE][PASSED] - Text 'leongarzagarza@hotmail.com' is set on object 'Object Repository/object_dashboard_emp/input_search'

2019-12-12 07:34:11 - [TEST_STEP][PASSED] - click(findTestObject("Object Repository/object_dashboard_emp/btn_accountSearch")): Object: 'Object Repository/object_dashboard_emp/btn_accountSearch' is clicked on

2019-12-12 07:34:12 - [MESSAGE][PASSED] - Object: 'Object Repository/object_dashboard_emp/btn_accountSearch' is clicked on

2019-12-12 07:34:12 - [TEST_STEP][PASSED] - delay(2): Delayed 2 second(s)

2019-12-12 07:34:14 - [MESSAGE][PASSED] - Delayed 2 second(s)

2019-12-12 07:34:14 - [TEST_STEP][PASSED] - click(findTestObject("Object Repository/object_accountInformation/a_TEST GABRIEL PROD")): Object: 'Object Repository/object_accountInformation/a_TEST GABRIEL PROD' is clicked on

2019-12-12 07:34:17 - [MESSAGE][PASSED] - Object: 'Object Repository/object_accountInformation/a_TEST GABRIEL PROD' is clicked on

2019-12-12 07:34:17 - [TEST_STEP][PASSED] - delay(2): Delayed 2 second(s)

2019-12-12 07:34:19 - [MESSAGE][PASSED] - Delayed 2 second(s)

2019-12-12 07:34:19 - [TEST_STEP][PASSED] - click(findTestObject("Object Repository/object_profile/a_addReservation")): Object: 'Object Repository/object_profile/a_addReservation' is clicked on

2019-12-12 07:34:20 - [MESSAGE][PASSED] - Object: 'Object Repository/object_profile/a_addReservation' is clicked on

2019-12-12 07:34:20 - [TEST_STEP][PASSED] - delay(2): Delayed 2 second(s)

2019-12-12 07:34:22 - [MESSAGE][PASSED] - Delayed 2 second(s)

2019-12-12 07:34:22 - [TEST_STEP][PASSED] - flagBoar = "0": null

2019-12-12 07:34:22 - [TEST_STEP][PASSED] - log = new com.kms.katalon.core.logging.KeywordLogger(): null

2019-12-12 07:34:22 - [TEST_STEP][PASSED] - log.logInfo(var_typeReserveation): Daycare

2019-12-12 07:34:22 - [MESSAGE][INFO] - Daycare

2019-12-12 07:34:22 - [TEST_STEP][PASSED] - if (var_typeReserveation == "Boarding"): null

2019-12-12 07:34:22 - [TEST_STEP][PASSED] - else if (var_typeReserveation == "Daycare"): Object: 'Object Repository/object_reservation/btn_Daycare' is clicked on

2019-12-12 07:34:22 - [TEST_STEP][PASSED] - flagBoar = "2": null

2019-12-12 07:34:22 - [TEST_STEP][PASSED] - click(findTestObject("object_reservation/btn_Daycare")): Object: 'Object Repository/object_reservation/btn_Daycare' is clicked on

2019-12-12 07:34:23 - [MESSAGE][PASSED] - Object: 'Object Repository/object_reservation/btn_Daycare' is clicked on

2019-12-12 07:34:23 - [TEST_STEP][PASSED] - click(findTestObject("Object Repository/object_reservation/i_location")): Object: 'Object Repository/object_reservation/i_location' is clicked on

2019-12-12 07:34:25 - [MESSAGE][PASSED] - Object: 'Object Repository/object_reservation/i_location' is clicked on

2019-12-12 07:34:25 - [TEST_STEP][PASSED] - switch (var_idFacility): null

2019-12-12 07:34:25 - [TEST_STEP][PASSED] - dateCI = var_checkinD.split(","): null

2019-12-12 07:34:25 - [TEST_STEP][PASSED] - dateCO = var_checkoutD.split(","): null

2019-12-12 07:34:25 - [TEST_STEP][PASSED] - arryPets = var_pets.split(","): null

2019-12-12 07:34:25 - [TEST_STEP][PASSED] - delay(2): Delayed 2 second(s)

2019-12-12 07:34:27 - [MESSAGE][PASSED] - Delayed 2 second(s)

2019-12-12 07:34:27 - [TEST_STEP][PASSED] - click(findTestObject("Object Repository/object_reservation/dateCheckIn")): Object: 'Object Repository/object_reservation/dateCheckIn' is clicked on

2019-12-12 07:34:28 - [MESSAGE][PASSED] - Object: 'Object Repository/object_reservation/dateCheckIn' is clicked on

2019-12-12 07:34:28 - [TEST_STEP][PASSED] - switch (dateCI[0]): null

2019-12-12 07:34:28 - [TEST_STEP][PASSED] - case "31":: null

2019-12-12 07:34:28 - [TEST_STEP][PASSED] - click(findTestObject("Object Repository/Page_Paradise 4 Paws  Dog Boarding Cat Boarding Norwalk Pooch Hotel/button_31_ci")): Object: 'Object Repository/Page_Paradise 4 Paws  Dog Boarding Cat Boarding Norwalk Pooch Hotel/button_31_ci' is clicked on

2019-12-12 07:34:29 - [MESSAGE][PASSED] - Object: 'Object Repository/Page_Paradise 4 Paws  Dog Boarding Cat Boarding Norwalk Pooch Hotel/button_31_ci' is clicked on

2019-12-12 07:34:29 - [TEST_STEP][PASSED] - break: null

2019-12-12 07:34:29 - [TEST_STEP][PASSED] - log.logInfo("PRUEBA FLAG"): PRUEBA FLAG

2019-12-12 07:34:29 - [MESSAGE][INFO] - PRUEBA FLAG

2019-12-12 07:34:29 - [TEST_STEP][PASSED] - log.logInfo(flagBoar): 2

2019-12-12 07:34:29 - [MESSAGE][INFO] - 2

2019-12-12 07:34:29 - [TEST_STEP][PASSED] - if (flagBoar == "1"): null

2019-12-12 07:34:29 - [TEST_STEP][NOT_RUN] - click(findTestObject("Object Repository/object_reservationCalendar/CO_close")): NOT_RUN: click(findTestObject("Object Repository/object_reservationCalendar/CO_close"))

2019-12-12 07:34:29 - [MESSAGE][NOT_RUN] - NOT_RUN: click(findTestObject("Object Repository/object_reservationCalendar/CO_close"))

2019-12-12 07:34:29 - [TEST_STEP][PASSED] - click(findTestObject("Object Repository/object_reservation/timeCheckin")): Object: 'Object Repository/object_reservation/timeCheckin' is clicked on

2019-12-12 07:34:31 - [MESSAGE][PASSED] - Object: 'Object Repository/object_reservation/timeCheckin' is clicked on

2019-12-12 07:34:31 - [TEST_STEP][PASSED] - log.logInfo("test timePicker"): test timePicker

2019-12-12 07:34:31 - [MESSAGE][INFO] - test timePicker

2019-12-12 07:34:31 - [TEST_STEP][PASSED] - switch (var_checkinT): null

2019-12-12 07:34:31 - [TEST_STEP][PASSED] - case "800":: null

2019-12-12 07:34:31 - [TEST_STEP][PASSED] - click(findTestObject("Object Repository/Page_Paradise 4 Paws  Dog Boarding Cat Boarding Norwalk Pooch Hotel/time_800am_ci")): Object: 'Object Repository/Page_Paradise 4 Paws  Dog Boarding Cat Boarding Norwalk Pooch Hotel/time_800am_ci' is clicked on

2019-12-12 07:34:31 - [MESSAGE][PASSED] - Object: 'Object Repository/Page_Paradise 4 Paws  Dog Boarding Cat Boarding Norwalk Pooch Hotel/time_800am_ci' is clicked on

2019-12-12 07:34:31 - [TEST_STEP][PASSED] - break: null

2019-12-12 07:34:31 - [TEST_STEP][PASSED] - click(findTestObject("Object Repository/object_reservation/timeCheckOut")): Object: 'Object Repository/object_reservation/timeCheckOut' is clicked on

2019-12-12 07:34:33 - [MESSAGE][PASSED] - Object: 'Object Repository/object_reservation/timeCheckOut' is clicked on

2019-12-12 07:34:33 - [TEST_STEP][PASSED] - switch (var_checkoutT): null

2019-12-12 07:34:33 - [TEST_STEP][PASSED] - case "1200":: null

2019-12-12 07:34:33 - [TEST_STEP][PASSED] - log.logInfo("test 1200"): test 1200

2019-12-12 07:34:33 - [MESSAGE][INFO] - test 1200

2019-12-12 07:34:33 - [TEST_STEP][PASSED] - click(findTestObject("Object Repository/Page_Paradise 4 Paws  Dog Boarding Cat Boarding Norwalk Pooch Hotel/time_1200pm_co")): Object: 'Object Repository/Page_Paradise 4 Paws  Dog Boarding Cat Boarding Norwalk Pooch Hotel/time_1200pm_co' is clicked on

2019-12-12 07:34:34 - [MESSAGE][PASSED] - Object: 'Object Repository/Page_Paradise 4 Paws  Dog Boarding Cat Boarding Norwalk Pooch Hotel/time_1200pm_co' is clicked on

2019-12-12 07:34:34 - [TEST_STEP][PASSED] - break: null

2019-12-12 07:34:34 - [TEST_STEP][PASSED] - delay(2): Delayed 2 second(s)

2019-12-12 07:34:36 - [MESSAGE][PASSED] - Delayed 2 second(s)

2019-12-12 07:34:36 - [TEST_STEP][PASSED] - log.logInfo("-- ANTES REPEATING --"): -- ANTES REPEATING --

2019-12-12 07:34:36 - [MESSAGE][INFO] - -- ANTES REPEATING --

2019-12-12 07:34:36 - [TEST_STEP][PASSED] - if (var_repeting == "Y"): null

2019-12-12 07:34:36 - [TEST_STEP][PASSED] - log.logInfo(var_pets): Ares,Zeus

2019-12-12 07:34:36 - [MESSAGE][INFO] - Ares,Zeus

2019-12-12 07:34:36 - [TEST_STEP][PASSED] - if (arryPets.size() == 1): null

2019-12-12 07:34:36 - [TEST_STEP][PASSED] - else if (arryPets.size() == 2): Object: 'Object Repository/object_reservation/div_Zeus' is clicked on

2019-12-12 07:34:36 - [TEST_STEP][PASSED] - click(findTestObject("object_reservation/Page_Paradise 4 Paws  Dog Boarding Cat Boarding Norwalk Pooch Hotel/div_Ares")): Object: 'Object Repository/object_reservation/Page_Paradise 4 Paws  Dog Boarding Cat Boarding Norwalk Pooch Hotel/div_Ares' is clicked on

2019-12-12 07:34:38 - [MESSAGE][PASSED] - Object: 'Object Repository/object_reservation/Page_Paradise 4 Paws  Dog Boarding Cat Boarding Norwalk Pooch Hotel/div_Ares' is clicked on

2019-12-12 07:34:38 - [TEST_STEP][PASSED] - click(findTestObject("object_reservation/div_Zeus")): Object: 'Object Repository/object_reservation/div_Zeus' is clicked on

2019-12-12 07:34:42 - [MESSAGE][PASSED] - Object: 'Object Repository/object_reservation/div_Zeus' is clicked on

2019-12-12 07:34:42 - [TEST_STEP][NOT_RUN] - click(findTestObject("object_reservations/i_Day_fa fa-circle-o ng-scope")): NOT_RUN: click(findTestObject("object_reservations/i_Day_fa fa-circle-o ng-scope"))

2019-12-12 07:34:42 - [MESSAGE][NOT_RUN] - NOT_RUN: click(findTestObject("object_reservations/i_Day_fa fa-circle-o ng-scope"))

2019-12-12 07:34:42 - [TEST_STEP][PASSED] - if (flagBoar == "1" || flagBoar == "2"): Object: 'Object Repository/object_reservation/div_suite_rad_deluxe' is clicked on

2019-12-12 07:34:42 - [TEST_STEP][PASSED] - click(findTestObject("Object Repository/object_reservation/div_suite_rad_deluxe")): Object: 'Object Repository/object_reservation/div_suite_rad_deluxe' is clicked on

2019-12-12 07:35:01 - [MESSAGE][PASSED] - Object: 'Object Repository/object_reservation/div_suite_rad_deluxe' is clicked on

2019-12-12 07:35:01 - [TEST_STEP][PASSED] - click(findTestObject("Object Repository/object_reservation/btn_next2")): Object: 'Object Repository/object_reservation/btn_next2' is clicked on

2019-12-12 07:35:34 - [MESSAGE][PASSED] - Object: 'Object Repository/object_reservation/btn_next2' is clicked on

2019-12-12 07:35:34 - [TEST_STEP][PASSED] - delay(3): Delayed 3 second(s)

2019-12-12 07:35:37 - [MESSAGE][PASSED] - Delayed 3 second(s)

2019-12-12 07:35:37 - [TEST_STEP][PASSED] - if (flagBoar == "1"): null

2019-12-12 07:35:37 - [TEST_STEP][PASSED] - delay(2): Delayed 2 second(s)

2019-12-12 07:35:39 - [MESSAGE][PASSED] - Delayed 2 second(s)

2019-12-12 07:35:39 - [TEST_STEP][PASSED] - click(findTestObject("Object Repository/object_reservation/btn_next2")): Object: 'Object Repository/object_reservation/btn_next2' is clicked on

2019-12-12 07:35:56 - [MESSAGE][PASSED] - Object: 'Object Repository/object_reservation/btn_next2' is clicked on

2019-12-12 07:35:56 - [TEST_STEP][PASSED] - click(findTestObject("Object Repository/object_reservation/button_Submit Reservation")): Object: 'Object Repository/object_reservation/button_Submit Reservation' is clicked on

2019-12-12 07:36:03 - [MESSAGE][PASSED] - Object: 'Object Repository/object_reservation/button_Submit Reservation' is clicked on

2019-12-12 07:36:03 - [TEST_STEP][PASSED] - delay(2): Delayed 2 second(s)

2019-12-12 07:36:05 - [MESSAGE][PASSED] - Delayed 2 second(s)

2019-12-12 07:36:05 - [TEST_STEP][PASSED] - if (flagBoar == "2" && var_repeatingEvery == "Daily" || var_repeatingEvery == "Monthly"): null

2019-12-12 07:36:05 - [TEST_STEP][PASSED] - else: Object: 'Object Repository/object_reservation/button_Return To Reservation' is clicked on

2019-12-12 07:36:05 - [TEST_STEP][PASSED] - delay(2): Delayed 2 second(s)

2019-12-12 07:36:07 - [MESSAGE][PASSED] - Delayed 2 second(s)

2019-12-12 07:36:07 - [TEST_STEP][PASSED] - click(findTestObject("Object Repository/object_reservation/button_Return To Reservation")): Object: 'Object Repository/object_reservation/button_Return To Reservation' is clicked on

2019-12-12 07:36:14 - [MESSAGE][PASSED] - Object: 'Object Repository/object_reservation/button_Return To Reservation' is clicked on

2019-12-12 07:36:14 - [TEST_STEP][PASSED] - delay(2): Delayed 2 second(s)

2019-12-12 07:36:16 - [MESSAGE][PASSED] - Delayed 2 second(s)]]></system-out>
         <system-err><![CDATA[]]></system-err>
      </testcase>
      <testcase name="Test Cases/p4p_newReservation" time="110.225" classname="Test Cases/p4p_newReservation" status="FAILED">
         <failure type="FAILED" message="Test Cases/p4p_newReservation FAILED.
Reason:
com.kms.katalon.core.exception.StepFailedException: Unable to click on object 'Object Repository/object_reservation/button_Return To Reservation'
	at com.kms.katalon.core.webui.keyword.internal.WebUIKeywordMain.stepFailed(WebUIKeywordMain.groovy:64)
	at com.kms.katalon.core.webui.keyword.internal.WebUIKeywordMain.runKeyword(WebUIKeywordMain.groovy:26)
	at com.kms.katalon.core.webui.keyword.builtin.ClickKeyword.click(ClickKeyword.groovy:99)
	at com.kms.katalon.core.webui.keyword.builtin.ClickKeyword.execute(ClickKeyword.groovy:43)
	at com.kms.katalon.core.keyword.internal.KeywordExecutor.executeKeywordForPlatform(KeywordExecutor.groovy:60)
	at com.kms.katalon.core.webui.keyword.WebUiBuiltInKeywords.click(WebUiBuiltInKeywords.groovy:616)
	at com.kms.katalon.core.webui.keyword.WebUiBuiltInKeywords$click$2.call(Unknown Source)
	at p4p_newReservation.run(p4p_newReservation:658)
	at com.kms.katalon.core.main.ScriptEngine.run(ScriptEngine.java:194)
	at com.kms.katalon.core.main.ScriptEngine.runScriptAsRawText(ScriptEngine.java:119)
	at com.kms.katalon.core.main.TestCaseExecutor.runScript(TestCaseExecutor.java:337)
	at com.kms.katalon.core.main.TestCaseExecutor.doExecute(TestCaseExecutor.java:328)
	at com.kms.katalon.core.main.TestCaseExecutor.processExecutionPhase(TestCaseExecutor.java:307)
	at com.kms.katalon.core.main.TestCaseExecutor.accessMainPhase(TestCaseExecutor.java:299)
	at com.kms.katalon.core.main.TestCaseExecutor.execute(TestCaseExecutor.java:233)
	at com.kms.katalon.core.main.TestSuiteExecutor.accessTestCaseMainPhase(TestSuiteExecutor.java:169)
	at com.kms.katalon.core.main.TestSuiteExecutor.accessTestSuiteMainPhase(TestSuiteExecutor.java:142)
	at com.kms.katalon.core.main.TestSuiteExecutor.execute(TestSuiteExecutor.java:91)
	at com.kms.katalon.core.main.TestCaseMain.startTestSuite(TestCaseMain.java:157)
	at com.kms.katalon.core.main.TestCaseMain$startTestSuite$0.call(Unknown Source)
	at TempTestSuite1576156939576.run(TempTestSuite1576156939576.groovy:36)
Caused by: com.kms.katalon.core.webui.exception.WebElementNotFoundException: Web element with id: 'Object Repository/object_reservation/button_Return To Reservation' located by 'By.xpath: (//button[@type='button'])[13]' not found
	at com.kms.katalon.core.webui.common.WebUiCommonHelper.findWebElement(WebUiCommonHelper.java:1113)
	at com.kms.katalon.core.webui.keyword.internal.WebUIAbstractKeyword.findWebElement(WebUIAbstractKeyword.groovy:27)
	at com.kms.katalon.core.webui.keyword.internal.WebUIAbstractKeyword.findWebElement(WebUIAbstractKeyword.groovy:26)
	at com.kms.katalon.core.webui.keyword.builtin.ClickKeyword$_click_closure1.doCall(ClickKeyword.groovy:68)
	at com.kms.katalon.core.webui.keyword.builtin.ClickKeyword$_click_closure1.call(ClickKeyword.groovy)
	at com.kms.katalon.core.webui.keyword.internal.WebUIKeywordMain.runKeyword(WebUIKeywordMain.groovy:20)
	... 19 more
"/>
         <system-out><![CDATA[2019-12-12 07:36:16 - [TEST_CASE][FAILED] - Test Cases/p4p_newReservation: Test Cases/p4p_newReservation FAILED.
Reason:
com.kms.katalon.core.exception.StepFailedException: Unable to click on object 'Object Repository/object_reservation/button_Return To Reservation'
	at com.kms.katalon.core.webui.keyword.internal.WebUIKeywordMain.stepFailed(WebUIKeywordMain.groovy:64)
	at com.kms.katalon.core.webui.keyword.internal.WebUIKeywordMain.runKeyword(WebUIKeywordMain.groovy:26)
	at com.kms.katalon.core.webui.keyword.builtin.ClickKeyword.click(ClickKeyword.groovy:99)
	at com.kms.katalon.core.webui.keyword.builtin.ClickKeyword.execute(ClickKeyword.groovy:43)
	at com.kms.katalon.core.keyword.internal.KeywordExecutor.executeKeywordForPlatform(KeywordExecutor.groovy:60)
	at com.kms.katalon.core.webui.keyword.WebUiBuiltInKeywords.click(WebUiBuiltInKeywords.groovy:616)
	at com.kms.katalon.core.webui.keyword.WebUiBuiltInKeywords$click$2.call(Unknown Source)
	at p4p_newReservation.run(p4p_newReservation:658)
	at com.kms.katalon.core.main.ScriptEngine.run(ScriptEngine.java:194)
	at com.kms.katalon.core.main.ScriptEngine.runScriptAsRawText(ScriptEngine.java:119)
	at com.kms.katalon.core.main.TestCaseExecutor.runScript(TestCaseExecutor.java:337)
	at com.kms.katalon.core.main.TestCaseExecutor.doExecute(TestCaseExecutor.java:328)
	at com.kms.katalon.core.main.TestCaseExecutor.processExecutionPhase(TestCaseExecutor.java:307)
	at com.kms.katalon.core.main.TestCaseExecutor.accessMainPhase(TestCaseExecutor.java:299)
	at com.kms.katalon.core.main.TestCaseExecutor.execute(TestCaseExecutor.java:233)
	at com.kms.katalon.core.main.TestSuiteExecutor.accessTestCaseMainPhase(TestSuiteExecutor.java:169)
	at com.kms.katalon.core.main.TestSuiteExecutor.accessTestSuiteMainPhase(TestSuiteExecutor.java:142)
	at com.kms.katalon.core.main.TestSuiteExecutor.execute(TestSuiteExecutor.java:91)
	at com.kms.katalon.core.main.TestCaseMain.startTestSuite(TestCaseMain.java:157)
	at com.kms.katalon.core.main.TestCaseMain$startTestSuite$0.call(Unknown Source)
	at TempTestSuite1576156939576.run(TempTestSuite1576156939576.groovy:36)
Caused by: com.kms.katalon.core.webui.exception.WebElementNotFoundException: Web element with id: 'Object Repository/object_reservation/button_Return To Reservation' located by 'By.xpath: (//button[@type='button'])[13]' not found
	at com.kms.katalon.core.webui.common.WebUiCommonHelper.findWebElement(WebUiCommonHelper.java:1113)
	at com.kms.katalon.core.webui.keyword.internal.WebUIAbstractKeyword.findWebElement(WebUIAbstractKeyword.groovy:27)
	at com.kms.katalon.core.webui.keyword.internal.WebUIAbstractKeyword.findWebElement(WebUIAbstractKeyword.groovy:26)
	at com.kms.katalon.core.webui.keyword.builtin.ClickKeyword$_click_closure1.doCall(ClickKeyword.groovy:68)
	at com.kms.katalon.core.webui.keyword.builtin.ClickKeyword$_click_closure1.call(ClickKeyword.groovy)
	at com.kms.katalon.core.webui.keyword.internal.WebUIKeywordMain.runKeyword(WebUIKeywordMain.groovy:20)
	... 19 more


2019-12-12 07:36:16 - [TEST_STEP][PASSED] - openBrowser("https://p4p-qa-bg.aws.paradise4paws.com/login/"): Browser is opened with url: 'https://p4p-qa-bg.aws.paradise4paws.com/login/'

2019-12-12 07:36:16 - [MESSAGE][WARNING] - A browser is already opened. Closing browser and opening a new one

2019-12-12 07:36:17 - [MESSAGE][INFO] - Starting 'Firefox' driver

2019-12-12 07:36:21 - [MESSAGE][PASSED] - Browser is opened with url: 'https://p4p-qa-bg.aws.paradise4paws.com/login/'

2019-12-12 07:36:21 - [TEST_STEP][PASSED] - setText(findTestObject("Object Repository/object_login/input_user"), var_user): Text 'jegchavez@gmail.com' is set on object 'Object Repository/object_login/input_user'

2019-12-12 07:36:21 - [MESSAGE][PASSED] - Text 'jegchavez@gmail.com' is set on object 'Object Repository/object_login/input_user'

2019-12-12 07:36:21 - [TEST_STEP][PASSED] - setText(findTestObject("Object Repository/object_login/input_pass"), var_pass): Text 'admin1' is set on object 'Object Repository/object_login/input_pass'

2019-12-12 07:36:22 - [MESSAGE][PASSED] - Text 'admin1' is set on object 'Object Repository/object_login/input_pass'

2019-12-12 07:36:22 - [TEST_STEP][PASSED] - delay(2): Delayed 2 second(s)

2019-12-12 07:36:24 - [MESSAGE][PASSED] - Delayed 2 second(s)

2019-12-12 07:36:24 - [TEST_STEP][PASSED] - verifyElementClickable(findTestObject("Object Repository/object_login/btn_login")): Object 'Object Repository/object_login/btn_login' is clickable

2019-12-12 07:36:24 - [MESSAGE][PASSED] - Object 'Object Repository/object_login/btn_login' is clickable

2019-12-12 07:36:24 - [TEST_STEP][PASSED] - click(findTestObject("Object Repository/object_login/btn_login")): Object: 'Object Repository/object_login/btn_login' is clicked on

2019-12-12 07:36:27 - [MESSAGE][PASSED] - Object: 'Object Repository/object_login/btn_login' is clicked on

2019-12-12 07:36:27 - [TEST_STEP][PASSED] - delay(2): Delayed 2 second(s)

2019-12-12 07:36:29 - [MESSAGE][PASSED] - Delayed 2 second(s)

2019-12-12 07:36:29 - [TEST_STEP][PASSED] - setText(findTestObject("Object Repository/object_dashboard_emp/input_search"), var_searchParent): Text 'leongarzagarza@hotmail.com' is set on object 'Object Repository/object_dashboard_emp/input_search'

2019-12-12 07:36:30 - [MESSAGE][PASSED] - Text 'leongarzagarza@hotmail.com' is set on object 'Object Repository/object_dashboard_emp/input_search'

2019-12-12 07:36:30 - [TEST_STEP][PASSED] - click(findTestObject("Object Repository/object_dashboard_emp/btn_accountSearch")): Object: 'Object Repository/object_dashboard_emp/btn_accountSearch' is clicked on

2019-12-12 07:36:31 - [MESSAGE][PASSED] - Object: 'Object Repository/object_dashboard_emp/btn_accountSearch' is clicked on

2019-12-12 07:36:31 - [TEST_STEP][PASSED] - delay(2): Delayed 2 second(s)

2019-12-12 07:36:33 - [MESSAGE][PASSED] - Delayed 2 second(s)

2019-12-12 07:36:33 - [TEST_STEP][PASSED] - click(findTestObject("Object Repository/object_accountInformation/a_TEST GABRIEL PROD")): Object: 'Object Repository/object_accountInformation/a_TEST GABRIEL PROD' is clicked on

2019-12-12 07:36:36 - [MESSAGE][PASSED] - Object: 'Object Repository/object_accountInformation/a_TEST GABRIEL PROD' is clicked on

2019-12-12 07:36:36 - [TEST_STEP][PASSED] - delay(2): Delayed 2 second(s)

2019-12-12 07:36:38 - [MESSAGE][PASSED] - Delayed 2 second(s)

2019-12-12 07:36:38 - [TEST_STEP][PASSED] - click(findTestObject("Object Repository/object_profile/a_addReservation")): Object: 'Object Repository/object_profile/a_addReservation' is clicked on

2019-12-12 07:36:40 - [MESSAGE][PASSED] - Object: 'Object Repository/object_profile/a_addReservation' is clicked on

2019-12-12 07:36:40 - [TEST_STEP][PASSED] - delay(2): Delayed 2 second(s)

2019-12-12 07:36:42 - [MESSAGE][PASSED] - Delayed 2 second(s)

2019-12-12 07:36:42 - [TEST_STEP][PASSED] - flagBoar = "0": null

2019-12-12 07:36:42 - [TEST_STEP][PASSED] - log = new com.kms.katalon.core.logging.KeywordLogger(): null

2019-12-12 07:36:42 - [TEST_STEP][PASSED] - log.logInfo(var_typeReserveation): Daycare

2019-12-12 07:36:42 - [MESSAGE][INFO] - Daycare

2019-12-12 07:36:42 - [TEST_STEP][PASSED] - if (var_typeReserveation == "Boarding"): null

2019-12-12 07:36:42 - [TEST_STEP][PASSED] - else if (var_typeReserveation == "Daycare"): Object: 'Object Repository/object_reservation/btn_Daycare' is clicked on

2019-12-12 07:36:42 - [TEST_STEP][PASSED] - flagBoar = "2": null

2019-12-12 07:36:42 - [TEST_STEP][PASSED] - click(findTestObject("object_reservation/btn_Daycare")): Object: 'Object Repository/object_reservation/btn_Daycare' is clicked on

2019-12-12 07:36:42 - [MESSAGE][PASSED] - Object: 'Object Repository/object_reservation/btn_Daycare' is clicked on

2019-12-12 07:36:42 - [TEST_STEP][PASSED] - click(findTestObject("Object Repository/object_reservation/i_location")): Object: 'Object Repository/object_reservation/i_location' is clicked on

2019-12-12 07:36:45 - [MESSAGE][PASSED] - Object: 'Object Repository/object_reservation/i_location' is clicked on

2019-12-12 07:36:45 - [TEST_STEP][PASSED] - switch (var_idFacility): null

2019-12-12 07:36:45 - [TEST_STEP][PASSED] - dateCI = var_checkinD.split(","): null

2019-12-12 07:36:45 - [TEST_STEP][PASSED] - dateCO = var_checkoutD.split(","): null

2019-12-12 07:36:45 - [TEST_STEP][PASSED] - arryPets = var_pets.split(","): null

2019-12-12 07:36:45 - [TEST_STEP][PASSED] - delay(2): Delayed 2 second(s)

2019-12-12 07:36:47 - [MESSAGE][PASSED] - Delayed 2 second(s)

2019-12-12 07:36:47 - [TEST_STEP][PASSED] - click(findTestObject("Object Repository/object_reservation/dateCheckIn")): Object: 'Object Repository/object_reservation/dateCheckIn' is clicked on

2019-12-12 07:36:47 - [MESSAGE][PASSED] - Object: 'Object Repository/object_reservation/dateCheckIn' is clicked on

2019-12-12 07:36:47 - [TEST_STEP][PASSED] - switch (dateCI[0]): null

2019-12-12 07:36:47 - [TEST_STEP][PASSED] - case "12":: null

2019-12-12 07:36:47 - [TEST_STEP][PASSED] - click(findTestObject("Object Repository/Page_Paradise 4 Paws  Dog Boarding Cat Boarding Norwalk Pooch Hotel/button_12_ci")): Object: 'Object Repository/Page_Paradise 4 Paws  Dog Boarding Cat Boarding Norwalk Pooch Hotel/button_12_ci' is clicked on

2019-12-12 07:36:48 - [MESSAGE][PASSED] - Object: 'Object Repository/Page_Paradise 4 Paws  Dog Boarding Cat Boarding Norwalk Pooch Hotel/button_12_ci' is clicked on

2019-12-12 07:36:48 - [TEST_STEP][PASSED] - break: null

2019-12-12 07:36:48 - [TEST_STEP][PASSED] - log.logInfo("PRUEBA FLAG"): PRUEBA FLAG

2019-12-12 07:36:48 - [MESSAGE][INFO] - PRUEBA FLAG

2019-12-12 07:36:48 - [TEST_STEP][PASSED] - log.logInfo(flagBoar): 2

2019-12-12 07:36:48 - [MESSAGE][INFO] - 2

2019-12-12 07:36:48 - [TEST_STEP][PASSED] - if (flagBoar == "1"): null

2019-12-12 07:36:48 - [TEST_STEP][NOT_RUN] - click(findTestObject("Object Repository/object_reservationCalendar/CO_close")): NOT_RUN: click(findTestObject("Object Repository/object_reservationCalendar/CO_close"))

2019-12-12 07:36:48 - [MESSAGE][NOT_RUN] - NOT_RUN: click(findTestObject("Object Repository/object_reservationCalendar/CO_close"))

2019-12-12 07:36:48 - [TEST_STEP][PASSED] - click(findTestObject("Object Repository/object_reservation/timeCheckin")): Object: 'Object Repository/object_reservation/timeCheckin' is clicked on

2019-12-12 07:36:49 - [MESSAGE][PASSED] - Object: 'Object Repository/object_reservation/timeCheckin' is clicked on

2019-12-12 07:36:49 - [TEST_STEP][PASSED] - log.logInfo("test timePicker"): test timePicker

2019-12-12 07:36:49 - [MESSAGE][INFO] - test timePicker

2019-12-12 07:36:49 - [TEST_STEP][PASSED] - switch (var_checkinT): null

2019-12-12 07:36:49 - [TEST_STEP][PASSED] - case "800":: null

2019-12-12 07:36:49 - [TEST_STEP][PASSED] - click(findTestObject("Object Repository/Page_Paradise 4 Paws  Dog Boarding Cat Boarding Norwalk Pooch Hotel/time_800am_ci")): Object: 'Object Repository/Page_Paradise 4 Paws  Dog Boarding Cat Boarding Norwalk Pooch Hotel/time_800am_ci' is clicked on

2019-12-12 07:36:49 - [MESSAGE][PASSED] - Object: 'Object Repository/Page_Paradise 4 Paws  Dog Boarding Cat Boarding Norwalk Pooch Hotel/time_800am_ci' is clicked on

2019-12-12 07:36:49 - [TEST_STEP][PASSED] - break: null

2019-12-12 07:36:49 - [TEST_STEP][PASSED] - click(findTestObject("Object Repository/object_reservation/timeCheckOut")): Object: 'Object Repository/object_reservation/timeCheckOut' is clicked on

2019-12-12 07:36:50 - [MESSAGE][PASSED] - Object: 'Object Repository/object_reservation/timeCheckOut' is clicked on

2019-12-12 07:36:50 - [TEST_STEP][PASSED] - switch (var_checkoutT): null

2019-12-12 07:36:50 - [TEST_STEP][PASSED] - case "1200":: null

2019-12-12 07:36:50 - [TEST_STEP][PASSED] - log.logInfo("test 1200"): test 1200

2019-12-12 07:36:50 - [MESSAGE][INFO] - test 1200

2019-12-12 07:36:50 - [TEST_STEP][PASSED] - click(findTestObject("Object Repository/Page_Paradise 4 Paws  Dog Boarding Cat Boarding Norwalk Pooch Hotel/time_1200pm_co")): Object: 'Object Repository/Page_Paradise 4 Paws  Dog Boarding Cat Boarding Norwalk Pooch Hotel/time_1200pm_co' is clicked on

2019-12-12 07:36:51 - [MESSAGE][PASSED] - Object: 'Object Repository/Page_Paradise 4 Paws  Dog Boarding Cat Boarding Norwalk Pooch Hotel/time_1200pm_co' is clicked on

2019-12-12 07:36:51 - [TEST_STEP][PASSED] - break: null

2019-12-12 07:36:51 - [TEST_STEP][PASSED] - delay(2): Delayed 2 second(s)

2019-12-12 07:36:53 - [MESSAGE][PASSED] - Delayed 2 second(s)

2019-12-12 07:36:53 - [TEST_STEP][PASSED] - log.logInfo("-- ANTES REPEATING --"): -- ANTES REPEATING --

2019-12-12 07:36:53 - [MESSAGE][INFO] - -- ANTES REPEATING --

2019-12-12 07:36:53 - [TEST_STEP][PASSED] - if (var_repeting == "Y"): null

2019-12-12 07:36:53 - [TEST_STEP][PASSED] - log.logInfo(var_pets): Ares,Poseidon,Zeus

2019-12-12 07:36:53 - [MESSAGE][INFO] - Ares,Poseidon,Zeus

2019-12-12 07:36:53 - [TEST_STEP][PASSED] - if (arryPets.size() == 1): null

2019-12-12 07:36:53 - [TEST_STEP][PASSED] - else if (arryPets.size() == 2): null

2019-12-12 07:36:53 - [TEST_STEP][PASSED] - else if (arryPets.size() == 3): Object: 'Object Repository/object_reservation/div_Athena' is clicked on

2019-12-12 07:36:53 - [TEST_STEP][PASSED] - click(findTestObject("object_reservation/Page_Paradise 4 Paws  Dog Boarding Cat Boarding Norwalk Pooch Hotel/div_Ares")): Object: 'Object Repository/object_reservation/Page_Paradise 4 Paws  Dog Boarding Cat Boarding Norwalk Pooch Hotel/div_Ares' is clicked on

2019-12-12 07:36:54 - [MESSAGE][PASSED] - Object: 'Object Repository/object_reservation/Page_Paradise 4 Paws  Dog Boarding Cat Boarding Norwalk Pooch Hotel/div_Ares' is clicked on

2019-12-12 07:36:54 - [TEST_STEP][PASSED] - click(findTestObject("object_reservation/div_Zeus")): Object: 'Object Repository/object_reservation/div_Zeus' is clicked on

2019-12-12 07:36:59 - [MESSAGE][PASSED] - Object: 'Object Repository/object_reservation/div_Zeus' is clicked on

2019-12-12 07:36:59 - [TEST_STEP][PASSED] - click(findTestObject("object_reservation/div_Athena")): Object: 'Object Repository/object_reservation/div_Athena' is clicked on

2019-12-12 07:37:02 - [MESSAGE][PASSED] - Object: 'Object Repository/object_reservation/div_Athena' is clicked on

2019-12-12 07:37:02 - [TEST_STEP][NOT_RUN] - click(findTestObject("object_reservations/i_Day_fa fa-circle-o ng-scope")): NOT_RUN: click(findTestObject("object_reservations/i_Day_fa fa-circle-o ng-scope"))

2019-12-12 07:37:02 - [MESSAGE][NOT_RUN] - NOT_RUN: click(findTestObject("object_reservations/i_Day_fa fa-circle-o ng-scope"))

2019-12-12 07:37:02 - [TEST_STEP][PASSED] - if (flagBoar == "1" || flagBoar == "2"): Object: 'Object Repository/object_reservation/div_suite_rad_deluxe' is clicked on

2019-12-12 07:37:02 - [TEST_STEP][PASSED] - click(findTestObject("Object Repository/object_reservation/div_suite_rad_deluxe")): Object: 'Object Repository/object_reservation/div_suite_rad_deluxe' is clicked on

2019-12-12 07:37:07 - [MESSAGE][PASSED] - Object: 'Object Repository/object_reservation/div_suite_rad_deluxe' is clicked on

2019-12-12 07:37:07 - [TEST_STEP][PASSED] - click(findTestObject("Object Repository/object_reservation/btn_next2")): Object: 'Object Repository/object_reservation/btn_next2' is clicked on

2019-12-12 07:37:10 - [MESSAGE][PASSED] - Object: 'Object Repository/object_reservation/btn_next2' is clicked on

2019-12-12 07:37:10 - [TEST_STEP][PASSED] - delay(3): Delayed 3 second(s)

2019-12-12 07:37:13 - [MESSAGE][PASSED] - Delayed 3 second(s)

2019-12-12 07:37:13 - [TEST_STEP][PASSED] - if (flagBoar == "1"): null

2019-12-12 07:37:13 - [TEST_STEP][PASSED] - delay(2): Delayed 2 second(s)

2019-12-12 07:37:15 - [MESSAGE][PASSED] - Delayed 2 second(s)

2019-12-12 07:37:15 - [TEST_STEP][PASSED] - click(findTestObject("Object Repository/object_reservation/btn_next2")): Object: 'Object Repository/object_reservation/btn_next2' is clicked on

2019-12-12 07:37:16 - [MESSAGE][PASSED] - Object: 'Object Repository/object_reservation/btn_next2' is clicked on

2019-12-12 07:37:16 - [TEST_STEP][PASSED] - click(findTestObject("Object Repository/object_reservation/button_Submit Reservation")): Object: 'Object Repository/object_reservation/button_Submit Reservation' is clicked on

2019-12-12 07:37:18 - [MESSAGE][PASSED] - Object: 'Object Repository/object_reservation/button_Submit Reservation' is clicked on

2019-12-12 07:37:18 - [TEST_STEP][PASSED] - delay(2): Delayed 2 second(s)

2019-12-12 07:37:20 - [MESSAGE][PASSED] - Delayed 2 second(s)

2019-12-12 07:37:20 - [TEST_STEP][PASSED] - if (flagBoar == "2" && var_repeatingEvery == "Daily" || var_repeatingEvery == "Monthly"): null

2019-12-12 07:37:20 - [TEST_STEP][FAILED] - else: Unable to click on object 'Object Repository/object_reservation/button_Return To Reservation' (Root cause: com.kms.katalon.core.exception.StepFailedException: Unable to click on object 'Object Repository/object_reservation/button_Return To Reservation'
	at com.kms.katalon.core.webui.keyword.internal.WebUIKeywordMain.stepFailed(WebUIKeywordMain.groovy:64)
	at com.kms.katalon.core.webui.keyword.internal.WebUIKeywordMain.runKeyword(WebUIKeywordMain.groovy:26)
	at com.kms.katalon.core.webui.keyword.builtin.ClickKeyword.click(ClickKeyword.groovy:99)
	at com.kms.katalon.core.webui.keyword.builtin.ClickKeyword.execute(ClickKeyword.groovy:43)
	at com.kms.katalon.core.keyword.internal.KeywordExecutor.executeKeywordForPlatform(KeywordExecutor.groovy:60)
	at com.kms.katalon.core.webui.keyword.WebUiBuiltInKeywords.click(WebUiBuiltInKeywords.groovy:616)
	at com.kms.katalon.core.webui.keyword.WebUiBuiltInKeywords$click$2.call(Unknown Source)
	at p4p_newReservation.run(p4p_newReservation:658)
	at com.kms.katalon.core.main.ScriptEngine.run(ScriptEngine.java:194)
	at com.kms.katalon.core.main.ScriptEngine.runScriptAsRawText(ScriptEngine.java:119)
	at com.kms.katalon.core.main.TestCaseExecutor.runScript(TestCaseExecutor.java:337)
	at com.kms.katalon.core.main.TestCaseExecutor.doExecute(TestCaseExecutor.java:328)
	at com.kms.katalon.core.main.TestCaseExecutor.processExecutionPhase(TestCaseExecutor.java:307)
	at com.kms.katalon.core.main.TestCaseExecutor.accessMainPhase(TestCaseExecutor.java:299)
	at com.kms.katalon.core.main.TestCaseExecutor.execute(TestCaseExecutor.java:233)
	at com.kms.katalon.core.main.TestSuiteExecutor.accessTestCaseMainPhase(TestSuiteExecutor.java:169)
	at com.kms.katalon.core.main.TestSuiteExecutor.accessTestSuiteMainPhase(TestSuiteExecutor.java:142)
	at com.kms.katalon.core.main.TestSuiteExecutor.execute(TestSuiteExecutor.java:91)
	at com.kms.katalon.core.main.TestCaseMain.startTestSuite(TestCaseMain.java:157)
	at com.kms.katalon.core.main.TestCaseMain$startTestSuite$0.call(Unknown Source)
	at TempTestSuite1576156939576.run(TempTestSuite1576156939576.groovy:36)
Caused by: com.kms.katalon.core.webui.exception.WebElementNotFoundException: Web element with id: 'Object Repository/object_reservation/button_Return To Reservation' located by 'By.xpath: (//button[@type='button'])[13]' not found
	at com.kms.katalon.core.webui.common.WebUiCommonHelper.findWebElement(WebUiCommonHelper.java:1113)
	at com.kms.katalon.core.webui.keyword.internal.WebUIAbstractKeyword.findWebElement(WebUIAbstractKeyword.groovy:27)
	at com.kms.katalon.core.webui.keyword.internal.WebUIAbstractKeyword.findWebElement(WebUIAbstractKeyword.groovy:26)
	at com.kms.katalon.core.webui.keyword.builtin.ClickKeyword$_click_closure1.doCall(ClickKeyword.groovy:68)
	at com.kms.katalon.core.webui.keyword.builtin.ClickKeyword$_click_closure1.call(ClickKeyword.groovy)
	at com.kms.katalon.core.webui.keyword.internal.WebUIKeywordMain.runKeyword(WebUIKeywordMain.groovy:20)
	at com.kms.katalon.core.webui.keyword.builtin.ClickKeyword.click(ClickKeyword.groovy:99)
	at com.kms.katalon.core.webui.keyword.builtin.ClickKeyword.execute(ClickKeyword.groovy:43)
	at com.kms.katalon.core.keyword.internal.KeywordExecutor.executeKeywordForPlatform(KeywordExecutor.groovy:60)
	at com.kms.katalon.core.webui.keyword.WebUiBuiltInKeywords.click(WebUiBuiltInKeywords.groovy:616)
	at com.kms.katalon.core.webui.keyword.WebUiBuiltInKeywords$click$2.call(Unknown Source)
	at Script1574443748278.run(Script1574443748278.groovy:658)
	... 13 more
)

2019-12-12 07:37:20 - [TEST_STEP][PASSED] - delay(2): Delayed 2 second(s)

2019-12-12 07:37:22 - [MESSAGE][PASSED] - Delayed 2 second(s)

2019-12-12 07:37:22 - [TEST_STEP][FAILED] - click(findTestObject("Object Repository/object_reservation/button_Return To Reservation")): Unable to click on object 'Object Repository/object_reservation/button_Return To Reservation' (Root cause: com.kms.katalon.core.exception.StepFailedException: Unable to click on object 'Object Repository/object_reservation/button_Return To Reservation'
	at com.kms.katalon.core.webui.keyword.internal.WebUIKeywordMain.stepFailed(WebUIKeywordMain.groovy:64)
	at com.kms.katalon.core.webui.keyword.internal.WebUIKeywordMain.runKeyword(WebUIKeywordMain.groovy:26)
	at com.kms.katalon.core.webui.keyword.builtin.ClickKeyword.click(ClickKeyword.groovy:99)
	at com.kms.katalon.core.webui.keyword.builtin.ClickKeyword.execute(ClickKeyword.groovy:43)
	at com.kms.katalon.core.keyword.internal.KeywordExecutor.executeKeywordForPlatform(KeywordExecutor.groovy:60)
	at com.kms.katalon.core.webui.keyword.WebUiBuiltInKeywords.click(WebUiBuiltInKeywords.groovy:616)
	at com.kms.katalon.core.webui.keyword.WebUiBuiltInKeywords$click$2.call(Unknown Source)
	at p4p_newReservation.run(p4p_newReservation:658)
	at com.kms.katalon.core.main.ScriptEngine.run(ScriptEngine.java:194)
	at com.kms.katalon.core.main.ScriptEngine.runScriptAsRawText(ScriptEngine.java:119)
	at com.kms.katalon.core.main.TestCaseExecutor.runScript(TestCaseExecutor.java:337)
	at com.kms.katalon.core.main.TestCaseExecutor.doExecute(TestCaseExecutor.java:328)
	at com.kms.katalon.core.main.TestCaseExecutor.processExecutionPhase(TestCaseExecutor.java:307)
	at com.kms.katalon.core.main.TestCaseExecutor.accessMainPhase(TestCaseExecutor.java:299)
	at com.kms.katalon.core.main.TestCaseExecutor.execute(TestCaseExecutor.java:233)
	at com.kms.katalon.core.main.TestSuiteExecutor.accessTestCaseMainPhase(TestSuiteExecutor.java:169)
	at com.kms.katalon.core.main.TestSuiteExecutor.accessTestSuiteMainPhase(TestSuiteExecutor.java:142)
	at com.kms.katalon.core.main.TestSuiteExecutor.execute(TestSuiteExecutor.java:91)
	at com.kms.katalon.core.main.TestCaseMain.startTestSuite(TestCaseMain.java:157)
	at com.kms.katalon.core.main.TestCaseMain$startTestSuite$0.call(Unknown Source)
	at TempTestSuite1576156939576.run(TempTestSuite1576156939576.groovy:36)
Caused by: com.kms.katalon.core.webui.exception.WebElementNotFoundException: Web element with id: 'Object Repository/object_reservation/button_Return To Reservation' located by 'By.xpath: (//button[@type='button'])[13]' not found
	at com.kms.katalon.core.webui.common.WebUiCommonHelper.findWebElement(WebUiCommonHelper.java:1113)
	at com.kms.katalon.core.webui.keyword.internal.WebUIAbstractKeyword.findWebElement(WebUIAbstractKeyword.groovy:27)
	at com.kms.katalon.core.webui.keyword.internal.WebUIAbstractKeyword.findWebElement(WebUIAbstractKeyword.groovy:26)
	at com.kms.katalon.core.webui.keyword.builtin.ClickKeyword$_click_closure1.doCall(ClickKeyword.groovy:68)
	at com.kms.katalon.core.webui.keyword.builtin.ClickKeyword$_click_closure1.call(ClickKeyword.groovy)
	at com.kms.katalon.core.webui.keyword.internal.WebUIKeywordMain.runKeyword(WebUIKeywordMain.groovy:20)
	at com.kms.katalon.core.webui.keyword.builtin.ClickKeyword.click(ClickKeyword.groovy:99)
	at com.kms.katalon.core.webui.keyword.builtin.ClickKeyword.execute(ClickKeyword.groovy:43)
	at com.kms.katalon.core.keyword.internal.KeywordExecutor.executeKeywordForPlatform(KeywordExecutor.groovy:60)
	at com.kms.katalon.core.webui.keyword.WebUiBuiltInKeywords.click(WebUiBuiltInKeywords.groovy:616)
	at com.kms.katalon.core.webui.keyword.WebUiBuiltInKeywords$click$2.call(Unknown Source)
	at Script1574443748278.run(Script1574443748278.groovy:658)
	... 13 more
)

2019-12-12 07:38:06 - [MESSAGE][INFO] - Unable to find the element located by 'By.xpath: (//button[@type='button'])[13]'. Please recheck the objects properties to make sure the desired element is located. 

2019-12-12 07:38:06 - [MESSAGE][FAILED] - Unable to click on object 'Object Repository/object_reservation/button_Return To Reservation' (Root cause: com.kms.katalon.core.exception.StepFailedException: Unable to click on object 'Object Repository/object_reservation/button_Return To Reservation'
	at com.kms.katalon.core.webui.keyword.internal.WebUIKeywordMain.stepFailed(WebUIKeywordMain.groovy:64)
	at com.kms.katalon.core.webui.keyword.internal.WebUIKeywordMain.runKeyword(WebUIKeywordMain.groovy:26)
	at com.kms.katalon.core.webui.keyword.builtin.ClickKeyword.click(ClickKeyword.groovy:99)
	at com.kms.katalon.core.webui.keyword.builtin.ClickKeyword.execute(ClickKeyword.groovy:43)
	at com.kms.katalon.core.keyword.internal.KeywordExecutor.executeKeywordForPlatform(KeywordExecutor.groovy:60)
	at com.kms.katalon.core.webui.keyword.WebUiBuiltInKeywords.click(WebUiBuiltInKeywords.groovy:616)
	at com.kms.katalon.core.webui.keyword.WebUiBuiltInKeywords$click$2.call(Unknown Source)
	at p4p_newReservation.run(p4p_newReservation:658)
	at com.kms.katalon.core.main.ScriptEngine.run(ScriptEngine.java:194)
	at com.kms.katalon.core.main.ScriptEngine.runScriptAsRawText(ScriptEngine.java:119)
	at com.kms.katalon.core.main.TestCaseExecutor.runScript(TestCaseExecutor.java:337)
	at com.kms.katalon.core.main.TestCaseExecutor.doExecute(TestCaseExecutor.java:328)
	at com.kms.katalon.core.main.TestCaseExecutor.processExecutionPhase(TestCaseExecutor.java:307)
	at com.kms.katalon.core.main.TestCaseExecutor.accessMainPhase(TestCaseExecutor.java:299)
	at com.kms.katalon.core.main.TestCaseExecutor.execute(TestCaseExecutor.java:233)
	at com.kms.katalon.core.main.TestSuiteExecutor.accessTestCaseMainPhase(TestSuiteExecutor.java:169)
	at com.kms.katalon.core.main.TestSuiteExecutor.accessTestSuiteMainPhase(TestSuiteExecutor.java:142)
	at com.kms.katalon.core.main.TestSuiteExecutor.execute(TestSuiteExecutor.java:91)
	at com.kms.katalon.core.main.TestCaseMain.startTestSuite(TestCaseMain.java:157)
	at com.kms.katalon.core.main.TestCaseMain$startTestSuite$0.call(Unknown Source)
	at TempTestSuite1576156939576.run(TempTestSuite1576156939576.groovy:36)
Caused by: com.kms.katalon.core.webui.exception.WebElementNotFoundException: Web element with id: 'Object Repository/object_reservation/button_Return To Reservation' located by 'By.xpath: (//button[@type='button'])[13]' not found
	at com.kms.katalon.core.webui.common.WebUiCommonHelper.findWebElement(WebUiCommonHelper.java:1113)
	at com.kms.katalon.core.webui.keyword.internal.WebUIAbstractKeyword.findWebElement(WebUIAbstractKeyword.groovy:27)
	at com.kms.katalon.core.webui.keyword.internal.WebUIAbstractKeyword.findWebElement(WebUIAbstractKeyword.groovy:26)
	at com.kms.katalon.core.webui.keyword.builtin.ClickKeyword$_click_closure1.doCall(ClickKeyword.groovy:68)
	at com.kms.katalon.core.webui.keyword.builtin.ClickKeyword$_click_closure1.call(ClickKeyword.groovy)
	at com.kms.katalon.core.webui.keyword.internal.WebUIKeywordMain.runKeyword(WebUIKeywordMain.groovy:20)
	at com.kms.katalon.core.webui.keyword.builtin.ClickKeyword.click(ClickKeyword.groovy:99)
	at com.kms.katalon.core.webui.keyword.builtin.ClickKeyword.execute(ClickKeyword.groovy:43)
	at com.kms.katalon.core.keyword.internal.KeywordExecutor.executeKeywordForPlatform(KeywordExecutor.groovy:60)
	at com.kms.katalon.core.webui.keyword.WebUiBuiltInKeywords.click(WebUiBuiltInKeywords.groovy:616)
	at com.kms.katalon.core.webui.keyword.WebUiBuiltInKeywords$click$2.call(Unknown Source)
	at Script1574443748278.run(Script1574443748278.groovy:658)
	... 13 more
)
[[ATTACHMENT|/home/leonardo-arkusmty/Documents/workspaceKatalon/p4ptest/Reports/20191212_072219/ts_newReservationDaycare/20191212_072219/1576157886777.png]]]]></system-out>
         <system-err><![CDATA[2019-12-12 07:36:16 - [TEST_CASE][FAILED] - Test Cases/p4p_newReservation: Test Cases/p4p_newReservation FAILED.
Reason:
com.kms.katalon.core.exception.StepFailedException: Unable to click on object 'Object Repository/object_reservation/button_Return To Reservation'
	at com.kms.katalon.core.webui.keyword.internal.WebUIKeywordMain.stepFailed(WebUIKeywordMain.groovy:64)
	at com.kms.katalon.core.webui.keyword.internal.WebUIKeywordMain.runKeyword(WebUIKeywordMain.groovy:26)
	at com.kms.katalon.core.webui.keyword.builtin.ClickKeyword.click(ClickKeyword.groovy:99)
	at com.kms.katalon.core.webui.keyword.builtin.ClickKeyword.execute(ClickKeyword.groovy:43)
	at com.kms.katalon.core.keyword.internal.KeywordExecutor.executeKeywordForPlatform(KeywordExecutor.groovy:60)
	at com.kms.katalon.core.webui.keyword.WebUiBuiltInKeywords.click(WebUiBuiltInKeywords.groovy:616)
	at com.kms.katalon.core.webui.keyword.WebUiBuiltInKeywords$click$2.call(Unknown Source)
	at p4p_newReservation.run(p4p_newReservation:658)
	at com.kms.katalon.core.main.ScriptEngine.run(ScriptEngine.java:194)
	at com.kms.katalon.core.main.ScriptEngine.runScriptAsRawText(ScriptEngine.java:119)
	at com.kms.katalon.core.main.TestCaseExecutor.runScript(TestCaseExecutor.java:337)
	at com.kms.katalon.core.main.TestCaseExecutor.doExecute(TestCaseExecutor.java:328)
	at com.kms.katalon.core.main.TestCaseExecutor.processExecutionPhase(TestCaseExecutor.java:307)
	at com.kms.katalon.core.main.TestCaseExecutor.accessMainPhase(TestCaseExecutor.java:299)
	at com.kms.katalon.core.main.TestCaseExecutor.execute(TestCaseExecutor.java:233)
	at com.kms.katalon.core.main.TestSuiteExecutor.accessTestCaseMainPhase(TestSuiteExecutor.java:169)
	at com.kms.katalon.core.main.TestSuiteExecutor.accessTestSuiteMainPhase(TestSuiteExecutor.java:142)
	at com.kms.katalon.core.main.TestSuiteExecutor.execute(TestSuiteExecutor.java:91)
	at com.kms.katalon.core.main.TestCaseMain.startTestSuite(TestCaseMain.java:157)
	at com.kms.katalon.core.main.TestCaseMain$startTestSuite$0.call(Unknown Source)
	at TempTestSuite1576156939576.run(TempTestSuite1576156939576.groovy:36)
Caused by: com.kms.katalon.core.webui.exception.WebElementNotFoundException: Web element with id: 'Object Repository/object_reservation/button_Return To Reservation' located by 'By.xpath: (//button[@type='button'])[13]' not found
	at com.kms.katalon.core.webui.common.WebUiCommonHelper.findWebElement(WebUiCommonHelper.java:1113)
	at com.kms.katalon.core.webui.keyword.internal.WebUIAbstractKeyword.findWebElement(WebUIAbstractKeyword.groovy:27)
	at com.kms.katalon.core.webui.keyword.internal.WebUIAbstractKeyword.findWebElement(WebUIAbstractKeyword.groovy:26)
	at com.kms.katalon.core.webui.keyword.builtin.ClickKeyword$_click_closure1.doCall(ClickKeyword.groovy:68)
	at com.kms.katalon.core.webui.keyword.builtin.ClickKeyword$_click_closure1.call(ClickKeyword.groovy)
	at com.kms.katalon.core.webui.keyword.internal.WebUIKeywordMain.runKeyword(WebUIKeywordMain.groovy:20)
	... 19 more]]></system-err>
      </testcase>
      <system-out><![CDATA[2019-12-12 07:22:21 - [TEST_SUITE][FAILED] - ts_newReservationDaycare: Test Cases/p4p_newReservation FAILED.
Reason:
com.kms.katalon.core.exception.StepFailedException: Unable to click on object 'Object Repository/object_reservation/button_Return To Reservation'
	at com.kms.katalon.core.webui.keyword.internal.WebUIKeywordMain.stepFailed(WebUIKeywordMain.groovy:64)
	at com.kms.katalon.core.webui.keyword.internal.WebUIKeywordMain.runKeyword(WebUIKeywordMain.groovy:26)
	at com.kms.katalon.core.webui.keyword.builtin.ClickKeyword.click(ClickKeyword.groovy:99)
	at com.kms.katalon.core.webui.keyword.builtin.ClickKeyword.execute(ClickKeyword.groovy:43)
	at com.kms.katalon.core.keyword.internal.KeywordExecutor.executeKeywordForPlatform(KeywordExecutor.groovy:60)
	at com.kms.katalon.core.webui.keyword.WebUiBuiltInKeywords.click(WebUiBuiltInKeywords.groovy:616)
	at com.kms.katalon.core.webui.keyword.WebUiBuiltInKeywords$click$2.call(Unknown Source)
	at p4p_newReservation.run(p4p_newReservation:658)
	at com.kms.katalon.core.main.ScriptEngine.run(ScriptEngine.java:194)
	at com.kms.katalon.core.main.ScriptEngine.runScriptAsRawText(ScriptEngine.java:119)
	at com.kms.katalon.core.main.TestCaseExecutor.runScript(TestCaseExecutor.java:337)
	at com.kms.katalon.core.main.TestCaseExecutor.doExecute(TestCaseExecutor.java:328)
	at com.kms.katalon.core.main.TestCaseExecutor.processExecutionPhase(TestCaseExecutor.java:307)
	at com.kms.katalon.core.main.TestCaseExecutor.accessMainPhase(TestCaseExecutor.java:299)
	at com.kms.katalon.core.main.TestCaseExecutor.execute(TestCaseExecutor.java:233)
	at com.kms.katalon.core.main.TestSuiteExecutor.accessTestCaseMainPhase(TestSuiteExecutor.java:169)
	at com.kms.katalon.core.main.TestSuiteExecutor.accessTestSuiteMainPhase(TestSuiteExecutor.java:142)
	at com.kms.katalon.core.main.TestSuiteExecutor.execute(TestSuiteExecutor.java:91)
	at com.kms.katalon.core.main.TestCaseMain.startTestSuite(TestCaseMain.java:157)
	at com.kms.katalon.core.main.TestCaseMain$startTestSuite$0.call(Unknown Source)
	at TempTestSuite1576156939576.run(TempTestSuite1576156939576.groovy:36)
Caused by: com.kms.katalon.core.webui.exception.WebElementNotFoundException: Web element with id: 'Object Repository/object_reservation/button_Return To Reservation' located by 'By.xpath: (//button[@type='button'])[13]' not found
	at com.kms.katalon.core.webui.common.WebUiCommonHelper.findWebElement(WebUiCommonHelper.java:1113)
	at com.kms.katalon.core.webui.keyword.internal.WebUIAbstractKeyword.findWebElement(WebUIAbstractKeyword.groovy:27)
	at com.kms.katalon.core.webui.keyword.internal.WebUIAbstractKeyword.findWebElement(WebUIAbstractKeyword.groovy:26)
	at com.kms.katalon.core.webui.keyword.builtin.ClickKeyword$_click_closure1.doCall(ClickKeyword.groovy:68)
	at com.kms.katalon.core.webui.keyword.builtin.ClickKeyword$_click_closure1.call(ClickKeyword.groovy)
	at com.kms.katalon.core.webui.keyword.internal.WebUIKeywordMain.runKeyword(WebUIKeywordMain.groovy:20)
	... 19 more]]></system-out>
      <system-err><![CDATA[2019-12-12 07:22:21 - [TEST_SUITE][FAILED] - ts_newReservationDaycare: Test Cases/p4p_newReservation FAILED.
Reason:
com.kms.katalon.core.exception.StepFailedException: Unable to click on object 'Object Repository/object_reservation/button_Return To Reservation'
	at com.kms.katalon.core.webui.keyword.internal.WebUIKeywordMain.stepFailed(WebUIKeywordMain.groovy:64)
	at com.kms.katalon.core.webui.keyword.internal.WebUIKeywordMain.runKeyword(WebUIKeywordMain.groovy:26)
	at com.kms.katalon.core.webui.keyword.builtin.ClickKeyword.click(ClickKeyword.groovy:99)
	at com.kms.katalon.core.webui.keyword.builtin.ClickKeyword.execute(ClickKeyword.groovy:43)
	at com.kms.katalon.core.keyword.internal.KeywordExecutor.executeKeywordForPlatform(KeywordExecutor.groovy:60)
	at com.kms.katalon.core.webui.keyword.WebUiBuiltInKeywords.click(WebUiBuiltInKeywords.groovy:616)
	at com.kms.katalon.core.webui.keyword.WebUiBuiltInKeywords$click$2.call(Unknown Source)
	at p4p_newReservation.run(p4p_newReservation:658)
	at com.kms.katalon.core.main.ScriptEngine.run(ScriptEngine.java:194)
	at com.kms.katalon.core.main.ScriptEngine.runScriptAsRawText(ScriptEngine.java:119)
	at com.kms.katalon.core.main.TestCaseExecutor.runScript(TestCaseExecutor.java:337)
	at com.kms.katalon.core.main.TestCaseExecutor.doExecute(TestCaseExecutor.java:328)
	at com.kms.katalon.core.main.TestCaseExecutor.processExecutionPhase(TestCaseExecutor.java:307)
	at com.kms.katalon.core.main.TestCaseExecutor.accessMainPhase(TestCaseExecutor.java:299)
	at com.kms.katalon.core.main.TestCaseExecutor.execute(TestCaseExecutor.java:233)
	at com.kms.katalon.core.main.TestSuiteExecutor.accessTestCaseMainPhase(TestSuiteExecutor.java:169)
	at com.kms.katalon.core.main.TestSuiteExecutor.accessTestSuiteMainPhase(TestSuiteExecutor.java:142)
	at com.kms.katalon.core.main.TestSuiteExecutor.execute(TestSuiteExecutor.java:91)
	at com.kms.katalon.core.main.TestCaseMain.startTestSuite(TestCaseMain.java:157)
	at com.kms.katalon.core.main.TestCaseMain$startTestSuite$0.call(Unknown Source)
	at TempTestSuite1576156939576.run(TempTestSuite1576156939576.groovy:36)
Caused by: com.kms.katalon.core.webui.exception.WebElementNotFoundException: Web element with id: 'Object Repository/object_reservation/button_Return To Reservation' located by 'By.xpath: (//button[@type='button'])[13]' not found
	at com.kms.katalon.core.webui.common.WebUiCommonHelper.findWebElement(WebUiCommonHelper.java:1113)
	at com.kms.katalon.core.webui.keyword.internal.WebUIAbstractKeyword.findWebElement(WebUIAbstractKeyword.groovy:27)
	at com.kms.katalon.core.webui.keyword.internal.WebUIAbstractKeyword.findWebElement(WebUIAbstractKeyword.groovy:26)
	at com.kms.katalon.core.webui.keyword.builtin.ClickKeyword$_click_closure1.doCall(ClickKeyword.groovy:68)
	at com.kms.katalon.core.webui.keyword.builtin.ClickKeyword$_click_closure1.call(ClickKeyword.groovy)
	at com.kms.katalon.core.webui.keyword.internal.WebUIKeywordMain.runKeyword(WebUIKeywordMain.groovy:20)
	... 19 more]]></system-err>
   </testsuite>
</testsuites>
