<?xml version="1.0" encoding="UTF-8"?>
<testsuites name="ts_cancelRev" time="14.584" tests="1" failures="0" errors="0">
   <testsuite name="ts_cancelRev" tests="1" failures="0" errors="0" time="14.584" timestamp="2019-11-21 18:25:15" hostname="leonardo-arkusmty - leonardoarkusmty-Inspiron-5577" id="Test Suites/ts_cancelRev">
      <properties>
         <property name="deviceName" value=""/>
         <property name="devicePlatform" value=""/>
         <property name="logFolder" value="/home/leonardo-arkusmty/Documents/workspaceKatalon/p4ptest/Reports/20191121_182513/ts_cancelRev/20191121_182513"/>
         <property name="logFiles" value="/home/leonardo-arkusmty/Documents/workspaceKatalon/p4ptest/Reports/20191121_182513/ts_cancelRev/20191121_182513/execution0.log"/>
         <property name="attachments" value=""/>
         <property name="hostName" value="leonardo-arkusmty - leonardoarkusmty-Inspiron-5577"/>
         <property name="os" value="Linux 64bit"/>
         <property name="katalonVersion" value="7.0.8.1"/>
         <property name="browser" value="Firefox 70.0"/>
         <property name="hostAddress" value="127.0.1.1"/>
         <property name="sessionId" value="936ea0b0-645d-4ce2-9cf6-2abc8d2f0fc5"/>
         <property name="seleniumVersion" value="3.141.59"/>
         <property name="proxyInformation" value="ProxyInformation{proxyOption=NO_PROXY, proxyServerType=HTTP, password=, proxyServerAddress=, proxyServerPort=0}"/>
         <property name="platform" value="Linux"/>
      </properties>
      <testcase name="Test Cases/p4p_cancelReserBtn" time="10.705" classname="Test Cases/p4p_cancelReserBtn" status="PASSED">
         <system-out><![CDATA[2019-11-21 18:25:15 - [TEST_CASE][PASSED] - Test Cases/p4p_cancelReserBtn: Test Cases/p4p_cancelReserBtn

2019-11-21 18:25:15 - [TEST_STEP][PASSED] - callTestCase(findTestCase("p4p_login"), ["var_user":"", "var_pass":""], STOP_ON_FAILURE): Call Test Case 'Test Cases/p4p_login' successfully

2019-11-21 18:25:15 - [TEST_CASE][PASSED] - Test Cases/p4p_login: Test Cases/p4p_login

2019-11-21 18:25:15 - [TEST_STEP][PASSED] - openBrowser(""): Browser is opened with url: ''

2019-11-21 18:25:16 - [MESSAGE][INFO] - Starting 'Firefox' driver

2019-11-21 18:25:16 - [MESSAGE][INFO] - Action delay is set to 0 seconds

2019-11-21 18:25:18 - [MESSAGE][PASSED] - Browser is opened with url: ''

2019-11-21 18:25:18 - [TEST_STEP][PASSED] - navigateToUrl("https://p4p-qa-bg.aws.paradise4paws.com/login/?next=/"): Navigate to 'https://p4p-qa-bg.aws.paradise4paws.com/login/?next=/' successfully

2019-11-21 18:25:20 - [MESSAGE][PASSED] - Navigate to 'https://p4p-qa-bg.aws.paradise4paws.com/login/?next=/' successfully

2019-11-21 18:25:20 - [TEST_STEP][PASSED] - setText(findTestObject("object_login/input_user"), var_user): Text '' is set on object 'Object Repository/object_login/input_user'

2019-11-21 18:25:20 - [MESSAGE][PASSED] - Text '' is set on object 'Object Repository/object_login/input_user'

2019-11-21 18:25:20 - [TEST_STEP][PASSED] - setText(findTestObject("object_login/input_pass"), var_pass): Text '' is set on object 'Object Repository/object_login/input_pass'

2019-11-21 18:25:21 - [MESSAGE][PASSED] - Text '' is set on object 'Object Repository/object_login/input_pass'

2019-11-21 18:25:21 - [TEST_STEP][PASSED] - delay(3): Delayed 3 second(s)

2019-11-21 18:25:24 - [MESSAGE][PASSED] - Delayed 3 second(s)

2019-11-21 18:25:24 - [TEST_STEP][PASSED] - verifyElementClickable(findTestObject("object_login/btn_login")): Object 'Object Repository/object_login/btn_login' is clickable

2019-11-21 18:25:24 - [MESSAGE][PASSED] - Object 'Object Repository/object_login/btn_login' is clickable

2019-11-21 18:25:24 - [TEST_STEP][PASSED] - click(findTestObject("object_login/btn_login")): Object: 'Object Repository/object_login/btn_login' is clicked on

2019-11-21 18:25:25 - [MESSAGE][PASSED] - Object: 'Object Repository/object_login/btn_login' is clicked on

2019-11-21 18:25:25 - [MESSAGE][PASSED] - Call Test Case 'Test Cases/p4p_login' successfully

2019-11-21 18:25:25 - [TEST_STEP][PASSED] - navigateToUrl(urlReserva): Navigate to 'https://p4p-qa-bg.aws.paradise4paws.com/accounts/profile/#/parents/97558/' successfully

2019-11-21 18:25:26 - [MESSAGE][PASSED] - Navigate to 'https://p4p-qa-bg.aws.paradise4paws.com/accounts/profile/#/parents/97558/' successfully]]></system-out>
         <system-err><![CDATA[]]></system-err>
      </testcase>
      <system-out><![CDATA[2019-11-21 18:25:15 - [TEST_SUITE][PASSED] - ts_cancelRev: Test Cases/p4p_cancelReserBtn]]></system-out>
      <system-err><![CDATA[]]></system-err>
   </testsuite>
</testsuites>
