<?xml version="1.0" encoding="UTF-8"?>
<testsuites name="ts_newReservationDaycare" time="1815.867" tests="11" failures="4" errors="4">
   <testsuite name="ts_newReservationDaycare" tests="11" failures="4" errors="4" time="1815.867" timestamp="2019-12-23 13:00:25" hostname="leonardo-arkusmty - leonardoarkusmty-Inspiron-5577" id="Test Suites/ts_newReservationDaycare">
      <properties>
         <property name="deviceName" value=""/>
         <property name="devicePlatform" value=""/>
         <property name="logFolder" value="/home/leonardo-arkusmty/Documents/workspaceKatalon/p4ptest/Reports/20191223_130024/ts_newReservationDaycare/20191223_130024"/>
         <property name="logFiles" value="/home/leonardo-arkusmty/Documents/workspaceKatalon/p4ptest/Reports/20191223_130024/ts_newReservationDaycare/20191223_130024/execution0.log"/>
         <property name="attachments" value="/home/leonardo-arkusmty/Documents/workspaceKatalon/p4ptest/Reports/20191223_130024/ts_newReservationDaycare/20191223_130024/1577127984534.png, /home/leonardo-arkusmty/Documents/workspaceKatalon/p4ptest/Reports/20191223_130024/ts_newReservationDaycare/20191223_130024/1577128068820.png, /home/leonardo-arkusmty/Documents/workspaceKatalon/p4ptest/Reports/20191223_130024/ts_newReservationDaycare/20191223_130024/1577128191934.png, /home/leonardo-arkusmty/Documents/workspaceKatalon/p4ptest/Reports/20191223_130024/ts_newReservationDaycare/20191223_130024/1577128321050.png, /home/leonardo-arkusmty/Documents/workspaceKatalon/p4ptest/Reports/20191223_130024/ts_newReservationDaycare/20191223_130024/1577128406089.png, /home/leonardo-arkusmty/Documents/workspaceKatalon/p4ptest/Reports/20191223_130024/ts_newReservationDaycare/20191223_130024/1577128536913.png, /home/leonardo-arkusmty/Documents/workspaceKatalon/p4ptest/Reports/20191223_130024/ts_newReservationDaycare/20191223_130024/1577128677657.png, /home/leonardo-arkusmty/Documents/workspaceKatalon/p4ptest/Reports/20191223_130024/ts_newReservationDaycare/20191223_130024/1577128730058.png, /home/leonardo-arkusmty/Documents/workspaceKatalon/p4ptest/Reports/20191223_130024/ts_newReservationDaycare/20191223_130024/1577128882596.png, /home/leonardo-arkusmty/Documents/workspaceKatalon/p4ptest/Reports/20191223_130024/ts_newReservationDaycare/20191223_130024/1577128933728.png, /home/leonardo-arkusmty/Documents/workspaceKatalon/p4ptest/Reports/20191223_130024/ts_newReservationDaycare/20191223_130024/1577129121342.png, /home/leonardo-arkusmty/Documents/workspaceKatalon/p4ptest/Reports/20191223_130024/ts_newReservationDaycare/20191223_130024/1577129440804.png"/>
         <property name="hostName" value="leonardo-arkusmty - leonardoarkusmty-Inspiron-5577"/>
         <property name="os" value="Linux 64bit"/>
         <property name="katalonVersion" value="7.0.8.1"/>
         <property name="browser" value="Firefox 71.0"/>
         <property name="hostAddress" value="127.0.1.1"/>
         <property name="sessionId" value="c21a7522-ce55-43c8-b112-cab560be0c12"/>
         <property name="seleniumVersion" value="3.141.59"/>
         <property name="proxyInformation" value="ProxyInformation{proxyOption=NO_PROXY, proxyServerType=HTTP, password=, proxyServerAddress=, proxyServerPort=0}"/>
         <property name="platform" value="Linux"/>
      </properties>
      <testcase name="Test Cases/p4p_newReservationDaycare" time="79.164" classname="Test Cases/p4p_newReservationDaycare" status="PASSED">
         <system-out><![CDATA[2019-12-23 13:00:25 - [TEST_CASE][PASSED] - Test Cases/p4p_newReservationDaycare: Test Cases/p4p_newReservationDaycare

2019-12-23 13:00:26 - [TEST_STEP][PASSED] - openBrowser("https://p4p-qa-bg.aws.paradise4paws.com/login/"): Browser is opened with url: 'https://p4p-qa-bg.aws.paradise4paws.com/login/'

2019-12-23 13:00:26 - [MESSAGE][INFO] - Starting 'Firefox' driver

2019-12-23 13:00:26 - [MESSAGE][INFO] - Action delay is set to 0 seconds

2019-12-23 13:00:30 - [MESSAGE][PASSED] - Browser is opened with url: 'https://p4p-qa-bg.aws.paradise4paws.com/login/'

2019-12-23 13:00:30 - [TEST_STEP][PASSED] - setText(findTestObject("Object Repository/object_login/input_user"), var_user): Text 'jegchavez@gmail.com' is set on object 'Object Repository/object_login/input_user'

2019-12-23 13:00:31 - [MESSAGE][PASSED] - Text 'jegchavez@gmail.com' is set on object 'Object Repository/object_login/input_user'

2019-12-23 13:00:31 - [TEST_STEP][PASSED] - setText(findTestObject("Object Repository/object_login/input_pass"), var_pass): Text 'admin1' is set on object 'Object Repository/object_login/input_pass'

2019-12-23 13:00:31 - [MESSAGE][PASSED] - Text 'admin1' is set on object 'Object Repository/object_login/input_pass'

2019-12-23 13:00:31 - [TEST_STEP][PASSED] - delay(2): Delayed 2 second(s)

2019-12-23 13:00:33 - [MESSAGE][PASSED] - Delayed 2 second(s)

2019-12-23 13:00:33 - [TEST_STEP][PASSED] - verifyElementClickable(findTestObject("Object Repository/object_login/btn_login")): Object 'Object Repository/object_login/btn_login' is clickable

2019-12-23 13:00:34 - [MESSAGE][PASSED] - Object 'Object Repository/object_login/btn_login' is clickable

2019-12-23 13:00:34 - [TEST_STEP][PASSED] - click(findTestObject("Object Repository/object_login/btn_login")): Object: 'Object Repository/object_login/btn_login' is clicked on

2019-12-23 13:00:41 - [MESSAGE][PASSED] - Object: 'Object Repository/object_login/btn_login' is clicked on

2019-12-23 13:00:41 - [TEST_STEP][PASSED] - delay(2): Delayed 2 second(s)

2019-12-23 13:00:43 - [MESSAGE][PASSED] - Delayed 2 second(s)

2019-12-23 13:00:43 - [TEST_STEP][PASSED] - setText(findTestObject("Object Repository/object_dashboard_emp/input_search"), var_searchParent): Text 'leongarzagarza@hotmail.com' is set on object 'Object Repository/object_dashboard_emp/input_search'

2019-12-23 13:00:43 - [MESSAGE][PASSED] - Text 'leongarzagarza@hotmail.com' is set on object 'Object Repository/object_dashboard_emp/input_search'

2019-12-23 13:00:43 - [TEST_STEP][PASSED] - click(findTestObject("Object Repository/object_dashboard_emp/btn_accountSearch")): Object: 'Object Repository/object_dashboard_emp/btn_accountSearch' is clicked on

2019-12-23 13:00:45 - [MESSAGE][PASSED] - Object: 'Object Repository/object_dashboard_emp/btn_accountSearch' is clicked on

2019-12-23 13:00:45 - [TEST_STEP][PASSED] - delay(2): Delayed 2 second(s)

2019-12-23 13:00:47 - [MESSAGE][PASSED] - Delayed 2 second(s)

2019-12-23 13:00:47 - [TEST_STEP][PASSED] - click(findTestObject("Object Repository/object_accountInformation/a_TEST GABRIEL PROD")): Object: 'Object Repository/object_accountInformation/a_TEST GABRIEL PROD' is clicked on

2019-12-23 13:00:51 - [MESSAGE][PASSED] - Object: 'Object Repository/object_accountInformation/a_TEST GABRIEL PROD' is clicked on

2019-12-23 13:00:51 - [TEST_STEP][PASSED] - delay(2): Delayed 2 second(s)

2019-12-23 13:00:53 - [MESSAGE][PASSED] - Delayed 2 second(s)

2019-12-23 13:00:53 - [TEST_STEP][PASSED] - flagBoar = "0": null

2019-12-23 13:00:53 - [TEST_STEP][PASSED] - log = new com.kms.katalon.core.logging.KeywordLogger(): null

2019-12-23 13:00:53 - [TEST_STEP][PASSED] - fisNewRes = new java.io.FileInputStream(/home/leonardo-arkusmty/Desktop/P4P/DATA_AUTOMATINTESTING/data_1newReservationDaycare.xlsx): null

2019-12-23 13:00:53 - [TEST_STEP][PASSED] - fisCanRes = new java.io.FileInputStream(/home/leonardo-arkusmty/Desktop/P4P/DATA_AUTOMATINTESTING/data_2cancelReservation.xlsx): null

2019-12-23 13:00:53 - [TEST_STEP][PASSED] - workbookNewRes = new org.apache.poi.xssf.usermodel.XSSFWorkbook(fisNewRes): null

2019-12-23 13:00:54 - [TEST_STEP][PASSED] - workbookCanRes = new org.apache.poi.xssf.usermodel.XSSFWorkbook(fisCanRes): null

2019-12-23 13:00:54 - [TEST_STEP][PASSED] - sheetNewRes = workbookNewRes.getSheet("Sheet1"): null

2019-12-23 13:00:54 - [TEST_STEP][PASSED] - sheetCanRes = workbookCanRes.getSheet("Sheet1"): null

2019-12-23 13:00:54 - [TEST_STEP][PASSED] - rowCount = var_row: null

2019-12-23 13:00:54 - [TEST_STEP][PASSED] - var = Integer.parseInt(var_idRowRes): null

2019-12-23 13:00:54 - [TEST_STEP][PASSED] - rowNewRes = sheetNewRes.getRow(var): null

2019-12-23 13:00:54 - [TEST_STEP][PASSED] - rowCanRes = sheetCanRes.getRow(var): null

2019-12-23 13:00:54 - [TEST_STEP][PASSED] - var_url = getUrl(): Current window's url is: 'https://p4p-qa-bg.aws.paradise4paws.com/accounts/profile/#/reservations/122350/'

2019-12-23 13:00:54 - [MESSAGE][PASSED] - Current window's url is: 'https://p4p-qa-bg.aws.paradise4paws.com/accounts/profile/#/reservations/122350/'

2019-12-23 13:00:54 - [TEST_STEP][PASSED] - arrUrl = var_url.split("/"): null

2019-12-23 13:00:54 - [TEST_STEP][PASSED] - idParent = arrUrl[7]: null

2019-12-23 13:00:54 - [TEST_STEP][PASSED] - click(findTestObject("Object Repository/object_profile/a_addReservation")): Object: 'Object Repository/object_profile/a_addReservation' is clicked on

2019-12-23 13:00:55 - [MESSAGE][PASSED] - Object: 'Object Repository/object_profile/a_addReservation' is clicked on

2019-12-23 13:00:55 - [TEST_STEP][PASSED] - delay(2): Delayed 2 second(s)

2019-12-23 13:00:57 - [MESSAGE][PASSED] - Delayed 2 second(s)

2019-12-23 13:00:57 - [TEST_STEP][PASSED] - if (var_typeReserveation == "Boarding"): null

2019-12-23 13:00:57 - [TEST_STEP][PASSED] - else if (var_typeReserveation == "Daycare"): Object: 'Object Repository/object_reservation/btn_Daycare' is clicked on

2019-12-23 13:00:57 - [TEST_STEP][PASSED] - flagBoar = "2": null

2019-12-23 13:00:57 - [TEST_STEP][PASSED] - click(findTestObject("object_reservation/btn_Daycare")): Object: 'Object Repository/object_reservation/btn_Daycare' is clicked on

2019-12-23 13:00:58 - [MESSAGE][PASSED] - Object: 'Object Repository/object_reservation/btn_Daycare' is clicked on

2019-12-23 13:00:58 - [TEST_STEP][PASSED] - click(findTestObject("Object Repository/object_reservation/i_location")): Object: 'Object Repository/object_reservation/i_location' is clicked on

2019-12-23 13:01:01 - [MESSAGE][PASSED] - Object: 'Object Repository/object_reservation/i_location' is clicked on

2019-12-23 13:01:01 - [TEST_STEP][PASSED] - switch (var_idFacility): null

2019-12-23 13:01:01 - [TEST_STEP][PASSED] - dateCI = var_checkinD.split(","): null

2019-12-23 13:01:01 - [TEST_STEP][PASSED] - dateCO = var_checkoutD.split(","): null

2019-12-23 13:01:01 - [TEST_STEP][PASSED] - arryPets = var_pets.split(","): null

2019-12-23 13:01:01 - [TEST_STEP][PASSED] - delay(2): Delayed 2 second(s)

2019-12-23 13:01:03 - [MESSAGE][PASSED] - Delayed 2 second(s)

2019-12-23 13:01:03 - [TEST_STEP][PASSED] - if (var_repeting == "Y"): null

2019-12-23 13:01:03 - [TEST_STEP][PASSED] - click(findTestObject("Object Repository/object_reservation/dateCheckIn")): Object: 'Object Repository/object_reservation/dateCheckIn' is clicked on

2019-12-23 13:01:04 - [MESSAGE][PASSED] - Object: 'Object Repository/object_reservation/dateCheckIn' is clicked on

2019-12-23 13:01:04 - [TEST_STEP][PASSED] - stringCI2020 = "0": null

2019-12-23 13:01:04 - [TEST_STEP][PASSED] - stringCO2020 = "0": null

2019-12-23 13:01:04 - [TEST_STEP][PASSED] - if (dateCI[0] == "16" && dateCI[1] == "01" && dateCI[2] == "2020"): null

2019-12-23 13:01:04 - [TEST_STEP][PASSED] - if (dateCI[0] == "18" && dateCI[1] == "02" && dateCI[2] == "2020"): null

2019-12-23 13:01:04 - [TEST_STEP][PASSED] - if (dateCI[0] == "21" && dateCI[1] == "03" && dateCI[2] == "2020"): null

2019-12-23 13:01:04 - [TEST_STEP][PASSED] - delay(2): Delayed 2 second(s)

2019-12-23 13:01:06 - [MESSAGE][PASSED] - Delayed 2 second(s)

2019-12-23 13:01:06 - [TEST_STEP][PASSED] - if (stringCI2020 == "0"): null

2019-12-23 13:01:06 - [TEST_STEP][PASSED] - switch (dateCI[0]): null

2019-12-23 13:01:06 - [TEST_STEP][PASSED] - case "7":: null

2019-12-23 13:01:06 - [TEST_STEP][PASSED] - click(findTestObject("Object Repository/Page_Paradise 4 Paws  Dog Boarding Cat Boarding Norwalk Pooch Hotel/button_07_ci")): Object: 'Object Repository/Page_Paradise 4 Paws  Dog Boarding Cat Boarding Norwalk Pooch Hotel/button_07_ci' is clicked on

2019-12-23 13:01:06 - [MESSAGE][PASSED] - Object: 'Object Repository/Page_Paradise 4 Paws  Dog Boarding Cat Boarding Norwalk Pooch Hotel/button_07_ci' is clicked on

2019-12-23 13:01:06 - [TEST_STEP][PASSED] - break: null

2019-12-23 13:01:06 - [TEST_STEP][PASSED] - if (flagBoar == "1" || flagBoar == "2" && var_repeatingEvery == "Daily" || flagBoar == "2" && var_repeatingEvery == "Weekly" || flagBoar == "2" && var_repeatingEvery == "Monthly"): null

2019-12-23 13:01:06 - [TEST_STEP][NOT_RUN] - click(findTestObject("Object Repository/object_reservationCalendar/CO_close")): NOT_RUN: click(findTestObject("Object Repository/object_reservationCalendar/CO_close"))

2019-12-23 13:01:06 - [MESSAGE][NOT_RUN] - NOT_RUN: click(findTestObject("Object Repository/object_reservationCalendar/CO_close"))

2019-12-23 13:01:06 - [TEST_STEP][PASSED] - click(findTestObject("Object Repository/object_reservation/timeCheckin")): Object: 'Object Repository/object_reservation/timeCheckin' is clicked on

2019-12-23 13:01:07 - [MESSAGE][PASSED] - Object: 'Object Repository/object_reservation/timeCheckin' is clicked on

2019-12-23 13:01:07 - [TEST_STEP][PASSED] - switch (var_checkinT): null

2019-12-23 13:01:07 - [TEST_STEP][PASSED] - case "800":: null

2019-12-23 13:01:07 - [TEST_STEP][PASSED] - click(findTestObject("Object Repository/Page_Paradise 4 Paws  Dog Boarding Cat Boarding Norwalk Pooch Hotel/time_800am_ci")): Object: 'Object Repository/Page_Paradise 4 Paws  Dog Boarding Cat Boarding Norwalk Pooch Hotel/time_800am_ci' is clicked on

2019-12-23 13:01:08 - [MESSAGE][PASSED] - Object: 'Object Repository/Page_Paradise 4 Paws  Dog Boarding Cat Boarding Norwalk Pooch Hotel/time_800am_ci' is clicked on

2019-12-23 13:01:08 - [TEST_STEP][PASSED] - break: null

2019-12-23 13:01:08 - [TEST_STEP][PASSED] - click(findTestObject("Object Repository/object_reservation/timeCheckOut")): Object: 'Object Repository/object_reservation/timeCheckOut' is clicked on

2019-12-23 13:01:08 - [MESSAGE][PASSED] - Object: 'Object Repository/object_reservation/timeCheckOut' is clicked on

2019-12-23 13:01:08 - [TEST_STEP][PASSED] - switch (var_checkoutT): null

2019-12-23 13:01:08 - [TEST_STEP][PASSED] - case "1200":: null

2019-12-23 13:01:08 - [TEST_STEP][PASSED] - click(findTestObject("Object Repository/Page_Paradise 4 Paws  Dog Boarding Cat Boarding Norwalk Pooch Hotel/time_1200pm_co")): Object: 'Object Repository/Page_Paradise 4 Paws  Dog Boarding Cat Boarding Norwalk Pooch Hotel/time_1200pm_co' is clicked on

2019-12-23 13:01:09 - [MESSAGE][PASSED] - Object: 'Object Repository/Page_Paradise 4 Paws  Dog Boarding Cat Boarding Norwalk Pooch Hotel/time_1200pm_co' is clicked on

2019-12-23 13:01:09 - [TEST_STEP][PASSED] - break: null

2019-12-23 13:01:09 - [TEST_STEP][PASSED] - delay(2): Delayed 2 second(s)

2019-12-23 13:01:11 - [MESSAGE][PASSED] - Delayed 2 second(s)

2019-12-23 13:01:11 - [TEST_STEP][PASSED] - if (arryPets.size() == 1): Object: 'Object Repository/object_reservation/Page_Paradise 4 Paws  Dog Boarding Cat Boarding Norwalk Pooch Hotel/div_Ares' is clicked on

2019-12-23 13:01:11 - [TEST_STEP][PASSED] - click(findTestObject("Object Repository/object_reservation/Page_Paradise 4 Paws  Dog Boarding Cat Boarding Norwalk Pooch Hotel/div_Ares")): Object: 'Object Repository/object_reservation/Page_Paradise 4 Paws  Dog Boarding Cat Boarding Norwalk Pooch Hotel/div_Ares' is clicked on

2019-12-23 13:01:12 - [MESSAGE][PASSED] - Object: 'Object Repository/object_reservation/Page_Paradise 4 Paws  Dog Boarding Cat Boarding Norwalk Pooch Hotel/div_Ares' is clicked on

2019-12-23 13:01:12 - [TEST_STEP][NOT_RUN] - click(findTestObject("object_reservations/i_Day_fa fa-circle-o ng-scope")): NOT_RUN: click(findTestObject("object_reservations/i_Day_fa fa-circle-o ng-scope"))

2019-12-23 13:01:12 - [MESSAGE][NOT_RUN] - NOT_RUN: click(findTestObject("object_reservations/i_Day_fa fa-circle-o ng-scope"))

2019-12-23 13:01:12 - [TEST_STEP][PASSED] - if (flagBoar == "1" || flagBoar == "2"): Object: 'Object Repository/object_reservation/div_suite_rad_deluxe' is clicked on

2019-12-23 13:01:12 - [TEST_STEP][PASSED] - click(findTestObject("Object Repository/object_reservation/div_suite_rad_deluxe")): Object: 'Object Repository/object_reservation/div_suite_rad_deluxe' is clicked on

2019-12-23 13:01:16 - [MESSAGE][PASSED] - Object: 'Object Repository/object_reservation/div_suite_rad_deluxe' is clicked on

2019-12-23 13:01:16 - [TEST_STEP][PASSED] - click(findTestObject("Object Repository/object_reservation/btn_next2")): Object: 'Object Repository/object_reservation/btn_next2' is clicked on

2019-12-23 13:01:19 - [MESSAGE][PASSED] - Object: 'Object Repository/object_reservation/btn_next2' is clicked on

2019-12-23 13:01:19 - [TEST_STEP][PASSED] - delay(3): Delayed 3 second(s)

2019-12-23 13:01:22 - [MESSAGE][PASSED] - Delayed 3 second(s)

2019-12-23 13:01:22 - [TEST_STEP][PASSED] - if (flagBoar == "1"): null

2019-12-23 13:01:22 - [TEST_STEP][PASSED] - delay(2): Delayed 2 second(s)

2019-12-23 13:01:24 - [MESSAGE][PASSED] - Delayed 2 second(s)

2019-12-23 13:01:24 - [TEST_STEP][PASSED] - click(findTestObject("Object Repository/object_reservation/btn_next2")): Object: 'Object Repository/object_reservation/btn_next2' is clicked on

2019-12-23 13:01:25 - [MESSAGE][PASSED] - Object: 'Object Repository/object_reservation/btn_next2' is clicked on

2019-12-23 13:01:25 - [TEST_STEP][PASSED] - click(findTestObject("Object Repository/object_reservation/button_Submit Reservation")): Object: 'Object Repository/object_reservation/button_Submit Reservation' is clicked on

2019-12-23 13:01:27 - [MESSAGE][PASSED] - Object: 'Object Repository/object_reservation/button_Submit Reservation' is clicked on

2019-12-23 13:01:27 - [TEST_STEP][PASSED] - delay(2): Delayed 2 second(s)

2019-12-23 13:01:29 - [MESSAGE][PASSED] - Delayed 2 second(s)

2019-12-23 13:01:29 - [TEST_STEP][PASSED] - if (flagBoar == "2" && var_repeatingEvery == "Daily" || var_repeatingEvery == "Monthly" || var_repeatingEvery == "Weekly"): null

2019-12-23 13:01:29 - [TEST_STEP][PASSED] - delay(2): Delayed 2 second(s)

2019-12-23 13:01:31 - [MESSAGE][PASSED] - Delayed 2 second(s)

2019-12-23 13:01:31 - [TEST_STEP][PASSED] - try: Object: 'Object Repository/object_reservation/button_Return To Reservation' is clicked on

2019-12-23 13:01:31 - [TEST_STEP][PASSED] - click(findTestObject("Object Repository/object_reservation/button_Return To Reservation")): Object: 'Object Repository/object_reservation/button_Return To Reservation' is clicked on

2019-12-23 13:01:32 - [MESSAGE][PASSED] - Object: 'Object Repository/object_reservation/button_Return To Reservation' is clicked on

2019-12-23 13:01:32 - [TEST_STEP][PASSED] - delay(6): Delayed 6 second(s)

2019-12-23 13:01:38 - [MESSAGE][PASSED] - Delayed 6 second(s)

2019-12-23 13:01:38 - [TEST_STEP][PASSED] - click(findTestObject("Object Repository/object_reservation/Page_Paradise 4 Paws  Dog Boarding Cat Boar_35fe2b/button_Go to CheckOut")): Object: 'Object Repository/object_reservation/Page_Paradise 4 Paws  Dog Boarding Cat Boar_35fe2b/button_Go to CheckOut' is clicked on

2019-12-23 13:01:40 - [MESSAGE][PASSED] - Object: 'Object Repository/object_reservation/Page_Paradise 4 Paws  Dog Boarding Cat Boar_35fe2b/button_Go to CheckOut' is clicked on

2019-12-23 13:01:40 - [TEST_STEP][PASSED] - delay(2): Delayed 2 second(s)

2019-12-23 13:01:42 - [MESSAGE][PASSED] - Delayed 2 second(s)

2019-12-23 13:01:42 - [TEST_STEP][PASSED] - log.logInfo(getText(findTestObject("Object Repository/object_reservation/Page_Paradise 4 Paws  Dog Boarding Cat Boar_35fe2b/span_( BK )"))): ( BK )

2019-12-23 13:01:42 - [MESSAGE][PASSED] - Text of object 'Object Repository/object_reservation/Page_Paradise 4 Paws  Dog Boarding Cat Boar_35fe2b/span_( BK )' is: '( BK )'

2019-12-23 13:01:42 - [MESSAGE][INFO] - ( BK )

2019-12-23 13:01:42 - [TEST_STEP][PASSED] - var_url = getUrl(): Current window's url is: 'https://p4p-qa-bg.aws.paradise4paws.com/frontdesk/checkout/1702628/?parent_id=122350'

2019-12-23 13:01:42 - [MESSAGE][PASSED] - Current window's url is: 'https://p4p-qa-bg.aws.paradise4paws.com/frontdesk/checkout/1702628/?parent_id=122350'

2019-12-23 13:01:42 - [TEST_STEP][PASSED] - arrayUrl = var_url.split("/"): null

2019-12-23 13:01:42 - [TEST_STEP][PASSED] - verifyElementText(findTestObject("Object Repository/object_reservation/Page_Paradise 4 Paws  Dog Boarding Cat Boar_35fe2b/span_( BK )"), "( BK )", STOP_ON_FAILURE): Actual text and expected text of test object 'Object Repository/object_reservation/Page_Paradise 4 Paws  Dog Boarding Cat Boar_35fe2b/span_( BK )' are matched.

2019-12-23 13:01:43 - [MESSAGE][PASSED] - Actual text and expected text of test object 'Object Repository/object_reservation/Page_Paradise 4 Paws  Dog Boarding Cat Boar_35fe2b/span_( BK )' are matched.

2019-12-23 13:01:43 - [TEST_STEP][PASSED] - cell = rowNewRes.createCell(15, 0): null

2019-12-23 13:01:43 - [TEST_STEP][PASSED] - cell.setCellType(CELL_TYPE_STRING): null

2019-12-23 13:01:43 - [TEST_STEP][PASSED] - cell.setCellValue(arrayUrl[5]): null

2019-12-23 13:01:43 - [TEST_STEP][PASSED] - cell2 = rowNewRes.createCell(16, 0): null

2019-12-23 13:01:43 - [TEST_STEP][PASSED] - cell2.setCellType(CELL_TYPE_STRING): null

2019-12-23 13:01:43 - [TEST_STEP][PASSED] - cell2.setCellValue(getText(findTestObject("Object Repository/object_reservation/Page_Paradise 4 Paws  Dog Boarding Cat Boar_35fe2b/span_( BK )"))): Text of object 'Object Repository/object_reservation/Page_Paradise 4 Paws  Dog Boarding Cat Boar_35fe2b/span_( BK )' is: '( BK )'

2019-12-23 13:01:43 - [MESSAGE][PASSED] - Text of object 'Object Repository/object_reservation/Page_Paradise 4 Paws  Dog Boarding Cat Boar_35fe2b/span_( BK )' is: '( BK )'

2019-12-23 13:01:43 - [TEST_STEP][PASSED] - fos = new java.io.FileOutputStream(/home/leonardo-arkusmty/Desktop/P4P/DATA_AUTOMATINTESTING/data_1newReservationDaycare.xlsx): null

2019-12-23 13:01:43 - [TEST_STEP][PASSED] - workbookNewRes.write(fos): null

2019-12-23 13:01:43 - [TEST_STEP][PASSED] - fos.close(): null

2019-12-23 13:01:43 - [TEST_STEP][PASSED] - delay(1): Delayed 1 second(s)

2019-12-23 13:01:44 - [MESSAGE][PASSED] - Delayed 1 second(s)

2019-12-23 13:01:44 - [TEST_STEP][PASSED] - cellCan = rowCanRes.createCell(5, 0): null

2019-12-23 13:01:44 - [TEST_STEP][PASSED] - cellCan.setCellType(CELL_TYPE_STRING): null

2019-12-23 13:01:44 - [TEST_STEP][PASSED] - cellCan.setCellValue(arrayUrl[5]): null

2019-12-23 13:01:44 - [TEST_STEP][PASSED] - cell2Can = rowCanRes.createCell(6, 0): null

2019-12-23 13:01:44 - [TEST_STEP][PASSED] - cell2Can.setCellType(CELL_TYPE_STRING): null

2019-12-23 13:01:44 - [TEST_STEP][PASSED] - cell2Can.setCellValue(getText(findTestObject("Object Repository/object_reservation/Page_Paradise 4 Paws  Dog Boarding Cat Boar_35fe2b/span_( BK )"))): Text of object 'Object Repository/object_reservation/Page_Paradise 4 Paws  Dog Boarding Cat Boar_35fe2b/span_( BK )' is: '( BK )'

2019-12-23 13:01:44 - [MESSAGE][PASSED] - Text of object 'Object Repository/object_reservation/Page_Paradise 4 Paws  Dog Boarding Cat Boar_35fe2b/span_( BK )' is: '( BK )'

2019-12-23 13:01:44 - [TEST_STEP][PASSED] - fosCan = new java.io.FileOutputStream(/home/leonardo-arkusmty/Desktop/P4P/DATA_AUTOMATINTESTING/data_2cancelReservation.xlsx): null

2019-12-23 13:01:44 - [TEST_STEP][PASSED] - workbookCanRes.write(fosCan): null

2019-12-23 13:01:44 - [TEST_STEP][PASSED] - fosCan.close(): null

2019-12-23 13:01:44 - [TEST_STEP][PASSED] - (var_row++): null]]></system-out>
         <system-err><![CDATA[]]></system-err>
      </testcase>
      <testcase name="Test Cases/p4p_newReservationDaycare" time="78.689" classname="Test Cases/p4p_newReservationDaycare" status="PASSED">
         <system-out><![CDATA[2019-12-23 13:01:44 - [TEST_CASE][PASSED] - Test Cases/p4p_newReservationDaycare: Test Cases/p4p_newReservationDaycare

2019-12-23 13:01:45 - [TEST_STEP][PASSED] - openBrowser("https://p4p-qa-bg.aws.paradise4paws.com/login/"): Browser is opened with url: 'https://p4p-qa-bg.aws.paradise4paws.com/login/'

2019-12-23 13:01:45 - [MESSAGE][WARNING] - A browser is already opened. Closing browser and opening a new one

2019-12-23 13:01:45 - [MESSAGE][INFO] - Starting 'Firefox' driver

2019-12-23 13:01:49 - [MESSAGE][PASSED] - Browser is opened with url: 'https://p4p-qa-bg.aws.paradise4paws.com/login/'

2019-12-23 13:01:49 - [TEST_STEP][PASSED] - setText(findTestObject("Object Repository/object_login/input_user"), var_user): Text 'jegchavez@gmail.com' is set on object 'Object Repository/object_login/input_user'

2019-12-23 13:01:50 - [MESSAGE][PASSED] - Text 'jegchavez@gmail.com' is set on object 'Object Repository/object_login/input_user'

2019-12-23 13:01:50 - [TEST_STEP][PASSED] - setText(findTestObject("Object Repository/object_login/input_pass"), var_pass): Text 'admin1' is set on object 'Object Repository/object_login/input_pass'

2019-12-23 13:01:50 - [MESSAGE][PASSED] - Text 'admin1' is set on object 'Object Repository/object_login/input_pass'

2019-12-23 13:01:50 - [TEST_STEP][PASSED] - delay(2): Delayed 2 second(s)

2019-12-23 13:01:52 - [MESSAGE][PASSED] - Delayed 2 second(s)

2019-12-23 13:01:52 - [TEST_STEP][PASSED] - verifyElementClickable(findTestObject("Object Repository/object_login/btn_login")): Object 'Object Repository/object_login/btn_login' is clickable

2019-12-23 13:01:52 - [MESSAGE][PASSED] - Object 'Object Repository/object_login/btn_login' is clickable

2019-12-23 13:01:52 - [TEST_STEP][PASSED] - click(findTestObject("Object Repository/object_login/btn_login")): Object: 'Object Repository/object_login/btn_login' is clicked on

2019-12-23 13:01:57 - [MESSAGE][PASSED] - Object: 'Object Repository/object_login/btn_login' is clicked on

2019-12-23 13:01:57 - [TEST_STEP][PASSED] - delay(2): Delayed 2 second(s)

2019-12-23 13:01:59 - [MESSAGE][PASSED] - Delayed 2 second(s)

2019-12-23 13:01:59 - [TEST_STEP][PASSED] - setText(findTestObject("Object Repository/object_dashboard_emp/input_search"), var_searchParent): Text 'leongarzagarza@hotmail.com' is set on object 'Object Repository/object_dashboard_emp/input_search'

2019-12-23 13:01:59 - [MESSAGE][PASSED] - Text 'leongarzagarza@hotmail.com' is set on object 'Object Repository/object_dashboard_emp/input_search'

2019-12-23 13:01:59 - [TEST_STEP][PASSED] - click(findTestObject("Object Repository/object_dashboard_emp/btn_accountSearch")): Object: 'Object Repository/object_dashboard_emp/btn_accountSearch' is clicked on

2019-12-23 13:02:01 - [MESSAGE][PASSED] - Object: 'Object Repository/object_dashboard_emp/btn_accountSearch' is clicked on

2019-12-23 13:02:01 - [TEST_STEP][PASSED] - delay(2): Delayed 2 second(s)

2019-12-23 13:02:03 - [MESSAGE][PASSED] - Delayed 2 second(s)

2019-12-23 13:02:03 - [TEST_STEP][PASSED] - click(findTestObject("Object Repository/object_accountInformation/a_TEST GABRIEL PROD")): Object: 'Object Repository/object_accountInformation/a_TEST GABRIEL PROD' is clicked on

2019-12-23 13:02:07 - [MESSAGE][PASSED] - Object: 'Object Repository/object_accountInformation/a_TEST GABRIEL PROD' is clicked on

2019-12-23 13:02:07 - [TEST_STEP][PASSED] - delay(2): Delayed 2 second(s)

2019-12-23 13:02:09 - [MESSAGE][PASSED] - Delayed 2 second(s)

2019-12-23 13:02:09 - [TEST_STEP][PASSED] - flagBoar = "0": null

2019-12-23 13:02:09 - [TEST_STEP][PASSED] - log = new com.kms.katalon.core.logging.KeywordLogger(): null

2019-12-23 13:02:09 - [TEST_STEP][PASSED] - fisNewRes = new java.io.FileInputStream(/home/leonardo-arkusmty/Desktop/P4P/DATA_AUTOMATINTESTING/data_1newReservationDaycare.xlsx): null

2019-12-23 13:02:09 - [TEST_STEP][PASSED] - fisCanRes = new java.io.FileInputStream(/home/leonardo-arkusmty/Desktop/P4P/DATA_AUTOMATINTESTING/data_2cancelReservation.xlsx): null

2019-12-23 13:02:09 - [TEST_STEP][PASSED] - workbookNewRes = new org.apache.poi.xssf.usermodel.XSSFWorkbook(fisNewRes): null

2019-12-23 13:02:09 - [TEST_STEP][PASSED] - workbookCanRes = new org.apache.poi.xssf.usermodel.XSSFWorkbook(fisCanRes): null

2019-12-23 13:02:09 - [TEST_STEP][PASSED] - sheetNewRes = workbookNewRes.getSheet("Sheet1"): null

2019-12-23 13:02:09 - [TEST_STEP][PASSED] - sheetCanRes = workbookCanRes.getSheet("Sheet1"): null

2019-12-23 13:02:09 - [TEST_STEP][PASSED] - rowCount = var_row: null

2019-12-23 13:02:09 - [TEST_STEP][PASSED] - var = Integer.parseInt(var_idRowRes): null

2019-12-23 13:02:09 - [TEST_STEP][PASSED] - rowNewRes = sheetNewRes.getRow(var): null

2019-12-23 13:02:09 - [TEST_STEP][PASSED] - rowCanRes = sheetCanRes.getRow(var): null

2019-12-23 13:02:09 - [TEST_STEP][PASSED] - var_url = getUrl(): Current window's url is: 'https://p4p-qa-bg.aws.paradise4paws.com/accounts/profile/#/reservations/122350/'

2019-12-23 13:02:09 - [MESSAGE][PASSED] - Current window's url is: 'https://p4p-qa-bg.aws.paradise4paws.com/accounts/profile/#/reservations/122350/'

2019-12-23 13:02:09 - [TEST_STEP][PASSED] - arrUrl = var_url.split("/"): null

2019-12-23 13:02:09 - [TEST_STEP][PASSED] - idParent = arrUrl[7]: null

2019-12-23 13:02:09 - [TEST_STEP][PASSED] - click(findTestObject("Object Repository/object_profile/a_addReservation")): Object: 'Object Repository/object_profile/a_addReservation' is clicked on

2019-12-23 13:02:10 - [MESSAGE][PASSED] - Object: 'Object Repository/object_profile/a_addReservation' is clicked on

2019-12-23 13:02:10 - [TEST_STEP][PASSED] - delay(2): Delayed 2 second(s)

2019-12-23 13:02:12 - [MESSAGE][PASSED] - Delayed 2 second(s)

2019-12-23 13:02:12 - [TEST_STEP][PASSED] - if (var_typeReserveation == "Boarding"): null

2019-12-23 13:02:12 - [TEST_STEP][PASSED] - else if (var_typeReserveation == "Daycare"): Object: 'Object Repository/object_reservation/btn_Daycare' is clicked on

2019-12-23 13:02:12 - [TEST_STEP][PASSED] - flagBoar = "2": null

2019-12-23 13:02:12 - [TEST_STEP][PASSED] - click(findTestObject("object_reservation/btn_Daycare")): Object: 'Object Repository/object_reservation/btn_Daycare' is clicked on

2019-12-23 13:02:13 - [MESSAGE][PASSED] - Object: 'Object Repository/object_reservation/btn_Daycare' is clicked on

2019-12-23 13:02:13 - [TEST_STEP][PASSED] - click(findTestObject("Object Repository/object_reservation/i_location")): Object: 'Object Repository/object_reservation/i_location' is clicked on

2019-12-23 13:02:16 - [MESSAGE][PASSED] - Object: 'Object Repository/object_reservation/i_location' is clicked on

2019-12-23 13:02:16 - [TEST_STEP][PASSED] - switch (var_idFacility): null

2019-12-23 13:02:16 - [TEST_STEP][PASSED] - dateCI = var_checkinD.split(","): null

2019-12-23 13:02:16 - [TEST_STEP][PASSED] - dateCO = var_checkoutD.split(","): null

2019-12-23 13:02:16 - [TEST_STEP][PASSED] - arryPets = var_pets.split(","): null

2019-12-23 13:02:16 - [TEST_STEP][PASSED] - delay(2): Delayed 2 second(s)

2019-12-23 13:02:18 - [MESSAGE][PASSED] - Delayed 2 second(s)

2019-12-23 13:02:18 - [TEST_STEP][PASSED] - if (var_repeting == "Y"): null

2019-12-23 13:02:18 - [TEST_STEP][PASSED] - click(findTestObject("Object Repository/object_reservation/dateCheckIn")): Object: 'Object Repository/object_reservation/dateCheckIn' is clicked on

2019-12-23 13:02:18 - [MESSAGE][PASSED] - Object: 'Object Repository/object_reservation/dateCheckIn' is clicked on

2019-12-23 13:02:18 - [TEST_STEP][PASSED] - stringCI2020 = "0": null

2019-12-23 13:02:18 - [TEST_STEP][PASSED] - stringCO2020 = "0": null

2019-12-23 13:02:18 - [TEST_STEP][PASSED] - if (dateCI[0] == "16" && dateCI[1] == "01" && dateCI[2] == "2020"): null

2019-12-23 13:02:18 - [TEST_STEP][PASSED] - if (dateCI[0] == "18" && dateCI[1] == "02" && dateCI[2] == "2020"): null

2019-12-23 13:02:18 - [TEST_STEP][PASSED] - if (dateCI[0] == "21" && dateCI[1] == "03" && dateCI[2] == "2020"): null

2019-12-23 13:02:18 - [TEST_STEP][PASSED] - delay(2): Delayed 2 second(s)

2019-12-23 13:02:20 - [MESSAGE][PASSED] - Delayed 2 second(s)

2019-12-23 13:02:20 - [TEST_STEP][PASSED] - if (stringCI2020 == "0"): null

2019-12-23 13:02:20 - [TEST_STEP][PASSED] - switch (dateCI[0]): null

2019-12-23 13:02:20 - [TEST_STEP][PASSED] - case "8":: null

2019-12-23 13:02:20 - [TEST_STEP][PASSED] - click(findTestObject("Object Repository/Page_Paradise 4 Paws  Dog Boarding Cat Boarding Norwalk Pooch Hotel/button_08_ci")): Object: 'Object Repository/Page_Paradise 4 Paws  Dog Boarding Cat Boarding Norwalk Pooch Hotel/button_08_ci' is clicked on

2019-12-23 13:02:21 - [MESSAGE][PASSED] - Object: 'Object Repository/Page_Paradise 4 Paws  Dog Boarding Cat Boarding Norwalk Pooch Hotel/button_08_ci' is clicked on

2019-12-23 13:02:21 - [TEST_STEP][PASSED] - break: null

2019-12-23 13:02:21 - [TEST_STEP][PASSED] - if (flagBoar == "1" || flagBoar == "2" && var_repeatingEvery == "Daily" || flagBoar == "2" && var_repeatingEvery == "Weekly" || flagBoar == "2" && var_repeatingEvery == "Monthly"): null

2019-12-23 13:02:21 - [TEST_STEP][NOT_RUN] - click(findTestObject("Object Repository/object_reservationCalendar/CO_close")): NOT_RUN: click(findTestObject("Object Repository/object_reservationCalendar/CO_close"))

2019-12-23 13:02:21 - [MESSAGE][NOT_RUN] - NOT_RUN: click(findTestObject("Object Repository/object_reservationCalendar/CO_close"))

2019-12-23 13:02:21 - [TEST_STEP][PASSED] - click(findTestObject("Object Repository/object_reservation/timeCheckin")): Object: 'Object Repository/object_reservation/timeCheckin' is clicked on

2019-12-23 13:02:22 - [MESSAGE][PASSED] - Object: 'Object Repository/object_reservation/timeCheckin' is clicked on

2019-12-23 13:02:22 - [TEST_STEP][PASSED] - switch (var_checkinT): null

2019-12-23 13:02:22 - [TEST_STEP][PASSED] - case "800":: null

2019-12-23 13:02:22 - [TEST_STEP][PASSED] - click(findTestObject("Object Repository/Page_Paradise 4 Paws  Dog Boarding Cat Boarding Norwalk Pooch Hotel/time_800am_ci")): Object: 'Object Repository/Page_Paradise 4 Paws  Dog Boarding Cat Boarding Norwalk Pooch Hotel/time_800am_ci' is clicked on

2019-12-23 13:02:22 - [MESSAGE][PASSED] - Object: 'Object Repository/Page_Paradise 4 Paws  Dog Boarding Cat Boarding Norwalk Pooch Hotel/time_800am_ci' is clicked on

2019-12-23 13:02:22 - [TEST_STEP][PASSED] - break: null

2019-12-23 13:02:22 - [TEST_STEP][PASSED] - click(findTestObject("Object Repository/object_reservation/timeCheckOut")): Object: 'Object Repository/object_reservation/timeCheckOut' is clicked on

2019-12-23 13:02:23 - [MESSAGE][PASSED] - Object: 'Object Repository/object_reservation/timeCheckOut' is clicked on

2019-12-23 13:02:23 - [TEST_STEP][PASSED] - switch (var_checkoutT): null

2019-12-23 13:02:23 - [TEST_STEP][PASSED] - case "1200":: null

2019-12-23 13:02:23 - [TEST_STEP][PASSED] - click(findTestObject("Object Repository/Page_Paradise 4 Paws  Dog Boarding Cat Boarding Norwalk Pooch Hotel/time_1200pm_co")): Object: 'Object Repository/Page_Paradise 4 Paws  Dog Boarding Cat Boarding Norwalk Pooch Hotel/time_1200pm_co' is clicked on

2019-12-23 13:02:24 - [MESSAGE][PASSED] - Object: 'Object Repository/Page_Paradise 4 Paws  Dog Boarding Cat Boarding Norwalk Pooch Hotel/time_1200pm_co' is clicked on

2019-12-23 13:02:24 - [TEST_STEP][PASSED] - break: null

2019-12-23 13:02:24 - [TEST_STEP][PASSED] - delay(2): Delayed 2 second(s)

2019-12-23 13:02:26 - [MESSAGE][PASSED] - Delayed 2 second(s)

2019-12-23 13:02:26 - [TEST_STEP][PASSED] - if (arryPets.size() == 1): null

2019-12-23 13:02:26 - [TEST_STEP][PASSED] - else if (arryPets.size() == 2): Object: 'Object Repository/object_reservation/div_Zeus' is clicked on

2019-12-23 13:02:26 - [TEST_STEP][PASSED] - click(findTestObject("object_reservation/Page_Paradise 4 Paws  Dog Boarding Cat Boarding Norwalk Pooch Hotel/div_Ares")): Object: 'Object Repository/object_reservation/Page_Paradise 4 Paws  Dog Boarding Cat Boarding Norwalk Pooch Hotel/div_Ares' is clicked on

2019-12-23 13:02:27 - [MESSAGE][PASSED] - Object: 'Object Repository/object_reservation/Page_Paradise 4 Paws  Dog Boarding Cat Boarding Norwalk Pooch Hotel/div_Ares' is clicked on

2019-12-23 13:02:27 - [TEST_STEP][PASSED] - click(findTestObject("object_reservation/div_Zeus")): Object: 'Object Repository/object_reservation/div_Zeus' is clicked on

2019-12-23 13:02:32 - [MESSAGE][PASSED] - Object: 'Object Repository/object_reservation/div_Zeus' is clicked on

2019-12-23 13:02:32 - [TEST_STEP][NOT_RUN] - click(findTestObject("object_reservations/i_Day_fa fa-circle-o ng-scope")): NOT_RUN: click(findTestObject("object_reservations/i_Day_fa fa-circle-o ng-scope"))

2019-12-23 13:02:32 - [MESSAGE][NOT_RUN] - NOT_RUN: click(findTestObject("object_reservations/i_Day_fa fa-circle-o ng-scope"))

2019-12-23 13:02:32 - [TEST_STEP][PASSED] - if (flagBoar == "1" || flagBoar == "2"): Object: 'Object Repository/object_reservation/div_suite_rad_deluxe' is clicked on

2019-12-23 13:02:32 - [TEST_STEP][PASSED] - click(findTestObject("Object Repository/object_reservation/div_suite_rad_deluxe")): Object: 'Object Repository/object_reservation/div_suite_rad_deluxe' is clicked on

2019-12-23 13:02:35 - [MESSAGE][PASSED] - Object: 'Object Repository/object_reservation/div_suite_rad_deluxe' is clicked on

2019-12-23 13:02:35 - [TEST_STEP][PASSED] - click(findTestObject("Object Repository/object_reservation/btn_next2")): Object: 'Object Repository/object_reservation/btn_next2' is clicked on

2019-12-23 13:02:37 - [MESSAGE][PASSED] - Object: 'Object Repository/object_reservation/btn_next2' is clicked on

2019-12-23 13:02:37 - [TEST_STEP][PASSED] - delay(3): Delayed 3 second(s)

2019-12-23 13:02:40 - [MESSAGE][PASSED] - Delayed 3 second(s)

2019-12-23 13:02:40 - [TEST_STEP][PASSED] - if (flagBoar == "1"): null

2019-12-23 13:02:40 - [TEST_STEP][PASSED] - delay(2): Delayed 2 second(s)

2019-12-23 13:02:42 - [MESSAGE][PASSED] - Delayed 2 second(s)

2019-12-23 13:02:42 - [TEST_STEP][PASSED] - click(findTestObject("Object Repository/object_reservation/btn_next2")): Object: 'Object Repository/object_reservation/btn_next2' is clicked on

2019-12-23 13:02:43 - [MESSAGE][PASSED] - Object: 'Object Repository/object_reservation/btn_next2' is clicked on

2019-12-23 13:02:43 - [TEST_STEP][PASSED] - click(findTestObject("Object Repository/object_reservation/button_Submit Reservation")): Object: 'Object Repository/object_reservation/button_Submit Reservation' is clicked on

2019-12-23 13:02:45 - [MESSAGE][PASSED] - Object: 'Object Repository/object_reservation/button_Submit Reservation' is clicked on

2019-12-23 13:02:45 - [TEST_STEP][PASSED] - delay(2): Delayed 2 second(s)

2019-12-23 13:02:47 - [MESSAGE][PASSED] - Delayed 2 second(s)

2019-12-23 13:02:47 - [TEST_STEP][PASSED] - if (flagBoar == "2" && var_repeatingEvery == "Daily" || var_repeatingEvery == "Monthly" || var_repeatingEvery == "Weekly"): null

2019-12-23 13:02:47 - [TEST_STEP][PASSED] - delay(2): Delayed 2 second(s)

2019-12-23 13:02:49 - [MESSAGE][PASSED] - Delayed 2 second(s)

2019-12-23 13:02:49 - [TEST_STEP][PASSED] - try: Object: 'Object Repository/object_reservation/button_Return To Reservation' is clicked on

2019-12-23 13:02:49 - [TEST_STEP][PASSED] - click(findTestObject("Object Repository/object_reservation/button_Return To Reservation")): Object: 'Object Repository/object_reservation/button_Return To Reservation' is clicked on

2019-12-23 13:02:51 - [MESSAGE][PASSED] - Object: 'Object Repository/object_reservation/button_Return To Reservation' is clicked on

2019-12-23 13:02:51 - [TEST_STEP][PASSED] - delay(6): Delayed 6 second(s)

2019-12-23 13:02:57 - [MESSAGE][PASSED] - Delayed 6 second(s)

2019-12-23 13:02:57 - [TEST_STEP][PASSED] - click(findTestObject("Object Repository/object_reservation/Page_Paradise 4 Paws  Dog Boarding Cat Boar_35fe2b/button_Go to CheckOut")): Object: 'Object Repository/object_reservation/Page_Paradise 4 Paws  Dog Boarding Cat Boar_35fe2b/button_Go to CheckOut' is clicked on

2019-12-23 13:02:59 - [MESSAGE][PASSED] - Object: 'Object Repository/object_reservation/Page_Paradise 4 Paws  Dog Boarding Cat Boar_35fe2b/button_Go to CheckOut' is clicked on

2019-12-23 13:02:59 - [TEST_STEP][PASSED] - delay(2): Delayed 2 second(s)

2019-12-23 13:03:01 - [MESSAGE][PASSED] - Delayed 2 second(s)

2019-12-23 13:03:01 - [TEST_STEP][PASSED] - log.logInfo(getText(findTestObject("Object Repository/object_reservation/Page_Paradise 4 Paws  Dog Boarding Cat Boar_35fe2b/span_( BK )"))): ( BK )

2019-12-23 13:03:01 - [MESSAGE][PASSED] - Text of object 'Object Repository/object_reservation/Page_Paradise 4 Paws  Dog Boarding Cat Boar_35fe2b/span_( BK )' is: '( BK )'

2019-12-23 13:03:01 - [MESSAGE][INFO] - ( BK )

2019-12-23 13:03:01 - [TEST_STEP][PASSED] - var_url = getUrl(): Current window's url is: 'https://p4p-qa-bg.aws.paradise4paws.com/frontdesk/checkout/1702629/?parent_id=122350'

2019-12-23 13:03:01 - [MESSAGE][PASSED] - Current window's url is: 'https://p4p-qa-bg.aws.paradise4paws.com/frontdesk/checkout/1702629/?parent_id=122350'

2019-12-23 13:03:01 - [TEST_STEP][PASSED] - arrayUrl = var_url.split("/"): null

2019-12-23 13:03:01 - [TEST_STEP][PASSED] - verifyElementText(findTestObject("Object Repository/object_reservation/Page_Paradise 4 Paws  Dog Boarding Cat Boar_35fe2b/span_( BK )"), "( BK )", STOP_ON_FAILURE): Actual text and expected text of test object 'Object Repository/object_reservation/Page_Paradise 4 Paws  Dog Boarding Cat Boar_35fe2b/span_( BK )' are matched.

2019-12-23 13:03:02 - [MESSAGE][PASSED] - Actual text and expected text of test object 'Object Repository/object_reservation/Page_Paradise 4 Paws  Dog Boarding Cat Boar_35fe2b/span_( BK )' are matched.

2019-12-23 13:03:02 - [TEST_STEP][PASSED] - cell = rowNewRes.createCell(15, 0): null

2019-12-23 13:03:02 - [TEST_STEP][PASSED] - cell.setCellType(CELL_TYPE_STRING): null

2019-12-23 13:03:02 - [TEST_STEP][PASSED] - cell.setCellValue(arrayUrl[5]): null

2019-12-23 13:03:02 - [TEST_STEP][PASSED] - cell2 = rowNewRes.createCell(16, 0): null

2019-12-23 13:03:02 - [TEST_STEP][PASSED] - cell2.setCellType(CELL_TYPE_STRING): null

2019-12-23 13:03:02 - [TEST_STEP][PASSED] - cell2.setCellValue(getText(findTestObject("Object Repository/object_reservation/Page_Paradise 4 Paws  Dog Boarding Cat Boar_35fe2b/span_( BK )"))): Text of object 'Object Repository/object_reservation/Page_Paradise 4 Paws  Dog Boarding Cat Boar_35fe2b/span_( BK )' is: '( BK )'

2019-12-23 13:03:02 - [MESSAGE][PASSED] - Text of object 'Object Repository/object_reservation/Page_Paradise 4 Paws  Dog Boarding Cat Boar_35fe2b/span_( BK )' is: '( BK )'

2019-12-23 13:03:02 - [TEST_STEP][PASSED] - fos = new java.io.FileOutputStream(/home/leonardo-arkusmty/Desktop/P4P/DATA_AUTOMATINTESTING/data_1newReservationDaycare.xlsx): null

2019-12-23 13:03:02 - [TEST_STEP][PASSED] - workbookNewRes.write(fos): null

2019-12-23 13:03:02 - [TEST_STEP][PASSED] - fos.close(): null

2019-12-23 13:03:02 - [TEST_STEP][PASSED] - delay(1): Delayed 1 second(s)

2019-12-23 13:03:03 - [MESSAGE][PASSED] - Delayed 1 second(s)

2019-12-23 13:03:03 - [TEST_STEP][PASSED] - cellCan = rowCanRes.createCell(5, 0): null

2019-12-23 13:03:03 - [TEST_STEP][PASSED] - cellCan.setCellType(CELL_TYPE_STRING): null

2019-12-23 13:03:03 - [TEST_STEP][PASSED] - cellCan.setCellValue(arrayUrl[5]): null

2019-12-23 13:03:03 - [TEST_STEP][PASSED] - cell2Can = rowCanRes.createCell(6, 0): null

2019-12-23 13:03:03 - [TEST_STEP][PASSED] - cell2Can.setCellType(CELL_TYPE_STRING): null

2019-12-23 13:03:03 - [TEST_STEP][PASSED] - cell2Can.setCellValue(getText(findTestObject("Object Repository/object_reservation/Page_Paradise 4 Paws  Dog Boarding Cat Boar_35fe2b/span_( BK )"))): Text of object 'Object Repository/object_reservation/Page_Paradise 4 Paws  Dog Boarding Cat Boar_35fe2b/span_( BK )' is: '( BK )'

2019-12-23 13:03:03 - [MESSAGE][PASSED] - Text of object 'Object Repository/object_reservation/Page_Paradise 4 Paws  Dog Boarding Cat Boar_35fe2b/span_( BK )' is: '( BK )'

2019-12-23 13:03:03 - [TEST_STEP][PASSED] - fosCan = new java.io.FileOutputStream(/home/leonardo-arkusmty/Desktop/P4P/DATA_AUTOMATINTESTING/data_2cancelReservation.xlsx): null

2019-12-23 13:03:03 - [TEST_STEP][PASSED] - workbookCanRes.write(fosCan): null

2019-12-23 13:03:03 - [TEST_STEP][PASSED] - fosCan.close(): null

2019-12-23 13:03:03 - [TEST_STEP][PASSED] - (var_row++): null]]></system-out>
         <system-err><![CDATA[]]></system-err>
      </testcase>
      <testcase name="Test Cases/p4p_newReservationDaycare" time="85.887" classname="Test Cases/p4p_newReservationDaycare" status="PASSED">
         <system-out><![CDATA[2019-12-23 13:03:03 - [TEST_CASE][PASSED] - Test Cases/p4p_newReservationDaycare: Test Cases/p4p_newReservationDaycare

2019-12-23 13:03:03 - [TEST_STEP][PASSED] - openBrowser("https://p4p-qa-bg.aws.paradise4paws.com/login/"): Browser is opened with url: 'https://p4p-qa-bg.aws.paradise4paws.com/login/'

2019-12-23 13:03:03 - [MESSAGE][WARNING] - A browser is already opened. Closing browser and opening a new one

2019-12-23 13:03:04 - [MESSAGE][INFO] - Starting 'Firefox' driver

2019-12-23 13:03:08 - [MESSAGE][PASSED] - Browser is opened with url: 'https://p4p-qa-bg.aws.paradise4paws.com/login/'

2019-12-23 13:03:08 - [TEST_STEP][PASSED] - setText(findTestObject("Object Repository/object_login/input_user"), var_user): Text 'jegchavez@gmail.com' is set on object 'Object Repository/object_login/input_user'

2019-12-23 13:03:09 - [MESSAGE][PASSED] - Text 'jegchavez@gmail.com' is set on object 'Object Repository/object_login/input_user'

2019-12-23 13:03:09 - [TEST_STEP][PASSED] - setText(findTestObject("Object Repository/object_login/input_pass"), var_pass): Text 'admin1' is set on object 'Object Repository/object_login/input_pass'

2019-12-23 13:03:09 - [MESSAGE][PASSED] - Text 'admin1' is set on object 'Object Repository/object_login/input_pass'

2019-12-23 13:03:09 - [TEST_STEP][PASSED] - delay(2): Delayed 2 second(s)

2019-12-23 13:03:11 - [MESSAGE][PASSED] - Delayed 2 second(s)

2019-12-23 13:03:11 - [TEST_STEP][PASSED] - verifyElementClickable(findTestObject("Object Repository/object_login/btn_login")): Object 'Object Repository/object_login/btn_login' is clickable

2019-12-23 13:03:11 - [MESSAGE][PASSED] - Object 'Object Repository/object_login/btn_login' is clickable

2019-12-23 13:03:11 - [TEST_STEP][PASSED] - click(findTestObject("Object Repository/object_login/btn_login")): Object: 'Object Repository/object_login/btn_login' is clicked on

2019-12-23 13:03:16 - [MESSAGE][PASSED] - Object: 'Object Repository/object_login/btn_login' is clicked on

2019-12-23 13:03:16 - [TEST_STEP][PASSED] - delay(2): Delayed 2 second(s)

2019-12-23 13:03:18 - [MESSAGE][PASSED] - Delayed 2 second(s)

2019-12-23 13:03:18 - [TEST_STEP][PASSED] - setText(findTestObject("Object Repository/object_dashboard_emp/input_search"), var_searchParent): Text 'leongarzagarza@hotmail.com' is set on object 'Object Repository/object_dashboard_emp/input_search'

2019-12-23 13:03:18 - [MESSAGE][PASSED] - Text 'leongarzagarza@hotmail.com' is set on object 'Object Repository/object_dashboard_emp/input_search'

2019-12-23 13:03:18 - [TEST_STEP][PASSED] - click(findTestObject("Object Repository/object_dashboard_emp/btn_accountSearch")): Object: 'Object Repository/object_dashboard_emp/btn_accountSearch' is clicked on

2019-12-23 13:03:19 - [MESSAGE][PASSED] - Object: 'Object Repository/object_dashboard_emp/btn_accountSearch' is clicked on

2019-12-23 13:03:19 - [TEST_STEP][PASSED] - delay(2): Delayed 2 second(s)

2019-12-23 13:03:21 - [MESSAGE][PASSED] - Delayed 2 second(s)

2019-12-23 13:03:21 - [TEST_STEP][PASSED] - click(findTestObject("Object Repository/object_accountInformation/a_TEST GABRIEL PROD")): Object: 'Object Repository/object_accountInformation/a_TEST GABRIEL PROD' is clicked on

2019-12-23 13:03:25 - [MESSAGE][PASSED] - Object: 'Object Repository/object_accountInformation/a_TEST GABRIEL PROD' is clicked on

2019-12-23 13:03:25 - [TEST_STEP][PASSED] - delay(2): Delayed 2 second(s)

2019-12-23 13:03:27 - [MESSAGE][PASSED] - Delayed 2 second(s)

2019-12-23 13:03:27 - [TEST_STEP][PASSED] - flagBoar = "0": null

2019-12-23 13:03:27 - [TEST_STEP][PASSED] - log = new com.kms.katalon.core.logging.KeywordLogger(): null

2019-12-23 13:03:27 - [TEST_STEP][PASSED] - fisNewRes = new java.io.FileInputStream(/home/leonardo-arkusmty/Desktop/P4P/DATA_AUTOMATINTESTING/data_1newReservationDaycare.xlsx): null

2019-12-23 13:03:27 - [TEST_STEP][PASSED] - fisCanRes = new java.io.FileInputStream(/home/leonardo-arkusmty/Desktop/P4P/DATA_AUTOMATINTESTING/data_2cancelReservation.xlsx): null

2019-12-23 13:03:27 - [TEST_STEP][PASSED] - workbookNewRes = new org.apache.poi.xssf.usermodel.XSSFWorkbook(fisNewRes): null

2019-12-23 13:03:27 - [TEST_STEP][PASSED] - workbookCanRes = new org.apache.poi.xssf.usermodel.XSSFWorkbook(fisCanRes): null

2019-12-23 13:03:27 - [TEST_STEP][PASSED] - sheetNewRes = workbookNewRes.getSheet("Sheet1"): null

2019-12-23 13:03:27 - [TEST_STEP][PASSED] - sheetCanRes = workbookCanRes.getSheet("Sheet1"): null

2019-12-23 13:03:27 - [TEST_STEP][PASSED] - rowCount = var_row: null

2019-12-23 13:03:27 - [TEST_STEP][PASSED] - var = Integer.parseInt(var_idRowRes): null

2019-12-23 13:03:27 - [TEST_STEP][PASSED] - rowNewRes = sheetNewRes.getRow(var): null

2019-12-23 13:03:27 - [TEST_STEP][PASSED] - rowCanRes = sheetCanRes.getRow(var): null

2019-12-23 13:03:27 - [TEST_STEP][PASSED] - var_url = getUrl(): Current window's url is: 'https://p4p-qa-bg.aws.paradise4paws.com/accounts/profile/#/reservations/122350/'

2019-12-23 13:03:27 - [MESSAGE][PASSED] - Current window's url is: 'https://p4p-qa-bg.aws.paradise4paws.com/accounts/profile/#/reservations/122350/'

2019-12-23 13:03:27 - [TEST_STEP][PASSED] - arrUrl = var_url.split("/"): null

2019-12-23 13:03:27 - [TEST_STEP][PASSED] - idParent = arrUrl[7]: null

2019-12-23 13:03:27 - [TEST_STEP][PASSED] - click(findTestObject("Object Repository/object_profile/a_addReservation")): Object: 'Object Repository/object_profile/a_addReservation' is clicked on

2019-12-23 13:03:29 - [MESSAGE][PASSED] - Object: 'Object Repository/object_profile/a_addReservation' is clicked on

2019-12-23 13:03:29 - [TEST_STEP][PASSED] - delay(2): Delayed 2 second(s)

2019-12-23 13:03:31 - [MESSAGE][PASSED] - Delayed 2 second(s)

2019-12-23 13:03:31 - [TEST_STEP][PASSED] - if (var_typeReserveation == "Boarding"): null

2019-12-23 13:03:31 - [TEST_STEP][PASSED] - else if (var_typeReserveation == "Daycare"): Object: 'Object Repository/object_reservation/btn_Daycare' is clicked on

2019-12-23 13:03:31 - [TEST_STEP][PASSED] - flagBoar = "2": null

2019-12-23 13:03:31 - [TEST_STEP][PASSED] - click(findTestObject("object_reservation/btn_Daycare")): Object: 'Object Repository/object_reservation/btn_Daycare' is clicked on

2019-12-23 13:03:31 - [MESSAGE][PASSED] - Object: 'Object Repository/object_reservation/btn_Daycare' is clicked on

2019-12-23 13:03:31 - [TEST_STEP][PASSED] - click(findTestObject("Object Repository/object_reservation/i_location")): Object: 'Object Repository/object_reservation/i_location' is clicked on

2019-12-23 13:03:34 - [MESSAGE][PASSED] - Object: 'Object Repository/object_reservation/i_location' is clicked on

2019-12-23 13:03:34 - [TEST_STEP][PASSED] - switch (var_idFacility): null

2019-12-23 13:03:34 - [TEST_STEP][PASSED] - dateCI = var_checkinD.split(","): null

2019-12-23 13:03:34 - [TEST_STEP][PASSED] - dateCO = var_checkoutD.split(","): null

2019-12-23 13:03:34 - [TEST_STEP][PASSED] - arryPets = var_pets.split(","): null

2019-12-23 13:03:34 - [TEST_STEP][PASSED] - delay(2): Delayed 2 second(s)

2019-12-23 13:03:36 - [MESSAGE][PASSED] - Delayed 2 second(s)

2019-12-23 13:03:36 - [TEST_STEP][PASSED] - if (var_repeting == "Y"): null

2019-12-23 13:03:36 - [TEST_STEP][PASSED] - click(findTestObject("Object Repository/object_reservation/dateCheckIn")): Object: 'Object Repository/object_reservation/dateCheckIn' is clicked on

2019-12-23 13:03:37 - [MESSAGE][PASSED] - Object: 'Object Repository/object_reservation/dateCheckIn' is clicked on

2019-12-23 13:03:37 - [TEST_STEP][PASSED] - stringCI2020 = "0": null

2019-12-23 13:03:37 - [TEST_STEP][PASSED] - stringCO2020 = "0": null

2019-12-23 13:03:37 - [TEST_STEP][PASSED] - if (dateCI[0] == "16" && dateCI[1] == "01" && dateCI[2] == "2020"): null

2019-12-23 13:03:37 - [TEST_STEP][PASSED] - if (dateCI[0] == "18" && dateCI[1] == "02" && dateCI[2] == "2020"): null

2019-12-23 13:03:37 - [TEST_STEP][PASSED] - if (dateCI[0] == "21" && dateCI[1] == "03" && dateCI[2] == "2020"): null

2019-12-23 13:03:37 - [TEST_STEP][PASSED] - delay(2): Delayed 2 second(s)

2019-12-23 13:03:39 - [MESSAGE][PASSED] - Delayed 2 second(s)

2019-12-23 13:03:39 - [TEST_STEP][PASSED] - if (stringCI2020 == "0"): null

2019-12-23 13:03:39 - [TEST_STEP][PASSED] - switch (dateCI[0]): null

2019-12-23 13:03:39 - [TEST_STEP][PASSED] - case "9":: null

2019-12-23 13:03:39 - [TEST_STEP][PASSED] - click(findTestObject("Object Repository/Page_Paradise 4 Paws  Dog Boarding Cat Boarding Norwalk Pooch Hotel/button_09_ci")): Object: 'Object Repository/Page_Paradise 4 Paws  Dog Boarding Cat Boarding Norwalk Pooch Hotel/button_09_ci' is clicked on

2019-12-23 13:03:39 - [MESSAGE][PASSED] - Object: 'Object Repository/Page_Paradise 4 Paws  Dog Boarding Cat Boarding Norwalk Pooch Hotel/button_09_ci' is clicked on

2019-12-23 13:03:39 - [TEST_STEP][PASSED] - break: null

2019-12-23 13:03:39 - [TEST_STEP][PASSED] - if (flagBoar == "1" || flagBoar == "2" && var_repeatingEvery == "Daily" || flagBoar == "2" && var_repeatingEvery == "Weekly" || flagBoar == "2" && var_repeatingEvery == "Monthly"): null

2019-12-23 13:03:39 - [TEST_STEP][NOT_RUN] - click(findTestObject("Object Repository/object_reservationCalendar/CO_close")): NOT_RUN: click(findTestObject("Object Repository/object_reservationCalendar/CO_close"))

2019-12-23 13:03:39 - [MESSAGE][NOT_RUN] - NOT_RUN: click(findTestObject("Object Repository/object_reservationCalendar/CO_close"))

2019-12-23 13:03:39 - [TEST_STEP][PASSED] - click(findTestObject("Object Repository/object_reservation/timeCheckin")): Object: 'Object Repository/object_reservation/timeCheckin' is clicked on

2019-12-23 13:03:40 - [MESSAGE][PASSED] - Object: 'Object Repository/object_reservation/timeCheckin' is clicked on

2019-12-23 13:03:40 - [TEST_STEP][PASSED] - switch (var_checkinT): null

2019-12-23 13:03:40 - [TEST_STEP][PASSED] - case "800":: null

2019-12-23 13:03:40 - [TEST_STEP][PASSED] - click(findTestObject("Object Repository/Page_Paradise 4 Paws  Dog Boarding Cat Boarding Norwalk Pooch Hotel/time_800am_ci")): Object: 'Object Repository/Page_Paradise 4 Paws  Dog Boarding Cat Boarding Norwalk Pooch Hotel/time_800am_ci' is clicked on

2019-12-23 13:03:41 - [MESSAGE][PASSED] - Object: 'Object Repository/Page_Paradise 4 Paws  Dog Boarding Cat Boarding Norwalk Pooch Hotel/time_800am_ci' is clicked on

2019-12-23 13:03:41 - [TEST_STEP][PASSED] - break: null

2019-12-23 13:03:41 - [TEST_STEP][PASSED] - click(findTestObject("Object Repository/object_reservation/timeCheckOut")): Object: 'Object Repository/object_reservation/timeCheckOut' is clicked on

2019-12-23 13:03:42 - [MESSAGE][PASSED] - Object: 'Object Repository/object_reservation/timeCheckOut' is clicked on

2019-12-23 13:03:42 - [TEST_STEP][PASSED] - switch (var_checkoutT): null

2019-12-23 13:03:42 - [TEST_STEP][PASSED] - case "1200":: null

2019-12-23 13:03:42 - [TEST_STEP][PASSED] - click(findTestObject("Object Repository/Page_Paradise 4 Paws  Dog Boarding Cat Boarding Norwalk Pooch Hotel/time_1200pm_co")): Object: 'Object Repository/Page_Paradise 4 Paws  Dog Boarding Cat Boarding Norwalk Pooch Hotel/time_1200pm_co' is clicked on

2019-12-23 13:03:42 - [MESSAGE][PASSED] - Object: 'Object Repository/Page_Paradise 4 Paws  Dog Boarding Cat Boarding Norwalk Pooch Hotel/time_1200pm_co' is clicked on

2019-12-23 13:03:42 - [TEST_STEP][PASSED] - break: null

2019-12-23 13:03:42 - [TEST_STEP][PASSED] - delay(2): Delayed 2 second(s)

2019-12-23 13:03:44 - [MESSAGE][PASSED] - Delayed 2 second(s)

2019-12-23 13:03:44 - [TEST_STEP][PASSED] - if (arryPets.size() == 1): null

2019-12-23 13:03:44 - [TEST_STEP][PASSED] - else if (arryPets.size() == 2): null

2019-12-23 13:03:44 - [TEST_STEP][PASSED] - else if (arryPets.size() == 3): Object: 'Object Repository/object_reservation/div_Athena' is clicked on

2019-12-23 13:03:44 - [TEST_STEP][PASSED] - click(findTestObject("object_reservation/Page_Paradise 4 Paws  Dog Boarding Cat Boarding Norwalk Pooch Hotel/div_Ares")): Object: 'Object Repository/object_reservation/Page_Paradise 4 Paws  Dog Boarding Cat Boarding Norwalk Pooch Hotel/div_Ares' is clicked on

2019-12-23 13:03:45 - [MESSAGE][PASSED] - Object: 'Object Repository/object_reservation/Page_Paradise 4 Paws  Dog Boarding Cat Boarding Norwalk Pooch Hotel/div_Ares' is clicked on

2019-12-23 13:03:45 - [TEST_STEP][PASSED] - click(findTestObject("object_reservation/div_Zeus")): Object: 'Object Repository/object_reservation/div_Zeus' is clicked on

2019-12-23 13:03:50 - [MESSAGE][PASSED] - Object: 'Object Repository/object_reservation/div_Zeus' is clicked on

2019-12-23 13:03:50 - [TEST_STEP][PASSED] - click(findTestObject("object_reservation/div_Athena")): Object: 'Object Repository/object_reservation/div_Athena' is clicked on

2019-12-23 13:03:54 - [MESSAGE][PASSED] - Object: 'Object Repository/object_reservation/div_Athena' is clicked on

2019-12-23 13:03:54 - [TEST_STEP][NOT_RUN] - click(findTestObject("object_reservations/i_Day_fa fa-circle-o ng-scope")): NOT_RUN: click(findTestObject("object_reservations/i_Day_fa fa-circle-o ng-scope"))

2019-12-23 13:03:54 - [MESSAGE][NOT_RUN] - NOT_RUN: click(findTestObject("object_reservations/i_Day_fa fa-circle-o ng-scope"))

2019-12-23 13:03:54 - [TEST_STEP][PASSED] - if (flagBoar == "1" || flagBoar == "2"): Object: 'Object Repository/object_reservation/div_suite_rad_deluxe' is clicked on

2019-12-23 13:03:54 - [TEST_STEP][PASSED] - click(findTestObject("Object Repository/object_reservation/div_suite_rad_deluxe")): Object: 'Object Repository/object_reservation/div_suite_rad_deluxe' is clicked on

2019-12-23 13:03:58 - [MESSAGE][PASSED] - Object: 'Object Repository/object_reservation/div_suite_rad_deluxe' is clicked on

2019-12-23 13:03:58 - [TEST_STEP][PASSED] - click(findTestObject("Object Repository/object_reservation/btn_next2")): Object: 'Object Repository/object_reservation/btn_next2' is clicked on

2019-12-23 13:04:01 - [MESSAGE][PASSED] - Object: 'Object Repository/object_reservation/btn_next2' is clicked on

2019-12-23 13:04:01 - [TEST_STEP][PASSED] - delay(3): Delayed 3 second(s)

2019-12-23 13:04:04 - [MESSAGE][PASSED] - Delayed 3 second(s)

2019-12-23 13:04:04 - [TEST_STEP][PASSED] - if (flagBoar == "1"): null

2019-12-23 13:04:04 - [TEST_STEP][PASSED] - delay(2): Delayed 2 second(s)

2019-12-23 13:04:06 - [MESSAGE][PASSED] - Delayed 2 second(s)

2019-12-23 13:04:06 - [TEST_STEP][PASSED] - click(findTestObject("Object Repository/object_reservation/btn_next2")): Object: 'Object Repository/object_reservation/btn_next2' is clicked on

2019-12-23 13:04:06 - [MESSAGE][PASSED] - Object: 'Object Repository/object_reservation/btn_next2' is clicked on

2019-12-23 13:04:06 - [TEST_STEP][PASSED] - click(findTestObject("Object Repository/object_reservation/button_Submit Reservation")): Object: 'Object Repository/object_reservation/button_Submit Reservation' is clicked on

2019-12-23 13:04:09 - [MESSAGE][PASSED] - Object: 'Object Repository/object_reservation/button_Submit Reservation' is clicked on

2019-12-23 13:04:09 - [TEST_STEP][PASSED] - delay(2): Delayed 2 second(s)

2019-12-23 13:04:11 - [MESSAGE][PASSED] - Delayed 2 second(s)

2019-12-23 13:04:11 - [TEST_STEP][PASSED] - if (flagBoar == "2" && var_repeatingEvery == "Daily" || var_repeatingEvery == "Monthly" || var_repeatingEvery == "Weekly"): null

2019-12-23 13:04:11 - [TEST_STEP][PASSED] - delay(2): Delayed 2 second(s)

2019-12-23 13:04:13 - [MESSAGE][PASSED] - Delayed 2 second(s)

2019-12-23 13:04:13 - [TEST_STEP][PASSED] - try: Object: 'Object Repository/object_reservation/button_Return To Reservation' is clicked on

2019-12-23 13:04:13 - [TEST_STEP][PASSED] - click(findTestObject("Object Repository/object_reservation/button_Return To Reservation")): Object: 'Object Repository/object_reservation/button_Return To Reservation' is clicked on

2019-12-23 13:04:17 - [MESSAGE][PASSED] - Object: 'Object Repository/object_reservation/button_Return To Reservation' is clicked on

2019-12-23 13:04:17 - [TEST_STEP][PASSED] - delay(6): Delayed 6 second(s)

2019-12-23 13:04:23 - [MESSAGE][PASSED] - Delayed 6 second(s)

2019-12-23 13:04:23 - [TEST_STEP][PASSED] - click(findTestObject("Object Repository/object_reservation/Page_Paradise 4 Paws  Dog Boarding Cat Boar_35fe2b/button_Go to CheckOut")): Object: 'Object Repository/object_reservation/Page_Paradise 4 Paws  Dog Boarding Cat Boar_35fe2b/button_Go to CheckOut' is clicked on

2019-12-23 13:04:25 - [MESSAGE][PASSED] - Object: 'Object Repository/object_reservation/Page_Paradise 4 Paws  Dog Boarding Cat Boar_35fe2b/button_Go to CheckOut' is clicked on

2019-12-23 13:04:25 - [TEST_STEP][PASSED] - delay(2): Delayed 2 second(s)

2019-12-23 13:04:27 - [MESSAGE][PASSED] - Delayed 2 second(s)

2019-12-23 13:04:27 - [TEST_STEP][PASSED] - log.logInfo(getText(findTestObject("Object Repository/object_reservation/Page_Paradise 4 Paws  Dog Boarding Cat Boar_35fe2b/span_( BK )"))): ( BK )

2019-12-23 13:04:27 - [MESSAGE][PASSED] - Text of object 'Object Repository/object_reservation/Page_Paradise 4 Paws  Dog Boarding Cat Boar_35fe2b/span_( BK )' is: '( BK )'

2019-12-23 13:04:27 - [MESSAGE][INFO] - ( BK )

2019-12-23 13:04:27 - [TEST_STEP][PASSED] - var_url = getUrl(): Current window's url is: 'https://p4p-qa-bg.aws.paradise4paws.com/frontdesk/checkout/1702630/?parent_id=122350'

2019-12-23 13:04:27 - [MESSAGE][PASSED] - Current window's url is: 'https://p4p-qa-bg.aws.paradise4paws.com/frontdesk/checkout/1702630/?parent_id=122350'

2019-12-23 13:04:27 - [TEST_STEP][PASSED] - arrayUrl = var_url.split("/"): null

2019-12-23 13:04:27 - [TEST_STEP][PASSED] - verifyElementText(findTestObject("Object Repository/object_reservation/Page_Paradise 4 Paws  Dog Boarding Cat Boar_35fe2b/span_( BK )"), "( BK )", STOP_ON_FAILURE): Actual text and expected text of test object 'Object Repository/object_reservation/Page_Paradise 4 Paws  Dog Boarding Cat Boar_35fe2b/span_( BK )' are matched.

2019-12-23 13:04:28 - [MESSAGE][PASSED] - Actual text and expected text of test object 'Object Repository/object_reservation/Page_Paradise 4 Paws  Dog Boarding Cat Boar_35fe2b/span_( BK )' are matched.

2019-12-23 13:04:28 - [TEST_STEP][PASSED] - cell = rowNewRes.createCell(15, 0): null

2019-12-23 13:04:28 - [TEST_STEP][PASSED] - cell.setCellType(CELL_TYPE_STRING): null

2019-12-23 13:04:28 - [TEST_STEP][PASSED] - cell.setCellValue(arrayUrl[5]): null

2019-12-23 13:04:28 - [TEST_STEP][PASSED] - cell2 = rowNewRes.createCell(16, 0): null

2019-12-23 13:04:28 - [TEST_STEP][PASSED] - cell2.setCellType(CELL_TYPE_STRING): null

2019-12-23 13:04:28 - [TEST_STEP][PASSED] - cell2.setCellValue(getText(findTestObject("Object Repository/object_reservation/Page_Paradise 4 Paws  Dog Boarding Cat Boar_35fe2b/span_( BK )"))): Text of object 'Object Repository/object_reservation/Page_Paradise 4 Paws  Dog Boarding Cat Boar_35fe2b/span_( BK )' is: '( BK )'

2019-12-23 13:04:28 - [MESSAGE][PASSED] - Text of object 'Object Repository/object_reservation/Page_Paradise 4 Paws  Dog Boarding Cat Boar_35fe2b/span_( BK )' is: '( BK )'

2019-12-23 13:04:28 - [TEST_STEP][PASSED] - fos = new java.io.FileOutputStream(/home/leonardo-arkusmty/Desktop/P4P/DATA_AUTOMATINTESTING/data_1newReservationDaycare.xlsx): null

2019-12-23 13:04:28 - [TEST_STEP][PASSED] - workbookNewRes.write(fos): null

2019-12-23 13:04:28 - [TEST_STEP][PASSED] - fos.close(): null

2019-12-23 13:04:28 - [TEST_STEP][PASSED] - delay(1): Delayed 1 second(s)

2019-12-23 13:04:29 - [MESSAGE][PASSED] - Delayed 1 second(s)

2019-12-23 13:04:29 - [TEST_STEP][PASSED] - cellCan = rowCanRes.createCell(5, 0): null

2019-12-23 13:04:29 - [TEST_STEP][PASSED] - cellCan.setCellType(CELL_TYPE_STRING): null

2019-12-23 13:04:29 - [TEST_STEP][PASSED] - cellCan.setCellValue(arrayUrl[5]): null

2019-12-23 13:04:29 - [TEST_STEP][PASSED] - cell2Can = rowCanRes.createCell(6, 0): null

2019-12-23 13:04:29 - [TEST_STEP][PASSED] - cell2Can.setCellType(CELL_TYPE_STRING): null

2019-12-23 13:04:29 - [TEST_STEP][PASSED] - cell2Can.setCellValue(getText(findTestObject("Object Repository/object_reservation/Page_Paradise 4 Paws  Dog Boarding Cat Boar_35fe2b/span_( BK )"))): Text of object 'Object Repository/object_reservation/Page_Paradise 4 Paws  Dog Boarding Cat Boar_35fe2b/span_( BK )' is: '( BK )'

2019-12-23 13:04:29 - [MESSAGE][PASSED] - Text of object 'Object Repository/object_reservation/Page_Paradise 4 Paws  Dog Boarding Cat Boar_35fe2b/span_( BK )' is: '( BK )'

2019-12-23 13:04:29 - [TEST_STEP][PASSED] - fosCan = new java.io.FileOutputStream(/home/leonardo-arkusmty/Desktop/P4P/DATA_AUTOMATINTESTING/data_2cancelReservation.xlsx): null

2019-12-23 13:04:29 - [TEST_STEP][PASSED] - workbookCanRes.write(fosCan): null

2019-12-23 13:04:29 - [TEST_STEP][PASSED] - fosCan.close(): null

2019-12-23 13:04:29 - [TEST_STEP][PASSED] - (var_row++): null]]></system-out>
         <system-err><![CDATA[]]></system-err>
      </testcase>
      <testcase name="Test Cases/p4p_newReservationDaycare" time="199.291" classname="Test Cases/p4p_newReservationDaycare" status="FAILED">
         <failure type="FAILED" message="Test Cases/p4p_newReservationDaycare FAILED.
Reason:
com.kms.katalon.core.exception.StepFailedException: Unable to get text of object 'Object Repository/object_reservation/Page_Paradise 4 Paws  Dog Boarding Cat Boar_35fe2b/span_( BK )'
	at com.kms.katalon.core.webui.keyword.internal.WebUIKeywordMain.stepFailed(WebUIKeywordMain.groovy:64)
	at com.kms.katalon.core.webui.keyword.internal.WebUIKeywordMain.runKeyword(WebUIKeywordMain.groovy:26)
	at com.kms.katalon.core.webui.keyword.builtin.GetTextKeyword.getText(GetTextKeyword.groovy:88)
	at com.kms.katalon.core.webui.keyword.builtin.GetTextKeyword.execute(GetTextKeyword.groovy:67)
	at com.kms.katalon.core.keyword.internal.KeywordExecutor.executeKeywordForPlatform(KeywordExecutor.groovy:60)
	at com.kms.katalon.core.webui.keyword.WebUiBuiltInKeywords.getText(WebUiBuiltInKeywords.groovy:888)
	at com.kms.katalon.core.webui.keyword.WebUiBuiltInKeywords$getText$4.call(Unknown Source)
	at p4p_newReservationDaycare.run(p4p_newReservationDaycare:649)
	at com.kms.katalon.core.main.ScriptEngine.run(ScriptEngine.java:194)
	at com.kms.katalon.core.main.ScriptEngine.runScriptAsRawText(ScriptEngine.java:119)
	at com.kms.katalon.core.main.TestCaseExecutor.runScript(TestCaseExecutor.java:337)
	at com.kms.katalon.core.main.TestCaseExecutor.doExecute(TestCaseExecutor.java:328)
	at com.kms.katalon.core.main.TestCaseExecutor.processExecutionPhase(TestCaseExecutor.java:307)
	at com.kms.katalon.core.main.TestCaseExecutor.accessMainPhase(TestCaseExecutor.java:299)
	at com.kms.katalon.core.main.TestCaseExecutor.execute(TestCaseExecutor.java:233)
	at com.kms.katalon.core.main.TestSuiteExecutor.accessTestCaseMainPhase(TestSuiteExecutor.java:169)
	at com.kms.katalon.core.main.TestSuiteExecutor.accessTestSuiteMainPhase(TestSuiteExecutor.java:142)
	at com.kms.katalon.core.main.TestSuiteExecutor.execute(TestSuiteExecutor.java:91)
	at com.kms.katalon.core.main.TestCaseMain.startTestSuite(TestCaseMain.java:157)
	at com.kms.katalon.core.main.TestCaseMain$startTestSuite$0.call(Unknown Source)
	at TempTestSuite1577127624136.run(TempTestSuite1577127624136.groovy:36)
Caused by: com.kms.katalon.core.webui.exception.WebElementNotFoundException: Web element with id: 'Object Repository/object_reservation/Page_Paradise 4 Paws  Dog Boarding Cat Boar_35fe2b/span_( BK )' located by 'By.xpath: //div[@id='wrapper']/div/div/div/div/div/div/ul/li[4]/a/tab-heading/span' not found
	at com.kms.katalon.core.webui.common.WebUiCommonHelper.findWebElement(WebUiCommonHelper.java:1113)
	at com.kms.katalon.core.webui.keyword.internal.WebUIAbstractKeyword.findWebElement(WebUIAbstractKeyword.groovy:27)
	at com.kms.katalon.core.webui.keyword.internal.WebUIAbstractKeyword.findWebElement(WebUIAbstractKeyword.groovy:26)
	at com.kms.katalon.core.webui.keyword.builtin.GetTextKeyword$_getText_closure1.doCall(GetTextKeyword.groovy:78)
	at com.kms.katalon.core.webui.keyword.builtin.GetTextKeyword$_getText_closure1.call(GetTextKeyword.groovy)
	at com.kms.katalon.core.webui.keyword.internal.WebUIKeywordMain.runKeyword(WebUIKeywordMain.groovy:20)
	... 19 more
"/>
         <system-out><![CDATA[2019-12-23 13:04:29 - [TEST_CASE][FAILED] - Test Cases/p4p_newReservationDaycare: Test Cases/p4p_newReservationDaycare FAILED.
Reason:
com.kms.katalon.core.exception.StepFailedException: Unable to get text of object 'Object Repository/object_reservation/Page_Paradise 4 Paws  Dog Boarding Cat Boar_35fe2b/span_( BK )'
	at com.kms.katalon.core.webui.keyword.internal.WebUIKeywordMain.stepFailed(WebUIKeywordMain.groovy:64)
	at com.kms.katalon.core.webui.keyword.internal.WebUIKeywordMain.runKeyword(WebUIKeywordMain.groovy:26)
	at com.kms.katalon.core.webui.keyword.builtin.GetTextKeyword.getText(GetTextKeyword.groovy:88)
	at com.kms.katalon.core.webui.keyword.builtin.GetTextKeyword.execute(GetTextKeyword.groovy:67)
	at com.kms.katalon.core.keyword.internal.KeywordExecutor.executeKeywordForPlatform(KeywordExecutor.groovy:60)
	at com.kms.katalon.core.webui.keyword.WebUiBuiltInKeywords.getText(WebUiBuiltInKeywords.groovy:888)
	at com.kms.katalon.core.webui.keyword.WebUiBuiltInKeywords$getText$4.call(Unknown Source)
	at p4p_newReservationDaycare.run(p4p_newReservationDaycare:649)
	at com.kms.katalon.core.main.ScriptEngine.run(ScriptEngine.java:194)
	at com.kms.katalon.core.main.ScriptEngine.runScriptAsRawText(ScriptEngine.java:119)
	at com.kms.katalon.core.main.TestCaseExecutor.runScript(TestCaseExecutor.java:337)
	at com.kms.katalon.core.main.TestCaseExecutor.doExecute(TestCaseExecutor.java:328)
	at com.kms.katalon.core.main.TestCaseExecutor.processExecutionPhase(TestCaseExecutor.java:307)
	at com.kms.katalon.core.main.TestCaseExecutor.accessMainPhase(TestCaseExecutor.java:299)
	at com.kms.katalon.core.main.TestCaseExecutor.execute(TestCaseExecutor.java:233)
	at com.kms.katalon.core.main.TestSuiteExecutor.accessTestCaseMainPhase(TestSuiteExecutor.java:169)
	at com.kms.katalon.core.main.TestSuiteExecutor.accessTestSuiteMainPhase(TestSuiteExecutor.java:142)
	at com.kms.katalon.core.main.TestSuiteExecutor.execute(TestSuiteExecutor.java:91)
	at com.kms.katalon.core.main.TestCaseMain.startTestSuite(TestCaseMain.java:157)
	at com.kms.katalon.core.main.TestCaseMain$startTestSuite$0.call(Unknown Source)
	at TempTestSuite1577127624136.run(TempTestSuite1577127624136.groovy:36)
Caused by: com.kms.katalon.core.webui.exception.WebElementNotFoundException: Web element with id: 'Object Repository/object_reservation/Page_Paradise 4 Paws  Dog Boarding Cat Boar_35fe2b/span_( BK )' located by 'By.xpath: //div[@id='wrapper']/div/div/div/div/div/div/ul/li[4]/a/tab-heading/span' not found
	at com.kms.katalon.core.webui.common.WebUiCommonHelper.findWebElement(WebUiCommonHelper.java:1113)
	at com.kms.katalon.core.webui.keyword.internal.WebUIAbstractKeyword.findWebElement(WebUIAbstractKeyword.groovy:27)
	at com.kms.katalon.core.webui.keyword.internal.WebUIAbstractKeyword.findWebElement(WebUIAbstractKeyword.groovy:26)
	at com.kms.katalon.core.webui.keyword.builtin.GetTextKeyword$_getText_closure1.doCall(GetTextKeyword.groovy:78)
	at com.kms.katalon.core.webui.keyword.builtin.GetTextKeyword$_getText_closure1.call(GetTextKeyword.groovy)
	at com.kms.katalon.core.webui.keyword.internal.WebUIKeywordMain.runKeyword(WebUIKeywordMain.groovy:20)
	... 19 more


2019-12-23 13:04:29 - [TEST_STEP][PASSED] - openBrowser("https://p4p-qa-bg.aws.paradise4paws.com/login/"): Browser is opened with url: 'https://p4p-qa-bg.aws.paradise4paws.com/login/'

2019-12-23 13:04:29 - [MESSAGE][WARNING] - A browser is already opened. Closing browser and opening a new one

2019-12-23 13:04:30 - [MESSAGE][INFO] - Starting 'Firefox' driver

2019-12-23 13:04:33 - [MESSAGE][PASSED] - Browser is opened with url: 'https://p4p-qa-bg.aws.paradise4paws.com/login/'

2019-12-23 13:04:33 - [TEST_STEP][PASSED] - setText(findTestObject("Object Repository/object_login/input_user"), var_user): Text 'jegchavez@gmail.com' is set on object 'Object Repository/object_login/input_user'

2019-12-23 13:04:34 - [MESSAGE][PASSED] - Text 'jegchavez@gmail.com' is set on object 'Object Repository/object_login/input_user'

2019-12-23 13:04:34 - [TEST_STEP][PASSED] - setText(findTestObject("Object Repository/object_login/input_pass"), var_pass): Text 'admin1' is set on object 'Object Repository/object_login/input_pass'

2019-12-23 13:04:34 - [MESSAGE][PASSED] - Text 'admin1' is set on object 'Object Repository/object_login/input_pass'

2019-12-23 13:04:34 - [TEST_STEP][PASSED] - delay(2): Delayed 2 second(s)

2019-12-23 13:04:36 - [MESSAGE][PASSED] - Delayed 2 second(s)

2019-12-23 13:04:36 - [TEST_STEP][PASSED] - verifyElementClickable(findTestObject("Object Repository/object_login/btn_login")): Object 'Object Repository/object_login/btn_login' is clickable

2019-12-23 13:04:37 - [MESSAGE][PASSED] - Object 'Object Repository/object_login/btn_login' is clickable

2019-12-23 13:04:37 - [TEST_STEP][PASSED] - click(findTestObject("Object Repository/object_login/btn_login")): Object: 'Object Repository/object_login/btn_login' is clicked on

2019-12-23 13:04:41 - [MESSAGE][PASSED] - Object: 'Object Repository/object_login/btn_login' is clicked on

2019-12-23 13:04:41 - [TEST_STEP][PASSED] - delay(2): Delayed 2 second(s)

2019-12-23 13:04:43 - [MESSAGE][PASSED] - Delayed 2 second(s)

2019-12-23 13:04:43 - [TEST_STEP][PASSED] - setText(findTestObject("Object Repository/object_dashboard_emp/input_search"), var_searchParent): Text 'leongarzagarza@hotmail.com' is set on object 'Object Repository/object_dashboard_emp/input_search'

2019-12-23 13:04:43 - [MESSAGE][PASSED] - Text 'leongarzagarza@hotmail.com' is set on object 'Object Repository/object_dashboard_emp/input_search'

2019-12-23 13:04:43 - [TEST_STEP][PASSED] - click(findTestObject("Object Repository/object_dashboard_emp/btn_accountSearch")): Object: 'Object Repository/object_dashboard_emp/btn_accountSearch' is clicked on

2019-12-23 13:04:44 - [MESSAGE][PASSED] - Object: 'Object Repository/object_dashboard_emp/btn_accountSearch' is clicked on

2019-12-23 13:04:44 - [TEST_STEP][PASSED] - delay(2): Delayed 2 second(s)

2019-12-23 13:04:46 - [MESSAGE][PASSED] - Delayed 2 second(s)

2019-12-23 13:04:46 - [TEST_STEP][PASSED] - click(findTestObject("Object Repository/object_accountInformation/a_TEST GABRIEL PROD")): Object: 'Object Repository/object_accountInformation/a_TEST GABRIEL PROD' is clicked on

2019-12-23 13:04:51 - [MESSAGE][PASSED] - Object: 'Object Repository/object_accountInformation/a_TEST GABRIEL PROD' is clicked on

2019-12-23 13:04:51 - [TEST_STEP][PASSED] - delay(2): Delayed 2 second(s)

2019-12-23 13:04:53 - [MESSAGE][PASSED] - Delayed 2 second(s)

2019-12-23 13:04:53 - [TEST_STEP][PASSED] - flagBoar = "0": null

2019-12-23 13:04:53 - [TEST_STEP][PASSED] - log = new com.kms.katalon.core.logging.KeywordLogger(): null

2019-12-23 13:04:53 - [TEST_STEP][PASSED] - fisNewRes = new java.io.FileInputStream(/home/leonardo-arkusmty/Desktop/P4P/DATA_AUTOMATINTESTING/data_1newReservationDaycare.xlsx): null

2019-12-23 13:04:53 - [TEST_STEP][PASSED] - fisCanRes = new java.io.FileInputStream(/home/leonardo-arkusmty/Desktop/P4P/DATA_AUTOMATINTESTING/data_2cancelReservation.xlsx): null

2019-12-23 13:04:53 - [TEST_STEP][PASSED] - workbookNewRes = new org.apache.poi.xssf.usermodel.XSSFWorkbook(fisNewRes): null

2019-12-23 13:04:53 - [TEST_STEP][PASSED] - workbookCanRes = new org.apache.poi.xssf.usermodel.XSSFWorkbook(fisCanRes): null

2019-12-23 13:04:53 - [TEST_STEP][PASSED] - sheetNewRes = workbookNewRes.getSheet("Sheet1"): null

2019-12-23 13:04:53 - [TEST_STEP][PASSED] - sheetCanRes = workbookCanRes.getSheet("Sheet1"): null

2019-12-23 13:04:53 - [TEST_STEP][PASSED] - rowCount = var_row: null

2019-12-23 13:04:53 - [TEST_STEP][PASSED] - var = Integer.parseInt(var_idRowRes): null

2019-12-23 13:04:53 - [TEST_STEP][PASSED] - rowNewRes = sheetNewRes.getRow(var): null

2019-12-23 13:04:53 - [TEST_STEP][PASSED] - rowCanRes = sheetCanRes.getRow(var): null

2019-12-23 13:04:53 - [TEST_STEP][PASSED] - var_url = getUrl(): Current window's url is: 'https://p4p-qa-bg.aws.paradise4paws.com/accounts/profile/#/reservations/122350/'

2019-12-23 13:04:53 - [MESSAGE][PASSED] - Current window's url is: 'https://p4p-qa-bg.aws.paradise4paws.com/accounts/profile/#/reservations/122350/'

2019-12-23 13:04:53 - [TEST_STEP][PASSED] - arrUrl = var_url.split("/"): null

2019-12-23 13:04:53 - [TEST_STEP][PASSED] - idParent = arrUrl[7]: null

2019-12-23 13:04:53 - [TEST_STEP][PASSED] - click(findTestObject("Object Repository/object_profile/a_addReservation")): Object: 'Object Repository/object_profile/a_addReservation' is clicked on

2019-12-23 13:04:54 - [MESSAGE][PASSED] - Object: 'Object Repository/object_profile/a_addReservation' is clicked on

2019-12-23 13:04:54 - [TEST_STEP][PASSED] - delay(2): Delayed 2 second(s)

2019-12-23 13:04:56 - [MESSAGE][PASSED] - Delayed 2 second(s)

2019-12-23 13:04:56 - [TEST_STEP][PASSED] - if (var_typeReserveation == "Boarding"): null

2019-12-23 13:04:56 - [TEST_STEP][PASSED] - else if (var_typeReserveation == "Daycare"): Object: 'Object Repository/object_reservation/btn_Daycare' is clicked on

2019-12-23 13:04:56 - [TEST_STEP][PASSED] - flagBoar = "2": null

2019-12-23 13:04:56 - [TEST_STEP][PASSED] - click(findTestObject("object_reservation/btn_Daycare")): Object: 'Object Repository/object_reservation/btn_Daycare' is clicked on

2019-12-23 13:04:57 - [MESSAGE][PASSED] - Object: 'Object Repository/object_reservation/btn_Daycare' is clicked on

2019-12-23 13:04:57 - [TEST_STEP][PASSED] - click(findTestObject("Object Repository/object_reservation/i_location")): Object: 'Object Repository/object_reservation/i_location' is clicked on

2019-12-23 13:05:00 - [MESSAGE][PASSED] - Object: 'Object Repository/object_reservation/i_location' is clicked on

2019-12-23 13:05:00 - [TEST_STEP][PASSED] - switch (var_idFacility): null

2019-12-23 13:05:00 - [TEST_STEP][PASSED] - dateCI = var_checkinD.split(","): null

2019-12-23 13:05:00 - [TEST_STEP][PASSED] - dateCO = var_checkoutD.split(","): null

2019-12-23 13:05:00 - [TEST_STEP][PASSED] - arryPets = var_pets.split(","): null

2019-12-23 13:05:00 - [TEST_STEP][PASSED] - delay(2): Delayed 2 second(s)

2019-12-23 13:05:02 - [MESSAGE][PASSED] - Delayed 2 second(s)

2019-12-23 13:05:02 - [TEST_STEP][PASSED] - if (var_repeting == "Y"): null

2019-12-23 13:05:02 - [TEST_STEP][PASSED] - click(findTestObject("Object Repository/object_reservation/checkbox_repeating")): Object: 'Object Repository/object_reservation/checkbox_repeating' is clicked on

2019-12-23 13:05:02 - [MESSAGE][PASSED] - Object: 'Object Repository/object_reservation/checkbox_repeating' is clicked on

2019-12-23 13:05:02 - [TEST_STEP][PASSED] - if (var_repeatingEvery == "Weekly"): null

2019-12-23 13:05:02 - [TEST_STEP][PASSED] - click(findTestObject("Object Repository/object_reservation/dateCheckIn")): Object: 'Object Repository/object_reservation/dateCheckIn' is clicked on

2019-12-23 13:05:03 - [MESSAGE][PASSED] - Object: 'Object Repository/object_reservation/dateCheckIn' is clicked on

2019-12-23 13:05:03 - [TEST_STEP][PASSED] - stringCI2020 = "0": null

2019-12-23 13:05:03 - [TEST_STEP][PASSED] - stringCO2020 = "0": null

2019-12-23 13:05:03 - [TEST_STEP][PASSED] - if (dateCI[0] == "16" && dateCI[1] == "01" && dateCI[2] == "2020"): null

2019-12-23 13:05:03 - [TEST_STEP][PASSED] - if (dateCI[0] == "18" && dateCI[1] == "02" && dateCI[2] == "2020"): null

2019-12-23 13:05:03 - [TEST_STEP][PASSED] - if (dateCI[0] == "21" && dateCI[1] == "03" && dateCI[2] == "2020"): null

2019-12-23 13:05:03 - [TEST_STEP][PASSED] - delay(2): Delayed 2 second(s)

2019-12-23 13:05:05 - [MESSAGE][PASSED] - Delayed 2 second(s)

2019-12-23 13:05:05 - [TEST_STEP][PASSED] - if (stringCI2020 == "0"): null

2019-12-23 13:05:05 - [TEST_STEP][PASSED] - switch (dateCI[0]): null

2019-12-23 13:05:05 - [TEST_STEP][PASSED] - case "10":: null

2019-12-23 13:05:05 - [TEST_STEP][PASSED] - click(findTestObject("Object Repository/Page_Paradise 4 Paws  Dog Boarding Cat Boarding Norwalk Pooch Hotel/button_10_ci")): Object: 'Object Repository/Page_Paradise 4 Paws  Dog Boarding Cat Boarding Norwalk Pooch Hotel/button_10_ci' is clicked on

2019-12-23 13:05:05 - [MESSAGE][PASSED] - Object: 'Object Repository/Page_Paradise 4 Paws  Dog Boarding Cat Boarding Norwalk Pooch Hotel/button_10_ci' is clicked on

2019-12-23 13:05:05 - [TEST_STEP][PASSED] - break: null

2019-12-23 13:05:05 - [TEST_STEP][PASSED] - if (flagBoar == "1" || flagBoar == "2" && var_repeatingEvery == "Daily" || flagBoar == "2" && var_repeatingEvery == "Weekly" || flagBoar == "2" && var_repeatingEvery == "Monthly"): null

2019-12-23 13:05:05 - [TEST_STEP][PASSED] - click(findTestObject("Object Repository/object_reservation/dateCheckOut")): Object: 'Object Repository/object_reservation/dateCheckOut' is clicked on

2019-12-23 13:05:06 - [MESSAGE][PASSED] - Object: 'Object Repository/object_reservation/dateCheckOut' is clicked on

2019-12-23 13:05:06 - [TEST_STEP][PASSED] - if (dateCO[0] == "17" && dateCO[1] == "02" && dateCO[2] == "2020"): null

2019-12-23 13:05:06 - [TEST_STEP][PASSED] - if (dateCO[0] == "20" && dateCO[1] == "03" && dateCO[2] == "2020"): null

2019-12-23 13:05:06 - [TEST_STEP][PASSED] - if (dateCO[0] == "24" && dateCO[1] == "04" && dateCO[2] == "2020"): null

2019-12-23 13:05:06 - [TEST_STEP][PASSED] - if (stringCO2020 == "0"): null

2019-12-23 13:05:06 - [TEST_STEP][PASSED] - switch (dateCO[0]): null

2019-12-23 13:05:06 - [TEST_STEP][PASSED] - case "10":: null

2019-12-23 13:05:06 - [TEST_STEP][PASSED] - click(findTestObject("Object Repository/Page_Paradise 4 Paws  Dog Boarding Cat Boarding Norwalk Pooch Hotel/button_10_co")): Object: 'Object Repository/Page_Paradise 4 Paws  Dog Boarding Cat Boarding Norwalk Pooch Hotel/button_10_co' is clicked on

2019-12-23 13:05:07 - [MESSAGE][PASSED] - Object: 'Object Repository/Page_Paradise 4 Paws  Dog Boarding Cat Boarding Norwalk Pooch Hotel/button_10_co' is clicked on

2019-12-23 13:05:07 - [TEST_STEP][PASSED] - break: null

2019-12-23 13:05:07 - [TEST_STEP][NOT_RUN] - click(findTestObject("Object Repository/object_reservationCalendar/CO_close")): NOT_RUN: click(findTestObject("Object Repository/object_reservationCalendar/CO_close"))

2019-12-23 13:05:07 - [MESSAGE][NOT_RUN] - NOT_RUN: click(findTestObject("Object Repository/object_reservationCalendar/CO_close"))

2019-12-23 13:05:07 - [TEST_STEP][PASSED] - click(findTestObject("Object Repository/object_reservation/timeCheckin")): Object: 'Object Repository/object_reservation/timeCheckin' is clicked on

2019-12-23 13:05:08 - [MESSAGE][PASSED] - Object: 'Object Repository/object_reservation/timeCheckin' is clicked on

2019-12-23 13:05:08 - [TEST_STEP][PASSED] - switch (var_checkinT): null

2019-12-23 13:05:08 - [TEST_STEP][PASSED] - case "800":: null

2019-12-23 13:05:08 - [TEST_STEP][PASSED] - click(findTestObject("Object Repository/Page_Paradise 4 Paws  Dog Boarding Cat Boarding Norwalk Pooch Hotel/time_800am_ci")): Object: 'Object Repository/Page_Paradise 4 Paws  Dog Boarding Cat Boarding Norwalk Pooch Hotel/time_800am_ci' is clicked on

2019-12-23 13:05:08 - [MESSAGE][PASSED] - Object: 'Object Repository/Page_Paradise 4 Paws  Dog Boarding Cat Boarding Norwalk Pooch Hotel/time_800am_ci' is clicked on

2019-12-23 13:05:08 - [TEST_STEP][PASSED] - break: null

2019-12-23 13:05:08 - [TEST_STEP][PASSED] - click(findTestObject("Object Repository/object_reservation/timeCheckOut")): Object: 'Object Repository/object_reservation/timeCheckOut' is clicked on

2019-12-23 13:05:09 - [MESSAGE][PASSED] - Object: 'Object Repository/object_reservation/timeCheckOut' is clicked on

2019-12-23 13:05:09 - [TEST_STEP][PASSED] - switch (var_checkoutT): null

2019-12-23 13:05:09 - [TEST_STEP][PASSED] - case "1200":: null

2019-12-23 13:05:09 - [TEST_STEP][PASSED] - click(findTestObject("Object Repository/Page_Paradise 4 Paws  Dog Boarding Cat Boarding Norwalk Pooch Hotel/time_1200pm_co")): Object: 'Object Repository/Page_Paradise 4 Paws  Dog Boarding Cat Boarding Norwalk Pooch Hotel/time_1200pm_co' is clicked on

2019-12-23 13:05:10 - [MESSAGE][PASSED] - Object: 'Object Repository/Page_Paradise 4 Paws  Dog Boarding Cat Boarding Norwalk Pooch Hotel/time_1200pm_co' is clicked on

2019-12-23 13:05:10 - [TEST_STEP][PASSED] - break: null

2019-12-23 13:05:10 - [TEST_STEP][PASSED] - delay(2): Delayed 2 second(s)

2019-12-23 13:05:12 - [MESSAGE][PASSED] - Delayed 2 second(s)

2019-12-23 13:05:12 - [TEST_STEP][PASSED] - if (arryPets.size() == 1): Object: 'Object Repository/object_reservation/Page_Paradise 4 Paws  Dog Boarding Cat Boarding Norwalk Pooch Hotel/div_Ares' is clicked on

2019-12-23 13:05:12 - [TEST_STEP][PASSED] - click(findTestObject("Object Repository/object_reservation/Page_Paradise 4 Paws  Dog Boarding Cat Boarding Norwalk Pooch Hotel/div_Ares")): Object: 'Object Repository/object_reservation/Page_Paradise 4 Paws  Dog Boarding Cat Boarding Norwalk Pooch Hotel/div_Ares' is clicked on

2019-12-23 13:05:13 - [MESSAGE][PASSED] - Object: 'Object Repository/object_reservation/Page_Paradise 4 Paws  Dog Boarding Cat Boarding Norwalk Pooch Hotel/div_Ares' is clicked on

2019-12-23 13:05:13 - [TEST_STEP][NOT_RUN] - click(findTestObject("object_reservations/i_Day_fa fa-circle-o ng-scope")): NOT_RUN: click(findTestObject("object_reservations/i_Day_fa fa-circle-o ng-scope"))

2019-12-23 13:05:13 - [MESSAGE][NOT_RUN] - NOT_RUN: click(findTestObject("object_reservations/i_Day_fa fa-circle-o ng-scope"))

2019-12-23 13:05:13 - [TEST_STEP][PASSED] - if (flagBoar == "1" || flagBoar == "2"): Object: 'Object Repository/object_reservation/div_suite_rad_deluxe' is clicked on

2019-12-23 13:05:13 - [TEST_STEP][PASSED] - click(findTestObject("Object Repository/object_reservation/div_suite_rad_deluxe")): Object: 'Object Repository/object_reservation/div_suite_rad_deluxe' is clicked on

2019-12-23 13:05:18 - [MESSAGE][PASSED] - Object: 'Object Repository/object_reservation/div_suite_rad_deluxe' is clicked on

2019-12-23 13:05:18 - [TEST_STEP][PASSED] - click(findTestObject("Object Repository/object_reservation/btn_next2")): Object: 'Object Repository/object_reservation/btn_next2' is clicked on

2019-12-23 13:05:20 - [MESSAGE][PASSED] - Object: 'Object Repository/object_reservation/btn_next2' is clicked on

2019-12-23 13:05:20 - [TEST_STEP][PASSED] - delay(3): Delayed 3 second(s)

2019-12-23 13:05:23 - [MESSAGE][PASSED] - Delayed 3 second(s)

2019-12-23 13:05:23 - [TEST_STEP][PASSED] - if (flagBoar == "1"): null

2019-12-23 13:05:23 - [TEST_STEP][PASSED] - delay(2): Delayed 2 second(s)

2019-12-23 13:05:25 - [MESSAGE][PASSED] - Delayed 2 second(s)

2019-12-23 13:05:25 - [TEST_STEP][PASSED] - click(findTestObject("Object Repository/object_reservation/btn_next2")): Object: 'Object Repository/object_reservation/btn_next2' is clicked on

2019-12-23 13:05:26 - [MESSAGE][PASSED] - Object: 'Object Repository/object_reservation/btn_next2' is clicked on

2019-12-23 13:05:26 - [TEST_STEP][PASSED] - click(findTestObject("Object Repository/object_reservation/button_Submit Reservation")): Object: 'Object Repository/object_reservation/button_Submit Reservation' is clicked on

2019-12-23 13:05:28 - [MESSAGE][PASSED] - Object: 'Object Repository/object_reservation/button_Submit Reservation' is clicked on

2019-12-23 13:05:28 - [TEST_STEP][PASSED] - delay(2): Delayed 2 second(s)

2019-12-23 13:05:30 - [MESSAGE][PASSED] - Delayed 2 second(s)

2019-12-23 13:05:30 - [TEST_STEP][PASSED] - if (flagBoar == "2" && var_repeatingEvery == "Daily" || var_repeatingEvery == "Monthly" || var_repeatingEvery == "Weekly"): Delayed 8 second(s)

2019-12-23 13:05:30 - [TEST_STEP][PASSED] - click(findTestObject("Object Repository/object_reservation/Page_Paradise 4 Paws  Dog Boarding Cat Boar_cfde7f/button_Ok")): Object: 'Object Repository/object_reservation/Page_Paradise 4 Paws  Dog Boarding Cat Boar_cfde7f/button_Ok' is clicked on

2019-12-23 13:05:31 - [MESSAGE][PASSED] - Object: 'Object Repository/object_reservation/Page_Paradise 4 Paws  Dog Boarding Cat Boar_cfde7f/button_Ok' is clicked on

2019-12-23 13:05:31 - [TEST_STEP][PASSED] - delay(8): Delayed 8 second(s)

2019-12-23 13:05:39 - [MESSAGE][PASSED] - Delayed 8 second(s)

2019-12-23 13:05:39 - [TEST_STEP][PASSED] - delay(2): Delayed 2 second(s)

2019-12-23 13:05:41 - [MESSAGE][PASSED] - Delayed 2 second(s)

2019-12-23 13:05:41 - [TEST_STEP][FAILED] - try: Unable to click on object 'Object Repository/object_reservation/button_Return To Reservation' (Root cause: com.kms.katalon.core.exception.StepFailedException: Unable to click on object 'Object Repository/object_reservation/button_Return To Reservation'
	at com.kms.katalon.core.webui.keyword.internal.WebUIKeywordMain.stepFailed(WebUIKeywordMain.groovy:64)
	at com.kms.katalon.core.webui.keyword.internal.WebUIKeywordMain.runKeyword(WebUIKeywordMain.groovy:26)
	at com.kms.katalon.core.webui.keyword.builtin.ClickKeyword.click(ClickKeyword.groovy:99)
	at com.kms.katalon.core.webui.keyword.builtin.ClickKeyword.execute(ClickKeyword.groovy:43)
	at com.kms.katalon.core.keyword.internal.KeywordExecutor.executeKeywordForPlatform(KeywordExecutor.groovy:60)
	at com.kms.katalon.core.webui.keyword.WebUiBuiltInKeywords.click(WebUiBuiltInKeywords.groovy:616)
	at com.kms.katalon.core.webui.keyword.WebUiBuiltInKeywords$click$2.call(Unknown Source)
	at p4p_newReservationDaycare.run(p4p_newReservationDaycare:612)
	at com.kms.katalon.core.main.ScriptEngine.run(ScriptEngine.java:194)
	at com.kms.katalon.core.main.ScriptEngine.runScriptAsRawText(ScriptEngine.java:119)
	at com.kms.katalon.core.main.TestCaseExecutor.runScript(TestCaseExecutor.java:337)
	at com.kms.katalon.core.main.TestCaseExecutor.doExecute(TestCaseExecutor.java:328)
	at com.kms.katalon.core.main.TestCaseExecutor.processExecutionPhase(TestCaseExecutor.java:307)
	at com.kms.katalon.core.main.TestCaseExecutor.accessMainPhase(TestCaseExecutor.java:299)
	at com.kms.katalon.core.main.TestCaseExecutor.execute(TestCaseExecutor.java:233)
	at com.kms.katalon.core.main.TestSuiteExecutor.accessTestCaseMainPhase(TestSuiteExecutor.java:169)
	at com.kms.katalon.core.main.TestSuiteExecutor.accessTestSuiteMainPhase(TestSuiteExecutor.java:142)
	at com.kms.katalon.core.main.TestSuiteExecutor.execute(TestSuiteExecutor.java:91)
	at com.kms.katalon.core.main.TestCaseMain.startTestSuite(TestCaseMain.java:157)
	at com.kms.katalon.core.main.TestCaseMain$startTestSuite$0.call(Unknown Source)
	at TempTestSuite1577127624136.run(TempTestSuite1577127624136.groovy:36)
Caused by: com.kms.katalon.core.webui.exception.WebElementNotFoundException: Web element with id: 'Object Repository/object_reservation/button_Return To Reservation' located by 'By.xpath: (//button[@type='button'])[13]' not found
	at com.kms.katalon.core.webui.common.WebUiCommonHelper.findWebElement(WebUiCommonHelper.java:1113)
	at com.kms.katalon.core.webui.keyword.internal.WebUIAbstractKeyword.findWebElement(WebUIAbstractKeyword.groovy:27)
	at com.kms.katalon.core.webui.keyword.internal.WebUIAbstractKeyword.findWebElement(WebUIAbstractKeyword.groovy:26)
	at com.kms.katalon.core.webui.keyword.builtin.ClickKeyword$_click_closure1.doCall(ClickKeyword.groovy:68)
	at com.kms.katalon.core.webui.keyword.builtin.ClickKeyword$_click_closure1.call(ClickKeyword.groovy)
	at com.kms.katalon.core.webui.keyword.internal.WebUIKeywordMain.runKeyword(WebUIKeywordMain.groovy:20)
	at com.kms.katalon.core.webui.keyword.builtin.ClickKeyword.click(ClickKeyword.groovy:99)
	at com.kms.katalon.core.webui.keyword.builtin.ClickKeyword.execute(ClickKeyword.groovy:43)
	at com.kms.katalon.core.keyword.internal.KeywordExecutor.executeKeywordForPlatform(KeywordExecutor.groovy:60)
	at com.kms.katalon.core.webui.keyword.WebUiBuiltInKeywords.click(WebUiBuiltInKeywords.groovy:616)
	at com.kms.katalon.core.webui.keyword.WebUiBuiltInKeywords$click$2.call(Unknown Source)
	at Script1576482965057.run(Script1576482965057.groovy:612)
	... 13 more
)

2019-12-23 13:05:41 - [TEST_STEP][FAILED] - click(findTestObject("Object Repository/object_reservation/button_Return To Reservation")): Unable to click on object 'Object Repository/object_reservation/button_Return To Reservation' (Root cause: com.kms.katalon.core.exception.StepFailedException: Unable to click on object 'Object Repository/object_reservation/button_Return To Reservation'
	at com.kms.katalon.core.webui.keyword.internal.WebUIKeywordMain.stepFailed(WebUIKeywordMain.groovy:64)
	at com.kms.katalon.core.webui.keyword.internal.WebUIKeywordMain.runKeyword(WebUIKeywordMain.groovy:26)
	at com.kms.katalon.core.webui.keyword.builtin.ClickKeyword.click(ClickKeyword.groovy:99)
	at com.kms.katalon.core.webui.keyword.builtin.ClickKeyword.execute(ClickKeyword.groovy:43)
	at com.kms.katalon.core.keyword.internal.KeywordExecutor.executeKeywordForPlatform(KeywordExecutor.groovy:60)
	at com.kms.katalon.core.webui.keyword.WebUiBuiltInKeywords.click(WebUiBuiltInKeywords.groovy:616)
	at com.kms.katalon.core.webui.keyword.WebUiBuiltInKeywords$click$2.call(Unknown Source)
	at p4p_newReservationDaycare.run(p4p_newReservationDaycare:612)
	at com.kms.katalon.core.main.ScriptEngine.run(ScriptEngine.java:194)
	at com.kms.katalon.core.main.ScriptEngine.runScriptAsRawText(ScriptEngine.java:119)
	at com.kms.katalon.core.main.TestCaseExecutor.runScript(TestCaseExecutor.java:337)
	at com.kms.katalon.core.main.TestCaseExecutor.doExecute(TestCaseExecutor.java:328)
	at com.kms.katalon.core.main.TestCaseExecutor.processExecutionPhase(TestCaseExecutor.java:307)
	at com.kms.katalon.core.main.TestCaseExecutor.accessMainPhase(TestCaseExecutor.java:299)
	at com.kms.katalon.core.main.TestCaseExecutor.execute(TestCaseExecutor.java:233)
	at com.kms.katalon.core.main.TestSuiteExecutor.accessTestCaseMainPhase(TestSuiteExecutor.java:169)
	at com.kms.katalon.core.main.TestSuiteExecutor.accessTestSuiteMainPhase(TestSuiteExecutor.java:142)
	at com.kms.katalon.core.main.TestSuiteExecutor.execute(TestSuiteExecutor.java:91)
	at com.kms.katalon.core.main.TestCaseMain.startTestSuite(TestCaseMain.java:157)
	at com.kms.katalon.core.main.TestCaseMain$startTestSuite$0.call(Unknown Source)
	at TempTestSuite1577127624136.run(TempTestSuite1577127624136.groovy:36)
Caused by: com.kms.katalon.core.webui.exception.WebElementNotFoundException: Web element with id: 'Object Repository/object_reservation/button_Return To Reservation' located by 'By.xpath: (//button[@type='button'])[13]' not found
	at com.kms.katalon.core.webui.common.WebUiCommonHelper.findWebElement(WebUiCommonHelper.java:1113)
	at com.kms.katalon.core.webui.keyword.internal.WebUIAbstractKeyword.findWebElement(WebUIAbstractKeyword.groovy:27)
	at com.kms.katalon.core.webui.keyword.internal.WebUIAbstractKeyword.findWebElement(WebUIAbstractKeyword.groovy:26)
	at com.kms.katalon.core.webui.keyword.builtin.ClickKeyword$_click_closure1.doCall(ClickKeyword.groovy:68)
	at com.kms.katalon.core.webui.keyword.builtin.ClickKeyword$_click_closure1.call(ClickKeyword.groovy)
	at com.kms.katalon.core.webui.keyword.internal.WebUIKeywordMain.runKeyword(WebUIKeywordMain.groovy:20)
	at com.kms.katalon.core.webui.keyword.builtin.ClickKeyword.click(ClickKeyword.groovy:99)
	at com.kms.katalon.core.webui.keyword.builtin.ClickKeyword.execute(ClickKeyword.groovy:43)
	at com.kms.katalon.core.keyword.internal.KeywordExecutor.executeKeywordForPlatform(KeywordExecutor.groovy:60)
	at com.kms.katalon.core.webui.keyword.WebUiBuiltInKeywords.click(WebUiBuiltInKeywords.groovy:616)
	at com.kms.katalon.core.webui.keyword.WebUiBuiltInKeywords$click$2.call(Unknown Source)
	at Script1576482965057.run(Script1576482965057.groovy:612)
	... 13 more
)

2019-12-23 13:06:24 - [MESSAGE][INFO] - Unable to find the element located by 'By.xpath: (//button[@type='button'])[13]'. Please recheck the objects properties to make sure the desired element is located. 

2019-12-23 13:06:24 - [MESSAGE][FAILED] - Unable to click on object 'Object Repository/object_reservation/button_Return To Reservation' (Root cause: com.kms.katalon.core.exception.StepFailedException: Unable to click on object 'Object Repository/object_reservation/button_Return To Reservation'
	at com.kms.katalon.core.webui.keyword.internal.WebUIKeywordMain.stepFailed(WebUIKeywordMain.groovy:64)
	at com.kms.katalon.core.webui.keyword.internal.WebUIKeywordMain.runKeyword(WebUIKeywordMain.groovy:26)
	at com.kms.katalon.core.webui.keyword.builtin.ClickKeyword.click(ClickKeyword.groovy:99)
	at com.kms.katalon.core.webui.keyword.builtin.ClickKeyword.execute(ClickKeyword.groovy:43)
	at com.kms.katalon.core.keyword.internal.KeywordExecutor.executeKeywordForPlatform(KeywordExecutor.groovy:60)
	at com.kms.katalon.core.webui.keyword.WebUiBuiltInKeywords.click(WebUiBuiltInKeywords.groovy:616)
	at com.kms.katalon.core.webui.keyword.WebUiBuiltInKeywords$click$2.call(Unknown Source)
	at p4p_newReservationDaycare.run(p4p_newReservationDaycare:612)
	at com.kms.katalon.core.main.ScriptEngine.run(ScriptEngine.java:194)
	at com.kms.katalon.core.main.ScriptEngine.runScriptAsRawText(ScriptEngine.java:119)
	at com.kms.katalon.core.main.TestCaseExecutor.runScript(TestCaseExecutor.java:337)
	at com.kms.katalon.core.main.TestCaseExecutor.doExecute(TestCaseExecutor.java:328)
	at com.kms.katalon.core.main.TestCaseExecutor.processExecutionPhase(TestCaseExecutor.java:307)
	at com.kms.katalon.core.main.TestCaseExecutor.accessMainPhase(TestCaseExecutor.java:299)
	at com.kms.katalon.core.main.TestCaseExecutor.execute(TestCaseExecutor.java:233)
	at com.kms.katalon.core.main.TestSuiteExecutor.accessTestCaseMainPhase(TestSuiteExecutor.java:169)
	at com.kms.katalon.core.main.TestSuiteExecutor.accessTestSuiteMainPhase(TestSuiteExecutor.java:142)
	at com.kms.katalon.core.main.TestSuiteExecutor.execute(TestSuiteExecutor.java:91)
	at com.kms.katalon.core.main.TestCaseMain.startTestSuite(TestCaseMain.java:157)
	at com.kms.katalon.core.main.TestCaseMain$startTestSuite$0.call(Unknown Source)
	at TempTestSuite1577127624136.run(TempTestSuite1577127624136.groovy:36)
Caused by: com.kms.katalon.core.webui.exception.WebElementNotFoundException: Web element with id: 'Object Repository/object_reservation/button_Return To Reservation' located by 'By.xpath: (//button[@type='button'])[13]' not found
	at com.kms.katalon.core.webui.common.WebUiCommonHelper.findWebElement(WebUiCommonHelper.java:1113)
	at com.kms.katalon.core.webui.keyword.internal.WebUIAbstractKeyword.findWebElement(WebUIAbstractKeyword.groovy:27)
	at com.kms.katalon.core.webui.keyword.internal.WebUIAbstractKeyword.findWebElement(WebUIAbstractKeyword.groovy:26)
	at com.kms.katalon.core.webui.keyword.builtin.ClickKeyword$_click_closure1.doCall(ClickKeyword.groovy:68)
	at com.kms.katalon.core.webui.keyword.builtin.ClickKeyword$_click_closure1.call(ClickKeyword.groovy)
	at com.kms.katalon.core.webui.keyword.internal.WebUIKeywordMain.runKeyword(WebUIKeywordMain.groovy:20)
	at com.kms.katalon.core.webui.keyword.builtin.ClickKeyword.click(ClickKeyword.groovy:99)
	at com.kms.katalon.core.webui.keyword.builtin.ClickKeyword.execute(ClickKeyword.groovy:43)
	at com.kms.katalon.core.keyword.internal.KeywordExecutor.executeKeywordForPlatform(KeywordExecutor.groovy:60)
	at com.kms.katalon.core.webui.keyword.WebUiBuiltInKeywords.click(WebUiBuiltInKeywords.groovy:616)
	at com.kms.katalon.core.webui.keyword.WebUiBuiltInKeywords$click$2.call(Unknown Source)
	at Script1576482965057.run(Script1576482965057.groovy:612)
	... 13 more
)
[[ATTACHMENT|/home/leonardo-arkusmty/Documents/workspaceKatalon/p4ptest/Reports/20191223_130024/ts_newReservationDaycare/20191223_130024/1577127984534.png]]

2019-12-23 13:06:24 - [TEST_STEP][PASSED] - catch (Exception e): null

2019-12-23 13:06:24 - [TEST_STEP][PASSED] - e.printStackTrace(): null

2019-12-23 13:06:24 - [TEST_STEP][PASSED] - log.logInfo("ERROR EXCEPCION"): ERROR EXCEPCION

2019-12-23 13:06:24 - [MESSAGE][INFO] - ERROR EXCEPCION

2019-12-23 13:06:24 - [TEST_STEP][PASSED] - cell1Err = rowNewRes.createCell(16, 0): null

2019-12-23 13:06:24 - [TEST_STEP][PASSED] - cell2Err = rowNewRes.createCell(18, 0): null

2019-12-23 13:06:24 - [TEST_STEP][PASSED] - cell1Err.setCellType(CELL_TYPE_STRING): null

2019-12-23 13:06:24 - [TEST_STEP][PASSED] - cell1Err.setCellValue("Error"): null

2019-12-23 13:06:24 - [TEST_STEP][PASSED] - cell2Err.setCellType(CELL_TYPE_STRING): null

2019-12-23 13:06:24 - [TEST_STEP][PASSED] - cell2Err.setCellValue("Reservacion existente"): null

2019-12-23 13:06:24 - [TEST_STEP][PASSED] - fos = new java.io.FileOutputStream(/home/leonardo-arkusmty/Desktop/P4P/DATA_AUTOMATINTESTING/data_1newReservationDaycare.xlsx): null

2019-12-23 13:06:24 - [TEST_STEP][PASSED] - workbookNewRes.write(fos): null

2019-12-23 13:06:24 - [TEST_STEP][PASSED] - fos.close(): null

2019-12-23 13:06:24 - [TEST_STEP][PASSED] - delay(1): Delayed 1 second(s)

2019-12-23 13:06:25 - [MESSAGE][PASSED] - Delayed 1 second(s)

2019-12-23 13:06:25 - [TEST_STEP][PASSED] - cellCan = rowCanRes.createCell(5, 0): null

2019-12-23 13:06:25 - [TEST_STEP][PASSED] - cellCan.setCellType(CELL_TYPE_STRING): null

2019-12-23 13:06:25 - [TEST_STEP][PASSED] - cellCan.setCellValue("Error en la reservacion"): null

2019-12-23 13:06:25 - [TEST_STEP][PASSED] - fosCan = new java.io.FileOutputStream(/home/leonardo-arkusmty/Desktop/P4P/DATA_AUTOMATINTESTING/data_2cancelReservation.xlsx): null

2019-12-23 13:06:25 - [TEST_STEP][PASSED] - workbookCanRes.write(fosCan): null

2019-12-23 13:06:25 - [TEST_STEP][PASSED] - fosCan.close(): null

2019-12-23 13:06:25 - [TEST_STEP][PASSED] - delay(6): Delayed 6 second(s)

2019-12-23 13:06:31 - [MESSAGE][PASSED] - Delayed 6 second(s)

2019-12-23 13:06:31 - [TEST_STEP][PASSED] - click(findTestObject("Object Repository/object_reservation/Page_Paradise 4 Paws  Dog Boarding Cat Boar_35fe2b/button_Go to CheckOut")): Object: 'Object Repository/object_reservation/Page_Paradise 4 Paws  Dog Boarding Cat Boar_35fe2b/button_Go to CheckOut' is clicked on

2019-12-23 13:07:02 - [MESSAGE][PASSED] - Object: 'Object Repository/object_reservation/Page_Paradise 4 Paws  Dog Boarding Cat Boar_35fe2b/button_Go to CheckOut' is clicked on

2019-12-23 13:07:02 - [TEST_STEP][PASSED] - delay(2): Delayed 2 second(s)

2019-12-23 13:07:04 - [MESSAGE][PASSED] - Delayed 2 second(s)

2019-12-23 13:07:04 - [TEST_STEP][FAILED] - log.logInfo(getText(findTestObject("Object Repository/object_reservation/Page_Paradise 4 Paws  Dog Boarding Cat Boar_35fe2b/span_( BK )"))): Unable to get text of object 'Object Repository/object_reservation/Page_Paradise 4 Paws  Dog Boarding Cat Boar_35fe2b/span_( BK )' (Root cause: com.kms.katalon.core.exception.StepFailedException: Unable to get text of object 'Object Repository/object_reservation/Page_Paradise 4 Paws  Dog Boarding Cat Boar_35fe2b/span_( BK )'
	at com.kms.katalon.core.webui.keyword.internal.WebUIKeywordMain.stepFailed(WebUIKeywordMain.groovy:64)
	at com.kms.katalon.core.webui.keyword.internal.WebUIKeywordMain.runKeyword(WebUIKeywordMain.groovy:26)
	at com.kms.katalon.core.webui.keyword.builtin.GetTextKeyword.getText(GetTextKeyword.groovy:88)
	at com.kms.katalon.core.webui.keyword.builtin.GetTextKeyword.execute(GetTextKeyword.groovy:67)
	at com.kms.katalon.core.keyword.internal.KeywordExecutor.executeKeywordForPlatform(KeywordExecutor.groovy:60)
	at com.kms.katalon.core.webui.keyword.WebUiBuiltInKeywords.getText(WebUiBuiltInKeywords.groovy:888)
	at com.kms.katalon.core.webui.keyword.WebUiBuiltInKeywords$getText$4.call(Unknown Source)
	at p4p_newReservationDaycare.run(p4p_newReservationDaycare:649)
	at com.kms.katalon.core.main.ScriptEngine.run(ScriptEngine.java:194)
	at com.kms.katalon.core.main.ScriptEngine.runScriptAsRawText(ScriptEngine.java:119)
	at com.kms.katalon.core.main.TestCaseExecutor.runScript(TestCaseExecutor.java:337)
	at com.kms.katalon.core.main.TestCaseExecutor.doExecute(TestCaseExecutor.java:328)
	at com.kms.katalon.core.main.TestCaseExecutor.processExecutionPhase(TestCaseExecutor.java:307)
	at com.kms.katalon.core.main.TestCaseExecutor.accessMainPhase(TestCaseExecutor.java:299)
	at com.kms.katalon.core.main.TestCaseExecutor.execute(TestCaseExecutor.java:233)
	at com.kms.katalon.core.main.TestSuiteExecutor.accessTestCaseMainPhase(TestSuiteExecutor.java:169)
	at com.kms.katalon.core.main.TestSuiteExecutor.accessTestSuiteMainPhase(TestSuiteExecutor.java:142)
	at com.kms.katalon.core.main.TestSuiteExecutor.execute(TestSuiteExecutor.java:91)
	at com.kms.katalon.core.main.TestCaseMain.startTestSuite(TestCaseMain.java:157)
	at com.kms.katalon.core.main.TestCaseMain$startTestSuite$0.call(Unknown Source)
	at TempTestSuite1577127624136.run(TempTestSuite1577127624136.groovy:36)
Caused by: com.kms.katalon.core.webui.exception.WebElementNotFoundException: Web element with id: 'Object Repository/object_reservation/Page_Paradise 4 Paws  Dog Boarding Cat Boar_35fe2b/span_( BK )' located by 'By.xpath: //div[@id='wrapper']/div/div/div/div/div/div/ul/li[4]/a/tab-heading/span' not found
	at com.kms.katalon.core.webui.common.WebUiCommonHelper.findWebElement(WebUiCommonHelper.java:1113)
	at com.kms.katalon.core.webui.keyword.internal.WebUIAbstractKeyword.findWebElement(WebUIAbstractKeyword.groovy:27)
	at com.kms.katalon.core.webui.keyword.internal.WebUIAbstractKeyword.findWebElement(WebUIAbstractKeyword.groovy:26)
	at com.kms.katalon.core.webui.keyword.builtin.GetTextKeyword$_getText_closure1.doCall(GetTextKeyword.groovy:78)
	at com.kms.katalon.core.webui.keyword.builtin.GetTextKeyword$_getText_closure1.call(GetTextKeyword.groovy)
	at com.kms.katalon.core.webui.keyword.internal.WebUIKeywordMain.runKeyword(WebUIKeywordMain.groovy:20)
	at com.kms.katalon.core.webui.keyword.builtin.GetTextKeyword.getText(GetTextKeyword.groovy:88)
	at com.kms.katalon.core.webui.keyword.builtin.GetTextKeyword.execute(GetTextKeyword.groovy:67)
	at com.kms.katalon.core.keyword.internal.KeywordExecutor.executeKeywordForPlatform(KeywordExecutor.groovy:60)
	at com.kms.katalon.core.webui.keyword.WebUiBuiltInKeywords.getText(WebUiBuiltInKeywords.groovy:888)
	at com.kms.katalon.core.webui.keyword.WebUiBuiltInKeywords$getText$4.call(Unknown Source)
	at Script1576482965057.run(Script1576482965057.groovy:649)
	... 13 more
)

2019-12-23 13:07:48 - [MESSAGE][INFO] - Unable to find the element located by 'By.xpath: //div[@id='wrapper']/div/div/div/div/div/div/ul/li[4]/a/tab-heading/span'. Please recheck the objects properties to make sure the desired element is located. 

2019-12-23 13:07:48 - [MESSAGE][FAILED] - Unable to get text of object 'Object Repository/object_reservation/Page_Paradise 4 Paws  Dog Boarding Cat Boar_35fe2b/span_( BK )' (Root cause: com.kms.katalon.core.exception.StepFailedException: Unable to get text of object 'Object Repository/object_reservation/Page_Paradise 4 Paws  Dog Boarding Cat Boar_35fe2b/span_( BK )'
	at com.kms.katalon.core.webui.keyword.internal.WebUIKeywordMain.stepFailed(WebUIKeywordMain.groovy:64)
	at com.kms.katalon.core.webui.keyword.internal.WebUIKeywordMain.runKeyword(WebUIKeywordMain.groovy:26)
	at com.kms.katalon.core.webui.keyword.builtin.GetTextKeyword.getText(GetTextKeyword.groovy:88)
	at com.kms.katalon.core.webui.keyword.builtin.GetTextKeyword.execute(GetTextKeyword.groovy:67)
	at com.kms.katalon.core.keyword.internal.KeywordExecutor.executeKeywordForPlatform(KeywordExecutor.groovy:60)
	at com.kms.katalon.core.webui.keyword.WebUiBuiltInKeywords.getText(WebUiBuiltInKeywords.groovy:888)
	at com.kms.katalon.core.webui.keyword.WebUiBuiltInKeywords$getText$4.call(Unknown Source)
	at p4p_newReservationDaycare.run(p4p_newReservationDaycare:649)
	at com.kms.katalon.core.main.ScriptEngine.run(ScriptEngine.java:194)
	at com.kms.katalon.core.main.ScriptEngine.runScriptAsRawText(ScriptEngine.java:119)
	at com.kms.katalon.core.main.TestCaseExecutor.runScript(TestCaseExecutor.java:337)
	at com.kms.katalon.core.main.TestCaseExecutor.doExecute(TestCaseExecutor.java:328)
	at com.kms.katalon.core.main.TestCaseExecutor.processExecutionPhase(TestCaseExecutor.java:307)
	at com.kms.katalon.core.main.TestCaseExecutor.accessMainPhase(TestCaseExecutor.java:299)
	at com.kms.katalon.core.main.TestCaseExecutor.execute(TestCaseExecutor.java:233)
	at com.kms.katalon.core.main.TestSuiteExecutor.accessTestCaseMainPhase(TestSuiteExecutor.java:169)
	at com.kms.katalon.core.main.TestSuiteExecutor.accessTestSuiteMainPhase(TestSuiteExecutor.java:142)
	at com.kms.katalon.core.main.TestSuiteExecutor.execute(TestSuiteExecutor.java:91)
	at com.kms.katalon.core.main.TestCaseMain.startTestSuite(TestCaseMain.java:157)
	at com.kms.katalon.core.main.TestCaseMain$startTestSuite$0.call(Unknown Source)
	at TempTestSuite1577127624136.run(TempTestSuite1577127624136.groovy:36)
Caused by: com.kms.katalon.core.webui.exception.WebElementNotFoundException: Web element with id: 'Object Repository/object_reservation/Page_Paradise 4 Paws  Dog Boarding Cat Boar_35fe2b/span_( BK )' located by 'By.xpath: //div[@id='wrapper']/div/div/div/div/div/div/ul/li[4]/a/tab-heading/span' not found
	at com.kms.katalon.core.webui.common.WebUiCommonHelper.findWebElement(WebUiCommonHelper.java:1113)
	at com.kms.katalon.core.webui.keyword.internal.WebUIAbstractKeyword.findWebElement(WebUIAbstractKeyword.groovy:27)
	at com.kms.katalon.core.webui.keyword.internal.WebUIAbstractKeyword.findWebElement(WebUIAbstractKeyword.groovy:26)
	at com.kms.katalon.core.webui.keyword.builtin.GetTextKeyword$_getText_closure1.doCall(GetTextKeyword.groovy:78)
	at com.kms.katalon.core.webui.keyword.builtin.GetTextKeyword$_getText_closure1.call(GetTextKeyword.groovy)
	at com.kms.katalon.core.webui.keyword.internal.WebUIKeywordMain.runKeyword(WebUIKeywordMain.groovy:20)
	at com.kms.katalon.core.webui.keyword.builtin.GetTextKeyword.getText(GetTextKeyword.groovy:88)
	at com.kms.katalon.core.webui.keyword.builtin.GetTextKeyword.execute(GetTextKeyword.groovy:67)
	at com.kms.katalon.core.keyword.internal.KeywordExecutor.executeKeywordForPlatform(KeywordExecutor.groovy:60)
	at com.kms.katalon.core.webui.keyword.WebUiBuiltInKeywords.getText(WebUiBuiltInKeywords.groovy:888)
	at com.kms.katalon.core.webui.keyword.WebUiBuiltInKeywords$getText$4.call(Unknown Source)
	at Script1576482965057.run(Script1576482965057.groovy:649)
	... 13 more
)
[[ATTACHMENT|/home/leonardo-arkusmty/Documents/workspaceKatalon/p4ptest/Reports/20191223_130024/ts_newReservationDaycare/20191223_130024/1577128068820.png]]]]></system-out>
         <system-err><![CDATA[2019-12-23 13:04:29 - [TEST_CASE][FAILED] - Test Cases/p4p_newReservationDaycare: Test Cases/p4p_newReservationDaycare FAILED.
Reason:
com.kms.katalon.core.exception.StepFailedException: Unable to get text of object 'Object Repository/object_reservation/Page_Paradise 4 Paws  Dog Boarding Cat Boar_35fe2b/span_( BK )'
	at com.kms.katalon.core.webui.keyword.internal.WebUIKeywordMain.stepFailed(WebUIKeywordMain.groovy:64)
	at com.kms.katalon.core.webui.keyword.internal.WebUIKeywordMain.runKeyword(WebUIKeywordMain.groovy:26)
	at com.kms.katalon.core.webui.keyword.builtin.GetTextKeyword.getText(GetTextKeyword.groovy:88)
	at com.kms.katalon.core.webui.keyword.builtin.GetTextKeyword.execute(GetTextKeyword.groovy:67)
	at com.kms.katalon.core.keyword.internal.KeywordExecutor.executeKeywordForPlatform(KeywordExecutor.groovy:60)
	at com.kms.katalon.core.webui.keyword.WebUiBuiltInKeywords.getText(WebUiBuiltInKeywords.groovy:888)
	at com.kms.katalon.core.webui.keyword.WebUiBuiltInKeywords$getText$4.call(Unknown Source)
	at p4p_newReservationDaycare.run(p4p_newReservationDaycare:649)
	at com.kms.katalon.core.main.ScriptEngine.run(ScriptEngine.java:194)
	at com.kms.katalon.core.main.ScriptEngine.runScriptAsRawText(ScriptEngine.java:119)
	at com.kms.katalon.core.main.TestCaseExecutor.runScript(TestCaseExecutor.java:337)
	at com.kms.katalon.core.main.TestCaseExecutor.doExecute(TestCaseExecutor.java:328)
	at com.kms.katalon.core.main.TestCaseExecutor.processExecutionPhase(TestCaseExecutor.java:307)
	at com.kms.katalon.core.main.TestCaseExecutor.accessMainPhase(TestCaseExecutor.java:299)
	at com.kms.katalon.core.main.TestCaseExecutor.execute(TestCaseExecutor.java:233)
	at com.kms.katalon.core.main.TestSuiteExecutor.accessTestCaseMainPhase(TestSuiteExecutor.java:169)
	at com.kms.katalon.core.main.TestSuiteExecutor.accessTestSuiteMainPhase(TestSuiteExecutor.java:142)
	at com.kms.katalon.core.main.TestSuiteExecutor.execute(TestSuiteExecutor.java:91)
	at com.kms.katalon.core.main.TestCaseMain.startTestSuite(TestCaseMain.java:157)
	at com.kms.katalon.core.main.TestCaseMain$startTestSuite$0.call(Unknown Source)
	at TempTestSuite1577127624136.run(TempTestSuite1577127624136.groovy:36)
Caused by: com.kms.katalon.core.webui.exception.WebElementNotFoundException: Web element with id: 'Object Repository/object_reservation/Page_Paradise 4 Paws  Dog Boarding Cat Boar_35fe2b/span_( BK )' located by 'By.xpath: //div[@id='wrapper']/div/div/div/div/div/div/ul/li[4]/a/tab-heading/span' not found
	at com.kms.katalon.core.webui.common.WebUiCommonHelper.findWebElement(WebUiCommonHelper.java:1113)
	at com.kms.katalon.core.webui.keyword.internal.WebUIAbstractKeyword.findWebElement(WebUIAbstractKeyword.groovy:27)
	at com.kms.katalon.core.webui.keyword.internal.WebUIAbstractKeyword.findWebElement(WebUIAbstractKeyword.groovy:26)
	at com.kms.katalon.core.webui.keyword.builtin.GetTextKeyword$_getText_closure1.doCall(GetTextKeyword.groovy:78)
	at com.kms.katalon.core.webui.keyword.builtin.GetTextKeyword$_getText_closure1.call(GetTextKeyword.groovy)
	at com.kms.katalon.core.webui.keyword.internal.WebUIKeywordMain.runKeyword(WebUIKeywordMain.groovy:20)
	... 19 more]]></system-err>
      </testcase>
      <testcase name="Test Cases/p4p_newReservationDaycare" time="124.075" classname="Test Cases/p4p_newReservationDaycare" status="ERROR">
         <error type="ERROR" message="Test Cases/p4p_newReservationDaycare FAILED.
Reason:
java.lang.NullPointerException: Cannot invoke method createCell() on null object
	at org.apache.poi.ss.usermodel.Row$createCell.call(Unknown Source)
	at p4p_newReservationDaycare.run(p4p_newReservationDaycare:634)
	at com.kms.katalon.core.main.ScriptEngine.run(ScriptEngine.java:194)
	at com.kms.katalon.core.main.ScriptEngine.runScriptAsRawText(ScriptEngine.java:119)
	at com.kms.katalon.core.main.TestCaseExecutor.runScript(TestCaseExecutor.java:337)
	at com.kms.katalon.core.main.TestCaseExecutor.doExecute(TestCaseExecutor.java:328)
	at com.kms.katalon.core.main.TestCaseExecutor.processExecutionPhase(TestCaseExecutor.java:307)
	at com.kms.katalon.core.main.TestCaseExecutor.accessMainPhase(TestCaseExecutor.java:299)
	at com.kms.katalon.core.main.TestCaseExecutor.execute(TestCaseExecutor.java:233)
	at com.kms.katalon.core.main.TestSuiteExecutor.accessTestCaseMainPhase(TestSuiteExecutor.java:169)
	at com.kms.katalon.core.main.TestSuiteExecutor.accessTestSuiteMainPhase(TestSuiteExecutor.java:142)
	at com.kms.katalon.core.main.TestSuiteExecutor.execute(TestSuiteExecutor.java:91)
	at com.kms.katalon.core.main.TestCaseMain.startTestSuite(TestCaseMain.java:157)
	at com.kms.katalon.core.main.TestCaseMain$startTestSuite$0.call(Unknown Source)
	at TempTestSuite1577127624136.run(TempTestSuite1577127624136.groovy:36)
"/>
         <system-out><![CDATA[2019-12-23 13:07:49 - [TEST_CASE][ERROR] - Test Cases/p4p_newReservationDaycare: Test Cases/p4p_newReservationDaycare FAILED.
Reason:
java.lang.NullPointerException: Cannot invoke method createCell() on null object
	at org.apache.poi.ss.usermodel.Row$createCell.call(Unknown Source)
	at p4p_newReservationDaycare.run(p4p_newReservationDaycare:634)
	at com.kms.katalon.core.main.ScriptEngine.run(ScriptEngine.java:194)
	at com.kms.katalon.core.main.ScriptEngine.runScriptAsRawText(ScriptEngine.java:119)
	at com.kms.katalon.core.main.TestCaseExecutor.runScript(TestCaseExecutor.java:337)
	at com.kms.katalon.core.main.TestCaseExecutor.doExecute(TestCaseExecutor.java:328)
	at com.kms.katalon.core.main.TestCaseExecutor.processExecutionPhase(TestCaseExecutor.java:307)
	at com.kms.katalon.core.main.TestCaseExecutor.accessMainPhase(TestCaseExecutor.java:299)
	at com.kms.katalon.core.main.TestCaseExecutor.execute(TestCaseExecutor.java:233)
	at com.kms.katalon.core.main.TestSuiteExecutor.accessTestCaseMainPhase(TestSuiteExecutor.java:169)
	at com.kms.katalon.core.main.TestSuiteExecutor.accessTestSuiteMainPhase(TestSuiteExecutor.java:142)
	at com.kms.katalon.core.main.TestSuiteExecutor.execute(TestSuiteExecutor.java:91)
	at com.kms.katalon.core.main.TestCaseMain.startTestSuite(TestCaseMain.java:157)
	at com.kms.katalon.core.main.TestCaseMain$startTestSuite$0.call(Unknown Source)
	at TempTestSuite1577127624136.run(TempTestSuite1577127624136.groovy:36)


2019-12-23 13:07:49 - [TEST_STEP][PASSED] - openBrowser("https://p4p-qa-bg.aws.paradise4paws.com/login/"): Browser is opened with url: 'https://p4p-qa-bg.aws.paradise4paws.com/login/'

2019-12-23 13:07:49 - [MESSAGE][WARNING] - A browser is already opened. Closing browser and opening a new one

2019-12-23 13:07:49 - [MESSAGE][INFO] - Starting 'Firefox' driver

2019-12-23 13:07:53 - [MESSAGE][PASSED] - Browser is opened with url: 'https://p4p-qa-bg.aws.paradise4paws.com/login/'

2019-12-23 13:07:53 - [TEST_STEP][PASSED] - setText(findTestObject("Object Repository/object_login/input_user"), var_user): Text 'jegchavez@gmail.com' is set on object 'Object Repository/object_login/input_user'

2019-12-23 13:07:54 - [MESSAGE][PASSED] - Text 'jegchavez@gmail.com' is set on object 'Object Repository/object_login/input_user'

2019-12-23 13:07:54 - [TEST_STEP][PASSED] - setText(findTestObject("Object Repository/object_login/input_pass"), var_pass): Text 'admin1' is set on object 'Object Repository/object_login/input_pass'

2019-12-23 13:07:54 - [MESSAGE][PASSED] - Text 'admin1' is set on object 'Object Repository/object_login/input_pass'

2019-12-23 13:07:54 - [TEST_STEP][PASSED] - delay(2): Delayed 2 second(s)

2019-12-23 13:07:56 - [MESSAGE][PASSED] - Delayed 2 second(s)

2019-12-23 13:07:56 - [TEST_STEP][PASSED] - verifyElementClickable(findTestObject("Object Repository/object_login/btn_login")): Object 'Object Repository/object_login/btn_login' is clickable

2019-12-23 13:07:57 - [MESSAGE][PASSED] - Object 'Object Repository/object_login/btn_login' is clickable

2019-12-23 13:07:57 - [TEST_STEP][PASSED] - click(findTestObject("Object Repository/object_login/btn_login")): Object: 'Object Repository/object_login/btn_login' is clicked on

2019-12-23 13:08:04 - [MESSAGE][PASSED] - Object: 'Object Repository/object_login/btn_login' is clicked on

2019-12-23 13:08:04 - [TEST_STEP][PASSED] - delay(2): Delayed 2 second(s)

2019-12-23 13:08:06 - [MESSAGE][PASSED] - Delayed 2 second(s)

2019-12-23 13:08:06 - [TEST_STEP][PASSED] - setText(findTestObject("Object Repository/object_dashboard_emp/input_search"), var_searchParent): Text 'leongarzagarza@hotmail.com' is set on object 'Object Repository/object_dashboard_emp/input_search'

2019-12-23 13:08:06 - [MESSAGE][PASSED] - Text 'leongarzagarza@hotmail.com' is set on object 'Object Repository/object_dashboard_emp/input_search'

2019-12-23 13:08:06 - [TEST_STEP][PASSED] - click(findTestObject("Object Repository/object_dashboard_emp/btn_accountSearch")): Object: 'Object Repository/object_dashboard_emp/btn_accountSearch' is clicked on

2019-12-23 13:08:07 - [MESSAGE][PASSED] - Object: 'Object Repository/object_dashboard_emp/btn_accountSearch' is clicked on

2019-12-23 13:08:07 - [TEST_STEP][PASSED] - delay(2): Delayed 2 second(s)

2019-12-23 13:08:09 - [MESSAGE][PASSED] - Delayed 2 second(s)

2019-12-23 13:08:09 - [TEST_STEP][PASSED] - click(findTestObject("Object Repository/object_accountInformation/a_TEST GABRIEL PROD")): Object: 'Object Repository/object_accountInformation/a_TEST GABRIEL PROD' is clicked on

2019-12-23 13:08:13 - [MESSAGE][PASSED] - Object: 'Object Repository/object_accountInformation/a_TEST GABRIEL PROD' is clicked on

2019-12-23 13:08:13 - [TEST_STEP][PASSED] - delay(2): Delayed 2 second(s)

2019-12-23 13:08:15 - [MESSAGE][PASSED] - Delayed 2 second(s)

2019-12-23 13:08:15 - [TEST_STEP][PASSED] - flagBoar = "0": null

2019-12-23 13:08:15 - [TEST_STEP][PASSED] - log = new com.kms.katalon.core.logging.KeywordLogger(): null

2019-12-23 13:08:15 - [TEST_STEP][PASSED] - fisNewRes = new java.io.FileInputStream(/home/leonardo-arkusmty/Desktop/P4P/DATA_AUTOMATINTESTING/data_1newReservationDaycare.xlsx): null

2019-12-23 13:08:15 - [TEST_STEP][PASSED] - fisCanRes = new java.io.FileInputStream(/home/leonardo-arkusmty/Desktop/P4P/DATA_AUTOMATINTESTING/data_2cancelReservation.xlsx): null

2019-12-23 13:08:15 - [TEST_STEP][PASSED] - workbookNewRes = new org.apache.poi.xssf.usermodel.XSSFWorkbook(fisNewRes): null

2019-12-23 13:08:15 - [TEST_STEP][PASSED] - workbookCanRes = new org.apache.poi.xssf.usermodel.XSSFWorkbook(fisCanRes): null

2019-12-23 13:08:15 - [TEST_STEP][PASSED] - sheetNewRes = workbookNewRes.getSheet("Sheet1"): null

2019-12-23 13:08:15 - [TEST_STEP][PASSED] - sheetCanRes = workbookCanRes.getSheet("Sheet1"): null

2019-12-23 13:08:15 - [TEST_STEP][PASSED] - rowCount = var_row: null

2019-12-23 13:08:15 - [TEST_STEP][PASSED] - var = Integer.parseInt(var_idRowRes): null

2019-12-23 13:08:15 - [TEST_STEP][PASSED] - rowNewRes = sheetNewRes.getRow(var): null

2019-12-23 13:08:15 - [TEST_STEP][PASSED] - rowCanRes = sheetCanRes.getRow(var): null

2019-12-23 13:08:15 - [TEST_STEP][PASSED] - var_url = getUrl(): Current window's url is: 'https://p4p-qa-bg.aws.paradise4paws.com/accounts/profile/#/reservations/122350/'

2019-12-23 13:08:15 - [MESSAGE][PASSED] - Current window's url is: 'https://p4p-qa-bg.aws.paradise4paws.com/accounts/profile/#/reservations/122350/'

2019-12-23 13:08:15 - [TEST_STEP][PASSED] - arrUrl = var_url.split("/"): null

2019-12-23 13:08:15 - [TEST_STEP][PASSED] - idParent = arrUrl[7]: null

2019-12-23 13:08:15 - [TEST_STEP][PASSED] - click(findTestObject("Object Repository/object_profile/a_addReservation")): Object: 'Object Repository/object_profile/a_addReservation' is clicked on

2019-12-23 13:08:18 - [MESSAGE][PASSED] - Object: 'Object Repository/object_profile/a_addReservation' is clicked on

2019-12-23 13:08:18 - [TEST_STEP][PASSED] - delay(2): Delayed 2 second(s)

2019-12-23 13:08:20 - [MESSAGE][PASSED] - Delayed 2 second(s)

2019-12-23 13:08:20 - [TEST_STEP][PASSED] - if (var_typeReserveation == "Boarding"): null

2019-12-23 13:08:20 - [TEST_STEP][PASSED] - else if (var_typeReserveation == "Daycare"): Object: 'Object Repository/object_reservation/btn_Daycare' is clicked on

2019-12-23 13:08:20 - [TEST_STEP][PASSED] - flagBoar = "2": null

2019-12-23 13:08:20 - [TEST_STEP][PASSED] - click(findTestObject("object_reservation/btn_Daycare")): Object: 'Object Repository/object_reservation/btn_Daycare' is clicked on

2019-12-23 13:08:20 - [MESSAGE][PASSED] - Object: 'Object Repository/object_reservation/btn_Daycare' is clicked on

2019-12-23 13:08:20 - [TEST_STEP][PASSED] - click(findTestObject("Object Repository/object_reservation/i_location")): Object: 'Object Repository/object_reservation/i_location' is clicked on

2019-12-23 13:08:23 - [MESSAGE][PASSED] - Object: 'Object Repository/object_reservation/i_location' is clicked on

2019-12-23 13:08:23 - [TEST_STEP][PASSED] - switch (var_idFacility): null

2019-12-23 13:08:23 - [TEST_STEP][PASSED] - dateCI = var_checkinD.split(","): null

2019-12-23 13:08:23 - [TEST_STEP][PASSED] - dateCO = var_checkoutD.split(","): null

2019-12-23 13:08:23 - [TEST_STEP][PASSED] - arryPets = var_pets.split(","): null

2019-12-23 13:08:23 - [TEST_STEP][PASSED] - delay(2): Delayed 2 second(s)

2019-12-23 13:08:25 - [MESSAGE][PASSED] - Delayed 2 second(s)

2019-12-23 13:08:25 - [TEST_STEP][PASSED] - if (var_repeting == "Y"): null

2019-12-23 13:08:25 - [TEST_STEP][PASSED] - click(findTestObject("Object Repository/object_reservation/checkbox_repeating")): Object: 'Object Repository/object_reservation/checkbox_repeating' is clicked on

2019-12-23 13:08:25 - [MESSAGE][PASSED] - Object: 'Object Repository/object_reservation/checkbox_repeating' is clicked on

2019-12-23 13:08:25 - [TEST_STEP][PASSED] - if (var_repeatingEvery == "Weekly"): null

2019-12-23 13:08:25 - [TEST_STEP][PASSED] - click(findTestObject("Object Repository/object_reservation/dateCheckIn")): Object: 'Object Repository/object_reservation/dateCheckIn' is clicked on

2019-12-23 13:08:26 - [MESSAGE][PASSED] - Object: 'Object Repository/object_reservation/dateCheckIn' is clicked on

2019-12-23 13:08:26 - [TEST_STEP][PASSED] - stringCI2020 = "0": null

2019-12-23 13:08:26 - [TEST_STEP][PASSED] - stringCO2020 = "0": null

2019-12-23 13:08:26 - [TEST_STEP][PASSED] - if (dateCI[0] == "16" && dateCI[1] == "01" && dateCI[2] == "2020"): null

2019-12-23 13:08:26 - [TEST_STEP][PASSED] - if (dateCI[0] == "18" && dateCI[1] == "02" && dateCI[2] == "2020"): null

2019-12-23 13:08:26 - [TEST_STEP][PASSED] - if (dateCI[0] == "21" && dateCI[1] == "03" && dateCI[2] == "2020"): null

2019-12-23 13:08:26 - [TEST_STEP][PASSED] - delay(2): Delayed 2 second(s)

2019-12-23 13:08:28 - [MESSAGE][PASSED] - Delayed 2 second(s)

2019-12-23 13:08:28 - [TEST_STEP][PASSED] - if (stringCI2020 == "0"): null

2019-12-23 13:08:28 - [TEST_STEP][PASSED] - switch (dateCI[0]): null

2019-12-23 13:08:28 - [TEST_STEP][PASSED] - case "11":: null

2019-12-23 13:08:28 - [TEST_STEP][PASSED] - click(findTestObject("Object Repository/Page_Paradise 4 Paws  Dog Boarding Cat Boarding Norwalk Pooch Hotel/button_11_ci")): Object: 'Object Repository/Page_Paradise 4 Paws  Dog Boarding Cat Boarding Norwalk Pooch Hotel/button_11_ci' is clicked on

2019-12-23 13:08:29 - [MESSAGE][PASSED] - Object: 'Object Repository/Page_Paradise 4 Paws  Dog Boarding Cat Boarding Norwalk Pooch Hotel/button_11_ci' is clicked on

2019-12-23 13:08:29 - [TEST_STEP][PASSED] - break: null

2019-12-23 13:08:29 - [TEST_STEP][PASSED] - if (flagBoar == "1" || flagBoar == "2" && var_repeatingEvery == "Daily" || flagBoar == "2" && var_repeatingEvery == "Weekly" || flagBoar == "2" && var_repeatingEvery == "Monthly"): null

2019-12-23 13:08:29 - [TEST_STEP][PASSED] - click(findTestObject("Object Repository/object_reservation/dateCheckOut")): Object: 'Object Repository/object_reservation/dateCheckOut' is clicked on

2019-12-23 13:08:30 - [MESSAGE][PASSED] - Object: 'Object Repository/object_reservation/dateCheckOut' is clicked on

2019-12-23 13:08:30 - [TEST_STEP][PASSED] - if (dateCO[0] == "17" && dateCO[1] == "02" && dateCO[2] == "2020"): null

2019-12-23 13:08:30 - [TEST_STEP][PASSED] - if (dateCO[0] == "20" && dateCO[1] == "03" && dateCO[2] == "2020"): null

2019-12-23 13:08:30 - [TEST_STEP][PASSED] - if (dateCO[0] == "24" && dateCO[1] == "04" && dateCO[2] == "2020"): null

2019-12-23 13:08:30 - [TEST_STEP][PASSED] - if (stringCO2020 == "0"): null

2019-12-23 13:08:30 - [TEST_STEP][PASSED] - switch (dateCO[0]): null

2019-12-23 13:08:30 - [TEST_STEP][PASSED] - case "11":: null

2019-12-23 13:08:30 - [TEST_STEP][PASSED] - click(findTestObject("Object Repository/Page_Paradise 4 Paws  Dog Boarding Cat Boarding Norwalk Pooch Hotel/button_11_co")): Object: 'Object Repository/Page_Paradise 4 Paws  Dog Boarding Cat Boarding Norwalk Pooch Hotel/button_11_co' is clicked on

2019-12-23 13:08:30 - [MESSAGE][PASSED] - Object: 'Object Repository/Page_Paradise 4 Paws  Dog Boarding Cat Boarding Norwalk Pooch Hotel/button_11_co' is clicked on

2019-12-23 13:08:30 - [TEST_STEP][PASSED] - break: null

2019-12-23 13:08:30 - [TEST_STEP][NOT_RUN] - click(findTestObject("Object Repository/object_reservationCalendar/CO_close")): NOT_RUN: click(findTestObject("Object Repository/object_reservationCalendar/CO_close"))

2019-12-23 13:08:30 - [MESSAGE][NOT_RUN] - NOT_RUN: click(findTestObject("Object Repository/object_reservationCalendar/CO_close"))

2019-12-23 13:08:30 - [TEST_STEP][PASSED] - click(findTestObject("Object Repository/object_reservation/timeCheckin")): Object: 'Object Repository/object_reservation/timeCheckin' is clicked on

2019-12-23 13:08:31 - [MESSAGE][PASSED] - Object: 'Object Repository/object_reservation/timeCheckin' is clicked on

2019-12-23 13:08:31 - [TEST_STEP][PASSED] - switch (var_checkinT): null

2019-12-23 13:08:31 - [TEST_STEP][PASSED] - case "800":: null

2019-12-23 13:08:31 - [TEST_STEP][PASSED] - click(findTestObject("Object Repository/Page_Paradise 4 Paws  Dog Boarding Cat Boarding Norwalk Pooch Hotel/time_800am_ci")): Object: 'Object Repository/Page_Paradise 4 Paws  Dog Boarding Cat Boarding Norwalk Pooch Hotel/time_800am_ci' is clicked on

2019-12-23 13:08:32 - [MESSAGE][PASSED] - Object: 'Object Repository/Page_Paradise 4 Paws  Dog Boarding Cat Boarding Norwalk Pooch Hotel/time_800am_ci' is clicked on

2019-12-23 13:08:32 - [TEST_STEP][PASSED] - break: null

2019-12-23 13:08:32 - [TEST_STEP][PASSED] - click(findTestObject("Object Repository/object_reservation/timeCheckOut")): Object: 'Object Repository/object_reservation/timeCheckOut' is clicked on

2019-12-23 13:08:32 - [MESSAGE][PASSED] - Object: 'Object Repository/object_reservation/timeCheckOut' is clicked on

2019-12-23 13:08:32 - [TEST_STEP][PASSED] - switch (var_checkoutT): null

2019-12-23 13:08:32 - [TEST_STEP][PASSED] - case "1200":: null

2019-12-23 13:08:32 - [TEST_STEP][PASSED] - click(findTestObject("Object Repository/Page_Paradise 4 Paws  Dog Boarding Cat Boarding Norwalk Pooch Hotel/time_1200pm_co")): Object: 'Object Repository/Page_Paradise 4 Paws  Dog Boarding Cat Boarding Norwalk Pooch Hotel/time_1200pm_co' is clicked on

2019-12-23 13:08:33 - [MESSAGE][PASSED] - Object: 'Object Repository/Page_Paradise 4 Paws  Dog Boarding Cat Boarding Norwalk Pooch Hotel/time_1200pm_co' is clicked on

2019-12-23 13:08:33 - [TEST_STEP][PASSED] - break: null

2019-12-23 13:08:33 - [TEST_STEP][PASSED] - delay(2): Delayed 2 second(s)

2019-12-23 13:08:35 - [MESSAGE][PASSED] - Delayed 2 second(s)

2019-12-23 13:08:35 - [TEST_STEP][PASSED] - if (arryPets.size() == 1): null

2019-12-23 13:08:35 - [TEST_STEP][PASSED] - else if (arryPets.size() == 2): Object: 'Object Repository/object_reservation/div_Zeus' is clicked on

2019-12-23 13:08:35 - [TEST_STEP][PASSED] - click(findTestObject("object_reservation/Page_Paradise 4 Paws  Dog Boarding Cat Boarding Norwalk Pooch Hotel/div_Ares")): Object: 'Object Repository/object_reservation/Page_Paradise 4 Paws  Dog Boarding Cat Boarding Norwalk Pooch Hotel/div_Ares' is clicked on

2019-12-23 13:08:36 - [MESSAGE][PASSED] - Object: 'Object Repository/object_reservation/Page_Paradise 4 Paws  Dog Boarding Cat Boarding Norwalk Pooch Hotel/div_Ares' is clicked on

2019-12-23 13:08:36 - [TEST_STEP][PASSED] - click(findTestObject("object_reservation/div_Zeus")): Object: 'Object Repository/object_reservation/div_Zeus' is clicked on

2019-12-23 13:08:41 - [MESSAGE][PASSED] - Object: 'Object Repository/object_reservation/div_Zeus' is clicked on

2019-12-23 13:08:41 - [TEST_STEP][NOT_RUN] - click(findTestObject("object_reservations/i_Day_fa fa-circle-o ng-scope")): NOT_RUN: click(findTestObject("object_reservations/i_Day_fa fa-circle-o ng-scope"))

2019-12-23 13:08:41 - [MESSAGE][NOT_RUN] - NOT_RUN: click(findTestObject("object_reservations/i_Day_fa fa-circle-o ng-scope"))

2019-12-23 13:08:41 - [TEST_STEP][PASSED] - if (flagBoar == "1" || flagBoar == "2"): Object: 'Object Repository/object_reservation/div_suite_rad_deluxe' is clicked on

2019-12-23 13:08:41 - [TEST_STEP][PASSED] - click(findTestObject("Object Repository/object_reservation/div_suite_rad_deluxe")): Object: 'Object Repository/object_reservation/div_suite_rad_deluxe' is clicked on

2019-12-23 13:08:45 - [MESSAGE][PASSED] - Object: 'Object Repository/object_reservation/div_suite_rad_deluxe' is clicked on

2019-12-23 13:08:45 - [TEST_STEP][PASSED] - click(findTestObject("Object Repository/object_reservation/btn_next2")): Object: 'Object Repository/object_reservation/btn_next2' is clicked on

2019-12-23 13:08:47 - [MESSAGE][PASSED] - Object: 'Object Repository/object_reservation/btn_next2' is clicked on

2019-12-23 13:08:47 - [TEST_STEP][PASSED] - delay(3): Delayed 3 second(s)

2019-12-23 13:08:50 - [MESSAGE][PASSED] - Delayed 3 second(s)

2019-12-23 13:08:50 - [TEST_STEP][PASSED] - if (flagBoar == "1"): null

2019-12-23 13:08:50 - [TEST_STEP][PASSED] - delay(2): Delayed 2 second(s)

2019-12-23 13:08:52 - [MESSAGE][PASSED] - Delayed 2 second(s)

2019-12-23 13:08:52 - [TEST_STEP][PASSED] - click(findTestObject("Object Repository/object_reservation/btn_next2")): Object: 'Object Repository/object_reservation/btn_next2' is clicked on

2019-12-23 13:08:53 - [MESSAGE][PASSED] - Object: 'Object Repository/object_reservation/btn_next2' is clicked on

2019-12-23 13:08:53 - [TEST_STEP][PASSED] - click(findTestObject("Object Repository/object_reservation/button_Submit Reservation")): Object: 'Object Repository/object_reservation/button_Submit Reservation' is clicked on

2019-12-23 13:08:55 - [MESSAGE][PASSED] - Object: 'Object Repository/object_reservation/button_Submit Reservation' is clicked on

2019-12-23 13:08:55 - [TEST_STEP][PASSED] - delay(2): Delayed 2 second(s)

2019-12-23 13:08:57 - [MESSAGE][PASSED] - Delayed 2 second(s)

2019-12-23 13:08:57 - [TEST_STEP][PASSED] - if (flagBoar == "2" && var_repeatingEvery == "Daily" || var_repeatingEvery == "Monthly" || var_repeatingEvery == "Weekly"): Delayed 8 second(s)

2019-12-23 13:08:57 - [TEST_STEP][PASSED] - click(findTestObject("Object Repository/object_reservation/Page_Paradise 4 Paws  Dog Boarding Cat Boar_cfde7f/button_Ok")): Object: 'Object Repository/object_reservation/Page_Paradise 4 Paws  Dog Boarding Cat Boar_cfde7f/button_Ok' is clicked on

2019-12-23 13:08:58 - [MESSAGE][PASSED] - Object: 'Object Repository/object_reservation/Page_Paradise 4 Paws  Dog Boarding Cat Boar_cfde7f/button_Ok' is clicked on

2019-12-23 13:08:58 - [TEST_STEP][PASSED] - delay(8): Delayed 8 second(s)

2019-12-23 13:09:06 - [MESSAGE][PASSED] - Delayed 8 second(s)

2019-12-23 13:09:06 - [TEST_STEP][PASSED] - delay(2): Delayed 2 second(s)

2019-12-23 13:09:08 - [MESSAGE][PASSED] - Delayed 2 second(s)

2019-12-23 13:09:08 - [TEST_STEP][FAILED] - try: Unable to click on object 'Object Repository/object_reservation/button_Return To Reservation' (Root cause: com.kms.katalon.core.exception.StepFailedException: Unable to click on object 'Object Repository/object_reservation/button_Return To Reservation'
	at com.kms.katalon.core.webui.keyword.internal.WebUIKeywordMain.stepFailed(WebUIKeywordMain.groovy:64)
	at com.kms.katalon.core.webui.keyword.internal.WebUIKeywordMain.runKeyword(WebUIKeywordMain.groovy:26)
	at com.kms.katalon.core.webui.keyword.builtin.ClickKeyword.click(ClickKeyword.groovy:99)
	at com.kms.katalon.core.webui.keyword.builtin.ClickKeyword.execute(ClickKeyword.groovy:43)
	at com.kms.katalon.core.keyword.internal.KeywordExecutor.executeKeywordForPlatform(KeywordExecutor.groovy:60)
	at com.kms.katalon.core.webui.keyword.WebUiBuiltInKeywords.click(WebUiBuiltInKeywords.groovy:616)
	at com.kms.katalon.core.webui.keyword.WebUiBuiltInKeywords$click$2.call(Unknown Source)
	at p4p_newReservationDaycare.run(p4p_newReservationDaycare:612)
	at com.kms.katalon.core.main.ScriptEngine.run(ScriptEngine.java:194)
	at com.kms.katalon.core.main.ScriptEngine.runScriptAsRawText(ScriptEngine.java:119)
	at com.kms.katalon.core.main.TestCaseExecutor.runScript(TestCaseExecutor.java:337)
	at com.kms.katalon.core.main.TestCaseExecutor.doExecute(TestCaseExecutor.java:328)
	at com.kms.katalon.core.main.TestCaseExecutor.processExecutionPhase(TestCaseExecutor.java:307)
	at com.kms.katalon.core.main.TestCaseExecutor.accessMainPhase(TestCaseExecutor.java:299)
	at com.kms.katalon.core.main.TestCaseExecutor.execute(TestCaseExecutor.java:233)
	at com.kms.katalon.core.main.TestSuiteExecutor.accessTestCaseMainPhase(TestSuiteExecutor.java:169)
	at com.kms.katalon.core.main.TestSuiteExecutor.accessTestSuiteMainPhase(TestSuiteExecutor.java:142)
	at com.kms.katalon.core.main.TestSuiteExecutor.execute(TestSuiteExecutor.java:91)
	at com.kms.katalon.core.main.TestCaseMain.startTestSuite(TestCaseMain.java:157)
	at com.kms.katalon.core.main.TestCaseMain$startTestSuite$0.call(Unknown Source)
	at TempTestSuite1577127624136.run(TempTestSuite1577127624136.groovy:36)
Caused by: com.kms.katalon.core.webui.exception.WebElementNotFoundException: Web element with id: 'Object Repository/object_reservation/button_Return To Reservation' located by 'By.xpath: (//button[@type='button'])[13]' not found
	at com.kms.katalon.core.webui.common.WebUiCommonHelper.findWebElement(WebUiCommonHelper.java:1113)
	at com.kms.katalon.core.webui.keyword.internal.WebUIAbstractKeyword.findWebElement(WebUIAbstractKeyword.groovy:27)
	at com.kms.katalon.core.webui.keyword.internal.WebUIAbstractKeyword.findWebElement(WebUIAbstractKeyword.groovy:26)
	at com.kms.katalon.core.webui.keyword.builtin.ClickKeyword$_click_closure1.doCall(ClickKeyword.groovy:68)
	at com.kms.katalon.core.webui.keyword.builtin.ClickKeyword$_click_closure1.call(ClickKeyword.groovy)
	at com.kms.katalon.core.webui.keyword.internal.WebUIKeywordMain.runKeyword(WebUIKeywordMain.groovy:20)
	at com.kms.katalon.core.webui.keyword.builtin.ClickKeyword.click(ClickKeyword.groovy:99)
	at com.kms.katalon.core.webui.keyword.builtin.ClickKeyword.execute(ClickKeyword.groovy:43)
	at com.kms.katalon.core.keyword.internal.KeywordExecutor.executeKeywordForPlatform(KeywordExecutor.groovy:60)
	at com.kms.katalon.core.webui.keyword.WebUiBuiltInKeywords.click(WebUiBuiltInKeywords.groovy:616)
	at com.kms.katalon.core.webui.keyword.WebUiBuiltInKeywords$click$2.call(Unknown Source)
	at Script1576482965057.run(Script1576482965057.groovy:612)
	... 13 more
)

2019-12-23 13:09:08 - [TEST_STEP][FAILED] - click(findTestObject("Object Repository/object_reservation/button_Return To Reservation")): Unable to click on object 'Object Repository/object_reservation/button_Return To Reservation' (Root cause: com.kms.katalon.core.exception.StepFailedException: Unable to click on object 'Object Repository/object_reservation/button_Return To Reservation'
	at com.kms.katalon.core.webui.keyword.internal.WebUIKeywordMain.stepFailed(WebUIKeywordMain.groovy:64)
	at com.kms.katalon.core.webui.keyword.internal.WebUIKeywordMain.runKeyword(WebUIKeywordMain.groovy:26)
	at com.kms.katalon.core.webui.keyword.builtin.ClickKeyword.click(ClickKeyword.groovy:99)
	at com.kms.katalon.core.webui.keyword.builtin.ClickKeyword.execute(ClickKeyword.groovy:43)
	at com.kms.katalon.core.keyword.internal.KeywordExecutor.executeKeywordForPlatform(KeywordExecutor.groovy:60)
	at com.kms.katalon.core.webui.keyword.WebUiBuiltInKeywords.click(WebUiBuiltInKeywords.groovy:616)
	at com.kms.katalon.core.webui.keyword.WebUiBuiltInKeywords$click$2.call(Unknown Source)
	at p4p_newReservationDaycare.run(p4p_newReservationDaycare:612)
	at com.kms.katalon.core.main.ScriptEngine.run(ScriptEngine.java:194)
	at com.kms.katalon.core.main.ScriptEngine.runScriptAsRawText(ScriptEngine.java:119)
	at com.kms.katalon.core.main.TestCaseExecutor.runScript(TestCaseExecutor.java:337)
	at com.kms.katalon.core.main.TestCaseExecutor.doExecute(TestCaseExecutor.java:328)
	at com.kms.katalon.core.main.TestCaseExecutor.processExecutionPhase(TestCaseExecutor.java:307)
	at com.kms.katalon.core.main.TestCaseExecutor.accessMainPhase(TestCaseExecutor.java:299)
	at com.kms.katalon.core.main.TestCaseExecutor.execute(TestCaseExecutor.java:233)
	at com.kms.katalon.core.main.TestSuiteExecutor.accessTestCaseMainPhase(TestSuiteExecutor.java:169)
	at com.kms.katalon.core.main.TestSuiteExecutor.accessTestSuiteMainPhase(TestSuiteExecutor.java:142)
	at com.kms.katalon.core.main.TestSuiteExecutor.execute(TestSuiteExecutor.java:91)
	at com.kms.katalon.core.main.TestCaseMain.startTestSuite(TestCaseMain.java:157)
	at com.kms.katalon.core.main.TestCaseMain$startTestSuite$0.call(Unknown Source)
	at TempTestSuite1577127624136.run(TempTestSuite1577127624136.groovy:36)
Caused by: com.kms.katalon.core.webui.exception.WebElementNotFoundException: Web element with id: 'Object Repository/object_reservation/button_Return To Reservation' located by 'By.xpath: (//button[@type='button'])[13]' not found
	at com.kms.katalon.core.webui.common.WebUiCommonHelper.findWebElement(WebUiCommonHelper.java:1113)
	at com.kms.katalon.core.webui.keyword.internal.WebUIAbstractKeyword.findWebElement(WebUIAbstractKeyword.groovy:27)
	at com.kms.katalon.core.webui.keyword.internal.WebUIAbstractKeyword.findWebElement(WebUIAbstractKeyword.groovy:26)
	at com.kms.katalon.core.webui.keyword.builtin.ClickKeyword$_click_closure1.doCall(ClickKeyword.groovy:68)
	at com.kms.katalon.core.webui.keyword.builtin.ClickKeyword$_click_closure1.call(ClickKeyword.groovy)
	at com.kms.katalon.core.webui.keyword.internal.WebUIKeywordMain.runKeyword(WebUIKeywordMain.groovy:20)
	at com.kms.katalon.core.webui.keyword.builtin.ClickKeyword.click(ClickKeyword.groovy:99)
	at com.kms.katalon.core.webui.keyword.builtin.ClickKeyword.execute(ClickKeyword.groovy:43)
	at com.kms.katalon.core.keyword.internal.KeywordExecutor.executeKeywordForPlatform(KeywordExecutor.groovy:60)
	at com.kms.katalon.core.webui.keyword.WebUiBuiltInKeywords.click(WebUiBuiltInKeywords.groovy:616)
	at com.kms.katalon.core.webui.keyword.WebUiBuiltInKeywords$click$2.call(Unknown Source)
	at Script1576482965057.run(Script1576482965057.groovy:612)
	... 13 more
)

2019-12-23 13:09:51 - [MESSAGE][INFO] - Unable to find the element located by 'By.xpath: (//button[@type='button'])[13]'. Please recheck the objects properties to make sure the desired element is located. 

2019-12-23 13:09:52 - [MESSAGE][FAILED] - Unable to click on object 'Object Repository/object_reservation/button_Return To Reservation' (Root cause: com.kms.katalon.core.exception.StepFailedException: Unable to click on object 'Object Repository/object_reservation/button_Return To Reservation'
	at com.kms.katalon.core.webui.keyword.internal.WebUIKeywordMain.stepFailed(WebUIKeywordMain.groovy:64)
	at com.kms.katalon.core.webui.keyword.internal.WebUIKeywordMain.runKeyword(WebUIKeywordMain.groovy:26)
	at com.kms.katalon.core.webui.keyword.builtin.ClickKeyword.click(ClickKeyword.groovy:99)
	at com.kms.katalon.core.webui.keyword.builtin.ClickKeyword.execute(ClickKeyword.groovy:43)
	at com.kms.katalon.core.keyword.internal.KeywordExecutor.executeKeywordForPlatform(KeywordExecutor.groovy:60)
	at com.kms.katalon.core.webui.keyword.WebUiBuiltInKeywords.click(WebUiBuiltInKeywords.groovy:616)
	at com.kms.katalon.core.webui.keyword.WebUiBuiltInKeywords$click$2.call(Unknown Source)
	at p4p_newReservationDaycare.run(p4p_newReservationDaycare:612)
	at com.kms.katalon.core.main.ScriptEngine.run(ScriptEngine.java:194)
	at com.kms.katalon.core.main.ScriptEngine.runScriptAsRawText(ScriptEngine.java:119)
	at com.kms.katalon.core.main.TestCaseExecutor.runScript(TestCaseExecutor.java:337)
	at com.kms.katalon.core.main.TestCaseExecutor.doExecute(TestCaseExecutor.java:328)
	at com.kms.katalon.core.main.TestCaseExecutor.processExecutionPhase(TestCaseExecutor.java:307)
	at com.kms.katalon.core.main.TestCaseExecutor.accessMainPhase(TestCaseExecutor.java:299)
	at com.kms.katalon.core.main.TestCaseExecutor.execute(TestCaseExecutor.java:233)
	at com.kms.katalon.core.main.TestSuiteExecutor.accessTestCaseMainPhase(TestSuiteExecutor.java:169)
	at com.kms.katalon.core.main.TestSuiteExecutor.accessTestSuiteMainPhase(TestSuiteExecutor.java:142)
	at com.kms.katalon.core.main.TestSuiteExecutor.execute(TestSuiteExecutor.java:91)
	at com.kms.katalon.core.main.TestCaseMain.startTestSuite(TestCaseMain.java:157)
	at com.kms.katalon.core.main.TestCaseMain$startTestSuite$0.call(Unknown Source)
	at TempTestSuite1577127624136.run(TempTestSuite1577127624136.groovy:36)
Caused by: com.kms.katalon.core.webui.exception.WebElementNotFoundException: Web element with id: 'Object Repository/object_reservation/button_Return To Reservation' located by 'By.xpath: (//button[@type='button'])[13]' not found
	at com.kms.katalon.core.webui.common.WebUiCommonHelper.findWebElement(WebUiCommonHelper.java:1113)
	at com.kms.katalon.core.webui.keyword.internal.WebUIAbstractKeyword.findWebElement(WebUIAbstractKeyword.groovy:27)
	at com.kms.katalon.core.webui.keyword.internal.WebUIAbstractKeyword.findWebElement(WebUIAbstractKeyword.groovy:26)
	at com.kms.katalon.core.webui.keyword.builtin.ClickKeyword$_click_closure1.doCall(ClickKeyword.groovy:68)
	at com.kms.katalon.core.webui.keyword.builtin.ClickKeyword$_click_closure1.call(ClickKeyword.groovy)
	at com.kms.katalon.core.webui.keyword.internal.WebUIKeywordMain.runKeyword(WebUIKeywordMain.groovy:20)
	at com.kms.katalon.core.webui.keyword.builtin.ClickKeyword.click(ClickKeyword.groovy:99)
	at com.kms.katalon.core.webui.keyword.builtin.ClickKeyword.execute(ClickKeyword.groovy:43)
	at com.kms.katalon.core.keyword.internal.KeywordExecutor.executeKeywordForPlatform(KeywordExecutor.groovy:60)
	at com.kms.katalon.core.webui.keyword.WebUiBuiltInKeywords.click(WebUiBuiltInKeywords.groovy:616)
	at com.kms.katalon.core.webui.keyword.WebUiBuiltInKeywords$click$2.call(Unknown Source)
	at Script1576482965057.run(Script1576482965057.groovy:612)
	... 13 more
)
[[ATTACHMENT|/home/leonardo-arkusmty/Documents/workspaceKatalon/p4ptest/Reports/20191223_130024/ts_newReservationDaycare/20191223_130024/1577128191934.png]]

2019-12-23 13:09:52 - [TEST_STEP][PASSED] - catch (Exception e): null

2019-12-23 13:09:52 - [TEST_STEP][PASSED] - e.printStackTrace(): null

2019-12-23 13:09:52 - [TEST_STEP][PASSED] - log.logInfo("ERROR EXCEPCION"): ERROR EXCEPCION

2019-12-23 13:09:52 - [MESSAGE][INFO] - ERROR EXCEPCION

2019-12-23 13:09:52 - [TEST_STEP][PASSED] - cell1Err = rowNewRes.createCell(16, 0): null

2019-12-23 13:09:52 - [TEST_STEP][PASSED] - cell2Err = rowNewRes.createCell(18, 0): null

2019-12-23 13:09:52 - [TEST_STEP][PASSED] - cell1Err.setCellType(CELL_TYPE_STRING): null

2019-12-23 13:09:52 - [TEST_STEP][PASSED] - cell1Err.setCellValue("Error"): null

2019-12-23 13:09:52 - [TEST_STEP][PASSED] - cell2Err.setCellType(CELL_TYPE_STRING): null

2019-12-23 13:09:52 - [TEST_STEP][PASSED] - cell2Err.setCellValue("Reservacion existente"): null

2019-12-23 13:09:52 - [TEST_STEP][PASSED] - fos = new java.io.FileOutputStream(/home/leonardo-arkusmty/Desktop/P4P/DATA_AUTOMATINTESTING/data_1newReservationDaycare.xlsx): null

2019-12-23 13:09:52 - [TEST_STEP][PASSED] - workbookNewRes.write(fos): null

2019-12-23 13:09:52 - [TEST_STEP][PASSED] - fos.close(): null

2019-12-23 13:09:52 - [TEST_STEP][PASSED] - delay(1): Delayed 1 second(s)

2019-12-23 13:09:53 - [MESSAGE][PASSED] - Delayed 1 second(s)

2019-12-23 13:09:53 - [TEST_STEP][PASSED] - cellCan = rowCanRes.createCell(5, 0): null]]></system-out>
         <system-err><![CDATA[2019-12-23 13:07:49 - [TEST_CASE][ERROR] - Test Cases/p4p_newReservationDaycare: Test Cases/p4p_newReservationDaycare FAILED.
Reason:
java.lang.NullPointerException: Cannot invoke method createCell() on null object
	at org.apache.poi.ss.usermodel.Row$createCell.call(Unknown Source)
	at p4p_newReservationDaycare.run(p4p_newReservationDaycare:634)
	at com.kms.katalon.core.main.ScriptEngine.run(ScriptEngine.java:194)
	at com.kms.katalon.core.main.ScriptEngine.runScriptAsRawText(ScriptEngine.java:119)
	at com.kms.katalon.core.main.TestCaseExecutor.runScript(TestCaseExecutor.java:337)
	at com.kms.katalon.core.main.TestCaseExecutor.doExecute(TestCaseExecutor.java:328)
	at com.kms.katalon.core.main.TestCaseExecutor.processExecutionPhase(TestCaseExecutor.java:307)
	at com.kms.katalon.core.main.TestCaseExecutor.accessMainPhase(TestCaseExecutor.java:299)
	at com.kms.katalon.core.main.TestCaseExecutor.execute(TestCaseExecutor.java:233)
	at com.kms.katalon.core.main.TestSuiteExecutor.accessTestCaseMainPhase(TestSuiteExecutor.java:169)
	at com.kms.katalon.core.main.TestSuiteExecutor.accessTestSuiteMainPhase(TestSuiteExecutor.java:142)
	at com.kms.katalon.core.main.TestSuiteExecutor.execute(TestSuiteExecutor.java:91)
	at com.kms.katalon.core.main.TestCaseMain.startTestSuite(TestCaseMain.java:157)
	at com.kms.katalon.core.main.TestCaseMain$startTestSuite$0.call(Unknown Source)
	at TempTestSuite1577127624136.run(TempTestSuite1577127624136.groovy:36)]]></system-err>
      </testcase>
      <testcase name="Test Cases/p4p_newReservationDaycare" time="213.082" classname="Test Cases/p4p_newReservationDaycare" status="FAILED">
         <failure type="FAILED" message="Test Cases/p4p_newReservationDaycare FAILED.
Reason:
com.kms.katalon.core.exception.StepFailedException: Unable to get text of object 'Object Repository/object_reservation/Page_Paradise 4 Paws  Dog Boarding Cat Boar_35fe2b/span_( BK )'
	at com.kms.katalon.core.webui.keyword.internal.WebUIKeywordMain.stepFailed(WebUIKeywordMain.groovy:64)
	at com.kms.katalon.core.webui.keyword.internal.WebUIKeywordMain.runKeyword(WebUIKeywordMain.groovy:26)
	at com.kms.katalon.core.webui.keyword.builtin.GetTextKeyword.getText(GetTextKeyword.groovy:88)
	at com.kms.katalon.core.webui.keyword.builtin.GetTextKeyword.execute(GetTextKeyword.groovy:67)
	at com.kms.katalon.core.keyword.internal.KeywordExecutor.executeKeywordForPlatform(KeywordExecutor.groovy:60)
	at com.kms.katalon.core.webui.keyword.WebUiBuiltInKeywords.getText(WebUiBuiltInKeywords.groovy:888)
	at com.kms.katalon.core.webui.keyword.WebUiBuiltInKeywords$getText$4.call(Unknown Source)
	at p4p_newReservationDaycare.run(p4p_newReservationDaycare:649)
	at com.kms.katalon.core.main.ScriptEngine.run(ScriptEngine.java:194)
	at com.kms.katalon.core.main.ScriptEngine.runScriptAsRawText(ScriptEngine.java:119)
	at com.kms.katalon.core.main.TestCaseExecutor.runScript(TestCaseExecutor.java:337)
	at com.kms.katalon.core.main.TestCaseExecutor.doExecute(TestCaseExecutor.java:328)
	at com.kms.katalon.core.main.TestCaseExecutor.processExecutionPhase(TestCaseExecutor.java:307)
	at com.kms.katalon.core.main.TestCaseExecutor.accessMainPhase(TestCaseExecutor.java:299)
	at com.kms.katalon.core.main.TestCaseExecutor.execute(TestCaseExecutor.java:233)
	at com.kms.katalon.core.main.TestSuiteExecutor.accessTestCaseMainPhase(TestSuiteExecutor.java:169)
	at com.kms.katalon.core.main.TestSuiteExecutor.accessTestSuiteMainPhase(TestSuiteExecutor.java:142)
	at com.kms.katalon.core.main.TestSuiteExecutor.execute(TestSuiteExecutor.java:91)
	at com.kms.katalon.core.main.TestCaseMain.startTestSuite(TestCaseMain.java:157)
	at com.kms.katalon.core.main.TestCaseMain$startTestSuite$0.call(Unknown Source)
	at TempTestSuite1577127624136.run(TempTestSuite1577127624136.groovy:36)
Caused by: com.kms.katalon.core.webui.exception.WebElementNotFoundException: Web element with id: 'Object Repository/object_reservation/Page_Paradise 4 Paws  Dog Boarding Cat Boar_35fe2b/span_( BK )' located by 'By.xpath: //div[@id='wrapper']/div/div/div/div/div/div/ul/li[4]/a/tab-heading/span' not found
	at com.kms.katalon.core.webui.common.WebUiCommonHelper.findWebElement(WebUiCommonHelper.java:1113)
	at com.kms.katalon.core.webui.keyword.internal.WebUIAbstractKeyword.findWebElement(WebUIAbstractKeyword.groovy:27)
	at com.kms.katalon.core.webui.keyword.internal.WebUIAbstractKeyword.findWebElement(WebUIAbstractKeyword.groovy:26)
	at com.kms.katalon.core.webui.keyword.builtin.GetTextKeyword$_getText_closure1.doCall(GetTextKeyword.groovy:78)
	at com.kms.katalon.core.webui.keyword.builtin.GetTextKeyword$_getText_closure1.call(GetTextKeyword.groovy)
	at com.kms.katalon.core.webui.keyword.internal.WebUIKeywordMain.runKeyword(WebUIKeywordMain.groovy:20)
	... 19 more
"/>
         <system-out><![CDATA[2019-12-23 13:09:53 - [TEST_CASE][FAILED] - Test Cases/p4p_newReservationDaycare: Test Cases/p4p_newReservationDaycare FAILED.
Reason:
com.kms.katalon.core.exception.StepFailedException: Unable to get text of object 'Object Repository/object_reservation/Page_Paradise 4 Paws  Dog Boarding Cat Boar_35fe2b/span_( BK )'
	at com.kms.katalon.core.webui.keyword.internal.WebUIKeywordMain.stepFailed(WebUIKeywordMain.groovy:64)
	at com.kms.katalon.core.webui.keyword.internal.WebUIKeywordMain.runKeyword(WebUIKeywordMain.groovy:26)
	at com.kms.katalon.core.webui.keyword.builtin.GetTextKeyword.getText(GetTextKeyword.groovy:88)
	at com.kms.katalon.core.webui.keyword.builtin.GetTextKeyword.execute(GetTextKeyword.groovy:67)
	at com.kms.katalon.core.keyword.internal.KeywordExecutor.executeKeywordForPlatform(KeywordExecutor.groovy:60)
	at com.kms.katalon.core.webui.keyword.WebUiBuiltInKeywords.getText(WebUiBuiltInKeywords.groovy:888)
	at com.kms.katalon.core.webui.keyword.WebUiBuiltInKeywords$getText$4.call(Unknown Source)
	at p4p_newReservationDaycare.run(p4p_newReservationDaycare:649)
	at com.kms.katalon.core.main.ScriptEngine.run(ScriptEngine.java:194)
	at com.kms.katalon.core.main.ScriptEngine.runScriptAsRawText(ScriptEngine.java:119)
	at com.kms.katalon.core.main.TestCaseExecutor.runScript(TestCaseExecutor.java:337)
	at com.kms.katalon.core.main.TestCaseExecutor.doExecute(TestCaseExecutor.java:328)
	at com.kms.katalon.core.main.TestCaseExecutor.processExecutionPhase(TestCaseExecutor.java:307)
	at com.kms.katalon.core.main.TestCaseExecutor.accessMainPhase(TestCaseExecutor.java:299)
	at com.kms.katalon.core.main.TestCaseExecutor.execute(TestCaseExecutor.java:233)
	at com.kms.katalon.core.main.TestSuiteExecutor.accessTestCaseMainPhase(TestSuiteExecutor.java:169)
	at com.kms.katalon.core.main.TestSuiteExecutor.accessTestSuiteMainPhase(TestSuiteExecutor.java:142)
	at com.kms.katalon.core.main.TestSuiteExecutor.execute(TestSuiteExecutor.java:91)
	at com.kms.katalon.core.main.TestCaseMain.startTestSuite(TestCaseMain.java:157)
	at com.kms.katalon.core.main.TestCaseMain$startTestSuite$0.call(Unknown Source)
	at TempTestSuite1577127624136.run(TempTestSuite1577127624136.groovy:36)
Caused by: com.kms.katalon.core.webui.exception.WebElementNotFoundException: Web element with id: 'Object Repository/object_reservation/Page_Paradise 4 Paws  Dog Boarding Cat Boar_35fe2b/span_( BK )' located by 'By.xpath: //div[@id='wrapper']/div/div/div/div/div/div/ul/li[4]/a/tab-heading/span' not found
	at com.kms.katalon.core.webui.common.WebUiCommonHelper.findWebElement(WebUiCommonHelper.java:1113)
	at com.kms.katalon.core.webui.keyword.internal.WebUIAbstractKeyword.findWebElement(WebUIAbstractKeyword.groovy:27)
	at com.kms.katalon.core.webui.keyword.internal.WebUIAbstractKeyword.findWebElement(WebUIAbstractKeyword.groovy:26)
	at com.kms.katalon.core.webui.keyword.builtin.GetTextKeyword$_getText_closure1.doCall(GetTextKeyword.groovy:78)
	at com.kms.katalon.core.webui.keyword.builtin.GetTextKeyword$_getText_closure1.call(GetTextKeyword.groovy)
	at com.kms.katalon.core.webui.keyword.internal.WebUIKeywordMain.runKeyword(WebUIKeywordMain.groovy:20)
	... 19 more


2019-12-23 13:09:53 - [TEST_STEP][PASSED] - openBrowser("https://p4p-qa-bg.aws.paradise4paws.com/login/"): Browser is opened with url: 'https://p4p-qa-bg.aws.paradise4paws.com/login/'

2019-12-23 13:09:53 - [MESSAGE][WARNING] - A browser is already opened. Closing browser and opening a new one

2019-12-23 13:09:53 - [MESSAGE][INFO] - Starting 'Firefox' driver

2019-12-23 13:09:57 - [MESSAGE][PASSED] - Browser is opened with url: 'https://p4p-qa-bg.aws.paradise4paws.com/login/'

2019-12-23 13:09:57 - [TEST_STEP][PASSED] - setText(findTestObject("Object Repository/object_login/input_user"), var_user): Text 'jegchavez@gmail.com' is set on object 'Object Repository/object_login/input_user'

2019-12-23 13:09:58 - [MESSAGE][PASSED] - Text 'jegchavez@gmail.com' is set on object 'Object Repository/object_login/input_user'

2019-12-23 13:09:58 - [TEST_STEP][PASSED] - setText(findTestObject("Object Repository/object_login/input_pass"), var_pass): Text 'admin1' is set on object 'Object Repository/object_login/input_pass'

2019-12-23 13:09:59 - [MESSAGE][PASSED] - Text 'admin1' is set on object 'Object Repository/object_login/input_pass'

2019-12-23 13:09:59 - [TEST_STEP][PASSED] - delay(2): Delayed 2 second(s)

2019-12-23 13:10:01 - [MESSAGE][PASSED] - Delayed 2 second(s)

2019-12-23 13:10:01 - [TEST_STEP][PASSED] - verifyElementClickable(findTestObject("Object Repository/object_login/btn_login")): Object 'Object Repository/object_login/btn_login' is clickable

2019-12-23 13:10:01 - [MESSAGE][PASSED] - Object 'Object Repository/object_login/btn_login' is clickable

2019-12-23 13:10:01 - [TEST_STEP][PASSED] - click(findTestObject("Object Repository/object_login/btn_login")): Object: 'Object Repository/object_login/btn_login' is clicked on

2019-12-23 13:10:05 - [MESSAGE][PASSED] - Object: 'Object Repository/object_login/btn_login' is clicked on

2019-12-23 13:10:05 - [TEST_STEP][PASSED] - delay(2): Delayed 2 second(s)

2019-12-23 13:10:07 - [MESSAGE][PASSED] - Delayed 2 second(s)

2019-12-23 13:10:07 - [TEST_STEP][PASSED] - setText(findTestObject("Object Repository/object_dashboard_emp/input_search"), var_searchParent): Text 'leongarzagarza@hotmail.com' is set on object 'Object Repository/object_dashboard_emp/input_search'

2019-12-23 13:10:07 - [MESSAGE][PASSED] - Text 'leongarzagarza@hotmail.com' is set on object 'Object Repository/object_dashboard_emp/input_search'

2019-12-23 13:10:07 - [TEST_STEP][PASSED] - click(findTestObject("Object Repository/object_dashboard_emp/btn_accountSearch")): Object: 'Object Repository/object_dashboard_emp/btn_accountSearch' is clicked on

2019-12-23 13:10:08 - [MESSAGE][PASSED] - Object: 'Object Repository/object_dashboard_emp/btn_accountSearch' is clicked on

2019-12-23 13:10:08 - [TEST_STEP][PASSED] - delay(2): Delayed 2 second(s)

2019-12-23 13:10:10 - [MESSAGE][PASSED] - Delayed 2 second(s)

2019-12-23 13:10:10 - [TEST_STEP][PASSED] - click(findTestObject("Object Repository/object_accountInformation/a_TEST GABRIEL PROD")): Object: 'Object Repository/object_accountInformation/a_TEST GABRIEL PROD' is clicked on

2019-12-23 13:10:15 - [MESSAGE][PASSED] - Object: 'Object Repository/object_accountInformation/a_TEST GABRIEL PROD' is clicked on

2019-12-23 13:10:15 - [TEST_STEP][PASSED] - delay(2): Delayed 2 second(s)

2019-12-23 13:10:17 - [MESSAGE][PASSED] - Delayed 2 second(s)

2019-12-23 13:10:17 - [TEST_STEP][PASSED] - flagBoar = "0": null

2019-12-23 13:10:17 - [TEST_STEP][PASSED] - log = new com.kms.katalon.core.logging.KeywordLogger(): null

2019-12-23 13:10:17 - [TEST_STEP][PASSED] - fisNewRes = new java.io.FileInputStream(/home/leonardo-arkusmty/Desktop/P4P/DATA_AUTOMATINTESTING/data_1newReservationDaycare.xlsx): null

2019-12-23 13:10:17 - [TEST_STEP][PASSED] - fisCanRes = new java.io.FileInputStream(/home/leonardo-arkusmty/Desktop/P4P/DATA_AUTOMATINTESTING/data_2cancelReservation.xlsx): null

2019-12-23 13:10:17 - [TEST_STEP][PASSED] - workbookNewRes = new org.apache.poi.xssf.usermodel.XSSFWorkbook(fisNewRes): null

2019-12-23 13:10:17 - [TEST_STEP][PASSED] - workbookCanRes = new org.apache.poi.xssf.usermodel.XSSFWorkbook(fisCanRes): null

2019-12-23 13:10:17 - [TEST_STEP][PASSED] - sheetNewRes = workbookNewRes.getSheet("Sheet1"): null

2019-12-23 13:10:17 - [TEST_STEP][PASSED] - sheetCanRes = workbookCanRes.getSheet("Sheet1"): null

2019-12-23 13:10:17 - [TEST_STEP][PASSED] - rowCount = var_row: null

2019-12-23 13:10:17 - [TEST_STEP][PASSED] - var = Integer.parseInt(var_idRowRes): null

2019-12-23 13:10:17 - [TEST_STEP][PASSED] - rowNewRes = sheetNewRes.getRow(var): null

2019-12-23 13:10:17 - [TEST_STEP][PASSED] - rowCanRes = sheetCanRes.getRow(var): null

2019-12-23 13:10:17 - [TEST_STEP][PASSED] - var_url = getUrl(): Current window's url is: 'https://p4p-qa-bg.aws.paradise4paws.com/accounts/profile/#/reservations/122350/'

2019-12-23 13:10:17 - [MESSAGE][PASSED] - Current window's url is: 'https://p4p-qa-bg.aws.paradise4paws.com/accounts/profile/#/reservations/122350/'

2019-12-23 13:10:17 - [TEST_STEP][PASSED] - arrUrl = var_url.split("/"): null

2019-12-23 13:10:17 - [TEST_STEP][PASSED] - idParent = arrUrl[7]: null

2019-12-23 13:10:17 - [TEST_STEP][PASSED] - click(findTestObject("Object Repository/object_profile/a_addReservation")): Object: 'Object Repository/object_profile/a_addReservation' is clicked on

2019-12-23 13:10:18 - [MESSAGE][PASSED] - Object: 'Object Repository/object_profile/a_addReservation' is clicked on

2019-12-23 13:10:18 - [TEST_STEP][PASSED] - delay(2): Delayed 2 second(s)

2019-12-23 13:10:20 - [MESSAGE][PASSED] - Delayed 2 second(s)

2019-12-23 13:10:20 - [TEST_STEP][PASSED] - if (var_typeReserveation == "Boarding"): null

2019-12-23 13:10:20 - [TEST_STEP][PASSED] - else if (var_typeReserveation == "Daycare"): Object: 'Object Repository/object_reservation/btn_Daycare' is clicked on

2019-12-23 13:10:20 - [TEST_STEP][PASSED] - flagBoar = "2": null

2019-12-23 13:10:20 - [TEST_STEP][PASSED] - click(findTestObject("object_reservation/btn_Daycare")): Object: 'Object Repository/object_reservation/btn_Daycare' is clicked on

2019-12-23 13:10:21 - [MESSAGE][PASSED] - Object: 'Object Repository/object_reservation/btn_Daycare' is clicked on

2019-12-23 13:10:21 - [TEST_STEP][PASSED] - click(findTestObject("Object Repository/object_reservation/i_location")): Object: 'Object Repository/object_reservation/i_location' is clicked on

2019-12-23 13:10:23 - [MESSAGE][PASSED] - Object: 'Object Repository/object_reservation/i_location' is clicked on

2019-12-23 13:10:23 - [TEST_STEP][PASSED] - switch (var_idFacility): null

2019-12-23 13:10:23 - [TEST_STEP][PASSED] - dateCI = var_checkinD.split(","): null

2019-12-23 13:10:23 - [TEST_STEP][PASSED] - dateCO = var_checkoutD.split(","): null

2019-12-23 13:10:23 - [TEST_STEP][PASSED] - arryPets = var_pets.split(","): null

2019-12-23 13:10:23 - [TEST_STEP][PASSED] - delay(2): Delayed 2 second(s)

2019-12-23 13:10:25 - [MESSAGE][PASSED] - Delayed 2 second(s)

2019-12-23 13:10:25 - [TEST_STEP][PASSED] - if (var_repeting == "Y"): null

2019-12-23 13:10:25 - [TEST_STEP][PASSED] - click(findTestObject("Object Repository/object_reservation/checkbox_repeating")): Object: 'Object Repository/object_reservation/checkbox_repeating' is clicked on

2019-12-23 13:10:26 - [MESSAGE][PASSED] - Object: 'Object Repository/object_reservation/checkbox_repeating' is clicked on

2019-12-23 13:10:26 - [TEST_STEP][PASSED] - if (var_repeatingEvery == "Weekly"): null

2019-12-23 13:10:26 - [TEST_STEP][PASSED] - click(findTestObject("Object Repository/object_reservation/dateCheckIn")): Object: 'Object Repository/object_reservation/dateCheckIn' is clicked on

2019-12-23 13:10:27 - [MESSAGE][PASSED] - Object: 'Object Repository/object_reservation/dateCheckIn' is clicked on

2019-12-23 13:10:27 - [TEST_STEP][PASSED] - stringCI2020 = "0": null

2019-12-23 13:10:27 - [TEST_STEP][PASSED] - stringCO2020 = "0": null

2019-12-23 13:10:27 - [TEST_STEP][PASSED] - if (dateCI[0] == "16" && dateCI[1] == "01" && dateCI[2] == "2020"): null

2019-12-23 13:10:27 - [TEST_STEP][PASSED] - if (dateCI[0] == "18" && dateCI[1] == "02" && dateCI[2] == "2020"): null

2019-12-23 13:10:27 - [TEST_STEP][PASSED] - if (dateCI[0] == "21" && dateCI[1] == "03" && dateCI[2] == "2020"): null

2019-12-23 13:10:27 - [TEST_STEP][PASSED] - delay(2): Delayed 2 second(s)

2019-12-23 13:10:29 - [MESSAGE][PASSED] - Delayed 2 second(s)

2019-12-23 13:10:29 - [TEST_STEP][PASSED] - if (stringCI2020 == "0"): null

2019-12-23 13:10:29 - [TEST_STEP][PASSED] - switch (dateCI[0]): null

2019-12-23 13:10:29 - [TEST_STEP][PASSED] - case "12":: null

2019-12-23 13:10:29 - [TEST_STEP][PASSED] - click(findTestObject("Object Repository/Page_Paradise 4 Paws  Dog Boarding Cat Boarding Norwalk Pooch Hotel/button_12_ci")): Object: 'Object Repository/Page_Paradise 4 Paws  Dog Boarding Cat Boarding Norwalk Pooch Hotel/button_12_ci' is clicked on

2019-12-23 13:10:29 - [MESSAGE][PASSED] - Object: 'Object Repository/Page_Paradise 4 Paws  Dog Boarding Cat Boarding Norwalk Pooch Hotel/button_12_ci' is clicked on

2019-12-23 13:10:29 - [TEST_STEP][PASSED] - break: null

2019-12-23 13:10:29 - [TEST_STEP][PASSED] - if (flagBoar == "1" || flagBoar == "2" && var_repeatingEvery == "Daily" || flagBoar == "2" && var_repeatingEvery == "Weekly" || flagBoar == "2" && var_repeatingEvery == "Monthly"): null

2019-12-23 13:10:29 - [TEST_STEP][PASSED] - click(findTestObject("Object Repository/object_reservation/dateCheckOut")): Object: 'Object Repository/object_reservation/dateCheckOut' is clicked on

2019-12-23 13:10:30 - [MESSAGE][PASSED] - Object: 'Object Repository/object_reservation/dateCheckOut' is clicked on

2019-12-23 13:10:30 - [TEST_STEP][PASSED] - if (dateCO[0] == "17" && dateCO[1] == "02" && dateCO[2] == "2020"): null

2019-12-23 13:10:30 - [TEST_STEP][PASSED] - if (dateCO[0] == "20" && dateCO[1] == "03" && dateCO[2] == "2020"): null

2019-12-23 13:10:30 - [TEST_STEP][PASSED] - if (dateCO[0] == "24" && dateCO[1] == "04" && dateCO[2] == "2020"): null

2019-12-23 13:10:30 - [TEST_STEP][PASSED] - if (stringCO2020 == "0"): null

2019-12-23 13:10:30 - [TEST_STEP][PASSED] - switch (dateCO[0]): null

2019-12-23 13:10:30 - [TEST_STEP][PASSED] - case "12":: null

2019-12-23 13:10:30 - [TEST_STEP][PASSED] - click(findTestObject("Object Repository/Page_Paradise 4 Paws  Dog Boarding Cat Boarding Norwalk Pooch Hotel/button_12_co")): Object: 'Object Repository/Page_Paradise 4 Paws  Dog Boarding Cat Boarding Norwalk Pooch Hotel/button_12_co' is clicked on

2019-12-23 13:10:31 - [MESSAGE][PASSED] - Object: 'Object Repository/Page_Paradise 4 Paws  Dog Boarding Cat Boarding Norwalk Pooch Hotel/button_12_co' is clicked on

2019-12-23 13:10:31 - [TEST_STEP][PASSED] - break: null

2019-12-23 13:10:31 - [TEST_STEP][NOT_RUN] - click(findTestObject("Object Repository/object_reservationCalendar/CO_close")): NOT_RUN: click(findTestObject("Object Repository/object_reservationCalendar/CO_close"))

2019-12-23 13:10:31 - [MESSAGE][NOT_RUN] - NOT_RUN: click(findTestObject("Object Repository/object_reservationCalendar/CO_close"))

2019-12-23 13:10:31 - [TEST_STEP][PASSED] - click(findTestObject("Object Repository/object_reservation/timeCheckin")): Object: 'Object Repository/object_reservation/timeCheckin' is clicked on

2019-12-23 13:10:31 - [MESSAGE][PASSED] - Object: 'Object Repository/object_reservation/timeCheckin' is clicked on

2019-12-23 13:10:31 - [TEST_STEP][PASSED] - switch (var_checkinT): null

2019-12-23 13:10:31 - [TEST_STEP][PASSED] - case "800":: null

2019-12-23 13:10:31 - [TEST_STEP][PASSED] - click(findTestObject("Object Repository/Page_Paradise 4 Paws  Dog Boarding Cat Boarding Norwalk Pooch Hotel/time_800am_ci")): Object: 'Object Repository/Page_Paradise 4 Paws  Dog Boarding Cat Boarding Norwalk Pooch Hotel/time_800am_ci' is clicked on

2019-12-23 13:10:32 - [MESSAGE][PASSED] - Object: 'Object Repository/Page_Paradise 4 Paws  Dog Boarding Cat Boarding Norwalk Pooch Hotel/time_800am_ci' is clicked on

2019-12-23 13:10:32 - [TEST_STEP][PASSED] - break: null

2019-12-23 13:10:32 - [TEST_STEP][PASSED] - click(findTestObject("Object Repository/object_reservation/timeCheckOut")): Object: 'Object Repository/object_reservation/timeCheckOut' is clicked on

2019-12-23 13:10:33 - [MESSAGE][PASSED] - Object: 'Object Repository/object_reservation/timeCheckOut' is clicked on

2019-12-23 13:10:33 - [TEST_STEP][PASSED] - switch (var_checkoutT): null

2019-12-23 13:10:33 - [TEST_STEP][PASSED] - case "1200":: null

2019-12-23 13:10:33 - [TEST_STEP][PASSED] - click(findTestObject("Object Repository/Page_Paradise 4 Paws  Dog Boarding Cat Boarding Norwalk Pooch Hotel/time_1200pm_co")): Object: 'Object Repository/Page_Paradise 4 Paws  Dog Boarding Cat Boarding Norwalk Pooch Hotel/time_1200pm_co' is clicked on

2019-12-23 13:10:33 - [MESSAGE][PASSED] - Object: 'Object Repository/Page_Paradise 4 Paws  Dog Boarding Cat Boarding Norwalk Pooch Hotel/time_1200pm_co' is clicked on

2019-12-23 13:10:33 - [TEST_STEP][PASSED] - break: null

2019-12-23 13:10:33 - [TEST_STEP][PASSED] - delay(2): Delayed 2 second(s)

2019-12-23 13:10:35 - [MESSAGE][PASSED] - Delayed 2 second(s)

2019-12-23 13:10:35 - [TEST_STEP][PASSED] - if (arryPets.size() == 1): null

2019-12-23 13:10:35 - [TEST_STEP][PASSED] - else if (arryPets.size() == 2): null

2019-12-23 13:10:35 - [TEST_STEP][PASSED] - else if (arryPets.size() == 3): Object: 'Object Repository/object_reservation/div_Athena' is clicked on

2019-12-23 13:10:35 - [TEST_STEP][PASSED] - click(findTestObject("object_reservation/Page_Paradise 4 Paws  Dog Boarding Cat Boarding Norwalk Pooch Hotel/div_Ares")): Object: 'Object Repository/object_reservation/Page_Paradise 4 Paws  Dog Boarding Cat Boarding Norwalk Pooch Hotel/div_Ares' is clicked on

2019-12-23 13:10:37 - [MESSAGE][PASSED] - Object: 'Object Repository/object_reservation/Page_Paradise 4 Paws  Dog Boarding Cat Boarding Norwalk Pooch Hotel/div_Ares' is clicked on

2019-12-23 13:10:37 - [TEST_STEP][PASSED] - click(findTestObject("object_reservation/div_Zeus")): Object: 'Object Repository/object_reservation/div_Zeus' is clicked on

2019-12-23 13:10:42 - [MESSAGE][PASSED] - Object: 'Object Repository/object_reservation/div_Zeus' is clicked on

2019-12-23 13:10:42 - [TEST_STEP][PASSED] - click(findTestObject("object_reservation/div_Athena")): Object: 'Object Repository/object_reservation/div_Athena' is clicked on

2019-12-23 13:10:45 - [MESSAGE][PASSED] - Object: 'Object Repository/object_reservation/div_Athena' is clicked on

2019-12-23 13:10:45 - [TEST_STEP][NOT_RUN] - click(findTestObject("object_reservations/i_Day_fa fa-circle-o ng-scope")): NOT_RUN: click(findTestObject("object_reservations/i_Day_fa fa-circle-o ng-scope"))

2019-12-23 13:10:45 - [MESSAGE][NOT_RUN] - NOT_RUN: click(findTestObject("object_reservations/i_Day_fa fa-circle-o ng-scope"))

2019-12-23 13:10:45 - [TEST_STEP][PASSED] - if (flagBoar == "1" || flagBoar == "2"): Object: 'Object Repository/object_reservation/div_suite_rad_deluxe' is clicked on

2019-12-23 13:10:45 - [TEST_STEP][PASSED] - click(findTestObject("Object Repository/object_reservation/div_suite_rad_deluxe")): Object: 'Object Repository/object_reservation/div_suite_rad_deluxe' is clicked on

2019-12-23 13:10:53 - [MESSAGE][PASSED] - Object: 'Object Repository/object_reservation/div_suite_rad_deluxe' is clicked on

2019-12-23 13:10:53 - [TEST_STEP][PASSED] - click(findTestObject("Object Repository/object_reservation/btn_next2")): Object: 'Object Repository/object_reservation/btn_next2' is clicked on

2019-12-23 13:10:56 - [MESSAGE][PASSED] - Object: 'Object Repository/object_reservation/btn_next2' is clicked on

2019-12-23 13:10:56 - [TEST_STEP][PASSED] - delay(3): Delayed 3 second(s)

2019-12-23 13:10:59 - [MESSAGE][PASSED] - Delayed 3 second(s)

2019-12-23 13:10:59 - [TEST_STEP][PASSED] - if (flagBoar == "1"): null

2019-12-23 13:10:59 - [TEST_STEP][PASSED] - delay(2): Delayed 2 second(s)

2019-12-23 13:11:01 - [MESSAGE][PASSED] - Delayed 2 second(s)

2019-12-23 13:11:01 - [TEST_STEP][PASSED] - click(findTestObject("Object Repository/object_reservation/btn_next2")): Object: 'Object Repository/object_reservation/btn_next2' is clicked on

2019-12-23 13:11:02 - [MESSAGE][PASSED] - Object: 'Object Repository/object_reservation/btn_next2' is clicked on

2019-12-23 13:11:02 - [TEST_STEP][PASSED] - click(findTestObject("Object Repository/object_reservation/button_Submit Reservation")): Object: 'Object Repository/object_reservation/button_Submit Reservation' is clicked on

2019-12-23 13:11:04 - [MESSAGE][PASSED] - Object: 'Object Repository/object_reservation/button_Submit Reservation' is clicked on

2019-12-23 13:11:04 - [TEST_STEP][PASSED] - delay(2): Delayed 2 second(s)

2019-12-23 13:11:06 - [MESSAGE][PASSED] - Delayed 2 second(s)

2019-12-23 13:11:06 - [TEST_STEP][PASSED] - if (flagBoar == "2" && var_repeatingEvery == "Daily" || var_repeatingEvery == "Monthly" || var_repeatingEvery == "Weekly"): Delayed 8 second(s)

2019-12-23 13:11:06 - [TEST_STEP][PASSED] - click(findTestObject("Object Repository/object_reservation/Page_Paradise 4 Paws  Dog Boarding Cat Boar_cfde7f/button_Ok")): Object: 'Object Repository/object_reservation/Page_Paradise 4 Paws  Dog Boarding Cat Boar_cfde7f/button_Ok' is clicked on

2019-12-23 13:11:07 - [MESSAGE][PASSED] - Object: 'Object Repository/object_reservation/Page_Paradise 4 Paws  Dog Boarding Cat Boar_cfde7f/button_Ok' is clicked on

2019-12-23 13:11:07 - [TEST_STEP][PASSED] - delay(8): Delayed 8 second(s)

2019-12-23 13:11:15 - [MESSAGE][PASSED] - Delayed 8 second(s)

2019-12-23 13:11:15 - [TEST_STEP][PASSED] - delay(2): Delayed 2 second(s)

2019-12-23 13:11:17 - [MESSAGE][PASSED] - Delayed 2 second(s)

2019-12-23 13:11:17 - [TEST_STEP][FAILED] - try: Unable to click on object 'Object Repository/object_reservation/button_Return To Reservation' (Root cause: com.kms.katalon.core.exception.StepFailedException: Unable to click on object 'Object Repository/object_reservation/button_Return To Reservation'
	at com.kms.katalon.core.webui.keyword.internal.WebUIKeywordMain.stepFailed(WebUIKeywordMain.groovy:64)
	at com.kms.katalon.core.webui.keyword.internal.WebUIKeywordMain.runKeyword(WebUIKeywordMain.groovy:26)
	at com.kms.katalon.core.webui.keyword.builtin.ClickKeyword.click(ClickKeyword.groovy:99)
	at com.kms.katalon.core.webui.keyword.builtin.ClickKeyword.execute(ClickKeyword.groovy:43)
	at com.kms.katalon.core.keyword.internal.KeywordExecutor.executeKeywordForPlatform(KeywordExecutor.groovy:60)
	at com.kms.katalon.core.webui.keyword.WebUiBuiltInKeywords.click(WebUiBuiltInKeywords.groovy:616)
	at com.kms.katalon.core.webui.keyword.WebUiBuiltInKeywords$click$2.call(Unknown Source)
	at p4p_newReservationDaycare.run(p4p_newReservationDaycare:612)
	at com.kms.katalon.core.main.ScriptEngine.run(ScriptEngine.java:194)
	at com.kms.katalon.core.main.ScriptEngine.runScriptAsRawText(ScriptEngine.java:119)
	at com.kms.katalon.core.main.TestCaseExecutor.runScript(TestCaseExecutor.java:337)
	at com.kms.katalon.core.main.TestCaseExecutor.doExecute(TestCaseExecutor.java:328)
	at com.kms.katalon.core.main.TestCaseExecutor.processExecutionPhase(TestCaseExecutor.java:307)
	at com.kms.katalon.core.main.TestCaseExecutor.accessMainPhase(TestCaseExecutor.java:299)
	at com.kms.katalon.core.main.TestCaseExecutor.execute(TestCaseExecutor.java:233)
	at com.kms.katalon.core.main.TestSuiteExecutor.accessTestCaseMainPhase(TestSuiteExecutor.java:169)
	at com.kms.katalon.core.main.TestSuiteExecutor.accessTestSuiteMainPhase(TestSuiteExecutor.java:142)
	at com.kms.katalon.core.main.TestSuiteExecutor.execute(TestSuiteExecutor.java:91)
	at com.kms.katalon.core.main.TestCaseMain.startTestSuite(TestCaseMain.java:157)
	at com.kms.katalon.core.main.TestCaseMain$startTestSuite$0.call(Unknown Source)
	at TempTestSuite1577127624136.run(TempTestSuite1577127624136.groovy:36)
Caused by: com.kms.katalon.core.webui.exception.WebElementNotFoundException: Web element with id: 'Object Repository/object_reservation/button_Return To Reservation' located by 'By.xpath: (//button[@type='button'])[13]' not found
	at com.kms.katalon.core.webui.common.WebUiCommonHelper.findWebElement(WebUiCommonHelper.java:1113)
	at com.kms.katalon.core.webui.keyword.internal.WebUIAbstractKeyword.findWebElement(WebUIAbstractKeyword.groovy:27)
	at com.kms.katalon.core.webui.keyword.internal.WebUIAbstractKeyword.findWebElement(WebUIAbstractKeyword.groovy:26)
	at com.kms.katalon.core.webui.keyword.builtin.ClickKeyword$_click_closure1.doCall(ClickKeyword.groovy:68)
	at com.kms.katalon.core.webui.keyword.builtin.ClickKeyword$_click_closure1.call(ClickKeyword.groovy)
	at com.kms.katalon.core.webui.keyword.internal.WebUIKeywordMain.runKeyword(WebUIKeywordMain.groovy:20)
	at com.kms.katalon.core.webui.keyword.builtin.ClickKeyword.click(ClickKeyword.groovy:99)
	at com.kms.katalon.core.webui.keyword.builtin.ClickKeyword.execute(ClickKeyword.groovy:43)
	at com.kms.katalon.core.keyword.internal.KeywordExecutor.executeKeywordForPlatform(KeywordExecutor.groovy:60)
	at com.kms.katalon.core.webui.keyword.WebUiBuiltInKeywords.click(WebUiBuiltInKeywords.groovy:616)
	at com.kms.katalon.core.webui.keyword.WebUiBuiltInKeywords$click$2.call(Unknown Source)
	at Script1576482965057.run(Script1576482965057.groovy:612)
	... 13 more
)

2019-12-23 13:11:17 - [TEST_STEP][FAILED] - click(findTestObject("Object Repository/object_reservation/button_Return To Reservation")): Unable to click on object 'Object Repository/object_reservation/button_Return To Reservation' (Root cause: com.kms.katalon.core.exception.StepFailedException: Unable to click on object 'Object Repository/object_reservation/button_Return To Reservation'
	at com.kms.katalon.core.webui.keyword.internal.WebUIKeywordMain.stepFailed(WebUIKeywordMain.groovy:64)
	at com.kms.katalon.core.webui.keyword.internal.WebUIKeywordMain.runKeyword(WebUIKeywordMain.groovy:26)
	at com.kms.katalon.core.webui.keyword.builtin.ClickKeyword.click(ClickKeyword.groovy:99)
	at com.kms.katalon.core.webui.keyword.builtin.ClickKeyword.execute(ClickKeyword.groovy:43)
	at com.kms.katalon.core.keyword.internal.KeywordExecutor.executeKeywordForPlatform(KeywordExecutor.groovy:60)
	at com.kms.katalon.core.webui.keyword.WebUiBuiltInKeywords.click(WebUiBuiltInKeywords.groovy:616)
	at com.kms.katalon.core.webui.keyword.WebUiBuiltInKeywords$click$2.call(Unknown Source)
	at p4p_newReservationDaycare.run(p4p_newReservationDaycare:612)
	at com.kms.katalon.core.main.ScriptEngine.run(ScriptEngine.java:194)
	at com.kms.katalon.core.main.ScriptEngine.runScriptAsRawText(ScriptEngine.java:119)
	at com.kms.katalon.core.main.TestCaseExecutor.runScript(TestCaseExecutor.java:337)
	at com.kms.katalon.core.main.TestCaseExecutor.doExecute(TestCaseExecutor.java:328)
	at com.kms.katalon.core.main.TestCaseExecutor.processExecutionPhase(TestCaseExecutor.java:307)
	at com.kms.katalon.core.main.TestCaseExecutor.accessMainPhase(TestCaseExecutor.java:299)
	at com.kms.katalon.core.main.TestCaseExecutor.execute(TestCaseExecutor.java:233)
	at com.kms.katalon.core.main.TestSuiteExecutor.accessTestCaseMainPhase(TestSuiteExecutor.java:169)
	at com.kms.katalon.core.main.TestSuiteExecutor.accessTestSuiteMainPhase(TestSuiteExecutor.java:142)
	at com.kms.katalon.core.main.TestSuiteExecutor.execute(TestSuiteExecutor.java:91)
	at com.kms.katalon.core.main.TestCaseMain.startTestSuite(TestCaseMain.java:157)
	at com.kms.katalon.core.main.TestCaseMain$startTestSuite$0.call(Unknown Source)
	at TempTestSuite1577127624136.run(TempTestSuite1577127624136.groovy:36)
Caused by: com.kms.katalon.core.webui.exception.WebElementNotFoundException: Web element with id: 'Object Repository/object_reservation/button_Return To Reservation' located by 'By.xpath: (//button[@type='button'])[13]' not found
	at com.kms.katalon.core.webui.common.WebUiCommonHelper.findWebElement(WebUiCommonHelper.java:1113)
	at com.kms.katalon.core.webui.keyword.internal.WebUIAbstractKeyword.findWebElement(WebUIAbstractKeyword.groovy:27)
	at com.kms.katalon.core.webui.keyword.internal.WebUIAbstractKeyword.findWebElement(WebUIAbstractKeyword.groovy:26)
	at com.kms.katalon.core.webui.keyword.builtin.ClickKeyword$_click_closure1.doCall(ClickKeyword.groovy:68)
	at com.kms.katalon.core.webui.keyword.builtin.ClickKeyword$_click_closure1.call(ClickKeyword.groovy)
	at com.kms.katalon.core.webui.keyword.internal.WebUIKeywordMain.runKeyword(WebUIKeywordMain.groovy:20)
	at com.kms.katalon.core.webui.keyword.builtin.ClickKeyword.click(ClickKeyword.groovy:99)
	at com.kms.katalon.core.webui.keyword.builtin.ClickKeyword.execute(ClickKeyword.groovy:43)
	at com.kms.katalon.core.keyword.internal.KeywordExecutor.executeKeywordForPlatform(KeywordExecutor.groovy:60)
	at com.kms.katalon.core.webui.keyword.WebUiBuiltInKeywords.click(WebUiBuiltInKeywords.groovy:616)
	at com.kms.katalon.core.webui.keyword.WebUiBuiltInKeywords$click$2.call(Unknown Source)
	at Script1576482965057.run(Script1576482965057.groovy:612)
	... 13 more
)

2019-12-23 13:12:01 - [MESSAGE][INFO] - Unable to find the element located by 'By.xpath: (//button[@type='button'])[13]'. Please recheck the objects properties to make sure the desired element is located. 

2019-12-23 13:12:01 - [MESSAGE][FAILED] - Unable to click on object 'Object Repository/object_reservation/button_Return To Reservation' (Root cause: com.kms.katalon.core.exception.StepFailedException: Unable to click on object 'Object Repository/object_reservation/button_Return To Reservation'
	at com.kms.katalon.core.webui.keyword.internal.WebUIKeywordMain.stepFailed(WebUIKeywordMain.groovy:64)
	at com.kms.katalon.core.webui.keyword.internal.WebUIKeywordMain.runKeyword(WebUIKeywordMain.groovy:26)
	at com.kms.katalon.core.webui.keyword.builtin.ClickKeyword.click(ClickKeyword.groovy:99)
	at com.kms.katalon.core.webui.keyword.builtin.ClickKeyword.execute(ClickKeyword.groovy:43)
	at com.kms.katalon.core.keyword.internal.KeywordExecutor.executeKeywordForPlatform(KeywordExecutor.groovy:60)
	at com.kms.katalon.core.webui.keyword.WebUiBuiltInKeywords.click(WebUiBuiltInKeywords.groovy:616)
	at com.kms.katalon.core.webui.keyword.WebUiBuiltInKeywords$click$2.call(Unknown Source)
	at p4p_newReservationDaycare.run(p4p_newReservationDaycare:612)
	at com.kms.katalon.core.main.ScriptEngine.run(ScriptEngine.java:194)
	at com.kms.katalon.core.main.ScriptEngine.runScriptAsRawText(ScriptEngine.java:119)
	at com.kms.katalon.core.main.TestCaseExecutor.runScript(TestCaseExecutor.java:337)
	at com.kms.katalon.core.main.TestCaseExecutor.doExecute(TestCaseExecutor.java:328)
	at com.kms.katalon.core.main.TestCaseExecutor.processExecutionPhase(TestCaseExecutor.java:307)
	at com.kms.katalon.core.main.TestCaseExecutor.accessMainPhase(TestCaseExecutor.java:299)
	at com.kms.katalon.core.main.TestCaseExecutor.execute(TestCaseExecutor.java:233)
	at com.kms.katalon.core.main.TestSuiteExecutor.accessTestCaseMainPhase(TestSuiteExecutor.java:169)
	at com.kms.katalon.core.main.TestSuiteExecutor.accessTestSuiteMainPhase(TestSuiteExecutor.java:142)
	at com.kms.katalon.core.main.TestSuiteExecutor.execute(TestSuiteExecutor.java:91)
	at com.kms.katalon.core.main.TestCaseMain.startTestSuite(TestCaseMain.java:157)
	at com.kms.katalon.core.main.TestCaseMain$startTestSuite$0.call(Unknown Source)
	at TempTestSuite1577127624136.run(TempTestSuite1577127624136.groovy:36)
Caused by: com.kms.katalon.core.webui.exception.WebElementNotFoundException: Web element with id: 'Object Repository/object_reservation/button_Return To Reservation' located by 'By.xpath: (//button[@type='button'])[13]' not found
	at com.kms.katalon.core.webui.common.WebUiCommonHelper.findWebElement(WebUiCommonHelper.java:1113)
	at com.kms.katalon.core.webui.keyword.internal.WebUIAbstractKeyword.findWebElement(WebUIAbstractKeyword.groovy:27)
	at com.kms.katalon.core.webui.keyword.internal.WebUIAbstractKeyword.findWebElement(WebUIAbstractKeyword.groovy:26)
	at com.kms.katalon.core.webui.keyword.builtin.ClickKeyword$_click_closure1.doCall(ClickKeyword.groovy:68)
	at com.kms.katalon.core.webui.keyword.builtin.ClickKeyword$_click_closure1.call(ClickKeyword.groovy)
	at com.kms.katalon.core.webui.keyword.internal.WebUIKeywordMain.runKeyword(WebUIKeywordMain.groovy:20)
	at com.kms.katalon.core.webui.keyword.builtin.ClickKeyword.click(ClickKeyword.groovy:99)
	at com.kms.katalon.core.webui.keyword.builtin.ClickKeyword.execute(ClickKeyword.groovy:43)
	at com.kms.katalon.core.keyword.internal.KeywordExecutor.executeKeywordForPlatform(KeywordExecutor.groovy:60)
	at com.kms.katalon.core.webui.keyword.WebUiBuiltInKeywords.click(WebUiBuiltInKeywords.groovy:616)
	at com.kms.katalon.core.webui.keyword.WebUiBuiltInKeywords$click$2.call(Unknown Source)
	at Script1576482965057.run(Script1576482965057.groovy:612)
	... 13 more
)
[[ATTACHMENT|/home/leonardo-arkusmty/Documents/workspaceKatalon/p4ptest/Reports/20191223_130024/ts_newReservationDaycare/20191223_130024/1577128321050.png]]

2019-12-23 13:12:01 - [TEST_STEP][PASSED] - catch (Exception e): null

2019-12-23 13:12:01 - [TEST_STEP][PASSED] - e.printStackTrace(): null

2019-12-23 13:12:01 - [TEST_STEP][PASSED] - log.logInfo("ERROR EXCEPCION"): ERROR EXCEPCION

2019-12-23 13:12:01 - [MESSAGE][INFO] - ERROR EXCEPCION

2019-12-23 13:12:01 - [TEST_STEP][PASSED] - cell1Err = rowNewRes.createCell(16, 0): null

2019-12-23 13:12:01 - [TEST_STEP][PASSED] - cell2Err = rowNewRes.createCell(18, 0): null

2019-12-23 13:12:01 - [TEST_STEP][PASSED] - cell1Err.setCellType(CELL_TYPE_STRING): null

2019-12-23 13:12:01 - [TEST_STEP][PASSED] - cell1Err.setCellValue("Error"): null

2019-12-23 13:12:01 - [TEST_STEP][PASSED] - cell2Err.setCellType(CELL_TYPE_STRING): null

2019-12-23 13:12:01 - [TEST_STEP][PASSED] - cell2Err.setCellValue("Reservacion existente"): null

2019-12-23 13:12:01 - [TEST_STEP][PASSED] - fos = new java.io.FileOutputStream(/home/leonardo-arkusmty/Desktop/P4P/DATA_AUTOMATINTESTING/data_1newReservationDaycare.xlsx): null

2019-12-23 13:12:01 - [TEST_STEP][PASSED] - workbookNewRes.write(fos): null

2019-12-23 13:12:01 - [TEST_STEP][PASSED] - fos.close(): null

2019-12-23 13:12:01 - [TEST_STEP][PASSED] - delay(1): Delayed 1 second(s)

2019-12-23 13:12:02 - [MESSAGE][PASSED] - Delayed 1 second(s)

2019-12-23 13:12:02 - [TEST_STEP][PASSED] - cellCan = rowCanRes.createCell(5, 0): null

2019-12-23 13:12:02 - [TEST_STEP][PASSED] - cellCan.setCellType(CELL_TYPE_STRING): null

2019-12-23 13:12:02 - [TEST_STEP][PASSED] - cellCan.setCellValue("Error en la reservacion"): null

2019-12-23 13:12:02 - [TEST_STEP][PASSED] - fosCan = new java.io.FileOutputStream(/home/leonardo-arkusmty/Desktop/P4P/DATA_AUTOMATINTESTING/data_2cancelReservation.xlsx): null

2019-12-23 13:12:02 - [TEST_STEP][PASSED] - workbookCanRes.write(fosCan): null

2019-12-23 13:12:02 - [TEST_STEP][PASSED] - fosCan.close(): null

2019-12-23 13:12:02 - [TEST_STEP][PASSED] - delay(6): Delayed 6 second(s)

2019-12-23 13:12:08 - [MESSAGE][PASSED] - Delayed 6 second(s)

2019-12-23 13:12:08 - [TEST_STEP][PASSED] - click(findTestObject("Object Repository/object_reservation/Page_Paradise 4 Paws  Dog Boarding Cat Boar_35fe2b/button_Go to CheckOut")): Object: 'Object Repository/object_reservation/Page_Paradise 4 Paws  Dog Boarding Cat Boar_35fe2b/button_Go to CheckOut' is clicked on

2019-12-23 13:12:39 - [MESSAGE][PASSED] - Object: 'Object Repository/object_reservation/Page_Paradise 4 Paws  Dog Boarding Cat Boar_35fe2b/button_Go to CheckOut' is clicked on

2019-12-23 13:12:39 - [TEST_STEP][PASSED] - delay(2): Delayed 2 second(s)

2019-12-23 13:12:41 - [MESSAGE][PASSED] - Delayed 2 second(s)

2019-12-23 13:12:41 - [TEST_STEP][FAILED] - log.logInfo(getText(findTestObject("Object Repository/object_reservation/Page_Paradise 4 Paws  Dog Boarding Cat Boar_35fe2b/span_( BK )"))): Unable to get text of object 'Object Repository/object_reservation/Page_Paradise 4 Paws  Dog Boarding Cat Boar_35fe2b/span_( BK )' (Root cause: com.kms.katalon.core.exception.StepFailedException: Unable to get text of object 'Object Repository/object_reservation/Page_Paradise 4 Paws  Dog Boarding Cat Boar_35fe2b/span_( BK )'
	at com.kms.katalon.core.webui.keyword.internal.WebUIKeywordMain.stepFailed(WebUIKeywordMain.groovy:64)
	at com.kms.katalon.core.webui.keyword.internal.WebUIKeywordMain.runKeyword(WebUIKeywordMain.groovy:26)
	at com.kms.katalon.core.webui.keyword.builtin.GetTextKeyword.getText(GetTextKeyword.groovy:88)
	at com.kms.katalon.core.webui.keyword.builtin.GetTextKeyword.execute(GetTextKeyword.groovy:67)
	at com.kms.katalon.core.keyword.internal.KeywordExecutor.executeKeywordForPlatform(KeywordExecutor.groovy:60)
	at com.kms.katalon.core.webui.keyword.WebUiBuiltInKeywords.getText(WebUiBuiltInKeywords.groovy:888)
	at com.kms.katalon.core.webui.keyword.WebUiBuiltInKeywords$getText$4.call(Unknown Source)
	at p4p_newReservationDaycare.run(p4p_newReservationDaycare:649)
	at com.kms.katalon.core.main.ScriptEngine.run(ScriptEngine.java:194)
	at com.kms.katalon.core.main.ScriptEngine.runScriptAsRawText(ScriptEngine.java:119)
	at com.kms.katalon.core.main.TestCaseExecutor.runScript(TestCaseExecutor.java:337)
	at com.kms.katalon.core.main.TestCaseExecutor.doExecute(TestCaseExecutor.java:328)
	at com.kms.katalon.core.main.TestCaseExecutor.processExecutionPhase(TestCaseExecutor.java:307)
	at com.kms.katalon.core.main.TestCaseExecutor.accessMainPhase(TestCaseExecutor.java:299)
	at com.kms.katalon.core.main.TestCaseExecutor.execute(TestCaseExecutor.java:233)
	at com.kms.katalon.core.main.TestSuiteExecutor.accessTestCaseMainPhase(TestSuiteExecutor.java:169)
	at com.kms.katalon.core.main.TestSuiteExecutor.accessTestSuiteMainPhase(TestSuiteExecutor.java:142)
	at com.kms.katalon.core.main.TestSuiteExecutor.execute(TestSuiteExecutor.java:91)
	at com.kms.katalon.core.main.TestCaseMain.startTestSuite(TestCaseMain.java:157)
	at com.kms.katalon.core.main.TestCaseMain$startTestSuite$0.call(Unknown Source)
	at TempTestSuite1577127624136.run(TempTestSuite1577127624136.groovy:36)
Caused by: com.kms.katalon.core.webui.exception.WebElementNotFoundException: Web element with id: 'Object Repository/object_reservation/Page_Paradise 4 Paws  Dog Boarding Cat Boar_35fe2b/span_( BK )' located by 'By.xpath: //div[@id='wrapper']/div/div/div/div/div/div/ul/li[4]/a/tab-heading/span' not found
	at com.kms.katalon.core.webui.common.WebUiCommonHelper.findWebElement(WebUiCommonHelper.java:1113)
	at com.kms.katalon.core.webui.keyword.internal.WebUIAbstractKeyword.findWebElement(WebUIAbstractKeyword.groovy:27)
	at com.kms.katalon.core.webui.keyword.internal.WebUIAbstractKeyword.findWebElement(WebUIAbstractKeyword.groovy:26)
	at com.kms.katalon.core.webui.keyword.builtin.GetTextKeyword$_getText_closure1.doCall(GetTextKeyword.groovy:78)
	at com.kms.katalon.core.webui.keyword.builtin.GetTextKeyword$_getText_closure1.call(GetTextKeyword.groovy)
	at com.kms.katalon.core.webui.keyword.internal.WebUIKeywordMain.runKeyword(WebUIKeywordMain.groovy:20)
	at com.kms.katalon.core.webui.keyword.builtin.GetTextKeyword.getText(GetTextKeyword.groovy:88)
	at com.kms.katalon.core.webui.keyword.builtin.GetTextKeyword.execute(GetTextKeyword.groovy:67)
	at com.kms.katalon.core.keyword.internal.KeywordExecutor.executeKeywordForPlatform(KeywordExecutor.groovy:60)
	at com.kms.katalon.core.webui.keyword.WebUiBuiltInKeywords.getText(WebUiBuiltInKeywords.groovy:888)
	at com.kms.katalon.core.webui.keyword.WebUiBuiltInKeywords$getText$4.call(Unknown Source)
	at Script1576482965057.run(Script1576482965057.groovy:649)
	... 13 more
)

2019-12-23 13:13:26 - [MESSAGE][INFO] - Unable to find the element located by 'By.xpath: //div[@id='wrapper']/div/div/div/div/div/div/ul/li[4]/a/tab-heading/span'. Please recheck the objects properties to make sure the desired element is located. 

2019-12-23 13:13:26 - [MESSAGE][FAILED] - Unable to get text of object 'Object Repository/object_reservation/Page_Paradise 4 Paws  Dog Boarding Cat Boar_35fe2b/span_( BK )' (Root cause: com.kms.katalon.core.exception.StepFailedException: Unable to get text of object 'Object Repository/object_reservation/Page_Paradise 4 Paws  Dog Boarding Cat Boar_35fe2b/span_( BK )'
	at com.kms.katalon.core.webui.keyword.internal.WebUIKeywordMain.stepFailed(WebUIKeywordMain.groovy:64)
	at com.kms.katalon.core.webui.keyword.internal.WebUIKeywordMain.runKeyword(WebUIKeywordMain.groovy:26)
	at com.kms.katalon.core.webui.keyword.builtin.GetTextKeyword.getText(GetTextKeyword.groovy:88)
	at com.kms.katalon.core.webui.keyword.builtin.GetTextKeyword.execute(GetTextKeyword.groovy:67)
	at com.kms.katalon.core.keyword.internal.KeywordExecutor.executeKeywordForPlatform(KeywordExecutor.groovy:60)
	at com.kms.katalon.core.webui.keyword.WebUiBuiltInKeywords.getText(WebUiBuiltInKeywords.groovy:888)
	at com.kms.katalon.core.webui.keyword.WebUiBuiltInKeywords$getText$4.call(Unknown Source)
	at p4p_newReservationDaycare.run(p4p_newReservationDaycare:649)
	at com.kms.katalon.core.main.ScriptEngine.run(ScriptEngine.java:194)
	at com.kms.katalon.core.main.ScriptEngine.runScriptAsRawText(ScriptEngine.java:119)
	at com.kms.katalon.core.main.TestCaseExecutor.runScript(TestCaseExecutor.java:337)
	at com.kms.katalon.core.main.TestCaseExecutor.doExecute(TestCaseExecutor.java:328)
	at com.kms.katalon.core.main.TestCaseExecutor.processExecutionPhase(TestCaseExecutor.java:307)
	at com.kms.katalon.core.main.TestCaseExecutor.accessMainPhase(TestCaseExecutor.java:299)
	at com.kms.katalon.core.main.TestCaseExecutor.execute(TestCaseExecutor.java:233)
	at com.kms.katalon.core.main.TestSuiteExecutor.accessTestCaseMainPhase(TestSuiteExecutor.java:169)
	at com.kms.katalon.core.main.TestSuiteExecutor.accessTestSuiteMainPhase(TestSuiteExecutor.java:142)
	at com.kms.katalon.core.main.TestSuiteExecutor.execute(TestSuiteExecutor.java:91)
	at com.kms.katalon.core.main.TestCaseMain.startTestSuite(TestCaseMain.java:157)
	at com.kms.katalon.core.main.TestCaseMain$startTestSuite$0.call(Unknown Source)
	at TempTestSuite1577127624136.run(TempTestSuite1577127624136.groovy:36)
Caused by: com.kms.katalon.core.webui.exception.WebElementNotFoundException: Web element with id: 'Object Repository/object_reservation/Page_Paradise 4 Paws  Dog Boarding Cat Boar_35fe2b/span_( BK )' located by 'By.xpath: //div[@id='wrapper']/div/div/div/div/div/div/ul/li[4]/a/tab-heading/span' not found
	at com.kms.katalon.core.webui.common.WebUiCommonHelper.findWebElement(WebUiCommonHelper.java:1113)
	at com.kms.katalon.core.webui.keyword.internal.WebUIAbstractKeyword.findWebElement(WebUIAbstractKeyword.groovy:27)
	at com.kms.katalon.core.webui.keyword.internal.WebUIAbstractKeyword.findWebElement(WebUIAbstractKeyword.groovy:26)
	at com.kms.katalon.core.webui.keyword.builtin.GetTextKeyword$_getText_closure1.doCall(GetTextKeyword.groovy:78)
	at com.kms.katalon.core.webui.keyword.builtin.GetTextKeyword$_getText_closure1.call(GetTextKeyword.groovy)
	at com.kms.katalon.core.webui.keyword.internal.WebUIKeywordMain.runKeyword(WebUIKeywordMain.groovy:20)
	at com.kms.katalon.core.webui.keyword.builtin.GetTextKeyword.getText(GetTextKeyword.groovy:88)
	at com.kms.katalon.core.webui.keyword.builtin.GetTextKeyword.execute(GetTextKeyword.groovy:67)
	at com.kms.katalon.core.keyword.internal.KeywordExecutor.executeKeywordForPlatform(KeywordExecutor.groovy:60)
	at com.kms.katalon.core.webui.keyword.WebUiBuiltInKeywords.getText(WebUiBuiltInKeywords.groovy:888)
	at com.kms.katalon.core.webui.keyword.WebUiBuiltInKeywords$getText$4.call(Unknown Source)
	at Script1576482965057.run(Script1576482965057.groovy:649)
	... 13 more
)
[[ATTACHMENT|/home/leonardo-arkusmty/Documents/workspaceKatalon/p4ptest/Reports/20191223_130024/ts_newReservationDaycare/20191223_130024/1577128406089.png]]]]></system-out>
         <system-err><![CDATA[2019-12-23 13:09:53 - [TEST_CASE][FAILED] - Test Cases/p4p_newReservationDaycare: Test Cases/p4p_newReservationDaycare FAILED.
Reason:
com.kms.katalon.core.exception.StepFailedException: Unable to get text of object 'Object Repository/object_reservation/Page_Paradise 4 Paws  Dog Boarding Cat Boar_35fe2b/span_( BK )'
	at com.kms.katalon.core.webui.keyword.internal.WebUIKeywordMain.stepFailed(WebUIKeywordMain.groovy:64)
	at com.kms.katalon.core.webui.keyword.internal.WebUIKeywordMain.runKeyword(WebUIKeywordMain.groovy:26)
	at com.kms.katalon.core.webui.keyword.builtin.GetTextKeyword.getText(GetTextKeyword.groovy:88)
	at com.kms.katalon.core.webui.keyword.builtin.GetTextKeyword.execute(GetTextKeyword.groovy:67)
	at com.kms.katalon.core.keyword.internal.KeywordExecutor.executeKeywordForPlatform(KeywordExecutor.groovy:60)
	at com.kms.katalon.core.webui.keyword.WebUiBuiltInKeywords.getText(WebUiBuiltInKeywords.groovy:888)
	at com.kms.katalon.core.webui.keyword.WebUiBuiltInKeywords$getText$4.call(Unknown Source)
	at p4p_newReservationDaycare.run(p4p_newReservationDaycare:649)
	at com.kms.katalon.core.main.ScriptEngine.run(ScriptEngine.java:194)
	at com.kms.katalon.core.main.ScriptEngine.runScriptAsRawText(ScriptEngine.java:119)
	at com.kms.katalon.core.main.TestCaseExecutor.runScript(TestCaseExecutor.java:337)
	at com.kms.katalon.core.main.TestCaseExecutor.doExecute(TestCaseExecutor.java:328)
	at com.kms.katalon.core.main.TestCaseExecutor.processExecutionPhase(TestCaseExecutor.java:307)
	at com.kms.katalon.core.main.TestCaseExecutor.accessMainPhase(TestCaseExecutor.java:299)
	at com.kms.katalon.core.main.TestCaseExecutor.execute(TestCaseExecutor.java:233)
	at com.kms.katalon.core.main.TestSuiteExecutor.accessTestCaseMainPhase(TestSuiteExecutor.java:169)
	at com.kms.katalon.core.main.TestSuiteExecutor.accessTestSuiteMainPhase(TestSuiteExecutor.java:142)
	at com.kms.katalon.core.main.TestSuiteExecutor.execute(TestSuiteExecutor.java:91)
	at com.kms.katalon.core.main.TestCaseMain.startTestSuite(TestCaseMain.java:157)
	at com.kms.katalon.core.main.TestCaseMain$startTestSuite$0.call(Unknown Source)
	at TempTestSuite1577127624136.run(TempTestSuite1577127624136.groovy:36)
Caused by: com.kms.katalon.core.webui.exception.WebElementNotFoundException: Web element with id: 'Object Repository/object_reservation/Page_Paradise 4 Paws  Dog Boarding Cat Boar_35fe2b/span_( BK )' located by 'By.xpath: //div[@id='wrapper']/div/div/div/div/div/div/ul/li[4]/a/tab-heading/span' not found
	at com.kms.katalon.core.webui.common.WebUiCommonHelper.findWebElement(WebUiCommonHelper.java:1113)
	at com.kms.katalon.core.webui.keyword.internal.WebUIAbstractKeyword.findWebElement(WebUIAbstractKeyword.groovy:27)
	at com.kms.katalon.core.webui.keyword.internal.WebUIAbstractKeyword.findWebElement(WebUIAbstractKeyword.groovy:26)
	at com.kms.katalon.core.webui.keyword.builtin.GetTextKeyword$_getText_closure1.doCall(GetTextKeyword.groovy:78)
	at com.kms.katalon.core.webui.keyword.builtin.GetTextKeyword$_getText_closure1.call(GetTextKeyword.groovy)
	at com.kms.katalon.core.webui.keyword.internal.WebUIKeywordMain.runKeyword(WebUIKeywordMain.groovy:20)
	... 19 more]]></system-err>
      </testcase>
      <testcase name="Test Cases/p4p_newReservationDaycare" time="131.861" classname="Test Cases/p4p_newReservationDaycare" status="ERROR">
         <error type="ERROR" message="Test Cases/p4p_newReservationDaycare FAILED.
Reason:
java.lang.NullPointerException: Cannot invoke method createCell() on null object
	at org.apache.poi.ss.usermodel.Row$createCell.call(Unknown Source)
	at p4p_newReservationDaycare.run(p4p_newReservationDaycare:634)
	at com.kms.katalon.core.main.ScriptEngine.run(ScriptEngine.java:194)
	at com.kms.katalon.core.main.ScriptEngine.runScriptAsRawText(ScriptEngine.java:119)
	at com.kms.katalon.core.main.TestCaseExecutor.runScript(TestCaseExecutor.java:337)
	at com.kms.katalon.core.main.TestCaseExecutor.doExecute(TestCaseExecutor.java:328)
	at com.kms.katalon.core.main.TestCaseExecutor.processExecutionPhase(TestCaseExecutor.java:307)
	at com.kms.katalon.core.main.TestCaseExecutor.accessMainPhase(TestCaseExecutor.java:299)
	at com.kms.katalon.core.main.TestCaseExecutor.execute(TestCaseExecutor.java:233)
	at com.kms.katalon.core.main.TestSuiteExecutor.accessTestCaseMainPhase(TestSuiteExecutor.java:169)
	at com.kms.katalon.core.main.TestSuiteExecutor.accessTestSuiteMainPhase(TestSuiteExecutor.java:142)
	at com.kms.katalon.core.main.TestSuiteExecutor.execute(TestSuiteExecutor.java:91)
	at com.kms.katalon.core.main.TestCaseMain.startTestSuite(TestCaseMain.java:157)
	at com.kms.katalon.core.main.TestCaseMain$startTestSuite$0.call(Unknown Source)
	at TempTestSuite1577127624136.run(TempTestSuite1577127624136.groovy:36)
"/>
         <system-out><![CDATA[2019-12-23 13:13:26 - [TEST_CASE][ERROR] - Test Cases/p4p_newReservationDaycare: Test Cases/p4p_newReservationDaycare FAILED.
Reason:
java.lang.NullPointerException: Cannot invoke method createCell() on null object
	at org.apache.poi.ss.usermodel.Row$createCell.call(Unknown Source)
	at p4p_newReservationDaycare.run(p4p_newReservationDaycare:634)
	at com.kms.katalon.core.main.ScriptEngine.run(ScriptEngine.java:194)
	at com.kms.katalon.core.main.ScriptEngine.runScriptAsRawText(ScriptEngine.java:119)
	at com.kms.katalon.core.main.TestCaseExecutor.runScript(TestCaseExecutor.java:337)
	at com.kms.katalon.core.main.TestCaseExecutor.doExecute(TestCaseExecutor.java:328)
	at com.kms.katalon.core.main.TestCaseExecutor.processExecutionPhase(TestCaseExecutor.java:307)
	at com.kms.katalon.core.main.TestCaseExecutor.accessMainPhase(TestCaseExecutor.java:299)
	at com.kms.katalon.core.main.TestCaseExecutor.execute(TestCaseExecutor.java:233)
	at com.kms.katalon.core.main.TestSuiteExecutor.accessTestCaseMainPhase(TestSuiteExecutor.java:169)
	at com.kms.katalon.core.main.TestSuiteExecutor.accessTestSuiteMainPhase(TestSuiteExecutor.java:142)
	at com.kms.katalon.core.main.TestSuiteExecutor.execute(TestSuiteExecutor.java:91)
	at com.kms.katalon.core.main.TestCaseMain.startTestSuite(TestCaseMain.java:157)
	at com.kms.katalon.core.main.TestCaseMain$startTestSuite$0.call(Unknown Source)
	at TempTestSuite1577127624136.run(TempTestSuite1577127624136.groovy:36)


2019-12-23 13:13:26 - [TEST_STEP][PASSED] - openBrowser("https://p4p-qa-bg.aws.paradise4paws.com/login/"): Browser is opened with url: 'https://p4p-qa-bg.aws.paradise4paws.com/login/'

2019-12-23 13:13:26 - [MESSAGE][WARNING] - A browser is already opened. Closing browser and opening a new one

2019-12-23 13:13:26 - [MESSAGE][INFO] - Starting 'Firefox' driver

2019-12-23 13:13:30 - [MESSAGE][PASSED] - Browser is opened with url: 'https://p4p-qa-bg.aws.paradise4paws.com/login/'

2019-12-23 13:13:30 - [TEST_STEP][PASSED] - setText(findTestObject("Object Repository/object_login/input_user"), var_user): Text 'jegchavez@gmail.com' is set on object 'Object Repository/object_login/input_user'

2019-12-23 13:13:31 - [MESSAGE][PASSED] - Text 'jegchavez@gmail.com' is set on object 'Object Repository/object_login/input_user'

2019-12-23 13:13:31 - [TEST_STEP][PASSED] - setText(findTestObject("Object Repository/object_login/input_pass"), var_pass): Text 'admin1' is set on object 'Object Repository/object_login/input_pass'

2019-12-23 13:13:31 - [MESSAGE][PASSED] - Text 'admin1' is set on object 'Object Repository/object_login/input_pass'

2019-12-23 13:13:31 - [TEST_STEP][PASSED] - delay(2): Delayed 2 second(s)

2019-12-23 13:13:33 - [MESSAGE][PASSED] - Delayed 2 second(s)

2019-12-23 13:13:33 - [TEST_STEP][PASSED] - verifyElementClickable(findTestObject("Object Repository/object_login/btn_login")): Object 'Object Repository/object_login/btn_login' is clickable

2019-12-23 13:13:33 - [MESSAGE][PASSED] - Object 'Object Repository/object_login/btn_login' is clickable

2019-12-23 13:13:33 - [TEST_STEP][PASSED] - click(findTestObject("Object Repository/object_login/btn_login")): Object: 'Object Repository/object_login/btn_login' is clicked on

2019-12-23 13:13:37 - [MESSAGE][PASSED] - Object: 'Object Repository/object_login/btn_login' is clicked on

2019-12-23 13:13:37 - [TEST_STEP][PASSED] - delay(2): Delayed 2 second(s)

2019-12-23 13:13:39 - [MESSAGE][PASSED] - Delayed 2 second(s)

2019-12-23 13:13:39 - [TEST_STEP][PASSED] - setText(findTestObject("Object Repository/object_dashboard_emp/input_search"), var_searchParent): Text 'leongarzagarza@hotmail.com' is set on object 'Object Repository/object_dashboard_emp/input_search'

2019-12-23 13:13:40 - [MESSAGE][PASSED] - Text 'leongarzagarza@hotmail.com' is set on object 'Object Repository/object_dashboard_emp/input_search'

2019-12-23 13:13:40 - [TEST_STEP][PASSED] - click(findTestObject("Object Repository/object_dashboard_emp/btn_accountSearch")): Object: 'Object Repository/object_dashboard_emp/btn_accountSearch' is clicked on

2019-12-23 13:13:41 - [MESSAGE][PASSED] - Object: 'Object Repository/object_dashboard_emp/btn_accountSearch' is clicked on

2019-12-23 13:13:41 - [TEST_STEP][PASSED] - delay(2): Delayed 2 second(s)

2019-12-23 13:13:43 - [MESSAGE][PASSED] - Delayed 2 second(s)

2019-12-23 13:13:43 - [TEST_STEP][PASSED] - click(findTestObject("Object Repository/object_accountInformation/a_TEST GABRIEL PROD")): Object: 'Object Repository/object_accountInformation/a_TEST GABRIEL PROD' is clicked on

2019-12-23 13:13:47 - [MESSAGE][PASSED] - Object: 'Object Repository/object_accountInformation/a_TEST GABRIEL PROD' is clicked on

2019-12-23 13:13:47 - [TEST_STEP][PASSED] - delay(2): Delayed 2 second(s)

2019-12-23 13:13:49 - [MESSAGE][PASSED] - Delayed 2 second(s)

2019-12-23 13:13:49 - [TEST_STEP][PASSED] - flagBoar = "0": null

2019-12-23 13:13:49 - [TEST_STEP][PASSED] - log = new com.kms.katalon.core.logging.KeywordLogger(): null

2019-12-23 13:13:49 - [TEST_STEP][PASSED] - fisNewRes = new java.io.FileInputStream(/home/leonardo-arkusmty/Desktop/P4P/DATA_AUTOMATINTESTING/data_1newReservationDaycare.xlsx): null

2019-12-23 13:13:49 - [TEST_STEP][PASSED] - fisCanRes = new java.io.FileInputStream(/home/leonardo-arkusmty/Desktop/P4P/DATA_AUTOMATINTESTING/data_2cancelReservation.xlsx): null

2019-12-23 13:13:49 - [TEST_STEP][PASSED] - workbookNewRes = new org.apache.poi.xssf.usermodel.XSSFWorkbook(fisNewRes): null

2019-12-23 13:13:49 - [TEST_STEP][PASSED] - workbookCanRes = new org.apache.poi.xssf.usermodel.XSSFWorkbook(fisCanRes): null

2019-12-23 13:13:49 - [TEST_STEP][PASSED] - sheetNewRes = workbookNewRes.getSheet("Sheet1"): null

2019-12-23 13:13:49 - [TEST_STEP][PASSED] - sheetCanRes = workbookCanRes.getSheet("Sheet1"): null

2019-12-23 13:13:49 - [TEST_STEP][PASSED] - rowCount = var_row: null

2019-12-23 13:13:49 - [TEST_STEP][PASSED] - var = Integer.parseInt(var_idRowRes): null

2019-12-23 13:13:49 - [TEST_STEP][PASSED] - rowNewRes = sheetNewRes.getRow(var): null

2019-12-23 13:13:49 - [TEST_STEP][PASSED] - rowCanRes = sheetCanRes.getRow(var): null

2019-12-23 13:13:49 - [TEST_STEP][PASSED] - var_url = getUrl(): Current window's url is: 'https://p4p-qa-bg.aws.paradise4paws.com/accounts/profile/#/reservations/122350/'

2019-12-23 13:13:49 - [MESSAGE][PASSED] - Current window's url is: 'https://p4p-qa-bg.aws.paradise4paws.com/accounts/profile/#/reservations/122350/'

2019-12-23 13:13:49 - [TEST_STEP][PASSED] - arrUrl = var_url.split("/"): null

2019-12-23 13:13:49 - [TEST_STEP][PASSED] - idParent = arrUrl[7]: null

2019-12-23 13:13:49 - [TEST_STEP][PASSED] - click(findTestObject("Object Repository/object_profile/a_addReservation")): Object: 'Object Repository/object_profile/a_addReservation' is clicked on

2019-12-23 13:13:51 - [MESSAGE][PASSED] - Object: 'Object Repository/object_profile/a_addReservation' is clicked on

2019-12-23 13:13:51 - [TEST_STEP][PASSED] - delay(2): Delayed 2 second(s)

2019-12-23 13:13:53 - [MESSAGE][PASSED] - Delayed 2 second(s)

2019-12-23 13:13:53 - [TEST_STEP][PASSED] - if (var_typeReserveation == "Boarding"): null

2019-12-23 13:13:53 - [TEST_STEP][PASSED] - else if (var_typeReserveation == "Daycare"): Object: 'Object Repository/object_reservation/btn_Daycare' is clicked on

2019-12-23 13:13:53 - [TEST_STEP][PASSED] - flagBoar = "2": null

2019-12-23 13:13:53 - [TEST_STEP][PASSED] - click(findTestObject("object_reservation/btn_Daycare")): Object: 'Object Repository/object_reservation/btn_Daycare' is clicked on

2019-12-23 13:13:54 - [MESSAGE][PASSED] - Object: 'Object Repository/object_reservation/btn_Daycare' is clicked on

2019-12-23 13:13:54 - [TEST_STEP][PASSED] - click(findTestObject("Object Repository/object_reservation/i_location")): Object: 'Object Repository/object_reservation/i_location' is clicked on

2019-12-23 13:13:56 - [MESSAGE][PASSED] - Object: 'Object Repository/object_reservation/i_location' is clicked on

2019-12-23 13:13:56 - [TEST_STEP][PASSED] - switch (var_idFacility): null

2019-12-23 13:13:56 - [TEST_STEP][PASSED] - dateCI = var_checkinD.split(","): null

2019-12-23 13:13:56 - [TEST_STEP][PASSED] - dateCO = var_checkoutD.split(","): null

2019-12-23 13:13:56 - [TEST_STEP][PASSED] - arryPets = var_pets.split(","): null

2019-12-23 13:13:56 - [TEST_STEP][PASSED] - delay(2): Delayed 2 second(s)

2019-12-23 13:13:58 - [MESSAGE][PASSED] - Delayed 2 second(s)

2019-12-23 13:13:58 - [TEST_STEP][PASSED] - if (var_repeting == "Y"): All options with value '2' are selected in object 'Object Repository/object_reservation/Page_Paradise 4 Paws  Dog Boarding Cat Boar_cfde7f/select_DailyWeeklyMonthlyOther'  using regular expression

2019-12-23 13:13:58 - [TEST_STEP][PASSED] - click(findTestObject("Object Repository/object_reservation/checkbox_repeating")): Object: 'Object Repository/object_reservation/checkbox_repeating' is clicked on

2019-12-23 13:13:59 - [MESSAGE][PASSED] - Object: 'Object Repository/object_reservation/checkbox_repeating' is clicked on

2019-12-23 13:13:59 - [TEST_STEP][PASSED] - if (var_repeatingEvery == "Weekly"): All options with value '2' are selected in object 'Object Repository/object_reservation/Page_Paradise 4 Paws  Dog Boarding Cat Boar_cfde7f/select_DailyWeeklyMonthlyOther'  using regular expression

2019-12-23 13:13:59 - [TEST_STEP][PASSED] - selectOptionByValue(findTestObject("Object Repository/object_reservation/Page_Paradise 4 Paws  Dog Boarding Cat Boar_cfde7f/select_DailyWeeklyMonthlyOther"), "2", true): All options with value '2' are selected in object 'Object Repository/object_reservation/Page_Paradise 4 Paws  Dog Boarding Cat Boar_cfde7f/select_DailyWeeklyMonthlyOther'  using regular expression

2019-12-23 13:14:00 - [MESSAGE][PASSED] - All options with value '2' are selected in object 'Object Repository/object_reservation/Page_Paradise 4 Paws  Dog Boarding Cat Boar_cfde7f/select_DailyWeeklyMonthlyOther'  using regular expression

2019-12-23 13:14:00 - [TEST_STEP][PASSED] - click(findTestObject("Object Repository/object_reservation/dateCheckIn")): Object: 'Object Repository/object_reservation/dateCheckIn' is clicked on

2019-12-23 13:14:01 - [MESSAGE][PASSED] - Object: 'Object Repository/object_reservation/dateCheckIn' is clicked on

2019-12-23 13:14:01 - [TEST_STEP][PASSED] - stringCI2020 = "0": null

2019-12-23 13:14:01 - [TEST_STEP][PASSED] - stringCO2020 = "0": null

2019-12-23 13:14:01 - [TEST_STEP][PASSED] - if (dateCI[0] == "16" && dateCI[1] == "01" && dateCI[2] == "2020"): null

2019-12-23 13:14:01 - [TEST_STEP][PASSED] - if (dateCI[0] == "18" && dateCI[1] == "02" && dateCI[2] == "2020"): null

2019-12-23 13:14:01 - [TEST_STEP][PASSED] - if (dateCI[0] == "21" && dateCI[1] == "03" && dateCI[2] == "2020"): null

2019-12-23 13:14:01 - [TEST_STEP][PASSED] - delay(2): Delayed 2 second(s)

2019-12-23 13:14:03 - [MESSAGE][PASSED] - Delayed 2 second(s)

2019-12-23 13:14:03 - [TEST_STEP][PASSED] - if (stringCI2020 == "0"): null

2019-12-23 13:14:03 - [TEST_STEP][PASSED] - switch (dateCI[0]): null

2019-12-23 13:14:03 - [TEST_STEP][PASSED] - case "13":: null

2019-12-23 13:14:03 - [TEST_STEP][PASSED] - click(findTestObject("Object Repository/Page_Paradise 4 Paws  Dog Boarding Cat Boarding Norwalk Pooch Hotel/button_13_ci")): Object: 'Object Repository/Page_Paradise 4 Paws  Dog Boarding Cat Boarding Norwalk Pooch Hotel/button_13_ci' is clicked on

2019-12-23 13:14:03 - [MESSAGE][PASSED] - Object: 'Object Repository/Page_Paradise 4 Paws  Dog Boarding Cat Boarding Norwalk Pooch Hotel/button_13_ci' is clicked on

2019-12-23 13:14:03 - [TEST_STEP][PASSED] - break: null

2019-12-23 13:14:03 - [TEST_STEP][PASSED] - if (flagBoar == "1" || flagBoar == "2" && var_repeatingEvery == "Daily" || flagBoar == "2" && var_repeatingEvery == "Weekly" || flagBoar == "2" && var_repeatingEvery == "Monthly"): null

2019-12-23 13:14:03 - [TEST_STEP][PASSED] - click(findTestObject("Object Repository/object_reservation/dateCheckOut")): Object: 'Object Repository/object_reservation/dateCheckOut' is clicked on

2019-12-23 13:14:04 - [MESSAGE][PASSED] - Object: 'Object Repository/object_reservation/dateCheckOut' is clicked on

2019-12-23 13:14:04 - [TEST_STEP][PASSED] - if (dateCO[0] == "17" && dateCO[1] == "02" && dateCO[2] == "2020"): null

2019-12-23 13:14:04 - [TEST_STEP][PASSED] - if (dateCO[0] == "20" && dateCO[1] == "03" && dateCO[2] == "2020"): null

2019-12-23 13:14:04 - [TEST_STEP][PASSED] - if (dateCO[0] == "24" && dateCO[1] == "04" && dateCO[2] == "2020"): null

2019-12-23 13:14:04 - [TEST_STEP][PASSED] - if (stringCO2020 == "0"): null

2019-12-23 13:14:04 - [TEST_STEP][PASSED] - switch (dateCO[0]): null

2019-12-23 13:14:04 - [TEST_STEP][PASSED] - case "20":: null

2019-12-23 13:14:04 - [TEST_STEP][PASSED] - click(findTestObject("Object Repository/Page_Paradise 4 Paws  Dog Boarding Cat Boarding Norwalk Pooch Hotel/button_20_co")): Object: 'Object Repository/Page_Paradise 4 Paws  Dog Boarding Cat Boarding Norwalk Pooch Hotel/button_20_co' is clicked on

2019-12-23 13:14:05 - [MESSAGE][PASSED] - Object: 'Object Repository/Page_Paradise 4 Paws  Dog Boarding Cat Boarding Norwalk Pooch Hotel/button_20_co' is clicked on

2019-12-23 13:14:05 - [TEST_STEP][PASSED] - break: null

2019-12-23 13:14:05 - [TEST_STEP][NOT_RUN] - click(findTestObject("Object Repository/object_reservationCalendar/CO_close")): NOT_RUN: click(findTestObject("Object Repository/object_reservationCalendar/CO_close"))

2019-12-23 13:14:05 - [MESSAGE][NOT_RUN] - NOT_RUN: click(findTestObject("Object Repository/object_reservationCalendar/CO_close"))

2019-12-23 13:14:05 - [TEST_STEP][PASSED] - click(findTestObject("Object Repository/object_reservation/timeCheckin")): Object: 'Object Repository/object_reservation/timeCheckin' is clicked on

2019-12-23 13:14:06 - [MESSAGE][PASSED] - Object: 'Object Repository/object_reservation/timeCheckin' is clicked on

2019-12-23 13:14:06 - [TEST_STEP][PASSED] - switch (var_checkinT): null

2019-12-23 13:14:06 - [TEST_STEP][PASSED] - case "800":: null

2019-12-23 13:14:06 - [TEST_STEP][PASSED] - click(findTestObject("Object Repository/Page_Paradise 4 Paws  Dog Boarding Cat Boarding Norwalk Pooch Hotel/time_800am_ci")): Object: 'Object Repository/Page_Paradise 4 Paws  Dog Boarding Cat Boarding Norwalk Pooch Hotel/time_800am_ci' is clicked on

2019-12-23 13:14:06 - [MESSAGE][PASSED] - Object: 'Object Repository/Page_Paradise 4 Paws  Dog Boarding Cat Boarding Norwalk Pooch Hotel/time_800am_ci' is clicked on

2019-12-23 13:14:06 - [TEST_STEP][PASSED] - break: null

2019-12-23 13:14:06 - [TEST_STEP][PASSED] - click(findTestObject("Object Repository/object_reservation/timeCheckOut")): Object: 'Object Repository/object_reservation/timeCheckOut' is clicked on

2019-12-23 13:14:07 - [MESSAGE][PASSED] - Object: 'Object Repository/object_reservation/timeCheckOut' is clicked on

2019-12-23 13:14:07 - [TEST_STEP][PASSED] - switch (var_checkoutT): null

2019-12-23 13:14:07 - [TEST_STEP][PASSED] - case "1200":: null

2019-12-23 13:14:07 - [TEST_STEP][PASSED] - click(findTestObject("Object Repository/Page_Paradise 4 Paws  Dog Boarding Cat Boarding Norwalk Pooch Hotel/time_1200pm_co")): Object: 'Object Repository/Page_Paradise 4 Paws  Dog Boarding Cat Boarding Norwalk Pooch Hotel/time_1200pm_co' is clicked on

2019-12-23 13:14:08 - [MESSAGE][PASSED] - Object: 'Object Repository/Page_Paradise 4 Paws  Dog Boarding Cat Boarding Norwalk Pooch Hotel/time_1200pm_co' is clicked on

2019-12-23 13:14:08 - [TEST_STEP][PASSED] - break: null

2019-12-23 13:14:08 - [TEST_STEP][PASSED] - delay(2): Delayed 2 second(s)

2019-12-23 13:14:10 - [MESSAGE][PASSED] - Delayed 2 second(s)

2019-12-23 13:14:10 - [TEST_STEP][PASSED] - if (arryPets.size() == 1): null

2019-12-23 13:14:10 - [TEST_STEP][PASSED] - else if (arryPets.size() == 2): Object: 'Object Repository/object_reservation/div_Zeus' is clicked on

2019-12-23 13:14:10 - [TEST_STEP][PASSED] - click(findTestObject("object_reservation/Page_Paradise 4 Paws  Dog Boarding Cat Boarding Norwalk Pooch Hotel/div_Ares")): Object: 'Object Repository/object_reservation/Page_Paradise 4 Paws  Dog Boarding Cat Boarding Norwalk Pooch Hotel/div_Ares' is clicked on

2019-12-23 13:14:11 - [MESSAGE][PASSED] - Object: 'Object Repository/object_reservation/Page_Paradise 4 Paws  Dog Boarding Cat Boarding Norwalk Pooch Hotel/div_Ares' is clicked on

2019-12-23 13:14:11 - [TEST_STEP][PASSED] - click(findTestObject("object_reservation/div_Zeus")): Object: 'Object Repository/object_reservation/div_Zeus' is clicked on

2019-12-23 13:14:19 - [MESSAGE][PASSED] - Object: 'Object Repository/object_reservation/div_Zeus' is clicked on

2019-12-23 13:14:19 - [TEST_STEP][NOT_RUN] - click(findTestObject("object_reservations/i_Day_fa fa-circle-o ng-scope")): NOT_RUN: click(findTestObject("object_reservations/i_Day_fa fa-circle-o ng-scope"))

2019-12-23 13:14:19 - [MESSAGE][NOT_RUN] - NOT_RUN: click(findTestObject("object_reservations/i_Day_fa fa-circle-o ng-scope"))

2019-12-23 13:14:19 - [TEST_STEP][PASSED] - if (flagBoar == "1" || flagBoar == "2"): Object: 'Object Repository/object_reservation/div_suite_rad_deluxe' is clicked on

2019-12-23 13:14:19 - [TEST_STEP][PASSED] - click(findTestObject("Object Repository/object_reservation/div_suite_rad_deluxe")): Object: 'Object Repository/object_reservation/div_suite_rad_deluxe' is clicked on

2019-12-23 13:14:27 - [MESSAGE][PASSED] - Object: 'Object Repository/object_reservation/div_suite_rad_deluxe' is clicked on

2019-12-23 13:14:27 - [TEST_STEP][PASSED] - click(findTestObject("Object Repository/object_reservation/btn_next2")): Object: 'Object Repository/object_reservation/btn_next2' is clicked on

2019-12-23 13:14:31 - [MESSAGE][PASSED] - Object: 'Object Repository/object_reservation/btn_next2' is clicked on

2019-12-23 13:14:31 - [TEST_STEP][PASSED] - delay(3): Delayed 3 second(s)

2019-12-23 13:14:34 - [MESSAGE][PASSED] - Delayed 3 second(s)

2019-12-23 13:14:34 - [TEST_STEP][PASSED] - if (flagBoar == "1"): null

2019-12-23 13:14:34 - [TEST_STEP][PASSED] - delay(2): Delayed 2 second(s)

2019-12-23 13:14:36 - [MESSAGE][PASSED] - Delayed 2 second(s)

2019-12-23 13:14:36 - [TEST_STEP][PASSED] - click(findTestObject("Object Repository/object_reservation/btn_next2")): Object: 'Object Repository/object_reservation/btn_next2' is clicked on

2019-12-23 13:14:36 - [MESSAGE][PASSED] - Object: 'Object Repository/object_reservation/btn_next2' is clicked on

2019-12-23 13:14:36 - [TEST_STEP][PASSED] - click(findTestObject("Object Repository/object_reservation/button_Submit Reservation")): Object: 'Object Repository/object_reservation/button_Submit Reservation' is clicked on

2019-12-23 13:14:40 - [MESSAGE][PASSED] - Object: 'Object Repository/object_reservation/button_Submit Reservation' is clicked on

2019-12-23 13:14:40 - [TEST_STEP][PASSED] - delay(2): Delayed 2 second(s)

2019-12-23 13:14:42 - [MESSAGE][PASSED] - Delayed 2 second(s)

2019-12-23 13:14:42 - [TEST_STEP][PASSED] - if (flagBoar == "2" && var_repeatingEvery == "Daily" || var_repeatingEvery == "Monthly" || var_repeatingEvery == "Weekly"): Delayed 8 second(s)

2019-12-23 13:14:42 - [TEST_STEP][PASSED] - click(findTestObject("Object Repository/object_reservation/Page_Paradise 4 Paws  Dog Boarding Cat Boar_cfde7f/button_Ok")): Object: 'Object Repository/object_reservation/Page_Paradise 4 Paws  Dog Boarding Cat Boar_cfde7f/button_Ok' is clicked on

2019-12-23 13:14:43 - [MESSAGE][PASSED] - Object: 'Object Repository/object_reservation/Page_Paradise 4 Paws  Dog Boarding Cat Boar_cfde7f/button_Ok' is clicked on

2019-12-23 13:14:43 - [TEST_STEP][PASSED] - delay(8): Delayed 8 second(s)

2019-12-23 13:14:51 - [MESSAGE][PASSED] - Delayed 8 second(s)

2019-12-23 13:14:51 - [TEST_STEP][PASSED] - delay(2): Delayed 2 second(s)

2019-12-23 13:14:53 - [MESSAGE][PASSED] - Delayed 2 second(s)

2019-12-23 13:14:53 - [TEST_STEP][FAILED] - try: Unable to click on object 'Object Repository/object_reservation/button_Return To Reservation' (Root cause: com.kms.katalon.core.exception.StepFailedException: Unable to click on object 'Object Repository/object_reservation/button_Return To Reservation'
	at com.kms.katalon.core.webui.keyword.internal.WebUIKeywordMain.stepFailed(WebUIKeywordMain.groovy:64)
	at com.kms.katalon.core.webui.keyword.internal.WebUIKeywordMain.runKeyword(WebUIKeywordMain.groovy:26)
	at com.kms.katalon.core.webui.keyword.builtin.ClickKeyword.click(ClickKeyword.groovy:99)
	at com.kms.katalon.core.webui.keyword.builtin.ClickKeyword.execute(ClickKeyword.groovy:43)
	at com.kms.katalon.core.keyword.internal.KeywordExecutor.executeKeywordForPlatform(KeywordExecutor.groovy:60)
	at com.kms.katalon.core.webui.keyword.WebUiBuiltInKeywords.click(WebUiBuiltInKeywords.groovy:616)
	at com.kms.katalon.core.webui.keyword.WebUiBuiltInKeywords$click$2.call(Unknown Source)
	at p4p_newReservationDaycare.run(p4p_newReservationDaycare:612)
	at com.kms.katalon.core.main.ScriptEngine.run(ScriptEngine.java:194)
	at com.kms.katalon.core.main.ScriptEngine.runScriptAsRawText(ScriptEngine.java:119)
	at com.kms.katalon.core.main.TestCaseExecutor.runScript(TestCaseExecutor.java:337)
	at com.kms.katalon.core.main.TestCaseExecutor.doExecute(TestCaseExecutor.java:328)
	at com.kms.katalon.core.main.TestCaseExecutor.processExecutionPhase(TestCaseExecutor.java:307)
	at com.kms.katalon.core.main.TestCaseExecutor.accessMainPhase(TestCaseExecutor.java:299)
	at com.kms.katalon.core.main.TestCaseExecutor.execute(TestCaseExecutor.java:233)
	at com.kms.katalon.core.main.TestSuiteExecutor.accessTestCaseMainPhase(TestSuiteExecutor.java:169)
	at com.kms.katalon.core.main.TestSuiteExecutor.accessTestSuiteMainPhase(TestSuiteExecutor.java:142)
	at com.kms.katalon.core.main.TestSuiteExecutor.execute(TestSuiteExecutor.java:91)
	at com.kms.katalon.core.main.TestCaseMain.startTestSuite(TestCaseMain.java:157)
	at com.kms.katalon.core.main.TestCaseMain$startTestSuite$0.call(Unknown Source)
	at TempTestSuite1577127624136.run(TempTestSuite1577127624136.groovy:36)
Caused by: com.kms.katalon.core.webui.exception.WebElementNotFoundException: Web element with id: 'Object Repository/object_reservation/button_Return To Reservation' located by 'By.xpath: (//button[@type='button'])[13]' not found
	at com.kms.katalon.core.webui.common.WebUiCommonHelper.findWebElement(WebUiCommonHelper.java:1113)
	at com.kms.katalon.core.webui.keyword.internal.WebUIAbstractKeyword.findWebElement(WebUIAbstractKeyword.groovy:27)
	at com.kms.katalon.core.webui.keyword.internal.WebUIAbstractKeyword.findWebElement(WebUIAbstractKeyword.groovy:26)
	at com.kms.katalon.core.webui.keyword.builtin.ClickKeyword$_click_closure1.doCall(ClickKeyword.groovy:68)
	at com.kms.katalon.core.webui.keyword.builtin.ClickKeyword$_click_closure1.call(ClickKeyword.groovy)
	at com.kms.katalon.core.webui.keyword.internal.WebUIKeywordMain.runKeyword(WebUIKeywordMain.groovy:20)
	at com.kms.katalon.core.webui.keyword.builtin.ClickKeyword.click(ClickKeyword.groovy:99)
	at com.kms.katalon.core.webui.keyword.builtin.ClickKeyword.execute(ClickKeyword.groovy:43)
	at com.kms.katalon.core.keyword.internal.KeywordExecutor.executeKeywordForPlatform(KeywordExecutor.groovy:60)
	at com.kms.katalon.core.webui.keyword.WebUiBuiltInKeywords.click(WebUiBuiltInKeywords.groovy:616)
	at com.kms.katalon.core.webui.keyword.WebUiBuiltInKeywords$click$2.call(Unknown Source)
	at Script1576482965057.run(Script1576482965057.groovy:612)
	... 13 more
)

2019-12-23 13:14:53 - [TEST_STEP][FAILED] - click(findTestObject("Object Repository/object_reservation/button_Return To Reservation")): Unable to click on object 'Object Repository/object_reservation/button_Return To Reservation' (Root cause: com.kms.katalon.core.exception.StepFailedException: Unable to click on object 'Object Repository/object_reservation/button_Return To Reservation'
	at com.kms.katalon.core.webui.keyword.internal.WebUIKeywordMain.stepFailed(WebUIKeywordMain.groovy:64)
	at com.kms.katalon.core.webui.keyword.internal.WebUIKeywordMain.runKeyword(WebUIKeywordMain.groovy:26)
	at com.kms.katalon.core.webui.keyword.builtin.ClickKeyword.click(ClickKeyword.groovy:99)
	at com.kms.katalon.core.webui.keyword.builtin.ClickKeyword.execute(ClickKeyword.groovy:43)
	at com.kms.katalon.core.keyword.internal.KeywordExecutor.executeKeywordForPlatform(KeywordExecutor.groovy:60)
	at com.kms.katalon.core.webui.keyword.WebUiBuiltInKeywords.click(WebUiBuiltInKeywords.groovy:616)
	at com.kms.katalon.core.webui.keyword.WebUiBuiltInKeywords$click$2.call(Unknown Source)
	at p4p_newReservationDaycare.run(p4p_newReservationDaycare:612)
	at com.kms.katalon.core.main.ScriptEngine.run(ScriptEngine.java:194)
	at com.kms.katalon.core.main.ScriptEngine.runScriptAsRawText(ScriptEngine.java:119)
	at com.kms.katalon.core.main.TestCaseExecutor.runScript(TestCaseExecutor.java:337)
	at com.kms.katalon.core.main.TestCaseExecutor.doExecute(TestCaseExecutor.java:328)
	at com.kms.katalon.core.main.TestCaseExecutor.processExecutionPhase(TestCaseExecutor.java:307)
	at com.kms.katalon.core.main.TestCaseExecutor.accessMainPhase(TestCaseExecutor.java:299)
	at com.kms.katalon.core.main.TestCaseExecutor.execute(TestCaseExecutor.java:233)
	at com.kms.katalon.core.main.TestSuiteExecutor.accessTestCaseMainPhase(TestSuiteExecutor.java:169)
	at com.kms.katalon.core.main.TestSuiteExecutor.accessTestSuiteMainPhase(TestSuiteExecutor.java:142)
	at com.kms.katalon.core.main.TestSuiteExecutor.execute(TestSuiteExecutor.java:91)
	at com.kms.katalon.core.main.TestCaseMain.startTestSuite(TestCaseMain.java:157)
	at com.kms.katalon.core.main.TestCaseMain$startTestSuite$0.call(Unknown Source)
	at TempTestSuite1577127624136.run(TempTestSuite1577127624136.groovy:36)
Caused by: com.kms.katalon.core.webui.exception.WebElementNotFoundException: Web element with id: 'Object Repository/object_reservation/button_Return To Reservation' located by 'By.xpath: (//button[@type='button'])[13]' not found
	at com.kms.katalon.core.webui.common.WebUiCommonHelper.findWebElement(WebUiCommonHelper.java:1113)
	at com.kms.katalon.core.webui.keyword.internal.WebUIAbstractKeyword.findWebElement(WebUIAbstractKeyword.groovy:27)
	at com.kms.katalon.core.webui.keyword.internal.WebUIAbstractKeyword.findWebElement(WebUIAbstractKeyword.groovy:26)
	at com.kms.katalon.core.webui.keyword.builtin.ClickKeyword$_click_closure1.doCall(ClickKeyword.groovy:68)
	at com.kms.katalon.core.webui.keyword.builtin.ClickKeyword$_click_closure1.call(ClickKeyword.groovy)
	at com.kms.katalon.core.webui.keyword.internal.WebUIKeywordMain.runKeyword(WebUIKeywordMain.groovy:20)
	at com.kms.katalon.core.webui.keyword.builtin.ClickKeyword.click(ClickKeyword.groovy:99)
	at com.kms.katalon.core.webui.keyword.builtin.ClickKeyword.execute(ClickKeyword.groovy:43)
	at com.kms.katalon.core.keyword.internal.KeywordExecutor.executeKeywordForPlatform(KeywordExecutor.groovy:60)
	at com.kms.katalon.core.webui.keyword.WebUiBuiltInKeywords.click(WebUiBuiltInKeywords.groovy:616)
	at com.kms.katalon.core.webui.keyword.WebUiBuiltInKeywords$click$2.call(Unknown Source)
	at Script1576482965057.run(Script1576482965057.groovy:612)
	... 13 more
)

2019-12-23 13:15:36 - [MESSAGE][INFO] - Unable to find the element located by 'By.xpath: (//button[@type='button'])[13]'. Please recheck the objects properties to make sure the desired element is located. 

2019-12-23 13:15:37 - [MESSAGE][FAILED] - Unable to click on object 'Object Repository/object_reservation/button_Return To Reservation' (Root cause: com.kms.katalon.core.exception.StepFailedException: Unable to click on object 'Object Repository/object_reservation/button_Return To Reservation'
	at com.kms.katalon.core.webui.keyword.internal.WebUIKeywordMain.stepFailed(WebUIKeywordMain.groovy:64)
	at com.kms.katalon.core.webui.keyword.internal.WebUIKeywordMain.runKeyword(WebUIKeywordMain.groovy:26)
	at com.kms.katalon.core.webui.keyword.builtin.ClickKeyword.click(ClickKeyword.groovy:99)
	at com.kms.katalon.core.webui.keyword.builtin.ClickKeyword.execute(ClickKeyword.groovy:43)
	at com.kms.katalon.core.keyword.internal.KeywordExecutor.executeKeywordForPlatform(KeywordExecutor.groovy:60)
	at com.kms.katalon.core.webui.keyword.WebUiBuiltInKeywords.click(WebUiBuiltInKeywords.groovy:616)
	at com.kms.katalon.core.webui.keyword.WebUiBuiltInKeywords$click$2.call(Unknown Source)
	at p4p_newReservationDaycare.run(p4p_newReservationDaycare:612)
	at com.kms.katalon.core.main.ScriptEngine.run(ScriptEngine.java:194)
	at com.kms.katalon.core.main.ScriptEngine.runScriptAsRawText(ScriptEngine.java:119)
	at com.kms.katalon.core.main.TestCaseExecutor.runScript(TestCaseExecutor.java:337)
	at com.kms.katalon.core.main.TestCaseExecutor.doExecute(TestCaseExecutor.java:328)
	at com.kms.katalon.core.main.TestCaseExecutor.processExecutionPhase(TestCaseExecutor.java:307)
	at com.kms.katalon.core.main.TestCaseExecutor.accessMainPhase(TestCaseExecutor.java:299)
	at com.kms.katalon.core.main.TestCaseExecutor.execute(TestCaseExecutor.java:233)
	at com.kms.katalon.core.main.TestSuiteExecutor.accessTestCaseMainPhase(TestSuiteExecutor.java:169)
	at com.kms.katalon.core.main.TestSuiteExecutor.accessTestSuiteMainPhase(TestSuiteExecutor.java:142)
	at com.kms.katalon.core.main.TestSuiteExecutor.execute(TestSuiteExecutor.java:91)
	at com.kms.katalon.core.main.TestCaseMain.startTestSuite(TestCaseMain.java:157)
	at com.kms.katalon.core.main.TestCaseMain$startTestSuite$0.call(Unknown Source)
	at TempTestSuite1577127624136.run(TempTestSuite1577127624136.groovy:36)
Caused by: com.kms.katalon.core.webui.exception.WebElementNotFoundException: Web element with id: 'Object Repository/object_reservation/button_Return To Reservation' located by 'By.xpath: (//button[@type='button'])[13]' not found
	at com.kms.katalon.core.webui.common.WebUiCommonHelper.findWebElement(WebUiCommonHelper.java:1113)
	at com.kms.katalon.core.webui.keyword.internal.WebUIAbstractKeyword.findWebElement(WebUIAbstractKeyword.groovy:27)
	at com.kms.katalon.core.webui.keyword.internal.WebUIAbstractKeyword.findWebElement(WebUIAbstractKeyword.groovy:26)
	at com.kms.katalon.core.webui.keyword.builtin.ClickKeyword$_click_closure1.doCall(ClickKeyword.groovy:68)
	at com.kms.katalon.core.webui.keyword.builtin.ClickKeyword$_click_closure1.call(ClickKeyword.groovy)
	at com.kms.katalon.core.webui.keyword.internal.WebUIKeywordMain.runKeyword(WebUIKeywordMain.groovy:20)
	at com.kms.katalon.core.webui.keyword.builtin.ClickKeyword.click(ClickKeyword.groovy:99)
	at com.kms.katalon.core.webui.keyword.builtin.ClickKeyword.execute(ClickKeyword.groovy:43)
	at com.kms.katalon.core.keyword.internal.KeywordExecutor.executeKeywordForPlatform(KeywordExecutor.groovy:60)
	at com.kms.katalon.core.webui.keyword.WebUiBuiltInKeywords.click(WebUiBuiltInKeywords.groovy:616)
	at com.kms.katalon.core.webui.keyword.WebUiBuiltInKeywords$click$2.call(Unknown Source)
	at Script1576482965057.run(Script1576482965057.groovy:612)
	... 13 more
)
[[ATTACHMENT|/home/leonardo-arkusmty/Documents/workspaceKatalon/p4ptest/Reports/20191223_130024/ts_newReservationDaycare/20191223_130024/1577128536913.png]]

2019-12-23 13:15:37 - [TEST_STEP][PASSED] - catch (Exception e): null

2019-12-23 13:15:37 - [TEST_STEP][PASSED] - e.printStackTrace(): null

2019-12-23 13:15:37 - [TEST_STEP][PASSED] - log.logInfo("ERROR EXCEPCION"): ERROR EXCEPCION

2019-12-23 13:15:37 - [MESSAGE][INFO] - ERROR EXCEPCION

2019-12-23 13:15:37 - [TEST_STEP][PASSED] - cell1Err = rowNewRes.createCell(16, 0): null

2019-12-23 13:15:37 - [TEST_STEP][PASSED] - cell2Err = rowNewRes.createCell(18, 0): null

2019-12-23 13:15:37 - [TEST_STEP][PASSED] - cell1Err.setCellType(CELL_TYPE_STRING): null

2019-12-23 13:15:37 - [TEST_STEP][PASSED] - cell1Err.setCellValue("Error"): null

2019-12-23 13:15:37 - [TEST_STEP][PASSED] - cell2Err.setCellType(CELL_TYPE_STRING): null

2019-12-23 13:15:37 - [TEST_STEP][PASSED] - cell2Err.setCellValue("Reservacion existente"): null

2019-12-23 13:15:37 - [TEST_STEP][PASSED] - fos = new java.io.FileOutputStream(/home/leonardo-arkusmty/Desktop/P4P/DATA_AUTOMATINTESTING/data_1newReservationDaycare.xlsx): null

2019-12-23 13:15:37 - [TEST_STEP][PASSED] - workbookNewRes.write(fos): null

2019-12-23 13:15:37 - [TEST_STEP][PASSED] - fos.close(): null

2019-12-23 13:15:37 - [TEST_STEP][PASSED] - delay(1): Delayed 1 second(s)

2019-12-23 13:15:38 - [MESSAGE][PASSED] - Delayed 1 second(s)

2019-12-23 13:15:38 - [TEST_STEP][PASSED] - cellCan = rowCanRes.createCell(5, 0): null]]></system-out>
         <system-err><![CDATA[2019-12-23 13:13:26 - [TEST_CASE][ERROR] - Test Cases/p4p_newReservationDaycare: Test Cases/p4p_newReservationDaycare FAILED.
Reason:
java.lang.NullPointerException: Cannot invoke method createCell() on null object
	at org.apache.poi.ss.usermodel.Row$createCell.call(Unknown Source)
	at p4p_newReservationDaycare.run(p4p_newReservationDaycare:634)
	at com.kms.katalon.core.main.ScriptEngine.run(ScriptEngine.java:194)
	at com.kms.katalon.core.main.ScriptEngine.runScriptAsRawText(ScriptEngine.java:119)
	at com.kms.katalon.core.main.TestCaseExecutor.runScript(TestCaseExecutor.java:337)
	at com.kms.katalon.core.main.TestCaseExecutor.doExecute(TestCaseExecutor.java:328)
	at com.kms.katalon.core.main.TestCaseExecutor.processExecutionPhase(TestCaseExecutor.java:307)
	at com.kms.katalon.core.main.TestCaseExecutor.accessMainPhase(TestCaseExecutor.java:299)
	at com.kms.katalon.core.main.TestCaseExecutor.execute(TestCaseExecutor.java:233)
	at com.kms.katalon.core.main.TestSuiteExecutor.accessTestCaseMainPhase(TestSuiteExecutor.java:169)
	at com.kms.katalon.core.main.TestSuiteExecutor.accessTestSuiteMainPhase(TestSuiteExecutor.java:142)
	at com.kms.katalon.core.main.TestSuiteExecutor.execute(TestSuiteExecutor.java:91)
	at com.kms.katalon.core.main.TestCaseMain.startTestSuite(TestCaseMain.java:157)
	at com.kms.katalon.core.main.TestCaseMain$startTestSuite$0.call(Unknown Source)
	at TempTestSuite1577127624136.run(TempTestSuite1577127624136.groovy:36)]]></system-err>
      </testcase>
      <testcase name="Test Cases/p4p_newReservationDaycare" time="192.094" classname="Test Cases/p4p_newReservationDaycare" status="FAILED">
         <failure type="FAILED" message="Test Cases/p4p_newReservationDaycare FAILED.
Reason:
com.kms.katalon.core.exception.StepFailedException: Unable to click on object 'Object Repository/object_reservation/Page_Paradise 4 Paws  Dog Boarding Cat Boar_35fe2b/button_Go to CheckOut'
	at com.kms.katalon.core.webui.keyword.internal.WebUIKeywordMain.stepFailed(WebUIKeywordMain.groovy:64)
	at com.kms.katalon.core.webui.keyword.internal.WebUIKeywordMain.runKeyword(WebUIKeywordMain.groovy:26)
	at com.kms.katalon.core.webui.keyword.builtin.ClickKeyword.click(ClickKeyword.groovy:99)
	at com.kms.katalon.core.webui.keyword.builtin.ClickKeyword.execute(ClickKeyword.groovy:43)
	at com.kms.katalon.core.keyword.internal.KeywordExecutor.executeKeywordForPlatform(KeywordExecutor.groovy:60)
	at com.kms.katalon.core.webui.keyword.WebUiBuiltInKeywords.click(WebUiBuiltInKeywords.groovy:616)
	at com.kms.katalon.core.webui.keyword.WebUiBuiltInKeywords$click$2.call(Unknown Source)
	at p4p_newReservationDaycare.run(p4p_newReservationDaycare:645)
	at com.kms.katalon.core.main.ScriptEngine.run(ScriptEngine.java:194)
	at com.kms.katalon.core.main.ScriptEngine.runScriptAsRawText(ScriptEngine.java:119)
	at com.kms.katalon.core.main.TestCaseExecutor.runScript(TestCaseExecutor.java:337)
	at com.kms.katalon.core.main.TestCaseExecutor.doExecute(TestCaseExecutor.java:328)
	at com.kms.katalon.core.main.TestCaseExecutor.processExecutionPhase(TestCaseExecutor.java:307)
	at com.kms.katalon.core.main.TestCaseExecutor.accessMainPhase(TestCaseExecutor.java:299)
	at com.kms.katalon.core.main.TestCaseExecutor.execute(TestCaseExecutor.java:233)
	at com.kms.katalon.core.main.TestSuiteExecutor.accessTestCaseMainPhase(TestSuiteExecutor.java:169)
	at com.kms.katalon.core.main.TestSuiteExecutor.accessTestSuiteMainPhase(TestSuiteExecutor.java:142)
	at com.kms.katalon.core.main.TestSuiteExecutor.execute(TestSuiteExecutor.java:91)
	at com.kms.katalon.core.main.TestCaseMain.startTestSuite(TestCaseMain.java:157)
	at com.kms.katalon.core.main.TestCaseMain$startTestSuite$0.call(Unknown Source)
	at TempTestSuite1577127624136.run(TempTestSuite1577127624136.groovy:36)
Caused by: com.kms.katalon.core.webui.exception.WebElementNotFoundException: Web element with id: 'Object Repository/object_reservation/Page_Paradise 4 Paws  Dog Boarding Cat Boar_35fe2b/button_Go to CheckOut' located by 'By.xpath: //div[@id='wrapper']/div/div/div[3]/fieldset/div/p4p-reservations-wizard/div/div[3]/div/div/div/div/div[2]/submit/button' not found
	at com.kms.katalon.core.webui.common.WebUiCommonHelper.findWebElement(WebUiCommonHelper.java:1113)
	at com.kms.katalon.core.webui.keyword.internal.WebUIAbstractKeyword.findWebElement(WebUIAbstractKeyword.groovy:27)
	at com.kms.katalon.core.webui.keyword.internal.WebUIAbstractKeyword.findWebElement(WebUIAbstractKeyword.groovy:26)
	at com.kms.katalon.core.webui.keyword.builtin.ClickKeyword$_click_closure1.doCall(ClickKeyword.groovy:68)
	at com.kms.katalon.core.webui.keyword.builtin.ClickKeyword$_click_closure1.call(ClickKeyword.groovy)
	at com.kms.katalon.core.webui.keyword.internal.WebUIKeywordMain.runKeyword(WebUIKeywordMain.groovy:20)
	... 19 more
"/>
         <system-out><![CDATA[2019-12-23 13:15:38 - [TEST_CASE][FAILED] - Test Cases/p4p_newReservationDaycare: Test Cases/p4p_newReservationDaycare FAILED.
Reason:
com.kms.katalon.core.exception.StepFailedException: Unable to click on object 'Object Repository/object_reservation/Page_Paradise 4 Paws  Dog Boarding Cat Boar_35fe2b/button_Go to CheckOut'
	at com.kms.katalon.core.webui.keyword.internal.WebUIKeywordMain.stepFailed(WebUIKeywordMain.groovy:64)
	at com.kms.katalon.core.webui.keyword.internal.WebUIKeywordMain.runKeyword(WebUIKeywordMain.groovy:26)
	at com.kms.katalon.core.webui.keyword.builtin.ClickKeyword.click(ClickKeyword.groovy:99)
	at com.kms.katalon.core.webui.keyword.builtin.ClickKeyword.execute(ClickKeyword.groovy:43)
	at com.kms.katalon.core.keyword.internal.KeywordExecutor.executeKeywordForPlatform(KeywordExecutor.groovy:60)
	at com.kms.katalon.core.webui.keyword.WebUiBuiltInKeywords.click(WebUiBuiltInKeywords.groovy:616)
	at com.kms.katalon.core.webui.keyword.WebUiBuiltInKeywords$click$2.call(Unknown Source)
	at p4p_newReservationDaycare.run(p4p_newReservationDaycare:645)
	at com.kms.katalon.core.main.ScriptEngine.run(ScriptEngine.java:194)
	at com.kms.katalon.core.main.ScriptEngine.runScriptAsRawText(ScriptEngine.java:119)
	at com.kms.katalon.core.main.TestCaseExecutor.runScript(TestCaseExecutor.java:337)
	at com.kms.katalon.core.main.TestCaseExecutor.doExecute(TestCaseExecutor.java:328)
	at com.kms.katalon.core.main.TestCaseExecutor.processExecutionPhase(TestCaseExecutor.java:307)
	at com.kms.katalon.core.main.TestCaseExecutor.accessMainPhase(TestCaseExecutor.java:299)
	at com.kms.katalon.core.main.TestCaseExecutor.execute(TestCaseExecutor.java:233)
	at com.kms.katalon.core.main.TestSuiteExecutor.accessTestCaseMainPhase(TestSuiteExecutor.java:169)
	at com.kms.katalon.core.main.TestSuiteExecutor.accessTestSuiteMainPhase(TestSuiteExecutor.java:142)
	at com.kms.katalon.core.main.TestSuiteExecutor.execute(TestSuiteExecutor.java:91)
	at com.kms.katalon.core.main.TestCaseMain.startTestSuite(TestCaseMain.java:157)
	at com.kms.katalon.core.main.TestCaseMain$startTestSuite$0.call(Unknown Source)
	at TempTestSuite1577127624136.run(TempTestSuite1577127624136.groovy:36)
Caused by: com.kms.katalon.core.webui.exception.WebElementNotFoundException: Web element with id: 'Object Repository/object_reservation/Page_Paradise 4 Paws  Dog Boarding Cat Boar_35fe2b/button_Go to CheckOut' located by 'By.xpath: //div[@id='wrapper']/div/div/div[3]/fieldset/div/p4p-reservations-wizard/div/div[3]/div/div/div/div/div[2]/submit/button' not found
	at com.kms.katalon.core.webui.common.WebUiCommonHelper.findWebElement(WebUiCommonHelper.java:1113)
	at com.kms.katalon.core.webui.keyword.internal.WebUIAbstractKeyword.findWebElement(WebUIAbstractKeyword.groovy:27)
	at com.kms.katalon.core.webui.keyword.internal.WebUIAbstractKeyword.findWebElement(WebUIAbstractKeyword.groovy:26)
	at com.kms.katalon.core.webui.keyword.builtin.ClickKeyword$_click_closure1.doCall(ClickKeyword.groovy:68)
	at com.kms.katalon.core.webui.keyword.builtin.ClickKeyword$_click_closure1.call(ClickKeyword.groovy)
	at com.kms.katalon.core.webui.keyword.internal.WebUIKeywordMain.runKeyword(WebUIKeywordMain.groovy:20)
	... 19 more


2019-12-23 13:15:38 - [TEST_STEP][PASSED] - openBrowser("https://p4p-qa-bg.aws.paradise4paws.com/login/"): Browser is opened with url: 'https://p4p-qa-bg.aws.paradise4paws.com/login/'

2019-12-23 13:15:38 - [MESSAGE][WARNING] - A browser is already opened. Closing browser and opening a new one

2019-12-23 13:15:38 - [MESSAGE][INFO] - Starting 'Firefox' driver

2019-12-23 13:15:42 - [MESSAGE][PASSED] - Browser is opened with url: 'https://p4p-qa-bg.aws.paradise4paws.com/login/'

2019-12-23 13:15:42 - [TEST_STEP][PASSED] - setText(findTestObject("Object Repository/object_login/input_user"), var_user): Text 'jegchavez@gmail.com' is set on object 'Object Repository/object_login/input_user'

2019-12-23 13:15:42 - [MESSAGE][PASSED] - Text 'jegchavez@gmail.com' is set on object 'Object Repository/object_login/input_user'

2019-12-23 13:15:42 - [TEST_STEP][PASSED] - setText(findTestObject("Object Repository/object_login/input_pass"), var_pass): Text 'admin1' is set on object 'Object Repository/object_login/input_pass'

2019-12-23 13:15:43 - [MESSAGE][PASSED] - Text 'admin1' is set on object 'Object Repository/object_login/input_pass'

2019-12-23 13:15:43 - [TEST_STEP][PASSED] - delay(2): Delayed 2 second(s)

2019-12-23 13:15:45 - [MESSAGE][PASSED] - Delayed 2 second(s)

2019-12-23 13:15:45 - [TEST_STEP][PASSED] - verifyElementClickable(findTestObject("Object Repository/object_login/btn_login")): Object 'Object Repository/object_login/btn_login' is clickable

2019-12-23 13:15:45 - [MESSAGE][PASSED] - Object 'Object Repository/object_login/btn_login' is clickable

2019-12-23 13:15:45 - [TEST_STEP][PASSED] - click(findTestObject("Object Repository/object_login/btn_login")): Object: 'Object Repository/object_login/btn_login' is clicked on

2019-12-23 13:15:49 - [MESSAGE][PASSED] - Object: 'Object Repository/object_login/btn_login' is clicked on

2019-12-23 13:15:49 - [TEST_STEP][PASSED] - delay(2): Delayed 2 second(s)

2019-12-23 13:15:51 - [MESSAGE][PASSED] - Delayed 2 second(s)

2019-12-23 13:15:51 - [TEST_STEP][PASSED] - setText(findTestObject("Object Repository/object_dashboard_emp/input_search"), var_searchParent): Text 'leongarzagarza@hotmail.com' is set on object 'Object Repository/object_dashboard_emp/input_search'

2019-12-23 13:15:52 - [MESSAGE][PASSED] - Text 'leongarzagarza@hotmail.com' is set on object 'Object Repository/object_dashboard_emp/input_search'

2019-12-23 13:15:52 - [TEST_STEP][PASSED] - click(findTestObject("Object Repository/object_dashboard_emp/btn_accountSearch")): Object: 'Object Repository/object_dashboard_emp/btn_accountSearch' is clicked on

2019-12-23 13:15:53 - [MESSAGE][PASSED] - Object: 'Object Repository/object_dashboard_emp/btn_accountSearch' is clicked on

2019-12-23 13:15:53 - [TEST_STEP][PASSED] - delay(2): Delayed 2 second(s)

2019-12-23 13:15:55 - [MESSAGE][PASSED] - Delayed 2 second(s)

2019-12-23 13:15:55 - [TEST_STEP][PASSED] - click(findTestObject("Object Repository/object_accountInformation/a_TEST GABRIEL PROD")): Object: 'Object Repository/object_accountInformation/a_TEST GABRIEL PROD' is clicked on

2019-12-23 13:15:59 - [MESSAGE][PASSED] - Object: 'Object Repository/object_accountInformation/a_TEST GABRIEL PROD' is clicked on

2019-12-23 13:15:59 - [TEST_STEP][PASSED] - delay(2): Delayed 2 second(s)

2019-12-23 13:16:01 - [MESSAGE][PASSED] - Delayed 2 second(s)

2019-12-23 13:16:01 - [TEST_STEP][PASSED] - flagBoar = "0": null

2019-12-23 13:16:01 - [TEST_STEP][PASSED] - log = new com.kms.katalon.core.logging.KeywordLogger(): null

2019-12-23 13:16:01 - [TEST_STEP][PASSED] - fisNewRes = new java.io.FileInputStream(/home/leonardo-arkusmty/Desktop/P4P/DATA_AUTOMATINTESTING/data_1newReservationDaycare.xlsx): null

2019-12-23 13:16:01 - [TEST_STEP][PASSED] - fisCanRes = new java.io.FileInputStream(/home/leonardo-arkusmty/Desktop/P4P/DATA_AUTOMATINTESTING/data_2cancelReservation.xlsx): null

2019-12-23 13:16:01 - [TEST_STEP][PASSED] - workbookNewRes = new org.apache.poi.xssf.usermodel.XSSFWorkbook(fisNewRes): null

2019-12-23 13:16:01 - [TEST_STEP][PASSED] - workbookCanRes = new org.apache.poi.xssf.usermodel.XSSFWorkbook(fisCanRes): null

2019-12-23 13:16:01 - [TEST_STEP][PASSED] - sheetNewRes = workbookNewRes.getSheet("Sheet1"): null

2019-12-23 13:16:01 - [TEST_STEP][PASSED] - sheetCanRes = workbookCanRes.getSheet("Sheet1"): null

2019-12-23 13:16:01 - [TEST_STEP][PASSED] - rowCount = var_row: null

2019-12-23 13:16:01 - [TEST_STEP][PASSED] - var = Integer.parseInt(var_idRowRes): null

2019-12-23 13:16:01 - [TEST_STEP][PASSED] - rowNewRes = sheetNewRes.getRow(var): null

2019-12-23 13:16:01 - [TEST_STEP][PASSED] - rowCanRes = sheetCanRes.getRow(var): null

2019-12-23 13:16:01 - [TEST_STEP][PASSED] - var_url = getUrl(): Current window's url is: 'https://p4p-qa-bg.aws.paradise4paws.com/accounts/profile/#/reservations/122350/'

2019-12-23 13:16:01 - [MESSAGE][PASSED] - Current window's url is: 'https://p4p-qa-bg.aws.paradise4paws.com/accounts/profile/#/reservations/122350/'

2019-12-23 13:16:01 - [TEST_STEP][PASSED] - arrUrl = var_url.split("/"): null

2019-12-23 13:16:01 - [TEST_STEP][PASSED] - idParent = arrUrl[7]: null

2019-12-23 13:16:01 - [TEST_STEP][PASSED] - click(findTestObject("Object Repository/object_profile/a_addReservation")): Object: 'Object Repository/object_profile/a_addReservation' is clicked on

2019-12-23 13:16:02 - [MESSAGE][PASSED] - Object: 'Object Repository/object_profile/a_addReservation' is clicked on

2019-12-23 13:16:02 - [TEST_STEP][PASSED] - delay(2): Delayed 2 second(s)

2019-12-23 13:16:04 - [MESSAGE][PASSED] - Delayed 2 second(s)

2019-12-23 13:16:04 - [TEST_STEP][PASSED] - if (var_typeReserveation == "Boarding"): null

2019-12-23 13:16:04 - [TEST_STEP][PASSED] - else if (var_typeReserveation == "Daycare"): Object: 'Object Repository/object_reservation/btn_Daycare' is clicked on

2019-12-23 13:16:04 - [TEST_STEP][PASSED] - flagBoar = "2": null

2019-12-23 13:16:04 - [TEST_STEP][PASSED] - click(findTestObject("object_reservation/btn_Daycare")): Object: 'Object Repository/object_reservation/btn_Daycare' is clicked on

2019-12-23 13:16:05 - [MESSAGE][PASSED] - Object: 'Object Repository/object_reservation/btn_Daycare' is clicked on

2019-12-23 13:16:05 - [TEST_STEP][PASSED] - click(findTestObject("Object Repository/object_reservation/i_location")): Object: 'Object Repository/object_reservation/i_location' is clicked on

2019-12-23 13:16:08 - [MESSAGE][PASSED] - Object: 'Object Repository/object_reservation/i_location' is clicked on

2019-12-23 13:16:08 - [TEST_STEP][PASSED] - switch (var_idFacility): null

2019-12-23 13:16:08 - [TEST_STEP][PASSED] - dateCI = var_checkinD.split(","): null

2019-12-23 13:16:08 - [TEST_STEP][PASSED] - dateCO = var_checkoutD.split(","): null

2019-12-23 13:16:08 - [TEST_STEP][PASSED] - arryPets = var_pets.split(","): null

2019-12-23 13:16:08 - [TEST_STEP][PASSED] - delay(2): Delayed 2 second(s)

2019-12-23 13:16:10 - [MESSAGE][PASSED] - Delayed 2 second(s)

2019-12-23 13:16:10 - [TEST_STEP][PASSED] - if (var_repeting == "Y"): All options with value '2' are selected in object 'Object Repository/object_reservation/Page_Paradise 4 Paws  Dog Boarding Cat Boar_cfde7f/select_DailyWeeklyMonthlyOther'  using regular expression

2019-12-23 13:16:10 - [TEST_STEP][PASSED] - click(findTestObject("Object Repository/object_reservation/checkbox_repeating")): Object: 'Object Repository/object_reservation/checkbox_repeating' is clicked on

2019-12-23 13:16:10 - [MESSAGE][PASSED] - Object: 'Object Repository/object_reservation/checkbox_repeating' is clicked on

2019-12-23 13:16:10 - [TEST_STEP][PASSED] - if (var_repeatingEvery == "Weekly"): All options with value '2' are selected in object 'Object Repository/object_reservation/Page_Paradise 4 Paws  Dog Boarding Cat Boar_cfde7f/select_DailyWeeklyMonthlyOther'  using regular expression

2019-12-23 13:16:10 - [TEST_STEP][PASSED] - selectOptionByValue(findTestObject("Object Repository/object_reservation/Page_Paradise 4 Paws  Dog Boarding Cat Boar_cfde7f/select_DailyWeeklyMonthlyOther"), "2", true): All options with value '2' are selected in object 'Object Repository/object_reservation/Page_Paradise 4 Paws  Dog Boarding Cat Boar_cfde7f/select_DailyWeeklyMonthlyOther'  using regular expression

2019-12-23 13:16:12 - [MESSAGE][PASSED] - All options with value '2' are selected in object 'Object Repository/object_reservation/Page_Paradise 4 Paws  Dog Boarding Cat Boar_cfde7f/select_DailyWeeklyMonthlyOther'  using regular expression

2019-12-23 13:16:12 - [TEST_STEP][PASSED] - click(findTestObject("Object Repository/object_reservation/dateCheckIn")): Object: 'Object Repository/object_reservation/dateCheckIn' is clicked on

2019-12-23 13:16:13 - [MESSAGE][PASSED] - Object: 'Object Repository/object_reservation/dateCheckIn' is clicked on

2019-12-23 13:16:13 - [TEST_STEP][PASSED] - stringCI2020 = "0": null

2019-12-23 13:16:13 - [TEST_STEP][PASSED] - stringCO2020 = "0": null

2019-12-23 13:16:13 - [TEST_STEP][PASSED] - if (dateCI[0] == "16" && dateCI[1] == "01" && dateCI[2] == "2020"): null

2019-12-23 13:16:13 - [TEST_STEP][PASSED] - if (dateCI[0] == "18" && dateCI[1] == "02" && dateCI[2] == "2020"): null

2019-12-23 13:16:13 - [TEST_STEP][PASSED] - if (dateCI[0] == "21" && dateCI[1] == "03" && dateCI[2] == "2020"): null

2019-12-23 13:16:13 - [TEST_STEP][PASSED] - delay(2): Delayed 2 second(s)

2019-12-23 13:16:15 - [MESSAGE][PASSED] - Delayed 2 second(s)

2019-12-23 13:16:15 - [TEST_STEP][PASSED] - if (stringCI2020 == "0"): null

2019-12-23 13:16:15 - [TEST_STEP][PASSED] - switch (dateCI[0]): null

2019-12-23 13:16:15 - [TEST_STEP][PASSED] - case "21":: null

2019-12-23 13:16:15 - [TEST_STEP][PASSED] - click(findTestObject("Object Repository/Page_Paradise 4 Paws  Dog Boarding Cat Boarding Norwalk Pooch Hotel/button_21_ci")): Object: 'Object Repository/Page_Paradise 4 Paws  Dog Boarding Cat Boarding Norwalk Pooch Hotel/button_21_ci' is clicked on

2019-12-23 13:16:15 - [MESSAGE][PASSED] - Object: 'Object Repository/Page_Paradise 4 Paws  Dog Boarding Cat Boarding Norwalk Pooch Hotel/button_21_ci' is clicked on

2019-12-23 13:16:15 - [TEST_STEP][PASSED] - break: null

2019-12-23 13:16:15 - [TEST_STEP][PASSED] - if (flagBoar == "1" || flagBoar == "2" && var_repeatingEvery == "Daily" || flagBoar == "2" && var_repeatingEvery == "Weekly" || flagBoar == "2" && var_repeatingEvery == "Monthly"): null

2019-12-23 13:16:15 - [TEST_STEP][PASSED] - click(findTestObject("Object Repository/object_reservation/dateCheckOut")): Object: 'Object Repository/object_reservation/dateCheckOut' is clicked on

2019-12-23 13:16:16 - [MESSAGE][PASSED] - Object: 'Object Repository/object_reservation/dateCheckOut' is clicked on

2019-12-23 13:16:16 - [TEST_STEP][PASSED] - if (dateCO[0] == "17" && dateCO[1] == "02" && dateCO[2] == "2020"): null

2019-12-23 13:16:16 - [TEST_STEP][PASSED] - if (dateCO[0] == "20" && dateCO[1] == "03" && dateCO[2] == "2020"): null

2019-12-23 13:16:16 - [TEST_STEP][PASSED] - if (dateCO[0] == "24" && dateCO[1] == "04" && dateCO[2] == "2020"): null

2019-12-23 13:16:16 - [TEST_STEP][PASSED] - if (stringCO2020 == "0"): null

2019-12-23 13:16:16 - [TEST_STEP][PASSED] - switch (dateCO[0]): null

2019-12-23 13:16:16 - [TEST_STEP][PASSED] - case "28":: null

2019-12-23 13:16:16 - [TEST_STEP][PASSED] - click(findTestObject("Object Repository/Page_Paradise 4 Paws  Dog Boarding Cat Boarding Norwalk Pooch Hotel/button_28_co")): Object: 'Object Repository/Page_Paradise 4 Paws  Dog Boarding Cat Boarding Norwalk Pooch Hotel/button_28_co' is clicked on

2019-12-23 13:16:17 - [MESSAGE][PASSED] - Object: 'Object Repository/Page_Paradise 4 Paws  Dog Boarding Cat Boarding Norwalk Pooch Hotel/button_28_co' is clicked on

2019-12-23 13:16:17 - [TEST_STEP][PASSED] - break: null

2019-12-23 13:16:17 - [TEST_STEP][NOT_RUN] - click(findTestObject("Object Repository/object_reservationCalendar/CO_close")): NOT_RUN: click(findTestObject("Object Repository/object_reservationCalendar/CO_close"))

2019-12-23 13:16:17 - [MESSAGE][NOT_RUN] - NOT_RUN: click(findTestObject("Object Repository/object_reservationCalendar/CO_close"))

2019-12-23 13:16:17 - [TEST_STEP][PASSED] - click(findTestObject("Object Repository/object_reservation/timeCheckin")): Object: 'Object Repository/object_reservation/timeCheckin' is clicked on

2019-12-23 13:16:17 - [MESSAGE][PASSED] - Object: 'Object Repository/object_reservation/timeCheckin' is clicked on

2019-12-23 13:16:17 - [TEST_STEP][PASSED] - switch (var_checkinT): null

2019-12-23 13:16:17 - [TEST_STEP][PASSED] - case "800":: null

2019-12-23 13:16:17 - [TEST_STEP][PASSED] - click(findTestObject("Object Repository/Page_Paradise 4 Paws  Dog Boarding Cat Boarding Norwalk Pooch Hotel/time_800am_ci")): Object: 'Object Repository/Page_Paradise 4 Paws  Dog Boarding Cat Boarding Norwalk Pooch Hotel/time_800am_ci' is clicked on

2019-12-23 13:16:18 - [MESSAGE][PASSED] - Object: 'Object Repository/Page_Paradise 4 Paws  Dog Boarding Cat Boarding Norwalk Pooch Hotel/time_800am_ci' is clicked on

2019-12-23 13:16:18 - [TEST_STEP][PASSED] - break: null

2019-12-23 13:16:18 - [TEST_STEP][PASSED] - click(findTestObject("Object Repository/object_reservation/timeCheckOut")): Object: 'Object Repository/object_reservation/timeCheckOut' is clicked on

2019-12-23 13:16:19 - [MESSAGE][PASSED] - Object: 'Object Repository/object_reservation/timeCheckOut' is clicked on

2019-12-23 13:16:19 - [TEST_STEP][PASSED] - switch (var_checkoutT): null

2019-12-23 13:16:19 - [TEST_STEP][PASSED] - case "1200":: null

2019-12-23 13:16:19 - [TEST_STEP][PASSED] - click(findTestObject("Object Repository/Page_Paradise 4 Paws  Dog Boarding Cat Boarding Norwalk Pooch Hotel/time_1200pm_co")): Object: 'Object Repository/Page_Paradise 4 Paws  Dog Boarding Cat Boarding Norwalk Pooch Hotel/time_1200pm_co' is clicked on

2019-12-23 13:16:19 - [MESSAGE][PASSED] - Object: 'Object Repository/Page_Paradise 4 Paws  Dog Boarding Cat Boarding Norwalk Pooch Hotel/time_1200pm_co' is clicked on

2019-12-23 13:16:19 - [TEST_STEP][PASSED] - break: null

2019-12-23 13:16:19 - [TEST_STEP][PASSED] - delay(2): Delayed 2 second(s)

2019-12-23 13:16:21 - [MESSAGE][PASSED] - Delayed 2 second(s)

2019-12-23 13:16:21 - [TEST_STEP][PASSED] - if (arryPets.size() == 1): null

2019-12-23 13:16:21 - [TEST_STEP][PASSED] - else if (arryPets.size() == 2): null

2019-12-23 13:16:21 - [TEST_STEP][PASSED] - else if (arryPets.size() == 3): Object: 'Object Repository/object_reservation/div_Athena' is clicked on

2019-12-23 13:16:21 - [TEST_STEP][PASSED] - click(findTestObject("object_reservation/Page_Paradise 4 Paws  Dog Boarding Cat Boarding Norwalk Pooch Hotel/div_Ares")): Object: 'Object Repository/object_reservation/Page_Paradise 4 Paws  Dog Boarding Cat Boarding Norwalk Pooch Hotel/div_Ares' is clicked on

2019-12-23 13:16:23 - [MESSAGE][PASSED] - Object: 'Object Repository/object_reservation/Page_Paradise 4 Paws  Dog Boarding Cat Boarding Norwalk Pooch Hotel/div_Ares' is clicked on

2019-12-23 13:16:23 - [TEST_STEP][PASSED] - click(findTestObject("object_reservation/div_Zeus")): Object: 'Object Repository/object_reservation/div_Zeus' is clicked on

2019-12-23 13:16:30 - [MESSAGE][PASSED] - Object: 'Object Repository/object_reservation/div_Zeus' is clicked on

2019-12-23 13:16:30 - [TEST_STEP][PASSED] - click(findTestObject("object_reservation/div_Athena")): Object: 'Object Repository/object_reservation/div_Athena' is clicked on

2019-12-23 13:16:39 - [MESSAGE][PASSED] - Object: 'Object Repository/object_reservation/div_Athena' is clicked on

2019-12-23 13:16:39 - [TEST_STEP][NOT_RUN] - click(findTestObject("object_reservations/i_Day_fa fa-circle-o ng-scope")): NOT_RUN: click(findTestObject("object_reservations/i_Day_fa fa-circle-o ng-scope"))

2019-12-23 13:16:39 - [MESSAGE][NOT_RUN] - NOT_RUN: click(findTestObject("object_reservations/i_Day_fa fa-circle-o ng-scope"))

2019-12-23 13:16:39 - [TEST_STEP][PASSED] - if (flagBoar == "1" || flagBoar == "2"): Object: 'Object Repository/object_reservation/div_suite_rad_deluxe' is clicked on

2019-12-23 13:16:39 - [TEST_STEP][PASSED] - click(findTestObject("Object Repository/object_reservation/div_suite_rad_deluxe")): Object: 'Object Repository/object_reservation/div_suite_rad_deluxe' is clicked on

2019-12-23 13:16:47 - [MESSAGE][PASSED] - Object: 'Object Repository/object_reservation/div_suite_rad_deluxe' is clicked on

2019-12-23 13:16:47 - [TEST_STEP][PASSED] - click(findTestObject("Object Repository/object_reservation/btn_next2")): Object: 'Object Repository/object_reservation/btn_next2' is clicked on

2019-12-23 13:16:51 - [MESSAGE][PASSED] - Object: 'Object Repository/object_reservation/btn_next2' is clicked on

2019-12-23 13:16:51 - [TEST_STEP][PASSED] - delay(3): Delayed 3 second(s)

2019-12-23 13:16:54 - [MESSAGE][PASSED] - Delayed 3 second(s)

2019-12-23 13:16:54 - [TEST_STEP][PASSED] - if (flagBoar == "1"): null

2019-12-23 13:16:54 - [TEST_STEP][PASSED] - delay(2): Delayed 2 second(s)

2019-12-23 13:16:56 - [MESSAGE][PASSED] - Delayed 2 second(s)

2019-12-23 13:16:56 - [TEST_STEP][PASSED] - click(findTestObject("Object Repository/object_reservation/btn_next2")): Object: 'Object Repository/object_reservation/btn_next2' is clicked on

2019-12-23 13:16:57 - [MESSAGE][PASSED] - Object: 'Object Repository/object_reservation/btn_next2' is clicked on

2019-12-23 13:16:57 - [TEST_STEP][PASSED] - click(findTestObject("Object Repository/object_reservation/button_Submit Reservation")): Object: 'Object Repository/object_reservation/button_Submit Reservation' is clicked on

2019-12-23 13:17:01 - [MESSAGE][PASSED] - Object: 'Object Repository/object_reservation/button_Submit Reservation' is clicked on

2019-12-23 13:17:01 - [TEST_STEP][PASSED] - delay(2): Delayed 2 second(s)

2019-12-23 13:17:03 - [MESSAGE][PASSED] - Delayed 2 second(s)

2019-12-23 13:17:03 - [TEST_STEP][PASSED] - if (flagBoar == "2" && var_repeatingEvery == "Daily" || var_repeatingEvery == "Monthly" || var_repeatingEvery == "Weekly"): Delayed 8 second(s)

2019-12-23 13:17:03 - [TEST_STEP][PASSED] - click(findTestObject("Object Repository/object_reservation/Page_Paradise 4 Paws  Dog Boarding Cat Boar_cfde7f/button_Ok")): Object: 'Object Repository/object_reservation/Page_Paradise 4 Paws  Dog Boarding Cat Boar_cfde7f/button_Ok' is clicked on

2019-12-23 13:17:03 - [MESSAGE][PASSED] - Object: 'Object Repository/object_reservation/Page_Paradise 4 Paws  Dog Boarding Cat Boar_cfde7f/button_Ok' is clicked on

2019-12-23 13:17:03 - [TEST_STEP][PASSED] - delay(8): Delayed 8 second(s)

2019-12-23 13:17:11 - [MESSAGE][PASSED] - Delayed 8 second(s)

2019-12-23 13:17:11 - [TEST_STEP][PASSED] - delay(2): Delayed 2 second(s)

2019-12-23 13:17:13 - [MESSAGE][PASSED] - Delayed 2 second(s)

2019-12-23 13:17:13 - [TEST_STEP][FAILED] - try: Unable to click on object 'Object Repository/object_reservation/button_Return To Reservation' (Root cause: com.kms.katalon.core.exception.StepFailedException: Unable to click on object 'Object Repository/object_reservation/button_Return To Reservation'
	at com.kms.katalon.core.webui.keyword.internal.WebUIKeywordMain.stepFailed(WebUIKeywordMain.groovy:64)
	at com.kms.katalon.core.webui.keyword.internal.WebUIKeywordMain.runKeyword(WebUIKeywordMain.groovy:26)
	at com.kms.katalon.core.webui.keyword.builtin.ClickKeyword.click(ClickKeyword.groovy:99)
	at com.kms.katalon.core.webui.keyword.builtin.ClickKeyword.execute(ClickKeyword.groovy:43)
	at com.kms.katalon.core.keyword.internal.KeywordExecutor.executeKeywordForPlatform(KeywordExecutor.groovy:60)
	at com.kms.katalon.core.webui.keyword.WebUiBuiltInKeywords.click(WebUiBuiltInKeywords.groovy:616)
	at com.kms.katalon.core.webui.keyword.WebUiBuiltInKeywords$click$2.call(Unknown Source)
	at p4p_newReservationDaycare.run(p4p_newReservationDaycare:612)
	at com.kms.katalon.core.main.ScriptEngine.run(ScriptEngine.java:194)
	at com.kms.katalon.core.main.ScriptEngine.runScriptAsRawText(ScriptEngine.java:119)
	at com.kms.katalon.core.main.TestCaseExecutor.runScript(TestCaseExecutor.java:337)
	at com.kms.katalon.core.main.TestCaseExecutor.doExecute(TestCaseExecutor.java:328)
	at com.kms.katalon.core.main.TestCaseExecutor.processExecutionPhase(TestCaseExecutor.java:307)
	at com.kms.katalon.core.main.TestCaseExecutor.accessMainPhase(TestCaseExecutor.java:299)
	at com.kms.katalon.core.main.TestCaseExecutor.execute(TestCaseExecutor.java:233)
	at com.kms.katalon.core.main.TestSuiteExecutor.accessTestCaseMainPhase(TestSuiteExecutor.java:169)
	at com.kms.katalon.core.main.TestSuiteExecutor.accessTestSuiteMainPhase(TestSuiteExecutor.java:142)
	at com.kms.katalon.core.main.TestSuiteExecutor.execute(TestSuiteExecutor.java:91)
	at com.kms.katalon.core.main.TestCaseMain.startTestSuite(TestCaseMain.java:157)
	at com.kms.katalon.core.main.TestCaseMain$startTestSuite$0.call(Unknown Source)
	at TempTestSuite1577127624136.run(TempTestSuite1577127624136.groovy:36)
Caused by: com.kms.katalon.core.webui.exception.WebElementNotFoundException: Web element with id: 'Object Repository/object_reservation/button_Return To Reservation' located by 'By.xpath: (//button[@type='button'])[13]' not found
	at com.kms.katalon.core.webui.common.WebUiCommonHelper.findWebElement(WebUiCommonHelper.java:1113)
	at com.kms.katalon.core.webui.keyword.internal.WebUIAbstractKeyword.findWebElement(WebUIAbstractKeyword.groovy:27)
	at com.kms.katalon.core.webui.keyword.internal.WebUIAbstractKeyword.findWebElement(WebUIAbstractKeyword.groovy:26)
	at com.kms.katalon.core.webui.keyword.builtin.ClickKeyword$_click_closure1.doCall(ClickKeyword.groovy:68)
	at com.kms.katalon.core.webui.keyword.builtin.ClickKeyword$_click_closure1.call(ClickKeyword.groovy)
	at com.kms.katalon.core.webui.keyword.internal.WebUIKeywordMain.runKeyword(WebUIKeywordMain.groovy:20)
	at com.kms.katalon.core.webui.keyword.builtin.ClickKeyword.click(ClickKeyword.groovy:99)
	at com.kms.katalon.core.webui.keyword.builtin.ClickKeyword.execute(ClickKeyword.groovy:43)
	at com.kms.katalon.core.keyword.internal.KeywordExecutor.executeKeywordForPlatform(KeywordExecutor.groovy:60)
	at com.kms.katalon.core.webui.keyword.WebUiBuiltInKeywords.click(WebUiBuiltInKeywords.groovy:616)
	at com.kms.katalon.core.webui.keyword.WebUiBuiltInKeywords$click$2.call(Unknown Source)
	at Script1576482965057.run(Script1576482965057.groovy:612)
	... 13 more
)

2019-12-23 13:17:13 - [TEST_STEP][FAILED] - click(findTestObject("Object Repository/object_reservation/button_Return To Reservation")): Unable to click on object 'Object Repository/object_reservation/button_Return To Reservation' (Root cause: com.kms.katalon.core.exception.StepFailedException: Unable to click on object 'Object Repository/object_reservation/button_Return To Reservation'
	at com.kms.katalon.core.webui.keyword.internal.WebUIKeywordMain.stepFailed(WebUIKeywordMain.groovy:64)
	at com.kms.katalon.core.webui.keyword.internal.WebUIKeywordMain.runKeyword(WebUIKeywordMain.groovy:26)
	at com.kms.katalon.core.webui.keyword.builtin.ClickKeyword.click(ClickKeyword.groovy:99)
	at com.kms.katalon.core.webui.keyword.builtin.ClickKeyword.execute(ClickKeyword.groovy:43)
	at com.kms.katalon.core.keyword.internal.KeywordExecutor.executeKeywordForPlatform(KeywordExecutor.groovy:60)
	at com.kms.katalon.core.webui.keyword.WebUiBuiltInKeywords.click(WebUiBuiltInKeywords.groovy:616)
	at com.kms.katalon.core.webui.keyword.WebUiBuiltInKeywords$click$2.call(Unknown Source)
	at p4p_newReservationDaycare.run(p4p_newReservationDaycare:612)
	at com.kms.katalon.core.main.ScriptEngine.run(ScriptEngine.java:194)
	at com.kms.katalon.core.main.ScriptEngine.runScriptAsRawText(ScriptEngine.java:119)
	at com.kms.katalon.core.main.TestCaseExecutor.runScript(TestCaseExecutor.java:337)
	at com.kms.katalon.core.main.TestCaseExecutor.doExecute(TestCaseExecutor.java:328)
	at com.kms.katalon.core.main.TestCaseExecutor.processExecutionPhase(TestCaseExecutor.java:307)
	at com.kms.katalon.core.main.TestCaseExecutor.accessMainPhase(TestCaseExecutor.java:299)
	at com.kms.katalon.core.main.TestCaseExecutor.execute(TestCaseExecutor.java:233)
	at com.kms.katalon.core.main.TestSuiteExecutor.accessTestCaseMainPhase(TestSuiteExecutor.java:169)
	at com.kms.katalon.core.main.TestSuiteExecutor.accessTestSuiteMainPhase(TestSuiteExecutor.java:142)
	at com.kms.katalon.core.main.TestSuiteExecutor.execute(TestSuiteExecutor.java:91)
	at com.kms.katalon.core.main.TestCaseMain.startTestSuite(TestCaseMain.java:157)
	at com.kms.katalon.core.main.TestCaseMain$startTestSuite$0.call(Unknown Source)
	at TempTestSuite1577127624136.run(TempTestSuite1577127624136.groovy:36)
Caused by: com.kms.katalon.core.webui.exception.WebElementNotFoundException: Web element with id: 'Object Repository/object_reservation/button_Return To Reservation' located by 'By.xpath: (//button[@type='button'])[13]' not found
	at com.kms.katalon.core.webui.common.WebUiCommonHelper.findWebElement(WebUiCommonHelper.java:1113)
	at com.kms.katalon.core.webui.keyword.internal.WebUIAbstractKeyword.findWebElement(WebUIAbstractKeyword.groovy:27)
	at com.kms.katalon.core.webui.keyword.internal.WebUIAbstractKeyword.findWebElement(WebUIAbstractKeyword.groovy:26)
	at com.kms.katalon.core.webui.keyword.builtin.ClickKeyword$_click_closure1.doCall(ClickKeyword.groovy:68)
	at com.kms.katalon.core.webui.keyword.builtin.ClickKeyword$_click_closure1.call(ClickKeyword.groovy)
	at com.kms.katalon.core.webui.keyword.internal.WebUIKeywordMain.runKeyword(WebUIKeywordMain.groovy:20)
	at com.kms.katalon.core.webui.keyword.builtin.ClickKeyword.click(ClickKeyword.groovy:99)
	at com.kms.katalon.core.webui.keyword.builtin.ClickKeyword.execute(ClickKeyword.groovy:43)
	at com.kms.katalon.core.keyword.internal.KeywordExecutor.executeKeywordForPlatform(KeywordExecutor.groovy:60)
	at com.kms.katalon.core.webui.keyword.WebUiBuiltInKeywords.click(WebUiBuiltInKeywords.groovy:616)
	at com.kms.katalon.core.webui.keyword.WebUiBuiltInKeywords$click$2.call(Unknown Source)
	at Script1576482965057.run(Script1576482965057.groovy:612)
	... 13 more
)

2019-12-23 13:17:57 - [MESSAGE][INFO] - Unable to find the element located by 'By.xpath: (//button[@type='button'])[13]'. Please recheck the objects properties to make sure the desired element is located. 

2019-12-23 13:17:57 - [MESSAGE][FAILED] - Unable to click on object 'Object Repository/object_reservation/button_Return To Reservation' (Root cause: com.kms.katalon.core.exception.StepFailedException: Unable to click on object 'Object Repository/object_reservation/button_Return To Reservation'
	at com.kms.katalon.core.webui.keyword.internal.WebUIKeywordMain.stepFailed(WebUIKeywordMain.groovy:64)
	at com.kms.katalon.core.webui.keyword.internal.WebUIKeywordMain.runKeyword(WebUIKeywordMain.groovy:26)
	at com.kms.katalon.core.webui.keyword.builtin.ClickKeyword.click(ClickKeyword.groovy:99)
	at com.kms.katalon.core.webui.keyword.builtin.ClickKeyword.execute(ClickKeyword.groovy:43)
	at com.kms.katalon.core.keyword.internal.KeywordExecutor.executeKeywordForPlatform(KeywordExecutor.groovy:60)
	at com.kms.katalon.core.webui.keyword.WebUiBuiltInKeywords.click(WebUiBuiltInKeywords.groovy:616)
	at com.kms.katalon.core.webui.keyword.WebUiBuiltInKeywords$click$2.call(Unknown Source)
	at p4p_newReservationDaycare.run(p4p_newReservationDaycare:612)
	at com.kms.katalon.core.main.ScriptEngine.run(ScriptEngine.java:194)
	at com.kms.katalon.core.main.ScriptEngine.runScriptAsRawText(ScriptEngine.java:119)
	at com.kms.katalon.core.main.TestCaseExecutor.runScript(TestCaseExecutor.java:337)
	at com.kms.katalon.core.main.TestCaseExecutor.doExecute(TestCaseExecutor.java:328)
	at com.kms.katalon.core.main.TestCaseExecutor.processExecutionPhase(TestCaseExecutor.java:307)
	at com.kms.katalon.core.main.TestCaseExecutor.accessMainPhase(TestCaseExecutor.java:299)
	at com.kms.katalon.core.main.TestCaseExecutor.execute(TestCaseExecutor.java:233)
	at com.kms.katalon.core.main.TestSuiteExecutor.accessTestCaseMainPhase(TestSuiteExecutor.java:169)
	at com.kms.katalon.core.main.TestSuiteExecutor.accessTestSuiteMainPhase(TestSuiteExecutor.java:142)
	at com.kms.katalon.core.main.TestSuiteExecutor.execute(TestSuiteExecutor.java:91)
	at com.kms.katalon.core.main.TestCaseMain.startTestSuite(TestCaseMain.java:157)
	at com.kms.katalon.core.main.TestCaseMain$startTestSuite$0.call(Unknown Source)
	at TempTestSuite1577127624136.run(TempTestSuite1577127624136.groovy:36)
Caused by: com.kms.katalon.core.webui.exception.WebElementNotFoundException: Web element with id: 'Object Repository/object_reservation/button_Return To Reservation' located by 'By.xpath: (//button[@type='button'])[13]' not found
	at com.kms.katalon.core.webui.common.WebUiCommonHelper.findWebElement(WebUiCommonHelper.java:1113)
	at com.kms.katalon.core.webui.keyword.internal.WebUIAbstractKeyword.findWebElement(WebUIAbstractKeyword.groovy:27)
	at com.kms.katalon.core.webui.keyword.internal.WebUIAbstractKeyword.findWebElement(WebUIAbstractKeyword.groovy:26)
	at com.kms.katalon.core.webui.keyword.builtin.ClickKeyword$_click_closure1.doCall(ClickKeyword.groovy:68)
	at com.kms.katalon.core.webui.keyword.builtin.ClickKeyword$_click_closure1.call(ClickKeyword.groovy)
	at com.kms.katalon.core.webui.keyword.internal.WebUIKeywordMain.runKeyword(WebUIKeywordMain.groovy:20)
	at com.kms.katalon.core.webui.keyword.builtin.ClickKeyword.click(ClickKeyword.groovy:99)
	at com.kms.katalon.core.webui.keyword.builtin.ClickKeyword.execute(ClickKeyword.groovy:43)
	at com.kms.katalon.core.keyword.internal.KeywordExecutor.executeKeywordForPlatform(KeywordExecutor.groovy:60)
	at com.kms.katalon.core.webui.keyword.WebUiBuiltInKeywords.click(WebUiBuiltInKeywords.groovy:616)
	at com.kms.katalon.core.webui.keyword.WebUiBuiltInKeywords$click$2.call(Unknown Source)
	at Script1576482965057.run(Script1576482965057.groovy:612)
	... 13 more
)
[[ATTACHMENT|/home/leonardo-arkusmty/Documents/workspaceKatalon/p4ptest/Reports/20191223_130024/ts_newReservationDaycare/20191223_130024/1577128677657.png]]

2019-12-23 13:17:57 - [TEST_STEP][PASSED] - catch (Exception e): null

2019-12-23 13:17:57 - [TEST_STEP][PASSED] - e.printStackTrace(): null

2019-12-23 13:17:57 - [TEST_STEP][PASSED] - log.logInfo("ERROR EXCEPCION"): ERROR EXCEPCION

2019-12-23 13:17:57 - [MESSAGE][INFO] - ERROR EXCEPCION

2019-12-23 13:17:57 - [TEST_STEP][PASSED] - cell1Err = rowNewRes.createCell(16, 0): null

2019-12-23 13:17:57 - [TEST_STEP][PASSED] - cell2Err = rowNewRes.createCell(18, 0): null

2019-12-23 13:17:57 - [TEST_STEP][PASSED] - cell1Err.setCellType(CELL_TYPE_STRING): null

2019-12-23 13:17:57 - [TEST_STEP][PASSED] - cell1Err.setCellValue("Error"): null

2019-12-23 13:17:57 - [TEST_STEP][PASSED] - cell2Err.setCellType(CELL_TYPE_STRING): null

2019-12-23 13:17:57 - [TEST_STEP][PASSED] - cell2Err.setCellValue("Reservacion existente"): null

2019-12-23 13:17:57 - [TEST_STEP][PASSED] - fos = new java.io.FileOutputStream(/home/leonardo-arkusmty/Desktop/P4P/DATA_AUTOMATINTESTING/data_1newReservationDaycare.xlsx): null

2019-12-23 13:17:57 - [TEST_STEP][PASSED] - workbookNewRes.write(fos): null

2019-12-23 13:17:57 - [TEST_STEP][PASSED] - fos.close(): null

2019-12-23 13:17:57 - [TEST_STEP][PASSED] - delay(1): Delayed 1 second(s)

2019-12-23 13:17:58 - [MESSAGE][PASSED] - Delayed 1 second(s)

2019-12-23 13:17:58 - [TEST_STEP][PASSED] - cellCan = rowCanRes.createCell(5, 0): null

2019-12-23 13:17:58 - [TEST_STEP][PASSED] - cellCan.setCellType(CELL_TYPE_STRING): null

2019-12-23 13:17:58 - [TEST_STEP][PASSED] - cellCan.setCellValue("Error en la reservacion"): null

2019-12-23 13:17:58 - [TEST_STEP][PASSED] - fosCan = new java.io.FileOutputStream(/home/leonardo-arkusmty/Desktop/P4P/DATA_AUTOMATINTESTING/data_2cancelReservation.xlsx): null

2019-12-23 13:17:58 - [TEST_STEP][PASSED] - workbookCanRes.write(fosCan): null

2019-12-23 13:17:58 - [TEST_STEP][PASSED] - fosCan.close(): null

2019-12-23 13:17:58 - [TEST_STEP][PASSED] - delay(6): Delayed 6 second(s)

2019-12-23 13:18:04 - [MESSAGE][PASSED] - Delayed 6 second(s)

2019-12-23 13:18:04 - [TEST_STEP][FAILED] - click(findTestObject("Object Repository/object_reservation/Page_Paradise 4 Paws  Dog Boarding Cat Boar_35fe2b/button_Go to CheckOut")): Unable to click on object 'Object Repository/object_reservation/Page_Paradise 4 Paws  Dog Boarding Cat Boar_35fe2b/button_Go to CheckOut' (Root cause: com.kms.katalon.core.exception.StepFailedException: Unable to click on object 'Object Repository/object_reservation/Page_Paradise 4 Paws  Dog Boarding Cat Boar_35fe2b/button_Go to CheckOut'
	at com.kms.katalon.core.webui.keyword.internal.WebUIKeywordMain.stepFailed(WebUIKeywordMain.groovy:64)
	at com.kms.katalon.core.webui.keyword.internal.WebUIKeywordMain.runKeyword(WebUIKeywordMain.groovy:26)
	at com.kms.katalon.core.webui.keyword.builtin.ClickKeyword.click(ClickKeyword.groovy:99)
	at com.kms.katalon.core.webui.keyword.builtin.ClickKeyword.execute(ClickKeyword.groovy:43)
	at com.kms.katalon.core.keyword.internal.KeywordExecutor.executeKeywordForPlatform(KeywordExecutor.groovy:60)
	at com.kms.katalon.core.webui.keyword.WebUiBuiltInKeywords.click(WebUiBuiltInKeywords.groovy:616)
	at com.kms.katalon.core.webui.keyword.WebUiBuiltInKeywords$click$2.call(Unknown Source)
	at p4p_newReservationDaycare.run(p4p_newReservationDaycare:645)
	at com.kms.katalon.core.main.ScriptEngine.run(ScriptEngine.java:194)
	at com.kms.katalon.core.main.ScriptEngine.runScriptAsRawText(ScriptEngine.java:119)
	at com.kms.katalon.core.main.TestCaseExecutor.runScript(TestCaseExecutor.java:337)
	at com.kms.katalon.core.main.TestCaseExecutor.doExecute(TestCaseExecutor.java:328)
	at com.kms.katalon.core.main.TestCaseExecutor.processExecutionPhase(TestCaseExecutor.java:307)
	at com.kms.katalon.core.main.TestCaseExecutor.accessMainPhase(TestCaseExecutor.java:299)
	at com.kms.katalon.core.main.TestCaseExecutor.execute(TestCaseExecutor.java:233)
	at com.kms.katalon.core.main.TestSuiteExecutor.accessTestCaseMainPhase(TestSuiteExecutor.java:169)
	at com.kms.katalon.core.main.TestSuiteExecutor.accessTestSuiteMainPhase(TestSuiteExecutor.java:142)
	at com.kms.katalon.core.main.TestSuiteExecutor.execute(TestSuiteExecutor.java:91)
	at com.kms.katalon.core.main.TestCaseMain.startTestSuite(TestCaseMain.java:157)
	at com.kms.katalon.core.main.TestCaseMain$startTestSuite$0.call(Unknown Source)
	at TempTestSuite1577127624136.run(TempTestSuite1577127624136.groovy:36)
Caused by: com.kms.katalon.core.webui.exception.WebElementNotFoundException: Web element with id: 'Object Repository/object_reservation/Page_Paradise 4 Paws  Dog Boarding Cat Boar_35fe2b/button_Go to CheckOut' located by 'By.xpath: //div[@id='wrapper']/div/div/div[3]/fieldset/div/p4p-reservations-wizard/div/div[3]/div/div/div/div/div[2]/submit/button' not found
	at com.kms.katalon.core.webui.common.WebUiCommonHelper.findWebElement(WebUiCommonHelper.java:1113)
	at com.kms.katalon.core.webui.keyword.internal.WebUIAbstractKeyword.findWebElement(WebUIAbstractKeyword.groovy:27)
	at com.kms.katalon.core.webui.keyword.internal.WebUIAbstractKeyword.findWebElement(WebUIAbstractKeyword.groovy:26)
	at com.kms.katalon.core.webui.keyword.builtin.ClickKeyword$_click_closure1.doCall(ClickKeyword.groovy:68)
	at com.kms.katalon.core.webui.keyword.builtin.ClickKeyword$_click_closure1.call(ClickKeyword.groovy)
	at com.kms.katalon.core.webui.keyword.internal.WebUIKeywordMain.runKeyword(WebUIKeywordMain.groovy:20)
	at com.kms.katalon.core.webui.keyword.builtin.ClickKeyword.click(ClickKeyword.groovy:99)
	at com.kms.katalon.core.webui.keyword.builtin.ClickKeyword.execute(ClickKeyword.groovy:43)
	at com.kms.katalon.core.keyword.internal.KeywordExecutor.executeKeywordForPlatform(KeywordExecutor.groovy:60)
	at com.kms.katalon.core.webui.keyword.WebUiBuiltInKeywords.click(WebUiBuiltInKeywords.groovy:616)
	at com.kms.katalon.core.webui.keyword.WebUiBuiltInKeywords$click$2.call(Unknown Source)
	at Script1576482965057.run(Script1576482965057.groovy:645)
	... 13 more
)

2019-12-23 13:18:50 - [MESSAGE][INFO] - Unable to find the element located by 'By.xpath: //div[@id='wrapper']/div/div/div[3]/fieldset/div/p4p-reservations-wizard/div/div[3]/div/div/div/div/div[2]/submit/button'. Please recheck the objects properties to make sure the desired element is located. 

2019-12-23 13:18:50 - [MESSAGE][FAILED] - Unable to click on object 'Object Repository/object_reservation/Page_Paradise 4 Paws  Dog Boarding Cat Boar_35fe2b/button_Go to CheckOut' (Root cause: com.kms.katalon.core.exception.StepFailedException: Unable to click on object 'Object Repository/object_reservation/Page_Paradise 4 Paws  Dog Boarding Cat Boar_35fe2b/button_Go to CheckOut'
	at com.kms.katalon.core.webui.keyword.internal.WebUIKeywordMain.stepFailed(WebUIKeywordMain.groovy:64)
	at com.kms.katalon.core.webui.keyword.internal.WebUIKeywordMain.runKeyword(WebUIKeywordMain.groovy:26)
	at com.kms.katalon.core.webui.keyword.builtin.ClickKeyword.click(ClickKeyword.groovy:99)
	at com.kms.katalon.core.webui.keyword.builtin.ClickKeyword.execute(ClickKeyword.groovy:43)
	at com.kms.katalon.core.keyword.internal.KeywordExecutor.executeKeywordForPlatform(KeywordExecutor.groovy:60)
	at com.kms.katalon.core.webui.keyword.WebUiBuiltInKeywords.click(WebUiBuiltInKeywords.groovy:616)
	at com.kms.katalon.core.webui.keyword.WebUiBuiltInKeywords$click$2.call(Unknown Source)
	at p4p_newReservationDaycare.run(p4p_newReservationDaycare:645)
	at com.kms.katalon.core.main.ScriptEngine.run(ScriptEngine.java:194)
	at com.kms.katalon.core.main.ScriptEngine.runScriptAsRawText(ScriptEngine.java:119)
	at com.kms.katalon.core.main.TestCaseExecutor.runScript(TestCaseExecutor.java:337)
	at com.kms.katalon.core.main.TestCaseExecutor.doExecute(TestCaseExecutor.java:328)
	at com.kms.katalon.core.main.TestCaseExecutor.processExecutionPhase(TestCaseExecutor.java:307)
	at com.kms.katalon.core.main.TestCaseExecutor.accessMainPhase(TestCaseExecutor.java:299)
	at com.kms.katalon.core.main.TestCaseExecutor.execute(TestCaseExecutor.java:233)
	at com.kms.katalon.core.main.TestSuiteExecutor.accessTestCaseMainPhase(TestSuiteExecutor.java:169)
	at com.kms.katalon.core.main.TestSuiteExecutor.accessTestSuiteMainPhase(TestSuiteExecutor.java:142)
	at com.kms.katalon.core.main.TestSuiteExecutor.execute(TestSuiteExecutor.java:91)
	at com.kms.katalon.core.main.TestCaseMain.startTestSuite(TestCaseMain.java:157)
	at com.kms.katalon.core.main.TestCaseMain$startTestSuite$0.call(Unknown Source)
	at TempTestSuite1577127624136.run(TempTestSuite1577127624136.groovy:36)
Caused by: com.kms.katalon.core.webui.exception.WebElementNotFoundException: Web element with id: 'Object Repository/object_reservation/Page_Paradise 4 Paws  Dog Boarding Cat Boar_35fe2b/button_Go to CheckOut' located by 'By.xpath: //div[@id='wrapper']/div/div/div[3]/fieldset/div/p4p-reservations-wizard/div/div[3]/div/div/div/div/div[2]/submit/button' not found
	at com.kms.katalon.core.webui.common.WebUiCommonHelper.findWebElement(WebUiCommonHelper.java:1113)
	at com.kms.katalon.core.webui.keyword.internal.WebUIAbstractKeyword.findWebElement(WebUIAbstractKeyword.groovy:27)
	at com.kms.katalon.core.webui.keyword.internal.WebUIAbstractKeyword.findWebElement(WebUIAbstractKeyword.groovy:26)
	at com.kms.katalon.core.webui.keyword.builtin.ClickKeyword$_click_closure1.doCall(ClickKeyword.groovy:68)
	at com.kms.katalon.core.webui.keyword.builtin.ClickKeyword$_click_closure1.call(ClickKeyword.groovy)
	at com.kms.katalon.core.webui.keyword.internal.WebUIKeywordMain.runKeyword(WebUIKeywordMain.groovy:20)
	at com.kms.katalon.core.webui.keyword.builtin.ClickKeyword.click(ClickKeyword.groovy:99)
	at com.kms.katalon.core.webui.keyword.builtin.ClickKeyword.execute(ClickKeyword.groovy:43)
	at com.kms.katalon.core.keyword.internal.KeywordExecutor.executeKeywordForPlatform(KeywordExecutor.groovy:60)
	at com.kms.katalon.core.webui.keyword.WebUiBuiltInKeywords.click(WebUiBuiltInKeywords.groovy:616)
	at com.kms.katalon.core.webui.keyword.WebUiBuiltInKeywords$click$2.call(Unknown Source)
	at Script1576482965057.run(Script1576482965057.groovy:645)
	... 13 more
)
[[ATTACHMENT|/home/leonardo-arkusmty/Documents/workspaceKatalon/p4ptest/Reports/20191223_130024/ts_newReservationDaycare/20191223_130024/1577128730058.png]]]]></system-out>
         <system-err><![CDATA[2019-12-23 13:15:38 - [TEST_CASE][FAILED] - Test Cases/p4p_newReservationDaycare: Test Cases/p4p_newReservationDaycare FAILED.
Reason:
com.kms.katalon.core.exception.StepFailedException: Unable to click on object 'Object Repository/object_reservation/Page_Paradise 4 Paws  Dog Boarding Cat Boar_35fe2b/button_Go to CheckOut'
	at com.kms.katalon.core.webui.keyword.internal.WebUIKeywordMain.stepFailed(WebUIKeywordMain.groovy:64)
	at com.kms.katalon.core.webui.keyword.internal.WebUIKeywordMain.runKeyword(WebUIKeywordMain.groovy:26)
	at com.kms.katalon.core.webui.keyword.builtin.ClickKeyword.click(ClickKeyword.groovy:99)
	at com.kms.katalon.core.webui.keyword.builtin.ClickKeyword.execute(ClickKeyword.groovy:43)
	at com.kms.katalon.core.keyword.internal.KeywordExecutor.executeKeywordForPlatform(KeywordExecutor.groovy:60)
	at com.kms.katalon.core.webui.keyword.WebUiBuiltInKeywords.click(WebUiBuiltInKeywords.groovy:616)
	at com.kms.katalon.core.webui.keyword.WebUiBuiltInKeywords$click$2.call(Unknown Source)
	at p4p_newReservationDaycare.run(p4p_newReservationDaycare:645)
	at com.kms.katalon.core.main.ScriptEngine.run(ScriptEngine.java:194)
	at com.kms.katalon.core.main.ScriptEngine.runScriptAsRawText(ScriptEngine.java:119)
	at com.kms.katalon.core.main.TestCaseExecutor.runScript(TestCaseExecutor.java:337)
	at com.kms.katalon.core.main.TestCaseExecutor.doExecute(TestCaseExecutor.java:328)
	at com.kms.katalon.core.main.TestCaseExecutor.processExecutionPhase(TestCaseExecutor.java:307)
	at com.kms.katalon.core.main.TestCaseExecutor.accessMainPhase(TestCaseExecutor.java:299)
	at com.kms.katalon.core.main.TestCaseExecutor.execute(TestCaseExecutor.java:233)
	at com.kms.katalon.core.main.TestSuiteExecutor.accessTestCaseMainPhase(TestSuiteExecutor.java:169)
	at com.kms.katalon.core.main.TestSuiteExecutor.accessTestSuiteMainPhase(TestSuiteExecutor.java:142)
	at com.kms.katalon.core.main.TestSuiteExecutor.execute(TestSuiteExecutor.java:91)
	at com.kms.katalon.core.main.TestCaseMain.startTestSuite(TestCaseMain.java:157)
	at com.kms.katalon.core.main.TestCaseMain$startTestSuite$0.call(Unknown Source)
	at TempTestSuite1577127624136.run(TempTestSuite1577127624136.groovy:36)
Caused by: com.kms.katalon.core.webui.exception.WebElementNotFoundException: Web element with id: 'Object Repository/object_reservation/Page_Paradise 4 Paws  Dog Boarding Cat Boar_35fe2b/button_Go to CheckOut' located by 'By.xpath: //div[@id='wrapper']/div/div/div[3]/fieldset/div/p4p-reservations-wizard/div/div[3]/div/div/div/div/div[2]/submit/button' not found
	at com.kms.katalon.core.webui.common.WebUiCommonHelper.findWebElement(WebUiCommonHelper.java:1113)
	at com.kms.katalon.core.webui.keyword.internal.WebUIAbstractKeyword.findWebElement(WebUIAbstractKeyword.groovy:27)
	at com.kms.katalon.core.webui.keyword.internal.WebUIAbstractKeyword.findWebElement(WebUIAbstractKeyword.groovy:26)
	at com.kms.katalon.core.webui.keyword.builtin.ClickKeyword$_click_closure1.doCall(ClickKeyword.groovy:68)
	at com.kms.katalon.core.webui.keyword.builtin.ClickKeyword$_click_closure1.call(ClickKeyword.groovy)
	at com.kms.katalon.core.webui.keyword.internal.WebUIKeywordMain.runKeyword(WebUIKeywordMain.groovy:20)
	... 19 more]]></system-err>
      </testcase>
      <testcase name="Test Cases/p4p_newReservationDaycare" time="203.573" classname="Test Cases/p4p_newReservationDaycare" status="FAILED">
         <failure type="FAILED" message="Test Cases/p4p_newReservationDaycare FAILED.
Reason:
com.kms.katalon.core.exception.StepFailedException: Unable to click on object 'Object Repository/object_reservation/Page_Paradise 4 Paws  Dog Boarding Cat Boar_35fe2b/button_Go to CheckOut'
	at com.kms.katalon.core.webui.keyword.internal.WebUIKeywordMain.stepFailed(WebUIKeywordMain.groovy:64)
	at com.kms.katalon.core.webui.keyword.internal.WebUIKeywordMain.runKeyword(WebUIKeywordMain.groovy:26)
	at com.kms.katalon.core.webui.keyword.builtin.ClickKeyword.click(ClickKeyword.groovy:99)
	at com.kms.katalon.core.webui.keyword.builtin.ClickKeyword.execute(ClickKeyword.groovy:43)
	at com.kms.katalon.core.keyword.internal.KeywordExecutor.executeKeywordForPlatform(KeywordExecutor.groovy:60)
	at com.kms.katalon.core.webui.keyword.WebUiBuiltInKeywords.click(WebUiBuiltInKeywords.groovy:616)
	at com.kms.katalon.core.webui.keyword.WebUiBuiltInKeywords$click$2.call(Unknown Source)
	at p4p_newReservationDaycare.run(p4p_newReservationDaycare:645)
	at com.kms.katalon.core.main.ScriptEngine.run(ScriptEngine.java:194)
	at com.kms.katalon.core.main.ScriptEngine.runScriptAsRawText(ScriptEngine.java:119)
	at com.kms.katalon.core.main.TestCaseExecutor.runScript(TestCaseExecutor.java:337)
	at com.kms.katalon.core.main.TestCaseExecutor.doExecute(TestCaseExecutor.java:328)
	at com.kms.katalon.core.main.TestCaseExecutor.processExecutionPhase(TestCaseExecutor.java:307)
	at com.kms.katalon.core.main.TestCaseExecutor.accessMainPhase(TestCaseExecutor.java:299)
	at com.kms.katalon.core.main.TestCaseExecutor.execute(TestCaseExecutor.java:233)
	at com.kms.katalon.core.main.TestSuiteExecutor.accessTestCaseMainPhase(TestSuiteExecutor.java:169)
	at com.kms.katalon.core.main.TestSuiteExecutor.accessTestSuiteMainPhase(TestSuiteExecutor.java:142)
	at com.kms.katalon.core.main.TestSuiteExecutor.execute(TestSuiteExecutor.java:91)
	at com.kms.katalon.core.main.TestCaseMain.startTestSuite(TestCaseMain.java:157)
	at com.kms.katalon.core.main.TestCaseMain$startTestSuite$0.call(Unknown Source)
	at TempTestSuite1577127624136.run(TempTestSuite1577127624136.groovy:36)
Caused by: com.kms.katalon.core.webui.exception.WebElementNotFoundException: Web element with id: 'Object Repository/object_reservation/Page_Paradise 4 Paws  Dog Boarding Cat Boar_35fe2b/button_Go to CheckOut' located by 'By.xpath: //div[@id='wrapper']/div/div/div[3]/fieldset/div/p4p-reservations-wizard/div/div[3]/div/div/div/div/div[2]/submit/button' not found
	at com.kms.katalon.core.webui.common.WebUiCommonHelper.findWebElement(WebUiCommonHelper.java:1113)
	at com.kms.katalon.core.webui.keyword.internal.WebUIAbstractKeyword.findWebElement(WebUIAbstractKeyword.groovy:27)
	at com.kms.katalon.core.webui.keyword.internal.WebUIAbstractKeyword.findWebElement(WebUIAbstractKeyword.groovy:26)
	at com.kms.katalon.core.webui.keyword.builtin.ClickKeyword$_click_closure1.doCall(ClickKeyword.groovy:68)
	at com.kms.katalon.core.webui.keyword.builtin.ClickKeyword$_click_closure1.call(ClickKeyword.groovy)
	at com.kms.katalon.core.webui.keyword.internal.WebUIKeywordMain.runKeyword(WebUIKeywordMain.groovy:20)
	... 19 more
"/>
         <system-out><![CDATA[2019-12-23 13:18:50 - [TEST_CASE][FAILED] - Test Cases/p4p_newReservationDaycare: Test Cases/p4p_newReservationDaycare FAILED.
Reason:
com.kms.katalon.core.exception.StepFailedException: Unable to click on object 'Object Repository/object_reservation/Page_Paradise 4 Paws  Dog Boarding Cat Boar_35fe2b/button_Go to CheckOut'
	at com.kms.katalon.core.webui.keyword.internal.WebUIKeywordMain.stepFailed(WebUIKeywordMain.groovy:64)
	at com.kms.katalon.core.webui.keyword.internal.WebUIKeywordMain.runKeyword(WebUIKeywordMain.groovy:26)
	at com.kms.katalon.core.webui.keyword.builtin.ClickKeyword.click(ClickKeyword.groovy:99)
	at com.kms.katalon.core.webui.keyword.builtin.ClickKeyword.execute(ClickKeyword.groovy:43)
	at com.kms.katalon.core.keyword.internal.KeywordExecutor.executeKeywordForPlatform(KeywordExecutor.groovy:60)
	at com.kms.katalon.core.webui.keyword.WebUiBuiltInKeywords.click(WebUiBuiltInKeywords.groovy:616)
	at com.kms.katalon.core.webui.keyword.WebUiBuiltInKeywords$click$2.call(Unknown Source)
	at p4p_newReservationDaycare.run(p4p_newReservationDaycare:645)
	at com.kms.katalon.core.main.ScriptEngine.run(ScriptEngine.java:194)
	at com.kms.katalon.core.main.ScriptEngine.runScriptAsRawText(ScriptEngine.java:119)
	at com.kms.katalon.core.main.TestCaseExecutor.runScript(TestCaseExecutor.java:337)
	at com.kms.katalon.core.main.TestCaseExecutor.doExecute(TestCaseExecutor.java:328)
	at com.kms.katalon.core.main.TestCaseExecutor.processExecutionPhase(TestCaseExecutor.java:307)
	at com.kms.katalon.core.main.TestCaseExecutor.accessMainPhase(TestCaseExecutor.java:299)
	at com.kms.katalon.core.main.TestCaseExecutor.execute(TestCaseExecutor.java:233)
	at com.kms.katalon.core.main.TestSuiteExecutor.accessTestCaseMainPhase(TestSuiteExecutor.java:169)
	at com.kms.katalon.core.main.TestSuiteExecutor.accessTestSuiteMainPhase(TestSuiteExecutor.java:142)
	at com.kms.katalon.core.main.TestSuiteExecutor.execute(TestSuiteExecutor.java:91)
	at com.kms.katalon.core.main.TestCaseMain.startTestSuite(TestCaseMain.java:157)
	at com.kms.katalon.core.main.TestCaseMain$startTestSuite$0.call(Unknown Source)
	at TempTestSuite1577127624136.run(TempTestSuite1577127624136.groovy:36)
Caused by: com.kms.katalon.core.webui.exception.WebElementNotFoundException: Web element with id: 'Object Repository/object_reservation/Page_Paradise 4 Paws  Dog Boarding Cat Boar_35fe2b/button_Go to CheckOut' located by 'By.xpath: //div[@id='wrapper']/div/div/div[3]/fieldset/div/p4p-reservations-wizard/div/div[3]/div/div/div/div/div[2]/submit/button' not found
	at com.kms.katalon.core.webui.common.WebUiCommonHelper.findWebElement(WebUiCommonHelper.java:1113)
	at com.kms.katalon.core.webui.keyword.internal.WebUIAbstractKeyword.findWebElement(WebUIAbstractKeyword.groovy:27)
	at com.kms.katalon.core.webui.keyword.internal.WebUIAbstractKeyword.findWebElement(WebUIAbstractKeyword.groovy:26)
	at com.kms.katalon.core.webui.keyword.builtin.ClickKeyword$_click_closure1.doCall(ClickKeyword.groovy:68)
	at com.kms.katalon.core.webui.keyword.builtin.ClickKeyword$_click_closure1.call(ClickKeyword.groovy)
	at com.kms.katalon.core.webui.keyword.internal.WebUIKeywordMain.runKeyword(WebUIKeywordMain.groovy:20)
	... 19 more


2019-12-23 13:18:50 - [TEST_STEP][PASSED] - openBrowser("https://p4p-qa-bg.aws.paradise4paws.com/login/"): Browser is opened with url: 'https://p4p-qa-bg.aws.paradise4paws.com/login/'

2019-12-23 13:18:50 - [MESSAGE][WARNING] - A browser is already opened. Closing browser and opening a new one

2019-12-23 13:18:50 - [MESSAGE][INFO] - Starting 'Firefox' driver

2019-12-23 13:18:54 - [MESSAGE][PASSED] - Browser is opened with url: 'https://p4p-qa-bg.aws.paradise4paws.com/login/'

2019-12-23 13:18:54 - [TEST_STEP][PASSED] - setText(findTestObject("Object Repository/object_login/input_user"), var_user): Text 'jegchavez@gmail.com' is set on object 'Object Repository/object_login/input_user'

2019-12-23 13:18:54 - [MESSAGE][PASSED] - Text 'jegchavez@gmail.com' is set on object 'Object Repository/object_login/input_user'

2019-12-23 13:18:54 - [TEST_STEP][PASSED] - setText(findTestObject("Object Repository/object_login/input_pass"), var_pass): Text 'admin1' is set on object 'Object Repository/object_login/input_pass'

2019-12-23 13:18:55 - [MESSAGE][PASSED] - Text 'admin1' is set on object 'Object Repository/object_login/input_pass'

2019-12-23 13:18:55 - [TEST_STEP][PASSED] - delay(2): Delayed 2 second(s)

2019-12-23 13:18:57 - [MESSAGE][PASSED] - Delayed 2 second(s)

2019-12-23 13:18:57 - [TEST_STEP][PASSED] - verifyElementClickable(findTestObject("Object Repository/object_login/btn_login")): Object 'Object Repository/object_login/btn_login' is clickable

2019-12-23 13:18:57 - [MESSAGE][PASSED] - Object 'Object Repository/object_login/btn_login' is clickable

2019-12-23 13:18:57 - [TEST_STEP][PASSED] - click(findTestObject("Object Repository/object_login/btn_login")): Object: 'Object Repository/object_login/btn_login' is clicked on

2019-12-23 13:19:01 - [MESSAGE][PASSED] - Object: 'Object Repository/object_login/btn_login' is clicked on

2019-12-23 13:19:01 - [TEST_STEP][PASSED] - delay(2): Delayed 2 second(s)

2019-12-23 13:19:03 - [MESSAGE][PASSED] - Delayed 2 second(s)

2019-12-23 13:19:03 - [TEST_STEP][PASSED] - setText(findTestObject("Object Repository/object_dashboard_emp/input_search"), var_searchParent): Text 'leongarzagarza@hotmail.com' is set on object 'Object Repository/object_dashboard_emp/input_search'

2019-12-23 13:19:04 - [MESSAGE][PASSED] - Text 'leongarzagarza@hotmail.com' is set on object 'Object Repository/object_dashboard_emp/input_search'

2019-12-23 13:19:04 - [TEST_STEP][PASSED] - click(findTestObject("Object Repository/object_dashboard_emp/btn_accountSearch")): Object: 'Object Repository/object_dashboard_emp/btn_accountSearch' is clicked on

2019-12-23 13:19:05 - [MESSAGE][PASSED] - Object: 'Object Repository/object_dashboard_emp/btn_accountSearch' is clicked on

2019-12-23 13:19:05 - [TEST_STEP][PASSED] - delay(2): Delayed 2 second(s)

2019-12-23 13:19:07 - [MESSAGE][PASSED] - Delayed 2 second(s)

2019-12-23 13:19:07 - [TEST_STEP][PASSED] - click(findTestObject("Object Repository/object_accountInformation/a_TEST GABRIEL PROD")): Object: 'Object Repository/object_accountInformation/a_TEST GABRIEL PROD' is clicked on

2019-12-23 13:19:11 - [MESSAGE][PASSED] - Object: 'Object Repository/object_accountInformation/a_TEST GABRIEL PROD' is clicked on

2019-12-23 13:19:11 - [TEST_STEP][PASSED] - delay(2): Delayed 2 second(s)

2019-12-23 13:19:13 - [MESSAGE][PASSED] - Delayed 2 second(s)

2019-12-23 13:19:13 - [TEST_STEP][PASSED] - flagBoar = "0": null

2019-12-23 13:19:13 - [TEST_STEP][PASSED] - log = new com.kms.katalon.core.logging.KeywordLogger(): null

2019-12-23 13:19:13 - [TEST_STEP][PASSED] - fisNewRes = new java.io.FileInputStream(/home/leonardo-arkusmty/Desktop/P4P/DATA_AUTOMATINTESTING/data_1newReservationDaycare.xlsx): null

2019-12-23 13:19:13 - [TEST_STEP][PASSED] - fisCanRes = new java.io.FileInputStream(/home/leonardo-arkusmty/Desktop/P4P/DATA_AUTOMATINTESTING/data_2cancelReservation.xlsx): null

2019-12-23 13:19:13 - [TEST_STEP][PASSED] - workbookNewRes = new org.apache.poi.xssf.usermodel.XSSFWorkbook(fisNewRes): null

2019-12-23 13:19:13 - [TEST_STEP][PASSED] - workbookCanRes = new org.apache.poi.xssf.usermodel.XSSFWorkbook(fisCanRes): null

2019-12-23 13:19:13 - [TEST_STEP][PASSED] - sheetNewRes = workbookNewRes.getSheet("Sheet1"): null

2019-12-23 13:19:13 - [TEST_STEP][PASSED] - sheetCanRes = workbookCanRes.getSheet("Sheet1"): null

2019-12-23 13:19:13 - [TEST_STEP][PASSED] - rowCount = var_row: null

2019-12-23 13:19:13 - [TEST_STEP][PASSED] - var = Integer.parseInt(var_idRowRes): null

2019-12-23 13:19:13 - [TEST_STEP][PASSED] - rowNewRes = sheetNewRes.getRow(var): null

2019-12-23 13:19:13 - [TEST_STEP][PASSED] - rowCanRes = sheetCanRes.getRow(var): null

2019-12-23 13:19:13 - [TEST_STEP][PASSED] - var_url = getUrl(): Current window's url is: 'https://p4p-qa-bg.aws.paradise4paws.com/accounts/profile/#/reservations/122350/'

2019-12-23 13:19:13 - [MESSAGE][PASSED] - Current window's url is: 'https://p4p-qa-bg.aws.paradise4paws.com/accounts/profile/#/reservations/122350/'

2019-12-23 13:19:13 - [TEST_STEP][PASSED] - arrUrl = var_url.split("/"): null

2019-12-23 13:19:13 - [TEST_STEP][PASSED] - idParent = arrUrl[7]: null

2019-12-23 13:19:13 - [TEST_STEP][PASSED] - click(findTestObject("Object Repository/object_profile/a_addReservation")): Object: 'Object Repository/object_profile/a_addReservation' is clicked on

2019-12-23 13:19:15 - [MESSAGE][PASSED] - Object: 'Object Repository/object_profile/a_addReservation' is clicked on

2019-12-23 13:19:15 - [TEST_STEP][PASSED] - delay(2): Delayed 2 second(s)

2019-12-23 13:19:17 - [MESSAGE][PASSED] - Delayed 2 second(s)

2019-12-23 13:19:17 - [TEST_STEP][PASSED] - if (var_typeReserveation == "Boarding"): null

2019-12-23 13:19:17 - [TEST_STEP][PASSED] - else if (var_typeReserveation == "Daycare"): Object: 'Object Repository/object_reservation/btn_Daycare' is clicked on

2019-12-23 13:19:17 - [TEST_STEP][PASSED] - flagBoar = "2": null

2019-12-23 13:19:17 - [TEST_STEP][PASSED] - click(findTestObject("object_reservation/btn_Daycare")): Object: 'Object Repository/object_reservation/btn_Daycare' is clicked on

2019-12-23 13:19:17 - [MESSAGE][PASSED] - Object: 'Object Repository/object_reservation/btn_Daycare' is clicked on

2019-12-23 13:19:17 - [TEST_STEP][PASSED] - click(findTestObject("Object Repository/object_reservation/i_location")): Object: 'Object Repository/object_reservation/i_location' is clicked on

2019-12-23 13:19:20 - [MESSAGE][PASSED] - Object: 'Object Repository/object_reservation/i_location' is clicked on

2019-12-23 13:19:20 - [TEST_STEP][PASSED] - switch (var_idFacility): null

2019-12-23 13:19:20 - [TEST_STEP][PASSED] - dateCI = var_checkinD.split(","): null

2019-12-23 13:19:20 - [TEST_STEP][PASSED] - dateCO = var_checkoutD.split(","): null

2019-12-23 13:19:20 - [TEST_STEP][PASSED] - arryPets = var_pets.split(","): null

2019-12-23 13:19:20 - [TEST_STEP][PASSED] - delay(2): Delayed 2 second(s)

2019-12-23 13:19:22 - [MESSAGE][PASSED] - Delayed 2 second(s)

2019-12-23 13:19:22 - [TEST_STEP][PASSED] - if (var_repeting == "Y"): All options with value '3' are selected in object 'Object Repository/object_reservation/Page_Paradise 4 Paws  Dog Boarding Cat Boar_cfde7f/select_DailyWeeklyMonthlyOther'  using regular expression

2019-12-23 13:19:22 - [TEST_STEP][PASSED] - click(findTestObject("Object Repository/object_reservation/checkbox_repeating")): Object: 'Object Repository/object_reservation/checkbox_repeating' is clicked on

2019-12-23 13:19:22 - [MESSAGE][PASSED] - Object: 'Object Repository/object_reservation/checkbox_repeating' is clicked on

2019-12-23 13:19:22 - [TEST_STEP][PASSED] - if (var_repeatingEvery == "Weekly"): null

2019-12-23 13:19:22 - [TEST_STEP][PASSED] - else if (var_repeatingEvery == "Monthly"): All options with value '3' are selected in object 'Object Repository/object_reservation/Page_Paradise 4 Paws  Dog Boarding Cat Boar_cfde7f/select_DailyWeeklyMonthlyOther'  using regular expression

2019-12-23 13:19:22 - [TEST_STEP][PASSED] - selectOptionByValue(findTestObject("Object Repository/object_reservation/Page_Paradise 4 Paws  Dog Boarding Cat Boar_cfde7f/select_DailyWeeklyMonthlyOther"), "3", true): All options with value '3' are selected in object 'Object Repository/object_reservation/Page_Paradise 4 Paws  Dog Boarding Cat Boar_cfde7f/select_DailyWeeklyMonthlyOther'  using regular expression

2019-12-23 13:19:24 - [MESSAGE][PASSED] - All options with value '3' are selected in object 'Object Repository/object_reservation/Page_Paradise 4 Paws  Dog Boarding Cat Boar_cfde7f/select_DailyWeeklyMonthlyOther'  using regular expression

2019-12-23 13:19:24 - [TEST_STEP][PASSED] - click(findTestObject("Object Repository/object_reservation/dateCheckIn")): Object: 'Object Repository/object_reservation/dateCheckIn' is clicked on

2019-12-23 13:19:25 - [MESSAGE][PASSED] - Object: 'Object Repository/object_reservation/dateCheckIn' is clicked on

2019-12-23 13:19:25 - [TEST_STEP][PASSED] - stringCI2020 = "0": null

2019-12-23 13:19:25 - [TEST_STEP][PASSED] - stringCO2020 = "0": null

2019-12-23 13:19:25 - [TEST_STEP][PASSED] - if (dateCI[0] == "16" && dateCI[1] == "01" && dateCI[2] == "2020"): null

2019-12-23 13:19:25 - [TEST_STEP][PASSED] - click(findTestObject("object_reservation/Page_Paradise 4 Paws  Dog Boarding Cat Boarding Chicago Pooch West Loop/button_December19_ci_btnpullright")): Object: 'Object Repository/object_reservation/Page_Paradise 4 Paws  Dog Boarding Cat Boarding Chicago Pooch West Loop/button_December19_ci_btnpullright' is clicked on

2019-12-23 13:19:25 - [MESSAGE][PASSED] - Object: 'Object Repository/object_reservation/Page_Paradise 4 Paws  Dog Boarding Cat Boarding Chicago Pooch West Loop/button_December19_ci_btnpullright' is clicked on

2019-12-23 13:19:25 - [TEST_STEP][PASSED] - click(findTestObject("object_reservation/Page_Paradise 4 Paws Dog Boarding2020/button_16_ci_0120")): Object: 'Object Repository/object_reservation/Page_Paradise 4 Paws Dog Boarding2020/button_16_ci_0120' is clicked on

2019-12-23 13:19:26 - [MESSAGE][PASSED] - Object: 'Object Repository/object_reservation/Page_Paradise 4 Paws Dog Boarding2020/button_16_ci_0120' is clicked on

2019-12-23 13:19:26 - [TEST_STEP][PASSED] - stringCI2020 = "1": null

2019-12-23 13:19:26 - [TEST_STEP][PASSED] - if (dateCI[0] == "18" && dateCI[1] == "02" && dateCI[2] == "2020"): null

2019-12-23 13:19:26 - [TEST_STEP][PASSED] - if (dateCI[0] == "21" && dateCI[1] == "03" && dateCI[2] == "2020"): null

2019-12-23 13:19:26 - [TEST_STEP][PASSED] - delay(2): Delayed 2 second(s)

2019-12-23 13:19:28 - [MESSAGE][PASSED] - Delayed 2 second(s)

2019-12-23 13:19:28 - [TEST_STEP][PASSED] - if (stringCI2020 == "0"): null

2019-12-23 13:19:28 - [TEST_STEP][PASSED] - if (flagBoar == "1" || flagBoar == "2" && var_repeatingEvery == "Daily" || flagBoar == "2" && var_repeatingEvery == "Weekly" || flagBoar == "2" && var_repeatingEvery == "Monthly"): null

2019-12-23 13:19:28 - [TEST_STEP][PASSED] - click(findTestObject("Object Repository/object_reservation/dateCheckOut")): Object: 'Object Repository/object_reservation/dateCheckOut' is clicked on

2019-12-23 13:19:29 - [MESSAGE][PASSED] - Object: 'Object Repository/object_reservation/dateCheckOut' is clicked on

2019-12-23 13:19:29 - [TEST_STEP][PASSED] - if (dateCO[0] == "17" && dateCO[1] == "02" && dateCO[2] == "2020"): null

2019-12-23 13:19:29 - [TEST_STEP][PASSED] - click(findTestObject("object_reservation/Page_Paradise 4 Paws  Dog Boarding Cat Boarding Chicago Pooch West Loop/button_December19__co_pullright")): Object: 'Object Repository/object_reservation/Page_Paradise 4 Paws  Dog Boarding Cat Boarding Chicago Pooch West Loop/button_December19__co_pullright' is clicked on

2019-12-23 13:19:30 - [MESSAGE][PASSED] - Object: 'Object Repository/object_reservation/Page_Paradise 4 Paws  Dog Boarding Cat Boarding Chicago Pooch West Loop/button_December19__co_pullright' is clicked on

2019-12-23 13:19:30 - [TEST_STEP][PASSED] - click(findTestObject("object_reservation/Page_Paradise 4 Paws  Dog Boarding Cat Boarding Chicago Pooch West Loop/button_January20_co_pullright")): Object: 'Object Repository/object_reservation/Page_Paradise 4 Paws  Dog Boarding Cat Boarding Chicago Pooch West Loop/button_January20_co_pullright' is clicked on

2019-12-23 13:19:30 - [MESSAGE][PASSED] - Object: 'Object Repository/object_reservation/Page_Paradise 4 Paws  Dog Boarding Cat Boarding Chicago Pooch West Loop/button_January20_co_pullright' is clicked on

2019-12-23 13:19:30 - [TEST_STEP][PASSED] - click(findTestObject("object_reservation/Page_Paradise 4 Paws Dog Boarding2020/button_17_co_0220")): Object: 'Object Repository/object_reservation/Page_Paradise 4 Paws Dog Boarding2020/button_17_co_0220' is clicked on

2019-12-23 13:19:31 - [MESSAGE][PASSED] - Object: 'Object Repository/object_reservation/Page_Paradise 4 Paws Dog Boarding2020/button_17_co_0220' is clicked on

2019-12-23 13:19:31 - [TEST_STEP][PASSED] - stringCO2020 = "1": null

2019-12-23 13:19:31 - [TEST_STEP][PASSED] - if (dateCO[0] == "20" && dateCO[1] == "03" && dateCO[2] == "2020"): null

2019-12-23 13:19:31 - [TEST_STEP][PASSED] - if (dateCO[0] == "24" && dateCO[1] == "04" && dateCO[2] == "2020"): null

2019-12-23 13:19:31 - [TEST_STEP][PASSED] - if (stringCO2020 == "0"): null

2019-12-23 13:19:31 - [TEST_STEP][NOT_RUN] - click(findTestObject("Object Repository/object_reservationCalendar/CO_close")): NOT_RUN: click(findTestObject("Object Repository/object_reservationCalendar/CO_close"))

2019-12-23 13:19:31 - [MESSAGE][NOT_RUN] - NOT_RUN: click(findTestObject("Object Repository/object_reservationCalendar/CO_close"))

2019-12-23 13:19:31 - [TEST_STEP][PASSED] - click(findTestObject("Object Repository/object_reservation/timeCheckin")): Object: 'Object Repository/object_reservation/timeCheckin' is clicked on

2019-12-23 13:19:32 - [MESSAGE][PASSED] - Object: 'Object Repository/object_reservation/timeCheckin' is clicked on

2019-12-23 13:19:32 - [TEST_STEP][PASSED] - switch (var_checkinT): null

2019-12-23 13:19:32 - [TEST_STEP][PASSED] - case "800":: null

2019-12-23 13:19:32 - [TEST_STEP][PASSED] - click(findTestObject("Object Repository/Page_Paradise 4 Paws  Dog Boarding Cat Boarding Norwalk Pooch Hotel/time_800am_ci")): Object: 'Object Repository/Page_Paradise 4 Paws  Dog Boarding Cat Boarding Norwalk Pooch Hotel/time_800am_ci' is clicked on

2019-12-23 13:19:32 - [MESSAGE][PASSED] - Object: 'Object Repository/Page_Paradise 4 Paws  Dog Boarding Cat Boarding Norwalk Pooch Hotel/time_800am_ci' is clicked on

2019-12-23 13:19:32 - [TEST_STEP][PASSED] - break: null

2019-12-23 13:19:32 - [TEST_STEP][PASSED] - click(findTestObject("Object Repository/object_reservation/timeCheckOut")): Object: 'Object Repository/object_reservation/timeCheckOut' is clicked on

2019-12-23 13:19:33 - [MESSAGE][PASSED] - Object: 'Object Repository/object_reservation/timeCheckOut' is clicked on

2019-12-23 13:19:33 - [TEST_STEP][PASSED] - switch (var_checkoutT): null

2019-12-23 13:19:33 - [TEST_STEP][PASSED] - case "1200":: null

2019-12-23 13:19:33 - [TEST_STEP][PASSED] - click(findTestObject("Object Repository/Page_Paradise 4 Paws  Dog Boarding Cat Boarding Norwalk Pooch Hotel/time_1200pm_co")): Object: 'Object Repository/Page_Paradise 4 Paws  Dog Boarding Cat Boarding Norwalk Pooch Hotel/time_1200pm_co' is clicked on

2019-12-23 13:19:34 - [MESSAGE][PASSED] - Object: 'Object Repository/Page_Paradise 4 Paws  Dog Boarding Cat Boarding Norwalk Pooch Hotel/time_1200pm_co' is clicked on

2019-12-23 13:19:34 - [TEST_STEP][PASSED] - break: null

2019-12-23 13:19:34 - [TEST_STEP][PASSED] - delay(2): Delayed 2 second(s)

2019-12-23 13:19:36 - [MESSAGE][PASSED] - Delayed 2 second(s)

2019-12-23 13:19:36 - [TEST_STEP][PASSED] - if (arryPets.size() == 1): Object: 'Object Repository/object_reservation/Page_Paradise 4 Paws  Dog Boarding Cat Boarding Norwalk Pooch Hotel/div_Ares' is clicked on

2019-12-23 13:19:36 - [TEST_STEP][PASSED] - click(findTestObject("Object Repository/object_reservation/Page_Paradise 4 Paws  Dog Boarding Cat Boarding Norwalk Pooch Hotel/div_Ares")): Object: 'Object Repository/object_reservation/Page_Paradise 4 Paws  Dog Boarding Cat Boarding Norwalk Pooch Hotel/div_Ares' is clicked on

2019-12-23 13:19:37 - [MESSAGE][PASSED] - Object: 'Object Repository/object_reservation/Page_Paradise 4 Paws  Dog Boarding Cat Boarding Norwalk Pooch Hotel/div_Ares' is clicked on

2019-12-23 13:19:37 - [TEST_STEP][NOT_RUN] - click(findTestObject("object_reservations/i_Day_fa fa-circle-o ng-scope")): NOT_RUN: click(findTestObject("object_reservations/i_Day_fa fa-circle-o ng-scope"))

2019-12-23 13:19:37 - [MESSAGE][NOT_RUN] - NOT_RUN: click(findTestObject("object_reservations/i_Day_fa fa-circle-o ng-scope"))

2019-12-23 13:19:37 - [TEST_STEP][PASSED] - if (flagBoar == "1" || flagBoar == "2"): Object: 'Object Repository/object_reservation/div_suite_rad_deluxe' is clicked on

2019-12-23 13:19:37 - [TEST_STEP][PASSED] - click(findTestObject("Object Repository/object_reservation/div_suite_rad_deluxe")): Object: 'Object Repository/object_reservation/div_suite_rad_deluxe' is clicked on

2019-12-23 13:20:08 - [MESSAGE][PASSED] - Object: 'Object Repository/object_reservation/div_suite_rad_deluxe' is clicked on

2019-12-23 13:20:08 - [TEST_STEP][PASSED] - click(findTestObject("Object Repository/object_reservation/btn_next2")): Object: 'Object Repository/object_reservation/btn_next2' is clicked on

2019-12-23 13:20:15 - [MESSAGE][PASSED] - Object: 'Object Repository/object_reservation/btn_next2' is clicked on

2019-12-23 13:20:15 - [TEST_STEP][PASSED] - delay(3): Delayed 3 second(s)

2019-12-23 13:20:18 - [MESSAGE][PASSED] - Delayed 3 second(s)

2019-12-23 13:20:18 - [TEST_STEP][PASSED] - if (flagBoar == "1"): null

2019-12-23 13:20:18 - [TEST_STEP][PASSED] - delay(2): Delayed 2 second(s)

2019-12-23 13:20:20 - [MESSAGE][PASSED] - Delayed 2 second(s)

2019-12-23 13:20:20 - [TEST_STEP][PASSED] - click(findTestObject("Object Repository/object_reservation/btn_next2")): Object: 'Object Repository/object_reservation/btn_next2' is clicked on

2019-12-23 13:20:21 - [MESSAGE][PASSED] - Object: 'Object Repository/object_reservation/btn_next2' is clicked on

2019-12-23 13:20:21 - [TEST_STEP][PASSED] - click(findTestObject("Object Repository/object_reservation/button_Submit Reservation")): Object: 'Object Repository/object_reservation/button_Submit Reservation' is clicked on

2019-12-23 13:20:25 - [MESSAGE][PASSED] - Object: 'Object Repository/object_reservation/button_Submit Reservation' is clicked on

2019-12-23 13:20:25 - [TEST_STEP][PASSED] - delay(2): Delayed 2 second(s)

2019-12-23 13:20:27 - [MESSAGE][PASSED] - Delayed 2 second(s)

2019-12-23 13:20:27 - [TEST_STEP][PASSED] - if (flagBoar == "2" && var_repeatingEvery == "Daily" || var_repeatingEvery == "Monthly" || var_repeatingEvery == "Weekly"): Delayed 8 second(s)

2019-12-23 13:20:27 - [TEST_STEP][PASSED] - click(findTestObject("Object Repository/object_reservation/Page_Paradise 4 Paws  Dog Boarding Cat Boar_cfde7f/button_Ok")): Object: 'Object Repository/object_reservation/Page_Paradise 4 Paws  Dog Boarding Cat Boar_cfde7f/button_Ok' is clicked on

2019-12-23 13:20:28 - [MESSAGE][PASSED] - Object: 'Object Repository/object_reservation/Page_Paradise 4 Paws  Dog Boarding Cat Boar_cfde7f/button_Ok' is clicked on

2019-12-23 13:20:28 - [TEST_STEP][PASSED] - delay(8): Delayed 8 second(s)

2019-12-23 13:20:36 - [MESSAGE][PASSED] - Delayed 8 second(s)

2019-12-23 13:20:36 - [TEST_STEP][PASSED] - delay(2): Delayed 2 second(s)

2019-12-23 13:20:38 - [MESSAGE][PASSED] - Delayed 2 second(s)

2019-12-23 13:20:38 - [TEST_STEP][FAILED] - try: Unable to click on object 'Object Repository/object_reservation/button_Return To Reservation' (Root cause: com.kms.katalon.core.exception.StepFailedException: Unable to click on object 'Object Repository/object_reservation/button_Return To Reservation'
	at com.kms.katalon.core.webui.keyword.internal.WebUIKeywordMain.stepFailed(WebUIKeywordMain.groovy:64)
	at com.kms.katalon.core.webui.keyword.internal.WebUIKeywordMain.runKeyword(WebUIKeywordMain.groovy:26)
	at com.kms.katalon.core.webui.keyword.builtin.ClickKeyword.click(ClickKeyword.groovy:99)
	at com.kms.katalon.core.webui.keyword.builtin.ClickKeyword.execute(ClickKeyword.groovy:43)
	at com.kms.katalon.core.keyword.internal.KeywordExecutor.executeKeywordForPlatform(KeywordExecutor.groovy:60)
	at com.kms.katalon.core.webui.keyword.WebUiBuiltInKeywords.click(WebUiBuiltInKeywords.groovy:616)
	at com.kms.katalon.core.webui.keyword.WebUiBuiltInKeywords$click$2.call(Unknown Source)
	at p4p_newReservationDaycare.run(p4p_newReservationDaycare:612)
	at com.kms.katalon.core.main.ScriptEngine.run(ScriptEngine.java:194)
	at com.kms.katalon.core.main.ScriptEngine.runScriptAsRawText(ScriptEngine.java:119)
	at com.kms.katalon.core.main.TestCaseExecutor.runScript(TestCaseExecutor.java:337)
	at com.kms.katalon.core.main.TestCaseExecutor.doExecute(TestCaseExecutor.java:328)
	at com.kms.katalon.core.main.TestCaseExecutor.processExecutionPhase(TestCaseExecutor.java:307)
	at com.kms.katalon.core.main.TestCaseExecutor.accessMainPhase(TestCaseExecutor.java:299)
	at com.kms.katalon.core.main.TestCaseExecutor.execute(TestCaseExecutor.java:233)
	at com.kms.katalon.core.main.TestSuiteExecutor.accessTestCaseMainPhase(TestSuiteExecutor.java:169)
	at com.kms.katalon.core.main.TestSuiteExecutor.accessTestSuiteMainPhase(TestSuiteExecutor.java:142)
	at com.kms.katalon.core.main.TestSuiteExecutor.execute(TestSuiteExecutor.java:91)
	at com.kms.katalon.core.main.TestCaseMain.startTestSuite(TestCaseMain.java:157)
	at com.kms.katalon.core.main.TestCaseMain$startTestSuite$0.call(Unknown Source)
	at TempTestSuite1577127624136.run(TempTestSuite1577127624136.groovy:36)
Caused by: com.kms.katalon.core.webui.exception.WebElementNotFoundException: Web element with id: 'Object Repository/object_reservation/button_Return To Reservation' located by 'By.xpath: (//button[@type='button'])[13]' not found
	at com.kms.katalon.core.webui.common.WebUiCommonHelper.findWebElement(WebUiCommonHelper.java:1113)
	at com.kms.katalon.core.webui.keyword.internal.WebUIAbstractKeyword.findWebElement(WebUIAbstractKeyword.groovy:27)
	at com.kms.katalon.core.webui.keyword.internal.WebUIAbstractKeyword.findWebElement(WebUIAbstractKeyword.groovy:26)
	at com.kms.katalon.core.webui.keyword.builtin.ClickKeyword$_click_closure1.doCall(ClickKeyword.groovy:68)
	at com.kms.katalon.core.webui.keyword.builtin.ClickKeyword$_click_closure1.call(ClickKeyword.groovy)
	at com.kms.katalon.core.webui.keyword.internal.WebUIKeywordMain.runKeyword(WebUIKeywordMain.groovy:20)
	at com.kms.katalon.core.webui.keyword.builtin.ClickKeyword.click(ClickKeyword.groovy:99)
	at com.kms.katalon.core.webui.keyword.builtin.ClickKeyword.execute(ClickKeyword.groovy:43)
	at com.kms.katalon.core.keyword.internal.KeywordExecutor.executeKeywordForPlatform(KeywordExecutor.groovy:60)
	at com.kms.katalon.core.webui.keyword.WebUiBuiltInKeywords.click(WebUiBuiltInKeywords.groovy:616)
	at com.kms.katalon.core.webui.keyword.WebUiBuiltInKeywords$click$2.call(Unknown Source)
	at Script1576482965057.run(Script1576482965057.groovy:612)
	... 13 more
)

2019-12-23 13:20:38 - [TEST_STEP][FAILED] - click(findTestObject("Object Repository/object_reservation/button_Return To Reservation")): Unable to click on object 'Object Repository/object_reservation/button_Return To Reservation' (Root cause: com.kms.katalon.core.exception.StepFailedException: Unable to click on object 'Object Repository/object_reservation/button_Return To Reservation'
	at com.kms.katalon.core.webui.keyword.internal.WebUIKeywordMain.stepFailed(WebUIKeywordMain.groovy:64)
	at com.kms.katalon.core.webui.keyword.internal.WebUIKeywordMain.runKeyword(WebUIKeywordMain.groovy:26)
	at com.kms.katalon.core.webui.keyword.builtin.ClickKeyword.click(ClickKeyword.groovy:99)
	at com.kms.katalon.core.webui.keyword.builtin.ClickKeyword.execute(ClickKeyword.groovy:43)
	at com.kms.katalon.core.keyword.internal.KeywordExecutor.executeKeywordForPlatform(KeywordExecutor.groovy:60)
	at com.kms.katalon.core.webui.keyword.WebUiBuiltInKeywords.click(WebUiBuiltInKeywords.groovy:616)
	at com.kms.katalon.core.webui.keyword.WebUiBuiltInKeywords$click$2.call(Unknown Source)
	at p4p_newReservationDaycare.run(p4p_newReservationDaycare:612)
	at com.kms.katalon.core.main.ScriptEngine.run(ScriptEngine.java:194)
	at com.kms.katalon.core.main.ScriptEngine.runScriptAsRawText(ScriptEngine.java:119)
	at com.kms.katalon.core.main.TestCaseExecutor.runScript(TestCaseExecutor.java:337)
	at com.kms.katalon.core.main.TestCaseExecutor.doExecute(TestCaseExecutor.java:328)
	at com.kms.katalon.core.main.TestCaseExecutor.processExecutionPhase(TestCaseExecutor.java:307)
	at com.kms.katalon.core.main.TestCaseExecutor.accessMainPhase(TestCaseExecutor.java:299)
	at com.kms.katalon.core.main.TestCaseExecutor.execute(TestCaseExecutor.java:233)
	at com.kms.katalon.core.main.TestSuiteExecutor.accessTestCaseMainPhase(TestSuiteExecutor.java:169)
	at com.kms.katalon.core.main.TestSuiteExecutor.accessTestSuiteMainPhase(TestSuiteExecutor.java:142)
	at com.kms.katalon.core.main.TestSuiteExecutor.execute(TestSuiteExecutor.java:91)
	at com.kms.katalon.core.main.TestCaseMain.startTestSuite(TestCaseMain.java:157)
	at com.kms.katalon.core.main.TestCaseMain$startTestSuite$0.call(Unknown Source)
	at TempTestSuite1577127624136.run(TempTestSuite1577127624136.groovy:36)
Caused by: com.kms.katalon.core.webui.exception.WebElementNotFoundException: Web element with id: 'Object Repository/object_reservation/button_Return To Reservation' located by 'By.xpath: (//button[@type='button'])[13]' not found
	at com.kms.katalon.core.webui.common.WebUiCommonHelper.findWebElement(WebUiCommonHelper.java:1113)
	at com.kms.katalon.core.webui.keyword.internal.WebUIAbstractKeyword.findWebElement(WebUIAbstractKeyword.groovy:27)
	at com.kms.katalon.core.webui.keyword.internal.WebUIAbstractKeyword.findWebElement(WebUIAbstractKeyword.groovy:26)
	at com.kms.katalon.core.webui.keyword.builtin.ClickKeyword$_click_closure1.doCall(ClickKeyword.groovy:68)
	at com.kms.katalon.core.webui.keyword.builtin.ClickKeyword$_click_closure1.call(ClickKeyword.groovy)
	at com.kms.katalon.core.webui.keyword.internal.WebUIKeywordMain.runKeyword(WebUIKeywordMain.groovy:20)
	at com.kms.katalon.core.webui.keyword.builtin.ClickKeyword.click(ClickKeyword.groovy:99)
	at com.kms.katalon.core.webui.keyword.builtin.ClickKeyword.execute(ClickKeyword.groovy:43)
	at com.kms.katalon.core.keyword.internal.KeywordExecutor.executeKeywordForPlatform(KeywordExecutor.groovy:60)
	at com.kms.katalon.core.webui.keyword.WebUiBuiltInKeywords.click(WebUiBuiltInKeywords.groovy:616)
	at com.kms.katalon.core.webui.keyword.WebUiBuiltInKeywords$click$2.call(Unknown Source)
	at Script1576482965057.run(Script1576482965057.groovy:612)
	... 13 more
)

2019-12-23 13:21:22 - [MESSAGE][INFO] - Unable to find the element located by 'By.xpath: (//button[@type='button'])[13]'. Please recheck the objects properties to make sure the desired element is located. 

2019-12-23 13:21:22 - [MESSAGE][FAILED] - Unable to click on object 'Object Repository/object_reservation/button_Return To Reservation' (Root cause: com.kms.katalon.core.exception.StepFailedException: Unable to click on object 'Object Repository/object_reservation/button_Return To Reservation'
	at com.kms.katalon.core.webui.keyword.internal.WebUIKeywordMain.stepFailed(WebUIKeywordMain.groovy:64)
	at com.kms.katalon.core.webui.keyword.internal.WebUIKeywordMain.runKeyword(WebUIKeywordMain.groovy:26)
	at com.kms.katalon.core.webui.keyword.builtin.ClickKeyword.click(ClickKeyword.groovy:99)
	at com.kms.katalon.core.webui.keyword.builtin.ClickKeyword.execute(ClickKeyword.groovy:43)
	at com.kms.katalon.core.keyword.internal.KeywordExecutor.executeKeywordForPlatform(KeywordExecutor.groovy:60)
	at com.kms.katalon.core.webui.keyword.WebUiBuiltInKeywords.click(WebUiBuiltInKeywords.groovy:616)
	at com.kms.katalon.core.webui.keyword.WebUiBuiltInKeywords$click$2.call(Unknown Source)
	at p4p_newReservationDaycare.run(p4p_newReservationDaycare:612)
	at com.kms.katalon.core.main.ScriptEngine.run(ScriptEngine.java:194)
	at com.kms.katalon.core.main.ScriptEngine.runScriptAsRawText(ScriptEngine.java:119)
	at com.kms.katalon.core.main.TestCaseExecutor.runScript(TestCaseExecutor.java:337)
	at com.kms.katalon.core.main.TestCaseExecutor.doExecute(TestCaseExecutor.java:328)
	at com.kms.katalon.core.main.TestCaseExecutor.processExecutionPhase(TestCaseExecutor.java:307)
	at com.kms.katalon.core.main.TestCaseExecutor.accessMainPhase(TestCaseExecutor.java:299)
	at com.kms.katalon.core.main.TestCaseExecutor.execute(TestCaseExecutor.java:233)
	at com.kms.katalon.core.main.TestSuiteExecutor.accessTestCaseMainPhase(TestSuiteExecutor.java:169)
	at com.kms.katalon.core.main.TestSuiteExecutor.accessTestSuiteMainPhase(TestSuiteExecutor.java:142)
	at com.kms.katalon.core.main.TestSuiteExecutor.execute(TestSuiteExecutor.java:91)
	at com.kms.katalon.core.main.TestCaseMain.startTestSuite(TestCaseMain.java:157)
	at com.kms.katalon.core.main.TestCaseMain$startTestSuite$0.call(Unknown Source)
	at TempTestSuite1577127624136.run(TempTestSuite1577127624136.groovy:36)
Caused by: com.kms.katalon.core.webui.exception.WebElementNotFoundException: Web element with id: 'Object Repository/object_reservation/button_Return To Reservation' located by 'By.xpath: (//button[@type='button'])[13]' not found
	at com.kms.katalon.core.webui.common.WebUiCommonHelper.findWebElement(WebUiCommonHelper.java:1113)
	at com.kms.katalon.core.webui.keyword.internal.WebUIAbstractKeyword.findWebElement(WebUIAbstractKeyword.groovy:27)
	at com.kms.katalon.core.webui.keyword.internal.WebUIAbstractKeyword.findWebElement(WebUIAbstractKeyword.groovy:26)
	at com.kms.katalon.core.webui.keyword.builtin.ClickKeyword$_click_closure1.doCall(ClickKeyword.groovy:68)
	at com.kms.katalon.core.webui.keyword.builtin.ClickKeyword$_click_closure1.call(ClickKeyword.groovy)
	at com.kms.katalon.core.webui.keyword.internal.WebUIKeywordMain.runKeyword(WebUIKeywordMain.groovy:20)
	at com.kms.katalon.core.webui.keyword.builtin.ClickKeyword.click(ClickKeyword.groovy:99)
	at com.kms.katalon.core.webui.keyword.builtin.ClickKeyword.execute(ClickKeyword.groovy:43)
	at com.kms.katalon.core.keyword.internal.KeywordExecutor.executeKeywordForPlatform(KeywordExecutor.groovy:60)
	at com.kms.katalon.core.webui.keyword.WebUiBuiltInKeywords.click(WebUiBuiltInKeywords.groovy:616)
	at com.kms.katalon.core.webui.keyword.WebUiBuiltInKeywords$click$2.call(Unknown Source)
	at Script1576482965057.run(Script1576482965057.groovy:612)
	... 13 more
)
[[ATTACHMENT|/home/leonardo-arkusmty/Documents/workspaceKatalon/p4ptest/Reports/20191223_130024/ts_newReservationDaycare/20191223_130024/1577128882596.png]]

2019-12-23 13:21:22 - [TEST_STEP][PASSED] - catch (Exception e): null

2019-12-23 13:21:22 - [TEST_STEP][PASSED] - e.printStackTrace(): null

2019-12-23 13:21:22 - [TEST_STEP][PASSED] - log.logInfo("ERROR EXCEPCION"): ERROR EXCEPCION

2019-12-23 13:21:22 - [MESSAGE][INFO] - ERROR EXCEPCION

2019-12-23 13:21:22 - [TEST_STEP][PASSED] - cell1Err = rowNewRes.createCell(16, 0): null

2019-12-23 13:21:22 - [TEST_STEP][PASSED] - cell2Err = rowNewRes.createCell(18, 0): null

2019-12-23 13:21:22 - [TEST_STEP][PASSED] - cell1Err.setCellType(CELL_TYPE_STRING): null

2019-12-23 13:21:22 - [TEST_STEP][PASSED] - cell1Err.setCellValue("Error"): null

2019-12-23 13:21:22 - [TEST_STEP][PASSED] - cell2Err.setCellType(CELL_TYPE_STRING): null

2019-12-23 13:21:22 - [TEST_STEP][PASSED] - cell2Err.setCellValue("Reservacion existente"): null

2019-12-23 13:21:22 - [TEST_STEP][PASSED] - fos = new java.io.FileOutputStream(/home/leonardo-arkusmty/Desktop/P4P/DATA_AUTOMATINTESTING/data_1newReservationDaycare.xlsx): null

2019-12-23 13:21:22 - [TEST_STEP][PASSED] - workbookNewRes.write(fos): null

2019-12-23 13:21:22 - [TEST_STEP][PASSED] - fos.close(): null

2019-12-23 13:21:22 - [TEST_STEP][PASSED] - delay(1): Delayed 1 second(s)

2019-12-23 13:21:23 - [MESSAGE][PASSED] - Delayed 1 second(s)

2019-12-23 13:21:23 - [TEST_STEP][PASSED] - cellCan = rowCanRes.createCell(5, 0): null

2019-12-23 13:21:23 - [TEST_STEP][PASSED] - cellCan.setCellType(CELL_TYPE_STRING): null

2019-12-23 13:21:23 - [TEST_STEP][PASSED] - cellCan.setCellValue("Error en la reservacion"): null

2019-12-23 13:21:23 - [TEST_STEP][PASSED] - fosCan = new java.io.FileOutputStream(/home/leonardo-arkusmty/Desktop/P4P/DATA_AUTOMATINTESTING/data_2cancelReservation.xlsx): null

2019-12-23 13:21:23 - [TEST_STEP][PASSED] - workbookCanRes.write(fosCan): null

2019-12-23 13:21:23 - [TEST_STEP][PASSED] - fosCan.close(): null

2019-12-23 13:21:23 - [TEST_STEP][PASSED] - delay(6): Delayed 6 second(s)

2019-12-23 13:21:29 - [MESSAGE][PASSED] - Delayed 6 second(s)

2019-12-23 13:21:29 - [TEST_STEP][FAILED] - click(findTestObject("Object Repository/object_reservation/Page_Paradise 4 Paws  Dog Boarding Cat Boar_35fe2b/button_Go to CheckOut")): Unable to click on object 'Object Repository/object_reservation/Page_Paradise 4 Paws  Dog Boarding Cat Boar_35fe2b/button_Go to CheckOut' (Root cause: com.kms.katalon.core.exception.StepFailedException: Unable to click on object 'Object Repository/object_reservation/Page_Paradise 4 Paws  Dog Boarding Cat Boar_35fe2b/button_Go to CheckOut'
	at com.kms.katalon.core.webui.keyword.internal.WebUIKeywordMain.stepFailed(WebUIKeywordMain.groovy:64)
	at com.kms.katalon.core.webui.keyword.internal.WebUIKeywordMain.runKeyword(WebUIKeywordMain.groovy:26)
	at com.kms.katalon.core.webui.keyword.builtin.ClickKeyword.click(ClickKeyword.groovy:99)
	at com.kms.katalon.core.webui.keyword.builtin.ClickKeyword.execute(ClickKeyword.groovy:43)
	at com.kms.katalon.core.keyword.internal.KeywordExecutor.executeKeywordForPlatform(KeywordExecutor.groovy:60)
	at com.kms.katalon.core.webui.keyword.WebUiBuiltInKeywords.click(WebUiBuiltInKeywords.groovy:616)
	at com.kms.katalon.core.webui.keyword.WebUiBuiltInKeywords$click$2.call(Unknown Source)
	at p4p_newReservationDaycare.run(p4p_newReservationDaycare:645)
	at com.kms.katalon.core.main.ScriptEngine.run(ScriptEngine.java:194)
	at com.kms.katalon.core.main.ScriptEngine.runScriptAsRawText(ScriptEngine.java:119)
	at com.kms.katalon.core.main.TestCaseExecutor.runScript(TestCaseExecutor.java:337)
	at com.kms.katalon.core.main.TestCaseExecutor.doExecute(TestCaseExecutor.java:328)
	at com.kms.katalon.core.main.TestCaseExecutor.processExecutionPhase(TestCaseExecutor.java:307)
	at com.kms.katalon.core.main.TestCaseExecutor.accessMainPhase(TestCaseExecutor.java:299)
	at com.kms.katalon.core.main.TestCaseExecutor.execute(TestCaseExecutor.java:233)
	at com.kms.katalon.core.main.TestSuiteExecutor.accessTestCaseMainPhase(TestSuiteExecutor.java:169)
	at com.kms.katalon.core.main.TestSuiteExecutor.accessTestSuiteMainPhase(TestSuiteExecutor.java:142)
	at com.kms.katalon.core.main.TestSuiteExecutor.execute(TestSuiteExecutor.java:91)
	at com.kms.katalon.core.main.TestCaseMain.startTestSuite(TestCaseMain.java:157)
	at com.kms.katalon.core.main.TestCaseMain$startTestSuite$0.call(Unknown Source)
	at TempTestSuite1577127624136.run(TempTestSuite1577127624136.groovy:36)
Caused by: com.kms.katalon.core.webui.exception.WebElementNotFoundException: Web element with id: 'Object Repository/object_reservation/Page_Paradise 4 Paws  Dog Boarding Cat Boar_35fe2b/button_Go to CheckOut' located by 'By.xpath: //div[@id='wrapper']/div/div/div[3]/fieldset/div/p4p-reservations-wizard/div/div[3]/div/div/div/div/div[2]/submit/button' not found
	at com.kms.katalon.core.webui.common.WebUiCommonHelper.findWebElement(WebUiCommonHelper.java:1113)
	at com.kms.katalon.core.webui.keyword.internal.WebUIAbstractKeyword.findWebElement(WebUIAbstractKeyword.groovy:27)
	at com.kms.katalon.core.webui.keyword.internal.WebUIAbstractKeyword.findWebElement(WebUIAbstractKeyword.groovy:26)
	at com.kms.katalon.core.webui.keyword.builtin.ClickKeyword$_click_closure1.doCall(ClickKeyword.groovy:68)
	at com.kms.katalon.core.webui.keyword.builtin.ClickKeyword$_click_closure1.call(ClickKeyword.groovy)
	at com.kms.katalon.core.webui.keyword.internal.WebUIKeywordMain.runKeyword(WebUIKeywordMain.groovy:20)
	at com.kms.katalon.core.webui.keyword.builtin.ClickKeyword.click(ClickKeyword.groovy:99)
	at com.kms.katalon.core.webui.keyword.builtin.ClickKeyword.execute(ClickKeyword.groovy:43)
	at com.kms.katalon.core.keyword.internal.KeywordExecutor.executeKeywordForPlatform(KeywordExecutor.groovy:60)
	at com.kms.katalon.core.webui.keyword.WebUiBuiltInKeywords.click(WebUiBuiltInKeywords.groovy:616)
	at com.kms.katalon.core.webui.keyword.WebUiBuiltInKeywords$click$2.call(Unknown Source)
	at Script1576482965057.run(Script1576482965057.groovy:645)
	... 13 more
)

2019-12-23 13:22:13 - [MESSAGE][INFO] - Unable to find the element located by 'By.xpath: //div[@id='wrapper']/div/div/div[3]/fieldset/div/p4p-reservations-wizard/div/div[3]/div/div/div/div/div[2]/submit/button'. Please recheck the objects properties to make sure the desired element is located. 

2019-12-23 13:22:13 - [MESSAGE][FAILED] - Unable to click on object 'Object Repository/object_reservation/Page_Paradise 4 Paws  Dog Boarding Cat Boar_35fe2b/button_Go to CheckOut' (Root cause: com.kms.katalon.core.exception.StepFailedException: Unable to click on object 'Object Repository/object_reservation/Page_Paradise 4 Paws  Dog Boarding Cat Boar_35fe2b/button_Go to CheckOut'
	at com.kms.katalon.core.webui.keyword.internal.WebUIKeywordMain.stepFailed(WebUIKeywordMain.groovy:64)
	at com.kms.katalon.core.webui.keyword.internal.WebUIKeywordMain.runKeyword(WebUIKeywordMain.groovy:26)
	at com.kms.katalon.core.webui.keyword.builtin.ClickKeyword.click(ClickKeyword.groovy:99)
	at com.kms.katalon.core.webui.keyword.builtin.ClickKeyword.execute(ClickKeyword.groovy:43)
	at com.kms.katalon.core.keyword.internal.KeywordExecutor.executeKeywordForPlatform(KeywordExecutor.groovy:60)
	at com.kms.katalon.core.webui.keyword.WebUiBuiltInKeywords.click(WebUiBuiltInKeywords.groovy:616)
	at com.kms.katalon.core.webui.keyword.WebUiBuiltInKeywords$click$2.call(Unknown Source)
	at p4p_newReservationDaycare.run(p4p_newReservationDaycare:645)
	at com.kms.katalon.core.main.ScriptEngine.run(ScriptEngine.java:194)
	at com.kms.katalon.core.main.ScriptEngine.runScriptAsRawText(ScriptEngine.java:119)
	at com.kms.katalon.core.main.TestCaseExecutor.runScript(TestCaseExecutor.java:337)
	at com.kms.katalon.core.main.TestCaseExecutor.doExecute(TestCaseExecutor.java:328)
	at com.kms.katalon.core.main.TestCaseExecutor.processExecutionPhase(TestCaseExecutor.java:307)
	at com.kms.katalon.core.main.TestCaseExecutor.accessMainPhase(TestCaseExecutor.java:299)
	at com.kms.katalon.core.main.TestCaseExecutor.execute(TestCaseExecutor.java:233)
	at com.kms.katalon.core.main.TestSuiteExecutor.accessTestCaseMainPhase(TestSuiteExecutor.java:169)
	at com.kms.katalon.core.main.TestSuiteExecutor.accessTestSuiteMainPhase(TestSuiteExecutor.java:142)
	at com.kms.katalon.core.main.TestSuiteExecutor.execute(TestSuiteExecutor.java:91)
	at com.kms.katalon.core.main.TestCaseMain.startTestSuite(TestCaseMain.java:157)
	at com.kms.katalon.core.main.TestCaseMain$startTestSuite$0.call(Unknown Source)
	at TempTestSuite1577127624136.run(TempTestSuite1577127624136.groovy:36)
Caused by: com.kms.katalon.core.webui.exception.WebElementNotFoundException: Web element with id: 'Object Repository/object_reservation/Page_Paradise 4 Paws  Dog Boarding Cat Boar_35fe2b/button_Go to CheckOut' located by 'By.xpath: //div[@id='wrapper']/div/div/div[3]/fieldset/div/p4p-reservations-wizard/div/div[3]/div/div/div/div/div[2]/submit/button' not found
	at com.kms.katalon.core.webui.common.WebUiCommonHelper.findWebElement(WebUiCommonHelper.java:1113)
	at com.kms.katalon.core.webui.keyword.internal.WebUIAbstractKeyword.findWebElement(WebUIAbstractKeyword.groovy:27)
	at com.kms.katalon.core.webui.keyword.internal.WebUIAbstractKeyword.findWebElement(WebUIAbstractKeyword.groovy:26)
	at com.kms.katalon.core.webui.keyword.builtin.ClickKeyword$_click_closure1.doCall(ClickKeyword.groovy:68)
	at com.kms.katalon.core.webui.keyword.builtin.ClickKeyword$_click_closure1.call(ClickKeyword.groovy)
	at com.kms.katalon.core.webui.keyword.internal.WebUIKeywordMain.runKeyword(WebUIKeywordMain.groovy:20)
	at com.kms.katalon.core.webui.keyword.builtin.ClickKeyword.click(ClickKeyword.groovy:99)
	at com.kms.katalon.core.webui.keyword.builtin.ClickKeyword.execute(ClickKeyword.groovy:43)
	at com.kms.katalon.core.keyword.internal.KeywordExecutor.executeKeywordForPlatform(KeywordExecutor.groovy:60)
	at com.kms.katalon.core.webui.keyword.WebUiBuiltInKeywords.click(WebUiBuiltInKeywords.groovy:616)
	at com.kms.katalon.core.webui.keyword.WebUiBuiltInKeywords$click$2.call(Unknown Source)
	at Script1576482965057.run(Script1576482965057.groovy:645)
	... 13 more
)
[[ATTACHMENT|/home/leonardo-arkusmty/Documents/workspaceKatalon/p4ptest/Reports/20191223_130024/ts_newReservationDaycare/20191223_130024/1577128933728.png]]]]></system-out>
         <system-err><![CDATA[2019-12-23 13:18:50 - [TEST_CASE][FAILED] - Test Cases/p4p_newReservationDaycare: Test Cases/p4p_newReservationDaycare FAILED.
Reason:
com.kms.katalon.core.exception.StepFailedException: Unable to click on object 'Object Repository/object_reservation/Page_Paradise 4 Paws  Dog Boarding Cat Boar_35fe2b/button_Go to CheckOut'
	at com.kms.katalon.core.webui.keyword.internal.WebUIKeywordMain.stepFailed(WebUIKeywordMain.groovy:64)
	at com.kms.katalon.core.webui.keyword.internal.WebUIKeywordMain.runKeyword(WebUIKeywordMain.groovy:26)
	at com.kms.katalon.core.webui.keyword.builtin.ClickKeyword.click(ClickKeyword.groovy:99)
	at com.kms.katalon.core.webui.keyword.builtin.ClickKeyword.execute(ClickKeyword.groovy:43)
	at com.kms.katalon.core.keyword.internal.KeywordExecutor.executeKeywordForPlatform(KeywordExecutor.groovy:60)
	at com.kms.katalon.core.webui.keyword.WebUiBuiltInKeywords.click(WebUiBuiltInKeywords.groovy:616)
	at com.kms.katalon.core.webui.keyword.WebUiBuiltInKeywords$click$2.call(Unknown Source)
	at p4p_newReservationDaycare.run(p4p_newReservationDaycare:645)
	at com.kms.katalon.core.main.ScriptEngine.run(ScriptEngine.java:194)
	at com.kms.katalon.core.main.ScriptEngine.runScriptAsRawText(ScriptEngine.java:119)
	at com.kms.katalon.core.main.TestCaseExecutor.runScript(TestCaseExecutor.java:337)
	at com.kms.katalon.core.main.TestCaseExecutor.doExecute(TestCaseExecutor.java:328)
	at com.kms.katalon.core.main.TestCaseExecutor.processExecutionPhase(TestCaseExecutor.java:307)
	at com.kms.katalon.core.main.TestCaseExecutor.accessMainPhase(TestCaseExecutor.java:299)
	at com.kms.katalon.core.main.TestCaseExecutor.execute(TestCaseExecutor.java:233)
	at com.kms.katalon.core.main.TestSuiteExecutor.accessTestCaseMainPhase(TestSuiteExecutor.java:169)
	at com.kms.katalon.core.main.TestSuiteExecutor.accessTestSuiteMainPhase(TestSuiteExecutor.java:142)
	at com.kms.katalon.core.main.TestSuiteExecutor.execute(TestSuiteExecutor.java:91)
	at com.kms.katalon.core.main.TestCaseMain.startTestSuite(TestCaseMain.java:157)
	at com.kms.katalon.core.main.TestCaseMain$startTestSuite$0.call(Unknown Source)
	at TempTestSuite1577127624136.run(TempTestSuite1577127624136.groovy:36)
Caused by: com.kms.katalon.core.webui.exception.WebElementNotFoundException: Web element with id: 'Object Repository/object_reservation/Page_Paradise 4 Paws  Dog Boarding Cat Boar_35fe2b/button_Go to CheckOut' located by 'By.xpath: //div[@id='wrapper']/div/div/div[3]/fieldset/div/p4p-reservations-wizard/div/div[3]/div/div/div/div/div[2]/submit/button' not found
	at com.kms.katalon.core.webui.common.WebUiCommonHelper.findWebElement(WebUiCommonHelper.java:1113)
	at com.kms.katalon.core.webui.keyword.internal.WebUIAbstractKeyword.findWebElement(WebUIAbstractKeyword.groovy:27)
	at com.kms.katalon.core.webui.keyword.internal.WebUIAbstractKeyword.findWebElement(WebUIAbstractKeyword.groovy:26)
	at com.kms.katalon.core.webui.keyword.builtin.ClickKeyword$_click_closure1.doCall(ClickKeyword.groovy:68)
	at com.kms.katalon.core.webui.keyword.builtin.ClickKeyword$_click_closure1.call(ClickKeyword.groovy)
	at com.kms.katalon.core.webui.keyword.internal.WebUIKeywordMain.runKeyword(WebUIKeywordMain.groovy:20)
	... 19 more]]></system-err>
      </testcase>
      <testcase name="Test Cases/p4p_newReservationDaycare" time="188.556" classname="Test Cases/p4p_newReservationDaycare" status="ERROR">
         <error type="ERROR" message="Test Cases/p4p_newReservationDaycare FAILED.
Reason:
java.lang.NullPointerException: Cannot invoke method createCell() on null object
	at org.apache.poi.ss.usermodel.Row$createCell.call(Unknown Source)
	at p4p_newReservationDaycare.run(p4p_newReservationDaycare:634)
	at com.kms.katalon.core.main.ScriptEngine.run(ScriptEngine.java:194)
	at com.kms.katalon.core.main.ScriptEngine.runScriptAsRawText(ScriptEngine.java:119)
	at com.kms.katalon.core.main.TestCaseExecutor.runScript(TestCaseExecutor.java:337)
	at com.kms.katalon.core.main.TestCaseExecutor.doExecute(TestCaseExecutor.java:328)
	at com.kms.katalon.core.main.TestCaseExecutor.processExecutionPhase(TestCaseExecutor.java:307)
	at com.kms.katalon.core.main.TestCaseExecutor.accessMainPhase(TestCaseExecutor.java:299)
	at com.kms.katalon.core.main.TestCaseExecutor.execute(TestCaseExecutor.java:233)
	at com.kms.katalon.core.main.TestSuiteExecutor.accessTestCaseMainPhase(TestSuiteExecutor.java:169)
	at com.kms.katalon.core.main.TestSuiteExecutor.accessTestSuiteMainPhase(TestSuiteExecutor.java:142)
	at com.kms.katalon.core.main.TestSuiteExecutor.execute(TestSuiteExecutor.java:91)
	at com.kms.katalon.core.main.TestCaseMain.startTestSuite(TestCaseMain.java:157)
	at com.kms.katalon.core.main.TestCaseMain$startTestSuite$0.call(Unknown Source)
	at TempTestSuite1577127624136.run(TempTestSuite1577127624136.groovy:36)
"/>
         <system-out><![CDATA[2019-12-23 13:22:13 - [TEST_CASE][ERROR] - Test Cases/p4p_newReservationDaycare: Test Cases/p4p_newReservationDaycare FAILED.
Reason:
java.lang.NullPointerException: Cannot invoke method createCell() on null object
	at org.apache.poi.ss.usermodel.Row$createCell.call(Unknown Source)
	at p4p_newReservationDaycare.run(p4p_newReservationDaycare:634)
	at com.kms.katalon.core.main.ScriptEngine.run(ScriptEngine.java:194)
	at com.kms.katalon.core.main.ScriptEngine.runScriptAsRawText(ScriptEngine.java:119)
	at com.kms.katalon.core.main.TestCaseExecutor.runScript(TestCaseExecutor.java:337)
	at com.kms.katalon.core.main.TestCaseExecutor.doExecute(TestCaseExecutor.java:328)
	at com.kms.katalon.core.main.TestCaseExecutor.processExecutionPhase(TestCaseExecutor.java:307)
	at com.kms.katalon.core.main.TestCaseExecutor.accessMainPhase(TestCaseExecutor.java:299)
	at com.kms.katalon.core.main.TestCaseExecutor.execute(TestCaseExecutor.java:233)
	at com.kms.katalon.core.main.TestSuiteExecutor.accessTestCaseMainPhase(TestSuiteExecutor.java:169)
	at com.kms.katalon.core.main.TestSuiteExecutor.accessTestSuiteMainPhase(TestSuiteExecutor.java:142)
	at com.kms.katalon.core.main.TestSuiteExecutor.execute(TestSuiteExecutor.java:91)
	at com.kms.katalon.core.main.TestCaseMain.startTestSuite(TestCaseMain.java:157)
	at com.kms.katalon.core.main.TestCaseMain$startTestSuite$0.call(Unknown Source)
	at TempTestSuite1577127624136.run(TempTestSuite1577127624136.groovy:36)


2019-12-23 13:22:13 - [TEST_STEP][PASSED] - openBrowser("https://p4p-qa-bg.aws.paradise4paws.com/login/"): Browser is opened with url: 'https://p4p-qa-bg.aws.paradise4paws.com/login/'

2019-12-23 13:22:13 - [MESSAGE][WARNING] - A browser is already opened. Closing browser and opening a new one

2019-12-23 13:22:14 - [MESSAGE][INFO] - Starting 'Firefox' driver

2019-12-23 13:22:18 - [MESSAGE][PASSED] - Browser is opened with url: 'https://p4p-qa-bg.aws.paradise4paws.com/login/'

2019-12-23 13:22:18 - [TEST_STEP][PASSED] - setText(findTestObject("Object Repository/object_login/input_user"), var_user): Text 'jegchavez@gmail.com' is set on object 'Object Repository/object_login/input_user'

2019-12-23 13:22:19 - [MESSAGE][PASSED] - Text 'jegchavez@gmail.com' is set on object 'Object Repository/object_login/input_user'

2019-12-23 13:22:19 - [TEST_STEP][PASSED] - setText(findTestObject("Object Repository/object_login/input_pass"), var_pass): Text 'admin1' is set on object 'Object Repository/object_login/input_pass'

2019-12-23 13:22:19 - [MESSAGE][PASSED] - Text 'admin1' is set on object 'Object Repository/object_login/input_pass'

2019-12-23 13:22:19 - [TEST_STEP][PASSED] - delay(2): Delayed 2 second(s)

2019-12-23 13:22:21 - [MESSAGE][PASSED] - Delayed 2 second(s)

2019-12-23 13:22:21 - [TEST_STEP][PASSED] - verifyElementClickable(findTestObject("Object Repository/object_login/btn_login")): Object 'Object Repository/object_login/btn_login' is clickable

2019-12-23 13:22:21 - [MESSAGE][PASSED] - Object 'Object Repository/object_login/btn_login' is clickable

2019-12-23 13:22:21 - [TEST_STEP][PASSED] - click(findTestObject("Object Repository/object_login/btn_login")): Object: 'Object Repository/object_login/btn_login' is clicked on

2019-12-23 13:22:26 - [MESSAGE][PASSED] - Object: 'Object Repository/object_login/btn_login' is clicked on

2019-12-23 13:22:26 - [TEST_STEP][PASSED] - delay(2): Delayed 2 second(s)

2019-12-23 13:22:28 - [MESSAGE][PASSED] - Delayed 2 second(s)

2019-12-23 13:22:28 - [TEST_STEP][PASSED] - setText(findTestObject("Object Repository/object_dashboard_emp/input_search"), var_searchParent): Text 'leongarzagarza@hotmail.com' is set on object 'Object Repository/object_dashboard_emp/input_search'

2019-12-23 13:22:28 - [MESSAGE][PASSED] - Text 'leongarzagarza@hotmail.com' is set on object 'Object Repository/object_dashboard_emp/input_search'

2019-12-23 13:22:28 - [TEST_STEP][PASSED] - click(findTestObject("Object Repository/object_dashboard_emp/btn_accountSearch")): Object: 'Object Repository/object_dashboard_emp/btn_accountSearch' is clicked on

2019-12-23 13:22:29 - [MESSAGE][PASSED] - Object: 'Object Repository/object_dashboard_emp/btn_accountSearch' is clicked on

2019-12-23 13:22:29 - [TEST_STEP][PASSED] - delay(2): Delayed 2 second(s)

2019-12-23 13:22:31 - [MESSAGE][PASSED] - Delayed 2 second(s)

2019-12-23 13:22:31 - [TEST_STEP][PASSED] - click(findTestObject("Object Repository/object_accountInformation/a_TEST GABRIEL PROD")): Object: 'Object Repository/object_accountInformation/a_TEST GABRIEL PROD' is clicked on

2019-12-23 13:22:36 - [MESSAGE][PASSED] - Object: 'Object Repository/object_accountInformation/a_TEST GABRIEL PROD' is clicked on

2019-12-23 13:22:36 - [TEST_STEP][PASSED] - delay(2): Delayed 2 second(s)

2019-12-23 13:22:38 - [MESSAGE][PASSED] - Delayed 2 second(s)

2019-12-23 13:22:38 - [TEST_STEP][PASSED] - flagBoar = "0": null

2019-12-23 13:22:38 - [TEST_STEP][PASSED] - log = new com.kms.katalon.core.logging.KeywordLogger(): null

2019-12-23 13:22:38 - [TEST_STEP][PASSED] - fisNewRes = new java.io.FileInputStream(/home/leonardo-arkusmty/Desktop/P4P/DATA_AUTOMATINTESTING/data_1newReservationDaycare.xlsx): null

2019-12-23 13:22:38 - [TEST_STEP][PASSED] - fisCanRes = new java.io.FileInputStream(/home/leonardo-arkusmty/Desktop/P4P/DATA_AUTOMATINTESTING/data_2cancelReservation.xlsx): null

2019-12-23 13:22:38 - [TEST_STEP][PASSED] - workbookNewRes = new org.apache.poi.xssf.usermodel.XSSFWorkbook(fisNewRes): null

2019-12-23 13:22:38 - [TEST_STEP][PASSED] - workbookCanRes = new org.apache.poi.xssf.usermodel.XSSFWorkbook(fisCanRes): null

2019-12-23 13:22:38 - [TEST_STEP][PASSED] - sheetNewRes = workbookNewRes.getSheet("Sheet1"): null

2019-12-23 13:22:38 - [TEST_STEP][PASSED] - sheetCanRes = workbookCanRes.getSheet("Sheet1"): null

2019-12-23 13:22:38 - [TEST_STEP][PASSED] - rowCount = var_row: null

2019-12-23 13:22:38 - [TEST_STEP][PASSED] - var = Integer.parseInt(var_idRowRes): null

2019-12-23 13:22:38 - [TEST_STEP][PASSED] - rowNewRes = sheetNewRes.getRow(var): null

2019-12-23 13:22:38 - [TEST_STEP][PASSED] - rowCanRes = sheetCanRes.getRow(var): null

2019-12-23 13:22:38 - [TEST_STEP][PASSED] - var_url = getUrl(): Current window's url is: 'https://p4p-qa-bg.aws.paradise4paws.com/accounts/profile/#/reservations/122350/'

2019-12-23 13:22:38 - [MESSAGE][PASSED] - Current window's url is: 'https://p4p-qa-bg.aws.paradise4paws.com/accounts/profile/#/reservations/122350/'

2019-12-23 13:22:38 - [TEST_STEP][PASSED] - arrUrl = var_url.split("/"): null

2019-12-23 13:22:38 - [TEST_STEP][PASSED] - idParent = arrUrl[7]: null

2019-12-23 13:22:38 - [TEST_STEP][PASSED] - click(findTestObject("Object Repository/object_profile/a_addReservation")): Object: 'Object Repository/object_profile/a_addReservation' is clicked on

2019-12-23 13:22:39 - [MESSAGE][PASSED] - Object: 'Object Repository/object_profile/a_addReservation' is clicked on

2019-12-23 13:22:39 - [TEST_STEP][PASSED] - delay(2): Delayed 2 second(s)

2019-12-23 13:22:41 - [MESSAGE][PASSED] - Delayed 2 second(s)

2019-12-23 13:22:41 - [TEST_STEP][PASSED] - if (var_typeReserveation == "Boarding"): null

2019-12-23 13:22:41 - [TEST_STEP][PASSED] - else if (var_typeReserveation == "Daycare"): Object: 'Object Repository/object_reservation/btn_Daycare' is clicked on

2019-12-23 13:22:41 - [TEST_STEP][PASSED] - flagBoar = "2": null

2019-12-23 13:22:41 - [TEST_STEP][PASSED] - click(findTestObject("object_reservation/btn_Daycare")): Object: 'Object Repository/object_reservation/btn_Daycare' is clicked on

2019-12-23 13:22:42 - [MESSAGE][PASSED] - Object: 'Object Repository/object_reservation/btn_Daycare' is clicked on

2019-12-23 13:22:42 - [TEST_STEP][PASSED] - click(findTestObject("Object Repository/object_reservation/i_location")): Object: 'Object Repository/object_reservation/i_location' is clicked on

2019-12-23 13:22:44 - [MESSAGE][PASSED] - Object: 'Object Repository/object_reservation/i_location' is clicked on

2019-12-23 13:22:44 - [TEST_STEP][PASSED] - switch (var_idFacility): null

2019-12-23 13:22:44 - [TEST_STEP][PASSED] - dateCI = var_checkinD.split(","): null

2019-12-23 13:22:44 - [TEST_STEP][PASSED] - dateCO = var_checkoutD.split(","): null

2019-12-23 13:22:44 - [TEST_STEP][PASSED] - arryPets = var_pets.split(","): null

2019-12-23 13:22:44 - [TEST_STEP][PASSED] - delay(2): Delayed 2 second(s)

2019-12-23 13:22:46 - [MESSAGE][PASSED] - Delayed 2 second(s)

2019-12-23 13:22:46 - [TEST_STEP][PASSED] - if (var_repeting == "Y"): All options with value '3' are selected in object 'Object Repository/object_reservation/Page_Paradise 4 Paws  Dog Boarding Cat Boar_cfde7f/select_DailyWeeklyMonthlyOther'  using regular expression

2019-12-23 13:22:46 - [TEST_STEP][PASSED] - click(findTestObject("Object Repository/object_reservation/checkbox_repeating")): Object: 'Object Repository/object_reservation/checkbox_repeating' is clicked on

2019-12-23 13:22:47 - [MESSAGE][PASSED] - Object: 'Object Repository/object_reservation/checkbox_repeating' is clicked on

2019-12-23 13:22:47 - [TEST_STEP][PASSED] - if (var_repeatingEvery == "Weekly"): null

2019-12-23 13:22:47 - [TEST_STEP][PASSED] - else if (var_repeatingEvery == "Monthly"): All options with value '3' are selected in object 'Object Repository/object_reservation/Page_Paradise 4 Paws  Dog Boarding Cat Boar_cfde7f/select_DailyWeeklyMonthlyOther'  using regular expression

2019-12-23 13:22:47 - [TEST_STEP][PASSED] - selectOptionByValue(findTestObject("Object Repository/object_reservation/Page_Paradise 4 Paws  Dog Boarding Cat Boar_cfde7f/select_DailyWeeklyMonthlyOther"), "3", true): All options with value '3' are selected in object 'Object Repository/object_reservation/Page_Paradise 4 Paws  Dog Boarding Cat Boar_cfde7f/select_DailyWeeklyMonthlyOther'  using regular expression

2019-12-23 13:22:48 - [MESSAGE][PASSED] - All options with value '3' are selected in object 'Object Repository/object_reservation/Page_Paradise 4 Paws  Dog Boarding Cat Boar_cfde7f/select_DailyWeeklyMonthlyOther'  using regular expression

2019-12-23 13:22:48 - [TEST_STEP][PASSED] - click(findTestObject("Object Repository/object_reservation/dateCheckIn")): Object: 'Object Repository/object_reservation/dateCheckIn' is clicked on

2019-12-23 13:22:49 - [MESSAGE][PASSED] - Object: 'Object Repository/object_reservation/dateCheckIn' is clicked on

2019-12-23 13:22:49 - [TEST_STEP][PASSED] - stringCI2020 = "0": null

2019-12-23 13:22:49 - [TEST_STEP][PASSED] - stringCO2020 = "0": null

2019-12-23 13:22:49 - [TEST_STEP][PASSED] - if (dateCI[0] == "16" && dateCI[1] == "01" && dateCI[2] == "2020"): null

2019-12-23 13:22:49 - [TEST_STEP][PASSED] - if (dateCI[0] == "18" && dateCI[1] == "02" && dateCI[2] == "2020"): null

2019-12-23 13:22:49 - [TEST_STEP][PASSED] - click(findTestObject("object_reservation/Page_Paradise 4 Paws  Dog Boarding Cat Boarding Chicago Pooch West Loop/button_December19_ci_btnpullright")): Object: 'Object Repository/object_reservation/Page_Paradise 4 Paws  Dog Boarding Cat Boarding Chicago Pooch West Loop/button_December19_ci_btnpullright' is clicked on

2019-12-23 13:22:50 - [MESSAGE][PASSED] - Object: 'Object Repository/object_reservation/Page_Paradise 4 Paws  Dog Boarding Cat Boarding Chicago Pooch West Loop/button_December19_ci_btnpullright' is clicked on

2019-12-23 13:22:50 - [TEST_STEP][PASSED] - click(findTestObject("object_reservation/Page_Paradise 4 Paws  Dog Boarding Cat Boarding Chicago Pooch West Loop/button_January20_ci_btnpullright")): Object: 'Object Repository/object_reservation/Page_Paradise 4 Paws  Dog Boarding Cat Boarding Chicago Pooch West Loop/button_January20_ci_btnpullright' is clicked on

2019-12-23 13:22:51 - [MESSAGE][PASSED] - Object: 'Object Repository/object_reservation/Page_Paradise 4 Paws  Dog Boarding Cat Boarding Chicago Pooch West Loop/button_January20_ci_btnpullright' is clicked on

2019-12-23 13:22:51 - [TEST_STEP][PASSED] - click(findTestObject("object_reservation/Page_Paradise 4 Paws Dog Boarding2020/button_18_ci_0220")): Object: 'Object Repository/object_reservation/Page_Paradise 4 Paws Dog Boarding2020/button_18_ci_0220' is clicked on

2019-12-23 13:22:51 - [MESSAGE][PASSED] - Object: 'Object Repository/object_reservation/Page_Paradise 4 Paws Dog Boarding2020/button_18_ci_0220' is clicked on

2019-12-23 13:22:51 - [TEST_STEP][PASSED] - stringCI2020 = "1": null

2019-12-23 13:22:51 - [TEST_STEP][PASSED] - if (dateCI[0] == "21" && dateCI[1] == "03" && dateCI[2] == "2020"): null

2019-12-23 13:22:51 - [TEST_STEP][PASSED] - delay(2): Delayed 2 second(s)

2019-12-23 13:22:53 - [MESSAGE][PASSED] - Delayed 2 second(s)

2019-12-23 13:22:53 - [TEST_STEP][PASSED] - if (stringCI2020 == "0"): null

2019-12-23 13:22:53 - [TEST_STEP][PASSED] - if (flagBoar == "1" || flagBoar == "2" && var_repeatingEvery == "Daily" || flagBoar == "2" && var_repeatingEvery == "Weekly" || flagBoar == "2" && var_repeatingEvery == "Monthly"): null

2019-12-23 13:22:53 - [TEST_STEP][PASSED] - click(findTestObject("Object Repository/object_reservation/dateCheckOut")): Object: 'Object Repository/object_reservation/dateCheckOut' is clicked on

2019-12-23 13:22:54 - [MESSAGE][PASSED] - Object: 'Object Repository/object_reservation/dateCheckOut' is clicked on

2019-12-23 13:22:54 - [TEST_STEP][PASSED] - if (dateCO[0] == "17" && dateCO[1] == "02" && dateCO[2] == "2020"): null

2019-12-23 13:22:54 - [TEST_STEP][PASSED] - if (dateCO[0] == "20" && dateCO[1] == "03" && dateCO[2] == "2020"): null

2019-12-23 13:22:54 - [TEST_STEP][PASSED] - click(findTestObject("object_reservation/Page_Paradise 4 Paws  Dog Boarding Cat Boarding Chicago Pooch West Loop/button_December19__co_pullright")): Object: 'Object Repository/object_reservation/Page_Paradise 4 Paws  Dog Boarding Cat Boarding Chicago Pooch West Loop/button_December19__co_pullright' is clicked on

2019-12-23 13:22:55 - [MESSAGE][PASSED] - Object: 'Object Repository/object_reservation/Page_Paradise 4 Paws  Dog Boarding Cat Boarding Chicago Pooch West Loop/button_December19__co_pullright' is clicked on

2019-12-23 13:22:55 - [TEST_STEP][PASSED] - click(findTestObject("object_reservation/Page_Paradise 4 Paws  Dog Boarding Cat Boarding Chicago Pooch West Loop/button_January20_co_pullright")): Object: 'Object Repository/object_reservation/Page_Paradise 4 Paws  Dog Boarding Cat Boarding Chicago Pooch West Loop/button_January20_co_pullright' is clicked on

2019-12-23 13:22:55 - [MESSAGE][PASSED] - Object: 'Object Repository/object_reservation/Page_Paradise 4 Paws  Dog Boarding Cat Boarding Chicago Pooch West Loop/button_January20_co_pullright' is clicked on

2019-12-23 13:22:55 - [TEST_STEP][PASSED] - click(findTestObject("object_reservation/Page_Paradise 4 Paws  Dog Boarding Cat Boarding Chicago Pooch West Loop/button_February20_co_btnpullright")): Object: 'Object Repository/object_reservation/Page_Paradise 4 Paws  Dog Boarding Cat Boarding Chicago Pooch West Loop/button_February20_co_btnpullright' is clicked on

2019-12-23 13:22:56 - [MESSAGE][PASSED] - Object: 'Object Repository/object_reservation/Page_Paradise 4 Paws  Dog Boarding Cat Boarding Chicago Pooch West Loop/button_February20_co_btnpullright' is clicked on

2019-12-23 13:22:56 - [TEST_STEP][PASSED] - click(findTestObject("object_reservation/Page_Paradise 4 Paws Dog Boarding2020/button_20_co_0320")): Object: 'Object Repository/object_reservation/Page_Paradise 4 Paws Dog Boarding2020/button_20_co_0320' is clicked on

2019-12-23 13:22:56 - [MESSAGE][PASSED] - Object: 'Object Repository/object_reservation/Page_Paradise 4 Paws Dog Boarding2020/button_20_co_0320' is clicked on

2019-12-23 13:22:56 - [TEST_STEP][PASSED] - stringCO2020 = "1": null

2019-12-23 13:22:56 - [TEST_STEP][PASSED] - if (dateCO[0] == "24" && dateCO[1] == "04" && dateCO[2] == "2020"): null

2019-12-23 13:22:56 - [TEST_STEP][PASSED] - if (stringCO2020 == "0"): null

2019-12-23 13:22:56 - [TEST_STEP][NOT_RUN] - click(findTestObject("Object Repository/object_reservationCalendar/CO_close")): NOT_RUN: click(findTestObject("Object Repository/object_reservationCalendar/CO_close"))

2019-12-23 13:22:56 - [MESSAGE][NOT_RUN] - NOT_RUN: click(findTestObject("Object Repository/object_reservationCalendar/CO_close"))

2019-12-23 13:22:56 - [TEST_STEP][PASSED] - click(findTestObject("Object Repository/object_reservation/timeCheckin")): Object: 'Object Repository/object_reservation/timeCheckin' is clicked on

2019-12-23 13:22:57 - [MESSAGE][PASSED] - Object: 'Object Repository/object_reservation/timeCheckin' is clicked on

2019-12-23 13:22:57 - [TEST_STEP][PASSED] - switch (var_checkinT): null

2019-12-23 13:22:57 - [TEST_STEP][PASSED] - case "800":: null

2019-12-23 13:22:57 - [TEST_STEP][PASSED] - click(findTestObject("Object Repository/Page_Paradise 4 Paws  Dog Boarding Cat Boarding Norwalk Pooch Hotel/time_800am_ci")): Object: 'Object Repository/Page_Paradise 4 Paws  Dog Boarding Cat Boarding Norwalk Pooch Hotel/time_800am_ci' is clicked on

2019-12-23 13:22:58 - [MESSAGE][PASSED] - Object: 'Object Repository/Page_Paradise 4 Paws  Dog Boarding Cat Boarding Norwalk Pooch Hotel/time_800am_ci' is clicked on

2019-12-23 13:22:58 - [TEST_STEP][PASSED] - break: null

2019-12-23 13:22:58 - [TEST_STEP][PASSED] - click(findTestObject("Object Repository/object_reservation/timeCheckOut")): Object: 'Object Repository/object_reservation/timeCheckOut' is clicked on

2019-12-23 13:22:58 - [MESSAGE][PASSED] - Object: 'Object Repository/object_reservation/timeCheckOut' is clicked on

2019-12-23 13:22:58 - [TEST_STEP][PASSED] - switch (var_checkoutT): null

2019-12-23 13:22:58 - [TEST_STEP][PASSED] - case "1200":: null

2019-12-23 13:22:58 - [TEST_STEP][PASSED] - click(findTestObject("Object Repository/Page_Paradise 4 Paws  Dog Boarding Cat Boarding Norwalk Pooch Hotel/time_1200pm_co")): Object: 'Object Repository/Page_Paradise 4 Paws  Dog Boarding Cat Boarding Norwalk Pooch Hotel/time_1200pm_co' is clicked on

2019-12-23 13:22:59 - [MESSAGE][PASSED] - Object: 'Object Repository/Page_Paradise 4 Paws  Dog Boarding Cat Boarding Norwalk Pooch Hotel/time_1200pm_co' is clicked on

2019-12-23 13:22:59 - [TEST_STEP][PASSED] - break: null

2019-12-23 13:22:59 - [TEST_STEP][PASSED] - delay(2): Delayed 2 second(s)

2019-12-23 13:23:01 - [MESSAGE][PASSED] - Delayed 2 second(s)

2019-12-23 13:23:01 - [TEST_STEP][PASSED] - if (arryPets.size() == 1): null

2019-12-23 13:23:01 - [TEST_STEP][PASSED] - else if (arryPets.size() == 2): Object: 'Object Repository/object_reservation/div_Zeus' is clicked on

2019-12-23 13:23:01 - [TEST_STEP][PASSED] - click(findTestObject("object_reservation/Page_Paradise 4 Paws  Dog Boarding Cat Boarding Norwalk Pooch Hotel/div_Ares")): Object: 'Object Repository/object_reservation/Page_Paradise 4 Paws  Dog Boarding Cat Boarding Norwalk Pooch Hotel/div_Ares' is clicked on

2019-12-23 13:23:03 - [MESSAGE][PASSED] - Object: 'Object Repository/object_reservation/Page_Paradise 4 Paws  Dog Boarding Cat Boarding Norwalk Pooch Hotel/div_Ares' is clicked on

2019-12-23 13:23:03 - [TEST_STEP][PASSED] - click(findTestObject("object_reservation/div_Zeus")): Object: 'Object Repository/object_reservation/div_Zeus' is clicked on

2019-12-23 13:23:34 - [MESSAGE][PASSED] - Object: 'Object Repository/object_reservation/div_Zeus' is clicked on

2019-12-23 13:23:34 - [TEST_STEP][NOT_RUN] - click(findTestObject("object_reservations/i_Day_fa fa-circle-o ng-scope")): NOT_RUN: click(findTestObject("object_reservations/i_Day_fa fa-circle-o ng-scope"))

2019-12-23 13:23:34 - [MESSAGE][NOT_RUN] - NOT_RUN: click(findTestObject("object_reservations/i_Day_fa fa-circle-o ng-scope"))

2019-12-23 13:23:34 - [TEST_STEP][PASSED] - if (flagBoar == "1" || flagBoar == "2"): Object: 'Object Repository/object_reservation/div_suite_rad_deluxe' is clicked on

2019-12-23 13:23:34 - [TEST_STEP][PASSED] - click(findTestObject("Object Repository/object_reservation/div_suite_rad_deluxe")): Object: 'Object Repository/object_reservation/div_suite_rad_deluxe' is clicked on

2019-12-23 13:24:05 - [MESSAGE][PASSED] - Object: 'Object Repository/object_reservation/div_suite_rad_deluxe' is clicked on

2019-12-23 13:24:05 - [TEST_STEP][PASSED] - click(findTestObject("Object Repository/object_reservation/btn_next2")): Object: 'Object Repository/object_reservation/btn_next2' is clicked on

2019-12-23 13:24:14 - [MESSAGE][PASSED] - Object: 'Object Repository/object_reservation/btn_next2' is clicked on

2019-12-23 13:24:14 - [TEST_STEP][PASSED] - delay(3): Delayed 3 second(s)

2019-12-23 13:24:17 - [MESSAGE][PASSED] - Delayed 3 second(s)

2019-12-23 13:24:17 - [TEST_STEP][PASSED] - if (flagBoar == "1"): null

2019-12-23 13:24:17 - [TEST_STEP][PASSED] - delay(2): Delayed 2 second(s)

2019-12-23 13:24:19 - [MESSAGE][PASSED] - Delayed 2 second(s)

2019-12-23 13:24:19 - [TEST_STEP][PASSED] - click(findTestObject("Object Repository/object_reservation/btn_next2")): Object: 'Object Repository/object_reservation/btn_next2' is clicked on

2019-12-23 13:24:19 - [MESSAGE][PASSED] - Object: 'Object Repository/object_reservation/btn_next2' is clicked on

2019-12-23 13:24:19 - [TEST_STEP][PASSED] - click(findTestObject("Object Repository/object_reservation/button_Submit Reservation")): Object: 'Object Repository/object_reservation/button_Submit Reservation' is clicked on

2019-12-23 13:24:24 - [MESSAGE][PASSED] - Object: 'Object Repository/object_reservation/button_Submit Reservation' is clicked on

2019-12-23 13:24:24 - [TEST_STEP][PASSED] - delay(2): Delayed 2 second(s)

2019-12-23 13:24:26 - [MESSAGE][PASSED] - Delayed 2 second(s)

2019-12-23 13:24:26 - [TEST_STEP][PASSED] - if (flagBoar == "2" && var_repeatingEvery == "Daily" || var_repeatingEvery == "Monthly" || var_repeatingEvery == "Weekly"): Delayed 8 second(s)

2019-12-23 13:24:26 - [TEST_STEP][PASSED] - click(findTestObject("Object Repository/object_reservation/Page_Paradise 4 Paws  Dog Boarding Cat Boar_cfde7f/button_Ok")): Object: 'Object Repository/object_reservation/Page_Paradise 4 Paws  Dog Boarding Cat Boar_cfde7f/button_Ok' is clicked on

2019-12-23 13:24:27 - [MESSAGE][PASSED] - Object: 'Object Repository/object_reservation/Page_Paradise 4 Paws  Dog Boarding Cat Boar_cfde7f/button_Ok' is clicked on

2019-12-23 13:24:27 - [TEST_STEP][PASSED] - delay(8): Delayed 8 second(s)

2019-12-23 13:24:35 - [MESSAGE][PASSED] - Delayed 8 second(s)

2019-12-23 13:24:35 - [TEST_STEP][PASSED] - delay(2): Delayed 2 second(s)

2019-12-23 13:24:37 - [MESSAGE][PASSED] - Delayed 2 second(s)

2019-12-23 13:24:37 - [TEST_STEP][FAILED] - try: Unable to click on object 'Object Repository/object_reservation/button_Return To Reservation' (Root cause: com.kms.katalon.core.exception.StepFailedException: Unable to click on object 'Object Repository/object_reservation/button_Return To Reservation'
	at com.kms.katalon.core.webui.keyword.internal.WebUIKeywordMain.stepFailed(WebUIKeywordMain.groovy:64)
	at com.kms.katalon.core.webui.keyword.internal.WebUIKeywordMain.runKeyword(WebUIKeywordMain.groovy:26)
	at com.kms.katalon.core.webui.keyword.builtin.ClickKeyword.click(ClickKeyword.groovy:99)
	at com.kms.katalon.core.webui.keyword.builtin.ClickKeyword.execute(ClickKeyword.groovy:43)
	at com.kms.katalon.core.keyword.internal.KeywordExecutor.executeKeywordForPlatform(KeywordExecutor.groovy:60)
	at com.kms.katalon.core.webui.keyword.WebUiBuiltInKeywords.click(WebUiBuiltInKeywords.groovy:616)
	at com.kms.katalon.core.webui.keyword.WebUiBuiltInKeywords$click$2.call(Unknown Source)
	at p4p_newReservationDaycare.run(p4p_newReservationDaycare:612)
	at com.kms.katalon.core.main.ScriptEngine.run(ScriptEngine.java:194)
	at com.kms.katalon.core.main.ScriptEngine.runScriptAsRawText(ScriptEngine.java:119)
	at com.kms.katalon.core.main.TestCaseExecutor.runScript(TestCaseExecutor.java:337)
	at com.kms.katalon.core.main.TestCaseExecutor.doExecute(TestCaseExecutor.java:328)
	at com.kms.katalon.core.main.TestCaseExecutor.processExecutionPhase(TestCaseExecutor.java:307)
	at com.kms.katalon.core.main.TestCaseExecutor.accessMainPhase(TestCaseExecutor.java:299)
	at com.kms.katalon.core.main.TestCaseExecutor.execute(TestCaseExecutor.java:233)
	at com.kms.katalon.core.main.TestSuiteExecutor.accessTestCaseMainPhase(TestSuiteExecutor.java:169)
	at com.kms.katalon.core.main.TestSuiteExecutor.accessTestSuiteMainPhase(TestSuiteExecutor.java:142)
	at com.kms.katalon.core.main.TestSuiteExecutor.execute(TestSuiteExecutor.java:91)
	at com.kms.katalon.core.main.TestCaseMain.startTestSuite(TestCaseMain.java:157)
	at com.kms.katalon.core.main.TestCaseMain$startTestSuite$0.call(Unknown Source)
	at TempTestSuite1577127624136.run(TempTestSuite1577127624136.groovy:36)
Caused by: com.kms.katalon.core.webui.exception.WebElementNotFoundException: Web element with id: 'Object Repository/object_reservation/button_Return To Reservation' located by 'By.xpath: (//button[@type='button'])[13]' not found
	at com.kms.katalon.core.webui.common.WebUiCommonHelper.findWebElement(WebUiCommonHelper.java:1113)
	at com.kms.katalon.core.webui.keyword.internal.WebUIAbstractKeyword.findWebElement(WebUIAbstractKeyword.groovy:27)
	at com.kms.katalon.core.webui.keyword.internal.WebUIAbstractKeyword.findWebElement(WebUIAbstractKeyword.groovy:26)
	at com.kms.katalon.core.webui.keyword.builtin.ClickKeyword$_click_closure1.doCall(ClickKeyword.groovy:68)
	at com.kms.katalon.core.webui.keyword.builtin.ClickKeyword$_click_closure1.call(ClickKeyword.groovy)
	at com.kms.katalon.core.webui.keyword.internal.WebUIKeywordMain.runKeyword(WebUIKeywordMain.groovy:20)
	at com.kms.katalon.core.webui.keyword.builtin.ClickKeyword.click(ClickKeyword.groovy:99)
	at com.kms.katalon.core.webui.keyword.builtin.ClickKeyword.execute(ClickKeyword.groovy:43)
	at com.kms.katalon.core.keyword.internal.KeywordExecutor.executeKeywordForPlatform(KeywordExecutor.groovy:60)
	at com.kms.katalon.core.webui.keyword.WebUiBuiltInKeywords.click(WebUiBuiltInKeywords.groovy:616)
	at com.kms.katalon.core.webui.keyword.WebUiBuiltInKeywords$click$2.call(Unknown Source)
	at Script1576482965057.run(Script1576482965057.groovy:612)
	... 13 more
)

2019-12-23 13:24:37 - [TEST_STEP][FAILED] - click(findTestObject("Object Repository/object_reservation/button_Return To Reservation")): Unable to click on object 'Object Repository/object_reservation/button_Return To Reservation' (Root cause: com.kms.katalon.core.exception.StepFailedException: Unable to click on object 'Object Repository/object_reservation/button_Return To Reservation'
	at com.kms.katalon.core.webui.keyword.internal.WebUIKeywordMain.stepFailed(WebUIKeywordMain.groovy:64)
	at com.kms.katalon.core.webui.keyword.internal.WebUIKeywordMain.runKeyword(WebUIKeywordMain.groovy:26)
	at com.kms.katalon.core.webui.keyword.builtin.ClickKeyword.click(ClickKeyword.groovy:99)
	at com.kms.katalon.core.webui.keyword.builtin.ClickKeyword.execute(ClickKeyword.groovy:43)
	at com.kms.katalon.core.keyword.internal.KeywordExecutor.executeKeywordForPlatform(KeywordExecutor.groovy:60)
	at com.kms.katalon.core.webui.keyword.WebUiBuiltInKeywords.click(WebUiBuiltInKeywords.groovy:616)
	at com.kms.katalon.core.webui.keyword.WebUiBuiltInKeywords$click$2.call(Unknown Source)
	at p4p_newReservationDaycare.run(p4p_newReservationDaycare:612)
	at com.kms.katalon.core.main.ScriptEngine.run(ScriptEngine.java:194)
	at com.kms.katalon.core.main.ScriptEngine.runScriptAsRawText(ScriptEngine.java:119)
	at com.kms.katalon.core.main.TestCaseExecutor.runScript(TestCaseExecutor.java:337)
	at com.kms.katalon.core.main.TestCaseExecutor.doExecute(TestCaseExecutor.java:328)
	at com.kms.katalon.core.main.TestCaseExecutor.processExecutionPhase(TestCaseExecutor.java:307)
	at com.kms.katalon.core.main.TestCaseExecutor.accessMainPhase(TestCaseExecutor.java:299)
	at com.kms.katalon.core.main.TestCaseExecutor.execute(TestCaseExecutor.java:233)
	at com.kms.katalon.core.main.TestSuiteExecutor.accessTestCaseMainPhase(TestSuiteExecutor.java:169)
	at com.kms.katalon.core.main.TestSuiteExecutor.accessTestSuiteMainPhase(TestSuiteExecutor.java:142)
	at com.kms.katalon.core.main.TestSuiteExecutor.execute(TestSuiteExecutor.java:91)
	at com.kms.katalon.core.main.TestCaseMain.startTestSuite(TestCaseMain.java:157)
	at com.kms.katalon.core.main.TestCaseMain$startTestSuite$0.call(Unknown Source)
	at TempTestSuite1577127624136.run(TempTestSuite1577127624136.groovy:36)
Caused by: com.kms.katalon.core.webui.exception.WebElementNotFoundException: Web element with id: 'Object Repository/object_reservation/button_Return To Reservation' located by 'By.xpath: (//button[@type='button'])[13]' not found
	at com.kms.katalon.core.webui.common.WebUiCommonHelper.findWebElement(WebUiCommonHelper.java:1113)
	at com.kms.katalon.core.webui.keyword.internal.WebUIAbstractKeyword.findWebElement(WebUIAbstractKeyword.groovy:27)
	at com.kms.katalon.core.webui.keyword.internal.WebUIAbstractKeyword.findWebElement(WebUIAbstractKeyword.groovy:26)
	at com.kms.katalon.core.webui.keyword.builtin.ClickKeyword$_click_closure1.doCall(ClickKeyword.groovy:68)
	at com.kms.katalon.core.webui.keyword.builtin.ClickKeyword$_click_closure1.call(ClickKeyword.groovy)
	at com.kms.katalon.core.webui.keyword.internal.WebUIKeywordMain.runKeyword(WebUIKeywordMain.groovy:20)
	at com.kms.katalon.core.webui.keyword.builtin.ClickKeyword.click(ClickKeyword.groovy:99)
	at com.kms.katalon.core.webui.keyword.builtin.ClickKeyword.execute(ClickKeyword.groovy:43)
	at com.kms.katalon.core.keyword.internal.KeywordExecutor.executeKeywordForPlatform(KeywordExecutor.groovy:60)
	at com.kms.katalon.core.webui.keyword.WebUiBuiltInKeywords.click(WebUiBuiltInKeywords.groovy:616)
	at com.kms.katalon.core.webui.keyword.WebUiBuiltInKeywords$click$2.call(Unknown Source)
	at Script1576482965057.run(Script1576482965057.groovy:612)
	... 13 more
)

2019-12-23 13:25:21 - [MESSAGE][INFO] - Unable to find the element located by 'By.xpath: (//button[@type='button'])[13]'. Please recheck the objects properties to make sure the desired element is located. 

2019-12-23 13:25:21 - [MESSAGE][FAILED] - Unable to click on object 'Object Repository/object_reservation/button_Return To Reservation' (Root cause: com.kms.katalon.core.exception.StepFailedException: Unable to click on object 'Object Repository/object_reservation/button_Return To Reservation'
	at com.kms.katalon.core.webui.keyword.internal.WebUIKeywordMain.stepFailed(WebUIKeywordMain.groovy:64)
	at com.kms.katalon.core.webui.keyword.internal.WebUIKeywordMain.runKeyword(WebUIKeywordMain.groovy:26)
	at com.kms.katalon.core.webui.keyword.builtin.ClickKeyword.click(ClickKeyword.groovy:99)
	at com.kms.katalon.core.webui.keyword.builtin.ClickKeyword.execute(ClickKeyword.groovy:43)
	at com.kms.katalon.core.keyword.internal.KeywordExecutor.executeKeywordForPlatform(KeywordExecutor.groovy:60)
	at com.kms.katalon.core.webui.keyword.WebUiBuiltInKeywords.click(WebUiBuiltInKeywords.groovy:616)
	at com.kms.katalon.core.webui.keyword.WebUiBuiltInKeywords$click$2.call(Unknown Source)
	at p4p_newReservationDaycare.run(p4p_newReservationDaycare:612)
	at com.kms.katalon.core.main.ScriptEngine.run(ScriptEngine.java:194)
	at com.kms.katalon.core.main.ScriptEngine.runScriptAsRawText(ScriptEngine.java:119)
	at com.kms.katalon.core.main.TestCaseExecutor.runScript(TestCaseExecutor.java:337)
	at com.kms.katalon.core.main.TestCaseExecutor.doExecute(TestCaseExecutor.java:328)
	at com.kms.katalon.core.main.TestCaseExecutor.processExecutionPhase(TestCaseExecutor.java:307)
	at com.kms.katalon.core.main.TestCaseExecutor.accessMainPhase(TestCaseExecutor.java:299)
	at com.kms.katalon.core.main.TestCaseExecutor.execute(TestCaseExecutor.java:233)
	at com.kms.katalon.core.main.TestSuiteExecutor.accessTestCaseMainPhase(TestSuiteExecutor.java:169)
	at com.kms.katalon.core.main.TestSuiteExecutor.accessTestSuiteMainPhase(TestSuiteExecutor.java:142)
	at com.kms.katalon.core.main.TestSuiteExecutor.execute(TestSuiteExecutor.java:91)
	at com.kms.katalon.core.main.TestCaseMain.startTestSuite(TestCaseMain.java:157)
	at com.kms.katalon.core.main.TestCaseMain$startTestSuite$0.call(Unknown Source)
	at TempTestSuite1577127624136.run(TempTestSuite1577127624136.groovy:36)
Caused by: com.kms.katalon.core.webui.exception.WebElementNotFoundException: Web element with id: 'Object Repository/object_reservation/button_Return To Reservation' located by 'By.xpath: (//button[@type='button'])[13]' not found
	at com.kms.katalon.core.webui.common.WebUiCommonHelper.findWebElement(WebUiCommonHelper.java:1113)
	at com.kms.katalon.core.webui.keyword.internal.WebUIAbstractKeyword.findWebElement(WebUIAbstractKeyword.groovy:27)
	at com.kms.katalon.core.webui.keyword.internal.WebUIAbstractKeyword.findWebElement(WebUIAbstractKeyword.groovy:26)
	at com.kms.katalon.core.webui.keyword.builtin.ClickKeyword$_click_closure1.doCall(ClickKeyword.groovy:68)
	at com.kms.katalon.core.webui.keyword.builtin.ClickKeyword$_click_closure1.call(ClickKeyword.groovy)
	at com.kms.katalon.core.webui.keyword.internal.WebUIKeywordMain.runKeyword(WebUIKeywordMain.groovy:20)
	at com.kms.katalon.core.webui.keyword.builtin.ClickKeyword.click(ClickKeyword.groovy:99)
	at com.kms.katalon.core.webui.keyword.builtin.ClickKeyword.execute(ClickKeyword.groovy:43)
	at com.kms.katalon.core.keyword.internal.KeywordExecutor.executeKeywordForPlatform(KeywordExecutor.groovy:60)
	at com.kms.katalon.core.webui.keyword.WebUiBuiltInKeywords.click(WebUiBuiltInKeywords.groovy:616)
	at com.kms.katalon.core.webui.keyword.WebUiBuiltInKeywords$click$2.call(Unknown Source)
	at Script1576482965057.run(Script1576482965057.groovy:612)
	... 13 more
)
[[ATTACHMENT|/home/leonardo-arkusmty/Documents/workspaceKatalon/p4ptest/Reports/20191223_130024/ts_newReservationDaycare/20191223_130024/1577129121342.png]]

2019-12-23 13:25:21 - [TEST_STEP][PASSED] - catch (Exception e): null

2019-12-23 13:25:21 - [TEST_STEP][PASSED] - e.printStackTrace(): null

2019-12-23 13:25:21 - [TEST_STEP][PASSED] - log.logInfo("ERROR EXCEPCION"): ERROR EXCEPCION

2019-12-23 13:25:21 - [MESSAGE][INFO] - ERROR EXCEPCION

2019-12-23 13:25:21 - [TEST_STEP][PASSED] - cell1Err = rowNewRes.createCell(16, 0): null

2019-12-23 13:25:21 - [TEST_STEP][PASSED] - cell2Err = rowNewRes.createCell(18, 0): null

2019-12-23 13:25:21 - [TEST_STEP][PASSED] - cell1Err.setCellType(CELL_TYPE_STRING): null

2019-12-23 13:25:21 - [TEST_STEP][PASSED] - cell1Err.setCellValue("Error"): null

2019-12-23 13:25:21 - [TEST_STEP][PASSED] - cell2Err.setCellType(CELL_TYPE_STRING): null

2019-12-23 13:25:21 - [TEST_STEP][PASSED] - cell2Err.setCellValue("Reservacion existente"): null

2019-12-23 13:25:21 - [TEST_STEP][PASSED] - fos = new java.io.FileOutputStream(/home/leonardo-arkusmty/Desktop/P4P/DATA_AUTOMATINTESTING/data_1newReservationDaycare.xlsx): null

2019-12-23 13:25:21 - [TEST_STEP][PASSED] - workbookNewRes.write(fos): null

2019-12-23 13:25:21 - [TEST_STEP][PASSED] - fos.close(): null

2019-12-23 13:25:21 - [TEST_STEP][PASSED] - delay(1): Delayed 1 second(s)

2019-12-23 13:25:22 - [MESSAGE][PASSED] - Delayed 1 second(s)

2019-12-23 13:25:22 - [TEST_STEP][PASSED] - cellCan = rowCanRes.createCell(5, 0): null]]></system-out>
         <system-err><![CDATA[2019-12-23 13:22:13 - [TEST_CASE][ERROR] - Test Cases/p4p_newReservationDaycare: Test Cases/p4p_newReservationDaycare FAILED.
Reason:
java.lang.NullPointerException: Cannot invoke method createCell() on null object
	at org.apache.poi.ss.usermodel.Row$createCell.call(Unknown Source)
	at p4p_newReservationDaycare.run(p4p_newReservationDaycare:634)
	at com.kms.katalon.core.main.ScriptEngine.run(ScriptEngine.java:194)
	at com.kms.katalon.core.main.ScriptEngine.runScriptAsRawText(ScriptEngine.java:119)
	at com.kms.katalon.core.main.TestCaseExecutor.runScript(TestCaseExecutor.java:337)
	at com.kms.katalon.core.main.TestCaseExecutor.doExecute(TestCaseExecutor.java:328)
	at com.kms.katalon.core.main.TestCaseExecutor.processExecutionPhase(TestCaseExecutor.java:307)
	at com.kms.katalon.core.main.TestCaseExecutor.accessMainPhase(TestCaseExecutor.java:299)
	at com.kms.katalon.core.main.TestCaseExecutor.execute(TestCaseExecutor.java:233)
	at com.kms.katalon.core.main.TestSuiteExecutor.accessTestCaseMainPhase(TestSuiteExecutor.java:169)
	at com.kms.katalon.core.main.TestSuiteExecutor.accessTestSuiteMainPhase(TestSuiteExecutor.java:142)
	at com.kms.katalon.core.main.TestSuiteExecutor.execute(TestSuiteExecutor.java:91)
	at com.kms.katalon.core.main.TestCaseMain.startTestSuite(TestCaseMain.java:157)
	at com.kms.katalon.core.main.TestCaseMain$startTestSuite$0.call(Unknown Source)
	at TempTestSuite1577127624136.run(TempTestSuite1577127624136.groovy:36)]]></system-err>
      </testcase>
      <testcase name="Test Cases/p4p_newReservationDaycare" time="318.451" classname="Test Cases/p4p_newReservationDaycare" status="ERROR">
         <error type="ERROR" message="Test Cases/p4p_newReservationDaycare FAILED.
Reason:
java.lang.NullPointerException: Cannot invoke method createCell() on null object
	at org.apache.poi.ss.usermodel.Row$createCell.call(Unknown Source)
	at p4p_newReservationDaycare.run(p4p_newReservationDaycare:622)
	at com.kms.katalon.core.main.ScriptEngine.run(ScriptEngine.java:194)
	at com.kms.katalon.core.main.ScriptEngine.runScriptAsRawText(ScriptEngine.java:119)
	at com.kms.katalon.core.main.TestCaseExecutor.runScript(TestCaseExecutor.java:337)
	at com.kms.katalon.core.main.TestCaseExecutor.doExecute(TestCaseExecutor.java:328)
	at com.kms.katalon.core.main.TestCaseExecutor.processExecutionPhase(TestCaseExecutor.java:307)
	at com.kms.katalon.core.main.TestCaseExecutor.accessMainPhase(TestCaseExecutor.java:299)
	at com.kms.katalon.core.main.TestCaseExecutor.execute(TestCaseExecutor.java:233)
	at com.kms.katalon.core.main.TestSuiteExecutor.accessTestCaseMainPhase(TestSuiteExecutor.java:169)
	at com.kms.katalon.core.main.TestSuiteExecutor.accessTestSuiteMainPhase(TestSuiteExecutor.java:142)
	at com.kms.katalon.core.main.TestSuiteExecutor.execute(TestSuiteExecutor.java:91)
	at com.kms.katalon.core.main.TestCaseMain.startTestSuite(TestCaseMain.java:157)
	at com.kms.katalon.core.main.TestCaseMain$startTestSuite$0.call(Unknown Source)
	at TempTestSuite1577127624136.run(TempTestSuite1577127624136.groovy:36)
"/>
         <system-out><![CDATA[2019-12-23 13:25:22 - [TEST_CASE][ERROR] - Test Cases/p4p_newReservationDaycare: Test Cases/p4p_newReservationDaycare FAILED.
Reason:
java.lang.NullPointerException: Cannot invoke method createCell() on null object
	at org.apache.poi.ss.usermodel.Row$createCell.call(Unknown Source)
	at p4p_newReservationDaycare.run(p4p_newReservationDaycare:622)
	at com.kms.katalon.core.main.ScriptEngine.run(ScriptEngine.java:194)
	at com.kms.katalon.core.main.ScriptEngine.runScriptAsRawText(ScriptEngine.java:119)
	at com.kms.katalon.core.main.TestCaseExecutor.runScript(TestCaseExecutor.java:337)
	at com.kms.katalon.core.main.TestCaseExecutor.doExecute(TestCaseExecutor.java:328)
	at com.kms.katalon.core.main.TestCaseExecutor.processExecutionPhase(TestCaseExecutor.java:307)
	at com.kms.katalon.core.main.TestCaseExecutor.accessMainPhase(TestCaseExecutor.java:299)
	at com.kms.katalon.core.main.TestCaseExecutor.execute(TestCaseExecutor.java:233)
	at com.kms.katalon.core.main.TestSuiteExecutor.accessTestCaseMainPhase(TestSuiteExecutor.java:169)
	at com.kms.katalon.core.main.TestSuiteExecutor.accessTestSuiteMainPhase(TestSuiteExecutor.java:142)
	at com.kms.katalon.core.main.TestSuiteExecutor.execute(TestSuiteExecutor.java:91)
	at com.kms.katalon.core.main.TestCaseMain.startTestSuite(TestCaseMain.java:157)
	at com.kms.katalon.core.main.TestCaseMain$startTestSuite$0.call(Unknown Source)
	at TempTestSuite1577127624136.run(TempTestSuite1577127624136.groovy:36)


2019-12-23 13:25:22 - [TEST_STEP][PASSED] - openBrowser("https://p4p-qa-bg.aws.paradise4paws.com/login/"): Browser is opened with url: 'https://p4p-qa-bg.aws.paradise4paws.com/login/'

2019-12-23 13:25:22 - [MESSAGE][WARNING] - A browser is already opened. Closing browser and opening a new one

2019-12-23 13:25:22 - [MESSAGE][INFO] - Starting 'Firefox' driver

2019-12-23 13:25:26 - [MESSAGE][PASSED] - Browser is opened with url: 'https://p4p-qa-bg.aws.paradise4paws.com/login/'

2019-12-23 13:25:26 - [TEST_STEP][PASSED] - setText(findTestObject("Object Repository/object_login/input_user"), var_user): Text 'jegchavez@gmail.com' is set on object 'Object Repository/object_login/input_user'

2019-12-23 13:25:27 - [MESSAGE][PASSED] - Text 'jegchavez@gmail.com' is set on object 'Object Repository/object_login/input_user'

2019-12-23 13:25:27 - [TEST_STEP][PASSED] - setText(findTestObject("Object Repository/object_login/input_pass"), var_pass): Text 'admin1' is set on object 'Object Repository/object_login/input_pass'

2019-12-23 13:25:27 - [MESSAGE][PASSED] - Text 'admin1' is set on object 'Object Repository/object_login/input_pass'

2019-12-23 13:25:27 - [TEST_STEP][PASSED] - delay(2): Delayed 2 second(s)

2019-12-23 13:25:29 - [MESSAGE][PASSED] - Delayed 2 second(s)

2019-12-23 13:25:29 - [TEST_STEP][PASSED] - verifyElementClickable(findTestObject("Object Repository/object_login/btn_login")): Object 'Object Repository/object_login/btn_login' is clickable

2019-12-23 13:25:29 - [MESSAGE][PASSED] - Object 'Object Repository/object_login/btn_login' is clickable

2019-12-23 13:25:29 - [TEST_STEP][PASSED] - click(findTestObject("Object Repository/object_login/btn_login")): Object: 'Object Repository/object_login/btn_login' is clicked on

2019-12-23 13:25:33 - [MESSAGE][PASSED] - Object: 'Object Repository/object_login/btn_login' is clicked on

2019-12-23 13:25:33 - [TEST_STEP][PASSED] - delay(2): Delayed 2 second(s)

2019-12-23 13:25:35 - [MESSAGE][PASSED] - Delayed 2 second(s)

2019-12-23 13:25:35 - [TEST_STEP][PASSED] - setText(findTestObject("Object Repository/object_dashboard_emp/input_search"), var_searchParent): Text 'leongarzagarza@hotmail.com' is set on object 'Object Repository/object_dashboard_emp/input_search'

2019-12-23 13:25:36 - [MESSAGE][PASSED] - Text 'leongarzagarza@hotmail.com' is set on object 'Object Repository/object_dashboard_emp/input_search'

2019-12-23 13:25:36 - [TEST_STEP][PASSED] - click(findTestObject("Object Repository/object_dashboard_emp/btn_accountSearch")): Object: 'Object Repository/object_dashboard_emp/btn_accountSearch' is clicked on

2019-12-23 13:25:37 - [MESSAGE][PASSED] - Object: 'Object Repository/object_dashboard_emp/btn_accountSearch' is clicked on

2019-12-23 13:25:37 - [TEST_STEP][PASSED] - delay(2): Delayed 2 second(s)

2019-12-23 13:25:39 - [MESSAGE][PASSED] - Delayed 2 second(s)

2019-12-23 13:25:39 - [TEST_STEP][PASSED] - click(findTestObject("Object Repository/object_accountInformation/a_TEST GABRIEL PROD")): Object: 'Object Repository/object_accountInformation/a_TEST GABRIEL PROD' is clicked on

2019-12-23 13:25:43 - [MESSAGE][PASSED] - Object: 'Object Repository/object_accountInformation/a_TEST GABRIEL PROD' is clicked on

2019-12-23 13:25:43 - [TEST_STEP][PASSED] - delay(2): Delayed 2 second(s)

2019-12-23 13:25:45 - [MESSAGE][PASSED] - Delayed 2 second(s)

2019-12-23 13:25:45 - [TEST_STEP][PASSED] - flagBoar = "0": null

2019-12-23 13:25:45 - [TEST_STEP][PASSED] - log = new com.kms.katalon.core.logging.KeywordLogger(): null

2019-12-23 13:25:45 - [TEST_STEP][PASSED] - fisNewRes = new java.io.FileInputStream(/home/leonardo-arkusmty/Desktop/P4P/DATA_AUTOMATINTESTING/data_1newReservationDaycare.xlsx): null

2019-12-23 13:25:45 - [TEST_STEP][PASSED] - fisCanRes = new java.io.FileInputStream(/home/leonardo-arkusmty/Desktop/P4P/DATA_AUTOMATINTESTING/data_2cancelReservation.xlsx): null

2019-12-23 13:25:45 - [TEST_STEP][PASSED] - workbookNewRes = new org.apache.poi.xssf.usermodel.XSSFWorkbook(fisNewRes): null

2019-12-23 13:25:45 - [TEST_STEP][PASSED] - workbookCanRes = new org.apache.poi.xssf.usermodel.XSSFWorkbook(fisCanRes): null

2019-12-23 13:25:45 - [TEST_STEP][PASSED] - sheetNewRes = workbookNewRes.getSheet("Sheet1"): null

2019-12-23 13:25:45 - [TEST_STEP][PASSED] - sheetCanRes = workbookCanRes.getSheet("Sheet1"): null

2019-12-23 13:25:45 - [TEST_STEP][PASSED] - rowCount = var_row: null

2019-12-23 13:25:45 - [TEST_STEP][PASSED] - var = Integer.parseInt(var_idRowRes): null

2019-12-23 13:25:45 - [TEST_STEP][PASSED] - rowNewRes = sheetNewRes.getRow(var): null

2019-12-23 13:25:45 - [TEST_STEP][PASSED] - rowCanRes = sheetCanRes.getRow(var): null

2019-12-23 13:25:45 - [TEST_STEP][PASSED] - var_url = getUrl(): Current window's url is: 'https://p4p-qa-bg.aws.paradise4paws.com/accounts/profile/#/reservations/122350/'

2019-12-23 13:25:45 - [MESSAGE][PASSED] - Current window's url is: 'https://p4p-qa-bg.aws.paradise4paws.com/accounts/profile/#/reservations/122350/'

2019-12-23 13:25:45 - [TEST_STEP][PASSED] - arrUrl = var_url.split("/"): null

2019-12-23 13:25:45 - [TEST_STEP][PASSED] - idParent = arrUrl[7]: null

2019-12-23 13:25:45 - [TEST_STEP][PASSED] - click(findTestObject("Object Repository/object_profile/a_addReservation")): Object: 'Object Repository/object_profile/a_addReservation' is clicked on

2019-12-23 13:25:46 - [MESSAGE][PASSED] - Object: 'Object Repository/object_profile/a_addReservation' is clicked on

2019-12-23 13:25:46 - [TEST_STEP][PASSED] - delay(2): Delayed 2 second(s)

2019-12-23 13:25:48 - [MESSAGE][PASSED] - Delayed 2 second(s)

2019-12-23 13:25:48 - [TEST_STEP][PASSED] - if (var_typeReserveation == "Boarding"): null

2019-12-23 13:25:48 - [TEST_STEP][PASSED] - else if (var_typeReserveation == "Daycare"): Object: 'Object Repository/object_reservation/btn_Daycare' is clicked on

2019-12-23 13:25:48 - [TEST_STEP][PASSED] - flagBoar = "2": null

2019-12-23 13:25:48 - [TEST_STEP][PASSED] - click(findTestObject("object_reservation/btn_Daycare")): Object: 'Object Repository/object_reservation/btn_Daycare' is clicked on

2019-12-23 13:25:49 - [MESSAGE][PASSED] - Object: 'Object Repository/object_reservation/btn_Daycare' is clicked on

2019-12-23 13:25:49 - [TEST_STEP][PASSED] - click(findTestObject("Object Repository/object_reservation/i_location")): Object: 'Object Repository/object_reservation/i_location' is clicked on

2019-12-23 13:25:52 - [MESSAGE][PASSED] - Object: 'Object Repository/object_reservation/i_location' is clicked on

2019-12-23 13:25:52 - [TEST_STEP][PASSED] - switch (var_idFacility): null

2019-12-23 13:25:52 - [TEST_STEP][PASSED] - dateCI = var_checkinD.split(","): null

2019-12-23 13:25:52 - [TEST_STEP][PASSED] - dateCO = var_checkoutD.split(","): null

2019-12-23 13:25:52 - [TEST_STEP][PASSED] - arryPets = var_pets.split(","): null

2019-12-23 13:25:52 - [TEST_STEP][PASSED] - delay(2): Delayed 2 second(s)

2019-12-23 13:25:54 - [MESSAGE][PASSED] - Delayed 2 second(s)

2019-12-23 13:25:54 - [TEST_STEP][PASSED] - if (var_repeting == "Y"): All options with value '3' are selected in object 'Object Repository/object_reservation/Page_Paradise 4 Paws  Dog Boarding Cat Boar_cfde7f/select_DailyWeeklyMonthlyOther'  using regular expression

2019-12-23 13:25:54 - [TEST_STEP][PASSED] - click(findTestObject("Object Repository/object_reservation/checkbox_repeating")): Object: 'Object Repository/object_reservation/checkbox_repeating' is clicked on

2019-12-23 13:25:54 - [MESSAGE][PASSED] - Object: 'Object Repository/object_reservation/checkbox_repeating' is clicked on

2019-12-23 13:25:54 - [TEST_STEP][PASSED] - if (var_repeatingEvery == "Weekly"): null

2019-12-23 13:25:54 - [TEST_STEP][PASSED] - else if (var_repeatingEvery == "Monthly"): All options with value '3' are selected in object 'Object Repository/object_reservation/Page_Paradise 4 Paws  Dog Boarding Cat Boar_cfde7f/select_DailyWeeklyMonthlyOther'  using regular expression

2019-12-23 13:25:54 - [TEST_STEP][PASSED] - selectOptionByValue(findTestObject("Object Repository/object_reservation/Page_Paradise 4 Paws  Dog Boarding Cat Boar_cfde7f/select_DailyWeeklyMonthlyOther"), "3", true): All options with value '3' are selected in object 'Object Repository/object_reservation/Page_Paradise 4 Paws  Dog Boarding Cat Boar_cfde7f/select_DailyWeeklyMonthlyOther'  using regular expression

2019-12-23 13:25:56 - [MESSAGE][PASSED] - All options with value '3' are selected in object 'Object Repository/object_reservation/Page_Paradise 4 Paws  Dog Boarding Cat Boar_cfde7f/select_DailyWeeklyMonthlyOther'  using regular expression

2019-12-23 13:25:56 - [TEST_STEP][PASSED] - click(findTestObject("Object Repository/object_reservation/dateCheckIn")): Object: 'Object Repository/object_reservation/dateCheckIn' is clicked on

2019-12-23 13:25:56 - [MESSAGE][PASSED] - Object: 'Object Repository/object_reservation/dateCheckIn' is clicked on

2019-12-23 13:25:56 - [TEST_STEP][PASSED] - stringCI2020 = "0": null

2019-12-23 13:25:56 - [TEST_STEP][PASSED] - stringCO2020 = "0": null

2019-12-23 13:25:56 - [TEST_STEP][PASSED] - if (dateCI[0] == "16" && dateCI[1] == "01" && dateCI[2] == "2020"): null

2019-12-23 13:25:56 - [TEST_STEP][PASSED] - if (dateCI[0] == "18" && dateCI[1] == "02" && dateCI[2] == "2020"): null

2019-12-23 13:25:56 - [TEST_STEP][PASSED] - if (dateCI[0] == "21" && dateCI[1] == "03" && dateCI[2] == "2020"): null

2019-12-23 13:25:56 - [TEST_STEP][PASSED] - click(findTestObject("object_reservation/Page_Paradise 4 Paws  Dog Boarding Cat Boarding Chicago Pooch West Loop/button_December19_ci_btnpullright")): Object: 'Object Repository/object_reservation/Page_Paradise 4 Paws  Dog Boarding Cat Boarding Chicago Pooch West Loop/button_December19_ci_btnpullright' is clicked on

2019-12-23 13:25:57 - [MESSAGE][PASSED] - Object: 'Object Repository/object_reservation/Page_Paradise 4 Paws  Dog Boarding Cat Boarding Chicago Pooch West Loop/button_December19_ci_btnpullright' is clicked on

2019-12-23 13:25:57 - [TEST_STEP][PASSED] - click(findTestObject("object_reservation/Page_Paradise 4 Paws  Dog Boarding Cat Boarding Chicago Pooch West Loop/button_January20_ci_btnpullright")): Object: 'Object Repository/object_reservation/Page_Paradise 4 Paws  Dog Boarding Cat Boarding Chicago Pooch West Loop/button_January20_ci_btnpullright' is clicked on

2019-12-23 13:25:58 - [MESSAGE][PASSED] - Object: 'Object Repository/object_reservation/Page_Paradise 4 Paws  Dog Boarding Cat Boarding Chicago Pooch West Loop/button_January20_ci_btnpullright' is clicked on

2019-12-23 13:25:58 - [TEST_STEP][PASSED] - click(findTestObject("object_reservation/Page_Paradise 4 Paws  Dog Boarding Cat Boarding Chicago Pooch West Loop/button_February20_ci_btnpullright")): Object: 'Object Repository/object_reservation/Page_Paradise 4 Paws  Dog Boarding Cat Boarding Chicago Pooch West Loop/button_February20_ci_btnpullright' is clicked on

2019-12-23 13:25:59 - [MESSAGE][PASSED] - Object: 'Object Repository/object_reservation/Page_Paradise 4 Paws  Dog Boarding Cat Boarding Chicago Pooch West Loop/button_February20_ci_btnpullright' is clicked on

2019-12-23 13:25:59 - [TEST_STEP][PASSED] - click(findTestObject("object_reservation/Page_Paradise 4 Paws Dog Boarding2020/button_21_ci_0320")): Object: 'Object Repository/object_reservation/Page_Paradise 4 Paws Dog Boarding2020/button_21_ci_0320' is clicked on

2019-12-23 13:25:59 - [MESSAGE][PASSED] - Object: 'Object Repository/object_reservation/Page_Paradise 4 Paws Dog Boarding2020/button_21_ci_0320' is clicked on

2019-12-23 13:25:59 - [TEST_STEP][PASSED] - stringCI2020 = "1": null

2019-12-23 13:25:59 - [TEST_STEP][PASSED] - delay(2): Delayed 2 second(s)

2019-12-23 13:26:01 - [MESSAGE][PASSED] - Delayed 2 second(s)

2019-12-23 13:26:01 - [TEST_STEP][PASSED] - if (stringCI2020 == "0"): null

2019-12-23 13:26:01 - [TEST_STEP][PASSED] - if (flagBoar == "1" || flagBoar == "2" && var_repeatingEvery == "Daily" || flagBoar == "2" && var_repeatingEvery == "Weekly" || flagBoar == "2" && var_repeatingEvery == "Monthly"): null

2019-12-23 13:26:01 - [TEST_STEP][PASSED] - click(findTestObject("Object Repository/object_reservation/dateCheckOut")): Object: 'Object Repository/object_reservation/dateCheckOut' is clicked on

2019-12-23 13:26:02 - [MESSAGE][PASSED] - Object: 'Object Repository/object_reservation/dateCheckOut' is clicked on

2019-12-23 13:26:02 - [TEST_STEP][PASSED] - if (dateCO[0] == "17" && dateCO[1] == "02" && dateCO[2] == "2020"): null

2019-12-23 13:26:02 - [TEST_STEP][PASSED] - if (dateCO[0] == "20" && dateCO[1] == "03" && dateCO[2] == "2020"): null

2019-12-23 13:26:02 - [TEST_STEP][PASSED] - if (dateCO[0] == "24" && dateCO[1] == "04" && dateCO[2] == "2020"): null

2019-12-23 13:26:02 - [TEST_STEP][PASSED] - click(findTestObject("object_reservation/Page_Paradise 4 Paws  Dog Boarding Cat Boarding Chicago Pooch West Loop/button_December19__co_pullright")): Object: 'Object Repository/object_reservation/Page_Paradise 4 Paws  Dog Boarding Cat Boarding Chicago Pooch West Loop/button_December19__co_pullright' is clicked on

2019-12-23 13:26:03 - [MESSAGE][PASSED] - Object: 'Object Repository/object_reservation/Page_Paradise 4 Paws  Dog Boarding Cat Boarding Chicago Pooch West Loop/button_December19__co_pullright' is clicked on

2019-12-23 13:26:03 - [TEST_STEP][PASSED] - click(findTestObject("object_reservation/Page_Paradise 4 Paws  Dog Boarding Cat Boarding Chicago Pooch West Loop/button_January20_co_pullright")): Object: 'Object Repository/object_reservation/Page_Paradise 4 Paws  Dog Boarding Cat Boarding Chicago Pooch West Loop/button_January20_co_pullright' is clicked on

2019-12-23 13:26:03 - [MESSAGE][PASSED] - Object: 'Object Repository/object_reservation/Page_Paradise 4 Paws  Dog Boarding Cat Boarding Chicago Pooch West Loop/button_January20_co_pullright' is clicked on

2019-12-23 13:26:03 - [TEST_STEP][PASSED] - click(findTestObject("object_reservation/Page_Paradise 4 Paws  Dog Boarding Cat Boarding Chicago Pooch West Loop/button_February20_co_btnpullright")): Object: 'Object Repository/object_reservation/Page_Paradise 4 Paws  Dog Boarding Cat Boarding Chicago Pooch West Loop/button_February20_co_btnpullright' is clicked on

2019-12-23 13:26:04 - [MESSAGE][PASSED] - Object: 'Object Repository/object_reservation/Page_Paradise 4 Paws  Dog Boarding Cat Boarding Chicago Pooch West Loop/button_February20_co_btnpullright' is clicked on

2019-12-23 13:26:04 - [TEST_STEP][PASSED] - click(findTestObject("object_reservation/Page_Paradise 4 Paws  Dog Boarding Cat Boarding Chicago Pooch West Loop/button_March20_co_btnpullright")): Object: 'Object Repository/object_reservation/Page_Paradise 4 Paws  Dog Boarding Cat Boarding Chicago Pooch West Loop/button_March20_co_btnpullright' is clicked on

2019-12-23 13:26:04 - [MESSAGE][PASSED] - Object: 'Object Repository/object_reservation/Page_Paradise 4 Paws  Dog Boarding Cat Boarding Chicago Pooch West Loop/button_March20_co_btnpullright' is clicked on

2019-12-23 13:26:04 - [TEST_STEP][PASSED] - click(findTestObject("object_reservation/Page_Paradise 4 Paws Dog Boarding2020/button_24_co_0420")): Object: 'Object Repository/object_reservation/Page_Paradise 4 Paws Dog Boarding2020/button_24_co_0420' is clicked on

2019-12-23 13:26:05 - [MESSAGE][PASSED] - Object: 'Object Repository/object_reservation/Page_Paradise 4 Paws Dog Boarding2020/button_24_co_0420' is clicked on

2019-12-23 13:26:05 - [TEST_STEP][PASSED] - stringCO2020 = "1": null

2019-12-23 13:26:05 - [TEST_STEP][PASSED] - if (stringCO2020 == "0"): null

2019-12-23 13:26:05 - [TEST_STEP][NOT_RUN] - click(findTestObject("Object Repository/object_reservationCalendar/CO_close")): NOT_RUN: click(findTestObject("Object Repository/object_reservationCalendar/CO_close"))

2019-12-23 13:26:05 - [MESSAGE][NOT_RUN] - NOT_RUN: click(findTestObject("Object Repository/object_reservationCalendar/CO_close"))

2019-12-23 13:26:05 - [TEST_STEP][PASSED] - click(findTestObject("Object Repository/object_reservation/timeCheckin")): Object: 'Object Repository/object_reservation/timeCheckin' is clicked on

2019-12-23 13:26:06 - [MESSAGE][PASSED] - Object: 'Object Repository/object_reservation/timeCheckin' is clicked on

2019-12-23 13:26:06 - [TEST_STEP][PASSED] - switch (var_checkinT): null

2019-12-23 13:26:06 - [TEST_STEP][PASSED] - case "800":: null

2019-12-23 13:26:06 - [TEST_STEP][PASSED] - click(findTestObject("Object Repository/Page_Paradise 4 Paws  Dog Boarding Cat Boarding Norwalk Pooch Hotel/time_800am_ci")): Object: 'Object Repository/Page_Paradise 4 Paws  Dog Boarding Cat Boarding Norwalk Pooch Hotel/time_800am_ci' is clicked on

2019-12-23 13:26:06 - [MESSAGE][PASSED] - Object: 'Object Repository/Page_Paradise 4 Paws  Dog Boarding Cat Boarding Norwalk Pooch Hotel/time_800am_ci' is clicked on

2019-12-23 13:26:06 - [TEST_STEP][PASSED] - break: null

2019-12-23 13:26:06 - [TEST_STEP][PASSED] - click(findTestObject("Object Repository/object_reservation/timeCheckOut")): Object: 'Object Repository/object_reservation/timeCheckOut' is clicked on

2019-12-23 13:26:07 - [MESSAGE][PASSED] - Object: 'Object Repository/object_reservation/timeCheckOut' is clicked on

2019-12-23 13:26:07 - [TEST_STEP][PASSED] - switch (var_checkoutT): null

2019-12-23 13:26:07 - [TEST_STEP][PASSED] - case "1200":: null

2019-12-23 13:26:07 - [TEST_STEP][PASSED] - click(findTestObject("Object Repository/Page_Paradise 4 Paws  Dog Boarding Cat Boarding Norwalk Pooch Hotel/time_1200pm_co")): Object: 'Object Repository/Page_Paradise 4 Paws  Dog Boarding Cat Boarding Norwalk Pooch Hotel/time_1200pm_co' is clicked on

2019-12-23 13:26:08 - [MESSAGE][PASSED] - Object: 'Object Repository/Page_Paradise 4 Paws  Dog Boarding Cat Boarding Norwalk Pooch Hotel/time_1200pm_co' is clicked on

2019-12-23 13:26:08 - [TEST_STEP][PASSED] - break: null

2019-12-23 13:26:08 - [TEST_STEP][PASSED] - delay(2): Delayed 2 second(s)

2019-12-23 13:26:10 - [MESSAGE][PASSED] - Delayed 2 second(s)

2019-12-23 13:26:10 - [TEST_STEP][PASSED] - if (arryPets.size() == 1): null

2019-12-23 13:26:10 - [TEST_STEP][PASSED] - else if (arryPets.size() == 2): null

2019-12-23 13:26:10 - [TEST_STEP][PASSED] - else if (arryPets.size() == 3): Object: 'Object Repository/object_reservation/div_Athena' is clicked on

2019-12-23 13:26:10 - [TEST_STEP][PASSED] - click(findTestObject("object_reservation/Page_Paradise 4 Paws  Dog Boarding Cat Boarding Norwalk Pooch Hotel/div_Ares")): Object: 'Object Repository/object_reservation/Page_Paradise 4 Paws  Dog Boarding Cat Boarding Norwalk Pooch Hotel/div_Ares' is clicked on

2019-12-23 13:26:11 - [MESSAGE][PASSED] - Object: 'Object Repository/object_reservation/Page_Paradise 4 Paws  Dog Boarding Cat Boarding Norwalk Pooch Hotel/div_Ares' is clicked on

2019-12-23 13:26:11 - [TEST_STEP][PASSED] - click(findTestObject("object_reservation/div_Zeus")): Object: 'Object Repository/object_reservation/div_Zeus' is clicked on

2019-12-23 13:26:43 - [MESSAGE][PASSED] - Object: 'Object Repository/object_reservation/div_Zeus' is clicked on

2019-12-23 13:26:43 - [TEST_STEP][PASSED] - click(findTestObject("object_reservation/div_Athena")): Object: 'Object Repository/object_reservation/div_Athena' is clicked on

2019-12-23 13:27:15 - [MESSAGE][PASSED] - Object: 'Object Repository/object_reservation/div_Athena' is clicked on

2019-12-23 13:27:15 - [TEST_STEP][NOT_RUN] - click(findTestObject("object_reservations/i_Day_fa fa-circle-o ng-scope")): NOT_RUN: click(findTestObject("object_reservations/i_Day_fa fa-circle-o ng-scope"))

2019-12-23 13:27:15 - [MESSAGE][NOT_RUN] - NOT_RUN: click(findTestObject("object_reservations/i_Day_fa fa-circle-o ng-scope"))

2019-12-23 13:27:15 - [TEST_STEP][PASSED] - if (flagBoar == "1" || flagBoar == "2"): Object: 'Object Repository/object_reservation/div_suite_rad_deluxe' is clicked on

2019-12-23 13:27:15 - [TEST_STEP][PASSED] - click(findTestObject("Object Repository/object_reservation/div_suite_rad_deluxe")): Object: 'Object Repository/object_reservation/div_suite_rad_deluxe' is clicked on

2019-12-23 13:27:45 - [MESSAGE][PASSED] - Object: 'Object Repository/object_reservation/div_suite_rad_deluxe' is clicked on

2019-12-23 13:27:45 - [TEST_STEP][PASSED] - click(findTestObject("Object Repository/object_reservation/btn_next2")): Object: 'Object Repository/object_reservation/btn_next2' is clicked on

2019-12-23 13:28:16 - [MESSAGE][PASSED] - Object: 'Object Repository/object_reservation/btn_next2' is clicked on

2019-12-23 13:28:16 - [TEST_STEP][PASSED] - delay(3): Delayed 3 second(s)

2019-12-23 13:28:19 - [MESSAGE][PASSED] - Delayed 3 second(s)

2019-12-23 13:28:19 - [TEST_STEP][PASSED] - if (flagBoar == "1"): null

2019-12-23 13:28:19 - [TEST_STEP][PASSED] - delay(2): Delayed 2 second(s)

2019-12-23 13:28:21 - [MESSAGE][PASSED] - Delayed 2 second(s)

2019-12-23 13:28:21 - [TEST_STEP][PASSED] - click(findTestObject("Object Repository/object_reservation/btn_next2")): Object: 'Object Repository/object_reservation/btn_next2' is clicked on

2019-12-23 13:28:51 - [MESSAGE][PASSED] - Object: 'Object Repository/object_reservation/btn_next2' is clicked on

2019-12-23 13:28:51 - [TEST_STEP][PASSED] - click(findTestObject("Object Repository/object_reservation/button_Submit Reservation")): Object: 'Object Repository/object_reservation/button_Submit Reservation' is clicked on

2019-12-23 13:29:22 - [MESSAGE][PASSED] - Object: 'Object Repository/object_reservation/button_Submit Reservation' is clicked on

2019-12-23 13:29:22 - [TEST_STEP][PASSED] - delay(2): Delayed 2 second(s)

2019-12-23 13:29:24 - [MESSAGE][PASSED] - Delayed 2 second(s)

2019-12-23 13:29:24 - [TEST_STEP][PASSED] - if (flagBoar == "2" && var_repeatingEvery == "Daily" || var_repeatingEvery == "Monthly" || var_repeatingEvery == "Weekly"): Delayed 8 second(s)

2019-12-23 13:29:24 - [TEST_STEP][PASSED] - click(findTestObject("Object Repository/object_reservation/Page_Paradise 4 Paws  Dog Boarding Cat Boar_cfde7f/button_Ok")): Object: 'Object Repository/object_reservation/Page_Paradise 4 Paws  Dog Boarding Cat Boar_cfde7f/button_Ok' is clicked on

2019-12-23 13:29:54 - [MESSAGE][PASSED] - Object: 'Object Repository/object_reservation/Page_Paradise 4 Paws  Dog Boarding Cat Boar_cfde7f/button_Ok' is clicked on

2019-12-23 13:29:54 - [TEST_STEP][PASSED] - delay(8): Delayed 8 second(s)

2019-12-23 13:30:02 - [MESSAGE][PASSED] - Delayed 8 second(s)

2019-12-23 13:30:02 - [TEST_STEP][PASSED] - delay(2): Delayed 2 second(s)

2019-12-23 13:30:04 - [MESSAGE][PASSED] - Delayed 2 second(s)

2019-12-23 13:30:04 - [TEST_STEP][FAILED] - try: Unable to click on object 'Object Repository/object_reservation/button_Return To Reservation' (Root cause: com.kms.katalon.core.exception.StepFailedException: Unable to click on object 'Object Repository/object_reservation/button_Return To Reservation'
	at com.kms.katalon.core.webui.keyword.internal.WebUIKeywordMain.stepFailed(WebUIKeywordMain.groovy:64)
	at com.kms.katalon.core.webui.keyword.internal.WebUIKeywordMain.runKeyword(WebUIKeywordMain.groovy:26)
	at com.kms.katalon.core.webui.keyword.builtin.ClickKeyword.click(ClickKeyword.groovy:99)
	at com.kms.katalon.core.webui.keyword.builtin.ClickKeyword.execute(ClickKeyword.groovy:43)
	at com.kms.katalon.core.keyword.internal.KeywordExecutor.executeKeywordForPlatform(KeywordExecutor.groovy:60)
	at com.kms.katalon.core.webui.keyword.WebUiBuiltInKeywords.click(WebUiBuiltInKeywords.groovy:616)
	at com.kms.katalon.core.webui.keyword.WebUiBuiltInKeywords$click$2.call(Unknown Source)
	at p4p_newReservationDaycare.run(p4p_newReservationDaycare:612)
	at com.kms.katalon.core.main.ScriptEngine.run(ScriptEngine.java:194)
	at com.kms.katalon.core.main.ScriptEngine.runScriptAsRawText(ScriptEngine.java:119)
	at com.kms.katalon.core.main.TestCaseExecutor.runScript(TestCaseExecutor.java:337)
	at com.kms.katalon.core.main.TestCaseExecutor.doExecute(TestCaseExecutor.java:328)
	at com.kms.katalon.core.main.TestCaseExecutor.processExecutionPhase(TestCaseExecutor.java:307)
	at com.kms.katalon.core.main.TestCaseExecutor.accessMainPhase(TestCaseExecutor.java:299)
	at com.kms.katalon.core.main.TestCaseExecutor.execute(TestCaseExecutor.java:233)
	at com.kms.katalon.core.main.TestSuiteExecutor.accessTestCaseMainPhase(TestSuiteExecutor.java:169)
	at com.kms.katalon.core.main.TestSuiteExecutor.accessTestSuiteMainPhase(TestSuiteExecutor.java:142)
	at com.kms.katalon.core.main.TestSuiteExecutor.execute(TestSuiteExecutor.java:91)
	at com.kms.katalon.core.main.TestCaseMain.startTestSuite(TestCaseMain.java:157)
	at com.kms.katalon.core.main.TestCaseMain$startTestSuite$0.call(Unknown Source)
	at TempTestSuite1577127624136.run(TempTestSuite1577127624136.groovy:36)
Caused by: com.kms.katalon.core.webui.exception.WebElementNotFoundException: Web element with id: 'Object Repository/object_reservation/button_Return To Reservation' located by 'By.xpath: (//button[@type='button'])[13]' not found
	at com.kms.katalon.core.webui.common.WebUiCommonHelper.findWebElement(WebUiCommonHelper.java:1113)
	at com.kms.katalon.core.webui.keyword.internal.WebUIAbstractKeyword.findWebElement(WebUIAbstractKeyword.groovy:27)
	at com.kms.katalon.core.webui.keyword.internal.WebUIAbstractKeyword.findWebElement(WebUIAbstractKeyword.groovy:26)
	at com.kms.katalon.core.webui.keyword.builtin.ClickKeyword$_click_closure1.doCall(ClickKeyword.groovy:68)
	at com.kms.katalon.core.webui.keyword.builtin.ClickKeyword$_click_closure1.call(ClickKeyword.groovy)
	at com.kms.katalon.core.webui.keyword.internal.WebUIKeywordMain.runKeyword(WebUIKeywordMain.groovy:20)
	at com.kms.katalon.core.webui.keyword.builtin.ClickKeyword.click(ClickKeyword.groovy:99)
	at com.kms.katalon.core.webui.keyword.builtin.ClickKeyword.execute(ClickKeyword.groovy:43)
	at com.kms.katalon.core.keyword.internal.KeywordExecutor.executeKeywordForPlatform(KeywordExecutor.groovy:60)
	at com.kms.katalon.core.webui.keyword.WebUiBuiltInKeywords.click(WebUiBuiltInKeywords.groovy:616)
	at com.kms.katalon.core.webui.keyword.WebUiBuiltInKeywords$click$2.call(Unknown Source)
	at Script1576482965057.run(Script1576482965057.groovy:612)
	... 13 more
)

2019-12-23 13:30:04 - [TEST_STEP][FAILED] - click(findTestObject("Object Repository/object_reservation/button_Return To Reservation")): Unable to click on object 'Object Repository/object_reservation/button_Return To Reservation' (Root cause: com.kms.katalon.core.exception.StepFailedException: Unable to click on object 'Object Repository/object_reservation/button_Return To Reservation'
	at com.kms.katalon.core.webui.keyword.internal.WebUIKeywordMain.stepFailed(WebUIKeywordMain.groovy:64)
	at com.kms.katalon.core.webui.keyword.internal.WebUIKeywordMain.runKeyword(WebUIKeywordMain.groovy:26)
	at com.kms.katalon.core.webui.keyword.builtin.ClickKeyword.click(ClickKeyword.groovy:99)
	at com.kms.katalon.core.webui.keyword.builtin.ClickKeyword.execute(ClickKeyword.groovy:43)
	at com.kms.katalon.core.keyword.internal.KeywordExecutor.executeKeywordForPlatform(KeywordExecutor.groovy:60)
	at com.kms.katalon.core.webui.keyword.WebUiBuiltInKeywords.click(WebUiBuiltInKeywords.groovy:616)
	at com.kms.katalon.core.webui.keyword.WebUiBuiltInKeywords$click$2.call(Unknown Source)
	at p4p_newReservationDaycare.run(p4p_newReservationDaycare:612)
	at com.kms.katalon.core.main.ScriptEngine.run(ScriptEngine.java:194)
	at com.kms.katalon.core.main.ScriptEngine.runScriptAsRawText(ScriptEngine.java:119)
	at com.kms.katalon.core.main.TestCaseExecutor.runScript(TestCaseExecutor.java:337)
	at com.kms.katalon.core.main.TestCaseExecutor.doExecute(TestCaseExecutor.java:328)
	at com.kms.katalon.core.main.TestCaseExecutor.processExecutionPhase(TestCaseExecutor.java:307)
	at com.kms.katalon.core.main.TestCaseExecutor.accessMainPhase(TestCaseExecutor.java:299)
	at com.kms.katalon.core.main.TestCaseExecutor.execute(TestCaseExecutor.java:233)
	at com.kms.katalon.core.main.TestSuiteExecutor.accessTestCaseMainPhase(TestSuiteExecutor.java:169)
	at com.kms.katalon.core.main.TestSuiteExecutor.accessTestSuiteMainPhase(TestSuiteExecutor.java:142)
	at com.kms.katalon.core.main.TestSuiteExecutor.execute(TestSuiteExecutor.java:91)
	at com.kms.katalon.core.main.TestCaseMain.startTestSuite(TestCaseMain.java:157)
	at com.kms.katalon.core.main.TestCaseMain$startTestSuite$0.call(Unknown Source)
	at TempTestSuite1577127624136.run(TempTestSuite1577127624136.groovy:36)
Caused by: com.kms.katalon.core.webui.exception.WebElementNotFoundException: Web element with id: 'Object Repository/object_reservation/button_Return To Reservation' located by 'By.xpath: (//button[@type='button'])[13]' not found
	at com.kms.katalon.core.webui.common.WebUiCommonHelper.findWebElement(WebUiCommonHelper.java:1113)
	at com.kms.katalon.core.webui.keyword.internal.WebUIAbstractKeyword.findWebElement(WebUIAbstractKeyword.groovy:27)
	at com.kms.katalon.core.webui.keyword.internal.WebUIAbstractKeyword.findWebElement(WebUIAbstractKeyword.groovy:26)
	at com.kms.katalon.core.webui.keyword.builtin.ClickKeyword$_click_closure1.doCall(ClickKeyword.groovy:68)
	at com.kms.katalon.core.webui.keyword.builtin.ClickKeyword$_click_closure1.call(ClickKeyword.groovy)
	at com.kms.katalon.core.webui.keyword.internal.WebUIKeywordMain.runKeyword(WebUIKeywordMain.groovy:20)
	at com.kms.katalon.core.webui.keyword.builtin.ClickKeyword.click(ClickKeyword.groovy:99)
	at com.kms.katalon.core.webui.keyword.builtin.ClickKeyword.execute(ClickKeyword.groovy:43)
	at com.kms.katalon.core.keyword.internal.KeywordExecutor.executeKeywordForPlatform(KeywordExecutor.groovy:60)
	at com.kms.katalon.core.webui.keyword.WebUiBuiltInKeywords.click(WebUiBuiltInKeywords.groovy:616)
	at com.kms.katalon.core.webui.keyword.WebUiBuiltInKeywords$click$2.call(Unknown Source)
	at Script1576482965057.run(Script1576482965057.groovy:612)
	... 13 more
)

2019-12-23 13:30:40 - [MESSAGE][INFO] - Unable to find the element located by 'By.xpath: (//button[@type='button'])[13]'. Please recheck the objects properties to make sure the desired element is located. 

2019-12-23 13:30:40 - [MESSAGE][FAILED] - Unable to click on object 'Object Repository/object_reservation/button_Return To Reservation' (Root cause: com.kms.katalon.core.exception.StepFailedException: Unable to click on object 'Object Repository/object_reservation/button_Return To Reservation'
	at com.kms.katalon.core.webui.keyword.internal.WebUIKeywordMain.stepFailed(WebUIKeywordMain.groovy:64)
	at com.kms.katalon.core.webui.keyword.internal.WebUIKeywordMain.runKeyword(WebUIKeywordMain.groovy:26)
	at com.kms.katalon.core.webui.keyword.builtin.ClickKeyword.click(ClickKeyword.groovy:99)
	at com.kms.katalon.core.webui.keyword.builtin.ClickKeyword.execute(ClickKeyword.groovy:43)
	at com.kms.katalon.core.keyword.internal.KeywordExecutor.executeKeywordForPlatform(KeywordExecutor.groovy:60)
	at com.kms.katalon.core.webui.keyword.WebUiBuiltInKeywords.click(WebUiBuiltInKeywords.groovy:616)
	at com.kms.katalon.core.webui.keyword.WebUiBuiltInKeywords$click$2.call(Unknown Source)
	at p4p_newReservationDaycare.run(p4p_newReservationDaycare:612)
	at com.kms.katalon.core.main.ScriptEngine.run(ScriptEngine.java:194)
	at com.kms.katalon.core.main.ScriptEngine.runScriptAsRawText(ScriptEngine.java:119)
	at com.kms.katalon.core.main.TestCaseExecutor.runScript(TestCaseExecutor.java:337)
	at com.kms.katalon.core.main.TestCaseExecutor.doExecute(TestCaseExecutor.java:328)
	at com.kms.katalon.core.main.TestCaseExecutor.processExecutionPhase(TestCaseExecutor.java:307)
	at com.kms.katalon.core.main.TestCaseExecutor.accessMainPhase(TestCaseExecutor.java:299)
	at com.kms.katalon.core.main.TestCaseExecutor.execute(TestCaseExecutor.java:233)
	at com.kms.katalon.core.main.TestSuiteExecutor.accessTestCaseMainPhase(TestSuiteExecutor.java:169)
	at com.kms.katalon.core.main.TestSuiteExecutor.accessTestSuiteMainPhase(TestSuiteExecutor.java:142)
	at com.kms.katalon.core.main.TestSuiteExecutor.execute(TestSuiteExecutor.java:91)
	at com.kms.katalon.core.main.TestCaseMain.startTestSuite(TestCaseMain.java:157)
	at com.kms.katalon.core.main.TestCaseMain$startTestSuite$0.call(Unknown Source)
	at TempTestSuite1577127624136.run(TempTestSuite1577127624136.groovy:36)
Caused by: com.kms.katalon.core.webui.exception.WebElementNotFoundException: Web element with id: 'Object Repository/object_reservation/button_Return To Reservation' located by 'By.xpath: (//button[@type='button'])[13]' not found
	at com.kms.katalon.core.webui.common.WebUiCommonHelper.findWebElement(WebUiCommonHelper.java:1113)
	at com.kms.katalon.core.webui.keyword.internal.WebUIAbstractKeyword.findWebElement(WebUIAbstractKeyword.groovy:27)
	at com.kms.katalon.core.webui.keyword.internal.WebUIAbstractKeyword.findWebElement(WebUIAbstractKeyword.groovy:26)
	at com.kms.katalon.core.webui.keyword.builtin.ClickKeyword$_click_closure1.doCall(ClickKeyword.groovy:68)
	at com.kms.katalon.core.webui.keyword.builtin.ClickKeyword$_click_closure1.call(ClickKeyword.groovy)
	at com.kms.katalon.core.webui.keyword.internal.WebUIKeywordMain.runKeyword(WebUIKeywordMain.groovy:20)
	at com.kms.katalon.core.webui.keyword.builtin.ClickKeyword.click(ClickKeyword.groovy:99)
	at com.kms.katalon.core.webui.keyword.builtin.ClickKeyword.execute(ClickKeyword.groovy:43)
	at com.kms.katalon.core.keyword.internal.KeywordExecutor.executeKeywordForPlatform(KeywordExecutor.groovy:60)
	at com.kms.katalon.core.webui.keyword.WebUiBuiltInKeywords.click(WebUiBuiltInKeywords.groovy:616)
	at com.kms.katalon.core.webui.keyword.WebUiBuiltInKeywords$click$2.call(Unknown Source)
	at Script1576482965057.run(Script1576482965057.groovy:612)
	... 13 more
)
[[ATTACHMENT|/home/leonardo-arkusmty/Documents/workspaceKatalon/p4ptest/Reports/20191223_130024/ts_newReservationDaycare/20191223_130024/1577129440804.png]]

2019-12-23 13:30:40 - [TEST_STEP][PASSED] - catch (Exception e): null

2019-12-23 13:30:40 - [TEST_STEP][PASSED] - e.printStackTrace(): null

2019-12-23 13:30:40 - [TEST_STEP][PASSED] - log.logInfo("ERROR EXCEPCION"): ERROR EXCEPCION

2019-12-23 13:30:40 - [MESSAGE][INFO] - ERROR EXCEPCION

2019-12-23 13:30:40 - [TEST_STEP][PASSED] - cell1Err = rowNewRes.createCell(16, 0): null]]></system-out>
         <system-err><![CDATA[2019-12-23 13:25:22 - [TEST_CASE][ERROR] - Test Cases/p4p_newReservationDaycare: Test Cases/p4p_newReservationDaycare FAILED.
Reason:
java.lang.NullPointerException: Cannot invoke method createCell() on null object
	at org.apache.poi.ss.usermodel.Row$createCell.call(Unknown Source)
	at p4p_newReservationDaycare.run(p4p_newReservationDaycare:622)
	at com.kms.katalon.core.main.ScriptEngine.run(ScriptEngine.java:194)
	at com.kms.katalon.core.main.ScriptEngine.runScriptAsRawText(ScriptEngine.java:119)
	at com.kms.katalon.core.main.TestCaseExecutor.runScript(TestCaseExecutor.java:337)
	at com.kms.katalon.core.main.TestCaseExecutor.doExecute(TestCaseExecutor.java:328)
	at com.kms.katalon.core.main.TestCaseExecutor.processExecutionPhase(TestCaseExecutor.java:307)
	at com.kms.katalon.core.main.TestCaseExecutor.accessMainPhase(TestCaseExecutor.java:299)
	at com.kms.katalon.core.main.TestCaseExecutor.execute(TestCaseExecutor.java:233)
	at com.kms.katalon.core.main.TestSuiteExecutor.accessTestCaseMainPhase(TestSuiteExecutor.java:169)
	at com.kms.katalon.core.main.TestSuiteExecutor.accessTestSuiteMainPhase(TestSuiteExecutor.java:142)
	at com.kms.katalon.core.main.TestSuiteExecutor.execute(TestSuiteExecutor.java:91)
	at com.kms.katalon.core.main.TestCaseMain.startTestSuite(TestCaseMain.java:157)
	at com.kms.katalon.core.main.TestCaseMain$startTestSuite$0.call(Unknown Source)
	at TempTestSuite1577127624136.run(TempTestSuite1577127624136.groovy:36)]]></system-err>
      </testcase>
      <system-out><![CDATA[2019-12-23 13:00:25 - [TEST_SUITE][FAILED] - ts_newReservationDaycare: Test Cases/p4p_newReservationDaycare FAILED.
Reason:
com.kms.katalon.core.exception.StepFailedException: Unable to get text of object 'Object Repository/object_reservation/Page_Paradise 4 Paws  Dog Boarding Cat Boar_35fe2b/span_( BK )'
	at com.kms.katalon.core.webui.keyword.internal.WebUIKeywordMain.stepFailed(WebUIKeywordMain.groovy:64)
	at com.kms.katalon.core.webui.keyword.internal.WebUIKeywordMain.runKeyword(WebUIKeywordMain.groovy:26)
	at com.kms.katalon.core.webui.keyword.builtin.GetTextKeyword.getText(GetTextKeyword.groovy:88)
	at com.kms.katalon.core.webui.keyword.builtin.GetTextKeyword.execute(GetTextKeyword.groovy:67)
	at com.kms.katalon.core.keyword.internal.KeywordExecutor.executeKeywordForPlatform(KeywordExecutor.groovy:60)
	at com.kms.katalon.core.webui.keyword.WebUiBuiltInKeywords.getText(WebUiBuiltInKeywords.groovy:888)
	at com.kms.katalon.core.webui.keyword.WebUiBuiltInKeywords$getText$4.call(Unknown Source)
	at p4p_newReservationDaycare.run(p4p_newReservationDaycare:649)
	at com.kms.katalon.core.main.ScriptEngine.run(ScriptEngine.java:194)
	at com.kms.katalon.core.main.ScriptEngine.runScriptAsRawText(ScriptEngine.java:119)
	at com.kms.katalon.core.main.TestCaseExecutor.runScript(TestCaseExecutor.java:337)
	at com.kms.katalon.core.main.TestCaseExecutor.doExecute(TestCaseExecutor.java:328)
	at com.kms.katalon.core.main.TestCaseExecutor.processExecutionPhase(TestCaseExecutor.java:307)
	at com.kms.katalon.core.main.TestCaseExecutor.accessMainPhase(TestCaseExecutor.java:299)
	at com.kms.katalon.core.main.TestCaseExecutor.execute(TestCaseExecutor.java:233)
	at com.kms.katalon.core.main.TestSuiteExecutor.accessTestCaseMainPhase(TestSuiteExecutor.java:169)
	at com.kms.katalon.core.main.TestSuiteExecutor.accessTestSuiteMainPhase(TestSuiteExecutor.java:142)
	at com.kms.katalon.core.main.TestSuiteExecutor.execute(TestSuiteExecutor.java:91)
	at com.kms.katalon.core.main.TestCaseMain.startTestSuite(TestCaseMain.java:157)
	at com.kms.katalon.core.main.TestCaseMain$startTestSuite$0.call(Unknown Source)
	at TempTestSuite1577127624136.run(TempTestSuite1577127624136.groovy:36)
Caused by: com.kms.katalon.core.webui.exception.WebElementNotFoundException: Web element with id: 'Object Repository/object_reservation/Page_Paradise 4 Paws  Dog Boarding Cat Boar_35fe2b/span_( BK )' located by 'By.xpath: //div[@id='wrapper']/div/div/div/div/div/div/ul/li[4]/a/tab-heading/span' not found
	at com.kms.katalon.core.webui.common.WebUiCommonHelper.findWebElement(WebUiCommonHelper.java:1113)
	at com.kms.katalon.core.webui.keyword.internal.WebUIAbstractKeyword.findWebElement(WebUIAbstractKeyword.groovy:27)
	at com.kms.katalon.core.webui.keyword.internal.WebUIAbstractKeyword.findWebElement(WebUIAbstractKeyword.groovy:26)
	at com.kms.katalon.core.webui.keyword.builtin.GetTextKeyword$_getText_closure1.doCall(GetTextKeyword.groovy:78)
	at com.kms.katalon.core.webui.keyword.builtin.GetTextKeyword$_getText_closure1.call(GetTextKeyword.groovy)
	at com.kms.katalon.core.webui.keyword.internal.WebUIKeywordMain.runKeyword(WebUIKeywordMain.groovy:20)
	... 19 more]]></system-out>
      <system-err><![CDATA[2019-12-23 13:00:25 - [TEST_SUITE][FAILED] - ts_newReservationDaycare: Test Cases/p4p_newReservationDaycare FAILED.
Reason:
com.kms.katalon.core.exception.StepFailedException: Unable to get text of object 'Object Repository/object_reservation/Page_Paradise 4 Paws  Dog Boarding Cat Boar_35fe2b/span_( BK )'
	at com.kms.katalon.core.webui.keyword.internal.WebUIKeywordMain.stepFailed(WebUIKeywordMain.groovy:64)
	at com.kms.katalon.core.webui.keyword.internal.WebUIKeywordMain.runKeyword(WebUIKeywordMain.groovy:26)
	at com.kms.katalon.core.webui.keyword.builtin.GetTextKeyword.getText(GetTextKeyword.groovy:88)
	at com.kms.katalon.core.webui.keyword.builtin.GetTextKeyword.execute(GetTextKeyword.groovy:67)
	at com.kms.katalon.core.keyword.internal.KeywordExecutor.executeKeywordForPlatform(KeywordExecutor.groovy:60)
	at com.kms.katalon.core.webui.keyword.WebUiBuiltInKeywords.getText(WebUiBuiltInKeywords.groovy:888)
	at com.kms.katalon.core.webui.keyword.WebUiBuiltInKeywords$getText$4.call(Unknown Source)
	at p4p_newReservationDaycare.run(p4p_newReservationDaycare:649)
	at com.kms.katalon.core.main.ScriptEngine.run(ScriptEngine.java:194)
	at com.kms.katalon.core.main.ScriptEngine.runScriptAsRawText(ScriptEngine.java:119)
	at com.kms.katalon.core.main.TestCaseExecutor.runScript(TestCaseExecutor.java:337)
	at com.kms.katalon.core.main.TestCaseExecutor.doExecute(TestCaseExecutor.java:328)
	at com.kms.katalon.core.main.TestCaseExecutor.processExecutionPhase(TestCaseExecutor.java:307)
	at com.kms.katalon.core.main.TestCaseExecutor.accessMainPhase(TestCaseExecutor.java:299)
	at com.kms.katalon.core.main.TestCaseExecutor.execute(TestCaseExecutor.java:233)
	at com.kms.katalon.core.main.TestSuiteExecutor.accessTestCaseMainPhase(TestSuiteExecutor.java:169)
	at com.kms.katalon.core.main.TestSuiteExecutor.accessTestSuiteMainPhase(TestSuiteExecutor.java:142)
	at com.kms.katalon.core.main.TestSuiteExecutor.execute(TestSuiteExecutor.java:91)
	at com.kms.katalon.core.main.TestCaseMain.startTestSuite(TestCaseMain.java:157)
	at com.kms.katalon.core.main.TestCaseMain$startTestSuite$0.call(Unknown Source)
	at TempTestSuite1577127624136.run(TempTestSuite1577127624136.groovy:36)
Caused by: com.kms.katalon.core.webui.exception.WebElementNotFoundException: Web element with id: 'Object Repository/object_reservation/Page_Paradise 4 Paws  Dog Boarding Cat Boar_35fe2b/span_( BK )' located by 'By.xpath: //div[@id='wrapper']/div/div/div/div/div/div/ul/li[4]/a/tab-heading/span' not found
	at com.kms.katalon.core.webui.common.WebUiCommonHelper.findWebElement(WebUiCommonHelper.java:1113)
	at com.kms.katalon.core.webui.keyword.internal.WebUIAbstractKeyword.findWebElement(WebUIAbstractKeyword.groovy:27)
	at com.kms.katalon.core.webui.keyword.internal.WebUIAbstractKeyword.findWebElement(WebUIAbstractKeyword.groovy:26)
	at com.kms.katalon.core.webui.keyword.builtin.GetTextKeyword$_getText_closure1.doCall(GetTextKeyword.groovy:78)
	at com.kms.katalon.core.webui.keyword.builtin.GetTextKeyword$_getText_closure1.call(GetTextKeyword.groovy)
	at com.kms.katalon.core.webui.keyword.internal.WebUIKeywordMain.runKeyword(WebUIKeywordMain.groovy:20)
	... 19 more]]></system-err>
   </testsuite>
</testsuites>
