<?xml version="1.0" encoding="UTF-8"?>
<testsuites name="ts_1_newReservationBoarding" time="1138.943" tests="8" failures="8" errors="0">
   <testsuite name="ts_1_newReservationBoarding" tests="8" failures="8" errors="0" time="1138.943" timestamp="2020-01-19 00:44:04" hostname="leonardo-arkusmty - leonardoarkusmty-Inspiron-5577" id="Test Suites/ts_1_newReservationBoarding">
      <properties>
         <property name="deviceName" value=""/>
         <property name="devicePlatform" value=""/>
         <property name="logFolder" value="/home/leonardo-arkusmty/Documents/workspaceKatalon/p4ptest/Reports/20200119_004403/ts_1_newReservationBoarding/20200119_004403"/>
         <property name="logFiles" value="/home/leonardo-arkusmty/Documents/workspaceKatalon/p4ptest/Reports/20200119_004403/ts_1_newReservationBoarding/20200119_004403/execution0.log"/>
         <property name="attachments" value="/home/leonardo-arkusmty/Documents/workspaceKatalon/p4ptest/Reports/20200119_004403/ts_1_newReservationBoarding/20200119_004403/1579416328115.png, /home/leonardo-arkusmty/Documents/workspaceKatalon/p4ptest/Reports/20200119_004403/ts_1_newReservationBoarding/20200119_004403/1579416404863.png, /home/leonardo-arkusmty/Documents/workspaceKatalon/p4ptest/Reports/20200119_004403/ts_1_newReservationBoarding/20200119_004403/1579416405085.png, /home/leonardo-arkusmty/Documents/workspaceKatalon/p4ptest/Reports/20200119_004403/ts_1_newReservationBoarding/20200119_004403/1579416641950.png, /home/leonardo-arkusmty/Documents/workspaceKatalon/p4ptest/Reports/20200119_004403/ts_1_newReservationBoarding/20200119_004403/1579416642186.png, /home/leonardo-arkusmty/Documents/workspaceKatalon/p4ptest/Reports/20200119_004403/ts_1_newReservationBoarding/20200119_004403/1579416794023.png, /home/leonardo-arkusmty/Documents/workspaceKatalon/p4ptest/Reports/20200119_004403/ts_1_newReservationBoarding/20200119_004403/1579416794239.png, /home/leonardo-arkusmty/Documents/workspaceKatalon/p4ptest/Reports/20200119_004403/ts_1_newReservationBoarding/20200119_004403/1579416875864.png, /home/leonardo-arkusmty/Documents/workspaceKatalon/p4ptest/Reports/20200119_004403/ts_1_newReservationBoarding/20200119_004403/1579416952674.png, /home/leonardo-arkusmty/Documents/workspaceKatalon/p4ptest/Reports/20200119_004403/ts_1_newReservationBoarding/20200119_004403/1579416952867.png, /home/leonardo-arkusmty/Documents/workspaceKatalon/p4ptest/Reports/20200119_004403/ts_1_newReservationBoarding/20200119_004403/1579417077772.png, /home/leonardo-arkusmty/Documents/workspaceKatalon/p4ptest/Reports/20200119_004403/ts_1_newReservationBoarding/20200119_004403/1579417077986.png, /home/leonardo-arkusmty/Documents/workspaceKatalon/p4ptest/Reports/20200119_004403/ts_1_newReservationBoarding/20200119_004403/1579417230766.png, /home/leonardo-arkusmty/Documents/workspaceKatalon/p4ptest/Reports/20200119_004403/ts_1_newReservationBoarding/20200119_004403/1579417230977.png, /home/leonardo-arkusmty/Documents/workspaceKatalon/p4ptest/Reports/20200119_004403/ts_1_newReservationBoarding/20200119_004403/1579417382826.png, /home/leonardo-arkusmty/Documents/workspaceKatalon/p4ptest/Reports/20200119_004403/ts_1_newReservationBoarding/20200119_004403/1579417383032.png"/>
         <property name="hostName" value="leonardo-arkusmty - leonardoarkusmty-Inspiron-5577"/>
         <property name="os" value="Linux 64bit"/>
         <property name="katalonVersion" value="7.0.8.1"/>
         <property name="browser" value="Chrome 79.0.3945.88"/>
         <property name="hostAddress" value="127.0.1.1"/>
         <property name="sessionId" value="a985b93d3c07d1180d867602b16ecf16"/>
         <property name="seleniumVersion" value="3.141.59"/>
         <property name="proxyInformation" value="ProxyInformation{proxyOption=NO_PROXY, proxyServerType=HTTP, password=, proxyServerAddress=, proxyServerPort=0}"/>
         <property name="platform" value="Linux"/>
      </properties>
      <testcase name="Test Cases/p4p_1_newReservationBoarding" time="160.557" classname="Test Cases/p4p_1_newReservationBoarding" status="FAILED">
         <failure type="FAILED" message="Test Cases/p4p_1_newReservationBoarding FAILED.
Reason:
com.kms.katalon.core.exception.StepFailedException: Unable to click on object 'Object Repository/obj_reservation/4_/button_Return To Reservation_2' (Root cause: com.kms.katalon.core.exception.StepFailedException: Unable to click on object 'Object Repository/obj_reservation/4_/button_Return To Reservation_2'
	at com.kms.katalon.core.webui.keyword.internal.WebUIKeywordMain.stepFailed(WebUIKeywordMain.groovy:64)
	at com.kms.katalon.core.webui.keyword.internal.WebUIKeywordMain.runKeyword(WebUIKeywordMain.groovy:26)
	at com.kms.katalon.core.webui.keyword.builtin.ClickKeyword.click(ClickKeyword.groovy:99)
	at com.kms.katalon.core.webui.keyword.builtin.ClickKeyword.execute(ClickKeyword.groovy:43)
	at com.kms.katalon.core.keyword.internal.KeywordExecutor.executeKeywordForPlatform(KeywordExecutor.groovy:60)
	at com.kms.katalon.core.webui.keyword.WebUiBuiltInKeywords.click(WebUiBuiltInKeywords.groovy:604)
	at com.kms.katalon.core.webui.keyword.WebUiBuiltInKeywords$click$4.call(Unknown Source)
	at p4p_1_newReservationBoarding.run(p4p_1_newReservationBoarding:165)
	at com.kms.katalon.core.main.ScriptEngine.run(ScriptEngine.java:194)
	at com.kms.katalon.core.main.ScriptEngine.runScriptAsRawText(ScriptEngine.java:119)
	at com.kms.katalon.core.main.TestCaseExecutor.runScript(TestCaseExecutor.java:337)
	at com.kms.katalon.core.main.TestCaseExecutor.doExecute(TestCaseExecutor.java:328)
	at com.kms.katalon.core.main.TestCaseExecutor.processExecutionPhase(TestCaseExecutor.java:307)
	at com.kms.katalon.core.main.TestCaseExecutor.accessMainPhase(TestCaseExecutor.java:299)
	at com.kms.katalon.core.main.TestCaseExecutor.execute(TestCaseExecutor.java:233)
	at com.kms.katalon.core.main.TestSuiteExecutor.accessTestCaseMainPhase(TestSuiteExecutor.java:169)
	at com.kms.katalon.core.main.TestSuiteExecutor.accessTestSuiteMainPhase(TestSuiteExecutor.java:142)
	at com.kms.katalon.core.main.TestSuiteExecutor.execute(TestSuiteExecutor.java:91)
	at com.kms.katalon.core.main.TestCaseMain.startTestSuite(TestCaseMain.java:157)
	at com.kms.katalon.core.main.TestCaseMain$startTestSuite$0.call(Unknown Source)
	at TempTestSuite1579416243115.run(TempTestSuite1579416243115.groovy:36)
Caused by: com.kms.katalon.core.webui.exception.WebElementNotFoundException: Web element with id: 'Object Repository/obj_reservation/4_/button_Return To Reservation_2' located by 'By.xpath: (//button[@type='button'])[18]' not found
	at com.kms.katalon.core.webui.common.WebUiCommonHelper.findWebElement(WebUiCommonHelper.java:1113)
	at com.kms.katalon.core.webui.keyword.internal.WebUIAbstractKeyword.findWebElement(WebUIAbstractKeyword.groovy:27)
	at com.kms.katalon.core.webui.keyword.internal.WebUIAbstractKeyword.findWebElement(WebUIAbstractKeyword.groovy:26)
	at com.kms.katalon.core.webui.keyword.builtin.ClickKeyword$_click_closure1.doCall(ClickKeyword.groovy:68)
	at com.kms.katalon.core.webui.keyword.builtin.ClickKeyword$_click_closure1.call(ClickKeyword.groovy)
	at com.kms.katalon.core.webui.keyword.internal.WebUIKeywordMain.runKeyword(WebUIKeywordMain.groovy:20)
	at com.kms.katalon.core.webui.keyword.builtin.ClickKeyword.click(ClickKeyword.groovy:99)
	at com.kms.katalon.core.webui.keyword.builtin.ClickKeyword.execute(ClickKeyword.groovy:43)
	at com.kms.katalon.core.keyword.internal.KeywordExecutor.executeKeywordForPlatform(KeywordExecutor.groovy:60)
	at com.kms.katalon.core.webui.keyword.WebUiBuiltInKeywords.click(WebUiBuiltInKeywords.groovy:604)
	at com.kms.katalon.core.webui.keyword.WebUiBuiltInKeywords$click$4.call(Unknown Source)
	at Script1579191965857.run(Script1579191965857.groovy:165)
	... 13 more
)
	at com.kms.katalon.core.keyword.internal.KeywordMain.stepFailed(KeywordMain.groovy:39)
	at com.kms.katalon.core.webui.keyword.internal.WebUIKeywordMain.stepFailed(WebUIKeywordMain.groovy:64)
	at com.kms.katalon.core.webui.keyword.internal.WebUIKeywordMain.runKeyword(WebUIKeywordMain.groovy:26)
	at com.kms.katalon.core.webui.keyword.builtin.ClickKeyword.click(ClickKeyword.groovy:99)
	at com.kms.katalon.core.webui.keyword.builtin.ClickKeyword.execute(ClickKeyword.groovy:43)
	at com.kms.katalon.core.keyword.internal.KeywordExecutor.executeKeywordForPlatform(KeywordExecutor.groovy:60)
	at com.kms.katalon.core.webui.keyword.WebUiBuiltInKeywords.click(WebUiBuiltInKeywords.groovy:604)
	at com.kms.katalon.core.webui.keyword.WebUiBuiltInKeywords$click$4.call(Unknown Source)
	at p4p_1_newReservationBoarding.run(p4p_1_newReservationBoarding:165)
	at com.kms.katalon.core.main.ScriptEngine.run(ScriptEngine.java:194)
	at com.kms.katalon.core.main.ScriptEngine.runScriptAsRawText(ScriptEngine.java:119)
	at com.kms.katalon.core.main.TestCaseExecutor.runScript(TestCaseExecutor.java:337)
	at com.kms.katalon.core.main.TestCaseExecutor.doExecute(TestCaseExecutor.java:328)
	at com.kms.katalon.core.main.TestCaseExecutor.processExecutionPhase(TestCaseExecutor.java:307)
	at com.kms.katalon.core.main.TestCaseExecutor.accessMainPhase(TestCaseExecutor.java:299)
	at com.kms.katalon.core.main.TestCaseExecutor.execute(TestCaseExecutor.java:233)
	at com.kms.katalon.core.main.TestSuiteExecutor.accessTestCaseMainPhase(TestSuiteExecutor.java:169)
	at com.kms.katalon.core.main.TestSuiteExecutor.accessTestSuiteMainPhase(TestSuiteExecutor.java:142)
	at com.kms.katalon.core.main.TestSuiteExecutor.execute(TestSuiteExecutor.java:91)
	at com.kms.katalon.core.main.TestCaseMain.startTestSuite(TestCaseMain.java:157)
	at com.kms.katalon.core.main.TestCaseMain$startTestSuite$0.call(Unknown Source)
	at TempTestSuite1579416243115.run(TempTestSuite1579416243115.groovy:36)
Caused by: com.kms.katalon.core.exception.StepFailedException: Unable to click on object 'Object Repository/obj_reservation/4_/button_Return To Reservation_2'
	... 21 more
Caused by: com.kms.katalon.core.webui.exception.WebElementNotFoundException: Web element with id: 'Object Repository/obj_reservation/4_/button_Return To Reservation_2' located by 'By.xpath: (//button[@type='button'])[18]' not found
	at com.kms.katalon.core.webui.common.WebUiCommonHelper.findWebElement(WebUiCommonHelper.java:1113)
	at com.kms.katalon.core.webui.keyword.internal.WebUIAbstractKeyword.findWebElement(WebUIAbstractKeyword.groovy:27)
	at com.kms.katalon.core.webui.keyword.internal.WebUIAbstractKeyword.findWebElement(WebUIAbstractKeyword.groovy:26)
	at com.kms.katalon.core.webui.keyword.builtin.ClickKeyword$_click_closure1.doCall(ClickKeyword.groovy:68)
	at com.kms.katalon.core.webui.keyword.builtin.ClickKeyword$_click_closure1.call(ClickKeyword.groovy)
	at com.kms.katalon.core.webui.keyword.internal.WebUIKeywordMain.runKeyword(WebUIKeywordMain.groovy:20)
	... 19 more
"/>
         <system-out><![CDATA[2020-01-19 00:44:04 - [TEST_CASE][FAILED] - Test Cases/p4p_1_newReservationBoarding: Test Cases/p4p_1_newReservationBoarding FAILED.
Reason:
com.kms.katalon.core.exception.StepFailedException: Unable to click on object 'Object Repository/obj_reservation/4_/button_Return To Reservation_2' (Root cause: com.kms.katalon.core.exception.StepFailedException: Unable to click on object 'Object Repository/obj_reservation/4_/button_Return To Reservation_2'
	at com.kms.katalon.core.webui.keyword.internal.WebUIKeywordMain.stepFailed(WebUIKeywordMain.groovy:64)
	at com.kms.katalon.core.webui.keyword.internal.WebUIKeywordMain.runKeyword(WebUIKeywordMain.groovy:26)
	at com.kms.katalon.core.webui.keyword.builtin.ClickKeyword.click(ClickKeyword.groovy:99)
	at com.kms.katalon.core.webui.keyword.builtin.ClickKeyword.execute(ClickKeyword.groovy:43)
	at com.kms.katalon.core.keyword.internal.KeywordExecutor.executeKeywordForPlatform(KeywordExecutor.groovy:60)
	at com.kms.katalon.core.webui.keyword.WebUiBuiltInKeywords.click(WebUiBuiltInKeywords.groovy:604)
	at com.kms.katalon.core.webui.keyword.WebUiBuiltInKeywords$click$4.call(Unknown Source)
	at p4p_1_newReservationBoarding.run(p4p_1_newReservationBoarding:165)
	at com.kms.katalon.core.main.ScriptEngine.run(ScriptEngine.java:194)
	at com.kms.katalon.core.main.ScriptEngine.runScriptAsRawText(ScriptEngine.java:119)
	at com.kms.katalon.core.main.TestCaseExecutor.runScript(TestCaseExecutor.java:337)
	at com.kms.katalon.core.main.TestCaseExecutor.doExecute(TestCaseExecutor.java:328)
	at com.kms.katalon.core.main.TestCaseExecutor.processExecutionPhase(TestCaseExecutor.java:307)
	at com.kms.katalon.core.main.TestCaseExecutor.accessMainPhase(TestCaseExecutor.java:299)
	at com.kms.katalon.core.main.TestCaseExecutor.execute(TestCaseExecutor.java:233)
	at com.kms.katalon.core.main.TestSuiteExecutor.accessTestCaseMainPhase(TestSuiteExecutor.java:169)
	at com.kms.katalon.core.main.TestSuiteExecutor.accessTestSuiteMainPhase(TestSuiteExecutor.java:142)
	at com.kms.katalon.core.main.TestSuiteExecutor.execute(TestSuiteExecutor.java:91)
	at com.kms.katalon.core.main.TestCaseMain.startTestSuite(TestCaseMain.java:157)
	at com.kms.katalon.core.main.TestCaseMain$startTestSuite$0.call(Unknown Source)
	at TempTestSuite1579416243115.run(TempTestSuite1579416243115.groovy:36)
Caused by: com.kms.katalon.core.webui.exception.WebElementNotFoundException: Web element with id: 'Object Repository/obj_reservation/4_/button_Return To Reservation_2' located by 'By.xpath: (//button[@type='button'])[18]' not found
	at com.kms.katalon.core.webui.common.WebUiCommonHelper.findWebElement(WebUiCommonHelper.java:1113)
	at com.kms.katalon.core.webui.keyword.internal.WebUIAbstractKeyword.findWebElement(WebUIAbstractKeyword.groovy:27)
	at com.kms.katalon.core.webui.keyword.internal.WebUIAbstractKeyword.findWebElement(WebUIAbstractKeyword.groovy:26)
	at com.kms.katalon.core.webui.keyword.builtin.ClickKeyword$_click_closure1.doCall(ClickKeyword.groovy:68)
	at com.kms.katalon.core.webui.keyword.builtin.ClickKeyword$_click_closure1.call(ClickKeyword.groovy)
	at com.kms.katalon.core.webui.keyword.internal.WebUIKeywordMain.runKeyword(WebUIKeywordMain.groovy:20)
	at com.kms.katalon.core.webui.keyword.builtin.ClickKeyword.click(ClickKeyword.groovy:99)
	at com.kms.katalon.core.webui.keyword.builtin.ClickKeyword.execute(ClickKeyword.groovy:43)
	at com.kms.katalon.core.keyword.internal.KeywordExecutor.executeKeywordForPlatform(KeywordExecutor.groovy:60)
	at com.kms.katalon.core.webui.keyword.WebUiBuiltInKeywords.click(WebUiBuiltInKeywords.groovy:604)
	at com.kms.katalon.core.webui.keyword.WebUiBuiltInKeywords$click$4.call(Unknown Source)
	at Script1579191965857.run(Script1579191965857.groovy:165)
	... 13 more
)
	at com.kms.katalon.core.keyword.internal.KeywordMain.stepFailed(KeywordMain.groovy:39)
	at com.kms.katalon.core.webui.keyword.internal.WebUIKeywordMain.stepFailed(WebUIKeywordMain.groovy:64)
	at com.kms.katalon.core.webui.keyword.internal.WebUIKeywordMain.runKeyword(WebUIKeywordMain.groovy:26)
	at com.kms.katalon.core.webui.keyword.builtin.ClickKeyword.click(ClickKeyword.groovy:99)
	at com.kms.katalon.core.webui.keyword.builtin.ClickKeyword.execute(ClickKeyword.groovy:43)
	at com.kms.katalon.core.keyword.internal.KeywordExecutor.executeKeywordForPlatform(KeywordExecutor.groovy:60)
	at com.kms.katalon.core.webui.keyword.WebUiBuiltInKeywords.click(WebUiBuiltInKeywords.groovy:604)
	at com.kms.katalon.core.webui.keyword.WebUiBuiltInKeywords$click$4.call(Unknown Source)
	at p4p_1_newReservationBoarding.run(p4p_1_newReservationBoarding:165)
	at com.kms.katalon.core.main.ScriptEngine.run(ScriptEngine.java:194)
	at com.kms.katalon.core.main.ScriptEngine.runScriptAsRawText(ScriptEngine.java:119)
	at com.kms.katalon.core.main.TestCaseExecutor.runScript(TestCaseExecutor.java:337)
	at com.kms.katalon.core.main.TestCaseExecutor.doExecute(TestCaseExecutor.java:328)
	at com.kms.katalon.core.main.TestCaseExecutor.processExecutionPhase(TestCaseExecutor.java:307)
	at com.kms.katalon.core.main.TestCaseExecutor.accessMainPhase(TestCaseExecutor.java:299)
	at com.kms.katalon.core.main.TestCaseExecutor.execute(TestCaseExecutor.java:233)
	at com.kms.katalon.core.main.TestSuiteExecutor.accessTestCaseMainPhase(TestSuiteExecutor.java:169)
	at com.kms.katalon.core.main.TestSuiteExecutor.accessTestSuiteMainPhase(TestSuiteExecutor.java:142)
	at com.kms.katalon.core.main.TestSuiteExecutor.execute(TestSuiteExecutor.java:91)
	at com.kms.katalon.core.main.TestCaseMain.startTestSuite(TestCaseMain.java:157)
	at com.kms.katalon.core.main.TestCaseMain$startTestSuite$0.call(Unknown Source)
	at TempTestSuite1579416243115.run(TempTestSuite1579416243115.groovy:36)
Caused by: com.kms.katalon.core.exception.StepFailedException: Unable to click on object 'Object Repository/obj_reservation/4_/button_Return To Reservation_2'
	... 21 more
Caused by: com.kms.katalon.core.webui.exception.WebElementNotFoundException: Web element with id: 'Object Repository/obj_reservation/4_/button_Return To Reservation_2' located by 'By.xpath: (//button[@type='button'])[18]' not found
	at com.kms.katalon.core.webui.common.WebUiCommonHelper.findWebElement(WebUiCommonHelper.java:1113)
	at com.kms.katalon.core.webui.keyword.internal.WebUIAbstractKeyword.findWebElement(WebUIAbstractKeyword.groovy:27)
	at com.kms.katalon.core.webui.keyword.internal.WebUIAbstractKeyword.findWebElement(WebUIAbstractKeyword.groovy:26)
	at com.kms.katalon.core.webui.keyword.builtin.ClickKeyword$_click_closure1.doCall(ClickKeyword.groovy:68)
	at com.kms.katalon.core.webui.keyword.builtin.ClickKeyword$_click_closure1.call(ClickKeyword.groovy)
	at com.kms.katalon.core.webui.keyword.internal.WebUIKeywordMain.runKeyword(WebUIKeywordMain.groovy:20)
	... 19 more


2020-01-19 00:44:05 - [TEST_STEP][PASSED] - flagBoar = "0": null

2020-01-19 00:44:05 - [TEST_STEP][PASSED] - log = new com.kms.katalon.core.logging.KeywordLogger(): null

2020-01-19 00:44:05 - [TEST_STEP][PASSED] - fisNewRes = new java.io.FileInputStream(/home/leonardo-arkusmty/Desktop/P4P/DATA_AUTOMATINTESTING/data_1newReservationBoarding.xlsx): null

2020-01-19 00:44:05 - [TEST_STEP][PASSED] - fisInv = new java.io.FileInputStream(/home/leonardo-arkusmty/Desktop/P4P/DATA_AUTOMATINTESTING/data_3Invoices.xlsx): null

2020-01-19 00:44:05 - [TEST_STEP][PASSED] - workbookNewRes = new org.apache.poi.xssf.usermodel.XSSFWorkbook(fisNewRes): null

2020-01-19 00:44:05 - [TEST_STEP][PASSED] - workbookInv = new org.apache.poi.xssf.usermodel.XSSFWorkbook(fisInv): null

2020-01-19 00:44:05 - [TEST_STEP][PASSED] - sheetNewRes = workbookNewRes.getSheet("Sheet1"): null

2020-01-19 00:44:05 - [TEST_STEP][PASSED] - sheetInv = workbookInv.getSheet("Sheet1"): null

2020-01-19 00:44:05 - [TEST_STEP][PASSED] - rowCount = var_row: null

2020-01-19 00:44:05 - [TEST_STEP][PASSED] - var = Integer.parseInt(var_idRowRes): null

2020-01-19 00:44:05 - [TEST_STEP][PASSED] - rowNewRes = sheetNewRes.getRow(var): null

2020-01-19 00:44:05 - [TEST_STEP][PASSED] - rowInv = sheetInv.getRow(var): null

2020-01-19 00:44:05 - [TEST_STEP][PASSED] - today = new java.util.Date(): null

2020-01-19 00:44:05 - [TEST_STEP][PASSED] - todaysDate1 = today.format("yyyy"): null

2020-01-19 00:44:05 - [TEST_STEP][PASSED] - todaysDate2 = today.format("mm"): null

2020-01-19 00:44:05 - [TEST_STEP][PASSED] - todaysDate3 = today.format("dd"): null

2020-01-19 00:44:05 - [TEST_STEP][PASSED] - todaysDate4 = today.format("mmm/dd/yyyy"): null

2020-01-19 00:44:05 - [TEST_STEP][PASSED] - todaysDate5 = today.format("dd/mm/yyyy"): null

2020-01-19 00:44:05 - [TEST_STEP][PASSED] - nowTime = today.format("hhmm"): null

2020-01-19 00:44:05 - [TEST_STEP][PASSED] - dateCI = var_checkinD.split(","): null

2020-01-19 00:44:05 - [TEST_STEP][PASSED] - dateCO = var_checkoutD.split(","): null

2020-01-19 00:44:05 - [TEST_STEP][PASSED] - arryPets = var_pets.split(","): null

2020-01-19 00:44:05 - [TEST_STEP][PASSED] - openBrowser("https://p4p-qa-bg.aws.paradise4paws.com/login/"): Browser is opened with url: 'https://p4p-qa-bg.aws.paradise4paws.com/login/'

2020-01-19 00:44:06 - [MESSAGE][INFO] - Starting 'Chrome' driver

2020-01-19 00:44:06 - [MESSAGE][INFO] - Action delay is set to 0 seconds

2020-01-19 00:44:08 - [MESSAGE][PASSED] - Browser is opened with url: 'https://p4p-qa-bg.aws.paradise4paws.com/login/'

2020-01-19 00:44:08 - [TEST_STEP][PASSED] - maximizeWindow(): Current window maximized

2020-01-19 00:44:08 - [MESSAGE][PASSED] - Current window maximized

2020-01-19 00:44:08 - [TEST_STEP][PASSED] - setText(findTestObject("obj_login/input_user"), var_user): Text 'jegchavez@gmail.com' is set on object 'Object Repository/obj_login/input_user'

2020-01-19 00:44:09 - [MESSAGE][PASSED] - Text 'jegchavez@gmail.com' is set on object 'Object Repository/obj_login/input_user'

2020-01-19 00:44:09 - [TEST_STEP][PASSED] - setText(findTestObject("obj_login/input_pass"), var_pass): Text 'admin1' is set on object 'Object Repository/obj_login/input_pass'

2020-01-19 00:44:10 - [MESSAGE][PASSED] - Text 'admin1' is set on object 'Object Repository/obj_login/input_pass'

2020-01-19 00:44:10 - [TEST_STEP][PASSED] - verifyElementClickable(findTestObject("obj_login/btn_login")): Object 'Object Repository/obj_login/btn_login' is clickable

2020-01-19 00:44:10 - [MESSAGE][PASSED] - Object 'Object Repository/obj_login/btn_login' is clickable

2020-01-19 00:44:10 - [TEST_STEP][PASSED] - click(findTestObject("obj_login/btn_login")): Object: 'Object Repository/obj_login/btn_login' is clicked on

2020-01-19 00:44:11 - [MESSAGE][PASSED] - Object: 'Object Repository/obj_login/btn_login' is clicked on

2020-01-19 00:44:11 - [TEST_STEP][PASSED] - setText(findTestObject("obj_dashboard_emp/input_search"), var_searchParent): Text 'katalon 1' is set on object 'Object Repository/obj_dashboard_emp/input_search'

2020-01-19 00:44:12 - [MESSAGE][PASSED] - Text 'katalon 1' is set on object 'Object Repository/obj_dashboard_emp/input_search'

2020-01-19 00:44:12 - [TEST_STEP][PASSED] - click(findTestObject("obj_dashboard_emp/btn_accountSearch")): Object: 'Object Repository/obj_dashboard_emp/btn_accountSearch' is clicked on

2020-01-19 00:44:13 - [MESSAGE][PASSED] - Object: 'Object Repository/obj_dashboard_emp/btn_accountSearch' is clicked on

2020-01-19 00:44:13 - [TEST_STEP][PASSED] - click(findTestObject("obj_accountInformation/a_TEST GABRIEL PROD")): Object: 'Object Repository/obj_accountInformation/a_TEST GABRIEL PROD' is clicked on

2020-01-19 00:44:14 - [MESSAGE][PASSED] - Object: 'Object Repository/obj_accountInformation/a_TEST GABRIEL PROD' is clicked on

2020-01-19 00:44:14 - [TEST_STEP][PASSED] - click(findTestObject("obj_profile/a_addReservation")): Object: 'Object Repository/obj_profile/a_addReservation' is clicked on

2020-01-19 00:44:18 - [MESSAGE][PASSED] - Object: 'Object Repository/obj_profile/a_addReservation' is clicked on

2020-01-19 00:44:18 - [TEST_STEP][PASSED] - click(findTestObject("obj_reservation/4_/btn_Boarding")): Object: 'Object Repository/obj_reservation/4_/btn_Boarding' is clicked on

2020-01-19 00:44:19 - [MESSAGE][PASSED] - Object: 'Object Repository/obj_reservation/4_/btn_Boarding' is clicked on

2020-01-19 00:44:19 - [TEST_STEP][PASSED] - flagBoar = "1": null

2020-01-19 00:44:19 - [TEST_STEP][PASSED] - click(findTestObject("obj_reservation/4_/i_location")): Object: 'Object Repository/obj_reservation/4_/i_location' is clicked on

2020-01-19 00:44:22 - [MESSAGE][PASSED] - Object: 'Object Repository/obj_reservation/4_/i_location' is clicked on

2020-01-19 00:44:22 - [TEST_STEP][PASSED] - click(findTestObject("obj_reservation/2_facility/i_" + var_idFacility + "_facility")): Object: 'Object Repository/obj_reservation/2_facility/i_3_facility' is clicked on

2020-01-19 00:44:22 - [MESSAGE][PASSED] - Object: 'Object Repository/obj_reservation/2_facility/i_3_facility' is clicked on

2020-01-19 00:44:22 - [TEST_STEP][PASSED] - click(findTestObject("obj_reservation/4_/dateCheckIn")): Object: 'Object Repository/obj_reservation/4_/dateCheckIn' is clicked on

2020-01-19 00:44:25 - [MESSAGE][PASSED] - Object: 'Object Repository/obj_reservation/4_/dateCheckIn' is clicked on

2020-01-19 00:44:25 - [TEST_STEP][PASSED] - click(findTestObject("obj_reservation/3_date2020/0120/CI/button_" + dateCI[0] + "01_ci")): Object: 'Object Repository/obj_reservation/3_date2020/0120/CI/button_2701_ci' is clicked on

2020-01-19 00:44:26 - [MESSAGE][PASSED] - Object: 'Object Repository/obj_reservation/3_date2020/0120/CI/button_2701_ci' is clicked on

2020-01-19 00:44:26 - [TEST_STEP][PASSED] - if (flagBoar == "1"): Object: 'Object Repository/obj_reservation/3_date2020/0120/CO/button_2801_co' is clicked on

2020-01-19 00:44:26 - [TEST_STEP][PASSED] - click(findTestObject("obj_reservation/4_/dateCheckOut")): Object: 'Object Repository/obj_reservation/4_/dateCheckOut' is clicked on

2020-01-19 00:44:27 - [MESSAGE][PASSED] - Object: 'Object Repository/obj_reservation/4_/dateCheckOut' is clicked on

2020-01-19 00:44:27 - [TEST_STEP][PASSED] - click(findTestObject("obj_reservation/3_date2020/0120/CO/button_" + dateCO[0] + "01_co")): Object: 'Object Repository/obj_reservation/3_date2020/0120/CO/button_2801_co' is clicked on

2020-01-19 00:44:28 - [MESSAGE][PASSED] - Object: 'Object Repository/obj_reservation/3_date2020/0120/CO/button_2801_co' is clicked on

2020-01-19 00:44:28 - [TEST_STEP][PASSED] - if (var_checkinT.size() == 1): null

2020-01-19 00:44:28 - [TEST_STEP][PASSED] - if (var_checkinT.size() == 2): null

2020-01-19 00:44:28 - [TEST_STEP][PASSED] - if (var_checkinT.size() == 3): null

2020-01-19 00:44:28 - [TEST_STEP][PASSED] - var_checkinT = "0" + var_checkinT: null

2020-01-19 00:44:28 - [TEST_STEP][PASSED] - click(findTestObject("obj_reservation/4_/timeCheckin")): Object: 'Object Repository/obj_reservation/4_/timeCheckin' is clicked on

2020-01-19 00:44:28 - [MESSAGE][PASSED] - Object: 'Object Repository/obj_reservation/4_/timeCheckin' is clicked on

2020-01-19 00:44:28 - [TEST_STEP][PASSED] - click(findTestObject("obj_reservation/0_horas/CI/time_" + var_checkinT + "_ci")): Object: 'Object Repository/obj_reservation/0_horas/CI/time_0800_ci' is clicked on

2020-01-19 00:44:29 - [MESSAGE][PASSED] - Object: 'Object Repository/obj_reservation/0_horas/CI/time_0800_ci' is clicked on

2020-01-19 00:44:29 - [TEST_STEP][PASSED] - click(findTestObject("obj_reservation/4_/timeCheckOut")): Object: 'Object Repository/obj_reservation/4_/timeCheckOut' is clicked on

2020-01-19 00:44:30 - [MESSAGE][PASSED] - Object: 'Object Repository/obj_reservation/4_/timeCheckOut' is clicked on

2020-01-19 00:44:30 - [TEST_STEP][PASSED] - click(findTestObject("obj_reservation/0_horas/CO/time_" + var_checkoutT + "_co")): Object: 'Object Repository/obj_reservation/0_horas/CO/time_1130_co' is clicked on

2020-01-19 00:44:31 - [MESSAGE][PASSED] - Object: 'Object Repository/obj_reservation/0_horas/CO/time_1130_co' is clicked on

2020-01-19 00:44:31 - [TEST_STEP][PASSED] - if (arryPets.size() == 1): Object: 'Object Repository/obj_reservation/P4P_5/div_Ares' is clicked on

2020-01-19 00:44:31 - [TEST_STEP][PASSED] - click(findTestObject("obj_reservation/P4P_5/div_Ares")): Object: 'Object Repository/obj_reservation/P4P_5/div_Ares' is clicked on

2020-01-19 00:44:32 - [MESSAGE][PASSED] - Object: 'Object Repository/obj_reservation/P4P_5/div_Ares' is clicked on

2020-01-19 00:44:32 - [TEST_STEP][PASSED] - varHoliday = 0: null

2020-01-19 00:44:32 - [TEST_STEP][PASSED] - try: Object: 'Object Repository/obj_reservation/4_/div_suite_rad_deluxe' is clicked on

2020-01-19 00:44:32 - [TEST_STEP][PASSED] - click(findTestObject("obj_reservation/4_/div_suite_rad_deluxe")): Object: 'Object Repository/obj_reservation/4_/div_suite_rad_deluxe' is clicked on

2020-01-19 00:44:37 - [MESSAGE][PASSED] - Object: 'Object Repository/obj_reservation/4_/div_suite_rad_deluxe' is clicked on

2020-01-19 00:44:37 - [TEST_STEP][PASSED] - click(findTestObject("obj_reservation/4_/btn_next2")): Object: 'Object Repository/obj_reservation/4_/btn_next2' is clicked on

2020-01-19 00:44:38 - [MESSAGE][PASSED] - Object: 'Object Repository/obj_reservation/4_/btn_next2' is clicked on

2020-01-19 00:44:38 - [TEST_STEP][PASSED] - click(findTestObject("obj_reservation/4_/btn_next2")): Object: 'Object Repository/obj_reservation/4_/btn_next2' is clicked on

2020-01-19 00:44:40 - [MESSAGE][PASSED] - Object: 'Object Repository/obj_reservation/4_/btn_next2' is clicked on

2020-01-19 00:44:40 - [TEST_STEP][PASSED] - click(findTestObject("obj_reservation/4_/button_Submit Reservation")): Object: 'Object Repository/obj_reservation/4_/button_Submit Reservation' is clicked on

2020-01-19 00:44:43 - [MESSAGE][PASSED] - Object: 'Object Repository/obj_reservation/4_/button_Submit Reservation' is clicked on

2020-01-19 00:44:43 - [TEST_STEP][PASSED] - if (flagBoar == "2" && var_repeatingEvery == "Daily" || var_repeatingEvery == "Monthly" || var_repeatingEvery == "Weekly"): null

2020-01-19 00:44:43 - [TEST_STEP][FAILED] - else: null

2020-01-19 00:44:43 - [TEST_STEP][FAILED] - try: Unable to click on object 'Object Repository/obj_reservation/4_/button_Return To Reservation_2' (Root cause: com.kms.katalon.core.exception.StepFailedException: Unable to click on object 'Object Repository/obj_reservation/4_/button_Return To Reservation_2'
	at com.kms.katalon.core.webui.keyword.internal.WebUIKeywordMain.stepFailed(WebUIKeywordMain.groovy:64)
	at com.kms.katalon.core.webui.keyword.internal.WebUIKeywordMain.runKeyword(WebUIKeywordMain.groovy:26)
	at com.kms.katalon.core.webui.keyword.builtin.ClickKeyword.click(ClickKeyword.groovy:99)
	at com.kms.katalon.core.webui.keyword.builtin.ClickKeyword.execute(ClickKeyword.groovy:43)
	at com.kms.katalon.core.keyword.internal.KeywordExecutor.executeKeywordForPlatform(KeywordExecutor.groovy:60)
	at com.kms.katalon.core.webui.keyword.WebUiBuiltInKeywords.click(WebUiBuiltInKeywords.groovy:604)
	at com.kms.katalon.core.webui.keyword.WebUiBuiltInKeywords$click$4.call(Unknown Source)
	at p4p_1_newReservationBoarding.run(p4p_1_newReservationBoarding:165)
	at com.kms.katalon.core.main.ScriptEngine.run(ScriptEngine.java:194)
	at com.kms.katalon.core.main.ScriptEngine.runScriptAsRawText(ScriptEngine.java:119)
	at com.kms.katalon.core.main.TestCaseExecutor.runScript(TestCaseExecutor.java:337)
	at com.kms.katalon.core.main.TestCaseExecutor.doExecute(TestCaseExecutor.java:328)
	at com.kms.katalon.core.main.TestCaseExecutor.processExecutionPhase(TestCaseExecutor.java:307)
	at com.kms.katalon.core.main.TestCaseExecutor.accessMainPhase(TestCaseExecutor.java:299)
	at com.kms.katalon.core.main.TestCaseExecutor.execute(TestCaseExecutor.java:233)
	at com.kms.katalon.core.main.TestSuiteExecutor.accessTestCaseMainPhase(TestSuiteExecutor.java:169)
	at com.kms.katalon.core.main.TestSuiteExecutor.accessTestSuiteMainPhase(TestSuiteExecutor.java:142)
	at com.kms.katalon.core.main.TestSuiteExecutor.execute(TestSuiteExecutor.java:91)
	at com.kms.katalon.core.main.TestCaseMain.startTestSuite(TestCaseMain.java:157)
	at com.kms.katalon.core.main.TestCaseMain$startTestSuite$0.call(Unknown Source)
	at TempTestSuite1579416243115.run(TempTestSuite1579416243115.groovy:36)
Caused by: com.kms.katalon.core.webui.exception.WebElementNotFoundException: Web element with id: 'Object Repository/obj_reservation/4_/button_Return To Reservation_2' located by 'By.xpath: (//button[@type='button'])[18]' not found
	at com.kms.katalon.core.webui.common.WebUiCommonHelper.findWebElement(WebUiCommonHelper.java:1113)
	at com.kms.katalon.core.webui.keyword.internal.WebUIAbstractKeyword.findWebElement(WebUIAbstractKeyword.groovy:27)
	at com.kms.katalon.core.webui.keyword.internal.WebUIAbstractKeyword.findWebElement(WebUIAbstractKeyword.groovy:26)
	at com.kms.katalon.core.webui.keyword.builtin.ClickKeyword$_click_closure1.doCall(ClickKeyword.groovy:68)
	at com.kms.katalon.core.webui.keyword.builtin.ClickKeyword$_click_closure1.call(ClickKeyword.groovy)
	at com.kms.katalon.core.webui.keyword.internal.WebUIKeywordMain.runKeyword(WebUIKeywordMain.groovy:20)
	at com.kms.katalon.core.webui.keyword.builtin.ClickKeyword.click(ClickKeyword.groovy:99)
	at com.kms.katalon.core.webui.keyword.builtin.ClickKeyword.execute(ClickKeyword.groovy:43)
	at com.kms.katalon.core.keyword.internal.KeywordExecutor.executeKeywordForPlatform(KeywordExecutor.groovy:60)
	at com.kms.katalon.core.webui.keyword.WebUiBuiltInKeywords.click(WebUiBuiltInKeywords.groovy:604)
	at com.kms.katalon.core.webui.keyword.WebUiBuiltInKeywords$click$4.call(Unknown Source)
	at Script1579191965857.run(Script1579191965857.groovy:165)
	... 13 more
)

2020-01-19 00:44:43 - [TEST_STEP][FAILED] - click(findTestObject("obj_reservation/4_/button_Return To Reservation_2"), CONTINUE_ON_FAILURE): Unable to click on object 'Object Repository/obj_reservation/4_/button_Return To Reservation_2' (Root cause: com.kms.katalon.core.exception.StepFailedException: Unable to click on object 'Object Repository/obj_reservation/4_/button_Return To Reservation_2'
	at com.kms.katalon.core.webui.keyword.internal.WebUIKeywordMain.stepFailed(WebUIKeywordMain.groovy:64)
	at com.kms.katalon.core.webui.keyword.internal.WebUIKeywordMain.runKeyword(WebUIKeywordMain.groovy:26)
	at com.kms.katalon.core.webui.keyword.builtin.ClickKeyword.click(ClickKeyword.groovy:99)
	at com.kms.katalon.core.webui.keyword.builtin.ClickKeyword.execute(ClickKeyword.groovy:43)
	at com.kms.katalon.core.keyword.internal.KeywordExecutor.executeKeywordForPlatform(KeywordExecutor.groovy:60)
	at com.kms.katalon.core.webui.keyword.WebUiBuiltInKeywords.click(WebUiBuiltInKeywords.groovy:604)
	at com.kms.katalon.core.webui.keyword.WebUiBuiltInKeywords$click$4.call(Unknown Source)
	at p4p_1_newReservationBoarding.run(p4p_1_newReservationBoarding:165)
	at com.kms.katalon.core.main.ScriptEngine.run(ScriptEngine.java:194)
	at com.kms.katalon.core.main.ScriptEngine.runScriptAsRawText(ScriptEngine.java:119)
	at com.kms.katalon.core.main.TestCaseExecutor.runScript(TestCaseExecutor.java:337)
	at com.kms.katalon.core.main.TestCaseExecutor.doExecute(TestCaseExecutor.java:328)
	at com.kms.katalon.core.main.TestCaseExecutor.processExecutionPhase(TestCaseExecutor.java:307)
	at com.kms.katalon.core.main.TestCaseExecutor.accessMainPhase(TestCaseExecutor.java:299)
	at com.kms.katalon.core.main.TestCaseExecutor.execute(TestCaseExecutor.java:233)
	at com.kms.katalon.core.main.TestSuiteExecutor.accessTestCaseMainPhase(TestSuiteExecutor.java:169)
	at com.kms.katalon.core.main.TestSuiteExecutor.accessTestSuiteMainPhase(TestSuiteExecutor.java:142)
	at com.kms.katalon.core.main.TestSuiteExecutor.execute(TestSuiteExecutor.java:91)
	at com.kms.katalon.core.main.TestCaseMain.startTestSuite(TestCaseMain.java:157)
	at com.kms.katalon.core.main.TestCaseMain$startTestSuite$0.call(Unknown Source)
	at TempTestSuite1579416243115.run(TempTestSuite1579416243115.groovy:36)
Caused by: com.kms.katalon.core.webui.exception.WebElementNotFoundException: Web element with id: 'Object Repository/obj_reservation/4_/button_Return To Reservation_2' located by 'By.xpath: (//button[@type='button'])[18]' not found
	at com.kms.katalon.core.webui.common.WebUiCommonHelper.findWebElement(WebUiCommonHelper.java:1113)
	at com.kms.katalon.core.webui.keyword.internal.WebUIAbstractKeyword.findWebElement(WebUIAbstractKeyword.groovy:27)
	at com.kms.katalon.core.webui.keyword.internal.WebUIAbstractKeyword.findWebElement(WebUIAbstractKeyword.groovy:26)
	at com.kms.katalon.core.webui.keyword.builtin.ClickKeyword$_click_closure1.doCall(ClickKeyword.groovy:68)
	at com.kms.katalon.core.webui.keyword.builtin.ClickKeyword$_click_closure1.call(ClickKeyword.groovy)
	at com.kms.katalon.core.webui.keyword.internal.WebUIKeywordMain.runKeyword(WebUIKeywordMain.groovy:20)
	at com.kms.katalon.core.webui.keyword.builtin.ClickKeyword.click(ClickKeyword.groovy:99)
	at com.kms.katalon.core.webui.keyword.builtin.ClickKeyword.execute(ClickKeyword.groovy:43)
	at com.kms.katalon.core.keyword.internal.KeywordExecutor.executeKeywordForPlatform(KeywordExecutor.groovy:60)
	at com.kms.katalon.core.webui.keyword.WebUiBuiltInKeywords.click(WebUiBuiltInKeywords.groovy:604)
	at com.kms.katalon.core.webui.keyword.WebUiBuiltInKeywords$click$4.call(Unknown Source)
	at Script1579191965857.run(Script1579191965857.groovy:165)
	... 13 more
)

2020-01-19 00:45:28 - [MESSAGE][INFO] - Unable to find the element located by 'By.xpath: (//button[@type='button'])[18]'. Please recheck the objects properties to make sure the desired element is located. 

2020-01-19 00:45:28 - [MESSAGE][FAILED] - Unable to click on object 'Object Repository/obj_reservation/4_/button_Return To Reservation_2' (Root cause: com.kms.katalon.core.exception.StepFailedException: Unable to click on object 'Object Repository/obj_reservation/4_/button_Return To Reservation_2'
	at com.kms.katalon.core.webui.keyword.internal.WebUIKeywordMain.stepFailed(WebUIKeywordMain.groovy:64)
	at com.kms.katalon.core.webui.keyword.internal.WebUIKeywordMain.runKeyword(WebUIKeywordMain.groovy:26)
	at com.kms.katalon.core.webui.keyword.builtin.ClickKeyword.click(ClickKeyword.groovy:99)
	at com.kms.katalon.core.webui.keyword.builtin.ClickKeyword.execute(ClickKeyword.groovy:43)
	at com.kms.katalon.core.keyword.internal.KeywordExecutor.executeKeywordForPlatform(KeywordExecutor.groovy:60)
	at com.kms.katalon.core.webui.keyword.WebUiBuiltInKeywords.click(WebUiBuiltInKeywords.groovy:604)
	at com.kms.katalon.core.webui.keyword.WebUiBuiltInKeywords$click$4.call(Unknown Source)
	at p4p_1_newReservationBoarding.run(p4p_1_newReservationBoarding:165)
	at com.kms.katalon.core.main.ScriptEngine.run(ScriptEngine.java:194)
	at com.kms.katalon.core.main.ScriptEngine.runScriptAsRawText(ScriptEngine.java:119)
	at com.kms.katalon.core.main.TestCaseExecutor.runScript(TestCaseExecutor.java:337)
	at com.kms.katalon.core.main.TestCaseExecutor.doExecute(TestCaseExecutor.java:328)
	at com.kms.katalon.core.main.TestCaseExecutor.processExecutionPhase(TestCaseExecutor.java:307)
	at com.kms.katalon.core.main.TestCaseExecutor.accessMainPhase(TestCaseExecutor.java:299)
	at com.kms.katalon.core.main.TestCaseExecutor.execute(TestCaseExecutor.java:233)
	at com.kms.katalon.core.main.TestSuiteExecutor.accessTestCaseMainPhase(TestSuiteExecutor.java:169)
	at com.kms.katalon.core.main.TestSuiteExecutor.accessTestSuiteMainPhase(TestSuiteExecutor.java:142)
	at com.kms.katalon.core.main.TestSuiteExecutor.execute(TestSuiteExecutor.java:91)
	at com.kms.katalon.core.main.TestCaseMain.startTestSuite(TestCaseMain.java:157)
	at com.kms.katalon.core.main.TestCaseMain$startTestSuite$0.call(Unknown Source)
	at TempTestSuite1579416243115.run(TempTestSuite1579416243115.groovy:36)
Caused by: com.kms.katalon.core.webui.exception.WebElementNotFoundException: Web element with id: 'Object Repository/obj_reservation/4_/button_Return To Reservation_2' located by 'By.xpath: (//button[@type='button'])[18]' not found
	at com.kms.katalon.core.webui.common.WebUiCommonHelper.findWebElement(WebUiCommonHelper.java:1113)
	at com.kms.katalon.core.webui.keyword.internal.WebUIAbstractKeyword.findWebElement(WebUIAbstractKeyword.groovy:27)
	at com.kms.katalon.core.webui.keyword.internal.WebUIAbstractKeyword.findWebElement(WebUIAbstractKeyword.groovy:26)
	at com.kms.katalon.core.webui.keyword.builtin.ClickKeyword$_click_closure1.doCall(ClickKeyword.groovy:68)
	at com.kms.katalon.core.webui.keyword.builtin.ClickKeyword$_click_closure1.call(ClickKeyword.groovy)
	at com.kms.katalon.core.webui.keyword.internal.WebUIKeywordMain.runKeyword(WebUIKeywordMain.groovy:20)
	at com.kms.katalon.core.webui.keyword.builtin.ClickKeyword.click(ClickKeyword.groovy:99)
	at com.kms.katalon.core.webui.keyword.builtin.ClickKeyword.execute(ClickKeyword.groovy:43)
	at com.kms.katalon.core.keyword.internal.KeywordExecutor.executeKeywordForPlatform(KeywordExecutor.groovy:60)
	at com.kms.katalon.core.webui.keyword.WebUiBuiltInKeywords.click(WebUiBuiltInKeywords.groovy:604)
	at com.kms.katalon.core.webui.keyword.WebUiBuiltInKeywords$click$4.call(Unknown Source)
	at Script1579191965857.run(Script1579191965857.groovy:165)
	... 13 more
)
[[ATTACHMENT|/home/leonardo-arkusmty/Documents/workspaceKatalon/p4ptest/Reports/20200119_004403/ts_1_newReservationBoarding/20200119_004403/1579416328115.png]]

2020-01-19 00:45:28 - [TEST_STEP][PASSED] - click(findTestObject("obj_reservation/P4P_2/button_Go to CheckOut")): Object: 'Object Repository/obj_reservation/P4P_2/button_Go to CheckOut' is clicked on

2020-01-19 00:46:00 - [MESSAGE][PASSED] - Object: 'Object Repository/obj_reservation/P4P_2/button_Go to CheckOut' is clicked on

2020-01-19 00:46:00 - [TEST_STEP][PASSED] - var_url = getUrl(): Current window's url is: 'https://p4p-qa-bg.aws.paradise4paws.com/reservations/add/?parent_id=122352'

2020-01-19 00:46:00 - [MESSAGE][PASSED] - Current window's url is: 'https://p4p-qa-bg.aws.paradise4paws.com/reservations/add/?parent_id=122352'

2020-01-19 00:46:00 - [TEST_STEP][PASSED] - arrayUrl = var_url.split("/"): null

2020-01-19 00:46:00 - [TEST_STEP][FAILED] - verifyElementText(findTestObject("obj_reservation/P4P_2/span_( BK )"), "( BK )", STOP_ON_FAILURE): Verify element text of test object 'Object Repository/obj_reservation/P4P_2/span_( BK )' FAILED. (Root cause: com.kms.katalon.core.exception.StepFailedException: Verify element text of test object 'Object Repository/obj_reservation/P4P_2/span_( BK )' FAILED.
	at com.kms.katalon.core.webui.keyword.internal.WebUIKeywordMain.stepFailed(WebUIKeywordMain.groovy:64)
	at com.kms.katalon.core.webui.keyword.internal.WebUIKeywordMain.runKeyword(WebUIKeywordMain.groovy:26)
	at com.kms.katalon.core.webui.keyword.builtin.VerifyElementTextKeyword.verifyElementText(VerifyElementTextKeyword.groovy:72)
	at com.kms.katalon.core.webui.keyword.builtin.VerifyElementTextKeyword.execute(VerifyElementTextKeyword.groovy:40)
	at com.kms.katalon.core.keyword.internal.KeywordExecutor.executeKeywordForPlatform(KeywordExecutor.groovy:60)
	at com.kms.katalon.core.webui.keyword.WebUiBuiltInKeywords.verifyElementText(WebUiBuiltInKeywords.groovy:3647)
	at com.kms.katalon.core.webui.keyword.WebUiBuiltInKeywords$verifyElementText$6.call(Unknown Source)
	at p4p_1_newReservationBoarding.run(p4p_1_newReservationBoarding:197)
	at com.kms.katalon.core.main.ScriptEngine.run(ScriptEngine.java:194)
	at com.kms.katalon.core.main.ScriptEngine.runScriptAsRawText(ScriptEngine.java:119)
	at com.kms.katalon.core.main.TestCaseExecutor.runScript(TestCaseExecutor.java:337)
	at com.kms.katalon.core.main.TestCaseExecutor.doExecute(TestCaseExecutor.java:328)
	at com.kms.katalon.core.main.TestCaseExecutor.processExecutionPhase(TestCaseExecutor.java:307)
	at com.kms.katalon.core.main.TestCaseExecutor.accessMainPhase(TestCaseExecutor.java:299)
	at com.kms.katalon.core.main.TestCaseExecutor.execute(TestCaseExecutor.java:233)
	at com.kms.katalon.core.main.TestSuiteExecutor.accessTestCaseMainPhase(TestSuiteExecutor.java:169)
	at com.kms.katalon.core.main.TestSuiteExecutor.accessTestSuiteMainPhase(TestSuiteExecutor.java:142)
	at com.kms.katalon.core.main.TestSuiteExecutor.execute(TestSuiteExecutor.java:91)
	at com.kms.katalon.core.main.TestCaseMain.startTestSuite(TestCaseMain.java:157)
	at com.kms.katalon.core.main.TestCaseMain$startTestSuite$0.call(Unknown Source)
	at TempTestSuite1579416243115.run(TempTestSuite1579416243115.groovy:36)
Caused by: com.kms.katalon.core.exception.StepFailedException: com.kms.katalon.core.webui.exception.WebElementNotFoundException: Web element with id: 'Object Repository/obj_reservation/P4P_2/span_( BK )' located by 'By.xpath: //div[@id='wrapper']/div/div/div/div/div/div/ul/li[4]/a/tab-heading/span' not found
	at com.kms.katalon.core.webui.keyword.internal.WebUIKeywordMain.stepFailed(WebUIKeywordMain.groovy:64)
	at com.kms.katalon.core.webui.keyword.builtin.VerifyElementTextKeyword$_verifyElementText_closure1.doCall(VerifyElementTextKeyword.groovy:64)
	at com.kms.katalon.core.webui.keyword.builtin.VerifyElementTextKeyword$_verifyElementText_closure1.call(VerifyElementTextKeyword.groovy)
	at com.kms.katalon.core.webui.keyword.internal.WebUIKeywordMain.runKeyword(WebUIKeywordMain.groovy:20)
	... 19 more
)

2020-01-19 00:46:44 - [MESSAGE][INFO] - Unable to find the element located by 'By.xpath: //div[@id='wrapper']/div/div/div/div/div/div/ul/li[4]/a/tab-heading/span'. Please recheck the objects properties to make sure the desired element is located. 

2020-01-19 00:46:45 - [MESSAGE][FAILED] - com.kms.katalon.core.webui.exception.WebElementNotFoundException: Web element with id: 'Object Repository/obj_reservation/P4P_2/span_( BK )' located by 'By.xpath: //div[@id='wrapper']/div/div/div/div/div/div/ul/li[4]/a/tab-heading/span' not found (Root cause: com.kms.katalon.core.exception.StepFailedException: com.kms.katalon.core.webui.exception.WebElementNotFoundException: Web element with id: 'Object Repository/obj_reservation/P4P_2/span_( BK )' located by 'By.xpath: //div[@id='wrapper']/div/div/div/div/div/div/ul/li[4]/a/tab-heading/span' not found
	at com.kms.katalon.core.webui.keyword.internal.WebUIKeywordMain.stepFailed(WebUIKeywordMain.groovy:64)
	at com.kms.katalon.core.webui.keyword.builtin.VerifyElementTextKeyword$_verifyElementText_closure1.doCall(VerifyElementTextKeyword.groovy:64)
	at com.kms.katalon.core.webui.keyword.builtin.VerifyElementTextKeyword$_verifyElementText_closure1.call(VerifyElementTextKeyword.groovy)
	at com.kms.katalon.core.webui.keyword.internal.WebUIKeywordMain.runKeyword(WebUIKeywordMain.groovy:20)
	at com.kms.katalon.core.webui.keyword.builtin.VerifyElementTextKeyword.verifyElementText(VerifyElementTextKeyword.groovy:72)
	at com.kms.katalon.core.webui.keyword.builtin.VerifyElementTextKeyword.execute(VerifyElementTextKeyword.groovy:40)
	at com.kms.katalon.core.keyword.internal.KeywordExecutor.executeKeywordForPlatform(KeywordExecutor.groovy:60)
	at com.kms.katalon.core.webui.keyword.WebUiBuiltInKeywords.verifyElementText(WebUiBuiltInKeywords.groovy:3647)
	at com.kms.katalon.core.webui.keyword.WebUiBuiltInKeywords$verifyElementText$6.call(Unknown Source)
	at p4p_1_newReservationBoarding.run(p4p_1_newReservationBoarding:197)
	at com.kms.katalon.core.main.ScriptEngine.run(ScriptEngine.java:194)
	at com.kms.katalon.core.main.ScriptEngine.runScriptAsRawText(ScriptEngine.java:119)
	at com.kms.katalon.core.main.TestCaseExecutor.runScript(TestCaseExecutor.java:337)
	at com.kms.katalon.core.main.TestCaseExecutor.doExecute(TestCaseExecutor.java:328)
	at com.kms.katalon.core.main.TestCaseExecutor.processExecutionPhase(TestCaseExecutor.java:307)
	at com.kms.katalon.core.main.TestCaseExecutor.accessMainPhase(TestCaseExecutor.java:299)
	at com.kms.katalon.core.main.TestCaseExecutor.execute(TestCaseExecutor.java:233)
	at com.kms.katalon.core.main.TestSuiteExecutor.accessTestCaseMainPhase(TestSuiteExecutor.java:169)
	at com.kms.katalon.core.main.TestSuiteExecutor.accessTestSuiteMainPhase(TestSuiteExecutor.java:142)
	at com.kms.katalon.core.main.TestSuiteExecutor.execute(TestSuiteExecutor.java:91)
	at com.kms.katalon.core.main.TestCaseMain.startTestSuite(TestCaseMain.java:157)
	at com.kms.katalon.core.main.TestCaseMain$startTestSuite$0.call(Unknown Source)
	at TempTestSuite1579416243115.run(TempTestSuite1579416243115.groovy:36)
)
[[ATTACHMENT|/home/leonardo-arkusmty/Documents/workspaceKatalon/p4ptest/Reports/20200119_004403/ts_1_newReservationBoarding/20200119_004403/1579416404863.png]]

2020-01-19 00:46:45 - [MESSAGE][FAILED] - Verify element text of test object 'Object Repository/obj_reservation/P4P_2/span_( BK )' FAILED. (Root cause: com.kms.katalon.core.exception.StepFailedException: Verify element text of test object 'Object Repository/obj_reservation/P4P_2/span_( BK )' FAILED.
	at com.kms.katalon.core.webui.keyword.internal.WebUIKeywordMain.stepFailed(WebUIKeywordMain.groovy:64)
	at com.kms.katalon.core.webui.keyword.internal.WebUIKeywordMain.runKeyword(WebUIKeywordMain.groovy:26)
	at com.kms.katalon.core.webui.keyword.builtin.VerifyElementTextKeyword.verifyElementText(VerifyElementTextKeyword.groovy:72)
	at com.kms.katalon.core.webui.keyword.builtin.VerifyElementTextKeyword.execute(VerifyElementTextKeyword.groovy:40)
	at com.kms.katalon.core.keyword.internal.KeywordExecutor.executeKeywordForPlatform(KeywordExecutor.groovy:60)
	at com.kms.katalon.core.webui.keyword.WebUiBuiltInKeywords.verifyElementText(WebUiBuiltInKeywords.groovy:3647)
	at com.kms.katalon.core.webui.keyword.WebUiBuiltInKeywords$verifyElementText$6.call(Unknown Source)
	at p4p_1_newReservationBoarding.run(p4p_1_newReservationBoarding:197)
	at com.kms.katalon.core.main.ScriptEngine.run(ScriptEngine.java:194)
	at com.kms.katalon.core.main.ScriptEngine.runScriptAsRawText(ScriptEngine.java:119)
	at com.kms.katalon.core.main.TestCaseExecutor.runScript(TestCaseExecutor.java:337)
	at com.kms.katalon.core.main.TestCaseExecutor.doExecute(TestCaseExecutor.java:328)
	at com.kms.katalon.core.main.TestCaseExecutor.processExecutionPhase(TestCaseExecutor.java:307)
	at com.kms.katalon.core.main.TestCaseExecutor.accessMainPhase(TestCaseExecutor.java:299)
	at com.kms.katalon.core.main.TestCaseExecutor.execute(TestCaseExecutor.java:233)
	at com.kms.katalon.core.main.TestSuiteExecutor.accessTestCaseMainPhase(TestSuiteExecutor.java:169)
	at com.kms.katalon.core.main.TestSuiteExecutor.accessTestSuiteMainPhase(TestSuiteExecutor.java:142)
	at com.kms.katalon.core.main.TestSuiteExecutor.execute(TestSuiteExecutor.java:91)
	at com.kms.katalon.core.main.TestCaseMain.startTestSuite(TestCaseMain.java:157)
	at com.kms.katalon.core.main.TestCaseMain$startTestSuite$0.call(Unknown Source)
	at TempTestSuite1579416243115.run(TempTestSuite1579416243115.groovy:36)
Caused by: com.kms.katalon.core.exception.StepFailedException: com.kms.katalon.core.webui.exception.WebElementNotFoundException: Web element with id: 'Object Repository/obj_reservation/P4P_2/span_( BK )' located by 'By.xpath: //div[@id='wrapper']/div/div/div/div/div/div/ul/li[4]/a/tab-heading/span' not found
	at com.kms.katalon.core.webui.keyword.internal.WebUIKeywordMain.stepFailed(WebUIKeywordMain.groovy:64)
	at com.kms.katalon.core.webui.keyword.builtin.VerifyElementTextKeyword$_verifyElementText_closure1.doCall(VerifyElementTextKeyword.groovy:64)
	at com.kms.katalon.core.webui.keyword.builtin.VerifyElementTextKeyword$_verifyElementText_closure1.call(VerifyElementTextKeyword.groovy)
	at com.kms.katalon.core.webui.keyword.internal.WebUIKeywordMain.runKeyword(WebUIKeywordMain.groovy:20)
	... 19 more
)
[[ATTACHMENT|/home/leonardo-arkusmty/Documents/workspaceKatalon/p4ptest/Reports/20200119_004403/ts_1_newReservationBoarding/20200119_004403/1579416405085.png]]]]></system-out>
         <system-err><![CDATA[2020-01-19 00:44:04 - [TEST_CASE][FAILED] - Test Cases/p4p_1_newReservationBoarding: Test Cases/p4p_1_newReservationBoarding FAILED.
Reason:
com.kms.katalon.core.exception.StepFailedException: Unable to click on object 'Object Repository/obj_reservation/4_/button_Return To Reservation_2' (Root cause: com.kms.katalon.core.exception.StepFailedException: Unable to click on object 'Object Repository/obj_reservation/4_/button_Return To Reservation_2'
	at com.kms.katalon.core.webui.keyword.internal.WebUIKeywordMain.stepFailed(WebUIKeywordMain.groovy:64)
	at com.kms.katalon.core.webui.keyword.internal.WebUIKeywordMain.runKeyword(WebUIKeywordMain.groovy:26)
	at com.kms.katalon.core.webui.keyword.builtin.ClickKeyword.click(ClickKeyword.groovy:99)
	at com.kms.katalon.core.webui.keyword.builtin.ClickKeyword.execute(ClickKeyword.groovy:43)
	at com.kms.katalon.core.keyword.internal.KeywordExecutor.executeKeywordForPlatform(KeywordExecutor.groovy:60)
	at com.kms.katalon.core.webui.keyword.WebUiBuiltInKeywords.click(WebUiBuiltInKeywords.groovy:604)
	at com.kms.katalon.core.webui.keyword.WebUiBuiltInKeywords$click$4.call(Unknown Source)
	at p4p_1_newReservationBoarding.run(p4p_1_newReservationBoarding:165)
	at com.kms.katalon.core.main.ScriptEngine.run(ScriptEngine.java:194)
	at com.kms.katalon.core.main.ScriptEngine.runScriptAsRawText(ScriptEngine.java:119)
	at com.kms.katalon.core.main.TestCaseExecutor.runScript(TestCaseExecutor.java:337)
	at com.kms.katalon.core.main.TestCaseExecutor.doExecute(TestCaseExecutor.java:328)
	at com.kms.katalon.core.main.TestCaseExecutor.processExecutionPhase(TestCaseExecutor.java:307)
	at com.kms.katalon.core.main.TestCaseExecutor.accessMainPhase(TestCaseExecutor.java:299)
	at com.kms.katalon.core.main.TestCaseExecutor.execute(TestCaseExecutor.java:233)
	at com.kms.katalon.core.main.TestSuiteExecutor.accessTestCaseMainPhase(TestSuiteExecutor.java:169)
	at com.kms.katalon.core.main.TestSuiteExecutor.accessTestSuiteMainPhase(TestSuiteExecutor.java:142)
	at com.kms.katalon.core.main.TestSuiteExecutor.execute(TestSuiteExecutor.java:91)
	at com.kms.katalon.core.main.TestCaseMain.startTestSuite(TestCaseMain.java:157)
	at com.kms.katalon.core.main.TestCaseMain$startTestSuite$0.call(Unknown Source)
	at TempTestSuite1579416243115.run(TempTestSuite1579416243115.groovy:36)
Caused by: com.kms.katalon.core.webui.exception.WebElementNotFoundException: Web element with id: 'Object Repository/obj_reservation/4_/button_Return To Reservation_2' located by 'By.xpath: (//button[@type='button'])[18]' not found
	at com.kms.katalon.core.webui.common.WebUiCommonHelper.findWebElement(WebUiCommonHelper.java:1113)
	at com.kms.katalon.core.webui.keyword.internal.WebUIAbstractKeyword.findWebElement(WebUIAbstractKeyword.groovy:27)
	at com.kms.katalon.core.webui.keyword.internal.WebUIAbstractKeyword.findWebElement(WebUIAbstractKeyword.groovy:26)
	at com.kms.katalon.core.webui.keyword.builtin.ClickKeyword$_click_closure1.doCall(ClickKeyword.groovy:68)
	at com.kms.katalon.core.webui.keyword.builtin.ClickKeyword$_click_closure1.call(ClickKeyword.groovy)
	at com.kms.katalon.core.webui.keyword.internal.WebUIKeywordMain.runKeyword(WebUIKeywordMain.groovy:20)
	at com.kms.katalon.core.webui.keyword.builtin.ClickKeyword.click(ClickKeyword.groovy:99)
	at com.kms.katalon.core.webui.keyword.builtin.ClickKeyword.execute(ClickKeyword.groovy:43)
	at com.kms.katalon.core.keyword.internal.KeywordExecutor.executeKeywordForPlatform(KeywordExecutor.groovy:60)
	at com.kms.katalon.core.webui.keyword.WebUiBuiltInKeywords.click(WebUiBuiltInKeywords.groovy:604)
	at com.kms.katalon.core.webui.keyword.WebUiBuiltInKeywords$click$4.call(Unknown Source)
	at Script1579191965857.run(Script1579191965857.groovy:165)
	... 13 more
)
	at com.kms.katalon.core.keyword.internal.KeywordMain.stepFailed(KeywordMain.groovy:39)
	at com.kms.katalon.core.webui.keyword.internal.WebUIKeywordMain.stepFailed(WebUIKeywordMain.groovy:64)
	at com.kms.katalon.core.webui.keyword.internal.WebUIKeywordMain.runKeyword(WebUIKeywordMain.groovy:26)
	at com.kms.katalon.core.webui.keyword.builtin.ClickKeyword.click(ClickKeyword.groovy:99)
	at com.kms.katalon.core.webui.keyword.builtin.ClickKeyword.execute(ClickKeyword.groovy:43)
	at com.kms.katalon.core.keyword.internal.KeywordExecutor.executeKeywordForPlatform(KeywordExecutor.groovy:60)
	at com.kms.katalon.core.webui.keyword.WebUiBuiltInKeywords.click(WebUiBuiltInKeywords.groovy:604)
	at com.kms.katalon.core.webui.keyword.WebUiBuiltInKeywords$click$4.call(Unknown Source)
	at p4p_1_newReservationBoarding.run(p4p_1_newReservationBoarding:165)
	at com.kms.katalon.core.main.ScriptEngine.run(ScriptEngine.java:194)
	at com.kms.katalon.core.main.ScriptEngine.runScriptAsRawText(ScriptEngine.java:119)
	at com.kms.katalon.core.main.TestCaseExecutor.runScript(TestCaseExecutor.java:337)
	at com.kms.katalon.core.main.TestCaseExecutor.doExecute(TestCaseExecutor.java:328)
	at com.kms.katalon.core.main.TestCaseExecutor.processExecutionPhase(TestCaseExecutor.java:307)
	at com.kms.katalon.core.main.TestCaseExecutor.accessMainPhase(TestCaseExecutor.java:299)
	at com.kms.katalon.core.main.TestCaseExecutor.execute(TestCaseExecutor.java:233)
	at com.kms.katalon.core.main.TestSuiteExecutor.accessTestCaseMainPhase(TestSuiteExecutor.java:169)
	at com.kms.katalon.core.main.TestSuiteExecutor.accessTestSuiteMainPhase(TestSuiteExecutor.java:142)
	at com.kms.katalon.core.main.TestSuiteExecutor.execute(TestSuiteExecutor.java:91)
	at com.kms.katalon.core.main.TestCaseMain.startTestSuite(TestCaseMain.java:157)
	at com.kms.katalon.core.main.TestCaseMain$startTestSuite$0.call(Unknown Source)
	at TempTestSuite1579416243115.run(TempTestSuite1579416243115.groovy:36)
Caused by: com.kms.katalon.core.exception.StepFailedException: Unable to click on object 'Object Repository/obj_reservation/4_/button_Return To Reservation_2'
	... 21 more
Caused by: com.kms.katalon.core.webui.exception.WebElementNotFoundException: Web element with id: 'Object Repository/obj_reservation/4_/button_Return To Reservation_2' located by 'By.xpath: (//button[@type='button'])[18]' not found
	at com.kms.katalon.core.webui.common.WebUiCommonHelper.findWebElement(WebUiCommonHelper.java:1113)
	at com.kms.katalon.core.webui.keyword.internal.WebUIAbstractKeyword.findWebElement(WebUIAbstractKeyword.groovy:27)
	at com.kms.katalon.core.webui.keyword.internal.WebUIAbstractKeyword.findWebElement(WebUIAbstractKeyword.groovy:26)
	at com.kms.katalon.core.webui.keyword.builtin.ClickKeyword$_click_closure1.doCall(ClickKeyword.groovy:68)
	at com.kms.katalon.core.webui.keyword.builtin.ClickKeyword$_click_closure1.call(ClickKeyword.groovy)
	at com.kms.katalon.core.webui.keyword.internal.WebUIKeywordMain.runKeyword(WebUIKeywordMain.groovy:20)
	... 19 more]]></system-err>
      </testcase>
      <testcase name="Test Cases/p4p_1_newReservationBoarding" time="99.939" classname="Test Cases/p4p_1_newReservationBoarding" status="FAILED">
         <failure type="FAILED" message="Test Cases/p4p_1_newReservationBoarding FAILED.
Reason:
com.kms.katalon.core.exception.StepFailedException: Unable to click on object 'Object Repository/obj_reservation/4_/btn_next2'
	at com.kms.katalon.core.webui.keyword.internal.WebUIKeywordMain.stepFailed(WebUIKeywordMain.groovy:64)
	at com.kms.katalon.core.webui.keyword.internal.WebUIKeywordMain.runKeyword(WebUIKeywordMain.groovy:26)
	at com.kms.katalon.core.webui.keyword.builtin.ClickKeyword.click(ClickKeyword.groovy:99)
	at com.kms.katalon.core.webui.keyword.builtin.ClickKeyword.execute(ClickKeyword.groovy:43)
	at com.kms.katalon.core.keyword.internal.KeywordExecutor.executeKeywordForPlatform(KeywordExecutor.groovy:60)
	at com.kms.katalon.core.webui.keyword.WebUiBuiltInKeywords.click(WebUiBuiltInKeywords.groovy:616)
	at com.kms.katalon.core.webui.keyword.WebUiBuiltInKeywords$click$3.call(Unknown Source)
	at p4p_1_newReservationBoarding.run(p4p_1_newReservationBoarding:151)
	at com.kms.katalon.core.main.ScriptEngine.run(ScriptEngine.java:194)
	at com.kms.katalon.core.main.ScriptEngine.runScriptAsRawText(ScriptEngine.java:119)
	at com.kms.katalon.core.main.TestCaseExecutor.runScript(TestCaseExecutor.java:337)
	at com.kms.katalon.core.main.TestCaseExecutor.doExecute(TestCaseExecutor.java:328)
	at com.kms.katalon.core.main.TestCaseExecutor.processExecutionPhase(TestCaseExecutor.java:307)
	at com.kms.katalon.core.main.TestCaseExecutor.accessMainPhase(TestCaseExecutor.java:299)
	at com.kms.katalon.core.main.TestCaseExecutor.execute(TestCaseExecutor.java:233)
	at com.kms.katalon.core.main.TestSuiteExecutor.accessTestCaseMainPhase(TestSuiteExecutor.java:169)
	at com.kms.katalon.core.main.TestSuiteExecutor.accessTestSuiteMainPhase(TestSuiteExecutor.java:142)
	at com.kms.katalon.core.main.TestSuiteExecutor.execute(TestSuiteExecutor.java:91)
	at com.kms.katalon.core.main.TestCaseMain.startTestSuite(TestCaseMain.java:157)
	at com.kms.katalon.core.main.TestCaseMain$startTestSuite$0.call(Unknown Source)
	at TempTestSuite1579416243115.run(TempTestSuite1579416243115.groovy:36)
Caused by: org.openqa.selenium.WebDriverException: chrome not reachable
  (Session info: chrome=79.0.3945.88)
Build info: version: '3.141.59', revision: 'e82be7d358', time: '2018-11-14T08:25:53'
System info: host: 'leonardoarkusmty-Inspiron-5577', ip: '127.0.1.1', os.name: 'Linux', os.arch: 'amd64', os.version: '4.15.0-74-generic', java.version: '1.8.0_232'
Driver info: com.kms.katalon.selenium.driver.CChromeDriver
Capabilities {acceptInsecureCerts: false, browserName: chrome, browserVersion: 79.0.3945.88, chrome: {chromedriverVersion: 79.0.3945.36 (3582db32b3389..., userDataDir: /tmp/.com.google.Chrome.nu1DpW}, goog:chromeOptions: {debuggerAddress: localhost:42491}, javascriptEnabled: true, networkConnectionEnabled: false, pageLoadStrategy: normal, platform: LINUX, platformName: LINUX, proxy: Proxy(), setWindowRect: true, strictFileInteractability: false, timeouts: {implicit: 0, pageLoad: 300000, script: 30000}, unhandledPromptBehavior: dismiss and notify}
Session ID: ba0f77c7be92d7558179fb688f9e900f
	at org.openqa.selenium.remote.http.W3CHttpResponseCodec.createException(W3CHttpResponseCodec.java:187)
	at org.openqa.selenium.remote.http.W3CHttpResponseCodec.decode(W3CHttpResponseCodec.java:122)
	at org.openqa.selenium.remote.http.W3CHttpResponseCodec.decode(W3CHttpResponseCodec.java:49)
	at org.openqa.selenium.remote.HttpCommandExecutor.execute(HttpCommandExecutor.java:158)
	at org.openqa.selenium.remote.service.DriverCommandExecutor.execute(DriverCommandExecutor.java:83)
	at org.openqa.selenium.remote.RemoteWebDriver.execute(RemoteWebDriver.java:552)
	at com.kms.katalon.selenium.driver.CChromeDriver.execute(CChromeDriver.java:19)
	at org.openqa.selenium.remote.RemoteWebDriver.executeScript(RemoteWebDriver.java:489)
	at org.openqa.selenium.support.events.EventFiringWebDriver.lambda$new$1(EventFiringWebDriver.java:105)
	at com.sun.proxy.$Proxy11.executeScript(Unknown Source)
	at org.openqa.selenium.support.events.EventFiringWebDriver.executeScript(EventFiringWebDriver.java:229)
	at com.kms.katalon.core.webui.keyword.builtin.ClickKeyword$_click_closure1$_closure5.doCall(ClickKeyword.groovy:89)
	at com.kms.katalon.core.webui.keyword.builtin.ClickKeyword$_click_closure1$_closure5.doCall(ClickKeyword.groovy)
	at com.sun.proxy.$Proxy13.get(Unknown Source)
	at com.kms.katalon.core.trymonad.Try.ofFailable(Try.java:31)
	at com.kms.katalon.core.trymonad.Failure.orElseTry(Try.java:332)
	at com.kms.katalon.core.webui.keyword.builtin.ClickKeyword$_click_closure1.doCall(ClickKeyword.groovy:72)
	at com.kms.katalon.core.webui.keyword.builtin.ClickKeyword$_click_closure1.call(ClickKeyword.groovy)
	at com.kms.katalon.core.webui.keyword.internal.WebUIKeywordMain.runKeyword(WebUIKeywordMain.groovy:20)
	... 19 more
"/>
         <system-out><![CDATA[2020-01-19 00:46:45 - [TEST_CASE][FAILED] - Test Cases/p4p_1_newReservationBoarding: Test Cases/p4p_1_newReservationBoarding FAILED.
Reason:
com.kms.katalon.core.exception.StepFailedException: Unable to click on object 'Object Repository/obj_reservation/4_/btn_next2'
	at com.kms.katalon.core.webui.keyword.internal.WebUIKeywordMain.stepFailed(WebUIKeywordMain.groovy:64)
	at com.kms.katalon.core.webui.keyword.internal.WebUIKeywordMain.runKeyword(WebUIKeywordMain.groovy:26)
	at com.kms.katalon.core.webui.keyword.builtin.ClickKeyword.click(ClickKeyword.groovy:99)
	at com.kms.katalon.core.webui.keyword.builtin.ClickKeyword.execute(ClickKeyword.groovy:43)
	at com.kms.katalon.core.keyword.internal.KeywordExecutor.executeKeywordForPlatform(KeywordExecutor.groovy:60)
	at com.kms.katalon.core.webui.keyword.WebUiBuiltInKeywords.click(WebUiBuiltInKeywords.groovy:616)
	at com.kms.katalon.core.webui.keyword.WebUiBuiltInKeywords$click$3.call(Unknown Source)
	at p4p_1_newReservationBoarding.run(p4p_1_newReservationBoarding:151)
	at com.kms.katalon.core.main.ScriptEngine.run(ScriptEngine.java:194)
	at com.kms.katalon.core.main.ScriptEngine.runScriptAsRawText(ScriptEngine.java:119)
	at com.kms.katalon.core.main.TestCaseExecutor.runScript(TestCaseExecutor.java:337)
	at com.kms.katalon.core.main.TestCaseExecutor.doExecute(TestCaseExecutor.java:328)
	at com.kms.katalon.core.main.TestCaseExecutor.processExecutionPhase(TestCaseExecutor.java:307)
	at com.kms.katalon.core.main.TestCaseExecutor.accessMainPhase(TestCaseExecutor.java:299)
	at com.kms.katalon.core.main.TestCaseExecutor.execute(TestCaseExecutor.java:233)
	at com.kms.katalon.core.main.TestSuiteExecutor.accessTestCaseMainPhase(TestSuiteExecutor.java:169)
	at com.kms.katalon.core.main.TestSuiteExecutor.accessTestSuiteMainPhase(TestSuiteExecutor.java:142)
	at com.kms.katalon.core.main.TestSuiteExecutor.execute(TestSuiteExecutor.java:91)
	at com.kms.katalon.core.main.TestCaseMain.startTestSuite(TestCaseMain.java:157)
	at com.kms.katalon.core.main.TestCaseMain$startTestSuite$0.call(Unknown Source)
	at TempTestSuite1579416243115.run(TempTestSuite1579416243115.groovy:36)
Caused by: org.openqa.selenium.WebDriverException: chrome not reachable
  (Session info: chrome=79.0.3945.88)
Build info: version: '3.141.59', revision: 'e82be7d358', time: '2018-11-14T08:25:53'
System info: host: 'leonardoarkusmty-Inspiron-5577', ip: '127.0.1.1', os.name: 'Linux', os.arch: 'amd64', os.version: '4.15.0-74-generic', java.version: '1.8.0_232'
Driver info: com.kms.katalon.selenium.driver.CChromeDriver
Capabilities {acceptInsecureCerts: false, browserName: chrome, browserVersion: 79.0.3945.88, chrome: {chromedriverVersion: 79.0.3945.36 (3582db32b3389..., userDataDir: /tmp/.com.google.Chrome.nu1DpW}, goog:chromeOptions: {debuggerAddress: localhost:42491}, javascriptEnabled: true, networkConnectionEnabled: false, pageLoadStrategy: normal, platform: LINUX, platformName: LINUX, proxy: Proxy(), setWindowRect: true, strictFileInteractability: false, timeouts: {implicit: 0, pageLoad: 300000, script: 30000}, unhandledPromptBehavior: dismiss and notify}
Session ID: ba0f77c7be92d7558179fb688f9e900f
	at org.openqa.selenium.remote.http.W3CHttpResponseCodec.createException(W3CHttpResponseCodec.java:187)
	at org.openqa.selenium.remote.http.W3CHttpResponseCodec.decode(W3CHttpResponseCodec.java:122)
	at org.openqa.selenium.remote.http.W3CHttpResponseCodec.decode(W3CHttpResponseCodec.java:49)
	at org.openqa.selenium.remote.HttpCommandExecutor.execute(HttpCommandExecutor.java:158)
	at org.openqa.selenium.remote.service.DriverCommandExecutor.execute(DriverCommandExecutor.java:83)
	at org.openqa.selenium.remote.RemoteWebDriver.execute(RemoteWebDriver.java:552)
	at com.kms.katalon.selenium.driver.CChromeDriver.execute(CChromeDriver.java:19)
	at org.openqa.selenium.remote.RemoteWebDriver.executeScript(RemoteWebDriver.java:489)
	at org.openqa.selenium.support.events.EventFiringWebDriver.lambda$new$1(EventFiringWebDriver.java:105)
	at com.sun.proxy.$Proxy11.executeScript(Unknown Source)
	at org.openqa.selenium.support.events.EventFiringWebDriver.executeScript(EventFiringWebDriver.java:229)
	at com.kms.katalon.core.webui.keyword.builtin.ClickKeyword$_click_closure1$_closure5.doCall(ClickKeyword.groovy:89)
	at com.kms.katalon.core.webui.keyword.builtin.ClickKeyword$_click_closure1$_closure5.doCall(ClickKeyword.groovy)
	at com.sun.proxy.$Proxy13.get(Unknown Source)
	at com.kms.katalon.core.trymonad.Try.ofFailable(Try.java:31)
	at com.kms.katalon.core.trymonad.Failure.orElseTry(Try.java:332)
	at com.kms.katalon.core.webui.keyword.builtin.ClickKeyword$_click_closure1.doCall(ClickKeyword.groovy:72)
	at com.kms.katalon.core.webui.keyword.builtin.ClickKeyword$_click_closure1.call(ClickKeyword.groovy)
	at com.kms.katalon.core.webui.keyword.internal.WebUIKeywordMain.runKeyword(WebUIKeywordMain.groovy:20)
	... 19 more


2020-01-19 00:46:45 - [TEST_STEP][PASSED] - flagBoar = "0": null

2020-01-19 00:46:45 - [TEST_STEP][PASSED] - log = new com.kms.katalon.core.logging.KeywordLogger(): null

2020-01-19 00:46:45 - [TEST_STEP][PASSED] - fisNewRes = new java.io.FileInputStream(/home/leonardo-arkusmty/Desktop/P4P/DATA_AUTOMATINTESTING/data_1newReservationBoarding.xlsx): null

2020-01-19 00:46:45 - [TEST_STEP][PASSED] - fisInv = new java.io.FileInputStream(/home/leonardo-arkusmty/Desktop/P4P/DATA_AUTOMATINTESTING/data_3Invoices.xlsx): null

2020-01-19 00:46:45 - [TEST_STEP][PASSED] - workbookNewRes = new org.apache.poi.xssf.usermodel.XSSFWorkbook(fisNewRes): null

2020-01-19 00:46:45 - [TEST_STEP][PASSED] - workbookInv = new org.apache.poi.xssf.usermodel.XSSFWorkbook(fisInv): null

2020-01-19 00:46:45 - [TEST_STEP][PASSED] - sheetNewRes = workbookNewRes.getSheet("Sheet1"): null

2020-01-19 00:46:45 - [TEST_STEP][PASSED] - sheetInv = workbookInv.getSheet("Sheet1"): null

2020-01-19 00:46:45 - [TEST_STEP][PASSED] - rowCount = var_row: null

2020-01-19 00:46:45 - [TEST_STEP][PASSED] - var = Integer.parseInt(var_idRowRes): null

2020-01-19 00:46:45 - [TEST_STEP][PASSED] - rowNewRes = sheetNewRes.getRow(var): null

2020-01-19 00:46:45 - [TEST_STEP][PASSED] - rowInv = sheetInv.getRow(var): null

2020-01-19 00:46:45 - [TEST_STEP][PASSED] - today = new java.util.Date(): null

2020-01-19 00:46:45 - [TEST_STEP][PASSED] - todaysDate1 = today.format("yyyy"): null

2020-01-19 00:46:45 - [TEST_STEP][PASSED] - todaysDate2 = today.format("mm"): null

2020-01-19 00:46:45 - [TEST_STEP][PASSED] - todaysDate3 = today.format("dd"): null

2020-01-19 00:46:45 - [TEST_STEP][PASSED] - todaysDate4 = today.format("mmm/dd/yyyy"): null

2020-01-19 00:46:45 - [TEST_STEP][PASSED] - todaysDate5 = today.format("dd/mm/yyyy"): null

2020-01-19 00:46:45 - [TEST_STEP][PASSED] - nowTime = today.format("hhmm"): null

2020-01-19 00:46:45 - [TEST_STEP][PASSED] - dateCI = var_checkinD.split(","): null

2020-01-19 00:46:45 - [TEST_STEP][PASSED] - dateCO = var_checkoutD.split(","): null

2020-01-19 00:46:45 - [TEST_STEP][PASSED] - arryPets = var_pets.split(","): null

2020-01-19 00:46:45 - [TEST_STEP][PASSED] - openBrowser("https://p4p-qa-bg.aws.paradise4paws.com/login/"): Browser is opened with url: 'https://p4p-qa-bg.aws.paradise4paws.com/login/'

2020-01-19 00:46:45 - [MESSAGE][WARNING] - A browser is already opened. Closing browser and opening a new one

2020-01-19 00:46:45 - [MESSAGE][INFO] - Starting 'Chrome' driver

2020-01-19 00:46:47 - [MESSAGE][PASSED] - Browser is opened with url: 'https://p4p-qa-bg.aws.paradise4paws.com/login/'

2020-01-19 00:46:47 - [TEST_STEP][PASSED] - maximizeWindow(): Current window maximized

2020-01-19 00:46:47 - [MESSAGE][PASSED] - Current window maximized

2020-01-19 00:46:47 - [TEST_STEP][PASSED] - setText(findTestObject("obj_login/input_user"), var_user): Text 'jegchavez@gmail.com' is set on object 'Object Repository/obj_login/input_user'

2020-01-19 00:46:48 - [MESSAGE][PASSED] - Text 'jegchavez@gmail.com' is set on object 'Object Repository/obj_login/input_user'

2020-01-19 00:46:48 - [TEST_STEP][PASSED] - setText(findTestObject("obj_login/input_pass"), var_pass): Text 'admin1' is set on object 'Object Repository/obj_login/input_pass'

2020-01-19 00:46:48 - [MESSAGE][PASSED] - Text 'admin1' is set on object 'Object Repository/obj_login/input_pass'

2020-01-19 00:46:48 - [TEST_STEP][PASSED] - verifyElementClickable(findTestObject("obj_login/btn_login")): Object 'Object Repository/obj_login/btn_login' is clickable

2020-01-19 00:46:49 - [MESSAGE][PASSED] - Object 'Object Repository/obj_login/btn_login' is clickable

2020-01-19 00:46:49 - [TEST_STEP][PASSED] - click(findTestObject("obj_login/btn_login")): Object: 'Object Repository/obj_login/btn_login' is clicked on

2020-01-19 00:46:50 - [MESSAGE][PASSED] - Object: 'Object Repository/obj_login/btn_login' is clicked on

2020-01-19 00:46:50 - [TEST_STEP][PASSED] - setText(findTestObject("obj_dashboard_emp/input_search"), var_searchParent): Text 'katalon 1' is set on object 'Object Repository/obj_dashboard_emp/input_search'

2020-01-19 00:46:51 - [MESSAGE][PASSED] - Text 'katalon 1' is set on object 'Object Repository/obj_dashboard_emp/input_search'

2020-01-19 00:46:51 - [TEST_STEP][PASSED] - click(findTestObject("obj_dashboard_emp/btn_accountSearch")): Object: 'Object Repository/obj_dashboard_emp/btn_accountSearch' is clicked on

2020-01-19 00:46:52 - [MESSAGE][PASSED] - Object: 'Object Repository/obj_dashboard_emp/btn_accountSearch' is clicked on

2020-01-19 00:46:52 - [TEST_STEP][PASSED] - click(findTestObject("obj_accountInformation/a_TEST GABRIEL PROD")): Object: 'Object Repository/obj_accountInformation/a_TEST GABRIEL PROD' is clicked on

2020-01-19 00:46:53 - [MESSAGE][PASSED] - Object: 'Object Repository/obj_accountInformation/a_TEST GABRIEL PROD' is clicked on

2020-01-19 00:46:53 - [TEST_STEP][PASSED] - click(findTestObject("obj_profile/a_addReservation")): Object: 'Object Repository/obj_profile/a_addReservation' is clicked on

2020-01-19 00:46:57 - [MESSAGE][PASSED] - Object: 'Object Repository/obj_profile/a_addReservation' is clicked on

2020-01-19 00:46:57 - [TEST_STEP][PASSED] - click(findTestObject("obj_reservation/4_/btn_Boarding")): Object: 'Object Repository/obj_reservation/4_/btn_Boarding' is clicked on

2020-01-19 00:46:58 - [MESSAGE][PASSED] - Object: 'Object Repository/obj_reservation/4_/btn_Boarding' is clicked on

2020-01-19 00:46:58 - [TEST_STEP][PASSED] - flagBoar = "1": null

2020-01-19 00:46:58 - [TEST_STEP][PASSED] - click(findTestObject("obj_reservation/4_/i_location")): Object: 'Object Repository/obj_reservation/4_/i_location' is clicked on

2020-01-19 00:47:01 - [MESSAGE][PASSED] - Object: 'Object Repository/obj_reservation/4_/i_location' is clicked on

2020-01-19 00:47:01 - [TEST_STEP][PASSED] - click(findTestObject("obj_reservation/2_facility/i_" + var_idFacility + "_facility")): Object: 'Object Repository/obj_reservation/2_facility/i_3_facility' is clicked on

2020-01-19 00:47:02 - [MESSAGE][PASSED] - Object: 'Object Repository/obj_reservation/2_facility/i_3_facility' is clicked on

2020-01-19 00:47:02 - [TEST_STEP][PASSED] - click(findTestObject("obj_reservation/4_/dateCheckIn")): Object: 'Object Repository/obj_reservation/4_/dateCheckIn' is clicked on

2020-01-19 00:47:04 - [MESSAGE][PASSED] - Object: 'Object Repository/obj_reservation/4_/dateCheckIn' is clicked on

2020-01-19 00:47:04 - [TEST_STEP][PASSED] - click(findTestObject("obj_reservation/3_date2020/0120/CI/button_" + dateCI[0] + "01_ci")): Object: 'Object Repository/obj_reservation/3_date2020/0120/CI/button_2901_ci' is clicked on

2020-01-19 00:47:05 - [MESSAGE][PASSED] - Object: 'Object Repository/obj_reservation/3_date2020/0120/CI/button_2901_ci' is clicked on

2020-01-19 00:47:05 - [TEST_STEP][PASSED] - if (flagBoar == "1"): Object: 'Object Repository/obj_reservation/3_date2020/0120/CO/button_3001_co' is clicked on

2020-01-19 00:47:05 - [TEST_STEP][PASSED] - click(findTestObject("obj_reservation/4_/dateCheckOut")): Object: 'Object Repository/obj_reservation/4_/dateCheckOut' is clicked on

2020-01-19 00:47:06 - [MESSAGE][PASSED] - Object: 'Object Repository/obj_reservation/4_/dateCheckOut' is clicked on

2020-01-19 00:47:06 - [TEST_STEP][PASSED] - click(findTestObject("obj_reservation/3_date2020/0120/CO/button_" + dateCO[0] + "01_co")): Object: 'Object Repository/obj_reservation/3_date2020/0120/CO/button_3001_co' is clicked on

2020-01-19 00:47:07 - [MESSAGE][PASSED] - Object: 'Object Repository/obj_reservation/3_date2020/0120/CO/button_3001_co' is clicked on

2020-01-19 00:47:07 - [TEST_STEP][PASSED] - if (var_checkinT.size() == 1): null

2020-01-19 00:47:07 - [TEST_STEP][PASSED] - if (var_checkinT.size() == 2): null

2020-01-19 00:47:07 - [TEST_STEP][PASSED] - if (var_checkinT.size() == 3): null

2020-01-19 00:47:07 - [TEST_STEP][PASSED] - var_checkinT = "0" + var_checkinT: null

2020-01-19 00:47:07 - [TEST_STEP][PASSED] - click(findTestObject("obj_reservation/4_/timeCheckin")): Object: 'Object Repository/obj_reservation/4_/timeCheckin' is clicked on

2020-01-19 00:47:08 - [MESSAGE][PASSED] - Object: 'Object Repository/obj_reservation/4_/timeCheckin' is clicked on

2020-01-19 00:47:08 - [TEST_STEP][PASSED] - click(findTestObject("obj_reservation/0_horas/CI/time_" + var_checkinT + "_ci")): Object: 'Object Repository/obj_reservation/0_horas/CI/time_0830_ci' is clicked on

2020-01-19 00:47:08 - [MESSAGE][PASSED] - Object: 'Object Repository/obj_reservation/0_horas/CI/time_0830_ci' is clicked on

2020-01-19 00:47:08 - [TEST_STEP][PASSED] - click(findTestObject("obj_reservation/4_/timeCheckOut")): Object: 'Object Repository/obj_reservation/4_/timeCheckOut' is clicked on

2020-01-19 00:47:09 - [MESSAGE][PASSED] - Object: 'Object Repository/obj_reservation/4_/timeCheckOut' is clicked on

2020-01-19 00:47:09 - [TEST_STEP][PASSED] - click(findTestObject("obj_reservation/0_horas/CO/time_" + var_checkoutT + "_co")): Object: 'Object Repository/obj_reservation/0_horas/CO/time_1200_co' is clicked on

2020-01-19 00:47:10 - [MESSAGE][PASSED] - Object: 'Object Repository/obj_reservation/0_horas/CO/time_1200_co' is clicked on

2020-01-19 00:47:10 - [TEST_STEP][PASSED] - if (arryPets.size() == 1): null

2020-01-19 00:47:10 - [TEST_STEP][PASSED] - else if (arryPets.size() == 2): Object: 'Object Repository/obj_reservation/4_/div_Zeus' is clicked on

2020-01-19 00:47:10 - [TEST_STEP][PASSED] - click(findTestObject("obj_reservation/P4P_5/div_Ares")): Object: 'Object Repository/obj_reservation/P4P_5/div_Ares' is clicked on

2020-01-19 00:47:11 - [MESSAGE][PASSED] - Object: 'Object Repository/obj_reservation/P4P_5/div_Ares' is clicked on

2020-01-19 00:47:11 - [TEST_STEP][PASSED] - click(findTestObject("obj_reservation/4_/div_Zeus")): Object: 'Object Repository/obj_reservation/4_/div_Zeus' is clicked on

2020-01-19 00:47:15 - [MESSAGE][PASSED] - Object: 'Object Repository/obj_reservation/4_/div_Zeus' is clicked on

2020-01-19 00:47:15 - [TEST_STEP][PASSED] - varHoliday = 0: null

2020-01-19 00:47:15 - [TEST_STEP][PASSED] - try: Object: 'Object Repository/obj_reservation/4_/div_suite_rad_deluxe' is clicked on

2020-01-19 00:47:15 - [TEST_STEP][PASSED] - click(findTestObject("obj_reservation/4_/div_suite_rad_deluxe")): Object: 'Object Repository/obj_reservation/4_/div_suite_rad_deluxe' is clicked on

2020-01-19 00:47:20 - [MESSAGE][ERROR] - javascript error: Failed to execute 'elementsFromPoint' on 'Document': The provided double value is non-finite.
  (Session info: chrome=79.0.3945.88)
Build info: version: '3.141.59', revision: 'e82be7d358', time: '2018-11-14T08:25:53'
System info: host: 'leonardoarkusmty-Inspiron-5577', ip: '127.0.1.1', os.name: 'Linux', os.arch: 'amd64', os.version: '4.15.0-74-generic', java.version: '1.8.0_232'
Driver info: com.kms.katalon.selenium.driver.CChromeDriver
Capabilities {acceptInsecureCerts: false, browserName: chrome, browserVersion: 79.0.3945.88, chrome: {chromedriverVersion: 79.0.3945.36 (3582db32b3389..., userDataDir: /tmp/.com.google.Chrome.nu1DpW}, goog:chromeOptions: {debuggerAddress: localhost:42491}, javascriptEnabled: true, networkConnectionEnabled: false, pageLoadStrategy: normal, platform: LINUX, platformName: LINUX, proxy: Proxy(), setWindowRect: true, strictFileInteractability: false, timeouts: {implicit: 0, pageLoad: 300000, script: 30000}, unhandledPromptBehavior: dismiss and notify}
Session ID: ba0f77c7be92d7558179fb688f9e900f

2020-01-19 00:47:50 - [MESSAGE][ERROR] - javascript error: Failed to execute 'elementsFromPoint' on 'Document': The provided double value is non-finite.
  (Session info: chrome=79.0.3945.88)
Build info: version: '3.141.59', revision: 'e82be7d358', time: '2018-11-14T08:25:53'
System info: host: 'leonardoarkusmty-Inspiron-5577', ip: '127.0.1.1', os.name: 'Linux', os.arch: 'amd64', os.version: '4.15.0-74-generic', java.version: '1.8.0_232'
Driver info: com.kms.katalon.selenium.driver.CChromeDriver
Capabilities {acceptInsecureCerts: false, browserName: chrome, browserVersion: 79.0.3945.88, chrome: {chromedriverVersion: 79.0.3945.36 (3582db32b3389..., userDataDir: /tmp/.com.google.Chrome.nu1DpW}, goog:chromeOptions: {debuggerAddress: localhost:42491}, javascriptEnabled: true, networkConnectionEnabled: false, pageLoadStrategy: normal, platform: LINUX, platformName: LINUX, proxy: Proxy(), setWindowRect: true, strictFileInteractability: false, timeouts: {implicit: 0, pageLoad: 300000, script: 30000}, unhandledPromptBehavior: dismiss and notify}
Session ID: ba0f77c7be92d7558179fb688f9e900f

2020-01-19 00:47:50 - [MESSAGE][PASSED] - Object: 'Object Repository/obj_reservation/4_/div_suite_rad_deluxe' is clicked on

2020-01-19 00:47:50 - [TEST_STEP][PASSED] - click(findTestObject("obj_reservation/4_/btn_next2")): Object: 'Object Repository/obj_reservation/4_/btn_next2' is clicked on

2020-01-19 00:48:22 - [MESSAGE][PASSED] - Object: 'Object Repository/obj_reservation/4_/btn_next2' is clicked on

2020-01-19 00:48:22 - [TEST_STEP][FAILED] - click(findTestObject("obj_reservation/4_/btn_next2")): Unable to click on object 'Object Repository/obj_reservation/4_/btn_next2' (Root cause: com.kms.katalon.core.exception.StepFailedException: Unable to click on object 'Object Repository/obj_reservation/4_/btn_next2'
	at com.kms.katalon.core.webui.keyword.internal.WebUIKeywordMain.stepFailed(WebUIKeywordMain.groovy:64)
	at com.kms.katalon.core.webui.keyword.internal.WebUIKeywordMain.runKeyword(WebUIKeywordMain.groovy:26)
	at com.kms.katalon.core.webui.keyword.builtin.ClickKeyword.click(ClickKeyword.groovy:99)
	at com.kms.katalon.core.webui.keyword.builtin.ClickKeyword.execute(ClickKeyword.groovy:43)
	at com.kms.katalon.core.keyword.internal.KeywordExecutor.executeKeywordForPlatform(KeywordExecutor.groovy:60)
	at com.kms.katalon.core.webui.keyword.WebUiBuiltInKeywords.click(WebUiBuiltInKeywords.groovy:616)
	at com.kms.katalon.core.webui.keyword.WebUiBuiltInKeywords$click$3.call(Unknown Source)
	at p4p_1_newReservationBoarding.run(p4p_1_newReservationBoarding:151)
	at com.kms.katalon.core.main.ScriptEngine.run(ScriptEngine.java:194)
	at com.kms.katalon.core.main.ScriptEngine.runScriptAsRawText(ScriptEngine.java:119)
	at com.kms.katalon.core.main.TestCaseExecutor.runScript(TestCaseExecutor.java:337)
	at com.kms.katalon.core.main.TestCaseExecutor.doExecute(TestCaseExecutor.java:328)
	at com.kms.katalon.core.main.TestCaseExecutor.processExecutionPhase(TestCaseExecutor.java:307)
	at com.kms.katalon.core.main.TestCaseExecutor.accessMainPhase(TestCaseExecutor.java:299)
	at com.kms.katalon.core.main.TestCaseExecutor.execute(TestCaseExecutor.java:233)
	at com.kms.katalon.core.main.TestSuiteExecutor.accessTestCaseMainPhase(TestSuiteExecutor.java:169)
	at com.kms.katalon.core.main.TestSuiteExecutor.accessTestSuiteMainPhase(TestSuiteExecutor.java:142)
	at com.kms.katalon.core.main.TestSuiteExecutor.execute(TestSuiteExecutor.java:91)
	at com.kms.katalon.core.main.TestCaseMain.startTestSuite(TestCaseMain.java:157)
	at com.kms.katalon.core.main.TestCaseMain$startTestSuite$0.call(Unknown Source)
	at TempTestSuite1579416243115.run(TempTestSuite1579416243115.groovy:36)
Caused by: org.openqa.selenium.WebDriverException: chrome not reachable
  (Session info: chrome=79.0.3945.88)
Build info: version: '3.141.59', revision: 'e82be7d358', time: '2018-11-14T08:25:53'
System info: host: 'leonardoarkusmty-Inspiron-5577', ip: '127.0.1.1', os.name: 'Linux', os.arch: 'amd64', os.version: '4.15.0-74-generic', java.version: '1.8.0_232'
Driver info: com.kms.katalon.selenium.driver.CChromeDriver
Capabilities {acceptInsecureCerts: false, browserName: chrome, browserVersion: 79.0.3945.88, chrome: {chromedriverVersion: 79.0.3945.36 (3582db32b3389..., userDataDir: /tmp/.com.google.Chrome.nu1DpW}, goog:chromeOptions: {debuggerAddress: localhost:42491}, javascriptEnabled: true, networkConnectionEnabled: false, pageLoadStrategy: normal, platform: LINUX, platformName: LINUX, proxy: Proxy(), setWindowRect: true, strictFileInteractability: false, timeouts: {implicit: 0, pageLoad: 300000, script: 30000}, unhandledPromptBehavior: dismiss and notify}
Session ID: ba0f77c7be92d7558179fb688f9e900f
	at org.openqa.selenium.remote.http.W3CHttpResponseCodec.createException(W3CHttpResponseCodec.java:187)
	at org.openqa.selenium.remote.http.W3CHttpResponseCodec.decode(W3CHttpResponseCodec.java:122)
	at org.openqa.selenium.remote.http.W3CHttpResponseCodec.decode(W3CHttpResponseCodec.java:49)
	at org.openqa.selenium.remote.HttpCommandExecutor.execute(HttpCommandExecutor.java:158)
	at org.openqa.selenium.remote.service.DriverCommandExecutor.execute(DriverCommandExecutor.java:83)
	at org.openqa.selenium.remote.RemoteWebDriver.execute(RemoteWebDriver.java:552)
	at com.kms.katalon.selenium.driver.CChromeDriver.execute(CChromeDriver.java:19)
	at org.openqa.selenium.remote.RemoteWebDriver.executeScript(RemoteWebDriver.java:489)
	at org.openqa.selenium.support.events.EventFiringWebDriver.lambda$new$1(EventFiringWebDriver.java:105)
	at com.sun.proxy.$Proxy11.executeScript(Unknown Source)
	at org.openqa.selenium.support.events.EventFiringWebDriver.executeScript(EventFiringWebDriver.java:229)
	at com.kms.katalon.core.webui.keyword.builtin.ClickKeyword$_click_closure1$_closure5.doCall(ClickKeyword.groovy:89)
	at com.kms.katalon.core.webui.keyword.builtin.ClickKeyword$_click_closure1$_closure5.doCall(ClickKeyword.groovy)
	at com.sun.proxy.$Proxy13.get(Unknown Source)
	at com.kms.katalon.core.trymonad.Try.ofFailable(Try.java:31)
	at com.kms.katalon.core.trymonad.Failure.orElseTry(Try.java:332)
	at com.kms.katalon.core.webui.keyword.builtin.ClickKeyword$_click_closure1.doCall(ClickKeyword.groovy:72)
	at com.kms.katalon.core.webui.keyword.builtin.ClickKeyword$_click_closure1.call(ClickKeyword.groovy)
	at com.kms.katalon.core.webui.keyword.internal.WebUIKeywordMain.runKeyword(WebUIKeywordMain.groovy:20)
	at com.kms.katalon.core.webui.keyword.builtin.ClickKeyword.click(ClickKeyword.groovy:99)
	at com.kms.katalon.core.webui.keyword.builtin.ClickKeyword.execute(ClickKeyword.groovy:43)
	at com.kms.katalon.core.keyword.internal.KeywordExecutor.executeKeywordForPlatform(KeywordExecutor.groovy:60)
	at com.kms.katalon.core.webui.keyword.WebUiBuiltInKeywords.click(WebUiBuiltInKeywords.groovy:616)
	at com.kms.katalon.core.webui.keyword.WebUiBuiltInKeywords$click$3.call(Unknown Source)
	at Script1579191965857.run(Script1579191965857.groovy:151)
	... 13 more
)

2020-01-19 00:48:25 - [MESSAGE][ERROR] - chrome not reachable
  (Session info: chrome=79.0.3945.88)
Build info: version: '3.141.59', revision: 'e82be7d358', time: '2018-11-14T08:25:53'
System info: host: 'leonardoarkusmty-Inspiron-5577', ip: '127.0.1.1', os.name: 'Linux', os.arch: 'amd64', os.version: '4.15.0-74-generic', java.version: '1.8.0_232'
Driver info: com.kms.katalon.selenium.driver.CChromeDriver
Capabilities {acceptInsecureCerts: false, browserName: chrome, browserVersion: 79.0.3945.88, chrome: {chromedriverVersion: 79.0.3945.36 (3582db32b3389..., userDataDir: /tmp/.com.google.Chrome.nu1DpW}, goog:chromeOptions: {debuggerAddress: localhost:42491}, javascriptEnabled: true, networkConnectionEnabled: false, pageLoadStrategy: normal, platform: LINUX, platformName: LINUX, proxy: Proxy(), setWindowRect: true, strictFileInteractability: false, timeouts: {implicit: 0, pageLoad: 300000, script: 30000}, unhandledPromptBehavior: dismiss and notify}
Session ID: ba0f77c7be92d7558179fb688f9e900f

2020-01-19 00:48:25 - [MESSAGE][ERROR] - chrome not reachable
  (Session info: chrome=79.0.3945.88)
Build info: version: '3.141.59', revision: 'e82be7d358', time: '2018-11-14T08:25:53'
System info: host: 'leonardoarkusmty-Inspiron-5577', ip: '127.0.1.1', os.name: 'Linux', os.arch: 'amd64', os.version: '4.15.0-74-generic', java.version: '1.8.0_232'
Driver info: com.kms.katalon.selenium.driver.CChromeDriver
Capabilities {acceptInsecureCerts: false, browserName: chrome, browserVersion: 79.0.3945.88, chrome: {chromedriverVersion: 79.0.3945.36 (3582db32b3389..., userDataDir: /tmp/.com.google.Chrome.nu1DpW}, goog:chromeOptions: {debuggerAddress: localhost:42491}, javascriptEnabled: true, networkConnectionEnabled: false, pageLoadStrategy: normal, platform: LINUX, platformName: LINUX, proxy: Proxy(), setWindowRect: true, strictFileInteractability: false, timeouts: {implicit: 0, pageLoad: 300000, script: 30000}, unhandledPromptBehavior: dismiss and notify}
Session ID: ba0f77c7be92d7558179fb688f9e900f

2020-01-19 00:48:25 - [MESSAGE][WARNING] - Cannot take screenshot

2020-01-19 00:48:25 - [MESSAGE][FAILED] - Unable to click on object 'Object Repository/obj_reservation/4_/btn_next2' (Root cause: com.kms.katalon.core.exception.StepFailedException: Unable to click on object 'Object Repository/obj_reservation/4_/btn_next2'
	at com.kms.katalon.core.webui.keyword.internal.WebUIKeywordMain.stepFailed(WebUIKeywordMain.groovy:64)
	at com.kms.katalon.core.webui.keyword.internal.WebUIKeywordMain.runKeyword(WebUIKeywordMain.groovy:26)
	at com.kms.katalon.core.webui.keyword.builtin.ClickKeyword.click(ClickKeyword.groovy:99)
	at com.kms.katalon.core.webui.keyword.builtin.ClickKeyword.execute(ClickKeyword.groovy:43)
	at com.kms.katalon.core.keyword.internal.KeywordExecutor.executeKeywordForPlatform(KeywordExecutor.groovy:60)
	at com.kms.katalon.core.webui.keyword.WebUiBuiltInKeywords.click(WebUiBuiltInKeywords.groovy:616)
	at com.kms.katalon.core.webui.keyword.WebUiBuiltInKeywords$click$3.call(Unknown Source)
	at p4p_1_newReservationBoarding.run(p4p_1_newReservationBoarding:151)
	at com.kms.katalon.core.main.ScriptEngine.run(ScriptEngine.java:194)
	at com.kms.katalon.core.main.ScriptEngine.runScriptAsRawText(ScriptEngine.java:119)
	at com.kms.katalon.core.main.TestCaseExecutor.runScript(TestCaseExecutor.java:337)
	at com.kms.katalon.core.main.TestCaseExecutor.doExecute(TestCaseExecutor.java:328)
	at com.kms.katalon.core.main.TestCaseExecutor.processExecutionPhase(TestCaseExecutor.java:307)
	at com.kms.katalon.core.main.TestCaseExecutor.accessMainPhase(TestCaseExecutor.java:299)
	at com.kms.katalon.core.main.TestCaseExecutor.execute(TestCaseExecutor.java:233)
	at com.kms.katalon.core.main.TestSuiteExecutor.accessTestCaseMainPhase(TestSuiteExecutor.java:169)
	at com.kms.katalon.core.main.TestSuiteExecutor.accessTestSuiteMainPhase(TestSuiteExecutor.java:142)
	at com.kms.katalon.core.main.TestSuiteExecutor.execute(TestSuiteExecutor.java:91)
	at com.kms.katalon.core.main.TestCaseMain.startTestSuite(TestCaseMain.java:157)
	at com.kms.katalon.core.main.TestCaseMain$startTestSuite$0.call(Unknown Source)
	at TempTestSuite1579416243115.run(TempTestSuite1579416243115.groovy:36)
Caused by: org.openqa.selenium.WebDriverException: chrome not reachable
  (Session info: chrome=79.0.3945.88)
Build info: version: '3.141.59', revision: 'e82be7d358', time: '2018-11-14T08:25:53'
System info: host: 'leonardoarkusmty-Inspiron-5577', ip: '127.0.1.1', os.name: 'Linux', os.arch: 'amd64', os.version: '4.15.0-74-generic', java.version: '1.8.0_232'
Driver info: com.kms.katalon.selenium.driver.CChromeDriver
Capabilities {acceptInsecureCerts: false, browserName: chrome, browserVersion: 79.0.3945.88, chrome: {chromedriverVersion: 79.0.3945.36 (3582db32b3389..., userDataDir: /tmp/.com.google.Chrome.nu1DpW}, goog:chromeOptions: {debuggerAddress: localhost:42491}, javascriptEnabled: true, networkConnectionEnabled: false, pageLoadStrategy: normal, platform: LINUX, platformName: LINUX, proxy: Proxy(), setWindowRect: true, strictFileInteractability: false, timeouts: {implicit: 0, pageLoad: 300000, script: 30000}, unhandledPromptBehavior: dismiss and notify}
Session ID: ba0f77c7be92d7558179fb688f9e900f
	at org.openqa.selenium.remote.http.W3CHttpResponseCodec.createException(W3CHttpResponseCodec.java:187)
	at org.openqa.selenium.remote.http.W3CHttpResponseCodec.decode(W3CHttpResponseCodec.java:122)
	at org.openqa.selenium.remote.http.W3CHttpResponseCodec.decode(W3CHttpResponseCodec.java:49)
	at org.openqa.selenium.remote.HttpCommandExecutor.execute(HttpCommandExecutor.java:158)
	at org.openqa.selenium.remote.service.DriverCommandExecutor.execute(DriverCommandExecutor.java:83)
	at org.openqa.selenium.remote.RemoteWebDriver.execute(RemoteWebDriver.java:552)
	at com.kms.katalon.selenium.driver.CChromeDriver.execute(CChromeDriver.java:19)
	at org.openqa.selenium.remote.RemoteWebDriver.executeScript(RemoteWebDriver.java:489)
	at org.openqa.selenium.support.events.EventFiringWebDriver.lambda$new$1(EventFiringWebDriver.java:105)
	at com.sun.proxy.$Proxy11.executeScript(Unknown Source)
	at org.openqa.selenium.support.events.EventFiringWebDriver.executeScript(EventFiringWebDriver.java:229)
	at com.kms.katalon.core.webui.keyword.builtin.ClickKeyword$_click_closure1$_closure5.doCall(ClickKeyword.groovy:89)
	at com.kms.katalon.core.webui.keyword.builtin.ClickKeyword$_click_closure1$_closure5.doCall(ClickKeyword.groovy)
	at com.sun.proxy.$Proxy13.get(Unknown Source)
	at com.kms.katalon.core.trymonad.Try.ofFailable(Try.java:31)
	at com.kms.katalon.core.trymonad.Failure.orElseTry(Try.java:332)
	at com.kms.katalon.core.webui.keyword.builtin.ClickKeyword$_click_closure1.doCall(ClickKeyword.groovy:72)
	at com.kms.katalon.core.webui.keyword.builtin.ClickKeyword$_click_closure1.call(ClickKeyword.groovy)
	at com.kms.katalon.core.webui.keyword.internal.WebUIKeywordMain.runKeyword(WebUIKeywordMain.groovy:20)
	at com.kms.katalon.core.webui.keyword.builtin.ClickKeyword.click(ClickKeyword.groovy:99)
	at com.kms.katalon.core.webui.keyword.builtin.ClickKeyword.execute(ClickKeyword.groovy:43)
	at com.kms.katalon.core.keyword.internal.KeywordExecutor.executeKeywordForPlatform(KeywordExecutor.groovy:60)
	at com.kms.katalon.core.webui.keyword.WebUiBuiltInKeywords.click(WebUiBuiltInKeywords.groovy:616)
	at com.kms.katalon.core.webui.keyword.WebUiBuiltInKeywords$click$3.call(Unknown Source)
	at Script1579191965857.run(Script1579191965857.groovy:151)
	... 13 more
)]]></system-out>
         <system-err><![CDATA[2020-01-19 00:46:45 - [TEST_CASE][FAILED] - Test Cases/p4p_1_newReservationBoarding: Test Cases/p4p_1_newReservationBoarding FAILED.
Reason:
com.kms.katalon.core.exception.StepFailedException: Unable to click on object 'Object Repository/obj_reservation/4_/btn_next2'
	at com.kms.katalon.core.webui.keyword.internal.WebUIKeywordMain.stepFailed(WebUIKeywordMain.groovy:64)
	at com.kms.katalon.core.webui.keyword.internal.WebUIKeywordMain.runKeyword(WebUIKeywordMain.groovy:26)
	at com.kms.katalon.core.webui.keyword.builtin.ClickKeyword.click(ClickKeyword.groovy:99)
	at com.kms.katalon.core.webui.keyword.builtin.ClickKeyword.execute(ClickKeyword.groovy:43)
	at com.kms.katalon.core.keyword.internal.KeywordExecutor.executeKeywordForPlatform(KeywordExecutor.groovy:60)
	at com.kms.katalon.core.webui.keyword.WebUiBuiltInKeywords.click(WebUiBuiltInKeywords.groovy:616)
	at com.kms.katalon.core.webui.keyword.WebUiBuiltInKeywords$click$3.call(Unknown Source)
	at p4p_1_newReservationBoarding.run(p4p_1_newReservationBoarding:151)
	at com.kms.katalon.core.main.ScriptEngine.run(ScriptEngine.java:194)
	at com.kms.katalon.core.main.ScriptEngine.runScriptAsRawText(ScriptEngine.java:119)
	at com.kms.katalon.core.main.TestCaseExecutor.runScript(TestCaseExecutor.java:337)
	at com.kms.katalon.core.main.TestCaseExecutor.doExecute(TestCaseExecutor.java:328)
	at com.kms.katalon.core.main.TestCaseExecutor.processExecutionPhase(TestCaseExecutor.java:307)
	at com.kms.katalon.core.main.TestCaseExecutor.accessMainPhase(TestCaseExecutor.java:299)
	at com.kms.katalon.core.main.TestCaseExecutor.execute(TestCaseExecutor.java:233)
	at com.kms.katalon.core.main.TestSuiteExecutor.accessTestCaseMainPhase(TestSuiteExecutor.java:169)
	at com.kms.katalon.core.main.TestSuiteExecutor.accessTestSuiteMainPhase(TestSuiteExecutor.java:142)
	at com.kms.katalon.core.main.TestSuiteExecutor.execute(TestSuiteExecutor.java:91)
	at com.kms.katalon.core.main.TestCaseMain.startTestSuite(TestCaseMain.java:157)
	at com.kms.katalon.core.main.TestCaseMain$startTestSuite$0.call(Unknown Source)
	at TempTestSuite1579416243115.run(TempTestSuite1579416243115.groovy:36)
Caused by: org.openqa.selenium.WebDriverException: chrome not reachable
  (Session info: chrome=79.0.3945.88)
Build info: version: '3.141.59', revision: 'e82be7d358', time: '2018-11-14T08:25:53'
System info: host: 'leonardoarkusmty-Inspiron-5577', ip: '127.0.1.1', os.name: 'Linux', os.arch: 'amd64', os.version: '4.15.0-74-generic', java.version: '1.8.0_232'
Driver info: com.kms.katalon.selenium.driver.CChromeDriver
Capabilities {acceptInsecureCerts: false, browserName: chrome, browserVersion: 79.0.3945.88, chrome: {chromedriverVersion: 79.0.3945.36 (3582db32b3389..., userDataDir: /tmp/.com.google.Chrome.nu1DpW}, goog:chromeOptions: {debuggerAddress: localhost:42491}, javascriptEnabled: true, networkConnectionEnabled: false, pageLoadStrategy: normal, platform: LINUX, platformName: LINUX, proxy: Proxy(), setWindowRect: true, strictFileInteractability: false, timeouts: {implicit: 0, pageLoad: 300000, script: 30000}, unhandledPromptBehavior: dismiss and notify}
Session ID: ba0f77c7be92d7558179fb688f9e900f
	at org.openqa.selenium.remote.http.W3CHttpResponseCodec.createException(W3CHttpResponseCodec.java:187)
	at org.openqa.selenium.remote.http.W3CHttpResponseCodec.decode(W3CHttpResponseCodec.java:122)
	at org.openqa.selenium.remote.http.W3CHttpResponseCodec.decode(W3CHttpResponseCodec.java:49)
	at org.openqa.selenium.remote.HttpCommandExecutor.execute(HttpCommandExecutor.java:158)
	at org.openqa.selenium.remote.service.DriverCommandExecutor.execute(DriverCommandExecutor.java:83)
	at org.openqa.selenium.remote.RemoteWebDriver.execute(RemoteWebDriver.java:552)
	at com.kms.katalon.selenium.driver.CChromeDriver.execute(CChromeDriver.java:19)
	at org.openqa.selenium.remote.RemoteWebDriver.executeScript(RemoteWebDriver.java:489)
	at org.openqa.selenium.support.events.EventFiringWebDriver.lambda$new$1(EventFiringWebDriver.java:105)
	at com.sun.proxy.$Proxy11.executeScript(Unknown Source)
	at org.openqa.selenium.support.events.EventFiringWebDriver.executeScript(EventFiringWebDriver.java:229)
	at com.kms.katalon.core.webui.keyword.builtin.ClickKeyword$_click_closure1$_closure5.doCall(ClickKeyword.groovy:89)
	at com.kms.katalon.core.webui.keyword.builtin.ClickKeyword$_click_closure1$_closure5.doCall(ClickKeyword.groovy)
	at com.sun.proxy.$Proxy13.get(Unknown Source)
	at com.kms.katalon.core.trymonad.Try.ofFailable(Try.java:31)
	at com.kms.katalon.core.trymonad.Failure.orElseTry(Try.java:332)
	at com.kms.katalon.core.webui.keyword.builtin.ClickKeyword$_click_closure1.doCall(ClickKeyword.groovy:72)
	at com.kms.katalon.core.webui.keyword.builtin.ClickKeyword$_click_closure1.call(ClickKeyword.groovy)
	at com.kms.katalon.core.webui.keyword.internal.WebUIKeywordMain.runKeyword(WebUIKeywordMain.groovy:20)
	... 19 more]]></system-err>
      </testcase>
      <testcase name="Test Cases/p4p_1_newReservationBoarding" time="137.028" classname="Test Cases/p4p_1_newReservationBoarding" status="FAILED">
         <failure type="FAILED" message="Test Cases/p4p_1_newReservationBoarding FAILED.
Reason:
com.kms.katalon.core.exception.StepFailedException: Verify element text of test object 'Object Repository/obj_reservation/P4P_2/span_( BK )' FAILED.
	at com.kms.katalon.core.webui.keyword.internal.WebUIKeywordMain.stepFailed(WebUIKeywordMain.groovy:64)
	at com.kms.katalon.core.webui.keyword.internal.WebUIKeywordMain.runKeyword(WebUIKeywordMain.groovy:26)
	at com.kms.katalon.core.webui.keyword.builtin.VerifyElementTextKeyword.verifyElementText(VerifyElementTextKeyword.groovy:72)
	at com.kms.katalon.core.webui.keyword.builtin.VerifyElementTextKeyword.execute(VerifyElementTextKeyword.groovy:40)
	at com.kms.katalon.core.keyword.internal.KeywordExecutor.executeKeywordForPlatform(KeywordExecutor.groovy:60)
	at com.kms.katalon.core.webui.keyword.WebUiBuiltInKeywords.verifyElementText(WebUiBuiltInKeywords.groovy:3647)
	at com.kms.katalon.core.webui.keyword.WebUiBuiltInKeywords$verifyElementText$6.call(Unknown Source)
	at p4p_1_newReservationBoarding.run(p4p_1_newReservationBoarding:197)
	at com.kms.katalon.core.main.ScriptEngine.run(ScriptEngine.java:194)
	at com.kms.katalon.core.main.ScriptEngine.runScriptAsRawText(ScriptEngine.java:119)
	at com.kms.katalon.core.main.TestCaseExecutor.runScript(TestCaseExecutor.java:337)
	at com.kms.katalon.core.main.TestCaseExecutor.doExecute(TestCaseExecutor.java:328)
	at com.kms.katalon.core.main.TestCaseExecutor.processExecutionPhase(TestCaseExecutor.java:307)
	at com.kms.katalon.core.main.TestCaseExecutor.accessMainPhase(TestCaseExecutor.java:299)
	at com.kms.katalon.core.main.TestCaseExecutor.execute(TestCaseExecutor.java:233)
	at com.kms.katalon.core.main.TestSuiteExecutor.accessTestCaseMainPhase(TestSuiteExecutor.java:169)
	at com.kms.katalon.core.main.TestSuiteExecutor.accessTestSuiteMainPhase(TestSuiteExecutor.java:142)
	at com.kms.katalon.core.main.TestSuiteExecutor.execute(TestSuiteExecutor.java:91)
	at com.kms.katalon.core.main.TestCaseMain.startTestSuite(TestCaseMain.java:157)
	at com.kms.katalon.core.main.TestCaseMain$startTestSuite$0.call(Unknown Source)
	at TempTestSuite1579416243115.run(TempTestSuite1579416243115.groovy:36)
Caused by: com.kms.katalon.core.exception.StepFailedException: com.kms.katalon.core.webui.exception.WebElementNotFoundException: Web element with id: 'Object Repository/obj_reservation/P4P_2/span_( BK )' located by 'By.xpath: //div[@id='wrapper']/div/div/div/div/div/div/ul/li[4]/a/tab-heading/span' not found
	at com.kms.katalon.core.webui.keyword.internal.WebUIKeywordMain.stepFailed(WebUIKeywordMain.groovy:64)
	at com.kms.katalon.core.webui.keyword.builtin.VerifyElementTextKeyword$_verifyElementText_closure1.doCall(VerifyElementTextKeyword.groovy:64)
	at com.kms.katalon.core.webui.keyword.builtin.VerifyElementTextKeyword$_verifyElementText_closure1.call(VerifyElementTextKeyword.groovy)
	at com.kms.katalon.core.webui.keyword.internal.WebUIKeywordMain.runKeyword(WebUIKeywordMain.groovy:20)
	... 19 more
"/>
         <system-out><![CDATA[2020-01-19 00:48:25 - [TEST_CASE][FAILED] - Test Cases/p4p_1_newReservationBoarding: Test Cases/p4p_1_newReservationBoarding FAILED.
Reason:
com.kms.katalon.core.exception.StepFailedException: Verify element text of test object 'Object Repository/obj_reservation/P4P_2/span_( BK )' FAILED.
	at com.kms.katalon.core.webui.keyword.internal.WebUIKeywordMain.stepFailed(WebUIKeywordMain.groovy:64)
	at com.kms.katalon.core.webui.keyword.internal.WebUIKeywordMain.runKeyword(WebUIKeywordMain.groovy:26)
	at com.kms.katalon.core.webui.keyword.builtin.VerifyElementTextKeyword.verifyElementText(VerifyElementTextKeyword.groovy:72)
	at com.kms.katalon.core.webui.keyword.builtin.VerifyElementTextKeyword.execute(VerifyElementTextKeyword.groovy:40)
	at com.kms.katalon.core.keyword.internal.KeywordExecutor.executeKeywordForPlatform(KeywordExecutor.groovy:60)
	at com.kms.katalon.core.webui.keyword.WebUiBuiltInKeywords.verifyElementText(WebUiBuiltInKeywords.groovy:3647)
	at com.kms.katalon.core.webui.keyword.WebUiBuiltInKeywords$verifyElementText$6.call(Unknown Source)
	at p4p_1_newReservationBoarding.run(p4p_1_newReservationBoarding:197)
	at com.kms.katalon.core.main.ScriptEngine.run(ScriptEngine.java:194)
	at com.kms.katalon.core.main.ScriptEngine.runScriptAsRawText(ScriptEngine.java:119)
	at com.kms.katalon.core.main.TestCaseExecutor.runScript(TestCaseExecutor.java:337)
	at com.kms.katalon.core.main.TestCaseExecutor.doExecute(TestCaseExecutor.java:328)
	at com.kms.katalon.core.main.TestCaseExecutor.processExecutionPhase(TestCaseExecutor.java:307)
	at com.kms.katalon.core.main.TestCaseExecutor.accessMainPhase(TestCaseExecutor.java:299)
	at com.kms.katalon.core.main.TestCaseExecutor.execute(TestCaseExecutor.java:233)
	at com.kms.katalon.core.main.TestSuiteExecutor.accessTestCaseMainPhase(TestSuiteExecutor.java:169)
	at com.kms.katalon.core.main.TestSuiteExecutor.accessTestSuiteMainPhase(TestSuiteExecutor.java:142)
	at com.kms.katalon.core.main.TestSuiteExecutor.execute(TestSuiteExecutor.java:91)
	at com.kms.katalon.core.main.TestCaseMain.startTestSuite(TestCaseMain.java:157)
	at com.kms.katalon.core.main.TestCaseMain$startTestSuite$0.call(Unknown Source)
	at TempTestSuite1579416243115.run(TempTestSuite1579416243115.groovy:36)
Caused by: com.kms.katalon.core.exception.StepFailedException: com.kms.katalon.core.webui.exception.WebElementNotFoundException: Web element with id: 'Object Repository/obj_reservation/P4P_2/span_( BK )' located by 'By.xpath: //div[@id='wrapper']/div/div/div/div/div/div/ul/li[4]/a/tab-heading/span' not found
	at com.kms.katalon.core.webui.keyword.internal.WebUIKeywordMain.stepFailed(WebUIKeywordMain.groovy:64)
	at com.kms.katalon.core.webui.keyword.builtin.VerifyElementTextKeyword$_verifyElementText_closure1.doCall(VerifyElementTextKeyword.groovy:64)
	at com.kms.katalon.core.webui.keyword.builtin.VerifyElementTextKeyword$_verifyElementText_closure1.call(VerifyElementTextKeyword.groovy)
	at com.kms.katalon.core.webui.keyword.internal.WebUIKeywordMain.runKeyword(WebUIKeywordMain.groovy:20)
	... 19 more


2020-01-19 00:48:25 - [TEST_STEP][PASSED] - flagBoar = "0": null

2020-01-19 00:48:25 - [TEST_STEP][PASSED] - log = new com.kms.katalon.core.logging.KeywordLogger(): null

2020-01-19 00:48:25 - [TEST_STEP][PASSED] - fisNewRes = new java.io.FileInputStream(/home/leonardo-arkusmty/Desktop/P4P/DATA_AUTOMATINTESTING/data_1newReservationBoarding.xlsx): null

2020-01-19 00:48:25 - [TEST_STEP][PASSED] - fisInv = new java.io.FileInputStream(/home/leonardo-arkusmty/Desktop/P4P/DATA_AUTOMATINTESTING/data_3Invoices.xlsx): null

2020-01-19 00:48:25 - [TEST_STEP][PASSED] - workbookNewRes = new org.apache.poi.xssf.usermodel.XSSFWorkbook(fisNewRes): null

2020-01-19 00:48:25 - [TEST_STEP][PASSED] - workbookInv = new org.apache.poi.xssf.usermodel.XSSFWorkbook(fisInv): null

2020-01-19 00:48:25 - [TEST_STEP][PASSED] - sheetNewRes = workbookNewRes.getSheet("Sheet1"): null

2020-01-19 00:48:25 - [TEST_STEP][PASSED] - sheetInv = workbookInv.getSheet("Sheet1"): null

2020-01-19 00:48:25 - [TEST_STEP][PASSED] - rowCount = var_row: null

2020-01-19 00:48:25 - [TEST_STEP][PASSED] - var = Integer.parseInt(var_idRowRes): null

2020-01-19 00:48:25 - [TEST_STEP][PASSED] - rowNewRes = sheetNewRes.getRow(var): null

2020-01-19 00:48:25 - [TEST_STEP][PASSED] - rowInv = sheetInv.getRow(var): null

2020-01-19 00:48:25 - [TEST_STEP][PASSED] - today = new java.util.Date(): null

2020-01-19 00:48:25 - [TEST_STEP][PASSED] - todaysDate1 = today.format("yyyy"): null

2020-01-19 00:48:25 - [TEST_STEP][PASSED] - todaysDate2 = today.format("mm"): null

2020-01-19 00:48:25 - [TEST_STEP][PASSED] - todaysDate3 = today.format("dd"): null

2020-01-19 00:48:25 - [TEST_STEP][PASSED] - todaysDate4 = today.format("mmm/dd/yyyy"): null

2020-01-19 00:48:25 - [TEST_STEP][PASSED] - todaysDate5 = today.format("dd/mm/yyyy"): null

2020-01-19 00:48:25 - [TEST_STEP][PASSED] - nowTime = today.format("hhmm"): null

2020-01-19 00:48:25 - [TEST_STEP][PASSED] - dateCI = var_checkinD.split(","): null

2020-01-19 00:48:25 - [TEST_STEP][PASSED] - dateCO = var_checkoutD.split(","): null

2020-01-19 00:48:25 - [TEST_STEP][PASSED] - arryPets = var_pets.split(","): null

2020-01-19 00:48:25 - [TEST_STEP][PASSED] - openBrowser("https://p4p-qa-bg.aws.paradise4paws.com/login/"): Browser is opened with url: 'https://p4p-qa-bg.aws.paradise4paws.com/login/'

2020-01-19 00:48:25 - [MESSAGE][WARNING] - A browser is already opened. Closing browser and opening a new one

2020-01-19 00:48:25 - [MESSAGE][INFO] - Starting 'Chrome' driver

2020-01-19 00:48:32 - [MESSAGE][PASSED] - Browser is opened with url: 'https://p4p-qa-bg.aws.paradise4paws.com/login/'

2020-01-19 00:48:32 - [TEST_STEP][PASSED] - maximizeWindow(): Current window maximized

2020-01-19 00:48:32 - [MESSAGE][PASSED] - Current window maximized

2020-01-19 00:48:32 - [TEST_STEP][PASSED] - setText(findTestObject("obj_login/input_user"), var_user): Text 'jegchavez@gmail.com' is set on object 'Object Repository/obj_login/input_user'

2020-01-19 00:48:33 - [MESSAGE][PASSED] - Text 'jegchavez@gmail.com' is set on object 'Object Repository/obj_login/input_user'

2020-01-19 00:48:33 - [TEST_STEP][PASSED] - setText(findTestObject("obj_login/input_pass"), var_pass): Text 'admin1' is set on object 'Object Repository/obj_login/input_pass'

2020-01-19 00:48:34 - [MESSAGE][PASSED] - Text 'admin1' is set on object 'Object Repository/obj_login/input_pass'

2020-01-19 00:48:34 - [TEST_STEP][PASSED] - verifyElementClickable(findTestObject("obj_login/btn_login")): Object 'Object Repository/obj_login/btn_login' is clickable

2020-01-19 00:48:34 - [MESSAGE][PASSED] - Object 'Object Repository/obj_login/btn_login' is clickable

2020-01-19 00:48:34 - [TEST_STEP][PASSED] - click(findTestObject("obj_login/btn_login")): Object: 'Object Repository/obj_login/btn_login' is clicked on

2020-01-19 00:48:35 - [MESSAGE][PASSED] - Object: 'Object Repository/obj_login/btn_login' is clicked on

2020-01-19 00:48:35 - [TEST_STEP][PASSED] - setText(findTestObject("obj_dashboard_emp/input_search"), var_searchParent): Text 'katalon 1' is set on object 'Object Repository/obj_dashboard_emp/input_search'

2020-01-19 00:48:36 - [MESSAGE][PASSED] - Text 'katalon 1' is set on object 'Object Repository/obj_dashboard_emp/input_search'

2020-01-19 00:48:36 - [TEST_STEP][PASSED] - click(findTestObject("obj_dashboard_emp/btn_accountSearch")): Object: 'Object Repository/obj_dashboard_emp/btn_accountSearch' is clicked on

2020-01-19 00:48:37 - [MESSAGE][PASSED] - Object: 'Object Repository/obj_dashboard_emp/btn_accountSearch' is clicked on

2020-01-19 00:48:37 - [TEST_STEP][PASSED] - click(findTestObject("obj_accountInformation/a_TEST GABRIEL PROD")): Object: 'Object Repository/obj_accountInformation/a_TEST GABRIEL PROD' is clicked on

2020-01-19 00:48:39 - [MESSAGE][PASSED] - Object: 'Object Repository/obj_accountInformation/a_TEST GABRIEL PROD' is clicked on

2020-01-19 00:48:39 - [TEST_STEP][PASSED] - click(findTestObject("obj_profile/a_addReservation")): Object: 'Object Repository/obj_profile/a_addReservation' is clicked on

2020-01-19 00:48:44 - [MESSAGE][PASSED] - Object: 'Object Repository/obj_profile/a_addReservation' is clicked on

2020-01-19 00:48:44 - [TEST_STEP][PASSED] - click(findTestObject("obj_reservation/4_/btn_Boarding")): Object: 'Object Repository/obj_reservation/4_/btn_Boarding' is clicked on

2020-01-19 00:48:45 - [MESSAGE][PASSED] - Object: 'Object Repository/obj_reservation/4_/btn_Boarding' is clicked on

2020-01-19 00:48:45 - [TEST_STEP][PASSED] - flagBoar = "1": null

2020-01-19 00:48:45 - [TEST_STEP][PASSED] - click(findTestObject("obj_reservation/4_/i_location")): Object: 'Object Repository/obj_reservation/4_/i_location' is clicked on

2020-01-19 00:48:47 - [MESSAGE][PASSED] - Object: 'Object Repository/obj_reservation/4_/i_location' is clicked on

2020-01-19 00:48:47 - [TEST_STEP][PASSED] - click(findTestObject("obj_reservation/2_facility/i_" + var_idFacility + "_facility")): Object: 'Object Repository/obj_reservation/2_facility/i_3_facility' is clicked on

2020-01-19 00:48:48 - [MESSAGE][PASSED] - Object: 'Object Repository/obj_reservation/2_facility/i_3_facility' is clicked on

2020-01-19 00:48:48 - [TEST_STEP][PASSED] - click(findTestObject("obj_reservation/4_/dateCheckIn")): Object: 'Object Repository/obj_reservation/4_/dateCheckIn' is clicked on

2020-01-19 00:48:51 - [MESSAGE][PASSED] - Object: 'Object Repository/obj_reservation/4_/dateCheckIn' is clicked on

2020-01-19 00:48:51 - [TEST_STEP][PASSED] - click(findTestObject("obj_reservation/3_date2020/0120/CI/button_" + dateCI[0] + "01_ci")): Object: 'Object Repository/obj_reservation/3_date2020/0120/CI/button_2501_ci' is clicked on

2020-01-19 00:48:52 - [MESSAGE][PASSED] - Object: 'Object Repository/obj_reservation/3_date2020/0120/CI/button_2501_ci' is clicked on

2020-01-19 00:48:52 - [TEST_STEP][PASSED] - if (flagBoar == "1"): Object: 'Object Repository/obj_reservation/3_date2020/0120/CO/button_2601_co' is clicked on

2020-01-19 00:48:52 - [TEST_STEP][PASSED] - click(findTestObject("obj_reservation/4_/dateCheckOut")): Object: 'Object Repository/obj_reservation/4_/dateCheckOut' is clicked on

2020-01-19 00:48:52 - [MESSAGE][PASSED] - Object: 'Object Repository/obj_reservation/4_/dateCheckOut' is clicked on

2020-01-19 00:48:52 - [TEST_STEP][PASSED] - click(findTestObject("obj_reservation/3_date2020/0120/CO/button_" + dateCO[0] + "01_co")): Object: 'Object Repository/obj_reservation/3_date2020/0120/CO/button_2601_co' is clicked on

2020-01-19 00:48:53 - [MESSAGE][PASSED] - Object: 'Object Repository/obj_reservation/3_date2020/0120/CO/button_2601_co' is clicked on

2020-01-19 00:48:53 - [TEST_STEP][PASSED] - if (var_checkinT.size() == 1): null

2020-01-19 00:48:53 - [TEST_STEP][PASSED] - if (var_checkinT.size() == 2): null

2020-01-19 00:48:53 - [TEST_STEP][PASSED] - if (var_checkinT.size() == 3): null

2020-01-19 00:48:53 - [TEST_STEP][PASSED] - var_checkinT = "0" + var_checkinT: null

2020-01-19 00:48:53 - [TEST_STEP][PASSED] - click(findTestObject("obj_reservation/4_/timeCheckin")): Object: 'Object Repository/obj_reservation/4_/timeCheckin' is clicked on

2020-01-19 00:48:54 - [MESSAGE][PASSED] - Object: 'Object Repository/obj_reservation/4_/timeCheckin' is clicked on

2020-01-19 00:48:54 - [TEST_STEP][PASSED] - click(findTestObject("obj_reservation/0_horas/CI/time_" + var_checkinT + "_ci")): Object: 'Object Repository/obj_reservation/0_horas/CI/time_0800_ci' is clicked on

2020-01-19 00:48:54 - [MESSAGE][PASSED] - Object: 'Object Repository/obj_reservation/0_horas/CI/time_0800_ci' is clicked on

2020-01-19 00:48:54 - [TEST_STEP][PASSED] - click(findTestObject("obj_reservation/4_/timeCheckOut")): Object: 'Object Repository/obj_reservation/4_/timeCheckOut' is clicked on

2020-01-19 00:48:55 - [MESSAGE][PASSED] - Object: 'Object Repository/obj_reservation/4_/timeCheckOut' is clicked on

2020-01-19 00:48:55 - [TEST_STEP][PASSED] - click(findTestObject("obj_reservation/0_horas/CO/time_" + var_checkoutT + "_co")): Object: 'Object Repository/obj_reservation/0_horas/CO/time_1130_co' is clicked on

2020-01-19 00:48:56 - [MESSAGE][PASSED] - Object: 'Object Repository/obj_reservation/0_horas/CO/time_1130_co' is clicked on

2020-01-19 00:48:56 - [TEST_STEP][PASSED] - if (arryPets.size() == 1): null

2020-01-19 00:48:56 - [TEST_STEP][PASSED] - else if (arryPets.size() == 2): null

2020-01-19 00:48:56 - [TEST_STEP][PASSED] - else if (arryPets.size() == 3): Object: 'Object Repository/obj_reservation/4_/div_Athena' is clicked on

2020-01-19 00:48:56 - [TEST_STEP][PASSED] - click(findTestObject("obj_reservation/P4P_5/div_Ares")): Object: 'Object Repository/obj_reservation/P4P_5/div_Ares' is clicked on

2020-01-19 00:48:57 - [MESSAGE][PASSED] - Object: 'Object Repository/obj_reservation/P4P_5/div_Ares' is clicked on

2020-01-19 00:48:57 - [TEST_STEP][PASSED] - click(findTestObject("obj_reservation/4_/div_Zeus")): Object: 'Object Repository/obj_reservation/4_/div_Zeus' is clicked on

2020-01-19 00:49:02 - [MESSAGE][PASSED] - Object: 'Object Repository/obj_reservation/4_/div_Zeus' is clicked on

2020-01-19 00:49:02 - [TEST_STEP][PASSED] - click(findTestObject("obj_reservation/4_/div_Athena")): Object: 'Object Repository/obj_reservation/4_/div_Athena' is clicked on

2020-01-19 00:49:07 - [MESSAGE][PASSED] - Object: 'Object Repository/obj_reservation/4_/div_Athena' is clicked on

2020-01-19 00:49:07 - [TEST_STEP][PASSED] - varHoliday = 0: null

2020-01-19 00:49:07 - [TEST_STEP][PASSED] - try: Object: 'Object Repository/obj_reservation/4_/div_suite_rad_deluxe' is clicked on

2020-01-19 00:49:07 - [TEST_STEP][PASSED] - click(findTestObject("obj_reservation/4_/div_suite_rad_deluxe")): Object: 'Object Repository/obj_reservation/4_/div_suite_rad_deluxe' is clicked on

2020-01-19 00:49:12 - [MESSAGE][PASSED] - Object: 'Object Repository/obj_reservation/4_/div_suite_rad_deluxe' is clicked on

2020-01-19 00:49:12 - [TEST_STEP][PASSED] - click(findTestObject("obj_reservation/4_/btn_next2")): Object: 'Object Repository/obj_reservation/4_/btn_next2' is clicked on

2020-01-19 00:49:15 - [MESSAGE][PASSED] - Object: 'Object Repository/obj_reservation/4_/btn_next2' is clicked on

2020-01-19 00:49:15 - [TEST_STEP][PASSED] - click(findTestObject("obj_reservation/4_/btn_next2")): Object: 'Object Repository/obj_reservation/4_/btn_next2' is clicked on

2020-01-19 00:49:15 - [MESSAGE][PASSED] - Object: 'Object Repository/obj_reservation/4_/btn_next2' is clicked on

2020-01-19 00:49:15 - [TEST_STEP][PASSED] - click(findTestObject("obj_reservation/4_/button_Submit Reservation")): Object: 'Object Repository/obj_reservation/4_/button_Submit Reservation' is clicked on

2020-01-19 00:49:18 - [MESSAGE][PASSED] - Object: 'Object Repository/obj_reservation/4_/button_Submit Reservation' is clicked on

2020-01-19 00:49:18 - [TEST_STEP][PASSED] - if (flagBoar == "2" && var_repeatingEvery == "Daily" || var_repeatingEvery == "Monthly" || var_repeatingEvery == "Weekly"): null

2020-01-19 00:49:18 - [TEST_STEP][FAILED] - else: Verify element text of test object 'Object Repository/obj_reservation/P4P_2/span_( BK )' FAILED. (Root cause: com.kms.katalon.core.exception.StepFailedException: Verify element text of test object 'Object Repository/obj_reservation/P4P_2/span_( BK )' FAILED.
	at com.kms.katalon.core.webui.keyword.internal.WebUIKeywordMain.stepFailed(WebUIKeywordMain.groovy:64)
	at com.kms.katalon.core.webui.keyword.internal.WebUIKeywordMain.runKeyword(WebUIKeywordMain.groovy:26)
	at com.kms.katalon.core.webui.keyword.builtin.VerifyElementTextKeyword.verifyElementText(VerifyElementTextKeyword.groovy:72)
	at com.kms.katalon.core.webui.keyword.builtin.VerifyElementTextKeyword.execute(VerifyElementTextKeyword.groovy:40)
	at com.kms.katalon.core.keyword.internal.KeywordExecutor.executeKeywordForPlatform(KeywordExecutor.groovy:60)
	at com.kms.katalon.core.webui.keyword.WebUiBuiltInKeywords.verifyElementText(WebUiBuiltInKeywords.groovy:3647)
	at com.kms.katalon.core.webui.keyword.WebUiBuiltInKeywords$verifyElementText$6.call(Unknown Source)
	at p4p_1_newReservationBoarding.run(p4p_1_newReservationBoarding:197)
	at com.kms.katalon.core.main.ScriptEngine.run(ScriptEngine.java:194)
	at com.kms.katalon.core.main.ScriptEngine.runScriptAsRawText(ScriptEngine.java:119)
	at com.kms.katalon.core.main.TestCaseExecutor.runScript(TestCaseExecutor.java:337)
	at com.kms.katalon.core.main.TestCaseExecutor.doExecute(TestCaseExecutor.java:328)
	at com.kms.katalon.core.main.TestCaseExecutor.processExecutionPhase(TestCaseExecutor.java:307)
	at com.kms.katalon.core.main.TestCaseExecutor.accessMainPhase(TestCaseExecutor.java:299)
	at com.kms.katalon.core.main.TestCaseExecutor.execute(TestCaseExecutor.java:233)
	at com.kms.katalon.core.main.TestSuiteExecutor.accessTestCaseMainPhase(TestSuiteExecutor.java:169)
	at com.kms.katalon.core.main.TestSuiteExecutor.accessTestSuiteMainPhase(TestSuiteExecutor.java:142)
	at com.kms.katalon.core.main.TestSuiteExecutor.execute(TestSuiteExecutor.java:91)
	at com.kms.katalon.core.main.TestCaseMain.startTestSuite(TestCaseMain.java:157)
	at com.kms.katalon.core.main.TestCaseMain$startTestSuite$0.call(Unknown Source)
	at TempTestSuite1579416243115.run(TempTestSuite1579416243115.groovy:36)
Caused by: com.kms.katalon.core.exception.StepFailedException: com.kms.katalon.core.webui.exception.WebElementNotFoundException: Web element with id: 'Object Repository/obj_reservation/P4P_2/span_( BK )' located by 'By.xpath: //div[@id='wrapper']/div/div/div/div/div/div/ul/li[4]/a/tab-heading/span' not found
	at com.kms.katalon.core.webui.keyword.internal.WebUIKeywordMain.stepFailed(WebUIKeywordMain.groovy:64)
	at com.kms.katalon.core.webui.keyword.builtin.VerifyElementTextKeyword$_verifyElementText_closure1.doCall(VerifyElementTextKeyword.groovy:64)
	at com.kms.katalon.core.webui.keyword.builtin.VerifyElementTextKeyword$_verifyElementText_closure1.call(VerifyElementTextKeyword.groovy)
	at com.kms.katalon.core.webui.keyword.internal.WebUIKeywordMain.runKeyword(WebUIKeywordMain.groovy:20)
	... 19 more
)

2020-01-19 00:49:18 - [TEST_STEP][PASSED] - try: Object: 'Object Repository/obj_reservation/4_/button_Return To Reservation_2' is clicked on

2020-01-19 00:49:18 - [TEST_STEP][PASSED] - click(findTestObject("obj_reservation/4_/button_Return To Reservation_2"), CONTINUE_ON_FAILURE): Object: 'Object Repository/obj_reservation/4_/button_Return To Reservation_2' is clicked on

2020-01-19 00:49:24 - [MESSAGE][ERROR] - javascript error: Failed to execute 'elementsFromPoint' on 'Document': The provided double value is non-finite.
  (Session info: chrome=79.0.3945.88)
Build info: version: '3.141.59', revision: 'e82be7d358', time: '2018-11-14T08:25:53'
System info: host: 'leonardoarkusmty-Inspiron-5577', ip: '127.0.1.1', os.name: 'Linux', os.arch: 'amd64', os.version: '4.15.0-74-generic', java.version: '1.8.0_232'
Driver info: com.kms.katalon.selenium.driver.CChromeDriver
Capabilities {acceptInsecureCerts: false, browserName: chrome, browserVersion: 79.0.3945.88, chrome: {chromedriverVersion: 79.0.3945.36 (3582db32b3389..., userDataDir: /tmp/.com.google.Chrome.4iQ3UM}, goog:chromeOptions: {debuggerAddress: localhost:45937}, javascriptEnabled: true, networkConnectionEnabled: false, pageLoadStrategy: normal, platform: LINUX, platformName: LINUX, proxy: Proxy(), setWindowRect: true, strictFileInteractability: false, timeouts: {implicit: 0, pageLoad: 300000, script: 30000}, unhandledPromptBehavior: dismiss and notify}
Session ID: 1aad4c07e796441b0b0ad2cef531ae41

2020-01-19 00:49:54 - [MESSAGE][ERROR] - javascript error: Failed to execute 'elementsFromPoint' on 'Document': The provided double value is non-finite.
  (Session info: chrome=79.0.3945.88)
Build info: version: '3.141.59', revision: 'e82be7d358', time: '2018-11-14T08:25:53'
System info: host: 'leonardoarkusmty-Inspiron-5577', ip: '127.0.1.1', os.name: 'Linux', os.arch: 'amd64', os.version: '4.15.0-74-generic', java.version: '1.8.0_232'
Driver info: com.kms.katalon.selenium.driver.CChromeDriver
Capabilities {acceptInsecureCerts: false, browserName: chrome, browserVersion: 79.0.3945.88, chrome: {chromedriverVersion: 79.0.3945.36 (3582db32b3389..., userDataDir: /tmp/.com.google.Chrome.4iQ3UM}, goog:chromeOptions: {debuggerAddress: localhost:45937}, javascriptEnabled: true, networkConnectionEnabled: false, pageLoadStrategy: normal, platform: LINUX, platformName: LINUX, proxy: Proxy(), setWindowRect: true, strictFileInteractability: false, timeouts: {implicit: 0, pageLoad: 300000, script: 30000}, unhandledPromptBehavior: dismiss and notify}
Session ID: 1aad4c07e796441b0b0ad2cef531ae41

2020-01-19 00:49:54 - [MESSAGE][PASSED] - Object: 'Object Repository/obj_reservation/4_/button_Return To Reservation_2' is clicked on

2020-01-19 00:49:54 - [TEST_STEP][PASSED] - click(findTestObject("obj_reservation/P4P_2/button_Go to CheckOut")): Object: 'Object Repository/obj_reservation/P4P_2/button_Go to CheckOut' is clicked on

2020-01-19 00:49:57 - [MESSAGE][PASSED] - Object: 'Object Repository/obj_reservation/P4P_2/button_Go to CheckOut' is clicked on

2020-01-19 00:49:57 - [TEST_STEP][PASSED] - var_url = getUrl(): Current window's url is: 'https://p4p-qa-bg.aws.paradise4paws.com/reservations/add/?parent_id=122352'

2020-01-19 00:49:57 - [MESSAGE][PASSED] - Current window's url is: 'https://p4p-qa-bg.aws.paradise4paws.com/reservations/add/?parent_id=122352'

2020-01-19 00:49:57 - [TEST_STEP][PASSED] - arrayUrl = var_url.split("/"): null

2020-01-19 00:49:57 - [TEST_STEP][FAILED] - verifyElementText(findTestObject("obj_reservation/P4P_2/span_( BK )"), "( BK )", STOP_ON_FAILURE): Verify element text of test object 'Object Repository/obj_reservation/P4P_2/span_( BK )' FAILED. (Root cause: com.kms.katalon.core.exception.StepFailedException: Verify element text of test object 'Object Repository/obj_reservation/P4P_2/span_( BK )' FAILED.
	at com.kms.katalon.core.webui.keyword.internal.WebUIKeywordMain.stepFailed(WebUIKeywordMain.groovy:64)
	at com.kms.katalon.core.webui.keyword.internal.WebUIKeywordMain.runKeyword(WebUIKeywordMain.groovy:26)
	at com.kms.katalon.core.webui.keyword.builtin.VerifyElementTextKeyword.verifyElementText(VerifyElementTextKeyword.groovy:72)
	at com.kms.katalon.core.webui.keyword.builtin.VerifyElementTextKeyword.execute(VerifyElementTextKeyword.groovy:40)
	at com.kms.katalon.core.keyword.internal.KeywordExecutor.executeKeywordForPlatform(KeywordExecutor.groovy:60)
	at com.kms.katalon.core.webui.keyword.WebUiBuiltInKeywords.verifyElementText(WebUiBuiltInKeywords.groovy:3647)
	at com.kms.katalon.core.webui.keyword.WebUiBuiltInKeywords$verifyElementText$6.call(Unknown Source)
	at p4p_1_newReservationBoarding.run(p4p_1_newReservationBoarding:197)
	at com.kms.katalon.core.main.ScriptEngine.run(ScriptEngine.java:194)
	at com.kms.katalon.core.main.ScriptEngine.runScriptAsRawText(ScriptEngine.java:119)
	at com.kms.katalon.core.main.TestCaseExecutor.runScript(TestCaseExecutor.java:337)
	at com.kms.katalon.core.main.TestCaseExecutor.doExecute(TestCaseExecutor.java:328)
	at com.kms.katalon.core.main.TestCaseExecutor.processExecutionPhase(TestCaseExecutor.java:307)
	at com.kms.katalon.core.main.TestCaseExecutor.accessMainPhase(TestCaseExecutor.java:299)
	at com.kms.katalon.core.main.TestCaseExecutor.execute(TestCaseExecutor.java:233)
	at com.kms.katalon.core.main.TestSuiteExecutor.accessTestCaseMainPhase(TestSuiteExecutor.java:169)
	at com.kms.katalon.core.main.TestSuiteExecutor.accessTestSuiteMainPhase(TestSuiteExecutor.java:142)
	at com.kms.katalon.core.main.TestSuiteExecutor.execute(TestSuiteExecutor.java:91)
	at com.kms.katalon.core.main.TestCaseMain.startTestSuite(TestCaseMain.java:157)
	at com.kms.katalon.core.main.TestCaseMain$startTestSuite$0.call(Unknown Source)
	at TempTestSuite1579416243115.run(TempTestSuite1579416243115.groovy:36)
Caused by: com.kms.katalon.core.exception.StepFailedException: com.kms.katalon.core.webui.exception.WebElementNotFoundException: Web element with id: 'Object Repository/obj_reservation/P4P_2/span_( BK )' located by 'By.xpath: //div[@id='wrapper']/div/div/div/div/div/div/ul/li[4]/a/tab-heading/span' not found
	at com.kms.katalon.core.webui.keyword.internal.WebUIKeywordMain.stepFailed(WebUIKeywordMain.groovy:64)
	at com.kms.katalon.core.webui.keyword.builtin.VerifyElementTextKeyword$_verifyElementText_closure1.doCall(VerifyElementTextKeyword.groovy:64)
	at com.kms.katalon.core.webui.keyword.builtin.VerifyElementTextKeyword$_verifyElementText_closure1.call(VerifyElementTextKeyword.groovy)
	at com.kms.katalon.core.webui.keyword.internal.WebUIKeywordMain.runKeyword(WebUIKeywordMain.groovy:20)
	... 19 more
)

2020-01-19 00:50:41 - [MESSAGE][INFO] - Unable to find the element located by 'By.xpath: //div[@id='wrapper']/div/div/div/div/div/div/ul/li[4]/a/tab-heading/span'. Please recheck the objects properties to make sure the desired element is located. 

2020-01-19 00:50:42 - [MESSAGE][FAILED] - com.kms.katalon.core.webui.exception.WebElementNotFoundException: Web element with id: 'Object Repository/obj_reservation/P4P_2/span_( BK )' located by 'By.xpath: //div[@id='wrapper']/div/div/div/div/div/div/ul/li[4]/a/tab-heading/span' not found (Root cause: com.kms.katalon.core.exception.StepFailedException: com.kms.katalon.core.webui.exception.WebElementNotFoundException: Web element with id: 'Object Repository/obj_reservation/P4P_2/span_( BK )' located by 'By.xpath: //div[@id='wrapper']/div/div/div/div/div/div/ul/li[4]/a/tab-heading/span' not found
	at com.kms.katalon.core.webui.keyword.internal.WebUIKeywordMain.stepFailed(WebUIKeywordMain.groovy:64)
	at com.kms.katalon.core.webui.keyword.builtin.VerifyElementTextKeyword$_verifyElementText_closure1.doCall(VerifyElementTextKeyword.groovy:64)
	at com.kms.katalon.core.webui.keyword.builtin.VerifyElementTextKeyword$_verifyElementText_closure1.call(VerifyElementTextKeyword.groovy)
	at com.kms.katalon.core.webui.keyword.internal.WebUIKeywordMain.runKeyword(WebUIKeywordMain.groovy:20)
	at com.kms.katalon.core.webui.keyword.builtin.VerifyElementTextKeyword.verifyElementText(VerifyElementTextKeyword.groovy:72)
	at com.kms.katalon.core.webui.keyword.builtin.VerifyElementTextKeyword.execute(VerifyElementTextKeyword.groovy:40)
	at com.kms.katalon.core.keyword.internal.KeywordExecutor.executeKeywordForPlatform(KeywordExecutor.groovy:60)
	at com.kms.katalon.core.webui.keyword.WebUiBuiltInKeywords.verifyElementText(WebUiBuiltInKeywords.groovy:3647)
	at com.kms.katalon.core.webui.keyword.WebUiBuiltInKeywords$verifyElementText$6.call(Unknown Source)
	at p4p_1_newReservationBoarding.run(p4p_1_newReservationBoarding:197)
	at com.kms.katalon.core.main.ScriptEngine.run(ScriptEngine.java:194)
	at com.kms.katalon.core.main.ScriptEngine.runScriptAsRawText(ScriptEngine.java:119)
	at com.kms.katalon.core.main.TestCaseExecutor.runScript(TestCaseExecutor.java:337)
	at com.kms.katalon.core.main.TestCaseExecutor.doExecute(TestCaseExecutor.java:328)
	at com.kms.katalon.core.main.TestCaseExecutor.processExecutionPhase(TestCaseExecutor.java:307)
	at com.kms.katalon.core.main.TestCaseExecutor.accessMainPhase(TestCaseExecutor.java:299)
	at com.kms.katalon.core.main.TestCaseExecutor.execute(TestCaseExecutor.java:233)
	at com.kms.katalon.core.main.TestSuiteExecutor.accessTestCaseMainPhase(TestSuiteExecutor.java:169)
	at com.kms.katalon.core.main.TestSuiteExecutor.accessTestSuiteMainPhase(TestSuiteExecutor.java:142)
	at com.kms.katalon.core.main.TestSuiteExecutor.execute(TestSuiteExecutor.java:91)
	at com.kms.katalon.core.main.TestCaseMain.startTestSuite(TestCaseMain.java:157)
	at com.kms.katalon.core.main.TestCaseMain$startTestSuite$0.call(Unknown Source)
	at TempTestSuite1579416243115.run(TempTestSuite1579416243115.groovy:36)
)
[[ATTACHMENT|/home/leonardo-arkusmty/Documents/workspaceKatalon/p4ptest/Reports/20200119_004403/ts_1_newReservationBoarding/20200119_004403/1579416641950.png]]

2020-01-19 00:50:42 - [MESSAGE][FAILED] - Verify element text of test object 'Object Repository/obj_reservation/P4P_2/span_( BK )' FAILED. (Root cause: com.kms.katalon.core.exception.StepFailedException: Verify element text of test object 'Object Repository/obj_reservation/P4P_2/span_( BK )' FAILED.
	at com.kms.katalon.core.webui.keyword.internal.WebUIKeywordMain.stepFailed(WebUIKeywordMain.groovy:64)
	at com.kms.katalon.core.webui.keyword.internal.WebUIKeywordMain.runKeyword(WebUIKeywordMain.groovy:26)
	at com.kms.katalon.core.webui.keyword.builtin.VerifyElementTextKeyword.verifyElementText(VerifyElementTextKeyword.groovy:72)
	at com.kms.katalon.core.webui.keyword.builtin.VerifyElementTextKeyword.execute(VerifyElementTextKeyword.groovy:40)
	at com.kms.katalon.core.keyword.internal.KeywordExecutor.executeKeywordForPlatform(KeywordExecutor.groovy:60)
	at com.kms.katalon.core.webui.keyword.WebUiBuiltInKeywords.verifyElementText(WebUiBuiltInKeywords.groovy:3647)
	at com.kms.katalon.core.webui.keyword.WebUiBuiltInKeywords$verifyElementText$6.call(Unknown Source)
	at p4p_1_newReservationBoarding.run(p4p_1_newReservationBoarding:197)
	at com.kms.katalon.core.main.ScriptEngine.run(ScriptEngine.java:194)
	at com.kms.katalon.core.main.ScriptEngine.runScriptAsRawText(ScriptEngine.java:119)
	at com.kms.katalon.core.main.TestCaseExecutor.runScript(TestCaseExecutor.java:337)
	at com.kms.katalon.core.main.TestCaseExecutor.doExecute(TestCaseExecutor.java:328)
	at com.kms.katalon.core.main.TestCaseExecutor.processExecutionPhase(TestCaseExecutor.java:307)
	at com.kms.katalon.core.main.TestCaseExecutor.accessMainPhase(TestCaseExecutor.java:299)
	at com.kms.katalon.core.main.TestCaseExecutor.execute(TestCaseExecutor.java:233)
	at com.kms.katalon.core.main.TestSuiteExecutor.accessTestCaseMainPhase(TestSuiteExecutor.java:169)
	at com.kms.katalon.core.main.TestSuiteExecutor.accessTestSuiteMainPhase(TestSuiteExecutor.java:142)
	at com.kms.katalon.core.main.TestSuiteExecutor.execute(TestSuiteExecutor.java:91)
	at com.kms.katalon.core.main.TestCaseMain.startTestSuite(TestCaseMain.java:157)
	at com.kms.katalon.core.main.TestCaseMain$startTestSuite$0.call(Unknown Source)
	at TempTestSuite1579416243115.run(TempTestSuite1579416243115.groovy:36)
Caused by: com.kms.katalon.core.exception.StepFailedException: com.kms.katalon.core.webui.exception.WebElementNotFoundException: Web element with id: 'Object Repository/obj_reservation/P4P_2/span_( BK )' located by 'By.xpath: //div[@id='wrapper']/div/div/div/div/div/div/ul/li[4]/a/tab-heading/span' not found
	at com.kms.katalon.core.webui.keyword.internal.WebUIKeywordMain.stepFailed(WebUIKeywordMain.groovy:64)
	at com.kms.katalon.core.webui.keyword.builtin.VerifyElementTextKeyword$_verifyElementText_closure1.doCall(VerifyElementTextKeyword.groovy:64)
	at com.kms.katalon.core.webui.keyword.builtin.VerifyElementTextKeyword$_verifyElementText_closure1.call(VerifyElementTextKeyword.groovy)
	at com.kms.katalon.core.webui.keyword.internal.WebUIKeywordMain.runKeyword(WebUIKeywordMain.groovy:20)
	... 19 more
)
[[ATTACHMENT|/home/leonardo-arkusmty/Documents/workspaceKatalon/p4ptest/Reports/20200119_004403/ts_1_newReservationBoarding/20200119_004403/1579416642186.png]]]]></system-out>
         <system-err><![CDATA[2020-01-19 00:48:25 - [TEST_CASE][FAILED] - Test Cases/p4p_1_newReservationBoarding: Test Cases/p4p_1_newReservationBoarding FAILED.
Reason:
com.kms.katalon.core.exception.StepFailedException: Verify element text of test object 'Object Repository/obj_reservation/P4P_2/span_( BK )' FAILED.
	at com.kms.katalon.core.webui.keyword.internal.WebUIKeywordMain.stepFailed(WebUIKeywordMain.groovy:64)
	at com.kms.katalon.core.webui.keyword.internal.WebUIKeywordMain.runKeyword(WebUIKeywordMain.groovy:26)
	at com.kms.katalon.core.webui.keyword.builtin.VerifyElementTextKeyword.verifyElementText(VerifyElementTextKeyword.groovy:72)
	at com.kms.katalon.core.webui.keyword.builtin.VerifyElementTextKeyword.execute(VerifyElementTextKeyword.groovy:40)
	at com.kms.katalon.core.keyword.internal.KeywordExecutor.executeKeywordForPlatform(KeywordExecutor.groovy:60)
	at com.kms.katalon.core.webui.keyword.WebUiBuiltInKeywords.verifyElementText(WebUiBuiltInKeywords.groovy:3647)
	at com.kms.katalon.core.webui.keyword.WebUiBuiltInKeywords$verifyElementText$6.call(Unknown Source)
	at p4p_1_newReservationBoarding.run(p4p_1_newReservationBoarding:197)
	at com.kms.katalon.core.main.ScriptEngine.run(ScriptEngine.java:194)
	at com.kms.katalon.core.main.ScriptEngine.runScriptAsRawText(ScriptEngine.java:119)
	at com.kms.katalon.core.main.TestCaseExecutor.runScript(TestCaseExecutor.java:337)
	at com.kms.katalon.core.main.TestCaseExecutor.doExecute(TestCaseExecutor.java:328)
	at com.kms.katalon.core.main.TestCaseExecutor.processExecutionPhase(TestCaseExecutor.java:307)
	at com.kms.katalon.core.main.TestCaseExecutor.accessMainPhase(TestCaseExecutor.java:299)
	at com.kms.katalon.core.main.TestCaseExecutor.execute(TestCaseExecutor.java:233)
	at com.kms.katalon.core.main.TestSuiteExecutor.accessTestCaseMainPhase(TestSuiteExecutor.java:169)
	at com.kms.katalon.core.main.TestSuiteExecutor.accessTestSuiteMainPhase(TestSuiteExecutor.java:142)
	at com.kms.katalon.core.main.TestSuiteExecutor.execute(TestSuiteExecutor.java:91)
	at com.kms.katalon.core.main.TestCaseMain.startTestSuite(TestCaseMain.java:157)
	at com.kms.katalon.core.main.TestCaseMain$startTestSuite$0.call(Unknown Source)
	at TempTestSuite1579416243115.run(TempTestSuite1579416243115.groovy:36)
Caused by: com.kms.katalon.core.exception.StepFailedException: com.kms.katalon.core.webui.exception.WebElementNotFoundException: Web element with id: 'Object Repository/obj_reservation/P4P_2/span_( BK )' located by 'By.xpath: //div[@id='wrapper']/div/div/div/div/div/div/ul/li[4]/a/tab-heading/span' not found
	at com.kms.katalon.core.webui.keyword.internal.WebUIKeywordMain.stepFailed(WebUIKeywordMain.groovy:64)
	at com.kms.katalon.core.webui.keyword.builtin.VerifyElementTextKeyword$_verifyElementText_closure1.doCall(VerifyElementTextKeyword.groovy:64)
	at com.kms.katalon.core.webui.keyword.builtin.VerifyElementTextKeyword$_verifyElementText_closure1.call(VerifyElementTextKeyword.groovy)
	at com.kms.katalon.core.webui.keyword.internal.WebUIKeywordMain.runKeyword(WebUIKeywordMain.groovy:20)
	... 19 more]]></system-err>
      </testcase>
      <testcase name="Test Cases/p4p_1_newReservationBoarding" time="152.01" classname="Test Cases/p4p_1_newReservationBoarding" status="FAILED">
         <failure type="FAILED" message="Test Cases/p4p_1_newReservationBoarding FAILED.
Reason:
com.kms.katalon.core.exception.StepFailedException: Verify element text of test object 'Object Repository/obj_reservation/P4P_2/span_( BK )' FAILED.
	at com.kms.katalon.core.webui.keyword.internal.WebUIKeywordMain.stepFailed(WebUIKeywordMain.groovy:64)
	at com.kms.katalon.core.webui.keyword.internal.WebUIKeywordMain.runKeyword(WebUIKeywordMain.groovy:26)
	at com.kms.katalon.core.webui.keyword.builtin.VerifyElementTextKeyword.verifyElementText(VerifyElementTextKeyword.groovy:72)
	at com.kms.katalon.core.webui.keyword.builtin.VerifyElementTextKeyword.execute(VerifyElementTextKeyword.groovy:40)
	at com.kms.katalon.core.keyword.internal.KeywordExecutor.executeKeywordForPlatform(KeywordExecutor.groovy:60)
	at com.kms.katalon.core.webui.keyword.WebUiBuiltInKeywords.verifyElementText(WebUiBuiltInKeywords.groovy:3647)
	at com.kms.katalon.core.webui.keyword.WebUiBuiltInKeywords$verifyElementText$6.call(Unknown Source)
	at p4p_1_newReservationBoarding.run(p4p_1_newReservationBoarding:197)
	at com.kms.katalon.core.main.ScriptEngine.run(ScriptEngine.java:194)
	at com.kms.katalon.core.main.ScriptEngine.runScriptAsRawText(ScriptEngine.java:119)
	at com.kms.katalon.core.main.TestCaseExecutor.runScript(TestCaseExecutor.java:337)
	at com.kms.katalon.core.main.TestCaseExecutor.doExecute(TestCaseExecutor.java:328)
	at com.kms.katalon.core.main.TestCaseExecutor.processExecutionPhase(TestCaseExecutor.java:307)
	at com.kms.katalon.core.main.TestCaseExecutor.accessMainPhase(TestCaseExecutor.java:299)
	at com.kms.katalon.core.main.TestCaseExecutor.execute(TestCaseExecutor.java:233)
	at com.kms.katalon.core.main.TestSuiteExecutor.accessTestCaseMainPhase(TestSuiteExecutor.java:169)
	at com.kms.katalon.core.main.TestSuiteExecutor.accessTestSuiteMainPhase(TestSuiteExecutor.java:142)
	at com.kms.katalon.core.main.TestSuiteExecutor.execute(TestSuiteExecutor.java:91)
	at com.kms.katalon.core.main.TestCaseMain.startTestSuite(TestCaseMain.java:157)
	at com.kms.katalon.core.main.TestCaseMain$startTestSuite$0.call(Unknown Source)
	at TempTestSuite1579416243115.run(TempTestSuite1579416243115.groovy:36)
Caused by: com.kms.katalon.core.exception.StepFailedException: com.kms.katalon.core.webui.exception.WebElementNotFoundException: Web element with id: 'Object Repository/obj_reservation/P4P_2/span_( BK )' located by 'By.xpath: //div[@id='wrapper']/div/div/div/div/div/div/ul/li[4]/a/tab-heading/span' not found
	at com.kms.katalon.core.webui.keyword.internal.WebUIKeywordMain.stepFailed(WebUIKeywordMain.groovy:64)
	at com.kms.katalon.core.webui.keyword.builtin.VerifyElementTextKeyword$_verifyElementText_closure1.doCall(VerifyElementTextKeyword.groovy:64)
	at com.kms.katalon.core.webui.keyword.builtin.VerifyElementTextKeyword$_verifyElementText_closure1.call(VerifyElementTextKeyword.groovy)
	at com.kms.katalon.core.webui.keyword.internal.WebUIKeywordMain.runKeyword(WebUIKeywordMain.groovy:20)
	... 19 more
"/>
         <system-out><![CDATA[2020-01-19 00:50:42 - [TEST_CASE][FAILED] - Test Cases/p4p_1_newReservationBoarding: Test Cases/p4p_1_newReservationBoarding FAILED.
Reason:
com.kms.katalon.core.exception.StepFailedException: Verify element text of test object 'Object Repository/obj_reservation/P4P_2/span_( BK )' FAILED.
	at com.kms.katalon.core.webui.keyword.internal.WebUIKeywordMain.stepFailed(WebUIKeywordMain.groovy:64)
	at com.kms.katalon.core.webui.keyword.internal.WebUIKeywordMain.runKeyword(WebUIKeywordMain.groovy:26)
	at com.kms.katalon.core.webui.keyword.builtin.VerifyElementTextKeyword.verifyElementText(VerifyElementTextKeyword.groovy:72)
	at com.kms.katalon.core.webui.keyword.builtin.VerifyElementTextKeyword.execute(VerifyElementTextKeyword.groovy:40)
	at com.kms.katalon.core.keyword.internal.KeywordExecutor.executeKeywordForPlatform(KeywordExecutor.groovy:60)
	at com.kms.katalon.core.webui.keyword.WebUiBuiltInKeywords.verifyElementText(WebUiBuiltInKeywords.groovy:3647)
	at com.kms.katalon.core.webui.keyword.WebUiBuiltInKeywords$verifyElementText$6.call(Unknown Source)
	at p4p_1_newReservationBoarding.run(p4p_1_newReservationBoarding:197)
	at com.kms.katalon.core.main.ScriptEngine.run(ScriptEngine.java:194)
	at com.kms.katalon.core.main.ScriptEngine.runScriptAsRawText(ScriptEngine.java:119)
	at com.kms.katalon.core.main.TestCaseExecutor.runScript(TestCaseExecutor.java:337)
	at com.kms.katalon.core.main.TestCaseExecutor.doExecute(TestCaseExecutor.java:328)
	at com.kms.katalon.core.main.TestCaseExecutor.processExecutionPhase(TestCaseExecutor.java:307)
	at com.kms.katalon.core.main.TestCaseExecutor.accessMainPhase(TestCaseExecutor.java:299)
	at com.kms.katalon.core.main.TestCaseExecutor.execute(TestCaseExecutor.java:233)
	at com.kms.katalon.core.main.TestSuiteExecutor.accessTestCaseMainPhase(TestSuiteExecutor.java:169)
	at com.kms.katalon.core.main.TestSuiteExecutor.accessTestSuiteMainPhase(TestSuiteExecutor.java:142)
	at com.kms.katalon.core.main.TestSuiteExecutor.execute(TestSuiteExecutor.java:91)
	at com.kms.katalon.core.main.TestCaseMain.startTestSuite(TestCaseMain.java:157)
	at com.kms.katalon.core.main.TestCaseMain$startTestSuite$0.call(Unknown Source)
	at TempTestSuite1579416243115.run(TempTestSuite1579416243115.groovy:36)
Caused by: com.kms.katalon.core.exception.StepFailedException: com.kms.katalon.core.webui.exception.WebElementNotFoundException: Web element with id: 'Object Repository/obj_reservation/P4P_2/span_( BK )' located by 'By.xpath: //div[@id='wrapper']/div/div/div/div/div/div/ul/li[4]/a/tab-heading/span' not found
	at com.kms.katalon.core.webui.keyword.internal.WebUIKeywordMain.stepFailed(WebUIKeywordMain.groovy:64)
	at com.kms.katalon.core.webui.keyword.builtin.VerifyElementTextKeyword$_verifyElementText_closure1.doCall(VerifyElementTextKeyword.groovy:64)
	at com.kms.katalon.core.webui.keyword.builtin.VerifyElementTextKeyword$_verifyElementText_closure1.call(VerifyElementTextKeyword.groovy)
	at com.kms.katalon.core.webui.keyword.internal.WebUIKeywordMain.runKeyword(WebUIKeywordMain.groovy:20)
	... 19 more


2020-01-19 00:50:42 - [TEST_STEP][PASSED] - flagBoar = "0": null

2020-01-19 00:50:42 - [TEST_STEP][PASSED] - log = new com.kms.katalon.core.logging.KeywordLogger(): null

2020-01-19 00:50:42 - [TEST_STEP][PASSED] - fisNewRes = new java.io.FileInputStream(/home/leonardo-arkusmty/Desktop/P4P/DATA_AUTOMATINTESTING/data_1newReservationBoarding.xlsx): null

2020-01-19 00:50:42 - [TEST_STEP][PASSED] - fisInv = new java.io.FileInputStream(/home/leonardo-arkusmty/Desktop/P4P/DATA_AUTOMATINTESTING/data_3Invoices.xlsx): null

2020-01-19 00:50:42 - [TEST_STEP][PASSED] - workbookNewRes = new org.apache.poi.xssf.usermodel.XSSFWorkbook(fisNewRes): null

2020-01-19 00:50:42 - [TEST_STEP][PASSED] - workbookInv = new org.apache.poi.xssf.usermodel.XSSFWorkbook(fisInv): null

2020-01-19 00:50:42 - [TEST_STEP][PASSED] - sheetNewRes = workbookNewRes.getSheet("Sheet1"): null

2020-01-19 00:50:42 - [TEST_STEP][PASSED] - sheetInv = workbookInv.getSheet("Sheet1"): null

2020-01-19 00:50:42 - [TEST_STEP][PASSED] - rowCount = var_row: null

2020-01-19 00:50:42 - [TEST_STEP][PASSED] - var = Integer.parseInt(var_idRowRes): null

2020-01-19 00:50:42 - [TEST_STEP][PASSED] - rowNewRes = sheetNewRes.getRow(var): null

2020-01-19 00:50:42 - [TEST_STEP][PASSED] - rowInv = sheetInv.getRow(var): null

2020-01-19 00:50:42 - [TEST_STEP][PASSED] - today = new java.util.Date(): null

2020-01-19 00:50:42 - [TEST_STEP][PASSED] - todaysDate1 = today.format("yyyy"): null

2020-01-19 00:50:42 - [TEST_STEP][PASSED] - todaysDate2 = today.format("mm"): null

2020-01-19 00:50:42 - [TEST_STEP][PASSED] - todaysDate3 = today.format("dd"): null

2020-01-19 00:50:42 - [TEST_STEP][PASSED] - todaysDate4 = today.format("mmm/dd/yyyy"): null

2020-01-19 00:50:42 - [TEST_STEP][PASSED] - todaysDate5 = today.format("dd/mm/yyyy"): null

2020-01-19 00:50:42 - [TEST_STEP][PASSED] - nowTime = today.format("hhmm"): null

2020-01-19 00:50:42 - [TEST_STEP][PASSED] - dateCI = var_checkinD.split(","): null

2020-01-19 00:50:42 - [TEST_STEP][PASSED] - dateCO = var_checkoutD.split(","): null

2020-01-19 00:50:42 - [TEST_STEP][PASSED] - arryPets = var_pets.split(","): null

2020-01-19 00:50:42 - [TEST_STEP][PASSED] - openBrowser("https://p4p-qa-bg.aws.paradise4paws.com/login/"): Browser is opened with url: 'https://p4p-qa-bg.aws.paradise4paws.com/login/'

2020-01-19 00:50:42 - [MESSAGE][WARNING] - A browser is already opened. Closing browser and opening a new one

2020-01-19 00:50:42 - [MESSAGE][INFO] - Starting 'Chrome' driver

2020-01-19 00:50:45 - [MESSAGE][PASSED] - Browser is opened with url: 'https://p4p-qa-bg.aws.paradise4paws.com/login/'

2020-01-19 00:50:45 - [TEST_STEP][PASSED] - maximizeWindow(): Current window maximized

2020-01-19 00:50:45 - [MESSAGE][PASSED] - Current window maximized

2020-01-19 00:50:45 - [TEST_STEP][PASSED] - setText(findTestObject("obj_login/input_user"), var_user): Text 'jegchavez@gmail.com' is set on object 'Object Repository/obj_login/input_user'

2020-01-19 00:50:46 - [MESSAGE][PASSED] - Text 'jegchavez@gmail.com' is set on object 'Object Repository/obj_login/input_user'

2020-01-19 00:50:46 - [TEST_STEP][PASSED] - setText(findTestObject("obj_login/input_pass"), var_pass): Text 'admin1' is set on object 'Object Repository/obj_login/input_pass'

2020-01-19 00:50:46 - [MESSAGE][PASSED] - Text 'admin1' is set on object 'Object Repository/obj_login/input_pass'

2020-01-19 00:50:46 - [TEST_STEP][PASSED] - verifyElementClickable(findTestObject("obj_login/btn_login")): Object 'Object Repository/obj_login/btn_login' is clickable

2020-01-19 00:50:46 - [MESSAGE][PASSED] - Object 'Object Repository/obj_login/btn_login' is clickable

2020-01-19 00:50:46 - [TEST_STEP][PASSED] - click(findTestObject("obj_login/btn_login")): Object: 'Object Repository/obj_login/btn_login' is clicked on

2020-01-19 00:50:48 - [MESSAGE][PASSED] - Object: 'Object Repository/obj_login/btn_login' is clicked on

2020-01-19 00:50:48 - [TEST_STEP][PASSED] - setText(findTestObject("obj_dashboard_emp/input_search"), var_searchParent): Text 'katalon 1' is set on object 'Object Repository/obj_dashboard_emp/input_search'

2020-01-19 00:50:48 - [MESSAGE][PASSED] - Text 'katalon 1' is set on object 'Object Repository/obj_dashboard_emp/input_search'

2020-01-19 00:50:48 - [TEST_STEP][PASSED] - click(findTestObject("obj_dashboard_emp/btn_accountSearch")): Object: 'Object Repository/obj_dashboard_emp/btn_accountSearch' is clicked on

2020-01-19 00:50:49 - [MESSAGE][PASSED] - Object: 'Object Repository/obj_dashboard_emp/btn_accountSearch' is clicked on

2020-01-19 00:50:49 - [TEST_STEP][PASSED] - click(findTestObject("obj_accountInformation/a_TEST GABRIEL PROD")): Object: 'Object Repository/obj_accountInformation/a_TEST GABRIEL PROD' is clicked on

2020-01-19 00:50:51 - [MESSAGE][PASSED] - Object: 'Object Repository/obj_accountInformation/a_TEST GABRIEL PROD' is clicked on

2020-01-19 00:50:51 - [TEST_STEP][PASSED] - click(findTestObject("obj_profile/a_addReservation")): Object: 'Object Repository/obj_profile/a_addReservation' is clicked on

2020-01-19 00:50:56 - [MESSAGE][PASSED] - Object: 'Object Repository/obj_profile/a_addReservation' is clicked on

2020-01-19 00:50:56 - [TEST_STEP][PASSED] - click(findTestObject("obj_reservation/4_/btn_Boarding")): Object: 'Object Repository/obj_reservation/4_/btn_Boarding' is clicked on

2020-01-19 00:50:57 - [MESSAGE][PASSED] - Object: 'Object Repository/obj_reservation/4_/btn_Boarding' is clicked on

2020-01-19 00:50:57 - [TEST_STEP][PASSED] - flagBoar = "1": null

2020-01-19 00:50:57 - [TEST_STEP][PASSED] - click(findTestObject("obj_reservation/4_/i_location")): Object: 'Object Repository/obj_reservation/4_/i_location' is clicked on

2020-01-19 00:51:00 - [MESSAGE][PASSED] - Object: 'Object Repository/obj_reservation/4_/i_location' is clicked on

2020-01-19 00:51:00 - [TEST_STEP][PASSED] - click(findTestObject("obj_reservation/2_facility/i_" + var_idFacility + "_facility")): Object: 'Object Repository/obj_reservation/2_facility/i_3_facility' is clicked on

2020-01-19 00:51:00 - [MESSAGE][PASSED] - Object: 'Object Repository/obj_reservation/2_facility/i_3_facility' is clicked on

2020-01-19 00:51:00 - [TEST_STEP][PASSED] - click(findTestObject("obj_reservation/4_/dateCheckIn")): Object: 'Object Repository/obj_reservation/4_/dateCheckIn' is clicked on

2020-01-19 00:51:03 - [MESSAGE][PASSED] - Object: 'Object Repository/obj_reservation/4_/dateCheckIn' is clicked on

2020-01-19 00:51:03 - [TEST_STEP][PASSED] - click(findTestObject("obj_reservation/3_date2020/0120/CI/button_" + dateCI[0] + "01_ci")): Object: 'Object Repository/obj_reservation/3_date2020/0120/CI/button_2301_ci' is clicked on

2020-01-19 00:51:04 - [MESSAGE][PASSED] - Object: 'Object Repository/obj_reservation/3_date2020/0120/CI/button_2301_ci' is clicked on

2020-01-19 00:51:04 - [TEST_STEP][PASSED] - if (flagBoar == "1"): Object: 'Object Repository/obj_reservation/3_date2020/0120/CO/button_2401_co' is clicked on

2020-01-19 00:51:04 - [TEST_STEP][PASSED] - click(findTestObject("obj_reservation/4_/dateCheckOut")): Object: 'Object Repository/obj_reservation/4_/dateCheckOut' is clicked on

2020-01-19 00:51:05 - [MESSAGE][PASSED] - Object: 'Object Repository/obj_reservation/4_/dateCheckOut' is clicked on

2020-01-19 00:51:05 - [TEST_STEP][PASSED] - click(findTestObject("obj_reservation/3_date2020/0120/CO/button_" + dateCO[0] + "01_co")): Object: 'Object Repository/obj_reservation/3_date2020/0120/CO/button_2401_co' is clicked on

2020-01-19 00:51:06 - [MESSAGE][PASSED] - Object: 'Object Repository/obj_reservation/3_date2020/0120/CO/button_2401_co' is clicked on

2020-01-19 00:51:06 - [TEST_STEP][PASSED] - if (var_checkinT.size() == 1): null

2020-01-19 00:51:06 - [TEST_STEP][PASSED] - if (var_checkinT.size() == 2): null

2020-01-19 00:51:06 - [TEST_STEP][PASSED] - if (var_checkinT.size() == 3): null

2020-01-19 00:51:06 - [TEST_STEP][PASSED] - var_checkinT = "0" + var_checkinT: null

2020-01-19 00:51:06 - [TEST_STEP][PASSED] - click(findTestObject("obj_reservation/4_/timeCheckin")): Object: 'Object Repository/obj_reservation/4_/timeCheckin' is clicked on

2020-01-19 00:51:06 - [MESSAGE][PASSED] - Object: 'Object Repository/obj_reservation/4_/timeCheckin' is clicked on

2020-01-19 00:51:06 - [TEST_STEP][PASSED] - click(findTestObject("obj_reservation/0_horas/CI/time_" + var_checkinT + "_ci")): Object: 'Object Repository/obj_reservation/0_horas/CI/time_0830_ci' is clicked on

2020-01-19 00:51:07 - [MESSAGE][PASSED] - Object: 'Object Repository/obj_reservation/0_horas/CI/time_0830_ci' is clicked on

2020-01-19 00:51:07 - [TEST_STEP][PASSED] - click(findTestObject("obj_reservation/4_/timeCheckOut")): Object: 'Object Repository/obj_reservation/4_/timeCheckOut' is clicked on

2020-01-19 00:51:08 - [MESSAGE][PASSED] - Object: 'Object Repository/obj_reservation/4_/timeCheckOut' is clicked on

2020-01-19 00:51:08 - [TEST_STEP][PASSED] - click(findTestObject("obj_reservation/0_horas/CO/time_" + var_checkoutT + "_co")): Object: 'Object Repository/obj_reservation/0_horas/CO/time_1200_co' is clicked on

2020-01-19 00:51:09 - [MESSAGE][PASSED] - Object: 'Object Repository/obj_reservation/0_horas/CO/time_1200_co' is clicked on

2020-01-19 00:51:09 - [TEST_STEP][PASSED] - if (arryPets.size() == 1): null

2020-01-19 00:51:09 - [TEST_STEP][PASSED] - else if (arryPets.size() == 2): Object: 'Object Repository/obj_reservation/4_/div_Zeus' is clicked on

2020-01-19 00:51:09 - [TEST_STEP][PASSED] - click(findTestObject("obj_reservation/P4P_5/div_Ares")): Object: 'Object Repository/obj_reservation/P4P_5/div_Ares' is clicked on

2020-01-19 00:51:09 - [MESSAGE][PASSED] - Object: 'Object Repository/obj_reservation/P4P_5/div_Ares' is clicked on

2020-01-19 00:51:09 - [TEST_STEP][PASSED] - click(findTestObject("obj_reservation/4_/div_Zeus")): Object: 'Object Repository/obj_reservation/4_/div_Zeus' is clicked on

2020-01-19 00:51:14 - [MESSAGE][PASSED] - Object: 'Object Repository/obj_reservation/4_/div_Zeus' is clicked on

2020-01-19 00:51:14 - [TEST_STEP][PASSED] - varHoliday = 0: null

2020-01-19 00:51:14 - [TEST_STEP][PASSED] - try: Object: 'Object Repository/obj_reservation/4_/div_suite_rad_deluxe' is clicked on

2020-01-19 00:51:14 - [TEST_STEP][PASSED] - click(findTestObject("obj_reservation/4_/div_suite_rad_deluxe")): Object: 'Object Repository/obj_reservation/4_/div_suite_rad_deluxe' is clicked on

2020-01-19 00:51:21 - [MESSAGE][PASSED] - Object: 'Object Repository/obj_reservation/4_/div_suite_rad_deluxe' is clicked on

2020-01-19 00:51:21 - [TEST_STEP][PASSED] - click(findTestObject("obj_reservation/4_/btn_next2")): Object: 'Object Repository/obj_reservation/4_/btn_next2' is clicked on

2020-01-19 00:51:22 - [MESSAGE][PASSED] - Object: 'Object Repository/obj_reservation/4_/btn_next2' is clicked on

2020-01-19 00:51:22 - [TEST_STEP][PASSED] - click(findTestObject("obj_reservation/4_/btn_next2")): Object: 'Object Repository/obj_reservation/4_/btn_next2' is clicked on

2020-01-19 00:51:24 - [MESSAGE][PASSED] - Object: 'Object Repository/obj_reservation/4_/btn_next2' is clicked on

2020-01-19 00:51:24 - [TEST_STEP][PASSED] - click(findTestObject("obj_reservation/4_/button_Submit Reservation")): Object: 'Object Repository/obj_reservation/4_/button_Submit Reservation' is clicked on

2020-01-19 00:51:26 - [MESSAGE][PASSED] - Object: 'Object Repository/obj_reservation/4_/button_Submit Reservation' is clicked on

2020-01-19 00:51:26 - [TEST_STEP][PASSED] - if (flagBoar == "2" && var_repeatingEvery == "Daily" || var_repeatingEvery == "Monthly" || var_repeatingEvery == "Weekly"): null

2020-01-19 00:51:26 - [TEST_STEP][FAILED] - else: Verify element text of test object 'Object Repository/obj_reservation/P4P_2/span_( BK )' FAILED. (Root cause: com.kms.katalon.core.exception.StepFailedException: Verify element text of test object 'Object Repository/obj_reservation/P4P_2/span_( BK )' FAILED.
	at com.kms.katalon.core.webui.keyword.internal.WebUIKeywordMain.stepFailed(WebUIKeywordMain.groovy:64)
	at com.kms.katalon.core.webui.keyword.internal.WebUIKeywordMain.runKeyword(WebUIKeywordMain.groovy:26)
	at com.kms.katalon.core.webui.keyword.builtin.VerifyElementTextKeyword.verifyElementText(VerifyElementTextKeyword.groovy:72)
	at com.kms.katalon.core.webui.keyword.builtin.VerifyElementTextKeyword.execute(VerifyElementTextKeyword.groovy:40)
	at com.kms.katalon.core.keyword.internal.KeywordExecutor.executeKeywordForPlatform(KeywordExecutor.groovy:60)
	at com.kms.katalon.core.webui.keyword.WebUiBuiltInKeywords.verifyElementText(WebUiBuiltInKeywords.groovy:3647)
	at com.kms.katalon.core.webui.keyword.WebUiBuiltInKeywords$verifyElementText$6.call(Unknown Source)
	at p4p_1_newReservationBoarding.run(p4p_1_newReservationBoarding:197)
	at com.kms.katalon.core.main.ScriptEngine.run(ScriptEngine.java:194)
	at com.kms.katalon.core.main.ScriptEngine.runScriptAsRawText(ScriptEngine.java:119)
	at com.kms.katalon.core.main.TestCaseExecutor.runScript(TestCaseExecutor.java:337)
	at com.kms.katalon.core.main.TestCaseExecutor.doExecute(TestCaseExecutor.java:328)
	at com.kms.katalon.core.main.TestCaseExecutor.processExecutionPhase(TestCaseExecutor.java:307)
	at com.kms.katalon.core.main.TestCaseExecutor.accessMainPhase(TestCaseExecutor.java:299)
	at com.kms.katalon.core.main.TestCaseExecutor.execute(TestCaseExecutor.java:233)
	at com.kms.katalon.core.main.TestSuiteExecutor.accessTestCaseMainPhase(TestSuiteExecutor.java:169)
	at com.kms.katalon.core.main.TestSuiteExecutor.accessTestSuiteMainPhase(TestSuiteExecutor.java:142)
	at com.kms.katalon.core.main.TestSuiteExecutor.execute(TestSuiteExecutor.java:91)
	at com.kms.katalon.core.main.TestCaseMain.startTestSuite(TestCaseMain.java:157)
	at com.kms.katalon.core.main.TestCaseMain$startTestSuite$0.call(Unknown Source)
	at TempTestSuite1579416243115.run(TempTestSuite1579416243115.groovy:36)
Caused by: com.kms.katalon.core.exception.StepFailedException: com.kms.katalon.core.webui.exception.WebElementNotFoundException: Web element with id: 'Object Repository/obj_reservation/P4P_2/span_( BK )' located by 'By.xpath: //div[@id='wrapper']/div/div/div/div/div/div/ul/li[4]/a/tab-heading/span' not found
	at com.kms.katalon.core.webui.keyword.internal.WebUIKeywordMain.stepFailed(WebUIKeywordMain.groovy:64)
	at com.kms.katalon.core.webui.keyword.builtin.VerifyElementTextKeyword$_verifyElementText_closure1.doCall(VerifyElementTextKeyword.groovy:64)
	at com.kms.katalon.core.webui.keyword.builtin.VerifyElementTextKeyword$_verifyElementText_closure1.call(VerifyElementTextKeyword.groovy)
	at com.kms.katalon.core.webui.keyword.internal.WebUIKeywordMain.runKeyword(WebUIKeywordMain.groovy:20)
	... 19 more
)

2020-01-19 00:51:26 - [TEST_STEP][PASSED] - try: Object: 'Object Repository/obj_reservation/4_/button_Return To Reservation_2' is clicked on

2020-01-19 00:51:26 - [TEST_STEP][PASSED] - click(findTestObject("obj_reservation/4_/button_Return To Reservation_2"), CONTINUE_ON_FAILURE): Object: 'Object Repository/obj_reservation/4_/button_Return To Reservation_2' is clicked on

2020-01-19 00:51:27 - [MESSAGE][ERROR] - javascript error: Failed to execute 'elementsFromPoint' on 'Document': The provided double value is non-finite.
  (Session info: chrome=79.0.3945.88)
Build info: version: '3.141.59', revision: 'e82be7d358', time: '2018-11-14T08:25:53'
System info: host: 'leonardoarkusmty-Inspiron-5577', ip: '127.0.1.1', os.name: 'Linux', os.arch: 'amd64', os.version: '4.15.0-74-generic', java.version: '1.8.0_232'
Driver info: com.kms.katalon.selenium.driver.CChromeDriver
Capabilities {acceptInsecureCerts: false, browserName: chrome, browserVersion: 79.0.3945.88, chrome: {chromedriverVersion: 79.0.3945.36 (3582db32b3389..., userDataDir: /tmp/.com.google.Chrome.F1062G}, goog:chromeOptions: {debuggerAddress: localhost:42637}, javascriptEnabled: true, networkConnectionEnabled: false, pageLoadStrategy: normal, platform: LINUX, platformName: LINUX, proxy: Proxy(), setWindowRect: true, strictFileInteractability: false, timeouts: {implicit: 0, pageLoad: 300000, script: 30000}, unhandledPromptBehavior: dismiss and notify}
Session ID: 9e57ee44a5102b37abd717923ad5ec46

2020-01-19 00:51:57 - [MESSAGE][ERROR] - javascript error: Failed to execute 'elementsFromPoint' on 'Document': The provided double value is non-finite.
  (Session info: chrome=79.0.3945.88)
Build info: version: '3.141.59', revision: 'e82be7d358', time: '2018-11-14T08:25:53'
System info: host: 'leonardoarkusmty-Inspiron-5577', ip: '127.0.1.1', os.name: 'Linux', os.arch: 'amd64', os.version: '4.15.0-74-generic', java.version: '1.8.0_232'
Driver info: com.kms.katalon.selenium.driver.CChromeDriver
Capabilities {acceptInsecureCerts: false, browserName: chrome, browserVersion: 79.0.3945.88, chrome: {chromedriverVersion: 79.0.3945.36 (3582db32b3389..., userDataDir: /tmp/.com.google.Chrome.F1062G}, goog:chromeOptions: {debuggerAddress: localhost:42637}, javascriptEnabled: true, networkConnectionEnabled: false, pageLoadStrategy: normal, platform: LINUX, platformName: LINUX, proxy: Proxy(), setWindowRect: true, strictFileInteractability: false, timeouts: {implicit: 0, pageLoad: 300000, script: 30000}, unhandledPromptBehavior: dismiss and notify}
Session ID: 9e57ee44a5102b37abd717923ad5ec46

2020-01-19 00:51:57 - [MESSAGE][PASSED] - Object: 'Object Repository/obj_reservation/4_/button_Return To Reservation_2' is clicked on

2020-01-19 00:51:57 - [TEST_STEP][PASSED] - click(findTestObject("obj_reservation/P4P_2/button_Go to CheckOut")): Object: 'Object Repository/obj_reservation/P4P_2/button_Go to CheckOut' is clicked on

2020-01-19 00:52:29 - [MESSAGE][PASSED] - Object: 'Object Repository/obj_reservation/P4P_2/button_Go to CheckOut' is clicked on

2020-01-19 00:52:29 - [TEST_STEP][PASSED] - var_url = getUrl(): Current window's url is: 'https://p4p-qa-bg.aws.paradise4paws.com/reservations/add/?parent_id=122352'

2020-01-19 00:52:29 - [MESSAGE][PASSED] - Current window's url is: 'https://p4p-qa-bg.aws.paradise4paws.com/reservations/add/?parent_id=122352'

2020-01-19 00:52:29 - [TEST_STEP][PASSED] - arrayUrl = var_url.split("/"): null

2020-01-19 00:52:29 - [TEST_STEP][FAILED] - verifyElementText(findTestObject("obj_reservation/P4P_2/span_( BK )"), "( BK )", STOP_ON_FAILURE): Verify element text of test object 'Object Repository/obj_reservation/P4P_2/span_( BK )' FAILED. (Root cause: com.kms.katalon.core.exception.StepFailedException: Verify element text of test object 'Object Repository/obj_reservation/P4P_2/span_( BK )' FAILED.
	at com.kms.katalon.core.webui.keyword.internal.WebUIKeywordMain.stepFailed(WebUIKeywordMain.groovy:64)
	at com.kms.katalon.core.webui.keyword.internal.WebUIKeywordMain.runKeyword(WebUIKeywordMain.groovy:26)
	at com.kms.katalon.core.webui.keyword.builtin.VerifyElementTextKeyword.verifyElementText(VerifyElementTextKeyword.groovy:72)
	at com.kms.katalon.core.webui.keyword.builtin.VerifyElementTextKeyword.execute(VerifyElementTextKeyword.groovy:40)
	at com.kms.katalon.core.keyword.internal.KeywordExecutor.executeKeywordForPlatform(KeywordExecutor.groovy:60)
	at com.kms.katalon.core.webui.keyword.WebUiBuiltInKeywords.verifyElementText(WebUiBuiltInKeywords.groovy:3647)
	at com.kms.katalon.core.webui.keyword.WebUiBuiltInKeywords$verifyElementText$6.call(Unknown Source)
	at p4p_1_newReservationBoarding.run(p4p_1_newReservationBoarding:197)
	at com.kms.katalon.core.main.ScriptEngine.run(ScriptEngine.java:194)
	at com.kms.katalon.core.main.ScriptEngine.runScriptAsRawText(ScriptEngine.java:119)
	at com.kms.katalon.core.main.TestCaseExecutor.runScript(TestCaseExecutor.java:337)
	at com.kms.katalon.core.main.TestCaseExecutor.doExecute(TestCaseExecutor.java:328)
	at com.kms.katalon.core.main.TestCaseExecutor.processExecutionPhase(TestCaseExecutor.java:307)
	at com.kms.katalon.core.main.TestCaseExecutor.accessMainPhase(TestCaseExecutor.java:299)
	at com.kms.katalon.core.main.TestCaseExecutor.execute(TestCaseExecutor.java:233)
	at com.kms.katalon.core.main.TestSuiteExecutor.accessTestCaseMainPhase(TestSuiteExecutor.java:169)
	at com.kms.katalon.core.main.TestSuiteExecutor.accessTestSuiteMainPhase(TestSuiteExecutor.java:142)
	at com.kms.katalon.core.main.TestSuiteExecutor.execute(TestSuiteExecutor.java:91)
	at com.kms.katalon.core.main.TestCaseMain.startTestSuite(TestCaseMain.java:157)
	at com.kms.katalon.core.main.TestCaseMain$startTestSuite$0.call(Unknown Source)
	at TempTestSuite1579416243115.run(TempTestSuite1579416243115.groovy:36)
Caused by: com.kms.katalon.core.exception.StepFailedException: com.kms.katalon.core.webui.exception.WebElementNotFoundException: Web element with id: 'Object Repository/obj_reservation/P4P_2/span_( BK )' located by 'By.xpath: //div[@id='wrapper']/div/div/div/div/div/div/ul/li[4]/a/tab-heading/span' not found
	at com.kms.katalon.core.webui.keyword.internal.WebUIKeywordMain.stepFailed(WebUIKeywordMain.groovy:64)
	at com.kms.katalon.core.webui.keyword.builtin.VerifyElementTextKeyword$_verifyElementText_closure1.doCall(VerifyElementTextKeyword.groovy:64)
	at com.kms.katalon.core.webui.keyword.builtin.VerifyElementTextKeyword$_verifyElementText_closure1.call(VerifyElementTextKeyword.groovy)
	at com.kms.katalon.core.webui.keyword.internal.WebUIKeywordMain.runKeyword(WebUIKeywordMain.groovy:20)
	... 19 more
)

2020-01-19 00:53:14 - [MESSAGE][INFO] - Unable to find the element located by 'By.xpath: //div[@id='wrapper']/div/div/div/div/div/div/ul/li[4]/a/tab-heading/span'. Please recheck the objects properties to make sure the desired element is located. 

2020-01-19 00:53:14 - [MESSAGE][FAILED] - com.kms.katalon.core.webui.exception.WebElementNotFoundException: Web element with id: 'Object Repository/obj_reservation/P4P_2/span_( BK )' located by 'By.xpath: //div[@id='wrapper']/div/div/div/div/div/div/ul/li[4]/a/tab-heading/span' not found (Root cause: com.kms.katalon.core.exception.StepFailedException: com.kms.katalon.core.webui.exception.WebElementNotFoundException: Web element with id: 'Object Repository/obj_reservation/P4P_2/span_( BK )' located by 'By.xpath: //div[@id='wrapper']/div/div/div/div/div/div/ul/li[4]/a/tab-heading/span' not found
	at com.kms.katalon.core.webui.keyword.internal.WebUIKeywordMain.stepFailed(WebUIKeywordMain.groovy:64)
	at com.kms.katalon.core.webui.keyword.builtin.VerifyElementTextKeyword$_verifyElementText_closure1.doCall(VerifyElementTextKeyword.groovy:64)
	at com.kms.katalon.core.webui.keyword.builtin.VerifyElementTextKeyword$_verifyElementText_closure1.call(VerifyElementTextKeyword.groovy)
	at com.kms.katalon.core.webui.keyword.internal.WebUIKeywordMain.runKeyword(WebUIKeywordMain.groovy:20)
	at com.kms.katalon.core.webui.keyword.builtin.VerifyElementTextKeyword.verifyElementText(VerifyElementTextKeyword.groovy:72)
	at com.kms.katalon.core.webui.keyword.builtin.VerifyElementTextKeyword.execute(VerifyElementTextKeyword.groovy:40)
	at com.kms.katalon.core.keyword.internal.KeywordExecutor.executeKeywordForPlatform(KeywordExecutor.groovy:60)
	at com.kms.katalon.core.webui.keyword.WebUiBuiltInKeywords.verifyElementText(WebUiBuiltInKeywords.groovy:3647)
	at com.kms.katalon.core.webui.keyword.WebUiBuiltInKeywords$verifyElementText$6.call(Unknown Source)
	at p4p_1_newReservationBoarding.run(p4p_1_newReservationBoarding:197)
	at com.kms.katalon.core.main.ScriptEngine.run(ScriptEngine.java:194)
	at com.kms.katalon.core.main.ScriptEngine.runScriptAsRawText(ScriptEngine.java:119)
	at com.kms.katalon.core.main.TestCaseExecutor.runScript(TestCaseExecutor.java:337)
	at com.kms.katalon.core.main.TestCaseExecutor.doExecute(TestCaseExecutor.java:328)
	at com.kms.katalon.core.main.TestCaseExecutor.processExecutionPhase(TestCaseExecutor.java:307)
	at com.kms.katalon.core.main.TestCaseExecutor.accessMainPhase(TestCaseExecutor.java:299)
	at com.kms.katalon.core.main.TestCaseExecutor.execute(TestCaseExecutor.java:233)
	at com.kms.katalon.core.main.TestSuiteExecutor.accessTestCaseMainPhase(TestSuiteExecutor.java:169)
	at com.kms.katalon.core.main.TestSuiteExecutor.accessTestSuiteMainPhase(TestSuiteExecutor.java:142)
	at com.kms.katalon.core.main.TestSuiteExecutor.execute(TestSuiteExecutor.java:91)
	at com.kms.katalon.core.main.TestCaseMain.startTestSuite(TestCaseMain.java:157)
	at com.kms.katalon.core.main.TestCaseMain$startTestSuite$0.call(Unknown Source)
	at TempTestSuite1579416243115.run(TempTestSuite1579416243115.groovy:36)
)
[[ATTACHMENT|/home/leonardo-arkusmty/Documents/workspaceKatalon/p4ptest/Reports/20200119_004403/ts_1_newReservationBoarding/20200119_004403/1579416794023.png]]

2020-01-19 00:53:14 - [MESSAGE][FAILED] - Verify element text of test object 'Object Repository/obj_reservation/P4P_2/span_( BK )' FAILED. (Root cause: com.kms.katalon.core.exception.StepFailedException: Verify element text of test object 'Object Repository/obj_reservation/P4P_2/span_( BK )' FAILED.
	at com.kms.katalon.core.webui.keyword.internal.WebUIKeywordMain.stepFailed(WebUIKeywordMain.groovy:64)
	at com.kms.katalon.core.webui.keyword.internal.WebUIKeywordMain.runKeyword(WebUIKeywordMain.groovy:26)
	at com.kms.katalon.core.webui.keyword.builtin.VerifyElementTextKeyword.verifyElementText(VerifyElementTextKeyword.groovy:72)
	at com.kms.katalon.core.webui.keyword.builtin.VerifyElementTextKeyword.execute(VerifyElementTextKeyword.groovy:40)
	at com.kms.katalon.core.keyword.internal.KeywordExecutor.executeKeywordForPlatform(KeywordExecutor.groovy:60)
	at com.kms.katalon.core.webui.keyword.WebUiBuiltInKeywords.verifyElementText(WebUiBuiltInKeywords.groovy:3647)
	at com.kms.katalon.core.webui.keyword.WebUiBuiltInKeywords$verifyElementText$6.call(Unknown Source)
	at p4p_1_newReservationBoarding.run(p4p_1_newReservationBoarding:197)
	at com.kms.katalon.core.main.ScriptEngine.run(ScriptEngine.java:194)
	at com.kms.katalon.core.main.ScriptEngine.runScriptAsRawText(ScriptEngine.java:119)
	at com.kms.katalon.core.main.TestCaseExecutor.runScript(TestCaseExecutor.java:337)
	at com.kms.katalon.core.main.TestCaseExecutor.doExecute(TestCaseExecutor.java:328)
	at com.kms.katalon.core.main.TestCaseExecutor.processExecutionPhase(TestCaseExecutor.java:307)
	at com.kms.katalon.core.main.TestCaseExecutor.accessMainPhase(TestCaseExecutor.java:299)
	at com.kms.katalon.core.main.TestCaseExecutor.execute(TestCaseExecutor.java:233)
	at com.kms.katalon.core.main.TestSuiteExecutor.accessTestCaseMainPhase(TestSuiteExecutor.java:169)
	at com.kms.katalon.core.main.TestSuiteExecutor.accessTestSuiteMainPhase(TestSuiteExecutor.java:142)
	at com.kms.katalon.core.main.TestSuiteExecutor.execute(TestSuiteExecutor.java:91)
	at com.kms.katalon.core.main.TestCaseMain.startTestSuite(TestCaseMain.java:157)
	at com.kms.katalon.core.main.TestCaseMain$startTestSuite$0.call(Unknown Source)
	at TempTestSuite1579416243115.run(TempTestSuite1579416243115.groovy:36)
Caused by: com.kms.katalon.core.exception.StepFailedException: com.kms.katalon.core.webui.exception.WebElementNotFoundException: Web element with id: 'Object Repository/obj_reservation/P4P_2/span_( BK )' located by 'By.xpath: //div[@id='wrapper']/div/div/div/div/div/div/ul/li[4]/a/tab-heading/span' not found
	at com.kms.katalon.core.webui.keyword.internal.WebUIKeywordMain.stepFailed(WebUIKeywordMain.groovy:64)
	at com.kms.katalon.core.webui.keyword.builtin.VerifyElementTextKeyword$_verifyElementText_closure1.doCall(VerifyElementTextKeyword.groovy:64)
	at com.kms.katalon.core.webui.keyword.builtin.VerifyElementTextKeyword$_verifyElementText_closure1.call(VerifyElementTextKeyword.groovy)
	at com.kms.katalon.core.webui.keyword.internal.WebUIKeywordMain.runKeyword(WebUIKeywordMain.groovy:20)
	... 19 more
)
[[ATTACHMENT|/home/leonardo-arkusmty/Documents/workspaceKatalon/p4ptest/Reports/20200119_004403/ts_1_newReservationBoarding/20200119_004403/1579416794239.png]]]]></system-out>
         <system-err><![CDATA[2020-01-19 00:50:42 - [TEST_CASE][FAILED] - Test Cases/p4p_1_newReservationBoarding: Test Cases/p4p_1_newReservationBoarding FAILED.
Reason:
com.kms.katalon.core.exception.StepFailedException: Verify element text of test object 'Object Repository/obj_reservation/P4P_2/span_( BK )' FAILED.
	at com.kms.katalon.core.webui.keyword.internal.WebUIKeywordMain.stepFailed(WebUIKeywordMain.groovy:64)
	at com.kms.katalon.core.webui.keyword.internal.WebUIKeywordMain.runKeyword(WebUIKeywordMain.groovy:26)
	at com.kms.katalon.core.webui.keyword.builtin.VerifyElementTextKeyword.verifyElementText(VerifyElementTextKeyword.groovy:72)
	at com.kms.katalon.core.webui.keyword.builtin.VerifyElementTextKeyword.execute(VerifyElementTextKeyword.groovy:40)
	at com.kms.katalon.core.keyword.internal.KeywordExecutor.executeKeywordForPlatform(KeywordExecutor.groovy:60)
	at com.kms.katalon.core.webui.keyword.WebUiBuiltInKeywords.verifyElementText(WebUiBuiltInKeywords.groovy:3647)
	at com.kms.katalon.core.webui.keyword.WebUiBuiltInKeywords$verifyElementText$6.call(Unknown Source)
	at p4p_1_newReservationBoarding.run(p4p_1_newReservationBoarding:197)
	at com.kms.katalon.core.main.ScriptEngine.run(ScriptEngine.java:194)
	at com.kms.katalon.core.main.ScriptEngine.runScriptAsRawText(ScriptEngine.java:119)
	at com.kms.katalon.core.main.TestCaseExecutor.runScript(TestCaseExecutor.java:337)
	at com.kms.katalon.core.main.TestCaseExecutor.doExecute(TestCaseExecutor.java:328)
	at com.kms.katalon.core.main.TestCaseExecutor.processExecutionPhase(TestCaseExecutor.java:307)
	at com.kms.katalon.core.main.TestCaseExecutor.accessMainPhase(TestCaseExecutor.java:299)
	at com.kms.katalon.core.main.TestCaseExecutor.execute(TestCaseExecutor.java:233)
	at com.kms.katalon.core.main.TestSuiteExecutor.accessTestCaseMainPhase(TestSuiteExecutor.java:169)
	at com.kms.katalon.core.main.TestSuiteExecutor.accessTestSuiteMainPhase(TestSuiteExecutor.java:142)
	at com.kms.katalon.core.main.TestSuiteExecutor.execute(TestSuiteExecutor.java:91)
	at com.kms.katalon.core.main.TestCaseMain.startTestSuite(TestCaseMain.java:157)
	at com.kms.katalon.core.main.TestCaseMain$startTestSuite$0.call(Unknown Source)
	at TempTestSuite1579416243115.run(TempTestSuite1579416243115.groovy:36)
Caused by: com.kms.katalon.core.exception.StepFailedException: com.kms.katalon.core.webui.exception.WebElementNotFoundException: Web element with id: 'Object Repository/obj_reservation/P4P_2/span_( BK )' located by 'By.xpath: //div[@id='wrapper']/div/div/div/div/div/div/ul/li[4]/a/tab-heading/span' not found
	at com.kms.katalon.core.webui.keyword.internal.WebUIKeywordMain.stepFailed(WebUIKeywordMain.groovy:64)
	at com.kms.katalon.core.webui.keyword.builtin.VerifyElementTextKeyword$_verifyElementText_closure1.doCall(VerifyElementTextKeyword.groovy:64)
	at com.kms.katalon.core.webui.keyword.builtin.VerifyElementTextKeyword$_verifyElementText_closure1.call(VerifyElementTextKeyword.groovy)
	at com.kms.katalon.core.webui.keyword.internal.WebUIKeywordMain.runKeyword(WebUIKeywordMain.groovy:20)
	... 19 more]]></system-err>
      </testcase>
      <testcase name="Test Cases/p4p_1_newReservationBoarding" time="158.569" classname="Test Cases/p4p_1_newReservationBoarding" status="FAILED">
         <failure type="FAILED" message="Test Cases/p4p_1_newReservationBoarding FAILED.
Reason:
com.kms.katalon.core.exception.StepFailedException: Unable to click on object 'Object Repository/obj_reservation/4_/button_Return To Reservation_2' (Root cause: com.kms.katalon.core.exception.StepFailedException: Unable to click on object 'Object Repository/obj_reservation/4_/button_Return To Reservation_2'
	at com.kms.katalon.core.webui.keyword.internal.WebUIKeywordMain.stepFailed(WebUIKeywordMain.groovy:64)
	at com.kms.katalon.core.webui.keyword.internal.WebUIKeywordMain.runKeyword(WebUIKeywordMain.groovy:26)
	at com.kms.katalon.core.webui.keyword.builtin.ClickKeyword.click(ClickKeyword.groovy:99)
	at com.kms.katalon.core.webui.keyword.builtin.ClickKeyword.execute(ClickKeyword.groovy:43)
	at com.kms.katalon.core.keyword.internal.KeywordExecutor.executeKeywordForPlatform(KeywordExecutor.groovy:60)
	at com.kms.katalon.core.webui.keyword.WebUiBuiltInKeywords.click(WebUiBuiltInKeywords.groovy:604)
	at com.kms.katalon.core.webui.keyword.WebUiBuiltInKeywords$click$4.call(Unknown Source)
	at p4p_1_newReservationBoarding.run(p4p_1_newReservationBoarding:165)
	at com.kms.katalon.core.main.ScriptEngine.run(ScriptEngine.java:194)
	at com.kms.katalon.core.main.ScriptEngine.runScriptAsRawText(ScriptEngine.java:119)
	at com.kms.katalon.core.main.TestCaseExecutor.runScript(TestCaseExecutor.java:337)
	at com.kms.katalon.core.main.TestCaseExecutor.doExecute(TestCaseExecutor.java:328)
	at com.kms.katalon.core.main.TestCaseExecutor.processExecutionPhase(TestCaseExecutor.java:307)
	at com.kms.katalon.core.main.TestCaseExecutor.accessMainPhase(TestCaseExecutor.java:299)
	at com.kms.katalon.core.main.TestCaseExecutor.execute(TestCaseExecutor.java:233)
	at com.kms.katalon.core.main.TestSuiteExecutor.accessTestCaseMainPhase(TestSuiteExecutor.java:169)
	at com.kms.katalon.core.main.TestSuiteExecutor.accessTestSuiteMainPhase(TestSuiteExecutor.java:142)
	at com.kms.katalon.core.main.TestSuiteExecutor.execute(TestSuiteExecutor.java:91)
	at com.kms.katalon.core.main.TestCaseMain.startTestSuite(TestCaseMain.java:157)
	at com.kms.katalon.core.main.TestCaseMain$startTestSuite$0.call(Unknown Source)
	at TempTestSuite1579416243115.run(TempTestSuite1579416243115.groovy:36)
Caused by: com.kms.katalon.core.webui.exception.WebElementNotFoundException: Web element with id: 'Object Repository/obj_reservation/4_/button_Return To Reservation_2' located by 'By.xpath: (//button[@type='button'])[18]' not found
	at com.kms.katalon.core.webui.common.WebUiCommonHelper.findWebElement(WebUiCommonHelper.java:1113)
	at com.kms.katalon.core.webui.keyword.internal.WebUIAbstractKeyword.findWebElement(WebUIAbstractKeyword.groovy:27)
	at com.kms.katalon.core.webui.keyword.internal.WebUIAbstractKeyword.findWebElement(WebUIAbstractKeyword.groovy:26)
	at com.kms.katalon.core.webui.keyword.builtin.ClickKeyword$_click_closure1.doCall(ClickKeyword.groovy:68)
	at com.kms.katalon.core.webui.keyword.builtin.ClickKeyword$_click_closure1.call(ClickKeyword.groovy)
	at com.kms.katalon.core.webui.keyword.internal.WebUIKeywordMain.runKeyword(WebUIKeywordMain.groovy:20)
	at com.kms.katalon.core.webui.keyword.builtin.ClickKeyword.click(ClickKeyword.groovy:99)
	at com.kms.katalon.core.webui.keyword.builtin.ClickKeyword.execute(ClickKeyword.groovy:43)
	at com.kms.katalon.core.keyword.internal.KeywordExecutor.executeKeywordForPlatform(KeywordExecutor.groovy:60)
	at com.kms.katalon.core.webui.keyword.WebUiBuiltInKeywords.click(WebUiBuiltInKeywords.groovy:604)
	at com.kms.katalon.core.webui.keyword.WebUiBuiltInKeywords$click$4.call(Unknown Source)
	at Script1579191965857.run(Script1579191965857.groovy:165)
	... 13 more
)
	at com.kms.katalon.core.keyword.internal.KeywordMain.stepFailed(KeywordMain.groovy:39)
	at com.kms.katalon.core.webui.keyword.internal.WebUIKeywordMain.stepFailed(WebUIKeywordMain.groovy:64)
	at com.kms.katalon.core.webui.keyword.internal.WebUIKeywordMain.runKeyword(WebUIKeywordMain.groovy:26)
	at com.kms.katalon.core.webui.keyword.builtin.ClickKeyword.click(ClickKeyword.groovy:99)
	at com.kms.katalon.core.webui.keyword.builtin.ClickKeyword.execute(ClickKeyword.groovy:43)
	at com.kms.katalon.core.keyword.internal.KeywordExecutor.executeKeywordForPlatform(KeywordExecutor.groovy:60)
	at com.kms.katalon.core.webui.keyword.WebUiBuiltInKeywords.click(WebUiBuiltInKeywords.groovy:604)
	at com.kms.katalon.core.webui.keyword.WebUiBuiltInKeywords$click$4.call(Unknown Source)
	at p4p_1_newReservationBoarding.run(p4p_1_newReservationBoarding:165)
	at com.kms.katalon.core.main.ScriptEngine.run(ScriptEngine.java:194)
	at com.kms.katalon.core.main.ScriptEngine.runScriptAsRawText(ScriptEngine.java:119)
	at com.kms.katalon.core.main.TestCaseExecutor.runScript(TestCaseExecutor.java:337)
	at com.kms.katalon.core.main.TestCaseExecutor.doExecute(TestCaseExecutor.java:328)
	at com.kms.katalon.core.main.TestCaseExecutor.processExecutionPhase(TestCaseExecutor.java:307)
	at com.kms.katalon.core.main.TestCaseExecutor.accessMainPhase(TestCaseExecutor.java:299)
	at com.kms.katalon.core.main.TestCaseExecutor.execute(TestCaseExecutor.java:233)
	at com.kms.katalon.core.main.TestSuiteExecutor.accessTestCaseMainPhase(TestSuiteExecutor.java:169)
	at com.kms.katalon.core.main.TestSuiteExecutor.accessTestSuiteMainPhase(TestSuiteExecutor.java:142)
	at com.kms.katalon.core.main.TestSuiteExecutor.execute(TestSuiteExecutor.java:91)
	at com.kms.katalon.core.main.TestCaseMain.startTestSuite(TestCaseMain.java:157)
	at com.kms.katalon.core.main.TestCaseMain$startTestSuite$0.call(Unknown Source)
	at TempTestSuite1579416243115.run(TempTestSuite1579416243115.groovy:36)
Caused by: com.kms.katalon.core.exception.StepFailedException: Unable to click on object 'Object Repository/obj_reservation/4_/button_Return To Reservation_2'
	... 21 more
Caused by: com.kms.katalon.core.webui.exception.WebElementNotFoundException: Web element with id: 'Object Repository/obj_reservation/4_/button_Return To Reservation_2' located by 'By.xpath: (//button[@type='button'])[18]' not found
	at com.kms.katalon.core.webui.common.WebUiCommonHelper.findWebElement(WebUiCommonHelper.java:1113)
	at com.kms.katalon.core.webui.keyword.internal.WebUIAbstractKeyword.findWebElement(WebUIAbstractKeyword.groovy:27)
	at com.kms.katalon.core.webui.keyword.internal.WebUIAbstractKeyword.findWebElement(WebUIAbstractKeyword.groovy:26)
	at com.kms.katalon.core.webui.keyword.builtin.ClickKeyword$_click_closure1.doCall(ClickKeyword.groovy:68)
	at com.kms.katalon.core.webui.keyword.builtin.ClickKeyword$_click_closure1.call(ClickKeyword.groovy)
	at com.kms.katalon.core.webui.keyword.internal.WebUIKeywordMain.runKeyword(WebUIKeywordMain.groovy:20)
	... 19 more
"/>
         <system-out><![CDATA[2020-01-19 00:53:14 - [TEST_CASE][FAILED] - Test Cases/p4p_1_newReservationBoarding: Test Cases/p4p_1_newReservationBoarding FAILED.
Reason:
com.kms.katalon.core.exception.StepFailedException: Unable to click on object 'Object Repository/obj_reservation/4_/button_Return To Reservation_2' (Root cause: com.kms.katalon.core.exception.StepFailedException: Unable to click on object 'Object Repository/obj_reservation/4_/button_Return To Reservation_2'
	at com.kms.katalon.core.webui.keyword.internal.WebUIKeywordMain.stepFailed(WebUIKeywordMain.groovy:64)
	at com.kms.katalon.core.webui.keyword.internal.WebUIKeywordMain.runKeyword(WebUIKeywordMain.groovy:26)
	at com.kms.katalon.core.webui.keyword.builtin.ClickKeyword.click(ClickKeyword.groovy:99)
	at com.kms.katalon.core.webui.keyword.builtin.ClickKeyword.execute(ClickKeyword.groovy:43)
	at com.kms.katalon.core.keyword.internal.KeywordExecutor.executeKeywordForPlatform(KeywordExecutor.groovy:60)
	at com.kms.katalon.core.webui.keyword.WebUiBuiltInKeywords.click(WebUiBuiltInKeywords.groovy:604)
	at com.kms.katalon.core.webui.keyword.WebUiBuiltInKeywords$click$4.call(Unknown Source)
	at p4p_1_newReservationBoarding.run(p4p_1_newReservationBoarding:165)
	at com.kms.katalon.core.main.ScriptEngine.run(ScriptEngine.java:194)
	at com.kms.katalon.core.main.ScriptEngine.runScriptAsRawText(ScriptEngine.java:119)
	at com.kms.katalon.core.main.TestCaseExecutor.runScript(TestCaseExecutor.java:337)
	at com.kms.katalon.core.main.TestCaseExecutor.doExecute(TestCaseExecutor.java:328)
	at com.kms.katalon.core.main.TestCaseExecutor.processExecutionPhase(TestCaseExecutor.java:307)
	at com.kms.katalon.core.main.TestCaseExecutor.accessMainPhase(TestCaseExecutor.java:299)
	at com.kms.katalon.core.main.TestCaseExecutor.execute(TestCaseExecutor.java:233)
	at com.kms.katalon.core.main.TestSuiteExecutor.accessTestCaseMainPhase(TestSuiteExecutor.java:169)
	at com.kms.katalon.core.main.TestSuiteExecutor.accessTestSuiteMainPhase(TestSuiteExecutor.java:142)
	at com.kms.katalon.core.main.TestSuiteExecutor.execute(TestSuiteExecutor.java:91)
	at com.kms.katalon.core.main.TestCaseMain.startTestSuite(TestCaseMain.java:157)
	at com.kms.katalon.core.main.TestCaseMain$startTestSuite$0.call(Unknown Source)
	at TempTestSuite1579416243115.run(TempTestSuite1579416243115.groovy:36)
Caused by: com.kms.katalon.core.webui.exception.WebElementNotFoundException: Web element with id: 'Object Repository/obj_reservation/4_/button_Return To Reservation_2' located by 'By.xpath: (//button[@type='button'])[18]' not found
	at com.kms.katalon.core.webui.common.WebUiCommonHelper.findWebElement(WebUiCommonHelper.java:1113)
	at com.kms.katalon.core.webui.keyword.internal.WebUIAbstractKeyword.findWebElement(WebUIAbstractKeyword.groovy:27)
	at com.kms.katalon.core.webui.keyword.internal.WebUIAbstractKeyword.findWebElement(WebUIAbstractKeyword.groovy:26)
	at com.kms.katalon.core.webui.keyword.builtin.ClickKeyword$_click_closure1.doCall(ClickKeyword.groovy:68)
	at com.kms.katalon.core.webui.keyword.builtin.ClickKeyword$_click_closure1.call(ClickKeyword.groovy)
	at com.kms.katalon.core.webui.keyword.internal.WebUIKeywordMain.runKeyword(WebUIKeywordMain.groovy:20)
	at com.kms.katalon.core.webui.keyword.builtin.ClickKeyword.click(ClickKeyword.groovy:99)
	at com.kms.katalon.core.webui.keyword.builtin.ClickKeyword.execute(ClickKeyword.groovy:43)
	at com.kms.katalon.core.keyword.internal.KeywordExecutor.executeKeywordForPlatform(KeywordExecutor.groovy:60)
	at com.kms.katalon.core.webui.keyword.WebUiBuiltInKeywords.click(WebUiBuiltInKeywords.groovy:604)
	at com.kms.katalon.core.webui.keyword.WebUiBuiltInKeywords$click$4.call(Unknown Source)
	at Script1579191965857.run(Script1579191965857.groovy:165)
	... 13 more
)
	at com.kms.katalon.core.keyword.internal.KeywordMain.stepFailed(KeywordMain.groovy:39)
	at com.kms.katalon.core.webui.keyword.internal.WebUIKeywordMain.stepFailed(WebUIKeywordMain.groovy:64)
	at com.kms.katalon.core.webui.keyword.internal.WebUIKeywordMain.runKeyword(WebUIKeywordMain.groovy:26)
	at com.kms.katalon.core.webui.keyword.builtin.ClickKeyword.click(ClickKeyword.groovy:99)
	at com.kms.katalon.core.webui.keyword.builtin.ClickKeyword.execute(ClickKeyword.groovy:43)
	at com.kms.katalon.core.keyword.internal.KeywordExecutor.executeKeywordForPlatform(KeywordExecutor.groovy:60)
	at com.kms.katalon.core.webui.keyword.WebUiBuiltInKeywords.click(WebUiBuiltInKeywords.groovy:604)
	at com.kms.katalon.core.webui.keyword.WebUiBuiltInKeywords$click$4.call(Unknown Source)
	at p4p_1_newReservationBoarding.run(p4p_1_newReservationBoarding:165)
	at com.kms.katalon.core.main.ScriptEngine.run(ScriptEngine.java:194)
	at com.kms.katalon.core.main.ScriptEngine.runScriptAsRawText(ScriptEngine.java:119)
	at com.kms.katalon.core.main.TestCaseExecutor.runScript(TestCaseExecutor.java:337)
	at com.kms.katalon.core.main.TestCaseExecutor.doExecute(TestCaseExecutor.java:328)
	at com.kms.katalon.core.main.TestCaseExecutor.processExecutionPhase(TestCaseExecutor.java:307)
	at com.kms.katalon.core.main.TestCaseExecutor.accessMainPhase(TestCaseExecutor.java:299)
	at com.kms.katalon.core.main.TestCaseExecutor.execute(TestCaseExecutor.java:233)
	at com.kms.katalon.core.main.TestSuiteExecutor.accessTestCaseMainPhase(TestSuiteExecutor.java:169)
	at com.kms.katalon.core.main.TestSuiteExecutor.accessTestSuiteMainPhase(TestSuiteExecutor.java:142)
	at com.kms.katalon.core.main.TestSuiteExecutor.execute(TestSuiteExecutor.java:91)
	at com.kms.katalon.core.main.TestCaseMain.startTestSuite(TestCaseMain.java:157)
	at com.kms.katalon.core.main.TestCaseMain$startTestSuite$0.call(Unknown Source)
	at TempTestSuite1579416243115.run(TempTestSuite1579416243115.groovy:36)
Caused by: com.kms.katalon.core.exception.StepFailedException: Unable to click on object 'Object Repository/obj_reservation/4_/button_Return To Reservation_2'
	... 21 more
Caused by: com.kms.katalon.core.webui.exception.WebElementNotFoundException: Web element with id: 'Object Repository/obj_reservation/4_/button_Return To Reservation_2' located by 'By.xpath: (//button[@type='button'])[18]' not found
	at com.kms.katalon.core.webui.common.WebUiCommonHelper.findWebElement(WebUiCommonHelper.java:1113)
	at com.kms.katalon.core.webui.keyword.internal.WebUIAbstractKeyword.findWebElement(WebUIAbstractKeyword.groovy:27)
	at com.kms.katalon.core.webui.keyword.internal.WebUIAbstractKeyword.findWebElement(WebUIAbstractKeyword.groovy:26)
	at com.kms.katalon.core.webui.keyword.builtin.ClickKeyword$_click_closure1.doCall(ClickKeyword.groovy:68)
	at com.kms.katalon.core.webui.keyword.builtin.ClickKeyword$_click_closure1.call(ClickKeyword.groovy)
	at com.kms.katalon.core.webui.keyword.internal.WebUIKeywordMain.runKeyword(WebUIKeywordMain.groovy:20)
	... 19 more


2020-01-19 00:53:14 - [TEST_STEP][PASSED] - flagBoar = "0": null

2020-01-19 00:53:14 - [TEST_STEP][PASSED] - log = new com.kms.katalon.core.logging.KeywordLogger(): null

2020-01-19 00:53:14 - [TEST_STEP][PASSED] - fisNewRes = new java.io.FileInputStream(/home/leonardo-arkusmty/Desktop/P4P/DATA_AUTOMATINTESTING/data_1newReservationBoarding.xlsx): null

2020-01-19 00:53:14 - [TEST_STEP][PASSED] - fisInv = new java.io.FileInputStream(/home/leonardo-arkusmty/Desktop/P4P/DATA_AUTOMATINTESTING/data_3Invoices.xlsx): null

2020-01-19 00:53:14 - [TEST_STEP][PASSED] - workbookNewRes = new org.apache.poi.xssf.usermodel.XSSFWorkbook(fisNewRes): null

2020-01-19 00:53:14 - [TEST_STEP][PASSED] - workbookInv = new org.apache.poi.xssf.usermodel.XSSFWorkbook(fisInv): null

2020-01-19 00:53:14 - [TEST_STEP][PASSED] - sheetNewRes = workbookNewRes.getSheet("Sheet1"): null

2020-01-19 00:53:14 - [TEST_STEP][PASSED] - sheetInv = workbookInv.getSheet("Sheet1"): null

2020-01-19 00:53:14 - [TEST_STEP][PASSED] - rowCount = var_row: null

2020-01-19 00:53:14 - [TEST_STEP][PASSED] - var = Integer.parseInt(var_idRowRes): null

2020-01-19 00:53:14 - [TEST_STEP][PASSED] - rowNewRes = sheetNewRes.getRow(var): null

2020-01-19 00:53:14 - [TEST_STEP][PASSED] - rowInv = sheetInv.getRow(var): null

2020-01-19 00:53:14 - [TEST_STEP][PASSED] - today = new java.util.Date(): null

2020-01-19 00:53:14 - [TEST_STEP][PASSED] - todaysDate1 = today.format("yyyy"): null

2020-01-19 00:53:14 - [TEST_STEP][PASSED] - todaysDate2 = today.format("mm"): null

2020-01-19 00:53:14 - [TEST_STEP][PASSED] - todaysDate3 = today.format("dd"): null

2020-01-19 00:53:14 - [TEST_STEP][PASSED] - todaysDate4 = today.format("mmm/dd/yyyy"): null

2020-01-19 00:53:14 - [TEST_STEP][PASSED] - todaysDate5 = today.format("dd/mm/yyyy"): null

2020-01-19 00:53:14 - [TEST_STEP][PASSED] - nowTime = today.format("hhmm"): null

2020-01-19 00:53:14 - [TEST_STEP][PASSED] - dateCI = var_checkinD.split(","): null

2020-01-19 00:53:14 - [TEST_STEP][PASSED] - dateCO = var_checkoutD.split(","): null

2020-01-19 00:53:14 - [TEST_STEP][PASSED] - arryPets = var_pets.split(","): null

2020-01-19 00:53:14 - [TEST_STEP][PASSED] - openBrowser("https://p4p-qa-bg.aws.paradise4paws.com/login/"): Browser is opened with url: 'https://p4p-qa-bg.aws.paradise4paws.com/login/'

2020-01-19 00:53:14 - [MESSAGE][WARNING] - A browser is already opened. Closing browser and opening a new one

2020-01-19 00:53:14 - [MESSAGE][INFO] - Starting 'Chrome' driver

2020-01-19 00:53:17 - [MESSAGE][PASSED] - Browser is opened with url: 'https://p4p-qa-bg.aws.paradise4paws.com/login/'

2020-01-19 00:53:17 - [TEST_STEP][PASSED] - maximizeWindow(): Current window maximized

2020-01-19 00:53:17 - [MESSAGE][PASSED] - Current window maximized

2020-01-19 00:53:17 - [TEST_STEP][PASSED] - setText(findTestObject("obj_login/input_user"), var_user): Text 'jegchavez@gmail.com' is set on object 'Object Repository/obj_login/input_user'

2020-01-19 00:53:18 - [MESSAGE][PASSED] - Text 'jegchavez@gmail.com' is set on object 'Object Repository/obj_login/input_user'

2020-01-19 00:53:18 - [TEST_STEP][PASSED] - setText(findTestObject("obj_login/input_pass"), var_pass): Text 'admin1' is set on object 'Object Repository/obj_login/input_pass'

2020-01-19 00:53:18 - [MESSAGE][PASSED] - Text 'admin1' is set on object 'Object Repository/obj_login/input_pass'

2020-01-19 00:53:18 - [TEST_STEP][PASSED] - verifyElementClickable(findTestObject("obj_login/btn_login")): Object 'Object Repository/obj_login/btn_login' is clickable

2020-01-19 00:53:19 - [MESSAGE][PASSED] - Object 'Object Repository/obj_login/btn_login' is clickable

2020-01-19 00:53:19 - [TEST_STEP][PASSED] - click(findTestObject("obj_login/btn_login")): Object: 'Object Repository/obj_login/btn_login' is clicked on

2020-01-19 00:53:20 - [MESSAGE][PASSED] - Object: 'Object Repository/obj_login/btn_login' is clicked on

2020-01-19 00:53:20 - [TEST_STEP][PASSED] - setText(findTestObject("obj_dashboard_emp/input_search"), var_searchParent): Text 'katalon 1' is set on object 'Object Repository/obj_dashboard_emp/input_search'

2020-01-19 00:53:21 - [MESSAGE][PASSED] - Text 'katalon 1' is set on object 'Object Repository/obj_dashboard_emp/input_search'

2020-01-19 00:53:21 - [TEST_STEP][PASSED] - click(findTestObject("obj_dashboard_emp/btn_accountSearch")): Object: 'Object Repository/obj_dashboard_emp/btn_accountSearch' is clicked on

2020-01-19 00:53:21 - [MESSAGE][PASSED] - Object: 'Object Repository/obj_dashboard_emp/btn_accountSearch' is clicked on

2020-01-19 00:53:21 - [TEST_STEP][PASSED] - click(findTestObject("obj_accountInformation/a_TEST GABRIEL PROD")): Object: 'Object Repository/obj_accountInformation/a_TEST GABRIEL PROD' is clicked on

2020-01-19 00:53:23 - [MESSAGE][PASSED] - Object: 'Object Repository/obj_accountInformation/a_TEST GABRIEL PROD' is clicked on

2020-01-19 00:53:23 - [TEST_STEP][PASSED] - click(findTestObject("obj_profile/a_addReservation")): Object: 'Object Repository/obj_profile/a_addReservation' is clicked on

2020-01-19 00:53:27 - [MESSAGE][PASSED] - Object: 'Object Repository/obj_profile/a_addReservation' is clicked on

2020-01-19 00:53:27 - [TEST_STEP][PASSED] - click(findTestObject("obj_reservation/4_/btn_Boarding")): Object: 'Object Repository/obj_reservation/4_/btn_Boarding' is clicked on

2020-01-19 00:53:28 - [MESSAGE][PASSED] - Object: 'Object Repository/obj_reservation/4_/btn_Boarding' is clicked on

2020-01-19 00:53:28 - [TEST_STEP][PASSED] - flagBoar = "1": null

2020-01-19 00:53:28 - [TEST_STEP][PASSED] - click(findTestObject("obj_reservation/4_/i_location")): Object: 'Object Repository/obj_reservation/4_/i_location' is clicked on

2020-01-19 00:53:31 - [MESSAGE][PASSED] - Object: 'Object Repository/obj_reservation/4_/i_location' is clicked on

2020-01-19 00:53:31 - [TEST_STEP][PASSED] - click(findTestObject("obj_reservation/2_facility/i_" + var_idFacility + "_facility")): Object: 'Object Repository/obj_reservation/2_facility/i_3_facility' is clicked on

2020-01-19 00:53:31 - [MESSAGE][PASSED] - Object: 'Object Repository/obj_reservation/2_facility/i_3_facility' is clicked on

2020-01-19 00:53:31 - [TEST_STEP][PASSED] - click(findTestObject("obj_reservation/4_/dateCheckIn")): Object: 'Object Repository/obj_reservation/4_/dateCheckIn' is clicked on

2020-01-19 00:53:34 - [MESSAGE][PASSED] - Object: 'Object Repository/obj_reservation/4_/dateCheckIn' is clicked on

2020-01-19 00:53:34 - [TEST_STEP][PASSED] - click(findTestObject("obj_reservation/3_date2020/0120/CI/button_" + dateCI[0] + "01_ci")): Object: 'Object Repository/obj_reservation/3_date2020/0120/CI/button_2301_ci' is clicked on

2020-01-19 00:53:35 - [MESSAGE][PASSED] - Object: 'Object Repository/obj_reservation/3_date2020/0120/CI/button_2301_ci' is clicked on

2020-01-19 00:53:35 - [TEST_STEP][PASSED] - if (flagBoar == "1"): Object: 'Object Repository/obj_reservation/3_date2020/0120/CO/button_2401_co' is clicked on

2020-01-19 00:53:35 - [TEST_STEP][PASSED] - click(findTestObject("obj_reservation/4_/dateCheckOut")): Object: 'Object Repository/obj_reservation/4_/dateCheckOut' is clicked on

2020-01-19 00:53:36 - [MESSAGE][PASSED] - Object: 'Object Repository/obj_reservation/4_/dateCheckOut' is clicked on

2020-01-19 00:53:36 - [TEST_STEP][PASSED] - click(findTestObject("obj_reservation/3_date2020/0120/CO/button_" + dateCO[0] + "01_co")): Object: 'Object Repository/obj_reservation/3_date2020/0120/CO/button_2401_co' is clicked on

2020-01-19 00:53:37 - [MESSAGE][PASSED] - Object: 'Object Repository/obj_reservation/3_date2020/0120/CO/button_2401_co' is clicked on

2020-01-19 00:53:37 - [TEST_STEP][PASSED] - if (var_checkinT.size() == 1): null

2020-01-19 00:53:37 - [TEST_STEP][PASSED] - if (var_checkinT.size() == 2): null

2020-01-19 00:53:37 - [TEST_STEP][PASSED] - if (var_checkinT.size() == 3): null

2020-01-19 00:53:37 - [TEST_STEP][PASSED] - var_checkinT = "0" + var_checkinT: null

2020-01-19 00:53:37 - [TEST_STEP][PASSED] - click(findTestObject("obj_reservation/4_/timeCheckin")): Object: 'Object Repository/obj_reservation/4_/timeCheckin' is clicked on

2020-01-19 00:53:37 - [MESSAGE][PASSED] - Object: 'Object Repository/obj_reservation/4_/timeCheckin' is clicked on

2020-01-19 00:53:37 - [TEST_STEP][PASSED] - click(findTestObject("obj_reservation/0_horas/CI/time_" + var_checkinT + "_ci")): Object: 'Object Repository/obj_reservation/0_horas/CI/time_0800_ci' is clicked on

2020-01-19 00:53:38 - [MESSAGE][PASSED] - Object: 'Object Repository/obj_reservation/0_horas/CI/time_0800_ci' is clicked on

2020-01-19 00:53:38 - [TEST_STEP][PASSED] - click(findTestObject("obj_reservation/4_/timeCheckOut")): Object: 'Object Repository/obj_reservation/4_/timeCheckOut' is clicked on

2020-01-19 00:53:39 - [MESSAGE][PASSED] - Object: 'Object Repository/obj_reservation/4_/timeCheckOut' is clicked on

2020-01-19 00:53:39 - [TEST_STEP][PASSED] - click(findTestObject("obj_reservation/0_horas/CO/time_" + var_checkoutT + "_co")): Object: 'Object Repository/obj_reservation/0_horas/CO/time_1130_co' is clicked on

2020-01-19 00:53:40 - [MESSAGE][PASSED] - Object: 'Object Repository/obj_reservation/0_horas/CO/time_1130_co' is clicked on

2020-01-19 00:53:40 - [TEST_STEP][PASSED] - if (arryPets.size() == 1): Object: 'Object Repository/obj_reservation/P4P_5/div_Ares' is clicked on

2020-01-19 00:53:40 - [TEST_STEP][PASSED] - click(findTestObject("obj_reservation/P4P_5/div_Ares")): Object: 'Object Repository/obj_reservation/P4P_5/div_Ares' is clicked on

2020-01-19 00:53:41 - [MESSAGE][PASSED] - Object: 'Object Repository/obj_reservation/P4P_5/div_Ares' is clicked on

2020-01-19 00:53:41 - [TEST_STEP][PASSED] - varHoliday = 0: null

2020-01-19 00:53:41 - [TEST_STEP][PASSED] - try: Object: 'Object Repository/obj_reservation/4_/div_suite_rad_deluxe' is clicked on

2020-01-19 00:53:41 - [TEST_STEP][PASSED] - click(findTestObject("obj_reservation/4_/div_suite_rad_deluxe")): Object: 'Object Repository/obj_reservation/4_/div_suite_rad_deluxe' is clicked on

2020-01-19 00:53:46 - [MESSAGE][PASSED] - Object: 'Object Repository/obj_reservation/4_/div_suite_rad_deluxe' is clicked on

2020-01-19 00:53:46 - [TEST_STEP][PASSED] - click(findTestObject("obj_reservation/4_/btn_next2")): Object: 'Object Repository/obj_reservation/4_/btn_next2' is clicked on

2020-01-19 00:53:47 - [MESSAGE][PASSED] - Object: 'Object Repository/obj_reservation/4_/btn_next2' is clicked on

2020-01-19 00:53:47 - [TEST_STEP][PASSED] - click(findTestObject("obj_reservation/4_/btn_next2")): Object: 'Object Repository/obj_reservation/4_/btn_next2' is clicked on

2020-01-19 00:53:49 - [MESSAGE][PASSED] - Object: 'Object Repository/obj_reservation/4_/btn_next2' is clicked on

2020-01-19 00:53:49 - [TEST_STEP][PASSED] - click(findTestObject("obj_reservation/4_/button_Submit Reservation")): Object: 'Object Repository/obj_reservation/4_/button_Submit Reservation' is clicked on

2020-01-19 00:53:51 - [MESSAGE][PASSED] - Object: 'Object Repository/obj_reservation/4_/button_Submit Reservation' is clicked on

2020-01-19 00:53:51 - [TEST_STEP][PASSED] - if (flagBoar == "2" && var_repeatingEvery == "Daily" || var_repeatingEvery == "Monthly" || var_repeatingEvery == "Weekly"): null

2020-01-19 00:53:51 - [TEST_STEP][FAILED] - else: null

2020-01-19 00:53:51 - [TEST_STEP][FAILED] - try: Unable to click on object 'Object Repository/obj_reservation/4_/button_Return To Reservation_2' (Root cause: com.kms.katalon.core.exception.StepFailedException: Unable to click on object 'Object Repository/obj_reservation/4_/button_Return To Reservation_2'
	at com.kms.katalon.core.webui.keyword.internal.WebUIKeywordMain.stepFailed(WebUIKeywordMain.groovy:64)
	at com.kms.katalon.core.webui.keyword.internal.WebUIKeywordMain.runKeyword(WebUIKeywordMain.groovy:26)
	at com.kms.katalon.core.webui.keyword.builtin.ClickKeyword.click(ClickKeyword.groovy:99)
	at com.kms.katalon.core.webui.keyword.builtin.ClickKeyword.execute(ClickKeyword.groovy:43)
	at com.kms.katalon.core.keyword.internal.KeywordExecutor.executeKeywordForPlatform(KeywordExecutor.groovy:60)
	at com.kms.katalon.core.webui.keyword.WebUiBuiltInKeywords.click(WebUiBuiltInKeywords.groovy:604)
	at com.kms.katalon.core.webui.keyword.WebUiBuiltInKeywords$click$4.call(Unknown Source)
	at p4p_1_newReservationBoarding.run(p4p_1_newReservationBoarding:165)
	at com.kms.katalon.core.main.ScriptEngine.run(ScriptEngine.java:194)
	at com.kms.katalon.core.main.ScriptEngine.runScriptAsRawText(ScriptEngine.java:119)
	at com.kms.katalon.core.main.TestCaseExecutor.runScript(TestCaseExecutor.java:337)
	at com.kms.katalon.core.main.TestCaseExecutor.doExecute(TestCaseExecutor.java:328)
	at com.kms.katalon.core.main.TestCaseExecutor.processExecutionPhase(TestCaseExecutor.java:307)
	at com.kms.katalon.core.main.TestCaseExecutor.accessMainPhase(TestCaseExecutor.java:299)
	at com.kms.katalon.core.main.TestCaseExecutor.execute(TestCaseExecutor.java:233)
	at com.kms.katalon.core.main.TestSuiteExecutor.accessTestCaseMainPhase(TestSuiteExecutor.java:169)
	at com.kms.katalon.core.main.TestSuiteExecutor.accessTestSuiteMainPhase(TestSuiteExecutor.java:142)
	at com.kms.katalon.core.main.TestSuiteExecutor.execute(TestSuiteExecutor.java:91)
	at com.kms.katalon.core.main.TestCaseMain.startTestSuite(TestCaseMain.java:157)
	at com.kms.katalon.core.main.TestCaseMain$startTestSuite$0.call(Unknown Source)
	at TempTestSuite1579416243115.run(TempTestSuite1579416243115.groovy:36)
Caused by: com.kms.katalon.core.webui.exception.WebElementNotFoundException: Web element with id: 'Object Repository/obj_reservation/4_/button_Return To Reservation_2' located by 'By.xpath: (//button[@type='button'])[18]' not found
	at com.kms.katalon.core.webui.common.WebUiCommonHelper.findWebElement(WebUiCommonHelper.java:1113)
	at com.kms.katalon.core.webui.keyword.internal.WebUIAbstractKeyword.findWebElement(WebUIAbstractKeyword.groovy:27)
	at com.kms.katalon.core.webui.keyword.internal.WebUIAbstractKeyword.findWebElement(WebUIAbstractKeyword.groovy:26)
	at com.kms.katalon.core.webui.keyword.builtin.ClickKeyword$_click_closure1.doCall(ClickKeyword.groovy:68)
	at com.kms.katalon.core.webui.keyword.builtin.ClickKeyword$_click_closure1.call(ClickKeyword.groovy)
	at com.kms.katalon.core.webui.keyword.internal.WebUIKeywordMain.runKeyword(WebUIKeywordMain.groovy:20)
	at com.kms.katalon.core.webui.keyword.builtin.ClickKeyword.click(ClickKeyword.groovy:99)
	at com.kms.katalon.core.webui.keyword.builtin.ClickKeyword.execute(ClickKeyword.groovy:43)
	at com.kms.katalon.core.keyword.internal.KeywordExecutor.executeKeywordForPlatform(KeywordExecutor.groovy:60)
	at com.kms.katalon.core.webui.keyword.WebUiBuiltInKeywords.click(WebUiBuiltInKeywords.groovy:604)
	at com.kms.katalon.core.webui.keyword.WebUiBuiltInKeywords$click$4.call(Unknown Source)
	at Script1579191965857.run(Script1579191965857.groovy:165)
	... 13 more
)

2020-01-19 00:53:51 - [TEST_STEP][FAILED] - click(findTestObject("obj_reservation/4_/button_Return To Reservation_2"), CONTINUE_ON_FAILURE): Unable to click on object 'Object Repository/obj_reservation/4_/button_Return To Reservation_2' (Root cause: com.kms.katalon.core.exception.StepFailedException: Unable to click on object 'Object Repository/obj_reservation/4_/button_Return To Reservation_2'
	at com.kms.katalon.core.webui.keyword.internal.WebUIKeywordMain.stepFailed(WebUIKeywordMain.groovy:64)
	at com.kms.katalon.core.webui.keyword.internal.WebUIKeywordMain.runKeyword(WebUIKeywordMain.groovy:26)
	at com.kms.katalon.core.webui.keyword.builtin.ClickKeyword.click(ClickKeyword.groovy:99)
	at com.kms.katalon.core.webui.keyword.builtin.ClickKeyword.execute(ClickKeyword.groovy:43)
	at com.kms.katalon.core.keyword.internal.KeywordExecutor.executeKeywordForPlatform(KeywordExecutor.groovy:60)
	at com.kms.katalon.core.webui.keyword.WebUiBuiltInKeywords.click(WebUiBuiltInKeywords.groovy:604)
	at com.kms.katalon.core.webui.keyword.WebUiBuiltInKeywords$click$4.call(Unknown Source)
	at p4p_1_newReservationBoarding.run(p4p_1_newReservationBoarding:165)
	at com.kms.katalon.core.main.ScriptEngine.run(ScriptEngine.java:194)
	at com.kms.katalon.core.main.ScriptEngine.runScriptAsRawText(ScriptEngine.java:119)
	at com.kms.katalon.core.main.TestCaseExecutor.runScript(TestCaseExecutor.java:337)
	at com.kms.katalon.core.main.TestCaseExecutor.doExecute(TestCaseExecutor.java:328)
	at com.kms.katalon.core.main.TestCaseExecutor.processExecutionPhase(TestCaseExecutor.java:307)
	at com.kms.katalon.core.main.TestCaseExecutor.accessMainPhase(TestCaseExecutor.java:299)
	at com.kms.katalon.core.main.TestCaseExecutor.execute(TestCaseExecutor.java:233)
	at com.kms.katalon.core.main.TestSuiteExecutor.accessTestCaseMainPhase(TestSuiteExecutor.java:169)
	at com.kms.katalon.core.main.TestSuiteExecutor.accessTestSuiteMainPhase(TestSuiteExecutor.java:142)
	at com.kms.katalon.core.main.TestSuiteExecutor.execute(TestSuiteExecutor.java:91)
	at com.kms.katalon.core.main.TestCaseMain.startTestSuite(TestCaseMain.java:157)
	at com.kms.katalon.core.main.TestCaseMain$startTestSuite$0.call(Unknown Source)
	at TempTestSuite1579416243115.run(TempTestSuite1579416243115.groovy:36)
Caused by: com.kms.katalon.core.webui.exception.WebElementNotFoundException: Web element with id: 'Object Repository/obj_reservation/4_/button_Return To Reservation_2' located by 'By.xpath: (//button[@type='button'])[18]' not found
	at com.kms.katalon.core.webui.common.WebUiCommonHelper.findWebElement(WebUiCommonHelper.java:1113)
	at com.kms.katalon.core.webui.keyword.internal.WebUIAbstractKeyword.findWebElement(WebUIAbstractKeyword.groovy:27)
	at com.kms.katalon.core.webui.keyword.internal.WebUIAbstractKeyword.findWebElement(WebUIAbstractKeyword.groovy:26)
	at com.kms.katalon.core.webui.keyword.builtin.ClickKeyword$_click_closure1.doCall(ClickKeyword.groovy:68)
	at com.kms.katalon.core.webui.keyword.builtin.ClickKeyword$_click_closure1.call(ClickKeyword.groovy)
	at com.kms.katalon.core.webui.keyword.internal.WebUIKeywordMain.runKeyword(WebUIKeywordMain.groovy:20)
	at com.kms.katalon.core.webui.keyword.builtin.ClickKeyword.click(ClickKeyword.groovy:99)
	at com.kms.katalon.core.webui.keyword.builtin.ClickKeyword.execute(ClickKeyword.groovy:43)
	at com.kms.katalon.core.keyword.internal.KeywordExecutor.executeKeywordForPlatform(KeywordExecutor.groovy:60)
	at com.kms.katalon.core.webui.keyword.WebUiBuiltInKeywords.click(WebUiBuiltInKeywords.groovy:604)
	at com.kms.katalon.core.webui.keyword.WebUiBuiltInKeywords$click$4.call(Unknown Source)
	at Script1579191965857.run(Script1579191965857.groovy:165)
	... 13 more
)

2020-01-19 00:54:35 - [MESSAGE][INFO] - Unable to find the element located by 'By.xpath: (//button[@type='button'])[18]'. Please recheck the objects properties to make sure the desired element is located. 

2020-01-19 00:54:36 - [MESSAGE][FAILED] - Unable to click on object 'Object Repository/obj_reservation/4_/button_Return To Reservation_2' (Root cause: com.kms.katalon.core.exception.StepFailedException: Unable to click on object 'Object Repository/obj_reservation/4_/button_Return To Reservation_2'
	at com.kms.katalon.core.webui.keyword.internal.WebUIKeywordMain.stepFailed(WebUIKeywordMain.groovy:64)
	at com.kms.katalon.core.webui.keyword.internal.WebUIKeywordMain.runKeyword(WebUIKeywordMain.groovy:26)
	at com.kms.katalon.core.webui.keyword.builtin.ClickKeyword.click(ClickKeyword.groovy:99)
	at com.kms.katalon.core.webui.keyword.builtin.ClickKeyword.execute(ClickKeyword.groovy:43)
	at com.kms.katalon.core.keyword.internal.KeywordExecutor.executeKeywordForPlatform(KeywordExecutor.groovy:60)
	at com.kms.katalon.core.webui.keyword.WebUiBuiltInKeywords.click(WebUiBuiltInKeywords.groovy:604)
	at com.kms.katalon.core.webui.keyword.WebUiBuiltInKeywords$click$4.call(Unknown Source)
	at p4p_1_newReservationBoarding.run(p4p_1_newReservationBoarding:165)
	at com.kms.katalon.core.main.ScriptEngine.run(ScriptEngine.java:194)
	at com.kms.katalon.core.main.ScriptEngine.runScriptAsRawText(ScriptEngine.java:119)
	at com.kms.katalon.core.main.TestCaseExecutor.runScript(TestCaseExecutor.java:337)
	at com.kms.katalon.core.main.TestCaseExecutor.doExecute(TestCaseExecutor.java:328)
	at com.kms.katalon.core.main.TestCaseExecutor.processExecutionPhase(TestCaseExecutor.java:307)
	at com.kms.katalon.core.main.TestCaseExecutor.accessMainPhase(TestCaseExecutor.java:299)
	at com.kms.katalon.core.main.TestCaseExecutor.execute(TestCaseExecutor.java:233)
	at com.kms.katalon.core.main.TestSuiteExecutor.accessTestCaseMainPhase(TestSuiteExecutor.java:169)
	at com.kms.katalon.core.main.TestSuiteExecutor.accessTestSuiteMainPhase(TestSuiteExecutor.java:142)
	at com.kms.katalon.core.main.TestSuiteExecutor.execute(TestSuiteExecutor.java:91)
	at com.kms.katalon.core.main.TestCaseMain.startTestSuite(TestCaseMain.java:157)
	at com.kms.katalon.core.main.TestCaseMain$startTestSuite$0.call(Unknown Source)
	at TempTestSuite1579416243115.run(TempTestSuite1579416243115.groovy:36)
Caused by: com.kms.katalon.core.webui.exception.WebElementNotFoundException: Web element with id: 'Object Repository/obj_reservation/4_/button_Return To Reservation_2' located by 'By.xpath: (//button[@type='button'])[18]' not found
	at com.kms.katalon.core.webui.common.WebUiCommonHelper.findWebElement(WebUiCommonHelper.java:1113)
	at com.kms.katalon.core.webui.keyword.internal.WebUIAbstractKeyword.findWebElement(WebUIAbstractKeyword.groovy:27)
	at com.kms.katalon.core.webui.keyword.internal.WebUIAbstractKeyword.findWebElement(WebUIAbstractKeyword.groovy:26)
	at com.kms.katalon.core.webui.keyword.builtin.ClickKeyword$_click_closure1.doCall(ClickKeyword.groovy:68)
	at com.kms.katalon.core.webui.keyword.builtin.ClickKeyword$_click_closure1.call(ClickKeyword.groovy)
	at com.kms.katalon.core.webui.keyword.internal.WebUIKeywordMain.runKeyword(WebUIKeywordMain.groovy:20)
	at com.kms.katalon.core.webui.keyword.builtin.ClickKeyword.click(ClickKeyword.groovy:99)
	at com.kms.katalon.core.webui.keyword.builtin.ClickKeyword.execute(ClickKeyword.groovy:43)
	at com.kms.katalon.core.keyword.internal.KeywordExecutor.executeKeywordForPlatform(KeywordExecutor.groovy:60)
	at com.kms.katalon.core.webui.keyword.WebUiBuiltInKeywords.click(WebUiBuiltInKeywords.groovy:604)
	at com.kms.katalon.core.webui.keyword.WebUiBuiltInKeywords$click$4.call(Unknown Source)
	at Script1579191965857.run(Script1579191965857.groovy:165)
	... 13 more
)
[[ATTACHMENT|/home/leonardo-arkusmty/Documents/workspaceKatalon/p4ptest/Reports/20200119_004403/ts_1_newReservationBoarding/20200119_004403/1579416875864.png]]

2020-01-19 00:54:36 - [TEST_STEP][PASSED] - click(findTestObject("obj_reservation/P4P_2/button_Go to CheckOut")): Object: 'Object Repository/obj_reservation/P4P_2/button_Go to CheckOut' is clicked on

2020-01-19 00:55:07 - [MESSAGE][PASSED] - Object: 'Object Repository/obj_reservation/P4P_2/button_Go to CheckOut' is clicked on

2020-01-19 00:55:07 - [TEST_STEP][PASSED] - var_url = getUrl(): Current window's url is: 'https://p4p-qa-bg.aws.paradise4paws.com/reservations/add/?parent_id=122352'

2020-01-19 00:55:07 - [MESSAGE][PASSED] - Current window's url is: 'https://p4p-qa-bg.aws.paradise4paws.com/reservations/add/?parent_id=122352'

2020-01-19 00:55:07 - [TEST_STEP][PASSED] - arrayUrl = var_url.split("/"): null

2020-01-19 00:55:07 - [TEST_STEP][FAILED] - verifyElementText(findTestObject("obj_reservation/P4P_2/span_( BK )"), "( BK )", STOP_ON_FAILURE): Verify element text of test object 'Object Repository/obj_reservation/P4P_2/span_( BK )' FAILED. (Root cause: com.kms.katalon.core.exception.StepFailedException: Verify element text of test object 'Object Repository/obj_reservation/P4P_2/span_( BK )' FAILED.
	at com.kms.katalon.core.webui.keyword.internal.WebUIKeywordMain.stepFailed(WebUIKeywordMain.groovy:64)
	at com.kms.katalon.core.webui.keyword.internal.WebUIKeywordMain.runKeyword(WebUIKeywordMain.groovy:26)
	at com.kms.katalon.core.webui.keyword.builtin.VerifyElementTextKeyword.verifyElementText(VerifyElementTextKeyword.groovy:72)
	at com.kms.katalon.core.webui.keyword.builtin.VerifyElementTextKeyword.execute(VerifyElementTextKeyword.groovy:40)
	at com.kms.katalon.core.keyword.internal.KeywordExecutor.executeKeywordForPlatform(KeywordExecutor.groovy:60)
	at com.kms.katalon.core.webui.keyword.WebUiBuiltInKeywords.verifyElementText(WebUiBuiltInKeywords.groovy:3647)
	at com.kms.katalon.core.webui.keyword.WebUiBuiltInKeywords$verifyElementText$6.call(Unknown Source)
	at p4p_1_newReservationBoarding.run(p4p_1_newReservationBoarding:197)
	at com.kms.katalon.core.main.ScriptEngine.run(ScriptEngine.java:194)
	at com.kms.katalon.core.main.ScriptEngine.runScriptAsRawText(ScriptEngine.java:119)
	at com.kms.katalon.core.main.TestCaseExecutor.runScript(TestCaseExecutor.java:337)
	at com.kms.katalon.core.main.TestCaseExecutor.doExecute(TestCaseExecutor.java:328)
	at com.kms.katalon.core.main.TestCaseExecutor.processExecutionPhase(TestCaseExecutor.java:307)
	at com.kms.katalon.core.main.TestCaseExecutor.accessMainPhase(TestCaseExecutor.java:299)
	at com.kms.katalon.core.main.TestCaseExecutor.execute(TestCaseExecutor.java:233)
	at com.kms.katalon.core.main.TestSuiteExecutor.accessTestCaseMainPhase(TestSuiteExecutor.java:169)
	at com.kms.katalon.core.main.TestSuiteExecutor.accessTestSuiteMainPhase(TestSuiteExecutor.java:142)
	at com.kms.katalon.core.main.TestSuiteExecutor.execute(TestSuiteExecutor.java:91)
	at com.kms.katalon.core.main.TestCaseMain.startTestSuite(TestCaseMain.java:157)
	at com.kms.katalon.core.main.TestCaseMain$startTestSuite$0.call(Unknown Source)
	at TempTestSuite1579416243115.run(TempTestSuite1579416243115.groovy:36)
Caused by: com.kms.katalon.core.exception.StepFailedException: com.kms.katalon.core.webui.exception.WebElementNotFoundException: Web element with id: 'Object Repository/obj_reservation/P4P_2/span_( BK )' located by 'By.xpath: //div[@id='wrapper']/div/div/div/div/div/div/ul/li[4]/a/tab-heading/span' not found
	at com.kms.katalon.core.webui.keyword.internal.WebUIKeywordMain.stepFailed(WebUIKeywordMain.groovy:64)
	at com.kms.katalon.core.webui.keyword.builtin.VerifyElementTextKeyword$_verifyElementText_closure1.doCall(VerifyElementTextKeyword.groovy:64)
	at com.kms.katalon.core.webui.keyword.builtin.VerifyElementTextKeyword$_verifyElementText_closure1.call(VerifyElementTextKeyword.groovy)
	at com.kms.katalon.core.webui.keyword.internal.WebUIKeywordMain.runKeyword(WebUIKeywordMain.groovy:20)
	... 19 more
)

2020-01-19 00:55:52 - [MESSAGE][INFO] - Unable to find the element located by 'By.xpath: //div[@id='wrapper']/div/div/div/div/div/div/ul/li[4]/a/tab-heading/span'. Please recheck the objects properties to make sure the desired element is located. 

2020-01-19 00:55:52 - [MESSAGE][FAILED] - com.kms.katalon.core.webui.exception.WebElementNotFoundException: Web element with id: 'Object Repository/obj_reservation/P4P_2/span_( BK )' located by 'By.xpath: //div[@id='wrapper']/div/div/div/div/div/div/ul/li[4]/a/tab-heading/span' not found (Root cause: com.kms.katalon.core.exception.StepFailedException: com.kms.katalon.core.webui.exception.WebElementNotFoundException: Web element with id: 'Object Repository/obj_reservation/P4P_2/span_( BK )' located by 'By.xpath: //div[@id='wrapper']/div/div/div/div/div/div/ul/li[4]/a/tab-heading/span' not found
	at com.kms.katalon.core.webui.keyword.internal.WebUIKeywordMain.stepFailed(WebUIKeywordMain.groovy:64)
	at com.kms.katalon.core.webui.keyword.builtin.VerifyElementTextKeyword$_verifyElementText_closure1.doCall(VerifyElementTextKeyword.groovy:64)
	at com.kms.katalon.core.webui.keyword.builtin.VerifyElementTextKeyword$_verifyElementText_closure1.call(VerifyElementTextKeyword.groovy)
	at com.kms.katalon.core.webui.keyword.internal.WebUIKeywordMain.runKeyword(WebUIKeywordMain.groovy:20)
	at com.kms.katalon.core.webui.keyword.builtin.VerifyElementTextKeyword.verifyElementText(VerifyElementTextKeyword.groovy:72)
	at com.kms.katalon.core.webui.keyword.builtin.VerifyElementTextKeyword.execute(VerifyElementTextKeyword.groovy:40)
	at com.kms.katalon.core.keyword.internal.KeywordExecutor.executeKeywordForPlatform(KeywordExecutor.groovy:60)
	at com.kms.katalon.core.webui.keyword.WebUiBuiltInKeywords.verifyElementText(WebUiBuiltInKeywords.groovy:3647)
	at com.kms.katalon.core.webui.keyword.WebUiBuiltInKeywords$verifyElementText$6.call(Unknown Source)
	at p4p_1_newReservationBoarding.run(p4p_1_newReservationBoarding:197)
	at com.kms.katalon.core.main.ScriptEngine.run(ScriptEngine.java:194)
	at com.kms.katalon.core.main.ScriptEngine.runScriptAsRawText(ScriptEngine.java:119)
	at com.kms.katalon.core.main.TestCaseExecutor.runScript(TestCaseExecutor.java:337)
	at com.kms.katalon.core.main.TestCaseExecutor.doExecute(TestCaseExecutor.java:328)
	at com.kms.katalon.core.main.TestCaseExecutor.processExecutionPhase(TestCaseExecutor.java:307)
	at com.kms.katalon.core.main.TestCaseExecutor.accessMainPhase(TestCaseExecutor.java:299)
	at com.kms.katalon.core.main.TestCaseExecutor.execute(TestCaseExecutor.java:233)
	at com.kms.katalon.core.main.TestSuiteExecutor.accessTestCaseMainPhase(TestSuiteExecutor.java:169)
	at com.kms.katalon.core.main.TestSuiteExecutor.accessTestSuiteMainPhase(TestSuiteExecutor.java:142)
	at com.kms.katalon.core.main.TestSuiteExecutor.execute(TestSuiteExecutor.java:91)
	at com.kms.katalon.core.main.TestCaseMain.startTestSuite(TestCaseMain.java:157)
	at com.kms.katalon.core.main.TestCaseMain$startTestSuite$0.call(Unknown Source)
	at TempTestSuite1579416243115.run(TempTestSuite1579416243115.groovy:36)
)
[[ATTACHMENT|/home/leonardo-arkusmty/Documents/workspaceKatalon/p4ptest/Reports/20200119_004403/ts_1_newReservationBoarding/20200119_004403/1579416952674.png]]

2020-01-19 00:55:53 - [MESSAGE][FAILED] - Verify element text of test object 'Object Repository/obj_reservation/P4P_2/span_( BK )' FAILED. (Root cause: com.kms.katalon.core.exception.StepFailedException: Verify element text of test object 'Object Repository/obj_reservation/P4P_2/span_( BK )' FAILED.
	at com.kms.katalon.core.webui.keyword.internal.WebUIKeywordMain.stepFailed(WebUIKeywordMain.groovy:64)
	at com.kms.katalon.core.webui.keyword.internal.WebUIKeywordMain.runKeyword(WebUIKeywordMain.groovy:26)
	at com.kms.katalon.core.webui.keyword.builtin.VerifyElementTextKeyword.verifyElementText(VerifyElementTextKeyword.groovy:72)
	at com.kms.katalon.core.webui.keyword.builtin.VerifyElementTextKeyword.execute(VerifyElementTextKeyword.groovy:40)
	at com.kms.katalon.core.keyword.internal.KeywordExecutor.executeKeywordForPlatform(KeywordExecutor.groovy:60)
	at com.kms.katalon.core.webui.keyword.WebUiBuiltInKeywords.verifyElementText(WebUiBuiltInKeywords.groovy:3647)
	at com.kms.katalon.core.webui.keyword.WebUiBuiltInKeywords$verifyElementText$6.call(Unknown Source)
	at p4p_1_newReservationBoarding.run(p4p_1_newReservationBoarding:197)
	at com.kms.katalon.core.main.ScriptEngine.run(ScriptEngine.java:194)
	at com.kms.katalon.core.main.ScriptEngine.runScriptAsRawText(ScriptEngine.java:119)
	at com.kms.katalon.core.main.TestCaseExecutor.runScript(TestCaseExecutor.java:337)
	at com.kms.katalon.core.main.TestCaseExecutor.doExecute(TestCaseExecutor.java:328)
	at com.kms.katalon.core.main.TestCaseExecutor.processExecutionPhase(TestCaseExecutor.java:307)
	at com.kms.katalon.core.main.TestCaseExecutor.accessMainPhase(TestCaseExecutor.java:299)
	at com.kms.katalon.core.main.TestCaseExecutor.execute(TestCaseExecutor.java:233)
	at com.kms.katalon.core.main.TestSuiteExecutor.accessTestCaseMainPhase(TestSuiteExecutor.java:169)
	at com.kms.katalon.core.main.TestSuiteExecutor.accessTestSuiteMainPhase(TestSuiteExecutor.java:142)
	at com.kms.katalon.core.main.TestSuiteExecutor.execute(TestSuiteExecutor.java:91)
	at com.kms.katalon.core.main.TestCaseMain.startTestSuite(TestCaseMain.java:157)
	at com.kms.katalon.core.main.TestCaseMain$startTestSuite$0.call(Unknown Source)
	at TempTestSuite1579416243115.run(TempTestSuite1579416243115.groovy:36)
Caused by: com.kms.katalon.core.exception.StepFailedException: com.kms.katalon.core.webui.exception.WebElementNotFoundException: Web element with id: 'Object Repository/obj_reservation/P4P_2/span_( BK )' located by 'By.xpath: //div[@id='wrapper']/div/div/div/div/div/div/ul/li[4]/a/tab-heading/span' not found
	at com.kms.katalon.core.webui.keyword.internal.WebUIKeywordMain.stepFailed(WebUIKeywordMain.groovy:64)
	at com.kms.katalon.core.webui.keyword.builtin.VerifyElementTextKeyword$_verifyElementText_closure1.doCall(VerifyElementTextKeyword.groovy:64)
	at com.kms.katalon.core.webui.keyword.builtin.VerifyElementTextKeyword$_verifyElementText_closure1.call(VerifyElementTextKeyword.groovy)
	at com.kms.katalon.core.webui.keyword.internal.WebUIKeywordMain.runKeyword(WebUIKeywordMain.groovy:20)
	... 19 more
)
[[ATTACHMENT|/home/leonardo-arkusmty/Documents/workspaceKatalon/p4ptest/Reports/20200119_004403/ts_1_newReservationBoarding/20200119_004403/1579416952867.png]]]]></system-out>
         <system-err><![CDATA[2020-01-19 00:53:14 - [TEST_CASE][FAILED] - Test Cases/p4p_1_newReservationBoarding: Test Cases/p4p_1_newReservationBoarding FAILED.
Reason:
com.kms.katalon.core.exception.StepFailedException: Unable to click on object 'Object Repository/obj_reservation/4_/button_Return To Reservation_2' (Root cause: com.kms.katalon.core.exception.StepFailedException: Unable to click on object 'Object Repository/obj_reservation/4_/button_Return To Reservation_2'
	at com.kms.katalon.core.webui.keyword.internal.WebUIKeywordMain.stepFailed(WebUIKeywordMain.groovy:64)
	at com.kms.katalon.core.webui.keyword.internal.WebUIKeywordMain.runKeyword(WebUIKeywordMain.groovy:26)
	at com.kms.katalon.core.webui.keyword.builtin.ClickKeyword.click(ClickKeyword.groovy:99)
	at com.kms.katalon.core.webui.keyword.builtin.ClickKeyword.execute(ClickKeyword.groovy:43)
	at com.kms.katalon.core.keyword.internal.KeywordExecutor.executeKeywordForPlatform(KeywordExecutor.groovy:60)
	at com.kms.katalon.core.webui.keyword.WebUiBuiltInKeywords.click(WebUiBuiltInKeywords.groovy:604)
	at com.kms.katalon.core.webui.keyword.WebUiBuiltInKeywords$click$4.call(Unknown Source)
	at p4p_1_newReservationBoarding.run(p4p_1_newReservationBoarding:165)
	at com.kms.katalon.core.main.ScriptEngine.run(ScriptEngine.java:194)
	at com.kms.katalon.core.main.ScriptEngine.runScriptAsRawText(ScriptEngine.java:119)
	at com.kms.katalon.core.main.TestCaseExecutor.runScript(TestCaseExecutor.java:337)
	at com.kms.katalon.core.main.TestCaseExecutor.doExecute(TestCaseExecutor.java:328)
	at com.kms.katalon.core.main.TestCaseExecutor.processExecutionPhase(TestCaseExecutor.java:307)
	at com.kms.katalon.core.main.TestCaseExecutor.accessMainPhase(TestCaseExecutor.java:299)
	at com.kms.katalon.core.main.TestCaseExecutor.execute(TestCaseExecutor.java:233)
	at com.kms.katalon.core.main.TestSuiteExecutor.accessTestCaseMainPhase(TestSuiteExecutor.java:169)
	at com.kms.katalon.core.main.TestSuiteExecutor.accessTestSuiteMainPhase(TestSuiteExecutor.java:142)
	at com.kms.katalon.core.main.TestSuiteExecutor.execute(TestSuiteExecutor.java:91)
	at com.kms.katalon.core.main.TestCaseMain.startTestSuite(TestCaseMain.java:157)
	at com.kms.katalon.core.main.TestCaseMain$startTestSuite$0.call(Unknown Source)
	at TempTestSuite1579416243115.run(TempTestSuite1579416243115.groovy:36)
Caused by: com.kms.katalon.core.webui.exception.WebElementNotFoundException: Web element with id: 'Object Repository/obj_reservation/4_/button_Return To Reservation_2' located by 'By.xpath: (//button[@type='button'])[18]' not found
	at com.kms.katalon.core.webui.common.WebUiCommonHelper.findWebElement(WebUiCommonHelper.java:1113)
	at com.kms.katalon.core.webui.keyword.internal.WebUIAbstractKeyword.findWebElement(WebUIAbstractKeyword.groovy:27)
	at com.kms.katalon.core.webui.keyword.internal.WebUIAbstractKeyword.findWebElement(WebUIAbstractKeyword.groovy:26)
	at com.kms.katalon.core.webui.keyword.builtin.ClickKeyword$_click_closure1.doCall(ClickKeyword.groovy:68)
	at com.kms.katalon.core.webui.keyword.builtin.ClickKeyword$_click_closure1.call(ClickKeyword.groovy)
	at com.kms.katalon.core.webui.keyword.internal.WebUIKeywordMain.runKeyword(WebUIKeywordMain.groovy:20)
	at com.kms.katalon.core.webui.keyword.builtin.ClickKeyword.click(ClickKeyword.groovy:99)
	at com.kms.katalon.core.webui.keyword.builtin.ClickKeyword.execute(ClickKeyword.groovy:43)
	at com.kms.katalon.core.keyword.internal.KeywordExecutor.executeKeywordForPlatform(KeywordExecutor.groovy:60)
	at com.kms.katalon.core.webui.keyword.WebUiBuiltInKeywords.click(WebUiBuiltInKeywords.groovy:604)
	at com.kms.katalon.core.webui.keyword.WebUiBuiltInKeywords$click$4.call(Unknown Source)
	at Script1579191965857.run(Script1579191965857.groovy:165)
	... 13 more
)
	at com.kms.katalon.core.keyword.internal.KeywordMain.stepFailed(KeywordMain.groovy:39)
	at com.kms.katalon.core.webui.keyword.internal.WebUIKeywordMain.stepFailed(WebUIKeywordMain.groovy:64)
	at com.kms.katalon.core.webui.keyword.internal.WebUIKeywordMain.runKeyword(WebUIKeywordMain.groovy:26)
	at com.kms.katalon.core.webui.keyword.builtin.ClickKeyword.click(ClickKeyword.groovy:99)
	at com.kms.katalon.core.webui.keyword.builtin.ClickKeyword.execute(ClickKeyword.groovy:43)
	at com.kms.katalon.core.keyword.internal.KeywordExecutor.executeKeywordForPlatform(KeywordExecutor.groovy:60)
	at com.kms.katalon.core.webui.keyword.WebUiBuiltInKeywords.click(WebUiBuiltInKeywords.groovy:604)
	at com.kms.katalon.core.webui.keyword.WebUiBuiltInKeywords$click$4.call(Unknown Source)
	at p4p_1_newReservationBoarding.run(p4p_1_newReservationBoarding:165)
	at com.kms.katalon.core.main.ScriptEngine.run(ScriptEngine.java:194)
	at com.kms.katalon.core.main.ScriptEngine.runScriptAsRawText(ScriptEngine.java:119)
	at com.kms.katalon.core.main.TestCaseExecutor.runScript(TestCaseExecutor.java:337)
	at com.kms.katalon.core.main.TestCaseExecutor.doExecute(TestCaseExecutor.java:328)
	at com.kms.katalon.core.main.TestCaseExecutor.processExecutionPhase(TestCaseExecutor.java:307)
	at com.kms.katalon.core.main.TestCaseExecutor.accessMainPhase(TestCaseExecutor.java:299)
	at com.kms.katalon.core.main.TestCaseExecutor.execute(TestCaseExecutor.java:233)
	at com.kms.katalon.core.main.TestSuiteExecutor.accessTestCaseMainPhase(TestSuiteExecutor.java:169)
	at com.kms.katalon.core.main.TestSuiteExecutor.accessTestSuiteMainPhase(TestSuiteExecutor.java:142)
	at com.kms.katalon.core.main.TestSuiteExecutor.execute(TestSuiteExecutor.java:91)
	at com.kms.katalon.core.main.TestCaseMain.startTestSuite(TestCaseMain.java:157)
	at com.kms.katalon.core.main.TestCaseMain$startTestSuite$0.call(Unknown Source)
	at TempTestSuite1579416243115.run(TempTestSuite1579416243115.groovy:36)
Caused by: com.kms.katalon.core.exception.StepFailedException: Unable to click on object 'Object Repository/obj_reservation/4_/button_Return To Reservation_2'
	... 21 more
Caused by: com.kms.katalon.core.webui.exception.WebElementNotFoundException: Web element with id: 'Object Repository/obj_reservation/4_/button_Return To Reservation_2' located by 'By.xpath: (//button[@type='button'])[18]' not found
	at com.kms.katalon.core.webui.common.WebUiCommonHelper.findWebElement(WebUiCommonHelper.java:1113)
	at com.kms.katalon.core.webui.keyword.internal.WebUIAbstractKeyword.findWebElement(WebUIAbstractKeyword.groovy:27)
	at com.kms.katalon.core.webui.keyword.internal.WebUIAbstractKeyword.findWebElement(WebUIAbstractKeyword.groovy:26)
	at com.kms.katalon.core.webui.keyword.builtin.ClickKeyword$_click_closure1.doCall(ClickKeyword.groovy:68)
	at com.kms.katalon.core.webui.keyword.builtin.ClickKeyword$_click_closure1.call(ClickKeyword.groovy)
	at com.kms.katalon.core.webui.keyword.internal.WebUIKeywordMain.runKeyword(WebUIKeywordMain.groovy:20)
	... 19 more]]></system-err>
      </testcase>
      <testcase name="Test Cases/p4p_1_newReservationBoarding" time="125.061" classname="Test Cases/p4p_1_newReservationBoarding" status="FAILED">
         <failure type="FAILED" message="Test Cases/p4p_1_newReservationBoarding FAILED.
Reason:
com.kms.katalon.core.exception.StepFailedException: Verify element text of test object 'Object Repository/obj_reservation/P4P_2/span_( BK )' FAILED.
	at com.kms.katalon.core.webui.keyword.internal.WebUIKeywordMain.stepFailed(WebUIKeywordMain.groovy:64)
	at com.kms.katalon.core.webui.keyword.internal.WebUIKeywordMain.runKeyword(WebUIKeywordMain.groovy:26)
	at com.kms.katalon.core.webui.keyword.builtin.VerifyElementTextKeyword.verifyElementText(VerifyElementTextKeyword.groovy:72)
	at com.kms.katalon.core.webui.keyword.builtin.VerifyElementTextKeyword.execute(VerifyElementTextKeyword.groovy:40)
	at com.kms.katalon.core.keyword.internal.KeywordExecutor.executeKeywordForPlatform(KeywordExecutor.groovy:60)
	at com.kms.katalon.core.webui.keyword.WebUiBuiltInKeywords.verifyElementText(WebUiBuiltInKeywords.groovy:3647)
	at com.kms.katalon.core.webui.keyword.WebUiBuiltInKeywords$verifyElementText$6.call(Unknown Source)
	at p4p_1_newReservationBoarding.run(p4p_1_newReservationBoarding:197)
	at com.kms.katalon.core.main.ScriptEngine.run(ScriptEngine.java:194)
	at com.kms.katalon.core.main.ScriptEngine.runScriptAsRawText(ScriptEngine.java:119)
	at com.kms.katalon.core.main.TestCaseExecutor.runScript(TestCaseExecutor.java:337)
	at com.kms.katalon.core.main.TestCaseExecutor.doExecute(TestCaseExecutor.java:328)
	at com.kms.katalon.core.main.TestCaseExecutor.processExecutionPhase(TestCaseExecutor.java:307)
	at com.kms.katalon.core.main.TestCaseExecutor.accessMainPhase(TestCaseExecutor.java:299)
	at com.kms.katalon.core.main.TestCaseExecutor.execute(TestCaseExecutor.java:233)
	at com.kms.katalon.core.main.TestSuiteExecutor.accessTestCaseMainPhase(TestSuiteExecutor.java:169)
	at com.kms.katalon.core.main.TestSuiteExecutor.accessTestSuiteMainPhase(TestSuiteExecutor.java:142)
	at com.kms.katalon.core.main.TestSuiteExecutor.execute(TestSuiteExecutor.java:91)
	at com.kms.katalon.core.main.TestCaseMain.startTestSuite(TestCaseMain.java:157)
	at com.kms.katalon.core.main.TestCaseMain$startTestSuite$0.call(Unknown Source)
	at TempTestSuite1579416243115.run(TempTestSuite1579416243115.groovy:36)
Caused by: com.kms.katalon.core.exception.StepFailedException: com.kms.katalon.core.webui.exception.WebElementNotFoundException: Web element with id: 'Object Repository/obj_reservation/P4P_2/span_( BK )' located by 'By.xpath: //div[@id='wrapper']/div/div/div/div/div/div/ul/li[4]/a/tab-heading/span' not found
	at com.kms.katalon.core.webui.keyword.internal.WebUIKeywordMain.stepFailed(WebUIKeywordMain.groovy:64)
	at com.kms.katalon.core.webui.keyword.builtin.VerifyElementTextKeyword$_verifyElementText_closure1.doCall(VerifyElementTextKeyword.groovy:64)
	at com.kms.katalon.core.webui.keyword.builtin.VerifyElementTextKeyword$_verifyElementText_closure1.call(VerifyElementTextKeyword.groovy)
	at com.kms.katalon.core.webui.keyword.internal.WebUIKeywordMain.runKeyword(WebUIKeywordMain.groovy:20)
	... 19 more
"/>
         <system-out><![CDATA[2020-01-19 00:55:53 - [TEST_CASE][FAILED] - Test Cases/p4p_1_newReservationBoarding: Test Cases/p4p_1_newReservationBoarding FAILED.
Reason:
com.kms.katalon.core.exception.StepFailedException: Verify element text of test object 'Object Repository/obj_reservation/P4P_2/span_( BK )' FAILED.
	at com.kms.katalon.core.webui.keyword.internal.WebUIKeywordMain.stepFailed(WebUIKeywordMain.groovy:64)
	at com.kms.katalon.core.webui.keyword.internal.WebUIKeywordMain.runKeyword(WebUIKeywordMain.groovy:26)
	at com.kms.katalon.core.webui.keyword.builtin.VerifyElementTextKeyword.verifyElementText(VerifyElementTextKeyword.groovy:72)
	at com.kms.katalon.core.webui.keyword.builtin.VerifyElementTextKeyword.execute(VerifyElementTextKeyword.groovy:40)
	at com.kms.katalon.core.keyword.internal.KeywordExecutor.executeKeywordForPlatform(KeywordExecutor.groovy:60)
	at com.kms.katalon.core.webui.keyword.WebUiBuiltInKeywords.verifyElementText(WebUiBuiltInKeywords.groovy:3647)
	at com.kms.katalon.core.webui.keyword.WebUiBuiltInKeywords$verifyElementText$6.call(Unknown Source)
	at p4p_1_newReservationBoarding.run(p4p_1_newReservationBoarding:197)
	at com.kms.katalon.core.main.ScriptEngine.run(ScriptEngine.java:194)
	at com.kms.katalon.core.main.ScriptEngine.runScriptAsRawText(ScriptEngine.java:119)
	at com.kms.katalon.core.main.TestCaseExecutor.runScript(TestCaseExecutor.java:337)
	at com.kms.katalon.core.main.TestCaseExecutor.doExecute(TestCaseExecutor.java:328)
	at com.kms.katalon.core.main.TestCaseExecutor.processExecutionPhase(TestCaseExecutor.java:307)
	at com.kms.katalon.core.main.TestCaseExecutor.accessMainPhase(TestCaseExecutor.java:299)
	at com.kms.katalon.core.main.TestCaseExecutor.execute(TestCaseExecutor.java:233)
	at com.kms.katalon.core.main.TestSuiteExecutor.accessTestCaseMainPhase(TestSuiteExecutor.java:169)
	at com.kms.katalon.core.main.TestSuiteExecutor.accessTestSuiteMainPhase(TestSuiteExecutor.java:142)
	at com.kms.katalon.core.main.TestSuiteExecutor.execute(TestSuiteExecutor.java:91)
	at com.kms.katalon.core.main.TestCaseMain.startTestSuite(TestCaseMain.java:157)
	at com.kms.katalon.core.main.TestCaseMain$startTestSuite$0.call(Unknown Source)
	at TempTestSuite1579416243115.run(TempTestSuite1579416243115.groovy:36)
Caused by: com.kms.katalon.core.exception.StepFailedException: com.kms.katalon.core.webui.exception.WebElementNotFoundException: Web element with id: 'Object Repository/obj_reservation/P4P_2/span_( BK )' located by 'By.xpath: //div[@id='wrapper']/div/div/div/div/div/div/ul/li[4]/a/tab-heading/span' not found
	at com.kms.katalon.core.webui.keyword.internal.WebUIKeywordMain.stepFailed(WebUIKeywordMain.groovy:64)
	at com.kms.katalon.core.webui.keyword.builtin.VerifyElementTextKeyword$_verifyElementText_closure1.doCall(VerifyElementTextKeyword.groovy:64)
	at com.kms.katalon.core.webui.keyword.builtin.VerifyElementTextKeyword$_verifyElementText_closure1.call(VerifyElementTextKeyword.groovy)
	at com.kms.katalon.core.webui.keyword.internal.WebUIKeywordMain.runKeyword(WebUIKeywordMain.groovy:20)
	... 19 more


2020-01-19 00:55:53 - [TEST_STEP][PASSED] - flagBoar = "0": null

2020-01-19 00:55:53 - [TEST_STEP][PASSED] - log = new com.kms.katalon.core.logging.KeywordLogger(): null

2020-01-19 00:55:53 - [TEST_STEP][PASSED] - fisNewRes = new java.io.FileInputStream(/home/leonardo-arkusmty/Desktop/P4P/DATA_AUTOMATINTESTING/data_1newReservationBoarding.xlsx): null

2020-01-19 00:55:53 - [TEST_STEP][PASSED] - fisInv = new java.io.FileInputStream(/home/leonardo-arkusmty/Desktop/P4P/DATA_AUTOMATINTESTING/data_3Invoices.xlsx): null

2020-01-19 00:55:53 - [TEST_STEP][PASSED] - workbookNewRes = new org.apache.poi.xssf.usermodel.XSSFWorkbook(fisNewRes): null

2020-01-19 00:55:53 - [TEST_STEP][PASSED] - workbookInv = new org.apache.poi.xssf.usermodel.XSSFWorkbook(fisInv): null

2020-01-19 00:55:53 - [TEST_STEP][PASSED] - sheetNewRes = workbookNewRes.getSheet("Sheet1"): null

2020-01-19 00:55:53 - [TEST_STEP][PASSED] - sheetInv = workbookInv.getSheet("Sheet1"): null

2020-01-19 00:55:53 - [TEST_STEP][PASSED] - rowCount = var_row: null

2020-01-19 00:55:53 - [TEST_STEP][PASSED] - var = Integer.parseInt(var_idRowRes): null

2020-01-19 00:55:53 - [TEST_STEP][PASSED] - rowNewRes = sheetNewRes.getRow(var): null

2020-01-19 00:55:53 - [TEST_STEP][PASSED] - rowInv = sheetInv.getRow(var): null

2020-01-19 00:55:53 - [TEST_STEP][PASSED] - today = new java.util.Date(): null

2020-01-19 00:55:53 - [TEST_STEP][PASSED] - todaysDate1 = today.format("yyyy"): null

2020-01-19 00:55:53 - [TEST_STEP][PASSED] - todaysDate2 = today.format("mm"): null

2020-01-19 00:55:53 - [TEST_STEP][PASSED] - todaysDate3 = today.format("dd"): null

2020-01-19 00:55:53 - [TEST_STEP][PASSED] - todaysDate4 = today.format("mmm/dd/yyyy"): null

2020-01-19 00:55:53 - [TEST_STEP][PASSED] - todaysDate5 = today.format("dd/mm/yyyy"): null

2020-01-19 00:55:53 - [TEST_STEP][PASSED] - nowTime = today.format("hhmm"): null

2020-01-19 00:55:53 - [TEST_STEP][PASSED] - dateCI = var_checkinD.split(","): null

2020-01-19 00:55:53 - [TEST_STEP][PASSED] - dateCO = var_checkoutD.split(","): null

2020-01-19 00:55:53 - [TEST_STEP][PASSED] - arryPets = var_pets.split(","): null

2020-01-19 00:55:53 - [TEST_STEP][PASSED] - openBrowser("https://p4p-qa-bg.aws.paradise4paws.com/login/"): Browser is opened with url: 'https://p4p-qa-bg.aws.paradise4paws.com/login/'

2020-01-19 00:55:53 - [MESSAGE][WARNING] - A browser is already opened. Closing browser and opening a new one

2020-01-19 00:55:53 - [MESSAGE][INFO] - Starting 'Chrome' driver

2020-01-19 00:55:55 - [MESSAGE][PASSED] - Browser is opened with url: 'https://p4p-qa-bg.aws.paradise4paws.com/login/'

2020-01-19 00:55:55 - [TEST_STEP][PASSED] - maximizeWindow(): Current window maximized

2020-01-19 00:55:55 - [MESSAGE][PASSED] - Current window maximized

2020-01-19 00:55:55 - [TEST_STEP][PASSED] - setText(findTestObject("obj_login/input_user"), var_user): Text 'jegchavez@gmail.com' is set on object 'Object Repository/obj_login/input_user'

2020-01-19 00:55:56 - [MESSAGE][PASSED] - Text 'jegchavez@gmail.com' is set on object 'Object Repository/obj_login/input_user'

2020-01-19 00:55:56 - [TEST_STEP][PASSED] - setText(findTestObject("obj_login/input_pass"), var_pass): Text 'admin1' is set on object 'Object Repository/obj_login/input_pass'

2020-01-19 00:55:56 - [MESSAGE][PASSED] - Text 'admin1' is set on object 'Object Repository/obj_login/input_pass'

2020-01-19 00:55:56 - [TEST_STEP][PASSED] - verifyElementClickable(findTestObject("obj_login/btn_login")): Object 'Object Repository/obj_login/btn_login' is clickable

2020-01-19 00:55:56 - [MESSAGE][PASSED] - Object 'Object Repository/obj_login/btn_login' is clickable

2020-01-19 00:55:56 - [TEST_STEP][PASSED] - click(findTestObject("obj_login/btn_login")): Object: 'Object Repository/obj_login/btn_login' is clicked on

2020-01-19 00:55:58 - [MESSAGE][PASSED] - Object: 'Object Repository/obj_login/btn_login' is clicked on

2020-01-19 00:55:58 - [TEST_STEP][PASSED] - setText(findTestObject("obj_dashboard_emp/input_search"), var_searchParent): Text 'katalon 1' is set on object 'Object Repository/obj_dashboard_emp/input_search'

2020-01-19 00:55:58 - [MESSAGE][PASSED] - Text 'katalon 1' is set on object 'Object Repository/obj_dashboard_emp/input_search'

2020-01-19 00:55:58 - [TEST_STEP][PASSED] - click(findTestObject("obj_dashboard_emp/btn_accountSearch")): Object: 'Object Repository/obj_dashboard_emp/btn_accountSearch' is clicked on

2020-01-19 00:55:59 - [MESSAGE][PASSED] - Object: 'Object Repository/obj_dashboard_emp/btn_accountSearch' is clicked on

2020-01-19 00:55:59 - [TEST_STEP][PASSED] - click(findTestObject("obj_accountInformation/a_TEST GABRIEL PROD")): Object: 'Object Repository/obj_accountInformation/a_TEST GABRIEL PROD' is clicked on

2020-01-19 00:56:01 - [MESSAGE][PASSED] - Object: 'Object Repository/obj_accountInformation/a_TEST GABRIEL PROD' is clicked on

2020-01-19 00:56:01 - [TEST_STEP][PASSED] - click(findTestObject("obj_profile/a_addReservation")): Object: 'Object Repository/obj_profile/a_addReservation' is clicked on

2020-01-19 00:56:05 - [MESSAGE][PASSED] - Object: 'Object Repository/obj_profile/a_addReservation' is clicked on

2020-01-19 00:56:05 - [TEST_STEP][PASSED] - click(findTestObject("obj_reservation/4_/btn_Boarding")): Object: 'Object Repository/obj_reservation/4_/btn_Boarding' is clicked on

2020-01-19 00:56:06 - [MESSAGE][PASSED] - Object: 'Object Repository/obj_reservation/4_/btn_Boarding' is clicked on

2020-01-19 00:56:06 - [TEST_STEP][PASSED] - flagBoar = "1": null

2020-01-19 00:56:06 - [TEST_STEP][PASSED] - click(findTestObject("obj_reservation/4_/i_location")): Object: 'Object Repository/obj_reservation/4_/i_location' is clicked on

2020-01-19 00:56:08 - [MESSAGE][PASSED] - Object: 'Object Repository/obj_reservation/4_/i_location' is clicked on

2020-01-19 00:56:08 - [TEST_STEP][PASSED] - click(findTestObject("obj_reservation/2_facility/i_" + var_idFacility + "_facility")): Object: 'Object Repository/obj_reservation/2_facility/i_3_facility' is clicked on

2020-01-19 00:56:09 - [MESSAGE][PASSED] - Object: 'Object Repository/obj_reservation/2_facility/i_3_facility' is clicked on

2020-01-19 00:56:09 - [TEST_STEP][PASSED] - click(findTestObject("obj_reservation/4_/dateCheckIn")): Object: 'Object Repository/obj_reservation/4_/dateCheckIn' is clicked on

2020-01-19 00:56:12 - [MESSAGE][PASSED] - Object: 'Object Repository/obj_reservation/4_/dateCheckIn' is clicked on

2020-01-19 00:56:12 - [TEST_STEP][PASSED] - click(findTestObject("obj_reservation/3_date2020/0120/CI/button_" + dateCI[0] + "01_ci")): Object: 'Object Repository/obj_reservation/3_date2020/0120/CI/button_2101_ci' is clicked on

2020-01-19 00:56:12 - [MESSAGE][PASSED] - Object: 'Object Repository/obj_reservation/3_date2020/0120/CI/button_2101_ci' is clicked on

2020-01-19 00:56:12 - [TEST_STEP][PASSED] - if (flagBoar == "1"): Object: 'Object Repository/obj_reservation/3_date2020/0120/CO/button_2201_co' is clicked on

2020-01-19 00:56:12 - [TEST_STEP][PASSED] - click(findTestObject("obj_reservation/4_/dateCheckOut")): Object: 'Object Repository/obj_reservation/4_/dateCheckOut' is clicked on

2020-01-19 00:56:13 - [MESSAGE][PASSED] - Object: 'Object Repository/obj_reservation/4_/dateCheckOut' is clicked on

2020-01-19 00:56:13 - [TEST_STEP][PASSED] - click(findTestObject("obj_reservation/3_date2020/0120/CO/button_" + dateCO[0] + "01_co")): Object: 'Object Repository/obj_reservation/3_date2020/0120/CO/button_2201_co' is clicked on

2020-01-19 00:56:14 - [MESSAGE][PASSED] - Object: 'Object Repository/obj_reservation/3_date2020/0120/CO/button_2201_co' is clicked on

2020-01-19 00:56:14 - [TEST_STEP][PASSED] - if (var_checkinT.size() == 1): null

2020-01-19 00:56:14 - [TEST_STEP][PASSED] - if (var_checkinT.size() == 2): null

2020-01-19 00:56:14 - [TEST_STEP][PASSED] - if (var_checkinT.size() == 3): null

2020-01-19 00:56:14 - [TEST_STEP][PASSED] - var_checkinT = "0" + var_checkinT: null

2020-01-19 00:56:14 - [TEST_STEP][PASSED] - click(findTestObject("obj_reservation/4_/timeCheckin")): Object: 'Object Repository/obj_reservation/4_/timeCheckin' is clicked on

2020-01-19 00:56:15 - [MESSAGE][PASSED] - Object: 'Object Repository/obj_reservation/4_/timeCheckin' is clicked on

2020-01-19 00:56:15 - [TEST_STEP][PASSED] - click(findTestObject("obj_reservation/0_horas/CI/time_" + var_checkinT + "_ci")): Object: 'Object Repository/obj_reservation/0_horas/CI/time_0830_ci' is clicked on

2020-01-19 00:56:16 - [MESSAGE][PASSED] - Object: 'Object Repository/obj_reservation/0_horas/CI/time_0830_ci' is clicked on

2020-01-19 00:56:16 - [TEST_STEP][PASSED] - click(findTestObject("obj_reservation/4_/timeCheckOut")): Object: 'Object Repository/obj_reservation/4_/timeCheckOut' is clicked on

2020-01-19 00:56:16 - [MESSAGE][PASSED] - Object: 'Object Repository/obj_reservation/4_/timeCheckOut' is clicked on

2020-01-19 00:56:16 - [TEST_STEP][PASSED] - click(findTestObject("obj_reservation/0_horas/CO/time_" + var_checkoutT + "_co")): Object: 'Object Repository/obj_reservation/0_horas/CO/time_1200_co' is clicked on

2020-01-19 00:56:17 - [MESSAGE][PASSED] - Object: 'Object Repository/obj_reservation/0_horas/CO/time_1200_co' is clicked on

2020-01-19 00:56:17 - [TEST_STEP][PASSED] - if (arryPets.size() == 1): null

2020-01-19 00:56:17 - [TEST_STEP][PASSED] - else if (arryPets.size() == 2): Object: 'Object Repository/obj_reservation/4_/div_Zeus' is clicked on

2020-01-19 00:56:17 - [TEST_STEP][PASSED] - click(findTestObject("obj_reservation/P4P_5/div_Ares")): Object: 'Object Repository/obj_reservation/P4P_5/div_Ares' is clicked on

2020-01-19 00:56:18 - [MESSAGE][PASSED] - Object: 'Object Repository/obj_reservation/P4P_5/div_Ares' is clicked on

2020-01-19 00:56:18 - [TEST_STEP][PASSED] - click(findTestObject("obj_reservation/4_/div_Zeus")): Object: 'Object Repository/obj_reservation/4_/div_Zeus' is clicked on

2020-01-19 00:56:23 - [MESSAGE][PASSED] - Object: 'Object Repository/obj_reservation/4_/div_Zeus' is clicked on

2020-01-19 00:56:23 - [TEST_STEP][PASSED] - varHoliday = 0: null

2020-01-19 00:56:23 - [TEST_STEP][PASSED] - try: Object: 'Object Repository/obj_reservation/4_/div_suite_rad_deluxe' is clicked on

2020-01-19 00:56:23 - [TEST_STEP][PASSED] - click(findTestObject("obj_reservation/4_/div_suite_rad_deluxe")): Object: 'Object Repository/obj_reservation/4_/div_suite_rad_deluxe' is clicked on

2020-01-19 00:56:28 - [MESSAGE][PASSED] - Object: 'Object Repository/obj_reservation/4_/div_suite_rad_deluxe' is clicked on

2020-01-19 00:56:28 - [TEST_STEP][PASSED] - click(findTestObject("obj_reservation/4_/btn_next2")): Object: 'Object Repository/obj_reservation/4_/btn_next2' is clicked on

2020-01-19 00:56:31 - [MESSAGE][PASSED] - Object: 'Object Repository/obj_reservation/4_/btn_next2' is clicked on

2020-01-19 00:56:31 - [TEST_STEP][PASSED] - click(findTestObject("obj_reservation/4_/btn_next2")): Object: 'Object Repository/obj_reservation/4_/btn_next2' is clicked on

2020-01-19 00:56:32 - [MESSAGE][PASSED] - Object: 'Object Repository/obj_reservation/4_/btn_next2' is clicked on

2020-01-19 00:56:32 - [TEST_STEP][PASSED] - click(findTestObject("obj_reservation/4_/button_Submit Reservation")): Object: 'Object Repository/obj_reservation/4_/button_Submit Reservation' is clicked on

2020-01-19 00:56:34 - [MESSAGE][PASSED] - Object: 'Object Repository/obj_reservation/4_/button_Submit Reservation' is clicked on

2020-01-19 00:56:34 - [TEST_STEP][PASSED] - if (flagBoar == "2" && var_repeatingEvery == "Daily" || var_repeatingEvery == "Monthly" || var_repeatingEvery == "Weekly"): null

2020-01-19 00:56:34 - [TEST_STEP][FAILED] - else: Verify element text of test object 'Object Repository/obj_reservation/P4P_2/span_( BK )' FAILED. (Root cause: com.kms.katalon.core.exception.StepFailedException: Verify element text of test object 'Object Repository/obj_reservation/P4P_2/span_( BK )' FAILED.
	at com.kms.katalon.core.webui.keyword.internal.WebUIKeywordMain.stepFailed(WebUIKeywordMain.groovy:64)
	at com.kms.katalon.core.webui.keyword.internal.WebUIKeywordMain.runKeyword(WebUIKeywordMain.groovy:26)
	at com.kms.katalon.core.webui.keyword.builtin.VerifyElementTextKeyword.verifyElementText(VerifyElementTextKeyword.groovy:72)
	at com.kms.katalon.core.webui.keyword.builtin.VerifyElementTextKeyword.execute(VerifyElementTextKeyword.groovy:40)
	at com.kms.katalon.core.keyword.internal.KeywordExecutor.executeKeywordForPlatform(KeywordExecutor.groovy:60)
	at com.kms.katalon.core.webui.keyword.WebUiBuiltInKeywords.verifyElementText(WebUiBuiltInKeywords.groovy:3647)
	at com.kms.katalon.core.webui.keyword.WebUiBuiltInKeywords$verifyElementText$6.call(Unknown Source)
	at p4p_1_newReservationBoarding.run(p4p_1_newReservationBoarding:197)
	at com.kms.katalon.core.main.ScriptEngine.run(ScriptEngine.java:194)
	at com.kms.katalon.core.main.ScriptEngine.runScriptAsRawText(ScriptEngine.java:119)
	at com.kms.katalon.core.main.TestCaseExecutor.runScript(TestCaseExecutor.java:337)
	at com.kms.katalon.core.main.TestCaseExecutor.doExecute(TestCaseExecutor.java:328)
	at com.kms.katalon.core.main.TestCaseExecutor.processExecutionPhase(TestCaseExecutor.java:307)
	at com.kms.katalon.core.main.TestCaseExecutor.accessMainPhase(TestCaseExecutor.java:299)
	at com.kms.katalon.core.main.TestCaseExecutor.execute(TestCaseExecutor.java:233)
	at com.kms.katalon.core.main.TestSuiteExecutor.accessTestCaseMainPhase(TestSuiteExecutor.java:169)
	at com.kms.katalon.core.main.TestSuiteExecutor.accessTestSuiteMainPhase(TestSuiteExecutor.java:142)
	at com.kms.katalon.core.main.TestSuiteExecutor.execute(TestSuiteExecutor.java:91)
	at com.kms.katalon.core.main.TestCaseMain.startTestSuite(TestCaseMain.java:157)
	at com.kms.katalon.core.main.TestCaseMain$startTestSuite$0.call(Unknown Source)
	at TempTestSuite1579416243115.run(TempTestSuite1579416243115.groovy:36)
Caused by: com.kms.katalon.core.exception.StepFailedException: com.kms.katalon.core.webui.exception.WebElementNotFoundException: Web element with id: 'Object Repository/obj_reservation/P4P_2/span_( BK )' located by 'By.xpath: //div[@id='wrapper']/div/div/div/div/div/div/ul/li[4]/a/tab-heading/span' not found
	at com.kms.katalon.core.webui.keyword.internal.WebUIKeywordMain.stepFailed(WebUIKeywordMain.groovy:64)
	at com.kms.katalon.core.webui.keyword.builtin.VerifyElementTextKeyword$_verifyElementText_closure1.doCall(VerifyElementTextKeyword.groovy:64)
	at com.kms.katalon.core.webui.keyword.builtin.VerifyElementTextKeyword$_verifyElementText_closure1.call(VerifyElementTextKeyword.groovy)
	at com.kms.katalon.core.webui.keyword.internal.WebUIKeywordMain.runKeyword(WebUIKeywordMain.groovy:20)
	... 19 more
)

2020-01-19 00:56:34 - [TEST_STEP][PASSED] - try: Object: 'Object Repository/obj_reservation/4_/button_Return To Reservation_2' is clicked on

2020-01-19 00:56:34 - [TEST_STEP][PASSED] - click(findTestObject("obj_reservation/4_/button_Return To Reservation_2"), CONTINUE_ON_FAILURE): Object: 'Object Repository/obj_reservation/4_/button_Return To Reservation_2' is clicked on

2020-01-19 00:56:40 - [MESSAGE][ERROR] - javascript error: Failed to execute 'elementsFromPoint' on 'Document': The provided double value is non-finite.
  (Session info: chrome=79.0.3945.88)
Build info: version: '3.141.59', revision: 'e82be7d358', time: '2018-11-14T08:25:53'
System info: host: 'leonardoarkusmty-Inspiron-5577', ip: '127.0.1.1', os.name: 'Linux', os.arch: 'amd64', os.version: '4.15.0-74-generic', java.version: '1.8.0_232'
Driver info: com.kms.katalon.selenium.driver.CChromeDriver
Capabilities {acceptInsecureCerts: false, browserName: chrome, browserVersion: 79.0.3945.88, chrome: {chromedriverVersion: 79.0.3945.36 (3582db32b3389..., userDataDir: /tmp/.com.google.Chrome.zA344F}, goog:chromeOptions: {debuggerAddress: localhost:40871}, javascriptEnabled: true, networkConnectionEnabled: false, pageLoadStrategy: normal, platform: LINUX, platformName: LINUX, proxy: Proxy(), setWindowRect: true, strictFileInteractability: false, timeouts: {implicit: 0, pageLoad: 300000, script: 30000}, unhandledPromptBehavior: dismiss and notify}
Session ID: 7c5e869d0cf37cf9296f61a9dd3219eb

2020-01-19 00:57:10 - [MESSAGE][ERROR] - javascript error: Failed to execute 'elementsFromPoint' on 'Document': The provided double value is non-finite.
  (Session info: chrome=79.0.3945.88)
Build info: version: '3.141.59', revision: 'e82be7d358', time: '2018-11-14T08:25:53'
System info: host: 'leonardoarkusmty-Inspiron-5577', ip: '127.0.1.1', os.name: 'Linux', os.arch: 'amd64', os.version: '4.15.0-74-generic', java.version: '1.8.0_232'
Driver info: com.kms.katalon.selenium.driver.CChromeDriver
Capabilities {acceptInsecureCerts: false, browserName: chrome, browserVersion: 79.0.3945.88, chrome: {chromedriverVersion: 79.0.3945.36 (3582db32b3389..., userDataDir: /tmp/.com.google.Chrome.zA344F}, goog:chromeOptions: {debuggerAddress: localhost:40871}, javascriptEnabled: true, networkConnectionEnabled: false, pageLoadStrategy: normal, platform: LINUX, platformName: LINUX, proxy: Proxy(), setWindowRect: true, strictFileInteractability: false, timeouts: {implicit: 0, pageLoad: 300000, script: 30000}, unhandledPromptBehavior: dismiss and notify}
Session ID: 7c5e869d0cf37cf9296f61a9dd3219eb

2020-01-19 00:57:10 - [MESSAGE][PASSED] - Object: 'Object Repository/obj_reservation/4_/button_Return To Reservation_2' is clicked on

2020-01-19 00:57:10 - [TEST_STEP][PASSED] - click(findTestObject("obj_reservation/P4P_2/button_Go to CheckOut")): Object: 'Object Repository/obj_reservation/P4P_2/button_Go to CheckOut' is clicked on

2020-01-19 00:57:13 - [MESSAGE][PASSED] - Object: 'Object Repository/obj_reservation/P4P_2/button_Go to CheckOut' is clicked on

2020-01-19 00:57:13 - [TEST_STEP][PASSED] - var_url = getUrl(): Current window's url is: 'https://p4p-qa-bg.aws.paradise4paws.com/reservations/add/?parent_id=122352'

2020-01-19 00:57:13 - [MESSAGE][PASSED] - Current window's url is: 'https://p4p-qa-bg.aws.paradise4paws.com/reservations/add/?parent_id=122352'

2020-01-19 00:57:13 - [TEST_STEP][PASSED] - arrayUrl = var_url.split("/"): null

2020-01-19 00:57:13 - [TEST_STEP][FAILED] - verifyElementText(findTestObject("obj_reservation/P4P_2/span_( BK )"), "( BK )", STOP_ON_FAILURE): Verify element text of test object 'Object Repository/obj_reservation/P4P_2/span_( BK )' FAILED. (Root cause: com.kms.katalon.core.exception.StepFailedException: Verify element text of test object 'Object Repository/obj_reservation/P4P_2/span_( BK )' FAILED.
	at com.kms.katalon.core.webui.keyword.internal.WebUIKeywordMain.stepFailed(WebUIKeywordMain.groovy:64)
	at com.kms.katalon.core.webui.keyword.internal.WebUIKeywordMain.runKeyword(WebUIKeywordMain.groovy:26)
	at com.kms.katalon.core.webui.keyword.builtin.VerifyElementTextKeyword.verifyElementText(VerifyElementTextKeyword.groovy:72)
	at com.kms.katalon.core.webui.keyword.builtin.VerifyElementTextKeyword.execute(VerifyElementTextKeyword.groovy:40)
	at com.kms.katalon.core.keyword.internal.KeywordExecutor.executeKeywordForPlatform(KeywordExecutor.groovy:60)
	at com.kms.katalon.core.webui.keyword.WebUiBuiltInKeywords.verifyElementText(WebUiBuiltInKeywords.groovy:3647)
	at com.kms.katalon.core.webui.keyword.WebUiBuiltInKeywords$verifyElementText$6.call(Unknown Source)
	at p4p_1_newReservationBoarding.run(p4p_1_newReservationBoarding:197)
	at com.kms.katalon.core.main.ScriptEngine.run(ScriptEngine.java:194)
	at com.kms.katalon.core.main.ScriptEngine.runScriptAsRawText(ScriptEngine.java:119)
	at com.kms.katalon.core.main.TestCaseExecutor.runScript(TestCaseExecutor.java:337)
	at com.kms.katalon.core.main.TestCaseExecutor.doExecute(TestCaseExecutor.java:328)
	at com.kms.katalon.core.main.TestCaseExecutor.processExecutionPhase(TestCaseExecutor.java:307)
	at com.kms.katalon.core.main.TestCaseExecutor.accessMainPhase(TestCaseExecutor.java:299)
	at com.kms.katalon.core.main.TestCaseExecutor.execute(TestCaseExecutor.java:233)
	at com.kms.katalon.core.main.TestSuiteExecutor.accessTestCaseMainPhase(TestSuiteExecutor.java:169)
	at com.kms.katalon.core.main.TestSuiteExecutor.accessTestSuiteMainPhase(TestSuiteExecutor.java:142)
	at com.kms.katalon.core.main.TestSuiteExecutor.execute(TestSuiteExecutor.java:91)
	at com.kms.katalon.core.main.TestCaseMain.startTestSuite(TestCaseMain.java:157)
	at com.kms.katalon.core.main.TestCaseMain$startTestSuite$0.call(Unknown Source)
	at TempTestSuite1579416243115.run(TempTestSuite1579416243115.groovy:36)
Caused by: com.kms.katalon.core.exception.StepFailedException: com.kms.katalon.core.webui.exception.WebElementNotFoundException: Web element with id: 'Object Repository/obj_reservation/P4P_2/span_( BK )' located by 'By.xpath: //div[@id='wrapper']/div/div/div/div/div/div/ul/li[4]/a/tab-heading/span' not found
	at com.kms.katalon.core.webui.keyword.internal.WebUIKeywordMain.stepFailed(WebUIKeywordMain.groovy:64)
	at com.kms.katalon.core.webui.keyword.builtin.VerifyElementTextKeyword$_verifyElementText_closure1.doCall(VerifyElementTextKeyword.groovy:64)
	at com.kms.katalon.core.webui.keyword.builtin.VerifyElementTextKeyword$_verifyElementText_closure1.call(VerifyElementTextKeyword.groovy)
	at com.kms.katalon.core.webui.keyword.internal.WebUIKeywordMain.runKeyword(WebUIKeywordMain.groovy:20)
	... 19 more
)

2020-01-19 00:57:57 - [MESSAGE][INFO] - Unable to find the element located by 'By.xpath: //div[@id='wrapper']/div/div/div/div/div/div/ul/li[4]/a/tab-heading/span'. Please recheck the objects properties to make sure the desired element is located. 

2020-01-19 00:57:57 - [MESSAGE][FAILED] - com.kms.katalon.core.webui.exception.WebElementNotFoundException: Web element with id: 'Object Repository/obj_reservation/P4P_2/span_( BK )' located by 'By.xpath: //div[@id='wrapper']/div/div/div/div/div/div/ul/li[4]/a/tab-heading/span' not found (Root cause: com.kms.katalon.core.exception.StepFailedException: com.kms.katalon.core.webui.exception.WebElementNotFoundException: Web element with id: 'Object Repository/obj_reservation/P4P_2/span_( BK )' located by 'By.xpath: //div[@id='wrapper']/div/div/div/div/div/div/ul/li[4]/a/tab-heading/span' not found
	at com.kms.katalon.core.webui.keyword.internal.WebUIKeywordMain.stepFailed(WebUIKeywordMain.groovy:64)
	at com.kms.katalon.core.webui.keyword.builtin.VerifyElementTextKeyword$_verifyElementText_closure1.doCall(VerifyElementTextKeyword.groovy:64)
	at com.kms.katalon.core.webui.keyword.builtin.VerifyElementTextKeyword$_verifyElementText_closure1.call(VerifyElementTextKeyword.groovy)
	at com.kms.katalon.core.webui.keyword.internal.WebUIKeywordMain.runKeyword(WebUIKeywordMain.groovy:20)
	at com.kms.katalon.core.webui.keyword.builtin.VerifyElementTextKeyword.verifyElementText(VerifyElementTextKeyword.groovy:72)
	at com.kms.katalon.core.webui.keyword.builtin.VerifyElementTextKeyword.execute(VerifyElementTextKeyword.groovy:40)
	at com.kms.katalon.core.keyword.internal.KeywordExecutor.executeKeywordForPlatform(KeywordExecutor.groovy:60)
	at com.kms.katalon.core.webui.keyword.WebUiBuiltInKeywords.verifyElementText(WebUiBuiltInKeywords.groovy:3647)
	at com.kms.katalon.core.webui.keyword.WebUiBuiltInKeywords$verifyElementText$6.call(Unknown Source)
	at p4p_1_newReservationBoarding.run(p4p_1_newReservationBoarding:197)
	at com.kms.katalon.core.main.ScriptEngine.run(ScriptEngine.java:194)
	at com.kms.katalon.core.main.ScriptEngine.runScriptAsRawText(ScriptEngine.java:119)
	at com.kms.katalon.core.main.TestCaseExecutor.runScript(TestCaseExecutor.java:337)
	at com.kms.katalon.core.main.TestCaseExecutor.doExecute(TestCaseExecutor.java:328)
	at com.kms.katalon.core.main.TestCaseExecutor.processExecutionPhase(TestCaseExecutor.java:307)
	at com.kms.katalon.core.main.TestCaseExecutor.accessMainPhase(TestCaseExecutor.java:299)
	at com.kms.katalon.core.main.TestCaseExecutor.execute(TestCaseExecutor.java:233)
	at com.kms.katalon.core.main.TestSuiteExecutor.accessTestCaseMainPhase(TestSuiteExecutor.java:169)
	at com.kms.katalon.core.main.TestSuiteExecutor.accessTestSuiteMainPhase(TestSuiteExecutor.java:142)
	at com.kms.katalon.core.main.TestSuiteExecutor.execute(TestSuiteExecutor.java:91)
	at com.kms.katalon.core.main.TestCaseMain.startTestSuite(TestCaseMain.java:157)
	at com.kms.katalon.core.main.TestCaseMain$startTestSuite$0.call(Unknown Source)
	at TempTestSuite1579416243115.run(TempTestSuite1579416243115.groovy:36)
)
[[ATTACHMENT|/home/leonardo-arkusmty/Documents/workspaceKatalon/p4ptest/Reports/20200119_004403/ts_1_newReservationBoarding/20200119_004403/1579417077772.png]]

2020-01-19 00:57:58 - [MESSAGE][FAILED] - Verify element text of test object 'Object Repository/obj_reservation/P4P_2/span_( BK )' FAILED. (Root cause: com.kms.katalon.core.exception.StepFailedException: Verify element text of test object 'Object Repository/obj_reservation/P4P_2/span_( BK )' FAILED.
	at com.kms.katalon.core.webui.keyword.internal.WebUIKeywordMain.stepFailed(WebUIKeywordMain.groovy:64)
	at com.kms.katalon.core.webui.keyword.internal.WebUIKeywordMain.runKeyword(WebUIKeywordMain.groovy:26)
	at com.kms.katalon.core.webui.keyword.builtin.VerifyElementTextKeyword.verifyElementText(VerifyElementTextKeyword.groovy:72)
	at com.kms.katalon.core.webui.keyword.builtin.VerifyElementTextKeyword.execute(VerifyElementTextKeyword.groovy:40)
	at com.kms.katalon.core.keyword.internal.KeywordExecutor.executeKeywordForPlatform(KeywordExecutor.groovy:60)
	at com.kms.katalon.core.webui.keyword.WebUiBuiltInKeywords.verifyElementText(WebUiBuiltInKeywords.groovy:3647)
	at com.kms.katalon.core.webui.keyword.WebUiBuiltInKeywords$verifyElementText$6.call(Unknown Source)
	at p4p_1_newReservationBoarding.run(p4p_1_newReservationBoarding:197)
	at com.kms.katalon.core.main.ScriptEngine.run(ScriptEngine.java:194)
	at com.kms.katalon.core.main.ScriptEngine.runScriptAsRawText(ScriptEngine.java:119)
	at com.kms.katalon.core.main.TestCaseExecutor.runScript(TestCaseExecutor.java:337)
	at com.kms.katalon.core.main.TestCaseExecutor.doExecute(TestCaseExecutor.java:328)
	at com.kms.katalon.core.main.TestCaseExecutor.processExecutionPhase(TestCaseExecutor.java:307)
	at com.kms.katalon.core.main.TestCaseExecutor.accessMainPhase(TestCaseExecutor.java:299)
	at com.kms.katalon.core.main.TestCaseExecutor.execute(TestCaseExecutor.java:233)
	at com.kms.katalon.core.main.TestSuiteExecutor.accessTestCaseMainPhase(TestSuiteExecutor.java:169)
	at com.kms.katalon.core.main.TestSuiteExecutor.accessTestSuiteMainPhase(TestSuiteExecutor.java:142)
	at com.kms.katalon.core.main.TestSuiteExecutor.execute(TestSuiteExecutor.java:91)
	at com.kms.katalon.core.main.TestCaseMain.startTestSuite(TestCaseMain.java:157)
	at com.kms.katalon.core.main.TestCaseMain$startTestSuite$0.call(Unknown Source)
	at TempTestSuite1579416243115.run(TempTestSuite1579416243115.groovy:36)
Caused by: com.kms.katalon.core.exception.StepFailedException: com.kms.katalon.core.webui.exception.WebElementNotFoundException: Web element with id: 'Object Repository/obj_reservation/P4P_2/span_( BK )' located by 'By.xpath: //div[@id='wrapper']/div/div/div/div/div/div/ul/li[4]/a/tab-heading/span' not found
	at com.kms.katalon.core.webui.keyword.internal.WebUIKeywordMain.stepFailed(WebUIKeywordMain.groovy:64)
	at com.kms.katalon.core.webui.keyword.builtin.VerifyElementTextKeyword$_verifyElementText_closure1.doCall(VerifyElementTextKeyword.groovy:64)
	at com.kms.katalon.core.webui.keyword.builtin.VerifyElementTextKeyword$_verifyElementText_closure1.call(VerifyElementTextKeyword.groovy)
	at com.kms.katalon.core.webui.keyword.internal.WebUIKeywordMain.runKeyword(WebUIKeywordMain.groovy:20)
	... 19 more
)
[[ATTACHMENT|/home/leonardo-arkusmty/Documents/workspaceKatalon/p4ptest/Reports/20200119_004403/ts_1_newReservationBoarding/20200119_004403/1579417077986.png]]]]></system-out>
         <system-err><![CDATA[2020-01-19 00:55:53 - [TEST_CASE][FAILED] - Test Cases/p4p_1_newReservationBoarding: Test Cases/p4p_1_newReservationBoarding FAILED.
Reason:
com.kms.katalon.core.exception.StepFailedException: Verify element text of test object 'Object Repository/obj_reservation/P4P_2/span_( BK )' FAILED.
	at com.kms.katalon.core.webui.keyword.internal.WebUIKeywordMain.stepFailed(WebUIKeywordMain.groovy:64)
	at com.kms.katalon.core.webui.keyword.internal.WebUIKeywordMain.runKeyword(WebUIKeywordMain.groovy:26)
	at com.kms.katalon.core.webui.keyword.builtin.VerifyElementTextKeyword.verifyElementText(VerifyElementTextKeyword.groovy:72)
	at com.kms.katalon.core.webui.keyword.builtin.VerifyElementTextKeyword.execute(VerifyElementTextKeyword.groovy:40)
	at com.kms.katalon.core.keyword.internal.KeywordExecutor.executeKeywordForPlatform(KeywordExecutor.groovy:60)
	at com.kms.katalon.core.webui.keyword.WebUiBuiltInKeywords.verifyElementText(WebUiBuiltInKeywords.groovy:3647)
	at com.kms.katalon.core.webui.keyword.WebUiBuiltInKeywords$verifyElementText$6.call(Unknown Source)
	at p4p_1_newReservationBoarding.run(p4p_1_newReservationBoarding:197)
	at com.kms.katalon.core.main.ScriptEngine.run(ScriptEngine.java:194)
	at com.kms.katalon.core.main.ScriptEngine.runScriptAsRawText(ScriptEngine.java:119)
	at com.kms.katalon.core.main.TestCaseExecutor.runScript(TestCaseExecutor.java:337)
	at com.kms.katalon.core.main.TestCaseExecutor.doExecute(TestCaseExecutor.java:328)
	at com.kms.katalon.core.main.TestCaseExecutor.processExecutionPhase(TestCaseExecutor.java:307)
	at com.kms.katalon.core.main.TestCaseExecutor.accessMainPhase(TestCaseExecutor.java:299)
	at com.kms.katalon.core.main.TestCaseExecutor.execute(TestCaseExecutor.java:233)
	at com.kms.katalon.core.main.TestSuiteExecutor.accessTestCaseMainPhase(TestSuiteExecutor.java:169)
	at com.kms.katalon.core.main.TestSuiteExecutor.accessTestSuiteMainPhase(TestSuiteExecutor.java:142)
	at com.kms.katalon.core.main.TestSuiteExecutor.execute(TestSuiteExecutor.java:91)
	at com.kms.katalon.core.main.TestCaseMain.startTestSuite(TestCaseMain.java:157)
	at com.kms.katalon.core.main.TestCaseMain$startTestSuite$0.call(Unknown Source)
	at TempTestSuite1579416243115.run(TempTestSuite1579416243115.groovy:36)
Caused by: com.kms.katalon.core.exception.StepFailedException: com.kms.katalon.core.webui.exception.WebElementNotFoundException: Web element with id: 'Object Repository/obj_reservation/P4P_2/span_( BK )' located by 'By.xpath: //div[@id='wrapper']/div/div/div/div/div/div/ul/li[4]/a/tab-heading/span' not found
	at com.kms.katalon.core.webui.keyword.internal.WebUIKeywordMain.stepFailed(WebUIKeywordMain.groovy:64)
	at com.kms.katalon.core.webui.keyword.builtin.VerifyElementTextKeyword$_verifyElementText_closure1.doCall(VerifyElementTextKeyword.groovy:64)
	at com.kms.katalon.core.webui.keyword.builtin.VerifyElementTextKeyword$_verifyElementText_closure1.call(VerifyElementTextKeyword.groovy)
	at com.kms.katalon.core.webui.keyword.internal.WebUIKeywordMain.runKeyword(WebUIKeywordMain.groovy:20)
	... 19 more]]></system-err>
      </testcase>
      <testcase name="Test Cases/p4p_1_newReservationBoarding" time="152.946" classname="Test Cases/p4p_1_newReservationBoarding" status="FAILED">
         <failure type="FAILED" message="Test Cases/p4p_1_newReservationBoarding FAILED.
Reason:
com.kms.katalon.core.exception.StepFailedException: Verify element text of test object 'Object Repository/obj_reservation/P4P_2/span_( BK )' FAILED.
	at com.kms.katalon.core.webui.keyword.internal.WebUIKeywordMain.stepFailed(WebUIKeywordMain.groovy:64)
	at com.kms.katalon.core.webui.keyword.internal.WebUIKeywordMain.runKeyword(WebUIKeywordMain.groovy:26)
	at com.kms.katalon.core.webui.keyword.builtin.VerifyElementTextKeyword.verifyElementText(VerifyElementTextKeyword.groovy:72)
	at com.kms.katalon.core.webui.keyword.builtin.VerifyElementTextKeyword.execute(VerifyElementTextKeyword.groovy:40)
	at com.kms.katalon.core.keyword.internal.KeywordExecutor.executeKeywordForPlatform(KeywordExecutor.groovy:60)
	at com.kms.katalon.core.webui.keyword.WebUiBuiltInKeywords.verifyElementText(WebUiBuiltInKeywords.groovy:3647)
	at com.kms.katalon.core.webui.keyword.WebUiBuiltInKeywords$verifyElementText$6.call(Unknown Source)
	at p4p_1_newReservationBoarding.run(p4p_1_newReservationBoarding:197)
	at com.kms.katalon.core.main.ScriptEngine.run(ScriptEngine.java:194)
	at com.kms.katalon.core.main.ScriptEngine.runScriptAsRawText(ScriptEngine.java:119)
	at com.kms.katalon.core.main.TestCaseExecutor.runScript(TestCaseExecutor.java:337)
	at com.kms.katalon.core.main.TestCaseExecutor.doExecute(TestCaseExecutor.java:328)
	at com.kms.katalon.core.main.TestCaseExecutor.processExecutionPhase(TestCaseExecutor.java:307)
	at com.kms.katalon.core.main.TestCaseExecutor.accessMainPhase(TestCaseExecutor.java:299)
	at com.kms.katalon.core.main.TestCaseExecutor.execute(TestCaseExecutor.java:233)
	at com.kms.katalon.core.main.TestSuiteExecutor.accessTestCaseMainPhase(TestSuiteExecutor.java:169)
	at com.kms.katalon.core.main.TestSuiteExecutor.accessTestSuiteMainPhase(TestSuiteExecutor.java:142)
	at com.kms.katalon.core.main.TestSuiteExecutor.execute(TestSuiteExecutor.java:91)
	at com.kms.katalon.core.main.TestCaseMain.startTestSuite(TestCaseMain.java:157)
	at com.kms.katalon.core.main.TestCaseMain$startTestSuite$0.call(Unknown Source)
	at TempTestSuite1579416243115.run(TempTestSuite1579416243115.groovy:36)
Caused by: com.kms.katalon.core.exception.StepFailedException: com.kms.katalon.core.webui.exception.WebElementNotFoundException: Web element with id: 'Object Repository/obj_reservation/P4P_2/span_( BK )' located by 'By.xpath: //div[@id='wrapper']/div/div/div/div/div/div/ul/li[4]/a/tab-heading/span' not found
	at com.kms.katalon.core.webui.keyword.internal.WebUIKeywordMain.stepFailed(WebUIKeywordMain.groovy:64)
	at com.kms.katalon.core.webui.keyword.builtin.VerifyElementTextKeyword$_verifyElementText_closure1.doCall(VerifyElementTextKeyword.groovy:64)
	at com.kms.katalon.core.webui.keyword.builtin.VerifyElementTextKeyword$_verifyElementText_closure1.call(VerifyElementTextKeyword.groovy)
	at com.kms.katalon.core.webui.keyword.internal.WebUIKeywordMain.runKeyword(WebUIKeywordMain.groovy:20)
	... 19 more
"/>
         <system-out><![CDATA[2020-01-19 00:57:58 - [TEST_CASE][FAILED] - Test Cases/p4p_1_newReservationBoarding: Test Cases/p4p_1_newReservationBoarding FAILED.
Reason:
com.kms.katalon.core.exception.StepFailedException: Verify element text of test object 'Object Repository/obj_reservation/P4P_2/span_( BK )' FAILED.
	at com.kms.katalon.core.webui.keyword.internal.WebUIKeywordMain.stepFailed(WebUIKeywordMain.groovy:64)
	at com.kms.katalon.core.webui.keyword.internal.WebUIKeywordMain.runKeyword(WebUIKeywordMain.groovy:26)
	at com.kms.katalon.core.webui.keyword.builtin.VerifyElementTextKeyword.verifyElementText(VerifyElementTextKeyword.groovy:72)
	at com.kms.katalon.core.webui.keyword.builtin.VerifyElementTextKeyword.execute(VerifyElementTextKeyword.groovy:40)
	at com.kms.katalon.core.keyword.internal.KeywordExecutor.executeKeywordForPlatform(KeywordExecutor.groovy:60)
	at com.kms.katalon.core.webui.keyword.WebUiBuiltInKeywords.verifyElementText(WebUiBuiltInKeywords.groovy:3647)
	at com.kms.katalon.core.webui.keyword.WebUiBuiltInKeywords$verifyElementText$6.call(Unknown Source)
	at p4p_1_newReservationBoarding.run(p4p_1_newReservationBoarding:197)
	at com.kms.katalon.core.main.ScriptEngine.run(ScriptEngine.java:194)
	at com.kms.katalon.core.main.ScriptEngine.runScriptAsRawText(ScriptEngine.java:119)
	at com.kms.katalon.core.main.TestCaseExecutor.runScript(TestCaseExecutor.java:337)
	at com.kms.katalon.core.main.TestCaseExecutor.doExecute(TestCaseExecutor.java:328)
	at com.kms.katalon.core.main.TestCaseExecutor.processExecutionPhase(TestCaseExecutor.java:307)
	at com.kms.katalon.core.main.TestCaseExecutor.accessMainPhase(TestCaseExecutor.java:299)
	at com.kms.katalon.core.main.TestCaseExecutor.execute(TestCaseExecutor.java:233)
	at com.kms.katalon.core.main.TestSuiteExecutor.accessTestCaseMainPhase(TestSuiteExecutor.java:169)
	at com.kms.katalon.core.main.TestSuiteExecutor.accessTestSuiteMainPhase(TestSuiteExecutor.java:142)
	at com.kms.katalon.core.main.TestSuiteExecutor.execute(TestSuiteExecutor.java:91)
	at com.kms.katalon.core.main.TestCaseMain.startTestSuite(TestCaseMain.java:157)
	at com.kms.katalon.core.main.TestCaseMain$startTestSuite$0.call(Unknown Source)
	at TempTestSuite1579416243115.run(TempTestSuite1579416243115.groovy:36)
Caused by: com.kms.katalon.core.exception.StepFailedException: com.kms.katalon.core.webui.exception.WebElementNotFoundException: Web element with id: 'Object Repository/obj_reservation/P4P_2/span_( BK )' located by 'By.xpath: //div[@id='wrapper']/div/div/div/div/div/div/ul/li[4]/a/tab-heading/span' not found
	at com.kms.katalon.core.webui.keyword.internal.WebUIKeywordMain.stepFailed(WebUIKeywordMain.groovy:64)
	at com.kms.katalon.core.webui.keyword.builtin.VerifyElementTextKeyword$_verifyElementText_closure1.doCall(VerifyElementTextKeyword.groovy:64)
	at com.kms.katalon.core.webui.keyword.builtin.VerifyElementTextKeyword$_verifyElementText_closure1.call(VerifyElementTextKeyword.groovy)
	at com.kms.katalon.core.webui.keyword.internal.WebUIKeywordMain.runKeyword(WebUIKeywordMain.groovy:20)
	... 19 more


2020-01-19 00:57:58 - [TEST_STEP][PASSED] - flagBoar = "0": null

2020-01-19 00:57:58 - [TEST_STEP][PASSED] - log = new com.kms.katalon.core.logging.KeywordLogger(): null

2020-01-19 00:57:58 - [TEST_STEP][PASSED] - fisNewRes = new java.io.FileInputStream(/home/leonardo-arkusmty/Desktop/P4P/DATA_AUTOMATINTESTING/data_1newReservationBoarding.xlsx): null

2020-01-19 00:57:58 - [TEST_STEP][PASSED] - fisInv = new java.io.FileInputStream(/home/leonardo-arkusmty/Desktop/P4P/DATA_AUTOMATINTESTING/data_3Invoices.xlsx): null

2020-01-19 00:57:58 - [TEST_STEP][PASSED] - workbookNewRes = new org.apache.poi.xssf.usermodel.XSSFWorkbook(fisNewRes): null

2020-01-19 00:57:58 - [TEST_STEP][PASSED] - workbookInv = new org.apache.poi.xssf.usermodel.XSSFWorkbook(fisInv): null

2020-01-19 00:57:58 - [TEST_STEP][PASSED] - sheetNewRes = workbookNewRes.getSheet("Sheet1"): null

2020-01-19 00:57:58 - [TEST_STEP][PASSED] - sheetInv = workbookInv.getSheet("Sheet1"): null

2020-01-19 00:57:58 - [TEST_STEP][PASSED] - rowCount = var_row: null

2020-01-19 00:57:58 - [TEST_STEP][PASSED] - var = Integer.parseInt(var_idRowRes): null

2020-01-19 00:57:58 - [TEST_STEP][PASSED] - rowNewRes = sheetNewRes.getRow(var): null

2020-01-19 00:57:58 - [TEST_STEP][PASSED] - rowInv = sheetInv.getRow(var): null

2020-01-19 00:57:58 - [TEST_STEP][PASSED] - today = new java.util.Date(): null

2020-01-19 00:57:58 - [TEST_STEP][PASSED] - todaysDate1 = today.format("yyyy"): null

2020-01-19 00:57:58 - [TEST_STEP][PASSED] - todaysDate2 = today.format("mm"): null

2020-01-19 00:57:58 - [TEST_STEP][PASSED] - todaysDate3 = today.format("dd"): null

2020-01-19 00:57:58 - [TEST_STEP][PASSED] - todaysDate4 = today.format("mmm/dd/yyyy"): null

2020-01-19 00:57:58 - [TEST_STEP][PASSED] - todaysDate5 = today.format("dd/mm/yyyy"): null

2020-01-19 00:57:58 - [TEST_STEP][PASSED] - nowTime = today.format("hhmm"): null

2020-01-19 00:57:58 - [TEST_STEP][PASSED] - dateCI = var_checkinD.split(","): null

2020-01-19 00:57:58 - [TEST_STEP][PASSED] - dateCO = var_checkoutD.split(","): null

2020-01-19 00:57:58 - [TEST_STEP][PASSED] - arryPets = var_pets.split(","): null

2020-01-19 00:57:58 - [TEST_STEP][PASSED] - openBrowser("https://p4p-qa-bg.aws.paradise4paws.com/login/"): Browser is opened with url: 'https://p4p-qa-bg.aws.paradise4paws.com/login/'

2020-01-19 00:57:58 - [MESSAGE][WARNING] - A browser is already opened. Closing browser and opening a new one

2020-01-19 00:57:58 - [MESSAGE][INFO] - Starting 'Chrome' driver

2020-01-19 00:58:00 - [MESSAGE][PASSED] - Browser is opened with url: 'https://p4p-qa-bg.aws.paradise4paws.com/login/'

2020-01-19 00:58:00 - [TEST_STEP][PASSED] - maximizeWindow(): Current window maximized

2020-01-19 00:58:00 - [MESSAGE][PASSED] - Current window maximized

2020-01-19 00:58:00 - [TEST_STEP][PASSED] - setText(findTestObject("obj_login/input_user"), var_user): Text 'jegchavez@gmail.com' is set on object 'Object Repository/obj_login/input_user'

2020-01-19 00:58:01 - [MESSAGE][PASSED] - Text 'jegchavez@gmail.com' is set on object 'Object Repository/obj_login/input_user'

2020-01-19 00:58:01 - [TEST_STEP][PASSED] - setText(findTestObject("obj_login/input_pass"), var_pass): Text 'admin1' is set on object 'Object Repository/obj_login/input_pass'

2020-01-19 00:58:01 - [MESSAGE][PASSED] - Text 'admin1' is set on object 'Object Repository/obj_login/input_pass'

2020-01-19 00:58:01 - [TEST_STEP][PASSED] - verifyElementClickable(findTestObject("obj_login/btn_login")): Object 'Object Repository/obj_login/btn_login' is clickable

2020-01-19 00:58:02 - [MESSAGE][PASSED] - Object 'Object Repository/obj_login/btn_login' is clickable

2020-01-19 00:58:02 - [TEST_STEP][PASSED] - click(findTestObject("obj_login/btn_login")): Object: 'Object Repository/obj_login/btn_login' is clicked on

2020-01-19 00:58:03 - [MESSAGE][PASSED] - Object: 'Object Repository/obj_login/btn_login' is clicked on

2020-01-19 00:58:03 - [TEST_STEP][PASSED] - setText(findTestObject("obj_dashboard_emp/input_search"), var_searchParent): Text 'katalon 1' is set on object 'Object Repository/obj_dashboard_emp/input_search'

2020-01-19 00:58:04 - [MESSAGE][PASSED] - Text 'katalon 1' is set on object 'Object Repository/obj_dashboard_emp/input_search'

2020-01-19 00:58:04 - [TEST_STEP][PASSED] - click(findTestObject("obj_dashboard_emp/btn_accountSearch")): Object: 'Object Repository/obj_dashboard_emp/btn_accountSearch' is clicked on

2020-01-19 00:58:05 - [MESSAGE][PASSED] - Object: 'Object Repository/obj_dashboard_emp/btn_accountSearch' is clicked on

2020-01-19 00:58:05 - [TEST_STEP][PASSED] - click(findTestObject("obj_accountInformation/a_TEST GABRIEL PROD")): Object: 'Object Repository/obj_accountInformation/a_TEST GABRIEL PROD' is clicked on

2020-01-19 00:58:06 - [MESSAGE][PASSED] - Object: 'Object Repository/obj_accountInformation/a_TEST GABRIEL PROD' is clicked on

2020-01-19 00:58:06 - [TEST_STEP][PASSED] - click(findTestObject("obj_profile/a_addReservation")): Object: 'Object Repository/obj_profile/a_addReservation' is clicked on

2020-01-19 00:58:11 - [MESSAGE][PASSED] - Object: 'Object Repository/obj_profile/a_addReservation' is clicked on

2020-01-19 00:58:11 - [TEST_STEP][PASSED] - click(findTestObject("obj_reservation/4_/btn_Boarding")): Object: 'Object Repository/obj_reservation/4_/btn_Boarding' is clicked on

2020-01-19 00:58:12 - [MESSAGE][PASSED] - Object: 'Object Repository/obj_reservation/4_/btn_Boarding' is clicked on

2020-01-19 00:58:12 - [TEST_STEP][PASSED] - flagBoar = "1": null

2020-01-19 00:58:12 - [TEST_STEP][PASSED] - click(findTestObject("obj_reservation/4_/i_location")): Object: 'Object Repository/obj_reservation/4_/i_location' is clicked on

2020-01-19 00:58:14 - [MESSAGE][PASSED] - Object: 'Object Repository/obj_reservation/4_/i_location' is clicked on

2020-01-19 00:58:14 - [TEST_STEP][PASSED] - click(findTestObject("obj_reservation/2_facility/i_" + var_idFacility + "_facility")): Object: 'Object Repository/obj_reservation/2_facility/i_3_facility' is clicked on

2020-01-19 00:58:15 - [MESSAGE][PASSED] - Object: 'Object Repository/obj_reservation/2_facility/i_3_facility' is clicked on

2020-01-19 00:58:15 - [TEST_STEP][PASSED] - click(findTestObject("obj_reservation/4_/dateCheckIn")): Object: 'Object Repository/obj_reservation/4_/dateCheckIn' is clicked on

2020-01-19 00:58:18 - [MESSAGE][PASSED] - Object: 'Object Repository/obj_reservation/4_/dateCheckIn' is clicked on

2020-01-19 00:58:18 - [TEST_STEP][PASSED] - click(findTestObject("obj_reservation/3_date2020/0120/CI/button_" + dateCI[0] + "01_ci")): Object: 'Object Repository/obj_reservation/3_date2020/0120/CI/button_1901_ci' is clicked on

2020-01-19 00:58:18 - [MESSAGE][PASSED] - Object: 'Object Repository/obj_reservation/3_date2020/0120/CI/button_1901_ci' is clicked on

2020-01-19 00:58:18 - [TEST_STEP][PASSED] - if (flagBoar == "1"): Object: 'Object Repository/obj_reservation/3_date2020/0120/CO/button_2001_co' is clicked on

2020-01-19 00:58:18 - [TEST_STEP][PASSED] - click(findTestObject("obj_reservation/4_/dateCheckOut")): Object: 'Object Repository/obj_reservation/4_/dateCheckOut' is clicked on

2020-01-19 00:58:19 - [MESSAGE][PASSED] - Object: 'Object Repository/obj_reservation/4_/dateCheckOut' is clicked on

2020-01-19 00:58:19 - [TEST_STEP][PASSED] - click(findTestObject("obj_reservation/3_date2020/0120/CO/button_" + dateCO[0] + "01_co")): Object: 'Object Repository/obj_reservation/3_date2020/0120/CO/button_2001_co' is clicked on

2020-01-19 00:58:20 - [MESSAGE][PASSED] - Object: 'Object Repository/obj_reservation/3_date2020/0120/CO/button_2001_co' is clicked on

2020-01-19 00:58:20 - [TEST_STEP][PASSED] - if (var_checkinT.size() == 1): null

2020-01-19 00:58:20 - [TEST_STEP][PASSED] - if (var_checkinT.size() == 2): null

2020-01-19 00:58:20 - [TEST_STEP][PASSED] - if (var_checkinT.size() == 3): null

2020-01-19 00:58:20 - [TEST_STEP][PASSED] - var_checkinT = "0" + var_checkinT: null

2020-01-19 00:58:20 - [TEST_STEP][PASSED] - click(findTestObject("obj_reservation/4_/timeCheckin")): Object: 'Object Repository/obj_reservation/4_/timeCheckin' is clicked on

2020-01-19 00:58:20 - [MESSAGE][PASSED] - Object: 'Object Repository/obj_reservation/4_/timeCheckin' is clicked on

2020-01-19 00:58:20 - [TEST_STEP][PASSED] - click(findTestObject("obj_reservation/0_horas/CI/time_" + var_checkinT + "_ci")): Object: 'Object Repository/obj_reservation/0_horas/CI/time_0800_ci' is clicked on

2020-01-19 00:58:21 - [MESSAGE][PASSED] - Object: 'Object Repository/obj_reservation/0_horas/CI/time_0800_ci' is clicked on

2020-01-19 00:58:21 - [TEST_STEP][PASSED] - click(findTestObject("obj_reservation/4_/timeCheckOut")): Object: 'Object Repository/obj_reservation/4_/timeCheckOut' is clicked on

2020-01-19 00:58:22 - [MESSAGE][PASSED] - Object: 'Object Repository/obj_reservation/4_/timeCheckOut' is clicked on

2020-01-19 00:58:22 - [TEST_STEP][PASSED] - click(findTestObject("obj_reservation/0_horas/CO/time_" + var_checkoutT + "_co")): Object: 'Object Repository/obj_reservation/0_horas/CO/time_1130_co' is clicked on

2020-01-19 00:58:23 - [MESSAGE][PASSED] - Object: 'Object Repository/obj_reservation/0_horas/CO/time_1130_co' is clicked on

2020-01-19 00:58:23 - [TEST_STEP][PASSED] - if (arryPets.size() == 1): null

2020-01-19 00:58:23 - [TEST_STEP][PASSED] - else if (arryPets.size() == 2): null

2020-01-19 00:58:23 - [TEST_STEP][PASSED] - else if (arryPets.size() == 3): Object: 'Object Repository/obj_reservation/4_/div_Athena' is clicked on

2020-01-19 00:58:23 - [TEST_STEP][PASSED] - click(findTestObject("obj_reservation/P4P_5/div_Ares")): Object: 'Object Repository/obj_reservation/P4P_5/div_Ares' is clicked on

2020-01-19 00:58:24 - [MESSAGE][PASSED] - Object: 'Object Repository/obj_reservation/P4P_5/div_Ares' is clicked on

2020-01-19 00:58:24 - [TEST_STEP][PASSED] - click(findTestObject("obj_reservation/4_/div_Zeus")): Object: 'Object Repository/obj_reservation/4_/div_Zeus' is clicked on

2020-01-19 00:58:28 - [MESSAGE][PASSED] - Object: 'Object Repository/obj_reservation/4_/div_Zeus' is clicked on

2020-01-19 00:58:28 - [TEST_STEP][PASSED] - click(findTestObject("obj_reservation/4_/div_Athena")): Object: 'Object Repository/obj_reservation/4_/div_Athena' is clicked on

2020-01-19 00:58:33 - [MESSAGE][PASSED] - Object: 'Object Repository/obj_reservation/4_/div_Athena' is clicked on

2020-01-19 00:58:33 - [TEST_STEP][PASSED] - varHoliday = 0: null

2020-01-19 00:58:33 - [TEST_STEP][PASSED] - try: Object: 'Object Repository/obj_reservation/4_/div_suite_rad_deluxe' is clicked on

2020-01-19 00:58:33 - [TEST_STEP][PASSED] - click(findTestObject("obj_reservation/4_/div_suite_rad_deluxe")): Object: 'Object Repository/obj_reservation/4_/div_suite_rad_deluxe' is clicked on

2020-01-19 00:58:38 - [MESSAGE][PASSED] - Object: 'Object Repository/obj_reservation/4_/div_suite_rad_deluxe' is clicked on

2020-01-19 00:58:38 - [TEST_STEP][PASSED] - click(findTestObject("obj_reservation/4_/btn_next2")): Object: 'Object Repository/obj_reservation/4_/btn_next2' is clicked on

2020-01-19 00:58:39 - [MESSAGE][PASSED] - Object: 'Object Repository/obj_reservation/4_/btn_next2' is clicked on

2020-01-19 00:58:39 - [TEST_STEP][PASSED] - click(findTestObject("obj_reservation/4_/btn_next2")): Object: 'Object Repository/obj_reservation/4_/btn_next2' is clicked on

2020-01-19 00:58:40 - [MESSAGE][PASSED] - Object: 'Object Repository/obj_reservation/4_/btn_next2' is clicked on

2020-01-19 00:58:40 - [TEST_STEP][PASSED] - click(findTestObject("obj_reservation/4_/button_Submit Reservation")): Object: 'Object Repository/obj_reservation/4_/button_Submit Reservation' is clicked on

2020-01-19 00:58:42 - [MESSAGE][PASSED] - Object: 'Object Repository/obj_reservation/4_/button_Submit Reservation' is clicked on

2020-01-19 00:58:42 - [TEST_STEP][PASSED] - if (flagBoar == "2" && var_repeatingEvery == "Daily" || var_repeatingEvery == "Monthly" || var_repeatingEvery == "Weekly"): null

2020-01-19 00:58:42 - [TEST_STEP][FAILED] - else: Verify element text of test object 'Object Repository/obj_reservation/P4P_2/span_( BK )' FAILED. (Root cause: com.kms.katalon.core.exception.StepFailedException: Verify element text of test object 'Object Repository/obj_reservation/P4P_2/span_( BK )' FAILED.
	at com.kms.katalon.core.webui.keyword.internal.WebUIKeywordMain.stepFailed(WebUIKeywordMain.groovy:64)
	at com.kms.katalon.core.webui.keyword.internal.WebUIKeywordMain.runKeyword(WebUIKeywordMain.groovy:26)
	at com.kms.katalon.core.webui.keyword.builtin.VerifyElementTextKeyword.verifyElementText(VerifyElementTextKeyword.groovy:72)
	at com.kms.katalon.core.webui.keyword.builtin.VerifyElementTextKeyword.execute(VerifyElementTextKeyword.groovy:40)
	at com.kms.katalon.core.keyword.internal.KeywordExecutor.executeKeywordForPlatform(KeywordExecutor.groovy:60)
	at com.kms.katalon.core.webui.keyword.WebUiBuiltInKeywords.verifyElementText(WebUiBuiltInKeywords.groovy:3647)
	at com.kms.katalon.core.webui.keyword.WebUiBuiltInKeywords$verifyElementText$6.call(Unknown Source)
	at p4p_1_newReservationBoarding.run(p4p_1_newReservationBoarding:197)
	at com.kms.katalon.core.main.ScriptEngine.run(ScriptEngine.java:194)
	at com.kms.katalon.core.main.ScriptEngine.runScriptAsRawText(ScriptEngine.java:119)
	at com.kms.katalon.core.main.TestCaseExecutor.runScript(TestCaseExecutor.java:337)
	at com.kms.katalon.core.main.TestCaseExecutor.doExecute(TestCaseExecutor.java:328)
	at com.kms.katalon.core.main.TestCaseExecutor.processExecutionPhase(TestCaseExecutor.java:307)
	at com.kms.katalon.core.main.TestCaseExecutor.accessMainPhase(TestCaseExecutor.java:299)
	at com.kms.katalon.core.main.TestCaseExecutor.execute(TestCaseExecutor.java:233)
	at com.kms.katalon.core.main.TestSuiteExecutor.accessTestCaseMainPhase(TestSuiteExecutor.java:169)
	at com.kms.katalon.core.main.TestSuiteExecutor.accessTestSuiteMainPhase(TestSuiteExecutor.java:142)
	at com.kms.katalon.core.main.TestSuiteExecutor.execute(TestSuiteExecutor.java:91)
	at com.kms.katalon.core.main.TestCaseMain.startTestSuite(TestCaseMain.java:157)
	at com.kms.katalon.core.main.TestCaseMain$startTestSuite$0.call(Unknown Source)
	at TempTestSuite1579416243115.run(TempTestSuite1579416243115.groovy:36)
Caused by: com.kms.katalon.core.exception.StepFailedException: com.kms.katalon.core.webui.exception.WebElementNotFoundException: Web element with id: 'Object Repository/obj_reservation/P4P_2/span_( BK )' located by 'By.xpath: //div[@id='wrapper']/div/div/div/div/div/div/ul/li[4]/a/tab-heading/span' not found
	at com.kms.katalon.core.webui.keyword.internal.WebUIKeywordMain.stepFailed(WebUIKeywordMain.groovy:64)
	at com.kms.katalon.core.webui.keyword.builtin.VerifyElementTextKeyword$_verifyElementText_closure1.doCall(VerifyElementTextKeyword.groovy:64)
	at com.kms.katalon.core.webui.keyword.builtin.VerifyElementTextKeyword$_verifyElementText_closure1.call(VerifyElementTextKeyword.groovy)
	at com.kms.katalon.core.webui.keyword.internal.WebUIKeywordMain.runKeyword(WebUIKeywordMain.groovy:20)
	... 19 more
)

2020-01-19 00:58:42 - [TEST_STEP][PASSED] - try: Object: 'Object Repository/obj_reservation/4_/button_Return To Reservation_2' is clicked on

2020-01-19 00:58:42 - [TEST_STEP][PASSED] - click(findTestObject("obj_reservation/4_/button_Return To Reservation_2"), CONTINUE_ON_FAILURE): Object: 'Object Repository/obj_reservation/4_/button_Return To Reservation_2' is clicked on

2020-01-19 00:58:43 - [MESSAGE][ERROR] - javascript error: Failed to execute 'elementsFromPoint' on 'Document': The provided double value is non-finite.
  (Session info: chrome=79.0.3945.88)
Build info: version: '3.141.59', revision: 'e82be7d358', time: '2018-11-14T08:25:53'
System info: host: 'leonardoarkusmty-Inspiron-5577', ip: '127.0.1.1', os.name: 'Linux', os.arch: 'amd64', os.version: '4.15.0-74-generic', java.version: '1.8.0_232'
Driver info: com.kms.katalon.selenium.driver.CChromeDriver
Capabilities {acceptInsecureCerts: false, browserName: chrome, browserVersion: 79.0.3945.88, chrome: {chromedriverVersion: 79.0.3945.36 (3582db32b3389..., userDataDir: /tmp/.com.google.Chrome.kEELg1}, goog:chromeOptions: {debuggerAddress: localhost:32843}, javascriptEnabled: true, networkConnectionEnabled: false, pageLoadStrategy: normal, platform: LINUX, platformName: LINUX, proxy: Proxy(), setWindowRect: true, strictFileInteractability: false, timeouts: {implicit: 0, pageLoad: 300000, script: 30000}, unhandledPromptBehavior: dismiss and notify}
Session ID: f903f9c2f3e3bec23b7170fe0bf2b981

2020-01-19 00:59:13 - [MESSAGE][ERROR] - javascript error: Failed to execute 'elementsFromPoint' on 'Document': The provided double value is non-finite.
  (Session info: chrome=79.0.3945.88)
Build info: version: '3.141.59', revision: 'e82be7d358', time: '2018-11-14T08:25:53'
System info: host: 'leonardoarkusmty-Inspiron-5577', ip: '127.0.1.1', os.name: 'Linux', os.arch: 'amd64', os.version: '4.15.0-74-generic', java.version: '1.8.0_232'
Driver info: com.kms.katalon.selenium.driver.CChromeDriver
Capabilities {acceptInsecureCerts: false, browserName: chrome, browserVersion: 79.0.3945.88, chrome: {chromedriverVersion: 79.0.3945.36 (3582db32b3389..., userDataDir: /tmp/.com.google.Chrome.kEELg1}, goog:chromeOptions: {debuggerAddress: localhost:32843}, javascriptEnabled: true, networkConnectionEnabled: false, pageLoadStrategy: normal, platform: LINUX, platformName: LINUX, proxy: Proxy(), setWindowRect: true, strictFileInteractability: false, timeouts: {implicit: 0, pageLoad: 300000, script: 30000}, unhandledPromptBehavior: dismiss and notify}
Session ID: f903f9c2f3e3bec23b7170fe0bf2b981

2020-01-19 00:59:13 - [MESSAGE][PASSED] - Object: 'Object Repository/obj_reservation/4_/button_Return To Reservation_2' is clicked on

2020-01-19 00:59:13 - [TEST_STEP][PASSED] - click(findTestObject("obj_reservation/P4P_2/button_Go to CheckOut")): Object: 'Object Repository/obj_reservation/P4P_2/button_Go to CheckOut' is clicked on

2020-01-19 00:59:45 - [MESSAGE][PASSED] - Object: 'Object Repository/obj_reservation/P4P_2/button_Go to CheckOut' is clicked on

2020-01-19 00:59:45 - [TEST_STEP][PASSED] - var_url = getUrl(): Current window's url is: 'https://p4p-qa-bg.aws.paradise4paws.com/reservations/add/?parent_id=122352'

2020-01-19 00:59:45 - [MESSAGE][PASSED] - Current window's url is: 'https://p4p-qa-bg.aws.paradise4paws.com/reservations/add/?parent_id=122352'

2020-01-19 00:59:45 - [TEST_STEP][PASSED] - arrayUrl = var_url.split("/"): null

2020-01-19 00:59:45 - [TEST_STEP][FAILED] - verifyElementText(findTestObject("obj_reservation/P4P_2/span_( BK )"), "( BK )", STOP_ON_FAILURE): Verify element text of test object 'Object Repository/obj_reservation/P4P_2/span_( BK )' FAILED. (Root cause: com.kms.katalon.core.exception.StepFailedException: Verify element text of test object 'Object Repository/obj_reservation/P4P_2/span_( BK )' FAILED.
	at com.kms.katalon.core.webui.keyword.internal.WebUIKeywordMain.stepFailed(WebUIKeywordMain.groovy:64)
	at com.kms.katalon.core.webui.keyword.internal.WebUIKeywordMain.runKeyword(WebUIKeywordMain.groovy:26)
	at com.kms.katalon.core.webui.keyword.builtin.VerifyElementTextKeyword.verifyElementText(VerifyElementTextKeyword.groovy:72)
	at com.kms.katalon.core.webui.keyword.builtin.VerifyElementTextKeyword.execute(VerifyElementTextKeyword.groovy:40)
	at com.kms.katalon.core.keyword.internal.KeywordExecutor.executeKeywordForPlatform(KeywordExecutor.groovy:60)
	at com.kms.katalon.core.webui.keyword.WebUiBuiltInKeywords.verifyElementText(WebUiBuiltInKeywords.groovy:3647)
	at com.kms.katalon.core.webui.keyword.WebUiBuiltInKeywords$verifyElementText$6.call(Unknown Source)
	at p4p_1_newReservationBoarding.run(p4p_1_newReservationBoarding:197)
	at com.kms.katalon.core.main.ScriptEngine.run(ScriptEngine.java:194)
	at com.kms.katalon.core.main.ScriptEngine.runScriptAsRawText(ScriptEngine.java:119)
	at com.kms.katalon.core.main.TestCaseExecutor.runScript(TestCaseExecutor.java:337)
	at com.kms.katalon.core.main.TestCaseExecutor.doExecute(TestCaseExecutor.java:328)
	at com.kms.katalon.core.main.TestCaseExecutor.processExecutionPhase(TestCaseExecutor.java:307)
	at com.kms.katalon.core.main.TestCaseExecutor.accessMainPhase(TestCaseExecutor.java:299)
	at com.kms.katalon.core.main.TestCaseExecutor.execute(TestCaseExecutor.java:233)
	at com.kms.katalon.core.main.TestSuiteExecutor.accessTestCaseMainPhase(TestSuiteExecutor.java:169)
	at com.kms.katalon.core.main.TestSuiteExecutor.accessTestSuiteMainPhase(TestSuiteExecutor.java:142)
	at com.kms.katalon.core.main.TestSuiteExecutor.execute(TestSuiteExecutor.java:91)
	at com.kms.katalon.core.main.TestCaseMain.startTestSuite(TestCaseMain.java:157)
	at com.kms.katalon.core.main.TestCaseMain$startTestSuite$0.call(Unknown Source)
	at TempTestSuite1579416243115.run(TempTestSuite1579416243115.groovy:36)
Caused by: com.kms.katalon.core.exception.StepFailedException: com.kms.katalon.core.webui.exception.WebElementNotFoundException: Web element with id: 'Object Repository/obj_reservation/P4P_2/span_( BK )' located by 'By.xpath: //div[@id='wrapper']/div/div/div/div/div/div/ul/li[4]/a/tab-heading/span' not found
	at com.kms.katalon.core.webui.keyword.internal.WebUIKeywordMain.stepFailed(WebUIKeywordMain.groovy:64)
	at com.kms.katalon.core.webui.keyword.builtin.VerifyElementTextKeyword$_verifyElementText_closure1.doCall(VerifyElementTextKeyword.groovy:64)
	at com.kms.katalon.core.webui.keyword.builtin.VerifyElementTextKeyword$_verifyElementText_closure1.call(VerifyElementTextKeyword.groovy)
	at com.kms.katalon.core.webui.keyword.internal.WebUIKeywordMain.runKeyword(WebUIKeywordMain.groovy:20)
	... 19 more
)

2020-01-19 01:00:30 - [MESSAGE][INFO] - Unable to find the element located by 'By.xpath: //div[@id='wrapper']/div/div/div/div/div/div/ul/li[4]/a/tab-heading/span'. Please recheck the objects properties to make sure the desired element is located. 

2020-01-19 01:00:30 - [MESSAGE][FAILED] - com.kms.katalon.core.webui.exception.WebElementNotFoundException: Web element with id: 'Object Repository/obj_reservation/P4P_2/span_( BK )' located by 'By.xpath: //div[@id='wrapper']/div/div/div/div/div/div/ul/li[4]/a/tab-heading/span' not found (Root cause: com.kms.katalon.core.exception.StepFailedException: com.kms.katalon.core.webui.exception.WebElementNotFoundException: Web element with id: 'Object Repository/obj_reservation/P4P_2/span_( BK )' located by 'By.xpath: //div[@id='wrapper']/div/div/div/div/div/div/ul/li[4]/a/tab-heading/span' not found
	at com.kms.katalon.core.webui.keyword.internal.WebUIKeywordMain.stepFailed(WebUIKeywordMain.groovy:64)
	at com.kms.katalon.core.webui.keyword.builtin.VerifyElementTextKeyword$_verifyElementText_closure1.doCall(VerifyElementTextKeyword.groovy:64)
	at com.kms.katalon.core.webui.keyword.builtin.VerifyElementTextKeyword$_verifyElementText_closure1.call(VerifyElementTextKeyword.groovy)
	at com.kms.katalon.core.webui.keyword.internal.WebUIKeywordMain.runKeyword(WebUIKeywordMain.groovy:20)
	at com.kms.katalon.core.webui.keyword.builtin.VerifyElementTextKeyword.verifyElementText(VerifyElementTextKeyword.groovy:72)
	at com.kms.katalon.core.webui.keyword.builtin.VerifyElementTextKeyword.execute(VerifyElementTextKeyword.groovy:40)
	at com.kms.katalon.core.keyword.internal.KeywordExecutor.executeKeywordForPlatform(KeywordExecutor.groovy:60)
	at com.kms.katalon.core.webui.keyword.WebUiBuiltInKeywords.verifyElementText(WebUiBuiltInKeywords.groovy:3647)
	at com.kms.katalon.core.webui.keyword.WebUiBuiltInKeywords$verifyElementText$6.call(Unknown Source)
	at p4p_1_newReservationBoarding.run(p4p_1_newReservationBoarding:197)
	at com.kms.katalon.core.main.ScriptEngine.run(ScriptEngine.java:194)
	at com.kms.katalon.core.main.ScriptEngine.runScriptAsRawText(ScriptEngine.java:119)
	at com.kms.katalon.core.main.TestCaseExecutor.runScript(TestCaseExecutor.java:337)
	at com.kms.katalon.core.main.TestCaseExecutor.doExecute(TestCaseExecutor.java:328)
	at com.kms.katalon.core.main.TestCaseExecutor.processExecutionPhase(TestCaseExecutor.java:307)
	at com.kms.katalon.core.main.TestCaseExecutor.accessMainPhase(TestCaseExecutor.java:299)
	at com.kms.katalon.core.main.TestCaseExecutor.execute(TestCaseExecutor.java:233)
	at com.kms.katalon.core.main.TestSuiteExecutor.accessTestCaseMainPhase(TestSuiteExecutor.java:169)
	at com.kms.katalon.core.main.TestSuiteExecutor.accessTestSuiteMainPhase(TestSuiteExecutor.java:142)
	at com.kms.katalon.core.main.TestSuiteExecutor.execute(TestSuiteExecutor.java:91)
	at com.kms.katalon.core.main.TestCaseMain.startTestSuite(TestCaseMain.java:157)
	at com.kms.katalon.core.main.TestCaseMain$startTestSuite$0.call(Unknown Source)
	at TempTestSuite1579416243115.run(TempTestSuite1579416243115.groovy:36)
)
[[ATTACHMENT|/home/leonardo-arkusmty/Documents/workspaceKatalon/p4ptest/Reports/20200119_004403/ts_1_newReservationBoarding/20200119_004403/1579417230766.png]]

2020-01-19 01:00:31 - [MESSAGE][FAILED] - Verify element text of test object 'Object Repository/obj_reservation/P4P_2/span_( BK )' FAILED. (Root cause: com.kms.katalon.core.exception.StepFailedException: Verify element text of test object 'Object Repository/obj_reservation/P4P_2/span_( BK )' FAILED.
	at com.kms.katalon.core.webui.keyword.internal.WebUIKeywordMain.stepFailed(WebUIKeywordMain.groovy:64)
	at com.kms.katalon.core.webui.keyword.internal.WebUIKeywordMain.runKeyword(WebUIKeywordMain.groovy:26)
	at com.kms.katalon.core.webui.keyword.builtin.VerifyElementTextKeyword.verifyElementText(VerifyElementTextKeyword.groovy:72)
	at com.kms.katalon.core.webui.keyword.builtin.VerifyElementTextKeyword.execute(VerifyElementTextKeyword.groovy:40)
	at com.kms.katalon.core.keyword.internal.KeywordExecutor.executeKeywordForPlatform(KeywordExecutor.groovy:60)
	at com.kms.katalon.core.webui.keyword.WebUiBuiltInKeywords.verifyElementText(WebUiBuiltInKeywords.groovy:3647)
	at com.kms.katalon.core.webui.keyword.WebUiBuiltInKeywords$verifyElementText$6.call(Unknown Source)
	at p4p_1_newReservationBoarding.run(p4p_1_newReservationBoarding:197)
	at com.kms.katalon.core.main.ScriptEngine.run(ScriptEngine.java:194)
	at com.kms.katalon.core.main.ScriptEngine.runScriptAsRawText(ScriptEngine.java:119)
	at com.kms.katalon.core.main.TestCaseExecutor.runScript(TestCaseExecutor.java:337)
	at com.kms.katalon.core.main.TestCaseExecutor.doExecute(TestCaseExecutor.java:328)
	at com.kms.katalon.core.main.TestCaseExecutor.processExecutionPhase(TestCaseExecutor.java:307)
	at com.kms.katalon.core.main.TestCaseExecutor.accessMainPhase(TestCaseExecutor.java:299)
	at com.kms.katalon.core.main.TestCaseExecutor.execute(TestCaseExecutor.java:233)
	at com.kms.katalon.core.main.TestSuiteExecutor.accessTestCaseMainPhase(TestSuiteExecutor.java:169)
	at com.kms.katalon.core.main.TestSuiteExecutor.accessTestSuiteMainPhase(TestSuiteExecutor.java:142)
	at com.kms.katalon.core.main.TestSuiteExecutor.execute(TestSuiteExecutor.java:91)
	at com.kms.katalon.core.main.TestCaseMain.startTestSuite(TestCaseMain.java:157)
	at com.kms.katalon.core.main.TestCaseMain$startTestSuite$0.call(Unknown Source)
	at TempTestSuite1579416243115.run(TempTestSuite1579416243115.groovy:36)
Caused by: com.kms.katalon.core.exception.StepFailedException: com.kms.katalon.core.webui.exception.WebElementNotFoundException: Web element with id: 'Object Repository/obj_reservation/P4P_2/span_( BK )' located by 'By.xpath: //div[@id='wrapper']/div/div/div/div/div/div/ul/li[4]/a/tab-heading/span' not found
	at com.kms.katalon.core.webui.keyword.internal.WebUIKeywordMain.stepFailed(WebUIKeywordMain.groovy:64)
	at com.kms.katalon.core.webui.keyword.builtin.VerifyElementTextKeyword$_verifyElementText_closure1.doCall(VerifyElementTextKeyword.groovy:64)
	at com.kms.katalon.core.webui.keyword.builtin.VerifyElementTextKeyword$_verifyElementText_closure1.call(VerifyElementTextKeyword.groovy)
	at com.kms.katalon.core.webui.keyword.internal.WebUIKeywordMain.runKeyword(WebUIKeywordMain.groovy:20)
	... 19 more
)
[[ATTACHMENT|/home/leonardo-arkusmty/Documents/workspaceKatalon/p4ptest/Reports/20200119_004403/ts_1_newReservationBoarding/20200119_004403/1579417230977.png]]]]></system-out>
         <system-err><![CDATA[2020-01-19 00:57:58 - [TEST_CASE][FAILED] - Test Cases/p4p_1_newReservationBoarding: Test Cases/p4p_1_newReservationBoarding FAILED.
Reason:
com.kms.katalon.core.exception.StepFailedException: Verify element text of test object 'Object Repository/obj_reservation/P4P_2/span_( BK )' FAILED.
	at com.kms.katalon.core.webui.keyword.internal.WebUIKeywordMain.stepFailed(WebUIKeywordMain.groovy:64)
	at com.kms.katalon.core.webui.keyword.internal.WebUIKeywordMain.runKeyword(WebUIKeywordMain.groovy:26)
	at com.kms.katalon.core.webui.keyword.builtin.VerifyElementTextKeyword.verifyElementText(VerifyElementTextKeyword.groovy:72)
	at com.kms.katalon.core.webui.keyword.builtin.VerifyElementTextKeyword.execute(VerifyElementTextKeyword.groovy:40)
	at com.kms.katalon.core.keyword.internal.KeywordExecutor.executeKeywordForPlatform(KeywordExecutor.groovy:60)
	at com.kms.katalon.core.webui.keyword.WebUiBuiltInKeywords.verifyElementText(WebUiBuiltInKeywords.groovy:3647)
	at com.kms.katalon.core.webui.keyword.WebUiBuiltInKeywords$verifyElementText$6.call(Unknown Source)
	at p4p_1_newReservationBoarding.run(p4p_1_newReservationBoarding:197)
	at com.kms.katalon.core.main.ScriptEngine.run(ScriptEngine.java:194)
	at com.kms.katalon.core.main.ScriptEngine.runScriptAsRawText(ScriptEngine.java:119)
	at com.kms.katalon.core.main.TestCaseExecutor.runScript(TestCaseExecutor.java:337)
	at com.kms.katalon.core.main.TestCaseExecutor.doExecute(TestCaseExecutor.java:328)
	at com.kms.katalon.core.main.TestCaseExecutor.processExecutionPhase(TestCaseExecutor.java:307)
	at com.kms.katalon.core.main.TestCaseExecutor.accessMainPhase(TestCaseExecutor.java:299)
	at com.kms.katalon.core.main.TestCaseExecutor.execute(TestCaseExecutor.java:233)
	at com.kms.katalon.core.main.TestSuiteExecutor.accessTestCaseMainPhase(TestSuiteExecutor.java:169)
	at com.kms.katalon.core.main.TestSuiteExecutor.accessTestSuiteMainPhase(TestSuiteExecutor.java:142)
	at com.kms.katalon.core.main.TestSuiteExecutor.execute(TestSuiteExecutor.java:91)
	at com.kms.katalon.core.main.TestCaseMain.startTestSuite(TestCaseMain.java:157)
	at com.kms.katalon.core.main.TestCaseMain$startTestSuite$0.call(Unknown Source)
	at TempTestSuite1579416243115.run(TempTestSuite1579416243115.groovy:36)
Caused by: com.kms.katalon.core.exception.StepFailedException: com.kms.katalon.core.webui.exception.WebElementNotFoundException: Web element with id: 'Object Repository/obj_reservation/P4P_2/span_( BK )' located by 'By.xpath: //div[@id='wrapper']/div/div/div/div/div/div/ul/li[4]/a/tab-heading/span' not found
	at com.kms.katalon.core.webui.keyword.internal.WebUIKeywordMain.stepFailed(WebUIKeywordMain.groovy:64)
	at com.kms.katalon.core.webui.keyword.builtin.VerifyElementTextKeyword$_verifyElementText_closure1.doCall(VerifyElementTextKeyword.groovy:64)
	at com.kms.katalon.core.webui.keyword.builtin.VerifyElementTextKeyword$_verifyElementText_closure1.call(VerifyElementTextKeyword.groovy)
	at com.kms.katalon.core.webui.keyword.internal.WebUIKeywordMain.runKeyword(WebUIKeywordMain.groovy:20)
	... 19 more]]></system-err>
      </testcase>
      <testcase name="Test Cases/p4p_1_newReservationBoarding" time="152.013" classname="Test Cases/p4p_1_newReservationBoarding" status="FAILED">
         <failure type="FAILED" message="Test Cases/p4p_1_newReservationBoarding FAILED.
Reason:
com.kms.katalon.core.exception.StepFailedException: Verify element text of test object 'Object Repository/obj_reservation/P4P_2/span_( BK )' FAILED.
	at com.kms.katalon.core.webui.keyword.internal.WebUIKeywordMain.stepFailed(WebUIKeywordMain.groovy:64)
	at com.kms.katalon.core.webui.keyword.internal.WebUIKeywordMain.runKeyword(WebUIKeywordMain.groovy:26)
	at com.kms.katalon.core.webui.keyword.builtin.VerifyElementTextKeyword.verifyElementText(VerifyElementTextKeyword.groovy:72)
	at com.kms.katalon.core.webui.keyword.builtin.VerifyElementTextKeyword.execute(VerifyElementTextKeyword.groovy:40)
	at com.kms.katalon.core.keyword.internal.KeywordExecutor.executeKeywordForPlatform(KeywordExecutor.groovy:60)
	at com.kms.katalon.core.webui.keyword.WebUiBuiltInKeywords.verifyElementText(WebUiBuiltInKeywords.groovy:3647)
	at com.kms.katalon.core.webui.keyword.WebUiBuiltInKeywords$verifyElementText$6.call(Unknown Source)
	at p4p_1_newReservationBoarding.run(p4p_1_newReservationBoarding:197)
	at com.kms.katalon.core.main.ScriptEngine.run(ScriptEngine.java:194)
	at com.kms.katalon.core.main.ScriptEngine.runScriptAsRawText(ScriptEngine.java:119)
	at com.kms.katalon.core.main.TestCaseExecutor.runScript(TestCaseExecutor.java:337)
	at com.kms.katalon.core.main.TestCaseExecutor.doExecute(TestCaseExecutor.java:328)
	at com.kms.katalon.core.main.TestCaseExecutor.processExecutionPhase(TestCaseExecutor.java:307)
	at com.kms.katalon.core.main.TestCaseExecutor.accessMainPhase(TestCaseExecutor.java:299)
	at com.kms.katalon.core.main.TestCaseExecutor.execute(TestCaseExecutor.java:233)
	at com.kms.katalon.core.main.TestSuiteExecutor.accessTestCaseMainPhase(TestSuiteExecutor.java:169)
	at com.kms.katalon.core.main.TestSuiteExecutor.accessTestSuiteMainPhase(TestSuiteExecutor.java:142)
	at com.kms.katalon.core.main.TestSuiteExecutor.execute(TestSuiteExecutor.java:91)
	at com.kms.katalon.core.main.TestCaseMain.startTestSuite(TestCaseMain.java:157)
	at com.kms.katalon.core.main.TestCaseMain$startTestSuite$0.call(Unknown Source)
	at TempTestSuite1579416243115.run(TempTestSuite1579416243115.groovy:36)
Caused by: com.kms.katalon.core.exception.StepFailedException: com.kms.katalon.core.webui.exception.WebElementNotFoundException: Web element with id: 'Object Repository/obj_reservation/P4P_2/span_( BK )' located by 'By.xpath: //div[@id='wrapper']/div/div/div/div/div/div/ul/li[4]/a/tab-heading/span' not found
	at com.kms.katalon.core.webui.keyword.internal.WebUIKeywordMain.stepFailed(WebUIKeywordMain.groovy:64)
	at com.kms.katalon.core.webui.keyword.builtin.VerifyElementTextKeyword$_verifyElementText_closure1.doCall(VerifyElementTextKeyword.groovy:64)
	at com.kms.katalon.core.webui.keyword.builtin.VerifyElementTextKeyword$_verifyElementText_closure1.call(VerifyElementTextKeyword.groovy)
	at com.kms.katalon.core.webui.keyword.internal.WebUIKeywordMain.runKeyword(WebUIKeywordMain.groovy:20)
	... 19 more
"/>
         <system-out><![CDATA[2020-01-19 01:00:31 - [TEST_CASE][FAILED] - Test Cases/p4p_1_newReservationBoarding: Test Cases/p4p_1_newReservationBoarding FAILED.
Reason:
com.kms.katalon.core.exception.StepFailedException: Verify element text of test object 'Object Repository/obj_reservation/P4P_2/span_( BK )' FAILED.
	at com.kms.katalon.core.webui.keyword.internal.WebUIKeywordMain.stepFailed(WebUIKeywordMain.groovy:64)
	at com.kms.katalon.core.webui.keyword.internal.WebUIKeywordMain.runKeyword(WebUIKeywordMain.groovy:26)
	at com.kms.katalon.core.webui.keyword.builtin.VerifyElementTextKeyword.verifyElementText(VerifyElementTextKeyword.groovy:72)
	at com.kms.katalon.core.webui.keyword.builtin.VerifyElementTextKeyword.execute(VerifyElementTextKeyword.groovy:40)
	at com.kms.katalon.core.keyword.internal.KeywordExecutor.executeKeywordForPlatform(KeywordExecutor.groovy:60)
	at com.kms.katalon.core.webui.keyword.WebUiBuiltInKeywords.verifyElementText(WebUiBuiltInKeywords.groovy:3647)
	at com.kms.katalon.core.webui.keyword.WebUiBuiltInKeywords$verifyElementText$6.call(Unknown Source)
	at p4p_1_newReservationBoarding.run(p4p_1_newReservationBoarding:197)
	at com.kms.katalon.core.main.ScriptEngine.run(ScriptEngine.java:194)
	at com.kms.katalon.core.main.ScriptEngine.runScriptAsRawText(ScriptEngine.java:119)
	at com.kms.katalon.core.main.TestCaseExecutor.runScript(TestCaseExecutor.java:337)
	at com.kms.katalon.core.main.TestCaseExecutor.doExecute(TestCaseExecutor.java:328)
	at com.kms.katalon.core.main.TestCaseExecutor.processExecutionPhase(TestCaseExecutor.java:307)
	at com.kms.katalon.core.main.TestCaseExecutor.accessMainPhase(TestCaseExecutor.java:299)
	at com.kms.katalon.core.main.TestCaseExecutor.execute(TestCaseExecutor.java:233)
	at com.kms.katalon.core.main.TestSuiteExecutor.accessTestCaseMainPhase(TestSuiteExecutor.java:169)
	at com.kms.katalon.core.main.TestSuiteExecutor.accessTestSuiteMainPhase(TestSuiteExecutor.java:142)
	at com.kms.katalon.core.main.TestSuiteExecutor.execute(TestSuiteExecutor.java:91)
	at com.kms.katalon.core.main.TestCaseMain.startTestSuite(TestCaseMain.java:157)
	at com.kms.katalon.core.main.TestCaseMain$startTestSuite$0.call(Unknown Source)
	at TempTestSuite1579416243115.run(TempTestSuite1579416243115.groovy:36)
Caused by: com.kms.katalon.core.exception.StepFailedException: com.kms.katalon.core.webui.exception.WebElementNotFoundException: Web element with id: 'Object Repository/obj_reservation/P4P_2/span_( BK )' located by 'By.xpath: //div[@id='wrapper']/div/div/div/div/div/div/ul/li[4]/a/tab-heading/span' not found
	at com.kms.katalon.core.webui.keyword.internal.WebUIKeywordMain.stepFailed(WebUIKeywordMain.groovy:64)
	at com.kms.katalon.core.webui.keyword.builtin.VerifyElementTextKeyword$_verifyElementText_closure1.doCall(VerifyElementTextKeyword.groovy:64)
	at com.kms.katalon.core.webui.keyword.builtin.VerifyElementTextKeyword$_verifyElementText_closure1.call(VerifyElementTextKeyword.groovy)
	at com.kms.katalon.core.webui.keyword.internal.WebUIKeywordMain.runKeyword(WebUIKeywordMain.groovy:20)
	... 19 more


2020-01-19 01:00:31 - [TEST_STEP][PASSED] - flagBoar = "0": null

2020-01-19 01:00:31 - [TEST_STEP][PASSED] - log = new com.kms.katalon.core.logging.KeywordLogger(): null

2020-01-19 01:00:31 - [TEST_STEP][PASSED] - fisNewRes = new java.io.FileInputStream(/home/leonardo-arkusmty/Desktop/P4P/DATA_AUTOMATINTESTING/data_1newReservationBoarding.xlsx): null

2020-01-19 01:00:31 - [TEST_STEP][PASSED] - fisInv = new java.io.FileInputStream(/home/leonardo-arkusmty/Desktop/P4P/DATA_AUTOMATINTESTING/data_3Invoices.xlsx): null

2020-01-19 01:00:31 - [TEST_STEP][PASSED] - workbookNewRes = new org.apache.poi.xssf.usermodel.XSSFWorkbook(fisNewRes): null

2020-01-19 01:00:31 - [TEST_STEP][PASSED] - workbookInv = new org.apache.poi.xssf.usermodel.XSSFWorkbook(fisInv): null

2020-01-19 01:00:31 - [TEST_STEP][PASSED] - sheetNewRes = workbookNewRes.getSheet("Sheet1"): null

2020-01-19 01:00:31 - [TEST_STEP][PASSED] - sheetInv = workbookInv.getSheet("Sheet1"): null

2020-01-19 01:00:31 - [TEST_STEP][PASSED] - rowCount = var_row: null

2020-01-19 01:00:31 - [TEST_STEP][PASSED] - var = Integer.parseInt(var_idRowRes): null

2020-01-19 01:00:31 - [TEST_STEP][PASSED] - rowNewRes = sheetNewRes.getRow(var): null

2020-01-19 01:00:31 - [TEST_STEP][PASSED] - rowInv = sheetInv.getRow(var): null

2020-01-19 01:00:31 - [TEST_STEP][PASSED] - today = new java.util.Date(): null

2020-01-19 01:00:31 - [TEST_STEP][PASSED] - todaysDate1 = today.format("yyyy"): null

2020-01-19 01:00:31 - [TEST_STEP][PASSED] - todaysDate2 = today.format("mm"): null

2020-01-19 01:00:31 - [TEST_STEP][PASSED] - todaysDate3 = today.format("dd"): null

2020-01-19 01:00:31 - [TEST_STEP][PASSED] - todaysDate4 = today.format("mmm/dd/yyyy"): null

2020-01-19 01:00:31 - [TEST_STEP][PASSED] - todaysDate5 = today.format("dd/mm/yyyy"): null

2020-01-19 01:00:31 - [TEST_STEP][PASSED] - nowTime = today.format("hhmm"): null

2020-01-19 01:00:31 - [TEST_STEP][PASSED] - dateCI = var_checkinD.split(","): null

2020-01-19 01:00:31 - [TEST_STEP][PASSED] - dateCO = var_checkoutD.split(","): null

2020-01-19 01:00:31 - [TEST_STEP][PASSED] - arryPets = var_pets.split(","): null

2020-01-19 01:00:31 - [TEST_STEP][PASSED] - openBrowser("https://p4p-qa-bg.aws.paradise4paws.com/login/"): Browser is opened with url: 'https://p4p-qa-bg.aws.paradise4paws.com/login/'

2020-01-19 01:00:31 - [MESSAGE][WARNING] - A browser is already opened. Closing browser and opening a new one

2020-01-19 01:00:31 - [MESSAGE][INFO] - Starting 'Chrome' driver

2020-01-19 01:00:33 - [MESSAGE][PASSED] - Browser is opened with url: 'https://p4p-qa-bg.aws.paradise4paws.com/login/'

2020-01-19 01:00:33 - [TEST_STEP][PASSED] - maximizeWindow(): Current window maximized

2020-01-19 01:00:34 - [MESSAGE][PASSED] - Current window maximized

2020-01-19 01:00:34 - [TEST_STEP][PASSED] - setText(findTestObject("obj_login/input_user"), var_user): Text 'jegchavez@gmail.com' is set on object 'Object Repository/obj_login/input_user'

2020-01-19 01:00:34 - [MESSAGE][PASSED] - Text 'jegchavez@gmail.com' is set on object 'Object Repository/obj_login/input_user'

2020-01-19 01:00:34 - [TEST_STEP][PASSED] - setText(findTestObject("obj_login/input_pass"), var_pass): Text 'admin1' is set on object 'Object Repository/obj_login/input_pass'

2020-01-19 01:00:34 - [MESSAGE][PASSED] - Text 'admin1' is set on object 'Object Repository/obj_login/input_pass'

2020-01-19 01:00:34 - [TEST_STEP][PASSED] - verifyElementClickable(findTestObject("obj_login/btn_login")): Object 'Object Repository/obj_login/btn_login' is clickable

2020-01-19 01:00:35 - [MESSAGE][PASSED] - Object 'Object Repository/obj_login/btn_login' is clickable

2020-01-19 01:00:35 - [TEST_STEP][PASSED] - click(findTestObject("obj_login/btn_login")): Object: 'Object Repository/obj_login/btn_login' is clicked on

2020-01-19 01:00:36 - [MESSAGE][PASSED] - Object: 'Object Repository/obj_login/btn_login' is clicked on

2020-01-19 01:00:36 - [TEST_STEP][PASSED] - setText(findTestObject("obj_dashboard_emp/input_search"), var_searchParent): Text 'katalon 1' is set on object 'Object Repository/obj_dashboard_emp/input_search'

2020-01-19 01:00:37 - [MESSAGE][PASSED] - Text 'katalon 1' is set on object 'Object Repository/obj_dashboard_emp/input_search'

2020-01-19 01:00:37 - [TEST_STEP][PASSED] - click(findTestObject("obj_dashboard_emp/btn_accountSearch")): Object: 'Object Repository/obj_dashboard_emp/btn_accountSearch' is clicked on

2020-01-19 01:00:38 - [MESSAGE][PASSED] - Object: 'Object Repository/obj_dashboard_emp/btn_accountSearch' is clicked on

2020-01-19 01:00:38 - [TEST_STEP][PASSED] - click(findTestObject("obj_accountInformation/a_TEST GABRIEL PROD")): Object: 'Object Repository/obj_accountInformation/a_TEST GABRIEL PROD' is clicked on

2020-01-19 01:00:39 - [MESSAGE][PASSED] - Object: 'Object Repository/obj_accountInformation/a_TEST GABRIEL PROD' is clicked on

2020-01-19 01:00:39 - [TEST_STEP][PASSED] - click(findTestObject("obj_profile/a_addReservation")): Object: 'Object Repository/obj_profile/a_addReservation' is clicked on

2020-01-19 01:00:44 - [MESSAGE][PASSED] - Object: 'Object Repository/obj_profile/a_addReservation' is clicked on

2020-01-19 01:00:44 - [TEST_STEP][PASSED] - click(findTestObject("obj_reservation/4_/btn_Boarding")): Object: 'Object Repository/obj_reservation/4_/btn_Boarding' is clicked on

2020-01-19 01:00:45 - [MESSAGE][PASSED] - Object: 'Object Repository/obj_reservation/4_/btn_Boarding' is clicked on

2020-01-19 01:00:45 - [TEST_STEP][PASSED] - flagBoar = "1": null

2020-01-19 01:00:45 - [TEST_STEP][PASSED] - click(findTestObject("obj_reservation/4_/i_location")): Object: 'Object Repository/obj_reservation/4_/i_location' is clicked on

2020-01-19 01:00:47 - [MESSAGE][PASSED] - Object: 'Object Repository/obj_reservation/4_/i_location' is clicked on

2020-01-19 01:00:47 - [TEST_STEP][PASSED] - click(findTestObject("obj_reservation/2_facility/i_" + var_idFacility + "_facility")): Object: 'Object Repository/obj_reservation/2_facility/i_3_facility' is clicked on

2020-01-19 01:00:47 - [MESSAGE][PASSED] - Object: 'Object Repository/obj_reservation/2_facility/i_3_facility' is clicked on

2020-01-19 01:00:47 - [TEST_STEP][PASSED] - click(findTestObject("obj_reservation/4_/dateCheckIn")): Object: 'Object Repository/obj_reservation/4_/dateCheckIn' is clicked on

2020-01-19 01:00:50 - [MESSAGE][PASSED] - Object: 'Object Repository/obj_reservation/4_/dateCheckIn' is clicked on

2020-01-19 01:00:50 - [TEST_STEP][PASSED] - click(findTestObject("obj_reservation/3_date2020/0120/CI/button_" + dateCI[0] + "01_ci")): Object: 'Object Repository/obj_reservation/3_date2020/0120/CI/button_1701_ci' is clicked on

2020-01-19 01:00:51 - [MESSAGE][PASSED] - Object: 'Object Repository/obj_reservation/3_date2020/0120/CI/button_1701_ci' is clicked on

2020-01-19 01:00:51 - [TEST_STEP][PASSED] - if (flagBoar == "1"): Object: 'Object Repository/obj_reservation/3_date2020/0120/CO/button_1801_co' is clicked on

2020-01-19 01:00:51 - [TEST_STEP][PASSED] - click(findTestObject("obj_reservation/4_/dateCheckOut")): Object: 'Object Repository/obj_reservation/4_/dateCheckOut' is clicked on

2020-01-19 01:00:52 - [MESSAGE][PASSED] - Object: 'Object Repository/obj_reservation/4_/dateCheckOut' is clicked on

2020-01-19 01:00:52 - [TEST_STEP][PASSED] - click(findTestObject("obj_reservation/3_date2020/0120/CO/button_" + dateCO[0] + "01_co")): Object: 'Object Repository/obj_reservation/3_date2020/0120/CO/button_1801_co' is clicked on

2020-01-19 01:00:53 - [MESSAGE][PASSED] - Object: 'Object Repository/obj_reservation/3_date2020/0120/CO/button_1801_co' is clicked on

2020-01-19 01:00:53 - [TEST_STEP][PASSED] - if (var_checkinT.size() == 1): null

2020-01-19 01:00:53 - [TEST_STEP][PASSED] - if (var_checkinT.size() == 2): null

2020-01-19 01:00:53 - [TEST_STEP][PASSED] - if (var_checkinT.size() == 3): null

2020-01-19 01:00:53 - [TEST_STEP][PASSED] - var_checkinT = "0" + var_checkinT: null

2020-01-19 01:00:53 - [TEST_STEP][PASSED] - click(findTestObject("obj_reservation/4_/timeCheckin")): Object: 'Object Repository/obj_reservation/4_/timeCheckin' is clicked on

2020-01-19 01:00:53 - [MESSAGE][PASSED] - Object: 'Object Repository/obj_reservation/4_/timeCheckin' is clicked on

2020-01-19 01:00:53 - [TEST_STEP][PASSED] - click(findTestObject("obj_reservation/0_horas/CI/time_" + var_checkinT + "_ci")): Object: 'Object Repository/obj_reservation/0_horas/CI/time_0830_ci' is clicked on

2020-01-19 01:00:54 - [MESSAGE][PASSED] - Object: 'Object Repository/obj_reservation/0_horas/CI/time_0830_ci' is clicked on

2020-01-19 01:00:54 - [TEST_STEP][PASSED] - click(findTestObject("obj_reservation/4_/timeCheckOut")): Object: 'Object Repository/obj_reservation/4_/timeCheckOut' is clicked on

2020-01-19 01:00:55 - [MESSAGE][PASSED] - Object: 'Object Repository/obj_reservation/4_/timeCheckOut' is clicked on

2020-01-19 01:00:55 - [TEST_STEP][PASSED] - click(findTestObject("obj_reservation/0_horas/CO/time_" + var_checkoutT + "_co")): Object: 'Object Repository/obj_reservation/0_horas/CO/time_1200_co' is clicked on

2020-01-19 01:00:56 - [MESSAGE][PASSED] - Object: 'Object Repository/obj_reservation/0_horas/CO/time_1200_co' is clicked on

2020-01-19 01:00:56 - [TEST_STEP][PASSED] - if (arryPets.size() == 1): null

2020-01-19 01:00:56 - [TEST_STEP][PASSED] - else if (arryPets.size() == 2): Object: 'Object Repository/obj_reservation/4_/div_Zeus' is clicked on

2020-01-19 01:00:56 - [TEST_STEP][PASSED] - click(findTestObject("obj_reservation/P4P_5/div_Ares")): Object: 'Object Repository/obj_reservation/P4P_5/div_Ares' is clicked on

2020-01-19 01:00:57 - [MESSAGE][PASSED] - Object: 'Object Repository/obj_reservation/P4P_5/div_Ares' is clicked on

2020-01-19 01:00:57 - [TEST_STEP][PASSED] - click(findTestObject("obj_reservation/4_/div_Zeus")): Object: 'Object Repository/obj_reservation/4_/div_Zeus' is clicked on

2020-01-19 01:01:02 - [MESSAGE][PASSED] - Object: 'Object Repository/obj_reservation/4_/div_Zeus' is clicked on

2020-01-19 01:01:02 - [TEST_STEP][PASSED] - varHoliday = 0: null

2020-01-19 01:01:02 - [TEST_STEP][PASSED] - try: Object: 'Object Repository/obj_reservation/4_/div_suite_rad_deluxe' is clicked on

2020-01-19 01:01:02 - [TEST_STEP][PASSED] - click(findTestObject("obj_reservation/4_/div_suite_rad_deluxe")): Object: 'Object Repository/obj_reservation/4_/div_suite_rad_deluxe' is clicked on

2020-01-19 01:01:08 - [MESSAGE][PASSED] - Object: 'Object Repository/obj_reservation/4_/div_suite_rad_deluxe' is clicked on

2020-01-19 01:01:08 - [TEST_STEP][PASSED] - click(findTestObject("obj_reservation/4_/btn_next2")): Object: 'Object Repository/obj_reservation/4_/btn_next2' is clicked on

2020-01-19 01:01:11 - [MESSAGE][PASSED] - Object: 'Object Repository/obj_reservation/4_/btn_next2' is clicked on

2020-01-19 01:01:11 - [TEST_STEP][PASSED] - click(findTestObject("obj_reservation/4_/btn_next2")): Object: 'Object Repository/obj_reservation/4_/btn_next2' is clicked on

2020-01-19 01:01:11 - [MESSAGE][PASSED] - Object: 'Object Repository/obj_reservation/4_/btn_next2' is clicked on

2020-01-19 01:01:11 - [TEST_STEP][PASSED] - click(findTestObject("obj_reservation/4_/button_Submit Reservation")): Object: 'Object Repository/obj_reservation/4_/button_Submit Reservation' is clicked on

2020-01-19 01:01:14 - [MESSAGE][PASSED] - Object: 'Object Repository/obj_reservation/4_/button_Submit Reservation' is clicked on

2020-01-19 01:01:14 - [TEST_STEP][PASSED] - if (flagBoar == "2" && var_repeatingEvery == "Daily" || var_repeatingEvery == "Monthly" || var_repeatingEvery == "Weekly"): null

2020-01-19 01:01:14 - [TEST_STEP][FAILED] - else: Verify element text of test object 'Object Repository/obj_reservation/P4P_2/span_( BK )' FAILED. (Root cause: com.kms.katalon.core.exception.StepFailedException: Verify element text of test object 'Object Repository/obj_reservation/P4P_2/span_( BK )' FAILED.
	at com.kms.katalon.core.webui.keyword.internal.WebUIKeywordMain.stepFailed(WebUIKeywordMain.groovy:64)
	at com.kms.katalon.core.webui.keyword.internal.WebUIKeywordMain.runKeyword(WebUIKeywordMain.groovy:26)
	at com.kms.katalon.core.webui.keyword.builtin.VerifyElementTextKeyword.verifyElementText(VerifyElementTextKeyword.groovy:72)
	at com.kms.katalon.core.webui.keyword.builtin.VerifyElementTextKeyword.execute(VerifyElementTextKeyword.groovy:40)
	at com.kms.katalon.core.keyword.internal.KeywordExecutor.executeKeywordForPlatform(KeywordExecutor.groovy:60)
	at com.kms.katalon.core.webui.keyword.WebUiBuiltInKeywords.verifyElementText(WebUiBuiltInKeywords.groovy:3647)
	at com.kms.katalon.core.webui.keyword.WebUiBuiltInKeywords$verifyElementText$6.call(Unknown Source)
	at p4p_1_newReservationBoarding.run(p4p_1_newReservationBoarding:197)
	at com.kms.katalon.core.main.ScriptEngine.run(ScriptEngine.java:194)
	at com.kms.katalon.core.main.ScriptEngine.runScriptAsRawText(ScriptEngine.java:119)
	at com.kms.katalon.core.main.TestCaseExecutor.runScript(TestCaseExecutor.java:337)
	at com.kms.katalon.core.main.TestCaseExecutor.doExecute(TestCaseExecutor.java:328)
	at com.kms.katalon.core.main.TestCaseExecutor.processExecutionPhase(TestCaseExecutor.java:307)
	at com.kms.katalon.core.main.TestCaseExecutor.accessMainPhase(TestCaseExecutor.java:299)
	at com.kms.katalon.core.main.TestCaseExecutor.execute(TestCaseExecutor.java:233)
	at com.kms.katalon.core.main.TestSuiteExecutor.accessTestCaseMainPhase(TestSuiteExecutor.java:169)
	at com.kms.katalon.core.main.TestSuiteExecutor.accessTestSuiteMainPhase(TestSuiteExecutor.java:142)
	at com.kms.katalon.core.main.TestSuiteExecutor.execute(TestSuiteExecutor.java:91)
	at com.kms.katalon.core.main.TestCaseMain.startTestSuite(TestCaseMain.java:157)
	at com.kms.katalon.core.main.TestCaseMain$startTestSuite$0.call(Unknown Source)
	at TempTestSuite1579416243115.run(TempTestSuite1579416243115.groovy:36)
Caused by: com.kms.katalon.core.exception.StepFailedException: com.kms.katalon.core.webui.exception.WebElementNotFoundException: Web element with id: 'Object Repository/obj_reservation/P4P_2/span_( BK )' located by 'By.xpath: //div[@id='wrapper']/div/div/div/div/div/div/ul/li[4]/a/tab-heading/span' not found
	at com.kms.katalon.core.webui.keyword.internal.WebUIKeywordMain.stepFailed(WebUIKeywordMain.groovy:64)
	at com.kms.katalon.core.webui.keyword.builtin.VerifyElementTextKeyword$_verifyElementText_closure1.doCall(VerifyElementTextKeyword.groovy:64)
	at com.kms.katalon.core.webui.keyword.builtin.VerifyElementTextKeyword$_verifyElementText_closure1.call(VerifyElementTextKeyword.groovy)
	at com.kms.katalon.core.webui.keyword.internal.WebUIKeywordMain.runKeyword(WebUIKeywordMain.groovy:20)
	... 19 more
)

2020-01-19 01:01:14 - [TEST_STEP][PASSED] - try: Object: 'Object Repository/obj_reservation/4_/button_Return To Reservation_2' is clicked on

2020-01-19 01:01:14 - [TEST_STEP][PASSED] - click(findTestObject("obj_reservation/4_/button_Return To Reservation_2"), CONTINUE_ON_FAILURE): Object: 'Object Repository/obj_reservation/4_/button_Return To Reservation_2' is clicked on

2020-01-19 01:01:14 - [MESSAGE][ERROR] - javascript error: Failed to execute 'elementsFromPoint' on 'Document': The provided double value is non-finite.
  (Session info: chrome=79.0.3945.88)
Build info: version: '3.141.59', revision: 'e82be7d358', time: '2018-11-14T08:25:53'
System info: host: 'leonardoarkusmty-Inspiron-5577', ip: '127.0.1.1', os.name: 'Linux', os.arch: 'amd64', os.version: '4.15.0-74-generic', java.version: '1.8.0_232'
Driver info: com.kms.katalon.selenium.driver.CChromeDriver
Capabilities {acceptInsecureCerts: false, browserName: chrome, browserVersion: 79.0.3945.88, chrome: {chromedriverVersion: 79.0.3945.36 (3582db32b3389..., userDataDir: /tmp/.com.google.Chrome.Y8Hqvw}, goog:chromeOptions: {debuggerAddress: localhost:35383}, javascriptEnabled: true, networkConnectionEnabled: false, pageLoadStrategy: normal, platform: LINUX, platformName: LINUX, proxy: Proxy(), setWindowRect: true, strictFileInteractability: false, timeouts: {implicit: 0, pageLoad: 300000, script: 30000}, unhandledPromptBehavior: dismiss and notify}
Session ID: a985b93d3c07d1180d867602b16ecf16

2020-01-19 01:01:45 - [MESSAGE][ERROR] - javascript error: Failed to execute 'elementsFromPoint' on 'Document': The provided double value is non-finite.
  (Session info: chrome=79.0.3945.88)
Build info: version: '3.141.59', revision: 'e82be7d358', time: '2018-11-14T08:25:53'
System info: host: 'leonardoarkusmty-Inspiron-5577', ip: '127.0.1.1', os.name: 'Linux', os.arch: 'amd64', os.version: '4.15.0-74-generic', java.version: '1.8.0_232'
Driver info: com.kms.katalon.selenium.driver.CChromeDriver
Capabilities {acceptInsecureCerts: false, browserName: chrome, browserVersion: 79.0.3945.88, chrome: {chromedriverVersion: 79.0.3945.36 (3582db32b3389..., userDataDir: /tmp/.com.google.Chrome.Y8Hqvw}, goog:chromeOptions: {debuggerAddress: localhost:35383}, javascriptEnabled: true, networkConnectionEnabled: false, pageLoadStrategy: normal, platform: LINUX, platformName: LINUX, proxy: Proxy(), setWindowRect: true, strictFileInteractability: false, timeouts: {implicit: 0, pageLoad: 300000, script: 30000}, unhandledPromptBehavior: dismiss and notify}
Session ID: a985b93d3c07d1180d867602b16ecf16

2020-01-19 01:01:45 - [MESSAGE][PASSED] - Object: 'Object Repository/obj_reservation/4_/button_Return To Reservation_2' is clicked on

2020-01-19 01:01:45 - [TEST_STEP][PASSED] - click(findTestObject("obj_reservation/P4P_2/button_Go to CheckOut")): Object: 'Object Repository/obj_reservation/P4P_2/button_Go to CheckOut' is clicked on

2020-01-19 01:02:17 - [MESSAGE][PASSED] - Object: 'Object Repository/obj_reservation/P4P_2/button_Go to CheckOut' is clicked on

2020-01-19 01:02:17 - [TEST_STEP][PASSED] - var_url = getUrl(): Current window's url is: 'https://p4p-qa-bg.aws.paradise4paws.com/reservations/add/?parent_id=122352'

2020-01-19 01:02:17 - [MESSAGE][PASSED] - Current window's url is: 'https://p4p-qa-bg.aws.paradise4paws.com/reservations/add/?parent_id=122352'

2020-01-19 01:02:17 - [TEST_STEP][PASSED] - arrayUrl = var_url.split("/"): null

2020-01-19 01:02:17 - [TEST_STEP][FAILED] - verifyElementText(findTestObject("obj_reservation/P4P_2/span_( BK )"), "( BK )", STOP_ON_FAILURE): Verify element text of test object 'Object Repository/obj_reservation/P4P_2/span_( BK )' FAILED. (Root cause: com.kms.katalon.core.exception.StepFailedException: Verify element text of test object 'Object Repository/obj_reservation/P4P_2/span_( BK )' FAILED.
	at com.kms.katalon.core.webui.keyword.internal.WebUIKeywordMain.stepFailed(WebUIKeywordMain.groovy:64)
	at com.kms.katalon.core.webui.keyword.internal.WebUIKeywordMain.runKeyword(WebUIKeywordMain.groovy:26)
	at com.kms.katalon.core.webui.keyword.builtin.VerifyElementTextKeyword.verifyElementText(VerifyElementTextKeyword.groovy:72)
	at com.kms.katalon.core.webui.keyword.builtin.VerifyElementTextKeyword.execute(VerifyElementTextKeyword.groovy:40)
	at com.kms.katalon.core.keyword.internal.KeywordExecutor.executeKeywordForPlatform(KeywordExecutor.groovy:60)
	at com.kms.katalon.core.webui.keyword.WebUiBuiltInKeywords.verifyElementText(WebUiBuiltInKeywords.groovy:3647)
	at com.kms.katalon.core.webui.keyword.WebUiBuiltInKeywords$verifyElementText$6.call(Unknown Source)
	at p4p_1_newReservationBoarding.run(p4p_1_newReservationBoarding:197)
	at com.kms.katalon.core.main.ScriptEngine.run(ScriptEngine.java:194)
	at com.kms.katalon.core.main.ScriptEngine.runScriptAsRawText(ScriptEngine.java:119)
	at com.kms.katalon.core.main.TestCaseExecutor.runScript(TestCaseExecutor.java:337)
	at com.kms.katalon.core.main.TestCaseExecutor.doExecute(TestCaseExecutor.java:328)
	at com.kms.katalon.core.main.TestCaseExecutor.processExecutionPhase(TestCaseExecutor.java:307)
	at com.kms.katalon.core.main.TestCaseExecutor.accessMainPhase(TestCaseExecutor.java:299)
	at com.kms.katalon.core.main.TestCaseExecutor.execute(TestCaseExecutor.java:233)
	at com.kms.katalon.core.main.TestSuiteExecutor.accessTestCaseMainPhase(TestSuiteExecutor.java:169)
	at com.kms.katalon.core.main.TestSuiteExecutor.accessTestSuiteMainPhase(TestSuiteExecutor.java:142)
	at com.kms.katalon.core.main.TestSuiteExecutor.execute(TestSuiteExecutor.java:91)
	at com.kms.katalon.core.main.TestCaseMain.startTestSuite(TestCaseMain.java:157)
	at com.kms.katalon.core.main.TestCaseMain$startTestSuite$0.call(Unknown Source)
	at TempTestSuite1579416243115.run(TempTestSuite1579416243115.groovy:36)
Caused by: com.kms.katalon.core.exception.StepFailedException: com.kms.katalon.core.webui.exception.WebElementNotFoundException: Web element with id: 'Object Repository/obj_reservation/P4P_2/span_( BK )' located by 'By.xpath: //div[@id='wrapper']/div/div/div/div/div/div/ul/li[4]/a/tab-heading/span' not found
	at com.kms.katalon.core.webui.keyword.internal.WebUIKeywordMain.stepFailed(WebUIKeywordMain.groovy:64)
	at com.kms.katalon.core.webui.keyword.builtin.VerifyElementTextKeyword$_verifyElementText_closure1.doCall(VerifyElementTextKeyword.groovy:64)
	at com.kms.katalon.core.webui.keyword.builtin.VerifyElementTextKeyword$_verifyElementText_closure1.call(VerifyElementTextKeyword.groovy)
	at com.kms.katalon.core.webui.keyword.internal.WebUIKeywordMain.runKeyword(WebUIKeywordMain.groovy:20)
	... 19 more
)

2020-01-19 01:03:02 - [MESSAGE][INFO] - Unable to find the element located by 'By.xpath: //div[@id='wrapper']/div/div/div/div/div/div/ul/li[4]/a/tab-heading/span'. Please recheck the objects properties to make sure the desired element is located. 

2020-01-19 01:03:03 - [MESSAGE][FAILED] - com.kms.katalon.core.webui.exception.WebElementNotFoundException: Web element with id: 'Object Repository/obj_reservation/P4P_2/span_( BK )' located by 'By.xpath: //div[@id='wrapper']/div/div/div/div/div/div/ul/li[4]/a/tab-heading/span' not found (Root cause: com.kms.katalon.core.exception.StepFailedException: com.kms.katalon.core.webui.exception.WebElementNotFoundException: Web element with id: 'Object Repository/obj_reservation/P4P_2/span_( BK )' located by 'By.xpath: //div[@id='wrapper']/div/div/div/div/div/div/ul/li[4]/a/tab-heading/span' not found
	at com.kms.katalon.core.webui.keyword.internal.WebUIKeywordMain.stepFailed(WebUIKeywordMain.groovy:64)
	at com.kms.katalon.core.webui.keyword.builtin.VerifyElementTextKeyword$_verifyElementText_closure1.doCall(VerifyElementTextKeyword.groovy:64)
	at com.kms.katalon.core.webui.keyword.builtin.VerifyElementTextKeyword$_verifyElementText_closure1.call(VerifyElementTextKeyword.groovy)
	at com.kms.katalon.core.webui.keyword.internal.WebUIKeywordMain.runKeyword(WebUIKeywordMain.groovy:20)
	at com.kms.katalon.core.webui.keyword.builtin.VerifyElementTextKeyword.verifyElementText(VerifyElementTextKeyword.groovy:72)
	at com.kms.katalon.core.webui.keyword.builtin.VerifyElementTextKeyword.execute(VerifyElementTextKeyword.groovy:40)
	at com.kms.katalon.core.keyword.internal.KeywordExecutor.executeKeywordForPlatform(KeywordExecutor.groovy:60)
	at com.kms.katalon.core.webui.keyword.WebUiBuiltInKeywords.verifyElementText(WebUiBuiltInKeywords.groovy:3647)
	at com.kms.katalon.core.webui.keyword.WebUiBuiltInKeywords$verifyElementText$6.call(Unknown Source)
	at p4p_1_newReservationBoarding.run(p4p_1_newReservationBoarding:197)
	at com.kms.katalon.core.main.ScriptEngine.run(ScriptEngine.java:194)
	at com.kms.katalon.core.main.ScriptEngine.runScriptAsRawText(ScriptEngine.java:119)
	at com.kms.katalon.core.main.TestCaseExecutor.runScript(TestCaseExecutor.java:337)
	at com.kms.katalon.core.main.TestCaseExecutor.doExecute(TestCaseExecutor.java:328)
	at com.kms.katalon.core.main.TestCaseExecutor.processExecutionPhase(TestCaseExecutor.java:307)
	at com.kms.katalon.core.main.TestCaseExecutor.accessMainPhase(TestCaseExecutor.java:299)
	at com.kms.katalon.core.main.TestCaseExecutor.execute(TestCaseExecutor.java:233)
	at com.kms.katalon.core.main.TestSuiteExecutor.accessTestCaseMainPhase(TestSuiteExecutor.java:169)
	at com.kms.katalon.core.main.TestSuiteExecutor.accessTestSuiteMainPhase(TestSuiteExecutor.java:142)
	at com.kms.katalon.core.main.TestSuiteExecutor.execute(TestSuiteExecutor.java:91)
	at com.kms.katalon.core.main.TestCaseMain.startTestSuite(TestCaseMain.java:157)
	at com.kms.katalon.core.main.TestCaseMain$startTestSuite$0.call(Unknown Source)
	at TempTestSuite1579416243115.run(TempTestSuite1579416243115.groovy:36)
)
[[ATTACHMENT|/home/leonardo-arkusmty/Documents/workspaceKatalon/p4ptest/Reports/20200119_004403/ts_1_newReservationBoarding/20200119_004403/1579417382826.png]]

2020-01-19 01:03:03 - [MESSAGE][FAILED] - Verify element text of test object 'Object Repository/obj_reservation/P4P_2/span_( BK )' FAILED. (Root cause: com.kms.katalon.core.exception.StepFailedException: Verify element text of test object 'Object Repository/obj_reservation/P4P_2/span_( BK )' FAILED.
	at com.kms.katalon.core.webui.keyword.internal.WebUIKeywordMain.stepFailed(WebUIKeywordMain.groovy:64)
	at com.kms.katalon.core.webui.keyword.internal.WebUIKeywordMain.runKeyword(WebUIKeywordMain.groovy:26)
	at com.kms.katalon.core.webui.keyword.builtin.VerifyElementTextKeyword.verifyElementText(VerifyElementTextKeyword.groovy:72)
	at com.kms.katalon.core.webui.keyword.builtin.VerifyElementTextKeyword.execute(VerifyElementTextKeyword.groovy:40)
	at com.kms.katalon.core.keyword.internal.KeywordExecutor.executeKeywordForPlatform(KeywordExecutor.groovy:60)
	at com.kms.katalon.core.webui.keyword.WebUiBuiltInKeywords.verifyElementText(WebUiBuiltInKeywords.groovy:3647)
	at com.kms.katalon.core.webui.keyword.WebUiBuiltInKeywords$verifyElementText$6.call(Unknown Source)
	at p4p_1_newReservationBoarding.run(p4p_1_newReservationBoarding:197)
	at com.kms.katalon.core.main.ScriptEngine.run(ScriptEngine.java:194)
	at com.kms.katalon.core.main.ScriptEngine.runScriptAsRawText(ScriptEngine.java:119)
	at com.kms.katalon.core.main.TestCaseExecutor.runScript(TestCaseExecutor.java:337)
	at com.kms.katalon.core.main.TestCaseExecutor.doExecute(TestCaseExecutor.java:328)
	at com.kms.katalon.core.main.TestCaseExecutor.processExecutionPhase(TestCaseExecutor.java:307)
	at com.kms.katalon.core.main.TestCaseExecutor.accessMainPhase(TestCaseExecutor.java:299)
	at com.kms.katalon.core.main.TestCaseExecutor.execute(TestCaseExecutor.java:233)
	at com.kms.katalon.core.main.TestSuiteExecutor.accessTestCaseMainPhase(TestSuiteExecutor.java:169)
	at com.kms.katalon.core.main.TestSuiteExecutor.accessTestSuiteMainPhase(TestSuiteExecutor.java:142)
	at com.kms.katalon.core.main.TestSuiteExecutor.execute(TestSuiteExecutor.java:91)
	at com.kms.katalon.core.main.TestCaseMain.startTestSuite(TestCaseMain.java:157)
	at com.kms.katalon.core.main.TestCaseMain$startTestSuite$0.call(Unknown Source)
	at TempTestSuite1579416243115.run(TempTestSuite1579416243115.groovy:36)
Caused by: com.kms.katalon.core.exception.StepFailedException: com.kms.katalon.core.webui.exception.WebElementNotFoundException: Web element with id: 'Object Repository/obj_reservation/P4P_2/span_( BK )' located by 'By.xpath: //div[@id='wrapper']/div/div/div/div/div/div/ul/li[4]/a/tab-heading/span' not found
	at com.kms.katalon.core.webui.keyword.internal.WebUIKeywordMain.stepFailed(WebUIKeywordMain.groovy:64)
	at com.kms.katalon.core.webui.keyword.builtin.VerifyElementTextKeyword$_verifyElementText_closure1.doCall(VerifyElementTextKeyword.groovy:64)
	at com.kms.katalon.core.webui.keyword.builtin.VerifyElementTextKeyword$_verifyElementText_closure1.call(VerifyElementTextKeyword.groovy)
	at com.kms.katalon.core.webui.keyword.internal.WebUIKeywordMain.runKeyword(WebUIKeywordMain.groovy:20)
	... 19 more
)
[[ATTACHMENT|/home/leonardo-arkusmty/Documents/workspaceKatalon/p4ptest/Reports/20200119_004403/ts_1_newReservationBoarding/20200119_004403/1579417383032.png]]]]></system-out>
         <system-err><![CDATA[2020-01-19 01:00:31 - [TEST_CASE][FAILED] - Test Cases/p4p_1_newReservationBoarding: Test Cases/p4p_1_newReservationBoarding FAILED.
Reason:
com.kms.katalon.core.exception.StepFailedException: Verify element text of test object 'Object Repository/obj_reservation/P4P_2/span_( BK )' FAILED.
	at com.kms.katalon.core.webui.keyword.internal.WebUIKeywordMain.stepFailed(WebUIKeywordMain.groovy:64)
	at com.kms.katalon.core.webui.keyword.internal.WebUIKeywordMain.runKeyword(WebUIKeywordMain.groovy:26)
	at com.kms.katalon.core.webui.keyword.builtin.VerifyElementTextKeyword.verifyElementText(VerifyElementTextKeyword.groovy:72)
	at com.kms.katalon.core.webui.keyword.builtin.VerifyElementTextKeyword.execute(VerifyElementTextKeyword.groovy:40)
	at com.kms.katalon.core.keyword.internal.KeywordExecutor.executeKeywordForPlatform(KeywordExecutor.groovy:60)
	at com.kms.katalon.core.webui.keyword.WebUiBuiltInKeywords.verifyElementText(WebUiBuiltInKeywords.groovy:3647)
	at com.kms.katalon.core.webui.keyword.WebUiBuiltInKeywords$verifyElementText$6.call(Unknown Source)
	at p4p_1_newReservationBoarding.run(p4p_1_newReservationBoarding:197)
	at com.kms.katalon.core.main.ScriptEngine.run(ScriptEngine.java:194)
	at com.kms.katalon.core.main.ScriptEngine.runScriptAsRawText(ScriptEngine.java:119)
	at com.kms.katalon.core.main.TestCaseExecutor.runScript(TestCaseExecutor.java:337)
	at com.kms.katalon.core.main.TestCaseExecutor.doExecute(TestCaseExecutor.java:328)
	at com.kms.katalon.core.main.TestCaseExecutor.processExecutionPhase(TestCaseExecutor.java:307)
	at com.kms.katalon.core.main.TestCaseExecutor.accessMainPhase(TestCaseExecutor.java:299)
	at com.kms.katalon.core.main.TestCaseExecutor.execute(TestCaseExecutor.java:233)
	at com.kms.katalon.core.main.TestSuiteExecutor.accessTestCaseMainPhase(TestSuiteExecutor.java:169)
	at com.kms.katalon.core.main.TestSuiteExecutor.accessTestSuiteMainPhase(TestSuiteExecutor.java:142)
	at com.kms.katalon.core.main.TestSuiteExecutor.execute(TestSuiteExecutor.java:91)
	at com.kms.katalon.core.main.TestCaseMain.startTestSuite(TestCaseMain.java:157)
	at com.kms.katalon.core.main.TestCaseMain$startTestSuite$0.call(Unknown Source)
	at TempTestSuite1579416243115.run(TempTestSuite1579416243115.groovy:36)
Caused by: com.kms.katalon.core.exception.StepFailedException: com.kms.katalon.core.webui.exception.WebElementNotFoundException: Web element with id: 'Object Repository/obj_reservation/P4P_2/span_( BK )' located by 'By.xpath: //div[@id='wrapper']/div/div/div/div/div/div/ul/li[4]/a/tab-heading/span' not found
	at com.kms.katalon.core.webui.keyword.internal.WebUIKeywordMain.stepFailed(WebUIKeywordMain.groovy:64)
	at com.kms.katalon.core.webui.keyword.builtin.VerifyElementTextKeyword$_verifyElementText_closure1.doCall(VerifyElementTextKeyword.groovy:64)
	at com.kms.katalon.core.webui.keyword.builtin.VerifyElementTextKeyword$_verifyElementText_closure1.call(VerifyElementTextKeyword.groovy)
	at com.kms.katalon.core.webui.keyword.internal.WebUIKeywordMain.runKeyword(WebUIKeywordMain.groovy:20)
	... 19 more]]></system-err>
      </testcase>
      <system-out><![CDATA[2020-01-19 00:44:04 - [TEST_SUITE][FAILED] - ts_1_newReservationBoarding: Test Cases/p4p_1_newReservationBoarding FAILED.
Reason:
com.kms.katalon.core.exception.StepFailedException: Unable to click on object 'Object Repository/obj_reservation/4_/button_Return To Reservation_2' (Root cause: com.kms.katalon.core.exception.StepFailedException: Unable to click on object 'Object Repository/obj_reservation/4_/button_Return To Reservation_2'
	at com.kms.katalon.core.webui.keyword.internal.WebUIKeywordMain.stepFailed(WebUIKeywordMain.groovy:64)
	at com.kms.katalon.core.webui.keyword.internal.WebUIKeywordMain.runKeyword(WebUIKeywordMain.groovy:26)
	at com.kms.katalon.core.webui.keyword.builtin.ClickKeyword.click(ClickKeyword.groovy:99)
	at com.kms.katalon.core.webui.keyword.builtin.ClickKeyword.execute(ClickKeyword.groovy:43)
	at com.kms.katalon.core.keyword.internal.KeywordExecutor.executeKeywordForPlatform(KeywordExecutor.groovy:60)
	at com.kms.katalon.core.webui.keyword.WebUiBuiltInKeywords.click(WebUiBuiltInKeywords.groovy:604)
	at com.kms.katalon.core.webui.keyword.WebUiBuiltInKeywords$click$4.call(Unknown Source)
	at p4p_1_newReservationBoarding.run(p4p_1_newReservationBoarding:165)
	at com.kms.katalon.core.main.ScriptEngine.run(ScriptEngine.java:194)
	at com.kms.katalon.core.main.ScriptEngine.runScriptAsRawText(ScriptEngine.java:119)
	at com.kms.katalon.core.main.TestCaseExecutor.runScript(TestCaseExecutor.java:337)
	at com.kms.katalon.core.main.TestCaseExecutor.doExecute(TestCaseExecutor.java:328)
	at com.kms.katalon.core.main.TestCaseExecutor.processExecutionPhase(TestCaseExecutor.java:307)
	at com.kms.katalon.core.main.TestCaseExecutor.accessMainPhase(TestCaseExecutor.java:299)
	at com.kms.katalon.core.main.TestCaseExecutor.execute(TestCaseExecutor.java:233)
	at com.kms.katalon.core.main.TestSuiteExecutor.accessTestCaseMainPhase(TestSuiteExecutor.java:169)
	at com.kms.katalon.core.main.TestSuiteExecutor.accessTestSuiteMainPhase(TestSuiteExecutor.java:142)
	at com.kms.katalon.core.main.TestSuiteExecutor.execute(TestSuiteExecutor.java:91)
	at com.kms.katalon.core.main.TestCaseMain.startTestSuite(TestCaseMain.java:157)
	at com.kms.katalon.core.main.TestCaseMain$startTestSuite$0.call(Unknown Source)
	at TempTestSuite1579416243115.run(TempTestSuite1579416243115.groovy:36)
Caused by: com.kms.katalon.core.webui.exception.WebElementNotFoundException: Web element with id: 'Object Repository/obj_reservation/4_/button_Return To Reservation_2' located by 'By.xpath: (//button[@type='button'])[18]' not found
	at com.kms.katalon.core.webui.common.WebUiCommonHelper.findWebElement(WebUiCommonHelper.java:1113)
	at com.kms.katalon.core.webui.keyword.internal.WebUIAbstractKeyword.findWebElement(WebUIAbstractKeyword.groovy:27)
	at com.kms.katalon.core.webui.keyword.internal.WebUIAbstractKeyword.findWebElement(WebUIAbstractKeyword.groovy:26)
	at com.kms.katalon.core.webui.keyword.builtin.ClickKeyword$_click_closure1.doCall(ClickKeyword.groovy:68)
	at com.kms.katalon.core.webui.keyword.builtin.ClickKeyword$_click_closure1.call(ClickKeyword.groovy)
	at com.kms.katalon.core.webui.keyword.internal.WebUIKeywordMain.runKeyword(WebUIKeywordMain.groovy:20)
	at com.kms.katalon.core.webui.keyword.builtin.ClickKeyword.click(ClickKeyword.groovy:99)
	at com.kms.katalon.core.webui.keyword.builtin.ClickKeyword.execute(ClickKeyword.groovy:43)
	at com.kms.katalon.core.keyword.internal.KeywordExecutor.executeKeywordForPlatform(KeywordExecutor.groovy:60)
	at com.kms.katalon.core.webui.keyword.WebUiBuiltInKeywords.click(WebUiBuiltInKeywords.groovy:604)
	at com.kms.katalon.core.webui.keyword.WebUiBuiltInKeywords$click$4.call(Unknown Source)
	at Script1579191965857.run(Script1579191965857.groovy:165)
	... 13 more
)
	at com.kms.katalon.core.keyword.internal.KeywordMain.stepFailed(KeywordMain.groovy:39)
	at com.kms.katalon.core.webui.keyword.internal.WebUIKeywordMain.stepFailed(WebUIKeywordMain.groovy:64)
	at com.kms.katalon.core.webui.keyword.internal.WebUIKeywordMain.runKeyword(WebUIKeywordMain.groovy:26)
	at com.kms.katalon.core.webui.keyword.builtin.ClickKeyword.click(ClickKeyword.groovy:99)
	at com.kms.katalon.core.webui.keyword.builtin.ClickKeyword.execute(ClickKeyword.groovy:43)
	at com.kms.katalon.core.keyword.internal.KeywordExecutor.executeKeywordForPlatform(KeywordExecutor.groovy:60)
	at com.kms.katalon.core.webui.keyword.WebUiBuiltInKeywords.click(WebUiBuiltInKeywords.groovy:604)
	at com.kms.katalon.core.webui.keyword.WebUiBuiltInKeywords$click$4.call(Unknown Source)
	at p4p_1_newReservationBoarding.run(p4p_1_newReservationBoarding:165)
	at com.kms.katalon.core.main.ScriptEngine.run(ScriptEngine.java:194)
	at com.kms.katalon.core.main.ScriptEngine.runScriptAsRawText(ScriptEngine.java:119)
	at com.kms.katalon.core.main.TestCaseExecutor.runScript(TestCaseExecutor.java:337)
	at com.kms.katalon.core.main.TestCaseExecutor.doExecute(TestCaseExecutor.java:328)
	at com.kms.katalon.core.main.TestCaseExecutor.processExecutionPhase(TestCaseExecutor.java:307)
	at com.kms.katalon.core.main.TestCaseExecutor.accessMainPhase(TestCaseExecutor.java:299)
	at com.kms.katalon.core.main.TestCaseExecutor.execute(TestCaseExecutor.java:233)
	at com.kms.katalon.core.main.TestSuiteExecutor.accessTestCaseMainPhase(TestSuiteExecutor.java:169)
	at com.kms.katalon.core.main.TestSuiteExecutor.accessTestSuiteMainPhase(TestSuiteExecutor.java:142)
	at com.kms.katalon.core.main.TestSuiteExecutor.execute(TestSuiteExecutor.java:91)
	at com.kms.katalon.core.main.TestCaseMain.startTestSuite(TestCaseMain.java:157)
	at com.kms.katalon.core.main.TestCaseMain$startTestSuite$0.call(Unknown Source)
	at TempTestSuite1579416243115.run(TempTestSuite1579416243115.groovy:36)
Caused by: com.kms.katalon.core.exception.StepFailedException: Unable to click on object 'Object Repository/obj_reservation/4_/button_Return To Reservation_2'
	... 21 more
Caused by: com.kms.katalon.core.webui.exception.WebElementNotFoundException: Web element with id: 'Object Repository/obj_reservation/4_/button_Return To Reservation_2' located by 'By.xpath: (//button[@type='button'])[18]' not found
	at com.kms.katalon.core.webui.common.WebUiCommonHelper.findWebElement(WebUiCommonHelper.java:1113)
	at com.kms.katalon.core.webui.keyword.internal.WebUIAbstractKeyword.findWebElement(WebUIAbstractKeyword.groovy:27)
	at com.kms.katalon.core.webui.keyword.internal.WebUIAbstractKeyword.findWebElement(WebUIAbstractKeyword.groovy:26)
	at com.kms.katalon.core.webui.keyword.builtin.ClickKeyword$_click_closure1.doCall(ClickKeyword.groovy:68)
	at com.kms.katalon.core.webui.keyword.builtin.ClickKeyword$_click_closure1.call(ClickKeyword.groovy)
	at com.kms.katalon.core.webui.keyword.internal.WebUIKeywordMain.runKeyword(WebUIKeywordMain.groovy:20)
	... 19 more]]></system-out>
      <system-err><![CDATA[2020-01-19 00:44:04 - [TEST_SUITE][FAILED] - ts_1_newReservationBoarding: Test Cases/p4p_1_newReservationBoarding FAILED.
Reason:
com.kms.katalon.core.exception.StepFailedException: Unable to click on object 'Object Repository/obj_reservation/4_/button_Return To Reservation_2' (Root cause: com.kms.katalon.core.exception.StepFailedException: Unable to click on object 'Object Repository/obj_reservation/4_/button_Return To Reservation_2'
	at com.kms.katalon.core.webui.keyword.internal.WebUIKeywordMain.stepFailed(WebUIKeywordMain.groovy:64)
	at com.kms.katalon.core.webui.keyword.internal.WebUIKeywordMain.runKeyword(WebUIKeywordMain.groovy:26)
	at com.kms.katalon.core.webui.keyword.builtin.ClickKeyword.click(ClickKeyword.groovy:99)
	at com.kms.katalon.core.webui.keyword.builtin.ClickKeyword.execute(ClickKeyword.groovy:43)
	at com.kms.katalon.core.keyword.internal.KeywordExecutor.executeKeywordForPlatform(KeywordExecutor.groovy:60)
	at com.kms.katalon.core.webui.keyword.WebUiBuiltInKeywords.click(WebUiBuiltInKeywords.groovy:604)
	at com.kms.katalon.core.webui.keyword.WebUiBuiltInKeywords$click$4.call(Unknown Source)
	at p4p_1_newReservationBoarding.run(p4p_1_newReservationBoarding:165)
	at com.kms.katalon.core.main.ScriptEngine.run(ScriptEngine.java:194)
	at com.kms.katalon.core.main.ScriptEngine.runScriptAsRawText(ScriptEngine.java:119)
	at com.kms.katalon.core.main.TestCaseExecutor.runScript(TestCaseExecutor.java:337)
	at com.kms.katalon.core.main.TestCaseExecutor.doExecute(TestCaseExecutor.java:328)
	at com.kms.katalon.core.main.TestCaseExecutor.processExecutionPhase(TestCaseExecutor.java:307)
	at com.kms.katalon.core.main.TestCaseExecutor.accessMainPhase(TestCaseExecutor.java:299)
	at com.kms.katalon.core.main.TestCaseExecutor.execute(TestCaseExecutor.java:233)
	at com.kms.katalon.core.main.TestSuiteExecutor.accessTestCaseMainPhase(TestSuiteExecutor.java:169)
	at com.kms.katalon.core.main.TestSuiteExecutor.accessTestSuiteMainPhase(TestSuiteExecutor.java:142)
	at com.kms.katalon.core.main.TestSuiteExecutor.execute(TestSuiteExecutor.java:91)
	at com.kms.katalon.core.main.TestCaseMain.startTestSuite(TestCaseMain.java:157)
	at com.kms.katalon.core.main.TestCaseMain$startTestSuite$0.call(Unknown Source)
	at TempTestSuite1579416243115.run(TempTestSuite1579416243115.groovy:36)
Caused by: com.kms.katalon.core.webui.exception.WebElementNotFoundException: Web element with id: 'Object Repository/obj_reservation/4_/button_Return To Reservation_2' located by 'By.xpath: (//button[@type='button'])[18]' not found
	at com.kms.katalon.core.webui.common.WebUiCommonHelper.findWebElement(WebUiCommonHelper.java:1113)
	at com.kms.katalon.core.webui.keyword.internal.WebUIAbstractKeyword.findWebElement(WebUIAbstractKeyword.groovy:27)
	at com.kms.katalon.core.webui.keyword.internal.WebUIAbstractKeyword.findWebElement(WebUIAbstractKeyword.groovy:26)
	at com.kms.katalon.core.webui.keyword.builtin.ClickKeyword$_click_closure1.doCall(ClickKeyword.groovy:68)
	at com.kms.katalon.core.webui.keyword.builtin.ClickKeyword$_click_closure1.call(ClickKeyword.groovy)
	at com.kms.katalon.core.webui.keyword.internal.WebUIKeywordMain.runKeyword(WebUIKeywordMain.groovy:20)
	at com.kms.katalon.core.webui.keyword.builtin.ClickKeyword.click(ClickKeyword.groovy:99)
	at com.kms.katalon.core.webui.keyword.builtin.ClickKeyword.execute(ClickKeyword.groovy:43)
	at com.kms.katalon.core.keyword.internal.KeywordExecutor.executeKeywordForPlatform(KeywordExecutor.groovy:60)
	at com.kms.katalon.core.webui.keyword.WebUiBuiltInKeywords.click(WebUiBuiltInKeywords.groovy:604)
	at com.kms.katalon.core.webui.keyword.WebUiBuiltInKeywords$click$4.call(Unknown Source)
	at Script1579191965857.run(Script1579191965857.groovy:165)
	... 13 more
)
	at com.kms.katalon.core.keyword.internal.KeywordMain.stepFailed(KeywordMain.groovy:39)
	at com.kms.katalon.core.webui.keyword.internal.WebUIKeywordMain.stepFailed(WebUIKeywordMain.groovy:64)
	at com.kms.katalon.core.webui.keyword.internal.WebUIKeywordMain.runKeyword(WebUIKeywordMain.groovy:26)
	at com.kms.katalon.core.webui.keyword.builtin.ClickKeyword.click(ClickKeyword.groovy:99)
	at com.kms.katalon.core.webui.keyword.builtin.ClickKeyword.execute(ClickKeyword.groovy:43)
	at com.kms.katalon.core.keyword.internal.KeywordExecutor.executeKeywordForPlatform(KeywordExecutor.groovy:60)
	at com.kms.katalon.core.webui.keyword.WebUiBuiltInKeywords.click(WebUiBuiltInKeywords.groovy:604)
	at com.kms.katalon.core.webui.keyword.WebUiBuiltInKeywords$click$4.call(Unknown Source)
	at p4p_1_newReservationBoarding.run(p4p_1_newReservationBoarding:165)
	at com.kms.katalon.core.main.ScriptEngine.run(ScriptEngine.java:194)
	at com.kms.katalon.core.main.ScriptEngine.runScriptAsRawText(ScriptEngine.java:119)
	at com.kms.katalon.core.main.TestCaseExecutor.runScript(TestCaseExecutor.java:337)
	at com.kms.katalon.core.main.TestCaseExecutor.doExecute(TestCaseExecutor.java:328)
	at com.kms.katalon.core.main.TestCaseExecutor.processExecutionPhase(TestCaseExecutor.java:307)
	at com.kms.katalon.core.main.TestCaseExecutor.accessMainPhase(TestCaseExecutor.java:299)
	at com.kms.katalon.core.main.TestCaseExecutor.execute(TestCaseExecutor.java:233)
	at com.kms.katalon.core.main.TestSuiteExecutor.accessTestCaseMainPhase(TestSuiteExecutor.java:169)
	at com.kms.katalon.core.main.TestSuiteExecutor.accessTestSuiteMainPhase(TestSuiteExecutor.java:142)
	at com.kms.katalon.core.main.TestSuiteExecutor.execute(TestSuiteExecutor.java:91)
	at com.kms.katalon.core.main.TestCaseMain.startTestSuite(TestCaseMain.java:157)
	at com.kms.katalon.core.main.TestCaseMain$startTestSuite$0.call(Unknown Source)
	at TempTestSuite1579416243115.run(TempTestSuite1579416243115.groovy:36)
Caused by: com.kms.katalon.core.exception.StepFailedException: Unable to click on object 'Object Repository/obj_reservation/4_/button_Return To Reservation_2'
	... 21 more
Caused by: com.kms.katalon.core.webui.exception.WebElementNotFoundException: Web element with id: 'Object Repository/obj_reservation/4_/button_Return To Reservation_2' located by 'By.xpath: (//button[@type='button'])[18]' not found
	at com.kms.katalon.core.webui.common.WebUiCommonHelper.findWebElement(WebUiCommonHelper.java:1113)
	at com.kms.katalon.core.webui.keyword.internal.WebUIAbstractKeyword.findWebElement(WebUIAbstractKeyword.groovy:27)
	at com.kms.katalon.core.webui.keyword.internal.WebUIAbstractKeyword.findWebElement(WebUIAbstractKeyword.groovy:26)
	at com.kms.katalon.core.webui.keyword.builtin.ClickKeyword$_click_closure1.doCall(ClickKeyword.groovy:68)
	at com.kms.katalon.core.webui.keyword.builtin.ClickKeyword$_click_closure1.call(ClickKeyword.groovy)
	at com.kms.katalon.core.webui.keyword.internal.WebUIKeywordMain.runKeyword(WebUIKeywordMain.groovy:20)
	... 19 more]]></system-err>
   </testsuite>
</testsuites>
