<?xml version="1.0" encoding="UTF-8"?>
<testsuites name="ts_newReservation" time="35.112" tests="1" failures="0" errors="0">
   <testsuite name="ts_newReservation" tests="1" failures="0" errors="0" time="35.112" timestamp="2019-11-25 17:14:58" hostname="leonardo-arkusmty - leonardoarkusmty-Inspiron-5577" id="Test Suites/ts_newReservation">
      <properties>
         <property name="deviceName" value=""/>
         <property name="devicePlatform" value=""/>
         <property name="logFolder" value="/home/leonardo-arkusmty/Documents/workspaceKatalon/p4ptest/Reports/20191125_171456/ts_newReservation/20191125_171456"/>
         <property name="logFiles" value="/home/leonardo-arkusmty/Documents/workspaceKatalon/p4ptest/Reports/20191125_171456/ts_newReservation/20191125_171456/execution0.log"/>
         <property name="attachments" value=""/>
         <property name="hostName" value="leonardo-arkusmty - leonardoarkusmty-Inspiron-5577"/>
         <property name="os" value="Linux 64bit"/>
         <property name="katalonVersion" value="7.0.8.1"/>
         <property name="browser" value="Firefox 70.0"/>
         <property name="hostAddress" value="127.0.1.1"/>
         <property name="sessionId" value="0ed2db57-4854-425f-aceb-6621fa5941bd"/>
         <property name="seleniumVersion" value="3.141.59"/>
         <property name="proxyInformation" value="ProxyInformation{proxyOption=NO_PROXY, proxyServerType=HTTP, password=, proxyServerAddress=, proxyServerPort=0}"/>
         <property name="platform" value="Linux"/>
      </properties>
      <testcase name="Test Cases/p4p_newReservation" time="29.2" classname="Test Cases/p4p_newReservation" status="PASSED">
         <system-out><![CDATA[2019-11-25 17:14:58 - [TEST_CASE][PASSED] - Test Cases/p4p_newReservation: Test Cases/p4p_newReservation

2019-11-25 17:14:58 - [TEST_STEP][PASSED] - openBrowser("https://p4p-qa-bg.aws.paradise4paws.com/login/"): Browser is opened with url: 'https://p4p-qa-bg.aws.paradise4paws.com/login/'

2019-11-25 17:14:58 - [MESSAGE][INFO] - Starting 'Firefox' driver

2019-11-25 17:14:59 - [MESSAGE][INFO] - Action delay is set to 0 seconds

2019-11-25 17:15:04 - [MESSAGE][PASSED] - Browser is opened with url: 'https://p4p-qa-bg.aws.paradise4paws.com/login/'

2019-11-25 17:15:04 - [TEST_STEP][PASSED] - setText(findTestObject("object_login/input_user"), var_user): Text 'jegchavez@gmail.com' is set on object 'Object Repository/object_login/input_user'

2019-11-25 17:15:04 - [MESSAGE][PASSED] - Text 'jegchavez@gmail.com' is set on object 'Object Repository/object_login/input_user'

2019-11-25 17:15:04 - [TEST_STEP][PASSED] - setText(findTestObject("object_login/input_pass"), var_pass): Text 'admin1' is set on object 'Object Repository/object_login/input_pass'

2019-11-25 17:15:05 - [MESSAGE][PASSED] - Text 'admin1' is set on object 'Object Repository/object_login/input_pass'

2019-11-25 17:15:05 - [TEST_STEP][PASSED] - delay(2): Delayed 2 second(s)

2019-11-25 17:15:07 - [MESSAGE][PASSED] - Delayed 2 second(s)

2019-11-25 17:15:07 - [TEST_STEP][PASSED] - verifyElementClickable(findTestObject("object_login/btn_login")): Object 'Object Repository/object_login/btn_login' is clickable

2019-11-25 17:15:07 - [MESSAGE][PASSED] - Object 'Object Repository/object_login/btn_login' is clickable

2019-11-25 17:15:07 - [TEST_STEP][PASSED] - click(findTestObject("object_login/btn_login")): Object: 'Object Repository/object_login/btn_login' is clicked on

2019-11-25 17:15:13 - [MESSAGE][PASSED] - Object: 'Object Repository/object_login/btn_login' is clicked on

2019-11-25 17:15:13 - [TEST_STEP][PASSED] - delay(3): Delayed 3 second(s)

2019-11-25 17:15:16 - [MESSAGE][PASSED] - Delayed 3 second(s)

2019-11-25 17:15:16 - [TEST_STEP][PASSED] - navigateToUrl(var_urlReservations): Navigate to 'https://p4p-qa-bg.aws.paradise4paws.com/accounts/profile/#/reservations/97558/' successfully

2019-11-25 17:15:19 - [MESSAGE][PASSED] - Navigate to 'https://p4p-qa-bg.aws.paradise4paws.com/accounts/profile/#/reservations/97558/' successfully

2019-11-25 17:15:19 - [TEST_STEP][PASSED] - delay(3): Delayed 3 second(s)

2019-11-25 17:15:22 - [MESSAGE][PASSED] - Delayed 3 second(s)

2019-11-25 17:15:22 - [TEST_STEP][PASSED] - click(findTestObject("object_profile/a_addReservation")): Object: 'Object Repository/object_profile/a_addReservation' is clicked on

2019-11-25 17:15:24 - [MESSAGE][PASSED] - Object: 'Object Repository/object_profile/a_addReservation' is clicked on

2019-11-25 17:15:24 - [TEST_STEP][PASSED] - click(findTestObject("object_reservations/btn_Boarding")): Object: 'Object Repository/object_reservations/btn_Boarding' is clicked on

2019-11-25 17:15:25 - [MESSAGE][PASSED] - Object: 'Object Repository/object_reservations/btn_Boarding' is clicked on

2019-11-25 17:15:25 - [TEST_STEP][PASSED] - click(findTestObject("object_reservations/select_Chicago MDW Airport Resort")): Object: 'Object Repository/object_reservations/select_Chicago MDW Airport Resort' is clicked on

2019-11-25 17:15:27 - [MESSAGE][PASSED] - Object: 'Object Repository/object_reservations/select_Chicago MDW Airport Resort' is clicked on

2019-11-25 17:15:27 - [TEST_STEP][PASSED] - setText(findTestObject("object_reservations/input_Check-in Date_form-control ng-pristin_499b9d"), "06:00 am"): Text '06:00 am' is set on object 'Object Repository/object_reservations/input_Check-in Date_form-control ng-pristin_499b9d'

2019-11-25 17:15:27 - [MESSAGE][PASSED] - Text '06:00 am' is set on object 'Object Repository/object_reservations/input_Check-in Date_form-control ng-pristin_499b9d'

2019-11-25 17:15:27 - [TEST_STEP][NOT_RUN] - click(findTestObject("object_reservations/button_26")): NOT_RUN: click(findTestObject("object_reservations/button_26"))

2019-11-25 17:15:27 - [MESSAGE][NOT_RUN] - NOT_RUN: click(findTestObject("object_reservations/button_26"))

2019-11-25 17:15:27 - [TEST_STEP][NOT_RUN] - click(findTestObject("object_reservations/input_Check-in Date_form-control ng-pristin_499b9d")): NOT_RUN: click(findTestObject("object_reservations/input_Check-in Date_form-control ng-pristin_499b9d"))

2019-11-25 17:15:27 - [MESSAGE][NOT_RUN] - NOT_RUN: click(findTestObject("object_reservations/input_Check-in Date_form-control ng-pristin_499b9d"))

2019-11-25 17:15:27 - [TEST_STEP][NOT_RUN] - click(findTestObject("object_reservations/button_27")): NOT_RUN: click(findTestObject("object_reservations/button_27"))

2019-11-25 17:15:27 - [MESSAGE][NOT_RUN] - NOT_RUN: click(findTestObject("object_reservations/button_27"))

2019-11-25 17:15:27 - [TEST_STEP][NOT_RUN] - click(findTestObject("object_reservations/input_Check-in Date_form-control ng-pristin_e9c8b5")): NOT_RUN: click(findTestObject("object_reservations/input_Check-in Date_form-control ng-pristin_e9c8b5"))

2019-11-25 17:15:27 - [MESSAGE][NOT_RUN] - NOT_RUN: click(findTestObject("object_reservations/input_Check-in Date_form-control ng-pristin_e9c8b5"))

2019-11-25 17:15:27 - [TEST_STEP][NOT_RUN] - click(findTestObject("object_reservations/li_0800 AM")): NOT_RUN: click(findTestObject("object_reservations/li_0800 AM"))

2019-11-25 17:15:27 - [MESSAGE][NOT_RUN] - NOT_RUN: click(findTestObject("object_reservations/li_0800 AM"))

2019-11-25 17:15:27 - [TEST_STEP][NOT_RUN] - click(findTestObject("object_reservations/input_Check-in Date_form-control ng-pristin_e9c8b5")): NOT_RUN: click(findTestObject("object_reservations/input_Check-in Date_form-control ng-pristin_e9c8b5"))

2019-11-25 17:15:27 - [MESSAGE][NOT_RUN] - NOT_RUN: click(findTestObject("object_reservations/input_Check-in Date_form-control ng-pristin_e9c8b5"))

2019-11-25 17:15:27 - [TEST_STEP][NOT_RUN] - click(findTestObject("object_reservations/li_0300 PM")): NOT_RUN: click(findTestObject("object_reservations/li_0300 PM"))

2019-11-25 17:15:27 - [MESSAGE][NOT_RUN] - NOT_RUN: click(findTestObject("object_reservations/li_0300 PM"))]]></system-out>
         <system-err><![CDATA[]]></system-err>
      </testcase>
      <system-out><![CDATA[2019-11-25 17:14:58 - [TEST_SUITE][PASSED] - ts_newReservation: Test Cases/p4p_newReservation]]></system-out>
      <system-err><![CDATA[]]></system-err>
   </testsuite>
</testsuites>
