<?xml version="1.0" encoding="UTF-8"?>
<testsuites name="ts_createInvoice" time="969.425" tests="12" failures="2" errors="0">
   <testsuite name="ts_createInvoice" tests="12" failures="2" errors="0" time="969.425" timestamp="2020-01-13 10:58:41" hostname="leonardo-arkusmty - leonardoarkusmty-Inspiron-5577" id="Test Suites/ts_createInvoice">
      <properties>
         <property name="deviceName" value=""/>
         <property name="devicePlatform" value=""/>
         <property name="logFolder" value="/home/leonardo-arkusmty/Documents/workspaceKatalon/p4ptest/Reports/20200113_105840/ts_createInvoice/20200113_105840"/>
         <property name="logFiles" value="/home/leonardo-arkusmty/Documents/workspaceKatalon/p4ptest/Reports/20200113_105840/ts_createInvoice/20200113_105840/execution0.log"/>
         <property name="attachments" value="/home/leonardo-arkusmty/Documents/workspaceKatalon/p4ptest/Reports/20200113_105840/ts_createInvoice/20200113_105840/1578935595109.png, /home/leonardo-arkusmty/Documents/workspaceKatalon/p4ptest/Reports/20200113_105840/ts_createInvoice/20200113_105840/1578935690847.png"/>
         <property name="hostName" value="leonardo-arkusmty - leonardoarkusmty-Inspiron-5577"/>
         <property name="os" value="Linux 64bit"/>
         <property name="katalonVersion" value="7.0.8.1"/>
         <property name="browser" value="Chrome 79.0.3945.88"/>
         <property name="hostAddress" value="127.0.1.1"/>
         <property name="sessionId" value="ac04d7f8ace3168240ad0a714a9f03d1"/>
         <property name="seleniumVersion" value="3.141.59"/>
         <property name="proxyInformation" value="ProxyInformation{proxyOption=NO_PROXY, proxyServerType=HTTP, password=, proxyServerAddress=, proxyServerPort=0}"/>
         <property name="platform" value="Linux"/>
      </properties>
      <testcase name="Test Cases/p4p_createInvoce_ok_spy" time="59.34" classname="Test Cases/p4p_createInvoce_ok_spy" status="PASSED">
         <system-out><![CDATA[2020-01-13 10:58:42 - [TEST_CASE][PASSED] - Test Cases/p4p_createInvoce_ok_spy: Test Cases/p4p_createInvoce_ok_spy

2020-01-13 10:58:42 - [TEST_STEP][PASSED] - openBrowser("https://p4p-qa-bg.aws.paradise4paws.com/login/"): Browser is opened with url: 'https://p4p-qa-bg.aws.paradise4paws.com/login/'

2020-01-13 10:58:42 - [MESSAGE][INFO] - Starting 'Chrome' driver

2020-01-13 10:58:42 - [MESSAGE][INFO] - Action delay is set to 0 seconds

2020-01-13 10:58:44 - [MESSAGE][PASSED] - Browser is opened with url: 'https://p4p-qa-bg.aws.paradise4paws.com/login/'

2020-01-13 10:58:44 - [TEST_STEP][PASSED] - maximizeWindow(): Current window maximized

2020-01-13 10:58:45 - [MESSAGE][PASSED] - Current window maximized

2020-01-13 10:58:45 - [TEST_STEP][PASSED] - arryPets = var_pets.split(","): null

2020-01-13 10:58:45 - [TEST_STEP][PASSED] - flagBoar = "0": null

2020-01-13 10:58:45 - [TEST_STEP][PASSED] - log = new com.kms.katalon.core.logging.KeywordLogger(): null

2020-01-13 10:58:45 - [TEST_STEP][PASSED] - fisInv = new java.io.FileInputStream(/home/leonardo-arkusmty/Desktop/P4P/DATA_AUTOMATINTESTING/data_3createInvoice.xlsx): null

2020-01-13 10:58:45 - [TEST_STEP][PASSED] - fisPay = new java.io.FileInputStream(/home/leonardo-arkusmty/Desktop/P4P/DATA_AUTOMATINTESTING/data_4payment.xlsx): null

2020-01-13 10:58:45 - [TEST_STEP][PASSED] - workbookInv = new org.apache.poi.xssf.usermodel.XSSFWorkbook(fisInv): null

2020-01-13 10:58:45 - [TEST_STEP][PASSED] - workbookPay = new org.apache.poi.xssf.usermodel.XSSFWorkbook(fisPay): null

2020-01-13 10:58:45 - [TEST_STEP][PASSED] - sheetInv = workbookInv.getSheet("Sheet1"): null

2020-01-13 10:58:45 - [TEST_STEP][PASSED] - sheetPay = workbookPay.getSheet("Sheet1"): null

2020-01-13 10:58:45 - [TEST_STEP][PASSED] - var = Integer.parseInt(var_idRowRes): null

2020-01-13 10:58:45 - [TEST_STEP][PASSED] - rowInv = sheetInv.getRow(var): null

2020-01-13 10:58:45 - [TEST_STEP][PASSED] - rowPay = sheetPay.getRow(var): null

2020-01-13 10:58:45 - [TEST_STEP][PASSED] - today = new java.util.Date(): null

2020-01-13 10:58:45 - [TEST_STEP][PASSED] - todaysDate1 = today.format("mmm/dd/yy"): null

2020-01-13 10:58:45 - [TEST_STEP][PASSED] - todaysDate2 = today.format("dd/mm/yy"): null

2020-01-13 10:58:45 - [TEST_STEP][PASSED] - todaysDate3 = today.format("dd"): null

2020-01-13 10:58:45 - [TEST_STEP][PASSED] - nowTime = today.format("hhmm"): null

2020-01-13 10:58:45 - [TEST_STEP][PASSED] - setText(findTestObject("obj_login/input_user"), var_user): Text 'jegchavez@gmail.com' is set on object 'Object Repository/obj_login/input_user'

2020-01-13 10:58:46 - [MESSAGE][PASSED] - Text 'jegchavez@gmail.com' is set on object 'Object Repository/obj_login/input_user'

2020-01-13 10:58:46 - [TEST_STEP][PASSED] - setText(findTestObject("obj_login/input_pass"), var_pass): Text 'admin1' is set on object 'Object Repository/obj_login/input_pass'

2020-01-13 10:58:46 - [MESSAGE][PASSED] - Text 'admin1' is set on object 'Object Repository/obj_login/input_pass'

2020-01-13 10:58:46 - [TEST_STEP][PASSED] - delay(2): Delayed 2 second(s)

2020-01-13 10:58:48 - [MESSAGE][PASSED] - Delayed 2 second(s)

2020-01-13 10:58:48 - [TEST_STEP][PASSED] - verifyElementClickable(findTestObject("obj_login/btn_login")): Object 'Object Repository/obj_login/btn_login' is clickable

2020-01-13 10:58:48 - [MESSAGE][PASSED] - Object 'Object Repository/obj_login/btn_login' is clickable

2020-01-13 10:58:48 - [TEST_STEP][PASSED] - click(findTestObject("obj_login/btn_login")): Object: 'Object Repository/obj_login/btn_login' is clicked on

2020-01-13 10:58:50 - [MESSAGE][PASSED] - Object: 'Object Repository/obj_login/btn_login' is clicked on

2020-01-13 10:58:50 - [TEST_STEP][PASSED] - delay(2): Delayed 2 second(s)

2020-01-13 10:58:52 - [MESSAGE][PASSED] - Delayed 2 second(s)

2020-01-13 10:58:52 - [TEST_STEP][PASSED] - setText(findTestObject("obj_dashboard_emp/input_search"), var_parent): Text 'leongarzagarza@hotmail.com' is set on object 'Object Repository/obj_dashboard_emp/input_search'

2020-01-13 10:58:53 - [MESSAGE][PASSED] - Text 'leongarzagarza@hotmail.com' is set on object 'Object Repository/obj_dashboard_emp/input_search'

2020-01-13 10:58:53 - [TEST_STEP][PASSED] - click(findTestObject("obj_dashboard_emp/btn_accountSearch")): Object: 'Object Repository/obj_dashboard_emp/btn_accountSearch' is clicked on

2020-01-13 10:58:53 - [MESSAGE][PASSED] - Object: 'Object Repository/obj_dashboard_emp/btn_accountSearch' is clicked on

2020-01-13 10:58:53 - [TEST_STEP][PASSED] - delay(2): Delayed 2 second(s)

2020-01-13 10:58:55 - [MESSAGE][PASSED] - Delayed 2 second(s)

2020-01-13 10:58:55 - [TEST_STEP][PASSED] - click(findTestObject("obj_accountInformation/a_TEST GABRIEL PROD")): Object: 'Object Repository/obj_accountInformation/a_TEST GABRIEL PROD' is clicked on

2020-01-13 10:58:56 - [MESSAGE][PASSED] - Object: 'Object Repository/obj_accountInformation/a_TEST GABRIEL PROD' is clicked on

2020-01-13 10:58:56 - [TEST_STEP][PASSED] - delay(2): Delayed 2 second(s)

2020-01-13 10:58:58 - [MESSAGE][PASSED] - Delayed 2 second(s)

2020-01-13 10:58:58 - [TEST_STEP][PASSED] - click(findTestObject("obj_invoce/btn_createInvoice")): Object: 'Object Repository/obj_invoce/btn_createInvoice' is clicked on

2020-01-13 10:59:00 - [MESSAGE][PASSED] - Object: 'Object Repository/obj_invoce/btn_createInvoice' is clicked on

2020-01-13 10:59:00 - [TEST_STEP][PASSED] - delay(3): Delayed 3 second(s)

2020-01-13 10:59:03 - [MESSAGE][PASSED] - Delayed 3 second(s)

2020-01-13 10:59:03 - [TEST_STEP][PASSED] - if (arryPets.size() == 1): Delayed 4 second(s)

2020-01-13 10:59:03 - [TEST_STEP][PASSED] - click(findTestObject("obj_invoce/new_invoice/new_invoice_sub/btn_AddLineItem")): Object: 'Object Repository/obj_invoce/new_invoice/new_invoice_sub/btn_AddLineItem' is clicked on

2020-01-13 10:59:03 - [MESSAGE][PASSED] - Object: 'Object Repository/obj_invoce/new_invoice/new_invoice_sub/btn_AddLineItem' is clicked on

2020-01-13 10:59:03 - [TEST_STEP][PASSED] - delay(3): Delayed 3 second(s)

2020-01-13 10:59:06 - [MESSAGE][PASSED] - Delayed 3 second(s)

2020-01-13 10:59:06 - [TEST_STEP][PASSED] - click(findTestObject("obj_invoce/new_invoice/new_invoice_sub/a_Taxes ()_select2-choice_1")): Object: 'Object Repository/obj_invoce/new_invoice/new_invoice_sub/a_Taxes ()_select2-choice_1' is clicked on

2020-01-13 10:59:07 - [MESSAGE][PASSED] - Object: 'Object Repository/obj_invoce/new_invoice/new_invoice_sub/a_Taxes ()_select2-choice_1' is clicked on

2020-01-13 10:59:07 - [TEST_STEP][PASSED] - delay(3): Delayed 3 second(s)

2020-01-13 10:59:10 - [MESSAGE][PASSED] - Delayed 3 second(s)

2020-01-13 10:59:10 - [TEST_STEP][PASSED] - click(findTestObject("obj_invoce/new_invoice/new_invoice_sub/div_Zeus")): Object: 'Object Repository/obj_invoce/new_invoice/new_invoice_sub/div_Zeus' is clicked on

2020-01-13 10:59:10 - [MESSAGE][PASSED] - Object: 'Object Repository/obj_invoce/new_invoice/new_invoice_sub/div_Zeus' is clicked on

2020-01-13 10:59:10 - [TEST_STEP][NOT_RUN] - click(findTestObject("obj_invoce/new_invoice/new_invoice_sub/b")): NOT_RUN: click(findTestObject("obj_invoce/new_invoice/new_invoice_sub/b"))

2020-01-13 10:59:10 - [MESSAGE][NOT_RUN] - NOT_RUN: click(findTestObject("obj_invoce/new_invoice/new_invoice_sub/b"))

2020-01-13 10:59:10 - [TEST_STEP][NOT_RUN] - click(findTestObject("obj_invoce/new_invoice/new_invoice_sub/select_BOARDING_SUITEDAYCARE_SUITESPA_SUITE")): NOT_RUN: click(findTestObject("obj_invoce/new_invoice/new_invoice_sub/select_BOARDING_SUITEDAYCARE_SUITESPA_SUITE"))

2020-01-13 10:59:10 - [MESSAGE][NOT_RUN] - NOT_RUN: click(findTestObject("obj_invoce/new_invoice/new_invoice_sub/select_BOARDING_SUITEDAYCARE_SUITESPA_SUITE"))

2020-01-13 10:59:10 - [TEST_STEP][PASSED] - delay(3): Delayed 3 second(s)

2020-01-13 10:59:13 - [MESSAGE][PASSED] - Delayed 3 second(s)

2020-01-13 10:59:13 - [TEST_STEP][PASSED] - if (var_type == "BOARDING_SUITE"): Object: 'Object Repository/obj_invoce/new_invoice_ok_1/select_boarding' is clicked on

2020-01-13 10:59:13 - [TEST_STEP][PASSED] - click(findTestObject("obj_invoce/new_invoice_ok_1/select_boarding"), STOP_ON_FAILURE): Object: 'Object Repository/obj_invoce/new_invoice_ok_1/select_boarding' is clicked on

2020-01-13 10:59:14 - [MESSAGE][PASSED] - Object: 'Object Repository/obj_invoce/new_invoice_ok_1/select_boarding' is clicked on

2020-01-13 10:59:14 - [TEST_STEP][PASSED] - if (var_type == "DAYCARE_SUITE"): null

2020-01-13 10:59:14 - [TEST_STEP][PASSED] - if (var_type == "PACKAGE"): null

2020-01-13 10:59:14 - [TEST_STEP][PASSED] - delay(4): Delayed 4 second(s)

2020-01-13 10:59:18 - [MESSAGE][PASSED] - Delayed 4 second(s)

2020-01-13 10:59:18 - [TEST_STEP][PASSED] - sendKeys(findTestObject("obj_invoce/new_invoice/new_invoice_sub/input_Taxes_Item_1"), var_item): Keys 'Oasis Suite' sent to object: 'Object Repository/obj_invoce/new_invoice/new_invoice_sub/input_Taxes_Item_1'

2020-01-13 10:59:18 - [MESSAGE][PASSED] - Keys 'Oasis Suite' sent to object: 'Object Repository/obj_invoce/new_invoice/new_invoice_sub/input_Taxes_Item_1'

2020-01-13 10:59:18 - [TEST_STEP][PASSED] - delay(4): Delayed 4 second(s)

2020-01-13 10:59:22 - [MESSAGE][PASSED] - Delayed 4 second(s)

2020-01-13 10:59:22 - [TEST_STEP][PASSED] - sendKeys(findTestObject("obj_invoce/new_invoice/new_invoice_sub/input_Taxes_Item_1"), Keys.chord(ENTER)): Keys 'ENTER + ' sent to object: 'Object Repository/obj_invoce/new_invoice/new_invoice_sub/input_Taxes_Item_1'

2020-01-13 10:59:22 - [MESSAGE][PASSED] - Keys 'ENTER + ' sent to object: 'Object Repository/obj_invoce/new_invoice/new_invoice_sub/input_Taxes_Item_1'

2020-01-13 10:59:22 - [TEST_STEP][PASSED] - delay(4): Delayed 4 second(s)

2020-01-13 10:59:26 - [MESSAGE][PASSED] - Delayed 4 second(s)

2020-01-13 10:59:26 - [TEST_STEP][PASSED] - click(findTestObject("obj_invoce/new_invoice/new_invoice_sub/button_Save_Taxe")): Object: 'Object Repository/obj_invoce/new_invoice/new_invoice_sub/button_Save_Taxe' is clicked on

2020-01-13 10:59:27 - [MESSAGE][PASSED] - Object: 'Object Repository/obj_invoce/new_invoice/new_invoice_sub/button_Save_Taxe' is clicked on

2020-01-13 10:59:27 - [TEST_STEP][PASSED] - delay(4): Delayed 4 second(s)

2020-01-13 10:59:31 - [MESSAGE][PASSED] - Delayed 4 second(s)

2020-01-13 10:59:31 - [TEST_STEP][PASSED] - if (arryPets.size() == 2): null

2020-01-13 10:59:31 - [TEST_STEP][PASSED] - if (arryPets.size() == 3): null

2020-01-13 10:59:31 - [TEST_STEP][PASSED] - delay(2): Delayed 2 second(s)

2020-01-13 10:59:33 - [MESSAGE][PASSED] - Delayed 2 second(s)

2020-01-13 10:59:33 - [TEST_STEP][PASSED] - var_url = getUrl(): Current window's url is: 'https://p4p-qa-bg.aws.paradise4paws.com/accounts/profile/#/invoice/122350/1795383/'

2020-01-13 10:59:33 - [MESSAGE][PASSED] - Current window's url is: 'https://p4p-qa-bg.aws.paradise4paws.com/accounts/profile/#/invoice/122350/1795383/'

2020-01-13 10:59:33 - [TEST_STEP][PASSED] - arrayUrl = var_url.split("/"): null

2020-01-13 10:59:33 - [TEST_STEP][PASSED] - delay(2): Delayed 2 second(s)

2020-01-13 10:59:35 - [MESSAGE][PASSED] - Delayed 2 second(s)

2020-01-13 10:59:35 - [TEST_STEP][PASSED] - cell = rowInv.createCell(9, 0): null

2020-01-13 10:59:35 - [TEST_STEP][PASSED] - cell.setCellType(CELL_TYPE_STRING): null

2020-01-13 10:59:35 - [TEST_STEP][PASSED] - cell.setCellValue(arrayUrl[8]): null

2020-01-13 10:59:35 - [TEST_STEP][PASSED] - delay(2): Delayed 2 second(s)

2020-01-13 10:59:37 - [MESSAGE][PASSED] - Delayed 2 second(s)

2020-01-13 10:59:37 - [TEST_STEP][PASSED] - cell2 = rowPay.createCell(5, 0): null

2020-01-13 10:59:37 - [TEST_STEP][PASSED] - cell2.setCellType(CELL_TYPE_STRING): null

2020-01-13 10:59:37 - [TEST_STEP][PASSED] - cell2.setCellValue(arrayUrl[8]): null

2020-01-13 10:59:37 - [TEST_STEP][PASSED] - delay(2): Delayed 2 second(s)

2020-01-13 10:59:39 - [MESSAGE][PASSED] - Delayed 2 second(s)

2020-01-13 10:59:39 - [TEST_STEP][PASSED] - fosInv = new java.io.FileOutputStream(/home/leonardo-arkusmty/Desktop/P4P/DATA_AUTOMATINTESTING/data_3createInvoice.xlsx): null

2020-01-13 10:59:39 - [TEST_STEP][PASSED] - workbookInv.write(fosInv): null

2020-01-13 10:59:39 - [TEST_STEP][PASSED] - fosInv.close(): null

2020-01-13 10:59:39 - [TEST_STEP][PASSED] - fosPay = new java.io.FileOutputStream(/home/leonardo-arkusmty/Desktop/P4P/DATA_AUTOMATINTESTING/data_4payment.xlsx): null

2020-01-13 10:59:39 - [TEST_STEP][PASSED] - workbookPay.write(fosPay): null

2020-01-13 10:59:39 - [TEST_STEP][PASSED] - fosPay.close(): null

2020-01-13 10:59:39 - [TEST_STEP][PASSED] - delay(2): Delayed 2 second(s)

2020-01-13 10:59:41 - [MESSAGE][PASSED] - Delayed 2 second(s)]]></system-out>
         <system-err><![CDATA[]]></system-err>
      </testcase>
      <testcase name="Test Cases/p4p_createInvoce_ok_spy" time="57.711" classname="Test Cases/p4p_createInvoce_ok_spy" status="PASSED">
         <system-out><![CDATA[2020-01-13 10:59:41 - [TEST_CASE][PASSED] - Test Cases/p4p_createInvoce_ok_spy: Test Cases/p4p_createInvoce_ok_spy

2020-01-13 10:59:41 - [TEST_STEP][PASSED] - openBrowser("https://p4p-qa-bg.aws.paradise4paws.com/login/"): Browser is opened with url: 'https://p4p-qa-bg.aws.paradise4paws.com/login/'

2020-01-13 10:59:41 - [MESSAGE][WARNING] - A browser is already opened. Closing browser and opening a new one

2020-01-13 10:59:41 - [MESSAGE][INFO] - Starting 'Chrome' driver

2020-01-13 10:59:43 - [MESSAGE][PASSED] - Browser is opened with url: 'https://p4p-qa-bg.aws.paradise4paws.com/login/'

2020-01-13 10:59:43 - [TEST_STEP][PASSED] - maximizeWindow(): Current window maximized

2020-01-13 10:59:43 - [MESSAGE][PASSED] - Current window maximized

2020-01-13 10:59:43 - [TEST_STEP][PASSED] - arryPets = var_pets.split(","): null

2020-01-13 10:59:43 - [TEST_STEP][PASSED] - flagBoar = "0": null

2020-01-13 10:59:43 - [TEST_STEP][PASSED] - log = new com.kms.katalon.core.logging.KeywordLogger(): null

2020-01-13 10:59:43 - [TEST_STEP][PASSED] - fisInv = new java.io.FileInputStream(/home/leonardo-arkusmty/Desktop/P4P/DATA_AUTOMATINTESTING/data_3createInvoice.xlsx): null

2020-01-13 10:59:43 - [TEST_STEP][PASSED] - fisPay = new java.io.FileInputStream(/home/leonardo-arkusmty/Desktop/P4P/DATA_AUTOMATINTESTING/data_4payment.xlsx): null

2020-01-13 10:59:43 - [TEST_STEP][PASSED] - workbookInv = new org.apache.poi.xssf.usermodel.XSSFWorkbook(fisInv): null

2020-01-13 10:59:43 - [TEST_STEP][PASSED] - workbookPay = new org.apache.poi.xssf.usermodel.XSSFWorkbook(fisPay): null

2020-01-13 10:59:43 - [TEST_STEP][PASSED] - sheetInv = workbookInv.getSheet("Sheet1"): null

2020-01-13 10:59:43 - [TEST_STEP][PASSED] - sheetPay = workbookPay.getSheet("Sheet1"): null

2020-01-13 10:59:43 - [TEST_STEP][PASSED] - var = Integer.parseInt(var_idRowRes): null

2020-01-13 10:59:43 - [TEST_STEP][PASSED] - rowInv = sheetInv.getRow(var): null

2020-01-13 10:59:43 - [TEST_STEP][PASSED] - rowPay = sheetPay.getRow(var): null

2020-01-13 10:59:43 - [TEST_STEP][PASSED] - today = new java.util.Date(): null

2020-01-13 10:59:43 - [TEST_STEP][PASSED] - todaysDate1 = today.format("mmm/dd/yy"): null

2020-01-13 10:59:43 - [TEST_STEP][PASSED] - todaysDate2 = today.format("dd/mm/yy"): null

2020-01-13 10:59:43 - [TEST_STEP][PASSED] - todaysDate3 = today.format("dd"): null

2020-01-13 10:59:43 - [TEST_STEP][PASSED] - nowTime = today.format("hhmm"): null

2020-01-13 10:59:43 - [TEST_STEP][PASSED] - setText(findTestObject("obj_login/input_user"), var_user): Text 'jegchavez@gmail.com' is set on object 'Object Repository/obj_login/input_user'

2020-01-13 10:59:44 - [MESSAGE][PASSED] - Text 'jegchavez@gmail.com' is set on object 'Object Repository/obj_login/input_user'

2020-01-13 10:59:44 - [TEST_STEP][PASSED] - setText(findTestObject("obj_login/input_pass"), var_pass): Text 'admin1' is set on object 'Object Repository/obj_login/input_pass'

2020-01-13 10:59:44 - [MESSAGE][PASSED] - Text 'admin1' is set on object 'Object Repository/obj_login/input_pass'

2020-01-13 10:59:44 - [TEST_STEP][PASSED] - delay(2): Delayed 2 second(s)

2020-01-13 10:59:46 - [MESSAGE][PASSED] - Delayed 2 second(s)

2020-01-13 10:59:46 - [TEST_STEP][PASSED] - verifyElementClickable(findTestObject("obj_login/btn_login")): Object 'Object Repository/obj_login/btn_login' is clickable

2020-01-13 10:59:46 - [MESSAGE][PASSED] - Object 'Object Repository/obj_login/btn_login' is clickable

2020-01-13 10:59:46 - [TEST_STEP][PASSED] - click(findTestObject("obj_login/btn_login")): Object: 'Object Repository/obj_login/btn_login' is clicked on

2020-01-13 10:59:48 - [MESSAGE][PASSED] - Object: 'Object Repository/obj_login/btn_login' is clicked on

2020-01-13 10:59:48 - [TEST_STEP][PASSED] - delay(2): Delayed 2 second(s)

2020-01-13 10:59:50 - [MESSAGE][PASSED] - Delayed 2 second(s)

2020-01-13 10:59:50 - [TEST_STEP][PASSED] - setText(findTestObject("obj_dashboard_emp/input_search"), var_parent): Text 'leongarzagarza@hotmail.com' is set on object 'Object Repository/obj_dashboard_emp/input_search'

2020-01-13 10:59:50 - [MESSAGE][PASSED] - Text 'leongarzagarza@hotmail.com' is set on object 'Object Repository/obj_dashboard_emp/input_search'

2020-01-13 10:59:50 - [TEST_STEP][PASSED] - click(findTestObject("obj_dashboard_emp/btn_accountSearch")): Object: 'Object Repository/obj_dashboard_emp/btn_accountSearch' is clicked on

2020-01-13 10:59:51 - [MESSAGE][PASSED] - Object: 'Object Repository/obj_dashboard_emp/btn_accountSearch' is clicked on

2020-01-13 10:59:51 - [TEST_STEP][PASSED] - delay(2): Delayed 2 second(s)

2020-01-13 10:59:53 - [MESSAGE][PASSED] - Delayed 2 second(s)

2020-01-13 10:59:53 - [TEST_STEP][PASSED] - click(findTestObject("obj_accountInformation/a_TEST GABRIEL PROD")): Object: 'Object Repository/obj_accountInformation/a_TEST GABRIEL PROD' is clicked on

2020-01-13 10:59:54 - [MESSAGE][PASSED] - Object: 'Object Repository/obj_accountInformation/a_TEST GABRIEL PROD' is clicked on

2020-01-13 10:59:54 - [TEST_STEP][PASSED] - delay(2): Delayed 2 second(s)

2020-01-13 10:59:56 - [MESSAGE][PASSED] - Delayed 2 second(s)

2020-01-13 10:59:56 - [TEST_STEP][PASSED] - click(findTestObject("obj_invoce/btn_createInvoice")): Object: 'Object Repository/obj_invoce/btn_createInvoice' is clicked on

2020-01-13 10:59:58 - [MESSAGE][PASSED] - Object: 'Object Repository/obj_invoce/btn_createInvoice' is clicked on

2020-01-13 10:59:58 - [TEST_STEP][PASSED] - delay(3): Delayed 3 second(s)

2020-01-13 11:00:01 - [MESSAGE][PASSED] - Delayed 3 second(s)

2020-01-13 11:00:01 - [TEST_STEP][PASSED] - if (arryPets.size() == 1): Delayed 4 second(s)

2020-01-13 11:00:01 - [TEST_STEP][PASSED] - click(findTestObject("obj_invoce/new_invoice/new_invoice_sub/btn_AddLineItem")): Object: 'Object Repository/obj_invoce/new_invoice/new_invoice_sub/btn_AddLineItem' is clicked on

2020-01-13 11:00:01 - [MESSAGE][PASSED] - Object: 'Object Repository/obj_invoce/new_invoice/new_invoice_sub/btn_AddLineItem' is clicked on

2020-01-13 11:00:01 - [TEST_STEP][PASSED] - delay(3): Delayed 3 second(s)

2020-01-13 11:00:04 - [MESSAGE][PASSED] - Delayed 3 second(s)

2020-01-13 11:00:04 - [TEST_STEP][PASSED] - click(findTestObject("obj_invoce/new_invoice/new_invoice_sub/a_Taxes ()_select2-choice_1")): Object: 'Object Repository/obj_invoce/new_invoice/new_invoice_sub/a_Taxes ()_select2-choice_1' is clicked on

2020-01-13 11:00:05 - [MESSAGE][PASSED] - Object: 'Object Repository/obj_invoce/new_invoice/new_invoice_sub/a_Taxes ()_select2-choice_1' is clicked on

2020-01-13 11:00:05 - [TEST_STEP][PASSED] - delay(3): Delayed 3 second(s)

2020-01-13 11:00:08 - [MESSAGE][PASSED] - Delayed 3 second(s)

2020-01-13 11:00:08 - [TEST_STEP][PASSED] - click(findTestObject("obj_invoce/new_invoice/new_invoice_sub/div_Zeus")): Object: 'Object Repository/obj_invoce/new_invoice/new_invoice_sub/div_Zeus' is clicked on

2020-01-13 11:00:08 - [MESSAGE][PASSED] - Object: 'Object Repository/obj_invoce/new_invoice/new_invoice_sub/div_Zeus' is clicked on

2020-01-13 11:00:08 - [TEST_STEP][NOT_RUN] - click(findTestObject("obj_invoce/new_invoice/new_invoice_sub/b")): NOT_RUN: click(findTestObject("obj_invoce/new_invoice/new_invoice_sub/b"))

2020-01-13 11:00:08 - [MESSAGE][NOT_RUN] - NOT_RUN: click(findTestObject("obj_invoce/new_invoice/new_invoice_sub/b"))

2020-01-13 11:00:08 - [TEST_STEP][NOT_RUN] - click(findTestObject("obj_invoce/new_invoice/new_invoice_sub/select_BOARDING_SUITEDAYCARE_SUITESPA_SUITE")): NOT_RUN: click(findTestObject("obj_invoce/new_invoice/new_invoice_sub/select_BOARDING_SUITEDAYCARE_SUITESPA_SUITE"))

2020-01-13 11:00:08 - [MESSAGE][NOT_RUN] - NOT_RUN: click(findTestObject("obj_invoce/new_invoice/new_invoice_sub/select_BOARDING_SUITEDAYCARE_SUITESPA_SUITE"))

2020-01-13 11:00:08 - [TEST_STEP][PASSED] - delay(3): Delayed 3 second(s)

2020-01-13 11:00:11 - [MESSAGE][PASSED] - Delayed 3 second(s)

2020-01-13 11:00:11 - [TEST_STEP][PASSED] - if (var_type == "BOARDING_SUITE"): null

2020-01-13 11:00:11 - [TEST_STEP][PASSED] - if (var_type == "DAYCARE_SUITE"): Object: 'Object Repository/obj_invoce/new_invoice_ok_1/select_day' is clicked on

2020-01-13 11:00:11 - [TEST_STEP][PASSED] - click(findTestObject("obj_invoce/new_invoice_ok_1/select_day"), STOP_ON_FAILURE): Object: 'Object Repository/obj_invoce/new_invoice_ok_1/select_day' is clicked on

2020-01-13 11:00:11 - [MESSAGE][PASSED] - Object: 'Object Repository/obj_invoce/new_invoice_ok_1/select_day' is clicked on

2020-01-13 11:00:11 - [TEST_STEP][PASSED] - if (var_type == "PACKAGE"): null

2020-01-13 11:00:11 - [TEST_STEP][PASSED] - delay(4): Delayed 4 second(s)

2020-01-13 11:00:15 - [MESSAGE][PASSED] - Delayed 4 second(s)

2020-01-13 11:00:15 - [TEST_STEP][PASSED] - sendKeys(findTestObject("obj_invoce/new_invoice/new_invoice_sub/input_Taxes_Item_1"), var_item): Keys 'Half Day of Daycare' sent to object: 'Object Repository/obj_invoce/new_invoice/new_invoice_sub/input_Taxes_Item_1'

2020-01-13 11:00:16 - [MESSAGE][PASSED] - Keys 'Half Day of Daycare' sent to object: 'Object Repository/obj_invoce/new_invoice/new_invoice_sub/input_Taxes_Item_1'

2020-01-13 11:00:16 - [TEST_STEP][PASSED] - delay(4): Delayed 4 second(s)

2020-01-13 11:00:20 - [MESSAGE][PASSED] - Delayed 4 second(s)

2020-01-13 11:00:20 - [TEST_STEP][PASSED] - sendKeys(findTestObject("obj_invoce/new_invoice/new_invoice_sub/input_Taxes_Item_1"), Keys.chord(ENTER)): Keys 'ENTER + ' sent to object: 'Object Repository/obj_invoce/new_invoice/new_invoice_sub/input_Taxes_Item_1'

2020-01-13 11:00:20 - [MESSAGE][PASSED] - Keys 'ENTER + ' sent to object: 'Object Repository/obj_invoce/new_invoice/new_invoice_sub/input_Taxes_Item_1'

2020-01-13 11:00:20 - [TEST_STEP][PASSED] - delay(4): Delayed 4 second(s)

2020-01-13 11:00:24 - [MESSAGE][PASSED] - Delayed 4 second(s)

2020-01-13 11:00:24 - [TEST_STEP][PASSED] - click(findTestObject("obj_invoce/new_invoice/new_invoice_sub/button_Save_Taxe")): Object: 'Object Repository/obj_invoce/new_invoice/new_invoice_sub/button_Save_Taxe' is clicked on

2020-01-13 11:00:25 - [MESSAGE][PASSED] - Object: 'Object Repository/obj_invoce/new_invoice/new_invoice_sub/button_Save_Taxe' is clicked on

2020-01-13 11:00:25 - [TEST_STEP][PASSED] - delay(4): Delayed 4 second(s)

2020-01-13 11:00:29 - [MESSAGE][PASSED] - Delayed 4 second(s)

2020-01-13 11:00:29 - [TEST_STEP][PASSED] - if (arryPets.size() == 2): null

2020-01-13 11:00:29 - [TEST_STEP][PASSED] - if (arryPets.size() == 3): null

2020-01-13 11:00:29 - [TEST_STEP][PASSED] - delay(2): Delayed 2 second(s)

2020-01-13 11:00:31 - [MESSAGE][PASSED] - Delayed 2 second(s)

2020-01-13 11:00:31 - [TEST_STEP][PASSED] - var_url = getUrl(): Current window's url is: 'https://p4p-qa-bg.aws.paradise4paws.com/accounts/profile/#/invoice/122350/1795384/'

2020-01-13 11:00:31 - [MESSAGE][PASSED] - Current window's url is: 'https://p4p-qa-bg.aws.paradise4paws.com/accounts/profile/#/invoice/122350/1795384/'

2020-01-13 11:00:31 - [TEST_STEP][PASSED] - arrayUrl = var_url.split("/"): null

2020-01-13 11:00:31 - [TEST_STEP][PASSED] - delay(2): Delayed 2 second(s)

2020-01-13 11:00:33 - [MESSAGE][PASSED] - Delayed 2 second(s)

2020-01-13 11:00:33 - [TEST_STEP][PASSED] - cell = rowInv.createCell(9, 0): null

2020-01-13 11:00:33 - [TEST_STEP][PASSED] - cell.setCellType(CELL_TYPE_STRING): null

2020-01-13 11:00:33 - [TEST_STEP][PASSED] - cell.setCellValue(arrayUrl[8]): null

2020-01-13 11:00:33 - [TEST_STEP][PASSED] - delay(2): Delayed 2 second(s)

2020-01-13 11:00:35 - [MESSAGE][PASSED] - Delayed 2 second(s)

2020-01-13 11:00:35 - [TEST_STEP][PASSED] - cell2 = rowPay.createCell(5, 0): null

2020-01-13 11:00:35 - [TEST_STEP][PASSED] - cell2.setCellType(CELL_TYPE_STRING): null

2020-01-13 11:00:35 - [TEST_STEP][PASSED] - cell2.setCellValue(arrayUrl[8]): null

2020-01-13 11:00:35 - [TEST_STEP][PASSED] - delay(2): Delayed 2 second(s)

2020-01-13 11:00:37 - [MESSAGE][PASSED] - Delayed 2 second(s)

2020-01-13 11:00:37 - [TEST_STEP][PASSED] - fosInv = new java.io.FileOutputStream(/home/leonardo-arkusmty/Desktop/P4P/DATA_AUTOMATINTESTING/data_3createInvoice.xlsx): null

2020-01-13 11:00:37 - [TEST_STEP][PASSED] - workbookInv.write(fosInv): null

2020-01-13 11:00:37 - [TEST_STEP][PASSED] - fosInv.close(): null

2020-01-13 11:00:37 - [TEST_STEP][PASSED] - fosPay = new java.io.FileOutputStream(/home/leonardo-arkusmty/Desktop/P4P/DATA_AUTOMATINTESTING/data_4payment.xlsx): null

2020-01-13 11:00:37 - [TEST_STEP][PASSED] - workbookPay.write(fosPay): null

2020-01-13 11:00:37 - [TEST_STEP][PASSED] - fosPay.close(): null

2020-01-13 11:00:37 - [TEST_STEP][PASSED] - delay(2): Delayed 2 second(s)

2020-01-13 11:00:39 - [MESSAGE][PASSED] - Delayed 2 second(s)]]></system-out>
         <system-err><![CDATA[]]></system-err>
      </testcase>
      <testcase name="Test Cases/p4p_createInvoce_ok_spy" time="58.004" classname="Test Cases/p4p_createInvoce_ok_spy" status="PASSED">
         <system-out><![CDATA[2020-01-13 11:00:39 - [TEST_CASE][PASSED] - Test Cases/p4p_createInvoce_ok_spy: Test Cases/p4p_createInvoce_ok_spy

2020-01-13 11:00:39 - [TEST_STEP][PASSED] - openBrowser("https://p4p-qa-bg.aws.paradise4paws.com/login/"): Browser is opened with url: 'https://p4p-qa-bg.aws.paradise4paws.com/login/'

2020-01-13 11:00:39 - [MESSAGE][WARNING] - A browser is already opened. Closing browser and opening a new one

2020-01-13 11:00:39 - [MESSAGE][INFO] - Starting 'Chrome' driver

2020-01-13 11:00:41 - [MESSAGE][PASSED] - Browser is opened with url: 'https://p4p-qa-bg.aws.paradise4paws.com/login/'

2020-01-13 11:00:41 - [TEST_STEP][PASSED] - maximizeWindow(): Current window maximized

2020-01-13 11:00:41 - [MESSAGE][PASSED] - Current window maximized

2020-01-13 11:00:41 - [TEST_STEP][PASSED] - arryPets = var_pets.split(","): null

2020-01-13 11:00:41 - [TEST_STEP][PASSED] - flagBoar = "0": null

2020-01-13 11:00:41 - [TEST_STEP][PASSED] - log = new com.kms.katalon.core.logging.KeywordLogger(): null

2020-01-13 11:00:41 - [TEST_STEP][PASSED] - fisInv = new java.io.FileInputStream(/home/leonardo-arkusmty/Desktop/P4P/DATA_AUTOMATINTESTING/data_3createInvoice.xlsx): null

2020-01-13 11:00:41 - [TEST_STEP][PASSED] - fisPay = new java.io.FileInputStream(/home/leonardo-arkusmty/Desktop/P4P/DATA_AUTOMATINTESTING/data_4payment.xlsx): null

2020-01-13 11:00:41 - [TEST_STEP][PASSED] - workbookInv = new org.apache.poi.xssf.usermodel.XSSFWorkbook(fisInv): null

2020-01-13 11:00:41 - [TEST_STEP][PASSED] - workbookPay = new org.apache.poi.xssf.usermodel.XSSFWorkbook(fisPay): null

2020-01-13 11:00:41 - [TEST_STEP][PASSED] - sheetInv = workbookInv.getSheet("Sheet1"): null

2020-01-13 11:00:41 - [TEST_STEP][PASSED] - sheetPay = workbookPay.getSheet("Sheet1"): null

2020-01-13 11:00:41 - [TEST_STEP][PASSED] - var = Integer.parseInt(var_idRowRes): null

2020-01-13 11:00:41 - [TEST_STEP][PASSED] - rowInv = sheetInv.getRow(var): null

2020-01-13 11:00:41 - [TEST_STEP][PASSED] - rowPay = sheetPay.getRow(var): null

2020-01-13 11:00:41 - [TEST_STEP][PASSED] - today = new java.util.Date(): null

2020-01-13 11:00:41 - [TEST_STEP][PASSED] - todaysDate1 = today.format("mmm/dd/yy"): null

2020-01-13 11:00:41 - [TEST_STEP][PASSED] - todaysDate2 = today.format("dd/mm/yy"): null

2020-01-13 11:00:41 - [TEST_STEP][PASSED] - todaysDate3 = today.format("dd"): null

2020-01-13 11:00:41 - [TEST_STEP][PASSED] - nowTime = today.format("hhmm"): null

2020-01-13 11:00:41 - [TEST_STEP][PASSED] - setText(findTestObject("obj_login/input_user"), var_user): Text 'jegchavez@gmail.com' is set on object 'Object Repository/obj_login/input_user'

2020-01-13 11:00:41 - [MESSAGE][PASSED] - Text 'jegchavez@gmail.com' is set on object 'Object Repository/obj_login/input_user'

2020-01-13 11:00:41 - [TEST_STEP][PASSED] - setText(findTestObject("obj_login/input_pass"), var_pass): Text 'admin1' is set on object 'Object Repository/obj_login/input_pass'

2020-01-13 11:00:42 - [MESSAGE][PASSED] - Text 'admin1' is set on object 'Object Repository/obj_login/input_pass'

2020-01-13 11:00:42 - [TEST_STEP][PASSED] - delay(2): Delayed 2 second(s)

2020-01-13 11:00:44 - [MESSAGE][PASSED] - Delayed 2 second(s)

2020-01-13 11:00:44 - [TEST_STEP][PASSED] - verifyElementClickable(findTestObject("obj_login/btn_login")): Object 'Object Repository/obj_login/btn_login' is clickable

2020-01-13 11:00:44 - [MESSAGE][PASSED] - Object 'Object Repository/obj_login/btn_login' is clickable

2020-01-13 11:00:44 - [TEST_STEP][PASSED] - click(findTestObject("obj_login/btn_login")): Object: 'Object Repository/obj_login/btn_login' is clicked on

2020-01-13 11:00:45 - [MESSAGE][PASSED] - Object: 'Object Repository/obj_login/btn_login' is clicked on

2020-01-13 11:00:45 - [TEST_STEP][PASSED] - delay(2): Delayed 2 second(s)

2020-01-13 11:00:47 - [MESSAGE][PASSED] - Delayed 2 second(s)

2020-01-13 11:00:47 - [TEST_STEP][PASSED] - setText(findTestObject("obj_dashboard_emp/input_search"), var_parent): Text 'leongarzagarza@hotmail.com' is set on object 'Object Repository/obj_dashboard_emp/input_search'

2020-01-13 11:00:48 - [MESSAGE][PASSED] - Text 'leongarzagarza@hotmail.com' is set on object 'Object Repository/obj_dashboard_emp/input_search'

2020-01-13 11:00:48 - [TEST_STEP][PASSED] - click(findTestObject("obj_dashboard_emp/btn_accountSearch")): Object: 'Object Repository/obj_dashboard_emp/btn_accountSearch' is clicked on

2020-01-13 11:00:49 - [MESSAGE][PASSED] - Object: 'Object Repository/obj_dashboard_emp/btn_accountSearch' is clicked on

2020-01-13 11:00:49 - [TEST_STEP][PASSED] - delay(2): Delayed 2 second(s)

2020-01-13 11:00:51 - [MESSAGE][PASSED] - Delayed 2 second(s)

2020-01-13 11:00:51 - [TEST_STEP][PASSED] - click(findTestObject("obj_accountInformation/a_TEST GABRIEL PROD")): Object: 'Object Repository/obj_accountInformation/a_TEST GABRIEL PROD' is clicked on

2020-01-13 11:00:52 - [MESSAGE][PASSED] - Object: 'Object Repository/obj_accountInformation/a_TEST GABRIEL PROD' is clicked on

2020-01-13 11:00:52 - [TEST_STEP][PASSED] - delay(2): Delayed 2 second(s)

2020-01-13 11:00:54 - [MESSAGE][PASSED] - Delayed 2 second(s)

2020-01-13 11:00:54 - [TEST_STEP][PASSED] - click(findTestObject("obj_invoce/btn_createInvoice")): Object: 'Object Repository/obj_invoce/btn_createInvoice' is clicked on

2020-01-13 11:00:56 - [MESSAGE][PASSED] - Object: 'Object Repository/obj_invoce/btn_createInvoice' is clicked on

2020-01-13 11:00:56 - [TEST_STEP][PASSED] - delay(3): Delayed 3 second(s)

2020-01-13 11:00:59 - [MESSAGE][PASSED] - Delayed 3 second(s)

2020-01-13 11:00:59 - [TEST_STEP][PASSED] - if (arryPets.size() == 1): Delayed 4 second(s)

2020-01-13 11:00:59 - [TEST_STEP][PASSED] - click(findTestObject("obj_invoce/new_invoice/new_invoice_sub/btn_AddLineItem")): Object: 'Object Repository/obj_invoce/new_invoice/new_invoice_sub/btn_AddLineItem' is clicked on

2020-01-13 11:00:59 - [MESSAGE][PASSED] - Object: 'Object Repository/obj_invoce/new_invoice/new_invoice_sub/btn_AddLineItem' is clicked on

2020-01-13 11:00:59 - [TEST_STEP][PASSED] - delay(3): Delayed 3 second(s)

2020-01-13 11:01:02 - [MESSAGE][PASSED] - Delayed 3 second(s)

2020-01-13 11:01:02 - [TEST_STEP][PASSED] - click(findTestObject("obj_invoce/new_invoice/new_invoice_sub/a_Taxes ()_select2-choice_1")): Object: 'Object Repository/obj_invoce/new_invoice/new_invoice_sub/a_Taxes ()_select2-choice_1' is clicked on

2020-01-13 11:01:03 - [MESSAGE][PASSED] - Object: 'Object Repository/obj_invoce/new_invoice/new_invoice_sub/a_Taxes ()_select2-choice_1' is clicked on

2020-01-13 11:01:03 - [TEST_STEP][PASSED] - delay(3): Delayed 3 second(s)

2020-01-13 11:01:06 - [MESSAGE][PASSED] - Delayed 3 second(s)

2020-01-13 11:01:06 - [TEST_STEP][PASSED] - click(findTestObject("obj_invoce/new_invoice/new_invoice_sub/div_Zeus")): Object: 'Object Repository/obj_invoce/new_invoice/new_invoice_sub/div_Zeus' is clicked on

2020-01-13 11:01:06 - [MESSAGE][PASSED] - Object: 'Object Repository/obj_invoce/new_invoice/new_invoice_sub/div_Zeus' is clicked on

2020-01-13 11:01:06 - [TEST_STEP][NOT_RUN] - click(findTestObject("obj_invoce/new_invoice/new_invoice_sub/b")): NOT_RUN: click(findTestObject("obj_invoce/new_invoice/new_invoice_sub/b"))

2020-01-13 11:01:06 - [MESSAGE][NOT_RUN] - NOT_RUN: click(findTestObject("obj_invoce/new_invoice/new_invoice_sub/b"))

2020-01-13 11:01:06 - [TEST_STEP][NOT_RUN] - click(findTestObject("obj_invoce/new_invoice/new_invoice_sub/select_BOARDING_SUITEDAYCARE_SUITESPA_SUITE")): NOT_RUN: click(findTestObject("obj_invoce/new_invoice/new_invoice_sub/select_BOARDING_SUITEDAYCARE_SUITESPA_SUITE"))

2020-01-13 11:01:06 - [MESSAGE][NOT_RUN] - NOT_RUN: click(findTestObject("obj_invoce/new_invoice/new_invoice_sub/select_BOARDING_SUITEDAYCARE_SUITESPA_SUITE"))

2020-01-13 11:01:06 - [TEST_STEP][PASSED] - delay(3): Delayed 3 second(s)

2020-01-13 11:01:09 - [MESSAGE][PASSED] - Delayed 3 second(s)

2020-01-13 11:01:09 - [TEST_STEP][PASSED] - if (var_type == "BOARDING_SUITE"): null

2020-01-13 11:01:09 - [TEST_STEP][PASSED] - if (var_type == "DAYCARE_SUITE"): null

2020-01-13 11:01:09 - [TEST_STEP][PASSED] - if (var_type == "PACKAGE"): Object: 'Object Repository/obj_invoce/new_invoice_ok_1/select_package' is clicked on

2020-01-13 11:01:09 - [TEST_STEP][PASSED] - click(findTestObject("obj_invoce/new_invoice_ok_1/select_package"), STOP_ON_FAILURE): Object: 'Object Repository/obj_invoce/new_invoice_ok_1/select_package' is clicked on

2020-01-13 11:01:09 - [MESSAGE][PASSED] - Object: 'Object Repository/obj_invoce/new_invoice_ok_1/select_package' is clicked on

2020-01-13 11:01:09 - [TEST_STEP][PASSED] - delay(4): Delayed 4 second(s)

2020-01-13 11:01:13 - [MESSAGE][PASSED] - Delayed 4 second(s)

2020-01-13 11:01:13 - [TEST_STEP][PASSED] - sendKeys(findTestObject("obj_invoce/new_invoice/new_invoice_sub/input_Taxes_Item_1"), var_item): Keys 'M2M Monthly Membership' sent to object: 'Object Repository/obj_invoce/new_invoice/new_invoice_sub/input_Taxes_Item_1'

2020-01-13 11:01:14 - [MESSAGE][PASSED] - Keys 'M2M Monthly Membership' sent to object: 'Object Repository/obj_invoce/new_invoice/new_invoice_sub/input_Taxes_Item_1'

2020-01-13 11:01:14 - [TEST_STEP][PASSED] - delay(4): Delayed 4 second(s)

2020-01-13 11:01:18 - [MESSAGE][PASSED] - Delayed 4 second(s)

2020-01-13 11:01:18 - [TEST_STEP][PASSED] - sendKeys(findTestObject("obj_invoce/new_invoice/new_invoice_sub/input_Taxes_Item_1"), Keys.chord(ENTER)): Keys 'ENTER + ' sent to object: 'Object Repository/obj_invoce/new_invoice/new_invoice_sub/input_Taxes_Item_1'

2020-01-13 11:01:18 - [MESSAGE][PASSED] - Keys 'ENTER + ' sent to object: 'Object Repository/obj_invoce/new_invoice/new_invoice_sub/input_Taxes_Item_1'

2020-01-13 11:01:18 - [TEST_STEP][PASSED] - delay(4): Delayed 4 second(s)

2020-01-13 11:01:22 - [MESSAGE][PASSED] - Delayed 4 second(s)

2020-01-13 11:01:22 - [TEST_STEP][PASSED] - click(findTestObject("obj_invoce/new_invoice/new_invoice_sub/button_Save_Taxe")): Object: 'Object Repository/obj_invoce/new_invoice/new_invoice_sub/button_Save_Taxe' is clicked on

2020-01-13 11:01:23 - [MESSAGE][PASSED] - Object: 'Object Repository/obj_invoce/new_invoice/new_invoice_sub/button_Save_Taxe' is clicked on

2020-01-13 11:01:23 - [TEST_STEP][PASSED] - delay(4): Delayed 4 second(s)

2020-01-13 11:01:27 - [MESSAGE][PASSED] - Delayed 4 second(s)

2020-01-13 11:01:27 - [TEST_STEP][PASSED] - if (arryPets.size() == 2): null

2020-01-13 11:01:27 - [TEST_STEP][PASSED] - if (arryPets.size() == 3): null

2020-01-13 11:01:27 - [TEST_STEP][PASSED] - delay(2): Delayed 2 second(s)

2020-01-13 11:01:29 - [MESSAGE][PASSED] - Delayed 2 second(s)

2020-01-13 11:01:29 - [TEST_STEP][PASSED] - var_url = getUrl(): Current window's url is: 'https://p4p-qa-bg.aws.paradise4paws.com/accounts/profile/#/invoice/122350/1795385/'

2020-01-13 11:01:29 - [MESSAGE][PASSED] - Current window's url is: 'https://p4p-qa-bg.aws.paradise4paws.com/accounts/profile/#/invoice/122350/1795385/'

2020-01-13 11:01:29 - [TEST_STEP][PASSED] - arrayUrl = var_url.split("/"): null

2020-01-13 11:01:29 - [TEST_STEP][PASSED] - delay(2): Delayed 2 second(s)

2020-01-13 11:01:31 - [MESSAGE][PASSED] - Delayed 2 second(s)

2020-01-13 11:01:31 - [TEST_STEP][PASSED] - cell = rowInv.createCell(9, 0): null

2020-01-13 11:01:31 - [TEST_STEP][PASSED] - cell.setCellType(CELL_TYPE_STRING): null

2020-01-13 11:01:31 - [TEST_STEP][PASSED] - cell.setCellValue(arrayUrl[8]): null

2020-01-13 11:01:31 - [TEST_STEP][PASSED] - delay(2): Delayed 2 second(s)

2020-01-13 11:01:33 - [MESSAGE][PASSED] - Delayed 2 second(s)

2020-01-13 11:01:33 - [TEST_STEP][PASSED] - cell2 = rowPay.createCell(5, 0): null

2020-01-13 11:01:33 - [TEST_STEP][PASSED] - cell2.setCellType(CELL_TYPE_STRING): null

2020-01-13 11:01:33 - [TEST_STEP][PASSED] - cell2.setCellValue(arrayUrl[8]): null

2020-01-13 11:01:33 - [TEST_STEP][PASSED] - delay(2): Delayed 2 second(s)

2020-01-13 11:01:35 - [MESSAGE][PASSED] - Delayed 2 second(s)

2020-01-13 11:01:35 - [TEST_STEP][PASSED] - fosInv = new java.io.FileOutputStream(/home/leonardo-arkusmty/Desktop/P4P/DATA_AUTOMATINTESTING/data_3createInvoice.xlsx): null

2020-01-13 11:01:35 - [TEST_STEP][PASSED] - workbookInv.write(fosInv): null

2020-01-13 11:01:35 - [TEST_STEP][PASSED] - fosInv.close(): null

2020-01-13 11:01:35 - [TEST_STEP][PASSED] - fosPay = new java.io.FileOutputStream(/home/leonardo-arkusmty/Desktop/P4P/DATA_AUTOMATINTESTING/data_4payment.xlsx): null

2020-01-13 11:01:35 - [TEST_STEP][PASSED] - workbookPay.write(fosPay): null

2020-01-13 11:01:35 - [TEST_STEP][PASSED] - fosPay.close(): null

2020-01-13 11:01:35 - [TEST_STEP][PASSED] - delay(2): Delayed 2 second(s)

2020-01-13 11:01:37 - [MESSAGE][PASSED] - Delayed 2 second(s)]]></system-out>
         <system-err><![CDATA[]]></system-err>
      </testcase>
      <testcase name="Test Cases/p4p_createInvoce_ok_spy" time="78.38" classname="Test Cases/p4p_createInvoce_ok_spy" status="PASSED">
         <system-out><![CDATA[2020-01-13 11:01:37 - [TEST_CASE][PASSED] - Test Cases/p4p_createInvoce_ok_spy: Test Cases/p4p_createInvoce_ok_spy

2020-01-13 11:01:37 - [TEST_STEP][PASSED] - openBrowser("https://p4p-qa-bg.aws.paradise4paws.com/login/"): Browser is opened with url: 'https://p4p-qa-bg.aws.paradise4paws.com/login/'

2020-01-13 11:01:37 - [MESSAGE][WARNING] - A browser is already opened. Closing browser and opening a new one

2020-01-13 11:01:37 - [MESSAGE][INFO] - Starting 'Chrome' driver

2020-01-13 11:01:39 - [MESSAGE][PASSED] - Browser is opened with url: 'https://p4p-qa-bg.aws.paradise4paws.com/login/'

2020-01-13 11:01:39 - [TEST_STEP][PASSED] - maximizeWindow(): Current window maximized

2020-01-13 11:01:39 - [MESSAGE][PASSED] - Current window maximized

2020-01-13 11:01:39 - [TEST_STEP][PASSED] - arryPets = var_pets.split(","): null

2020-01-13 11:01:39 - [TEST_STEP][PASSED] - flagBoar = "0": null

2020-01-13 11:01:39 - [TEST_STEP][PASSED] - log = new com.kms.katalon.core.logging.KeywordLogger(): null

2020-01-13 11:01:39 - [TEST_STEP][PASSED] - fisInv = new java.io.FileInputStream(/home/leonardo-arkusmty/Desktop/P4P/DATA_AUTOMATINTESTING/data_3createInvoice.xlsx): null

2020-01-13 11:01:39 - [TEST_STEP][PASSED] - fisPay = new java.io.FileInputStream(/home/leonardo-arkusmty/Desktop/P4P/DATA_AUTOMATINTESTING/data_4payment.xlsx): null

2020-01-13 11:01:39 - [TEST_STEP][PASSED] - workbookInv = new org.apache.poi.xssf.usermodel.XSSFWorkbook(fisInv): null

2020-01-13 11:01:39 - [TEST_STEP][PASSED] - workbookPay = new org.apache.poi.xssf.usermodel.XSSFWorkbook(fisPay): null

2020-01-13 11:01:39 - [TEST_STEP][PASSED] - sheetInv = workbookInv.getSheet("Sheet1"): null

2020-01-13 11:01:39 - [TEST_STEP][PASSED] - sheetPay = workbookPay.getSheet("Sheet1"): null

2020-01-13 11:01:39 - [TEST_STEP][PASSED] - var = Integer.parseInt(var_idRowRes): null

2020-01-13 11:01:39 - [TEST_STEP][PASSED] - rowInv = sheetInv.getRow(var): null

2020-01-13 11:01:39 - [TEST_STEP][PASSED] - rowPay = sheetPay.getRow(var): null

2020-01-13 11:01:39 - [TEST_STEP][PASSED] - today = new java.util.Date(): null

2020-01-13 11:01:39 - [TEST_STEP][PASSED] - todaysDate1 = today.format("mmm/dd/yy"): null

2020-01-13 11:01:39 - [TEST_STEP][PASSED] - todaysDate2 = today.format("dd/mm/yy"): null

2020-01-13 11:01:39 - [TEST_STEP][PASSED] - todaysDate3 = today.format("dd"): null

2020-01-13 11:01:39 - [TEST_STEP][PASSED] - nowTime = today.format("hhmm"): null

2020-01-13 11:01:39 - [TEST_STEP][PASSED] - setText(findTestObject("obj_login/input_user"), var_user): Text 'jegchavez@gmail.com' is set on object 'Object Repository/obj_login/input_user'

2020-01-13 11:01:39 - [MESSAGE][PASSED] - Text 'jegchavez@gmail.com' is set on object 'Object Repository/obj_login/input_user'

2020-01-13 11:01:39 - [TEST_STEP][PASSED] - setText(findTestObject("obj_login/input_pass"), var_pass): Text 'admin1' is set on object 'Object Repository/obj_login/input_pass'

2020-01-13 11:01:40 - [MESSAGE][PASSED] - Text 'admin1' is set on object 'Object Repository/obj_login/input_pass'

2020-01-13 11:01:40 - [TEST_STEP][PASSED] - delay(2): Delayed 2 second(s)

2020-01-13 11:01:42 - [MESSAGE][PASSED] - Delayed 2 second(s)

2020-01-13 11:01:42 - [TEST_STEP][PASSED] - verifyElementClickable(findTestObject("obj_login/btn_login")): Object 'Object Repository/obj_login/btn_login' is clickable

2020-01-13 11:01:42 - [MESSAGE][PASSED] - Object 'Object Repository/obj_login/btn_login' is clickable

2020-01-13 11:01:42 - [TEST_STEP][PASSED] - click(findTestObject("obj_login/btn_login")): Object: 'Object Repository/obj_login/btn_login' is clicked on

2020-01-13 11:01:43 - [MESSAGE][PASSED] - Object: 'Object Repository/obj_login/btn_login' is clicked on

2020-01-13 11:01:43 - [TEST_STEP][PASSED] - delay(2): Delayed 2 second(s)

2020-01-13 11:01:45 - [MESSAGE][PASSED] - Delayed 2 second(s)

2020-01-13 11:01:45 - [TEST_STEP][PASSED] - setText(findTestObject("obj_dashboard_emp/input_search"), var_parent): Text 'leongarzagarza@hotmail.com' is set on object 'Object Repository/obj_dashboard_emp/input_search'

2020-01-13 11:01:46 - [MESSAGE][PASSED] - Text 'leongarzagarza@hotmail.com' is set on object 'Object Repository/obj_dashboard_emp/input_search'

2020-01-13 11:01:46 - [TEST_STEP][PASSED] - click(findTestObject("obj_dashboard_emp/btn_accountSearch")): Object: 'Object Repository/obj_dashboard_emp/btn_accountSearch' is clicked on

2020-01-13 11:01:46 - [MESSAGE][PASSED] - Object: 'Object Repository/obj_dashboard_emp/btn_accountSearch' is clicked on

2020-01-13 11:01:46 - [TEST_STEP][PASSED] - delay(2): Delayed 2 second(s)

2020-01-13 11:01:48 - [MESSAGE][PASSED] - Delayed 2 second(s)

2020-01-13 11:01:48 - [TEST_STEP][PASSED] - click(findTestObject("obj_accountInformation/a_TEST GABRIEL PROD")): Object: 'Object Repository/obj_accountInformation/a_TEST GABRIEL PROD' is clicked on

2020-01-13 11:01:49 - [MESSAGE][PASSED] - Object: 'Object Repository/obj_accountInformation/a_TEST GABRIEL PROD' is clicked on

2020-01-13 11:01:49 - [TEST_STEP][PASSED] - delay(2): Delayed 2 second(s)

2020-01-13 11:01:51 - [MESSAGE][PASSED] - Delayed 2 second(s)

2020-01-13 11:01:51 - [TEST_STEP][PASSED] - click(findTestObject("obj_invoce/btn_createInvoice")): Object: 'Object Repository/obj_invoce/btn_createInvoice' is clicked on

2020-01-13 11:01:53 - [MESSAGE][PASSED] - Object: 'Object Repository/obj_invoce/btn_createInvoice' is clicked on

2020-01-13 11:01:53 - [TEST_STEP][PASSED] - delay(3): Delayed 3 second(s)

2020-01-13 11:01:56 - [MESSAGE][PASSED] - Delayed 3 second(s)

2020-01-13 11:01:56 - [TEST_STEP][PASSED] - if (arryPets.size() == 1): null

2020-01-13 11:01:56 - [TEST_STEP][PASSED] - if (arryPets.size() == 2): Delayed 4 second(s)

2020-01-13 11:01:56 - [TEST_STEP][PASSED] - click(findTestObject("obj_invoce/new_invoice/new_invoice_sub/btn_AddLineItem")): Object: 'Object Repository/obj_invoce/new_invoice/new_invoice_sub/btn_AddLineItem' is clicked on

2020-01-13 11:01:57 - [MESSAGE][PASSED] - Object: 'Object Repository/obj_invoce/new_invoice/new_invoice_sub/btn_AddLineItem' is clicked on

2020-01-13 11:01:57 - [TEST_STEP][PASSED] - delay(3): Delayed 3 second(s)

2020-01-13 11:02:00 - [MESSAGE][PASSED] - Delayed 3 second(s)

2020-01-13 11:02:00 - [TEST_STEP][PASSED] - click(findTestObject("obj_invoce/new_invoice/new_invoice_sub/a_Taxes ()_select2-choice_1")): Object: 'Object Repository/obj_invoce/new_invoice/new_invoice_sub/a_Taxes ()_select2-choice_1' is clicked on

2020-01-13 11:02:00 - [MESSAGE][PASSED] - Object: 'Object Repository/obj_invoce/new_invoice/new_invoice_sub/a_Taxes ()_select2-choice_1' is clicked on

2020-01-13 11:02:00 - [TEST_STEP][PASSED] - delay(3): Delayed 3 second(s)

2020-01-13 11:02:03 - [MESSAGE][PASSED] - Delayed 3 second(s)

2020-01-13 11:02:03 - [TEST_STEP][PASSED] - click(findTestObject("obj_invoce/new_invoice/new_invoice_sub/div_Zeus")): Object: 'Object Repository/obj_invoce/new_invoice/new_invoice_sub/div_Zeus' is clicked on

2020-01-13 11:02:03 - [MESSAGE][PASSED] - Object: 'Object Repository/obj_invoce/new_invoice/new_invoice_sub/div_Zeus' is clicked on

2020-01-13 11:02:03 - [TEST_STEP][NOT_RUN] - click(findTestObject("obj_invoce/new_invoice/new_invoice_sub/b")): NOT_RUN: click(findTestObject("obj_invoce/new_invoice/new_invoice_sub/b"))

2020-01-13 11:02:03 - [MESSAGE][NOT_RUN] - NOT_RUN: click(findTestObject("obj_invoce/new_invoice/new_invoice_sub/b"))

2020-01-13 11:02:03 - [TEST_STEP][NOT_RUN] - click(findTestObject("obj_invoce/new_invoice/new_invoice_sub/select_BOARDING_SUITEDAYCARE_SUITESPA_SUITE")): NOT_RUN: click(findTestObject("obj_invoce/new_invoice/new_invoice_sub/select_BOARDING_SUITEDAYCARE_SUITESPA_SUITE"))

2020-01-13 11:02:03 - [MESSAGE][NOT_RUN] - NOT_RUN: click(findTestObject("obj_invoce/new_invoice/new_invoice_sub/select_BOARDING_SUITEDAYCARE_SUITESPA_SUITE"))

2020-01-13 11:02:03 - [TEST_STEP][PASSED] - delay(3): Delayed 3 second(s)

2020-01-13 11:02:06 - [MESSAGE][PASSED] - Delayed 3 second(s)

2020-01-13 11:02:06 - [TEST_STEP][PASSED] - if (var_type == "BOARDING_SUITE"): Object: 'Object Repository/obj_invoce/new_invoice_ok_1/select_boarding' is clicked on

2020-01-13 11:02:06 - [TEST_STEP][PASSED] - click(findTestObject("obj_invoce/new_invoice_ok_1/select_boarding"), STOP_ON_FAILURE): Object: 'Object Repository/obj_invoce/new_invoice_ok_1/select_boarding' is clicked on

2020-01-13 11:02:07 - [MESSAGE][PASSED] - Object: 'Object Repository/obj_invoce/new_invoice_ok_1/select_boarding' is clicked on

2020-01-13 11:02:07 - [TEST_STEP][PASSED] - if (var_type == "DAYCARE_SUITE"): null

2020-01-13 11:02:07 - [TEST_STEP][PASSED] - if (var_type == "PACKAGE"): null

2020-01-13 11:02:07 - [TEST_STEP][PASSED] - delay(4): Delayed 4 second(s)

2020-01-13 11:02:11 - [MESSAGE][PASSED] - Delayed 4 second(s)

2020-01-13 11:02:11 - [TEST_STEP][PASSED] - sendKeys(findTestObject("obj_invoce/new_invoice/new_invoice_sub/input_Taxes_Item_1"), var_item): Keys 'Oasis Suite' sent to object: 'Object Repository/obj_invoce/new_invoice/new_invoice_sub/input_Taxes_Item_1'

2020-01-13 11:02:11 - [MESSAGE][PASSED] - Keys 'Oasis Suite' sent to object: 'Object Repository/obj_invoce/new_invoice/new_invoice_sub/input_Taxes_Item_1'

2020-01-13 11:02:11 - [TEST_STEP][PASSED] - delay(4): Delayed 4 second(s)

2020-01-13 11:02:15 - [MESSAGE][PASSED] - Delayed 4 second(s)

2020-01-13 11:02:15 - [TEST_STEP][PASSED] - sendKeys(findTestObject("obj_invoce/new_invoice/new_invoice_sub/input_Taxes_Item_1"), Keys.chord(ENTER)): Keys 'ENTER + ' sent to object: 'Object Repository/obj_invoce/new_invoice/new_invoice_sub/input_Taxes_Item_1'

2020-01-13 11:02:16 - [MESSAGE][PASSED] - Keys 'ENTER + ' sent to object: 'Object Repository/obj_invoce/new_invoice/new_invoice_sub/input_Taxes_Item_1'

2020-01-13 11:02:16 - [TEST_STEP][PASSED] - delay(4): Delayed 4 second(s)

2020-01-13 11:02:20 - [MESSAGE][PASSED] - Delayed 4 second(s)

2020-01-13 11:02:20 - [TEST_STEP][PASSED] - click(findTestObject("obj_invoce/new_invoice/new_invoice_sub/btn_AddLineItem")): Object: 'Object Repository/obj_invoce/new_invoice/new_invoice_sub/btn_AddLineItem' is clicked on

2020-01-13 11:02:20 - [MESSAGE][PASSED] - Object: 'Object Repository/obj_invoce/new_invoice/new_invoice_sub/btn_AddLineItem' is clicked on

2020-01-13 11:02:20 - [TEST_STEP][PASSED] - delay(3): Delayed 3 second(s)

2020-01-13 11:02:23 - [MESSAGE][PASSED] - Delayed 3 second(s)

2020-01-13 11:02:23 - [TEST_STEP][PASSED] - click(findTestObject("obj_invoce/new_invoice/new_invoice_sub2/a_Taxes ()_select2-choice_2")): Object: 'Object Repository/obj_invoce/new_invoice/new_invoice_sub2/a_Taxes ()_select2-choice_2' is clicked on

2020-01-13 11:02:23 - [MESSAGE][PASSED] - Object: 'Object Repository/obj_invoce/new_invoice/new_invoice_sub2/a_Taxes ()_select2-choice_2' is clicked on

2020-01-13 11:02:23 - [TEST_STEP][PASSED] - delay(3): Delayed 3 second(s)

2020-01-13 11:02:26 - [MESSAGE][PASSED] - Delayed 3 second(s)

2020-01-13 11:02:26 - [TEST_STEP][PASSED] - click(findTestObject("obj_invoce/new_invoice/new_invoice_sub/div_Ares")): Object: 'Object Repository/obj_invoce/new_invoice/new_invoice_sub/div_Ares' is clicked on

2020-01-13 11:02:27 - [MESSAGE][PASSED] - Object: 'Object Repository/obj_invoce/new_invoice/new_invoice_sub/div_Ares' is clicked on

2020-01-13 11:02:27 - [TEST_STEP][NOT_RUN] - click(findTestObject("obj_invoce/new_invoice/new_invoice_sub/b")): NOT_RUN: click(findTestObject("obj_invoce/new_invoice/new_invoice_sub/b"))

2020-01-13 11:02:27 - [MESSAGE][NOT_RUN] - NOT_RUN: click(findTestObject("obj_invoce/new_invoice/new_invoice_sub/b"))

2020-01-13 11:02:27 - [TEST_STEP][NOT_RUN] - click(findTestObject("obj_invoce/new_invoice/new_invoice_sub/select_BOARDING_SUITEDAYCARE_SUITESPA_SUITE")): NOT_RUN: click(findTestObject("obj_invoce/new_invoice/new_invoice_sub/select_BOARDING_SUITEDAYCARE_SUITESPA_SUITE"))

2020-01-13 11:02:27 - [MESSAGE][NOT_RUN] - NOT_RUN: click(findTestObject("obj_invoce/new_invoice/new_invoice_sub/select_BOARDING_SUITEDAYCARE_SUITESPA_SUITE"))

2020-01-13 11:02:27 - [TEST_STEP][PASSED] - delay(3): Delayed 3 second(s)

2020-01-13 11:02:30 - [MESSAGE][PASSED] - Delayed 3 second(s)

2020-01-13 11:02:30 - [TEST_STEP][PASSED] - if (var_type == "BOARDING_SUITE"): Object: 'Object Repository/obj_invoce/new_invoice/new_invoice_sub2/select_boarding_2' is clicked on

2020-01-13 11:02:30 - [TEST_STEP][PASSED] - click(findTestObject("obj_invoce/new_invoice/new_invoice_sub2/select_boarding_2"), STOP_ON_FAILURE): Object: 'Object Repository/obj_invoce/new_invoice/new_invoice_sub2/select_boarding_2' is clicked on

2020-01-13 11:02:30 - [MESSAGE][PASSED] - Object: 'Object Repository/obj_invoce/new_invoice/new_invoice_sub2/select_boarding_2' is clicked on

2020-01-13 11:02:30 - [TEST_STEP][PASSED] - if (var_type == "DAYCARE_SUITE"): null

2020-01-13 11:02:30 - [TEST_STEP][PASSED] - if (var_type == "PACKAGE"): null

2020-01-13 11:02:30 - [TEST_STEP][PASSED] - delay(4): Delayed 4 second(s)

2020-01-13 11:02:34 - [MESSAGE][PASSED] - Delayed 4 second(s)

2020-01-13 11:02:34 - [TEST_STEP][PASSED] - try: Delayed 3 second(s)

2020-01-13 11:02:34 - [TEST_STEP][PASSED] - sendKeys(findTestObject("obj_invoce/new_invoice/new_invoice_sub2/input_Taxes_Item_2"), var_item): Keys 'Oasis Suite' sent to object: 'Object Repository/obj_invoce/new_invoice/new_invoice_sub2/input_Taxes_Item_2'

2020-01-13 11:02:34 - [MESSAGE][PASSED] - Keys 'Oasis Suite' sent to object: 'Object Repository/obj_invoce/new_invoice/new_invoice_sub2/input_Taxes_Item_2'

2020-01-13 11:02:34 - [TEST_STEP][PASSED] - delay(3): Delayed 3 second(s)

2020-01-13 11:02:37 - [MESSAGE][PASSED] - Delayed 3 second(s)

2020-01-13 11:02:37 - [TEST_STEP][PASSED] - sendKeys(findTestObject("obj_invoce/new_invoice/new_invoice_sub2/input_Taxes_Item_2"), Keys.chord(ENTER)): Keys 'ENTER + ' sent to object: 'Object Repository/obj_invoce/new_invoice/new_invoice_sub2/input_Taxes_Item_2'

2020-01-13 11:02:38 - [MESSAGE][PASSED] - Keys 'ENTER + ' sent to object: 'Object Repository/obj_invoce/new_invoice/new_invoice_sub2/input_Taxes_Item_2'

2020-01-13 11:02:38 - [TEST_STEP][PASSED] - delay(3): Delayed 3 second(s)

2020-01-13 11:02:41 - [MESSAGE][PASSED] - Delayed 3 second(s)

2020-01-13 11:02:41 - [TEST_STEP][PASSED] - try: Delayed 4 second(s)

2020-01-13 11:02:41 - [TEST_STEP][PASSED] - click(findTestObject("obj_invoce/new_invoice/new_invoice_sub/button_Save_Taxe")): Object: 'Object Repository/obj_invoce/new_invoice/new_invoice_sub/button_Save_Taxe' is clicked on

2020-01-13 11:02:41 - [MESSAGE][PASSED] - Object: 'Object Repository/obj_invoce/new_invoice/new_invoice_sub/button_Save_Taxe' is clicked on

2020-01-13 11:02:41 - [TEST_STEP][PASSED] - delay(4): Delayed 4 second(s)

2020-01-13 11:02:45 - [MESSAGE][PASSED] - Delayed 4 second(s)

2020-01-13 11:02:45 - [TEST_STEP][PASSED] - if (arryPets.size() == 3): null

2020-01-13 11:02:45 - [TEST_STEP][PASSED] - delay(2): Delayed 2 second(s)

2020-01-13 11:02:47 - [MESSAGE][PASSED] - Delayed 2 second(s)

2020-01-13 11:02:47 - [TEST_STEP][PASSED] - var_url = getUrl(): Current window's url is: 'https://p4p-qa-bg.aws.paradise4paws.com/accounts/profile/#/invoice/122350/1795387/'

2020-01-13 11:02:47 - [MESSAGE][PASSED] - Current window's url is: 'https://p4p-qa-bg.aws.paradise4paws.com/accounts/profile/#/invoice/122350/1795387/'

2020-01-13 11:02:47 - [TEST_STEP][PASSED] - arrayUrl = var_url.split("/"): null

2020-01-13 11:02:47 - [TEST_STEP][PASSED] - delay(2): Delayed 2 second(s)

2020-01-13 11:02:49 - [MESSAGE][PASSED] - Delayed 2 second(s)

2020-01-13 11:02:49 - [TEST_STEP][PASSED] - cell = rowInv.createCell(9, 0): null

2020-01-13 11:02:49 - [TEST_STEP][PASSED] - cell.setCellType(CELL_TYPE_STRING): null

2020-01-13 11:02:49 - [TEST_STEP][PASSED] - cell.setCellValue(arrayUrl[8]): null

2020-01-13 11:02:49 - [TEST_STEP][PASSED] - delay(2): Delayed 2 second(s)

2020-01-13 11:02:51 - [MESSAGE][PASSED] - Delayed 2 second(s)

2020-01-13 11:02:51 - [TEST_STEP][PASSED] - cell2 = rowPay.createCell(5, 0): null

2020-01-13 11:02:51 - [TEST_STEP][PASSED] - cell2.setCellType(CELL_TYPE_STRING): null

2020-01-13 11:02:51 - [TEST_STEP][PASSED] - cell2.setCellValue(arrayUrl[8]): null

2020-01-13 11:02:51 - [TEST_STEP][PASSED] - delay(2): Delayed 2 second(s)

2020-01-13 11:02:53 - [MESSAGE][PASSED] - Delayed 2 second(s)

2020-01-13 11:02:53 - [TEST_STEP][PASSED] - fosInv = new java.io.FileOutputStream(/home/leonardo-arkusmty/Desktop/P4P/DATA_AUTOMATINTESTING/data_3createInvoice.xlsx): null

2020-01-13 11:02:53 - [TEST_STEP][PASSED] - workbookInv.write(fosInv): null

2020-01-13 11:02:53 - [TEST_STEP][PASSED] - fosInv.close(): null

2020-01-13 11:02:53 - [TEST_STEP][PASSED] - fosPay = new java.io.FileOutputStream(/home/leonardo-arkusmty/Desktop/P4P/DATA_AUTOMATINTESTING/data_4payment.xlsx): null

2020-01-13 11:02:53 - [TEST_STEP][PASSED] - workbookPay.write(fosPay): null

2020-01-13 11:02:53 - [TEST_STEP][PASSED] - fosPay.close(): null

2020-01-13 11:02:53 - [TEST_STEP][PASSED] - delay(2): Delayed 2 second(s)

2020-01-13 11:02:55 - [MESSAGE][PASSED] - Delayed 2 second(s)]]></system-out>
         <system-err><![CDATA[]]></system-err>
      </testcase>
      <testcase name="Test Cases/p4p_createInvoce_ok_spy" time="78.849" classname="Test Cases/p4p_createInvoce_ok_spy" status="PASSED">
         <system-out><![CDATA[2020-01-13 11:02:55 - [TEST_CASE][PASSED] - Test Cases/p4p_createInvoce_ok_spy: Test Cases/p4p_createInvoce_ok_spy

2020-01-13 11:02:55 - [TEST_STEP][PASSED] - openBrowser("https://p4p-qa-bg.aws.paradise4paws.com/login/"): Browser is opened with url: 'https://p4p-qa-bg.aws.paradise4paws.com/login/'

2020-01-13 11:02:55 - [MESSAGE][WARNING] - A browser is already opened. Closing browser and opening a new one

2020-01-13 11:02:55 - [MESSAGE][INFO] - Starting 'Chrome' driver

2020-01-13 11:02:57 - [MESSAGE][PASSED] - Browser is opened with url: 'https://p4p-qa-bg.aws.paradise4paws.com/login/'

2020-01-13 11:02:57 - [TEST_STEP][PASSED] - maximizeWindow(): Current window maximized

2020-01-13 11:02:57 - [MESSAGE][PASSED] - Current window maximized

2020-01-13 11:02:57 - [TEST_STEP][PASSED] - arryPets = var_pets.split(","): null

2020-01-13 11:02:57 - [TEST_STEP][PASSED] - flagBoar = "0": null

2020-01-13 11:02:57 - [TEST_STEP][PASSED] - log = new com.kms.katalon.core.logging.KeywordLogger(): null

2020-01-13 11:02:57 - [TEST_STEP][PASSED] - fisInv = new java.io.FileInputStream(/home/leonardo-arkusmty/Desktop/P4P/DATA_AUTOMATINTESTING/data_3createInvoice.xlsx): null

2020-01-13 11:02:57 - [TEST_STEP][PASSED] - fisPay = new java.io.FileInputStream(/home/leonardo-arkusmty/Desktop/P4P/DATA_AUTOMATINTESTING/data_4payment.xlsx): null

2020-01-13 11:02:57 - [TEST_STEP][PASSED] - workbookInv = new org.apache.poi.xssf.usermodel.XSSFWorkbook(fisInv): null

2020-01-13 11:02:57 - [TEST_STEP][PASSED] - workbookPay = new org.apache.poi.xssf.usermodel.XSSFWorkbook(fisPay): null

2020-01-13 11:02:57 - [TEST_STEP][PASSED] - sheetInv = workbookInv.getSheet("Sheet1"): null

2020-01-13 11:02:57 - [TEST_STEP][PASSED] - sheetPay = workbookPay.getSheet("Sheet1"): null

2020-01-13 11:02:57 - [TEST_STEP][PASSED] - var = Integer.parseInt(var_idRowRes): null

2020-01-13 11:02:57 - [TEST_STEP][PASSED] - rowInv = sheetInv.getRow(var): null

2020-01-13 11:02:57 - [TEST_STEP][PASSED] - rowPay = sheetPay.getRow(var): null

2020-01-13 11:02:57 - [TEST_STEP][PASSED] - today = new java.util.Date(): null

2020-01-13 11:02:57 - [TEST_STEP][PASSED] - todaysDate1 = today.format("mmm/dd/yy"): null

2020-01-13 11:02:57 - [TEST_STEP][PASSED] - todaysDate2 = today.format("dd/mm/yy"): null

2020-01-13 11:02:57 - [TEST_STEP][PASSED] - todaysDate3 = today.format("dd"): null

2020-01-13 11:02:57 - [TEST_STEP][PASSED] - nowTime = today.format("hhmm"): null

2020-01-13 11:02:57 - [TEST_STEP][PASSED] - setText(findTestObject("obj_login/input_user"), var_user): Text 'jegchavez@gmail.com' is set on object 'Object Repository/obj_login/input_user'

2020-01-13 11:02:58 - [MESSAGE][PASSED] - Text 'jegchavez@gmail.com' is set on object 'Object Repository/obj_login/input_user'

2020-01-13 11:02:58 - [TEST_STEP][PASSED] - setText(findTestObject("obj_login/input_pass"), var_pass): Text 'admin1' is set on object 'Object Repository/obj_login/input_pass'

2020-01-13 11:02:58 - [MESSAGE][PASSED] - Text 'admin1' is set on object 'Object Repository/obj_login/input_pass'

2020-01-13 11:02:58 - [TEST_STEP][PASSED] - delay(2): Delayed 2 second(s)

2020-01-13 11:03:00 - [MESSAGE][PASSED] - Delayed 2 second(s)

2020-01-13 11:03:00 - [TEST_STEP][PASSED] - verifyElementClickable(findTestObject("obj_login/btn_login")): Object 'Object Repository/obj_login/btn_login' is clickable

2020-01-13 11:03:00 - [MESSAGE][PASSED] - Object 'Object Repository/obj_login/btn_login' is clickable

2020-01-13 11:03:00 - [TEST_STEP][PASSED] - click(findTestObject("obj_login/btn_login")): Object: 'Object Repository/obj_login/btn_login' is clicked on

2020-01-13 11:03:02 - [MESSAGE][PASSED] - Object: 'Object Repository/obj_login/btn_login' is clicked on

2020-01-13 11:03:02 - [TEST_STEP][PASSED] - delay(2): Delayed 2 second(s)

2020-01-13 11:03:04 - [MESSAGE][PASSED] - Delayed 2 second(s)

2020-01-13 11:03:04 - [TEST_STEP][PASSED] - setText(findTestObject("obj_dashboard_emp/input_search"), var_parent): Text 'leongarzagarza@hotmail.com' is set on object 'Object Repository/obj_dashboard_emp/input_search'

2020-01-13 11:03:04 - [MESSAGE][PASSED] - Text 'leongarzagarza@hotmail.com' is set on object 'Object Repository/obj_dashboard_emp/input_search'

2020-01-13 11:03:04 - [TEST_STEP][PASSED] - click(findTestObject("obj_dashboard_emp/btn_accountSearch")): Object: 'Object Repository/obj_dashboard_emp/btn_accountSearch' is clicked on

2020-01-13 11:03:05 - [MESSAGE][PASSED] - Object: 'Object Repository/obj_dashboard_emp/btn_accountSearch' is clicked on

2020-01-13 11:03:05 - [TEST_STEP][PASSED] - delay(2): Delayed 2 second(s)

2020-01-13 11:03:07 - [MESSAGE][PASSED] - Delayed 2 second(s)

2020-01-13 11:03:07 - [TEST_STEP][PASSED] - click(findTestObject("obj_accountInformation/a_TEST GABRIEL PROD")): Object: 'Object Repository/obj_accountInformation/a_TEST GABRIEL PROD' is clicked on

2020-01-13 11:03:08 - [MESSAGE][PASSED] - Object: 'Object Repository/obj_accountInformation/a_TEST GABRIEL PROD' is clicked on

2020-01-13 11:03:08 - [TEST_STEP][PASSED] - delay(2): Delayed 2 second(s)

2020-01-13 11:03:10 - [MESSAGE][PASSED] - Delayed 2 second(s)

2020-01-13 11:03:10 - [TEST_STEP][PASSED] - click(findTestObject("obj_invoce/btn_createInvoice")): Object: 'Object Repository/obj_invoce/btn_createInvoice' is clicked on

2020-01-13 11:03:12 - [MESSAGE][PASSED] - Object: 'Object Repository/obj_invoce/btn_createInvoice' is clicked on

2020-01-13 11:03:12 - [TEST_STEP][PASSED] - delay(3): Delayed 3 second(s)

2020-01-13 11:03:15 - [MESSAGE][PASSED] - Delayed 3 second(s)

2020-01-13 11:03:15 - [TEST_STEP][PASSED] - if (arryPets.size() == 1): null

2020-01-13 11:03:15 - [TEST_STEP][PASSED] - if (arryPets.size() == 2): Delayed 4 second(s)

2020-01-13 11:03:15 - [TEST_STEP][PASSED] - click(findTestObject("obj_invoce/new_invoice/new_invoice_sub/btn_AddLineItem")): Object: 'Object Repository/obj_invoce/new_invoice/new_invoice_sub/btn_AddLineItem' is clicked on

2020-01-13 11:03:15 - [MESSAGE][PASSED] - Object: 'Object Repository/obj_invoce/new_invoice/new_invoice_sub/btn_AddLineItem' is clicked on

2020-01-13 11:03:15 - [TEST_STEP][PASSED] - delay(3): Delayed 3 second(s)

2020-01-13 11:03:18 - [MESSAGE][PASSED] - Delayed 3 second(s)

2020-01-13 11:03:18 - [TEST_STEP][PASSED] - click(findTestObject("obj_invoce/new_invoice/new_invoice_sub/a_Taxes ()_select2-choice_1")): Object: 'Object Repository/obj_invoce/new_invoice/new_invoice_sub/a_Taxes ()_select2-choice_1' is clicked on

2020-01-13 11:03:19 - [MESSAGE][PASSED] - Object: 'Object Repository/obj_invoce/new_invoice/new_invoice_sub/a_Taxes ()_select2-choice_1' is clicked on

2020-01-13 11:03:19 - [TEST_STEP][PASSED] - delay(3): Delayed 3 second(s)

2020-01-13 11:03:22 - [MESSAGE][PASSED] - Delayed 3 second(s)

2020-01-13 11:03:22 - [TEST_STEP][PASSED] - click(findTestObject("obj_invoce/new_invoice/new_invoice_sub/div_Zeus")): Object: 'Object Repository/obj_invoce/new_invoice/new_invoice_sub/div_Zeus' is clicked on

2020-01-13 11:03:22 - [MESSAGE][PASSED] - Object: 'Object Repository/obj_invoce/new_invoice/new_invoice_sub/div_Zeus' is clicked on

2020-01-13 11:03:22 - [TEST_STEP][NOT_RUN] - click(findTestObject("obj_invoce/new_invoice/new_invoice_sub/b")): NOT_RUN: click(findTestObject("obj_invoce/new_invoice/new_invoice_sub/b"))

2020-01-13 11:03:22 - [MESSAGE][NOT_RUN] - NOT_RUN: click(findTestObject("obj_invoce/new_invoice/new_invoice_sub/b"))

2020-01-13 11:03:22 - [TEST_STEP][NOT_RUN] - click(findTestObject("obj_invoce/new_invoice/new_invoice_sub/select_BOARDING_SUITEDAYCARE_SUITESPA_SUITE")): NOT_RUN: click(findTestObject("obj_invoce/new_invoice/new_invoice_sub/select_BOARDING_SUITEDAYCARE_SUITESPA_SUITE"))

2020-01-13 11:03:22 - [MESSAGE][NOT_RUN] - NOT_RUN: click(findTestObject("obj_invoce/new_invoice/new_invoice_sub/select_BOARDING_SUITEDAYCARE_SUITESPA_SUITE"))

2020-01-13 11:03:22 - [TEST_STEP][PASSED] - delay(3): Delayed 3 second(s)

2020-01-13 11:03:25 - [MESSAGE][PASSED] - Delayed 3 second(s)

2020-01-13 11:03:25 - [TEST_STEP][PASSED] - if (var_type == "BOARDING_SUITE"): null

2020-01-13 11:03:25 - [TEST_STEP][PASSED] - if (var_type == "DAYCARE_SUITE"): Object: 'Object Repository/obj_invoce/new_invoice_ok_1/select_day' is clicked on

2020-01-13 11:03:25 - [TEST_STEP][PASSED] - click(findTestObject("obj_invoce/new_invoice_ok_1/select_day"), STOP_ON_FAILURE): Object: 'Object Repository/obj_invoce/new_invoice_ok_1/select_day' is clicked on

2020-01-13 11:03:25 - [MESSAGE][PASSED] - Object: 'Object Repository/obj_invoce/new_invoice_ok_1/select_day' is clicked on

2020-01-13 11:03:25 - [TEST_STEP][PASSED] - if (var_type == "PACKAGE"): null

2020-01-13 11:03:25 - [TEST_STEP][PASSED] - delay(4): Delayed 4 second(s)

2020-01-13 11:03:29 - [MESSAGE][PASSED] - Delayed 4 second(s)

2020-01-13 11:03:29 - [TEST_STEP][PASSED] - sendKeys(findTestObject("obj_invoce/new_invoice/new_invoice_sub/input_Taxes_Item_1"), var_item): Keys 'Half Day of Daycare' sent to object: 'Object Repository/obj_invoce/new_invoice/new_invoice_sub/input_Taxes_Item_1'

2020-01-13 11:03:30 - [MESSAGE][PASSED] - Keys 'Half Day of Daycare' sent to object: 'Object Repository/obj_invoce/new_invoice/new_invoice_sub/input_Taxes_Item_1'

2020-01-13 11:03:30 - [TEST_STEP][PASSED] - delay(4): Delayed 4 second(s)

2020-01-13 11:03:34 - [MESSAGE][PASSED] - Delayed 4 second(s)

2020-01-13 11:03:34 - [TEST_STEP][PASSED] - sendKeys(findTestObject("obj_invoce/new_invoice/new_invoice_sub/input_Taxes_Item_1"), Keys.chord(ENTER)): Keys 'ENTER + ' sent to object: 'Object Repository/obj_invoce/new_invoice/new_invoice_sub/input_Taxes_Item_1'

2020-01-13 11:03:34 - [MESSAGE][PASSED] - Keys 'ENTER + ' sent to object: 'Object Repository/obj_invoce/new_invoice/new_invoice_sub/input_Taxes_Item_1'

2020-01-13 11:03:34 - [TEST_STEP][PASSED] - delay(4): Delayed 4 second(s)

2020-01-13 11:03:38 - [MESSAGE][PASSED] - Delayed 4 second(s)

2020-01-13 11:03:38 - [TEST_STEP][PASSED] - click(findTestObject("obj_invoce/new_invoice/new_invoice_sub/btn_AddLineItem")): Object: 'Object Repository/obj_invoce/new_invoice/new_invoice_sub/btn_AddLineItem' is clicked on

2020-01-13 11:03:39 - [MESSAGE][PASSED] - Object: 'Object Repository/obj_invoce/new_invoice/new_invoice_sub/btn_AddLineItem' is clicked on

2020-01-13 11:03:39 - [TEST_STEP][PASSED] - delay(3): Delayed 3 second(s)

2020-01-13 11:03:42 - [MESSAGE][PASSED] - Delayed 3 second(s)

2020-01-13 11:03:42 - [TEST_STEP][PASSED] - click(findTestObject("obj_invoce/new_invoice/new_invoice_sub2/a_Taxes ()_select2-choice_2")): Object: 'Object Repository/obj_invoce/new_invoice/new_invoice_sub2/a_Taxes ()_select2-choice_2' is clicked on

2020-01-13 11:03:42 - [MESSAGE][PASSED] - Object: 'Object Repository/obj_invoce/new_invoice/new_invoice_sub2/a_Taxes ()_select2-choice_2' is clicked on

2020-01-13 11:03:42 - [TEST_STEP][PASSED] - delay(3): Delayed 3 second(s)

2020-01-13 11:03:45 - [MESSAGE][PASSED] - Delayed 3 second(s)

2020-01-13 11:03:45 - [TEST_STEP][PASSED] - click(findTestObject("obj_invoce/new_invoice/new_invoice_sub/div_Ares")): Object: 'Object Repository/obj_invoce/new_invoice/new_invoice_sub/div_Ares' is clicked on

2020-01-13 11:03:45 - [MESSAGE][PASSED] - Object: 'Object Repository/obj_invoce/new_invoice/new_invoice_sub/div_Ares' is clicked on

2020-01-13 11:03:45 - [TEST_STEP][NOT_RUN] - click(findTestObject("obj_invoce/new_invoice/new_invoice_sub/b")): NOT_RUN: click(findTestObject("obj_invoce/new_invoice/new_invoice_sub/b"))

2020-01-13 11:03:45 - [MESSAGE][NOT_RUN] - NOT_RUN: click(findTestObject("obj_invoce/new_invoice/new_invoice_sub/b"))

2020-01-13 11:03:45 - [TEST_STEP][NOT_RUN] - click(findTestObject("obj_invoce/new_invoice/new_invoice_sub/select_BOARDING_SUITEDAYCARE_SUITESPA_SUITE")): NOT_RUN: click(findTestObject("obj_invoce/new_invoice/new_invoice_sub/select_BOARDING_SUITEDAYCARE_SUITESPA_SUITE"))

2020-01-13 11:03:45 - [MESSAGE][NOT_RUN] - NOT_RUN: click(findTestObject("obj_invoce/new_invoice/new_invoice_sub/select_BOARDING_SUITEDAYCARE_SUITESPA_SUITE"))

2020-01-13 11:03:45 - [TEST_STEP][PASSED] - delay(3): Delayed 3 second(s)

2020-01-13 11:03:48 - [MESSAGE][PASSED] - Delayed 3 second(s)

2020-01-13 11:03:48 - [TEST_STEP][PASSED] - if (var_type == "BOARDING_SUITE"): null

2020-01-13 11:03:48 - [TEST_STEP][PASSED] - if (var_type == "DAYCARE_SUITE"): Object: 'Object Repository/obj_invoce/new_invoice/new_invoice_sub2/select_day_2' is clicked on

2020-01-13 11:03:48 - [TEST_STEP][PASSED] - click(findTestObject("obj_invoce/new_invoice/new_invoice_sub2/select_day_2"), STOP_ON_FAILURE): Object: 'Object Repository/obj_invoce/new_invoice/new_invoice_sub2/select_day_2' is clicked on

2020-01-13 11:03:49 - [MESSAGE][PASSED] - Object: 'Object Repository/obj_invoce/new_invoice/new_invoice_sub2/select_day_2' is clicked on

2020-01-13 11:03:49 - [TEST_STEP][PASSED] - if (var_type == "PACKAGE"): null

2020-01-13 11:03:49 - [TEST_STEP][PASSED] - delay(4): Delayed 4 second(s)

2020-01-13 11:03:53 - [MESSAGE][PASSED] - Delayed 4 second(s)

2020-01-13 11:03:53 - [TEST_STEP][PASSED] - try: Delayed 3 second(s)

2020-01-13 11:03:53 - [TEST_STEP][PASSED] - sendKeys(findTestObject("obj_invoce/new_invoice/new_invoice_sub2/input_Taxes_Item_2"), var_item): Keys 'Half Day of Daycare' sent to object: 'Object Repository/obj_invoce/new_invoice/new_invoice_sub2/input_Taxes_Item_2'

2020-01-13 11:03:53 - [MESSAGE][PASSED] - Keys 'Half Day of Daycare' sent to object: 'Object Repository/obj_invoce/new_invoice/new_invoice_sub2/input_Taxes_Item_2'

2020-01-13 11:03:53 - [TEST_STEP][PASSED] - delay(3): Delayed 3 second(s)

2020-01-13 11:03:56 - [MESSAGE][PASSED] - Delayed 3 second(s)

2020-01-13 11:03:56 - [TEST_STEP][PASSED] - sendKeys(findTestObject("obj_invoce/new_invoice/new_invoice_sub2/input_Taxes_Item_2"), Keys.chord(ENTER)): Keys 'ENTER + ' sent to object: 'Object Repository/obj_invoce/new_invoice/new_invoice_sub2/input_Taxes_Item_2'

2020-01-13 11:03:57 - [MESSAGE][PASSED] - Keys 'ENTER + ' sent to object: 'Object Repository/obj_invoce/new_invoice/new_invoice_sub2/input_Taxes_Item_2'

2020-01-13 11:03:57 - [TEST_STEP][PASSED] - delay(3): Delayed 3 second(s)

2020-01-13 11:04:00 - [MESSAGE][PASSED] - Delayed 3 second(s)

2020-01-13 11:04:00 - [TEST_STEP][PASSED] - try: Delayed 4 second(s)

2020-01-13 11:04:00 - [TEST_STEP][PASSED] - click(findTestObject("obj_invoce/new_invoice/new_invoice_sub/button_Save_Taxe")): Object: 'Object Repository/obj_invoce/new_invoice/new_invoice_sub/button_Save_Taxe' is clicked on

2020-01-13 11:04:00 - [MESSAGE][PASSED] - Object: 'Object Repository/obj_invoce/new_invoice/new_invoice_sub/button_Save_Taxe' is clicked on

2020-01-13 11:04:00 - [TEST_STEP][PASSED] - delay(4): Delayed 4 second(s)

2020-01-13 11:04:04 - [MESSAGE][PASSED] - Delayed 4 second(s)

2020-01-13 11:04:04 - [TEST_STEP][PASSED] - if (arryPets.size() == 3): null

2020-01-13 11:04:04 - [TEST_STEP][PASSED] - delay(2): Delayed 2 second(s)

2020-01-13 11:04:06 - [MESSAGE][PASSED] - Delayed 2 second(s)

2020-01-13 11:04:06 - [TEST_STEP][PASSED] - var_url = getUrl(): Current window's url is: 'https://p4p-qa-bg.aws.paradise4paws.com/accounts/profile/#/invoice/122350/1795388/'

2020-01-13 11:04:06 - [MESSAGE][PASSED] - Current window's url is: 'https://p4p-qa-bg.aws.paradise4paws.com/accounts/profile/#/invoice/122350/1795388/'

2020-01-13 11:04:06 - [TEST_STEP][PASSED] - arrayUrl = var_url.split("/"): null

2020-01-13 11:04:06 - [TEST_STEP][PASSED] - delay(2): Delayed 2 second(s)

2020-01-13 11:04:08 - [MESSAGE][PASSED] - Delayed 2 second(s)

2020-01-13 11:04:08 - [TEST_STEP][PASSED] - cell = rowInv.createCell(9, 0): null

2020-01-13 11:04:08 - [TEST_STEP][PASSED] - cell.setCellType(CELL_TYPE_STRING): null

2020-01-13 11:04:08 - [TEST_STEP][PASSED] - cell.setCellValue(arrayUrl[8]): null

2020-01-13 11:04:08 - [TEST_STEP][PASSED] - delay(2): Delayed 2 second(s)

2020-01-13 11:04:10 - [MESSAGE][PASSED] - Delayed 2 second(s)

2020-01-13 11:04:10 - [TEST_STEP][PASSED] - cell2 = rowPay.createCell(5, 0): null

2020-01-13 11:04:10 - [TEST_STEP][PASSED] - cell2.setCellType(CELL_TYPE_STRING): null

2020-01-13 11:04:10 - [TEST_STEP][PASSED] - cell2.setCellValue(arrayUrl[8]): null

2020-01-13 11:04:10 - [TEST_STEP][PASSED] - delay(2): Delayed 2 second(s)

2020-01-13 11:04:12 - [MESSAGE][PASSED] - Delayed 2 second(s)

2020-01-13 11:04:12 - [TEST_STEP][PASSED] - fosInv = new java.io.FileOutputStream(/home/leonardo-arkusmty/Desktop/P4P/DATA_AUTOMATINTESTING/data_3createInvoice.xlsx): null

2020-01-13 11:04:12 - [TEST_STEP][PASSED] - workbookInv.write(fosInv): null

2020-01-13 11:04:12 - [TEST_STEP][PASSED] - fosInv.close(): null

2020-01-13 11:04:12 - [TEST_STEP][PASSED] - fosPay = new java.io.FileOutputStream(/home/leonardo-arkusmty/Desktop/P4P/DATA_AUTOMATINTESTING/data_4payment.xlsx): null

2020-01-13 11:04:12 - [TEST_STEP][PASSED] - workbookPay.write(fosPay): null

2020-01-13 11:04:12 - [TEST_STEP][PASSED] - fosPay.close(): null

2020-01-13 11:04:12 - [TEST_STEP][PASSED] - delay(2): Delayed 2 second(s)

2020-01-13 11:04:14 - [MESSAGE][PASSED] - Delayed 2 second(s)]]></system-out>
         <system-err><![CDATA[]]></system-err>
      </testcase>
      <testcase name="Test Cases/p4p_createInvoce_ok_spy" time="80.045" classname="Test Cases/p4p_createInvoce_ok_spy" status="PASSED">
         <system-out><![CDATA[2020-01-13 11:04:14 - [TEST_CASE][PASSED] - Test Cases/p4p_createInvoce_ok_spy: Test Cases/p4p_createInvoce_ok_spy

2020-01-13 11:04:14 - [TEST_STEP][PASSED] - openBrowser("https://p4p-qa-bg.aws.paradise4paws.com/login/"): Browser is opened with url: 'https://p4p-qa-bg.aws.paradise4paws.com/login/'

2020-01-13 11:04:14 - [MESSAGE][WARNING] - A browser is already opened. Closing browser and opening a new one

2020-01-13 11:04:14 - [MESSAGE][INFO] - Starting 'Chrome' driver

2020-01-13 11:04:16 - [MESSAGE][PASSED] - Browser is opened with url: 'https://p4p-qa-bg.aws.paradise4paws.com/login/'

2020-01-13 11:04:16 - [TEST_STEP][PASSED] - maximizeWindow(): Current window maximized

2020-01-13 11:04:16 - [MESSAGE][PASSED] - Current window maximized

2020-01-13 11:04:16 - [TEST_STEP][PASSED] - arryPets = var_pets.split(","): null

2020-01-13 11:04:16 - [TEST_STEP][PASSED] - flagBoar = "0": null

2020-01-13 11:04:16 - [TEST_STEP][PASSED] - log = new com.kms.katalon.core.logging.KeywordLogger(): null

2020-01-13 11:04:16 - [TEST_STEP][PASSED] - fisInv = new java.io.FileInputStream(/home/leonardo-arkusmty/Desktop/P4P/DATA_AUTOMATINTESTING/data_3createInvoice.xlsx): null

2020-01-13 11:04:16 - [TEST_STEP][PASSED] - fisPay = new java.io.FileInputStream(/home/leonardo-arkusmty/Desktop/P4P/DATA_AUTOMATINTESTING/data_4payment.xlsx): null

2020-01-13 11:04:16 - [TEST_STEP][PASSED] - workbookInv = new org.apache.poi.xssf.usermodel.XSSFWorkbook(fisInv): null

2020-01-13 11:04:16 - [TEST_STEP][PASSED] - workbookPay = new org.apache.poi.xssf.usermodel.XSSFWorkbook(fisPay): null

2020-01-13 11:04:16 - [TEST_STEP][PASSED] - sheetInv = workbookInv.getSheet("Sheet1"): null

2020-01-13 11:04:16 - [TEST_STEP][PASSED] - sheetPay = workbookPay.getSheet("Sheet1"): null

2020-01-13 11:04:16 - [TEST_STEP][PASSED] - var = Integer.parseInt(var_idRowRes): null

2020-01-13 11:04:16 - [TEST_STEP][PASSED] - rowInv = sheetInv.getRow(var): null

2020-01-13 11:04:16 - [TEST_STEP][PASSED] - rowPay = sheetPay.getRow(var): null

2020-01-13 11:04:16 - [TEST_STEP][PASSED] - today = new java.util.Date(): null

2020-01-13 11:04:16 - [TEST_STEP][PASSED] - todaysDate1 = today.format("mmm/dd/yy"): null

2020-01-13 11:04:16 - [TEST_STEP][PASSED] - todaysDate2 = today.format("dd/mm/yy"): null

2020-01-13 11:04:16 - [TEST_STEP][PASSED] - todaysDate3 = today.format("dd"): null

2020-01-13 11:04:16 - [TEST_STEP][PASSED] - nowTime = today.format("hhmm"): null

2020-01-13 11:04:16 - [TEST_STEP][PASSED] - setText(findTestObject("obj_login/input_user"), var_user): Text 'jegchavez@gmail.com' is set on object 'Object Repository/obj_login/input_user'

2020-01-13 11:04:17 - [MESSAGE][PASSED] - Text 'jegchavez@gmail.com' is set on object 'Object Repository/obj_login/input_user'

2020-01-13 11:04:17 - [TEST_STEP][PASSED] - setText(findTestObject("obj_login/input_pass"), var_pass): Text 'admin1' is set on object 'Object Repository/obj_login/input_pass'

2020-01-13 11:04:17 - [MESSAGE][PASSED] - Text 'admin1' is set on object 'Object Repository/obj_login/input_pass'

2020-01-13 11:04:17 - [TEST_STEP][PASSED] - delay(2): Delayed 2 second(s)

2020-01-13 11:04:19 - [MESSAGE][PASSED] - Delayed 2 second(s)

2020-01-13 11:04:19 - [TEST_STEP][PASSED] - verifyElementClickable(findTestObject("obj_login/btn_login")): Object 'Object Repository/obj_login/btn_login' is clickable

2020-01-13 11:04:19 - [MESSAGE][PASSED] - Object 'Object Repository/obj_login/btn_login' is clickable

2020-01-13 11:04:19 - [TEST_STEP][PASSED] - click(findTestObject("obj_login/btn_login")): Object: 'Object Repository/obj_login/btn_login' is clicked on

2020-01-13 11:04:21 - [MESSAGE][PASSED] - Object: 'Object Repository/obj_login/btn_login' is clicked on

2020-01-13 11:04:21 - [TEST_STEP][PASSED] - delay(2): Delayed 2 second(s)

2020-01-13 11:04:23 - [MESSAGE][PASSED] - Delayed 2 second(s)

2020-01-13 11:04:23 - [TEST_STEP][PASSED] - setText(findTestObject("obj_dashboard_emp/input_search"), var_parent): Text 'leongarzagarza@hotmail.com' is set on object 'Object Repository/obj_dashboard_emp/input_search'

2020-01-13 11:04:23 - [MESSAGE][PASSED] - Text 'leongarzagarza@hotmail.com' is set on object 'Object Repository/obj_dashboard_emp/input_search'

2020-01-13 11:04:23 - [TEST_STEP][PASSED] - click(findTestObject("obj_dashboard_emp/btn_accountSearch")): Object: 'Object Repository/obj_dashboard_emp/btn_accountSearch' is clicked on

2020-01-13 11:04:24 - [MESSAGE][PASSED] - Object: 'Object Repository/obj_dashboard_emp/btn_accountSearch' is clicked on

2020-01-13 11:04:24 - [TEST_STEP][PASSED] - delay(2): Delayed 2 second(s)

2020-01-13 11:04:26 - [MESSAGE][PASSED] - Delayed 2 second(s)

2020-01-13 11:04:26 - [TEST_STEP][PASSED] - click(findTestObject("obj_accountInformation/a_TEST GABRIEL PROD")): Object: 'Object Repository/obj_accountInformation/a_TEST GABRIEL PROD' is clicked on

2020-01-13 11:04:27 - [MESSAGE][PASSED] - Object: 'Object Repository/obj_accountInformation/a_TEST GABRIEL PROD' is clicked on

2020-01-13 11:04:27 - [TEST_STEP][PASSED] - delay(2): Delayed 2 second(s)

2020-01-13 11:04:29 - [MESSAGE][PASSED] - Delayed 2 second(s)

2020-01-13 11:04:29 - [TEST_STEP][PASSED] - click(findTestObject("obj_invoce/btn_createInvoice")): Object: 'Object Repository/obj_invoce/btn_createInvoice' is clicked on

2020-01-13 11:04:31 - [MESSAGE][PASSED] - Object: 'Object Repository/obj_invoce/btn_createInvoice' is clicked on

2020-01-13 11:04:31 - [TEST_STEP][PASSED] - delay(3): Delayed 3 second(s)

2020-01-13 11:04:34 - [MESSAGE][PASSED] - Delayed 3 second(s)

2020-01-13 11:04:34 - [TEST_STEP][PASSED] - if (arryPets.size() == 1): null

2020-01-13 11:04:34 - [TEST_STEP][PASSED] - if (arryPets.size() == 2): Delayed 4 second(s)

2020-01-13 11:04:34 - [TEST_STEP][PASSED] - click(findTestObject("obj_invoce/new_invoice/new_invoice_sub/btn_AddLineItem")): Object: 'Object Repository/obj_invoce/new_invoice/new_invoice_sub/btn_AddLineItem' is clicked on

2020-01-13 11:04:35 - [MESSAGE][PASSED] - Object: 'Object Repository/obj_invoce/new_invoice/new_invoice_sub/btn_AddLineItem' is clicked on

2020-01-13 11:04:35 - [TEST_STEP][PASSED] - delay(3): Delayed 3 second(s)

2020-01-13 11:04:38 - [MESSAGE][PASSED] - Delayed 3 second(s)

2020-01-13 11:04:38 - [TEST_STEP][PASSED] - click(findTestObject("obj_invoce/new_invoice/new_invoice_sub/a_Taxes ()_select2-choice_1")): Object: 'Object Repository/obj_invoce/new_invoice/new_invoice_sub/a_Taxes ()_select2-choice_1' is clicked on

2020-01-13 11:04:38 - [MESSAGE][PASSED] - Object: 'Object Repository/obj_invoce/new_invoice/new_invoice_sub/a_Taxes ()_select2-choice_1' is clicked on

2020-01-13 11:04:38 - [TEST_STEP][PASSED] - delay(3): Delayed 3 second(s)

2020-01-13 11:04:41 - [MESSAGE][PASSED] - Delayed 3 second(s)

2020-01-13 11:04:41 - [TEST_STEP][PASSED] - click(findTestObject("obj_invoce/new_invoice/new_invoice_sub/div_Zeus")): Object: 'Object Repository/obj_invoce/new_invoice/new_invoice_sub/div_Zeus' is clicked on

2020-01-13 11:04:42 - [MESSAGE][PASSED] - Object: 'Object Repository/obj_invoce/new_invoice/new_invoice_sub/div_Zeus' is clicked on

2020-01-13 11:04:42 - [TEST_STEP][NOT_RUN] - click(findTestObject("obj_invoce/new_invoice/new_invoice_sub/b")): NOT_RUN: click(findTestObject("obj_invoce/new_invoice/new_invoice_sub/b"))

2020-01-13 11:04:42 - [MESSAGE][NOT_RUN] - NOT_RUN: click(findTestObject("obj_invoce/new_invoice/new_invoice_sub/b"))

2020-01-13 11:04:42 - [TEST_STEP][NOT_RUN] - click(findTestObject("obj_invoce/new_invoice/new_invoice_sub/select_BOARDING_SUITEDAYCARE_SUITESPA_SUITE")): NOT_RUN: click(findTestObject("obj_invoce/new_invoice/new_invoice_sub/select_BOARDING_SUITEDAYCARE_SUITESPA_SUITE"))

2020-01-13 11:04:42 - [MESSAGE][NOT_RUN] - NOT_RUN: click(findTestObject("obj_invoce/new_invoice/new_invoice_sub/select_BOARDING_SUITEDAYCARE_SUITESPA_SUITE"))

2020-01-13 11:04:42 - [TEST_STEP][PASSED] - delay(3): Delayed 3 second(s)

2020-01-13 11:04:45 - [MESSAGE][PASSED] - Delayed 3 second(s)

2020-01-13 11:04:45 - [TEST_STEP][PASSED] - if (var_type == "BOARDING_SUITE"): null

2020-01-13 11:04:45 - [TEST_STEP][PASSED] - if (var_type == "DAYCARE_SUITE"): null

2020-01-13 11:04:45 - [TEST_STEP][PASSED] - if (var_type == "PACKAGE"): Object: 'Object Repository/obj_invoce/new_invoice_ok_1/select_package' is clicked on

2020-01-13 11:04:45 - [TEST_STEP][PASSED] - click(findTestObject("obj_invoce/new_invoice_ok_1/select_package"), STOP_ON_FAILURE): Object: 'Object Repository/obj_invoce/new_invoice_ok_1/select_package' is clicked on

2020-01-13 11:04:45 - [MESSAGE][PASSED] - Object: 'Object Repository/obj_invoce/new_invoice_ok_1/select_package' is clicked on

2020-01-13 11:04:45 - [TEST_STEP][PASSED] - delay(4): Delayed 4 second(s)

2020-01-13 11:04:49 - [MESSAGE][PASSED] - Delayed 4 second(s)

2020-01-13 11:04:49 - [TEST_STEP][PASSED] - sendKeys(findTestObject("obj_invoce/new_invoice/new_invoice_sub/input_Taxes_Item_1"), var_item): Keys 'M2M Monthly Membership' sent to object: 'Object Repository/obj_invoce/new_invoice/new_invoice_sub/input_Taxes_Item_1'

2020-01-13 11:04:50 - [MESSAGE][PASSED] - Keys 'M2M Monthly Membership' sent to object: 'Object Repository/obj_invoce/new_invoice/new_invoice_sub/input_Taxes_Item_1'

2020-01-13 11:04:50 - [TEST_STEP][PASSED] - delay(4): Delayed 4 second(s)

2020-01-13 11:04:54 - [MESSAGE][PASSED] - Delayed 4 second(s)

2020-01-13 11:04:54 - [TEST_STEP][PASSED] - sendKeys(findTestObject("obj_invoce/new_invoice/new_invoice_sub/input_Taxes_Item_1"), Keys.chord(ENTER)): Keys 'ENTER + ' sent to object: 'Object Repository/obj_invoce/new_invoice/new_invoice_sub/input_Taxes_Item_1'

2020-01-13 11:04:54 - [MESSAGE][PASSED] - Keys 'ENTER + ' sent to object: 'Object Repository/obj_invoce/new_invoice/new_invoice_sub/input_Taxes_Item_1'

2020-01-13 11:04:54 - [TEST_STEP][PASSED] - delay(4): Delayed 4 second(s)

2020-01-13 11:04:58 - [MESSAGE][PASSED] - Delayed 4 second(s)

2020-01-13 11:04:58 - [TEST_STEP][PASSED] - click(findTestObject("obj_invoce/new_invoice/new_invoice_sub/btn_AddLineItem")): Object: 'Object Repository/obj_invoce/new_invoice/new_invoice_sub/btn_AddLineItem' is clicked on

2020-01-13 11:04:58 - [MESSAGE][PASSED] - Object: 'Object Repository/obj_invoce/new_invoice/new_invoice_sub/btn_AddLineItem' is clicked on

2020-01-13 11:04:58 - [TEST_STEP][PASSED] - delay(3): Delayed 3 second(s)

2020-01-13 11:05:01 - [MESSAGE][PASSED] - Delayed 3 second(s)

2020-01-13 11:05:01 - [TEST_STEP][PASSED] - click(findTestObject("obj_invoce/new_invoice/new_invoice_sub2/a_Taxes ()_select2-choice_2")): Object: 'Object Repository/obj_invoce/new_invoice/new_invoice_sub2/a_Taxes ()_select2-choice_2' is clicked on

2020-01-13 11:05:02 - [MESSAGE][PASSED] - Object: 'Object Repository/obj_invoce/new_invoice/new_invoice_sub2/a_Taxes ()_select2-choice_2' is clicked on

2020-01-13 11:05:02 - [TEST_STEP][PASSED] - delay(3): Delayed 3 second(s)

2020-01-13 11:05:05 - [MESSAGE][PASSED] - Delayed 3 second(s)

2020-01-13 11:05:05 - [TEST_STEP][PASSED] - click(findTestObject("obj_invoce/new_invoice/new_invoice_sub/div_Ares")): Object: 'Object Repository/obj_invoce/new_invoice/new_invoice_sub/div_Ares' is clicked on

2020-01-13 11:05:05 - [MESSAGE][PASSED] - Object: 'Object Repository/obj_invoce/new_invoice/new_invoice_sub/div_Ares' is clicked on

2020-01-13 11:05:05 - [TEST_STEP][NOT_RUN] - click(findTestObject("obj_invoce/new_invoice/new_invoice_sub/b")): NOT_RUN: click(findTestObject("obj_invoce/new_invoice/new_invoice_sub/b"))

2020-01-13 11:05:05 - [MESSAGE][NOT_RUN] - NOT_RUN: click(findTestObject("obj_invoce/new_invoice/new_invoice_sub/b"))

2020-01-13 11:05:05 - [TEST_STEP][NOT_RUN] - click(findTestObject("obj_invoce/new_invoice/new_invoice_sub/select_BOARDING_SUITEDAYCARE_SUITESPA_SUITE")): NOT_RUN: click(findTestObject("obj_invoce/new_invoice/new_invoice_sub/select_BOARDING_SUITEDAYCARE_SUITESPA_SUITE"))

2020-01-13 11:05:05 - [MESSAGE][NOT_RUN] - NOT_RUN: click(findTestObject("obj_invoce/new_invoice/new_invoice_sub/select_BOARDING_SUITEDAYCARE_SUITESPA_SUITE"))

2020-01-13 11:05:05 - [TEST_STEP][PASSED] - delay(3): Delayed 3 second(s)

2020-01-13 11:05:08 - [MESSAGE][PASSED] - Delayed 3 second(s)

2020-01-13 11:05:08 - [TEST_STEP][PASSED] - if (var_type == "BOARDING_SUITE"): null

2020-01-13 11:05:08 - [TEST_STEP][PASSED] - if (var_type == "DAYCARE_SUITE"): null

2020-01-13 11:05:08 - [TEST_STEP][PASSED] - if (var_type == "PACKAGE"): Object: 'Object Repository/obj_invoce/new_invoice/new_invoice_sub2/select_package_2' is clicked on

2020-01-13 11:05:08 - [TEST_STEP][PASSED] - click(findTestObject("obj_invoce/new_invoice/new_invoice_sub2/select_package_2"), STOP_ON_FAILURE): Object: 'Object Repository/obj_invoce/new_invoice/new_invoice_sub2/select_package_2' is clicked on

2020-01-13 11:05:09 - [MESSAGE][PASSED] - Object: 'Object Repository/obj_invoce/new_invoice/new_invoice_sub2/select_package_2' is clicked on

2020-01-13 11:05:09 - [TEST_STEP][PASSED] - delay(4): Delayed 4 second(s)

2020-01-13 11:05:13 - [MESSAGE][PASSED] - Delayed 4 second(s)

2020-01-13 11:05:13 - [TEST_STEP][PASSED] - try: Delayed 3 second(s)

2020-01-13 11:05:13 - [TEST_STEP][PASSED] - sendKeys(findTestObject("obj_invoce/new_invoice/new_invoice_sub2/input_Taxes_Item_2"), var_item): Keys 'M2M Monthly Membership' sent to object: 'Object Repository/obj_invoce/new_invoice/new_invoice_sub2/input_Taxes_Item_2'

2020-01-13 11:05:13 - [MESSAGE][PASSED] - Keys 'M2M Monthly Membership' sent to object: 'Object Repository/obj_invoce/new_invoice/new_invoice_sub2/input_Taxes_Item_2'

2020-01-13 11:05:13 - [TEST_STEP][PASSED] - delay(3): Delayed 3 second(s)

2020-01-13 11:05:16 - [MESSAGE][PASSED] - Delayed 3 second(s)

2020-01-13 11:05:16 - [TEST_STEP][PASSED] - sendKeys(findTestObject("obj_invoce/new_invoice/new_invoice_sub2/input_Taxes_Item_2"), Keys.chord(ENTER)): Keys 'ENTER + ' sent to object: 'Object Repository/obj_invoce/new_invoice/new_invoice_sub2/input_Taxes_Item_2'

2020-01-13 11:05:17 - [MESSAGE][PASSED] - Keys 'ENTER + ' sent to object: 'Object Repository/obj_invoce/new_invoice/new_invoice_sub2/input_Taxes_Item_2'

2020-01-13 11:05:17 - [TEST_STEP][PASSED] - delay(3): Delayed 3 second(s)

2020-01-13 11:05:20 - [MESSAGE][PASSED] - Delayed 3 second(s)

2020-01-13 11:05:20 - [TEST_STEP][PASSED] - try: Delayed 4 second(s)

2020-01-13 11:05:20 - [TEST_STEP][PASSED] - click(findTestObject("obj_invoce/new_invoice/new_invoice_sub/button_Save_Taxe")): Object: 'Object Repository/obj_invoce/new_invoice/new_invoice_sub/button_Save_Taxe' is clicked on

2020-01-13 11:05:20 - [MESSAGE][PASSED] - Object: 'Object Repository/obj_invoce/new_invoice/new_invoice_sub/button_Save_Taxe' is clicked on

2020-01-13 11:05:20 - [TEST_STEP][PASSED] - delay(4): Delayed 4 second(s)

2020-01-13 11:05:24 - [MESSAGE][PASSED] - Delayed 4 second(s)

2020-01-13 11:05:24 - [TEST_STEP][PASSED] - if (arryPets.size() == 3): null

2020-01-13 11:05:24 - [TEST_STEP][PASSED] - delay(2): Delayed 2 second(s)

2020-01-13 11:05:26 - [MESSAGE][PASSED] - Delayed 2 second(s)

2020-01-13 11:05:26 - [TEST_STEP][PASSED] - var_url = getUrl(): Current window's url is: 'https://p4p-qa-bg.aws.paradise4paws.com/accounts/profile/#/invoice/122350/1795390/'

2020-01-13 11:05:26 - [MESSAGE][PASSED] - Current window's url is: 'https://p4p-qa-bg.aws.paradise4paws.com/accounts/profile/#/invoice/122350/1795390/'

2020-01-13 11:05:26 - [TEST_STEP][PASSED] - arrayUrl = var_url.split("/"): null

2020-01-13 11:05:26 - [TEST_STEP][PASSED] - delay(2): Delayed 2 second(s)

2020-01-13 11:05:28 - [MESSAGE][PASSED] - Delayed 2 second(s)

2020-01-13 11:05:28 - [TEST_STEP][PASSED] - cell = rowInv.createCell(9, 0): null

2020-01-13 11:05:28 - [TEST_STEP][PASSED] - cell.setCellType(CELL_TYPE_STRING): null

2020-01-13 11:05:28 - [TEST_STEP][PASSED] - cell.setCellValue(arrayUrl[8]): null

2020-01-13 11:05:28 - [TEST_STEP][PASSED] - delay(2): Delayed 2 second(s)

2020-01-13 11:05:30 - [MESSAGE][PASSED] - Delayed 2 second(s)

2020-01-13 11:05:30 - [TEST_STEP][PASSED] - cell2 = rowPay.createCell(5, 0): null

2020-01-13 11:05:30 - [TEST_STEP][PASSED] - cell2.setCellType(CELL_TYPE_STRING): null

2020-01-13 11:05:30 - [TEST_STEP][PASSED] - cell2.setCellValue(arrayUrl[8]): null

2020-01-13 11:05:30 - [TEST_STEP][PASSED] - delay(2): Delayed 2 second(s)

2020-01-13 11:05:32 - [MESSAGE][PASSED] - Delayed 2 second(s)

2020-01-13 11:05:32 - [TEST_STEP][PASSED] - fosInv = new java.io.FileOutputStream(/home/leonardo-arkusmty/Desktop/P4P/DATA_AUTOMATINTESTING/data_3createInvoice.xlsx): null

2020-01-13 11:05:32 - [TEST_STEP][PASSED] - workbookInv.write(fosInv): null

2020-01-13 11:05:32 - [TEST_STEP][PASSED] - fosInv.close(): null

2020-01-13 11:05:32 - [TEST_STEP][PASSED] - fosPay = new java.io.FileOutputStream(/home/leonardo-arkusmty/Desktop/P4P/DATA_AUTOMATINTESTING/data_4payment.xlsx): null

2020-01-13 11:05:32 - [TEST_STEP][PASSED] - workbookPay.write(fosPay): null

2020-01-13 11:05:32 - [TEST_STEP][PASSED] - fosPay.close(): null

2020-01-13 11:05:32 - [TEST_STEP][PASSED] - delay(2): Delayed 2 second(s)

2020-01-13 11:05:34 - [MESSAGE][PASSED] - Delayed 2 second(s)]]></system-out>
         <system-err><![CDATA[]]></system-err>
      </testcase>
      <testcase name="Test Cases/p4p_createInvoce_ok_spy" time="101.397" classname="Test Cases/p4p_createInvoce_ok_spy" status="PASSED">
         <system-out><![CDATA[2020-01-13 11:05:34 - [TEST_CASE][PASSED] - Test Cases/p4p_createInvoce_ok_spy: Test Cases/p4p_createInvoce_ok_spy

2020-01-13 11:05:34 - [TEST_STEP][PASSED] - openBrowser("https://p4p-qa-bg.aws.paradise4paws.com/login/"): Browser is opened with url: 'https://p4p-qa-bg.aws.paradise4paws.com/login/'

2020-01-13 11:05:34 - [MESSAGE][WARNING] - A browser is already opened. Closing browser and opening a new one

2020-01-13 11:05:34 - [MESSAGE][INFO] - Starting 'Chrome' driver

2020-01-13 11:05:36 - [MESSAGE][PASSED] - Browser is opened with url: 'https://p4p-qa-bg.aws.paradise4paws.com/login/'

2020-01-13 11:05:36 - [TEST_STEP][PASSED] - maximizeWindow(): Current window maximized

2020-01-13 11:05:36 - [MESSAGE][PASSED] - Current window maximized

2020-01-13 11:05:36 - [TEST_STEP][PASSED] - arryPets = var_pets.split(","): null

2020-01-13 11:05:36 - [TEST_STEP][PASSED] - flagBoar = "0": null

2020-01-13 11:05:36 - [TEST_STEP][PASSED] - log = new com.kms.katalon.core.logging.KeywordLogger(): null

2020-01-13 11:05:36 - [TEST_STEP][PASSED] - fisInv = new java.io.FileInputStream(/home/leonardo-arkusmty/Desktop/P4P/DATA_AUTOMATINTESTING/data_3createInvoice.xlsx): null

2020-01-13 11:05:36 - [TEST_STEP][PASSED] - fisPay = new java.io.FileInputStream(/home/leonardo-arkusmty/Desktop/P4P/DATA_AUTOMATINTESTING/data_4payment.xlsx): null

2020-01-13 11:05:36 - [TEST_STEP][PASSED] - workbookInv = new org.apache.poi.xssf.usermodel.XSSFWorkbook(fisInv): null

2020-01-13 11:05:36 - [TEST_STEP][PASSED] - workbookPay = new org.apache.poi.xssf.usermodel.XSSFWorkbook(fisPay): null

2020-01-13 11:05:36 - [TEST_STEP][PASSED] - sheetInv = workbookInv.getSheet("Sheet1"): null

2020-01-13 11:05:36 - [TEST_STEP][PASSED] - sheetPay = workbookPay.getSheet("Sheet1"): null

2020-01-13 11:05:36 - [TEST_STEP][PASSED] - var = Integer.parseInt(var_idRowRes): null

2020-01-13 11:05:36 - [TEST_STEP][PASSED] - rowInv = sheetInv.getRow(var): null

2020-01-13 11:05:36 - [TEST_STEP][PASSED] - rowPay = sheetPay.getRow(var): null

2020-01-13 11:05:36 - [TEST_STEP][PASSED] - today = new java.util.Date(): null

2020-01-13 11:05:36 - [TEST_STEP][PASSED] - todaysDate1 = today.format("mmm/dd/yy"): null

2020-01-13 11:05:36 - [TEST_STEP][PASSED] - todaysDate2 = today.format("dd/mm/yy"): null

2020-01-13 11:05:36 - [TEST_STEP][PASSED] - todaysDate3 = today.format("dd"): null

2020-01-13 11:05:36 - [TEST_STEP][PASSED] - nowTime = today.format("hhmm"): null

2020-01-13 11:05:36 - [TEST_STEP][PASSED] - setText(findTestObject("obj_login/input_user"), var_user): Text 'jegchavez@gmail.com' is set on object 'Object Repository/obj_login/input_user'

2020-01-13 11:05:37 - [MESSAGE][PASSED] - Text 'jegchavez@gmail.com' is set on object 'Object Repository/obj_login/input_user'

2020-01-13 11:05:37 - [TEST_STEP][PASSED] - setText(findTestObject("obj_login/input_pass"), var_pass): Text 'admin1' is set on object 'Object Repository/obj_login/input_pass'

2020-01-13 11:05:37 - [MESSAGE][PASSED] - Text 'admin1' is set on object 'Object Repository/obj_login/input_pass'

2020-01-13 11:05:37 - [TEST_STEP][PASSED] - delay(2): Delayed 2 second(s)

2020-01-13 11:05:39 - [MESSAGE][PASSED] - Delayed 2 second(s)

2020-01-13 11:05:39 - [TEST_STEP][PASSED] - verifyElementClickable(findTestObject("obj_login/btn_login")): Object 'Object Repository/obj_login/btn_login' is clickable

2020-01-13 11:05:40 - [MESSAGE][PASSED] - Object 'Object Repository/obj_login/btn_login' is clickable

2020-01-13 11:05:40 - [TEST_STEP][PASSED] - click(findTestObject("obj_login/btn_login")): Object: 'Object Repository/obj_login/btn_login' is clicked on

2020-01-13 11:05:41 - [MESSAGE][PASSED] - Object: 'Object Repository/obj_login/btn_login' is clicked on

2020-01-13 11:05:41 - [TEST_STEP][PASSED] - delay(2): Delayed 2 second(s)

2020-01-13 11:05:43 - [MESSAGE][PASSED] - Delayed 2 second(s)

2020-01-13 11:05:43 - [TEST_STEP][PASSED] - setText(findTestObject("obj_dashboard_emp/input_search"), var_parent): Text 'leongarzagarza@hotmail.com' is set on object 'Object Repository/obj_dashboard_emp/input_search'

2020-01-13 11:05:44 - [MESSAGE][PASSED] - Text 'leongarzagarza@hotmail.com' is set on object 'Object Repository/obj_dashboard_emp/input_search'

2020-01-13 11:05:44 - [TEST_STEP][PASSED] - click(findTestObject("obj_dashboard_emp/btn_accountSearch")): Object: 'Object Repository/obj_dashboard_emp/btn_accountSearch' is clicked on

2020-01-13 11:05:45 - [MESSAGE][PASSED] - Object: 'Object Repository/obj_dashboard_emp/btn_accountSearch' is clicked on

2020-01-13 11:05:45 - [TEST_STEP][PASSED] - delay(2): Delayed 2 second(s)

2020-01-13 11:05:47 - [MESSAGE][PASSED] - Delayed 2 second(s)

2020-01-13 11:05:47 - [TEST_STEP][PASSED] - click(findTestObject("obj_accountInformation/a_TEST GABRIEL PROD")): Object: 'Object Repository/obj_accountInformation/a_TEST GABRIEL PROD' is clicked on

2020-01-13 11:05:48 - [MESSAGE][PASSED] - Object: 'Object Repository/obj_accountInformation/a_TEST GABRIEL PROD' is clicked on

2020-01-13 11:05:48 - [TEST_STEP][PASSED] - delay(2): Delayed 2 second(s)

2020-01-13 11:05:50 - [MESSAGE][PASSED] - Delayed 2 second(s)

2020-01-13 11:05:50 - [TEST_STEP][PASSED] - click(findTestObject("obj_invoce/btn_createInvoice")): Object: 'Object Repository/obj_invoce/btn_createInvoice' is clicked on

2020-01-13 11:05:52 - [MESSAGE][PASSED] - Object: 'Object Repository/obj_invoce/btn_createInvoice' is clicked on

2020-01-13 11:05:52 - [TEST_STEP][PASSED] - delay(3): Delayed 3 second(s)

2020-01-13 11:05:55 - [MESSAGE][PASSED] - Delayed 3 second(s)

2020-01-13 11:05:55 - [TEST_STEP][PASSED] - if (arryPets.size() == 1): null

2020-01-13 11:05:55 - [TEST_STEP][PASSED] - if (arryPets.size() == 2): null

2020-01-13 11:05:55 - [TEST_STEP][PASSED] - if (arryPets.size() == 3): Delayed 2 second(s)

2020-01-13 11:05:55 - [TEST_STEP][PASSED] - log.logInfo("SIZE 3"): SIZE 3

2020-01-13 11:05:55 - [MESSAGE][INFO] - SIZE 3

2020-01-13 11:05:55 - [TEST_STEP][PASSED] - click(findTestObject("obj_invoce/new_invoice/new_invoice_sub/btn_AddLineItem")): Object: 'Object Repository/obj_invoce/new_invoice/new_invoice_sub/btn_AddLineItem' is clicked on

2020-01-13 11:05:55 - [MESSAGE][PASSED] - Object: 'Object Repository/obj_invoce/new_invoice/new_invoice_sub/btn_AddLineItem' is clicked on

2020-01-13 11:05:55 - [TEST_STEP][PASSED] - delay(3): Delayed 3 second(s)

2020-01-13 11:05:58 - [MESSAGE][PASSED] - Delayed 3 second(s)

2020-01-13 11:05:58 - [TEST_STEP][PASSED] - click(findTestObject("obj_invoce/new_invoice/new_invoice_sub/a_Taxes ()_select2-choice_1")): Object: 'Object Repository/obj_invoce/new_invoice/new_invoice_sub/a_Taxes ()_select2-choice_1' is clicked on

2020-01-13 11:05:58 - [MESSAGE][PASSED] - Object: 'Object Repository/obj_invoce/new_invoice/new_invoice_sub/a_Taxes ()_select2-choice_1' is clicked on

2020-01-13 11:05:58 - [TEST_STEP][PASSED] - delay(3): Delayed 3 second(s)

2020-01-13 11:06:01 - [MESSAGE][PASSED] - Delayed 3 second(s)

2020-01-13 11:06:01 - [TEST_STEP][PASSED] - click(findTestObject("obj_invoce/new_invoice/new_invoice_sub/div_Zeus")): Object: 'Object Repository/obj_invoce/new_invoice/new_invoice_sub/div_Zeus' is clicked on

2020-01-13 11:06:02 - [MESSAGE][PASSED] - Object: 'Object Repository/obj_invoce/new_invoice/new_invoice_sub/div_Zeus' is clicked on

2020-01-13 11:06:02 - [TEST_STEP][NOT_RUN] - click(findTestObject("obj_invoce/new_invoice/new_invoice_sub/b")): NOT_RUN: click(findTestObject("obj_invoce/new_invoice/new_invoice_sub/b"))

2020-01-13 11:06:02 - [MESSAGE][NOT_RUN] - NOT_RUN: click(findTestObject("obj_invoce/new_invoice/new_invoice_sub/b"))

2020-01-13 11:06:02 - [TEST_STEP][NOT_RUN] - click(findTestObject("obj_invoce/new_invoice/new_invoice_sub/select_BOARDING_SUITEDAYCARE_SUITESPA_SUITE")): NOT_RUN: click(findTestObject("obj_invoce/new_invoice/new_invoice_sub/select_BOARDING_SUITEDAYCARE_SUITESPA_SUITE"))

2020-01-13 11:06:02 - [MESSAGE][NOT_RUN] - NOT_RUN: click(findTestObject("obj_invoce/new_invoice/new_invoice_sub/select_BOARDING_SUITEDAYCARE_SUITESPA_SUITE"))

2020-01-13 11:06:02 - [TEST_STEP][PASSED] - delay(3): Delayed 3 second(s)

2020-01-13 11:06:05 - [MESSAGE][PASSED] - Delayed 3 second(s)

2020-01-13 11:06:05 - [TEST_STEP][PASSED] - if (var_type == "BOARDING_SUITE"): Object: 'Object Repository/obj_invoce/new_invoice_ok_1/select_boarding' is clicked on

2020-01-13 11:06:05 - [TEST_STEP][PASSED] - click(findTestObject("obj_invoce/new_invoice_ok_1/select_boarding"), STOP_ON_FAILURE): Object: 'Object Repository/obj_invoce/new_invoice_ok_1/select_boarding' is clicked on

2020-01-13 11:06:05 - [MESSAGE][PASSED] - Object: 'Object Repository/obj_invoce/new_invoice_ok_1/select_boarding' is clicked on

2020-01-13 11:06:05 - [TEST_STEP][PASSED] - if (var_type == "DAYCARE_SUITE"): null

2020-01-13 11:06:05 - [TEST_STEP][PASSED] - if (var_type == "PACKAGE"): null

2020-01-13 11:06:05 - [TEST_STEP][PASSED] - delay(4): Delayed 4 second(s)

2020-01-13 11:06:09 - [MESSAGE][PASSED] - Delayed 4 second(s)

2020-01-13 11:06:09 - [TEST_STEP][PASSED] - sendKeys(findTestObject("obj_invoce/new_invoice/new_invoice_sub/input_Taxes_Item_1"), var_item): Keys 'Oasis Suite' sent to object: 'Object Repository/obj_invoce/new_invoice/new_invoice_sub/input_Taxes_Item_1'

2020-01-13 11:06:10 - [MESSAGE][PASSED] - Keys 'Oasis Suite' sent to object: 'Object Repository/obj_invoce/new_invoice/new_invoice_sub/input_Taxes_Item_1'

2020-01-13 11:06:10 - [TEST_STEP][PASSED] - delay(4): Delayed 4 second(s)

2020-01-13 11:06:14 - [MESSAGE][PASSED] - Delayed 4 second(s)

2020-01-13 11:06:14 - [TEST_STEP][PASSED] - sendKeys(findTestObject("obj_invoce/new_invoice/new_invoice_sub/input_Taxes_Item_1"), Keys.chord(ENTER)): Keys 'ENTER + ' sent to object: 'Object Repository/obj_invoce/new_invoice/new_invoice_sub/input_Taxes_Item_1'

2020-01-13 11:06:14 - [MESSAGE][PASSED] - Keys 'ENTER + ' sent to object: 'Object Repository/obj_invoce/new_invoice/new_invoice_sub/input_Taxes_Item_1'

2020-01-13 11:06:14 - [TEST_STEP][PASSED] - delay(4): Delayed 4 second(s)

2020-01-13 11:06:18 - [MESSAGE][PASSED] - Delayed 4 second(s)

2020-01-13 11:06:18 - [TEST_STEP][PASSED] - click(findTestObject("obj_invoce/new_invoice/new_invoice_sub/btn_AddLineItem")): Object: 'Object Repository/obj_invoce/new_invoice/new_invoice_sub/btn_AddLineItem' is clicked on

2020-01-13 11:06:18 - [MESSAGE][PASSED] - Object: 'Object Repository/obj_invoce/new_invoice/new_invoice_sub/btn_AddLineItem' is clicked on

2020-01-13 11:06:18 - [TEST_STEP][PASSED] - delay(3): Delayed 3 second(s)

2020-01-13 11:06:21 - [MESSAGE][PASSED] - Delayed 3 second(s)

2020-01-13 11:06:21 - [TEST_STEP][PASSED] - click(findTestObject("obj_invoce/new_invoice/new_invoice_sub2/a_Taxes ()_select2-choice_2")): Object: 'Object Repository/obj_invoce/new_invoice/new_invoice_sub2/a_Taxes ()_select2-choice_2' is clicked on

2020-01-13 11:06:22 - [MESSAGE][PASSED] - Object: 'Object Repository/obj_invoce/new_invoice/new_invoice_sub2/a_Taxes ()_select2-choice_2' is clicked on

2020-01-13 11:06:22 - [TEST_STEP][PASSED] - delay(3): Delayed 3 second(s)

2020-01-13 11:06:25 - [MESSAGE][PASSED] - Delayed 3 second(s)

2020-01-13 11:06:25 - [TEST_STEP][PASSED] - click(findTestObject("obj_invoce/new_invoice/new_invoice_sub/div_Ares")): Object: 'Object Repository/obj_invoce/new_invoice/new_invoice_sub/div_Ares' is clicked on

2020-01-13 11:06:25 - [MESSAGE][PASSED] - Object: 'Object Repository/obj_invoce/new_invoice/new_invoice_sub/div_Ares' is clicked on

2020-01-13 11:06:25 - [TEST_STEP][NOT_RUN] - click(findTestObject("obj_invoce/new_invoice/new_invoice_sub/b")): NOT_RUN: click(findTestObject("obj_invoce/new_invoice/new_invoice_sub/b"))

2020-01-13 11:06:25 - [MESSAGE][NOT_RUN] - NOT_RUN: click(findTestObject("obj_invoce/new_invoice/new_invoice_sub/b"))

2020-01-13 11:06:25 - [TEST_STEP][NOT_RUN] - click(findTestObject("obj_invoce/new_invoice/new_invoice_sub/select_BOARDING_SUITEDAYCARE_SUITESPA_SUITE")): NOT_RUN: click(findTestObject("obj_invoce/new_invoice/new_invoice_sub/select_BOARDING_SUITEDAYCARE_SUITESPA_SUITE"))

2020-01-13 11:06:25 - [MESSAGE][NOT_RUN] - NOT_RUN: click(findTestObject("obj_invoce/new_invoice/new_invoice_sub/select_BOARDING_SUITEDAYCARE_SUITESPA_SUITE"))

2020-01-13 11:06:25 - [TEST_STEP][PASSED] - delay(3): Delayed 3 second(s)

2020-01-13 11:06:28 - [MESSAGE][PASSED] - Delayed 3 second(s)

2020-01-13 11:06:28 - [TEST_STEP][PASSED] - if (var_type == "BOARDING_SUITE"): Object: 'Object Repository/obj_invoce/new_invoice/new_invoice_sub2/select_boarding_2' is clicked on

2020-01-13 11:06:28 - [TEST_STEP][PASSED] - click(findTestObject("obj_invoce/new_invoice/new_invoice_sub2/select_boarding_2"), STOP_ON_FAILURE): Object: 'Object Repository/obj_invoce/new_invoice/new_invoice_sub2/select_boarding_2' is clicked on

2020-01-13 11:06:29 - [MESSAGE][PASSED] - Object: 'Object Repository/obj_invoce/new_invoice/new_invoice_sub2/select_boarding_2' is clicked on

2020-01-13 11:06:29 - [TEST_STEP][PASSED] - if (var_type == "DAYCARE_SUITE"): null

2020-01-13 11:06:29 - [TEST_STEP][PASSED] - if (var_type == "PACKAGE"): null

2020-01-13 11:06:29 - [TEST_STEP][PASSED] - delay(4): Delayed 4 second(s)

2020-01-13 11:06:33 - [MESSAGE][PASSED] - Delayed 4 second(s)

2020-01-13 11:06:33 - [TEST_STEP][PASSED] - sendKeys(findTestObject("obj_invoce/new_invoice/new_invoice_sub2/input_Taxes_Item_2"), var_item): Keys 'Oasis Suite' sent to object: 'Object Repository/obj_invoce/new_invoice/new_invoice_sub2/input_Taxes_Item_2'

2020-01-13 11:06:33 - [MESSAGE][PASSED] - Keys 'Oasis Suite' sent to object: 'Object Repository/obj_invoce/new_invoice/new_invoice_sub2/input_Taxes_Item_2'

2020-01-13 11:06:33 - [TEST_STEP][PASSED] - delay(4): Delayed 4 second(s)

2020-01-13 11:06:37 - [MESSAGE][PASSED] - Delayed 4 second(s)

2020-01-13 11:06:37 - [TEST_STEP][PASSED] - sendKeys(findTestObject("obj_invoce/new_invoice/new_invoice_sub2/input_Taxes_Item_2"), Keys.chord(ENTER)): Keys 'ENTER + ' sent to object: 'Object Repository/obj_invoce/new_invoice/new_invoice_sub2/input_Taxes_Item_2'

2020-01-13 11:06:37 - [MESSAGE][PASSED] - Keys 'ENTER + ' sent to object: 'Object Repository/obj_invoce/new_invoice/new_invoice_sub2/input_Taxes_Item_2'

2020-01-13 11:06:37 - [TEST_STEP][PASSED] - delay(4): Delayed 4 second(s)

2020-01-13 11:06:41 - [MESSAGE][PASSED] - Delayed 4 second(s)

2020-01-13 11:06:41 - [TEST_STEP][PASSED] - click(findTestObject("obj_invoce/new_invoice/new_invoice_sub/btn_AddLineItem")): Object: 'Object Repository/obj_invoce/new_invoice/new_invoice_sub/btn_AddLineItem' is clicked on

2020-01-13 11:06:42 - [MESSAGE][PASSED] - Object: 'Object Repository/obj_invoce/new_invoice/new_invoice_sub/btn_AddLineItem' is clicked on

2020-01-13 11:06:42 - [TEST_STEP][PASSED] - delay(3): Delayed 3 second(s)

2020-01-13 11:06:45 - [MESSAGE][PASSED] - Delayed 3 second(s)

2020-01-13 11:06:45 - [TEST_STEP][PASSED] - click(findTestObject("obj_invoce/new_invoice/new_invoice_sub2/a_Taxes ()_select2-choice_3")): Object: 'Object Repository/obj_invoce/new_invoice/new_invoice_sub2/a_Taxes ()_select2-choice_3' is clicked on

2020-01-13 11:06:45 - [MESSAGE][PASSED] - Object: 'Object Repository/obj_invoce/new_invoice/new_invoice_sub2/a_Taxes ()_select2-choice_3' is clicked on

2020-01-13 11:06:45 - [TEST_STEP][PASSED] - delay(3): Delayed 3 second(s)

2020-01-13 11:06:48 - [MESSAGE][PASSED] - Delayed 3 second(s)

2020-01-13 11:06:48 - [TEST_STEP][PASSED] - click(findTestObject("obj_invoce/new_invoice/new_invoice_sub/div_Poseidon")): Object: 'Object Repository/obj_invoce/new_invoice/new_invoice_sub/div_Poseidon' is clicked on

2020-01-13 11:06:49 - [MESSAGE][PASSED] - Object: 'Object Repository/obj_invoce/new_invoice/new_invoice_sub/div_Poseidon' is clicked on

2020-01-13 11:06:49 - [TEST_STEP][PASSED] - delay(3): Delayed 3 second(s)

2020-01-13 11:06:52 - [MESSAGE][PASSED] - Delayed 3 second(s)

2020-01-13 11:06:52 - [TEST_STEP][PASSED] - if (var_type == "BOARDING_SUITE"): Object: 'Object Repository/obj_invoce/new_invoice/new_invoice_sub2/select_boarding_3' is clicked on

2020-01-13 11:06:52 - [TEST_STEP][PASSED] - click(findTestObject("obj_invoce/new_invoice/new_invoice_sub2/select_boarding_3"), STOP_ON_FAILURE): Object: 'Object Repository/obj_invoce/new_invoice/new_invoice_sub2/select_boarding_3' is clicked on

2020-01-13 11:06:52 - [MESSAGE][PASSED] - Object: 'Object Repository/obj_invoce/new_invoice/new_invoice_sub2/select_boarding_3' is clicked on

2020-01-13 11:06:52 - [TEST_STEP][PASSED] - if (var_type == "DAYCARE_SUITE"): null

2020-01-13 11:06:52 - [TEST_STEP][PASSED] - if (var_type == "PACKAGE"): null

2020-01-13 11:06:52 - [TEST_STEP][PASSED] - delay(4): Delayed 4 second(s)

2020-01-13 11:06:56 - [MESSAGE][PASSED] - Delayed 4 second(s)

2020-01-13 11:06:56 - [TEST_STEP][PASSED] - sendKeys(findTestObject("obj_invoce/new_invoice/new_invoice_sub3/input_item3"), var_item): Keys 'Oasis Suite' sent to object: 'Object Repository/obj_invoce/new_invoice/new_invoice_sub3/input_item3'

2020-01-13 11:06:56 - [MESSAGE][PASSED] - Keys 'Oasis Suite' sent to object: 'Object Repository/obj_invoce/new_invoice/new_invoice_sub3/input_item3'

2020-01-13 11:06:56 - [TEST_STEP][PASSED] - delay(4): Delayed 4 second(s)

2020-01-13 11:07:00 - [MESSAGE][PASSED] - Delayed 4 second(s)

2020-01-13 11:07:00 - [TEST_STEP][PASSED] - sendKeys(findTestObject("obj_invoce/new_invoice/new_invoice_sub3/input_item3"), Keys.chord(ENTER)): Keys 'ENTER + ' sent to object: 'Object Repository/obj_invoce/new_invoice/new_invoice_sub3/input_item3'

2020-01-13 11:07:01 - [MESSAGE][PASSED] - Keys 'ENTER + ' sent to object: 'Object Repository/obj_invoce/new_invoice/new_invoice_sub3/input_item3'

2020-01-13 11:07:01 - [TEST_STEP][PASSED] - delay(2): Delayed 2 second(s)

2020-01-13 11:07:03 - [MESSAGE][PASSED] - Delayed 2 second(s)

2020-01-13 11:07:03 - [TEST_STEP][PASSED] - click(findTestObject("obj_invoce/new_invoice/new_invoice_sub/button_Save_Taxe")): Object: 'Object Repository/obj_invoce/new_invoice/new_invoice_sub/button_Save_Taxe' is clicked on

2020-01-13 11:07:04 - [MESSAGE][PASSED] - Object: 'Object Repository/obj_invoce/new_invoice/new_invoice_sub/button_Save_Taxe' is clicked on

2020-01-13 11:07:04 - [TEST_STEP][PASSED] - delay(2): Delayed 2 second(s)

2020-01-13 11:07:06 - [MESSAGE][PASSED] - Delayed 2 second(s)

2020-01-13 11:07:06 - [TEST_STEP][PASSED] - delay(2): Delayed 2 second(s)

2020-01-13 11:07:08 - [MESSAGE][PASSED] - Delayed 2 second(s)

2020-01-13 11:07:08 - [TEST_STEP][PASSED] - var_url = getUrl(): Current window's url is: 'https://p4p-qa-bg.aws.paradise4paws.com/accounts/profile/#/invoice/122350/1795393/'

2020-01-13 11:07:08 - [MESSAGE][PASSED] - Current window's url is: 'https://p4p-qa-bg.aws.paradise4paws.com/accounts/profile/#/invoice/122350/1795393/'

2020-01-13 11:07:08 - [TEST_STEP][PASSED] - arrayUrl = var_url.split("/"): null

2020-01-13 11:07:08 - [TEST_STEP][PASSED] - delay(2): Delayed 2 second(s)

2020-01-13 11:07:10 - [MESSAGE][PASSED] - Delayed 2 second(s)

2020-01-13 11:07:10 - [TEST_STEP][PASSED] - cell = rowInv.createCell(9, 0): null

2020-01-13 11:07:10 - [TEST_STEP][PASSED] - cell.setCellType(CELL_TYPE_STRING): null

2020-01-13 11:07:10 - [TEST_STEP][PASSED] - cell.setCellValue(arrayUrl[8]): null

2020-01-13 11:07:10 - [TEST_STEP][PASSED] - delay(2): Delayed 2 second(s)

2020-01-13 11:07:12 - [MESSAGE][PASSED] - Delayed 2 second(s)

2020-01-13 11:07:12 - [TEST_STEP][PASSED] - cell2 = rowPay.createCell(5, 0): null

2020-01-13 11:07:12 - [TEST_STEP][PASSED] - cell2.setCellType(CELL_TYPE_STRING): null

2020-01-13 11:07:12 - [TEST_STEP][PASSED] - cell2.setCellValue(arrayUrl[8]): null

2020-01-13 11:07:12 - [TEST_STEP][PASSED] - delay(2): Delayed 2 second(s)

2020-01-13 11:07:14 - [MESSAGE][PASSED] - Delayed 2 second(s)

2020-01-13 11:07:14 - [TEST_STEP][PASSED] - fosInv = new java.io.FileOutputStream(/home/leonardo-arkusmty/Desktop/P4P/DATA_AUTOMATINTESTING/data_3createInvoice.xlsx): null

2020-01-13 11:07:14 - [TEST_STEP][PASSED] - workbookInv.write(fosInv): null

2020-01-13 11:07:14 - [TEST_STEP][PASSED] - fosInv.close(): null

2020-01-13 11:07:14 - [TEST_STEP][PASSED] - fosPay = new java.io.FileOutputStream(/home/leonardo-arkusmty/Desktop/P4P/DATA_AUTOMATINTESTING/data_4payment.xlsx): null

2020-01-13 11:07:14 - [TEST_STEP][PASSED] - workbookPay.write(fosPay): null

2020-01-13 11:07:14 - [TEST_STEP][PASSED] - fosPay.close(): null

2020-01-13 11:07:14 - [TEST_STEP][PASSED] - delay(2): Delayed 2 second(s)

2020-01-13 11:07:16 - [MESSAGE][PASSED] - Delayed 2 second(s)]]></system-out>
         <system-err><![CDATA[]]></system-err>
      </testcase>
      <testcase name="Test Cases/p4p_createInvoce_ok_spy" time="101.363" classname="Test Cases/p4p_createInvoce_ok_spy" status="PASSED">
         <system-out><![CDATA[2020-01-13 11:07:16 - [TEST_CASE][PASSED] - Test Cases/p4p_createInvoce_ok_spy: Test Cases/p4p_createInvoce_ok_spy

2020-01-13 11:07:16 - [TEST_STEP][PASSED] - openBrowser("https://p4p-qa-bg.aws.paradise4paws.com/login/"): Browser is opened with url: 'https://p4p-qa-bg.aws.paradise4paws.com/login/'

2020-01-13 11:07:16 - [MESSAGE][WARNING] - A browser is already opened. Closing browser and opening a new one

2020-01-13 11:07:16 - [MESSAGE][INFO] - Starting 'Chrome' driver

2020-01-13 11:07:18 - [MESSAGE][PASSED] - Browser is opened with url: 'https://p4p-qa-bg.aws.paradise4paws.com/login/'

2020-01-13 11:07:18 - [TEST_STEP][PASSED] - maximizeWindow(): Current window maximized

2020-01-13 11:07:18 - [MESSAGE][PASSED] - Current window maximized

2020-01-13 11:07:18 - [TEST_STEP][PASSED] - arryPets = var_pets.split(","): null

2020-01-13 11:07:18 - [TEST_STEP][PASSED] - flagBoar = "0": null

2020-01-13 11:07:18 - [TEST_STEP][PASSED] - log = new com.kms.katalon.core.logging.KeywordLogger(): null

2020-01-13 11:07:18 - [TEST_STEP][PASSED] - fisInv = new java.io.FileInputStream(/home/leonardo-arkusmty/Desktop/P4P/DATA_AUTOMATINTESTING/data_3createInvoice.xlsx): null

2020-01-13 11:07:18 - [TEST_STEP][PASSED] - fisPay = new java.io.FileInputStream(/home/leonardo-arkusmty/Desktop/P4P/DATA_AUTOMATINTESTING/data_4payment.xlsx): null

2020-01-13 11:07:18 - [TEST_STEP][PASSED] - workbookInv = new org.apache.poi.xssf.usermodel.XSSFWorkbook(fisInv): null

2020-01-13 11:07:18 - [TEST_STEP][PASSED] - workbookPay = new org.apache.poi.xssf.usermodel.XSSFWorkbook(fisPay): null

2020-01-13 11:07:18 - [TEST_STEP][PASSED] - sheetInv = workbookInv.getSheet("Sheet1"): null

2020-01-13 11:07:18 - [TEST_STEP][PASSED] - sheetPay = workbookPay.getSheet("Sheet1"): null

2020-01-13 11:07:18 - [TEST_STEP][PASSED] - var = Integer.parseInt(var_idRowRes): null

2020-01-13 11:07:18 - [TEST_STEP][PASSED] - rowInv = sheetInv.getRow(var): null

2020-01-13 11:07:18 - [TEST_STEP][PASSED] - rowPay = sheetPay.getRow(var): null

2020-01-13 11:07:18 - [TEST_STEP][PASSED] - today = new java.util.Date(): null

2020-01-13 11:07:18 - [TEST_STEP][PASSED] - todaysDate1 = today.format("mmm/dd/yy"): null

2020-01-13 11:07:18 - [TEST_STEP][PASSED] - todaysDate2 = today.format("dd/mm/yy"): null

2020-01-13 11:07:18 - [TEST_STEP][PASSED] - todaysDate3 = today.format("dd"): null

2020-01-13 11:07:18 - [TEST_STEP][PASSED] - nowTime = today.format("hhmm"): null

2020-01-13 11:07:18 - [TEST_STEP][PASSED] - setText(findTestObject("obj_login/input_user"), var_user): Text 'jegchavez@gmail.com' is set on object 'Object Repository/obj_login/input_user'

2020-01-13 11:07:19 - [MESSAGE][PASSED] - Text 'jegchavez@gmail.com' is set on object 'Object Repository/obj_login/input_user'

2020-01-13 11:07:19 - [TEST_STEP][PASSED] - setText(findTestObject("obj_login/input_pass"), var_pass): Text 'admin1' is set on object 'Object Repository/obj_login/input_pass'

2020-01-13 11:07:19 - [MESSAGE][PASSED] - Text 'admin1' is set on object 'Object Repository/obj_login/input_pass'

2020-01-13 11:07:19 - [TEST_STEP][PASSED] - delay(2): Delayed 2 second(s)

2020-01-13 11:07:21 - [MESSAGE][PASSED] - Delayed 2 second(s)

2020-01-13 11:07:21 - [TEST_STEP][PASSED] - verifyElementClickable(findTestObject("obj_login/btn_login")): Object 'Object Repository/obj_login/btn_login' is clickable

2020-01-13 11:07:21 - [MESSAGE][PASSED] - Object 'Object Repository/obj_login/btn_login' is clickable

2020-01-13 11:07:21 - [TEST_STEP][PASSED] - click(findTestObject("obj_login/btn_login")): Object: 'Object Repository/obj_login/btn_login' is clicked on

2020-01-13 11:07:23 - [MESSAGE][PASSED] - Object: 'Object Repository/obj_login/btn_login' is clicked on

2020-01-13 11:07:23 - [TEST_STEP][PASSED] - delay(2): Delayed 2 second(s)

2020-01-13 11:07:25 - [MESSAGE][PASSED] - Delayed 2 second(s)

2020-01-13 11:07:25 - [TEST_STEP][PASSED] - setText(findTestObject("obj_dashboard_emp/input_search"), var_parent): Text 'leongarzagarza@hotmail.com' is set on object 'Object Repository/obj_dashboard_emp/input_search'

2020-01-13 11:07:25 - [MESSAGE][PASSED] - Text 'leongarzagarza@hotmail.com' is set on object 'Object Repository/obj_dashboard_emp/input_search'

2020-01-13 11:07:25 - [TEST_STEP][PASSED] - click(findTestObject("obj_dashboard_emp/btn_accountSearch")): Object: 'Object Repository/obj_dashboard_emp/btn_accountSearch' is clicked on

2020-01-13 11:07:26 - [MESSAGE][PASSED] - Object: 'Object Repository/obj_dashboard_emp/btn_accountSearch' is clicked on

2020-01-13 11:07:26 - [TEST_STEP][PASSED] - delay(2): Delayed 2 second(s)

2020-01-13 11:07:28 - [MESSAGE][PASSED] - Delayed 2 second(s)

2020-01-13 11:07:28 - [TEST_STEP][PASSED] - click(findTestObject("obj_accountInformation/a_TEST GABRIEL PROD")): Object: 'Object Repository/obj_accountInformation/a_TEST GABRIEL PROD' is clicked on

2020-01-13 11:07:29 - [MESSAGE][PASSED] - Object: 'Object Repository/obj_accountInformation/a_TEST GABRIEL PROD' is clicked on

2020-01-13 11:07:29 - [TEST_STEP][PASSED] - delay(2): Delayed 2 second(s)

2020-01-13 11:07:31 - [MESSAGE][PASSED] - Delayed 2 second(s)

2020-01-13 11:07:31 - [TEST_STEP][PASSED] - click(findTestObject("obj_invoce/btn_createInvoice")): Object: 'Object Repository/obj_invoce/btn_createInvoice' is clicked on

2020-01-13 11:07:33 - [MESSAGE][PASSED] - Object: 'Object Repository/obj_invoce/btn_createInvoice' is clicked on

2020-01-13 11:07:33 - [TEST_STEP][PASSED] - delay(3): Delayed 3 second(s)

2020-01-13 11:07:36 - [MESSAGE][PASSED] - Delayed 3 second(s)

2020-01-13 11:07:36 - [TEST_STEP][PASSED] - if (arryPets.size() == 1): null

2020-01-13 11:07:36 - [TEST_STEP][PASSED] - if (arryPets.size() == 2): null

2020-01-13 11:07:36 - [TEST_STEP][PASSED] - if (arryPets.size() == 3): Delayed 2 second(s)

2020-01-13 11:07:36 - [TEST_STEP][PASSED] - log.logInfo("SIZE 3"): SIZE 3

2020-01-13 11:07:36 - [MESSAGE][INFO] - SIZE 3

2020-01-13 11:07:36 - [TEST_STEP][PASSED] - click(findTestObject("obj_invoce/new_invoice/new_invoice_sub/btn_AddLineItem")): Object: 'Object Repository/obj_invoce/new_invoice/new_invoice_sub/btn_AddLineItem' is clicked on

2020-01-13 11:07:36 - [MESSAGE][PASSED] - Object: 'Object Repository/obj_invoce/new_invoice/new_invoice_sub/btn_AddLineItem' is clicked on

2020-01-13 11:07:36 - [TEST_STEP][PASSED] - delay(3): Delayed 3 second(s)

2020-01-13 11:07:39 - [MESSAGE][PASSED] - Delayed 3 second(s)

2020-01-13 11:07:39 - [TEST_STEP][PASSED] - click(findTestObject("obj_invoce/new_invoice/new_invoice_sub/a_Taxes ()_select2-choice_1")): Object: 'Object Repository/obj_invoce/new_invoice/new_invoice_sub/a_Taxes ()_select2-choice_1' is clicked on

2020-01-13 11:07:40 - [MESSAGE][PASSED] - Object: 'Object Repository/obj_invoce/new_invoice/new_invoice_sub/a_Taxes ()_select2-choice_1' is clicked on

2020-01-13 11:07:40 - [TEST_STEP][PASSED] - delay(3): Delayed 3 second(s)

2020-01-13 11:07:43 - [MESSAGE][PASSED] - Delayed 3 second(s)

2020-01-13 11:07:43 - [TEST_STEP][PASSED] - click(findTestObject("obj_invoce/new_invoice/new_invoice_sub/div_Zeus")): Object: 'Object Repository/obj_invoce/new_invoice/new_invoice_sub/div_Zeus' is clicked on

2020-01-13 11:07:43 - [MESSAGE][PASSED] - Object: 'Object Repository/obj_invoce/new_invoice/new_invoice_sub/div_Zeus' is clicked on

2020-01-13 11:07:43 - [TEST_STEP][NOT_RUN] - click(findTestObject("obj_invoce/new_invoice/new_invoice_sub/b")): NOT_RUN: click(findTestObject("obj_invoce/new_invoice/new_invoice_sub/b"))

2020-01-13 11:07:43 - [MESSAGE][NOT_RUN] - NOT_RUN: click(findTestObject("obj_invoce/new_invoice/new_invoice_sub/b"))

2020-01-13 11:07:43 - [TEST_STEP][NOT_RUN] - click(findTestObject("obj_invoce/new_invoice/new_invoice_sub/select_BOARDING_SUITEDAYCARE_SUITESPA_SUITE")): NOT_RUN: click(findTestObject("obj_invoce/new_invoice/new_invoice_sub/select_BOARDING_SUITEDAYCARE_SUITESPA_SUITE"))

2020-01-13 11:07:43 - [MESSAGE][NOT_RUN] - NOT_RUN: click(findTestObject("obj_invoce/new_invoice/new_invoice_sub/select_BOARDING_SUITEDAYCARE_SUITESPA_SUITE"))

2020-01-13 11:07:43 - [TEST_STEP][PASSED] - delay(3): Delayed 3 second(s)

2020-01-13 11:07:46 - [MESSAGE][PASSED] - Delayed 3 second(s)

2020-01-13 11:07:46 - [TEST_STEP][PASSED] - if (var_type == "BOARDING_SUITE"): null

2020-01-13 11:07:46 - [TEST_STEP][PASSED] - if (var_type == "DAYCARE_SUITE"): Object: 'Object Repository/obj_invoce/new_invoice_ok_1/select_day' is clicked on

2020-01-13 11:07:46 - [TEST_STEP][PASSED] - click(findTestObject("obj_invoce/new_invoice_ok_1/select_day"), STOP_ON_FAILURE): Object: 'Object Repository/obj_invoce/new_invoice_ok_1/select_day' is clicked on

2020-01-13 11:07:47 - [MESSAGE][PASSED] - Object: 'Object Repository/obj_invoce/new_invoice_ok_1/select_day' is clicked on

2020-01-13 11:07:47 - [TEST_STEP][PASSED] - if (var_type == "PACKAGE"): null

2020-01-13 11:07:47 - [TEST_STEP][PASSED] - delay(4): Delayed 4 second(s)

2020-01-13 11:07:51 - [MESSAGE][PASSED] - Delayed 4 second(s)

2020-01-13 11:07:51 - [TEST_STEP][PASSED] - sendKeys(findTestObject("obj_invoce/new_invoice/new_invoice_sub/input_Taxes_Item_1"), var_item): Keys 'Half Day of Daycare' sent to object: 'Object Repository/obj_invoce/new_invoice/new_invoice_sub/input_Taxes_Item_1'

2020-01-13 11:07:51 - [MESSAGE][PASSED] - Keys 'Half Day of Daycare' sent to object: 'Object Repository/obj_invoce/new_invoice/new_invoice_sub/input_Taxes_Item_1'

2020-01-13 11:07:51 - [TEST_STEP][PASSED] - delay(4): Delayed 4 second(s)

2020-01-13 11:07:55 - [MESSAGE][PASSED] - Delayed 4 second(s)

2020-01-13 11:07:55 - [TEST_STEP][PASSED] - sendKeys(findTestObject("obj_invoce/new_invoice/new_invoice_sub/input_Taxes_Item_1"), Keys.chord(ENTER)): Keys 'ENTER + ' sent to object: 'Object Repository/obj_invoce/new_invoice/new_invoice_sub/input_Taxes_Item_1'

2020-01-13 11:07:55 - [MESSAGE][PASSED] - Keys 'ENTER + ' sent to object: 'Object Repository/obj_invoce/new_invoice/new_invoice_sub/input_Taxes_Item_1'

2020-01-13 11:07:55 - [TEST_STEP][PASSED] - delay(4): Delayed 4 second(s)

2020-01-13 11:07:59 - [MESSAGE][PASSED] - Delayed 4 second(s)

2020-01-13 11:07:59 - [TEST_STEP][PASSED] - click(findTestObject("obj_invoce/new_invoice/new_invoice_sub/btn_AddLineItem")): Object: 'Object Repository/obj_invoce/new_invoice/new_invoice_sub/btn_AddLineItem' is clicked on

2020-01-13 11:08:00 - [MESSAGE][PASSED] - Object: 'Object Repository/obj_invoce/new_invoice/new_invoice_sub/btn_AddLineItem' is clicked on

2020-01-13 11:08:00 - [TEST_STEP][PASSED] - delay(3): Delayed 3 second(s)

2020-01-13 11:08:03 - [MESSAGE][PASSED] - Delayed 3 second(s)

2020-01-13 11:08:03 - [TEST_STEP][PASSED] - click(findTestObject("obj_invoce/new_invoice/new_invoice_sub2/a_Taxes ()_select2-choice_2")): Object: 'Object Repository/obj_invoce/new_invoice/new_invoice_sub2/a_Taxes ()_select2-choice_2' is clicked on

2020-01-13 11:08:03 - [MESSAGE][PASSED] - Object: 'Object Repository/obj_invoce/new_invoice/new_invoice_sub2/a_Taxes ()_select2-choice_2' is clicked on

2020-01-13 11:08:03 - [TEST_STEP][PASSED] - delay(3): Delayed 3 second(s)

2020-01-13 11:08:06 - [MESSAGE][PASSED] - Delayed 3 second(s)

2020-01-13 11:08:06 - [TEST_STEP][PASSED] - click(findTestObject("obj_invoce/new_invoice/new_invoice_sub/div_Ares")): Object: 'Object Repository/obj_invoce/new_invoice/new_invoice_sub/div_Ares' is clicked on

2020-01-13 11:08:07 - [MESSAGE][PASSED] - Object: 'Object Repository/obj_invoce/new_invoice/new_invoice_sub/div_Ares' is clicked on

2020-01-13 11:08:07 - [TEST_STEP][NOT_RUN] - click(findTestObject("obj_invoce/new_invoice/new_invoice_sub/b")): NOT_RUN: click(findTestObject("obj_invoce/new_invoice/new_invoice_sub/b"))

2020-01-13 11:08:07 - [MESSAGE][NOT_RUN] - NOT_RUN: click(findTestObject("obj_invoce/new_invoice/new_invoice_sub/b"))

2020-01-13 11:08:07 - [TEST_STEP][NOT_RUN] - click(findTestObject("obj_invoce/new_invoice/new_invoice_sub/select_BOARDING_SUITEDAYCARE_SUITESPA_SUITE")): NOT_RUN: click(findTestObject("obj_invoce/new_invoice/new_invoice_sub/select_BOARDING_SUITEDAYCARE_SUITESPA_SUITE"))

2020-01-13 11:08:07 - [MESSAGE][NOT_RUN] - NOT_RUN: click(findTestObject("obj_invoce/new_invoice/new_invoice_sub/select_BOARDING_SUITEDAYCARE_SUITESPA_SUITE"))

2020-01-13 11:08:07 - [TEST_STEP][PASSED] - delay(3): Delayed 3 second(s)

2020-01-13 11:08:10 - [MESSAGE][PASSED] - Delayed 3 second(s)

2020-01-13 11:08:10 - [TEST_STEP][PASSED] - if (var_type == "BOARDING_SUITE"): null

2020-01-13 11:08:10 - [TEST_STEP][PASSED] - if (var_type == "DAYCARE_SUITE"): Object: 'Object Repository/obj_invoce/new_invoice/new_invoice_sub2/select_day_2' is clicked on

2020-01-13 11:08:10 - [TEST_STEP][PASSED] - click(findTestObject("obj_invoce/new_invoice/new_invoice_sub2/select_day_2"), STOP_ON_FAILURE): Object: 'Object Repository/obj_invoce/new_invoice/new_invoice_sub2/select_day_2' is clicked on

2020-01-13 11:08:10 - [MESSAGE][PASSED] - Object: 'Object Repository/obj_invoce/new_invoice/new_invoice_sub2/select_day_2' is clicked on

2020-01-13 11:08:10 - [TEST_STEP][PASSED] - if (var_type == "PACKAGE"): null

2020-01-13 11:08:10 - [TEST_STEP][PASSED] - delay(4): Delayed 4 second(s)

2020-01-13 11:08:14 - [MESSAGE][PASSED] - Delayed 4 second(s)

2020-01-13 11:08:14 - [TEST_STEP][PASSED] - sendKeys(findTestObject("obj_invoce/new_invoice/new_invoice_sub2/input_Taxes_Item_2"), var_item): Keys 'Half Day of Daycare' sent to object: 'Object Repository/obj_invoce/new_invoice/new_invoice_sub2/input_Taxes_Item_2'

2020-01-13 11:08:14 - [MESSAGE][PASSED] - Keys 'Half Day of Daycare' sent to object: 'Object Repository/obj_invoce/new_invoice/new_invoice_sub2/input_Taxes_Item_2'

2020-01-13 11:08:14 - [TEST_STEP][PASSED] - delay(4): Delayed 4 second(s)

2020-01-13 11:08:18 - [MESSAGE][PASSED] - Delayed 4 second(s)

2020-01-13 11:08:18 - [TEST_STEP][PASSED] - sendKeys(findTestObject("obj_invoce/new_invoice/new_invoice_sub2/input_Taxes_Item_2"), Keys.chord(ENTER)): Keys 'ENTER + ' sent to object: 'Object Repository/obj_invoce/new_invoice/new_invoice_sub2/input_Taxes_Item_2'

2020-01-13 11:08:19 - [MESSAGE][PASSED] - Keys 'ENTER + ' sent to object: 'Object Repository/obj_invoce/new_invoice/new_invoice_sub2/input_Taxes_Item_2'

2020-01-13 11:08:19 - [TEST_STEP][PASSED] - delay(4): Delayed 4 second(s)

2020-01-13 11:08:23 - [MESSAGE][PASSED] - Delayed 4 second(s)

2020-01-13 11:08:23 - [TEST_STEP][PASSED] - click(findTestObject("obj_invoce/new_invoice/new_invoice_sub/btn_AddLineItem")): Object: 'Object Repository/obj_invoce/new_invoice/new_invoice_sub/btn_AddLineItem' is clicked on

2020-01-13 11:08:23 - [MESSAGE][PASSED] - Object: 'Object Repository/obj_invoce/new_invoice/new_invoice_sub/btn_AddLineItem' is clicked on

2020-01-13 11:08:23 - [TEST_STEP][PASSED] - delay(3): Delayed 3 second(s)

2020-01-13 11:08:26 - [MESSAGE][PASSED] - Delayed 3 second(s)

2020-01-13 11:08:26 - [TEST_STEP][PASSED] - click(findTestObject("obj_invoce/new_invoice/new_invoice_sub2/a_Taxes ()_select2-choice_3")): Object: 'Object Repository/obj_invoce/new_invoice/new_invoice_sub2/a_Taxes ()_select2-choice_3' is clicked on

2020-01-13 11:08:26 - [MESSAGE][PASSED] - Object: 'Object Repository/obj_invoce/new_invoice/new_invoice_sub2/a_Taxes ()_select2-choice_3' is clicked on

2020-01-13 11:08:26 - [TEST_STEP][PASSED] - delay(3): Delayed 3 second(s)

2020-01-13 11:08:29 - [MESSAGE][PASSED] - Delayed 3 second(s)

2020-01-13 11:08:29 - [TEST_STEP][PASSED] - click(findTestObject("obj_invoce/new_invoice/new_invoice_sub/div_Poseidon")): Object: 'Object Repository/obj_invoce/new_invoice/new_invoice_sub/div_Poseidon' is clicked on

2020-01-13 11:08:30 - [MESSAGE][PASSED] - Object: 'Object Repository/obj_invoce/new_invoice/new_invoice_sub/div_Poseidon' is clicked on

2020-01-13 11:08:30 - [TEST_STEP][PASSED] - delay(3): Delayed 3 second(s)

2020-01-13 11:08:33 - [MESSAGE][PASSED] - Delayed 3 second(s)

2020-01-13 11:08:33 - [TEST_STEP][PASSED] - if (var_type == "BOARDING_SUITE"): null

2020-01-13 11:08:33 - [TEST_STEP][PASSED] - if (var_type == "DAYCARE_SUITE"): Object: 'Object Repository/obj_invoce/new_invoice/new_invoice_sub2/select_day_3' is clicked on

2020-01-13 11:08:33 - [TEST_STEP][PASSED] - click(findTestObject("obj_invoce/new_invoice/new_invoice_sub2/select_day_3"), STOP_ON_FAILURE): Object: 'Object Repository/obj_invoce/new_invoice/new_invoice_sub2/select_day_3' is clicked on

2020-01-13 11:08:33 - [MESSAGE][PASSED] - Object: 'Object Repository/obj_invoce/new_invoice/new_invoice_sub2/select_day_3' is clicked on

2020-01-13 11:08:33 - [TEST_STEP][PASSED] - if (var_type == "PACKAGE"): null

2020-01-13 11:08:33 - [TEST_STEP][PASSED] - delay(4): Delayed 4 second(s)

2020-01-13 11:08:37 - [MESSAGE][PASSED] - Delayed 4 second(s)

2020-01-13 11:08:37 - [TEST_STEP][PASSED] - sendKeys(findTestObject("obj_invoce/new_invoice/new_invoice_sub3/input_item3"), var_item): Keys 'Half Day of Daycare' sent to object: 'Object Repository/obj_invoce/new_invoice/new_invoice_sub3/input_item3'

2020-01-13 11:08:38 - [MESSAGE][PASSED] - Keys 'Half Day of Daycare' sent to object: 'Object Repository/obj_invoce/new_invoice/new_invoice_sub3/input_item3'

2020-01-13 11:08:38 - [TEST_STEP][PASSED] - delay(4): Delayed 4 second(s)

2020-01-13 11:08:42 - [MESSAGE][PASSED] - Delayed 4 second(s)

2020-01-13 11:08:42 - [TEST_STEP][PASSED] - sendKeys(findTestObject("obj_invoce/new_invoice/new_invoice_sub3/input_item3"), Keys.chord(ENTER)): Keys 'ENTER + ' sent to object: 'Object Repository/obj_invoce/new_invoice/new_invoice_sub3/input_item3'

2020-01-13 11:08:42 - [MESSAGE][PASSED] - Keys 'ENTER + ' sent to object: 'Object Repository/obj_invoce/new_invoice/new_invoice_sub3/input_item3'

2020-01-13 11:08:42 - [TEST_STEP][PASSED] - delay(2): Delayed 2 second(s)

2020-01-13 11:08:44 - [MESSAGE][PASSED] - Delayed 2 second(s)

2020-01-13 11:08:44 - [TEST_STEP][PASSED] - click(findTestObject("obj_invoce/new_invoice/new_invoice_sub/button_Save_Taxe")): Object: 'Object Repository/obj_invoce/new_invoice/new_invoice_sub/button_Save_Taxe' is clicked on

2020-01-13 11:08:45 - [MESSAGE][PASSED] - Object: 'Object Repository/obj_invoce/new_invoice/new_invoice_sub/button_Save_Taxe' is clicked on

2020-01-13 11:08:45 - [TEST_STEP][PASSED] - delay(2): Delayed 2 second(s)

2020-01-13 11:08:47 - [MESSAGE][PASSED] - Delayed 2 second(s)

2020-01-13 11:08:47 - [TEST_STEP][PASSED] - delay(2): Delayed 2 second(s)

2020-01-13 11:08:49 - [MESSAGE][PASSED] - Delayed 2 second(s)

2020-01-13 11:08:49 - [TEST_STEP][PASSED] - var_url = getUrl(): Current window's url is: 'https://p4p-qa-bg.aws.paradise4paws.com/accounts/profile/#/invoice/122350/1795394/'

2020-01-13 11:08:49 - [MESSAGE][PASSED] - Current window's url is: 'https://p4p-qa-bg.aws.paradise4paws.com/accounts/profile/#/invoice/122350/1795394/'

2020-01-13 11:08:49 - [TEST_STEP][PASSED] - arrayUrl = var_url.split("/"): null

2020-01-13 11:08:49 - [TEST_STEP][PASSED] - delay(2): Delayed 2 second(s)

2020-01-13 11:08:51 - [MESSAGE][PASSED] - Delayed 2 second(s)

2020-01-13 11:08:51 - [TEST_STEP][PASSED] - cell = rowInv.createCell(9, 0): null

2020-01-13 11:08:51 - [TEST_STEP][PASSED] - cell.setCellType(CELL_TYPE_STRING): null

2020-01-13 11:08:51 - [TEST_STEP][PASSED] - cell.setCellValue(arrayUrl[8]): null

2020-01-13 11:08:51 - [TEST_STEP][PASSED] - delay(2): Delayed 2 second(s)

2020-01-13 11:08:53 - [MESSAGE][PASSED] - Delayed 2 second(s)

2020-01-13 11:08:53 - [TEST_STEP][PASSED] - cell2 = rowPay.createCell(5, 0): null

2020-01-13 11:08:53 - [TEST_STEP][PASSED] - cell2.setCellType(CELL_TYPE_STRING): null

2020-01-13 11:08:53 - [TEST_STEP][PASSED] - cell2.setCellValue(arrayUrl[8]): null

2020-01-13 11:08:53 - [TEST_STEP][PASSED] - delay(2): Delayed 2 second(s)

2020-01-13 11:08:55 - [MESSAGE][PASSED] - Delayed 2 second(s)

2020-01-13 11:08:55 - [TEST_STEP][PASSED] - fosInv = new java.io.FileOutputStream(/home/leonardo-arkusmty/Desktop/P4P/DATA_AUTOMATINTESTING/data_3createInvoice.xlsx): null

2020-01-13 11:08:55 - [TEST_STEP][PASSED] - workbookInv.write(fosInv): null

2020-01-13 11:08:55 - [TEST_STEP][PASSED] - fosInv.close(): null

2020-01-13 11:08:55 - [TEST_STEP][PASSED] - fosPay = new java.io.FileOutputStream(/home/leonardo-arkusmty/Desktop/P4P/DATA_AUTOMATINTESTING/data_4payment.xlsx): null

2020-01-13 11:08:55 - [TEST_STEP][PASSED] - workbookPay.write(fosPay): null

2020-01-13 11:08:55 - [TEST_STEP][PASSED] - fosPay.close(): null

2020-01-13 11:08:55 - [TEST_STEP][PASSED] - delay(2): Delayed 2 second(s)

2020-01-13 11:08:57 - [MESSAGE][PASSED] - Delayed 2 second(s)]]></system-out>
         <system-err><![CDATA[]]></system-err>
      </testcase>
      <testcase name="Test Cases/p4p_createInvoce_ok_spy" time="100.744" classname="Test Cases/p4p_createInvoce_ok_spy" status="PASSED">
         <system-out><![CDATA[2020-01-13 11:08:57 - [TEST_CASE][PASSED] - Test Cases/p4p_createInvoce_ok_spy: Test Cases/p4p_createInvoce_ok_spy

2020-01-13 11:08:57 - [TEST_STEP][PASSED] - openBrowser("https://p4p-qa-bg.aws.paradise4paws.com/login/"): Browser is opened with url: 'https://p4p-qa-bg.aws.paradise4paws.com/login/'

2020-01-13 11:08:57 - [MESSAGE][WARNING] - A browser is already opened. Closing browser and opening a new one

2020-01-13 11:08:57 - [MESSAGE][INFO] - Starting 'Chrome' driver

2020-01-13 11:08:59 - [MESSAGE][PASSED] - Browser is opened with url: 'https://p4p-qa-bg.aws.paradise4paws.com/login/'

2020-01-13 11:08:59 - [TEST_STEP][PASSED] - maximizeWindow(): Current window maximized

2020-01-13 11:08:59 - [MESSAGE][PASSED] - Current window maximized

2020-01-13 11:08:59 - [TEST_STEP][PASSED] - arryPets = var_pets.split(","): null

2020-01-13 11:08:59 - [TEST_STEP][PASSED] - flagBoar = "0": null

2020-01-13 11:08:59 - [TEST_STEP][PASSED] - log = new com.kms.katalon.core.logging.KeywordLogger(): null

2020-01-13 11:08:59 - [TEST_STEP][PASSED] - fisInv = new java.io.FileInputStream(/home/leonardo-arkusmty/Desktop/P4P/DATA_AUTOMATINTESTING/data_3createInvoice.xlsx): null

2020-01-13 11:08:59 - [TEST_STEP][PASSED] - fisPay = new java.io.FileInputStream(/home/leonardo-arkusmty/Desktop/P4P/DATA_AUTOMATINTESTING/data_4payment.xlsx): null

2020-01-13 11:08:59 - [TEST_STEP][PASSED] - workbookInv = new org.apache.poi.xssf.usermodel.XSSFWorkbook(fisInv): null

2020-01-13 11:08:59 - [TEST_STEP][PASSED] - workbookPay = new org.apache.poi.xssf.usermodel.XSSFWorkbook(fisPay): null

2020-01-13 11:08:59 - [TEST_STEP][PASSED] - sheetInv = workbookInv.getSheet("Sheet1"): null

2020-01-13 11:08:59 - [TEST_STEP][PASSED] - sheetPay = workbookPay.getSheet("Sheet1"): null

2020-01-13 11:08:59 - [TEST_STEP][PASSED] - var = Integer.parseInt(var_idRowRes): null

2020-01-13 11:08:59 - [TEST_STEP][PASSED] - rowInv = sheetInv.getRow(var): null

2020-01-13 11:08:59 - [TEST_STEP][PASSED] - rowPay = sheetPay.getRow(var): null

2020-01-13 11:08:59 - [TEST_STEP][PASSED] - today = new java.util.Date(): null

2020-01-13 11:08:59 - [TEST_STEP][PASSED] - todaysDate1 = today.format("mmm/dd/yy"): null

2020-01-13 11:08:59 - [TEST_STEP][PASSED] - todaysDate2 = today.format("dd/mm/yy"): null

2020-01-13 11:08:59 - [TEST_STEP][PASSED] - todaysDate3 = today.format("dd"): null

2020-01-13 11:08:59 - [TEST_STEP][PASSED] - nowTime = today.format("hhmm"): null

2020-01-13 11:08:59 - [TEST_STEP][PASSED] - setText(findTestObject("obj_login/input_user"), var_user): Text 'jegchavez@gmail.com' is set on object 'Object Repository/obj_login/input_user'

2020-01-13 11:09:00 - [MESSAGE][PASSED] - Text 'jegchavez@gmail.com' is set on object 'Object Repository/obj_login/input_user'

2020-01-13 11:09:00 - [TEST_STEP][PASSED] - setText(findTestObject("obj_login/input_pass"), var_pass): Text 'admin1' is set on object 'Object Repository/obj_login/input_pass'

2020-01-13 11:09:00 - [MESSAGE][PASSED] - Text 'admin1' is set on object 'Object Repository/obj_login/input_pass'

2020-01-13 11:09:00 - [TEST_STEP][PASSED] - delay(2): Delayed 2 second(s)

2020-01-13 11:09:02 - [MESSAGE][PASSED] - Delayed 2 second(s)

2020-01-13 11:09:02 - [TEST_STEP][PASSED] - verifyElementClickable(findTestObject("obj_login/btn_login")): Object 'Object Repository/obj_login/btn_login' is clickable

2020-01-13 11:09:02 - [MESSAGE][PASSED] - Object 'Object Repository/obj_login/btn_login' is clickable

2020-01-13 11:09:02 - [TEST_STEP][PASSED] - click(findTestObject("obj_login/btn_login")): Object: 'Object Repository/obj_login/btn_login' is clicked on

2020-01-13 11:09:04 - [MESSAGE][PASSED] - Object: 'Object Repository/obj_login/btn_login' is clicked on

2020-01-13 11:09:04 - [TEST_STEP][PASSED] - delay(2): Delayed 2 second(s)

2020-01-13 11:09:06 - [MESSAGE][PASSED] - Delayed 2 second(s)

2020-01-13 11:09:06 - [TEST_STEP][PASSED] - setText(findTestObject("obj_dashboard_emp/input_search"), var_parent): Text 'leongarzagarza@hotmail.com' is set on object 'Object Repository/obj_dashboard_emp/input_search'

2020-01-13 11:09:06 - [MESSAGE][PASSED] - Text 'leongarzagarza@hotmail.com' is set on object 'Object Repository/obj_dashboard_emp/input_search'

2020-01-13 11:09:06 - [TEST_STEP][PASSED] - click(findTestObject("obj_dashboard_emp/btn_accountSearch")): Object: 'Object Repository/obj_dashboard_emp/btn_accountSearch' is clicked on

2020-01-13 11:09:07 - [MESSAGE][PASSED] - Object: 'Object Repository/obj_dashboard_emp/btn_accountSearch' is clicked on

2020-01-13 11:09:07 - [TEST_STEP][PASSED] - delay(2): Delayed 2 second(s)

2020-01-13 11:09:09 - [MESSAGE][PASSED] - Delayed 2 second(s)

2020-01-13 11:09:09 - [TEST_STEP][PASSED] - click(findTestObject("obj_accountInformation/a_TEST GABRIEL PROD")): Object: 'Object Repository/obj_accountInformation/a_TEST GABRIEL PROD' is clicked on

2020-01-13 11:09:10 - [MESSAGE][PASSED] - Object: 'Object Repository/obj_accountInformation/a_TEST GABRIEL PROD' is clicked on

2020-01-13 11:09:10 - [TEST_STEP][PASSED] - delay(2): Delayed 2 second(s)

2020-01-13 11:09:12 - [MESSAGE][PASSED] - Delayed 2 second(s)

2020-01-13 11:09:12 - [TEST_STEP][PASSED] - click(findTestObject("obj_invoce/btn_createInvoice")): Object: 'Object Repository/obj_invoce/btn_createInvoice' is clicked on

2020-01-13 11:09:14 - [MESSAGE][PASSED] - Object: 'Object Repository/obj_invoce/btn_createInvoice' is clicked on

2020-01-13 11:09:14 - [TEST_STEP][PASSED] - delay(3): Delayed 3 second(s)

2020-01-13 11:09:17 - [MESSAGE][PASSED] - Delayed 3 second(s)

2020-01-13 11:09:17 - [TEST_STEP][PASSED] - if (arryPets.size() == 1): null

2020-01-13 11:09:17 - [TEST_STEP][PASSED] - if (arryPets.size() == 2): null

2020-01-13 11:09:17 - [TEST_STEP][PASSED] - if (arryPets.size() == 3): Delayed 2 second(s)

2020-01-13 11:09:17 - [TEST_STEP][PASSED] - log.logInfo("SIZE 3"): SIZE 3

2020-01-13 11:09:17 - [MESSAGE][INFO] - SIZE 3

2020-01-13 11:09:17 - [TEST_STEP][PASSED] - click(findTestObject("obj_invoce/new_invoice/new_invoice_sub/btn_AddLineItem")): Object: 'Object Repository/obj_invoce/new_invoice/new_invoice_sub/btn_AddLineItem' is clicked on

2020-01-13 11:09:17 - [MESSAGE][PASSED] - Object: 'Object Repository/obj_invoce/new_invoice/new_invoice_sub/btn_AddLineItem' is clicked on

2020-01-13 11:09:17 - [TEST_STEP][PASSED] - delay(3): Delayed 3 second(s)

2020-01-13 11:09:20 - [MESSAGE][PASSED] - Delayed 3 second(s)

2020-01-13 11:09:20 - [TEST_STEP][PASSED] - click(findTestObject("obj_invoce/new_invoice/new_invoice_sub/a_Taxes ()_select2-choice_1")): Object: 'Object Repository/obj_invoce/new_invoice/new_invoice_sub/a_Taxes ()_select2-choice_1' is clicked on

2020-01-13 11:09:20 - [MESSAGE][PASSED] - Object: 'Object Repository/obj_invoce/new_invoice/new_invoice_sub/a_Taxes ()_select2-choice_1' is clicked on

2020-01-13 11:09:20 - [TEST_STEP][PASSED] - delay(3): Delayed 3 second(s)

2020-01-13 11:09:23 - [MESSAGE][PASSED] - Delayed 3 second(s)

2020-01-13 11:09:23 - [TEST_STEP][PASSED] - click(findTestObject("obj_invoce/new_invoice/new_invoice_sub/div_Zeus")): Object: 'Object Repository/obj_invoce/new_invoice/new_invoice_sub/div_Zeus' is clicked on

2020-01-13 11:09:24 - [MESSAGE][PASSED] - Object: 'Object Repository/obj_invoce/new_invoice/new_invoice_sub/div_Zeus' is clicked on

2020-01-13 11:09:24 - [TEST_STEP][NOT_RUN] - click(findTestObject("obj_invoce/new_invoice/new_invoice_sub/b")): NOT_RUN: click(findTestObject("obj_invoce/new_invoice/new_invoice_sub/b"))

2020-01-13 11:09:24 - [MESSAGE][NOT_RUN] - NOT_RUN: click(findTestObject("obj_invoce/new_invoice/new_invoice_sub/b"))

2020-01-13 11:09:24 - [TEST_STEP][NOT_RUN] - click(findTestObject("obj_invoce/new_invoice/new_invoice_sub/select_BOARDING_SUITEDAYCARE_SUITESPA_SUITE")): NOT_RUN: click(findTestObject("obj_invoce/new_invoice/new_invoice_sub/select_BOARDING_SUITEDAYCARE_SUITESPA_SUITE"))

2020-01-13 11:09:24 - [MESSAGE][NOT_RUN] - NOT_RUN: click(findTestObject("obj_invoce/new_invoice/new_invoice_sub/select_BOARDING_SUITEDAYCARE_SUITESPA_SUITE"))

2020-01-13 11:09:24 - [TEST_STEP][PASSED] - delay(3): Delayed 3 second(s)

2020-01-13 11:09:27 - [MESSAGE][PASSED] - Delayed 3 second(s)

2020-01-13 11:09:27 - [TEST_STEP][PASSED] - if (var_type == "BOARDING_SUITE"): null

2020-01-13 11:09:27 - [TEST_STEP][PASSED] - if (var_type == "DAYCARE_SUITE"): null

2020-01-13 11:09:27 - [TEST_STEP][PASSED] - if (var_type == "PACKAGE"): Object: 'Object Repository/obj_invoce/new_invoice_ok_1/select_package' is clicked on

2020-01-13 11:09:27 - [TEST_STEP][PASSED] - click(findTestObject("obj_invoce/new_invoice_ok_1/select_package"), STOP_ON_FAILURE): Object: 'Object Repository/obj_invoce/new_invoice_ok_1/select_package' is clicked on

2020-01-13 11:09:27 - [MESSAGE][PASSED] - Object: 'Object Repository/obj_invoce/new_invoice_ok_1/select_package' is clicked on

2020-01-13 11:09:27 - [TEST_STEP][PASSED] - delay(4): Delayed 4 second(s)

2020-01-13 11:09:31 - [MESSAGE][PASSED] - Delayed 4 second(s)

2020-01-13 11:09:31 - [TEST_STEP][PASSED] - sendKeys(findTestObject("obj_invoce/new_invoice/new_invoice_sub/input_Taxes_Item_1"), var_item): Keys 'M2M Monthly Membership' sent to object: 'Object Repository/obj_invoce/new_invoice/new_invoice_sub/input_Taxes_Item_1'

2020-01-13 11:09:32 - [MESSAGE][PASSED] - Keys 'M2M Monthly Membership' sent to object: 'Object Repository/obj_invoce/new_invoice/new_invoice_sub/input_Taxes_Item_1'

2020-01-13 11:09:32 - [TEST_STEP][PASSED] - delay(4): Delayed 4 second(s)

2020-01-13 11:09:36 - [MESSAGE][PASSED] - Delayed 4 second(s)

2020-01-13 11:09:36 - [TEST_STEP][PASSED] - sendKeys(findTestObject("obj_invoce/new_invoice/new_invoice_sub/input_Taxes_Item_1"), Keys.chord(ENTER)): Keys 'ENTER + ' sent to object: 'Object Repository/obj_invoce/new_invoice/new_invoice_sub/input_Taxes_Item_1'

2020-01-13 11:09:36 - [MESSAGE][PASSED] - Keys 'ENTER + ' sent to object: 'Object Repository/obj_invoce/new_invoice/new_invoice_sub/input_Taxes_Item_1'

2020-01-13 11:09:36 - [TEST_STEP][PASSED] - delay(4): Delayed 4 second(s)

2020-01-13 11:09:40 - [MESSAGE][PASSED] - Delayed 4 second(s)

2020-01-13 11:09:40 - [TEST_STEP][PASSED] - click(findTestObject("obj_invoce/new_invoice/new_invoice_sub/btn_AddLineItem")): Object: 'Object Repository/obj_invoce/new_invoice/new_invoice_sub/btn_AddLineItem' is clicked on

2020-01-13 11:09:40 - [MESSAGE][PASSED] - Object: 'Object Repository/obj_invoce/new_invoice/new_invoice_sub/btn_AddLineItem' is clicked on

2020-01-13 11:09:40 - [TEST_STEP][PASSED] - delay(3): Delayed 3 second(s)

2020-01-13 11:09:43 - [MESSAGE][PASSED] - Delayed 3 second(s)

2020-01-13 11:09:43 - [TEST_STEP][PASSED] - click(findTestObject("obj_invoce/new_invoice/new_invoice_sub2/a_Taxes ()_select2-choice_2")): Object: 'Object Repository/obj_invoce/new_invoice/new_invoice_sub2/a_Taxes ()_select2-choice_2' is clicked on

2020-01-13 11:09:44 - [MESSAGE][PASSED] - Object: 'Object Repository/obj_invoce/new_invoice/new_invoice_sub2/a_Taxes ()_select2-choice_2' is clicked on

2020-01-13 11:09:44 - [TEST_STEP][PASSED] - delay(3): Delayed 3 second(s)

2020-01-13 11:09:47 - [MESSAGE][PASSED] - Delayed 3 second(s)

2020-01-13 11:09:47 - [TEST_STEP][PASSED] - click(findTestObject("obj_invoce/new_invoice/new_invoice_sub/div_Ares")): Object: 'Object Repository/obj_invoce/new_invoice/new_invoice_sub/div_Ares' is clicked on

2020-01-13 11:09:47 - [MESSAGE][PASSED] - Object: 'Object Repository/obj_invoce/new_invoice/new_invoice_sub/div_Ares' is clicked on

2020-01-13 11:09:47 - [TEST_STEP][NOT_RUN] - click(findTestObject("obj_invoce/new_invoice/new_invoice_sub/b")): NOT_RUN: click(findTestObject("obj_invoce/new_invoice/new_invoice_sub/b"))

2020-01-13 11:09:47 - [MESSAGE][NOT_RUN] - NOT_RUN: click(findTestObject("obj_invoce/new_invoice/new_invoice_sub/b"))

2020-01-13 11:09:47 - [TEST_STEP][NOT_RUN] - click(findTestObject("obj_invoce/new_invoice/new_invoice_sub/select_BOARDING_SUITEDAYCARE_SUITESPA_SUITE")): NOT_RUN: click(findTestObject("obj_invoce/new_invoice/new_invoice_sub/select_BOARDING_SUITEDAYCARE_SUITESPA_SUITE"))

2020-01-13 11:09:47 - [MESSAGE][NOT_RUN] - NOT_RUN: click(findTestObject("obj_invoce/new_invoice/new_invoice_sub/select_BOARDING_SUITEDAYCARE_SUITESPA_SUITE"))

2020-01-13 11:09:47 - [TEST_STEP][PASSED] - delay(3): Delayed 3 second(s)

2020-01-13 11:09:50 - [MESSAGE][PASSED] - Delayed 3 second(s)

2020-01-13 11:09:50 - [TEST_STEP][PASSED] - if (var_type == "BOARDING_SUITE"): null

2020-01-13 11:09:50 - [TEST_STEP][PASSED] - if (var_type == "DAYCARE_SUITE"): null

2020-01-13 11:09:50 - [TEST_STEP][PASSED] - if (var_type == "PACKAGE"): Object: 'Object Repository/obj_invoce/new_invoice/new_invoice_sub2/select_package_2' is clicked on

2020-01-13 11:09:50 - [TEST_STEP][PASSED] - click(findTestObject("obj_invoce/new_invoice/new_invoice_sub2/select_package_2"), STOP_ON_FAILURE): Object: 'Object Repository/obj_invoce/new_invoice/new_invoice_sub2/select_package_2' is clicked on

2020-01-13 11:09:51 - [MESSAGE][PASSED] - Object: 'Object Repository/obj_invoce/new_invoice/new_invoice_sub2/select_package_2' is clicked on

2020-01-13 11:09:51 - [TEST_STEP][PASSED] - delay(4): Delayed 4 second(s)

2020-01-13 11:09:55 - [MESSAGE][PASSED] - Delayed 4 second(s)

2020-01-13 11:09:55 - [TEST_STEP][PASSED] - sendKeys(findTestObject("obj_invoce/new_invoice/new_invoice_sub2/input_Taxes_Item_2"), var_item): Keys 'M2M Monthly Membership' sent to object: 'Object Repository/obj_invoce/new_invoice/new_invoice_sub2/input_Taxes_Item_2'

2020-01-13 11:09:55 - [MESSAGE][PASSED] - Keys 'M2M Monthly Membership' sent to object: 'Object Repository/obj_invoce/new_invoice/new_invoice_sub2/input_Taxes_Item_2'

2020-01-13 11:09:55 - [TEST_STEP][PASSED] - delay(4): Delayed 4 second(s)

2020-01-13 11:09:59 - [MESSAGE][PASSED] - Delayed 4 second(s)

2020-01-13 11:09:59 - [TEST_STEP][PASSED] - sendKeys(findTestObject("obj_invoce/new_invoice/new_invoice_sub2/input_Taxes_Item_2"), Keys.chord(ENTER)): Keys 'ENTER + ' sent to object: 'Object Repository/obj_invoce/new_invoice/new_invoice_sub2/input_Taxes_Item_2'

2020-01-13 11:09:59 - [MESSAGE][PASSED] - Keys 'ENTER + ' sent to object: 'Object Repository/obj_invoce/new_invoice/new_invoice_sub2/input_Taxes_Item_2'

2020-01-13 11:09:59 - [TEST_STEP][PASSED] - delay(4): Delayed 4 second(s)

2020-01-13 11:10:03 - [MESSAGE][PASSED] - Delayed 4 second(s)

2020-01-13 11:10:03 - [TEST_STEP][PASSED] - click(findTestObject("obj_invoce/new_invoice/new_invoice_sub/btn_AddLineItem")): Object: 'Object Repository/obj_invoce/new_invoice/new_invoice_sub/btn_AddLineItem' is clicked on

2020-01-13 11:10:04 - [MESSAGE][PASSED] - Object: 'Object Repository/obj_invoce/new_invoice/new_invoice_sub/btn_AddLineItem' is clicked on

2020-01-13 11:10:04 - [TEST_STEP][PASSED] - delay(3): Delayed 3 second(s)

2020-01-13 11:10:07 - [MESSAGE][PASSED] - Delayed 3 second(s)

2020-01-13 11:10:07 - [TEST_STEP][PASSED] - click(findTestObject("obj_invoce/new_invoice/new_invoice_sub2/a_Taxes ()_select2-choice_3")): Object: 'Object Repository/obj_invoce/new_invoice/new_invoice_sub2/a_Taxes ()_select2-choice_3' is clicked on

2020-01-13 11:10:07 - [MESSAGE][PASSED] - Object: 'Object Repository/obj_invoce/new_invoice/new_invoice_sub2/a_Taxes ()_select2-choice_3' is clicked on

2020-01-13 11:10:07 - [TEST_STEP][PASSED] - delay(3): Delayed 3 second(s)

2020-01-13 11:10:10 - [MESSAGE][PASSED] - Delayed 3 second(s)

2020-01-13 11:10:10 - [TEST_STEP][PASSED] - click(findTestObject("obj_invoce/new_invoice/new_invoice_sub/div_Poseidon")): Object: 'Object Repository/obj_invoce/new_invoice/new_invoice_sub/div_Poseidon' is clicked on

2020-01-13 11:10:11 - [MESSAGE][PASSED] - Object: 'Object Repository/obj_invoce/new_invoice/new_invoice_sub/div_Poseidon' is clicked on

2020-01-13 11:10:11 - [TEST_STEP][PASSED] - delay(3): Delayed 3 second(s)

2020-01-13 11:10:14 - [MESSAGE][PASSED] - Delayed 3 second(s)

2020-01-13 11:10:14 - [TEST_STEP][PASSED] - if (var_type == "BOARDING_SUITE"): null

2020-01-13 11:10:14 - [TEST_STEP][PASSED] - if (var_type == "DAYCARE_SUITE"): null

2020-01-13 11:10:14 - [TEST_STEP][PASSED] - if (var_type == "PACKAGE"): Object: 'Object Repository/obj_invoce/new_invoice/new_invoice_sub2/select_package_3' is clicked on

2020-01-13 11:10:14 - [TEST_STEP][PASSED] - click(findTestObject("obj_invoce/new_invoice/new_invoice_sub2/select_package_3"), STOP_ON_FAILURE): Object: 'Object Repository/obj_invoce/new_invoice/new_invoice_sub2/select_package_3' is clicked on

2020-01-13 11:10:14 - [MESSAGE][PASSED] - Object: 'Object Repository/obj_invoce/new_invoice/new_invoice_sub2/select_package_3' is clicked on

2020-01-13 11:10:14 - [TEST_STEP][PASSED] - delay(4): Delayed 4 second(s)

2020-01-13 11:10:18 - [MESSAGE][PASSED] - Delayed 4 second(s)

2020-01-13 11:10:18 - [TEST_STEP][PASSED] - sendKeys(findTestObject("obj_invoce/new_invoice/new_invoice_sub3/input_item3"), var_item): Keys 'M2M Monthly Membership' sent to object: 'Object Repository/obj_invoce/new_invoice/new_invoice_sub3/input_item3'

2020-01-13 11:10:19 - [MESSAGE][PASSED] - Keys 'M2M Monthly Membership' sent to object: 'Object Repository/obj_invoce/new_invoice/new_invoice_sub3/input_item3'

2020-01-13 11:10:19 - [TEST_STEP][PASSED] - delay(4): Delayed 4 second(s)

2020-01-13 11:10:23 - [MESSAGE][PASSED] - Delayed 4 second(s)

2020-01-13 11:10:23 - [TEST_STEP][PASSED] - sendKeys(findTestObject("obj_invoce/new_invoice/new_invoice_sub3/input_item3"), Keys.chord(ENTER)): Keys 'ENTER + ' sent to object: 'Object Repository/obj_invoce/new_invoice/new_invoice_sub3/input_item3'

2020-01-13 11:10:23 - [MESSAGE][PASSED] - Keys 'ENTER + ' sent to object: 'Object Repository/obj_invoce/new_invoice/new_invoice_sub3/input_item3'

2020-01-13 11:10:23 - [TEST_STEP][PASSED] - delay(2): Delayed 2 second(s)

2020-01-13 11:10:25 - [MESSAGE][PASSED] - Delayed 2 second(s)

2020-01-13 11:10:25 - [TEST_STEP][PASSED] - click(findTestObject("obj_invoce/new_invoice/new_invoice_sub/button_Save_Taxe")): Object: 'Object Repository/obj_invoce/new_invoice/new_invoice_sub/button_Save_Taxe' is clicked on

2020-01-13 11:10:26 - [MESSAGE][PASSED] - Object: 'Object Repository/obj_invoce/new_invoice/new_invoice_sub/button_Save_Taxe' is clicked on

2020-01-13 11:10:26 - [TEST_STEP][PASSED] - delay(2): Delayed 2 second(s)

2020-01-13 11:10:28 - [MESSAGE][PASSED] - Delayed 2 second(s)

2020-01-13 11:10:28 - [TEST_STEP][PASSED] - delay(2): Delayed 2 second(s)

2020-01-13 11:10:30 - [MESSAGE][PASSED] - Delayed 2 second(s)

2020-01-13 11:10:30 - [TEST_STEP][PASSED] - var_url = getUrl(): Current window's url is: 'https://p4p-qa-bg.aws.paradise4paws.com/accounts/profile/#/invoice/122350/1795395/'

2020-01-13 11:10:30 - [MESSAGE][PASSED] - Current window's url is: 'https://p4p-qa-bg.aws.paradise4paws.com/accounts/profile/#/invoice/122350/1795395/'

2020-01-13 11:10:30 - [TEST_STEP][PASSED] - arrayUrl = var_url.split("/"): null

2020-01-13 11:10:30 - [TEST_STEP][PASSED] - delay(2): Delayed 2 second(s)

2020-01-13 11:10:32 - [MESSAGE][PASSED] - Delayed 2 second(s)

2020-01-13 11:10:32 - [TEST_STEP][PASSED] - cell = rowInv.createCell(9, 0): null

2020-01-13 11:10:32 - [TEST_STEP][PASSED] - cell.setCellType(CELL_TYPE_STRING): null

2020-01-13 11:10:32 - [TEST_STEP][PASSED] - cell.setCellValue(arrayUrl[8]): null

2020-01-13 11:10:32 - [TEST_STEP][PASSED] - delay(2): Delayed 2 second(s)

2020-01-13 11:10:34 - [MESSAGE][PASSED] - Delayed 2 second(s)

2020-01-13 11:10:34 - [TEST_STEP][PASSED] - cell2 = rowPay.createCell(5, 0): null

2020-01-13 11:10:34 - [TEST_STEP][PASSED] - cell2.setCellType(CELL_TYPE_STRING): null

2020-01-13 11:10:34 - [TEST_STEP][PASSED] - cell2.setCellValue(arrayUrl[8]): null

2020-01-13 11:10:34 - [TEST_STEP][PASSED] - delay(2): Delayed 2 second(s)

2020-01-13 11:10:36 - [MESSAGE][PASSED] - Delayed 2 second(s)

2020-01-13 11:10:36 - [TEST_STEP][PASSED] - fosInv = new java.io.FileOutputStream(/home/leonardo-arkusmty/Desktop/P4P/DATA_AUTOMATINTESTING/data_3createInvoice.xlsx): null

2020-01-13 11:10:36 - [TEST_STEP][PASSED] - workbookInv.write(fosInv): null

2020-01-13 11:10:36 - [TEST_STEP][PASSED] - fosInv.close(): null

2020-01-13 11:10:36 - [TEST_STEP][PASSED] - fosPay = new java.io.FileOutputStream(/home/leonardo-arkusmty/Desktop/P4P/DATA_AUTOMATINTESTING/data_4payment.xlsx): null

2020-01-13 11:10:36 - [TEST_STEP][PASSED] - workbookPay.write(fosPay): null

2020-01-13 11:10:36 - [TEST_STEP][PASSED] - fosPay.close(): null

2020-01-13 11:10:36 - [TEST_STEP][PASSED] - delay(2): Delayed 2 second(s)

2020-01-13 11:10:38 - [MESSAGE][PASSED] - Delayed 2 second(s)]]></system-out>
         <system-err><![CDATA[]]></system-err>
      </testcase>
      <testcase name="Test Cases/p4p_createInvoce_ok_spy" time="60.864" classname="Test Cases/p4p_createInvoce_ok_spy" status="PASSED">
         <system-out><![CDATA[2020-01-13 11:10:38 - [TEST_CASE][PASSED] - Test Cases/p4p_createInvoce_ok_spy: Test Cases/p4p_createInvoce_ok_spy

2020-01-13 11:10:38 - [TEST_STEP][PASSED] - openBrowser("https://p4p-qa-bg.aws.paradise4paws.com/login/"): Browser is opened with url: 'https://p4p-qa-bg.aws.paradise4paws.com/login/'

2020-01-13 11:10:38 - [MESSAGE][WARNING] - A browser is already opened. Closing browser and opening a new one

2020-01-13 11:10:38 - [MESSAGE][INFO] - Starting 'Chrome' driver

2020-01-13 11:10:40 - [MESSAGE][PASSED] - Browser is opened with url: 'https://p4p-qa-bg.aws.paradise4paws.com/login/'

2020-01-13 11:10:40 - [TEST_STEP][PASSED] - maximizeWindow(): Current window maximized

2020-01-13 11:10:40 - [MESSAGE][PASSED] - Current window maximized

2020-01-13 11:10:40 - [TEST_STEP][PASSED] - arryPets = var_pets.split(","): null

2020-01-13 11:10:40 - [TEST_STEP][PASSED] - flagBoar = "0": null

2020-01-13 11:10:40 - [TEST_STEP][PASSED] - log = new com.kms.katalon.core.logging.KeywordLogger(): null

2020-01-13 11:10:40 - [TEST_STEP][PASSED] - fisInv = new java.io.FileInputStream(/home/leonardo-arkusmty/Desktop/P4P/DATA_AUTOMATINTESTING/data_3createInvoice.xlsx): null

2020-01-13 11:10:40 - [TEST_STEP][PASSED] - fisPay = new java.io.FileInputStream(/home/leonardo-arkusmty/Desktop/P4P/DATA_AUTOMATINTESTING/data_4payment.xlsx): null

2020-01-13 11:10:40 - [TEST_STEP][PASSED] - workbookInv = new org.apache.poi.xssf.usermodel.XSSFWorkbook(fisInv): null

2020-01-13 11:10:40 - [TEST_STEP][PASSED] - workbookPay = new org.apache.poi.xssf.usermodel.XSSFWorkbook(fisPay): null

2020-01-13 11:10:40 - [TEST_STEP][PASSED] - sheetInv = workbookInv.getSheet("Sheet1"): null

2020-01-13 11:10:40 - [TEST_STEP][PASSED] - sheetPay = workbookPay.getSheet("Sheet1"): null

2020-01-13 11:10:40 - [TEST_STEP][PASSED] - var = Integer.parseInt(var_idRowRes): null

2020-01-13 11:10:40 - [TEST_STEP][PASSED] - rowInv = sheetInv.getRow(var): null

2020-01-13 11:10:40 - [TEST_STEP][PASSED] - rowPay = sheetPay.getRow(var): null

2020-01-13 11:10:40 - [TEST_STEP][PASSED] - today = new java.util.Date(): null

2020-01-13 11:10:40 - [TEST_STEP][PASSED] - todaysDate1 = today.format("mmm/dd/yy"): null

2020-01-13 11:10:40 - [TEST_STEP][PASSED] - todaysDate2 = today.format("dd/mm/yy"): null

2020-01-13 11:10:40 - [TEST_STEP][PASSED] - todaysDate3 = today.format("dd"): null

2020-01-13 11:10:40 - [TEST_STEP][PASSED] - nowTime = today.format("hhmm"): null

2020-01-13 11:10:40 - [TEST_STEP][PASSED] - setText(findTestObject("obj_login/input_user"), var_user): Text 'jegchavez@gmail.com' is set on object 'Object Repository/obj_login/input_user'

2020-01-13 11:10:41 - [MESSAGE][PASSED] - Text 'jegchavez@gmail.com' is set on object 'Object Repository/obj_login/input_user'

2020-01-13 11:10:41 - [TEST_STEP][PASSED] - setText(findTestObject("obj_login/input_pass"), var_pass): Text 'admin1' is set on object 'Object Repository/obj_login/input_pass'

2020-01-13 11:10:41 - [MESSAGE][PASSED] - Text 'admin1' is set on object 'Object Repository/obj_login/input_pass'

2020-01-13 11:10:41 - [TEST_STEP][PASSED] - delay(2): Delayed 2 second(s)

2020-01-13 11:10:43 - [MESSAGE][PASSED] - Delayed 2 second(s)

2020-01-13 11:10:43 - [TEST_STEP][PASSED] - verifyElementClickable(findTestObject("obj_login/btn_login")): Object 'Object Repository/obj_login/btn_login' is clickable

2020-01-13 11:10:44 - [MESSAGE][PASSED] - Object 'Object Repository/obj_login/btn_login' is clickable

2020-01-13 11:10:44 - [TEST_STEP][PASSED] - click(findTestObject("obj_login/btn_login")): Object: 'Object Repository/obj_login/btn_login' is clicked on

2020-01-13 11:10:45 - [MESSAGE][PASSED] - Object: 'Object Repository/obj_login/btn_login' is clicked on

2020-01-13 11:10:45 - [TEST_STEP][PASSED] - delay(2): Delayed 2 second(s)

2020-01-13 11:10:47 - [MESSAGE][PASSED] - Delayed 2 second(s)

2020-01-13 11:10:47 - [TEST_STEP][PASSED] - setText(findTestObject("obj_dashboard_emp/input_search"), var_parent): Text 'leongarzagarza@hotmail.com' is set on object 'Object Repository/obj_dashboard_emp/input_search'

2020-01-13 11:10:48 - [MESSAGE][PASSED] - Text 'leongarzagarza@hotmail.com' is set on object 'Object Repository/obj_dashboard_emp/input_search'

2020-01-13 11:10:48 - [TEST_STEP][PASSED] - click(findTestObject("obj_dashboard_emp/btn_accountSearch")): Object: 'Object Repository/obj_dashboard_emp/btn_accountSearch' is clicked on

2020-01-13 11:10:49 - [MESSAGE][PASSED] - Object: 'Object Repository/obj_dashboard_emp/btn_accountSearch' is clicked on

2020-01-13 11:10:49 - [TEST_STEP][PASSED] - delay(2): Delayed 2 second(s)

2020-01-13 11:10:51 - [MESSAGE][PASSED] - Delayed 2 second(s)

2020-01-13 11:10:51 - [TEST_STEP][PASSED] - click(findTestObject("obj_accountInformation/a_TEST GABRIEL PROD")): Object: 'Object Repository/obj_accountInformation/a_TEST GABRIEL PROD' is clicked on

2020-01-13 11:10:51 - [MESSAGE][PASSED] - Object: 'Object Repository/obj_accountInformation/a_TEST GABRIEL PROD' is clicked on

2020-01-13 11:10:51 - [TEST_STEP][PASSED] - delay(2): Delayed 2 second(s)

2020-01-13 11:10:53 - [MESSAGE][PASSED] - Delayed 2 second(s)

2020-01-13 11:10:53 - [TEST_STEP][PASSED] - click(findTestObject("obj_invoce/btn_createInvoice")): Object: 'Object Repository/obj_invoce/btn_createInvoice' is clicked on

2020-01-13 11:10:55 - [MESSAGE][PASSED] - Object: 'Object Repository/obj_invoce/btn_createInvoice' is clicked on

2020-01-13 11:10:55 - [TEST_STEP][PASSED] - delay(3): Delayed 3 second(s)

2020-01-13 11:10:58 - [MESSAGE][PASSED] - Delayed 3 second(s)

2020-01-13 11:10:58 - [TEST_STEP][PASSED] - if (arryPets.size() == 1): Delayed 4 second(s)

2020-01-13 11:10:58 - [TEST_STEP][PASSED] - click(findTestObject("obj_invoce/new_invoice/new_invoice_sub/btn_AddLineItem")): Object: 'Object Repository/obj_invoce/new_invoice/new_invoice_sub/btn_AddLineItem' is clicked on

2020-01-13 11:10:59 - [MESSAGE][PASSED] - Object: 'Object Repository/obj_invoce/new_invoice/new_invoice_sub/btn_AddLineItem' is clicked on

2020-01-13 11:10:59 - [TEST_STEP][PASSED] - delay(3): Delayed 3 second(s)

2020-01-13 11:11:02 - [MESSAGE][PASSED] - Delayed 3 second(s)

2020-01-13 11:11:02 - [TEST_STEP][PASSED] - click(findTestObject("obj_invoce/new_invoice/new_invoice_sub/a_Taxes ()_select2-choice_1")): Object: 'Object Repository/obj_invoce/new_invoice/new_invoice_sub/a_Taxes ()_select2-choice_1' is clicked on

2020-01-13 11:11:02 - [MESSAGE][PASSED] - Object: 'Object Repository/obj_invoce/new_invoice/new_invoice_sub/a_Taxes ()_select2-choice_1' is clicked on

2020-01-13 11:11:02 - [TEST_STEP][PASSED] - delay(3): Delayed 3 second(s)

2020-01-13 11:11:05 - [MESSAGE][PASSED] - Delayed 3 second(s)

2020-01-13 11:11:05 - [TEST_STEP][PASSED] - click(findTestObject("obj_invoce/new_invoice/new_invoice_sub/div_Zeus")): Object: 'Object Repository/obj_invoce/new_invoice/new_invoice_sub/div_Zeus' is clicked on

2020-01-13 11:11:05 - [MESSAGE][PASSED] - Object: 'Object Repository/obj_invoce/new_invoice/new_invoice_sub/div_Zeus' is clicked on

2020-01-13 11:11:05 - [TEST_STEP][NOT_RUN] - click(findTestObject("obj_invoce/new_invoice/new_invoice_sub/b")): NOT_RUN: click(findTestObject("obj_invoce/new_invoice/new_invoice_sub/b"))

2020-01-13 11:11:05 - [MESSAGE][NOT_RUN] - NOT_RUN: click(findTestObject("obj_invoce/new_invoice/new_invoice_sub/b"))

2020-01-13 11:11:05 - [TEST_STEP][NOT_RUN] - click(findTestObject("obj_invoce/new_invoice/new_invoice_sub/select_BOARDING_SUITEDAYCARE_SUITESPA_SUITE")): NOT_RUN: click(findTestObject("obj_invoce/new_invoice/new_invoice_sub/select_BOARDING_SUITEDAYCARE_SUITESPA_SUITE"))

2020-01-13 11:11:05 - [MESSAGE][NOT_RUN] - NOT_RUN: click(findTestObject("obj_invoce/new_invoice/new_invoice_sub/select_BOARDING_SUITEDAYCARE_SUITESPA_SUITE"))

2020-01-13 11:11:05 - [TEST_STEP][PASSED] - delay(3): Delayed 3 second(s)

2020-01-13 11:11:08 - [MESSAGE][PASSED] - Delayed 3 second(s)

2020-01-13 11:11:08 - [TEST_STEP][PASSED] - if (var_type == "BOARDING_SUITE"): null

2020-01-13 11:11:08 - [TEST_STEP][PASSED] - if (var_type == "DAYCARE_SUITE"): null

2020-01-13 11:11:08 - [TEST_STEP][PASSED] - if (var_type == "PACKAGE"): Object: 'Object Repository/obj_invoce/new_invoice_ok_1/select_package' is clicked on

2020-01-13 11:11:08 - [TEST_STEP][PASSED] - click(findTestObject("obj_invoce/new_invoice_ok_1/select_package"), STOP_ON_FAILURE): Object: 'Object Repository/obj_invoce/new_invoice_ok_1/select_package' is clicked on

2020-01-13 11:11:09 - [MESSAGE][PASSED] - Object: 'Object Repository/obj_invoce/new_invoice_ok_1/select_package' is clicked on

2020-01-13 11:11:09 - [TEST_STEP][PASSED] - delay(4): Delayed 4 second(s)

2020-01-13 11:11:13 - [MESSAGE][PASSED] - Delayed 4 second(s)

2020-01-13 11:11:13 - [TEST_STEP][PASSED] - sendKeys(findTestObject("obj_invoce/new_invoice/new_invoice_sub/input_Taxes_Item_1"), var_item): Keys 'Oasis Suite' sent to object: 'Object Repository/obj_invoce/new_invoice/new_invoice_sub/input_Taxes_Item_1'

2020-01-13 11:11:13 - [MESSAGE][PASSED] - Keys 'Oasis Suite' sent to object: 'Object Repository/obj_invoce/new_invoice/new_invoice_sub/input_Taxes_Item_1'

2020-01-13 11:11:13 - [TEST_STEP][PASSED] - delay(4): Delayed 4 second(s)

2020-01-13 11:11:17 - [MESSAGE][PASSED] - Delayed 4 second(s)

2020-01-13 11:11:17 - [TEST_STEP][PASSED] - sendKeys(findTestObject("obj_invoce/new_invoice/new_invoice_sub/input_Taxes_Item_1"), Keys.chord(ENTER)): Keys 'ENTER + ' sent to object: 'Object Repository/obj_invoce/new_invoice/new_invoice_sub/input_Taxes_Item_1'

2020-01-13 11:11:18 - [MESSAGE][PASSED] - Keys 'ENTER + ' sent to object: 'Object Repository/obj_invoce/new_invoice/new_invoice_sub/input_Taxes_Item_1'

2020-01-13 11:11:18 - [TEST_STEP][PASSED] - delay(4): Delayed 4 second(s)

2020-01-13 11:11:22 - [MESSAGE][PASSED] - Delayed 4 second(s)

2020-01-13 11:11:22 - [TEST_STEP][PASSED] - click(findTestObject("obj_invoce/new_invoice/new_invoice_sub/button_Save_Taxe")): Object: 'Object Repository/obj_invoce/new_invoice/new_invoice_sub/button_Save_Taxe' is clicked on

2020-01-13 11:11:25 - [MESSAGE][PASSED] - Object: 'Object Repository/obj_invoce/new_invoice/new_invoice_sub/button_Save_Taxe' is clicked on

2020-01-13 11:11:25 - [TEST_STEP][PASSED] - delay(4): Delayed 4 second(s)

2020-01-13 11:11:29 - [MESSAGE][PASSED] - Delayed 4 second(s)

2020-01-13 11:11:29 - [TEST_STEP][PASSED] - if (arryPets.size() == 2): null

2020-01-13 11:11:29 - [TEST_STEP][PASSED] - if (arryPets.size() == 3): null

2020-01-13 11:11:29 - [TEST_STEP][PASSED] - delay(2): Delayed 2 second(s)

2020-01-13 11:11:31 - [MESSAGE][PASSED] - Delayed 2 second(s)

2020-01-13 11:11:31 - [TEST_STEP][PASSED] - var_url = getUrl(): Current window's url is: 'https://p4p-qa-bg.aws.paradise4paws.com/accounts/profile/#/invoice/122350/new/'

2020-01-13 11:11:31 - [MESSAGE][PASSED] - Current window's url is: 'https://p4p-qa-bg.aws.paradise4paws.com/accounts/profile/#/invoice/122350/new/'

2020-01-13 11:11:31 - [TEST_STEP][PASSED] - arrayUrl = var_url.split("/"): null

2020-01-13 11:11:31 - [TEST_STEP][PASSED] - delay(2): Delayed 2 second(s)

2020-01-13 11:11:33 - [MESSAGE][PASSED] - Delayed 2 second(s)

2020-01-13 11:11:33 - [TEST_STEP][PASSED] - cell = rowInv.createCell(9, 0): null

2020-01-13 11:11:33 - [TEST_STEP][PASSED] - cell.setCellType(CELL_TYPE_STRING): null

2020-01-13 11:11:33 - [TEST_STEP][PASSED] - cell.setCellValue(arrayUrl[8]): null

2020-01-13 11:11:33 - [TEST_STEP][PASSED] - delay(2): Delayed 2 second(s)

2020-01-13 11:11:35 - [MESSAGE][PASSED] - Delayed 2 second(s)

2020-01-13 11:11:35 - [TEST_STEP][PASSED] - cell2 = rowPay.createCell(5, 0): null

2020-01-13 11:11:35 - [TEST_STEP][PASSED] - cell2.setCellType(CELL_TYPE_STRING): null

2020-01-13 11:11:35 - [TEST_STEP][PASSED] - cell2.setCellValue(arrayUrl[8]): null

2020-01-13 11:11:35 - [TEST_STEP][PASSED] - delay(2): Delayed 2 second(s)

2020-01-13 11:11:37 - [MESSAGE][PASSED] - Delayed 2 second(s)

2020-01-13 11:11:37 - [TEST_STEP][PASSED] - fosInv = new java.io.FileOutputStream(/home/leonardo-arkusmty/Desktop/P4P/DATA_AUTOMATINTESTING/data_3createInvoice.xlsx): null

2020-01-13 11:11:37 - [TEST_STEP][PASSED] - workbookInv.write(fosInv): null

2020-01-13 11:11:37 - [TEST_STEP][PASSED] - fosInv.close(): null

2020-01-13 11:11:37 - [TEST_STEP][PASSED] - fosPay = new java.io.FileOutputStream(/home/leonardo-arkusmty/Desktop/P4P/DATA_AUTOMATINTESTING/data_4payment.xlsx): null

2020-01-13 11:11:37 - [TEST_STEP][PASSED] - workbookPay.write(fosPay): null

2020-01-13 11:11:37 - [TEST_STEP][PASSED] - fosPay.close(): null

2020-01-13 11:11:37 - [TEST_STEP][PASSED] - delay(2): Delayed 2 second(s)

2020-01-13 11:11:39 - [MESSAGE][PASSED] - Delayed 2 second(s)]]></system-out>
         <system-err><![CDATA[]]></system-err>
      </testcase>
      <testcase name="Test Cases/p4p_createInvoce_ok_spy" time="96.231" classname="Test Cases/p4p_createInvoce_ok_spy" status="FAILED">
         <failure type="FAILED" message="Test Cases/p4p_createInvoce_ok_spy FAILED.
Reason:
com.kms.katalon.core.exception.StepFailedException: Unable to click on object 'Object Repository/obj_invoce/new_invoice/new_invoice_sub2/a_Taxes ()_select2-choice_2'
	at com.kms.katalon.core.webui.keyword.internal.WebUIKeywordMain.stepFailed(WebUIKeywordMain.groovy:64)
	at com.kms.katalon.core.webui.keyword.internal.WebUIKeywordMain.runKeyword(WebUIKeywordMain.groovy:26)
	at com.kms.katalon.core.webui.keyword.builtin.ClickKeyword.click(ClickKeyword.groovy:99)
	at com.kms.katalon.core.webui.keyword.builtin.ClickKeyword.execute(ClickKeyword.groovy:43)
	at com.kms.katalon.core.keyword.internal.KeywordExecutor.executeKeywordForPlatform(KeywordExecutor.groovy:60)
	at com.kms.katalon.core.webui.keyword.WebUiBuiltInKeywords.click(WebUiBuiltInKeywords.groovy:616)
	at com.kms.katalon.core.webui.keyword.WebUiBuiltInKeywords$click$3.call(Unknown Source)
	at p4p_createInvoce_ok_spy.run(p4p_createInvoce_ok_spy:158)
	at com.kms.katalon.core.main.ScriptEngine.run(ScriptEngine.java:194)
	at com.kms.katalon.core.main.ScriptEngine.runScriptAsRawText(ScriptEngine.java:119)
	at com.kms.katalon.core.main.TestCaseExecutor.runScript(TestCaseExecutor.java:337)
	at com.kms.katalon.core.main.TestCaseExecutor.doExecute(TestCaseExecutor.java:328)
	at com.kms.katalon.core.main.TestCaseExecutor.processExecutionPhase(TestCaseExecutor.java:307)
	at com.kms.katalon.core.main.TestCaseExecutor.accessMainPhase(TestCaseExecutor.java:299)
	at com.kms.katalon.core.main.TestCaseExecutor.execute(TestCaseExecutor.java:233)
	at com.kms.katalon.core.main.TestSuiteExecutor.accessTestCaseMainPhase(TestSuiteExecutor.java:169)
	at com.kms.katalon.core.main.TestSuiteExecutor.accessTestSuiteMainPhase(TestSuiteExecutor.java:142)
	at com.kms.katalon.core.main.TestSuiteExecutor.execute(TestSuiteExecutor.java:91)
	at com.kms.katalon.core.main.TestCaseMain.startTestSuite(TestCaseMain.java:157)
	at com.kms.katalon.core.main.TestCaseMain$startTestSuite$0.call(Unknown Source)
	at TempTestSuite1578934720363.run(TempTestSuite1578934720363.groovy:36)
Caused by: com.kms.katalon.core.webui.exception.WebElementNotFoundException: Web element with id: 'Object Repository/obj_invoce/new_invoice/new_invoice_sub2/a_Taxes ()_select2-choice_2' located by 'By.xpath: (//a[@onclick='return false;'])[3]' not found
	at com.kms.katalon.core.webui.common.WebUiCommonHelper.findWebElement(WebUiCommonHelper.java:1113)
	at com.kms.katalon.core.webui.keyword.internal.WebUIAbstractKeyword.findWebElement(WebUIAbstractKeyword.groovy:27)
	at com.kms.katalon.core.webui.keyword.internal.WebUIAbstractKeyword.findWebElement(WebUIAbstractKeyword.groovy:26)
	at com.kms.katalon.core.webui.keyword.builtin.ClickKeyword$_click_closure1.doCall(ClickKeyword.groovy:68)
	at com.kms.katalon.core.webui.keyword.builtin.ClickKeyword$_click_closure1.call(ClickKeyword.groovy)
	at com.kms.katalon.core.webui.keyword.internal.WebUIKeywordMain.runKeyword(WebUIKeywordMain.groovy:20)
	... 19 more
"/>
         <system-out><![CDATA[2020-01-13 11:11:39 - [TEST_CASE][FAILED] - Test Cases/p4p_createInvoce_ok_spy: Test Cases/p4p_createInvoce_ok_spy FAILED.
Reason:
com.kms.katalon.core.exception.StepFailedException: Unable to click on object 'Object Repository/obj_invoce/new_invoice/new_invoice_sub2/a_Taxes ()_select2-choice_2'
	at com.kms.katalon.core.webui.keyword.internal.WebUIKeywordMain.stepFailed(WebUIKeywordMain.groovy:64)
	at com.kms.katalon.core.webui.keyword.internal.WebUIKeywordMain.runKeyword(WebUIKeywordMain.groovy:26)
	at com.kms.katalon.core.webui.keyword.builtin.ClickKeyword.click(ClickKeyword.groovy:99)
	at com.kms.katalon.core.webui.keyword.builtin.ClickKeyword.execute(ClickKeyword.groovy:43)
	at com.kms.katalon.core.keyword.internal.KeywordExecutor.executeKeywordForPlatform(KeywordExecutor.groovy:60)
	at com.kms.katalon.core.webui.keyword.WebUiBuiltInKeywords.click(WebUiBuiltInKeywords.groovy:616)
	at com.kms.katalon.core.webui.keyword.WebUiBuiltInKeywords$click$3.call(Unknown Source)
	at p4p_createInvoce_ok_spy.run(p4p_createInvoce_ok_spy:158)
	at com.kms.katalon.core.main.ScriptEngine.run(ScriptEngine.java:194)
	at com.kms.katalon.core.main.ScriptEngine.runScriptAsRawText(ScriptEngine.java:119)
	at com.kms.katalon.core.main.TestCaseExecutor.runScript(TestCaseExecutor.java:337)
	at com.kms.katalon.core.main.TestCaseExecutor.doExecute(TestCaseExecutor.java:328)
	at com.kms.katalon.core.main.TestCaseExecutor.processExecutionPhase(TestCaseExecutor.java:307)
	at com.kms.katalon.core.main.TestCaseExecutor.accessMainPhase(TestCaseExecutor.java:299)
	at com.kms.katalon.core.main.TestCaseExecutor.execute(TestCaseExecutor.java:233)
	at com.kms.katalon.core.main.TestSuiteExecutor.accessTestCaseMainPhase(TestSuiteExecutor.java:169)
	at com.kms.katalon.core.main.TestSuiteExecutor.accessTestSuiteMainPhase(TestSuiteExecutor.java:142)
	at com.kms.katalon.core.main.TestSuiteExecutor.execute(TestSuiteExecutor.java:91)
	at com.kms.katalon.core.main.TestCaseMain.startTestSuite(TestCaseMain.java:157)
	at com.kms.katalon.core.main.TestCaseMain$startTestSuite$0.call(Unknown Source)
	at TempTestSuite1578934720363.run(TempTestSuite1578934720363.groovy:36)
Caused by: com.kms.katalon.core.webui.exception.WebElementNotFoundException: Web element with id: 'Object Repository/obj_invoce/new_invoice/new_invoice_sub2/a_Taxes ()_select2-choice_2' located by 'By.xpath: (//a[@onclick='return false;'])[3]' not found
	at com.kms.katalon.core.webui.common.WebUiCommonHelper.findWebElement(WebUiCommonHelper.java:1113)
	at com.kms.katalon.core.webui.keyword.internal.WebUIAbstractKeyword.findWebElement(WebUIAbstractKeyword.groovy:27)
	at com.kms.katalon.core.webui.keyword.internal.WebUIAbstractKeyword.findWebElement(WebUIAbstractKeyword.groovy:26)
	at com.kms.katalon.core.webui.keyword.builtin.ClickKeyword$_click_closure1.doCall(ClickKeyword.groovy:68)
	at com.kms.katalon.core.webui.keyword.builtin.ClickKeyword$_click_closure1.call(ClickKeyword.groovy)
	at com.kms.katalon.core.webui.keyword.internal.WebUIKeywordMain.runKeyword(WebUIKeywordMain.groovy:20)
	... 19 more


2020-01-13 11:11:39 - [TEST_STEP][PASSED] - openBrowser("https://p4p-qa-bg.aws.paradise4paws.com/login/"): Browser is opened with url: 'https://p4p-qa-bg.aws.paradise4paws.com/login/'

2020-01-13 11:11:39 - [MESSAGE][WARNING] - A browser is already opened. Closing browser and opening a new one

2020-01-13 11:11:39 - [MESSAGE][INFO] - Starting 'Chrome' driver

2020-01-13 11:11:41 - [MESSAGE][PASSED] - Browser is opened with url: 'https://p4p-qa-bg.aws.paradise4paws.com/login/'

2020-01-13 11:11:41 - [TEST_STEP][PASSED] - maximizeWindow(): Current window maximized

2020-01-13 11:11:41 - [MESSAGE][PASSED] - Current window maximized

2020-01-13 11:11:41 - [TEST_STEP][PASSED] - arryPets = var_pets.split(","): null

2020-01-13 11:11:41 - [TEST_STEP][PASSED] - flagBoar = "0": null

2020-01-13 11:11:41 - [TEST_STEP][PASSED] - log = new com.kms.katalon.core.logging.KeywordLogger(): null

2020-01-13 11:11:41 - [TEST_STEP][PASSED] - fisInv = new java.io.FileInputStream(/home/leonardo-arkusmty/Desktop/P4P/DATA_AUTOMATINTESTING/data_3createInvoice.xlsx): null

2020-01-13 11:11:41 - [TEST_STEP][PASSED] - fisPay = new java.io.FileInputStream(/home/leonardo-arkusmty/Desktop/P4P/DATA_AUTOMATINTESTING/data_4payment.xlsx): null

2020-01-13 11:11:41 - [TEST_STEP][PASSED] - workbookInv = new org.apache.poi.xssf.usermodel.XSSFWorkbook(fisInv): null

2020-01-13 11:11:41 - [TEST_STEP][PASSED] - workbookPay = new org.apache.poi.xssf.usermodel.XSSFWorkbook(fisPay): null

2020-01-13 11:11:41 - [TEST_STEP][PASSED] - sheetInv = workbookInv.getSheet("Sheet1"): null

2020-01-13 11:11:41 - [TEST_STEP][PASSED] - sheetPay = workbookPay.getSheet("Sheet1"): null

2020-01-13 11:11:41 - [TEST_STEP][PASSED] - var = Integer.parseInt(var_idRowRes): null

2020-01-13 11:11:41 - [TEST_STEP][PASSED] - rowInv = sheetInv.getRow(var): null

2020-01-13 11:11:41 - [TEST_STEP][PASSED] - rowPay = sheetPay.getRow(var): null

2020-01-13 11:11:41 - [TEST_STEP][PASSED] - today = new java.util.Date(): null

2020-01-13 11:11:41 - [TEST_STEP][PASSED] - todaysDate1 = today.format("mmm/dd/yy"): null

2020-01-13 11:11:41 - [TEST_STEP][PASSED] - todaysDate2 = today.format("dd/mm/yy"): null

2020-01-13 11:11:41 - [TEST_STEP][PASSED] - todaysDate3 = today.format("dd"): null

2020-01-13 11:11:41 - [TEST_STEP][PASSED] - nowTime = today.format("hhmm"): null

2020-01-13 11:11:41 - [TEST_STEP][PASSED] - setText(findTestObject("obj_login/input_user"), var_user): Text 'jegchavez@gmail.com' is set on object 'Object Repository/obj_login/input_user'

2020-01-13 11:11:42 - [MESSAGE][PASSED] - Text 'jegchavez@gmail.com' is set on object 'Object Repository/obj_login/input_user'

2020-01-13 11:11:42 - [TEST_STEP][PASSED] - setText(findTestObject("obj_login/input_pass"), var_pass): Text 'admin1' is set on object 'Object Repository/obj_login/input_pass'

2020-01-13 11:11:42 - [MESSAGE][PASSED] - Text 'admin1' is set on object 'Object Repository/obj_login/input_pass'

2020-01-13 11:11:42 - [TEST_STEP][PASSED] - delay(2): Delayed 2 second(s)

2020-01-13 11:11:44 - [MESSAGE][PASSED] - Delayed 2 second(s)

2020-01-13 11:11:44 - [TEST_STEP][PASSED] - verifyElementClickable(findTestObject("obj_login/btn_login")): Object 'Object Repository/obj_login/btn_login' is clickable

2020-01-13 11:11:44 - [MESSAGE][PASSED] - Object 'Object Repository/obj_login/btn_login' is clickable

2020-01-13 11:11:44 - [TEST_STEP][PASSED] - click(findTestObject("obj_login/btn_login")): Object: 'Object Repository/obj_login/btn_login' is clicked on

2020-01-13 11:11:46 - [MESSAGE][PASSED] - Object: 'Object Repository/obj_login/btn_login' is clicked on

2020-01-13 11:11:46 - [TEST_STEP][PASSED] - delay(2): Delayed 2 second(s)

2020-01-13 11:11:48 - [MESSAGE][PASSED] - Delayed 2 second(s)

2020-01-13 11:11:48 - [TEST_STEP][PASSED] - setText(findTestObject("obj_dashboard_emp/input_search"), var_parent): Text 'leongarzagarza@hotmail.com' is set on object 'Object Repository/obj_dashboard_emp/input_search'

2020-01-13 11:11:48 - [MESSAGE][PASSED] - Text 'leongarzagarza@hotmail.com' is set on object 'Object Repository/obj_dashboard_emp/input_search'

2020-01-13 11:11:48 - [TEST_STEP][PASSED] - click(findTestObject("obj_dashboard_emp/btn_accountSearch")): Object: 'Object Repository/obj_dashboard_emp/btn_accountSearch' is clicked on

2020-01-13 11:11:49 - [MESSAGE][PASSED] - Object: 'Object Repository/obj_dashboard_emp/btn_accountSearch' is clicked on

2020-01-13 11:11:49 - [TEST_STEP][PASSED] - delay(2): Delayed 2 second(s)

2020-01-13 11:11:51 - [MESSAGE][PASSED] - Delayed 2 second(s)

2020-01-13 11:11:51 - [TEST_STEP][PASSED] - click(findTestObject("obj_accountInformation/a_TEST GABRIEL PROD")): Object: 'Object Repository/obj_accountInformation/a_TEST GABRIEL PROD' is clicked on

2020-01-13 11:11:52 - [MESSAGE][PASSED] - Object: 'Object Repository/obj_accountInformation/a_TEST GABRIEL PROD' is clicked on

2020-01-13 11:11:52 - [TEST_STEP][PASSED] - delay(2): Delayed 2 second(s)

2020-01-13 11:11:54 - [MESSAGE][PASSED] - Delayed 2 second(s)

2020-01-13 11:11:54 - [TEST_STEP][PASSED] - click(findTestObject("obj_invoce/btn_createInvoice")): Object: 'Object Repository/obj_invoce/btn_createInvoice' is clicked on

2020-01-13 11:11:56 - [MESSAGE][PASSED] - Object: 'Object Repository/obj_invoce/btn_createInvoice' is clicked on

2020-01-13 11:11:56 - [TEST_STEP][PASSED] - delay(3): Delayed 3 second(s)

2020-01-13 11:11:59 - [MESSAGE][PASSED] - Delayed 3 second(s)

2020-01-13 11:11:59 - [TEST_STEP][PASSED] - if (arryPets.size() == 1): null

2020-01-13 11:11:59 - [TEST_STEP][FAILED] - if (arryPets.size() == 2): Unable to click on object 'Object Repository/obj_invoce/new_invoice/new_invoice_sub2/a_Taxes ()_select2-choice_2' (Root cause: com.kms.katalon.core.exception.StepFailedException: Unable to click on object 'Object Repository/obj_invoce/new_invoice/new_invoice_sub2/a_Taxes ()_select2-choice_2'
	at com.kms.katalon.core.webui.keyword.internal.WebUIKeywordMain.stepFailed(WebUIKeywordMain.groovy:64)
	at com.kms.katalon.core.webui.keyword.internal.WebUIKeywordMain.runKeyword(WebUIKeywordMain.groovy:26)
	at com.kms.katalon.core.webui.keyword.builtin.ClickKeyword.click(ClickKeyword.groovy:99)
	at com.kms.katalon.core.webui.keyword.builtin.ClickKeyword.execute(ClickKeyword.groovy:43)
	at com.kms.katalon.core.keyword.internal.KeywordExecutor.executeKeywordForPlatform(KeywordExecutor.groovy:60)
	at com.kms.katalon.core.webui.keyword.WebUiBuiltInKeywords.click(WebUiBuiltInKeywords.groovy:616)
	at com.kms.katalon.core.webui.keyword.WebUiBuiltInKeywords$click$3.call(Unknown Source)
	at p4p_createInvoce_ok_spy.run(p4p_createInvoce_ok_spy:158)
	at com.kms.katalon.core.main.ScriptEngine.run(ScriptEngine.java:194)
	at com.kms.katalon.core.main.ScriptEngine.runScriptAsRawText(ScriptEngine.java:119)
	at com.kms.katalon.core.main.TestCaseExecutor.runScript(TestCaseExecutor.java:337)
	at com.kms.katalon.core.main.TestCaseExecutor.doExecute(TestCaseExecutor.java:328)
	at com.kms.katalon.core.main.TestCaseExecutor.processExecutionPhase(TestCaseExecutor.java:307)
	at com.kms.katalon.core.main.TestCaseExecutor.accessMainPhase(TestCaseExecutor.java:299)
	at com.kms.katalon.core.main.TestCaseExecutor.execute(TestCaseExecutor.java:233)
	at com.kms.katalon.core.main.TestSuiteExecutor.accessTestCaseMainPhase(TestSuiteExecutor.java:169)
	at com.kms.katalon.core.main.TestSuiteExecutor.accessTestSuiteMainPhase(TestSuiteExecutor.java:142)
	at com.kms.katalon.core.main.TestSuiteExecutor.execute(TestSuiteExecutor.java:91)
	at com.kms.katalon.core.main.TestCaseMain.startTestSuite(TestCaseMain.java:157)
	at com.kms.katalon.core.main.TestCaseMain$startTestSuite$0.call(Unknown Source)
	at TempTestSuite1578934720363.run(TempTestSuite1578934720363.groovy:36)
Caused by: com.kms.katalon.core.webui.exception.WebElementNotFoundException: Web element with id: 'Object Repository/obj_invoce/new_invoice/new_invoice_sub2/a_Taxes ()_select2-choice_2' located by 'By.xpath: (//a[@onclick='return false;'])[3]' not found
	at com.kms.katalon.core.webui.common.WebUiCommonHelper.findWebElement(WebUiCommonHelper.java:1113)
	at com.kms.katalon.core.webui.keyword.internal.WebUIAbstractKeyword.findWebElement(WebUIAbstractKeyword.groovy:27)
	at com.kms.katalon.core.webui.keyword.internal.WebUIAbstractKeyword.findWebElement(WebUIAbstractKeyword.groovy:26)
	at com.kms.katalon.core.webui.keyword.builtin.ClickKeyword$_click_closure1.doCall(ClickKeyword.groovy:68)
	at com.kms.katalon.core.webui.keyword.builtin.ClickKeyword$_click_closure1.call(ClickKeyword.groovy)
	at com.kms.katalon.core.webui.keyword.internal.WebUIKeywordMain.runKeyword(WebUIKeywordMain.groovy:20)
	at com.kms.katalon.core.webui.keyword.builtin.ClickKeyword.click(ClickKeyword.groovy:99)
	at com.kms.katalon.core.webui.keyword.builtin.ClickKeyword.execute(ClickKeyword.groovy:43)
	at com.kms.katalon.core.keyword.internal.KeywordExecutor.executeKeywordForPlatform(KeywordExecutor.groovy:60)
	at com.kms.katalon.core.webui.keyword.WebUiBuiltInKeywords.click(WebUiBuiltInKeywords.groovy:616)
	at com.kms.katalon.core.webui.keyword.WebUiBuiltInKeywords$click$3.call(Unknown Source)
	at Script1578378640799.run(Script1578378640799.groovy:158)
	... 13 more
)

2020-01-13 11:11:59 - [TEST_STEP][PASSED] - click(findTestObject("obj_invoce/new_invoice/new_invoice_sub/btn_AddLineItem")): Object: 'Object Repository/obj_invoce/new_invoice/new_invoice_sub/btn_AddLineItem' is clicked on

2020-01-13 11:11:59 - [MESSAGE][PASSED] - Object: 'Object Repository/obj_invoce/new_invoice/new_invoice_sub/btn_AddLineItem' is clicked on

2020-01-13 11:11:59 - [TEST_STEP][PASSED] - delay(3): Delayed 3 second(s)

2020-01-13 11:12:02 - [MESSAGE][PASSED] - Delayed 3 second(s)

2020-01-13 11:12:02 - [TEST_STEP][PASSED] - click(findTestObject("obj_invoce/new_invoice/new_invoice_sub/a_Taxes ()_select2-choice_1")): Object: 'Object Repository/obj_invoce/new_invoice/new_invoice_sub/a_Taxes ()_select2-choice_1' is clicked on

2020-01-13 11:12:02 - [MESSAGE][PASSED] - Object: 'Object Repository/obj_invoce/new_invoice/new_invoice_sub/a_Taxes ()_select2-choice_1' is clicked on

2020-01-13 11:12:02 - [TEST_STEP][PASSED] - delay(3): Delayed 3 second(s)

2020-01-13 11:12:05 - [MESSAGE][PASSED] - Delayed 3 second(s)

2020-01-13 11:12:05 - [TEST_STEP][PASSED] - click(findTestObject("obj_invoce/new_invoice/new_invoice_sub/div_Zeus")): Object: 'Object Repository/obj_invoce/new_invoice/new_invoice_sub/div_Zeus' is clicked on

2020-01-13 11:12:06 - [MESSAGE][PASSED] - Object: 'Object Repository/obj_invoce/new_invoice/new_invoice_sub/div_Zeus' is clicked on

2020-01-13 11:12:06 - [TEST_STEP][NOT_RUN] - click(findTestObject("obj_invoce/new_invoice/new_invoice_sub/b")): NOT_RUN: click(findTestObject("obj_invoce/new_invoice/new_invoice_sub/b"))

2020-01-13 11:12:06 - [MESSAGE][NOT_RUN] - NOT_RUN: click(findTestObject("obj_invoce/new_invoice/new_invoice_sub/b"))

2020-01-13 11:12:06 - [TEST_STEP][NOT_RUN] - click(findTestObject("obj_invoce/new_invoice/new_invoice_sub/select_BOARDING_SUITEDAYCARE_SUITESPA_SUITE")): NOT_RUN: click(findTestObject("obj_invoce/new_invoice/new_invoice_sub/select_BOARDING_SUITEDAYCARE_SUITESPA_SUITE"))

2020-01-13 11:12:06 - [MESSAGE][NOT_RUN] - NOT_RUN: click(findTestObject("obj_invoce/new_invoice/new_invoice_sub/select_BOARDING_SUITEDAYCARE_SUITESPA_SUITE"))

2020-01-13 11:12:06 - [TEST_STEP][PASSED] - delay(3): Delayed 3 second(s)

2020-01-13 11:12:09 - [MESSAGE][PASSED] - Delayed 3 second(s)

2020-01-13 11:12:09 - [TEST_STEP][PASSED] - if (var_type == "BOARDING_SUITE"): null

2020-01-13 11:12:09 - [TEST_STEP][PASSED] - if (var_type == "DAYCARE_SUITE"): null

2020-01-13 11:12:09 - [TEST_STEP][PASSED] - if (var_type == "PACKAGE"): Object: 'Object Repository/obj_invoce/new_invoice_ok_1/select_package' is clicked on

2020-01-13 11:12:09 - [TEST_STEP][PASSED] - click(findTestObject("obj_invoce/new_invoice_ok_1/select_package"), STOP_ON_FAILURE): Object: 'Object Repository/obj_invoce/new_invoice_ok_1/select_package' is clicked on

2020-01-13 11:12:10 - [MESSAGE][PASSED] - Object: 'Object Repository/obj_invoce/new_invoice_ok_1/select_package' is clicked on

2020-01-13 11:12:10 - [TEST_STEP][PASSED] - delay(4): Delayed 4 second(s)

2020-01-13 11:12:14 - [MESSAGE][PASSED] - Delayed 4 second(s)

2020-01-13 11:12:14 - [TEST_STEP][PASSED] - sendKeys(findTestObject("obj_invoce/new_invoice/new_invoice_sub/input_Taxes_Item_1"), var_item): Keys 'Half Day of Daycare' sent to object: 'Object Repository/obj_invoce/new_invoice/new_invoice_sub/input_Taxes_Item_1'

2020-01-13 11:12:14 - [MESSAGE][PASSED] - Keys 'Half Day of Daycare' sent to object: 'Object Repository/obj_invoce/new_invoice/new_invoice_sub/input_Taxes_Item_1'

2020-01-13 11:12:14 - [TEST_STEP][PASSED] - delay(4): Delayed 4 second(s)

2020-01-13 11:12:18 - [MESSAGE][PASSED] - Delayed 4 second(s)

2020-01-13 11:12:18 - [TEST_STEP][PASSED] - sendKeys(findTestObject("obj_invoce/new_invoice/new_invoice_sub/input_Taxes_Item_1"), Keys.chord(ENTER)): Keys 'ENTER + ' sent to object: 'Object Repository/obj_invoce/new_invoice/new_invoice_sub/input_Taxes_Item_1'

2020-01-13 11:12:19 - [MESSAGE][PASSED] - Keys 'ENTER + ' sent to object: 'Object Repository/obj_invoce/new_invoice/new_invoice_sub/input_Taxes_Item_1'

2020-01-13 11:12:19 - [TEST_STEP][PASSED] - delay(4): Delayed 4 second(s)

2020-01-13 11:12:23 - [MESSAGE][PASSED] - Delayed 4 second(s)

2020-01-13 11:12:23 - [TEST_STEP][PASSED] - click(findTestObject("obj_invoce/new_invoice/new_invoice_sub/btn_AddLineItem")): Object: 'Object Repository/obj_invoce/new_invoice/new_invoice_sub/btn_AddLineItem' is clicked on

2020-01-13 11:12:26 - [MESSAGE][PASSED] - Object: 'Object Repository/obj_invoce/new_invoice/new_invoice_sub/btn_AddLineItem' is clicked on

2020-01-13 11:12:26 - [TEST_STEP][PASSED] - delay(3): Delayed 3 second(s)

2020-01-13 11:12:29 - [MESSAGE][PASSED] - Delayed 3 second(s)

2020-01-13 11:12:29 - [TEST_STEP][FAILED] - click(findTestObject("obj_invoce/new_invoice/new_invoice_sub2/a_Taxes ()_select2-choice_2")): Unable to click on object 'Object Repository/obj_invoce/new_invoice/new_invoice_sub2/a_Taxes ()_select2-choice_2' (Root cause: com.kms.katalon.core.exception.StepFailedException: Unable to click on object 'Object Repository/obj_invoce/new_invoice/new_invoice_sub2/a_Taxes ()_select2-choice_2'
	at com.kms.katalon.core.webui.keyword.internal.WebUIKeywordMain.stepFailed(WebUIKeywordMain.groovy:64)
	at com.kms.katalon.core.webui.keyword.internal.WebUIKeywordMain.runKeyword(WebUIKeywordMain.groovy:26)
	at com.kms.katalon.core.webui.keyword.builtin.ClickKeyword.click(ClickKeyword.groovy:99)
	at com.kms.katalon.core.webui.keyword.builtin.ClickKeyword.execute(ClickKeyword.groovy:43)
	at com.kms.katalon.core.keyword.internal.KeywordExecutor.executeKeywordForPlatform(KeywordExecutor.groovy:60)
	at com.kms.katalon.core.webui.keyword.WebUiBuiltInKeywords.click(WebUiBuiltInKeywords.groovy:616)
	at com.kms.katalon.core.webui.keyword.WebUiBuiltInKeywords$click$3.call(Unknown Source)
	at p4p_createInvoce_ok_spy.run(p4p_createInvoce_ok_spy:158)
	at com.kms.katalon.core.main.ScriptEngine.run(ScriptEngine.java:194)
	at com.kms.katalon.core.main.ScriptEngine.runScriptAsRawText(ScriptEngine.java:119)
	at com.kms.katalon.core.main.TestCaseExecutor.runScript(TestCaseExecutor.java:337)
	at com.kms.katalon.core.main.TestCaseExecutor.doExecute(TestCaseExecutor.java:328)
	at com.kms.katalon.core.main.TestCaseExecutor.processExecutionPhase(TestCaseExecutor.java:307)
	at com.kms.katalon.core.main.TestCaseExecutor.accessMainPhase(TestCaseExecutor.java:299)
	at com.kms.katalon.core.main.TestCaseExecutor.execute(TestCaseExecutor.java:233)
	at com.kms.katalon.core.main.TestSuiteExecutor.accessTestCaseMainPhase(TestSuiteExecutor.java:169)
	at com.kms.katalon.core.main.TestSuiteExecutor.accessTestSuiteMainPhase(TestSuiteExecutor.java:142)
	at com.kms.katalon.core.main.TestSuiteExecutor.execute(TestSuiteExecutor.java:91)
	at com.kms.katalon.core.main.TestCaseMain.startTestSuite(TestCaseMain.java:157)
	at com.kms.katalon.core.main.TestCaseMain$startTestSuite$0.call(Unknown Source)
	at TempTestSuite1578934720363.run(TempTestSuite1578934720363.groovy:36)
Caused by: com.kms.katalon.core.webui.exception.WebElementNotFoundException: Web element with id: 'Object Repository/obj_invoce/new_invoice/new_invoice_sub2/a_Taxes ()_select2-choice_2' located by 'By.xpath: (//a[@onclick='return false;'])[3]' not found
	at com.kms.katalon.core.webui.common.WebUiCommonHelper.findWebElement(WebUiCommonHelper.java:1113)
	at com.kms.katalon.core.webui.keyword.internal.WebUIAbstractKeyword.findWebElement(WebUIAbstractKeyword.groovy:27)
	at com.kms.katalon.core.webui.keyword.internal.WebUIAbstractKeyword.findWebElement(WebUIAbstractKeyword.groovy:26)
	at com.kms.katalon.core.webui.keyword.builtin.ClickKeyword$_click_closure1.doCall(ClickKeyword.groovy:68)
	at com.kms.katalon.core.webui.keyword.builtin.ClickKeyword$_click_closure1.call(ClickKeyword.groovy)
	at com.kms.katalon.core.webui.keyword.internal.WebUIKeywordMain.runKeyword(WebUIKeywordMain.groovy:20)
	at com.kms.katalon.core.webui.keyword.builtin.ClickKeyword.click(ClickKeyword.groovy:99)
	at com.kms.katalon.core.webui.keyword.builtin.ClickKeyword.execute(ClickKeyword.groovy:43)
	at com.kms.katalon.core.keyword.internal.KeywordExecutor.executeKeywordForPlatform(KeywordExecutor.groovy:60)
	at com.kms.katalon.core.webui.keyword.WebUiBuiltInKeywords.click(WebUiBuiltInKeywords.groovy:616)
	at com.kms.katalon.core.webui.keyword.WebUiBuiltInKeywords$click$3.call(Unknown Source)
	at Script1578378640799.run(Script1578378640799.groovy:158)
	... 13 more
)

2020-01-13 11:13:15 - [MESSAGE][INFO] - Unable to find the element located by 'By.xpath: (//a[@onclick='return false;'])[3]'. Please recheck the objects properties to make sure the desired element is located. 

2020-01-13 11:13:15 - [MESSAGE][FAILED] - Unable to click on object 'Object Repository/obj_invoce/new_invoice/new_invoice_sub2/a_Taxes ()_select2-choice_2' (Root cause: com.kms.katalon.core.exception.StepFailedException: Unable to click on object 'Object Repository/obj_invoce/new_invoice/new_invoice_sub2/a_Taxes ()_select2-choice_2'
	at com.kms.katalon.core.webui.keyword.internal.WebUIKeywordMain.stepFailed(WebUIKeywordMain.groovy:64)
	at com.kms.katalon.core.webui.keyword.internal.WebUIKeywordMain.runKeyword(WebUIKeywordMain.groovy:26)
	at com.kms.katalon.core.webui.keyword.builtin.ClickKeyword.click(ClickKeyword.groovy:99)
	at com.kms.katalon.core.webui.keyword.builtin.ClickKeyword.execute(ClickKeyword.groovy:43)
	at com.kms.katalon.core.keyword.internal.KeywordExecutor.executeKeywordForPlatform(KeywordExecutor.groovy:60)
	at com.kms.katalon.core.webui.keyword.WebUiBuiltInKeywords.click(WebUiBuiltInKeywords.groovy:616)
	at com.kms.katalon.core.webui.keyword.WebUiBuiltInKeywords$click$3.call(Unknown Source)
	at p4p_createInvoce_ok_spy.run(p4p_createInvoce_ok_spy:158)
	at com.kms.katalon.core.main.ScriptEngine.run(ScriptEngine.java:194)
	at com.kms.katalon.core.main.ScriptEngine.runScriptAsRawText(ScriptEngine.java:119)
	at com.kms.katalon.core.main.TestCaseExecutor.runScript(TestCaseExecutor.java:337)
	at com.kms.katalon.core.main.TestCaseExecutor.doExecute(TestCaseExecutor.java:328)
	at com.kms.katalon.core.main.TestCaseExecutor.processExecutionPhase(TestCaseExecutor.java:307)
	at com.kms.katalon.core.main.TestCaseExecutor.accessMainPhase(TestCaseExecutor.java:299)
	at com.kms.katalon.core.main.TestCaseExecutor.execute(TestCaseExecutor.java:233)
	at com.kms.katalon.core.main.TestSuiteExecutor.accessTestCaseMainPhase(TestSuiteExecutor.java:169)
	at com.kms.katalon.core.main.TestSuiteExecutor.accessTestSuiteMainPhase(TestSuiteExecutor.java:142)
	at com.kms.katalon.core.main.TestSuiteExecutor.execute(TestSuiteExecutor.java:91)
	at com.kms.katalon.core.main.TestCaseMain.startTestSuite(TestCaseMain.java:157)
	at com.kms.katalon.core.main.TestCaseMain$startTestSuite$0.call(Unknown Source)
	at TempTestSuite1578934720363.run(TempTestSuite1578934720363.groovy:36)
Caused by: com.kms.katalon.core.webui.exception.WebElementNotFoundException: Web element with id: 'Object Repository/obj_invoce/new_invoice/new_invoice_sub2/a_Taxes ()_select2-choice_2' located by 'By.xpath: (//a[@onclick='return false;'])[3]' not found
	at com.kms.katalon.core.webui.common.WebUiCommonHelper.findWebElement(WebUiCommonHelper.java:1113)
	at com.kms.katalon.core.webui.keyword.internal.WebUIAbstractKeyword.findWebElement(WebUIAbstractKeyword.groovy:27)
	at com.kms.katalon.core.webui.keyword.internal.WebUIAbstractKeyword.findWebElement(WebUIAbstractKeyword.groovy:26)
	at com.kms.katalon.core.webui.keyword.builtin.ClickKeyword$_click_closure1.doCall(ClickKeyword.groovy:68)
	at com.kms.katalon.core.webui.keyword.builtin.ClickKeyword$_click_closure1.call(ClickKeyword.groovy)
	at com.kms.katalon.core.webui.keyword.internal.WebUIKeywordMain.runKeyword(WebUIKeywordMain.groovy:20)
	at com.kms.katalon.core.webui.keyword.builtin.ClickKeyword.click(ClickKeyword.groovy:99)
	at com.kms.katalon.core.webui.keyword.builtin.ClickKeyword.execute(ClickKeyword.groovy:43)
	at com.kms.katalon.core.keyword.internal.KeywordExecutor.executeKeywordForPlatform(KeywordExecutor.groovy:60)
	at com.kms.katalon.core.webui.keyword.WebUiBuiltInKeywords.click(WebUiBuiltInKeywords.groovy:616)
	at com.kms.katalon.core.webui.keyword.WebUiBuiltInKeywords$click$3.call(Unknown Source)
	at Script1578378640799.run(Script1578378640799.groovy:158)
	... 13 more
)
[[ATTACHMENT|/home/leonardo-arkusmty/Documents/workspaceKatalon/p4ptest/Reports/20200113_105840/ts_createInvoice/20200113_105840/1578935595109.png]]]]></system-out>
         <system-err><![CDATA[2020-01-13 11:11:39 - [TEST_CASE][FAILED] - Test Cases/p4p_createInvoce_ok_spy: Test Cases/p4p_createInvoce_ok_spy FAILED.
Reason:
com.kms.katalon.core.exception.StepFailedException: Unable to click on object 'Object Repository/obj_invoce/new_invoice/new_invoice_sub2/a_Taxes ()_select2-choice_2'
	at com.kms.katalon.core.webui.keyword.internal.WebUIKeywordMain.stepFailed(WebUIKeywordMain.groovy:64)
	at com.kms.katalon.core.webui.keyword.internal.WebUIKeywordMain.runKeyword(WebUIKeywordMain.groovy:26)
	at com.kms.katalon.core.webui.keyword.builtin.ClickKeyword.click(ClickKeyword.groovy:99)
	at com.kms.katalon.core.webui.keyword.builtin.ClickKeyword.execute(ClickKeyword.groovy:43)
	at com.kms.katalon.core.keyword.internal.KeywordExecutor.executeKeywordForPlatform(KeywordExecutor.groovy:60)
	at com.kms.katalon.core.webui.keyword.WebUiBuiltInKeywords.click(WebUiBuiltInKeywords.groovy:616)
	at com.kms.katalon.core.webui.keyword.WebUiBuiltInKeywords$click$3.call(Unknown Source)
	at p4p_createInvoce_ok_spy.run(p4p_createInvoce_ok_spy:158)
	at com.kms.katalon.core.main.ScriptEngine.run(ScriptEngine.java:194)
	at com.kms.katalon.core.main.ScriptEngine.runScriptAsRawText(ScriptEngine.java:119)
	at com.kms.katalon.core.main.TestCaseExecutor.runScript(TestCaseExecutor.java:337)
	at com.kms.katalon.core.main.TestCaseExecutor.doExecute(TestCaseExecutor.java:328)
	at com.kms.katalon.core.main.TestCaseExecutor.processExecutionPhase(TestCaseExecutor.java:307)
	at com.kms.katalon.core.main.TestCaseExecutor.accessMainPhase(TestCaseExecutor.java:299)
	at com.kms.katalon.core.main.TestCaseExecutor.execute(TestCaseExecutor.java:233)
	at com.kms.katalon.core.main.TestSuiteExecutor.accessTestCaseMainPhase(TestSuiteExecutor.java:169)
	at com.kms.katalon.core.main.TestSuiteExecutor.accessTestSuiteMainPhase(TestSuiteExecutor.java:142)
	at com.kms.katalon.core.main.TestSuiteExecutor.execute(TestSuiteExecutor.java:91)
	at com.kms.katalon.core.main.TestCaseMain.startTestSuite(TestCaseMain.java:157)
	at com.kms.katalon.core.main.TestCaseMain$startTestSuite$0.call(Unknown Source)
	at TempTestSuite1578934720363.run(TempTestSuite1578934720363.groovy:36)
Caused by: com.kms.katalon.core.webui.exception.WebElementNotFoundException: Web element with id: 'Object Repository/obj_invoce/new_invoice/new_invoice_sub2/a_Taxes ()_select2-choice_2' located by 'By.xpath: (//a[@onclick='return false;'])[3]' not found
	at com.kms.katalon.core.webui.common.WebUiCommonHelper.findWebElement(WebUiCommonHelper.java:1113)
	at com.kms.katalon.core.webui.keyword.internal.WebUIAbstractKeyword.findWebElement(WebUIAbstractKeyword.groovy:27)
	at com.kms.katalon.core.webui.keyword.internal.WebUIAbstractKeyword.findWebElement(WebUIAbstractKeyword.groovy:26)
	at com.kms.katalon.core.webui.keyword.builtin.ClickKeyword$_click_closure1.doCall(ClickKeyword.groovy:68)
	at com.kms.katalon.core.webui.keyword.builtin.ClickKeyword$_click_closure1.call(ClickKeyword.groovy)
	at com.kms.katalon.core.webui.keyword.internal.WebUIKeywordMain.runKeyword(WebUIKeywordMain.groovy:20)
	... 19 more]]></system-err>
      </testcase>
      <testcase name="Test Cases/p4p_createInvoce_ok_spy" time="95.68" classname="Test Cases/p4p_createInvoce_ok_spy" status="FAILED">
         <failure type="FAILED" message="Test Cases/p4p_createInvoce_ok_spy FAILED.
Reason:
com.kms.katalon.core.exception.StepFailedException: Unable to click on object 'Object Repository/obj_invoce/new_invoice/new_invoice_sub2/a_Taxes ()_select2-choice_2'
	at com.kms.katalon.core.webui.keyword.internal.WebUIKeywordMain.stepFailed(WebUIKeywordMain.groovy:64)
	at com.kms.katalon.core.webui.keyword.internal.WebUIKeywordMain.runKeyword(WebUIKeywordMain.groovy:26)
	at com.kms.katalon.core.webui.keyword.builtin.ClickKeyword.click(ClickKeyword.groovy:99)
	at com.kms.katalon.core.webui.keyword.builtin.ClickKeyword.execute(ClickKeyword.groovy:43)
	at com.kms.katalon.core.keyword.internal.KeywordExecutor.executeKeywordForPlatform(KeywordExecutor.groovy:60)
	at com.kms.katalon.core.webui.keyword.WebUiBuiltInKeywords.click(WebUiBuiltInKeywords.groovy:616)
	at com.kms.katalon.core.webui.keyword.WebUiBuiltInKeywords$click$3.call(Unknown Source)
	at p4p_createInvoce_ok_spy.run(p4p_createInvoce_ok_spy:250)
	at com.kms.katalon.core.main.ScriptEngine.run(ScriptEngine.java:194)
	at com.kms.katalon.core.main.ScriptEngine.runScriptAsRawText(ScriptEngine.java:119)
	at com.kms.katalon.core.main.TestCaseExecutor.runScript(TestCaseExecutor.java:337)
	at com.kms.katalon.core.main.TestCaseExecutor.doExecute(TestCaseExecutor.java:328)
	at com.kms.katalon.core.main.TestCaseExecutor.processExecutionPhase(TestCaseExecutor.java:307)
	at com.kms.katalon.core.main.TestCaseExecutor.accessMainPhase(TestCaseExecutor.java:299)
	at com.kms.katalon.core.main.TestCaseExecutor.execute(TestCaseExecutor.java:233)
	at com.kms.katalon.core.main.TestSuiteExecutor.accessTestCaseMainPhase(TestSuiteExecutor.java:169)
	at com.kms.katalon.core.main.TestSuiteExecutor.accessTestSuiteMainPhase(TestSuiteExecutor.java:142)
	at com.kms.katalon.core.main.TestSuiteExecutor.execute(TestSuiteExecutor.java:91)
	at com.kms.katalon.core.main.TestCaseMain.startTestSuite(TestCaseMain.java:157)
	at com.kms.katalon.core.main.TestCaseMain$startTestSuite$0.call(Unknown Source)
	at TempTestSuite1578934720363.run(TempTestSuite1578934720363.groovy:36)
Caused by: com.kms.katalon.core.webui.exception.WebElementNotFoundException: Web element with id: 'Object Repository/obj_invoce/new_invoice/new_invoice_sub2/a_Taxes ()_select2-choice_2' located by 'By.xpath: (//a[@onclick='return false;'])[3]' not found
	at com.kms.katalon.core.webui.common.WebUiCommonHelper.findWebElement(WebUiCommonHelper.java:1113)
	at com.kms.katalon.core.webui.keyword.internal.WebUIAbstractKeyword.findWebElement(WebUIAbstractKeyword.groovy:27)
	at com.kms.katalon.core.webui.keyword.internal.WebUIAbstractKeyword.findWebElement(WebUIAbstractKeyword.groovy:26)
	at com.kms.katalon.core.webui.keyword.builtin.ClickKeyword$_click_closure1.doCall(ClickKeyword.groovy:68)
	at com.kms.katalon.core.webui.keyword.builtin.ClickKeyword$_click_closure1.call(ClickKeyword.groovy)
	at com.kms.katalon.core.webui.keyword.internal.WebUIKeywordMain.runKeyword(WebUIKeywordMain.groovy:20)
	... 19 more
"/>
         <system-out><![CDATA[2020-01-13 11:13:15 - [TEST_CASE][FAILED] - Test Cases/p4p_createInvoce_ok_spy: Test Cases/p4p_createInvoce_ok_spy FAILED.
Reason:
com.kms.katalon.core.exception.StepFailedException: Unable to click on object 'Object Repository/obj_invoce/new_invoice/new_invoice_sub2/a_Taxes ()_select2-choice_2'
	at com.kms.katalon.core.webui.keyword.internal.WebUIKeywordMain.stepFailed(WebUIKeywordMain.groovy:64)
	at com.kms.katalon.core.webui.keyword.internal.WebUIKeywordMain.runKeyword(WebUIKeywordMain.groovy:26)
	at com.kms.katalon.core.webui.keyword.builtin.ClickKeyword.click(ClickKeyword.groovy:99)
	at com.kms.katalon.core.webui.keyword.builtin.ClickKeyword.execute(ClickKeyword.groovy:43)
	at com.kms.katalon.core.keyword.internal.KeywordExecutor.executeKeywordForPlatform(KeywordExecutor.groovy:60)
	at com.kms.katalon.core.webui.keyword.WebUiBuiltInKeywords.click(WebUiBuiltInKeywords.groovy:616)
	at com.kms.katalon.core.webui.keyword.WebUiBuiltInKeywords$click$3.call(Unknown Source)
	at p4p_createInvoce_ok_spy.run(p4p_createInvoce_ok_spy:250)
	at com.kms.katalon.core.main.ScriptEngine.run(ScriptEngine.java:194)
	at com.kms.katalon.core.main.ScriptEngine.runScriptAsRawText(ScriptEngine.java:119)
	at com.kms.katalon.core.main.TestCaseExecutor.runScript(TestCaseExecutor.java:337)
	at com.kms.katalon.core.main.TestCaseExecutor.doExecute(TestCaseExecutor.java:328)
	at com.kms.katalon.core.main.TestCaseExecutor.processExecutionPhase(TestCaseExecutor.java:307)
	at com.kms.katalon.core.main.TestCaseExecutor.accessMainPhase(TestCaseExecutor.java:299)
	at com.kms.katalon.core.main.TestCaseExecutor.execute(TestCaseExecutor.java:233)
	at com.kms.katalon.core.main.TestSuiteExecutor.accessTestCaseMainPhase(TestSuiteExecutor.java:169)
	at com.kms.katalon.core.main.TestSuiteExecutor.accessTestSuiteMainPhase(TestSuiteExecutor.java:142)
	at com.kms.katalon.core.main.TestSuiteExecutor.execute(TestSuiteExecutor.java:91)
	at com.kms.katalon.core.main.TestCaseMain.startTestSuite(TestCaseMain.java:157)
	at com.kms.katalon.core.main.TestCaseMain$startTestSuite$0.call(Unknown Source)
	at TempTestSuite1578934720363.run(TempTestSuite1578934720363.groovy:36)
Caused by: com.kms.katalon.core.webui.exception.WebElementNotFoundException: Web element with id: 'Object Repository/obj_invoce/new_invoice/new_invoice_sub2/a_Taxes ()_select2-choice_2' located by 'By.xpath: (//a[@onclick='return false;'])[3]' not found
	at com.kms.katalon.core.webui.common.WebUiCommonHelper.findWebElement(WebUiCommonHelper.java:1113)
	at com.kms.katalon.core.webui.keyword.internal.WebUIAbstractKeyword.findWebElement(WebUIAbstractKeyword.groovy:27)
	at com.kms.katalon.core.webui.keyword.internal.WebUIAbstractKeyword.findWebElement(WebUIAbstractKeyword.groovy:26)
	at com.kms.katalon.core.webui.keyword.builtin.ClickKeyword$_click_closure1.doCall(ClickKeyword.groovy:68)
	at com.kms.katalon.core.webui.keyword.builtin.ClickKeyword$_click_closure1.call(ClickKeyword.groovy)
	at com.kms.katalon.core.webui.keyword.internal.WebUIKeywordMain.runKeyword(WebUIKeywordMain.groovy:20)
	... 19 more


2020-01-13 11:13:15 - [TEST_STEP][PASSED] - openBrowser("https://p4p-qa-bg.aws.paradise4paws.com/login/"): Browser is opened with url: 'https://p4p-qa-bg.aws.paradise4paws.com/login/'

2020-01-13 11:13:15 - [MESSAGE][WARNING] - A browser is already opened. Closing browser and opening a new one

2020-01-13 11:13:15 - [MESSAGE][INFO] - Starting 'Chrome' driver

2020-01-13 11:13:17 - [MESSAGE][PASSED] - Browser is opened with url: 'https://p4p-qa-bg.aws.paradise4paws.com/login/'

2020-01-13 11:13:17 - [TEST_STEP][PASSED] - maximizeWindow(): Current window maximized

2020-01-13 11:13:17 - [MESSAGE][PASSED] - Current window maximized

2020-01-13 11:13:17 - [TEST_STEP][PASSED] - arryPets = var_pets.split(","): null

2020-01-13 11:13:17 - [TEST_STEP][PASSED] - flagBoar = "0": null

2020-01-13 11:13:17 - [TEST_STEP][PASSED] - log = new com.kms.katalon.core.logging.KeywordLogger(): null

2020-01-13 11:13:17 - [TEST_STEP][PASSED] - fisInv = new java.io.FileInputStream(/home/leonardo-arkusmty/Desktop/P4P/DATA_AUTOMATINTESTING/data_3createInvoice.xlsx): null

2020-01-13 11:13:17 - [TEST_STEP][PASSED] - fisPay = new java.io.FileInputStream(/home/leonardo-arkusmty/Desktop/P4P/DATA_AUTOMATINTESTING/data_4payment.xlsx): null

2020-01-13 11:13:17 - [TEST_STEP][PASSED] - workbookInv = new org.apache.poi.xssf.usermodel.XSSFWorkbook(fisInv): null

2020-01-13 11:13:17 - [TEST_STEP][PASSED] - workbookPay = new org.apache.poi.xssf.usermodel.XSSFWorkbook(fisPay): null

2020-01-13 11:13:17 - [TEST_STEP][PASSED] - sheetInv = workbookInv.getSheet("Sheet1"): null

2020-01-13 11:13:17 - [TEST_STEP][PASSED] - sheetPay = workbookPay.getSheet("Sheet1"): null

2020-01-13 11:13:17 - [TEST_STEP][PASSED] - var = Integer.parseInt(var_idRowRes): null

2020-01-13 11:13:17 - [TEST_STEP][PASSED] - rowInv = sheetInv.getRow(var): null

2020-01-13 11:13:17 - [TEST_STEP][PASSED] - rowPay = sheetPay.getRow(var): null

2020-01-13 11:13:17 - [TEST_STEP][PASSED] - today = new java.util.Date(): null

2020-01-13 11:13:17 - [TEST_STEP][PASSED] - todaysDate1 = today.format("mmm/dd/yy"): null

2020-01-13 11:13:17 - [TEST_STEP][PASSED] - todaysDate2 = today.format("dd/mm/yy"): null

2020-01-13 11:13:17 - [TEST_STEP][PASSED] - todaysDate3 = today.format("dd"): null

2020-01-13 11:13:17 - [TEST_STEP][PASSED] - nowTime = today.format("hhmm"): null

2020-01-13 11:13:17 - [TEST_STEP][PASSED] - setText(findTestObject("obj_login/input_user"), var_user): Text 'jegchavez@gmail.com' is set on object 'Object Repository/obj_login/input_user'

2020-01-13 11:13:18 - [MESSAGE][PASSED] - Text 'jegchavez@gmail.com' is set on object 'Object Repository/obj_login/input_user'

2020-01-13 11:13:18 - [TEST_STEP][PASSED] - setText(findTestObject("obj_login/input_pass"), var_pass): Text 'admin1' is set on object 'Object Repository/obj_login/input_pass'

2020-01-13 11:13:18 - [MESSAGE][PASSED] - Text 'admin1' is set on object 'Object Repository/obj_login/input_pass'

2020-01-13 11:13:18 - [TEST_STEP][PASSED] - delay(2): Delayed 2 second(s)

2020-01-13 11:13:20 - [MESSAGE][PASSED] - Delayed 2 second(s)

2020-01-13 11:13:20 - [TEST_STEP][PASSED] - verifyElementClickable(findTestObject("obj_login/btn_login")): Object 'Object Repository/obj_login/btn_login' is clickable

2020-01-13 11:13:21 - [MESSAGE][PASSED] - Object 'Object Repository/obj_login/btn_login' is clickable

2020-01-13 11:13:21 - [TEST_STEP][PASSED] - click(findTestObject("obj_login/btn_login")): Object: 'Object Repository/obj_login/btn_login' is clicked on

2020-01-13 11:13:22 - [MESSAGE][PASSED] - Object: 'Object Repository/obj_login/btn_login' is clicked on

2020-01-13 11:13:22 - [TEST_STEP][PASSED] - delay(2): Delayed 2 second(s)

2020-01-13 11:13:24 - [MESSAGE][PASSED] - Delayed 2 second(s)

2020-01-13 11:13:24 - [TEST_STEP][PASSED] - setText(findTestObject("obj_dashboard_emp/input_search"), var_parent): Text 'leongarzagarza@hotmail.com' is set on object 'Object Repository/obj_dashboard_emp/input_search'

2020-01-13 11:13:24 - [MESSAGE][PASSED] - Text 'leongarzagarza@hotmail.com' is set on object 'Object Repository/obj_dashboard_emp/input_search'

2020-01-13 11:13:24 - [TEST_STEP][PASSED] - click(findTestObject("obj_dashboard_emp/btn_accountSearch")): Object: 'Object Repository/obj_dashboard_emp/btn_accountSearch' is clicked on

2020-01-13 11:13:25 - [MESSAGE][PASSED] - Object: 'Object Repository/obj_dashboard_emp/btn_accountSearch' is clicked on

2020-01-13 11:13:25 - [TEST_STEP][PASSED] - delay(2): Delayed 2 second(s)

2020-01-13 11:13:27 - [MESSAGE][PASSED] - Delayed 2 second(s)

2020-01-13 11:13:27 - [TEST_STEP][PASSED] - click(findTestObject("obj_accountInformation/a_TEST GABRIEL PROD")): Object: 'Object Repository/obj_accountInformation/a_TEST GABRIEL PROD' is clicked on

2020-01-13 11:13:28 - [MESSAGE][PASSED] - Object: 'Object Repository/obj_accountInformation/a_TEST GABRIEL PROD' is clicked on

2020-01-13 11:13:28 - [TEST_STEP][PASSED] - delay(2): Delayed 2 second(s)

2020-01-13 11:13:30 - [MESSAGE][PASSED] - Delayed 2 second(s)

2020-01-13 11:13:30 - [TEST_STEP][PASSED] - click(findTestObject("obj_invoce/btn_createInvoice")): Object: 'Object Repository/obj_invoce/btn_createInvoice' is clicked on

2020-01-13 11:13:32 - [MESSAGE][PASSED] - Object: 'Object Repository/obj_invoce/btn_createInvoice' is clicked on

2020-01-13 11:13:32 - [TEST_STEP][PASSED] - delay(3): Delayed 3 second(s)

2020-01-13 11:13:35 - [MESSAGE][PASSED] - Delayed 3 second(s)

2020-01-13 11:13:35 - [TEST_STEP][PASSED] - if (arryPets.size() == 1): null

2020-01-13 11:13:35 - [TEST_STEP][PASSED] - if (arryPets.size() == 2): null

2020-01-13 11:13:35 - [TEST_STEP][FAILED] - if (arryPets.size() == 3): Unable to click on object 'Object Repository/obj_invoce/new_invoice/new_invoice_sub2/a_Taxes ()_select2-choice_2' (Root cause: com.kms.katalon.core.exception.StepFailedException: Unable to click on object 'Object Repository/obj_invoce/new_invoice/new_invoice_sub2/a_Taxes ()_select2-choice_2'
	at com.kms.katalon.core.webui.keyword.internal.WebUIKeywordMain.stepFailed(WebUIKeywordMain.groovy:64)
	at com.kms.katalon.core.webui.keyword.internal.WebUIKeywordMain.runKeyword(WebUIKeywordMain.groovy:26)
	at com.kms.katalon.core.webui.keyword.builtin.ClickKeyword.click(ClickKeyword.groovy:99)
	at com.kms.katalon.core.webui.keyword.builtin.ClickKeyword.execute(ClickKeyword.groovy:43)
	at com.kms.katalon.core.keyword.internal.KeywordExecutor.executeKeywordForPlatform(KeywordExecutor.groovy:60)
	at com.kms.katalon.core.webui.keyword.WebUiBuiltInKeywords.click(WebUiBuiltInKeywords.groovy:616)
	at com.kms.katalon.core.webui.keyword.WebUiBuiltInKeywords$click$3.call(Unknown Source)
	at p4p_createInvoce_ok_spy.run(p4p_createInvoce_ok_spy:250)
	at com.kms.katalon.core.main.ScriptEngine.run(ScriptEngine.java:194)
	at com.kms.katalon.core.main.ScriptEngine.runScriptAsRawText(ScriptEngine.java:119)
	at com.kms.katalon.core.main.TestCaseExecutor.runScript(TestCaseExecutor.java:337)
	at com.kms.katalon.core.main.TestCaseExecutor.doExecute(TestCaseExecutor.java:328)
	at com.kms.katalon.core.main.TestCaseExecutor.processExecutionPhase(TestCaseExecutor.java:307)
	at com.kms.katalon.core.main.TestCaseExecutor.accessMainPhase(TestCaseExecutor.java:299)
	at com.kms.katalon.core.main.TestCaseExecutor.execute(TestCaseExecutor.java:233)
	at com.kms.katalon.core.main.TestSuiteExecutor.accessTestCaseMainPhase(TestSuiteExecutor.java:169)
	at com.kms.katalon.core.main.TestSuiteExecutor.accessTestSuiteMainPhase(TestSuiteExecutor.java:142)
	at com.kms.katalon.core.main.TestSuiteExecutor.execute(TestSuiteExecutor.java:91)
	at com.kms.katalon.core.main.TestCaseMain.startTestSuite(TestCaseMain.java:157)
	at com.kms.katalon.core.main.TestCaseMain$startTestSuite$0.call(Unknown Source)
	at TempTestSuite1578934720363.run(TempTestSuite1578934720363.groovy:36)
Caused by: com.kms.katalon.core.webui.exception.WebElementNotFoundException: Web element with id: 'Object Repository/obj_invoce/new_invoice/new_invoice_sub2/a_Taxes ()_select2-choice_2' located by 'By.xpath: (//a[@onclick='return false;'])[3]' not found
	at com.kms.katalon.core.webui.common.WebUiCommonHelper.findWebElement(WebUiCommonHelper.java:1113)
	at com.kms.katalon.core.webui.keyword.internal.WebUIAbstractKeyword.findWebElement(WebUIAbstractKeyword.groovy:27)
	at com.kms.katalon.core.webui.keyword.internal.WebUIAbstractKeyword.findWebElement(WebUIAbstractKeyword.groovy:26)
	at com.kms.katalon.core.webui.keyword.builtin.ClickKeyword$_click_closure1.doCall(ClickKeyword.groovy:68)
	at com.kms.katalon.core.webui.keyword.builtin.ClickKeyword$_click_closure1.call(ClickKeyword.groovy)
	at com.kms.katalon.core.webui.keyword.internal.WebUIKeywordMain.runKeyword(WebUIKeywordMain.groovy:20)
	at com.kms.katalon.core.webui.keyword.builtin.ClickKeyword.click(ClickKeyword.groovy:99)
	at com.kms.katalon.core.webui.keyword.builtin.ClickKeyword.execute(ClickKeyword.groovy:43)
	at com.kms.katalon.core.keyword.internal.KeywordExecutor.executeKeywordForPlatform(KeywordExecutor.groovy:60)
	at com.kms.katalon.core.webui.keyword.WebUiBuiltInKeywords.click(WebUiBuiltInKeywords.groovy:616)
	at com.kms.katalon.core.webui.keyword.WebUiBuiltInKeywords$click$3.call(Unknown Source)
	at Script1578378640799.run(Script1578378640799.groovy:250)
	... 13 more
)

2020-01-13 11:13:35 - [TEST_STEP][PASSED] - log.logInfo("SIZE 3"): SIZE 3

2020-01-13 11:13:35 - [MESSAGE][INFO] - SIZE 3

2020-01-13 11:13:35 - [TEST_STEP][PASSED] - click(findTestObject("obj_invoce/new_invoice/new_invoice_sub/btn_AddLineItem")): Object: 'Object Repository/obj_invoce/new_invoice/new_invoice_sub/btn_AddLineItem' is clicked on

2020-01-13 11:13:35 - [MESSAGE][PASSED] - Object: 'Object Repository/obj_invoce/new_invoice/new_invoice_sub/btn_AddLineItem' is clicked on

2020-01-13 11:13:35 - [TEST_STEP][PASSED] - delay(3): Delayed 3 second(s)

2020-01-13 11:13:38 - [MESSAGE][PASSED] - Delayed 3 second(s)

2020-01-13 11:13:38 - [TEST_STEP][PASSED] - click(findTestObject("obj_invoce/new_invoice/new_invoice_sub/a_Taxes ()_select2-choice_1")): Object: 'Object Repository/obj_invoce/new_invoice/new_invoice_sub/a_Taxes ()_select2-choice_1' is clicked on

2020-01-13 11:13:39 - [MESSAGE][PASSED] - Object: 'Object Repository/obj_invoce/new_invoice/new_invoice_sub/a_Taxes ()_select2-choice_1' is clicked on

2020-01-13 11:13:39 - [TEST_STEP][PASSED] - delay(3): Delayed 3 second(s)

2020-01-13 11:13:42 - [MESSAGE][PASSED] - Delayed 3 second(s)

2020-01-13 11:13:42 - [TEST_STEP][PASSED] - click(findTestObject("obj_invoce/new_invoice/new_invoice_sub/div_Zeus")): Object: 'Object Repository/obj_invoce/new_invoice/new_invoice_sub/div_Zeus' is clicked on

2020-01-13 11:13:42 - [MESSAGE][PASSED] - Object: 'Object Repository/obj_invoce/new_invoice/new_invoice_sub/div_Zeus' is clicked on

2020-01-13 11:13:42 - [TEST_STEP][NOT_RUN] - click(findTestObject("obj_invoce/new_invoice/new_invoice_sub/b")): NOT_RUN: click(findTestObject("obj_invoce/new_invoice/new_invoice_sub/b"))

2020-01-13 11:13:42 - [MESSAGE][NOT_RUN] - NOT_RUN: click(findTestObject("obj_invoce/new_invoice/new_invoice_sub/b"))

2020-01-13 11:13:42 - [TEST_STEP][NOT_RUN] - click(findTestObject("obj_invoce/new_invoice/new_invoice_sub/select_BOARDING_SUITEDAYCARE_SUITESPA_SUITE")): NOT_RUN: click(findTestObject("obj_invoce/new_invoice/new_invoice_sub/select_BOARDING_SUITEDAYCARE_SUITESPA_SUITE"))

2020-01-13 11:13:42 - [MESSAGE][NOT_RUN] - NOT_RUN: click(findTestObject("obj_invoce/new_invoice/new_invoice_sub/select_BOARDING_SUITEDAYCARE_SUITESPA_SUITE"))

2020-01-13 11:13:42 - [TEST_STEP][PASSED] - delay(3): Delayed 3 second(s)

2020-01-13 11:13:45 - [MESSAGE][PASSED] - Delayed 3 second(s)

2020-01-13 11:13:45 - [TEST_STEP][PASSED] - if (var_type == "BOARDING_SUITE"): Object: 'Object Repository/obj_invoce/new_invoice_ok_1/select_boarding' is clicked on

2020-01-13 11:13:45 - [TEST_STEP][PASSED] - click(findTestObject("obj_invoce/new_invoice_ok_1/select_boarding"), STOP_ON_FAILURE): Object: 'Object Repository/obj_invoce/new_invoice_ok_1/select_boarding' is clicked on

2020-01-13 11:13:46 - [MESSAGE][PASSED] - Object: 'Object Repository/obj_invoce/new_invoice_ok_1/select_boarding' is clicked on

2020-01-13 11:13:46 - [TEST_STEP][PASSED] - if (var_type == "DAYCARE_SUITE"): null

2020-01-13 11:13:46 - [TEST_STEP][PASSED] - if (var_type == "PACKAGE"): null

2020-01-13 11:13:46 - [TEST_STEP][PASSED] - delay(4): Delayed 4 second(s)

2020-01-13 11:13:50 - [MESSAGE][PASSED] - Delayed 4 second(s)

2020-01-13 11:13:50 - [TEST_STEP][PASSED] - sendKeys(findTestObject("obj_invoce/new_invoice/new_invoice_sub/input_Taxes_Item_1"), var_item): Keys 'M2M Monthly Membership' sent to object: 'Object Repository/obj_invoce/new_invoice/new_invoice_sub/input_Taxes_Item_1'

2020-01-13 11:13:50 - [MESSAGE][PASSED] - Keys 'M2M Monthly Membership' sent to object: 'Object Repository/obj_invoce/new_invoice/new_invoice_sub/input_Taxes_Item_1'

2020-01-13 11:13:50 - [TEST_STEP][PASSED] - delay(4): Delayed 4 second(s)

2020-01-13 11:13:54 - [MESSAGE][PASSED] - Delayed 4 second(s)

2020-01-13 11:13:54 - [TEST_STEP][PASSED] - sendKeys(findTestObject("obj_invoce/new_invoice/new_invoice_sub/input_Taxes_Item_1"), Keys.chord(ENTER)): Keys 'ENTER + ' sent to object: 'Object Repository/obj_invoce/new_invoice/new_invoice_sub/input_Taxes_Item_1'

2020-01-13 11:13:55 - [MESSAGE][PASSED] - Keys 'ENTER + ' sent to object: 'Object Repository/obj_invoce/new_invoice/new_invoice_sub/input_Taxes_Item_1'

2020-01-13 11:13:55 - [TEST_STEP][PASSED] - delay(4): Delayed 4 second(s)

2020-01-13 11:13:59 - [MESSAGE][PASSED] - Delayed 4 second(s)

2020-01-13 11:13:59 - [TEST_STEP][PASSED] - click(findTestObject("obj_invoce/new_invoice/new_invoice_sub/btn_AddLineItem")): Object: 'Object Repository/obj_invoce/new_invoice/new_invoice_sub/btn_AddLineItem' is clicked on

2020-01-13 11:14:01 - [MESSAGE][PASSED] - Object: 'Object Repository/obj_invoce/new_invoice/new_invoice_sub/btn_AddLineItem' is clicked on

2020-01-13 11:14:01 - [TEST_STEP][PASSED] - delay(3): Delayed 3 second(s)

2020-01-13 11:14:04 - [MESSAGE][PASSED] - Delayed 3 second(s)

2020-01-13 11:14:04 - [TEST_STEP][FAILED] - click(findTestObject("obj_invoce/new_invoice/new_invoice_sub2/a_Taxes ()_select2-choice_2")): Unable to click on object 'Object Repository/obj_invoce/new_invoice/new_invoice_sub2/a_Taxes ()_select2-choice_2' (Root cause: com.kms.katalon.core.exception.StepFailedException: Unable to click on object 'Object Repository/obj_invoce/new_invoice/new_invoice_sub2/a_Taxes ()_select2-choice_2'
	at com.kms.katalon.core.webui.keyword.internal.WebUIKeywordMain.stepFailed(WebUIKeywordMain.groovy:64)
	at com.kms.katalon.core.webui.keyword.internal.WebUIKeywordMain.runKeyword(WebUIKeywordMain.groovy:26)
	at com.kms.katalon.core.webui.keyword.builtin.ClickKeyword.click(ClickKeyword.groovy:99)
	at com.kms.katalon.core.webui.keyword.builtin.ClickKeyword.execute(ClickKeyword.groovy:43)
	at com.kms.katalon.core.keyword.internal.KeywordExecutor.executeKeywordForPlatform(KeywordExecutor.groovy:60)
	at com.kms.katalon.core.webui.keyword.WebUiBuiltInKeywords.click(WebUiBuiltInKeywords.groovy:616)
	at com.kms.katalon.core.webui.keyword.WebUiBuiltInKeywords$click$3.call(Unknown Source)
	at p4p_createInvoce_ok_spy.run(p4p_createInvoce_ok_spy:250)
	at com.kms.katalon.core.main.ScriptEngine.run(ScriptEngine.java:194)
	at com.kms.katalon.core.main.ScriptEngine.runScriptAsRawText(ScriptEngine.java:119)
	at com.kms.katalon.core.main.TestCaseExecutor.runScript(TestCaseExecutor.java:337)
	at com.kms.katalon.core.main.TestCaseExecutor.doExecute(TestCaseExecutor.java:328)
	at com.kms.katalon.core.main.TestCaseExecutor.processExecutionPhase(TestCaseExecutor.java:307)
	at com.kms.katalon.core.main.TestCaseExecutor.accessMainPhase(TestCaseExecutor.java:299)
	at com.kms.katalon.core.main.TestCaseExecutor.execute(TestCaseExecutor.java:233)
	at com.kms.katalon.core.main.TestSuiteExecutor.accessTestCaseMainPhase(TestSuiteExecutor.java:169)
	at com.kms.katalon.core.main.TestSuiteExecutor.accessTestSuiteMainPhase(TestSuiteExecutor.java:142)
	at com.kms.katalon.core.main.TestSuiteExecutor.execute(TestSuiteExecutor.java:91)
	at com.kms.katalon.core.main.TestCaseMain.startTestSuite(TestCaseMain.java:157)
	at com.kms.katalon.core.main.TestCaseMain$startTestSuite$0.call(Unknown Source)
	at TempTestSuite1578934720363.run(TempTestSuite1578934720363.groovy:36)
Caused by: com.kms.katalon.core.webui.exception.WebElementNotFoundException: Web element with id: 'Object Repository/obj_invoce/new_invoice/new_invoice_sub2/a_Taxes ()_select2-choice_2' located by 'By.xpath: (//a[@onclick='return false;'])[3]' not found
	at com.kms.katalon.core.webui.common.WebUiCommonHelper.findWebElement(WebUiCommonHelper.java:1113)
	at com.kms.katalon.core.webui.keyword.internal.WebUIAbstractKeyword.findWebElement(WebUIAbstractKeyword.groovy:27)
	at com.kms.katalon.core.webui.keyword.internal.WebUIAbstractKeyword.findWebElement(WebUIAbstractKeyword.groovy:26)
	at com.kms.katalon.core.webui.keyword.builtin.ClickKeyword$_click_closure1.doCall(ClickKeyword.groovy:68)
	at com.kms.katalon.core.webui.keyword.builtin.ClickKeyword$_click_closure1.call(ClickKeyword.groovy)
	at com.kms.katalon.core.webui.keyword.internal.WebUIKeywordMain.runKeyword(WebUIKeywordMain.groovy:20)
	at com.kms.katalon.core.webui.keyword.builtin.ClickKeyword.click(ClickKeyword.groovy:99)
	at com.kms.katalon.core.webui.keyword.builtin.ClickKeyword.execute(ClickKeyword.groovy:43)
	at com.kms.katalon.core.keyword.internal.KeywordExecutor.executeKeywordForPlatform(KeywordExecutor.groovy:60)
	at com.kms.katalon.core.webui.keyword.WebUiBuiltInKeywords.click(WebUiBuiltInKeywords.groovy:616)
	at com.kms.katalon.core.webui.keyword.WebUiBuiltInKeywords$click$3.call(Unknown Source)
	at Script1578378640799.run(Script1578378640799.groovy:250)
	... 13 more
)

2020-01-13 11:14:50 - [MESSAGE][INFO] - Unable to find the element located by 'By.xpath: (//a[@onclick='return false;'])[3]'. Please recheck the objects properties to make sure the desired element is located. 

2020-01-13 11:14:51 - [MESSAGE][FAILED] - Unable to click on object 'Object Repository/obj_invoce/new_invoice/new_invoice_sub2/a_Taxes ()_select2-choice_2' (Root cause: com.kms.katalon.core.exception.StepFailedException: Unable to click on object 'Object Repository/obj_invoce/new_invoice/new_invoice_sub2/a_Taxes ()_select2-choice_2'
	at com.kms.katalon.core.webui.keyword.internal.WebUIKeywordMain.stepFailed(WebUIKeywordMain.groovy:64)
	at com.kms.katalon.core.webui.keyword.internal.WebUIKeywordMain.runKeyword(WebUIKeywordMain.groovy:26)
	at com.kms.katalon.core.webui.keyword.builtin.ClickKeyword.click(ClickKeyword.groovy:99)
	at com.kms.katalon.core.webui.keyword.builtin.ClickKeyword.execute(ClickKeyword.groovy:43)
	at com.kms.katalon.core.keyword.internal.KeywordExecutor.executeKeywordForPlatform(KeywordExecutor.groovy:60)
	at com.kms.katalon.core.webui.keyword.WebUiBuiltInKeywords.click(WebUiBuiltInKeywords.groovy:616)
	at com.kms.katalon.core.webui.keyword.WebUiBuiltInKeywords$click$3.call(Unknown Source)
	at p4p_createInvoce_ok_spy.run(p4p_createInvoce_ok_spy:250)
	at com.kms.katalon.core.main.ScriptEngine.run(ScriptEngine.java:194)
	at com.kms.katalon.core.main.ScriptEngine.runScriptAsRawText(ScriptEngine.java:119)
	at com.kms.katalon.core.main.TestCaseExecutor.runScript(TestCaseExecutor.java:337)
	at com.kms.katalon.core.main.TestCaseExecutor.doExecute(TestCaseExecutor.java:328)
	at com.kms.katalon.core.main.TestCaseExecutor.processExecutionPhase(TestCaseExecutor.java:307)
	at com.kms.katalon.core.main.TestCaseExecutor.accessMainPhase(TestCaseExecutor.java:299)
	at com.kms.katalon.core.main.TestCaseExecutor.execute(TestCaseExecutor.java:233)
	at com.kms.katalon.core.main.TestSuiteExecutor.accessTestCaseMainPhase(TestSuiteExecutor.java:169)
	at com.kms.katalon.core.main.TestSuiteExecutor.accessTestSuiteMainPhase(TestSuiteExecutor.java:142)
	at com.kms.katalon.core.main.TestSuiteExecutor.execute(TestSuiteExecutor.java:91)
	at com.kms.katalon.core.main.TestCaseMain.startTestSuite(TestCaseMain.java:157)
	at com.kms.katalon.core.main.TestCaseMain$startTestSuite$0.call(Unknown Source)
	at TempTestSuite1578934720363.run(TempTestSuite1578934720363.groovy:36)
Caused by: com.kms.katalon.core.webui.exception.WebElementNotFoundException: Web element with id: 'Object Repository/obj_invoce/new_invoice/new_invoice_sub2/a_Taxes ()_select2-choice_2' located by 'By.xpath: (//a[@onclick='return false;'])[3]' not found
	at com.kms.katalon.core.webui.common.WebUiCommonHelper.findWebElement(WebUiCommonHelper.java:1113)
	at com.kms.katalon.core.webui.keyword.internal.WebUIAbstractKeyword.findWebElement(WebUIAbstractKeyword.groovy:27)
	at com.kms.katalon.core.webui.keyword.internal.WebUIAbstractKeyword.findWebElement(WebUIAbstractKeyword.groovy:26)
	at com.kms.katalon.core.webui.keyword.builtin.ClickKeyword$_click_closure1.doCall(ClickKeyword.groovy:68)
	at com.kms.katalon.core.webui.keyword.builtin.ClickKeyword$_click_closure1.call(ClickKeyword.groovy)
	at com.kms.katalon.core.webui.keyword.internal.WebUIKeywordMain.runKeyword(WebUIKeywordMain.groovy:20)
	at com.kms.katalon.core.webui.keyword.builtin.ClickKeyword.click(ClickKeyword.groovy:99)
	at com.kms.katalon.core.webui.keyword.builtin.ClickKeyword.execute(ClickKeyword.groovy:43)
	at com.kms.katalon.core.keyword.internal.KeywordExecutor.executeKeywordForPlatform(KeywordExecutor.groovy:60)
	at com.kms.katalon.core.webui.keyword.WebUiBuiltInKeywords.click(WebUiBuiltInKeywords.groovy:616)
	at com.kms.katalon.core.webui.keyword.WebUiBuiltInKeywords$click$3.call(Unknown Source)
	at Script1578378640799.run(Script1578378640799.groovy:250)
	... 13 more
)
[[ATTACHMENT|/home/leonardo-arkusmty/Documents/workspaceKatalon/p4ptest/Reports/20200113_105840/ts_createInvoice/20200113_105840/1578935690847.png]]]]></system-out>
         <system-err><![CDATA[2020-01-13 11:13:15 - [TEST_CASE][FAILED] - Test Cases/p4p_createInvoce_ok_spy: Test Cases/p4p_createInvoce_ok_spy FAILED.
Reason:
com.kms.katalon.core.exception.StepFailedException: Unable to click on object 'Object Repository/obj_invoce/new_invoice/new_invoice_sub2/a_Taxes ()_select2-choice_2'
	at com.kms.katalon.core.webui.keyword.internal.WebUIKeywordMain.stepFailed(WebUIKeywordMain.groovy:64)
	at com.kms.katalon.core.webui.keyword.internal.WebUIKeywordMain.runKeyword(WebUIKeywordMain.groovy:26)
	at com.kms.katalon.core.webui.keyword.builtin.ClickKeyword.click(ClickKeyword.groovy:99)
	at com.kms.katalon.core.webui.keyword.builtin.ClickKeyword.execute(ClickKeyword.groovy:43)
	at com.kms.katalon.core.keyword.internal.KeywordExecutor.executeKeywordForPlatform(KeywordExecutor.groovy:60)
	at com.kms.katalon.core.webui.keyword.WebUiBuiltInKeywords.click(WebUiBuiltInKeywords.groovy:616)
	at com.kms.katalon.core.webui.keyword.WebUiBuiltInKeywords$click$3.call(Unknown Source)
	at p4p_createInvoce_ok_spy.run(p4p_createInvoce_ok_spy:250)
	at com.kms.katalon.core.main.ScriptEngine.run(ScriptEngine.java:194)
	at com.kms.katalon.core.main.ScriptEngine.runScriptAsRawText(ScriptEngine.java:119)
	at com.kms.katalon.core.main.TestCaseExecutor.runScript(TestCaseExecutor.java:337)
	at com.kms.katalon.core.main.TestCaseExecutor.doExecute(TestCaseExecutor.java:328)
	at com.kms.katalon.core.main.TestCaseExecutor.processExecutionPhase(TestCaseExecutor.java:307)
	at com.kms.katalon.core.main.TestCaseExecutor.accessMainPhase(TestCaseExecutor.java:299)
	at com.kms.katalon.core.main.TestCaseExecutor.execute(TestCaseExecutor.java:233)
	at com.kms.katalon.core.main.TestSuiteExecutor.accessTestCaseMainPhase(TestSuiteExecutor.java:169)
	at com.kms.katalon.core.main.TestSuiteExecutor.accessTestSuiteMainPhase(TestSuiteExecutor.java:142)
	at com.kms.katalon.core.main.TestSuiteExecutor.execute(TestSuiteExecutor.java:91)
	at com.kms.katalon.core.main.TestCaseMain.startTestSuite(TestCaseMain.java:157)
	at com.kms.katalon.core.main.TestCaseMain$startTestSuite$0.call(Unknown Source)
	at TempTestSuite1578934720363.run(TempTestSuite1578934720363.groovy:36)
Caused by: com.kms.katalon.core.webui.exception.WebElementNotFoundException: Web element with id: 'Object Repository/obj_invoce/new_invoice/new_invoice_sub2/a_Taxes ()_select2-choice_2' located by 'By.xpath: (//a[@onclick='return false;'])[3]' not found
	at com.kms.katalon.core.webui.common.WebUiCommonHelper.findWebElement(WebUiCommonHelper.java:1113)
	at com.kms.katalon.core.webui.keyword.internal.WebUIAbstractKeyword.findWebElement(WebUIAbstractKeyword.groovy:27)
	at com.kms.katalon.core.webui.keyword.internal.WebUIAbstractKeyword.findWebElement(WebUIAbstractKeyword.groovy:26)
	at com.kms.katalon.core.webui.keyword.builtin.ClickKeyword$_click_closure1.doCall(ClickKeyword.groovy:68)
	at com.kms.katalon.core.webui.keyword.builtin.ClickKeyword$_click_closure1.call(ClickKeyword.groovy)
	at com.kms.katalon.core.webui.keyword.internal.WebUIKeywordMain.runKeyword(WebUIKeywordMain.groovy:20)
	... 19 more]]></system-err>
      </testcase>
      <system-out><![CDATA[2020-01-13 10:58:41 - [TEST_SUITE][FAILED] - ts_createInvoice: Test Cases/p4p_createInvoce_ok_spy FAILED.
Reason:
com.kms.katalon.core.exception.StepFailedException: Unable to click on object 'Object Repository/obj_invoce/new_invoice/new_invoice_sub2/a_Taxes ()_select2-choice_2'
	at com.kms.katalon.core.webui.keyword.internal.WebUIKeywordMain.stepFailed(WebUIKeywordMain.groovy:64)
	at com.kms.katalon.core.webui.keyword.internal.WebUIKeywordMain.runKeyword(WebUIKeywordMain.groovy:26)
	at com.kms.katalon.core.webui.keyword.builtin.ClickKeyword.click(ClickKeyword.groovy:99)
	at com.kms.katalon.core.webui.keyword.builtin.ClickKeyword.execute(ClickKeyword.groovy:43)
	at com.kms.katalon.core.keyword.internal.KeywordExecutor.executeKeywordForPlatform(KeywordExecutor.groovy:60)
	at com.kms.katalon.core.webui.keyword.WebUiBuiltInKeywords.click(WebUiBuiltInKeywords.groovy:616)
	at com.kms.katalon.core.webui.keyword.WebUiBuiltInKeywords$click$3.call(Unknown Source)
	at p4p_createInvoce_ok_spy.run(p4p_createInvoce_ok_spy:158)
	at com.kms.katalon.core.main.ScriptEngine.run(ScriptEngine.java:194)
	at com.kms.katalon.core.main.ScriptEngine.runScriptAsRawText(ScriptEngine.java:119)
	at com.kms.katalon.core.main.TestCaseExecutor.runScript(TestCaseExecutor.java:337)
	at com.kms.katalon.core.main.TestCaseExecutor.doExecute(TestCaseExecutor.java:328)
	at com.kms.katalon.core.main.TestCaseExecutor.processExecutionPhase(TestCaseExecutor.java:307)
	at com.kms.katalon.core.main.TestCaseExecutor.accessMainPhase(TestCaseExecutor.java:299)
	at com.kms.katalon.core.main.TestCaseExecutor.execute(TestCaseExecutor.java:233)
	at com.kms.katalon.core.main.TestSuiteExecutor.accessTestCaseMainPhase(TestSuiteExecutor.java:169)
	at com.kms.katalon.core.main.TestSuiteExecutor.accessTestSuiteMainPhase(TestSuiteExecutor.java:142)
	at com.kms.katalon.core.main.TestSuiteExecutor.execute(TestSuiteExecutor.java:91)
	at com.kms.katalon.core.main.TestCaseMain.startTestSuite(TestCaseMain.java:157)
	at com.kms.katalon.core.main.TestCaseMain$startTestSuite$0.call(Unknown Source)
	at TempTestSuite1578934720363.run(TempTestSuite1578934720363.groovy:36)
Caused by: com.kms.katalon.core.webui.exception.WebElementNotFoundException: Web element with id: 'Object Repository/obj_invoce/new_invoice/new_invoice_sub2/a_Taxes ()_select2-choice_2' located by 'By.xpath: (//a[@onclick='return false;'])[3]' not found
	at com.kms.katalon.core.webui.common.WebUiCommonHelper.findWebElement(WebUiCommonHelper.java:1113)
	at com.kms.katalon.core.webui.keyword.internal.WebUIAbstractKeyword.findWebElement(WebUIAbstractKeyword.groovy:27)
	at com.kms.katalon.core.webui.keyword.internal.WebUIAbstractKeyword.findWebElement(WebUIAbstractKeyword.groovy:26)
	at com.kms.katalon.core.webui.keyword.builtin.ClickKeyword$_click_closure1.doCall(ClickKeyword.groovy:68)
	at com.kms.katalon.core.webui.keyword.builtin.ClickKeyword$_click_closure1.call(ClickKeyword.groovy)
	at com.kms.katalon.core.webui.keyword.internal.WebUIKeywordMain.runKeyword(WebUIKeywordMain.groovy:20)
	... 19 more]]></system-out>
      <system-err><![CDATA[2020-01-13 10:58:41 - [TEST_SUITE][FAILED] - ts_createInvoice: Test Cases/p4p_createInvoce_ok_spy FAILED.
Reason:
com.kms.katalon.core.exception.StepFailedException: Unable to click on object 'Object Repository/obj_invoce/new_invoice/new_invoice_sub2/a_Taxes ()_select2-choice_2'
	at com.kms.katalon.core.webui.keyword.internal.WebUIKeywordMain.stepFailed(WebUIKeywordMain.groovy:64)
	at com.kms.katalon.core.webui.keyword.internal.WebUIKeywordMain.runKeyword(WebUIKeywordMain.groovy:26)
	at com.kms.katalon.core.webui.keyword.builtin.ClickKeyword.click(ClickKeyword.groovy:99)
	at com.kms.katalon.core.webui.keyword.builtin.ClickKeyword.execute(ClickKeyword.groovy:43)
	at com.kms.katalon.core.keyword.internal.KeywordExecutor.executeKeywordForPlatform(KeywordExecutor.groovy:60)
	at com.kms.katalon.core.webui.keyword.WebUiBuiltInKeywords.click(WebUiBuiltInKeywords.groovy:616)
	at com.kms.katalon.core.webui.keyword.WebUiBuiltInKeywords$click$3.call(Unknown Source)
	at p4p_createInvoce_ok_spy.run(p4p_createInvoce_ok_spy:158)
	at com.kms.katalon.core.main.ScriptEngine.run(ScriptEngine.java:194)
	at com.kms.katalon.core.main.ScriptEngine.runScriptAsRawText(ScriptEngine.java:119)
	at com.kms.katalon.core.main.TestCaseExecutor.runScript(TestCaseExecutor.java:337)
	at com.kms.katalon.core.main.TestCaseExecutor.doExecute(TestCaseExecutor.java:328)
	at com.kms.katalon.core.main.TestCaseExecutor.processExecutionPhase(TestCaseExecutor.java:307)
	at com.kms.katalon.core.main.TestCaseExecutor.accessMainPhase(TestCaseExecutor.java:299)
	at com.kms.katalon.core.main.TestCaseExecutor.execute(TestCaseExecutor.java:233)
	at com.kms.katalon.core.main.TestSuiteExecutor.accessTestCaseMainPhase(TestSuiteExecutor.java:169)
	at com.kms.katalon.core.main.TestSuiteExecutor.accessTestSuiteMainPhase(TestSuiteExecutor.java:142)
	at com.kms.katalon.core.main.TestSuiteExecutor.execute(TestSuiteExecutor.java:91)
	at com.kms.katalon.core.main.TestCaseMain.startTestSuite(TestCaseMain.java:157)
	at com.kms.katalon.core.main.TestCaseMain$startTestSuite$0.call(Unknown Source)
	at TempTestSuite1578934720363.run(TempTestSuite1578934720363.groovy:36)
Caused by: com.kms.katalon.core.webui.exception.WebElementNotFoundException: Web element with id: 'Object Repository/obj_invoce/new_invoice/new_invoice_sub2/a_Taxes ()_select2-choice_2' located by 'By.xpath: (//a[@onclick='return false;'])[3]' not found
	at com.kms.katalon.core.webui.common.WebUiCommonHelper.findWebElement(WebUiCommonHelper.java:1113)
	at com.kms.katalon.core.webui.keyword.internal.WebUIAbstractKeyword.findWebElement(WebUIAbstractKeyword.groovy:27)
	at com.kms.katalon.core.webui.keyword.internal.WebUIAbstractKeyword.findWebElement(WebUIAbstractKeyword.groovy:26)
	at com.kms.katalon.core.webui.keyword.builtin.ClickKeyword$_click_closure1.doCall(ClickKeyword.groovy:68)
	at com.kms.katalon.core.webui.keyword.builtin.ClickKeyword$_click_closure1.call(ClickKeyword.groovy)
	at com.kms.katalon.core.webui.keyword.internal.WebUIKeywordMain.runKeyword(WebUIKeywordMain.groovy:20)
	... 19 more]]></system-err>
   </testsuite>
</testsuites>
