<?xml version="1.0" encoding="UTF-8"?>
<testsuites name="ts_newReservation" time="109.858" tests="2" failures="0" errors="0">
   <testsuite name="ts_newReservation" tests="2" failures="0" errors="0" time="109.858" timestamp="2019-11-27 10:42:43" hostname="leonardo-arkusmty - leonardoarkusmty-Inspiron-5577" id="Test Suites/ts_newReservation">
      <properties>
         <property name="deviceName" value=""/>
         <property name="devicePlatform" value=""/>
         <property name="logFolder" value="/home/leonardo-arkusmty/Documents/workspaceKatalon/p4ptest/Reports/20191127_104241/ts_newReservation/20191127_104241"/>
         <property name="logFiles" value="/home/leonardo-arkusmty/Documents/workspaceKatalon/p4ptest/Reports/20191127_104241/ts_newReservation/20191127_104241/execution0.log"/>
         <property name="attachments" value=""/>
         <property name="hostName" value="leonardo-arkusmty - leonardoarkusmty-Inspiron-5577"/>
         <property name="os" value="Linux 64bit"/>
         <property name="katalonVersion" value="7.0.8.1"/>
         <property name="browser" value="Firefox 70.0"/>
         <property name="hostAddress" value="127.0.1.1"/>
         <property name="sessionId" value="062e8555-0177-40b6-8820-3a4cbbae8ddf"/>
         <property name="seleniumVersion" value="3.141.59"/>
         <property name="proxyInformation" value="ProxyInformation{proxyOption=NO_PROXY, proxyServerType=HTTP, password=, proxyServerAddress=, proxyServerPort=0}"/>
         <property name="platform" value="Linux"/>
      </properties>
      <testcase name="Test Cases/p4p_newReservation" time="55.36" classname="Test Cases/p4p_newReservation" status="PASSED">
         <system-out><![CDATA[2019-11-27 10:42:43 - [TEST_CASE][PASSED] - Test Cases/p4p_newReservation: Test Cases/p4p_newReservation

2019-11-27 10:42:43 - [TEST_STEP][PASSED] - openBrowser("https://p4p-qa-bg.aws.paradise4paws.com/login/"): Browser is opened with url: 'https://p4p-qa-bg.aws.paradise4paws.com/login/'

2019-11-27 10:42:43 - [MESSAGE][INFO] - Starting 'Firefox' driver

2019-11-27 10:42:44 - [MESSAGE][INFO] - Action delay is set to 0 seconds

2019-11-27 10:42:48 - [MESSAGE][PASSED] - Browser is opened with url: 'https://p4p-qa-bg.aws.paradise4paws.com/login/'

2019-11-27 10:42:48 - [TEST_STEP][PASSED] - setText(findTestObject("object_login/input_user"), var_user): Text 'jegchavez@gmail.com' is set on object 'Object Repository/object_login/input_user'

2019-11-27 10:42:49 - [MESSAGE][PASSED] - Text 'jegchavez@gmail.com' is set on object 'Object Repository/object_login/input_user'

2019-11-27 10:42:49 - [TEST_STEP][PASSED] - setText(findTestObject("object_login/input_pass"), var_pass): Text 'admin1' is set on object 'Object Repository/object_login/input_pass'

2019-11-27 10:42:49 - [MESSAGE][PASSED] - Text 'admin1' is set on object 'Object Repository/object_login/input_pass'

2019-11-27 10:42:49 - [TEST_STEP][PASSED] - delay(2): Delayed 2 second(s)

2019-11-27 10:42:51 - [MESSAGE][PASSED] - Delayed 2 second(s)

2019-11-27 10:42:51 - [TEST_STEP][PASSED] - verifyElementClickable(findTestObject("object_login/btn_login")): Object 'Object Repository/object_login/btn_login' is clickable

2019-11-27 10:42:52 - [MESSAGE][PASSED] - Object 'Object Repository/object_login/btn_login' is clickable

2019-11-27 10:42:52 - [TEST_STEP][PASSED] - click(findTestObject("object_login/btn_login")): Object: 'Object Repository/object_login/btn_login' is clicked on

2019-11-27 10:42:56 - [MESSAGE][PASSED] - Object: 'Object Repository/object_login/btn_login' is clicked on

2019-11-27 10:42:56 - [TEST_STEP][PASSED] - delay(2): Delayed 2 second(s)

2019-11-27 10:42:58 - [MESSAGE][PASSED] - Delayed 2 second(s)

2019-11-27 10:42:58 - [TEST_STEP][PASSED] - navigateToUrl(var_urlReservations): Navigate to 'https://p4p-qa-bg.aws.paradise4paws.com/accounts/profile/#/reservations/97558/' successfully

2019-11-27 10:43:00 - [MESSAGE][PASSED] - Navigate to 'https://p4p-qa-bg.aws.paradise4paws.com/accounts/profile/#/reservations/97558/' successfully

2019-11-27 10:43:00 - [TEST_STEP][PASSED] - delay(2): Delayed 2 second(s)

2019-11-27 10:43:02 - [MESSAGE][PASSED] - Delayed 2 second(s)

2019-11-27 10:43:02 - [TEST_STEP][PASSED] - click(findTestObject("object_profile/a_addReservation")): Object: 'Object Repository/object_profile/a_addReservation' is clicked on

2019-11-27 10:43:04 - [MESSAGE][PASSED] - Object: 'Object Repository/object_profile/a_addReservation' is clicked on

2019-11-27 10:43:04 - [TEST_STEP][PASSED] - click(findTestObject("object_reservations/btn_Boarding")): Object: 'Object Repository/object_reservations/btn_Boarding' is clicked on

2019-11-27 10:43:05 - [MESSAGE][PASSED] - Object: 'Object Repository/object_reservations/btn_Boarding' is clicked on

2019-11-27 10:43:05 - [TEST_STEP][PASSED] - delay(3): Delayed 3 second(s)

2019-11-27 10:43:08 - [MESSAGE][PASSED] - Delayed 3 second(s)

2019-11-27 10:43:08 - [TEST_STEP][PASSED] - setText(findTestObject("object_reservations/input_Check-in Date_valid-date ng-not-empty"), "Thu, Nov 28, 2019"): Text 'Thu, Nov 28, 2019' is set on object 'Object Repository/object_reservations/input_Check-in Date_valid-date ng-not-empty'

2019-11-27 10:43:09 - [MESSAGE][PASSED] - Text 'Thu, Nov 28, 2019' is set on object 'Object Repository/object_reservations/input_Check-in Date_valid-date ng-not-empty'

2019-11-27 10:43:09 - [TEST_STEP][PASSED] - setText(findTestObject("object_reservations/input_Check-out Date_valid-date ng-not-empty"), "Fri, Nov 29, 2019"): Text 'Fri, Nov 29, 2019' is set on object 'Object Repository/object_reservations/input_Check-out Date_valid-date ng-not-empty'

2019-11-27 10:43:10 - [MESSAGE][PASSED] - Text 'Fri, Nov 29, 2019' is set on object 'Object Repository/object_reservations/input_Check-out Date_valid-date ng-not-empty'

2019-11-27 10:43:10 - [TEST_STEP][PASSED] - setText(findTestObject("object_reservations/input_Check-in Date_timepicker-input ng-not-empty ng-valid ng-valid-required ng-touched"), "07:00 AM"): Text '07:00 AM' is set on object 'Object Repository/object_reservations/input_Check-in Date_timepicker-input ng-not-empty ng-valid ng-valid-required ng-touched'

2019-11-27 10:43:11 - [MESSAGE][PASSED] - Text '07:00 AM' is set on object 'Object Repository/object_reservations/input_Check-in Date_timepicker-input ng-not-empty ng-valid ng-valid-required ng-touched'

2019-11-27 10:43:11 - [TEST_STEP][PASSED] - setText(findTestObject("object_reservations/input_Check-out Date_timepicker-input ng-empty ng-invalid ng-invalid-required"), "01:30 PM"): Text '01:30 PM' is set on object 'Object Repository/object_reservations/input_Check-out Date_timepicker-input ng-empty ng-invalid ng-invalid-required'

2019-11-27 10:43:12 - [MESSAGE][PASSED] - Text '01:30 PM' is set on object 'Object Repository/object_reservations/input_Check-out Date_timepicker-input ng-empty ng-invalid ng-invalid-required'

2019-11-27 10:43:12 - [TEST_STEP][PASSED] - delay(2): Delayed 2 second(s)

2019-11-27 10:43:14 - [MESSAGE][PASSED] - Delayed 2 second(s)

2019-11-27 10:43:14 - [TEST_STEP][NOT_RUN] - click(findTestObject("object_reservations/input_Check-in Date_form-control ng-pristin_499b9d")): NOT_RUN: click(findTestObject("object_reservations/input_Check-in Date_form-control ng-pristin_499b9d"))

2019-11-27 10:43:14 - [MESSAGE][NOT_RUN] - NOT_RUN: click(findTestObject("object_reservations/input_Check-in Date_form-control ng-pristin_499b9d"))

2019-11-27 10:43:14 - [TEST_STEP][NOT_RUN] - click(findTestObject("object_reservations/span_27")): NOT_RUN: click(findTestObject("object_reservations/span_27"))

2019-11-27 10:43:14 - [MESSAGE][NOT_RUN] - NOT_RUN: click(findTestObject("object_reservations/span_27"))

2019-11-27 10:43:14 - [TEST_STEP][NOT_RUN] - click(findTestObject("object_reservations/input_Check-in Date_form-control ng-pristin_499b9d")): NOT_RUN: click(findTestObject("object_reservations/input_Check-in Date_form-control ng-pristin_499b9d"))

2019-11-27 10:43:14 - [MESSAGE][NOT_RUN] - NOT_RUN: click(findTestObject("object_reservations/input_Check-in Date_form-control ng-pristin_499b9d"))

2019-11-27 10:43:14 - [TEST_STEP][NOT_RUN] - click(findTestObject("object_reservations/span_28")): NOT_RUN: click(findTestObject("object_reservations/span_28"))

2019-11-27 10:43:14 - [MESSAGE][NOT_RUN] - NOT_RUN: click(findTestObject("object_reservations/span_28"))

2019-11-27 10:43:14 - [TEST_STEP][NOT_RUN] - click(findTestObject("object_reservations/input_Check-in Date_form-control ng-pristin_e9c8b5")): NOT_RUN: click(findTestObject("object_reservations/input_Check-in Date_form-control ng-pristin_e9c8b5"))

2019-11-27 10:43:14 - [MESSAGE][NOT_RUN] - NOT_RUN: click(findTestObject("object_reservations/input_Check-in Date_form-control ng-pristin_e9c8b5"))

2019-11-27 10:43:14 - [TEST_STEP][NOT_RUN] - click(findTestObject("object_reservations/li_0630 AM")): NOT_RUN: click(findTestObject("object_reservations/li_0630 AM"))

2019-11-27 10:43:14 - [MESSAGE][NOT_RUN] - NOT_RUN: click(findTestObject("object_reservations/li_0630 AM"))

2019-11-27 10:43:14 - [TEST_STEP][NOT_RUN] - click(findTestObject("object_reservations/input_Check-in Date_form-control ng-pristin_e9c8b5")): NOT_RUN: click(findTestObject("object_reservations/input_Check-in Date_form-control ng-pristin_e9c8b5"))

2019-11-27 10:43:14 - [MESSAGE][NOT_RUN] - NOT_RUN: click(findTestObject("object_reservations/input_Check-in Date_form-control ng-pristin_e9c8b5"))

2019-11-27 10:43:14 - [TEST_STEP][NOT_RUN] - click(findTestObject("object_reservations/li_0100 PM")): NOT_RUN: click(findTestObject("object_reservations/li_0100 PM"))

2019-11-27 10:43:14 - [MESSAGE][NOT_RUN] - NOT_RUN: click(findTestObject("object_reservations/li_0100 PM"))

2019-11-27 10:43:14 - [TEST_STEP][PASSED] - click(findTestObject("object_reservations/i_test")): Object: 'Object Repository/object_reservations/i_test' is clicked on

2019-11-27 10:43:16 - [MESSAGE][PASSED] - Object: 'Object Repository/object_reservations/i_test' is clicked on

2019-11-27 10:43:16 - [TEST_STEP][PASSED] - click(findTestObject("object_reservations/i_Day_fa fa-circle-o ng-scope")): Object: 'Object Repository/object_reservations/i_Day_fa fa-circle-o ng-scope' is clicked on

2019-11-27 10:43:21 - [MESSAGE][PASSED] - Object: 'Object Repository/object_reservations/i_Day_fa fa-circle-o ng-scope' is clicked on

2019-11-27 10:43:21 - [TEST_STEP][PASSED] - click(findTestObject("object_reservations/button_Next")): Object: 'Object Repository/object_reservations/button_Next' is clicked on

2019-11-27 10:43:24 - [MESSAGE][PASSED] - Object: 'Object Repository/object_reservations/button_Next' is clicked on

2019-11-27 10:43:24 - [TEST_STEP][PASSED] - delay(4): Delayed 4 second(s)

2019-11-27 10:43:28 - [MESSAGE][PASSED] - Delayed 4 second(s)

2019-11-27 10:43:28 - [TEST_STEP][PASSED] - click(findTestObject("object_reservations/button_Next")): Object: 'Object Repository/object_reservations/button_Next' is clicked on

2019-11-27 10:43:29 - [MESSAGE][PASSED] - Object: 'Object Repository/object_reservations/button_Next' is clicked on

2019-11-27 10:43:29 - [TEST_STEP][PASSED] - click(findTestObject("object_reservations/button_Submit Reservation")): Object: 'Object Repository/object_reservations/button_Submit Reservation' is clicked on

2019-11-27 10:43:31 - [MESSAGE][PASSED] - Object: 'Object Repository/object_reservations/button_Submit Reservation' is clicked on

2019-11-27 10:43:31 - [TEST_STEP][PASSED] - click(findTestObject("object_reservations/button_Return To Reservation")): Object: 'Object Repository/object_reservations/button_Return To Reservation' is clicked on

2019-11-27 10:43:38 - [MESSAGE][PASSED] - Object: 'Object Repository/object_reservations/button_Return To Reservation' is clicked on]]></system-out>
         <system-err><![CDATA[]]></system-err>
      </testcase>
      <testcase name="Test Cases/p4p_newReservation" time="53.514" classname="Test Cases/p4p_newReservation" status="PASSED">
         <system-out><![CDATA[2019-11-27 10:43:38 - [TEST_CASE][PASSED] - Test Cases/p4p_newReservation: Test Cases/p4p_newReservation

2019-11-27 10:43:38 - [TEST_STEP][PASSED] - openBrowser("https://p4p-qa-bg.aws.paradise4paws.com/login/"): Browser is opened with url: 'https://p4p-qa-bg.aws.paradise4paws.com/login/'

2019-11-27 10:43:38 - [MESSAGE][WARNING] - A browser is already opened. Closing browser and opening a new one

2019-11-27 10:43:39 - [MESSAGE][INFO] - Starting 'Firefox' driver

2019-11-27 10:43:43 - [MESSAGE][PASSED] - Browser is opened with url: 'https://p4p-qa-bg.aws.paradise4paws.com/login/'

2019-11-27 10:43:43 - [TEST_STEP][PASSED] - setText(findTestObject("object_login/input_user"), var_user): Text 'jegchavez@gmail.com' is set on object 'Object Repository/object_login/input_user'

2019-11-27 10:43:44 - [MESSAGE][PASSED] - Text 'jegchavez@gmail.com' is set on object 'Object Repository/object_login/input_user'

2019-11-27 10:43:44 - [TEST_STEP][PASSED] - setText(findTestObject("object_login/input_pass"), var_pass): Text 'admin1' is set on object 'Object Repository/object_login/input_pass'

2019-11-27 10:43:44 - [MESSAGE][PASSED] - Text 'admin1' is set on object 'Object Repository/object_login/input_pass'

2019-11-27 10:43:44 - [TEST_STEP][PASSED] - delay(2): Delayed 2 second(s)

2019-11-27 10:43:46 - [MESSAGE][PASSED] - Delayed 2 second(s)

2019-11-27 10:43:46 - [TEST_STEP][PASSED] - verifyElementClickable(findTestObject("object_login/btn_login")): Object 'Object Repository/object_login/btn_login' is clickable

2019-11-27 10:43:46 - [MESSAGE][PASSED] - Object 'Object Repository/object_login/btn_login' is clickable

2019-11-27 10:43:46 - [TEST_STEP][PASSED] - click(findTestObject("object_login/btn_login")): Object: 'Object Repository/object_login/btn_login' is clicked on

2019-11-27 10:43:50 - [MESSAGE][PASSED] - Object: 'Object Repository/object_login/btn_login' is clicked on

2019-11-27 10:43:50 - [TEST_STEP][PASSED] - delay(2): Delayed 2 second(s)

2019-11-27 10:43:52 - [MESSAGE][PASSED] - Delayed 2 second(s)

2019-11-27 10:43:52 - [TEST_STEP][PASSED] - navigateToUrl(var_urlReservations): Navigate to 'https://p4p-qa-bg.aws.paradise4paws.com/accounts/profile/#/reservations/113240/' successfully

2019-11-27 10:43:56 - [MESSAGE][PASSED] - Navigate to 'https://p4p-qa-bg.aws.paradise4paws.com/accounts/profile/#/reservations/113240/' successfully

2019-11-27 10:43:56 - [TEST_STEP][PASSED] - delay(2): Delayed 2 second(s)

2019-11-27 10:43:58 - [MESSAGE][PASSED] - Delayed 2 second(s)

2019-11-27 10:43:58 - [TEST_STEP][PASSED] - click(findTestObject("object_profile/a_addReservation")): Object: 'Object Repository/object_profile/a_addReservation' is clicked on

2019-11-27 10:43:59 - [MESSAGE][PASSED] - Object: 'Object Repository/object_profile/a_addReservation' is clicked on

2019-11-27 10:43:59 - [TEST_STEP][PASSED] - click(findTestObject("object_reservations/btn_Boarding")): Object: 'Object Repository/object_reservations/btn_Boarding' is clicked on

2019-11-27 10:44:01 - [MESSAGE][PASSED] - Object: 'Object Repository/object_reservations/btn_Boarding' is clicked on

2019-11-27 10:44:01 - [TEST_STEP][PASSED] - delay(3): Delayed 3 second(s)

2019-11-27 10:44:04 - [MESSAGE][PASSED] - Delayed 3 second(s)

2019-11-27 10:44:04 - [TEST_STEP][PASSED] - setText(findTestObject("object_reservations/input_Check-in Date_valid-date ng-not-empty"), "Thu, Nov 28, 2019"): Text 'Thu, Nov 28, 2019' is set on object 'Object Repository/object_reservations/input_Check-in Date_valid-date ng-not-empty'

2019-11-27 10:44:04 - [MESSAGE][PASSED] - Text 'Thu, Nov 28, 2019' is set on object 'Object Repository/object_reservations/input_Check-in Date_valid-date ng-not-empty'

2019-11-27 10:44:04 - [TEST_STEP][PASSED] - setText(findTestObject("object_reservations/input_Check-out Date_valid-date ng-not-empty"), "Fri, Nov 29, 2019"): Text 'Fri, Nov 29, 2019' is set on object 'Object Repository/object_reservations/input_Check-out Date_valid-date ng-not-empty'

2019-11-27 10:44:05 - [MESSAGE][PASSED] - Text 'Fri, Nov 29, 2019' is set on object 'Object Repository/object_reservations/input_Check-out Date_valid-date ng-not-empty'

2019-11-27 10:44:05 - [TEST_STEP][PASSED] - setText(findTestObject("object_reservations/input_Check-in Date_timepicker-input ng-not-empty ng-valid ng-valid-required ng-touched"), "07:00 AM"): Text '07:00 AM' is set on object 'Object Repository/object_reservations/input_Check-in Date_timepicker-input ng-not-empty ng-valid ng-valid-required ng-touched'

2019-11-27 10:44:07 - [MESSAGE][PASSED] - Text '07:00 AM' is set on object 'Object Repository/object_reservations/input_Check-in Date_timepicker-input ng-not-empty ng-valid ng-valid-required ng-touched'

2019-11-27 10:44:07 - [TEST_STEP][PASSED] - setText(findTestObject("object_reservations/input_Check-out Date_timepicker-input ng-empty ng-invalid ng-invalid-required"), "01:30 PM"): Text '01:30 PM' is set on object 'Object Repository/object_reservations/input_Check-out Date_timepicker-input ng-empty ng-invalid ng-invalid-required'

2019-11-27 10:44:10 - [MESSAGE][PASSED] - Text '01:30 PM' is set on object 'Object Repository/object_reservations/input_Check-out Date_timepicker-input ng-empty ng-invalid ng-invalid-required'

2019-11-27 10:44:10 - [TEST_STEP][PASSED] - delay(2): Delayed 2 second(s)

2019-11-27 10:44:12 - [MESSAGE][PASSED] - Delayed 2 second(s)

2019-11-27 10:44:12 - [TEST_STEP][NOT_RUN] - click(findTestObject("object_reservations/input_Check-in Date_form-control ng-pristin_499b9d")): NOT_RUN: click(findTestObject("object_reservations/input_Check-in Date_form-control ng-pristin_499b9d"))

2019-11-27 10:44:12 - [MESSAGE][NOT_RUN] - NOT_RUN: click(findTestObject("object_reservations/input_Check-in Date_form-control ng-pristin_499b9d"))

2019-11-27 10:44:12 - [TEST_STEP][NOT_RUN] - click(findTestObject("object_reservations/span_27")): NOT_RUN: click(findTestObject("object_reservations/span_27"))

2019-11-27 10:44:12 - [MESSAGE][NOT_RUN] - NOT_RUN: click(findTestObject("object_reservations/span_27"))

2019-11-27 10:44:12 - [TEST_STEP][NOT_RUN] - click(findTestObject("object_reservations/input_Check-in Date_form-control ng-pristin_499b9d")): NOT_RUN: click(findTestObject("object_reservations/input_Check-in Date_form-control ng-pristin_499b9d"))

2019-11-27 10:44:12 - [MESSAGE][NOT_RUN] - NOT_RUN: click(findTestObject("object_reservations/input_Check-in Date_form-control ng-pristin_499b9d"))

2019-11-27 10:44:12 - [TEST_STEP][NOT_RUN] - click(findTestObject("object_reservations/span_28")): NOT_RUN: click(findTestObject("object_reservations/span_28"))

2019-11-27 10:44:12 - [MESSAGE][NOT_RUN] - NOT_RUN: click(findTestObject("object_reservations/span_28"))

2019-11-27 10:44:12 - [TEST_STEP][NOT_RUN] - click(findTestObject("object_reservations/input_Check-in Date_form-control ng-pristin_e9c8b5")): NOT_RUN: click(findTestObject("object_reservations/input_Check-in Date_form-control ng-pristin_e9c8b5"))

2019-11-27 10:44:12 - [MESSAGE][NOT_RUN] - NOT_RUN: click(findTestObject("object_reservations/input_Check-in Date_form-control ng-pristin_e9c8b5"))

2019-11-27 10:44:12 - [TEST_STEP][NOT_RUN] - click(findTestObject("object_reservations/li_0630 AM")): NOT_RUN: click(findTestObject("object_reservations/li_0630 AM"))

2019-11-27 10:44:12 - [MESSAGE][NOT_RUN] - NOT_RUN: click(findTestObject("object_reservations/li_0630 AM"))

2019-11-27 10:44:12 - [TEST_STEP][NOT_RUN] - click(findTestObject("object_reservations/input_Check-in Date_form-control ng-pristin_e9c8b5")): NOT_RUN: click(findTestObject("object_reservations/input_Check-in Date_form-control ng-pristin_e9c8b5"))

2019-11-27 10:44:12 - [MESSAGE][NOT_RUN] - NOT_RUN: click(findTestObject("object_reservations/input_Check-in Date_form-control ng-pristin_e9c8b5"))

2019-11-27 10:44:12 - [TEST_STEP][NOT_RUN] - click(findTestObject("object_reservations/li_0100 PM")): NOT_RUN: click(findTestObject("object_reservations/li_0100 PM"))

2019-11-27 10:44:12 - [MESSAGE][NOT_RUN] - NOT_RUN: click(findTestObject("object_reservations/li_0100 PM"))

2019-11-27 10:44:12 - [TEST_STEP][PASSED] - click(findTestObject("object_reservations/i_test")): Object: 'Object Repository/object_reservations/i_test' is clicked on

2019-11-27 10:44:14 - [MESSAGE][PASSED] - Object: 'Object Repository/object_reservations/i_test' is clicked on

2019-11-27 10:44:14 - [TEST_STEP][PASSED] - click(findTestObject("object_reservations/i_Day_fa fa-circle-o ng-scope")): Object: 'Object Repository/object_reservations/i_Day_fa fa-circle-o ng-scope' is clicked on

2019-11-27 10:44:18 - [MESSAGE][PASSED] - Object: 'Object Repository/object_reservations/i_Day_fa fa-circle-o ng-scope' is clicked on

2019-11-27 10:44:18 - [TEST_STEP][PASSED] - click(findTestObject("object_reservations/button_Next")): Object: 'Object Repository/object_reservations/button_Next' is clicked on

2019-11-27 10:44:19 - [MESSAGE][PASSED] - Object: 'Object Repository/object_reservations/button_Next' is clicked on

2019-11-27 10:44:19 - [TEST_STEP][PASSED] - delay(4): Delayed 4 second(s)

2019-11-27 10:44:23 - [MESSAGE][PASSED] - Delayed 4 second(s)

2019-11-27 10:44:23 - [TEST_STEP][PASSED] - click(findTestObject("object_reservations/button_Next")): Object: 'Object Repository/object_reservations/button_Next' is clicked on

2019-11-27 10:44:23 - [MESSAGE][PASSED] - Object: 'Object Repository/object_reservations/button_Next' is clicked on

2019-11-27 10:44:23 - [TEST_STEP][PASSED] - click(findTestObject("object_reservations/button_Submit Reservation")): Object: 'Object Repository/object_reservations/button_Submit Reservation' is clicked on

2019-11-27 10:44:26 - [MESSAGE][PASSED] - Object: 'Object Repository/object_reservations/button_Submit Reservation' is clicked on

2019-11-27 10:44:26 - [TEST_STEP][PASSED] - click(findTestObject("object_reservations/button_Return To Reservation")): Object: 'Object Repository/object_reservations/button_Return To Reservation' is clicked on

2019-11-27 10:44:32 - [MESSAGE][PASSED] - Object: 'Object Repository/object_reservations/button_Return To Reservation' is clicked on]]></system-out>
         <system-err><![CDATA[]]></system-err>
      </testcase>
      <system-out><![CDATA[2019-11-27 10:42:43 - [TEST_SUITE][PASSED] - ts_newReservation: Test Cases/p4p_newReservation]]></system-out>
      <system-err><![CDATA[]]></system-err>
   </testsuite>
</testsuites>
