<?xml version="1.0" encoding="UTF-8"?>
<testsuites name="ts_newReservationBoarding" time="242.131" tests="3" failures="0" errors="0">
   <testsuite name="ts_newReservationBoarding" tests="3" failures="0" errors="0" time="242.131" timestamp="2019-12-16 08:33:48" hostname="leonardo-arkusmty - leonardoarkusmty-Inspiron-5577" id="Test Suites/ts_newReservationBoarding">
      <properties>
         <property name="deviceName" value=""/>
         <property name="devicePlatform" value=""/>
         <property name="logFolder" value="/home/leonardo-arkusmty/Documents/workspaceKatalon/p4ptest/Reports/20191216_083347/ts_newReservationBoarding/20191216_083347"/>
         <property name="logFiles" value="/home/leonardo-arkusmty/Documents/workspaceKatalon/p4ptest/Reports/20191216_083347/ts_newReservationBoarding/20191216_083347/execution0.log"/>
         <property name="attachments" value=""/>
         <property name="hostName" value="leonardo-arkusmty - leonardoarkusmty-Inspiron-5577"/>
         <property name="os" value="Linux 64bit"/>
         <property name="katalonVersion" value="7.0.8.1"/>
         <property name="browser" value="Firefox 71.0"/>
         <property name="hostAddress" value="127.0.1.1"/>
         <property name="sessionId" value="03197e95-4929-45fe-a7be-a30088086067"/>
         <property name="seleniumVersion" value="3.141.59"/>
         <property name="proxyInformation" value="ProxyInformation{proxyOption=NO_PROXY, proxyServerType=HTTP, password=, proxyServerAddress=, proxyServerPort=0}"/>
         <property name="platform" value="Linux"/>
      </properties>
      <testcase name="Test Cases/p4p_newReservationBoarding" time="75.787" classname="Test Cases/p4p_newReservationBoarding" status="PASSED">
         <system-out><![CDATA[2019-12-16 08:33:48 - [TEST_CASE][PASSED] - Test Cases/p4p_newReservationBoarding: Test Cases/p4p_newReservationBoarding

2019-12-16 08:33:49 - [TEST_STEP][PASSED] - openBrowser("https://p4p-qa-bg.aws.paradise4paws.com/login/"): Browser is opened with url: 'https://p4p-qa-bg.aws.paradise4paws.com/login/'

2019-12-16 08:33:49 - [MESSAGE][INFO] - Starting 'Firefox' driver

2019-12-16 08:33:49 - [MESSAGE][INFO] - Action delay is set to 0 seconds

2019-12-16 08:33:54 - [MESSAGE][PASSED] - Browser is opened with url: 'https://p4p-qa-bg.aws.paradise4paws.com/login/'

2019-12-16 08:33:54 - [TEST_STEP][PASSED] - setText(findTestObject("Object Repository/object_login/input_user"), var_user): Text 'jegchavez@gmail.com' is set on object 'Object Repository/object_login/input_user'

2019-12-16 08:33:54 - [MESSAGE][PASSED] - Text 'jegchavez@gmail.com' is set on object 'Object Repository/object_login/input_user'

2019-12-16 08:33:54 - [TEST_STEP][PASSED] - setText(findTestObject("Object Repository/object_login/input_pass"), var_pass): Text 'admin1' is set on object 'Object Repository/object_login/input_pass'

2019-12-16 08:33:55 - [MESSAGE][PASSED] - Text 'admin1' is set on object 'Object Repository/object_login/input_pass'

2019-12-16 08:33:55 - [TEST_STEP][PASSED] - delay(2): Delayed 2 second(s)

2019-12-16 08:33:57 - [MESSAGE][PASSED] - Delayed 2 second(s)

2019-12-16 08:33:57 - [TEST_STEP][PASSED] - verifyElementClickable(findTestObject("Object Repository/object_login/btn_login")): Object 'Object Repository/object_login/btn_login' is clickable

2019-12-16 08:33:57 - [MESSAGE][PASSED] - Object 'Object Repository/object_login/btn_login' is clickable

2019-12-16 08:33:57 - [TEST_STEP][PASSED] - click(findTestObject("Object Repository/object_login/btn_login")): Object: 'Object Repository/object_login/btn_login' is clicked on

2019-12-16 08:34:01 - [MESSAGE][PASSED] - Object: 'Object Repository/object_login/btn_login' is clicked on

2019-12-16 08:34:01 - [TEST_STEP][PASSED] - delay(2): Delayed 2 second(s)

2019-12-16 08:34:03 - [MESSAGE][PASSED] - Delayed 2 second(s)

2019-12-16 08:34:03 - [TEST_STEP][PASSED] - setText(findTestObject("Object Repository/object_dashboard_emp/input_search"), var_searchParent): Text 'leongarzagarza@hotmail.com' is set on object 'Object Repository/object_dashboard_emp/input_search'

2019-12-16 08:34:03 - [MESSAGE][PASSED] - Text 'leongarzagarza@hotmail.com' is set on object 'Object Repository/object_dashboard_emp/input_search'

2019-12-16 08:34:03 - [TEST_STEP][PASSED] - click(findTestObject("Object Repository/object_dashboard_emp/btn_accountSearch")): Object: 'Object Repository/object_dashboard_emp/btn_accountSearch' is clicked on

2019-12-16 08:34:04 - [MESSAGE][PASSED] - Object: 'Object Repository/object_dashboard_emp/btn_accountSearch' is clicked on

2019-12-16 08:34:04 - [TEST_STEP][PASSED] - delay(2): Delayed 2 second(s)

2019-12-16 08:34:06 - [MESSAGE][PASSED] - Delayed 2 second(s)

2019-12-16 08:34:06 - [TEST_STEP][PASSED] - click(findTestObject("Object Repository/object_accountInformation/a_TEST GABRIEL PROD")): Object: 'Object Repository/object_accountInformation/a_TEST GABRIEL PROD' is clicked on

2019-12-16 08:34:10 - [MESSAGE][PASSED] - Object: 'Object Repository/object_accountInformation/a_TEST GABRIEL PROD' is clicked on

2019-12-16 08:34:10 - [TEST_STEP][PASSED] - delay(2): Delayed 2 second(s)

2019-12-16 08:34:12 - [MESSAGE][PASSED] - Delayed 2 second(s)

2019-12-16 08:34:12 - [TEST_STEP][PASSED] - click(findTestObject("Object Repository/object_profile/a_addReservation")): Object: 'Object Repository/object_profile/a_addReservation' is clicked on

2019-12-16 08:34:14 - [MESSAGE][PASSED] - Object: 'Object Repository/object_profile/a_addReservation' is clicked on

2019-12-16 08:34:14 - [TEST_STEP][PASSED] - delay(2): Delayed 2 second(s)

2019-12-16 08:34:16 - [MESSAGE][PASSED] - Delayed 2 second(s)

2019-12-16 08:34:16 - [TEST_STEP][PASSED] - flagBoar = "0": null

2019-12-16 08:34:16 - [TEST_STEP][PASSED] - log = new com.kms.katalon.core.logging.KeywordLogger(): null

2019-12-16 08:34:16 - [TEST_STEP][PASSED] - if (var_typeReserveation == "Boarding"): null

2019-12-16 08:34:16 - [TEST_STEP][PASSED] - click(findTestObject("Object Repository/object_reservation/btn_Boarding")): Object: 'Object Repository/object_reservation/btn_Boarding' is clicked on

2019-12-16 08:34:16 - [MESSAGE][PASSED] - Object: 'Object Repository/object_reservation/btn_Boarding' is clicked on

2019-12-16 08:34:16 - [TEST_STEP][PASSED] - flagBoar = "1": null

2019-12-16 08:34:16 - [TEST_STEP][PASSED] - click(findTestObject("Object Repository/object_reservation/i_location")): Object: 'Object Repository/object_reservation/i_location' is clicked on

2019-12-16 08:34:19 - [MESSAGE][PASSED] - Object: 'Object Repository/object_reservation/i_location' is clicked on

2019-12-16 08:34:19 - [TEST_STEP][PASSED] - switch (var_idFacility): null

2019-12-16 08:34:19 - [TEST_STEP][PASSED] - dateCI = var_checkinD.split(","): null

2019-12-16 08:34:19 - [TEST_STEP][PASSED] - dateCO = var_checkoutD.split(","): null

2019-12-16 08:34:19 - [TEST_STEP][PASSED] - arryPets = var_pets.split(","): null

2019-12-16 08:34:19 - [TEST_STEP][PASSED] - delay(2): Delayed 2 second(s)

2019-12-16 08:34:21 - [MESSAGE][PASSED] - Delayed 2 second(s)

2019-12-16 08:34:21 - [TEST_STEP][PASSED] - if (var_repeting == "Y"): null

2019-12-16 08:34:21 - [TEST_STEP][PASSED] - click(findTestObject("Object Repository/object_reservation/dateCheckIn")): Object: 'Object Repository/object_reservation/dateCheckIn' is clicked on

2019-12-16 08:34:21 - [MESSAGE][PASSED] - Object: 'Object Repository/object_reservation/dateCheckIn' is clicked on

2019-12-16 08:34:21 - [TEST_STEP][PASSED] - delay(2): Delayed 2 second(s)

2019-12-16 08:34:23 - [MESSAGE][PASSED] - Delayed 2 second(s)

2019-12-16 08:34:23 - [TEST_STEP][PASSED] - switch (dateCI[0]): null

2019-12-16 08:34:23 - [TEST_STEP][PASSED] - case "1":: null

2019-12-16 08:34:23 - [TEST_STEP][PASSED] - click(findTestObject("Object Repository/Page_Paradise 4 Paws  Dog Boarding Cat Boarding Norwalk Pooch Hotel/button_01_ci")): Object: 'Object Repository/Page_Paradise 4 Paws  Dog Boarding Cat Boarding Norwalk Pooch Hotel/button_01_ci' is clicked on

2019-12-16 08:34:24 - [MESSAGE][PASSED] - Object: 'Object Repository/Page_Paradise 4 Paws  Dog Boarding Cat Boarding Norwalk Pooch Hotel/button_01_ci' is clicked on

2019-12-16 08:34:24 - [TEST_STEP][PASSED] - break: null

2019-12-16 08:34:24 - [TEST_STEP][PASSED] - if (flagBoar == "1"): null

2019-12-16 08:34:24 - [TEST_STEP][PASSED] - click(findTestObject("Object Repository/object_reservation/dateCheckOut")): Object: 'Object Repository/object_reservation/dateCheckOut' is clicked on

2019-12-16 08:34:25 - [MESSAGE][PASSED] - Object: 'Object Repository/object_reservation/dateCheckOut' is clicked on

2019-12-16 08:34:25 - [TEST_STEP][PASSED] - switch (dateCO[0]): null

2019-12-16 08:34:25 - [TEST_STEP][PASSED] - case "1":: null

2019-12-16 08:34:25 - [TEST_STEP][PASSED] - click(findTestObject("Object Repository/Page_Paradise 4 Paws  Dog Boarding Cat Boarding Norwalk Pooch Hotel/button_01_co")): Object: 'Object Repository/Page_Paradise 4 Paws  Dog Boarding Cat Boarding Norwalk Pooch Hotel/button_01_co' is clicked on

2019-12-16 08:34:26 - [MESSAGE][PASSED] - Object: 'Object Repository/Page_Paradise 4 Paws  Dog Boarding Cat Boarding Norwalk Pooch Hotel/button_01_co' is clicked on

2019-12-16 08:34:26 - [TEST_STEP][PASSED] - break: null

2019-12-16 08:34:26 - [TEST_STEP][NOT_RUN] - click(findTestObject("Object Repository/object_reservationCalendar/CO_close")): NOT_RUN: click(findTestObject("Object Repository/object_reservationCalendar/CO_close"))

2019-12-16 08:34:26 - [MESSAGE][NOT_RUN] - NOT_RUN: click(findTestObject("Object Repository/object_reservationCalendar/CO_close"))

2019-12-16 08:34:26 - [TEST_STEP][PASSED] - click(findTestObject("Object Repository/object_reservation/timeCheckin")): Object: 'Object Repository/object_reservation/timeCheckin' is clicked on

2019-12-16 08:34:26 - [MESSAGE][PASSED] - Object: 'Object Repository/object_reservation/timeCheckin' is clicked on

2019-12-16 08:34:26 - [TEST_STEP][PASSED] - switch (var_checkinT): null

2019-12-16 08:34:26 - [TEST_STEP][PASSED] - case "800":: null

2019-12-16 08:34:26 - [TEST_STEP][PASSED] - click(findTestObject("Object Repository/Page_Paradise 4 Paws  Dog Boarding Cat Boarding Norwalk Pooch Hotel/time_800am_ci")): Object: 'Object Repository/Page_Paradise 4 Paws  Dog Boarding Cat Boarding Norwalk Pooch Hotel/time_800am_ci' is clicked on

2019-12-16 08:34:27 - [MESSAGE][PASSED] - Object: 'Object Repository/Page_Paradise 4 Paws  Dog Boarding Cat Boarding Norwalk Pooch Hotel/time_800am_ci' is clicked on

2019-12-16 08:34:27 - [TEST_STEP][PASSED] - break: null

2019-12-16 08:34:27 - [TEST_STEP][PASSED] - click(findTestObject("Object Repository/object_reservation/timeCheckOut")): Object: 'Object Repository/object_reservation/timeCheckOut' is clicked on

2019-12-16 08:34:28 - [MESSAGE][PASSED] - Object: 'Object Repository/object_reservation/timeCheckOut' is clicked on

2019-12-16 08:34:28 - [TEST_STEP][PASSED] - switch (var_checkoutT): null

2019-12-16 08:34:28 - [TEST_STEP][PASSED] - case "1200":: null

2019-12-16 08:34:28 - [TEST_STEP][PASSED] - click(findTestObject("Object Repository/Page_Paradise 4 Paws  Dog Boarding Cat Boarding Norwalk Pooch Hotel/time_1200pm_co")): Object: 'Object Repository/Page_Paradise 4 Paws  Dog Boarding Cat Boarding Norwalk Pooch Hotel/time_1200pm_co' is clicked on

2019-12-16 08:34:28 - [MESSAGE][PASSED] - Object: 'Object Repository/Page_Paradise 4 Paws  Dog Boarding Cat Boarding Norwalk Pooch Hotel/time_1200pm_co' is clicked on

2019-12-16 08:34:28 - [TEST_STEP][PASSED] - break: null

2019-12-16 08:34:28 - [TEST_STEP][PASSED] - delay(2): Delayed 2 second(s)

2019-12-16 08:34:30 - [MESSAGE][PASSED] - Delayed 2 second(s)

2019-12-16 08:34:30 - [TEST_STEP][PASSED] - if (arryPets.size() == 1): Object: 'Object Repository/object_reservation/Page_Paradise 4 Paws  Dog Boarding Cat Boarding Norwalk Pooch Hotel/div_Ares' is clicked on

2019-12-16 08:34:30 - [TEST_STEP][PASSED] - click(findTestObject("Object Repository/object_reservation/Page_Paradise 4 Paws  Dog Boarding Cat Boarding Norwalk Pooch Hotel/div_Ares")): Object: 'Object Repository/object_reservation/Page_Paradise 4 Paws  Dog Boarding Cat Boarding Norwalk Pooch Hotel/div_Ares' is clicked on

2019-12-16 08:34:32 - [MESSAGE][PASSED] - Object: 'Object Repository/object_reservation/Page_Paradise 4 Paws  Dog Boarding Cat Boarding Norwalk Pooch Hotel/div_Ares' is clicked on

2019-12-16 08:34:32 - [TEST_STEP][NOT_RUN] - click(findTestObject("object_reservations/i_Day_fa fa-circle-o ng-scope")): NOT_RUN: click(findTestObject("object_reservations/i_Day_fa fa-circle-o ng-scope"))

2019-12-16 08:34:32 - [MESSAGE][NOT_RUN] - NOT_RUN: click(findTestObject("object_reservations/i_Day_fa fa-circle-o ng-scope"))

2019-12-16 08:34:32 - [TEST_STEP][PASSED] - if (flagBoar == "1" || flagBoar == "2"): Object: 'Object Repository/object_reservation/div_suite_rad_deluxe' is clicked on

2019-12-16 08:34:32 - [TEST_STEP][PASSED] - click(findTestObject("Object Repository/object_reservation/div_suite_rad_deluxe")): Object: 'Object Repository/object_reservation/div_suite_rad_deluxe' is clicked on

2019-12-16 08:34:35 - [MESSAGE][PASSED] - Object: 'Object Repository/object_reservation/div_suite_rad_deluxe' is clicked on

2019-12-16 08:34:35 - [TEST_STEP][PASSED] - click(findTestObject("Object Repository/object_reservation/btn_next2")): Object: 'Object Repository/object_reservation/btn_next2' is clicked on

2019-12-16 08:34:38 - [MESSAGE][PASSED] - Object: 'Object Repository/object_reservation/btn_next2' is clicked on

2019-12-16 08:34:38 - [TEST_STEP][PASSED] - delay(3): Delayed 3 second(s)

2019-12-16 08:34:41 - [MESSAGE][PASSED] - Delayed 3 second(s)

2019-12-16 08:34:41 - [TEST_STEP][PASSED] - if (flagBoar == "1"): Object: 'Object Repository/object_reservation/button_DeclineThisPromo' is clicked on

2019-12-16 08:34:41 - [TEST_STEP][PASSED] - click(findTestObject("Object Repository/object_reservation/button_DeclineThisPromo")): Object: 'Object Repository/object_reservation/button_DeclineThisPromo' is clicked on

2019-12-16 08:34:41 - [MESSAGE][PASSED] - Object: 'Object Repository/object_reservation/button_DeclineThisPromo' is clicked on

2019-12-16 08:34:41 - [TEST_STEP][PASSED] - delay(2): Delayed 2 second(s)

2019-12-16 08:34:43 - [MESSAGE][PASSED] - Delayed 2 second(s)

2019-12-16 08:34:43 - [TEST_STEP][PASSED] - click(findTestObject("Object Repository/object_reservation/btn_next2")): Object: 'Object Repository/object_reservation/btn_next2' is clicked on

2019-12-16 08:34:44 - [MESSAGE][PASSED] - Object: 'Object Repository/object_reservation/btn_next2' is clicked on

2019-12-16 08:34:44 - [TEST_STEP][PASSED] - click(findTestObject("Object Repository/object_reservation/button_Submit Reservation")): Object: 'Object Repository/object_reservation/button_Submit Reservation' is clicked on

2019-12-16 08:34:46 - [MESSAGE][PASSED] - Object: 'Object Repository/object_reservation/button_Submit Reservation' is clicked on

2019-12-16 08:34:46 - [TEST_STEP][PASSED] - delay(2): Delayed 2 second(s)

2019-12-16 08:34:48 - [MESSAGE][PASSED] - Delayed 2 second(s)

2019-12-16 08:34:48 - [TEST_STEP][PASSED] - if (flagBoar == "2" && var_repeatingEvery == "Daily" || var_repeatingEvery == "Monthly" || var_repeatingEvery == "Weekly"): null

2019-12-16 08:34:48 - [TEST_STEP][PASSED] - else: null

2019-12-16 08:34:48 - [TEST_STEP][PASSED] - delay(2): Delayed 2 second(s)

2019-12-16 08:34:50 - [MESSAGE][PASSED] - Delayed 2 second(s)

2019-12-16 08:34:50 - [TEST_STEP][PASSED] - click(findTestObject("Object Repository/object_reservation/button_Return To Reservation")): Object: 'Object Repository/object_reservation/button_Return To Reservation' is clicked on

2019-12-16 08:34:52 - [MESSAGE][PASSED] - Object: 'Object Repository/object_reservation/button_Return To Reservation' is clicked on

2019-12-16 08:34:52 - [TEST_STEP][PASSED] - delay(6): Delayed 6 second(s)

2019-12-16 08:34:58 - [MESSAGE][PASSED] - Delayed 6 second(s)

2019-12-16 08:34:58 - [TEST_STEP][PASSED] - click(findTestObject("Object Repository/object_reservation/Page_Paradise 4 Paws  Dog Boarding Cat Boar_35fe2b/button_Go to CheckOut")): Object: 'Object Repository/object_reservation/Page_Paradise 4 Paws  Dog Boarding Cat Boar_35fe2b/button_Go to CheckOut' is clicked on

2019-12-16 08:35:00 - [MESSAGE][PASSED] - Object: 'Object Repository/object_reservation/Page_Paradise 4 Paws  Dog Boarding Cat Boar_35fe2b/button_Go to CheckOut' is clicked on

2019-12-16 08:35:00 - [TEST_STEP][PASSED] - delay(2): Delayed 2 second(s)

2019-12-16 08:35:02 - [MESSAGE][PASSED] - Delayed 2 second(s)

2019-12-16 08:35:02 - [TEST_STEP][PASSED] - log.logInfo(getText(findTestObject("Object Repository/object_reservation/Page_Paradise 4 Paws  Dog Boarding Cat Boar_35fe2b/span_( BK )"))): ( BK )

2019-12-16 08:35:02 - [MESSAGE][PASSED] - Text of object 'Object Repository/object_reservation/Page_Paradise 4 Paws  Dog Boarding Cat Boar_35fe2b/span_( BK )' is: '( BK )'

2019-12-16 08:35:02 - [MESSAGE][INFO] - ( BK )

2019-12-16 08:35:02 - [TEST_STEP][PASSED] - var_url = getUrl(): Current window's url is: 'https://p4p-qa-bg.aws.paradise4paws.com/frontdesk/checkout/1702524/?parent_id=122350'

2019-12-16 08:35:02 - [MESSAGE][PASSED] - Current window's url is: 'https://p4p-qa-bg.aws.paradise4paws.com/frontdesk/checkout/1702524/?parent_id=122350'

2019-12-16 08:35:02 - [TEST_STEP][PASSED] - arrayUrl = var_url.split("/"): null

2019-12-16 08:35:02 - [TEST_STEP][PASSED] - var = Integer.parseInt(var_idRowRes): null

2019-12-16 08:35:02 - [TEST_STEP][PASSED] - verifyElementText(findTestObject("Object Repository/object_reservation/Page_Paradise 4 Paws  Dog Boarding Cat Boar_35fe2b/span_( BK )"), "( BK )", STOP_ON_FAILURE): Actual text and expected text of test object 'Object Repository/object_reservation/Page_Paradise 4 Paws  Dog Boarding Cat Boar_35fe2b/span_( BK )' are matched.

2019-12-16 08:35:02 - [MESSAGE][PASSED] - Actual text and expected text of test object 'Object Repository/object_reservation/Page_Paradise 4 Paws  Dog Boarding Cat Boar_35fe2b/span_( BK )' are matched.

2019-12-16 08:35:02 - [TEST_STEP][PASSED] - fis = new java.io.FileInputStream(/home/leonardo-arkusmty/Desktop/P4P/DATA_AUTOMATINTESTING/data_1newReservationBoarding.xlsx): null

2019-12-16 08:35:02 - [TEST_STEP][PASSED] - workbook = new org.apache.poi.xssf.usermodel.XSSFWorkbook(fis): null

2019-12-16 08:35:03 - [TEST_STEP][PASSED] - sheet = workbook.getSheet("Sheet1"): null

2019-12-16 08:35:03 - [TEST_STEP][PASSED] - rowCount = var_row: null

2019-12-16 08:35:03 - [TEST_STEP][PASSED] - row = sheet.getRow(var): null

2019-12-16 08:35:03 - [TEST_STEP][PASSED] - cell = row.createCell(15, 0): null

2019-12-16 08:35:03 - [TEST_STEP][PASSED] - cell.setCellType(CELL_TYPE_STRING): null

2019-12-16 08:35:03 - [TEST_STEP][PASSED] - cell.setCellValue(arrayUrl[5]): null

2019-12-16 08:35:03 - [TEST_STEP][PASSED] - cell2 = row.createCell(16, 0): null

2019-12-16 08:35:03 - [TEST_STEP][PASSED] - cell2.setCellType(CELL_TYPE_STRING): null

2019-12-16 08:35:03 - [TEST_STEP][PASSED] - cell2.setCellValue(getText(findTestObject("Object Repository/object_reservation/Page_Paradise 4 Paws  Dog Boarding Cat Boar_35fe2b/span_( BK )"))): Text of object 'Object Repository/object_reservation/Page_Paradise 4 Paws  Dog Boarding Cat Boar_35fe2b/span_( BK )' is: '( BK )'

2019-12-16 08:35:03 - [MESSAGE][PASSED] - Text of object 'Object Repository/object_reservation/Page_Paradise 4 Paws  Dog Boarding Cat Boar_35fe2b/span_( BK )' is: '( BK )'

2019-12-16 08:35:03 - [TEST_STEP][PASSED] - fos = new java.io.FileOutputStream(/home/leonardo-arkusmty/Desktop/P4P/DATA_AUTOMATINTESTING/data_1newReservationBoarding.xlsx): null

2019-12-16 08:35:03 - [TEST_STEP][PASSED] - workbook.write(fos): null

2019-12-16 08:35:03 - [TEST_STEP][PASSED] - fos.close(): null

2019-12-16 08:35:03 - [TEST_STEP][PASSED] - delay(1): Delayed 1 second(s)

2019-12-16 08:35:04 - [MESSAGE][PASSED] - Delayed 1 second(s)

2019-12-16 08:35:04 - [TEST_STEP][PASSED] - (var_row++): null]]></system-out>
         <system-err><![CDATA[]]></system-err>
      </testcase>
      <testcase name="Test Cases/p4p_newReservationBoarding" time="79.986" classname="Test Cases/p4p_newReservationBoarding" status="PASSED">
         <system-out><![CDATA[2019-12-16 08:35:04 - [TEST_CASE][PASSED] - Test Cases/p4p_newReservationBoarding: Test Cases/p4p_newReservationBoarding

2019-12-16 08:35:04 - [TEST_STEP][PASSED] - openBrowser("https://p4p-qa-bg.aws.paradise4paws.com/login/"): Browser is opened with url: 'https://p4p-qa-bg.aws.paradise4paws.com/login/'

2019-12-16 08:35:04 - [MESSAGE][WARNING] - A browser is already opened. Closing browser and opening a new one

2019-12-16 08:35:05 - [MESSAGE][INFO] - Starting 'Firefox' driver

2019-12-16 08:35:09 - [MESSAGE][PASSED] - Browser is opened with url: 'https://p4p-qa-bg.aws.paradise4paws.com/login/'

2019-12-16 08:35:09 - [TEST_STEP][PASSED] - setText(findTestObject("Object Repository/object_login/input_user"), var_user): Text 'jegchavez@gmail.com' is set on object 'Object Repository/object_login/input_user'

2019-12-16 08:35:09 - [MESSAGE][PASSED] - Text 'jegchavez@gmail.com' is set on object 'Object Repository/object_login/input_user'

2019-12-16 08:35:09 - [TEST_STEP][PASSED] - setText(findTestObject("Object Repository/object_login/input_pass"), var_pass): Text 'admin1' is set on object 'Object Repository/object_login/input_pass'

2019-12-16 08:35:10 - [MESSAGE][PASSED] - Text 'admin1' is set on object 'Object Repository/object_login/input_pass'

2019-12-16 08:35:10 - [TEST_STEP][PASSED] - delay(2): Delayed 2 second(s)

2019-12-16 08:35:12 - [MESSAGE][PASSED] - Delayed 2 second(s)

2019-12-16 08:35:12 - [TEST_STEP][PASSED] - verifyElementClickable(findTestObject("Object Repository/object_login/btn_login")): Object 'Object Repository/object_login/btn_login' is clickable

2019-12-16 08:35:12 - [MESSAGE][PASSED] - Object 'Object Repository/object_login/btn_login' is clickable

2019-12-16 08:35:12 - [TEST_STEP][PASSED] - click(findTestObject("Object Repository/object_login/btn_login")): Object: 'Object Repository/object_login/btn_login' is clicked on

2019-12-16 08:35:15 - [MESSAGE][PASSED] - Object: 'Object Repository/object_login/btn_login' is clicked on

2019-12-16 08:35:15 - [TEST_STEP][PASSED] - delay(2): Delayed 2 second(s)

2019-12-16 08:35:17 - [MESSAGE][PASSED] - Delayed 2 second(s)

2019-12-16 08:35:17 - [TEST_STEP][PASSED] - setText(findTestObject("Object Repository/object_dashboard_emp/input_search"), var_searchParent): Text 'leongarzagarza@hotmail.com' is set on object 'Object Repository/object_dashboard_emp/input_search'

2019-12-16 08:35:18 - [MESSAGE][PASSED] - Text 'leongarzagarza@hotmail.com' is set on object 'Object Repository/object_dashboard_emp/input_search'

2019-12-16 08:35:18 - [TEST_STEP][PASSED] - click(findTestObject("Object Repository/object_dashboard_emp/btn_accountSearch")): Object: 'Object Repository/object_dashboard_emp/btn_accountSearch' is clicked on

2019-12-16 08:35:19 - [MESSAGE][PASSED] - Object: 'Object Repository/object_dashboard_emp/btn_accountSearch' is clicked on

2019-12-16 08:35:19 - [TEST_STEP][PASSED] - delay(2): Delayed 2 second(s)

2019-12-16 08:35:21 - [MESSAGE][PASSED] - Delayed 2 second(s)

2019-12-16 08:35:21 - [TEST_STEP][PASSED] - click(findTestObject("Object Repository/object_accountInformation/a_TEST GABRIEL PROD")): Object: 'Object Repository/object_accountInformation/a_TEST GABRIEL PROD' is clicked on

2019-12-16 08:35:25 - [MESSAGE][PASSED] - Object: 'Object Repository/object_accountInformation/a_TEST GABRIEL PROD' is clicked on

2019-12-16 08:35:25 - [TEST_STEP][PASSED] - delay(2): Delayed 2 second(s)

2019-12-16 08:35:27 - [MESSAGE][PASSED] - Delayed 2 second(s)

2019-12-16 08:35:27 - [TEST_STEP][PASSED] - click(findTestObject("Object Repository/object_profile/a_addReservation")): Object: 'Object Repository/object_profile/a_addReservation' is clicked on

2019-12-16 08:35:28 - [MESSAGE][PASSED] - Object: 'Object Repository/object_profile/a_addReservation' is clicked on

2019-12-16 08:35:28 - [TEST_STEP][PASSED] - delay(2): Delayed 2 second(s)

2019-12-16 08:35:30 - [MESSAGE][PASSED] - Delayed 2 second(s)

2019-12-16 08:35:30 - [TEST_STEP][PASSED] - flagBoar = "0": null

2019-12-16 08:35:30 - [TEST_STEP][PASSED] - log = new com.kms.katalon.core.logging.KeywordLogger(): null

2019-12-16 08:35:30 - [TEST_STEP][PASSED] - if (var_typeReserveation == "Boarding"): null

2019-12-16 08:35:30 - [TEST_STEP][PASSED] - click(findTestObject("Object Repository/object_reservation/btn_Boarding")): Object: 'Object Repository/object_reservation/btn_Boarding' is clicked on

2019-12-16 08:35:31 - [MESSAGE][PASSED] - Object: 'Object Repository/object_reservation/btn_Boarding' is clicked on

2019-12-16 08:35:31 - [TEST_STEP][PASSED] - flagBoar = "1": null

2019-12-16 08:35:31 - [TEST_STEP][PASSED] - click(findTestObject("Object Repository/object_reservation/i_location")): Object: 'Object Repository/object_reservation/i_location' is clicked on

2019-12-16 08:35:34 - [MESSAGE][PASSED] - Object: 'Object Repository/object_reservation/i_location' is clicked on

2019-12-16 08:35:34 - [TEST_STEP][PASSED] - switch (var_idFacility): null

2019-12-16 08:35:34 - [TEST_STEP][PASSED] - dateCI = var_checkinD.split(","): null

2019-12-16 08:35:34 - [TEST_STEP][PASSED] - dateCO = var_checkoutD.split(","): null

2019-12-16 08:35:34 - [TEST_STEP][PASSED] - arryPets = var_pets.split(","): null

2019-12-16 08:35:34 - [TEST_STEP][PASSED] - delay(2): Delayed 2 second(s)

2019-12-16 08:35:36 - [MESSAGE][PASSED] - Delayed 2 second(s)

2019-12-16 08:35:36 - [TEST_STEP][PASSED] - if (var_repeting == "Y"): null

2019-12-16 08:35:36 - [TEST_STEP][PASSED] - click(findTestObject("Object Repository/object_reservation/dateCheckIn")): Object: 'Object Repository/object_reservation/dateCheckIn' is clicked on

2019-12-16 08:35:36 - [MESSAGE][PASSED] - Object: 'Object Repository/object_reservation/dateCheckIn' is clicked on

2019-12-16 08:35:36 - [TEST_STEP][PASSED] - delay(2): Delayed 2 second(s)

2019-12-16 08:35:38 - [MESSAGE][PASSED] - Delayed 2 second(s)

2019-12-16 08:35:38 - [TEST_STEP][PASSED] - switch (dateCI[0]): null

2019-12-16 08:35:38 - [TEST_STEP][PASSED] - case "2":: null

2019-12-16 08:35:38 - [TEST_STEP][PASSED] - click(findTestObject("Object Repository/Page_Paradise 4 Paws  Dog Boarding Cat Boarding Norwalk Pooch Hotel/button_02_ci")): Object: 'Object Repository/Page_Paradise 4 Paws  Dog Boarding Cat Boarding Norwalk Pooch Hotel/button_02_ci' is clicked on

2019-12-16 08:35:39 - [MESSAGE][PASSED] - Object: 'Object Repository/Page_Paradise 4 Paws  Dog Boarding Cat Boarding Norwalk Pooch Hotel/button_02_ci' is clicked on

2019-12-16 08:35:39 - [TEST_STEP][PASSED] - break: null

2019-12-16 08:35:39 - [TEST_STEP][PASSED] - if (flagBoar == "1"): null

2019-12-16 08:35:39 - [TEST_STEP][PASSED] - click(findTestObject("Object Repository/object_reservation/dateCheckOut")): Object: 'Object Repository/object_reservation/dateCheckOut' is clicked on

2019-12-16 08:35:40 - [MESSAGE][PASSED] - Object: 'Object Repository/object_reservation/dateCheckOut' is clicked on

2019-12-16 08:35:40 - [TEST_STEP][PASSED] - switch (dateCO[0]): null

2019-12-16 08:35:40 - [TEST_STEP][PASSED] - case "2":: null

2019-12-16 08:35:40 - [TEST_STEP][PASSED] - click(findTestObject("Object Repository/Page_Paradise 4 Paws  Dog Boarding Cat Boarding Norwalk Pooch Hotel/button_02_co")): Object: 'Object Repository/Page_Paradise 4 Paws  Dog Boarding Cat Boarding Norwalk Pooch Hotel/button_02_co' is clicked on

2019-12-16 08:35:41 - [MESSAGE][PASSED] - Object: 'Object Repository/Page_Paradise 4 Paws  Dog Boarding Cat Boarding Norwalk Pooch Hotel/button_02_co' is clicked on

2019-12-16 08:35:41 - [TEST_STEP][PASSED] - break: null

2019-12-16 08:35:41 - [TEST_STEP][NOT_RUN] - click(findTestObject("Object Repository/object_reservationCalendar/CO_close")): NOT_RUN: click(findTestObject("Object Repository/object_reservationCalendar/CO_close"))

2019-12-16 08:35:41 - [MESSAGE][NOT_RUN] - NOT_RUN: click(findTestObject("Object Repository/object_reservationCalendar/CO_close"))

2019-12-16 08:35:41 - [TEST_STEP][PASSED] - click(findTestObject("Object Repository/object_reservation/timeCheckin")): Object: 'Object Repository/object_reservation/timeCheckin' is clicked on

2019-12-16 08:35:41 - [MESSAGE][PASSED] - Object: 'Object Repository/object_reservation/timeCheckin' is clicked on

2019-12-16 08:35:41 - [TEST_STEP][PASSED] - switch (var_checkinT): null

2019-12-16 08:35:41 - [TEST_STEP][PASSED] - case "800":: null

2019-12-16 08:35:41 - [TEST_STEP][PASSED] - click(findTestObject("Object Repository/Page_Paradise 4 Paws  Dog Boarding Cat Boarding Norwalk Pooch Hotel/time_800am_ci")): Object: 'Object Repository/Page_Paradise 4 Paws  Dog Boarding Cat Boarding Norwalk Pooch Hotel/time_800am_ci' is clicked on

2019-12-16 08:35:42 - [MESSAGE][PASSED] - Object: 'Object Repository/Page_Paradise 4 Paws  Dog Boarding Cat Boarding Norwalk Pooch Hotel/time_800am_ci' is clicked on

2019-12-16 08:35:42 - [TEST_STEP][PASSED] - break: null

2019-12-16 08:35:42 - [TEST_STEP][PASSED] - click(findTestObject("Object Repository/object_reservation/timeCheckOut")): Object: 'Object Repository/object_reservation/timeCheckOut' is clicked on

2019-12-16 08:35:43 - [MESSAGE][PASSED] - Object: 'Object Repository/object_reservation/timeCheckOut' is clicked on

2019-12-16 08:35:43 - [TEST_STEP][PASSED] - switch (var_checkoutT): null

2019-12-16 08:35:43 - [TEST_STEP][PASSED] - case "1200":: null

2019-12-16 08:35:43 - [TEST_STEP][PASSED] - click(findTestObject("Object Repository/Page_Paradise 4 Paws  Dog Boarding Cat Boarding Norwalk Pooch Hotel/time_1200pm_co")): Object: 'Object Repository/Page_Paradise 4 Paws  Dog Boarding Cat Boarding Norwalk Pooch Hotel/time_1200pm_co' is clicked on

2019-12-16 08:35:43 - [MESSAGE][PASSED] - Object: 'Object Repository/Page_Paradise 4 Paws  Dog Boarding Cat Boarding Norwalk Pooch Hotel/time_1200pm_co' is clicked on

2019-12-16 08:35:43 - [TEST_STEP][PASSED] - break: null

2019-12-16 08:35:43 - [TEST_STEP][PASSED] - delay(2): Delayed 2 second(s)

2019-12-16 08:35:45 - [MESSAGE][PASSED] - Delayed 2 second(s)

2019-12-16 08:35:45 - [TEST_STEP][PASSED] - if (arryPets.size() == 1): null

2019-12-16 08:35:45 - [TEST_STEP][PASSED] - else if (arryPets.size() == 2): Object: 'Object Repository/object_reservation/div_Zeus' is clicked on

2019-12-16 08:35:45 - [TEST_STEP][PASSED] - click(findTestObject("object_reservation/Page_Paradise 4 Paws  Dog Boarding Cat Boarding Norwalk Pooch Hotel/div_Ares")): Object: 'Object Repository/object_reservation/Page_Paradise 4 Paws  Dog Boarding Cat Boarding Norwalk Pooch Hotel/div_Ares' is clicked on

2019-12-16 08:35:47 - [MESSAGE][PASSED] - Object: 'Object Repository/object_reservation/Page_Paradise 4 Paws  Dog Boarding Cat Boarding Norwalk Pooch Hotel/div_Ares' is clicked on

2019-12-16 08:35:47 - [TEST_STEP][PASSED] - click(findTestObject("object_reservation/div_Zeus")): Object: 'Object Repository/object_reservation/div_Zeus' is clicked on

2019-12-16 08:35:52 - [MESSAGE][PASSED] - Object: 'Object Repository/object_reservation/div_Zeus' is clicked on

2019-12-16 08:35:52 - [TEST_STEP][NOT_RUN] - click(findTestObject("object_reservations/i_Day_fa fa-circle-o ng-scope")): NOT_RUN: click(findTestObject("object_reservations/i_Day_fa fa-circle-o ng-scope"))

2019-12-16 08:35:52 - [MESSAGE][NOT_RUN] - NOT_RUN: click(findTestObject("object_reservations/i_Day_fa fa-circle-o ng-scope"))

2019-12-16 08:35:52 - [TEST_STEP][PASSED] - if (flagBoar == "1" || flagBoar == "2"): Object: 'Object Repository/object_reservation/div_suite_rad_deluxe' is clicked on

2019-12-16 08:35:52 - [TEST_STEP][PASSED] - click(findTestObject("Object Repository/object_reservation/div_suite_rad_deluxe")): Object: 'Object Repository/object_reservation/div_suite_rad_deluxe' is clicked on

2019-12-16 08:35:55 - [MESSAGE][PASSED] - Object: 'Object Repository/object_reservation/div_suite_rad_deluxe' is clicked on

2019-12-16 08:35:55 - [TEST_STEP][PASSED] - click(findTestObject("Object Repository/object_reservation/btn_next2")): Object: 'Object Repository/object_reservation/btn_next2' is clicked on

2019-12-16 08:35:58 - [MESSAGE][PASSED] - Object: 'Object Repository/object_reservation/btn_next2' is clicked on

2019-12-16 08:35:58 - [TEST_STEP][PASSED] - delay(3): Delayed 3 second(s)

2019-12-16 08:36:01 - [MESSAGE][PASSED] - Delayed 3 second(s)

2019-12-16 08:36:01 - [TEST_STEP][PASSED] - if (flagBoar == "1"): Object: 'Object Repository/object_reservation/button_DeclineThisPromo' is clicked on

2019-12-16 08:36:01 - [TEST_STEP][PASSED] - click(findTestObject("Object Repository/object_reservation/button_DeclineThisPromo")): Object: 'Object Repository/object_reservation/button_DeclineThisPromo' is clicked on

2019-12-16 08:36:01 - [MESSAGE][PASSED] - Object: 'Object Repository/object_reservation/button_DeclineThisPromo' is clicked on

2019-12-16 08:36:01 - [TEST_STEP][PASSED] - delay(2): Delayed 2 second(s)

2019-12-16 08:36:03 - [MESSAGE][PASSED] - Delayed 2 second(s)

2019-12-16 08:36:03 - [TEST_STEP][PASSED] - click(findTestObject("Object Repository/object_reservation/btn_next2")): Object: 'Object Repository/object_reservation/btn_next2' is clicked on

2019-12-16 08:36:04 - [MESSAGE][PASSED] - Object: 'Object Repository/object_reservation/btn_next2' is clicked on

2019-12-16 08:36:04 - [TEST_STEP][PASSED] - click(findTestObject("Object Repository/object_reservation/button_Submit Reservation")): Object: 'Object Repository/object_reservation/button_Submit Reservation' is clicked on

2019-12-16 08:36:06 - [MESSAGE][PASSED] - Object: 'Object Repository/object_reservation/button_Submit Reservation' is clicked on

2019-12-16 08:36:06 - [TEST_STEP][PASSED] - delay(2): Delayed 2 second(s)

2019-12-16 08:36:08 - [MESSAGE][PASSED] - Delayed 2 second(s)

2019-12-16 08:36:08 - [TEST_STEP][PASSED] - if (flagBoar == "2" && var_repeatingEvery == "Daily" || var_repeatingEvery == "Monthly" || var_repeatingEvery == "Weekly"): null

2019-12-16 08:36:08 - [TEST_STEP][PASSED] - else: null

2019-12-16 08:36:08 - [TEST_STEP][PASSED] - delay(2): Delayed 2 second(s)

2019-12-16 08:36:10 - [MESSAGE][PASSED] - Delayed 2 second(s)

2019-12-16 08:36:10 - [TEST_STEP][PASSED] - click(findTestObject("Object Repository/object_reservation/button_Return To Reservation")): Object: 'Object Repository/object_reservation/button_Return To Reservation' is clicked on

2019-12-16 08:36:12 - [MESSAGE][PASSED] - Object: 'Object Repository/object_reservation/button_Return To Reservation' is clicked on

2019-12-16 08:36:12 - [TEST_STEP][PASSED] - delay(6): Delayed 6 second(s)

2019-12-16 08:36:18 - [MESSAGE][PASSED] - Delayed 6 second(s)

2019-12-16 08:36:18 - [TEST_STEP][PASSED] - click(findTestObject("Object Repository/object_reservation/Page_Paradise 4 Paws  Dog Boarding Cat Boar_35fe2b/button_Go to CheckOut")): Object: 'Object Repository/object_reservation/Page_Paradise 4 Paws  Dog Boarding Cat Boar_35fe2b/button_Go to CheckOut' is clicked on

2019-12-16 08:36:20 - [MESSAGE][PASSED] - Object: 'Object Repository/object_reservation/Page_Paradise 4 Paws  Dog Boarding Cat Boar_35fe2b/button_Go to CheckOut' is clicked on

2019-12-16 08:36:20 - [TEST_STEP][PASSED] - delay(2): Delayed 2 second(s)

2019-12-16 08:36:22 - [MESSAGE][PASSED] - Delayed 2 second(s)

2019-12-16 08:36:22 - [TEST_STEP][PASSED] - log.logInfo(getText(findTestObject("Object Repository/object_reservation/Page_Paradise 4 Paws  Dog Boarding Cat Boar_35fe2b/span_( BK )"))): ( BK )

2019-12-16 08:36:23 - [MESSAGE][PASSED] - Text of object 'Object Repository/object_reservation/Page_Paradise 4 Paws  Dog Boarding Cat Boar_35fe2b/span_( BK )' is: '( BK )'

2019-12-16 08:36:23 - [MESSAGE][INFO] - ( BK )

2019-12-16 08:36:23 - [TEST_STEP][PASSED] - var_url = getUrl(): Current window's url is: 'https://p4p-qa-bg.aws.paradise4paws.com/frontdesk/checkout/1702525/?parent_id=122350'

2019-12-16 08:36:23 - [MESSAGE][PASSED] - Current window's url is: 'https://p4p-qa-bg.aws.paradise4paws.com/frontdesk/checkout/1702525/?parent_id=122350'

2019-12-16 08:36:23 - [TEST_STEP][PASSED] - arrayUrl = var_url.split("/"): null

2019-12-16 08:36:23 - [TEST_STEP][PASSED] - var = Integer.parseInt(var_idRowRes): null

2019-12-16 08:36:23 - [TEST_STEP][PASSED] - verifyElementText(findTestObject("Object Repository/object_reservation/Page_Paradise 4 Paws  Dog Boarding Cat Boar_35fe2b/span_( BK )"), "( BK )", STOP_ON_FAILURE): Actual text and expected text of test object 'Object Repository/object_reservation/Page_Paradise 4 Paws  Dog Boarding Cat Boar_35fe2b/span_( BK )' are matched.

2019-12-16 08:36:23 - [MESSAGE][PASSED] - Actual text and expected text of test object 'Object Repository/object_reservation/Page_Paradise 4 Paws  Dog Boarding Cat Boar_35fe2b/span_( BK )' are matched.

2019-12-16 08:36:23 - [TEST_STEP][PASSED] - fis = new java.io.FileInputStream(/home/leonardo-arkusmty/Desktop/P4P/DATA_AUTOMATINTESTING/data_1newReservationBoarding.xlsx): null

2019-12-16 08:36:23 - [TEST_STEP][PASSED] - workbook = new org.apache.poi.xssf.usermodel.XSSFWorkbook(fis): null

2019-12-16 08:36:23 - [TEST_STEP][PASSED] - sheet = workbook.getSheet("Sheet1"): null

2019-12-16 08:36:23 - [TEST_STEP][PASSED] - rowCount = var_row: null

2019-12-16 08:36:23 - [TEST_STEP][PASSED] - row = sheet.getRow(var): null

2019-12-16 08:36:23 - [TEST_STEP][PASSED] - cell = row.createCell(15, 0): null

2019-12-16 08:36:23 - [TEST_STEP][PASSED] - cell.setCellType(CELL_TYPE_STRING): null

2019-12-16 08:36:23 - [TEST_STEP][PASSED] - cell.setCellValue(arrayUrl[5]): null

2019-12-16 08:36:23 - [TEST_STEP][PASSED] - cell2 = row.createCell(16, 0): null

2019-12-16 08:36:23 - [TEST_STEP][PASSED] - cell2.setCellType(CELL_TYPE_STRING): null

2019-12-16 08:36:23 - [TEST_STEP][PASSED] - cell2.setCellValue(getText(findTestObject("Object Repository/object_reservation/Page_Paradise 4 Paws  Dog Boarding Cat Boar_35fe2b/span_( BK )"))): Text of object 'Object Repository/object_reservation/Page_Paradise 4 Paws  Dog Boarding Cat Boar_35fe2b/span_( BK )' is: '( BK )'

2019-12-16 08:36:23 - [MESSAGE][PASSED] - Text of object 'Object Repository/object_reservation/Page_Paradise 4 Paws  Dog Boarding Cat Boar_35fe2b/span_( BK )' is: '( BK )'

2019-12-16 08:36:23 - [TEST_STEP][PASSED] - fos = new java.io.FileOutputStream(/home/leonardo-arkusmty/Desktop/P4P/DATA_AUTOMATINTESTING/data_1newReservationBoarding.xlsx): null

2019-12-16 08:36:23 - [TEST_STEP][PASSED] - workbook.write(fos): null

2019-12-16 08:36:23 - [TEST_STEP][PASSED] - fos.close(): null

2019-12-16 08:36:23 - [TEST_STEP][PASSED] - delay(1): Delayed 1 second(s)

2019-12-16 08:36:24 - [MESSAGE][PASSED] - Delayed 1 second(s)

2019-12-16 08:36:24 - [TEST_STEP][PASSED] - (var_row++): null]]></system-out>
         <system-err><![CDATA[]]></system-err>
      </testcase>
      <testcase name="Test Cases/p4p_newReservationBoarding" time="85.352" classname="Test Cases/p4p_newReservationBoarding" status="PASSED">
         <system-out><![CDATA[2019-12-16 08:36:24 - [TEST_CASE][PASSED] - Test Cases/p4p_newReservationBoarding: Test Cases/p4p_newReservationBoarding

2019-12-16 08:36:24 - [TEST_STEP][PASSED] - openBrowser("https://p4p-qa-bg.aws.paradise4paws.com/login/"): Browser is opened with url: 'https://p4p-qa-bg.aws.paradise4paws.com/login/'

2019-12-16 08:36:24 - [MESSAGE][WARNING] - A browser is already opened. Closing browser and opening a new one

2019-12-16 08:36:25 - [MESSAGE][INFO] - Starting 'Firefox' driver

2019-12-16 08:36:28 - [MESSAGE][PASSED] - Browser is opened with url: 'https://p4p-qa-bg.aws.paradise4paws.com/login/'

2019-12-16 08:36:28 - [TEST_STEP][PASSED] - setText(findTestObject("Object Repository/object_login/input_user"), var_user): Text 'jegchavez@gmail.com' is set on object 'Object Repository/object_login/input_user'

2019-12-16 08:36:29 - [MESSAGE][PASSED] - Text 'jegchavez@gmail.com' is set on object 'Object Repository/object_login/input_user'

2019-12-16 08:36:29 - [TEST_STEP][PASSED] - setText(findTestObject("Object Repository/object_login/input_pass"), var_pass): Text 'admin1' is set on object 'Object Repository/object_login/input_pass'

2019-12-16 08:36:30 - [MESSAGE][PASSED] - Text 'admin1' is set on object 'Object Repository/object_login/input_pass'

2019-12-16 08:36:30 - [TEST_STEP][PASSED] - delay(2): Delayed 2 second(s)

2019-12-16 08:36:32 - [MESSAGE][PASSED] - Delayed 2 second(s)

2019-12-16 08:36:32 - [TEST_STEP][PASSED] - verifyElementClickable(findTestObject("Object Repository/object_login/btn_login")): Object 'Object Repository/object_login/btn_login' is clickable

2019-12-16 08:36:32 - [MESSAGE][PASSED] - Object 'Object Repository/object_login/btn_login' is clickable

2019-12-16 08:36:32 - [TEST_STEP][PASSED] - click(findTestObject("Object Repository/object_login/btn_login")): Object: 'Object Repository/object_login/btn_login' is clicked on

2019-12-16 08:36:36 - [MESSAGE][PASSED] - Object: 'Object Repository/object_login/btn_login' is clicked on

2019-12-16 08:36:36 - [TEST_STEP][PASSED] - delay(2): Delayed 2 second(s)

2019-12-16 08:36:38 - [MESSAGE][PASSED] - Delayed 2 second(s)

2019-12-16 08:36:38 - [TEST_STEP][PASSED] - setText(findTestObject("Object Repository/object_dashboard_emp/input_search"), var_searchParent): Text 'leongarzagarza@hotmail.com' is set on object 'Object Repository/object_dashboard_emp/input_search'

2019-12-16 08:36:38 - [MESSAGE][PASSED] - Text 'leongarzagarza@hotmail.com' is set on object 'Object Repository/object_dashboard_emp/input_search'

2019-12-16 08:36:38 - [TEST_STEP][PASSED] - click(findTestObject("Object Repository/object_dashboard_emp/btn_accountSearch")): Object: 'Object Repository/object_dashboard_emp/btn_accountSearch' is clicked on

2019-12-16 08:36:39 - [MESSAGE][PASSED] - Object: 'Object Repository/object_dashboard_emp/btn_accountSearch' is clicked on

2019-12-16 08:36:39 - [TEST_STEP][PASSED] - delay(2): Delayed 2 second(s)

2019-12-16 08:36:41 - [MESSAGE][PASSED] - Delayed 2 second(s)

2019-12-16 08:36:41 - [TEST_STEP][PASSED] - click(findTestObject("Object Repository/object_accountInformation/a_TEST GABRIEL PROD")): Object: 'Object Repository/object_accountInformation/a_TEST GABRIEL PROD' is clicked on

2019-12-16 08:36:45 - [MESSAGE][PASSED] - Object: 'Object Repository/object_accountInformation/a_TEST GABRIEL PROD' is clicked on

2019-12-16 08:36:45 - [TEST_STEP][PASSED] - delay(2): Delayed 2 second(s)

2019-12-16 08:36:47 - [MESSAGE][PASSED] - Delayed 2 second(s)

2019-12-16 08:36:47 - [TEST_STEP][PASSED] - click(findTestObject("Object Repository/object_profile/a_addReservation")): Object: 'Object Repository/object_profile/a_addReservation' is clicked on

2019-12-16 08:36:48 - [MESSAGE][PASSED] - Object: 'Object Repository/object_profile/a_addReservation' is clicked on

2019-12-16 08:36:48 - [TEST_STEP][PASSED] - delay(2): Delayed 2 second(s)

2019-12-16 08:36:50 - [MESSAGE][PASSED] - Delayed 2 second(s)

2019-12-16 08:36:50 - [TEST_STEP][PASSED] - flagBoar = "0": null

2019-12-16 08:36:50 - [TEST_STEP][PASSED] - log = new com.kms.katalon.core.logging.KeywordLogger(): null

2019-12-16 08:36:50 - [TEST_STEP][PASSED] - if (var_typeReserveation == "Boarding"): null

2019-12-16 08:36:50 - [TEST_STEP][PASSED] - click(findTestObject("Object Repository/object_reservation/btn_Boarding")): Object: 'Object Repository/object_reservation/btn_Boarding' is clicked on

2019-12-16 08:36:51 - [MESSAGE][PASSED] - Object: 'Object Repository/object_reservation/btn_Boarding' is clicked on

2019-12-16 08:36:51 - [TEST_STEP][PASSED] - flagBoar = "1": null

2019-12-16 08:36:51 - [TEST_STEP][PASSED] - click(findTestObject("Object Repository/object_reservation/i_location")): Object: 'Object Repository/object_reservation/i_location' is clicked on

2019-12-16 08:36:54 - [MESSAGE][PASSED] - Object: 'Object Repository/object_reservation/i_location' is clicked on

2019-12-16 08:36:54 - [TEST_STEP][PASSED] - switch (var_idFacility): null

2019-12-16 08:36:54 - [TEST_STEP][PASSED] - dateCI = var_checkinD.split(","): null

2019-12-16 08:36:54 - [TEST_STEP][PASSED] - dateCO = var_checkoutD.split(","): null

2019-12-16 08:36:54 - [TEST_STEP][PASSED] - arryPets = var_pets.split(","): null

2019-12-16 08:36:54 - [TEST_STEP][PASSED] - delay(2): Delayed 2 second(s)

2019-12-16 08:36:56 - [MESSAGE][PASSED] - Delayed 2 second(s)

2019-12-16 08:36:56 - [TEST_STEP][PASSED] - if (var_repeting == "Y"): null

2019-12-16 08:36:56 - [TEST_STEP][PASSED] - click(findTestObject("Object Repository/object_reservation/dateCheckIn")): Object: 'Object Repository/object_reservation/dateCheckIn' is clicked on

2019-12-16 08:36:56 - [MESSAGE][PASSED] - Object: 'Object Repository/object_reservation/dateCheckIn' is clicked on

2019-12-16 08:36:56 - [TEST_STEP][PASSED] - delay(2): Delayed 2 second(s)

2019-12-16 08:36:58 - [MESSAGE][PASSED] - Delayed 2 second(s)

2019-12-16 08:36:58 - [TEST_STEP][PASSED] - switch (dateCI[0]): null

2019-12-16 08:36:58 - [TEST_STEP][PASSED] - case "3":: null

2019-12-16 08:36:58 - [TEST_STEP][PASSED] - click(findTestObject("Object Repository/Page_Paradise 4 Paws  Dog Boarding Cat Boarding Norwalk Pooch Hotel/button_03_ci")): Object: 'Object Repository/Page_Paradise 4 Paws  Dog Boarding Cat Boarding Norwalk Pooch Hotel/button_03_ci' is clicked on

2019-12-16 08:36:59 - [MESSAGE][PASSED] - Object: 'Object Repository/Page_Paradise 4 Paws  Dog Boarding Cat Boarding Norwalk Pooch Hotel/button_03_ci' is clicked on

2019-12-16 08:36:59 - [TEST_STEP][PASSED] - break: null

2019-12-16 08:36:59 - [TEST_STEP][PASSED] - if (flagBoar == "1"): null

2019-12-16 08:36:59 - [TEST_STEP][PASSED] - click(findTestObject("Object Repository/object_reservation/dateCheckOut")): Object: 'Object Repository/object_reservation/dateCheckOut' is clicked on

2019-12-16 08:37:00 - [MESSAGE][PASSED] - Object: 'Object Repository/object_reservation/dateCheckOut' is clicked on

2019-12-16 08:37:00 - [TEST_STEP][PASSED] - switch (dateCO[0]): null

2019-12-16 08:37:00 - [TEST_STEP][PASSED] - case "3":: null

2019-12-16 08:37:00 - [TEST_STEP][PASSED] - click(findTestObject("Object Repository/Page_Paradise 4 Paws  Dog Boarding Cat Boarding Norwalk Pooch Hotel/button_03_co")): Object: 'Object Repository/Page_Paradise 4 Paws  Dog Boarding Cat Boarding Norwalk Pooch Hotel/button_03_co' is clicked on

2019-12-16 08:37:01 - [MESSAGE][PASSED] - Object: 'Object Repository/Page_Paradise 4 Paws  Dog Boarding Cat Boarding Norwalk Pooch Hotel/button_03_co' is clicked on

2019-12-16 08:37:01 - [TEST_STEP][PASSED] - break: null

2019-12-16 08:37:01 - [TEST_STEP][NOT_RUN] - click(findTestObject("Object Repository/object_reservationCalendar/CO_close")): NOT_RUN: click(findTestObject("Object Repository/object_reservationCalendar/CO_close"))

2019-12-16 08:37:01 - [MESSAGE][NOT_RUN] - NOT_RUN: click(findTestObject("Object Repository/object_reservationCalendar/CO_close"))

2019-12-16 08:37:01 - [TEST_STEP][PASSED] - click(findTestObject("Object Repository/object_reservation/timeCheckin")): Object: 'Object Repository/object_reservation/timeCheckin' is clicked on

2019-12-16 08:37:01 - [MESSAGE][PASSED] - Object: 'Object Repository/object_reservation/timeCheckin' is clicked on

2019-12-16 08:37:01 - [TEST_STEP][PASSED] - switch (var_checkinT): null

2019-12-16 08:37:01 - [TEST_STEP][PASSED] - case "800":: null

2019-12-16 08:37:01 - [TEST_STEP][PASSED] - click(findTestObject("Object Repository/Page_Paradise 4 Paws  Dog Boarding Cat Boarding Norwalk Pooch Hotel/time_800am_ci")): Object: 'Object Repository/Page_Paradise 4 Paws  Dog Boarding Cat Boarding Norwalk Pooch Hotel/time_800am_ci' is clicked on

2019-12-16 08:37:02 - [MESSAGE][PASSED] - Object: 'Object Repository/Page_Paradise 4 Paws  Dog Boarding Cat Boarding Norwalk Pooch Hotel/time_800am_ci' is clicked on

2019-12-16 08:37:02 - [TEST_STEP][PASSED] - break: null

2019-12-16 08:37:02 - [TEST_STEP][PASSED] - click(findTestObject("Object Repository/object_reservation/timeCheckOut")): Object: 'Object Repository/object_reservation/timeCheckOut' is clicked on

2019-12-16 08:37:03 - [MESSAGE][PASSED] - Object: 'Object Repository/object_reservation/timeCheckOut' is clicked on

2019-12-16 08:37:03 - [TEST_STEP][PASSED] - switch (var_checkoutT): null

2019-12-16 08:37:03 - [TEST_STEP][PASSED] - case "1200":: null

2019-12-16 08:37:03 - [TEST_STEP][PASSED] - click(findTestObject("Object Repository/Page_Paradise 4 Paws  Dog Boarding Cat Boarding Norwalk Pooch Hotel/time_1200pm_co")): Object: 'Object Repository/Page_Paradise 4 Paws  Dog Boarding Cat Boarding Norwalk Pooch Hotel/time_1200pm_co' is clicked on

2019-12-16 08:37:03 - [MESSAGE][PASSED] - Object: 'Object Repository/Page_Paradise 4 Paws  Dog Boarding Cat Boarding Norwalk Pooch Hotel/time_1200pm_co' is clicked on

2019-12-16 08:37:03 - [TEST_STEP][PASSED] - break: null

2019-12-16 08:37:03 - [TEST_STEP][PASSED] - delay(2): Delayed 2 second(s)

2019-12-16 08:37:05 - [MESSAGE][PASSED] - Delayed 2 second(s)

2019-12-16 08:37:05 - [TEST_STEP][PASSED] - if (arryPets.size() == 1): null

2019-12-16 08:37:05 - [TEST_STEP][PASSED] - else if (arryPets.size() == 2): null

2019-12-16 08:37:05 - [TEST_STEP][PASSED] - else if (arryPets.size() == 3): Object: 'Object Repository/object_reservation/div_Athena' is clicked on

2019-12-16 08:37:05 - [TEST_STEP][PASSED] - click(findTestObject("object_reservation/Page_Paradise 4 Paws  Dog Boarding Cat Boarding Norwalk Pooch Hotel/div_Ares")): Object: 'Object Repository/object_reservation/Page_Paradise 4 Paws  Dog Boarding Cat Boarding Norwalk Pooch Hotel/div_Ares' is clicked on

2019-12-16 08:37:07 - [MESSAGE][PASSED] - Object: 'Object Repository/object_reservation/Page_Paradise 4 Paws  Dog Boarding Cat Boarding Norwalk Pooch Hotel/div_Ares' is clicked on

2019-12-16 08:37:07 - [TEST_STEP][PASSED] - click(findTestObject("object_reservation/div_Zeus")): Object: 'Object Repository/object_reservation/div_Zeus' is clicked on

2019-12-16 08:37:12 - [MESSAGE][PASSED] - Object: 'Object Repository/object_reservation/div_Zeus' is clicked on

2019-12-16 08:37:12 - [TEST_STEP][PASSED] - click(findTestObject("object_reservation/div_Athena")): Object: 'Object Repository/object_reservation/div_Athena' is clicked on

2019-12-16 08:37:17 - [MESSAGE][PASSED] - Object: 'Object Repository/object_reservation/div_Athena' is clicked on

2019-12-16 08:37:17 - [TEST_STEP][NOT_RUN] - click(findTestObject("object_reservations/i_Day_fa fa-circle-o ng-scope")): NOT_RUN: click(findTestObject("object_reservations/i_Day_fa fa-circle-o ng-scope"))

2019-12-16 08:37:17 - [MESSAGE][NOT_RUN] - NOT_RUN: click(findTestObject("object_reservations/i_Day_fa fa-circle-o ng-scope"))

2019-12-16 08:37:17 - [TEST_STEP][PASSED] - if (flagBoar == "1" || flagBoar == "2"): Object: 'Object Repository/object_reservation/div_suite_rad_deluxe' is clicked on

2019-12-16 08:37:17 - [TEST_STEP][PASSED] - click(findTestObject("Object Repository/object_reservation/div_suite_rad_deluxe")): Object: 'Object Repository/object_reservation/div_suite_rad_deluxe' is clicked on

2019-12-16 08:37:20 - [MESSAGE][PASSED] - Object: 'Object Repository/object_reservation/div_suite_rad_deluxe' is clicked on

2019-12-16 08:37:20 - [TEST_STEP][PASSED] - click(findTestObject("Object Repository/object_reservation/btn_next2")): Object: 'Object Repository/object_reservation/btn_next2' is clicked on

2019-12-16 08:37:23 - [MESSAGE][PASSED] - Object: 'Object Repository/object_reservation/btn_next2' is clicked on

2019-12-16 08:37:23 - [TEST_STEP][PASSED] - delay(3): Delayed 3 second(s)

2019-12-16 08:37:26 - [MESSAGE][PASSED] - Delayed 3 second(s)

2019-12-16 08:37:26 - [TEST_STEP][PASSED] - if (flagBoar == "1"): Object: 'Object Repository/object_reservation/button_DeclineThisPromo' is clicked on

2019-12-16 08:37:26 - [TEST_STEP][PASSED] - click(findTestObject("Object Repository/object_reservation/button_DeclineThisPromo")): Object: 'Object Repository/object_reservation/button_DeclineThisPromo' is clicked on

2019-12-16 08:37:26 - [MESSAGE][PASSED] - Object: 'Object Repository/object_reservation/button_DeclineThisPromo' is clicked on

2019-12-16 08:37:26 - [TEST_STEP][PASSED] - delay(2): Delayed 2 second(s)

2019-12-16 08:37:28 - [MESSAGE][PASSED] - Delayed 2 second(s)

2019-12-16 08:37:28 - [TEST_STEP][PASSED] - click(findTestObject("Object Repository/object_reservation/btn_next2")): Object: 'Object Repository/object_reservation/btn_next2' is clicked on

2019-12-16 08:37:29 - [MESSAGE][PASSED] - Object: 'Object Repository/object_reservation/btn_next2' is clicked on

2019-12-16 08:37:29 - [TEST_STEP][PASSED] - click(findTestObject("Object Repository/object_reservation/button_Submit Reservation")): Object: 'Object Repository/object_reservation/button_Submit Reservation' is clicked on

2019-12-16 08:37:31 - [MESSAGE][PASSED] - Object: 'Object Repository/object_reservation/button_Submit Reservation' is clicked on

2019-12-16 08:37:31 - [TEST_STEP][PASSED] - delay(2): Delayed 2 second(s)

2019-12-16 08:37:33 - [MESSAGE][PASSED] - Delayed 2 second(s)

2019-12-16 08:37:33 - [TEST_STEP][PASSED] - if (flagBoar == "2" && var_repeatingEvery == "Daily" || var_repeatingEvery == "Monthly" || var_repeatingEvery == "Weekly"): null

2019-12-16 08:37:33 - [TEST_STEP][PASSED] - else: null

2019-12-16 08:37:33 - [TEST_STEP][PASSED] - delay(2): Delayed 2 second(s)

2019-12-16 08:37:35 - [MESSAGE][PASSED] - Delayed 2 second(s)

2019-12-16 08:37:35 - [TEST_STEP][PASSED] - click(findTestObject("Object Repository/object_reservation/button_Return To Reservation")): Object: 'Object Repository/object_reservation/button_Return To Reservation' is clicked on

2019-12-16 08:37:38 - [MESSAGE][PASSED] - Object: 'Object Repository/object_reservation/button_Return To Reservation' is clicked on

2019-12-16 08:37:38 - [TEST_STEP][PASSED] - delay(6): Delayed 6 second(s)

2019-12-16 08:37:44 - [MESSAGE][PASSED] - Delayed 6 second(s)

2019-12-16 08:37:44 - [TEST_STEP][PASSED] - click(findTestObject("Object Repository/object_reservation/Page_Paradise 4 Paws  Dog Boarding Cat Boar_35fe2b/button_Go to CheckOut")): Object: 'Object Repository/object_reservation/Page_Paradise 4 Paws  Dog Boarding Cat Boar_35fe2b/button_Go to CheckOut' is clicked on

2019-12-16 08:37:46 - [MESSAGE][PASSED] - Object: 'Object Repository/object_reservation/Page_Paradise 4 Paws  Dog Boarding Cat Boar_35fe2b/button_Go to CheckOut' is clicked on

2019-12-16 08:37:46 - [TEST_STEP][PASSED] - delay(2): Delayed 2 second(s)

2019-12-16 08:37:48 - [MESSAGE][PASSED] - Delayed 2 second(s)

2019-12-16 08:37:48 - [TEST_STEP][PASSED] - log.logInfo(getText(findTestObject("Object Repository/object_reservation/Page_Paradise 4 Paws  Dog Boarding Cat Boar_35fe2b/span_( BK )"))): ( BK )

2019-12-16 08:37:48 - [MESSAGE][PASSED] - Text of object 'Object Repository/object_reservation/Page_Paradise 4 Paws  Dog Boarding Cat Boar_35fe2b/span_( BK )' is: '( BK )'

2019-12-16 08:37:48 - [MESSAGE][INFO] - ( BK )

2019-12-16 08:37:48 - [TEST_STEP][PASSED] - var_url = getUrl(): Current window's url is: 'https://p4p-qa-bg.aws.paradise4paws.com/frontdesk/checkout/1702526/?parent_id=122350'

2019-12-16 08:37:48 - [MESSAGE][PASSED] - Current window's url is: 'https://p4p-qa-bg.aws.paradise4paws.com/frontdesk/checkout/1702526/?parent_id=122350'

2019-12-16 08:37:48 - [TEST_STEP][PASSED] - arrayUrl = var_url.split("/"): null

2019-12-16 08:37:48 - [TEST_STEP][PASSED] - var = Integer.parseInt(var_idRowRes): null

2019-12-16 08:37:48 - [TEST_STEP][PASSED] - verifyElementText(findTestObject("Object Repository/object_reservation/Page_Paradise 4 Paws  Dog Boarding Cat Boar_35fe2b/span_( BK )"), "( BK )", STOP_ON_FAILURE): Actual text and expected text of test object 'Object Repository/object_reservation/Page_Paradise 4 Paws  Dog Boarding Cat Boar_35fe2b/span_( BK )' are matched.

2019-12-16 08:37:48 - [MESSAGE][PASSED] - Actual text and expected text of test object 'Object Repository/object_reservation/Page_Paradise 4 Paws  Dog Boarding Cat Boar_35fe2b/span_( BK )' are matched.

2019-12-16 08:37:48 - [TEST_STEP][PASSED] - fis = new java.io.FileInputStream(/home/leonardo-arkusmty/Desktop/P4P/DATA_AUTOMATINTESTING/data_1newReservationBoarding.xlsx): null

2019-12-16 08:37:48 - [TEST_STEP][PASSED] - workbook = new org.apache.poi.xssf.usermodel.XSSFWorkbook(fis): null

2019-12-16 08:37:48 - [TEST_STEP][PASSED] - sheet = workbook.getSheet("Sheet1"): null

2019-12-16 08:37:48 - [TEST_STEP][PASSED] - rowCount = var_row: null

2019-12-16 08:37:48 - [TEST_STEP][PASSED] - row = sheet.getRow(var): null

2019-12-16 08:37:48 - [TEST_STEP][PASSED] - cell = row.createCell(15, 0): null

2019-12-16 08:37:48 - [TEST_STEP][PASSED] - cell.setCellType(CELL_TYPE_STRING): null

2019-12-16 08:37:48 - [TEST_STEP][PASSED] - cell.setCellValue(arrayUrl[5]): null

2019-12-16 08:37:48 - [TEST_STEP][PASSED] - cell2 = row.createCell(16, 0): null

2019-12-16 08:37:48 - [TEST_STEP][PASSED] - cell2.setCellType(CELL_TYPE_STRING): null

2019-12-16 08:37:48 - [TEST_STEP][PASSED] - cell2.setCellValue(getText(findTestObject("Object Repository/object_reservation/Page_Paradise 4 Paws  Dog Boarding Cat Boar_35fe2b/span_( BK )"))): Text of object 'Object Repository/object_reservation/Page_Paradise 4 Paws  Dog Boarding Cat Boar_35fe2b/span_( BK )' is: '( BK )'

2019-12-16 08:37:49 - [MESSAGE][PASSED] - Text of object 'Object Repository/object_reservation/Page_Paradise 4 Paws  Dog Boarding Cat Boar_35fe2b/span_( BK )' is: '( BK )'

2019-12-16 08:37:49 - [TEST_STEP][PASSED] - fos = new java.io.FileOutputStream(/home/leonardo-arkusmty/Desktop/P4P/DATA_AUTOMATINTESTING/data_1newReservationBoarding.xlsx): null

2019-12-16 08:37:49 - [TEST_STEP][PASSED] - workbook.write(fos): null

2019-12-16 08:37:49 - [TEST_STEP][PASSED] - fos.close(): null

2019-12-16 08:37:49 - [TEST_STEP][PASSED] - delay(1): Delayed 1 second(s)

2019-12-16 08:37:50 - [MESSAGE][PASSED] - Delayed 1 second(s)

2019-12-16 08:37:50 - [TEST_STEP][PASSED] - (var_row++): null]]></system-out>
         <system-err><![CDATA[]]></system-err>
      </testcase>
      <system-out><![CDATA[2019-12-16 08:33:48 - [TEST_SUITE][PASSED] - ts_newReservationBoarding: Test Cases/p4p_newReservationBoarding]]></system-out>
      <system-err><![CDATA[]]></system-err>
   </testsuite>
</testsuites>
