<?xml version="1.0" encoding="UTF-8"?>
<testsuites name="ts_newReservationSpaservice" time="221.658" tests="3" failures="0" errors="0">
   <testsuite name="ts_newReservationSpaservice" tests="3" failures="0" errors="0" time="221.658" timestamp="2019-12-16 08:38:11" hostname="leonardo-arkusmty - leonardoarkusmty-Inspiron-5577" id="Test Suites/ts_newReservationSpaservice">
      <properties>
         <property name="deviceName" value=""/>
         <property name="devicePlatform" value=""/>
         <property name="logFolder" value="/home/leonardo-arkusmty/Documents/workspaceKatalon/p4ptest/Reports/20191216_083810/ts_newReservationSpaservice/20191216_083810"/>
         <property name="logFiles" value="/home/leonardo-arkusmty/Documents/workspaceKatalon/p4ptest/Reports/20191216_083810/ts_newReservationSpaservice/20191216_083810/execution0.log"/>
         <property name="attachments" value=""/>
         <property name="hostName" value="leonardo-arkusmty - leonardoarkusmty-Inspiron-5577"/>
         <property name="os" value="Linux 64bit"/>
         <property name="katalonVersion" value="7.0.8.1"/>
         <property name="browser" value="Firefox 71.0"/>
         <property name="hostAddress" value="127.0.1.1"/>
         <property name="sessionId" value="415bd5c9-7835-4a91-8db6-bc9b4770da63"/>
         <property name="seleniumVersion" value="3.141.59"/>
         <property name="proxyInformation" value="ProxyInformation{proxyOption=NO_PROXY, proxyServerType=HTTP, password=, proxyServerAddress=, proxyServerPort=0}"/>
         <property name="platform" value="Linux"/>
      </properties>
      <testcase name="Test Cases/p4p_newReservationSpaService" time="69.6" classname="Test Cases/p4p_newReservationSpaService" status="PASSED">
         <system-out><![CDATA[2019-12-16 08:38:12 - [TEST_CASE][PASSED] - Test Cases/p4p_newReservationSpaService: Test Cases/p4p_newReservationSpaService

2019-12-16 08:38:12 - [TEST_STEP][PASSED] - openBrowser("https://p4p-qa-bg.aws.paradise4paws.com/login/"): Browser is opened with url: 'https://p4p-qa-bg.aws.paradise4paws.com/login/'

2019-12-16 08:38:12 - [MESSAGE][INFO] - Starting 'Firefox' driver

2019-12-16 08:38:12 - [MESSAGE][INFO] - Action delay is set to 0 seconds

2019-12-16 08:38:17 - [MESSAGE][PASSED] - Browser is opened with url: 'https://p4p-qa-bg.aws.paradise4paws.com/login/'

2019-12-16 08:38:17 - [TEST_STEP][PASSED] - setText(findTestObject("Object Repository/object_login/input_user"), var_user): Text 'jegchavez@gmail.com' is set on object 'Object Repository/object_login/input_user'

2019-12-16 08:38:18 - [MESSAGE][PASSED] - Text 'jegchavez@gmail.com' is set on object 'Object Repository/object_login/input_user'

2019-12-16 08:38:18 - [TEST_STEP][PASSED] - setText(findTestObject("Object Repository/object_login/input_pass"), var_pass): Text 'admin1' is set on object 'Object Repository/object_login/input_pass'

2019-12-16 08:38:18 - [MESSAGE][PASSED] - Text 'admin1' is set on object 'Object Repository/object_login/input_pass'

2019-12-16 08:38:18 - [TEST_STEP][PASSED] - delay(2): Delayed 2 second(s)

2019-12-16 08:38:20 - [MESSAGE][PASSED] - Delayed 2 second(s)

2019-12-16 08:38:20 - [TEST_STEP][PASSED] - verifyElementClickable(findTestObject("Object Repository/object_login/btn_login")): Object 'Object Repository/object_login/btn_login' is clickable

2019-12-16 08:38:20 - [MESSAGE][PASSED] - Object 'Object Repository/object_login/btn_login' is clickable

2019-12-16 08:38:20 - [TEST_STEP][PASSED] - click(findTestObject("Object Repository/object_login/btn_login")): Object: 'Object Repository/object_login/btn_login' is clicked on

2019-12-16 08:38:24 - [MESSAGE][PASSED] - Object: 'Object Repository/object_login/btn_login' is clicked on

2019-12-16 08:38:24 - [TEST_STEP][PASSED] - delay(2): Delayed 2 second(s)

2019-12-16 08:38:26 - [MESSAGE][PASSED] - Delayed 2 second(s)

2019-12-16 08:38:26 - [TEST_STEP][PASSED] - setText(findTestObject("Object Repository/object_dashboard_emp/input_search"), var_searchParent): Text 'leongarzagarza@hotmail.com' is set on object 'Object Repository/object_dashboard_emp/input_search'

2019-12-16 08:38:26 - [MESSAGE][PASSED] - Text 'leongarzagarza@hotmail.com' is set on object 'Object Repository/object_dashboard_emp/input_search'

2019-12-16 08:38:26 - [TEST_STEP][PASSED] - click(findTestObject("Object Repository/object_dashboard_emp/btn_accountSearch")): Object: 'Object Repository/object_dashboard_emp/btn_accountSearch' is clicked on

2019-12-16 08:38:27 - [MESSAGE][PASSED] - Object: 'Object Repository/object_dashboard_emp/btn_accountSearch' is clicked on

2019-12-16 08:38:27 - [TEST_STEP][PASSED] - delay(2): Delayed 2 second(s)

2019-12-16 08:38:29 - [MESSAGE][PASSED] - Delayed 2 second(s)

2019-12-16 08:38:29 - [TEST_STEP][PASSED] - click(findTestObject("Object Repository/object_accountInformation/a_TEST GABRIEL PROD")): Object: 'Object Repository/object_accountInformation/a_TEST GABRIEL PROD' is clicked on

2019-12-16 08:38:33 - [MESSAGE][PASSED] - Object: 'Object Repository/object_accountInformation/a_TEST GABRIEL PROD' is clicked on

2019-12-16 08:38:33 - [TEST_STEP][PASSED] - delay(2): Delayed 2 second(s)

2019-12-16 08:38:35 - [MESSAGE][PASSED] - Delayed 2 second(s)

2019-12-16 08:38:35 - [TEST_STEP][PASSED] - click(findTestObject("Object Repository/object_profile/a_addReservation")): Object: 'Object Repository/object_profile/a_addReservation' is clicked on

2019-12-16 08:38:37 - [MESSAGE][PASSED] - Object: 'Object Repository/object_profile/a_addReservation' is clicked on

2019-12-16 08:38:37 - [TEST_STEP][PASSED] - delay(2): Delayed 2 second(s)

2019-12-16 08:38:39 - [MESSAGE][PASSED] - Delayed 2 second(s)

2019-12-16 08:38:39 - [TEST_STEP][PASSED] - flagBoar = "0": null

2019-12-16 08:38:39 - [TEST_STEP][PASSED] - log = new com.kms.katalon.core.logging.KeywordLogger(): null

2019-12-16 08:38:39 - [TEST_STEP][PASSED] - if (var_typeReserveation == "Boarding"): null

2019-12-16 08:38:39 - [TEST_STEP][PASSED] - else if (var_typeReserveation == "Daycare"): null

2019-12-16 08:38:39 - [TEST_STEP][PASSED] - else if (var_typeReserveation == "SpaService"): null

2019-12-16 08:38:39 - [TEST_STEP][PASSED] - click(findTestObject("object_reservation/btn_Spa Service")): Object: 'Object Repository/object_reservation/btn_Spa Service' is clicked on

2019-12-16 08:38:39 - [MESSAGE][PASSED] - Object: 'Object Repository/object_reservation/btn_Spa Service' is clicked on

2019-12-16 08:38:39 - [TEST_STEP][PASSED] - flagBoar = "3": null

2019-12-16 08:38:39 - [TEST_STEP][PASSED] - click(findTestObject("Object Repository/object_reservation/i_location")): Object: 'Object Repository/object_reservation/i_location' is clicked on

2019-12-16 08:38:42 - [MESSAGE][PASSED] - Object: 'Object Repository/object_reservation/i_location' is clicked on

2019-12-16 08:38:42 - [TEST_STEP][PASSED] - switch (var_idFacility): null

2019-12-16 08:38:42 - [TEST_STEP][PASSED] - dateCI = var_checkinD.split(","): null

2019-12-16 08:38:42 - [TEST_STEP][PASSED] - dateCO = var_checkoutD.split(","): null

2019-12-16 08:38:42 - [TEST_STEP][PASSED] - arryPets = var_pets.split(","): null

2019-12-16 08:38:42 - [TEST_STEP][PASSED] - delay(2): Delayed 2 second(s)

2019-12-16 08:38:44 - [MESSAGE][PASSED] - Delayed 2 second(s)

2019-12-16 08:38:44 - [TEST_STEP][PASSED] - if (var_repeting == "Y"): null

2019-12-16 08:38:44 - [TEST_STEP][PASSED] - click(findTestObject("Object Repository/object_reservation/dateCheckIn")): Object: 'Object Repository/object_reservation/dateCheckIn' is clicked on

2019-12-16 08:38:45 - [MESSAGE][PASSED] - Object: 'Object Repository/object_reservation/dateCheckIn' is clicked on

2019-12-16 08:38:45 - [TEST_STEP][PASSED] - delay(2): Delayed 2 second(s)

2019-12-16 08:38:47 - [MESSAGE][PASSED] - Delayed 2 second(s)

2019-12-16 08:38:47 - [TEST_STEP][PASSED] - switch (dateCI[0]): null

2019-12-16 08:38:47 - [TEST_STEP][PASSED] - case "4":: null

2019-12-16 08:38:47 - [TEST_STEP][PASSED] - click(findTestObject("Object Repository/Page_Paradise 4 Paws  Dog Boarding Cat Boarding Norwalk Pooch Hotel/button_04_ci")): Object: 'Object Repository/Page_Paradise 4 Paws  Dog Boarding Cat Boarding Norwalk Pooch Hotel/button_04_ci' is clicked on

2019-12-16 08:38:47 - [MESSAGE][PASSED] - Object: 'Object Repository/Page_Paradise 4 Paws  Dog Boarding Cat Boarding Norwalk Pooch Hotel/button_04_ci' is clicked on

2019-12-16 08:38:47 - [TEST_STEP][PASSED] - break: null

2019-12-16 08:38:47 - [TEST_STEP][PASSED] - if (flagBoar == "1"): null

2019-12-16 08:38:47 - [TEST_STEP][NOT_RUN] - click(findTestObject("Object Repository/object_reservationCalendar/CO_close")): NOT_RUN: click(findTestObject("Object Repository/object_reservationCalendar/CO_close"))

2019-12-16 08:38:47 - [MESSAGE][NOT_RUN] - NOT_RUN: click(findTestObject("Object Repository/object_reservationCalendar/CO_close"))

2019-12-16 08:38:47 - [TEST_STEP][PASSED] - click(findTestObject("Object Repository/object_reservation/timeCheckin")): Object: 'Object Repository/object_reservation/timeCheckin' is clicked on

2019-12-16 08:38:48 - [MESSAGE][PASSED] - Object: 'Object Repository/object_reservation/timeCheckin' is clicked on

2019-12-16 08:38:48 - [TEST_STEP][PASSED] - switch (var_checkinT): null

2019-12-16 08:38:48 - [TEST_STEP][PASSED] - case "800":: null

2019-12-16 08:38:48 - [TEST_STEP][PASSED] - click(findTestObject("Object Repository/Page_Paradise 4 Paws  Dog Boarding Cat Boarding Norwalk Pooch Hotel/time_800am_ci")): Object: 'Object Repository/Page_Paradise 4 Paws  Dog Boarding Cat Boarding Norwalk Pooch Hotel/time_800am_ci' is clicked on

2019-12-16 08:38:49 - [MESSAGE][PASSED] - Object: 'Object Repository/Page_Paradise 4 Paws  Dog Boarding Cat Boarding Norwalk Pooch Hotel/time_800am_ci' is clicked on

2019-12-16 08:38:49 - [TEST_STEP][PASSED] - break: null

2019-12-16 08:38:49 - [TEST_STEP][PASSED] - click(findTestObject("Object Repository/object_reservation/timeCheckOut")): Object: 'Object Repository/object_reservation/timeCheckOut' is clicked on

2019-12-16 08:38:49 - [MESSAGE][PASSED] - Object: 'Object Repository/object_reservation/timeCheckOut' is clicked on

2019-12-16 08:38:49 - [TEST_STEP][PASSED] - switch (var_checkoutT): null

2019-12-16 08:38:49 - [TEST_STEP][PASSED] - case "1200":: null

2019-12-16 08:38:49 - [TEST_STEP][PASSED] - click(findTestObject("Object Repository/Page_Paradise 4 Paws  Dog Boarding Cat Boarding Norwalk Pooch Hotel/time_1200pm_co")): Object: 'Object Repository/Page_Paradise 4 Paws  Dog Boarding Cat Boarding Norwalk Pooch Hotel/time_1200pm_co' is clicked on

2019-12-16 08:38:50 - [MESSAGE][PASSED] - Object: 'Object Repository/Page_Paradise 4 Paws  Dog Boarding Cat Boarding Norwalk Pooch Hotel/time_1200pm_co' is clicked on

2019-12-16 08:38:50 - [TEST_STEP][PASSED] - break: null

2019-12-16 08:38:50 - [TEST_STEP][PASSED] - delay(2): Delayed 2 second(s)

2019-12-16 08:38:52 - [MESSAGE][PASSED] - Delayed 2 second(s)

2019-12-16 08:38:52 - [TEST_STEP][PASSED] - if (arryPets.size() == 1): Object: 'Object Repository/object_reservation/Page_Paradise 4 Paws  Dog Boarding Cat Boarding Norwalk Pooch Hotel/div_Ares' is clicked on

2019-12-16 08:38:52 - [TEST_STEP][PASSED] - click(findTestObject("Object Repository/object_reservation/Page_Paradise 4 Paws  Dog Boarding Cat Boarding Norwalk Pooch Hotel/div_Ares")): Object: 'Object Repository/object_reservation/Page_Paradise 4 Paws  Dog Boarding Cat Boarding Norwalk Pooch Hotel/div_Ares' is clicked on

2019-12-16 08:38:53 - [MESSAGE][PASSED] - Object: 'Object Repository/object_reservation/Page_Paradise 4 Paws  Dog Boarding Cat Boarding Norwalk Pooch Hotel/div_Ares' is clicked on

2019-12-16 08:38:53 - [TEST_STEP][NOT_RUN] - click(findTestObject("object_reservations/i_Day_fa fa-circle-o ng-scope")): NOT_RUN: click(findTestObject("object_reservations/i_Day_fa fa-circle-o ng-scope"))

2019-12-16 08:38:53 - [MESSAGE][NOT_RUN] - NOT_RUN: click(findTestObject("object_reservations/i_Day_fa fa-circle-o ng-scope"))

2019-12-16 08:38:53 - [TEST_STEP][PASSED] - if (flagBoar == "1" || flagBoar == "2"): null

2019-12-16 08:38:53 - [TEST_STEP][PASSED] - click(findTestObject("Object Repository/object_reservation/btn_next2")): Object: 'Object Repository/object_reservation/btn_next2' is clicked on

2019-12-16 08:38:57 - [MESSAGE][PASSED] - Object: 'Object Repository/object_reservation/btn_next2' is clicked on

2019-12-16 08:38:57 - [TEST_STEP][PASSED] - delay(3): Delayed 3 second(s)

2019-12-16 08:39:00 - [MESSAGE][PASSED] - Delayed 3 second(s)

2019-12-16 08:39:00 - [TEST_STEP][PASSED] - if (flagBoar == "1"): null

2019-12-16 08:39:00 - [TEST_STEP][PASSED] - delay(2): Delayed 2 second(s)

2019-12-16 08:39:02 - [MESSAGE][PASSED] - Delayed 2 second(s)

2019-12-16 08:39:02 - [TEST_STEP][PASSED] - click(findTestObject("Object Repository/object_reservation/btn_next2")): Object: 'Object Repository/object_reservation/btn_next2' is clicked on

2019-12-16 08:39:02 - [MESSAGE][PASSED] - Object: 'Object Repository/object_reservation/btn_next2' is clicked on

2019-12-16 08:39:02 - [TEST_STEP][PASSED] - click(findTestObject("Object Repository/object_reservation/button_Submit Reservation")): Object: 'Object Repository/object_reservation/button_Submit Reservation' is clicked on

2019-12-16 08:39:04 - [MESSAGE][PASSED] - Object: 'Object Repository/object_reservation/button_Submit Reservation' is clicked on

2019-12-16 08:39:04 - [TEST_STEP][PASSED] - delay(2): Delayed 2 second(s)

2019-12-16 08:39:06 - [MESSAGE][PASSED] - Delayed 2 second(s)

2019-12-16 08:39:06 - [TEST_STEP][PASSED] - if (flagBoar == "2" && var_repeatingEvery == "Daily" || var_repeatingEvery == "Monthly" || var_repeatingEvery == "Weekly"): null

2019-12-16 08:39:06 - [TEST_STEP][PASSED] - else: null

2019-12-16 08:39:06 - [TEST_STEP][PASSED] - delay(2): Delayed 2 second(s)

2019-12-16 08:39:08 - [MESSAGE][PASSED] - Delayed 2 second(s)

2019-12-16 08:39:08 - [TEST_STEP][PASSED] - click(findTestObject("Object Repository/object_reservation/button_Return To Reservation")): Object: 'Object Repository/object_reservation/button_Return To Reservation' is clicked on

2019-12-16 08:39:09 - [MESSAGE][PASSED] - Object: 'Object Repository/object_reservation/button_Return To Reservation' is clicked on

2019-12-16 08:39:09 - [TEST_STEP][PASSED] - delay(6): Delayed 6 second(s)

2019-12-16 08:39:15 - [MESSAGE][PASSED] - Delayed 6 second(s)

2019-12-16 08:39:15 - [TEST_STEP][PASSED] - click(findTestObject("Object Repository/object_reservation/Page_Paradise 4 Paws  Dog Boarding Cat Boar_35fe2b/button_Go to CheckOut")): Object: 'Object Repository/object_reservation/Page_Paradise 4 Paws  Dog Boarding Cat Boar_35fe2b/button_Go to CheckOut' is clicked on

2019-12-16 08:39:17 - [MESSAGE][PASSED] - Object: 'Object Repository/object_reservation/Page_Paradise 4 Paws  Dog Boarding Cat Boar_35fe2b/button_Go to CheckOut' is clicked on

2019-12-16 08:39:17 - [TEST_STEP][PASSED] - delay(2): Delayed 2 second(s)

2019-12-16 08:39:19 - [MESSAGE][PASSED] - Delayed 2 second(s)

2019-12-16 08:39:19 - [TEST_STEP][PASSED] - log.logInfo(getText(findTestObject("Object Repository/object_reservation/Page_Paradise 4 Paws  Dog Boarding Cat Boar_35fe2b/span_( BK )"))): ( BK )

2019-12-16 08:39:19 - [MESSAGE][PASSED] - Text of object 'Object Repository/object_reservation/Page_Paradise 4 Paws  Dog Boarding Cat Boar_35fe2b/span_( BK )' is: '( BK )'

2019-12-16 08:39:19 - [MESSAGE][INFO] - ( BK )

2019-12-16 08:39:19 - [TEST_STEP][PASSED] - var_url = getUrl(): Current window's url is: 'https://p4p-qa-bg.aws.paradise4paws.com/frontdesk/checkout/1702527/?parent_id=122350'

2019-12-16 08:39:19 - [MESSAGE][PASSED] - Current window's url is: 'https://p4p-qa-bg.aws.paradise4paws.com/frontdesk/checkout/1702527/?parent_id=122350'

2019-12-16 08:39:19 - [TEST_STEP][PASSED] - arrayUrl = var_url.split("/"): null

2019-12-16 08:39:19 - [TEST_STEP][PASSED] - var = Integer.parseInt(var_idRowRes): null

2019-12-16 08:39:19 - [TEST_STEP][PASSED] - verifyElementText(findTestObject("Object Repository/object_reservation/Page_Paradise 4 Paws  Dog Boarding Cat Boar_35fe2b/span_( BK )"), "( BK )", STOP_ON_FAILURE): Actual text and expected text of test object 'Object Repository/object_reservation/Page_Paradise 4 Paws  Dog Boarding Cat Boar_35fe2b/span_( BK )' are matched.

2019-12-16 08:39:19 - [MESSAGE][PASSED] - Actual text and expected text of test object 'Object Repository/object_reservation/Page_Paradise 4 Paws  Dog Boarding Cat Boar_35fe2b/span_( BK )' are matched.

2019-12-16 08:39:19 - [TEST_STEP][PASSED] - fis = new java.io.FileInputStream(/home/leonardo-arkusmty/Desktop/P4P/DATA_AUTOMATINTESTING/data_1newReservationSpaService.xlsx): null

2019-12-16 08:39:19 - [TEST_STEP][PASSED] - workbook = new org.apache.poi.xssf.usermodel.XSSFWorkbook(fis): null

2019-12-16 08:39:20 - [TEST_STEP][PASSED] - sheet = workbook.getSheet("Sheet1"): null

2019-12-16 08:39:20 - [TEST_STEP][PASSED] - rowCount = var_row: null

2019-12-16 08:39:20 - [TEST_STEP][PASSED] - row = sheet.getRow(var): null

2019-12-16 08:39:20 - [TEST_STEP][PASSED] - cell = row.createCell(15, 0): null

2019-12-16 08:39:20 - [TEST_STEP][PASSED] - cell.setCellType(CELL_TYPE_STRING): null

2019-12-16 08:39:20 - [TEST_STEP][PASSED] - cell.setCellValue(arrayUrl[5]): null

2019-12-16 08:39:20 - [TEST_STEP][PASSED] - cell2 = row.createCell(16, 0): null

2019-12-16 08:39:20 - [TEST_STEP][PASSED] - cell2.setCellType(CELL_TYPE_STRING): null

2019-12-16 08:39:20 - [TEST_STEP][PASSED] - cell2.setCellValue(getText(findTestObject("Object Repository/object_reservation/Page_Paradise 4 Paws  Dog Boarding Cat Boar_35fe2b/span_( BK )"))): Text of object 'Object Repository/object_reservation/Page_Paradise 4 Paws  Dog Boarding Cat Boar_35fe2b/span_( BK )' is: '( BK )'

2019-12-16 08:39:20 - [MESSAGE][PASSED] - Text of object 'Object Repository/object_reservation/Page_Paradise 4 Paws  Dog Boarding Cat Boar_35fe2b/span_( BK )' is: '( BK )'

2019-12-16 08:39:20 - [TEST_STEP][PASSED] - fos = new java.io.FileOutputStream(/home/leonardo-arkusmty/Desktop/P4P/DATA_AUTOMATINTESTING/data_1newReservationSpaService.xlsx): null

2019-12-16 08:39:20 - [TEST_STEP][PASSED] - workbook.write(fos): null

2019-12-16 08:39:20 - [TEST_STEP][PASSED] - fos.close(): null

2019-12-16 08:39:20 - [TEST_STEP][PASSED] - delay(1): Delayed 1 second(s)

2019-12-16 08:39:21 - [MESSAGE][PASSED] - Delayed 1 second(s)

2019-12-16 08:39:21 - [TEST_STEP][PASSED] - (var_row++): null]]></system-out>
         <system-err><![CDATA[]]></system-err>
      </testcase>
      <testcase name="Test Cases/p4p_newReservationSpaService" time="73.302" classname="Test Cases/p4p_newReservationSpaService" status="PASSED">
         <system-out><![CDATA[2019-12-16 08:39:21 - [TEST_CASE][PASSED] - Test Cases/p4p_newReservationSpaService: Test Cases/p4p_newReservationSpaService

2019-12-16 08:39:21 - [TEST_STEP][PASSED] - openBrowser("https://p4p-qa-bg.aws.paradise4paws.com/login/"): Browser is opened with url: 'https://p4p-qa-bg.aws.paradise4paws.com/login/'

2019-12-16 08:39:21 - [MESSAGE][WARNING] - A browser is already opened. Closing browser and opening a new one

2019-12-16 08:39:22 - [MESSAGE][INFO] - Starting 'Firefox' driver

2019-12-16 08:39:25 - [MESSAGE][PASSED] - Browser is opened with url: 'https://p4p-qa-bg.aws.paradise4paws.com/login/'

2019-12-16 08:39:25 - [TEST_STEP][PASSED] - setText(findTestObject("Object Repository/object_login/input_user"), var_user): Text 'jegchavez@gmail.com' is set on object 'Object Repository/object_login/input_user'

2019-12-16 08:39:26 - [MESSAGE][PASSED] - Text 'jegchavez@gmail.com' is set on object 'Object Repository/object_login/input_user'

2019-12-16 08:39:26 - [TEST_STEP][PASSED] - setText(findTestObject("Object Repository/object_login/input_pass"), var_pass): Text 'admin1' is set on object 'Object Repository/object_login/input_pass'

2019-12-16 08:39:26 - [MESSAGE][PASSED] - Text 'admin1' is set on object 'Object Repository/object_login/input_pass'

2019-12-16 08:39:26 - [TEST_STEP][PASSED] - delay(2): Delayed 2 second(s)

2019-12-16 08:39:28 - [MESSAGE][PASSED] - Delayed 2 second(s)

2019-12-16 08:39:28 - [TEST_STEP][PASSED] - verifyElementClickable(findTestObject("Object Repository/object_login/btn_login")): Object 'Object Repository/object_login/btn_login' is clickable

2019-12-16 08:39:29 - [MESSAGE][PASSED] - Object 'Object Repository/object_login/btn_login' is clickable

2019-12-16 08:39:29 - [TEST_STEP][PASSED] - click(findTestObject("Object Repository/object_login/btn_login")): Object: 'Object Repository/object_login/btn_login' is clicked on

2019-12-16 08:39:33 - [MESSAGE][PASSED] - Object: 'Object Repository/object_login/btn_login' is clicked on

2019-12-16 08:39:33 - [TEST_STEP][PASSED] - delay(2): Delayed 2 second(s)

2019-12-16 08:39:35 - [MESSAGE][PASSED] - Delayed 2 second(s)

2019-12-16 08:39:35 - [TEST_STEP][PASSED] - setText(findTestObject("Object Repository/object_dashboard_emp/input_search"), var_searchParent): Text 'leongarzagarza@hotmail.com' is set on object 'Object Repository/object_dashboard_emp/input_search'

2019-12-16 08:39:35 - [MESSAGE][PASSED] - Text 'leongarzagarza@hotmail.com' is set on object 'Object Repository/object_dashboard_emp/input_search'

2019-12-16 08:39:35 - [TEST_STEP][PASSED] - click(findTestObject("Object Repository/object_dashboard_emp/btn_accountSearch")): Object: 'Object Repository/object_dashboard_emp/btn_accountSearch' is clicked on

2019-12-16 08:39:36 - [MESSAGE][PASSED] - Object: 'Object Repository/object_dashboard_emp/btn_accountSearch' is clicked on

2019-12-16 08:39:36 - [TEST_STEP][PASSED] - delay(2): Delayed 2 second(s)

2019-12-16 08:39:38 - [MESSAGE][PASSED] - Delayed 2 second(s)

2019-12-16 08:39:38 - [TEST_STEP][PASSED] - click(findTestObject("Object Repository/object_accountInformation/a_TEST GABRIEL PROD")): Object: 'Object Repository/object_accountInformation/a_TEST GABRIEL PROD' is clicked on

2019-12-16 08:39:42 - [MESSAGE][PASSED] - Object: 'Object Repository/object_accountInformation/a_TEST GABRIEL PROD' is clicked on

2019-12-16 08:39:42 - [TEST_STEP][PASSED] - delay(2): Delayed 2 second(s)

2019-12-16 08:39:44 - [MESSAGE][PASSED] - Delayed 2 second(s)

2019-12-16 08:39:44 - [TEST_STEP][PASSED] - click(findTestObject("Object Repository/object_profile/a_addReservation")): Object: 'Object Repository/object_profile/a_addReservation' is clicked on

2019-12-16 08:39:46 - [MESSAGE][PASSED] - Object: 'Object Repository/object_profile/a_addReservation' is clicked on

2019-12-16 08:39:46 - [TEST_STEP][PASSED] - delay(2): Delayed 2 second(s)

2019-12-16 08:39:48 - [MESSAGE][PASSED] - Delayed 2 second(s)

2019-12-16 08:39:48 - [TEST_STEP][PASSED] - flagBoar = "0": null

2019-12-16 08:39:48 - [TEST_STEP][PASSED] - log = new com.kms.katalon.core.logging.KeywordLogger(): null

2019-12-16 08:39:48 - [TEST_STEP][PASSED] - if (var_typeReserveation == "Boarding"): null

2019-12-16 08:39:48 - [TEST_STEP][PASSED] - else if (var_typeReserveation == "Daycare"): null

2019-12-16 08:39:48 - [TEST_STEP][PASSED] - else if (var_typeReserveation == "SpaService"): null

2019-12-16 08:39:48 - [TEST_STEP][PASSED] - click(findTestObject("object_reservation/btn_Spa Service")): Object: 'Object Repository/object_reservation/btn_Spa Service' is clicked on

2019-12-16 08:39:48 - [MESSAGE][PASSED] - Object: 'Object Repository/object_reservation/btn_Spa Service' is clicked on

2019-12-16 08:39:48 - [TEST_STEP][PASSED] - flagBoar = "3": null

2019-12-16 08:39:48 - [TEST_STEP][PASSED] - click(findTestObject("Object Repository/object_reservation/i_location")): Object: 'Object Repository/object_reservation/i_location' is clicked on

2019-12-16 08:39:51 - [MESSAGE][PASSED] - Object: 'Object Repository/object_reservation/i_location' is clicked on

2019-12-16 08:39:51 - [TEST_STEP][PASSED] - switch (var_idFacility): null

2019-12-16 08:39:51 - [TEST_STEP][PASSED] - dateCI = var_checkinD.split(","): null

2019-12-16 08:39:51 - [TEST_STEP][PASSED] - dateCO = var_checkoutD.split(","): null

2019-12-16 08:39:51 - [TEST_STEP][PASSED] - arryPets = var_pets.split(","): null

2019-12-16 08:39:51 - [TEST_STEP][PASSED] - delay(2): Delayed 2 second(s)

2019-12-16 08:39:53 - [MESSAGE][PASSED] - Delayed 2 second(s)

2019-12-16 08:39:53 - [TEST_STEP][PASSED] - if (var_repeting == "Y"): null

2019-12-16 08:39:53 - [TEST_STEP][PASSED] - click(findTestObject("Object Repository/object_reservation/dateCheckIn")): Object: 'Object Repository/object_reservation/dateCheckIn' is clicked on

2019-12-16 08:39:54 - [MESSAGE][PASSED] - Object: 'Object Repository/object_reservation/dateCheckIn' is clicked on

2019-12-16 08:39:54 - [TEST_STEP][PASSED] - delay(2): Delayed 2 second(s)

2019-12-16 08:39:56 - [MESSAGE][PASSED] - Delayed 2 second(s)

2019-12-16 08:39:56 - [TEST_STEP][PASSED] - switch (dateCI[0]): null

2019-12-16 08:39:56 - [TEST_STEP][PASSED] - case "5":: null

2019-12-16 08:39:56 - [TEST_STEP][PASSED] - click(findTestObject("Object Repository/Page_Paradise 4 Paws  Dog Boarding Cat Boarding Norwalk Pooch Hotel/button_05_ci")): Object: 'Object Repository/Page_Paradise 4 Paws  Dog Boarding Cat Boarding Norwalk Pooch Hotel/button_05_ci' is clicked on

2019-12-16 08:39:56 - [MESSAGE][PASSED] - Object: 'Object Repository/Page_Paradise 4 Paws  Dog Boarding Cat Boarding Norwalk Pooch Hotel/button_05_ci' is clicked on

2019-12-16 08:39:56 - [TEST_STEP][PASSED] - break: null

2019-12-16 08:39:56 - [TEST_STEP][PASSED] - if (flagBoar == "1"): null

2019-12-16 08:39:56 - [TEST_STEP][NOT_RUN] - click(findTestObject("Object Repository/object_reservationCalendar/CO_close")): NOT_RUN: click(findTestObject("Object Repository/object_reservationCalendar/CO_close"))

2019-12-16 08:39:56 - [MESSAGE][NOT_RUN] - NOT_RUN: click(findTestObject("Object Repository/object_reservationCalendar/CO_close"))

2019-12-16 08:39:56 - [TEST_STEP][PASSED] - click(findTestObject("Object Repository/object_reservation/timeCheckin")): Object: 'Object Repository/object_reservation/timeCheckin' is clicked on

2019-12-16 08:39:57 - [MESSAGE][PASSED] - Object: 'Object Repository/object_reservation/timeCheckin' is clicked on

2019-12-16 08:39:57 - [TEST_STEP][PASSED] - switch (var_checkinT): null

2019-12-16 08:39:57 - [TEST_STEP][PASSED] - case "800":: null

2019-12-16 08:39:57 - [TEST_STEP][PASSED] - click(findTestObject("Object Repository/Page_Paradise 4 Paws  Dog Boarding Cat Boarding Norwalk Pooch Hotel/time_800am_ci")): Object: 'Object Repository/Page_Paradise 4 Paws  Dog Boarding Cat Boarding Norwalk Pooch Hotel/time_800am_ci' is clicked on

2019-12-16 08:39:58 - [MESSAGE][PASSED] - Object: 'Object Repository/Page_Paradise 4 Paws  Dog Boarding Cat Boarding Norwalk Pooch Hotel/time_800am_ci' is clicked on

2019-12-16 08:39:58 - [TEST_STEP][PASSED] - break: null

2019-12-16 08:39:58 - [TEST_STEP][PASSED] - click(findTestObject("Object Repository/object_reservation/timeCheckOut")): Object: 'Object Repository/object_reservation/timeCheckOut' is clicked on

2019-12-16 08:39:58 - [MESSAGE][PASSED] - Object: 'Object Repository/object_reservation/timeCheckOut' is clicked on

2019-12-16 08:39:58 - [TEST_STEP][PASSED] - switch (var_checkoutT): null

2019-12-16 08:39:58 - [TEST_STEP][PASSED] - case "1200":: null

2019-12-16 08:39:58 - [TEST_STEP][PASSED] - click(findTestObject("Object Repository/Page_Paradise 4 Paws  Dog Boarding Cat Boarding Norwalk Pooch Hotel/time_1200pm_co")): Object: 'Object Repository/Page_Paradise 4 Paws  Dog Boarding Cat Boarding Norwalk Pooch Hotel/time_1200pm_co' is clicked on

2019-12-16 08:39:59 - [MESSAGE][PASSED] - Object: 'Object Repository/Page_Paradise 4 Paws  Dog Boarding Cat Boarding Norwalk Pooch Hotel/time_1200pm_co' is clicked on

2019-12-16 08:39:59 - [TEST_STEP][PASSED] - break: null

2019-12-16 08:39:59 - [TEST_STEP][PASSED] - delay(2): Delayed 2 second(s)

2019-12-16 08:40:01 - [MESSAGE][PASSED] - Delayed 2 second(s)

2019-12-16 08:40:01 - [TEST_STEP][PASSED] - if (arryPets.size() == 1): null

2019-12-16 08:40:01 - [TEST_STEP][PASSED] - else if (arryPets.size() == 2): Object: 'Object Repository/object_reservation/div_Zeus' is clicked on

2019-12-16 08:40:01 - [TEST_STEP][PASSED] - click(findTestObject("object_reservation/Page_Paradise 4 Paws  Dog Boarding Cat Boarding Norwalk Pooch Hotel/div_Ares")): Object: 'Object Repository/object_reservation/Page_Paradise 4 Paws  Dog Boarding Cat Boarding Norwalk Pooch Hotel/div_Ares' is clicked on

2019-12-16 08:40:02 - [MESSAGE][PASSED] - Object: 'Object Repository/object_reservation/Page_Paradise 4 Paws  Dog Boarding Cat Boarding Norwalk Pooch Hotel/div_Ares' is clicked on

2019-12-16 08:40:02 - [TEST_STEP][PASSED] - click(findTestObject("object_reservation/div_Zeus")): Object: 'Object Repository/object_reservation/div_Zeus' is clicked on

2019-12-16 08:40:06 - [MESSAGE][PASSED] - Object: 'Object Repository/object_reservation/div_Zeus' is clicked on

2019-12-16 08:40:06 - [TEST_STEP][NOT_RUN] - click(findTestObject("object_reservations/i_Day_fa fa-circle-o ng-scope")): NOT_RUN: click(findTestObject("object_reservations/i_Day_fa fa-circle-o ng-scope"))

2019-12-16 08:40:06 - [MESSAGE][NOT_RUN] - NOT_RUN: click(findTestObject("object_reservations/i_Day_fa fa-circle-o ng-scope"))

2019-12-16 08:40:06 - [TEST_STEP][PASSED] - if (flagBoar == "1" || flagBoar == "2"): null

2019-12-16 08:40:06 - [TEST_STEP][PASSED] - click(findTestObject("Object Repository/object_reservation/btn_next2")): Object: 'Object Repository/object_reservation/btn_next2' is clicked on

2019-12-16 08:40:10 - [MESSAGE][PASSED] - Object: 'Object Repository/object_reservation/btn_next2' is clicked on

2019-12-16 08:40:10 - [TEST_STEP][PASSED] - delay(3): Delayed 3 second(s)

2019-12-16 08:40:13 - [MESSAGE][PASSED] - Delayed 3 second(s)

2019-12-16 08:40:13 - [TEST_STEP][PASSED] - if (flagBoar == "1"): null

2019-12-16 08:40:13 - [TEST_STEP][PASSED] - delay(2): Delayed 2 second(s)

2019-12-16 08:40:15 - [MESSAGE][PASSED] - Delayed 2 second(s)

2019-12-16 08:40:15 - [TEST_STEP][PASSED] - click(findTestObject("Object Repository/object_reservation/btn_next2")): Object: 'Object Repository/object_reservation/btn_next2' is clicked on

2019-12-16 08:40:16 - [MESSAGE][PASSED] - Object: 'Object Repository/object_reservation/btn_next2' is clicked on

2019-12-16 08:40:16 - [TEST_STEP][PASSED] - click(findTestObject("Object Repository/object_reservation/button_Submit Reservation")): Object: 'Object Repository/object_reservation/button_Submit Reservation' is clicked on

2019-12-16 08:40:18 - [MESSAGE][PASSED] - Object: 'Object Repository/object_reservation/button_Submit Reservation' is clicked on

2019-12-16 08:40:18 - [TEST_STEP][PASSED] - delay(2): Delayed 2 second(s)

2019-12-16 08:40:20 - [MESSAGE][PASSED] - Delayed 2 second(s)

2019-12-16 08:40:20 - [TEST_STEP][PASSED] - if (flagBoar == "2" && var_repeatingEvery == "Daily" || var_repeatingEvery == "Monthly" || var_repeatingEvery == "Weekly"): null

2019-12-16 08:40:20 - [TEST_STEP][PASSED] - else: null

2019-12-16 08:40:20 - [TEST_STEP][PASSED] - delay(2): Delayed 2 second(s)

2019-12-16 08:40:22 - [MESSAGE][PASSED] - Delayed 2 second(s)

2019-12-16 08:40:22 - [TEST_STEP][PASSED] - click(findTestObject("Object Repository/object_reservation/button_Return To Reservation")): Object: 'Object Repository/object_reservation/button_Return To Reservation' is clicked on

2019-12-16 08:40:23 - [MESSAGE][PASSED] - Object: 'Object Repository/object_reservation/button_Return To Reservation' is clicked on

2019-12-16 08:40:23 - [TEST_STEP][PASSED] - delay(6): Delayed 6 second(s)

2019-12-16 08:40:29 - [MESSAGE][PASSED] - Delayed 6 second(s)

2019-12-16 08:40:29 - [TEST_STEP][PASSED] - click(findTestObject("Object Repository/object_reservation/Page_Paradise 4 Paws  Dog Boarding Cat Boar_35fe2b/button_Go to CheckOut")): Object: 'Object Repository/object_reservation/Page_Paradise 4 Paws  Dog Boarding Cat Boar_35fe2b/button_Go to CheckOut' is clicked on

2019-12-16 08:40:31 - [MESSAGE][PASSED] - Object: 'Object Repository/object_reservation/Page_Paradise 4 Paws  Dog Boarding Cat Boar_35fe2b/button_Go to CheckOut' is clicked on

2019-12-16 08:40:31 - [TEST_STEP][PASSED] - delay(2): Delayed 2 second(s)

2019-12-16 08:40:33 - [MESSAGE][PASSED] - Delayed 2 second(s)

2019-12-16 08:40:33 - [TEST_STEP][PASSED] - log.logInfo(getText(findTestObject("Object Repository/object_reservation/Page_Paradise 4 Paws  Dog Boarding Cat Boar_35fe2b/span_( BK )"))): ( BK )

2019-12-16 08:40:33 - [MESSAGE][PASSED] - Text of object 'Object Repository/object_reservation/Page_Paradise 4 Paws  Dog Boarding Cat Boar_35fe2b/span_( BK )' is: '( BK )'

2019-12-16 08:40:33 - [MESSAGE][INFO] - ( BK )

2019-12-16 08:40:33 - [TEST_STEP][PASSED] - var_url = getUrl(): Current window's url is: 'https://p4p-qa-bg.aws.paradise4paws.com/frontdesk/checkout/1702528/?parent_id=122350'

2019-12-16 08:40:33 - [MESSAGE][PASSED] - Current window's url is: 'https://p4p-qa-bg.aws.paradise4paws.com/frontdesk/checkout/1702528/?parent_id=122350'

2019-12-16 08:40:33 - [TEST_STEP][PASSED] - arrayUrl = var_url.split("/"): null

2019-12-16 08:40:33 - [TEST_STEP][PASSED] - var = Integer.parseInt(var_idRowRes): null

2019-12-16 08:40:33 - [TEST_STEP][PASSED] - verifyElementText(findTestObject("Object Repository/object_reservation/Page_Paradise 4 Paws  Dog Boarding Cat Boar_35fe2b/span_( BK )"), "( BK )", STOP_ON_FAILURE): Actual text and expected text of test object 'Object Repository/object_reservation/Page_Paradise 4 Paws  Dog Boarding Cat Boar_35fe2b/span_( BK )' are matched.

2019-12-16 08:40:33 - [MESSAGE][PASSED] - Actual text and expected text of test object 'Object Repository/object_reservation/Page_Paradise 4 Paws  Dog Boarding Cat Boar_35fe2b/span_( BK )' are matched.

2019-12-16 08:40:33 - [TEST_STEP][PASSED] - fis = new java.io.FileInputStream(/home/leonardo-arkusmty/Desktop/P4P/DATA_AUTOMATINTESTING/data_1newReservationSpaService.xlsx): null

2019-12-16 08:40:33 - [TEST_STEP][PASSED] - workbook = new org.apache.poi.xssf.usermodel.XSSFWorkbook(fis): null

2019-12-16 08:40:33 - [TEST_STEP][PASSED] - sheet = workbook.getSheet("Sheet1"): null

2019-12-16 08:40:33 - [TEST_STEP][PASSED] - rowCount = var_row: null

2019-12-16 08:40:33 - [TEST_STEP][PASSED] - row = sheet.getRow(var): null

2019-12-16 08:40:33 - [TEST_STEP][PASSED] - cell = row.createCell(15, 0): null

2019-12-16 08:40:33 - [TEST_STEP][PASSED] - cell.setCellType(CELL_TYPE_STRING): null

2019-12-16 08:40:33 - [TEST_STEP][PASSED] - cell.setCellValue(arrayUrl[5]): null

2019-12-16 08:40:33 - [TEST_STEP][PASSED] - cell2 = row.createCell(16, 0): null

2019-12-16 08:40:33 - [TEST_STEP][PASSED] - cell2.setCellType(CELL_TYPE_STRING): null

2019-12-16 08:40:33 - [TEST_STEP][PASSED] - cell2.setCellValue(getText(findTestObject("Object Repository/object_reservation/Page_Paradise 4 Paws  Dog Boarding Cat Boar_35fe2b/span_( BK )"))): Text of object 'Object Repository/object_reservation/Page_Paradise 4 Paws  Dog Boarding Cat Boar_35fe2b/span_( BK )' is: '( BK )'

2019-12-16 08:40:34 - [MESSAGE][PASSED] - Text of object 'Object Repository/object_reservation/Page_Paradise 4 Paws  Dog Boarding Cat Boar_35fe2b/span_( BK )' is: '( BK )'

2019-12-16 08:40:34 - [TEST_STEP][PASSED] - fos = new java.io.FileOutputStream(/home/leonardo-arkusmty/Desktop/P4P/DATA_AUTOMATINTESTING/data_1newReservationSpaService.xlsx): null

2019-12-16 08:40:34 - [TEST_STEP][PASSED] - workbook.write(fos): null

2019-12-16 08:40:34 - [TEST_STEP][PASSED] - fos.close(): null

2019-12-16 08:40:34 - [TEST_STEP][PASSED] - delay(1): Delayed 1 second(s)

2019-12-16 08:40:35 - [MESSAGE][PASSED] - Delayed 1 second(s)

2019-12-16 08:40:35 - [TEST_STEP][PASSED] - (var_row++): null]]></system-out>
         <system-err><![CDATA[]]></system-err>
      </testcase>
      <testcase name="Test Cases/p4p_newReservationSpaService" time="77.691" classname="Test Cases/p4p_newReservationSpaService" status="PASSED">
         <system-out><![CDATA[2019-12-16 08:40:35 - [TEST_CASE][PASSED] - Test Cases/p4p_newReservationSpaService: Test Cases/p4p_newReservationSpaService

2019-12-16 08:40:35 - [TEST_STEP][PASSED] - openBrowser("https://p4p-qa-bg.aws.paradise4paws.com/login/"): Browser is opened with url: 'https://p4p-qa-bg.aws.paradise4paws.com/login/'

2019-12-16 08:40:35 - [MESSAGE][WARNING] - A browser is already opened. Closing browser and opening a new one

2019-12-16 08:40:35 - [MESSAGE][INFO] - Starting 'Firefox' driver

2019-12-16 08:40:39 - [MESSAGE][PASSED] - Browser is opened with url: 'https://p4p-qa-bg.aws.paradise4paws.com/login/'

2019-12-16 08:40:39 - [TEST_STEP][PASSED] - setText(findTestObject("Object Repository/object_login/input_user"), var_user): Text 'jegchavez@gmail.com' is set on object 'Object Repository/object_login/input_user'

2019-12-16 08:40:40 - [MESSAGE][PASSED] - Text 'jegchavez@gmail.com' is set on object 'Object Repository/object_login/input_user'

2019-12-16 08:40:40 - [TEST_STEP][PASSED] - setText(findTestObject("Object Repository/object_login/input_pass"), var_pass): Text 'admin1' is set on object 'Object Repository/object_login/input_pass'

2019-12-16 08:40:40 - [MESSAGE][PASSED] - Text 'admin1' is set on object 'Object Repository/object_login/input_pass'

2019-12-16 08:40:40 - [TEST_STEP][PASSED] - delay(2): Delayed 2 second(s)

2019-12-16 08:40:42 - [MESSAGE][PASSED] - Delayed 2 second(s)

2019-12-16 08:40:42 - [TEST_STEP][PASSED] - verifyElementClickable(findTestObject("Object Repository/object_login/btn_login")): Object 'Object Repository/object_login/btn_login' is clickable

2019-12-16 08:40:43 - [MESSAGE][PASSED] - Object 'Object Repository/object_login/btn_login' is clickable

2019-12-16 08:40:43 - [TEST_STEP][PASSED] - click(findTestObject("Object Repository/object_login/btn_login")): Object: 'Object Repository/object_login/btn_login' is clicked on

2019-12-16 08:40:46 - [MESSAGE][PASSED] - Object: 'Object Repository/object_login/btn_login' is clicked on

2019-12-16 08:40:46 - [TEST_STEP][PASSED] - delay(2): Delayed 2 second(s)

2019-12-16 08:40:48 - [MESSAGE][PASSED] - Delayed 2 second(s)

2019-12-16 08:40:48 - [TEST_STEP][PASSED] - setText(findTestObject("Object Repository/object_dashboard_emp/input_search"), var_searchParent): Text 'leongarzagarza@hotmail.com' is set on object 'Object Repository/object_dashboard_emp/input_search'

2019-12-16 08:40:49 - [MESSAGE][PASSED] - Text 'leongarzagarza@hotmail.com' is set on object 'Object Repository/object_dashboard_emp/input_search'

2019-12-16 08:40:49 - [TEST_STEP][PASSED] - click(findTestObject("Object Repository/object_dashboard_emp/btn_accountSearch")): Object: 'Object Repository/object_dashboard_emp/btn_accountSearch' is clicked on

2019-12-16 08:40:50 - [MESSAGE][PASSED] - Object: 'Object Repository/object_dashboard_emp/btn_accountSearch' is clicked on

2019-12-16 08:40:50 - [TEST_STEP][PASSED] - delay(2): Delayed 2 second(s)

2019-12-16 08:40:52 - [MESSAGE][PASSED] - Delayed 2 second(s)

2019-12-16 08:40:52 - [TEST_STEP][PASSED] - click(findTestObject("Object Repository/object_accountInformation/a_TEST GABRIEL PROD")): Object: 'Object Repository/object_accountInformation/a_TEST GABRIEL PROD' is clicked on

2019-12-16 08:40:56 - [MESSAGE][PASSED] - Object: 'Object Repository/object_accountInformation/a_TEST GABRIEL PROD' is clicked on

2019-12-16 08:40:56 - [TEST_STEP][PASSED] - delay(2): Delayed 2 second(s)

2019-12-16 08:40:58 - [MESSAGE][PASSED] - Delayed 2 second(s)

2019-12-16 08:40:58 - [TEST_STEP][PASSED] - click(findTestObject("Object Repository/object_profile/a_addReservation")): Object: 'Object Repository/object_profile/a_addReservation' is clicked on

2019-12-16 08:40:59 - [MESSAGE][PASSED] - Object: 'Object Repository/object_profile/a_addReservation' is clicked on

2019-12-16 08:40:59 - [TEST_STEP][PASSED] - delay(2): Delayed 2 second(s)

2019-12-16 08:41:01 - [MESSAGE][PASSED] - Delayed 2 second(s)

2019-12-16 08:41:01 - [TEST_STEP][PASSED] - flagBoar = "0": null

2019-12-16 08:41:01 - [TEST_STEP][PASSED] - log = new com.kms.katalon.core.logging.KeywordLogger(): null

2019-12-16 08:41:01 - [TEST_STEP][PASSED] - if (var_typeReserveation == "Boarding"): null

2019-12-16 08:41:01 - [TEST_STEP][PASSED] - else if (var_typeReserveation == "Daycare"): null

2019-12-16 08:41:01 - [TEST_STEP][PASSED] - else if (var_typeReserveation == "SpaService"): null

2019-12-16 08:41:01 - [TEST_STEP][PASSED] - click(findTestObject("object_reservation/btn_Spa Service")): Object: 'Object Repository/object_reservation/btn_Spa Service' is clicked on

2019-12-16 08:41:02 - [MESSAGE][PASSED] - Object: 'Object Repository/object_reservation/btn_Spa Service' is clicked on

2019-12-16 08:41:02 - [TEST_STEP][PASSED] - flagBoar = "3": null

2019-12-16 08:41:02 - [TEST_STEP][PASSED] - click(findTestObject("Object Repository/object_reservation/i_location")): Object: 'Object Repository/object_reservation/i_location' is clicked on

2019-12-16 08:41:04 - [MESSAGE][PASSED] - Object: 'Object Repository/object_reservation/i_location' is clicked on

2019-12-16 08:41:04 - [TEST_STEP][PASSED] - switch (var_idFacility): null

2019-12-16 08:41:04 - [TEST_STEP][PASSED] - dateCI = var_checkinD.split(","): null

2019-12-16 08:41:04 - [TEST_STEP][PASSED] - dateCO = var_checkoutD.split(","): null

2019-12-16 08:41:04 - [TEST_STEP][PASSED] - arryPets = var_pets.split(","): null

2019-12-16 08:41:04 - [TEST_STEP][PASSED] - delay(2): Delayed 2 second(s)

2019-12-16 08:41:06 - [MESSAGE][PASSED] - Delayed 2 second(s)

2019-12-16 08:41:06 - [TEST_STEP][PASSED] - if (var_repeting == "Y"): null

2019-12-16 08:41:06 - [TEST_STEP][PASSED] - click(findTestObject("Object Repository/object_reservation/dateCheckIn")): Object: 'Object Repository/object_reservation/dateCheckIn' is clicked on

2019-12-16 08:41:07 - [MESSAGE][PASSED] - Object: 'Object Repository/object_reservation/dateCheckIn' is clicked on

2019-12-16 08:41:07 - [TEST_STEP][PASSED] - delay(2): Delayed 2 second(s)

2019-12-16 08:41:09 - [MESSAGE][PASSED] - Delayed 2 second(s)

2019-12-16 08:41:09 - [TEST_STEP][PASSED] - switch (dateCI[0]): null

2019-12-16 08:41:09 - [TEST_STEP][PASSED] - case "6":: null

2019-12-16 08:41:09 - [TEST_STEP][PASSED] - click(findTestObject("Object Repository/Page_Paradise 4 Paws  Dog Boarding Cat Boarding Norwalk Pooch Hotel/button_06_ci")): Object: 'Object Repository/Page_Paradise 4 Paws  Dog Boarding Cat Boarding Norwalk Pooch Hotel/button_06_ci' is clicked on

2019-12-16 08:41:09 - [MESSAGE][PASSED] - Object: 'Object Repository/Page_Paradise 4 Paws  Dog Boarding Cat Boarding Norwalk Pooch Hotel/button_06_ci' is clicked on

2019-12-16 08:41:09 - [TEST_STEP][PASSED] - break: null

2019-12-16 08:41:09 - [TEST_STEP][PASSED] - if (flagBoar == "1"): null

2019-12-16 08:41:09 - [TEST_STEP][NOT_RUN] - click(findTestObject("Object Repository/object_reservationCalendar/CO_close")): NOT_RUN: click(findTestObject("Object Repository/object_reservationCalendar/CO_close"))

2019-12-16 08:41:09 - [MESSAGE][NOT_RUN] - NOT_RUN: click(findTestObject("Object Repository/object_reservationCalendar/CO_close"))

2019-12-16 08:41:09 - [TEST_STEP][PASSED] - click(findTestObject("Object Repository/object_reservation/timeCheckin")): Object: 'Object Repository/object_reservation/timeCheckin' is clicked on

2019-12-16 08:41:10 - [MESSAGE][PASSED] - Object: 'Object Repository/object_reservation/timeCheckin' is clicked on

2019-12-16 08:41:10 - [TEST_STEP][PASSED] - switch (var_checkinT): null

2019-12-16 08:41:10 - [TEST_STEP][PASSED] - case "800":: null

2019-12-16 08:41:10 - [TEST_STEP][PASSED] - click(findTestObject("Object Repository/Page_Paradise 4 Paws  Dog Boarding Cat Boarding Norwalk Pooch Hotel/time_800am_ci")): Object: 'Object Repository/Page_Paradise 4 Paws  Dog Boarding Cat Boarding Norwalk Pooch Hotel/time_800am_ci' is clicked on

2019-12-16 08:41:11 - [MESSAGE][PASSED] - Object: 'Object Repository/Page_Paradise 4 Paws  Dog Boarding Cat Boarding Norwalk Pooch Hotel/time_800am_ci' is clicked on

2019-12-16 08:41:11 - [TEST_STEP][PASSED] - break: null

2019-12-16 08:41:11 - [TEST_STEP][PASSED] - click(findTestObject("Object Repository/object_reservation/timeCheckOut")): Object: 'Object Repository/object_reservation/timeCheckOut' is clicked on

2019-12-16 08:41:11 - [MESSAGE][PASSED] - Object: 'Object Repository/object_reservation/timeCheckOut' is clicked on

2019-12-16 08:41:11 - [TEST_STEP][PASSED] - switch (var_checkoutT): null

2019-12-16 08:41:11 - [TEST_STEP][PASSED] - case "1200":: null

2019-12-16 08:41:11 - [TEST_STEP][PASSED] - click(findTestObject("Object Repository/Page_Paradise 4 Paws  Dog Boarding Cat Boarding Norwalk Pooch Hotel/time_1200pm_co")): Object: 'Object Repository/Page_Paradise 4 Paws  Dog Boarding Cat Boarding Norwalk Pooch Hotel/time_1200pm_co' is clicked on

2019-12-16 08:41:12 - [MESSAGE][PASSED] - Object: 'Object Repository/Page_Paradise 4 Paws  Dog Boarding Cat Boarding Norwalk Pooch Hotel/time_1200pm_co' is clicked on

2019-12-16 08:41:12 - [TEST_STEP][PASSED] - break: null

2019-12-16 08:41:12 - [TEST_STEP][PASSED] - delay(2): Delayed 2 second(s)

2019-12-16 08:41:14 - [MESSAGE][PASSED] - Delayed 2 second(s)

2019-12-16 08:41:14 - [TEST_STEP][PASSED] - if (arryPets.size() == 1): null

2019-12-16 08:41:14 - [TEST_STEP][PASSED] - else if (arryPets.size() == 2): null

2019-12-16 08:41:14 - [TEST_STEP][PASSED] - else if (arryPets.size() == 3): Object: 'Object Repository/object_reservation/div_Athena' is clicked on

2019-12-16 08:41:14 - [TEST_STEP][PASSED] - click(findTestObject("object_reservation/Page_Paradise 4 Paws  Dog Boarding Cat Boarding Norwalk Pooch Hotel/div_Ares")): Object: 'Object Repository/object_reservation/Page_Paradise 4 Paws  Dog Boarding Cat Boarding Norwalk Pooch Hotel/div_Ares' is clicked on

2019-12-16 08:41:16 - [MESSAGE][PASSED] - Object: 'Object Repository/object_reservation/Page_Paradise 4 Paws  Dog Boarding Cat Boarding Norwalk Pooch Hotel/div_Ares' is clicked on

2019-12-16 08:41:16 - [TEST_STEP][PASSED] - click(findTestObject("object_reservation/div_Zeus")): Object: 'Object Repository/object_reservation/div_Zeus' is clicked on

2019-12-16 08:41:20 - [MESSAGE][PASSED] - Object: 'Object Repository/object_reservation/div_Zeus' is clicked on

2019-12-16 08:41:20 - [TEST_STEP][PASSED] - click(findTestObject("object_reservation/div_Athena")): Object: 'Object Repository/object_reservation/div_Athena' is clicked on

2019-12-16 08:41:24 - [MESSAGE][PASSED] - Object: 'Object Repository/object_reservation/div_Athena' is clicked on

2019-12-16 08:41:24 - [TEST_STEP][NOT_RUN] - click(findTestObject("object_reservations/i_Day_fa fa-circle-o ng-scope")): NOT_RUN: click(findTestObject("object_reservations/i_Day_fa fa-circle-o ng-scope"))

2019-12-16 08:41:24 - [MESSAGE][NOT_RUN] - NOT_RUN: click(findTestObject("object_reservations/i_Day_fa fa-circle-o ng-scope"))

2019-12-16 08:41:24 - [TEST_STEP][PASSED] - if (flagBoar == "1" || flagBoar == "2"): null

2019-12-16 08:41:24 - [TEST_STEP][PASSED] - click(findTestObject("Object Repository/object_reservation/btn_next2")): Object: 'Object Repository/object_reservation/btn_next2' is clicked on

2019-12-16 08:41:28 - [MESSAGE][PASSED] - Object: 'Object Repository/object_reservation/btn_next2' is clicked on

2019-12-16 08:41:28 - [TEST_STEP][PASSED] - delay(3): Delayed 3 second(s)

2019-12-16 08:41:31 - [MESSAGE][PASSED] - Delayed 3 second(s)

2019-12-16 08:41:31 - [TEST_STEP][PASSED] - if (flagBoar == "1"): null

2019-12-16 08:41:31 - [TEST_STEP][PASSED] - delay(2): Delayed 2 second(s)

2019-12-16 08:41:33 - [MESSAGE][PASSED] - Delayed 2 second(s)

2019-12-16 08:41:33 - [TEST_STEP][PASSED] - click(findTestObject("Object Repository/object_reservation/btn_next2")): Object: 'Object Repository/object_reservation/btn_next2' is clicked on

2019-12-16 08:41:34 - [MESSAGE][PASSED] - Object: 'Object Repository/object_reservation/btn_next2' is clicked on

2019-12-16 08:41:34 - [TEST_STEP][PASSED] - click(findTestObject("Object Repository/object_reservation/button_Submit Reservation")): Object: 'Object Repository/object_reservation/button_Submit Reservation' is clicked on

2019-12-16 08:41:36 - [MESSAGE][PASSED] - Object: 'Object Repository/object_reservation/button_Submit Reservation' is clicked on

2019-12-16 08:41:36 - [TEST_STEP][PASSED] - delay(2): Delayed 2 second(s)

2019-12-16 08:41:38 - [MESSAGE][PASSED] - Delayed 2 second(s)

2019-12-16 08:41:38 - [TEST_STEP][PASSED] - if (flagBoar == "2" && var_repeatingEvery == "Daily" || var_repeatingEvery == "Monthly" || var_repeatingEvery == "Weekly"): null

2019-12-16 08:41:38 - [TEST_STEP][PASSED] - else: null

2019-12-16 08:41:38 - [TEST_STEP][PASSED] - delay(2): Delayed 2 second(s)

2019-12-16 08:41:40 - [MESSAGE][PASSED] - Delayed 2 second(s)

2019-12-16 08:41:40 - [TEST_STEP][PASSED] - click(findTestObject("Object Repository/object_reservation/button_Return To Reservation")): Object: 'Object Repository/object_reservation/button_Return To Reservation' is clicked on

2019-12-16 08:41:40 - [MESSAGE][PASSED] - Object: 'Object Repository/object_reservation/button_Return To Reservation' is clicked on

2019-12-16 08:41:40 - [TEST_STEP][PASSED] - delay(6): Delayed 6 second(s)

2019-12-16 08:41:46 - [MESSAGE][PASSED] - Delayed 6 second(s)

2019-12-16 08:41:46 - [TEST_STEP][PASSED] - click(findTestObject("Object Repository/object_reservation/Page_Paradise 4 Paws  Dog Boarding Cat Boar_35fe2b/button_Go to CheckOut")): Object: 'Object Repository/object_reservation/Page_Paradise 4 Paws  Dog Boarding Cat Boar_35fe2b/button_Go to CheckOut' is clicked on

2019-12-16 08:41:48 - [MESSAGE][PASSED] - Object: 'Object Repository/object_reservation/Page_Paradise 4 Paws  Dog Boarding Cat Boar_35fe2b/button_Go to CheckOut' is clicked on

2019-12-16 08:41:48 - [TEST_STEP][PASSED] - delay(2): Delayed 2 second(s)

2019-12-16 08:41:50 - [MESSAGE][PASSED] - Delayed 2 second(s)

2019-12-16 08:41:50 - [TEST_STEP][PASSED] - log.logInfo(getText(findTestObject("Object Repository/object_reservation/Page_Paradise 4 Paws  Dog Boarding Cat Boar_35fe2b/span_( BK )"))): ( BK )

2019-12-16 08:41:51 - [MESSAGE][PASSED] - Text of object 'Object Repository/object_reservation/Page_Paradise 4 Paws  Dog Boarding Cat Boar_35fe2b/span_( BK )' is: '( BK )'

2019-12-16 08:41:51 - [MESSAGE][INFO] - ( BK )

2019-12-16 08:41:51 - [TEST_STEP][PASSED] - var_url = getUrl(): Current window's url is: 'https://p4p-qa-bg.aws.paradise4paws.com/frontdesk/checkout/1702529/?parent_id=122350'

2019-12-16 08:41:51 - [MESSAGE][PASSED] - Current window's url is: 'https://p4p-qa-bg.aws.paradise4paws.com/frontdesk/checkout/1702529/?parent_id=122350'

2019-12-16 08:41:51 - [TEST_STEP][PASSED] - arrayUrl = var_url.split("/"): null

2019-12-16 08:41:51 - [TEST_STEP][PASSED] - var = Integer.parseInt(var_idRowRes): null

2019-12-16 08:41:51 - [TEST_STEP][PASSED] - verifyElementText(findTestObject("Object Repository/object_reservation/Page_Paradise 4 Paws  Dog Boarding Cat Boar_35fe2b/span_( BK )"), "( BK )", STOP_ON_FAILURE): Actual text and expected text of test object 'Object Repository/object_reservation/Page_Paradise 4 Paws  Dog Boarding Cat Boar_35fe2b/span_( BK )' are matched.

2019-12-16 08:41:51 - [MESSAGE][PASSED] - Actual text and expected text of test object 'Object Repository/object_reservation/Page_Paradise 4 Paws  Dog Boarding Cat Boar_35fe2b/span_( BK )' are matched.

2019-12-16 08:41:51 - [TEST_STEP][PASSED] - fis = new java.io.FileInputStream(/home/leonardo-arkusmty/Desktop/P4P/DATA_AUTOMATINTESTING/data_1newReservationSpaService.xlsx): null

2019-12-16 08:41:51 - [TEST_STEP][PASSED] - workbook = new org.apache.poi.xssf.usermodel.XSSFWorkbook(fis): null

2019-12-16 08:41:51 - [TEST_STEP][PASSED] - sheet = workbook.getSheet("Sheet1"): null

2019-12-16 08:41:51 - [TEST_STEP][PASSED] - rowCount = var_row: null

2019-12-16 08:41:51 - [TEST_STEP][PASSED] - row = sheet.getRow(var): null

2019-12-16 08:41:51 - [TEST_STEP][PASSED] - cell = row.createCell(15, 0): null

2019-12-16 08:41:51 - [TEST_STEP][PASSED] - cell.setCellType(CELL_TYPE_STRING): null

2019-12-16 08:41:51 - [TEST_STEP][PASSED] - cell.setCellValue(arrayUrl[5]): null

2019-12-16 08:41:51 - [TEST_STEP][PASSED] - cell2 = row.createCell(16, 0): null

2019-12-16 08:41:51 - [TEST_STEP][PASSED] - cell2.setCellType(CELL_TYPE_STRING): null

2019-12-16 08:41:51 - [TEST_STEP][PASSED] - cell2.setCellValue(getText(findTestObject("Object Repository/object_reservation/Page_Paradise 4 Paws  Dog Boarding Cat Boar_35fe2b/span_( BK )"))): Text of object 'Object Repository/object_reservation/Page_Paradise 4 Paws  Dog Boarding Cat Boar_35fe2b/span_( BK )' is: '( BK )'

2019-12-16 08:41:51 - [MESSAGE][PASSED] - Text of object 'Object Repository/object_reservation/Page_Paradise 4 Paws  Dog Boarding Cat Boar_35fe2b/span_( BK )' is: '( BK )'

2019-12-16 08:41:51 - [TEST_STEP][PASSED] - fos = new java.io.FileOutputStream(/home/leonardo-arkusmty/Desktop/P4P/DATA_AUTOMATINTESTING/data_1newReservationSpaService.xlsx): null

2019-12-16 08:41:51 - [TEST_STEP][PASSED] - workbook.write(fos): null

2019-12-16 08:41:51 - [TEST_STEP][PASSED] - fos.close(): null

2019-12-16 08:41:51 - [TEST_STEP][PASSED] - delay(1): Delayed 1 second(s)

2019-12-16 08:41:52 - [MESSAGE][PASSED] - Delayed 1 second(s)

2019-12-16 08:41:52 - [TEST_STEP][PASSED] - (var_row++): null]]></system-out>
         <system-err><![CDATA[]]></system-err>
      </testcase>
      <system-out><![CDATA[2019-12-16 08:38:11 - [TEST_SUITE][PASSED] - ts_newReservationSpaservice: Test Cases/p4p_newReservationSpaService]]></system-out>
      <system-err><![CDATA[]]></system-err>
   </testsuite>
</testsuites>
