<?xml version="1.0" encoding="UTF-8"?>
<testsuites name="ts_newReservationBoarding" time="1.346" tests="3" failures="0" errors="3">
   <testsuite name="ts_newReservationBoarding" tests="3" failures="0" errors="3" time="1.346" timestamp="2019-12-17 09:18:39" hostname="leonardo-arkusmty - leonardoarkusmty-Inspiron-5577" id="Test Suites/ts_newReservationBoarding">
      <properties>
         <property name="deviceName" value=""/>
         <property name="devicePlatform" value=""/>
         <property name="logFolder" value="/home/leonardo-arkusmty/Documents/workspaceKatalon/p4ptest/Reports/20191217_091837/ts_newReservationBoarding/20191217_091837"/>
         <property name="logFiles" value="/home/leonardo-arkusmty/Documents/workspaceKatalon/p4ptest/Reports/20191217_091837/ts_newReservationBoarding/20191217_091837/execution0.log"/>
         <property name="attachments" value=""/>
         <property name="hostName" value="leonardo-arkusmty - leonardoarkusmty-Inspiron-5577"/>
         <property name="hostAddress" value="127.0.1.1"/>
         <property name="os" value="Linux 64bit"/>
         <property name="katalonVersion" value="7.0.8.1"/>
      </properties>
      <testcase name="Test Cases/p4p_newReservationBoarding" time="0.434" classname="Test Cases/p4p_newReservationBoarding" status="ERROR">
         <error type="ERROR" message="Test Cases/p4p_newReservationBoarding FAILED.
Reason:
org.codehaus.groovy.control.MultipleCompilationErrorsException: startup failed:
file:/home/leonardo-arkusmty/Documents/workspaceKatalon/p4ptest/Scripts/p4p_newReservationBoarding/Script1576482987688.groovy: 690: The current scope already contains a variable of the name fis
 @ line 690, column 18.
   	FileInputStream fis = new FileInputStream('/home/leonardo-arkusmty/Desktop/P4P/DATA_AUTOMATINTESTING/data_2cancelReservation.xlsx')
                    ^

file:/home/leonardo-arkusmty/Documents/workspaceKatalon/p4ptest/Scripts/p4p_newReservationBoarding/Script1576482987688.groovy: 691: The current scope already contains a variable of the name workbook
 @ line 691, column 15.
   	XSSFWorkbook workbook = new XSSFWorkbook(fis)
                 ^

file:/home/leonardo-arkusmty/Documents/workspaceKatalon/p4ptest/Scripts/p4p_newReservationBoarding/Script1576482987688.groovy: 692: The current scope already contains a variable of the name sheet
 @ line 692, column 12.
   	XSSFSheet sheet = workbook.getSheet('Sheet1')	
              ^

file:/home/leonardo-arkusmty/Documents/workspaceKatalon/p4ptest/Scripts/p4p_newReservationBoarding/Script1576482987688.groovy: 693: The current scope already contains a variable of the name row
 @ line 693, column 6.
   	Row row = sheet.getRow(var)
        ^

file:/home/leonardo-arkusmty/Documents/workspaceKatalon/p4ptest/Scripts/p4p_newReservationBoarding/Script1576482987688.groovy: 694: The current scope already contains a variable of the name cell
 @ line 694, column 7.
   	Cell cell = row.createCell(9,0)
         ^

file:/home/leonardo-arkusmty/Documents/workspaceKatalon/p4ptest/Scripts/p4p_newReservationBoarding/Script1576482987688.groovy: 697: The current scope already contains a variable of the name fos
 @ line 697, column 19.
   	FileOutputStream fos = new FileOutputStream('/home/leonardo-arkusmty/Desktop/P4P/DATA_AUTOMATINTESTING/data_2cancelReservation.xlsx')
                     ^

6 errors

	at com.kms.katalon.core.main.ScriptEngine.getScript(ScriptEngine.java:199)
	at com.kms.katalon.core.main.ScriptEngine.run(ScriptEngine.java:194)
	at com.kms.katalon.core.main.ScriptEngine.runScriptAsRawText(ScriptEngine.java:119)
	at com.kms.katalon.core.main.TestCaseExecutor.runScript(TestCaseExecutor.java:337)
	at com.kms.katalon.core.main.TestCaseExecutor.doExecute(TestCaseExecutor.java:328)
	at com.kms.katalon.core.main.TestCaseExecutor.processExecutionPhase(TestCaseExecutor.java:307)
	at com.kms.katalon.core.main.TestCaseExecutor.accessMainPhase(TestCaseExecutor.java:299)
	at com.kms.katalon.core.main.TestCaseExecutor.execute(TestCaseExecutor.java:233)
	at com.kms.katalon.core.main.TestSuiteExecutor.accessTestCaseMainPhase(TestSuiteExecutor.java:169)
	at com.kms.katalon.core.main.TestSuiteExecutor.accessTestSuiteMainPhase(TestSuiteExecutor.java:142)
	at com.kms.katalon.core.main.TestSuiteExecutor.execute(TestSuiteExecutor.java:91)
	at com.kms.katalon.core.main.TestCaseMain.startTestSuite(TestCaseMain.java:157)
	at com.kms.katalon.core.main.TestCaseMain$startTestSuite$0.call(Unknown Source)
	at TempTestSuite1576595917617.run(TempTestSuite1576595917617.groovy:36)
"/>
         <system-out><![CDATA[2019-12-17 09:18:39 - [TEST_CASE][ERROR] - Test Cases/p4p_newReservationBoarding: Test Cases/p4p_newReservationBoarding FAILED.
Reason:
org.codehaus.groovy.control.MultipleCompilationErrorsException: startup failed:
file:/home/leonardo-arkusmty/Documents/workspaceKatalon/p4ptest/Scripts/p4p_newReservationBoarding/Script1576482987688.groovy: 690: The current scope already contains a variable of the name fis
 @ line 690, column 18.
   	FileInputStream fis = new FileInputStream('/home/leonardo-arkusmty/Desktop/P4P/DATA_AUTOMATINTESTING/data_2cancelReservation.xlsx')
                    ^

file:/home/leonardo-arkusmty/Documents/workspaceKatalon/p4ptest/Scripts/p4p_newReservationBoarding/Script1576482987688.groovy: 691: The current scope already contains a variable of the name workbook
 @ line 691, column 15.
   	XSSFWorkbook workbook = new XSSFWorkbook(fis)
                 ^

file:/home/leonardo-arkusmty/Documents/workspaceKatalon/p4ptest/Scripts/p4p_newReservationBoarding/Script1576482987688.groovy: 692: The current scope already contains a variable of the name sheet
 @ line 692, column 12.
   	XSSFSheet sheet = workbook.getSheet('Sheet1')	
              ^

file:/home/leonardo-arkusmty/Documents/workspaceKatalon/p4ptest/Scripts/p4p_newReservationBoarding/Script1576482987688.groovy: 693: The current scope already contains a variable of the name row
 @ line 693, column 6.
   	Row row = sheet.getRow(var)
        ^

file:/home/leonardo-arkusmty/Documents/workspaceKatalon/p4ptest/Scripts/p4p_newReservationBoarding/Script1576482987688.groovy: 694: The current scope already contains a variable of the name cell
 @ line 694, column 7.
   	Cell cell = row.createCell(9,0)
         ^

file:/home/leonardo-arkusmty/Documents/workspaceKatalon/p4ptest/Scripts/p4p_newReservationBoarding/Script1576482987688.groovy: 697: The current scope already contains a variable of the name fos
 @ line 697, column 19.
   	FileOutputStream fos = new FileOutputStream('/home/leonardo-arkusmty/Desktop/P4P/DATA_AUTOMATINTESTING/data_2cancelReservation.xlsx')
                     ^

6 errors

	at com.kms.katalon.core.main.ScriptEngine.getScript(ScriptEngine.java:199)
	at com.kms.katalon.core.main.ScriptEngine.run(ScriptEngine.java:194)
	at com.kms.katalon.core.main.ScriptEngine.runScriptAsRawText(ScriptEngine.java:119)
	at com.kms.katalon.core.main.TestCaseExecutor.runScript(TestCaseExecutor.java:337)
	at com.kms.katalon.core.main.TestCaseExecutor.doExecute(TestCaseExecutor.java:328)
	at com.kms.katalon.core.main.TestCaseExecutor.processExecutionPhase(TestCaseExecutor.java:307)
	at com.kms.katalon.core.main.TestCaseExecutor.accessMainPhase(TestCaseExecutor.java:299)
	at com.kms.katalon.core.main.TestCaseExecutor.execute(TestCaseExecutor.java:233)
	at com.kms.katalon.core.main.TestSuiteExecutor.accessTestCaseMainPhase(TestSuiteExecutor.java:169)
	at com.kms.katalon.core.main.TestSuiteExecutor.accessTestSuiteMainPhase(TestSuiteExecutor.java:142)
	at com.kms.katalon.core.main.TestSuiteExecutor.execute(TestSuiteExecutor.java:91)
	at com.kms.katalon.core.main.TestCaseMain.startTestSuite(TestCaseMain.java:157)
	at com.kms.katalon.core.main.TestCaseMain$startTestSuite$0.call(Unknown Source)
	at TempTestSuite1576595917617.run(TempTestSuite1576595917617.groovy:36)]]></system-out>
         <system-err><![CDATA[2019-12-17 09:18:39 - [TEST_CASE][ERROR] - Test Cases/p4p_newReservationBoarding: Test Cases/p4p_newReservationBoarding FAILED.
Reason:
org.codehaus.groovy.control.MultipleCompilationErrorsException: startup failed:
file:/home/leonardo-arkusmty/Documents/workspaceKatalon/p4ptest/Scripts/p4p_newReservationBoarding/Script1576482987688.groovy: 690: The current scope already contains a variable of the name fis
 @ line 690, column 18.
   	FileInputStream fis = new FileInputStream('/home/leonardo-arkusmty/Desktop/P4P/DATA_AUTOMATINTESTING/data_2cancelReservation.xlsx')
                    ^

file:/home/leonardo-arkusmty/Documents/workspaceKatalon/p4ptest/Scripts/p4p_newReservationBoarding/Script1576482987688.groovy: 691: The current scope already contains a variable of the name workbook
 @ line 691, column 15.
   	XSSFWorkbook workbook = new XSSFWorkbook(fis)
                 ^

file:/home/leonardo-arkusmty/Documents/workspaceKatalon/p4ptest/Scripts/p4p_newReservationBoarding/Script1576482987688.groovy: 692: The current scope already contains a variable of the name sheet
 @ line 692, column 12.
   	XSSFSheet sheet = workbook.getSheet('Sheet1')	
              ^

file:/home/leonardo-arkusmty/Documents/workspaceKatalon/p4ptest/Scripts/p4p_newReservationBoarding/Script1576482987688.groovy: 693: The current scope already contains a variable of the name row
 @ line 693, column 6.
   	Row row = sheet.getRow(var)
        ^

file:/home/leonardo-arkusmty/Documents/workspaceKatalon/p4ptest/Scripts/p4p_newReservationBoarding/Script1576482987688.groovy: 694: The current scope already contains a variable of the name cell
 @ line 694, column 7.
   	Cell cell = row.createCell(9,0)
         ^

file:/home/leonardo-arkusmty/Documents/workspaceKatalon/p4ptest/Scripts/p4p_newReservationBoarding/Script1576482987688.groovy: 697: The current scope already contains a variable of the name fos
 @ line 697, column 19.
   	FileOutputStream fos = new FileOutputStream('/home/leonardo-arkusmty/Desktop/P4P/DATA_AUTOMATINTESTING/data_2cancelReservation.xlsx')
                     ^

6 errors

	at com.kms.katalon.core.main.ScriptEngine.getScript(ScriptEngine.java:199)
	at com.kms.katalon.core.main.ScriptEngine.run(ScriptEngine.java:194)
	at com.kms.katalon.core.main.ScriptEngine.runScriptAsRawText(ScriptEngine.java:119)
	at com.kms.katalon.core.main.TestCaseExecutor.runScript(TestCaseExecutor.java:337)
	at com.kms.katalon.core.main.TestCaseExecutor.doExecute(TestCaseExecutor.java:328)
	at com.kms.katalon.core.main.TestCaseExecutor.processExecutionPhase(TestCaseExecutor.java:307)
	at com.kms.katalon.core.main.TestCaseExecutor.accessMainPhase(TestCaseExecutor.java:299)
	at com.kms.katalon.core.main.TestCaseExecutor.execute(TestCaseExecutor.java:233)
	at com.kms.katalon.core.main.TestSuiteExecutor.accessTestCaseMainPhase(TestSuiteExecutor.java:169)
	at com.kms.katalon.core.main.TestSuiteExecutor.accessTestSuiteMainPhase(TestSuiteExecutor.java:142)
	at com.kms.katalon.core.main.TestSuiteExecutor.execute(TestSuiteExecutor.java:91)
	at com.kms.katalon.core.main.TestCaseMain.startTestSuite(TestCaseMain.java:157)
	at com.kms.katalon.core.main.TestCaseMain$startTestSuite$0.call(Unknown Source)
	at TempTestSuite1576595917617.run(TempTestSuite1576595917617.groovy:36)]]></system-err>
      </testcase>
      <testcase name="Test Cases/p4p_newReservationBoarding" time="0.231" classname="Test Cases/p4p_newReservationBoarding" status="ERROR">
         <error type="ERROR" message="Test Cases/p4p_newReservationBoarding FAILED.
Reason:
org.codehaus.groovy.control.MultipleCompilationErrorsException: startup failed:
file:/home/leonardo-arkusmty/Documents/workspaceKatalon/p4ptest/Scripts/p4p_newReservationBoarding/Script1576482987688.groovy: 690: The current scope already contains a variable of the name fis
 @ line 690, column 18.
   	FileInputStream fis = new FileInputStream('/home/leonardo-arkusmty/Desktop/P4P/DATA_AUTOMATINTESTING/data_2cancelReservation.xlsx')
                    ^

file:/home/leonardo-arkusmty/Documents/workspaceKatalon/p4ptest/Scripts/p4p_newReservationBoarding/Script1576482987688.groovy: 691: The current scope already contains a variable of the name workbook
 @ line 691, column 15.
   	XSSFWorkbook workbook = new XSSFWorkbook(fis)
                 ^

file:/home/leonardo-arkusmty/Documents/workspaceKatalon/p4ptest/Scripts/p4p_newReservationBoarding/Script1576482987688.groovy: 692: The current scope already contains a variable of the name sheet
 @ line 692, column 12.
   	XSSFSheet sheet = workbook.getSheet('Sheet1')	
              ^

file:/home/leonardo-arkusmty/Documents/workspaceKatalon/p4ptest/Scripts/p4p_newReservationBoarding/Script1576482987688.groovy: 693: The current scope already contains a variable of the name row
 @ line 693, column 6.
   	Row row = sheet.getRow(var)
        ^

file:/home/leonardo-arkusmty/Documents/workspaceKatalon/p4ptest/Scripts/p4p_newReservationBoarding/Script1576482987688.groovy: 694: The current scope already contains a variable of the name cell
 @ line 694, column 7.
   	Cell cell = row.createCell(9,0)
         ^

file:/home/leonardo-arkusmty/Documents/workspaceKatalon/p4ptest/Scripts/p4p_newReservationBoarding/Script1576482987688.groovy: 697: The current scope already contains a variable of the name fos
 @ line 697, column 19.
   	FileOutputStream fos = new FileOutputStream('/home/leonardo-arkusmty/Desktop/P4P/DATA_AUTOMATINTESTING/data_2cancelReservation.xlsx')
                     ^

6 errors

	at com.kms.katalon.core.main.ScriptEngine.getScript(ScriptEngine.java:199)
	at com.kms.katalon.core.main.ScriptEngine.run(ScriptEngine.java:194)
	at com.kms.katalon.core.main.ScriptEngine.runScriptAsRawText(ScriptEngine.java:119)
	at com.kms.katalon.core.main.TestCaseExecutor.runScript(TestCaseExecutor.java:337)
	at com.kms.katalon.core.main.TestCaseExecutor.doExecute(TestCaseExecutor.java:328)
	at com.kms.katalon.core.main.TestCaseExecutor.processExecutionPhase(TestCaseExecutor.java:307)
	at com.kms.katalon.core.main.TestCaseExecutor.accessMainPhase(TestCaseExecutor.java:299)
	at com.kms.katalon.core.main.TestCaseExecutor.execute(TestCaseExecutor.java:233)
	at com.kms.katalon.core.main.TestSuiteExecutor.accessTestCaseMainPhase(TestSuiteExecutor.java:169)
	at com.kms.katalon.core.main.TestSuiteExecutor.accessTestSuiteMainPhase(TestSuiteExecutor.java:142)
	at com.kms.katalon.core.main.TestSuiteExecutor.execute(TestSuiteExecutor.java:91)
	at com.kms.katalon.core.main.TestCaseMain.startTestSuite(TestCaseMain.java:157)
	at com.kms.katalon.core.main.TestCaseMain$startTestSuite$0.call(Unknown Source)
	at TempTestSuite1576595917617.run(TempTestSuite1576595917617.groovy:36)
"/>
         <system-out><![CDATA[2019-12-17 09:18:40 - [TEST_CASE][ERROR] - Test Cases/p4p_newReservationBoarding: Test Cases/p4p_newReservationBoarding FAILED.
Reason:
org.codehaus.groovy.control.MultipleCompilationErrorsException: startup failed:
file:/home/leonardo-arkusmty/Documents/workspaceKatalon/p4ptest/Scripts/p4p_newReservationBoarding/Script1576482987688.groovy: 690: The current scope already contains a variable of the name fis
 @ line 690, column 18.
   	FileInputStream fis = new FileInputStream('/home/leonardo-arkusmty/Desktop/P4P/DATA_AUTOMATINTESTING/data_2cancelReservation.xlsx')
                    ^

file:/home/leonardo-arkusmty/Documents/workspaceKatalon/p4ptest/Scripts/p4p_newReservationBoarding/Script1576482987688.groovy: 691: The current scope already contains a variable of the name workbook
 @ line 691, column 15.
   	XSSFWorkbook workbook = new XSSFWorkbook(fis)
                 ^

file:/home/leonardo-arkusmty/Documents/workspaceKatalon/p4ptest/Scripts/p4p_newReservationBoarding/Script1576482987688.groovy: 692: The current scope already contains a variable of the name sheet
 @ line 692, column 12.
   	XSSFSheet sheet = workbook.getSheet('Sheet1')	
              ^

file:/home/leonardo-arkusmty/Documents/workspaceKatalon/p4ptest/Scripts/p4p_newReservationBoarding/Script1576482987688.groovy: 693: The current scope already contains a variable of the name row
 @ line 693, column 6.
   	Row row = sheet.getRow(var)
        ^

file:/home/leonardo-arkusmty/Documents/workspaceKatalon/p4ptest/Scripts/p4p_newReservationBoarding/Script1576482987688.groovy: 694: The current scope already contains a variable of the name cell
 @ line 694, column 7.
   	Cell cell = row.createCell(9,0)
         ^

file:/home/leonardo-arkusmty/Documents/workspaceKatalon/p4ptest/Scripts/p4p_newReservationBoarding/Script1576482987688.groovy: 697: The current scope already contains a variable of the name fos
 @ line 697, column 19.
   	FileOutputStream fos = new FileOutputStream('/home/leonardo-arkusmty/Desktop/P4P/DATA_AUTOMATINTESTING/data_2cancelReservation.xlsx')
                     ^

6 errors

	at com.kms.katalon.core.main.ScriptEngine.getScript(ScriptEngine.java:199)
	at com.kms.katalon.core.main.ScriptEngine.run(ScriptEngine.java:194)
	at com.kms.katalon.core.main.ScriptEngine.runScriptAsRawText(ScriptEngine.java:119)
	at com.kms.katalon.core.main.TestCaseExecutor.runScript(TestCaseExecutor.java:337)
	at com.kms.katalon.core.main.TestCaseExecutor.doExecute(TestCaseExecutor.java:328)
	at com.kms.katalon.core.main.TestCaseExecutor.processExecutionPhase(TestCaseExecutor.java:307)
	at com.kms.katalon.core.main.TestCaseExecutor.accessMainPhase(TestCaseExecutor.java:299)
	at com.kms.katalon.core.main.TestCaseExecutor.execute(TestCaseExecutor.java:233)
	at com.kms.katalon.core.main.TestSuiteExecutor.accessTestCaseMainPhase(TestSuiteExecutor.java:169)
	at com.kms.katalon.core.main.TestSuiteExecutor.accessTestSuiteMainPhase(TestSuiteExecutor.java:142)
	at com.kms.katalon.core.main.TestSuiteExecutor.execute(TestSuiteExecutor.java:91)
	at com.kms.katalon.core.main.TestCaseMain.startTestSuite(TestCaseMain.java:157)
	at com.kms.katalon.core.main.TestCaseMain$startTestSuite$0.call(Unknown Source)
	at TempTestSuite1576595917617.run(TempTestSuite1576595917617.groovy:36)]]></system-out>
         <system-err><![CDATA[2019-12-17 09:18:40 - [TEST_CASE][ERROR] - Test Cases/p4p_newReservationBoarding: Test Cases/p4p_newReservationBoarding FAILED.
Reason:
org.codehaus.groovy.control.MultipleCompilationErrorsException: startup failed:
file:/home/leonardo-arkusmty/Documents/workspaceKatalon/p4ptest/Scripts/p4p_newReservationBoarding/Script1576482987688.groovy: 690: The current scope already contains a variable of the name fis
 @ line 690, column 18.
   	FileInputStream fis = new FileInputStream('/home/leonardo-arkusmty/Desktop/P4P/DATA_AUTOMATINTESTING/data_2cancelReservation.xlsx')
                    ^

file:/home/leonardo-arkusmty/Documents/workspaceKatalon/p4ptest/Scripts/p4p_newReservationBoarding/Script1576482987688.groovy: 691: The current scope already contains a variable of the name workbook
 @ line 691, column 15.
   	XSSFWorkbook workbook = new XSSFWorkbook(fis)
                 ^

file:/home/leonardo-arkusmty/Documents/workspaceKatalon/p4ptest/Scripts/p4p_newReservationBoarding/Script1576482987688.groovy: 692: The current scope already contains a variable of the name sheet
 @ line 692, column 12.
   	XSSFSheet sheet = workbook.getSheet('Sheet1')	
              ^

file:/home/leonardo-arkusmty/Documents/workspaceKatalon/p4ptest/Scripts/p4p_newReservationBoarding/Script1576482987688.groovy: 693: The current scope already contains a variable of the name row
 @ line 693, column 6.
   	Row row = sheet.getRow(var)
        ^

file:/home/leonardo-arkusmty/Documents/workspaceKatalon/p4ptest/Scripts/p4p_newReservationBoarding/Script1576482987688.groovy: 694: The current scope already contains a variable of the name cell
 @ line 694, column 7.
   	Cell cell = row.createCell(9,0)
         ^

file:/home/leonardo-arkusmty/Documents/workspaceKatalon/p4ptest/Scripts/p4p_newReservationBoarding/Script1576482987688.groovy: 697: The current scope already contains a variable of the name fos
 @ line 697, column 19.
   	FileOutputStream fos = new FileOutputStream('/home/leonardo-arkusmty/Desktop/P4P/DATA_AUTOMATINTESTING/data_2cancelReservation.xlsx')
                     ^

6 errors

	at com.kms.katalon.core.main.ScriptEngine.getScript(ScriptEngine.java:199)
	at com.kms.katalon.core.main.ScriptEngine.run(ScriptEngine.java:194)
	at com.kms.katalon.core.main.ScriptEngine.runScriptAsRawText(ScriptEngine.java:119)
	at com.kms.katalon.core.main.TestCaseExecutor.runScript(TestCaseExecutor.java:337)
	at com.kms.katalon.core.main.TestCaseExecutor.doExecute(TestCaseExecutor.java:328)
	at com.kms.katalon.core.main.TestCaseExecutor.processExecutionPhase(TestCaseExecutor.java:307)
	at com.kms.katalon.core.main.TestCaseExecutor.accessMainPhase(TestCaseExecutor.java:299)
	at com.kms.katalon.core.main.TestCaseExecutor.execute(TestCaseExecutor.java:233)
	at com.kms.katalon.core.main.TestSuiteExecutor.accessTestCaseMainPhase(TestSuiteExecutor.java:169)
	at com.kms.katalon.core.main.TestSuiteExecutor.accessTestSuiteMainPhase(TestSuiteExecutor.java:142)
	at com.kms.katalon.core.main.TestSuiteExecutor.execute(TestSuiteExecutor.java:91)
	at com.kms.katalon.core.main.TestCaseMain.startTestSuite(TestCaseMain.java:157)
	at com.kms.katalon.core.main.TestCaseMain$startTestSuite$0.call(Unknown Source)
	at TempTestSuite1576595917617.run(TempTestSuite1576595917617.groovy:36)]]></system-err>
      </testcase>
      <testcase name="Test Cases/p4p_newReservationBoarding" time="0.188" classname="Test Cases/p4p_newReservationBoarding" status="ERROR">
         <error type="ERROR" message="Test Cases/p4p_newReservationBoarding FAILED.
Reason:
org.codehaus.groovy.control.MultipleCompilationErrorsException: startup failed:
file:/home/leonardo-arkusmty/Documents/workspaceKatalon/p4ptest/Scripts/p4p_newReservationBoarding/Script1576482987688.groovy: 690: The current scope already contains a variable of the name fis
 @ line 690, column 18.
   	FileInputStream fis = new FileInputStream('/home/leonardo-arkusmty/Desktop/P4P/DATA_AUTOMATINTESTING/data_2cancelReservation.xlsx')
                    ^

file:/home/leonardo-arkusmty/Documents/workspaceKatalon/p4ptest/Scripts/p4p_newReservationBoarding/Script1576482987688.groovy: 691: The current scope already contains a variable of the name workbook
 @ line 691, column 15.
   	XSSFWorkbook workbook = new XSSFWorkbook(fis)
                 ^

file:/home/leonardo-arkusmty/Documents/workspaceKatalon/p4ptest/Scripts/p4p_newReservationBoarding/Script1576482987688.groovy: 692: The current scope already contains a variable of the name sheet
 @ line 692, column 12.
   	XSSFSheet sheet = workbook.getSheet('Sheet1')	
              ^

file:/home/leonardo-arkusmty/Documents/workspaceKatalon/p4ptest/Scripts/p4p_newReservationBoarding/Script1576482987688.groovy: 693: The current scope already contains a variable of the name row
 @ line 693, column 6.
   	Row row = sheet.getRow(var)
        ^

file:/home/leonardo-arkusmty/Documents/workspaceKatalon/p4ptest/Scripts/p4p_newReservationBoarding/Script1576482987688.groovy: 694: The current scope already contains a variable of the name cell
 @ line 694, column 7.
   	Cell cell = row.createCell(9,0)
         ^

file:/home/leonardo-arkusmty/Documents/workspaceKatalon/p4ptest/Scripts/p4p_newReservationBoarding/Script1576482987688.groovy: 697: The current scope already contains a variable of the name fos
 @ line 697, column 19.
   	FileOutputStream fos = new FileOutputStream('/home/leonardo-arkusmty/Desktop/P4P/DATA_AUTOMATINTESTING/data_2cancelReservation.xlsx')
                     ^

6 errors

	at com.kms.katalon.core.main.ScriptEngine.getScript(ScriptEngine.java:199)
	at com.kms.katalon.core.main.ScriptEngine.run(ScriptEngine.java:194)
	at com.kms.katalon.core.main.ScriptEngine.runScriptAsRawText(ScriptEngine.java:119)
	at com.kms.katalon.core.main.TestCaseExecutor.runScript(TestCaseExecutor.java:337)
	at com.kms.katalon.core.main.TestCaseExecutor.doExecute(TestCaseExecutor.java:328)
	at com.kms.katalon.core.main.TestCaseExecutor.processExecutionPhase(TestCaseExecutor.java:307)
	at com.kms.katalon.core.main.TestCaseExecutor.accessMainPhase(TestCaseExecutor.java:299)
	at com.kms.katalon.core.main.TestCaseExecutor.execute(TestCaseExecutor.java:233)
	at com.kms.katalon.core.main.TestSuiteExecutor.accessTestCaseMainPhase(TestSuiteExecutor.java:169)
	at com.kms.katalon.core.main.TestSuiteExecutor.accessTestSuiteMainPhase(TestSuiteExecutor.java:142)
	at com.kms.katalon.core.main.TestSuiteExecutor.execute(TestSuiteExecutor.java:91)
	at com.kms.katalon.core.main.TestCaseMain.startTestSuite(TestCaseMain.java:157)
	at com.kms.katalon.core.main.TestCaseMain$startTestSuite$0.call(Unknown Source)
	at TempTestSuite1576595917617.run(TempTestSuite1576595917617.groovy:36)
"/>
         <system-out><![CDATA[2019-12-17 09:18:40 - [TEST_CASE][ERROR] - Test Cases/p4p_newReservationBoarding: Test Cases/p4p_newReservationBoarding FAILED.
Reason:
org.codehaus.groovy.control.MultipleCompilationErrorsException: startup failed:
file:/home/leonardo-arkusmty/Documents/workspaceKatalon/p4ptest/Scripts/p4p_newReservationBoarding/Script1576482987688.groovy: 690: The current scope already contains a variable of the name fis
 @ line 690, column 18.
   	FileInputStream fis = new FileInputStream('/home/leonardo-arkusmty/Desktop/P4P/DATA_AUTOMATINTESTING/data_2cancelReservation.xlsx')
                    ^

file:/home/leonardo-arkusmty/Documents/workspaceKatalon/p4ptest/Scripts/p4p_newReservationBoarding/Script1576482987688.groovy: 691: The current scope already contains a variable of the name workbook
 @ line 691, column 15.
   	XSSFWorkbook workbook = new XSSFWorkbook(fis)
                 ^

file:/home/leonardo-arkusmty/Documents/workspaceKatalon/p4ptest/Scripts/p4p_newReservationBoarding/Script1576482987688.groovy: 692: The current scope already contains a variable of the name sheet
 @ line 692, column 12.
   	XSSFSheet sheet = workbook.getSheet('Sheet1')	
              ^

file:/home/leonardo-arkusmty/Documents/workspaceKatalon/p4ptest/Scripts/p4p_newReservationBoarding/Script1576482987688.groovy: 693: The current scope already contains a variable of the name row
 @ line 693, column 6.
   	Row row = sheet.getRow(var)
        ^

file:/home/leonardo-arkusmty/Documents/workspaceKatalon/p4ptest/Scripts/p4p_newReservationBoarding/Script1576482987688.groovy: 694: The current scope already contains a variable of the name cell
 @ line 694, column 7.
   	Cell cell = row.createCell(9,0)
         ^

file:/home/leonardo-arkusmty/Documents/workspaceKatalon/p4ptest/Scripts/p4p_newReservationBoarding/Script1576482987688.groovy: 697: The current scope already contains a variable of the name fos
 @ line 697, column 19.
   	FileOutputStream fos = new FileOutputStream('/home/leonardo-arkusmty/Desktop/P4P/DATA_AUTOMATINTESTING/data_2cancelReservation.xlsx')
                     ^

6 errors

	at com.kms.katalon.core.main.ScriptEngine.getScript(ScriptEngine.java:199)
	at com.kms.katalon.core.main.ScriptEngine.run(ScriptEngine.java:194)
	at com.kms.katalon.core.main.ScriptEngine.runScriptAsRawText(ScriptEngine.java:119)
	at com.kms.katalon.core.main.TestCaseExecutor.runScript(TestCaseExecutor.java:337)
	at com.kms.katalon.core.main.TestCaseExecutor.doExecute(TestCaseExecutor.java:328)
	at com.kms.katalon.core.main.TestCaseExecutor.processExecutionPhase(TestCaseExecutor.java:307)
	at com.kms.katalon.core.main.TestCaseExecutor.accessMainPhase(TestCaseExecutor.java:299)
	at com.kms.katalon.core.main.TestCaseExecutor.execute(TestCaseExecutor.java:233)
	at com.kms.katalon.core.main.TestSuiteExecutor.accessTestCaseMainPhase(TestSuiteExecutor.java:169)
	at com.kms.katalon.core.main.TestSuiteExecutor.accessTestSuiteMainPhase(TestSuiteExecutor.java:142)
	at com.kms.katalon.core.main.TestSuiteExecutor.execute(TestSuiteExecutor.java:91)
	at com.kms.katalon.core.main.TestCaseMain.startTestSuite(TestCaseMain.java:157)
	at com.kms.katalon.core.main.TestCaseMain$startTestSuite$0.call(Unknown Source)
	at TempTestSuite1576595917617.run(TempTestSuite1576595917617.groovy:36)]]></system-out>
         <system-err><![CDATA[2019-12-17 09:18:40 - [TEST_CASE][ERROR] - Test Cases/p4p_newReservationBoarding: Test Cases/p4p_newReservationBoarding FAILED.
Reason:
org.codehaus.groovy.control.MultipleCompilationErrorsException: startup failed:
file:/home/leonardo-arkusmty/Documents/workspaceKatalon/p4ptest/Scripts/p4p_newReservationBoarding/Script1576482987688.groovy: 690: The current scope already contains a variable of the name fis
 @ line 690, column 18.
   	FileInputStream fis = new FileInputStream('/home/leonardo-arkusmty/Desktop/P4P/DATA_AUTOMATINTESTING/data_2cancelReservation.xlsx')
                    ^

file:/home/leonardo-arkusmty/Documents/workspaceKatalon/p4ptest/Scripts/p4p_newReservationBoarding/Script1576482987688.groovy: 691: The current scope already contains a variable of the name workbook
 @ line 691, column 15.
   	XSSFWorkbook workbook = new XSSFWorkbook(fis)
                 ^

file:/home/leonardo-arkusmty/Documents/workspaceKatalon/p4ptest/Scripts/p4p_newReservationBoarding/Script1576482987688.groovy: 692: The current scope already contains a variable of the name sheet
 @ line 692, column 12.
   	XSSFSheet sheet = workbook.getSheet('Sheet1')	
              ^

file:/home/leonardo-arkusmty/Documents/workspaceKatalon/p4ptest/Scripts/p4p_newReservationBoarding/Script1576482987688.groovy: 693: The current scope already contains a variable of the name row
 @ line 693, column 6.
   	Row row = sheet.getRow(var)
        ^

file:/home/leonardo-arkusmty/Documents/workspaceKatalon/p4ptest/Scripts/p4p_newReservationBoarding/Script1576482987688.groovy: 694: The current scope already contains a variable of the name cell
 @ line 694, column 7.
   	Cell cell = row.createCell(9,0)
         ^

file:/home/leonardo-arkusmty/Documents/workspaceKatalon/p4ptest/Scripts/p4p_newReservationBoarding/Script1576482987688.groovy: 697: The current scope already contains a variable of the name fos
 @ line 697, column 19.
   	FileOutputStream fos = new FileOutputStream('/home/leonardo-arkusmty/Desktop/P4P/DATA_AUTOMATINTESTING/data_2cancelReservation.xlsx')
                     ^

6 errors

	at com.kms.katalon.core.main.ScriptEngine.getScript(ScriptEngine.java:199)
	at com.kms.katalon.core.main.ScriptEngine.run(ScriptEngine.java:194)
	at com.kms.katalon.core.main.ScriptEngine.runScriptAsRawText(ScriptEngine.java:119)
	at com.kms.katalon.core.main.TestCaseExecutor.runScript(TestCaseExecutor.java:337)
	at com.kms.katalon.core.main.TestCaseExecutor.doExecute(TestCaseExecutor.java:328)
	at com.kms.katalon.core.main.TestCaseExecutor.processExecutionPhase(TestCaseExecutor.java:307)
	at com.kms.katalon.core.main.TestCaseExecutor.accessMainPhase(TestCaseExecutor.java:299)
	at com.kms.katalon.core.main.TestCaseExecutor.execute(TestCaseExecutor.java:233)
	at com.kms.katalon.core.main.TestSuiteExecutor.accessTestCaseMainPhase(TestSuiteExecutor.java:169)
	at com.kms.katalon.core.main.TestSuiteExecutor.accessTestSuiteMainPhase(TestSuiteExecutor.java:142)
	at com.kms.katalon.core.main.TestSuiteExecutor.execute(TestSuiteExecutor.java:91)
	at com.kms.katalon.core.main.TestCaseMain.startTestSuite(TestCaseMain.java:157)
	at com.kms.katalon.core.main.TestCaseMain$startTestSuite$0.call(Unknown Source)
	at TempTestSuite1576595917617.run(TempTestSuite1576595917617.groovy:36)]]></system-err>
      </testcase>
      <system-out><![CDATA[2019-12-17 09:18:39 - [TEST_SUITE][ERROR] - ts_newReservationBoarding: Test Cases/p4p_newReservationBoarding FAILED.
Reason:
org.codehaus.groovy.control.MultipleCompilationErrorsException: startup failed:
file:/home/leonardo-arkusmty/Documents/workspaceKatalon/p4ptest/Scripts/p4p_newReservationBoarding/Script1576482987688.groovy: 690: The current scope already contains a variable of the name fis
 @ line 690, column 18.
   	FileInputStream fis = new FileInputStream('/home/leonardo-arkusmty/Desktop/P4P/DATA_AUTOMATINTESTING/data_2cancelReservation.xlsx')
                    ^

file:/home/leonardo-arkusmty/Documents/workspaceKatalon/p4ptest/Scripts/p4p_newReservationBoarding/Script1576482987688.groovy: 691: The current scope already contains a variable of the name workbook
 @ line 691, column 15.
   	XSSFWorkbook workbook = new XSSFWorkbook(fis)
                 ^

file:/home/leonardo-arkusmty/Documents/workspaceKatalon/p4ptest/Scripts/p4p_newReservationBoarding/Script1576482987688.groovy: 692: The current scope already contains a variable of the name sheet
 @ line 692, column 12.
   	XSSFSheet sheet = workbook.getSheet('Sheet1')	
              ^

file:/home/leonardo-arkusmty/Documents/workspaceKatalon/p4ptest/Scripts/p4p_newReservationBoarding/Script1576482987688.groovy: 693: The current scope already contains a variable of the name row
 @ line 693, column 6.
   	Row row = sheet.getRow(var)
        ^

file:/home/leonardo-arkusmty/Documents/workspaceKatalon/p4ptest/Scripts/p4p_newReservationBoarding/Script1576482987688.groovy: 694: The current scope already contains a variable of the name cell
 @ line 694, column 7.
   	Cell cell = row.createCell(9,0)
         ^

file:/home/leonardo-arkusmty/Documents/workspaceKatalon/p4ptest/Scripts/p4p_newReservationBoarding/Script1576482987688.groovy: 697: The current scope already contains a variable of the name fos
 @ line 697, column 19.
   	FileOutputStream fos = new FileOutputStream('/home/leonardo-arkusmty/Desktop/P4P/DATA_AUTOMATINTESTING/data_2cancelReservation.xlsx')
                     ^

6 errors

	at com.kms.katalon.core.main.ScriptEngine.getScript(ScriptEngine.java:199)
	at com.kms.katalon.core.main.ScriptEngine.run(ScriptEngine.java:194)
	at com.kms.katalon.core.main.ScriptEngine.runScriptAsRawText(ScriptEngine.java:119)
	at com.kms.katalon.core.main.TestCaseExecutor.runScript(TestCaseExecutor.java:337)
	at com.kms.katalon.core.main.TestCaseExecutor.doExecute(TestCaseExecutor.java:328)
	at com.kms.katalon.core.main.TestCaseExecutor.processExecutionPhase(TestCaseExecutor.java:307)
	at com.kms.katalon.core.main.TestCaseExecutor.accessMainPhase(TestCaseExecutor.java:299)
	at com.kms.katalon.core.main.TestCaseExecutor.execute(TestCaseExecutor.java:233)
	at com.kms.katalon.core.main.TestSuiteExecutor.accessTestCaseMainPhase(TestSuiteExecutor.java:169)
	at com.kms.katalon.core.main.TestSuiteExecutor.accessTestSuiteMainPhase(TestSuiteExecutor.java:142)
	at com.kms.katalon.core.main.TestSuiteExecutor.execute(TestSuiteExecutor.java:91)
	at com.kms.katalon.core.main.TestCaseMain.startTestSuite(TestCaseMain.java:157)
	at com.kms.katalon.core.main.TestCaseMain$startTestSuite$0.call(Unknown Source)
	at TempTestSuite1576595917617.run(TempTestSuite1576595917617.groovy:36)]]></system-out>
      <system-err><![CDATA[2019-12-17 09:18:39 - [TEST_SUITE][ERROR] - ts_newReservationBoarding: Test Cases/p4p_newReservationBoarding FAILED.
Reason:
org.codehaus.groovy.control.MultipleCompilationErrorsException: startup failed:
file:/home/leonardo-arkusmty/Documents/workspaceKatalon/p4ptest/Scripts/p4p_newReservationBoarding/Script1576482987688.groovy: 690: The current scope already contains a variable of the name fis
 @ line 690, column 18.
   	FileInputStream fis = new FileInputStream('/home/leonardo-arkusmty/Desktop/P4P/DATA_AUTOMATINTESTING/data_2cancelReservation.xlsx')
                    ^

file:/home/leonardo-arkusmty/Documents/workspaceKatalon/p4ptest/Scripts/p4p_newReservationBoarding/Script1576482987688.groovy: 691: The current scope already contains a variable of the name workbook
 @ line 691, column 15.
   	XSSFWorkbook workbook = new XSSFWorkbook(fis)
                 ^

file:/home/leonardo-arkusmty/Documents/workspaceKatalon/p4ptest/Scripts/p4p_newReservationBoarding/Script1576482987688.groovy: 692: The current scope already contains a variable of the name sheet
 @ line 692, column 12.
   	XSSFSheet sheet = workbook.getSheet('Sheet1')	
              ^

file:/home/leonardo-arkusmty/Documents/workspaceKatalon/p4ptest/Scripts/p4p_newReservationBoarding/Script1576482987688.groovy: 693: The current scope already contains a variable of the name row
 @ line 693, column 6.
   	Row row = sheet.getRow(var)
        ^

file:/home/leonardo-arkusmty/Documents/workspaceKatalon/p4ptest/Scripts/p4p_newReservationBoarding/Script1576482987688.groovy: 694: The current scope already contains a variable of the name cell
 @ line 694, column 7.
   	Cell cell = row.createCell(9,0)
         ^

file:/home/leonardo-arkusmty/Documents/workspaceKatalon/p4ptest/Scripts/p4p_newReservationBoarding/Script1576482987688.groovy: 697: The current scope already contains a variable of the name fos
 @ line 697, column 19.
   	FileOutputStream fos = new FileOutputStream('/home/leonardo-arkusmty/Desktop/P4P/DATA_AUTOMATINTESTING/data_2cancelReservation.xlsx')
                     ^

6 errors

	at com.kms.katalon.core.main.ScriptEngine.getScript(ScriptEngine.java:199)
	at com.kms.katalon.core.main.ScriptEngine.run(ScriptEngine.java:194)
	at com.kms.katalon.core.main.ScriptEngine.runScriptAsRawText(ScriptEngine.java:119)
	at com.kms.katalon.core.main.TestCaseExecutor.runScript(TestCaseExecutor.java:337)
	at com.kms.katalon.core.main.TestCaseExecutor.doExecute(TestCaseExecutor.java:328)
	at com.kms.katalon.core.main.TestCaseExecutor.processExecutionPhase(TestCaseExecutor.java:307)
	at com.kms.katalon.core.main.TestCaseExecutor.accessMainPhase(TestCaseExecutor.java:299)
	at com.kms.katalon.core.main.TestCaseExecutor.execute(TestCaseExecutor.java:233)
	at com.kms.katalon.core.main.TestSuiteExecutor.accessTestCaseMainPhase(TestSuiteExecutor.java:169)
	at com.kms.katalon.core.main.TestSuiteExecutor.accessTestSuiteMainPhase(TestSuiteExecutor.java:142)
	at com.kms.katalon.core.main.TestSuiteExecutor.execute(TestSuiteExecutor.java:91)
	at com.kms.katalon.core.main.TestCaseMain.startTestSuite(TestCaseMain.java:157)
	at com.kms.katalon.core.main.TestCaseMain$startTestSuite$0.call(Unknown Source)
	at TempTestSuite1576595917617.run(TempTestSuite1576595917617.groovy:36)]]></system-err>
   </testsuite>
</testsuites>
