<?xml version="1.0" encoding="UTF-8"?>
<testsuites name="ts_cancelReservationEdit" time="67.078" tests="1" failures="0" errors="0">
   <testsuite name="ts_cancelReservationEdit" tests="1" failures="0" errors="0" time="67.078" timestamp="2019-12-15 21:24:50" hostname="leonardo-arkusmty - leonardoarkusmty-Inspiron-5577" id="Test Suites/ts_cancelReservationEdit">
      <properties>
         <property name="deviceName" value=""/>
         <property name="devicePlatform" value=""/>
         <property name="logFolder" value="/home/leonardo-arkusmty/Documents/workspaceKatalon/p4ptest/Reports/20191215_212449/ts_cancelReservationEdit/20191215_212449"/>
         <property name="logFiles" value="/home/leonardo-arkusmty/Documents/workspaceKatalon/p4ptest/Reports/20191215_212449/ts_cancelReservationEdit/20191215_212449/execution0.log"/>
         <property name="attachments" value=""/>
         <property name="hostName" value="leonardo-arkusmty - leonardoarkusmty-Inspiron-5577"/>
         <property name="os" value="Linux 64bit"/>
         <property name="katalonVersion" value="7.0.8.1"/>
         <property name="browser" value="Firefox 70.0"/>
         <property name="hostAddress" value="127.0.1.1"/>
         <property name="sessionId" value="3f7ffb35-5b34-4309-ac6e-f212d253345c"/>
         <property name="seleniumVersion" value="3.141.59"/>
         <property name="proxyInformation" value="ProxyInformation{proxyOption=NO_PROXY, proxyServerType=HTTP, password=, proxyServerAddress=, proxyServerPort=0}"/>
         <property name="platform" value="Linux"/>
      </properties>
      <testcase name="Test Cases/p4p_cancelReserEdit" time="66.317" classname="Test Cases/p4p_cancelReserEdit" status="PASSED">
         <system-out><![CDATA[2019-12-15 21:24:50 - [TEST_CASE][PASSED] - Test Cases/p4p_cancelReserEdit: Test Cases/p4p_cancelReserEdit

2019-12-15 21:24:51 - [TEST_STEP][PASSED] - openBrowser("https://p4p-qa-bg.aws.paradise4paws.com/login/"): Browser is opened with url: 'https://p4p-qa-bg.aws.paradise4paws.com/login/'

2019-12-15 21:24:51 - [MESSAGE][INFO] - Starting 'Firefox' driver

2019-12-15 21:24:51 - [MESSAGE][INFO] - Action delay is set to 0 seconds

2019-12-15 21:24:56 - [MESSAGE][PASSED] - Browser is opened with url: 'https://p4p-qa-bg.aws.paradise4paws.com/login/'

2019-12-15 21:24:56 - [TEST_STEP][PASSED] - setText(findTestObject("Object Repository/object_login/input_user"), var_user): Text 'jegchavez@gmail.com' is set on object 'Object Repository/object_login/input_user'

2019-12-15 21:24:57 - [MESSAGE][PASSED] - Text 'jegchavez@gmail.com' is set on object 'Object Repository/object_login/input_user'

2019-12-15 21:24:57 - [TEST_STEP][PASSED] - setText(findTestObject("Object Repository/object_login/input_pass"), var_pass): Text 'admin1' is set on object 'Object Repository/object_login/input_pass'

2019-12-15 21:24:57 - [MESSAGE][PASSED] - Text 'admin1' is set on object 'Object Repository/object_login/input_pass'

2019-12-15 21:24:57 - [TEST_STEP][PASSED] - delay(2): Delayed 2 second(s)

2019-12-15 21:24:59 - [MESSAGE][PASSED] - Delayed 2 second(s)

2019-12-15 21:24:59 - [TEST_STEP][PASSED] - verifyElementClickable(findTestObject("Object Repository/object_login/btn_login")): Object 'Object Repository/object_login/btn_login' is clickable

2019-12-15 21:24:59 - [MESSAGE][PASSED] - Object 'Object Repository/object_login/btn_login' is clickable

2019-12-15 21:24:59 - [TEST_STEP][PASSED] - click(findTestObject("Object Repository/object_login/btn_login")): Object: 'Object Repository/object_login/btn_login' is clicked on

2019-12-15 21:25:03 - [MESSAGE][PASSED] - Object: 'Object Repository/object_login/btn_login' is clicked on

2019-12-15 21:25:03 - [TEST_STEP][PASSED] - delay(2): Delayed 2 second(s)

2019-12-15 21:25:05 - [MESSAGE][PASSED] - Delayed 2 second(s)

2019-12-15 21:25:05 - [TEST_STEP][PASSED] - setText(findTestObject("Object Repository/object_dashboard_emp/input_search"), var_mailParent): Text 'test@test.test' is set on object 'Object Repository/object_dashboard_emp/input_search'

2019-12-15 21:25:06 - [MESSAGE][PASSED] - Text 'test@test.test' is set on object 'Object Repository/object_dashboard_emp/input_search'

2019-12-15 21:25:06 - [TEST_STEP][PASSED] - click(findTestObject("Object Repository/object_dashboard_emp/btn_accountSearch")): Object: 'Object Repository/object_dashboard_emp/btn_accountSearch' is clicked on

2019-12-15 21:25:07 - [MESSAGE][PASSED] - Object: 'Object Repository/object_dashboard_emp/btn_accountSearch' is clicked on

2019-12-15 21:25:07 - [TEST_STEP][PASSED] - delay(2): Delayed 2 second(s)

2019-12-15 21:25:09 - [MESSAGE][PASSED] - Delayed 2 second(s)

2019-12-15 21:25:09 - [TEST_STEP][PASSED] - click(findTestObject("object_accountInformation/a_TEST GABRIEL PROD")): Object: 'Object Repository/object_accountInformation/a_TEST GABRIEL PROD' is clicked on

2019-12-15 21:25:14 - [MESSAGE][PASSED] - Object: 'Object Repository/object_accountInformation/a_TEST GABRIEL PROD' is clicked on

2019-12-15 21:25:14 - [TEST_STEP][PASSED] - delay(1): Delayed 1 second(s)

2019-12-15 21:25:15 - [MESSAGE][PASSED] - Delayed 1 second(s)

2019-12-15 21:25:15 - [TEST_STEP][PASSED] - a = var_url1 + var_idReservation + var_url2 + var_idParent: null

2019-12-15 21:25:15 - [TEST_STEP][PASSED] - delay(4): Delayed 4 second(s)

2019-12-15 21:25:19 - [MESSAGE][PASSED] - Delayed 4 second(s)

2019-12-15 21:25:19 - [TEST_STEP][PASSED] - log = new com.kms.katalon.core.logging.KeywordLogger(): null

2019-12-15 21:25:19 - [TEST_STEP][PASSED] - log.logInfo("URL: " + a): URL: https://p4p-qa-bg.aws.paradise4paws.com/frontdesk/reservation/
1702441/?parent_id=97558

2019-12-15 21:25:19 - [MESSAGE][INFO] - URL: https://p4p-qa-bg.aws.paradise4paws.com/frontdesk/reservation/
1702441/?parent_id=97558

2019-12-15 21:25:19 - [TEST_STEP][PASSED] - navigateToUrl(a): Navigate to 'https://p4p-qa-bg.aws.paradise4paws.com/frontdesk/reservation/
1702441/?parent_id=97558' successfully

2019-12-15 21:25:21 - [MESSAGE][PASSED] - Navigate to 'https://p4p-qa-bg.aws.paradise4paws.com/frontdesk/reservation/
1702441/?parent_id=97558' successfully

2019-12-15 21:25:21 - [TEST_STEP][PASSED] - delay(3): Delayed 3 second(s)

2019-12-15 21:25:24 - [MESSAGE][PASSED] - Delayed 3 second(s)

2019-12-15 21:25:24 - [TEST_STEP][PASSED] - click(findTestObject("object_reservation/button_Next")): Object: 'Object Repository/object_reservation/button_Next' is clicked on

2019-12-15 21:25:26 - [MESSAGE][PASSED] - Object: 'Object Repository/object_reservation/button_Next' is clicked on

2019-12-15 21:25:26 - [TEST_STEP][PASSED] - delay(3): Delayed 3 second(s)

2019-12-15 21:25:29 - [MESSAGE][PASSED] - Delayed 3 second(s)

2019-12-15 21:25:29 - [TEST_STEP][PASSED] - delay(2): Delayed 2 second(s)

2019-12-15 21:25:31 - [MESSAGE][PASSED] - Delayed 2 second(s)

2019-12-15 21:25:31 - [TEST_STEP][PASSED] - click(findTestObject("object_reservation/button_Next")): Object: 'Object Repository/object_reservation/button_Next' is clicked on

2019-12-15 21:25:32 - [MESSAGE][PASSED] - Object: 'Object Repository/object_reservation/button_Next' is clicked on

2019-12-15 21:25:32 - [TEST_STEP][PASSED] - delay(4): Delayed 4 second(s)

2019-12-15 21:25:36 - [MESSAGE][PASSED] - Delayed 4 second(s)

2019-12-15 21:25:36 - [TEST_STEP][PASSED] - click(findTestObject("object_reservation/btn_cancelReservation")): Object: 'Object Repository/object_reservation/btn_cancelReservation' is clicked on

2019-12-15 21:25:36 - [MESSAGE][PASSED] - Object: 'Object Repository/object_reservation/btn_cancelReservation' is clicked on

2019-12-15 21:25:36 - [TEST_STEP][PASSED] - delay(4): Delayed 4 second(s)

2019-12-15 21:25:40 - [MESSAGE][PASSED] - Delayed 4 second(s)

2019-12-15 21:25:40 - [TEST_STEP][PASSED] - click(findTestObject("Object Repository/object_reservation/Page_Paradise 4 Paws  Dog Boarding Cat Boar_145431/button_Cancel This Reservation")): Object: 'Object Repository/object_reservation/Page_Paradise 4 Paws  Dog Boarding Cat Boar_145431/button_Cancel This Reservation' is clicked on

2019-12-15 21:25:41 - [MESSAGE][PASSED] - Object: 'Object Repository/object_reservation/Page_Paradise 4 Paws  Dog Boarding Cat Boar_145431/button_Cancel This Reservation' is clicked on

2019-12-15 21:25:41 - [TEST_STEP][PASSED] - delay(4): Delayed 4 second(s)

2019-12-15 21:25:45 - [MESSAGE][PASSED] - Delayed 4 second(s)

2019-12-15 21:25:45 - [TEST_STEP][PASSED] - navigateToUrl(a): Navigate to 'https://p4p-qa-bg.aws.paradise4paws.com/frontdesk/reservation/
1702441/?parent_id=97558' successfully

2019-12-15 21:25:46 - [MESSAGE][PASSED] - Navigate to 'https://p4p-qa-bg.aws.paradise4paws.com/frontdesk/reservation/
1702441/?parent_id=97558' successfully

2019-12-15 21:25:46 - [TEST_STEP][PASSED] - verifyElementText(findTestObject("Object Repository/object_reservation/Page_Paradise 4 Paws  Dog Boarding Cat Boar_35fe2b/span_( BK )"), "( CAN )", STOP_ON_FAILURE): Actual text and expected text of test object 'Object Repository/object_reservation/Page_Paradise 4 Paws  Dog Boarding Cat Boar_35fe2b/span_( BK )' are matched.

2019-12-15 21:25:51 - [MESSAGE][PASSED] - Actual text and expected text of test object 'Object Repository/object_reservation/Page_Paradise 4 Paws  Dog Boarding Cat Boar_35fe2b/span_( BK )' are matched.

2019-12-15 21:25:51 - [TEST_STEP][PASSED] - log.logInfo(getText(findTestObject("Object Repository/object_reservation/Page_Paradise 4 Paws  Dog Boarding Cat Boar_35fe2b/span_( BK )"))): ( CAN )

2019-12-15 21:25:51 - [MESSAGE][PASSED] - Text of object 'Object Repository/object_reservation/Page_Paradise 4 Paws  Dog Boarding Cat Boar_35fe2b/span_( BK )' is: '( CAN )'

2019-12-15 21:25:51 - [MESSAGE][INFO] - ( CAN )

2019-12-15 21:25:51 - [TEST_STEP][PASSED] - delay(5): Delayed 5 second(s)

2019-12-15 21:25:56 - [MESSAGE][PASSED] - Delayed 5 second(s)

2019-12-15 21:25:56 - [TEST_STEP][PASSED] - var = Integer.parseInt(var_idRowRes): null

2019-12-15 21:25:56 - [TEST_STEP][PASSED] - fis = new java.io.FileInputStream(/home/leonardo-arkusmty/Desktop/P4P/DATA_AUTOMATINTESTING/data_2cancelReservtion.xlsx): null

2019-12-15 21:25:56 - [TEST_STEP][PASSED] - workbook = new org.apache.poi.xssf.usermodel.XSSFWorkbook(fis): null

2019-12-15 21:25:57 - [TEST_STEP][PASSED] - sheet = workbook.getSheet("Sheet1"): null

2019-12-15 21:25:57 - [TEST_STEP][PASSED] - row = sheet.getRow(var): null

2019-12-15 21:25:57 - [TEST_STEP][PASSED] - cell = row.createCell(7, 0): null

2019-12-15 21:25:57 - [TEST_STEP][PASSED] - cell.setCellType(CELL_TYPE_STRING): null

2019-12-15 21:25:57 - [TEST_STEP][PASSED] - cell.setCellValue(a): null

2019-12-15 21:25:57 - [TEST_STEP][PASSED] - fos = new java.io.FileOutputStream(/home/leonardo-arkusmty/Desktop/P4P/DATA_AUTOMATINTESTING/data_2cancelReservtion.xlsx): null]]></system-out>
         <system-err><![CDATA[]]></system-err>
      </testcase>
      <system-out><![CDATA[2019-12-15 21:24:50 - [TEST_SUITE][PASSED] - ts_cancelReservationEdit: Test Cases/p4p_cancelReserEdit]]></system-out>
      <system-err><![CDATA[]]></system-err>
   </testsuite>
</testsuites>
