<?xml version="1.0" encoding="UTF-8"?>
<testsuites name="ts_urlProfile" time="13.364" tests="1" failures="0" errors="0">
   <testsuite name="ts_urlProfile" tests="1" failures="0" errors="0" time="13.364" timestamp="2019-11-19 06:32:24" hostname="leonardo-arkusmty - leonardoarkusmty-Inspiron-5577" id="Test Suites/ts_urlProfile">
      <properties>
         <property name="deviceName" value=""/>
         <property name="devicePlatform" value=""/>
         <property name="logFolder" value="/home/leonardo-arkusmty/Documents/workspaceKatalon/p4ptest/Reports/20191119_063223/ts_urlProfile/20191119_063223"/>
         <property name="logFiles" value="/home/leonardo-arkusmty/Documents/workspaceKatalon/p4ptest/Reports/20191119_063223/ts_urlProfile/20191119_063223/execution0.log"/>
         <property name="attachments" value=""/>
         <property name="hostName" value="leonardo-arkusmty - leonardoarkusmty-Inspiron-5577"/>
         <property name="os" value="Linux 64bit"/>
         <property name="katalonVersion" value="7.0.8.1"/>
         <property name="browser" value="Firefox 70.0"/>
         <property name="hostAddress" value="127.0.1.1"/>
         <property name="sessionId" value="de3bd6d9-da6f-4938-852a-a571548a5313"/>
         <property name="seleniumVersion" value="3.141.59"/>
         <property name="proxyInformation" value="ProxyInformation{proxyOption=NO_PROXY, proxyServerType=HTTP, password=, proxyServerAddress=, proxyServerPort=0}"/>
         <property name="platform" value="Linux"/>
      </properties>
      <testcase name="Test Cases/p4p_login" time="9.483" classname="Test Cases/p4p_login" status="PASSED">
         <system-out><![CDATA[2019-11-19 06:32:24 - [TEST_CASE][PASSED] - Test Cases/p4p_login: Test Cases/p4p_login

2019-11-19 06:32:24 - [TEST_STEP][PASSED] - openBrowser(""): Browser is opened with url: ''

2019-11-19 06:32:25 - [MESSAGE][INFO] - Starting 'Firefox' driver

2019-11-19 06:32:25 - [MESSAGE][INFO] - Action delay is set to 0 seconds

2019-11-19 06:32:27 - [MESSAGE][PASSED] - Browser is opened with url: ''

2019-11-19 06:32:27 - [TEST_STEP][PASSED] - navigateToUrl("https://p4p-qa-bg.aws.paradise4paws.com/login/?next=/"): Navigate to 'https://p4p-qa-bg.aws.paradise4paws.com/login/?next=/' successfully

2019-11-19 06:32:28 - [MESSAGE][PASSED] - Navigate to 'https://p4p-qa-bg.aws.paradise4paws.com/login/?next=/' successfully

2019-11-19 06:32:28 - [TEST_STEP][PASSED] - setText(findTestObject("object_login/input_user"), var_user): Text 'jesgchavez@gmail.com' is set on object 'Object Repository/object_login/input_user'

2019-11-19 06:32:29 - [MESSAGE][PASSED] - Text 'jesgchavez@gmail.com' is set on object 'Object Repository/object_login/input_user'

2019-11-19 06:32:29 - [TEST_STEP][PASSED] - setText(findTestObject("object_login/input_pass"), var_pass): Text 'admin1' is set on object 'Object Repository/object_login/input_pass'

2019-11-19 06:32:30 - [MESSAGE][PASSED] - Text 'admin1' is set on object 'Object Repository/object_login/input_pass'

2019-11-19 06:32:30 - [TEST_STEP][PASSED] - delay(3): Delayed 3 second(s)

2019-11-19 06:32:33 - [MESSAGE][PASSED] - Delayed 3 second(s)

2019-11-19 06:32:33 - [TEST_STEP][PASSED] - verifyElementClickable(findTestObject("object_login/btn_login")): Object 'Object Repository/object_login/btn_login' is clickable

2019-11-19 06:32:33 - [MESSAGE][PASSED] - Object 'Object Repository/object_login/btn_login' is clickable

2019-11-19 06:32:33 - [TEST_STEP][PASSED] - click(findTestObject("object_login/btn_login")): Object: 'Object Repository/object_login/btn_login' is clicked on

2019-11-19 06:32:34 - [MESSAGE][PASSED] - Object: 'Object Repository/object_login/btn_login' is clicked on]]></system-out>
         <system-err><![CDATA[]]></system-err>
      </testcase>
      <system-out><![CDATA[2019-11-19 06:32:24 - [TEST_SUITE][PASSED] - ts_urlProfile: Test Cases/p4p_login]]></system-out>
      <system-err><![CDATA[]]></system-err>
   </testsuite>
</testsuites>
