<?xml version="1.0" encoding="UTF-8"?>
<testsuites name="ts_3_updateInvoice" time="92.951" tests="3" failures="0" errors="0">
   <testsuite name="ts_3_updateInvoice" tests="3" failures="0" errors="0" time="92.951" timestamp="2020-01-17 10:40:15" hostname="leonardo-arkusmty - leonardoarkusmty-Inspiron-5577" id="Test Suites/ts_3_updateInvoice">
      <properties>
         <property name="deviceName" value=""/>
         <property name="devicePlatform" value=""/>
         <property name="logFolder" value="/home/leonardo-arkusmty/Documents/workspaceKatalon/p4ptest/Reports/20200117_104013/ts_3_updateInvoice/20200117_104013"/>
         <property name="logFiles" value="/home/leonardo-arkusmty/Documents/workspaceKatalon/p4ptest/Reports/20200117_104013/ts_3_updateInvoice/20200117_104013/execution0.log"/>
         <property name="attachments" value=""/>
         <property name="hostName" value="leonardo-arkusmty - leonardoarkusmty-Inspiron-5577"/>
         <property name="os" value="Linux 64bit"/>
         <property name="katalonVersion" value="7.0.8.1"/>
         <property name="browser" value="Chrome 79.0.3945.88"/>
         <property name="hostAddress" value="127.0.1.1"/>
         <property name="sessionId" value="399a7a0e5cb722d626eab1451ddf8a88"/>
         <property name="seleniumVersion" value="3.141.59"/>
         <property name="proxyInformation" value="ProxyInformation{proxyOption=NO_PROXY, proxyServerType=HTTP, password=, proxyServerAddress=, proxyServerPort=0}"/>
         <property name="platform" value="Linux"/>
      </properties>
      <testcase name="Test Cases/p4p_3_updateInvoce_ok" time="31.948" classname="Test Cases/p4p_3_updateInvoce_ok" status="PASSED">
         <system-out><![CDATA[2020-01-17 10:40:15 - [TEST_CASE][PASSED] - Test Cases/p4p_3_updateInvoce_ok: Test Cases/p4p_3_updateInvoce_ok

2020-01-17 10:40:15 - [TEST_STEP][PASSED] - openBrowser("https://p4p-qa-bg.aws.paradise4paws.com/login/"): Browser is opened with url: 'https://p4p-qa-bg.aws.paradise4paws.com/login/'

2020-01-17 10:40:15 - [MESSAGE][INFO] - Starting 'Chrome' driver

2020-01-17 10:40:16 - [MESSAGE][INFO] - Action delay is set to 0 seconds

2020-01-17 10:40:18 - [MESSAGE][PASSED] - Browser is opened with url: 'https://p4p-qa-bg.aws.paradise4paws.com/login/'

2020-01-17 10:40:18 - [TEST_STEP][PASSED] - maximizeWindow(): Current window maximized

2020-01-17 10:40:18 - [MESSAGE][PASSED] - Current window maximized

2020-01-17 10:40:18 - [TEST_STEP][PASSED] - arryPets = var_pets.split(","): null

2020-01-17 10:40:18 - [TEST_STEP][PASSED] - log = new com.kms.katalon.core.logging.KeywordLogger(): null

2020-01-17 10:40:18 - [TEST_STEP][PASSED] - fisUpd = new java.io.FileInputStream(/home/leonardo-arkusmty/Desktop/P4P/DATA_AUTOMATINTESTING/data_3updateDeleteInvoice.xlsx): null

2020-01-17 10:40:18 - [TEST_STEP][PASSED] - workbookUpd = new org.apache.poi.xssf.usermodel.XSSFWorkbook(fisUpd): null

2020-01-17 10:40:19 - [TEST_STEP][PASSED] - sheetUpd = workbookUpd.getSheet("Sheet1"): null

2020-01-17 10:40:19 - [TEST_STEP][PASSED] - var = Integer.parseInt(var_idRowRes): null

2020-01-17 10:40:19 - [TEST_STEP][PASSED] - rowUpd = sheetUpd.getRow(var): null

2020-01-17 10:40:19 - [TEST_STEP][PASSED] - setText(findTestObject("obj_login/input_user"), var_user): Text 'jegchavez@gmail.com' is set on object 'Object Repository/obj_login/input_user'

2020-01-17 10:40:19 - [MESSAGE][PASSED] - Text 'jegchavez@gmail.com' is set on object 'Object Repository/obj_login/input_user'

2020-01-17 10:40:19 - [TEST_STEP][PASSED] - setText(findTestObject("obj_login/input_pass"), var_pass): Text 'admin1' is set on object 'Object Repository/obj_login/input_pass'

2020-01-17 10:40:20 - [MESSAGE][PASSED] - Text 'admin1' is set on object 'Object Repository/obj_login/input_pass'

2020-01-17 10:40:20 - [TEST_STEP][PASSED] - verifyElementClickable(findTestObject("obj_login/btn_login")): Object 'Object Repository/obj_login/btn_login' is clickable

2020-01-17 10:40:20 - [MESSAGE][PASSED] - Object 'Object Repository/obj_login/btn_login' is clickable

2020-01-17 10:40:20 - [TEST_STEP][PASSED] - click(findTestObject("obj_login/btn_login")): Object: 'Object Repository/obj_login/btn_login' is clicked on

2020-01-17 10:40:21 - [MESSAGE][PASSED] - Object: 'Object Repository/obj_login/btn_login' is clicked on

2020-01-17 10:40:21 - [TEST_STEP][PASSED] - setText(findTestObject("obj_dashboard_emp/input_search"), var_parent): Text 'Katalon 1' is set on object 'Object Repository/obj_dashboard_emp/input_search'

2020-01-17 10:40:22 - [MESSAGE][PASSED] - Text 'Katalon 1' is set on object 'Object Repository/obj_dashboard_emp/input_search'

2020-01-17 10:40:22 - [TEST_STEP][PASSED] - click(findTestObject("obj_dashboard_emp/btn_accountSearch")): Object: 'Object Repository/obj_dashboard_emp/btn_accountSearch' is clicked on

2020-01-17 10:40:23 - [MESSAGE][PASSED] - Object: 'Object Repository/obj_dashboard_emp/btn_accountSearch' is clicked on

2020-01-17 10:40:23 - [TEST_STEP][PASSED] - click(findTestObject("obj_accountInformation/a_TEST GABRIEL PROD")): Object: 'Object Repository/obj_accountInformation/a_TEST GABRIEL PROD' is clicked on

2020-01-17 10:40:25 - [MESSAGE][PASSED] - Object: 'Object Repository/obj_accountInformation/a_TEST GABRIEL PROD' is clicked on

2020-01-17 10:40:25 - [TEST_STEP][PASSED] - delay(2): Delayed 2 second(s)

2020-01-17 10:40:27 - [MESSAGE][PASSED] - Delayed 2 second(s)

2020-01-17 10:40:27 - [TEST_STEP][PASSED] - click(findTestObject("obj_profile/tab_Invoices")): Object: 'Object Repository/obj_profile/tab_Invoices' is clicked on

2020-01-17 10:40:28 - [MESSAGE][PASSED] - Object: 'Object Repository/obj_profile/tab_Invoices' is clicked on

2020-01-17 10:40:28 - [TEST_STEP][PASSED] - delay(2): Delayed 2 second(s)

2020-01-17 10:40:30 - [MESSAGE][PASSED] - Delayed 2 second(s)

2020-01-17 10:40:30 - [TEST_STEP][PASSED] - var_url = getUrl(): Current window's url is: 'https://p4p-qa-bg.aws.paradise4paws.com/accounts/profile/#/invoices/122352/'

2020-01-17 10:40:30 - [MESSAGE][PASSED] - Current window's url is: 'https://p4p-qa-bg.aws.paradise4paws.com/accounts/profile/#/invoices/122352/'

2020-01-17 10:40:30 - [TEST_STEP][PASSED] - arrayUrl = var_url.split("/"): null

2020-01-17 10:40:30 - [TEST_STEP][PASSED] - delay(4): Delayed 4 second(s)

2020-01-17 10:40:34 - [MESSAGE][PASSED] - Delayed 4 second(s)

2020-01-17 10:40:34 - [TEST_STEP][PASSED] - urlInvoice = arrayUrl[0] + "/" + arrayUrl[1] + "/" + arrayUrl[2] + "/" + arrayUrl[3] + "/" + arrayUrl[4] + "/" + arrayUrl[5] + "/" + "invoice" + "/" + arrayUrl[7] + "/" + var_invoice: null

2020-01-17 10:40:34 - [TEST_STEP][PASSED] - navigateToUrl(urlInvoice): Navigate to 'https://p4p-qa-bg.aws.paradise4paws.com/accounts/profile/#/invoice/122352/1795518' successfully

2020-01-17 10:40:34 - [MESSAGE][PASSED] - Navigate to 'https://p4p-qa-bg.aws.paradise4paws.com/accounts/profile/#/invoice/122352/1795518' successfully

2020-01-17 10:40:34 - [TEST_STEP][PASSED] - delay(4): Delayed 4 second(s)

2020-01-17 10:40:38 - [MESSAGE][PASSED] - Delayed 4 second(s)

2020-01-17 10:40:38 - [TEST_STEP][PASSED] - if (var_movimiento == "U"): null

2020-01-17 10:40:38 - [TEST_STEP][PASSED] - if (var_movimiento == "D"): null

2020-01-17 10:40:38 - [TEST_STEP][PASSED] - if (var_movimiento == "N"): null

2020-01-17 10:40:38 - [TEST_STEP][PASSED] - click(findTestObject("obj_invoce/new_invoice/new_invoice_sub/button_Save_Taxe")): Object: 'Object Repository/obj_invoce/new_invoice/new_invoice_sub/button_Save_Taxe' is clicked on

2020-01-17 10:40:39 - [MESSAGE][PASSED] - Object: 'Object Repository/obj_invoce/new_invoice/new_invoice_sub/button_Save_Taxe' is clicked on

2020-01-17 10:40:39 - [TEST_STEP][PASSED] - delay(4): Delayed 4 second(s)

2020-01-17 10:40:43 - [MESSAGE][PASSED] - Delayed 4 second(s)

2020-01-17 10:40:43 - [TEST_STEP][PASSED] - delay(2): Delayed 2 second(s)

2020-01-17 10:40:45 - [MESSAGE][PASSED] - Delayed 2 second(s)

2020-01-17 10:40:45 - [TEST_STEP][PASSED] - fosUpd = new java.io.FileOutputStream(/home/leonardo-arkusmty/Desktop/P4P/DATA_AUTOMATINTESTING/data_3updateDeleteInvoice.xlsx): null

2020-01-17 10:40:45 - [TEST_STEP][PASSED] - workbookUpd.write(fosUpd): null

2020-01-17 10:40:45 - [TEST_STEP][PASSED] - fosUpd.close(): null

2020-01-17 10:40:45 - [TEST_STEP][PASSED] - delay(2): Delayed 2 second(s)

2020-01-17 10:40:47 - [MESSAGE][PASSED] - Delayed 2 second(s)]]></system-out>
         <system-err><![CDATA[]]></system-err>
      </testcase>
      <testcase name="Test Cases/p4p_3_updateInvoce_ok" time="30.242" classname="Test Cases/p4p_3_updateInvoce_ok" status="PASSED">
         <system-out><![CDATA[2020-01-17 10:40:47 - [TEST_CASE][PASSED] - Test Cases/p4p_3_updateInvoce_ok: Test Cases/p4p_3_updateInvoce_ok

2020-01-17 10:40:47 - [TEST_STEP][PASSED] - openBrowser("https://p4p-qa-bg.aws.paradise4paws.com/login/"): Browser is opened with url: 'https://p4p-qa-bg.aws.paradise4paws.com/login/'

2020-01-17 10:40:47 - [MESSAGE][WARNING] - A browser is already opened. Closing browser and opening a new one

2020-01-17 10:40:47 - [MESSAGE][INFO] - Starting 'Chrome' driver

2020-01-17 10:40:49 - [MESSAGE][PASSED] - Browser is opened with url: 'https://p4p-qa-bg.aws.paradise4paws.com/login/'

2020-01-17 10:40:49 - [TEST_STEP][PASSED] - maximizeWindow(): Current window maximized

2020-01-17 10:40:49 - [MESSAGE][PASSED] - Current window maximized

2020-01-17 10:40:49 - [TEST_STEP][PASSED] - arryPets = var_pets.split(","): null

2020-01-17 10:40:49 - [TEST_STEP][PASSED] - log = new com.kms.katalon.core.logging.KeywordLogger(): null

2020-01-17 10:40:49 - [TEST_STEP][PASSED] - fisUpd = new java.io.FileInputStream(/home/leonardo-arkusmty/Desktop/P4P/DATA_AUTOMATINTESTING/data_3updateDeleteInvoice.xlsx): null

2020-01-17 10:40:49 - [TEST_STEP][PASSED] - workbookUpd = new org.apache.poi.xssf.usermodel.XSSFWorkbook(fisUpd): null

2020-01-17 10:40:49 - [TEST_STEP][PASSED] - sheetUpd = workbookUpd.getSheet("Sheet1"): null

2020-01-17 10:40:49 - [TEST_STEP][PASSED] - var = Integer.parseInt(var_idRowRes): null

2020-01-17 10:40:49 - [TEST_STEP][PASSED] - rowUpd = sheetUpd.getRow(var): null

2020-01-17 10:40:49 - [TEST_STEP][PASSED] - setText(findTestObject("obj_login/input_user"), var_user): Text 'jegchavez@gmail.com' is set on object 'Object Repository/obj_login/input_user'

2020-01-17 10:40:50 - [MESSAGE][PASSED] - Text 'jegchavez@gmail.com' is set on object 'Object Repository/obj_login/input_user'

2020-01-17 10:40:50 - [TEST_STEP][PASSED] - setText(findTestObject("obj_login/input_pass"), var_pass): Text 'admin1' is set on object 'Object Repository/obj_login/input_pass'

2020-01-17 10:40:50 - [MESSAGE][PASSED] - Text 'admin1' is set on object 'Object Repository/obj_login/input_pass'

2020-01-17 10:40:50 - [TEST_STEP][PASSED] - verifyElementClickable(findTestObject("obj_login/btn_login")): Object 'Object Repository/obj_login/btn_login' is clickable

2020-01-17 10:40:50 - [MESSAGE][PASSED] - Object 'Object Repository/obj_login/btn_login' is clickable

2020-01-17 10:40:50 - [TEST_STEP][PASSED] - click(findTestObject("obj_login/btn_login")): Object: 'Object Repository/obj_login/btn_login' is clicked on

2020-01-17 10:40:52 - [MESSAGE][PASSED] - Object: 'Object Repository/obj_login/btn_login' is clicked on

2020-01-17 10:40:52 - [TEST_STEP][PASSED] - setText(findTestObject("obj_dashboard_emp/input_search"), var_parent): Text 'Katalon 1' is set on object 'Object Repository/obj_dashboard_emp/input_search'

2020-01-17 10:40:53 - [MESSAGE][PASSED] - Text 'Katalon 1' is set on object 'Object Repository/obj_dashboard_emp/input_search'

2020-01-17 10:40:53 - [TEST_STEP][PASSED] - click(findTestObject("obj_dashboard_emp/btn_accountSearch")): Object: 'Object Repository/obj_dashboard_emp/btn_accountSearch' is clicked on

2020-01-17 10:40:54 - [MESSAGE][PASSED] - Object: 'Object Repository/obj_dashboard_emp/btn_accountSearch' is clicked on

2020-01-17 10:40:54 - [TEST_STEP][PASSED] - click(findTestObject("obj_accountInformation/a_TEST GABRIEL PROD")): Object: 'Object Repository/obj_accountInformation/a_TEST GABRIEL PROD' is clicked on

2020-01-17 10:40:55 - [MESSAGE][PASSED] - Object: 'Object Repository/obj_accountInformation/a_TEST GABRIEL PROD' is clicked on

2020-01-17 10:40:55 - [TEST_STEP][PASSED] - delay(2): Delayed 2 second(s)

2020-01-17 10:40:57 - [MESSAGE][PASSED] - Delayed 2 second(s)

2020-01-17 10:40:57 - [TEST_STEP][PASSED] - click(findTestObject("obj_profile/tab_Invoices")): Object: 'Object Repository/obj_profile/tab_Invoices' is clicked on

2020-01-17 10:40:59 - [MESSAGE][PASSED] - Object: 'Object Repository/obj_profile/tab_Invoices' is clicked on

2020-01-17 10:40:59 - [TEST_STEP][PASSED] - delay(2): Delayed 2 second(s)

2020-01-17 10:41:01 - [MESSAGE][PASSED] - Delayed 2 second(s)

2020-01-17 10:41:01 - [TEST_STEP][PASSED] - var_url = getUrl(): Current window's url is: 'https://p4p-qa-bg.aws.paradise4paws.com/accounts/profile/#/invoices/122352/'

2020-01-17 10:41:01 - [MESSAGE][PASSED] - Current window's url is: 'https://p4p-qa-bg.aws.paradise4paws.com/accounts/profile/#/invoices/122352/'

2020-01-17 10:41:01 - [TEST_STEP][PASSED] - arrayUrl = var_url.split("/"): null

2020-01-17 10:41:01 - [TEST_STEP][PASSED] - delay(4): Delayed 4 second(s)

2020-01-17 10:41:05 - [MESSAGE][PASSED] - Delayed 4 second(s)

2020-01-17 10:41:05 - [TEST_STEP][PASSED] - urlInvoice = arrayUrl[0] + "/" + arrayUrl[1] + "/" + arrayUrl[2] + "/" + arrayUrl[3] + "/" + arrayUrl[4] + "/" + arrayUrl[5] + "/" + "invoice" + "/" + arrayUrl[7] + "/" + var_invoice: null

2020-01-17 10:41:05 - [TEST_STEP][PASSED] - navigateToUrl(urlInvoice): Navigate to 'https://p4p-qa-bg.aws.paradise4paws.com/accounts/profile/#/invoice/122352/1795520' successfully

2020-01-17 10:41:05 - [MESSAGE][PASSED] - Navigate to 'https://p4p-qa-bg.aws.paradise4paws.com/accounts/profile/#/invoice/122352/1795520' successfully

2020-01-17 10:41:05 - [TEST_STEP][PASSED] - delay(4): Delayed 4 second(s)

2020-01-17 10:41:09 - [MESSAGE][PASSED] - Delayed 4 second(s)

2020-01-17 10:41:09 - [TEST_STEP][PASSED] - if (var_movimiento == "U"): null

2020-01-17 10:41:09 - [TEST_STEP][PASSED] - if (var_movimiento == "D"): null

2020-01-17 10:41:09 - [TEST_STEP][PASSED] - if (var_movimiento == "N"): null

2020-01-17 10:41:09 - [TEST_STEP][PASSED] - click(findTestObject("obj_invoce/new_invoice/new_invoice_sub/button_Save_Taxe")): Object: 'Object Repository/obj_invoce/new_invoice/new_invoice_sub/button_Save_Taxe' is clicked on

2020-01-17 10:41:09 - [MESSAGE][PASSED] - Object: 'Object Repository/obj_invoce/new_invoice/new_invoice_sub/button_Save_Taxe' is clicked on

2020-01-17 10:41:09 - [TEST_STEP][PASSED] - delay(4): Delayed 4 second(s)

2020-01-17 10:41:13 - [MESSAGE][PASSED] - Delayed 4 second(s)

2020-01-17 10:41:13 - [TEST_STEP][PASSED] - delay(2): Delayed 2 second(s)

2020-01-17 10:41:15 - [MESSAGE][PASSED] - Delayed 2 second(s)

2020-01-17 10:41:15 - [TEST_STEP][PASSED] - fosUpd = new java.io.FileOutputStream(/home/leonardo-arkusmty/Desktop/P4P/DATA_AUTOMATINTESTING/data_3updateDeleteInvoice.xlsx): null

2020-01-17 10:41:15 - [TEST_STEP][PASSED] - workbookUpd.write(fosUpd): null

2020-01-17 10:41:15 - [TEST_STEP][PASSED] - fosUpd.close(): null

2020-01-17 10:41:15 - [TEST_STEP][PASSED] - delay(2): Delayed 2 second(s)

2020-01-17 10:41:17 - [MESSAGE][PASSED] - Delayed 2 second(s)]]></system-out>
         <system-err><![CDATA[]]></system-err>
      </testcase>
      <testcase name="Test Cases/p4p_3_updateInvoce_ok" time="30.237" classname="Test Cases/p4p_3_updateInvoce_ok" status="PASSED">
         <system-out><![CDATA[2020-01-17 10:41:17 - [TEST_CASE][PASSED] - Test Cases/p4p_3_updateInvoce_ok: Test Cases/p4p_3_updateInvoce_ok

2020-01-17 10:41:17 - [TEST_STEP][PASSED] - openBrowser("https://p4p-qa-bg.aws.paradise4paws.com/login/"): Browser is opened with url: 'https://p4p-qa-bg.aws.paradise4paws.com/login/'

2020-01-17 10:41:17 - [MESSAGE][WARNING] - A browser is already opened. Closing browser and opening a new one

2020-01-17 10:41:17 - [MESSAGE][INFO] - Starting 'Chrome' driver

2020-01-17 10:41:19 - [MESSAGE][PASSED] - Browser is opened with url: 'https://p4p-qa-bg.aws.paradise4paws.com/login/'

2020-01-17 10:41:19 - [TEST_STEP][PASSED] - maximizeWindow(): Current window maximized

2020-01-17 10:41:19 - [MESSAGE][PASSED] - Current window maximized

2020-01-17 10:41:19 - [TEST_STEP][PASSED] - arryPets = var_pets.split(","): null

2020-01-17 10:41:19 - [TEST_STEP][PASSED] - log = new com.kms.katalon.core.logging.KeywordLogger(): null

2020-01-17 10:41:19 - [TEST_STEP][PASSED] - fisUpd = new java.io.FileInputStream(/home/leonardo-arkusmty/Desktop/P4P/DATA_AUTOMATINTESTING/data_3updateDeleteInvoice.xlsx): null

2020-01-17 10:41:19 - [TEST_STEP][PASSED] - workbookUpd = new org.apache.poi.xssf.usermodel.XSSFWorkbook(fisUpd): null

2020-01-17 10:41:19 - [TEST_STEP][PASSED] - sheetUpd = workbookUpd.getSheet("Sheet1"): null

2020-01-17 10:41:19 - [TEST_STEP][PASSED] - var = Integer.parseInt(var_idRowRes): null

2020-01-17 10:41:19 - [TEST_STEP][PASSED] - rowUpd = sheetUpd.getRow(var): null

2020-01-17 10:41:19 - [TEST_STEP][PASSED] - setText(findTestObject("obj_login/input_user"), var_user): Text 'jegchavez@gmail.com' is set on object 'Object Repository/obj_login/input_user'

2020-01-17 10:41:20 - [MESSAGE][PASSED] - Text 'jegchavez@gmail.com' is set on object 'Object Repository/obj_login/input_user'

2020-01-17 10:41:20 - [TEST_STEP][PASSED] - setText(findTestObject("obj_login/input_pass"), var_pass): Text 'admin1' is set on object 'Object Repository/obj_login/input_pass'

2020-01-17 10:41:20 - [MESSAGE][PASSED] - Text 'admin1' is set on object 'Object Repository/obj_login/input_pass'

2020-01-17 10:41:20 - [TEST_STEP][PASSED] - verifyElementClickable(findTestObject("obj_login/btn_login")): Object 'Object Repository/obj_login/btn_login' is clickable

2020-01-17 10:41:21 - [MESSAGE][PASSED] - Object 'Object Repository/obj_login/btn_login' is clickable

2020-01-17 10:41:21 - [TEST_STEP][PASSED] - click(findTestObject("obj_login/btn_login")): Object: 'Object Repository/obj_login/btn_login' is clicked on

2020-01-17 10:41:22 - [MESSAGE][PASSED] - Object: 'Object Repository/obj_login/btn_login' is clicked on

2020-01-17 10:41:22 - [TEST_STEP][PASSED] - setText(findTestObject("obj_dashboard_emp/input_search"), var_parent): Text 'Katalon 1' is set on object 'Object Repository/obj_dashboard_emp/input_search'

2020-01-17 10:41:23 - [MESSAGE][PASSED] - Text 'Katalon 1' is set on object 'Object Repository/obj_dashboard_emp/input_search'

2020-01-17 10:41:23 - [TEST_STEP][PASSED] - click(findTestObject("obj_dashboard_emp/btn_accountSearch")): Object: 'Object Repository/obj_dashboard_emp/btn_accountSearch' is clicked on

2020-01-17 10:41:24 - [MESSAGE][PASSED] - Object: 'Object Repository/obj_dashboard_emp/btn_accountSearch' is clicked on

2020-01-17 10:41:24 - [TEST_STEP][PASSED] - click(findTestObject("obj_accountInformation/a_TEST GABRIEL PROD")): Object: 'Object Repository/obj_accountInformation/a_TEST GABRIEL PROD' is clicked on

2020-01-17 10:41:26 - [MESSAGE][PASSED] - Object: 'Object Repository/obj_accountInformation/a_TEST GABRIEL PROD' is clicked on

2020-01-17 10:41:26 - [TEST_STEP][PASSED] - delay(2): Delayed 2 second(s)

2020-01-17 10:41:28 - [MESSAGE][PASSED] - Delayed 2 second(s)

2020-01-17 10:41:28 - [TEST_STEP][PASSED] - click(findTestObject("obj_profile/tab_Invoices")): Object: 'Object Repository/obj_profile/tab_Invoices' is clicked on

2020-01-17 10:41:29 - [MESSAGE][PASSED] - Object: 'Object Repository/obj_profile/tab_Invoices' is clicked on

2020-01-17 10:41:29 - [TEST_STEP][PASSED] - delay(2): Delayed 2 second(s)

2020-01-17 10:41:31 - [MESSAGE][PASSED] - Delayed 2 second(s)

2020-01-17 10:41:31 - [TEST_STEP][PASSED] - var_url = getUrl(): Current window's url is: 'https://p4p-qa-bg.aws.paradise4paws.com/accounts/profile/#/invoices/122352/'

2020-01-17 10:41:31 - [MESSAGE][PASSED] - Current window's url is: 'https://p4p-qa-bg.aws.paradise4paws.com/accounts/profile/#/invoices/122352/'

2020-01-17 10:41:31 - [TEST_STEP][PASSED] - arrayUrl = var_url.split("/"): null

2020-01-17 10:41:31 - [TEST_STEP][PASSED] - delay(4): Delayed 4 second(s)

2020-01-17 10:41:35 - [MESSAGE][PASSED] - Delayed 4 second(s)

2020-01-17 10:41:35 - [TEST_STEP][PASSED] - urlInvoice = arrayUrl[0] + "/" + arrayUrl[1] + "/" + arrayUrl[2] + "/" + arrayUrl[3] + "/" + arrayUrl[4] + "/" + arrayUrl[5] + "/" + "invoice" + "/" + arrayUrl[7] + "/" + var_invoice: null

2020-01-17 10:41:35 - [TEST_STEP][PASSED] - navigateToUrl(urlInvoice): Navigate to 'https://p4p-qa-bg.aws.paradise4paws.com/accounts/profile/#/invoice/122352/1795521' successfully

2020-01-17 10:41:35 - [MESSAGE][PASSED] - Navigate to 'https://p4p-qa-bg.aws.paradise4paws.com/accounts/profile/#/invoice/122352/1795521' successfully

2020-01-17 10:41:35 - [TEST_STEP][PASSED] - delay(4): Delayed 4 second(s)

2020-01-17 10:41:39 - [MESSAGE][PASSED] - Delayed 4 second(s)

2020-01-17 10:41:39 - [TEST_STEP][PASSED] - if (var_movimiento == "U"): null

2020-01-17 10:41:39 - [TEST_STEP][PASSED] - if (var_movimiento == "D"): null

2020-01-17 10:41:39 - [TEST_STEP][PASSED] - if (var_movimiento == "N"): null

2020-01-17 10:41:39 - [TEST_STEP][PASSED] - click(findTestObject("obj_invoce/new_invoice/new_invoice_sub/button_Save_Taxe")): Object: 'Object Repository/obj_invoce/new_invoice/new_invoice_sub/button_Save_Taxe' is clicked on

2020-01-17 10:41:39 - [MESSAGE][PASSED] - Object: 'Object Repository/obj_invoce/new_invoice/new_invoice_sub/button_Save_Taxe' is clicked on

2020-01-17 10:41:39 - [TEST_STEP][PASSED] - delay(4): Delayed 4 second(s)

2020-01-17 10:41:43 - [MESSAGE][PASSED] - Delayed 4 second(s)

2020-01-17 10:41:43 - [TEST_STEP][PASSED] - delay(2): Delayed 2 second(s)

2020-01-17 10:41:45 - [MESSAGE][PASSED] - Delayed 2 second(s)

2020-01-17 10:41:45 - [TEST_STEP][PASSED] - fosUpd = new java.io.FileOutputStream(/home/leonardo-arkusmty/Desktop/P4P/DATA_AUTOMATINTESTING/data_3updateDeleteInvoice.xlsx): null

2020-01-17 10:41:45 - [TEST_STEP][PASSED] - workbookUpd.write(fosUpd): null

2020-01-17 10:41:45 - [TEST_STEP][PASSED] - fosUpd.close(): null

2020-01-17 10:41:45 - [TEST_STEP][PASSED] - delay(2): Delayed 2 second(s)

2020-01-17 10:41:47 - [MESSAGE][PASSED] - Delayed 2 second(s)]]></system-out>
         <system-err><![CDATA[]]></system-err>
      </testcase>
      <system-out><![CDATA[2020-01-17 10:40:15 - [TEST_SUITE][PASSED] - ts_3_updateInvoice: Test Cases/p4p_3_updateInvoce_ok]]></system-out>
      <system-err><![CDATA[]]></system-err>
   </testsuite>
</testsuites>
