<?xml version="1.0" encoding="UTF-8"?>
<testsuites name="ts_newReservationDaycare" time="1096.469" tests="11" failures="3" errors="5">
   <testsuite name="ts_newReservationDaycare" tests="11" failures="3" errors="5" time="1096.469" timestamp="2019-12-16 05:26:23" hostname="leonardo-arkusmty - leonardoarkusmty-Inspiron-5577" id="Test Suites/ts_newReservationDaycare">
      <properties>
         <property name="deviceName" value=""/>
         <property name="devicePlatform" value=""/>
         <property name="logFolder" value="/home/leonardo-arkusmty/Documents/workspaceKatalon/p4ptest/Reports/20191216_052622/ts_newReservationDaycare/20191216_052622"/>
         <property name="logFiles" value="/home/leonardo-arkusmty/Documents/workspaceKatalon/p4ptest/Reports/20191216_052622/ts_newReservationDaycare/20191216_052622/execution0.log"/>
         <property name="attachments" value="/home/leonardo-arkusmty/Documents/workspaceKatalon/p4ptest/Reports/20191216_052622/ts_newReservationDaycare/20191216_052622/1576496159246.png, /home/leonardo-arkusmty/Documents/workspaceKatalon/p4ptest/Reports/20191216_052622/ts_newReservationDaycare/20191216_052622/1576496347793.png, /home/leonardo-arkusmty/Documents/workspaceKatalon/p4ptest/Reports/20191216_052622/ts_newReservationDaycare/20191216_052622/1576496679960.png"/>
         <property name="hostName" value="leonardo-arkusmty - leonardoarkusmty-Inspiron-5577"/>
         <property name="os" value="Linux 64bit"/>
         <property name="katalonVersion" value="7.0.8.1"/>
         <property name="browser" value="Firefox 70.0"/>
         <property name="hostAddress" value="127.0.1.1"/>
         <property name="sessionId" value="a01f7093-f158-482f-90ac-eb08b12185ff"/>
         <property name="seleniumVersion" value="3.141.59"/>
         <property name="proxyInformation" value="ProxyInformation{proxyOption=NO_PROXY, proxyServerType=HTTP, password=, proxyServerAddress=, proxyServerPort=0}"/>
         <property name="platform" value="Linux"/>
      </properties>
      <testcase name="Test Cases/p4p_newReservationDaycare" time="70.821" classname="Test Cases/p4p_newReservationDaycare" status="PASSED">
         <system-out><![CDATA[2019-12-16 05:26:24 - [TEST_CASE][PASSED] - Test Cases/p4p_newReservationDaycare: Test Cases/p4p_newReservationDaycare

2019-12-16 05:26:25 - [TEST_STEP][PASSED] - openBrowser("https://p4p-qa-bg.aws.paradise4paws.com/login/"): Browser is opened with url: 'https://p4p-qa-bg.aws.paradise4paws.com/login/'

2019-12-16 05:26:25 - [MESSAGE][INFO] - Starting 'Firefox' driver

2019-12-16 05:26:25 - [MESSAGE][INFO] - Action delay is set to 0 seconds

2019-12-16 05:26:28 - [MESSAGE][PASSED] - Browser is opened with url: 'https://p4p-qa-bg.aws.paradise4paws.com/login/'

2019-12-16 05:26:28 - [TEST_STEP][PASSED] - setText(findTestObject("Object Repository/object_login/input_user"), var_user): Text 'jegchavez@gmail.com' is set on object 'Object Repository/object_login/input_user'

2019-12-16 05:26:29 - [MESSAGE][PASSED] - Text 'jegchavez@gmail.com' is set on object 'Object Repository/object_login/input_user'

2019-12-16 05:26:29 - [TEST_STEP][PASSED] - setText(findTestObject("Object Repository/object_login/input_pass"), var_pass): Text 'admin1' is set on object 'Object Repository/object_login/input_pass'

2019-12-16 05:26:30 - [MESSAGE][PASSED] - Text 'admin1' is set on object 'Object Repository/object_login/input_pass'

2019-12-16 05:26:30 - [TEST_STEP][PASSED] - delay(2): Delayed 2 second(s)

2019-12-16 05:26:32 - [MESSAGE][PASSED] - Delayed 2 second(s)

2019-12-16 05:26:32 - [TEST_STEP][PASSED] - verifyElementClickable(findTestObject("Object Repository/object_login/btn_login")): Object 'Object Repository/object_login/btn_login' is clickable

2019-12-16 05:26:32 - [MESSAGE][PASSED] - Object 'Object Repository/object_login/btn_login' is clickable

2019-12-16 05:26:32 - [TEST_STEP][PASSED] - click(findTestObject("Object Repository/object_login/btn_login")): Object: 'Object Repository/object_login/btn_login' is clicked on

2019-12-16 05:26:35 - [MESSAGE][PASSED] - Object: 'Object Repository/object_login/btn_login' is clicked on

2019-12-16 05:26:35 - [TEST_STEP][PASSED] - delay(2): Delayed 2 second(s)

2019-12-16 05:26:37 - [MESSAGE][PASSED] - Delayed 2 second(s)

2019-12-16 05:26:37 - [TEST_STEP][PASSED] - setText(findTestObject("Object Repository/object_dashboard_emp/input_search"), var_searchParent): Text 'leongarzagarza@hotmail.com' is set on object 'Object Repository/object_dashboard_emp/input_search'

2019-12-16 05:26:37 - [MESSAGE][PASSED] - Text 'leongarzagarza@hotmail.com' is set on object 'Object Repository/object_dashboard_emp/input_search'

2019-12-16 05:26:37 - [TEST_STEP][PASSED] - click(findTestObject("Object Repository/object_dashboard_emp/btn_accountSearch")): Object: 'Object Repository/object_dashboard_emp/btn_accountSearch' is clicked on

2019-12-16 05:26:38 - [MESSAGE][PASSED] - Object: 'Object Repository/object_dashboard_emp/btn_accountSearch' is clicked on

2019-12-16 05:26:38 - [TEST_STEP][PASSED] - delay(2): Delayed 2 second(s)

2019-12-16 05:26:40 - [MESSAGE][PASSED] - Delayed 2 second(s)

2019-12-16 05:26:40 - [TEST_STEP][PASSED] - click(findTestObject("Object Repository/object_accountInformation/a_TEST GABRIEL PROD")): Object: 'Object Repository/object_accountInformation/a_TEST GABRIEL PROD' is clicked on

2019-12-16 05:26:44 - [MESSAGE][PASSED] - Object: 'Object Repository/object_accountInformation/a_TEST GABRIEL PROD' is clicked on

2019-12-16 05:26:44 - [TEST_STEP][PASSED] - delay(2): Delayed 2 second(s)

2019-12-16 05:26:46 - [MESSAGE][PASSED] - Delayed 2 second(s)

2019-12-16 05:26:46 - [TEST_STEP][PASSED] - var_url = getUrl(): Current window's url is: 'https://p4p-qa-bg.aws.paradise4paws.com/accounts/profile/#/reservations/122350/'

2019-12-16 05:26:46 - [MESSAGE][PASSED] - Current window's url is: 'https://p4p-qa-bg.aws.paradise4paws.com/accounts/profile/#/reservations/122350/'

2019-12-16 05:26:46 - [TEST_STEP][PASSED] - log0 = new com.kms.katalon.core.logging.KeywordLogger(): null

2019-12-16 05:26:46 - [TEST_STEP][PASSED] - arrUrl = var_url.split("/"): null

2019-12-16 05:26:46 - [TEST_STEP][PASSED] - idParent = arrUrl[7]: null

2019-12-16 05:26:46 - [TEST_STEP][PASSED] - click(findTestObject("Object Repository/object_profile/a_addReservation")): Object: 'Object Repository/object_profile/a_addReservation' is clicked on

2019-12-16 05:26:48 - [MESSAGE][PASSED] - Object: 'Object Repository/object_profile/a_addReservation' is clicked on

2019-12-16 05:26:48 - [TEST_STEP][PASSED] - delay(2): Delayed 2 second(s)

2019-12-16 05:26:50 - [MESSAGE][PASSED] - Delayed 2 second(s)

2019-12-16 05:26:50 - [TEST_STEP][PASSED] - flagBoar = "0": null

2019-12-16 05:26:50 - [TEST_STEP][PASSED] - log = new com.kms.katalon.core.logging.KeywordLogger(): null

2019-12-16 05:26:50 - [TEST_STEP][PASSED] - if (var_typeReserveation == "Boarding"): null

2019-12-16 05:26:50 - [TEST_STEP][PASSED] - else if (var_typeReserveation == "Daycare"): Object: 'Object Repository/object_reservation/btn_Daycare' is clicked on

2019-12-16 05:26:50 - [TEST_STEP][PASSED] - flagBoar = "2": null

2019-12-16 05:26:50 - [TEST_STEP][PASSED] - click(findTestObject("object_reservation/btn_Daycare")): Object: 'Object Repository/object_reservation/btn_Daycare' is clicked on

2019-12-16 05:26:50 - [MESSAGE][PASSED] - Object: 'Object Repository/object_reservation/btn_Daycare' is clicked on

2019-12-16 05:26:50 - [TEST_STEP][PASSED] - click(findTestObject("Object Repository/object_reservation/i_location")): Object: 'Object Repository/object_reservation/i_location' is clicked on

2019-12-16 05:26:53 - [MESSAGE][PASSED] - Object: 'Object Repository/object_reservation/i_location' is clicked on

2019-12-16 05:26:53 - [TEST_STEP][PASSED] - switch (var_idFacility): null

2019-12-16 05:26:53 - [TEST_STEP][PASSED] - dateCI = var_checkinD.split(","): null

2019-12-16 05:26:53 - [TEST_STEP][PASSED] - dateCO = var_checkoutD.split(","): null

2019-12-16 05:26:53 - [TEST_STEP][PASSED] - arryPets = var_pets.split(","): null

2019-12-16 05:26:53 - [TEST_STEP][PASSED] - delay(2): Delayed 2 second(s)

2019-12-16 05:26:55 - [MESSAGE][PASSED] - Delayed 2 second(s)

2019-12-16 05:26:55 - [TEST_STEP][PASSED] - if (var_repeting == "Y"): null

2019-12-16 05:26:55 - [TEST_STEP][PASSED] - click(findTestObject("Object Repository/object_reservation/dateCheckIn")): Object: 'Object Repository/object_reservation/dateCheckIn' is clicked on

2019-12-16 05:26:55 - [MESSAGE][PASSED] - Object: 'Object Repository/object_reservation/dateCheckIn' is clicked on

2019-12-16 05:26:55 - [TEST_STEP][PASSED] - stringCI2020 = "0": null

2019-12-16 05:26:55 - [TEST_STEP][PASSED] - stringC02020 = "0": null

2019-12-16 05:26:55 - [TEST_STEP][PASSED] - if (dateCI[0] == "16" && dateCI[1] == "01" && dateCI[2] == "2020"): null

2019-12-16 05:26:55 - [TEST_STEP][PASSED] - if (dateCI[0] == "18" && dateCI[1] == "02" && dateCI[2] == "2020"): null

2019-12-16 05:26:55 - [TEST_STEP][PASSED] - if (dateCI[0] == "21" && dateCI[1] == "03" && dateCI[2] == "2020"): null

2019-12-16 05:26:55 - [TEST_STEP][PASSED] - delay(2): Delayed 2 second(s)

2019-12-16 05:26:57 - [MESSAGE][PASSED] - Delayed 2 second(s)

2019-12-16 05:26:57 - [TEST_STEP][PASSED] - if (stringCI2020 == "0"): null

2019-12-16 05:26:57 - [TEST_STEP][PASSED] - switch (dateCI[0]): null

2019-12-16 05:26:57 - [TEST_STEP][PASSED] - case "7":: null

2019-12-16 05:26:57 - [TEST_STEP][PASSED] - click(findTestObject("Object Repository/Page_Paradise 4 Paws  Dog Boarding Cat Boarding Norwalk Pooch Hotel/button_07_ci")): Object: 'Object Repository/Page_Paradise 4 Paws  Dog Boarding Cat Boarding Norwalk Pooch Hotel/button_07_ci' is clicked on

2019-12-16 05:26:58 - [MESSAGE][PASSED] - Object: 'Object Repository/Page_Paradise 4 Paws  Dog Boarding Cat Boarding Norwalk Pooch Hotel/button_07_ci' is clicked on

2019-12-16 05:26:58 - [TEST_STEP][PASSED] - break: null

2019-12-16 05:26:58 - [TEST_STEP][PASSED] - if (flagBoar == "1" || flagBoar == "2" && var_repeatingEvery == "Daily" || flagBoar == "2" && var_repeatingEvery == "Weekly" || flagBoar == "2" && var_repeatingEvery == "Monthly"): null

2019-12-16 05:26:58 - [TEST_STEP][NOT_RUN] - click(findTestObject("Object Repository/object_reservationCalendar/CO_close")): NOT_RUN: click(findTestObject("Object Repository/object_reservationCalendar/CO_close"))

2019-12-16 05:26:58 - [MESSAGE][NOT_RUN] - NOT_RUN: click(findTestObject("Object Repository/object_reservationCalendar/CO_close"))

2019-12-16 05:26:58 - [TEST_STEP][PASSED] - click(findTestObject("Object Repository/object_reservation/timeCheckin")): Object: 'Object Repository/object_reservation/timeCheckin' is clicked on

2019-12-16 05:26:59 - [MESSAGE][PASSED] - Object: 'Object Repository/object_reservation/timeCheckin' is clicked on

2019-12-16 05:26:59 - [TEST_STEP][PASSED] - switch (var_checkinT): null

2019-12-16 05:26:59 - [TEST_STEP][PASSED] - case "800":: null

2019-12-16 05:26:59 - [TEST_STEP][PASSED] - click(findTestObject("Object Repository/Page_Paradise 4 Paws  Dog Boarding Cat Boarding Norwalk Pooch Hotel/time_800am_ci")): Object: 'Object Repository/Page_Paradise 4 Paws  Dog Boarding Cat Boarding Norwalk Pooch Hotel/time_800am_ci' is clicked on

2019-12-16 05:26:59 - [MESSAGE][PASSED] - Object: 'Object Repository/Page_Paradise 4 Paws  Dog Boarding Cat Boarding Norwalk Pooch Hotel/time_800am_ci' is clicked on

2019-12-16 05:26:59 - [TEST_STEP][PASSED] - break: null

2019-12-16 05:26:59 - [TEST_STEP][PASSED] - click(findTestObject("Object Repository/object_reservation/timeCheckOut")): Object: 'Object Repository/object_reservation/timeCheckOut' is clicked on

2019-12-16 05:27:00 - [MESSAGE][PASSED] - Object: 'Object Repository/object_reservation/timeCheckOut' is clicked on

2019-12-16 05:27:00 - [TEST_STEP][PASSED] - switch (var_checkoutT): null

2019-12-16 05:27:00 - [TEST_STEP][PASSED] - case "1200":: null

2019-12-16 05:27:00 - [TEST_STEP][PASSED] - click(findTestObject("Object Repository/Page_Paradise 4 Paws  Dog Boarding Cat Boarding Norwalk Pooch Hotel/time_1200pm_co")): Object: 'Object Repository/Page_Paradise 4 Paws  Dog Boarding Cat Boarding Norwalk Pooch Hotel/time_1200pm_co' is clicked on

2019-12-16 05:27:01 - [MESSAGE][PASSED] - Object: 'Object Repository/Page_Paradise 4 Paws  Dog Boarding Cat Boarding Norwalk Pooch Hotel/time_1200pm_co' is clicked on

2019-12-16 05:27:01 - [TEST_STEP][PASSED] - break: null

2019-12-16 05:27:01 - [TEST_STEP][PASSED] - delay(2): Delayed 2 second(s)

2019-12-16 05:27:03 - [MESSAGE][PASSED] - Delayed 2 second(s)

2019-12-16 05:27:03 - [TEST_STEP][PASSED] - if (arryPets.size() == 1): Object: 'Object Repository/object_reservation/Page_Paradise 4 Paws  Dog Boarding Cat Boarding Norwalk Pooch Hotel/div_Ares' is clicked on

2019-12-16 05:27:03 - [TEST_STEP][PASSED] - click(findTestObject("Object Repository/object_reservation/Page_Paradise 4 Paws  Dog Boarding Cat Boarding Norwalk Pooch Hotel/div_Ares")): Object: 'Object Repository/object_reservation/Page_Paradise 4 Paws  Dog Boarding Cat Boarding Norwalk Pooch Hotel/div_Ares' is clicked on

2019-12-16 05:27:04 - [MESSAGE][PASSED] - Object: 'Object Repository/object_reservation/Page_Paradise 4 Paws  Dog Boarding Cat Boarding Norwalk Pooch Hotel/div_Ares' is clicked on

2019-12-16 05:27:04 - [TEST_STEP][NOT_RUN] - click(findTestObject("object_reservations/i_Day_fa fa-circle-o ng-scope")): NOT_RUN: click(findTestObject("object_reservations/i_Day_fa fa-circle-o ng-scope"))

2019-12-16 05:27:04 - [MESSAGE][NOT_RUN] - NOT_RUN: click(findTestObject("object_reservations/i_Day_fa fa-circle-o ng-scope"))

2019-12-16 05:27:04 - [TEST_STEP][PASSED] - if (flagBoar == "1" || flagBoar == "2"): Object: 'Object Repository/object_reservation/div_suite_rad_deluxe' is clicked on

2019-12-16 05:27:04 - [TEST_STEP][PASSED] - click(findTestObject("Object Repository/object_reservation/div_suite_rad_deluxe")): Object: 'Object Repository/object_reservation/div_suite_rad_deluxe' is clicked on

2019-12-16 05:27:08 - [MESSAGE][PASSED] - Object: 'Object Repository/object_reservation/div_suite_rad_deluxe' is clicked on

2019-12-16 05:27:08 - [TEST_STEP][PASSED] - click(findTestObject("Object Repository/object_reservation/btn_next2")): Object: 'Object Repository/object_reservation/btn_next2' is clicked on

2019-12-16 05:27:10 - [MESSAGE][PASSED] - Object: 'Object Repository/object_reservation/btn_next2' is clicked on

2019-12-16 05:27:10 - [TEST_STEP][PASSED] - delay(3): Delayed 3 second(s)

2019-12-16 05:27:13 - [MESSAGE][PASSED] - Delayed 3 second(s)

2019-12-16 05:27:13 - [TEST_STEP][PASSED] - if (flagBoar == "1"): null

2019-12-16 05:27:13 - [TEST_STEP][PASSED] - delay(2): Delayed 2 second(s)

2019-12-16 05:27:15 - [MESSAGE][PASSED] - Delayed 2 second(s)

2019-12-16 05:27:15 - [TEST_STEP][PASSED] - click(findTestObject("Object Repository/object_reservation/btn_next2")): Object: 'Object Repository/object_reservation/btn_next2' is clicked on

2019-12-16 05:27:15 - [MESSAGE][PASSED] - Object: 'Object Repository/object_reservation/btn_next2' is clicked on

2019-12-16 05:27:15 - [TEST_STEP][PASSED] - click(findTestObject("Object Repository/object_reservation/button_Submit Reservation")): Object: 'Object Repository/object_reservation/button_Submit Reservation' is clicked on

2019-12-16 05:27:17 - [MESSAGE][PASSED] - Object: 'Object Repository/object_reservation/button_Submit Reservation' is clicked on

2019-12-16 05:27:17 - [TEST_STEP][PASSED] - delay(2): Delayed 2 second(s)

2019-12-16 05:27:19 - [MESSAGE][PASSED] - Delayed 2 second(s)

2019-12-16 05:27:19 - [TEST_STEP][PASSED] - if (flagBoar == "2" && var_repeatingEvery == "Daily" || var_repeatingEvery == "Monthly" || var_repeatingEvery == "Weekly"): null

2019-12-16 05:27:19 - [TEST_STEP][PASSED] - delay(2): Delayed 2 second(s)

2019-12-16 05:27:21 - [MESSAGE][PASSED] - Delayed 2 second(s)

2019-12-16 05:27:21 - [TEST_STEP][PASSED] - click(findTestObject("Object Repository/object_reservation/button_Return To Reservation")): Object: 'Object Repository/object_reservation/button_Return To Reservation' is clicked on

2019-12-16 05:27:22 - [MESSAGE][PASSED] - Object: 'Object Repository/object_reservation/button_Return To Reservation' is clicked on

2019-12-16 05:27:22 - [TEST_STEP][PASSED] - delay(6): Delayed 6 second(s)

2019-12-16 05:27:28 - [MESSAGE][PASSED] - Delayed 6 second(s)

2019-12-16 05:27:28 - [TEST_STEP][PASSED] - click(findTestObject("Object Repository/object_reservation/Page_Paradise 4 Paws  Dog Boarding Cat Boar_35fe2b/button_Go to CheckOut")): Object: 'Object Repository/object_reservation/Page_Paradise 4 Paws  Dog Boarding Cat Boar_35fe2b/button_Go to CheckOut' is clicked on

2019-12-16 05:27:30 - [MESSAGE][PASSED] - Object: 'Object Repository/object_reservation/Page_Paradise 4 Paws  Dog Boarding Cat Boar_35fe2b/button_Go to CheckOut' is clicked on

2019-12-16 05:27:30 - [TEST_STEP][PASSED] - delay(2): Delayed 2 second(s)

2019-12-16 05:27:32 - [MESSAGE][PASSED] - Delayed 2 second(s)

2019-12-16 05:27:32 - [TEST_STEP][PASSED] - log.logInfo(getText(findTestObject("Object Repository/object_reservation/Page_Paradise 4 Paws  Dog Boarding Cat Boar_35fe2b/span_( BK )"))): ( BK )

2019-12-16 05:27:33 - [MESSAGE][PASSED] - Text of object 'Object Repository/object_reservation/Page_Paradise 4 Paws  Dog Boarding Cat Boar_35fe2b/span_( BK )' is: '( BK )'

2019-12-16 05:27:33 - [MESSAGE][INFO] - ( BK )

2019-12-16 05:27:33 - [TEST_STEP][PASSED] - var_url = getUrl(): Current window's url is: 'https://p4p-qa-bg.aws.paradise4paws.com/frontdesk/checkout/1702510/?parent_id=122350'

2019-12-16 05:27:33 - [MESSAGE][PASSED] - Current window's url is: 'https://p4p-qa-bg.aws.paradise4paws.com/frontdesk/checkout/1702510/?parent_id=122350'

2019-12-16 05:27:33 - [TEST_STEP][PASSED] - arrayUrl = var_url.split("/"): null

2019-12-16 05:27:33 - [TEST_STEP][PASSED] - var = Integer.parseInt(var_idRowRes): null

2019-12-16 05:27:33 - [TEST_STEP][PASSED] - verifyElementText(findTestObject("Object Repository/object_reservation/Page_Paradise 4 Paws  Dog Boarding Cat Boar_35fe2b/span_( BK )"), "( BK )", STOP_ON_FAILURE): Actual text and expected text of test object 'Object Repository/object_reservation/Page_Paradise 4 Paws  Dog Boarding Cat Boar_35fe2b/span_( BK )' are matched.

2019-12-16 05:27:33 - [MESSAGE][PASSED] - Actual text and expected text of test object 'Object Repository/object_reservation/Page_Paradise 4 Paws  Dog Boarding Cat Boar_35fe2b/span_( BK )' are matched.

2019-12-16 05:27:33 - [TEST_STEP][PASSED] - fis = new java.io.FileInputStream(/home/leonardo-arkusmty/Desktop/P4P/DATA_AUTOMATINTESTING/data_1newReservationDaycare.xlsx): null

2019-12-16 05:27:33 - [TEST_STEP][PASSED] - workbook = new org.apache.poi.xssf.usermodel.XSSFWorkbook(fis): null

2019-12-16 05:27:33 - [TEST_STEP][PASSED] - sheet = workbook.getSheet("Sheet1"): null

2019-12-16 05:27:33 - [TEST_STEP][PASSED] - rowCount = var_row: null

2019-12-16 05:27:33 - [TEST_STEP][PASSED] - row = sheet.getRow(var): null

2019-12-16 05:27:33 - [TEST_STEP][PASSED] - cell = row.createCell(15, 0): null

2019-12-16 05:27:33 - [TEST_STEP][PASSED] - cell.setCellType(CELL_TYPE_STRING): null

2019-12-16 05:27:33 - [TEST_STEP][PASSED] - cell.setCellValue(arrayUrl[5]): null

2019-12-16 05:27:33 - [TEST_STEP][PASSED] - cell2 = row.createCell(16, 0): null

2019-12-16 05:27:33 - [TEST_STEP][PASSED] - cell2.setCellType(CELL_TYPE_STRING): null

2019-12-16 05:27:33 - [TEST_STEP][PASSED] - cell2.setCellValue(getText(findTestObject("Object Repository/object_reservation/Page_Paradise 4 Paws  Dog Boarding Cat Boar_35fe2b/span_( BK )"))): Text of object 'Object Repository/object_reservation/Page_Paradise 4 Paws  Dog Boarding Cat Boar_35fe2b/span_( BK )' is: '( BK )'

2019-12-16 05:27:34 - [MESSAGE][PASSED] - Text of object 'Object Repository/object_reservation/Page_Paradise 4 Paws  Dog Boarding Cat Boar_35fe2b/span_( BK )' is: '( BK )'

2019-12-16 05:27:34 - [TEST_STEP][PASSED] - fos = new java.io.FileOutputStream(/home/leonardo-arkusmty/Desktop/P4P/DATA_AUTOMATINTESTING/data_1newReservationDaycare.xlsx): null

2019-12-16 05:27:34 - [TEST_STEP][PASSED] - workbook.write(fos): null

2019-12-16 05:27:34 - [TEST_STEP][PASSED] - fos.close(): null

2019-12-16 05:27:34 - [TEST_STEP][PASSED] - delay(1): Delayed 1 second(s)

2019-12-16 05:27:35 - [MESSAGE][PASSED] - Delayed 1 second(s)

2019-12-16 05:27:35 - [TEST_STEP][PASSED] - (var_row++): null]]></system-out>
         <system-err><![CDATA[]]></system-err>
      </testcase>
      <testcase name="Test Cases/p4p_newReservationDaycare" time="74.627" classname="Test Cases/p4p_newReservationDaycare" status="PASSED">
         <system-out><![CDATA[2019-12-16 05:27:35 - [TEST_CASE][PASSED] - Test Cases/p4p_newReservationDaycare: Test Cases/p4p_newReservationDaycare

2019-12-16 05:27:35 - [TEST_STEP][PASSED] - openBrowser("https://p4p-qa-bg.aws.paradise4paws.com/login/"): Browser is opened with url: 'https://p4p-qa-bg.aws.paradise4paws.com/login/'

2019-12-16 05:27:35 - [MESSAGE][WARNING] - A browser is already opened. Closing browser and opening a new one

2019-12-16 05:27:35 - [MESSAGE][INFO] - Starting 'Firefox' driver

2019-12-16 05:27:39 - [MESSAGE][PASSED] - Browser is opened with url: 'https://p4p-qa-bg.aws.paradise4paws.com/login/'

2019-12-16 05:27:39 - [TEST_STEP][PASSED] - setText(findTestObject("Object Repository/object_login/input_user"), var_user): Text 'jegchavez@gmail.com' is set on object 'Object Repository/object_login/input_user'

2019-12-16 05:27:39 - [MESSAGE][PASSED] - Text 'jegchavez@gmail.com' is set on object 'Object Repository/object_login/input_user'

2019-12-16 05:27:39 - [TEST_STEP][PASSED] - setText(findTestObject("Object Repository/object_login/input_pass"), var_pass): Text 'admin1' is set on object 'Object Repository/object_login/input_pass'

2019-12-16 05:27:40 - [MESSAGE][PASSED] - Text 'admin1' is set on object 'Object Repository/object_login/input_pass'

2019-12-16 05:27:40 - [TEST_STEP][PASSED] - delay(2): Delayed 2 second(s)

2019-12-16 05:27:42 - [MESSAGE][PASSED] - Delayed 2 second(s)

2019-12-16 05:27:42 - [TEST_STEP][PASSED] - verifyElementClickable(findTestObject("Object Repository/object_login/btn_login")): Object 'Object Repository/object_login/btn_login' is clickable

2019-12-16 05:27:42 - [MESSAGE][PASSED] - Object 'Object Repository/object_login/btn_login' is clickable

2019-12-16 05:27:42 - [TEST_STEP][PASSED] - click(findTestObject("Object Repository/object_login/btn_login")): Object: 'Object Repository/object_login/btn_login' is clicked on

2019-12-16 05:27:45 - [MESSAGE][PASSED] - Object: 'Object Repository/object_login/btn_login' is clicked on

2019-12-16 05:27:45 - [TEST_STEP][PASSED] - delay(2): Delayed 2 second(s)

2019-12-16 05:27:47 - [MESSAGE][PASSED] - Delayed 2 second(s)

2019-12-16 05:27:47 - [TEST_STEP][PASSED] - setText(findTestObject("Object Repository/object_dashboard_emp/input_search"), var_searchParent): Text 'leongarzagarza@hotmail.com' is set on object 'Object Repository/object_dashboard_emp/input_search'

2019-12-16 05:27:47 - [MESSAGE][PASSED] - Text 'leongarzagarza@hotmail.com' is set on object 'Object Repository/object_dashboard_emp/input_search'

2019-12-16 05:27:47 - [TEST_STEP][PASSED] - click(findTestObject("Object Repository/object_dashboard_emp/btn_accountSearch")): Object: 'Object Repository/object_dashboard_emp/btn_accountSearch' is clicked on

2019-12-16 05:27:48 - [MESSAGE][PASSED] - Object: 'Object Repository/object_dashboard_emp/btn_accountSearch' is clicked on

2019-12-16 05:27:48 - [TEST_STEP][PASSED] - delay(2): Delayed 2 second(s)

2019-12-16 05:27:50 - [MESSAGE][PASSED] - Delayed 2 second(s)

2019-12-16 05:27:50 - [TEST_STEP][PASSED] - click(findTestObject("Object Repository/object_accountInformation/a_TEST GABRIEL PROD")): Object: 'Object Repository/object_accountInformation/a_TEST GABRIEL PROD' is clicked on

2019-12-16 05:27:54 - [MESSAGE][PASSED] - Object: 'Object Repository/object_accountInformation/a_TEST GABRIEL PROD' is clicked on

2019-12-16 05:27:54 - [TEST_STEP][PASSED] - delay(2): Delayed 2 second(s)

2019-12-16 05:27:56 - [MESSAGE][PASSED] - Delayed 2 second(s)

2019-12-16 05:27:56 - [TEST_STEP][PASSED] - var_url = getUrl(): Current window's url is: 'https://p4p-qa-bg.aws.paradise4paws.com/accounts/profile/#/reservations/122350/'

2019-12-16 05:27:56 - [MESSAGE][PASSED] - Current window's url is: 'https://p4p-qa-bg.aws.paradise4paws.com/accounts/profile/#/reservations/122350/'

2019-12-16 05:27:56 - [TEST_STEP][PASSED] - log0 = new com.kms.katalon.core.logging.KeywordLogger(): null

2019-12-16 05:27:56 - [TEST_STEP][PASSED] - arrUrl = var_url.split("/"): null

2019-12-16 05:27:56 - [TEST_STEP][PASSED] - idParent = arrUrl[7]: null

2019-12-16 05:27:56 - [TEST_STEP][PASSED] - click(findTestObject("Object Repository/object_profile/a_addReservation")): Object: 'Object Repository/object_profile/a_addReservation' is clicked on

2019-12-16 05:27:57 - [MESSAGE][PASSED] - Object: 'Object Repository/object_profile/a_addReservation' is clicked on

2019-12-16 05:27:57 - [TEST_STEP][PASSED] - delay(2): Delayed 2 second(s)

2019-12-16 05:27:59 - [MESSAGE][PASSED] - Delayed 2 second(s)

2019-12-16 05:27:59 - [TEST_STEP][PASSED] - flagBoar = "0": null

2019-12-16 05:27:59 - [TEST_STEP][PASSED] - log = new com.kms.katalon.core.logging.KeywordLogger(): null

2019-12-16 05:27:59 - [TEST_STEP][PASSED] - if (var_typeReserveation == "Boarding"): null

2019-12-16 05:27:59 - [TEST_STEP][PASSED] - else if (var_typeReserveation == "Daycare"): Object: 'Object Repository/object_reservation/btn_Daycare' is clicked on

2019-12-16 05:27:59 - [TEST_STEP][PASSED] - flagBoar = "2": null

2019-12-16 05:27:59 - [TEST_STEP][PASSED] - click(findTestObject("object_reservation/btn_Daycare")): Object: 'Object Repository/object_reservation/btn_Daycare' is clicked on

2019-12-16 05:28:00 - [MESSAGE][PASSED] - Object: 'Object Repository/object_reservation/btn_Daycare' is clicked on

2019-12-16 05:28:00 - [TEST_STEP][PASSED] - click(findTestObject("Object Repository/object_reservation/i_location")): Object: 'Object Repository/object_reservation/i_location' is clicked on

2019-12-16 05:28:02 - [MESSAGE][PASSED] - Object: 'Object Repository/object_reservation/i_location' is clicked on

2019-12-16 05:28:02 - [TEST_STEP][PASSED] - switch (var_idFacility): null

2019-12-16 05:28:02 - [TEST_STEP][PASSED] - dateCI = var_checkinD.split(","): null

2019-12-16 05:28:02 - [TEST_STEP][PASSED] - dateCO = var_checkoutD.split(","): null

2019-12-16 05:28:02 - [TEST_STEP][PASSED] - arryPets = var_pets.split(","): null

2019-12-16 05:28:02 - [TEST_STEP][PASSED] - delay(2): Delayed 2 second(s)

2019-12-16 05:28:04 - [MESSAGE][PASSED] - Delayed 2 second(s)

2019-12-16 05:28:04 - [TEST_STEP][PASSED] - if (var_repeting == "Y"): null

2019-12-16 05:28:04 - [TEST_STEP][PASSED] - click(findTestObject("Object Repository/object_reservation/dateCheckIn")): Object: 'Object Repository/object_reservation/dateCheckIn' is clicked on

2019-12-16 05:28:05 - [MESSAGE][PASSED] - Object: 'Object Repository/object_reservation/dateCheckIn' is clicked on

2019-12-16 05:28:05 - [TEST_STEP][PASSED] - stringCI2020 = "0": null

2019-12-16 05:28:05 - [TEST_STEP][PASSED] - stringC02020 = "0": null

2019-12-16 05:28:05 - [TEST_STEP][PASSED] - if (dateCI[0] == "16" && dateCI[1] == "01" && dateCI[2] == "2020"): null

2019-12-16 05:28:05 - [TEST_STEP][PASSED] - if (dateCI[0] == "18" && dateCI[1] == "02" && dateCI[2] == "2020"): null

2019-12-16 05:28:05 - [TEST_STEP][PASSED] - if (dateCI[0] == "21" && dateCI[1] == "03" && dateCI[2] == "2020"): null

2019-12-16 05:28:05 - [TEST_STEP][PASSED] - delay(2): Delayed 2 second(s)

2019-12-16 05:28:07 - [MESSAGE][PASSED] - Delayed 2 second(s)

2019-12-16 05:28:07 - [TEST_STEP][PASSED] - if (stringCI2020 == "0"): null

2019-12-16 05:28:07 - [TEST_STEP][PASSED] - switch (dateCI[0]): null

2019-12-16 05:28:07 - [TEST_STEP][PASSED] - case "8":: null

2019-12-16 05:28:07 - [TEST_STEP][PASSED] - click(findTestObject("Object Repository/Page_Paradise 4 Paws  Dog Boarding Cat Boarding Norwalk Pooch Hotel/button_08_ci")): Object: 'Object Repository/Page_Paradise 4 Paws  Dog Boarding Cat Boarding Norwalk Pooch Hotel/button_08_ci' is clicked on

2019-12-16 05:28:08 - [MESSAGE][PASSED] - Object: 'Object Repository/Page_Paradise 4 Paws  Dog Boarding Cat Boarding Norwalk Pooch Hotel/button_08_ci' is clicked on

2019-12-16 05:28:08 - [TEST_STEP][PASSED] - break: null

2019-12-16 05:28:08 - [TEST_STEP][PASSED] - if (flagBoar == "1" || flagBoar == "2" && var_repeatingEvery == "Daily" || flagBoar == "2" && var_repeatingEvery == "Weekly" || flagBoar == "2" && var_repeatingEvery == "Monthly"): null

2019-12-16 05:28:08 - [TEST_STEP][NOT_RUN] - click(findTestObject("Object Repository/object_reservationCalendar/CO_close")): NOT_RUN: click(findTestObject("Object Repository/object_reservationCalendar/CO_close"))

2019-12-16 05:28:08 - [MESSAGE][NOT_RUN] - NOT_RUN: click(findTestObject("Object Repository/object_reservationCalendar/CO_close"))

2019-12-16 05:28:08 - [TEST_STEP][PASSED] - click(findTestObject("Object Repository/object_reservation/timeCheckin")): Object: 'Object Repository/object_reservation/timeCheckin' is clicked on

2019-12-16 05:28:08 - [MESSAGE][PASSED] - Object: 'Object Repository/object_reservation/timeCheckin' is clicked on

2019-12-16 05:28:08 - [TEST_STEP][PASSED] - switch (var_checkinT): null

2019-12-16 05:28:08 - [TEST_STEP][PASSED] - case "800":: null

2019-12-16 05:28:08 - [TEST_STEP][PASSED] - click(findTestObject("Object Repository/Page_Paradise 4 Paws  Dog Boarding Cat Boarding Norwalk Pooch Hotel/time_800am_ci")): Object: 'Object Repository/Page_Paradise 4 Paws  Dog Boarding Cat Boarding Norwalk Pooch Hotel/time_800am_ci' is clicked on

2019-12-16 05:28:09 - [MESSAGE][PASSED] - Object: 'Object Repository/Page_Paradise 4 Paws  Dog Boarding Cat Boarding Norwalk Pooch Hotel/time_800am_ci' is clicked on

2019-12-16 05:28:09 - [TEST_STEP][PASSED] - break: null

2019-12-16 05:28:09 - [TEST_STEP][PASSED] - click(findTestObject("Object Repository/object_reservation/timeCheckOut")): Object: 'Object Repository/object_reservation/timeCheckOut' is clicked on

2019-12-16 05:28:10 - [MESSAGE][PASSED] - Object: 'Object Repository/object_reservation/timeCheckOut' is clicked on

2019-12-16 05:28:10 - [TEST_STEP][PASSED] - switch (var_checkoutT): null

2019-12-16 05:28:10 - [TEST_STEP][PASSED] - case "1200":: null

2019-12-16 05:28:10 - [TEST_STEP][PASSED] - click(findTestObject("Object Repository/Page_Paradise 4 Paws  Dog Boarding Cat Boarding Norwalk Pooch Hotel/time_1200pm_co")): Object: 'Object Repository/Page_Paradise 4 Paws  Dog Boarding Cat Boarding Norwalk Pooch Hotel/time_1200pm_co' is clicked on

2019-12-16 05:28:10 - [MESSAGE][PASSED] - Object: 'Object Repository/Page_Paradise 4 Paws  Dog Boarding Cat Boarding Norwalk Pooch Hotel/time_1200pm_co' is clicked on

2019-12-16 05:28:10 - [TEST_STEP][PASSED] - break: null

2019-12-16 05:28:10 - [TEST_STEP][PASSED] - delay(2): Delayed 2 second(s)

2019-12-16 05:28:12 - [MESSAGE][PASSED] - Delayed 2 second(s)

2019-12-16 05:28:12 - [TEST_STEP][PASSED] - if (arryPets.size() == 1): null

2019-12-16 05:28:12 - [TEST_STEP][PASSED] - else if (arryPets.size() == 2): Object: 'Object Repository/object_reservation/div_Zeus' is clicked on

2019-12-16 05:28:12 - [TEST_STEP][PASSED] - click(findTestObject("object_reservation/Page_Paradise 4 Paws  Dog Boarding Cat Boarding Norwalk Pooch Hotel/div_Ares")): Object: 'Object Repository/object_reservation/Page_Paradise 4 Paws  Dog Boarding Cat Boarding Norwalk Pooch Hotel/div_Ares' is clicked on

2019-12-16 05:28:14 - [MESSAGE][PASSED] - Object: 'Object Repository/object_reservation/Page_Paradise 4 Paws  Dog Boarding Cat Boarding Norwalk Pooch Hotel/div_Ares' is clicked on

2019-12-16 05:28:14 - [TEST_STEP][PASSED] - click(findTestObject("object_reservation/div_Zeus")): Object: 'Object Repository/object_reservation/div_Zeus' is clicked on

2019-12-16 05:28:18 - [MESSAGE][PASSED] - Object: 'Object Repository/object_reservation/div_Zeus' is clicked on

2019-12-16 05:28:18 - [TEST_STEP][NOT_RUN] - click(findTestObject("object_reservations/i_Day_fa fa-circle-o ng-scope")): NOT_RUN: click(findTestObject("object_reservations/i_Day_fa fa-circle-o ng-scope"))

2019-12-16 05:28:18 - [MESSAGE][NOT_RUN] - NOT_RUN: click(findTestObject("object_reservations/i_Day_fa fa-circle-o ng-scope"))

2019-12-16 05:28:18 - [TEST_STEP][PASSED] - if (flagBoar == "1" || flagBoar == "2"): Object: 'Object Repository/object_reservation/div_suite_rad_deluxe' is clicked on

2019-12-16 05:28:18 - [TEST_STEP][PASSED] - click(findTestObject("Object Repository/object_reservation/div_suite_rad_deluxe")): Object: 'Object Repository/object_reservation/div_suite_rad_deluxe' is clicked on

2019-12-16 05:28:21 - [MESSAGE][PASSED] - Object: 'Object Repository/object_reservation/div_suite_rad_deluxe' is clicked on

2019-12-16 05:28:21 - [TEST_STEP][PASSED] - click(findTestObject("Object Repository/object_reservation/btn_next2")): Object: 'Object Repository/object_reservation/btn_next2' is clicked on

2019-12-16 05:28:24 - [MESSAGE][PASSED] - Object: 'Object Repository/object_reservation/btn_next2' is clicked on

2019-12-16 05:28:24 - [TEST_STEP][PASSED] - delay(3): Delayed 3 second(s)

2019-12-16 05:28:27 - [MESSAGE][PASSED] - Delayed 3 second(s)

2019-12-16 05:28:27 - [TEST_STEP][PASSED] - if (flagBoar == "1"): null

2019-12-16 05:28:27 - [TEST_STEP][PASSED] - delay(2): Delayed 2 second(s)

2019-12-16 05:28:29 - [MESSAGE][PASSED] - Delayed 2 second(s)

2019-12-16 05:28:29 - [TEST_STEP][PASSED] - click(findTestObject("Object Repository/object_reservation/btn_next2")): Object: 'Object Repository/object_reservation/btn_next2' is clicked on

2019-12-16 05:28:29 - [MESSAGE][PASSED] - Object: 'Object Repository/object_reservation/btn_next2' is clicked on

2019-12-16 05:28:29 - [TEST_STEP][PASSED] - click(findTestObject("Object Repository/object_reservation/button_Submit Reservation")): Object: 'Object Repository/object_reservation/button_Submit Reservation' is clicked on

2019-12-16 05:28:32 - [MESSAGE][PASSED] - Object: 'Object Repository/object_reservation/button_Submit Reservation' is clicked on

2019-12-16 05:28:32 - [TEST_STEP][PASSED] - delay(2): Delayed 2 second(s)

2019-12-16 05:28:34 - [MESSAGE][PASSED] - Delayed 2 second(s)

2019-12-16 05:28:34 - [TEST_STEP][PASSED] - if (flagBoar == "2" && var_repeatingEvery == "Daily" || var_repeatingEvery == "Monthly" || var_repeatingEvery == "Weekly"): null

2019-12-16 05:28:34 - [TEST_STEP][PASSED] - delay(2): Delayed 2 second(s)

2019-12-16 05:28:36 - [MESSAGE][PASSED] - Delayed 2 second(s)

2019-12-16 05:28:36 - [TEST_STEP][PASSED] - click(findTestObject("Object Repository/object_reservation/button_Return To Reservation")): Object: 'Object Repository/object_reservation/button_Return To Reservation' is clicked on

2019-12-16 05:28:38 - [MESSAGE][PASSED] - Object: 'Object Repository/object_reservation/button_Return To Reservation' is clicked on

2019-12-16 05:28:38 - [TEST_STEP][PASSED] - delay(6): Delayed 6 second(s)

2019-12-16 05:28:44 - [MESSAGE][PASSED] - Delayed 6 second(s)

2019-12-16 05:28:44 - [TEST_STEP][PASSED] - click(findTestObject("Object Repository/object_reservation/Page_Paradise 4 Paws  Dog Boarding Cat Boar_35fe2b/button_Go to CheckOut")): Object: 'Object Repository/object_reservation/Page_Paradise 4 Paws  Dog Boarding Cat Boar_35fe2b/button_Go to CheckOut' is clicked on

2019-12-16 05:28:45 - [MESSAGE][PASSED] - Object: 'Object Repository/object_reservation/Page_Paradise 4 Paws  Dog Boarding Cat Boar_35fe2b/button_Go to CheckOut' is clicked on

2019-12-16 05:28:45 - [TEST_STEP][PASSED] - delay(2): Delayed 2 second(s)

2019-12-16 05:28:47 - [MESSAGE][PASSED] - Delayed 2 second(s)

2019-12-16 05:28:47 - [TEST_STEP][PASSED] - log.logInfo(getText(findTestObject("Object Repository/object_reservation/Page_Paradise 4 Paws  Dog Boarding Cat Boar_35fe2b/span_( BK )"))): ( BK )

2019-12-16 05:28:48 - [MESSAGE][PASSED] - Text of object 'Object Repository/object_reservation/Page_Paradise 4 Paws  Dog Boarding Cat Boar_35fe2b/span_( BK )' is: '( BK )'

2019-12-16 05:28:48 - [MESSAGE][INFO] - ( BK )

2019-12-16 05:28:48 - [TEST_STEP][PASSED] - var_url = getUrl(): Current window's url is: 'https://p4p-qa-bg.aws.paradise4paws.com/frontdesk/checkout/1702511/?parent_id=122350'

2019-12-16 05:28:48 - [MESSAGE][PASSED] - Current window's url is: 'https://p4p-qa-bg.aws.paradise4paws.com/frontdesk/checkout/1702511/?parent_id=122350'

2019-12-16 05:28:48 - [TEST_STEP][PASSED] - arrayUrl = var_url.split("/"): null

2019-12-16 05:28:48 - [TEST_STEP][PASSED] - var = Integer.parseInt(var_idRowRes): null

2019-12-16 05:28:48 - [TEST_STEP][PASSED] - verifyElementText(findTestObject("Object Repository/object_reservation/Page_Paradise 4 Paws  Dog Boarding Cat Boar_35fe2b/span_( BK )"), "( BK )", STOP_ON_FAILURE): Actual text and expected text of test object 'Object Repository/object_reservation/Page_Paradise 4 Paws  Dog Boarding Cat Boar_35fe2b/span_( BK )' are matched.

2019-12-16 05:28:48 - [MESSAGE][PASSED] - Actual text and expected text of test object 'Object Repository/object_reservation/Page_Paradise 4 Paws  Dog Boarding Cat Boar_35fe2b/span_( BK )' are matched.

2019-12-16 05:28:48 - [TEST_STEP][PASSED] - fis = new java.io.FileInputStream(/home/leonardo-arkusmty/Desktop/P4P/DATA_AUTOMATINTESTING/data_1newReservationDaycare.xlsx): null

2019-12-16 05:28:48 - [TEST_STEP][PASSED] - workbook = new org.apache.poi.xssf.usermodel.XSSFWorkbook(fis): null

2019-12-16 05:28:48 - [TEST_STEP][PASSED] - sheet = workbook.getSheet("Sheet1"): null

2019-12-16 05:28:48 - [TEST_STEP][PASSED] - rowCount = var_row: null

2019-12-16 05:28:48 - [TEST_STEP][PASSED] - row = sheet.getRow(var): null

2019-12-16 05:28:48 - [TEST_STEP][PASSED] - cell = row.createCell(15, 0): null

2019-12-16 05:28:48 - [TEST_STEP][PASSED] - cell.setCellType(CELL_TYPE_STRING): null

2019-12-16 05:28:48 - [TEST_STEP][PASSED] - cell.setCellValue(arrayUrl[5]): null

2019-12-16 05:28:48 - [TEST_STEP][PASSED] - cell2 = row.createCell(16, 0): null

2019-12-16 05:28:48 - [TEST_STEP][PASSED] - cell2.setCellType(CELL_TYPE_STRING): null

2019-12-16 05:28:48 - [TEST_STEP][PASSED] - cell2.setCellValue(getText(findTestObject("Object Repository/object_reservation/Page_Paradise 4 Paws  Dog Boarding Cat Boar_35fe2b/span_( BK )"))): Text of object 'Object Repository/object_reservation/Page_Paradise 4 Paws  Dog Boarding Cat Boar_35fe2b/span_( BK )' is: '( BK )'

2019-12-16 05:28:48 - [MESSAGE][PASSED] - Text of object 'Object Repository/object_reservation/Page_Paradise 4 Paws  Dog Boarding Cat Boar_35fe2b/span_( BK )' is: '( BK )'

2019-12-16 05:28:48 - [TEST_STEP][PASSED] - fos = new java.io.FileOutputStream(/home/leonardo-arkusmty/Desktop/P4P/DATA_AUTOMATINTESTING/data_1newReservationDaycare.xlsx): null

2019-12-16 05:28:48 - [TEST_STEP][PASSED] - workbook.write(fos): null

2019-12-16 05:28:48 - [TEST_STEP][PASSED] - fos.close(): null

2019-12-16 05:28:48 - [TEST_STEP][PASSED] - delay(1): Delayed 1 second(s)

2019-12-16 05:28:49 - [MESSAGE][PASSED] - Delayed 1 second(s)

2019-12-16 05:28:49 - [TEST_STEP][PASSED] - (var_row++): null]]></system-out>
         <system-err><![CDATA[]]></system-err>
      </testcase>
      <testcase name="Test Cases/p4p_newReservationDaycare" time="79.705" classname="Test Cases/p4p_newReservationDaycare" status="PASSED">
         <system-out><![CDATA[2019-12-16 05:28:49 - [TEST_CASE][PASSED] - Test Cases/p4p_newReservationDaycare: Test Cases/p4p_newReservationDaycare

2019-12-16 05:28:49 - [TEST_STEP][PASSED] - openBrowser("https://p4p-qa-bg.aws.paradise4paws.com/login/"): Browser is opened with url: 'https://p4p-qa-bg.aws.paradise4paws.com/login/'

2019-12-16 05:28:49 - [MESSAGE][WARNING] - A browser is already opened. Closing browser and opening a new one

2019-12-16 05:28:50 - [MESSAGE][INFO] - Starting 'Firefox' driver

2019-12-16 05:28:54 - [MESSAGE][PASSED] - Browser is opened with url: 'https://p4p-qa-bg.aws.paradise4paws.com/login/'

2019-12-16 05:28:54 - [TEST_STEP][PASSED] - setText(findTestObject("Object Repository/object_login/input_user"), var_user): Text 'jegchavez@gmail.com' is set on object 'Object Repository/object_login/input_user'

2019-12-16 05:28:54 - [MESSAGE][PASSED] - Text 'jegchavez@gmail.com' is set on object 'Object Repository/object_login/input_user'

2019-12-16 05:28:54 - [TEST_STEP][PASSED] - setText(findTestObject("Object Repository/object_login/input_pass"), var_pass): Text 'admin1' is set on object 'Object Repository/object_login/input_pass'

2019-12-16 05:28:55 - [MESSAGE][PASSED] - Text 'admin1' is set on object 'Object Repository/object_login/input_pass'

2019-12-16 05:28:55 - [TEST_STEP][PASSED] - delay(2): Delayed 2 second(s)

2019-12-16 05:28:57 - [MESSAGE][PASSED] - Delayed 2 second(s)

2019-12-16 05:28:57 - [TEST_STEP][PASSED] - verifyElementClickable(findTestObject("Object Repository/object_login/btn_login")): Object 'Object Repository/object_login/btn_login' is clickable

2019-12-16 05:28:57 - [MESSAGE][PASSED] - Object 'Object Repository/object_login/btn_login' is clickable

2019-12-16 05:28:57 - [TEST_STEP][PASSED] - click(findTestObject("Object Repository/object_login/btn_login")): Object: 'Object Repository/object_login/btn_login' is clicked on

2019-12-16 05:28:59 - [MESSAGE][PASSED] - Object: 'Object Repository/object_login/btn_login' is clicked on

2019-12-16 05:28:59 - [TEST_STEP][PASSED] - delay(2): Delayed 2 second(s)

2019-12-16 05:29:01 - [MESSAGE][PASSED] - Delayed 2 second(s)

2019-12-16 05:29:01 - [TEST_STEP][PASSED] - setText(findTestObject("Object Repository/object_dashboard_emp/input_search"), var_searchParent): Text 'leongarzagarza@hotmail.com' is set on object 'Object Repository/object_dashboard_emp/input_search'

2019-12-16 05:29:02 - [MESSAGE][PASSED] - Text 'leongarzagarza@hotmail.com' is set on object 'Object Repository/object_dashboard_emp/input_search'

2019-12-16 05:29:02 - [TEST_STEP][PASSED] - click(findTestObject("Object Repository/object_dashboard_emp/btn_accountSearch")): Object: 'Object Repository/object_dashboard_emp/btn_accountSearch' is clicked on

2019-12-16 05:29:03 - [MESSAGE][PASSED] - Object: 'Object Repository/object_dashboard_emp/btn_accountSearch' is clicked on

2019-12-16 05:29:03 - [TEST_STEP][PASSED] - delay(2): Delayed 2 second(s)

2019-12-16 05:29:05 - [MESSAGE][PASSED] - Delayed 2 second(s)

2019-12-16 05:29:05 - [TEST_STEP][PASSED] - click(findTestObject("Object Repository/object_accountInformation/a_TEST GABRIEL PROD")): Object: 'Object Repository/object_accountInformation/a_TEST GABRIEL PROD' is clicked on

2019-12-16 05:29:09 - [MESSAGE][PASSED] - Object: 'Object Repository/object_accountInformation/a_TEST GABRIEL PROD' is clicked on

2019-12-16 05:29:09 - [TEST_STEP][PASSED] - delay(2): Delayed 2 second(s)

2019-12-16 05:29:11 - [MESSAGE][PASSED] - Delayed 2 second(s)

2019-12-16 05:29:11 - [TEST_STEP][PASSED] - var_url = getUrl(): Current window's url is: 'https://p4p-qa-bg.aws.paradise4paws.com/accounts/profile/#/reservations/122350/'

2019-12-16 05:29:11 - [MESSAGE][PASSED] - Current window's url is: 'https://p4p-qa-bg.aws.paradise4paws.com/accounts/profile/#/reservations/122350/'

2019-12-16 05:29:11 - [TEST_STEP][PASSED] - log0 = new com.kms.katalon.core.logging.KeywordLogger(): null

2019-12-16 05:29:11 - [TEST_STEP][PASSED] - arrUrl = var_url.split("/"): null

2019-12-16 05:29:11 - [TEST_STEP][PASSED] - idParent = arrUrl[7]: null

2019-12-16 05:29:11 - [TEST_STEP][PASSED] - click(findTestObject("Object Repository/object_profile/a_addReservation")): Object: 'Object Repository/object_profile/a_addReservation' is clicked on

2019-12-16 05:29:12 - [MESSAGE][PASSED] - Object: 'Object Repository/object_profile/a_addReservation' is clicked on

2019-12-16 05:29:12 - [TEST_STEP][PASSED] - delay(2): Delayed 2 second(s)

2019-12-16 05:29:14 - [MESSAGE][PASSED] - Delayed 2 second(s)

2019-12-16 05:29:14 - [TEST_STEP][PASSED] - flagBoar = "0": null

2019-12-16 05:29:14 - [TEST_STEP][PASSED] - log = new com.kms.katalon.core.logging.KeywordLogger(): null

2019-12-16 05:29:14 - [TEST_STEP][PASSED] - if (var_typeReserveation == "Boarding"): null

2019-12-16 05:29:14 - [TEST_STEP][PASSED] - else if (var_typeReserveation == "Daycare"): Object: 'Object Repository/object_reservation/btn_Daycare' is clicked on

2019-12-16 05:29:14 - [TEST_STEP][PASSED] - flagBoar = "2": null

2019-12-16 05:29:14 - [TEST_STEP][PASSED] - click(findTestObject("object_reservation/btn_Daycare")): Object: 'Object Repository/object_reservation/btn_Daycare' is clicked on

2019-12-16 05:29:15 - [MESSAGE][PASSED] - Object: 'Object Repository/object_reservation/btn_Daycare' is clicked on

2019-12-16 05:29:15 - [TEST_STEP][PASSED] - click(findTestObject("Object Repository/object_reservation/i_location")): Object: 'Object Repository/object_reservation/i_location' is clicked on

2019-12-16 05:29:17 - [MESSAGE][PASSED] - Object: 'Object Repository/object_reservation/i_location' is clicked on

2019-12-16 05:29:17 - [TEST_STEP][PASSED] - switch (var_idFacility): null

2019-12-16 05:29:17 - [TEST_STEP][PASSED] - dateCI = var_checkinD.split(","): null

2019-12-16 05:29:17 - [TEST_STEP][PASSED] - dateCO = var_checkoutD.split(","): null

2019-12-16 05:29:17 - [TEST_STEP][PASSED] - arryPets = var_pets.split(","): null

2019-12-16 05:29:17 - [TEST_STEP][PASSED] - delay(2): Delayed 2 second(s)

2019-12-16 05:29:19 - [MESSAGE][PASSED] - Delayed 2 second(s)

2019-12-16 05:29:19 - [TEST_STEP][PASSED] - if (var_repeting == "Y"): null

2019-12-16 05:29:19 - [TEST_STEP][PASSED] - click(findTestObject("Object Repository/object_reservation/dateCheckIn")): Object: 'Object Repository/object_reservation/dateCheckIn' is clicked on

2019-12-16 05:29:20 - [MESSAGE][PASSED] - Object: 'Object Repository/object_reservation/dateCheckIn' is clicked on

2019-12-16 05:29:20 - [TEST_STEP][PASSED] - stringCI2020 = "0": null

2019-12-16 05:29:20 - [TEST_STEP][PASSED] - stringC02020 = "0": null

2019-12-16 05:29:20 - [TEST_STEP][PASSED] - if (dateCI[0] == "16" && dateCI[1] == "01" && dateCI[2] == "2020"): null

2019-12-16 05:29:20 - [TEST_STEP][PASSED] - if (dateCI[0] == "18" && dateCI[1] == "02" && dateCI[2] == "2020"): null

2019-12-16 05:29:20 - [TEST_STEP][PASSED] - if (dateCI[0] == "21" && dateCI[1] == "03" && dateCI[2] == "2020"): null

2019-12-16 05:29:20 - [TEST_STEP][PASSED] - delay(2): Delayed 2 second(s)

2019-12-16 05:29:22 - [MESSAGE][PASSED] - Delayed 2 second(s)

2019-12-16 05:29:22 - [TEST_STEP][PASSED] - if (stringCI2020 == "0"): null

2019-12-16 05:29:22 - [TEST_STEP][PASSED] - switch (dateCI[0]): null

2019-12-16 05:29:22 - [TEST_STEP][PASSED] - case "9":: null

2019-12-16 05:29:22 - [TEST_STEP][PASSED] - click(findTestObject("Object Repository/Page_Paradise 4 Paws  Dog Boarding Cat Boarding Norwalk Pooch Hotel/button_09_ci")): Object: 'Object Repository/Page_Paradise 4 Paws  Dog Boarding Cat Boarding Norwalk Pooch Hotel/button_09_ci' is clicked on

2019-12-16 05:29:22 - [MESSAGE][PASSED] - Object: 'Object Repository/Page_Paradise 4 Paws  Dog Boarding Cat Boarding Norwalk Pooch Hotel/button_09_ci' is clicked on

2019-12-16 05:29:22 - [TEST_STEP][PASSED] - break: null

2019-12-16 05:29:22 - [TEST_STEP][PASSED] - if (flagBoar == "1" || flagBoar == "2" && var_repeatingEvery == "Daily" || flagBoar == "2" && var_repeatingEvery == "Weekly" || flagBoar == "2" && var_repeatingEvery == "Monthly"): null

2019-12-16 05:29:22 - [TEST_STEP][NOT_RUN] - click(findTestObject("Object Repository/object_reservationCalendar/CO_close")): NOT_RUN: click(findTestObject("Object Repository/object_reservationCalendar/CO_close"))

2019-12-16 05:29:22 - [MESSAGE][NOT_RUN] - NOT_RUN: click(findTestObject("Object Repository/object_reservationCalendar/CO_close"))

2019-12-16 05:29:22 - [TEST_STEP][PASSED] - click(findTestObject("Object Repository/object_reservation/timeCheckin")): Object: 'Object Repository/object_reservation/timeCheckin' is clicked on

2019-12-16 05:29:23 - [MESSAGE][PASSED] - Object: 'Object Repository/object_reservation/timeCheckin' is clicked on

2019-12-16 05:29:23 - [TEST_STEP][PASSED] - switch (var_checkinT): null

2019-12-16 05:29:23 - [TEST_STEP][PASSED] - case "800":: null

2019-12-16 05:29:23 - [TEST_STEP][PASSED] - click(findTestObject("Object Repository/Page_Paradise 4 Paws  Dog Boarding Cat Boarding Norwalk Pooch Hotel/time_800am_ci")): Object: 'Object Repository/Page_Paradise 4 Paws  Dog Boarding Cat Boarding Norwalk Pooch Hotel/time_800am_ci' is clicked on

2019-12-16 05:29:24 - [MESSAGE][PASSED] - Object: 'Object Repository/Page_Paradise 4 Paws  Dog Boarding Cat Boarding Norwalk Pooch Hotel/time_800am_ci' is clicked on

2019-12-16 05:29:24 - [TEST_STEP][PASSED] - break: null

2019-12-16 05:29:24 - [TEST_STEP][PASSED] - click(findTestObject("Object Repository/object_reservation/timeCheckOut")): Object: 'Object Repository/object_reservation/timeCheckOut' is clicked on

2019-12-16 05:29:24 - [MESSAGE][PASSED] - Object: 'Object Repository/object_reservation/timeCheckOut' is clicked on

2019-12-16 05:29:24 - [TEST_STEP][PASSED] - switch (var_checkoutT): null

2019-12-16 05:29:24 - [TEST_STEP][PASSED] - case "1200":: null

2019-12-16 05:29:24 - [TEST_STEP][PASSED] - click(findTestObject("Object Repository/Page_Paradise 4 Paws  Dog Boarding Cat Boarding Norwalk Pooch Hotel/time_1200pm_co")): Object: 'Object Repository/Page_Paradise 4 Paws  Dog Boarding Cat Boarding Norwalk Pooch Hotel/time_1200pm_co' is clicked on

2019-12-16 05:29:25 - [MESSAGE][PASSED] - Object: 'Object Repository/Page_Paradise 4 Paws  Dog Boarding Cat Boarding Norwalk Pooch Hotel/time_1200pm_co' is clicked on

2019-12-16 05:29:25 - [TEST_STEP][PASSED] - break: null

2019-12-16 05:29:25 - [TEST_STEP][PASSED] - delay(2): Delayed 2 second(s)

2019-12-16 05:29:27 - [MESSAGE][PASSED] - Delayed 2 second(s)

2019-12-16 05:29:27 - [TEST_STEP][PASSED] - if (arryPets.size() == 1): null

2019-12-16 05:29:27 - [TEST_STEP][PASSED] - else if (arryPets.size() == 2): null

2019-12-16 05:29:27 - [TEST_STEP][PASSED] - else if (arryPets.size() == 3): Object: 'Object Repository/object_reservation/div_Athena' is clicked on

2019-12-16 05:29:27 - [TEST_STEP][PASSED] - click(findTestObject("object_reservation/Page_Paradise 4 Paws  Dog Boarding Cat Boarding Norwalk Pooch Hotel/div_Ares")): Object: 'Object Repository/object_reservation/Page_Paradise 4 Paws  Dog Boarding Cat Boarding Norwalk Pooch Hotel/div_Ares' is clicked on

2019-12-16 05:29:28 - [MESSAGE][PASSED] - Object: 'Object Repository/object_reservation/Page_Paradise 4 Paws  Dog Boarding Cat Boarding Norwalk Pooch Hotel/div_Ares' is clicked on

2019-12-16 05:29:28 - [TEST_STEP][PASSED] - click(findTestObject("object_reservation/div_Zeus")): Object: 'Object Repository/object_reservation/div_Zeus' is clicked on

2019-12-16 05:29:33 - [MESSAGE][PASSED] - Object: 'Object Repository/object_reservation/div_Zeus' is clicked on

2019-12-16 05:29:33 - [TEST_STEP][PASSED] - click(findTestObject("object_reservation/div_Athena")): Object: 'Object Repository/object_reservation/div_Athena' is clicked on

2019-12-16 05:29:37 - [MESSAGE][PASSED] - Object: 'Object Repository/object_reservation/div_Athena' is clicked on

2019-12-16 05:29:37 - [TEST_STEP][NOT_RUN] - click(findTestObject("object_reservations/i_Day_fa fa-circle-o ng-scope")): NOT_RUN: click(findTestObject("object_reservations/i_Day_fa fa-circle-o ng-scope"))

2019-12-16 05:29:37 - [MESSAGE][NOT_RUN] - NOT_RUN: click(findTestObject("object_reservations/i_Day_fa fa-circle-o ng-scope"))

2019-12-16 05:29:37 - [TEST_STEP][PASSED] - if (flagBoar == "1" || flagBoar == "2"): Object: 'Object Repository/object_reservation/div_suite_rad_deluxe' is clicked on

2019-12-16 05:29:37 - [TEST_STEP][PASSED] - click(findTestObject("Object Repository/object_reservation/div_suite_rad_deluxe")): Object: 'Object Repository/object_reservation/div_suite_rad_deluxe' is clicked on

2019-12-16 05:29:39 - [MESSAGE][PASSED] - Object: 'Object Repository/object_reservation/div_suite_rad_deluxe' is clicked on

2019-12-16 05:29:39 - [TEST_STEP][PASSED] - click(findTestObject("Object Repository/object_reservation/btn_next2")): Object: 'Object Repository/object_reservation/btn_next2' is clicked on

2019-12-16 05:29:42 - [MESSAGE][PASSED] - Object: 'Object Repository/object_reservation/btn_next2' is clicked on

2019-12-16 05:29:42 - [TEST_STEP][PASSED] - delay(3): Delayed 3 second(s)

2019-12-16 05:29:45 - [MESSAGE][PASSED] - Delayed 3 second(s)

2019-12-16 05:29:45 - [TEST_STEP][PASSED] - if (flagBoar == "1"): null

2019-12-16 05:29:45 - [TEST_STEP][PASSED] - delay(2): Delayed 2 second(s)

2019-12-16 05:29:47 - [MESSAGE][PASSED] - Delayed 2 second(s)

2019-12-16 05:29:47 - [TEST_STEP][PASSED] - click(findTestObject("Object Repository/object_reservation/btn_next2")): Object: 'Object Repository/object_reservation/btn_next2' is clicked on

2019-12-16 05:29:48 - [MESSAGE][PASSED] - Object: 'Object Repository/object_reservation/btn_next2' is clicked on

2019-12-16 05:29:48 - [TEST_STEP][PASSED] - click(findTestObject("Object Repository/object_reservation/button_Submit Reservation")): Object: 'Object Repository/object_reservation/button_Submit Reservation' is clicked on

2019-12-16 05:29:50 - [MESSAGE][PASSED] - Object: 'Object Repository/object_reservation/button_Submit Reservation' is clicked on

2019-12-16 05:29:50 - [TEST_STEP][PASSED] - delay(2): Delayed 2 second(s)

2019-12-16 05:29:52 - [MESSAGE][PASSED] - Delayed 2 second(s)

2019-12-16 05:29:52 - [TEST_STEP][PASSED] - if (flagBoar == "2" && var_repeatingEvery == "Daily" || var_repeatingEvery == "Monthly" || var_repeatingEvery == "Weekly"): null

2019-12-16 05:29:52 - [TEST_STEP][PASSED] - delay(2): Delayed 2 second(s)

2019-12-16 05:29:54 - [MESSAGE][PASSED] - Delayed 2 second(s)

2019-12-16 05:29:54 - [TEST_STEP][PASSED] - click(findTestObject("Object Repository/object_reservation/button_Return To Reservation")): Object: 'Object Repository/object_reservation/button_Return To Reservation' is clicked on

2019-12-16 05:29:57 - [MESSAGE][PASSED] - Object: 'Object Repository/object_reservation/button_Return To Reservation' is clicked on

2019-12-16 05:29:57 - [TEST_STEP][PASSED] - delay(6): Delayed 6 second(s)

2019-12-16 05:30:03 - [MESSAGE][PASSED] - Delayed 6 second(s)

2019-12-16 05:30:03 - [TEST_STEP][PASSED] - click(findTestObject("Object Repository/object_reservation/Page_Paradise 4 Paws  Dog Boarding Cat Boar_35fe2b/button_Go to CheckOut")): Object: 'Object Repository/object_reservation/Page_Paradise 4 Paws  Dog Boarding Cat Boar_35fe2b/button_Go to CheckOut' is clicked on

2019-12-16 05:30:05 - [MESSAGE][PASSED] - Object: 'Object Repository/object_reservation/Page_Paradise 4 Paws  Dog Boarding Cat Boar_35fe2b/button_Go to CheckOut' is clicked on

2019-12-16 05:30:05 - [TEST_STEP][PASSED] - delay(2): Delayed 2 second(s)

2019-12-16 05:30:07 - [MESSAGE][PASSED] - Delayed 2 second(s)

2019-12-16 05:30:07 - [TEST_STEP][PASSED] - log.logInfo(getText(findTestObject("Object Repository/object_reservation/Page_Paradise 4 Paws  Dog Boarding Cat Boar_35fe2b/span_( BK )"))): ( BK )

2019-12-16 05:30:08 - [MESSAGE][PASSED] - Text of object 'Object Repository/object_reservation/Page_Paradise 4 Paws  Dog Boarding Cat Boar_35fe2b/span_( BK )' is: '( BK )'

2019-12-16 05:30:08 - [MESSAGE][INFO] - ( BK )

2019-12-16 05:30:08 - [TEST_STEP][PASSED] - var_url = getUrl(): Current window's url is: 'https://p4p-qa-bg.aws.paradise4paws.com/frontdesk/checkout/1702512/?parent_id=122350'

2019-12-16 05:30:08 - [MESSAGE][PASSED] - Current window's url is: 'https://p4p-qa-bg.aws.paradise4paws.com/frontdesk/checkout/1702512/?parent_id=122350'

2019-12-16 05:30:08 - [TEST_STEP][PASSED] - arrayUrl = var_url.split("/"): null

2019-12-16 05:30:08 - [TEST_STEP][PASSED] - var = Integer.parseInt(var_idRowRes): null

2019-12-16 05:30:08 - [TEST_STEP][PASSED] - verifyElementText(findTestObject("Object Repository/object_reservation/Page_Paradise 4 Paws  Dog Boarding Cat Boar_35fe2b/span_( BK )"), "( BK )", STOP_ON_FAILURE): Actual text and expected text of test object 'Object Repository/object_reservation/Page_Paradise 4 Paws  Dog Boarding Cat Boar_35fe2b/span_( BK )' are matched.

2019-12-16 05:30:08 - [MESSAGE][PASSED] - Actual text and expected text of test object 'Object Repository/object_reservation/Page_Paradise 4 Paws  Dog Boarding Cat Boar_35fe2b/span_( BK )' are matched.

2019-12-16 05:30:08 - [TEST_STEP][PASSED] - fis = new java.io.FileInputStream(/home/leonardo-arkusmty/Desktop/P4P/DATA_AUTOMATINTESTING/data_1newReservationDaycare.xlsx): null

2019-12-16 05:30:08 - [TEST_STEP][PASSED] - workbook = new org.apache.poi.xssf.usermodel.XSSFWorkbook(fis): null

2019-12-16 05:30:08 - [TEST_STEP][PASSED] - sheet = workbook.getSheet("Sheet1"): null

2019-12-16 05:30:08 - [TEST_STEP][PASSED] - rowCount = var_row: null

2019-12-16 05:30:08 - [TEST_STEP][PASSED] - row = sheet.getRow(var): null

2019-12-16 05:30:08 - [TEST_STEP][PASSED] - cell = row.createCell(15, 0): null

2019-12-16 05:30:08 - [TEST_STEP][PASSED] - cell.setCellType(CELL_TYPE_STRING): null

2019-12-16 05:30:08 - [TEST_STEP][PASSED] - cell.setCellValue(arrayUrl[5]): null

2019-12-16 05:30:08 - [TEST_STEP][PASSED] - cell2 = row.createCell(16, 0): null

2019-12-16 05:30:08 - [TEST_STEP][PASSED] - cell2.setCellType(CELL_TYPE_STRING): null

2019-12-16 05:30:08 - [TEST_STEP][PASSED] - cell2.setCellValue(getText(findTestObject("Object Repository/object_reservation/Page_Paradise 4 Paws  Dog Boarding Cat Boar_35fe2b/span_( BK )"))): Text of object 'Object Repository/object_reservation/Page_Paradise 4 Paws  Dog Boarding Cat Boar_35fe2b/span_( BK )' is: '( BK )'

2019-12-16 05:30:08 - [MESSAGE][PASSED] - Text of object 'Object Repository/object_reservation/Page_Paradise 4 Paws  Dog Boarding Cat Boar_35fe2b/span_( BK )' is: '( BK )'

2019-12-16 05:30:08 - [TEST_STEP][PASSED] - fos = new java.io.FileOutputStream(/home/leonardo-arkusmty/Desktop/P4P/DATA_AUTOMATINTESTING/data_1newReservationDaycare.xlsx): null

2019-12-16 05:30:08 - [TEST_STEP][PASSED] - workbook.write(fos): null

2019-12-16 05:30:08 - [TEST_STEP][PASSED] - fos.close(): null

2019-12-16 05:30:08 - [TEST_STEP][PASSED] - delay(1): Delayed 1 second(s)

2019-12-16 05:30:09 - [MESSAGE][PASSED] - Delayed 1 second(s)

2019-12-16 05:30:09 - [TEST_STEP][PASSED] - (var_row++): null]]></system-out>
         <system-err><![CDATA[]]></system-err>
      </testcase>
      <testcase name="Test Cases/p4p_newReservationDaycare" time="38.465" classname="Test Cases/p4p_newReservationDaycare" status="ERROR">
         <error type="ERROR" message="Test Cases/p4p_newReservationDaycare FAILED.
Reason:
groovy.lang.MissingPropertyException: No such property: stringCO2020 for class: Script1576482965057
	at p4p_newReservationDaycare.run(p4p_newReservationDaycare:359)
	at com.kms.katalon.core.main.ScriptEngine.run(ScriptEngine.java:194)
	at com.kms.katalon.core.main.ScriptEngine.runScriptAsRawText(ScriptEngine.java:119)
	at com.kms.katalon.core.main.TestCaseExecutor.runScript(TestCaseExecutor.java:337)
	at com.kms.katalon.core.main.TestCaseExecutor.doExecute(TestCaseExecutor.java:328)
	at com.kms.katalon.core.main.TestCaseExecutor.processExecutionPhase(TestCaseExecutor.java:307)
	at com.kms.katalon.core.main.TestCaseExecutor.accessMainPhase(TestCaseExecutor.java:299)
	at com.kms.katalon.core.main.TestCaseExecutor.execute(TestCaseExecutor.java:233)
	at com.kms.katalon.core.main.TestSuiteExecutor.accessTestCaseMainPhase(TestSuiteExecutor.java:169)
	at com.kms.katalon.core.main.TestSuiteExecutor.accessTestSuiteMainPhase(TestSuiteExecutor.java:142)
	at com.kms.katalon.core.main.TestSuiteExecutor.execute(TestSuiteExecutor.java:91)
	at com.kms.katalon.core.main.TestCaseMain.startTestSuite(TestCaseMain.java:157)
	at com.kms.katalon.core.main.TestCaseMain$startTestSuite$0.call(Unknown Source)
	at TempTestSuite1576495582650.run(TempTestSuite1576495582650.groovy:36)
"/>
         <system-out><![CDATA[2019-12-16 05:30:09 - [TEST_CASE][ERROR] - Test Cases/p4p_newReservationDaycare: Test Cases/p4p_newReservationDaycare FAILED.
Reason:
groovy.lang.MissingPropertyException: No such property: stringCO2020 for class: Script1576482965057
	at p4p_newReservationDaycare.run(p4p_newReservationDaycare:359)
	at com.kms.katalon.core.main.ScriptEngine.run(ScriptEngine.java:194)
	at com.kms.katalon.core.main.ScriptEngine.runScriptAsRawText(ScriptEngine.java:119)
	at com.kms.katalon.core.main.TestCaseExecutor.runScript(TestCaseExecutor.java:337)
	at com.kms.katalon.core.main.TestCaseExecutor.doExecute(TestCaseExecutor.java:328)
	at com.kms.katalon.core.main.TestCaseExecutor.processExecutionPhase(TestCaseExecutor.java:307)
	at com.kms.katalon.core.main.TestCaseExecutor.accessMainPhase(TestCaseExecutor.java:299)
	at com.kms.katalon.core.main.TestCaseExecutor.execute(TestCaseExecutor.java:233)
	at com.kms.katalon.core.main.TestSuiteExecutor.accessTestCaseMainPhase(TestSuiteExecutor.java:169)
	at com.kms.katalon.core.main.TestSuiteExecutor.accessTestSuiteMainPhase(TestSuiteExecutor.java:142)
	at com.kms.katalon.core.main.TestSuiteExecutor.execute(TestSuiteExecutor.java:91)
	at com.kms.katalon.core.main.TestCaseMain.startTestSuite(TestCaseMain.java:157)
	at com.kms.katalon.core.main.TestCaseMain$startTestSuite$0.call(Unknown Source)
	at TempTestSuite1576495582650.run(TempTestSuite1576495582650.groovy:36)


2019-12-16 05:30:09 - [TEST_STEP][PASSED] - openBrowser("https://p4p-qa-bg.aws.paradise4paws.com/login/"): Browser is opened with url: 'https://p4p-qa-bg.aws.paradise4paws.com/login/'

2019-12-16 05:30:09 - [MESSAGE][WARNING] - A browser is already opened. Closing browser and opening a new one

2019-12-16 05:30:10 - [MESSAGE][INFO] - Starting 'Firefox' driver

2019-12-16 05:30:13 - [MESSAGE][PASSED] - Browser is opened with url: 'https://p4p-qa-bg.aws.paradise4paws.com/login/'

2019-12-16 05:30:13 - [TEST_STEP][PASSED] - setText(findTestObject("Object Repository/object_login/input_user"), var_user): Text 'jegchavez@gmail.com' is set on object 'Object Repository/object_login/input_user'

2019-12-16 05:30:14 - [MESSAGE][PASSED] - Text 'jegchavez@gmail.com' is set on object 'Object Repository/object_login/input_user'

2019-12-16 05:30:14 - [TEST_STEP][PASSED] - setText(findTestObject("Object Repository/object_login/input_pass"), var_pass): Text 'admin1' is set on object 'Object Repository/object_login/input_pass'

2019-12-16 05:30:14 - [MESSAGE][PASSED] - Text 'admin1' is set on object 'Object Repository/object_login/input_pass'

2019-12-16 05:30:14 - [TEST_STEP][PASSED] - delay(2): Delayed 2 second(s)

2019-12-16 05:30:16 - [MESSAGE][PASSED] - Delayed 2 second(s)

2019-12-16 05:30:16 - [TEST_STEP][PASSED] - verifyElementClickable(findTestObject("Object Repository/object_login/btn_login")): Object 'Object Repository/object_login/btn_login' is clickable

2019-12-16 05:30:16 - [MESSAGE][PASSED] - Object 'Object Repository/object_login/btn_login' is clickable

2019-12-16 05:30:16 - [TEST_STEP][PASSED] - click(findTestObject("Object Repository/object_login/btn_login")): Object: 'Object Repository/object_login/btn_login' is clicked on

2019-12-16 05:30:23 - [MESSAGE][PASSED] - Object: 'Object Repository/object_login/btn_login' is clicked on

2019-12-16 05:30:23 - [TEST_STEP][PASSED] - delay(2): Delayed 2 second(s)

2019-12-16 05:30:25 - [MESSAGE][PASSED] - Delayed 2 second(s)

2019-12-16 05:30:25 - [TEST_STEP][PASSED] - setText(findTestObject("Object Repository/object_dashboard_emp/input_search"), var_searchParent): Text 'leongarzagarza@hotmail.com' is set on object 'Object Repository/object_dashboard_emp/input_search'

2019-12-16 05:30:25 - [MESSAGE][PASSED] - Text 'leongarzagarza@hotmail.com' is set on object 'Object Repository/object_dashboard_emp/input_search'

2019-12-16 05:30:25 - [TEST_STEP][PASSED] - click(findTestObject("Object Repository/object_dashboard_emp/btn_accountSearch")): Object: 'Object Repository/object_dashboard_emp/btn_accountSearch' is clicked on

2019-12-16 05:30:26 - [MESSAGE][PASSED] - Object: 'Object Repository/object_dashboard_emp/btn_accountSearch' is clicked on

2019-12-16 05:30:26 - [TEST_STEP][PASSED] - delay(2): Delayed 2 second(s)

2019-12-16 05:30:28 - [MESSAGE][PASSED] - Delayed 2 second(s)

2019-12-16 05:30:28 - [TEST_STEP][PASSED] - click(findTestObject("Object Repository/object_accountInformation/a_TEST GABRIEL PROD")): Object: 'Object Repository/object_accountInformation/a_TEST GABRIEL PROD' is clicked on

2019-12-16 05:30:32 - [MESSAGE][PASSED] - Object: 'Object Repository/object_accountInformation/a_TEST GABRIEL PROD' is clicked on

2019-12-16 05:30:32 - [TEST_STEP][PASSED] - delay(2): Delayed 2 second(s)

2019-12-16 05:30:34 - [MESSAGE][PASSED] - Delayed 2 second(s)

2019-12-16 05:30:34 - [TEST_STEP][PASSED] - var_url = getUrl(): Current window's url is: 'https://p4p-qa-bg.aws.paradise4paws.com/accounts/profile/#/reservations/122350/'

2019-12-16 05:30:34 - [MESSAGE][PASSED] - Current window's url is: 'https://p4p-qa-bg.aws.paradise4paws.com/accounts/profile/#/reservations/122350/'

2019-12-16 05:30:34 - [TEST_STEP][PASSED] - log0 = new com.kms.katalon.core.logging.KeywordLogger(): null

2019-12-16 05:30:34 - [TEST_STEP][PASSED] - arrUrl = var_url.split("/"): null

2019-12-16 05:30:34 - [TEST_STEP][PASSED] - idParent = arrUrl[7]: null

2019-12-16 05:30:34 - [TEST_STEP][PASSED] - click(findTestObject("Object Repository/object_profile/a_addReservation")): Object: 'Object Repository/object_profile/a_addReservation' is clicked on

2019-12-16 05:30:36 - [MESSAGE][PASSED] - Object: 'Object Repository/object_profile/a_addReservation' is clicked on

2019-12-16 05:30:36 - [TEST_STEP][PASSED] - delay(2): Delayed 2 second(s)

2019-12-16 05:30:38 - [MESSAGE][PASSED] - Delayed 2 second(s)

2019-12-16 05:30:38 - [TEST_STEP][PASSED] - flagBoar = "0": null

2019-12-16 05:30:38 - [TEST_STEP][PASSED] - log = new com.kms.katalon.core.logging.KeywordLogger(): null

2019-12-16 05:30:38 - [TEST_STEP][PASSED] - if (var_typeReserveation == "Boarding"): null

2019-12-16 05:30:38 - [TEST_STEP][PASSED] - else if (var_typeReserveation == "Daycare"): Object: 'Object Repository/object_reservation/btn_Daycare' is clicked on

2019-12-16 05:30:38 - [TEST_STEP][PASSED] - flagBoar = "2": null

2019-12-16 05:30:38 - [TEST_STEP][PASSED] - click(findTestObject("object_reservation/btn_Daycare")): Object: 'Object Repository/object_reservation/btn_Daycare' is clicked on

2019-12-16 05:30:38 - [MESSAGE][PASSED] - Object: 'Object Repository/object_reservation/btn_Daycare' is clicked on

2019-12-16 05:30:38 - [TEST_STEP][PASSED] - click(findTestObject("Object Repository/object_reservation/i_location")): Object: 'Object Repository/object_reservation/i_location' is clicked on

2019-12-16 05:30:41 - [MESSAGE][PASSED] - Object: 'Object Repository/object_reservation/i_location' is clicked on

2019-12-16 05:30:41 - [TEST_STEP][PASSED] - switch (var_idFacility): null

2019-12-16 05:30:41 - [TEST_STEP][PASSED] - dateCI = var_checkinD.split(","): null

2019-12-16 05:30:41 - [TEST_STEP][PASSED] - dateCO = var_checkoutD.split(","): null

2019-12-16 05:30:41 - [TEST_STEP][PASSED] - arryPets = var_pets.split(","): null

2019-12-16 05:30:41 - [TEST_STEP][PASSED] - delay(2): Delayed 2 second(s)

2019-12-16 05:30:43 - [MESSAGE][PASSED] - Delayed 2 second(s)

2019-12-16 05:30:43 - [TEST_STEP][PASSED] - if (var_repeting == "Y"): null

2019-12-16 05:30:43 - [TEST_STEP][PASSED] - click(findTestObject("Object Repository/object_reservation/checkbox_repeating")): Object: 'Object Repository/object_reservation/checkbox_repeating' is clicked on

2019-12-16 05:30:43 - [MESSAGE][PASSED] - Object: 'Object Repository/object_reservation/checkbox_repeating' is clicked on

2019-12-16 05:30:43 - [TEST_STEP][PASSED] - if (var_repeatingEvery == "Weekly"): null

2019-12-16 05:30:43 - [TEST_STEP][PASSED] - click(findTestObject("Object Repository/object_reservation/dateCheckIn")): Object: 'Object Repository/object_reservation/dateCheckIn' is clicked on

2019-12-16 05:30:44 - [MESSAGE][PASSED] - Object: 'Object Repository/object_reservation/dateCheckIn' is clicked on

2019-12-16 05:30:44 - [TEST_STEP][PASSED] - stringCI2020 = "0": null

2019-12-16 05:30:44 - [TEST_STEP][PASSED] - stringC02020 = "0": null

2019-12-16 05:30:44 - [TEST_STEP][PASSED] - if (dateCI[0] == "16" && dateCI[1] == "01" && dateCI[2] == "2020"): null

2019-12-16 05:30:44 - [TEST_STEP][PASSED] - if (dateCI[0] == "18" && dateCI[1] == "02" && dateCI[2] == "2020"): null

2019-12-16 05:30:44 - [TEST_STEP][PASSED] - if (dateCI[0] == "21" && dateCI[1] == "03" && dateCI[2] == "2020"): null

2019-12-16 05:30:44 - [TEST_STEP][PASSED] - delay(2): Delayed 2 second(s)

2019-12-16 05:30:46 - [MESSAGE][PASSED] - Delayed 2 second(s)

2019-12-16 05:30:46 - [TEST_STEP][PASSED] - if (stringCI2020 == "0"): null

2019-12-16 05:30:46 - [TEST_STEP][PASSED] - switch (dateCI[0]): null

2019-12-16 05:30:46 - [TEST_STEP][PASSED] - case "10":: null

2019-12-16 05:30:46 - [TEST_STEP][PASSED] - click(findTestObject("Object Repository/Page_Paradise 4 Paws  Dog Boarding Cat Boarding Norwalk Pooch Hotel/button_10_ci")): Object: 'Object Repository/Page_Paradise 4 Paws  Dog Boarding Cat Boarding Norwalk Pooch Hotel/button_10_ci' is clicked on

2019-12-16 05:30:47 - [MESSAGE][PASSED] - Object: 'Object Repository/Page_Paradise 4 Paws  Dog Boarding Cat Boarding Norwalk Pooch Hotel/button_10_ci' is clicked on

2019-12-16 05:30:47 - [TEST_STEP][PASSED] - break: null

2019-12-16 05:30:47 - [TEST_STEP][PASSED] - if (flagBoar == "1" || flagBoar == "2" && var_repeatingEvery == "Daily" || flagBoar == "2" && var_repeatingEvery == "Weekly" || flagBoar == "2" && var_repeatingEvery == "Monthly"): null

2019-12-16 05:30:47 - [TEST_STEP][PASSED] - click(findTestObject("Object Repository/object_reservation/dateCheckOut")): Object: 'Object Repository/object_reservation/dateCheckOut' is clicked on

2019-12-16 05:30:48 - [MESSAGE][PASSED] - Object: 'Object Repository/object_reservation/dateCheckOut' is clicked on

2019-12-16 05:30:48 - [TEST_STEP][PASSED] - if (dateCO[0] == "17" && dateCO[1] == "02" && dateCO[2] == "2020"): null

2019-12-16 05:30:48 - [TEST_STEP][PASSED] - if (dateCO[0] == "20" && dateCO[1] == "03" && dateCO[2] == "2020"): null

2019-12-16 05:30:48 - [TEST_STEP][PASSED] - if (dateCO[0] == "24" && dateCO[1] == "04" && dateCO[2] == "2020"): null

2019-12-16 05:30:48 - [TEST_STEP][PASSED] - if (stringCO2020 == "0"): null]]></system-out>
         <system-err><![CDATA[2019-12-16 05:30:09 - [TEST_CASE][ERROR] - Test Cases/p4p_newReservationDaycare: Test Cases/p4p_newReservationDaycare FAILED.
Reason:
groovy.lang.MissingPropertyException: No such property: stringCO2020 for class: Script1576482965057
	at p4p_newReservationDaycare.run(p4p_newReservationDaycare:359)
	at com.kms.katalon.core.main.ScriptEngine.run(ScriptEngine.java:194)
	at com.kms.katalon.core.main.ScriptEngine.runScriptAsRawText(ScriptEngine.java:119)
	at com.kms.katalon.core.main.TestCaseExecutor.runScript(TestCaseExecutor.java:337)
	at com.kms.katalon.core.main.TestCaseExecutor.doExecute(TestCaseExecutor.java:328)
	at com.kms.katalon.core.main.TestCaseExecutor.processExecutionPhase(TestCaseExecutor.java:307)
	at com.kms.katalon.core.main.TestCaseExecutor.accessMainPhase(TestCaseExecutor.java:299)
	at com.kms.katalon.core.main.TestCaseExecutor.execute(TestCaseExecutor.java:233)
	at com.kms.katalon.core.main.TestSuiteExecutor.accessTestCaseMainPhase(TestSuiteExecutor.java:169)
	at com.kms.katalon.core.main.TestSuiteExecutor.accessTestSuiteMainPhase(TestSuiteExecutor.java:142)
	at com.kms.katalon.core.main.TestSuiteExecutor.execute(TestSuiteExecutor.java:91)
	at com.kms.katalon.core.main.TestCaseMain.startTestSuite(TestCaseMain.java:157)
	at com.kms.katalon.core.main.TestCaseMain$startTestSuite$0.call(Unknown Source)
	at TempTestSuite1576495582650.run(TempTestSuite1576495582650.groovy:36)]]></system-err>
      </testcase>
      <testcase name="Test Cases/p4p_newReservationDaycare" time="38.582" classname="Test Cases/p4p_newReservationDaycare" status="ERROR">
         <error type="ERROR" message="Test Cases/p4p_newReservationDaycare FAILED.
Reason:
groovy.lang.MissingPropertyException: No such property: stringCO2020 for class: Script1576482965057
	at p4p_newReservationDaycare.run(p4p_newReservationDaycare:359)
	at com.kms.katalon.core.main.ScriptEngine.run(ScriptEngine.java:194)
	at com.kms.katalon.core.main.ScriptEngine.runScriptAsRawText(ScriptEngine.java:119)
	at com.kms.katalon.core.main.TestCaseExecutor.runScript(TestCaseExecutor.java:337)
	at com.kms.katalon.core.main.TestCaseExecutor.doExecute(TestCaseExecutor.java:328)
	at com.kms.katalon.core.main.TestCaseExecutor.processExecutionPhase(TestCaseExecutor.java:307)
	at com.kms.katalon.core.main.TestCaseExecutor.accessMainPhase(TestCaseExecutor.java:299)
	at com.kms.katalon.core.main.TestCaseExecutor.execute(TestCaseExecutor.java:233)
	at com.kms.katalon.core.main.TestSuiteExecutor.accessTestCaseMainPhase(TestSuiteExecutor.java:169)
	at com.kms.katalon.core.main.TestSuiteExecutor.accessTestSuiteMainPhase(TestSuiteExecutor.java:142)
	at com.kms.katalon.core.main.TestSuiteExecutor.execute(TestSuiteExecutor.java:91)
	at com.kms.katalon.core.main.TestCaseMain.startTestSuite(TestCaseMain.java:157)
	at com.kms.katalon.core.main.TestCaseMain$startTestSuite$0.call(Unknown Source)
	at TempTestSuite1576495582650.run(TempTestSuite1576495582650.groovy:36)
"/>
         <system-out><![CDATA[2019-12-16 05:30:48 - [TEST_CASE][ERROR] - Test Cases/p4p_newReservationDaycare: Test Cases/p4p_newReservationDaycare FAILED.
Reason:
groovy.lang.MissingPropertyException: No such property: stringCO2020 for class: Script1576482965057
	at p4p_newReservationDaycare.run(p4p_newReservationDaycare:359)
	at com.kms.katalon.core.main.ScriptEngine.run(ScriptEngine.java:194)
	at com.kms.katalon.core.main.ScriptEngine.runScriptAsRawText(ScriptEngine.java:119)
	at com.kms.katalon.core.main.TestCaseExecutor.runScript(TestCaseExecutor.java:337)
	at com.kms.katalon.core.main.TestCaseExecutor.doExecute(TestCaseExecutor.java:328)
	at com.kms.katalon.core.main.TestCaseExecutor.processExecutionPhase(TestCaseExecutor.java:307)
	at com.kms.katalon.core.main.TestCaseExecutor.accessMainPhase(TestCaseExecutor.java:299)
	at com.kms.katalon.core.main.TestCaseExecutor.execute(TestCaseExecutor.java:233)
	at com.kms.katalon.core.main.TestSuiteExecutor.accessTestCaseMainPhase(TestSuiteExecutor.java:169)
	at com.kms.katalon.core.main.TestSuiteExecutor.accessTestSuiteMainPhase(TestSuiteExecutor.java:142)
	at com.kms.katalon.core.main.TestSuiteExecutor.execute(TestSuiteExecutor.java:91)
	at com.kms.katalon.core.main.TestCaseMain.startTestSuite(TestCaseMain.java:157)
	at com.kms.katalon.core.main.TestCaseMain$startTestSuite$0.call(Unknown Source)
	at TempTestSuite1576495582650.run(TempTestSuite1576495582650.groovy:36)


2019-12-16 05:30:48 - [TEST_STEP][PASSED] - openBrowser("https://p4p-qa-bg.aws.paradise4paws.com/login/"): Browser is opened with url: 'https://p4p-qa-bg.aws.paradise4paws.com/login/'

2019-12-16 05:30:48 - [MESSAGE][WARNING] - A browser is already opened. Closing browser and opening a new one

2019-12-16 05:30:52 - [MESSAGE][INFO] - Starting 'Firefox' driver

2019-12-16 05:30:55 - [MESSAGE][PASSED] - Browser is opened with url: 'https://p4p-qa-bg.aws.paradise4paws.com/login/'

2019-12-16 05:30:55 - [TEST_STEP][PASSED] - setText(findTestObject("Object Repository/object_login/input_user"), var_user): Text 'jegchavez@gmail.com' is set on object 'Object Repository/object_login/input_user'

2019-12-16 05:30:56 - [MESSAGE][PASSED] - Text 'jegchavez@gmail.com' is set on object 'Object Repository/object_login/input_user'

2019-12-16 05:30:56 - [TEST_STEP][PASSED] - setText(findTestObject("Object Repository/object_login/input_pass"), var_pass): Text 'admin1' is set on object 'Object Repository/object_login/input_pass'

2019-12-16 05:30:57 - [MESSAGE][PASSED] - Text 'admin1' is set on object 'Object Repository/object_login/input_pass'

2019-12-16 05:30:57 - [TEST_STEP][PASSED] - delay(2): Delayed 2 second(s)

2019-12-16 05:30:59 - [MESSAGE][PASSED] - Delayed 2 second(s)

2019-12-16 05:30:59 - [TEST_STEP][PASSED] - verifyElementClickable(findTestObject("Object Repository/object_login/btn_login")): Object 'Object Repository/object_login/btn_login' is clickable

2019-12-16 05:30:59 - [MESSAGE][PASSED] - Object 'Object Repository/object_login/btn_login' is clickable

2019-12-16 05:30:59 - [TEST_STEP][PASSED] - click(findTestObject("Object Repository/object_login/btn_login")): Object: 'Object Repository/object_login/btn_login' is clicked on

2019-12-16 05:31:02 - [MESSAGE][PASSED] - Object: 'Object Repository/object_login/btn_login' is clicked on

2019-12-16 05:31:02 - [TEST_STEP][PASSED] - delay(2): Delayed 2 second(s)

2019-12-16 05:31:04 - [MESSAGE][PASSED] - Delayed 2 second(s)

2019-12-16 05:31:04 - [TEST_STEP][PASSED] - setText(findTestObject("Object Repository/object_dashboard_emp/input_search"), var_searchParent): Text 'leongarzagarza@hotmail.com' is set on object 'Object Repository/object_dashboard_emp/input_search'

2019-12-16 05:31:04 - [MESSAGE][PASSED] - Text 'leongarzagarza@hotmail.com' is set on object 'Object Repository/object_dashboard_emp/input_search'

2019-12-16 05:31:04 - [TEST_STEP][PASSED] - click(findTestObject("Object Repository/object_dashboard_emp/btn_accountSearch")): Object: 'Object Repository/object_dashboard_emp/btn_accountSearch' is clicked on

2019-12-16 05:31:05 - [MESSAGE][PASSED] - Object: 'Object Repository/object_dashboard_emp/btn_accountSearch' is clicked on

2019-12-16 05:31:05 - [TEST_STEP][PASSED] - delay(2): Delayed 2 second(s)

2019-12-16 05:31:07 - [MESSAGE][PASSED] - Delayed 2 second(s)

2019-12-16 05:31:07 - [TEST_STEP][PASSED] - click(findTestObject("Object Repository/object_accountInformation/a_TEST GABRIEL PROD")): Object: 'Object Repository/object_accountInformation/a_TEST GABRIEL PROD' is clicked on

2019-12-16 05:31:11 - [MESSAGE][PASSED] - Object: 'Object Repository/object_accountInformation/a_TEST GABRIEL PROD' is clicked on

2019-12-16 05:31:11 - [TEST_STEP][PASSED] - delay(2): Delayed 2 second(s)

2019-12-16 05:31:13 - [MESSAGE][PASSED] - Delayed 2 second(s)

2019-12-16 05:31:13 - [TEST_STEP][PASSED] - var_url = getUrl(): Current window's url is: 'https://p4p-qa-bg.aws.paradise4paws.com/accounts/profile/#/reservations/122350/'

2019-12-16 05:31:13 - [MESSAGE][PASSED] - Current window's url is: 'https://p4p-qa-bg.aws.paradise4paws.com/accounts/profile/#/reservations/122350/'

2019-12-16 05:31:13 - [TEST_STEP][PASSED] - log0 = new com.kms.katalon.core.logging.KeywordLogger(): null

2019-12-16 05:31:13 - [TEST_STEP][PASSED] - arrUrl = var_url.split("/"): null

2019-12-16 05:31:13 - [TEST_STEP][PASSED] - idParent = arrUrl[7]: null

2019-12-16 05:31:13 - [TEST_STEP][PASSED] - click(findTestObject("Object Repository/object_profile/a_addReservation")): Object: 'Object Repository/object_profile/a_addReservation' is clicked on

2019-12-16 05:31:15 - [MESSAGE][PASSED] - Object: 'Object Repository/object_profile/a_addReservation' is clicked on

2019-12-16 05:31:15 - [TEST_STEP][PASSED] - delay(2): Delayed 2 second(s)

2019-12-16 05:31:17 - [MESSAGE][PASSED] - Delayed 2 second(s)

2019-12-16 05:31:17 - [TEST_STEP][PASSED] - flagBoar = "0": null

2019-12-16 05:31:17 - [TEST_STEP][PASSED] - log = new com.kms.katalon.core.logging.KeywordLogger(): null

2019-12-16 05:31:17 - [TEST_STEP][PASSED] - if (var_typeReserveation == "Boarding"): null

2019-12-16 05:31:17 - [TEST_STEP][PASSED] - else if (var_typeReserveation == "Daycare"): Object: 'Object Repository/object_reservation/btn_Daycare' is clicked on

2019-12-16 05:31:17 - [TEST_STEP][PASSED] - flagBoar = "2": null

2019-12-16 05:31:17 - [TEST_STEP][PASSED] - click(findTestObject("object_reservation/btn_Daycare")): Object: 'Object Repository/object_reservation/btn_Daycare' is clicked on

2019-12-16 05:31:17 - [MESSAGE][PASSED] - Object: 'Object Repository/object_reservation/btn_Daycare' is clicked on

2019-12-16 05:31:17 - [TEST_STEP][PASSED] - click(findTestObject("Object Repository/object_reservation/i_location")): Object: 'Object Repository/object_reservation/i_location' is clicked on

2019-12-16 05:31:19 - [MESSAGE][PASSED] - Object: 'Object Repository/object_reservation/i_location' is clicked on

2019-12-16 05:31:19 - [TEST_STEP][PASSED] - switch (var_idFacility): null

2019-12-16 05:31:19 - [TEST_STEP][PASSED] - dateCI = var_checkinD.split(","): null

2019-12-16 05:31:19 - [TEST_STEP][PASSED] - dateCO = var_checkoutD.split(","): null

2019-12-16 05:31:19 - [TEST_STEP][PASSED] - arryPets = var_pets.split(","): null

2019-12-16 05:31:19 - [TEST_STEP][PASSED] - delay(2): Delayed 2 second(s)

2019-12-16 05:31:21 - [MESSAGE][PASSED] - Delayed 2 second(s)

2019-12-16 05:31:21 - [TEST_STEP][PASSED] - if (var_repeting == "Y"): null

2019-12-16 05:31:21 - [TEST_STEP][PASSED] - click(findTestObject("Object Repository/object_reservation/checkbox_repeating")): Object: 'Object Repository/object_reservation/checkbox_repeating' is clicked on

2019-12-16 05:31:22 - [MESSAGE][PASSED] - Object: 'Object Repository/object_reservation/checkbox_repeating' is clicked on

2019-12-16 05:31:22 - [TEST_STEP][PASSED] - if (var_repeatingEvery == "Weekly"): null

2019-12-16 05:31:22 - [TEST_STEP][PASSED] - click(findTestObject("Object Repository/object_reservation/dateCheckIn")): Object: 'Object Repository/object_reservation/dateCheckIn' is clicked on

2019-12-16 05:31:23 - [MESSAGE][PASSED] - Object: 'Object Repository/object_reservation/dateCheckIn' is clicked on

2019-12-16 05:31:23 - [TEST_STEP][PASSED] - stringCI2020 = "0": null

2019-12-16 05:31:23 - [TEST_STEP][PASSED] - stringC02020 = "0": null

2019-12-16 05:31:23 - [TEST_STEP][PASSED] - if (dateCI[0] == "16" && dateCI[1] == "01" && dateCI[2] == "2020"): null

2019-12-16 05:31:23 - [TEST_STEP][PASSED] - if (dateCI[0] == "18" && dateCI[1] == "02" && dateCI[2] == "2020"): null

2019-12-16 05:31:23 - [TEST_STEP][PASSED] - if (dateCI[0] == "21" && dateCI[1] == "03" && dateCI[2] == "2020"): null

2019-12-16 05:31:23 - [TEST_STEP][PASSED] - delay(2): Delayed 2 second(s)

2019-12-16 05:31:25 - [MESSAGE][PASSED] - Delayed 2 second(s)

2019-12-16 05:31:25 - [TEST_STEP][PASSED] - if (stringCI2020 == "0"): null

2019-12-16 05:31:25 - [TEST_STEP][PASSED] - switch (dateCI[0]): null

2019-12-16 05:31:25 - [TEST_STEP][PASSED] - case "11":: null

2019-12-16 05:31:25 - [TEST_STEP][PASSED] - click(findTestObject("Object Repository/Page_Paradise 4 Paws  Dog Boarding Cat Boarding Norwalk Pooch Hotel/button_11_ci")): Object: 'Object Repository/Page_Paradise 4 Paws  Dog Boarding Cat Boarding Norwalk Pooch Hotel/button_11_ci' is clicked on

2019-12-16 05:31:25 - [MESSAGE][PASSED] - Object: 'Object Repository/Page_Paradise 4 Paws  Dog Boarding Cat Boarding Norwalk Pooch Hotel/button_11_ci' is clicked on

2019-12-16 05:31:25 - [TEST_STEP][PASSED] - break: null

2019-12-16 05:31:25 - [TEST_STEP][PASSED] - if (flagBoar == "1" || flagBoar == "2" && var_repeatingEvery == "Daily" || flagBoar == "2" && var_repeatingEvery == "Weekly" || flagBoar == "2" && var_repeatingEvery == "Monthly"): null

2019-12-16 05:31:26 - [TEST_STEP][PASSED] - click(findTestObject("Object Repository/object_reservation/dateCheckOut")): Object: 'Object Repository/object_reservation/dateCheckOut' is clicked on

2019-12-16 05:31:26 - [MESSAGE][PASSED] - Object: 'Object Repository/object_reservation/dateCheckOut' is clicked on

2019-12-16 05:31:26 - [TEST_STEP][PASSED] - if (dateCO[0] == "17" && dateCO[1] == "02" && dateCO[2] == "2020"): null

2019-12-16 05:31:26 - [TEST_STEP][PASSED] - if (dateCO[0] == "20" && dateCO[1] == "03" && dateCO[2] == "2020"): null

2019-12-16 05:31:26 - [TEST_STEP][PASSED] - if (dateCO[0] == "24" && dateCO[1] == "04" && dateCO[2] == "2020"): null

2019-12-16 05:31:26 - [TEST_STEP][PASSED] - if (stringCO2020 == "0"): null]]></system-out>
         <system-err><![CDATA[2019-12-16 05:30:48 - [TEST_CASE][ERROR] - Test Cases/p4p_newReservationDaycare: Test Cases/p4p_newReservationDaycare FAILED.
Reason:
groovy.lang.MissingPropertyException: No such property: stringCO2020 for class: Script1576482965057
	at p4p_newReservationDaycare.run(p4p_newReservationDaycare:359)
	at com.kms.katalon.core.main.ScriptEngine.run(ScriptEngine.java:194)
	at com.kms.katalon.core.main.ScriptEngine.runScriptAsRawText(ScriptEngine.java:119)
	at com.kms.katalon.core.main.TestCaseExecutor.runScript(TestCaseExecutor.java:337)
	at com.kms.katalon.core.main.TestCaseExecutor.doExecute(TestCaseExecutor.java:328)
	at com.kms.katalon.core.main.TestCaseExecutor.processExecutionPhase(TestCaseExecutor.java:307)
	at com.kms.katalon.core.main.TestCaseExecutor.accessMainPhase(TestCaseExecutor.java:299)
	at com.kms.katalon.core.main.TestCaseExecutor.execute(TestCaseExecutor.java:233)
	at com.kms.katalon.core.main.TestSuiteExecutor.accessTestCaseMainPhase(TestSuiteExecutor.java:169)
	at com.kms.katalon.core.main.TestSuiteExecutor.accessTestSuiteMainPhase(TestSuiteExecutor.java:142)
	at com.kms.katalon.core.main.TestSuiteExecutor.execute(TestSuiteExecutor.java:91)
	at com.kms.katalon.core.main.TestCaseMain.startTestSuite(TestCaseMain.java:157)
	at com.kms.katalon.core.main.TestCaseMain$startTestSuite$0.call(Unknown Source)
	at TempTestSuite1576495582650.run(TempTestSuite1576495582650.groovy:36)]]></system-err>
      </testcase>
      <testcase name="Test Cases/p4p_newReservationDaycare" time="39.798" classname="Test Cases/p4p_newReservationDaycare" status="ERROR">
         <error type="ERROR" message="Test Cases/p4p_newReservationDaycare FAILED.
Reason:
groovy.lang.MissingPropertyException: No such property: stringCO2020 for class: Script1576482965057
	at p4p_newReservationDaycare.run(p4p_newReservationDaycare:359)
	at com.kms.katalon.core.main.ScriptEngine.run(ScriptEngine.java:194)
	at com.kms.katalon.core.main.ScriptEngine.runScriptAsRawText(ScriptEngine.java:119)
	at com.kms.katalon.core.main.TestCaseExecutor.runScript(TestCaseExecutor.java:337)
	at com.kms.katalon.core.main.TestCaseExecutor.doExecute(TestCaseExecutor.java:328)
	at com.kms.katalon.core.main.TestCaseExecutor.processExecutionPhase(TestCaseExecutor.java:307)
	at com.kms.katalon.core.main.TestCaseExecutor.accessMainPhase(TestCaseExecutor.java:299)
	at com.kms.katalon.core.main.TestCaseExecutor.execute(TestCaseExecutor.java:233)
	at com.kms.katalon.core.main.TestSuiteExecutor.accessTestCaseMainPhase(TestSuiteExecutor.java:169)
	at com.kms.katalon.core.main.TestSuiteExecutor.accessTestSuiteMainPhase(TestSuiteExecutor.java:142)
	at com.kms.katalon.core.main.TestSuiteExecutor.execute(TestSuiteExecutor.java:91)
	at com.kms.katalon.core.main.TestCaseMain.startTestSuite(TestCaseMain.java:157)
	at com.kms.katalon.core.main.TestCaseMain$startTestSuite$0.call(Unknown Source)
	at TempTestSuite1576495582650.run(TempTestSuite1576495582650.groovy:36)
"/>
         <system-out><![CDATA[2019-12-16 05:31:26 - [TEST_CASE][ERROR] - Test Cases/p4p_newReservationDaycare: Test Cases/p4p_newReservationDaycare FAILED.
Reason:
groovy.lang.MissingPropertyException: No such property: stringCO2020 for class: Script1576482965057
	at p4p_newReservationDaycare.run(p4p_newReservationDaycare:359)
	at com.kms.katalon.core.main.ScriptEngine.run(ScriptEngine.java:194)
	at com.kms.katalon.core.main.ScriptEngine.runScriptAsRawText(ScriptEngine.java:119)
	at com.kms.katalon.core.main.TestCaseExecutor.runScript(TestCaseExecutor.java:337)
	at com.kms.katalon.core.main.TestCaseExecutor.doExecute(TestCaseExecutor.java:328)
	at com.kms.katalon.core.main.TestCaseExecutor.processExecutionPhase(TestCaseExecutor.java:307)
	at com.kms.katalon.core.main.TestCaseExecutor.accessMainPhase(TestCaseExecutor.java:299)
	at com.kms.katalon.core.main.TestCaseExecutor.execute(TestCaseExecutor.java:233)
	at com.kms.katalon.core.main.TestSuiteExecutor.accessTestCaseMainPhase(TestSuiteExecutor.java:169)
	at com.kms.katalon.core.main.TestSuiteExecutor.accessTestSuiteMainPhase(TestSuiteExecutor.java:142)
	at com.kms.katalon.core.main.TestSuiteExecutor.execute(TestSuiteExecutor.java:91)
	at com.kms.katalon.core.main.TestCaseMain.startTestSuite(TestCaseMain.java:157)
	at com.kms.katalon.core.main.TestCaseMain$startTestSuite$0.call(Unknown Source)
	at TempTestSuite1576495582650.run(TempTestSuite1576495582650.groovy:36)


2019-12-16 05:31:26 - [TEST_STEP][PASSED] - openBrowser("https://p4p-qa-bg.aws.paradise4paws.com/login/"): Browser is opened with url: 'https://p4p-qa-bg.aws.paradise4paws.com/login/'

2019-12-16 05:31:26 - [MESSAGE][WARNING] - A browser is already opened. Closing browser and opening a new one

2019-12-16 05:31:32 - [MESSAGE][INFO] - Starting 'Firefox' driver

2019-12-16 05:31:35 - [MESSAGE][PASSED] - Browser is opened with url: 'https://p4p-qa-bg.aws.paradise4paws.com/login/'

2019-12-16 05:31:35 - [TEST_STEP][PASSED] - setText(findTestObject("Object Repository/object_login/input_user"), var_user): Text 'jegchavez@gmail.com' is set on object 'Object Repository/object_login/input_user'

2019-12-16 05:31:36 - [MESSAGE][PASSED] - Text 'jegchavez@gmail.com' is set on object 'Object Repository/object_login/input_user'

2019-12-16 05:31:36 - [TEST_STEP][PASSED] - setText(findTestObject("Object Repository/object_login/input_pass"), var_pass): Text 'admin1' is set on object 'Object Repository/object_login/input_pass'

2019-12-16 05:31:36 - [MESSAGE][PASSED] - Text 'admin1' is set on object 'Object Repository/object_login/input_pass'

2019-12-16 05:31:36 - [TEST_STEP][PASSED] - delay(2): Delayed 2 second(s)

2019-12-16 05:31:38 - [MESSAGE][PASSED] - Delayed 2 second(s)

2019-12-16 05:31:38 - [TEST_STEP][PASSED] - verifyElementClickable(findTestObject("Object Repository/object_login/btn_login")): Object 'Object Repository/object_login/btn_login' is clickable

2019-12-16 05:31:39 - [MESSAGE][PASSED] - Object 'Object Repository/object_login/btn_login' is clickable

2019-12-16 05:31:39 - [TEST_STEP][PASSED] - click(findTestObject("Object Repository/object_login/btn_login")): Object: 'Object Repository/object_login/btn_login' is clicked on

2019-12-16 05:31:42 - [MESSAGE][PASSED] - Object: 'Object Repository/object_login/btn_login' is clicked on

2019-12-16 05:31:42 - [TEST_STEP][PASSED] - delay(2): Delayed 2 second(s)

2019-12-16 05:31:44 - [MESSAGE][PASSED] - Delayed 2 second(s)

2019-12-16 05:31:44 - [TEST_STEP][PASSED] - setText(findTestObject("Object Repository/object_dashboard_emp/input_search"), var_searchParent): Text 'leongarzagarza@hotmail.com' is set on object 'Object Repository/object_dashboard_emp/input_search'

2019-12-16 05:31:44 - [MESSAGE][PASSED] - Text 'leongarzagarza@hotmail.com' is set on object 'Object Repository/object_dashboard_emp/input_search'

2019-12-16 05:31:44 - [TEST_STEP][PASSED] - click(findTestObject("Object Repository/object_dashboard_emp/btn_accountSearch")): Object: 'Object Repository/object_dashboard_emp/btn_accountSearch' is clicked on

2019-12-16 05:31:45 - [MESSAGE][PASSED] - Object: 'Object Repository/object_dashboard_emp/btn_accountSearch' is clicked on

2019-12-16 05:31:45 - [TEST_STEP][PASSED] - delay(2): Delayed 2 second(s)

2019-12-16 05:31:47 - [MESSAGE][PASSED] - Delayed 2 second(s)

2019-12-16 05:31:47 - [TEST_STEP][PASSED] - click(findTestObject("Object Repository/object_accountInformation/a_TEST GABRIEL PROD")): Object: 'Object Repository/object_accountInformation/a_TEST GABRIEL PROD' is clicked on

2019-12-16 05:31:51 - [MESSAGE][PASSED] - Object: 'Object Repository/object_accountInformation/a_TEST GABRIEL PROD' is clicked on

2019-12-16 05:31:51 - [TEST_STEP][PASSED] - delay(2): Delayed 2 second(s)

2019-12-16 05:31:53 - [MESSAGE][PASSED] - Delayed 2 second(s)

2019-12-16 05:31:53 - [TEST_STEP][PASSED] - var_url = getUrl(): Current window's url is: 'https://p4p-qa-bg.aws.paradise4paws.com/accounts/profile/#/reservations/122350/'

2019-12-16 05:31:53 - [MESSAGE][PASSED] - Current window's url is: 'https://p4p-qa-bg.aws.paradise4paws.com/accounts/profile/#/reservations/122350/'

2019-12-16 05:31:53 - [TEST_STEP][PASSED] - log0 = new com.kms.katalon.core.logging.KeywordLogger(): null

2019-12-16 05:31:53 - [TEST_STEP][PASSED] - arrUrl = var_url.split("/"): null

2019-12-16 05:31:53 - [TEST_STEP][PASSED] - idParent = arrUrl[7]: null

2019-12-16 05:31:53 - [TEST_STEP][PASSED] - click(findTestObject("Object Repository/object_profile/a_addReservation")): Object: 'Object Repository/object_profile/a_addReservation' is clicked on

2019-12-16 05:31:54 - [MESSAGE][PASSED] - Object: 'Object Repository/object_profile/a_addReservation' is clicked on

2019-12-16 05:31:54 - [TEST_STEP][PASSED] - delay(2): Delayed 2 second(s)

2019-12-16 05:31:56 - [MESSAGE][PASSED] - Delayed 2 second(s)

2019-12-16 05:31:56 - [TEST_STEP][PASSED] - flagBoar = "0": null

2019-12-16 05:31:56 - [TEST_STEP][PASSED] - log = new com.kms.katalon.core.logging.KeywordLogger(): null

2019-12-16 05:31:56 - [TEST_STEP][PASSED] - if (var_typeReserveation == "Boarding"): null

2019-12-16 05:31:56 - [TEST_STEP][PASSED] - else if (var_typeReserveation == "Daycare"): Object: 'Object Repository/object_reservation/btn_Daycare' is clicked on

2019-12-16 05:31:56 - [TEST_STEP][PASSED] - flagBoar = "2": null

2019-12-16 05:31:56 - [TEST_STEP][PASSED] - click(findTestObject("object_reservation/btn_Daycare")): Object: 'Object Repository/object_reservation/btn_Daycare' is clicked on

2019-12-16 05:31:57 - [MESSAGE][PASSED] - Object: 'Object Repository/object_reservation/btn_Daycare' is clicked on

2019-12-16 05:31:57 - [TEST_STEP][PASSED] - click(findTestObject("Object Repository/object_reservation/i_location")): Object: 'Object Repository/object_reservation/i_location' is clicked on

2019-12-16 05:31:59 - [MESSAGE][PASSED] - Object: 'Object Repository/object_reservation/i_location' is clicked on

2019-12-16 05:31:59 - [TEST_STEP][PASSED] - switch (var_idFacility): null

2019-12-16 05:31:59 - [TEST_STEP][PASSED] - dateCI = var_checkinD.split(","): null

2019-12-16 05:31:59 - [TEST_STEP][PASSED] - dateCO = var_checkoutD.split(","): null

2019-12-16 05:31:59 - [TEST_STEP][PASSED] - arryPets = var_pets.split(","): null

2019-12-16 05:31:59 - [TEST_STEP][PASSED] - delay(2): Delayed 2 second(s)

2019-12-16 05:32:01 - [MESSAGE][PASSED] - Delayed 2 second(s)

2019-12-16 05:32:01 - [TEST_STEP][PASSED] - if (var_repeting == "Y"): null

2019-12-16 05:32:01 - [TEST_STEP][PASSED] - click(findTestObject("Object Repository/object_reservation/checkbox_repeating")): Object: 'Object Repository/object_reservation/checkbox_repeating' is clicked on

2019-12-16 05:32:02 - [MESSAGE][PASSED] - Object: 'Object Repository/object_reservation/checkbox_repeating' is clicked on

2019-12-16 05:32:02 - [TEST_STEP][PASSED] - if (var_repeatingEvery == "Weekly"): null

2019-12-16 05:32:02 - [TEST_STEP][PASSED] - click(findTestObject("Object Repository/object_reservation/dateCheckIn")): Object: 'Object Repository/object_reservation/dateCheckIn' is clicked on

2019-12-16 05:32:03 - [MESSAGE][PASSED] - Object: 'Object Repository/object_reservation/dateCheckIn' is clicked on

2019-12-16 05:32:03 - [TEST_STEP][PASSED] - stringCI2020 = "0": null

2019-12-16 05:32:03 - [TEST_STEP][PASSED] - stringC02020 = "0": null

2019-12-16 05:32:03 - [TEST_STEP][PASSED] - if (dateCI[0] == "16" && dateCI[1] == "01" && dateCI[2] == "2020"): null

2019-12-16 05:32:03 - [TEST_STEP][PASSED] - if (dateCI[0] == "18" && dateCI[1] == "02" && dateCI[2] == "2020"): null

2019-12-16 05:32:03 - [TEST_STEP][PASSED] - if (dateCI[0] == "21" && dateCI[1] == "03" && dateCI[2] == "2020"): null

2019-12-16 05:32:03 - [TEST_STEP][PASSED] - delay(2): Delayed 2 second(s)

2019-12-16 05:32:05 - [MESSAGE][PASSED] - Delayed 2 second(s)

2019-12-16 05:32:05 - [TEST_STEP][PASSED] - if (stringCI2020 == "0"): null

2019-12-16 05:32:05 - [TEST_STEP][PASSED] - switch (dateCI[0]): null

2019-12-16 05:32:05 - [TEST_STEP][PASSED] - case "12":: null

2019-12-16 05:32:05 - [TEST_STEP][PASSED] - click(findTestObject("Object Repository/Page_Paradise 4 Paws  Dog Boarding Cat Boarding Norwalk Pooch Hotel/button_12_ci")): Object: 'Object Repository/Page_Paradise 4 Paws  Dog Boarding Cat Boarding Norwalk Pooch Hotel/button_12_ci' is clicked on

2019-12-16 05:32:05 - [MESSAGE][PASSED] - Object: 'Object Repository/Page_Paradise 4 Paws  Dog Boarding Cat Boarding Norwalk Pooch Hotel/button_12_ci' is clicked on

2019-12-16 05:32:05 - [TEST_STEP][PASSED] - break: null

2019-12-16 05:32:05 - [TEST_STEP][PASSED] - if (flagBoar == "1" || flagBoar == "2" && var_repeatingEvery == "Daily" || flagBoar == "2" && var_repeatingEvery == "Weekly" || flagBoar == "2" && var_repeatingEvery == "Monthly"): null

2019-12-16 05:32:05 - [TEST_STEP][PASSED] - click(findTestObject("Object Repository/object_reservation/dateCheckOut")): Object: 'Object Repository/object_reservation/dateCheckOut' is clicked on

2019-12-16 05:32:06 - [MESSAGE][PASSED] - Object: 'Object Repository/object_reservation/dateCheckOut' is clicked on

2019-12-16 05:32:06 - [TEST_STEP][PASSED] - if (dateCO[0] == "17" && dateCO[1] == "02" && dateCO[2] == "2020"): null

2019-12-16 05:32:06 - [TEST_STEP][PASSED] - if (dateCO[0] == "20" && dateCO[1] == "03" && dateCO[2] == "2020"): null

2019-12-16 05:32:06 - [TEST_STEP][PASSED] - if (dateCO[0] == "24" && dateCO[1] == "04" && dateCO[2] == "2020"): null

2019-12-16 05:32:06 - [TEST_STEP][PASSED] - if (stringCO2020 == "0"): null]]></system-out>
         <system-err><![CDATA[2019-12-16 05:31:26 - [TEST_CASE][ERROR] - Test Cases/p4p_newReservationDaycare: Test Cases/p4p_newReservationDaycare FAILED.
Reason:
groovy.lang.MissingPropertyException: No such property: stringCO2020 for class: Script1576482965057
	at p4p_newReservationDaycare.run(p4p_newReservationDaycare:359)
	at com.kms.katalon.core.main.ScriptEngine.run(ScriptEngine.java:194)
	at com.kms.katalon.core.main.ScriptEngine.runScriptAsRawText(ScriptEngine.java:119)
	at com.kms.katalon.core.main.TestCaseExecutor.runScript(TestCaseExecutor.java:337)
	at com.kms.katalon.core.main.TestCaseExecutor.doExecute(TestCaseExecutor.java:328)
	at com.kms.katalon.core.main.TestCaseExecutor.processExecutionPhase(TestCaseExecutor.java:307)
	at com.kms.katalon.core.main.TestCaseExecutor.accessMainPhase(TestCaseExecutor.java:299)
	at com.kms.katalon.core.main.TestCaseExecutor.execute(TestCaseExecutor.java:233)
	at com.kms.katalon.core.main.TestSuiteExecutor.accessTestCaseMainPhase(TestSuiteExecutor.java:169)
	at com.kms.katalon.core.main.TestSuiteExecutor.accessTestSuiteMainPhase(TestSuiteExecutor.java:142)
	at com.kms.katalon.core.main.TestSuiteExecutor.execute(TestSuiteExecutor.java:91)
	at com.kms.katalon.core.main.TestCaseMain.startTestSuite(TestCaseMain.java:157)
	at com.kms.katalon.core.main.TestCaseMain$startTestSuite$0.call(Unknown Source)
	at TempTestSuite1576495582650.run(TempTestSuite1576495582650.groovy:36)]]></system-err>
      </testcase>
      <testcase name="Test Cases/p4p_newReservationDaycare" time="38.948" classname="Test Cases/p4p_newReservationDaycare" status="ERROR">
         <error type="ERROR" message="Test Cases/p4p_newReservationDaycare FAILED.
Reason:
groovy.lang.MissingPropertyException: No such property: stringCO2020 for class: Script1576482965057
	at p4p_newReservationDaycare.run(p4p_newReservationDaycare:359)
	at com.kms.katalon.core.main.ScriptEngine.run(ScriptEngine.java:194)
	at com.kms.katalon.core.main.ScriptEngine.runScriptAsRawText(ScriptEngine.java:119)
	at com.kms.katalon.core.main.TestCaseExecutor.runScript(TestCaseExecutor.java:337)
	at com.kms.katalon.core.main.TestCaseExecutor.doExecute(TestCaseExecutor.java:328)
	at com.kms.katalon.core.main.TestCaseExecutor.processExecutionPhase(TestCaseExecutor.java:307)
	at com.kms.katalon.core.main.TestCaseExecutor.accessMainPhase(TestCaseExecutor.java:299)
	at com.kms.katalon.core.main.TestCaseExecutor.execute(TestCaseExecutor.java:233)
	at com.kms.katalon.core.main.TestSuiteExecutor.accessTestCaseMainPhase(TestSuiteExecutor.java:169)
	at com.kms.katalon.core.main.TestSuiteExecutor.accessTestSuiteMainPhase(TestSuiteExecutor.java:142)
	at com.kms.katalon.core.main.TestSuiteExecutor.execute(TestSuiteExecutor.java:91)
	at com.kms.katalon.core.main.TestCaseMain.startTestSuite(TestCaseMain.java:157)
	at com.kms.katalon.core.main.TestCaseMain$startTestSuite$0.call(Unknown Source)
	at TempTestSuite1576495582650.run(TempTestSuite1576495582650.groovy:36)
"/>
         <system-out><![CDATA[2019-12-16 05:32:06 - [TEST_CASE][ERROR] - Test Cases/p4p_newReservationDaycare: Test Cases/p4p_newReservationDaycare FAILED.
Reason:
groovy.lang.MissingPropertyException: No such property: stringCO2020 for class: Script1576482965057
	at p4p_newReservationDaycare.run(p4p_newReservationDaycare:359)
	at com.kms.katalon.core.main.ScriptEngine.run(ScriptEngine.java:194)
	at com.kms.katalon.core.main.ScriptEngine.runScriptAsRawText(ScriptEngine.java:119)
	at com.kms.katalon.core.main.TestCaseExecutor.runScript(TestCaseExecutor.java:337)
	at com.kms.katalon.core.main.TestCaseExecutor.doExecute(TestCaseExecutor.java:328)
	at com.kms.katalon.core.main.TestCaseExecutor.processExecutionPhase(TestCaseExecutor.java:307)
	at com.kms.katalon.core.main.TestCaseExecutor.accessMainPhase(TestCaseExecutor.java:299)
	at com.kms.katalon.core.main.TestCaseExecutor.execute(TestCaseExecutor.java:233)
	at com.kms.katalon.core.main.TestSuiteExecutor.accessTestCaseMainPhase(TestSuiteExecutor.java:169)
	at com.kms.katalon.core.main.TestSuiteExecutor.accessTestSuiteMainPhase(TestSuiteExecutor.java:142)
	at com.kms.katalon.core.main.TestSuiteExecutor.execute(TestSuiteExecutor.java:91)
	at com.kms.katalon.core.main.TestCaseMain.startTestSuite(TestCaseMain.java:157)
	at com.kms.katalon.core.main.TestCaseMain$startTestSuite$0.call(Unknown Source)
	at TempTestSuite1576495582650.run(TempTestSuite1576495582650.groovy:36)


2019-12-16 05:32:06 - [TEST_STEP][PASSED] - openBrowser("https://p4p-qa-bg.aws.paradise4paws.com/login/"): Browser is opened with url: 'https://p4p-qa-bg.aws.paradise4paws.com/login/'

2019-12-16 05:32:06 - [MESSAGE][WARNING] - A browser is already opened. Closing browser and opening a new one

2019-12-16 05:32:10 - [MESSAGE][INFO] - Starting 'Firefox' driver

2019-12-16 05:32:13 - [MESSAGE][PASSED] - Browser is opened with url: 'https://p4p-qa-bg.aws.paradise4paws.com/login/'

2019-12-16 05:32:13 - [TEST_STEP][PASSED] - setText(findTestObject("Object Repository/object_login/input_user"), var_user): Text 'jegchavez@gmail.com' is set on object 'Object Repository/object_login/input_user'

2019-12-16 05:32:14 - [MESSAGE][PASSED] - Text 'jegchavez@gmail.com' is set on object 'Object Repository/object_login/input_user'

2019-12-16 05:32:14 - [TEST_STEP][PASSED] - setText(findTestObject("Object Repository/object_login/input_pass"), var_pass): Text 'admin1' is set on object 'Object Repository/object_login/input_pass'

2019-12-16 05:32:15 - [MESSAGE][PASSED] - Text 'admin1' is set on object 'Object Repository/object_login/input_pass'

2019-12-16 05:32:15 - [TEST_STEP][PASSED] - delay(2): Delayed 2 second(s)

2019-12-16 05:32:17 - [MESSAGE][PASSED] - Delayed 2 second(s)

2019-12-16 05:32:17 - [TEST_STEP][PASSED] - verifyElementClickable(findTestObject("Object Repository/object_login/btn_login")): Object 'Object Repository/object_login/btn_login' is clickable

2019-12-16 05:32:17 - [MESSAGE][PASSED] - Object 'Object Repository/object_login/btn_login' is clickable

2019-12-16 05:32:17 - [TEST_STEP][PASSED] - click(findTestObject("Object Repository/object_login/btn_login")): Object: 'Object Repository/object_login/btn_login' is clicked on

2019-12-16 05:32:20 - [MESSAGE][PASSED] - Object: 'Object Repository/object_login/btn_login' is clicked on

2019-12-16 05:32:20 - [TEST_STEP][PASSED] - delay(2): Delayed 2 second(s)

2019-12-16 05:32:22 - [MESSAGE][PASSED] - Delayed 2 second(s)

2019-12-16 05:32:22 - [TEST_STEP][PASSED] - setText(findTestObject("Object Repository/object_dashboard_emp/input_search"), var_searchParent): Text 'leongarzagarza@hotmail.com' is set on object 'Object Repository/object_dashboard_emp/input_search'

2019-12-16 05:32:22 - [MESSAGE][PASSED] - Text 'leongarzagarza@hotmail.com' is set on object 'Object Repository/object_dashboard_emp/input_search'

2019-12-16 05:32:22 - [TEST_STEP][PASSED] - click(findTestObject("Object Repository/object_dashboard_emp/btn_accountSearch")): Object: 'Object Repository/object_dashboard_emp/btn_accountSearch' is clicked on

2019-12-16 05:32:23 - [MESSAGE][PASSED] - Object: 'Object Repository/object_dashboard_emp/btn_accountSearch' is clicked on

2019-12-16 05:32:23 - [TEST_STEP][PASSED] - delay(2): Delayed 2 second(s)

2019-12-16 05:32:25 - [MESSAGE][PASSED] - Delayed 2 second(s)

2019-12-16 05:32:25 - [TEST_STEP][PASSED] - click(findTestObject("Object Repository/object_accountInformation/a_TEST GABRIEL PROD")): Object: 'Object Repository/object_accountInformation/a_TEST GABRIEL PROD' is clicked on

2019-12-16 05:32:29 - [MESSAGE][PASSED] - Object: 'Object Repository/object_accountInformation/a_TEST GABRIEL PROD' is clicked on

2019-12-16 05:32:29 - [TEST_STEP][PASSED] - delay(2): Delayed 2 second(s)

2019-12-16 05:32:31 - [MESSAGE][PASSED] - Delayed 2 second(s)

2019-12-16 05:32:31 - [TEST_STEP][PASSED] - var_url = getUrl(): Current window's url is: 'https://p4p-qa-bg.aws.paradise4paws.com/accounts/profile/#/reservations/122350/'

2019-12-16 05:32:31 - [MESSAGE][PASSED] - Current window's url is: 'https://p4p-qa-bg.aws.paradise4paws.com/accounts/profile/#/reservations/122350/'

2019-12-16 05:32:31 - [TEST_STEP][PASSED] - log0 = new com.kms.katalon.core.logging.KeywordLogger(): null

2019-12-16 05:32:31 - [TEST_STEP][PASSED] - arrUrl = var_url.split("/"): null

2019-12-16 05:32:31 - [TEST_STEP][PASSED] - idParent = arrUrl[7]: null

2019-12-16 05:32:31 - [TEST_STEP][PASSED] - click(findTestObject("Object Repository/object_profile/a_addReservation")): Object: 'Object Repository/object_profile/a_addReservation' is clicked on

2019-12-16 05:32:32 - [MESSAGE][PASSED] - Object: 'Object Repository/object_profile/a_addReservation' is clicked on

2019-12-16 05:32:32 - [TEST_STEP][PASSED] - delay(2): Delayed 2 second(s)

2019-12-16 05:32:34 - [MESSAGE][PASSED] - Delayed 2 second(s)

2019-12-16 05:32:34 - [TEST_STEP][PASSED] - flagBoar = "0": null

2019-12-16 05:32:34 - [TEST_STEP][PASSED] - log = new com.kms.katalon.core.logging.KeywordLogger(): null

2019-12-16 05:32:34 - [TEST_STEP][PASSED] - if (var_typeReserveation == "Boarding"): null

2019-12-16 05:32:34 - [TEST_STEP][PASSED] - else if (var_typeReserveation == "Daycare"): Object: 'Object Repository/object_reservation/btn_Daycare' is clicked on

2019-12-16 05:32:34 - [TEST_STEP][PASSED] - flagBoar = "2": null

2019-12-16 05:32:34 - [TEST_STEP][PASSED] - click(findTestObject("object_reservation/btn_Daycare")): Object: 'Object Repository/object_reservation/btn_Daycare' is clicked on

2019-12-16 05:32:35 - [MESSAGE][PASSED] - Object: 'Object Repository/object_reservation/btn_Daycare' is clicked on

2019-12-16 05:32:35 - [TEST_STEP][PASSED] - click(findTestObject("Object Repository/object_reservation/i_location")): Object: 'Object Repository/object_reservation/i_location' is clicked on

2019-12-16 05:32:37 - [MESSAGE][PASSED] - Object: 'Object Repository/object_reservation/i_location' is clicked on

2019-12-16 05:32:37 - [TEST_STEP][PASSED] - switch (var_idFacility): null

2019-12-16 05:32:37 - [TEST_STEP][PASSED] - dateCI = var_checkinD.split(","): null

2019-12-16 05:32:37 - [TEST_STEP][PASSED] - dateCO = var_checkoutD.split(","): null

2019-12-16 05:32:37 - [TEST_STEP][PASSED] - arryPets = var_pets.split(","): null

2019-12-16 05:32:37 - [TEST_STEP][PASSED] - delay(2): Delayed 2 second(s)

2019-12-16 05:32:39 - [MESSAGE][PASSED] - Delayed 2 second(s)

2019-12-16 05:32:39 - [TEST_STEP][PASSED] - if (var_repeting == "Y"): All options with value '2' are selected in object 'Object Repository/object_reservation/Page_Paradise 4 Paws  Dog Boarding Cat Boar_cfde7f/select_DailyWeeklyMonthlyOther'  using regular expression

2019-12-16 05:32:39 - [TEST_STEP][PASSED] - click(findTestObject("Object Repository/object_reservation/checkbox_repeating")): Object: 'Object Repository/object_reservation/checkbox_repeating' is clicked on

2019-12-16 05:32:40 - [MESSAGE][PASSED] - Object: 'Object Repository/object_reservation/checkbox_repeating' is clicked on

2019-12-16 05:32:40 - [TEST_STEP][PASSED] - if (var_repeatingEvery == "Weekly"): All options with value '2' are selected in object 'Object Repository/object_reservation/Page_Paradise 4 Paws  Dog Boarding Cat Boar_cfde7f/select_DailyWeeklyMonthlyOther'  using regular expression

2019-12-16 05:32:40 - [TEST_STEP][PASSED] - selectOptionByValue(findTestObject("Object Repository/object_reservation/Page_Paradise 4 Paws  Dog Boarding Cat Boar_cfde7f/select_DailyWeeklyMonthlyOther"), "2", true): All options with value '2' are selected in object 'Object Repository/object_reservation/Page_Paradise 4 Paws  Dog Boarding Cat Boar_cfde7f/select_DailyWeeklyMonthlyOther'  using regular expression

2019-12-16 05:32:41 - [MESSAGE][PASSED] - All options with value '2' are selected in object 'Object Repository/object_reservation/Page_Paradise 4 Paws  Dog Boarding Cat Boar_cfde7f/select_DailyWeeklyMonthlyOther'  using regular expression

2019-12-16 05:32:41 - [TEST_STEP][PASSED] - click(findTestObject("Object Repository/object_reservation/dateCheckIn")): Object: 'Object Repository/object_reservation/dateCheckIn' is clicked on

2019-12-16 05:32:42 - [MESSAGE][PASSED] - Object: 'Object Repository/object_reservation/dateCheckIn' is clicked on

2019-12-16 05:32:42 - [TEST_STEP][PASSED] - stringCI2020 = "0": null

2019-12-16 05:32:42 - [TEST_STEP][PASSED] - stringC02020 = "0": null

2019-12-16 05:32:42 - [TEST_STEP][PASSED] - if (dateCI[0] == "16" && dateCI[1] == "01" && dateCI[2] == "2020"): null

2019-12-16 05:32:42 - [TEST_STEP][PASSED] - if (dateCI[0] == "18" && dateCI[1] == "02" && dateCI[2] == "2020"): null

2019-12-16 05:32:42 - [TEST_STEP][PASSED] - if (dateCI[0] == "21" && dateCI[1] == "03" && dateCI[2] == "2020"): null

2019-12-16 05:32:42 - [TEST_STEP][PASSED] - delay(2): Delayed 2 second(s)

2019-12-16 05:32:44 - [MESSAGE][PASSED] - Delayed 2 second(s)

2019-12-16 05:32:44 - [TEST_STEP][PASSED] - if (stringCI2020 == "0"): null

2019-12-16 05:32:44 - [TEST_STEP][PASSED] - switch (dateCI[0]): null

2019-12-16 05:32:44 - [TEST_STEP][PASSED] - case "13":: null

2019-12-16 05:32:44 - [TEST_STEP][PASSED] - click(findTestObject("Object Repository/Page_Paradise 4 Paws  Dog Boarding Cat Boarding Norwalk Pooch Hotel/button_13_ci")): Object: 'Object Repository/Page_Paradise 4 Paws  Dog Boarding Cat Boarding Norwalk Pooch Hotel/button_13_ci' is clicked on

2019-12-16 05:32:44 - [MESSAGE][PASSED] - Object: 'Object Repository/Page_Paradise 4 Paws  Dog Boarding Cat Boarding Norwalk Pooch Hotel/button_13_ci' is clicked on

2019-12-16 05:32:44 - [TEST_STEP][PASSED] - break: null

2019-12-16 05:32:44 - [TEST_STEP][PASSED] - if (flagBoar == "1" || flagBoar == "2" && var_repeatingEvery == "Daily" || flagBoar == "2" && var_repeatingEvery == "Weekly" || flagBoar == "2" && var_repeatingEvery == "Monthly"): null

2019-12-16 05:32:44 - [TEST_STEP][PASSED] - click(findTestObject("Object Repository/object_reservation/dateCheckOut")): Object: 'Object Repository/object_reservation/dateCheckOut' is clicked on

2019-12-16 05:32:45 - [MESSAGE][PASSED] - Object: 'Object Repository/object_reservation/dateCheckOut' is clicked on

2019-12-16 05:32:45 - [TEST_STEP][PASSED] - if (dateCO[0] == "17" && dateCO[1] == "02" && dateCO[2] == "2020"): null

2019-12-16 05:32:45 - [TEST_STEP][PASSED] - if (dateCO[0] == "20" && dateCO[1] == "03" && dateCO[2] == "2020"): null

2019-12-16 05:32:45 - [TEST_STEP][PASSED] - if (dateCO[0] == "24" && dateCO[1] == "04" && dateCO[2] == "2020"): null

2019-12-16 05:32:45 - [TEST_STEP][PASSED] - if (stringCO2020 == "0"): null]]></system-out>
         <system-err><![CDATA[2019-12-16 05:32:06 - [TEST_CASE][ERROR] - Test Cases/p4p_newReservationDaycare: Test Cases/p4p_newReservationDaycare FAILED.
Reason:
groovy.lang.MissingPropertyException: No such property: stringCO2020 for class: Script1576482965057
	at p4p_newReservationDaycare.run(p4p_newReservationDaycare:359)
	at com.kms.katalon.core.main.ScriptEngine.run(ScriptEngine.java:194)
	at com.kms.katalon.core.main.ScriptEngine.runScriptAsRawText(ScriptEngine.java:119)
	at com.kms.katalon.core.main.TestCaseExecutor.runScript(TestCaseExecutor.java:337)
	at com.kms.katalon.core.main.TestCaseExecutor.doExecute(TestCaseExecutor.java:328)
	at com.kms.katalon.core.main.TestCaseExecutor.processExecutionPhase(TestCaseExecutor.java:307)
	at com.kms.katalon.core.main.TestCaseExecutor.accessMainPhase(TestCaseExecutor.java:299)
	at com.kms.katalon.core.main.TestCaseExecutor.execute(TestCaseExecutor.java:233)
	at com.kms.katalon.core.main.TestSuiteExecutor.accessTestCaseMainPhase(TestSuiteExecutor.java:169)
	at com.kms.katalon.core.main.TestSuiteExecutor.accessTestSuiteMainPhase(TestSuiteExecutor.java:142)
	at com.kms.katalon.core.main.TestSuiteExecutor.execute(TestSuiteExecutor.java:91)
	at com.kms.katalon.core.main.TestCaseMain.startTestSuite(TestCaseMain.java:157)
	at com.kms.katalon.core.main.TestCaseMain$startTestSuite$0.call(Unknown Source)
	at TempTestSuite1576495582650.run(TempTestSuite1576495582650.groovy:36)]]></system-err>
      </testcase>
      <testcase name="Test Cases/p4p_newReservationDaycare" time="41.491" classname="Test Cases/p4p_newReservationDaycare" status="ERROR">
         <error type="ERROR" message="Test Cases/p4p_newReservationDaycare FAILED.
Reason:
groovy.lang.MissingPropertyException: No such property: stringCO2020 for class: Script1576482965057
	at p4p_newReservationDaycare.run(p4p_newReservationDaycare:359)
	at com.kms.katalon.core.main.ScriptEngine.run(ScriptEngine.java:194)
	at com.kms.katalon.core.main.ScriptEngine.runScriptAsRawText(ScriptEngine.java:119)
	at com.kms.katalon.core.main.TestCaseExecutor.runScript(TestCaseExecutor.java:337)
	at com.kms.katalon.core.main.TestCaseExecutor.doExecute(TestCaseExecutor.java:328)
	at com.kms.katalon.core.main.TestCaseExecutor.processExecutionPhase(TestCaseExecutor.java:307)
	at com.kms.katalon.core.main.TestCaseExecutor.accessMainPhase(TestCaseExecutor.java:299)
	at com.kms.katalon.core.main.TestCaseExecutor.execute(TestCaseExecutor.java:233)
	at com.kms.katalon.core.main.TestSuiteExecutor.accessTestCaseMainPhase(TestSuiteExecutor.java:169)
	at com.kms.katalon.core.main.TestSuiteExecutor.accessTestSuiteMainPhase(TestSuiteExecutor.java:142)
	at com.kms.katalon.core.main.TestSuiteExecutor.execute(TestSuiteExecutor.java:91)
	at com.kms.katalon.core.main.TestCaseMain.startTestSuite(TestCaseMain.java:157)
	at com.kms.katalon.core.main.TestCaseMain$startTestSuite$0.call(Unknown Source)
	at TempTestSuite1576495582650.run(TempTestSuite1576495582650.groovy:36)
"/>
         <system-out><![CDATA[2019-12-16 05:32:45 - [TEST_CASE][ERROR] - Test Cases/p4p_newReservationDaycare: Test Cases/p4p_newReservationDaycare FAILED.
Reason:
groovy.lang.MissingPropertyException: No such property: stringCO2020 for class: Script1576482965057
	at p4p_newReservationDaycare.run(p4p_newReservationDaycare:359)
	at com.kms.katalon.core.main.ScriptEngine.run(ScriptEngine.java:194)
	at com.kms.katalon.core.main.ScriptEngine.runScriptAsRawText(ScriptEngine.java:119)
	at com.kms.katalon.core.main.TestCaseExecutor.runScript(TestCaseExecutor.java:337)
	at com.kms.katalon.core.main.TestCaseExecutor.doExecute(TestCaseExecutor.java:328)
	at com.kms.katalon.core.main.TestCaseExecutor.processExecutionPhase(TestCaseExecutor.java:307)
	at com.kms.katalon.core.main.TestCaseExecutor.accessMainPhase(TestCaseExecutor.java:299)
	at com.kms.katalon.core.main.TestCaseExecutor.execute(TestCaseExecutor.java:233)
	at com.kms.katalon.core.main.TestSuiteExecutor.accessTestCaseMainPhase(TestSuiteExecutor.java:169)
	at com.kms.katalon.core.main.TestSuiteExecutor.accessTestSuiteMainPhase(TestSuiteExecutor.java:142)
	at com.kms.katalon.core.main.TestSuiteExecutor.execute(TestSuiteExecutor.java:91)
	at com.kms.katalon.core.main.TestCaseMain.startTestSuite(TestCaseMain.java:157)
	at com.kms.katalon.core.main.TestCaseMain$startTestSuite$0.call(Unknown Source)
	at TempTestSuite1576495582650.run(TempTestSuite1576495582650.groovy:36)


2019-12-16 05:32:45 - [TEST_STEP][PASSED] - openBrowser("https://p4p-qa-bg.aws.paradise4paws.com/login/"): Browser is opened with url: 'https://p4p-qa-bg.aws.paradise4paws.com/login/'

2019-12-16 05:32:45 - [MESSAGE][WARNING] - A browser is already opened. Closing browser and opening a new one

2019-12-16 05:32:51 - [MESSAGE][INFO] - Starting 'Firefox' driver

2019-12-16 05:32:54 - [MESSAGE][PASSED] - Browser is opened with url: 'https://p4p-qa-bg.aws.paradise4paws.com/login/'

2019-12-16 05:32:54 - [TEST_STEP][PASSED] - setText(findTestObject("Object Repository/object_login/input_user"), var_user): Text 'jegchavez@gmail.com' is set on object 'Object Repository/object_login/input_user'

2019-12-16 05:32:55 - [MESSAGE][PASSED] - Text 'jegchavez@gmail.com' is set on object 'Object Repository/object_login/input_user'

2019-12-16 05:32:55 - [TEST_STEP][PASSED] - setText(findTestObject("Object Repository/object_login/input_pass"), var_pass): Text 'admin1' is set on object 'Object Repository/object_login/input_pass'

2019-12-16 05:32:56 - [MESSAGE][PASSED] - Text 'admin1' is set on object 'Object Repository/object_login/input_pass'

2019-12-16 05:32:56 - [TEST_STEP][PASSED] - delay(2): Delayed 2 second(s)

2019-12-16 05:32:58 - [MESSAGE][PASSED] - Delayed 2 second(s)

2019-12-16 05:32:58 - [TEST_STEP][PASSED] - verifyElementClickable(findTestObject("Object Repository/object_login/btn_login")): Object 'Object Repository/object_login/btn_login' is clickable

2019-12-16 05:32:58 - [MESSAGE][PASSED] - Object 'Object Repository/object_login/btn_login' is clickable

2019-12-16 05:32:58 - [TEST_STEP][PASSED] - click(findTestObject("Object Repository/object_login/btn_login")): Object: 'Object Repository/object_login/btn_login' is clicked on

2019-12-16 05:33:01 - [MESSAGE][PASSED] - Object: 'Object Repository/object_login/btn_login' is clicked on

2019-12-16 05:33:01 - [TEST_STEP][PASSED] - delay(2): Delayed 2 second(s)

2019-12-16 05:33:03 - [MESSAGE][PASSED] - Delayed 2 second(s)

2019-12-16 05:33:03 - [TEST_STEP][PASSED] - setText(findTestObject("Object Repository/object_dashboard_emp/input_search"), var_searchParent): Text 'leongarzagarza@hotmail.com' is set on object 'Object Repository/object_dashboard_emp/input_search'

2019-12-16 05:33:03 - [MESSAGE][PASSED] - Text 'leongarzagarza@hotmail.com' is set on object 'Object Repository/object_dashboard_emp/input_search'

2019-12-16 05:33:03 - [TEST_STEP][PASSED] - click(findTestObject("Object Repository/object_dashboard_emp/btn_accountSearch")): Object: 'Object Repository/object_dashboard_emp/btn_accountSearch' is clicked on

2019-12-16 05:33:04 - [MESSAGE][PASSED] - Object: 'Object Repository/object_dashboard_emp/btn_accountSearch' is clicked on

2019-12-16 05:33:04 - [TEST_STEP][PASSED] - delay(2): Delayed 2 second(s)

2019-12-16 05:33:06 - [MESSAGE][PASSED] - Delayed 2 second(s)

2019-12-16 05:33:06 - [TEST_STEP][PASSED] - click(findTestObject("Object Repository/object_accountInformation/a_TEST GABRIEL PROD")): Object: 'Object Repository/object_accountInformation/a_TEST GABRIEL PROD' is clicked on

2019-12-16 05:33:10 - [MESSAGE][PASSED] - Object: 'Object Repository/object_accountInformation/a_TEST GABRIEL PROD' is clicked on

2019-12-16 05:33:10 - [TEST_STEP][PASSED] - delay(2): Delayed 2 second(s)

2019-12-16 05:33:12 - [MESSAGE][PASSED] - Delayed 2 second(s)

2019-12-16 05:33:12 - [TEST_STEP][PASSED] - var_url = getUrl(): Current window's url is: 'https://p4p-qa-bg.aws.paradise4paws.com/accounts/profile/#/reservations/122350/'

2019-12-16 05:33:12 - [MESSAGE][PASSED] - Current window's url is: 'https://p4p-qa-bg.aws.paradise4paws.com/accounts/profile/#/reservations/122350/'

2019-12-16 05:33:12 - [TEST_STEP][PASSED] - log0 = new com.kms.katalon.core.logging.KeywordLogger(): null

2019-12-16 05:33:12 - [TEST_STEP][PASSED] - arrUrl = var_url.split("/"): null

2019-12-16 05:33:12 - [TEST_STEP][PASSED] - idParent = arrUrl[7]: null

2019-12-16 05:33:12 - [TEST_STEP][PASSED] - click(findTestObject("Object Repository/object_profile/a_addReservation")): Object: 'Object Repository/object_profile/a_addReservation' is clicked on

2019-12-16 05:33:14 - [MESSAGE][PASSED] - Object: 'Object Repository/object_profile/a_addReservation' is clicked on

2019-12-16 05:33:14 - [TEST_STEP][PASSED] - delay(2): Delayed 2 second(s)

2019-12-16 05:33:16 - [MESSAGE][PASSED] - Delayed 2 second(s)

2019-12-16 05:33:16 - [TEST_STEP][PASSED] - flagBoar = "0": null

2019-12-16 05:33:16 - [TEST_STEP][PASSED] - log = new com.kms.katalon.core.logging.KeywordLogger(): null

2019-12-16 05:33:16 - [TEST_STEP][PASSED] - if (var_typeReserveation == "Boarding"): null

2019-12-16 05:33:16 - [TEST_STEP][PASSED] - else if (var_typeReserveation == "Daycare"): Object: 'Object Repository/object_reservation/btn_Daycare' is clicked on

2019-12-16 05:33:16 - [TEST_STEP][PASSED] - flagBoar = "2": null

2019-12-16 05:33:16 - [TEST_STEP][PASSED] - click(findTestObject("object_reservation/btn_Daycare")): Object: 'Object Repository/object_reservation/btn_Daycare' is clicked on

2019-12-16 05:33:16 - [MESSAGE][PASSED] - Object: 'Object Repository/object_reservation/btn_Daycare' is clicked on

2019-12-16 05:33:16 - [TEST_STEP][PASSED] - click(findTestObject("Object Repository/object_reservation/i_location")): Object: 'Object Repository/object_reservation/i_location' is clicked on

2019-12-16 05:33:19 - [MESSAGE][PASSED] - Object: 'Object Repository/object_reservation/i_location' is clicked on

2019-12-16 05:33:19 - [TEST_STEP][PASSED] - switch (var_idFacility): null

2019-12-16 05:33:19 - [TEST_STEP][PASSED] - dateCI = var_checkinD.split(","): null

2019-12-16 05:33:19 - [TEST_STEP][PASSED] - dateCO = var_checkoutD.split(","): null

2019-12-16 05:33:19 - [TEST_STEP][PASSED] - arryPets = var_pets.split(","): null

2019-12-16 05:33:19 - [TEST_STEP][PASSED] - delay(2): Delayed 2 second(s)

2019-12-16 05:33:21 - [MESSAGE][PASSED] - Delayed 2 second(s)

2019-12-16 05:33:21 - [TEST_STEP][PASSED] - if (var_repeting == "Y"): All options with value '2' are selected in object 'Object Repository/object_reservation/Page_Paradise 4 Paws  Dog Boarding Cat Boar_cfde7f/select_DailyWeeklyMonthlyOther'  using regular expression

2019-12-16 05:33:21 - [TEST_STEP][PASSED] - click(findTestObject("Object Repository/object_reservation/checkbox_repeating")): Object: 'Object Repository/object_reservation/checkbox_repeating' is clicked on

2019-12-16 05:33:21 - [MESSAGE][PASSED] - Object: 'Object Repository/object_reservation/checkbox_repeating' is clicked on

2019-12-16 05:33:21 - [TEST_STEP][PASSED] - if (var_repeatingEvery == "Weekly"): All options with value '2' are selected in object 'Object Repository/object_reservation/Page_Paradise 4 Paws  Dog Boarding Cat Boar_cfde7f/select_DailyWeeklyMonthlyOther'  using regular expression

2019-12-16 05:33:21 - [TEST_STEP][PASSED] - selectOptionByValue(findTestObject("Object Repository/object_reservation/Page_Paradise 4 Paws  Dog Boarding Cat Boar_cfde7f/select_DailyWeeklyMonthlyOther"), "2", true): All options with value '2' are selected in object 'Object Repository/object_reservation/Page_Paradise 4 Paws  Dog Boarding Cat Boar_cfde7f/select_DailyWeeklyMonthlyOther'  using regular expression

2019-12-16 05:33:22 - [MESSAGE][PASSED] - All options with value '2' are selected in object 'Object Repository/object_reservation/Page_Paradise 4 Paws  Dog Boarding Cat Boar_cfde7f/select_DailyWeeklyMonthlyOther'  using regular expression

2019-12-16 05:33:22 - [TEST_STEP][PASSED] - click(findTestObject("Object Repository/object_reservation/dateCheckIn")): Object: 'Object Repository/object_reservation/dateCheckIn' is clicked on

2019-12-16 05:33:23 - [MESSAGE][PASSED] - Object: 'Object Repository/object_reservation/dateCheckIn' is clicked on

2019-12-16 05:33:23 - [TEST_STEP][PASSED] - stringCI2020 = "0": null

2019-12-16 05:33:23 - [TEST_STEP][PASSED] - stringC02020 = "0": null

2019-12-16 05:33:23 - [TEST_STEP][PASSED] - if (dateCI[0] == "16" && dateCI[1] == "01" && dateCI[2] == "2020"): null

2019-12-16 05:33:23 - [TEST_STEP][PASSED] - if (dateCI[0] == "18" && dateCI[1] == "02" && dateCI[2] == "2020"): null

2019-12-16 05:33:23 - [TEST_STEP][PASSED] - if (dateCI[0] == "21" && dateCI[1] == "03" && dateCI[2] == "2020"): null

2019-12-16 05:33:23 - [TEST_STEP][PASSED] - delay(2): Delayed 2 second(s)

2019-12-16 05:33:25 - [MESSAGE][PASSED] - Delayed 2 second(s)

2019-12-16 05:33:25 - [TEST_STEP][PASSED] - if (stringCI2020 == "0"): null

2019-12-16 05:33:25 - [TEST_STEP][PASSED] - switch (dateCI[0]): null

2019-12-16 05:33:25 - [TEST_STEP][PASSED] - case "21":: null

2019-12-16 05:33:25 - [TEST_STEP][PASSED] - click(findTestObject("Object Repository/Page_Paradise 4 Paws  Dog Boarding Cat Boarding Norwalk Pooch Hotel/button_21_ci")): Object: 'Object Repository/Page_Paradise 4 Paws  Dog Boarding Cat Boarding Norwalk Pooch Hotel/button_21_ci' is clicked on

2019-12-16 05:33:26 - [MESSAGE][PASSED] - Object: 'Object Repository/Page_Paradise 4 Paws  Dog Boarding Cat Boarding Norwalk Pooch Hotel/button_21_ci' is clicked on

2019-12-16 05:33:26 - [TEST_STEP][PASSED] - break: null

2019-12-16 05:33:26 - [TEST_STEP][PASSED] - if (flagBoar == "1" || flagBoar == "2" && var_repeatingEvery == "Daily" || flagBoar == "2" && var_repeatingEvery == "Weekly" || flagBoar == "2" && var_repeatingEvery == "Monthly"): null

2019-12-16 05:33:26 - [TEST_STEP][PASSED] - click(findTestObject("Object Repository/object_reservation/dateCheckOut")): Object: 'Object Repository/object_reservation/dateCheckOut' is clicked on

2019-12-16 05:33:27 - [MESSAGE][PASSED] - Object: 'Object Repository/object_reservation/dateCheckOut' is clicked on

2019-12-16 05:33:27 - [TEST_STEP][PASSED] - if (dateCO[0] == "17" && dateCO[1] == "02" && dateCO[2] == "2020"): null

2019-12-16 05:33:27 - [TEST_STEP][PASSED] - if (dateCO[0] == "20" && dateCO[1] == "03" && dateCO[2] == "2020"): null

2019-12-16 05:33:27 - [TEST_STEP][PASSED] - if (dateCO[0] == "24" && dateCO[1] == "04" && dateCO[2] == "2020"): null

2019-12-16 05:33:27 - [TEST_STEP][PASSED] - if (stringCO2020 == "0"): null]]></system-out>
         <system-err><![CDATA[2019-12-16 05:32:45 - [TEST_CASE][ERROR] - Test Cases/p4p_newReservationDaycare: Test Cases/p4p_newReservationDaycare FAILED.
Reason:
groovy.lang.MissingPropertyException: No such property: stringCO2020 for class: Script1576482965057
	at p4p_newReservationDaycare.run(p4p_newReservationDaycare:359)
	at com.kms.katalon.core.main.ScriptEngine.run(ScriptEngine.java:194)
	at com.kms.katalon.core.main.ScriptEngine.runScriptAsRawText(ScriptEngine.java:119)
	at com.kms.katalon.core.main.TestCaseExecutor.runScript(TestCaseExecutor.java:337)
	at com.kms.katalon.core.main.TestCaseExecutor.doExecute(TestCaseExecutor.java:328)
	at com.kms.katalon.core.main.TestCaseExecutor.processExecutionPhase(TestCaseExecutor.java:307)
	at com.kms.katalon.core.main.TestCaseExecutor.accessMainPhase(TestCaseExecutor.java:299)
	at com.kms.katalon.core.main.TestCaseExecutor.execute(TestCaseExecutor.java:233)
	at com.kms.katalon.core.main.TestSuiteExecutor.accessTestCaseMainPhase(TestSuiteExecutor.java:169)
	at com.kms.katalon.core.main.TestSuiteExecutor.accessTestSuiteMainPhase(TestSuiteExecutor.java:142)
	at com.kms.katalon.core.main.TestSuiteExecutor.execute(TestSuiteExecutor.java:91)
	at com.kms.katalon.core.main.TestCaseMain.startTestSuite(TestCaseMain.java:157)
	at com.kms.katalon.core.main.TestCaseMain$startTestSuite$0.call(Unknown Source)
	at TempTestSuite1576495582650.run(TempTestSuite1576495582650.groovy:36)]]></system-err>
      </testcase>
      <testcase name="Test Cases/p4p_newReservationDaycare" time="152.2" classname="Test Cases/p4p_newReservationDaycare" status="FAILED">
         <failure type="FAILED" message="Test Cases/p4p_newReservationDaycare FAILED.
Reason:
com.kms.katalon.core.exception.StepFailedException: Unable to click on object 'Object Repository/object_reservation/button_Return To Reservation'
	at com.kms.katalon.core.webui.keyword.internal.WebUIKeywordMain.stepFailed(WebUIKeywordMain.groovy:64)
	at com.kms.katalon.core.webui.keyword.internal.WebUIKeywordMain.runKeyword(WebUIKeywordMain.groovy:26)
	at com.kms.katalon.core.webui.keyword.builtin.ClickKeyword.click(ClickKeyword.groovy:99)
	at com.kms.katalon.core.webui.keyword.builtin.ClickKeyword.execute(ClickKeyword.groovy:43)
	at com.kms.katalon.core.keyword.internal.KeywordExecutor.executeKeywordForPlatform(KeywordExecutor.groovy:60)
	at com.kms.katalon.core.webui.keyword.WebUiBuiltInKeywords.click(WebUiBuiltInKeywords.groovy:616)
	at com.kms.katalon.core.webui.keyword.WebUiBuiltInKeywords$click$2.call(Unknown Source)
	at p4p_newReservationDaycare.run(p4p_newReservationDaycare:603)
	at com.kms.katalon.core.main.ScriptEngine.run(ScriptEngine.java:194)
	at com.kms.katalon.core.main.ScriptEngine.runScriptAsRawText(ScriptEngine.java:119)
	at com.kms.katalon.core.main.TestCaseExecutor.runScript(TestCaseExecutor.java:337)
	at com.kms.katalon.core.main.TestCaseExecutor.doExecute(TestCaseExecutor.java:328)
	at com.kms.katalon.core.main.TestCaseExecutor.processExecutionPhase(TestCaseExecutor.java:307)
	at com.kms.katalon.core.main.TestCaseExecutor.accessMainPhase(TestCaseExecutor.java:299)
	at com.kms.katalon.core.main.TestCaseExecutor.execute(TestCaseExecutor.java:233)
	at com.kms.katalon.core.main.TestSuiteExecutor.accessTestCaseMainPhase(TestSuiteExecutor.java:169)
	at com.kms.katalon.core.main.TestSuiteExecutor.accessTestSuiteMainPhase(TestSuiteExecutor.java:142)
	at com.kms.katalon.core.main.TestSuiteExecutor.execute(TestSuiteExecutor.java:91)
	at com.kms.katalon.core.main.TestCaseMain.startTestSuite(TestCaseMain.java:157)
	at com.kms.katalon.core.main.TestCaseMain$startTestSuite$0.call(Unknown Source)
	at TempTestSuite1576495582650.run(TempTestSuite1576495582650.groovy:36)
Caused by: com.kms.katalon.core.webui.exception.WebElementNotFoundException: Web element with id: 'Object Repository/object_reservation/button_Return To Reservation' located by 'By.xpath: (//button[@type='button'])[13]' not found
	at com.kms.katalon.core.webui.common.WebUiCommonHelper.findWebElement(WebUiCommonHelper.java:1113)
	at com.kms.katalon.core.webui.keyword.internal.WebUIAbstractKeyword.findWebElement(WebUIAbstractKeyword.groovy:27)
	at com.kms.katalon.core.webui.keyword.internal.WebUIAbstractKeyword.findWebElement(WebUIAbstractKeyword.groovy:26)
	at com.kms.katalon.core.webui.keyword.builtin.ClickKeyword$_click_closure1.doCall(ClickKeyword.groovy:68)
	at com.kms.katalon.core.webui.keyword.builtin.ClickKeyword$_click_closure1.call(ClickKeyword.groovy)
	at com.kms.katalon.core.webui.keyword.internal.WebUIKeywordMain.runKeyword(WebUIKeywordMain.groovy:20)
	... 19 more
"/>
         <system-out><![CDATA[2019-12-16 05:33:27 - [TEST_CASE][FAILED] - Test Cases/p4p_newReservationDaycare: Test Cases/p4p_newReservationDaycare FAILED.
Reason:
com.kms.katalon.core.exception.StepFailedException: Unable to click on object 'Object Repository/object_reservation/button_Return To Reservation'
	at com.kms.katalon.core.webui.keyword.internal.WebUIKeywordMain.stepFailed(WebUIKeywordMain.groovy:64)
	at com.kms.katalon.core.webui.keyword.internal.WebUIKeywordMain.runKeyword(WebUIKeywordMain.groovy:26)
	at com.kms.katalon.core.webui.keyword.builtin.ClickKeyword.click(ClickKeyword.groovy:99)
	at com.kms.katalon.core.webui.keyword.builtin.ClickKeyword.execute(ClickKeyword.groovy:43)
	at com.kms.katalon.core.keyword.internal.KeywordExecutor.executeKeywordForPlatform(KeywordExecutor.groovy:60)
	at com.kms.katalon.core.webui.keyword.WebUiBuiltInKeywords.click(WebUiBuiltInKeywords.groovy:616)
	at com.kms.katalon.core.webui.keyword.WebUiBuiltInKeywords$click$2.call(Unknown Source)
	at p4p_newReservationDaycare.run(p4p_newReservationDaycare:603)
	at com.kms.katalon.core.main.ScriptEngine.run(ScriptEngine.java:194)
	at com.kms.katalon.core.main.ScriptEngine.runScriptAsRawText(ScriptEngine.java:119)
	at com.kms.katalon.core.main.TestCaseExecutor.runScript(TestCaseExecutor.java:337)
	at com.kms.katalon.core.main.TestCaseExecutor.doExecute(TestCaseExecutor.java:328)
	at com.kms.katalon.core.main.TestCaseExecutor.processExecutionPhase(TestCaseExecutor.java:307)
	at com.kms.katalon.core.main.TestCaseExecutor.accessMainPhase(TestCaseExecutor.java:299)
	at com.kms.katalon.core.main.TestCaseExecutor.execute(TestCaseExecutor.java:233)
	at com.kms.katalon.core.main.TestSuiteExecutor.accessTestCaseMainPhase(TestSuiteExecutor.java:169)
	at com.kms.katalon.core.main.TestSuiteExecutor.accessTestSuiteMainPhase(TestSuiteExecutor.java:142)
	at com.kms.katalon.core.main.TestSuiteExecutor.execute(TestSuiteExecutor.java:91)
	at com.kms.katalon.core.main.TestCaseMain.startTestSuite(TestCaseMain.java:157)
	at com.kms.katalon.core.main.TestCaseMain$startTestSuite$0.call(Unknown Source)
	at TempTestSuite1576495582650.run(TempTestSuite1576495582650.groovy:36)
Caused by: com.kms.katalon.core.webui.exception.WebElementNotFoundException: Web element with id: 'Object Repository/object_reservation/button_Return To Reservation' located by 'By.xpath: (//button[@type='button'])[13]' not found
	at com.kms.katalon.core.webui.common.WebUiCommonHelper.findWebElement(WebUiCommonHelper.java:1113)
	at com.kms.katalon.core.webui.keyword.internal.WebUIAbstractKeyword.findWebElement(WebUIAbstractKeyword.groovy:27)
	at com.kms.katalon.core.webui.keyword.internal.WebUIAbstractKeyword.findWebElement(WebUIAbstractKeyword.groovy:26)
	at com.kms.katalon.core.webui.keyword.builtin.ClickKeyword$_click_closure1.doCall(ClickKeyword.groovy:68)
	at com.kms.katalon.core.webui.keyword.builtin.ClickKeyword$_click_closure1.call(ClickKeyword.groovy)
	at com.kms.katalon.core.webui.keyword.internal.WebUIKeywordMain.runKeyword(WebUIKeywordMain.groovy:20)
	... 19 more


2019-12-16 05:33:27 - [TEST_STEP][PASSED] - openBrowser("https://p4p-qa-bg.aws.paradise4paws.com/login/"): Browser is opened with url: 'https://p4p-qa-bg.aws.paradise4paws.com/login/'

2019-12-16 05:33:27 - [MESSAGE][WARNING] - A browser is already opened. Closing browser and opening a new one

2019-12-16 05:33:31 - [MESSAGE][INFO] - Starting 'Firefox' driver

2019-12-16 05:33:34 - [MESSAGE][PASSED] - Browser is opened with url: 'https://p4p-qa-bg.aws.paradise4paws.com/login/'

2019-12-16 05:33:34 - [TEST_STEP][PASSED] - setText(findTestObject("Object Repository/object_login/input_user"), var_user): Text 'jegchavez@gmail.com' is set on object 'Object Repository/object_login/input_user'

2019-12-16 05:33:35 - [MESSAGE][PASSED] - Text 'jegchavez@gmail.com' is set on object 'Object Repository/object_login/input_user'

2019-12-16 05:33:35 - [TEST_STEP][PASSED] - setText(findTestObject("Object Repository/object_login/input_pass"), var_pass): Text 'admin1' is set on object 'Object Repository/object_login/input_pass'

2019-12-16 05:33:35 - [MESSAGE][PASSED] - Text 'admin1' is set on object 'Object Repository/object_login/input_pass'

2019-12-16 05:33:35 - [TEST_STEP][PASSED] - delay(2): Delayed 2 second(s)

2019-12-16 05:33:37 - [MESSAGE][PASSED] - Delayed 2 second(s)

2019-12-16 05:33:37 - [TEST_STEP][PASSED] - verifyElementClickable(findTestObject("Object Repository/object_login/btn_login")): Object 'Object Repository/object_login/btn_login' is clickable

2019-12-16 05:33:37 - [MESSAGE][PASSED] - Object 'Object Repository/object_login/btn_login' is clickable

2019-12-16 05:33:37 - [TEST_STEP][PASSED] - click(findTestObject("Object Repository/object_login/btn_login")): Object: 'Object Repository/object_login/btn_login' is clicked on

2019-12-16 05:33:40 - [MESSAGE][PASSED] - Object: 'Object Repository/object_login/btn_login' is clicked on

2019-12-16 05:33:40 - [TEST_STEP][PASSED] - delay(2): Delayed 2 second(s)

2019-12-16 05:33:42 - [MESSAGE][PASSED] - Delayed 2 second(s)

2019-12-16 05:33:42 - [TEST_STEP][PASSED] - setText(findTestObject("Object Repository/object_dashboard_emp/input_search"), var_searchParent): Text 'leongarzagarza@hotmail.com' is set on object 'Object Repository/object_dashboard_emp/input_search'

2019-12-16 05:33:42 - [MESSAGE][PASSED] - Text 'leongarzagarza@hotmail.com' is set on object 'Object Repository/object_dashboard_emp/input_search'

2019-12-16 05:33:42 - [TEST_STEP][PASSED] - click(findTestObject("Object Repository/object_dashboard_emp/btn_accountSearch")): Object: 'Object Repository/object_dashboard_emp/btn_accountSearch' is clicked on

2019-12-16 05:33:43 - [MESSAGE][PASSED] - Object: 'Object Repository/object_dashboard_emp/btn_accountSearch' is clicked on

2019-12-16 05:33:43 - [TEST_STEP][PASSED] - delay(2): Delayed 2 second(s)

2019-12-16 05:33:45 - [MESSAGE][PASSED] - Delayed 2 second(s)

2019-12-16 05:33:45 - [TEST_STEP][PASSED] - click(findTestObject("Object Repository/object_accountInformation/a_TEST GABRIEL PROD")): Object: 'Object Repository/object_accountInformation/a_TEST GABRIEL PROD' is clicked on

2019-12-16 05:33:49 - [MESSAGE][PASSED] - Object: 'Object Repository/object_accountInformation/a_TEST GABRIEL PROD' is clicked on

2019-12-16 05:33:49 - [TEST_STEP][PASSED] - delay(2): Delayed 2 second(s)

2019-12-16 05:33:51 - [MESSAGE][PASSED] - Delayed 2 second(s)

2019-12-16 05:33:51 - [TEST_STEP][PASSED] - var_url = getUrl(): Current window's url is: 'https://p4p-qa-bg.aws.paradise4paws.com/accounts/profile/#/reservations/122350/'

2019-12-16 05:33:51 - [MESSAGE][PASSED] - Current window's url is: 'https://p4p-qa-bg.aws.paradise4paws.com/accounts/profile/#/reservations/122350/'

2019-12-16 05:33:51 - [TEST_STEP][PASSED] - log0 = new com.kms.katalon.core.logging.KeywordLogger(): null

2019-12-16 05:33:51 - [TEST_STEP][PASSED] - arrUrl = var_url.split("/"): null

2019-12-16 05:33:51 - [TEST_STEP][PASSED] - idParent = arrUrl[7]: null

2019-12-16 05:33:51 - [TEST_STEP][PASSED] - click(findTestObject("Object Repository/object_profile/a_addReservation")): Object: 'Object Repository/object_profile/a_addReservation' is clicked on

2019-12-16 05:33:53 - [MESSAGE][PASSED] - Object: 'Object Repository/object_profile/a_addReservation' is clicked on

2019-12-16 05:33:53 - [TEST_STEP][PASSED] - delay(2): Delayed 2 second(s)

2019-12-16 05:33:55 - [MESSAGE][PASSED] - Delayed 2 second(s)

2019-12-16 05:33:55 - [TEST_STEP][PASSED] - flagBoar = "0": null

2019-12-16 05:33:55 - [TEST_STEP][PASSED] - log = new com.kms.katalon.core.logging.KeywordLogger(): null

2019-12-16 05:33:55 - [TEST_STEP][PASSED] - if (var_typeReserveation == "Boarding"): null

2019-12-16 05:33:55 - [TEST_STEP][PASSED] - else if (var_typeReserveation == "Daycare"): Object: 'Object Repository/object_reservation/btn_Daycare' is clicked on

2019-12-16 05:33:55 - [TEST_STEP][PASSED] - flagBoar = "2": null

2019-12-16 05:33:55 - [TEST_STEP][PASSED] - click(findTestObject("object_reservation/btn_Daycare")): Object: 'Object Repository/object_reservation/btn_Daycare' is clicked on

2019-12-16 05:33:55 - [MESSAGE][PASSED] - Object: 'Object Repository/object_reservation/btn_Daycare' is clicked on

2019-12-16 05:33:55 - [TEST_STEP][PASSED] - click(findTestObject("Object Repository/object_reservation/i_location")): Object: 'Object Repository/object_reservation/i_location' is clicked on

2019-12-16 05:33:58 - [MESSAGE][PASSED] - Object: 'Object Repository/object_reservation/i_location' is clicked on

2019-12-16 05:33:58 - [TEST_STEP][PASSED] - switch (var_idFacility): null

2019-12-16 05:33:58 - [TEST_STEP][PASSED] - dateCI = var_checkinD.split(","): null

2019-12-16 05:33:58 - [TEST_STEP][PASSED] - dateCO = var_checkoutD.split(","): null

2019-12-16 05:33:58 - [TEST_STEP][PASSED] - arryPets = var_pets.split(","): null

2019-12-16 05:33:58 - [TEST_STEP][PASSED] - delay(2): Delayed 2 second(s)

2019-12-16 05:34:00 - [MESSAGE][PASSED] - Delayed 2 second(s)

2019-12-16 05:34:00 - [TEST_STEP][PASSED] - if (var_repeting == "Y"): All options with value '3' are selected in object 'Object Repository/object_reservation/Page_Paradise 4 Paws  Dog Boarding Cat Boar_cfde7f/select_DailyWeeklyMonthlyOther'  using regular expression

2019-12-16 05:34:00 - [TEST_STEP][PASSED] - click(findTestObject("Object Repository/object_reservation/checkbox_repeating")): Object: 'Object Repository/object_reservation/checkbox_repeating' is clicked on

2019-12-16 05:34:01 - [MESSAGE][PASSED] - Object: 'Object Repository/object_reservation/checkbox_repeating' is clicked on

2019-12-16 05:34:01 - [TEST_STEP][PASSED] - if (var_repeatingEvery == "Weekly"): null

2019-12-16 05:34:01 - [TEST_STEP][PASSED] - else if (var_repeatingEvery == "Monthly"): All options with value '3' are selected in object 'Object Repository/object_reservation/Page_Paradise 4 Paws  Dog Boarding Cat Boar_cfde7f/select_DailyWeeklyMonthlyOther'  using regular expression

2019-12-16 05:34:01 - [TEST_STEP][PASSED] - selectOptionByValue(findTestObject("Object Repository/object_reservation/Page_Paradise 4 Paws  Dog Boarding Cat Boar_cfde7f/select_DailyWeeklyMonthlyOther"), "3", true): All options with value '3' are selected in object 'Object Repository/object_reservation/Page_Paradise 4 Paws  Dog Boarding Cat Boar_cfde7f/select_DailyWeeklyMonthlyOther'  using regular expression

2019-12-16 05:34:02 - [MESSAGE][PASSED] - All options with value '3' are selected in object 'Object Repository/object_reservation/Page_Paradise 4 Paws  Dog Boarding Cat Boar_cfde7f/select_DailyWeeklyMonthlyOther'  using regular expression

2019-12-16 05:34:02 - [TEST_STEP][PASSED] - click(findTestObject("Object Repository/object_reservation/dateCheckIn")): Object: 'Object Repository/object_reservation/dateCheckIn' is clicked on

2019-12-16 05:34:03 - [MESSAGE][PASSED] - Object: 'Object Repository/object_reservation/dateCheckIn' is clicked on

2019-12-16 05:34:03 - [TEST_STEP][PASSED] - stringCI2020 = "0": null

2019-12-16 05:34:03 - [TEST_STEP][PASSED] - stringC02020 = "0": null

2019-12-16 05:34:03 - [TEST_STEP][PASSED] - if (dateCI[0] == "16" && dateCI[1] == "01" && dateCI[2] == "2020"): null

2019-12-16 05:34:03 - [TEST_STEP][PASSED] - click(findTestObject("object_reservation/Page_Paradise 4 Paws  Dog Boarding Cat Boarding Chicago Pooch West Loop/button_December19_ci_btnpullright")): Object: 'Object Repository/object_reservation/Page_Paradise 4 Paws  Dog Boarding Cat Boarding Chicago Pooch West Loop/button_December19_ci_btnpullright' is clicked on

2019-12-16 05:34:03 - [MESSAGE][PASSED] - Object: 'Object Repository/object_reservation/Page_Paradise 4 Paws  Dog Boarding Cat Boarding Chicago Pooch West Loop/button_December19_ci_btnpullright' is clicked on

2019-12-16 05:34:03 - [TEST_STEP][PASSED] - click(findTestObject("object_reservation/Page_Paradise 4 Paws Dog Boarding2020/button_16_ci_0120")): Object: 'Object Repository/object_reservation/Page_Paradise 4 Paws Dog Boarding2020/button_16_ci_0120' is clicked on

2019-12-16 05:34:04 - [MESSAGE][PASSED] - Object: 'Object Repository/object_reservation/Page_Paradise 4 Paws Dog Boarding2020/button_16_ci_0120' is clicked on

2019-12-16 05:34:04 - [TEST_STEP][PASSED] - stringCI2020 = "1": null

2019-12-16 05:34:04 - [TEST_STEP][PASSED] - if (dateCI[0] == "18" && dateCI[1] == "02" && dateCI[2] == "2020"): null

2019-12-16 05:34:04 - [TEST_STEP][PASSED] - if (dateCI[0] == "21" && dateCI[1] == "03" && dateCI[2] == "2020"): null

2019-12-16 05:34:04 - [TEST_STEP][PASSED] - delay(2): Delayed 2 second(s)

2019-12-16 05:34:06 - [MESSAGE][PASSED] - Delayed 2 second(s)

2019-12-16 05:34:06 - [TEST_STEP][PASSED] - if (stringCI2020 == "0"): null

2019-12-16 05:34:06 - [TEST_STEP][PASSED] - if (flagBoar == "1" || flagBoar == "2" && var_repeatingEvery == "Daily" || flagBoar == "2" && var_repeatingEvery == "Weekly" || flagBoar == "2" && var_repeatingEvery == "Monthly"): null

2019-12-16 05:34:06 - [TEST_STEP][PASSED] - click(findTestObject("Object Repository/object_reservation/dateCheckOut")): Object: 'Object Repository/object_reservation/dateCheckOut' is clicked on

2019-12-16 05:34:07 - [MESSAGE][PASSED] - Object: 'Object Repository/object_reservation/dateCheckOut' is clicked on

2019-12-16 05:34:07 - [TEST_STEP][PASSED] - if (dateCO[0] == "17" && dateCO[1] == "02" && dateCO[2] == "2020"): null

2019-12-16 05:34:07 - [TEST_STEP][PASSED] - click(findTestObject("object_reservation/Page_Paradise 4 Paws  Dog Boarding Cat Boarding Chicago Pooch West Loop/button_December19__co_pullright")): Object: 'Object Repository/object_reservation/Page_Paradise 4 Paws  Dog Boarding Cat Boarding Chicago Pooch West Loop/button_December19__co_pullright' is clicked on

2019-12-16 05:34:08 - [MESSAGE][PASSED] - Object: 'Object Repository/object_reservation/Page_Paradise 4 Paws  Dog Boarding Cat Boarding Chicago Pooch West Loop/button_December19__co_pullright' is clicked on

2019-12-16 05:34:08 - [TEST_STEP][PASSED] - click(findTestObject("object_reservation/Page_Paradise 4 Paws  Dog Boarding Cat Boarding Chicago Pooch West Loop/button_January20_co_pullright")): Object: 'Object Repository/object_reservation/Page_Paradise 4 Paws  Dog Boarding Cat Boarding Chicago Pooch West Loop/button_January20_co_pullright' is clicked on

2019-12-16 05:34:08 - [MESSAGE][PASSED] - Object: 'Object Repository/object_reservation/Page_Paradise 4 Paws  Dog Boarding Cat Boarding Chicago Pooch West Loop/button_January20_co_pullright' is clicked on

2019-12-16 05:34:08 - [TEST_STEP][PASSED] - click(findTestObject("object_reservation/Page_Paradise 4 Paws Dog Boarding2020/button_17_co_0220")): Object: 'Object Repository/object_reservation/Page_Paradise 4 Paws Dog Boarding2020/button_17_co_0220' is clicked on

2019-12-16 05:34:09 - [MESSAGE][PASSED] - Object: 'Object Repository/object_reservation/Page_Paradise 4 Paws Dog Boarding2020/button_17_co_0220' is clicked on

2019-12-16 05:34:09 - [TEST_STEP][PASSED] - stringCO2020 = "1": null

2019-12-16 05:34:09 - [TEST_STEP][PASSED] - if (dateCO[0] == "20" && dateCO[1] == "03" && dateCO[2] == "2020"): null

2019-12-16 05:34:09 - [TEST_STEP][PASSED] - if (dateCO[0] == "24" && dateCO[1] == "04" && dateCO[2] == "2020"): null

2019-12-16 05:34:09 - [TEST_STEP][PASSED] - if (stringCO2020 == "0"): null

2019-12-16 05:34:09 - [TEST_STEP][NOT_RUN] - click(findTestObject("Object Repository/object_reservationCalendar/CO_close")): NOT_RUN: click(findTestObject("Object Repository/object_reservationCalendar/CO_close"))

2019-12-16 05:34:09 - [MESSAGE][NOT_RUN] - NOT_RUN: click(findTestObject("Object Repository/object_reservationCalendar/CO_close"))

2019-12-16 05:34:09 - [TEST_STEP][PASSED] - click(findTestObject("Object Repository/object_reservation/timeCheckin")): Object: 'Object Repository/object_reservation/timeCheckin' is clicked on

2019-12-16 05:34:09 - [MESSAGE][PASSED] - Object: 'Object Repository/object_reservation/timeCheckin' is clicked on

2019-12-16 05:34:09 - [TEST_STEP][PASSED] - switch (var_checkinT): null

2019-12-16 05:34:09 - [TEST_STEP][PASSED] - case "800":: null

2019-12-16 05:34:09 - [TEST_STEP][PASSED] - click(findTestObject("Object Repository/Page_Paradise 4 Paws  Dog Boarding Cat Boarding Norwalk Pooch Hotel/time_800am_ci")): Object: 'Object Repository/Page_Paradise 4 Paws  Dog Boarding Cat Boarding Norwalk Pooch Hotel/time_800am_ci' is clicked on

2019-12-16 05:34:10 - [MESSAGE][PASSED] - Object: 'Object Repository/Page_Paradise 4 Paws  Dog Boarding Cat Boarding Norwalk Pooch Hotel/time_800am_ci' is clicked on

2019-12-16 05:34:10 - [TEST_STEP][PASSED] - break: null

2019-12-16 05:34:10 - [TEST_STEP][PASSED] - click(findTestObject("Object Repository/object_reservation/timeCheckOut")): Object: 'Object Repository/object_reservation/timeCheckOut' is clicked on

2019-12-16 05:34:11 - [MESSAGE][PASSED] - Object: 'Object Repository/object_reservation/timeCheckOut' is clicked on

2019-12-16 05:34:11 - [TEST_STEP][PASSED] - switch (var_checkoutT): null

2019-12-16 05:34:11 - [TEST_STEP][PASSED] - case "1200":: null

2019-12-16 05:34:11 - [TEST_STEP][PASSED] - click(findTestObject("Object Repository/Page_Paradise 4 Paws  Dog Boarding Cat Boarding Norwalk Pooch Hotel/time_1200pm_co")): Object: 'Object Repository/Page_Paradise 4 Paws  Dog Boarding Cat Boarding Norwalk Pooch Hotel/time_1200pm_co' is clicked on

2019-12-16 05:34:11 - [MESSAGE][PASSED] - Object: 'Object Repository/Page_Paradise 4 Paws  Dog Boarding Cat Boarding Norwalk Pooch Hotel/time_1200pm_co' is clicked on

2019-12-16 05:34:11 - [TEST_STEP][PASSED] - break: null

2019-12-16 05:34:11 - [TEST_STEP][PASSED] - delay(2): Delayed 2 second(s)

2019-12-16 05:34:13 - [MESSAGE][PASSED] - Delayed 2 second(s)

2019-12-16 05:34:13 - [TEST_STEP][PASSED] - if (arryPets.size() == 1): Object: 'Object Repository/object_reservation/Page_Paradise 4 Paws  Dog Boarding Cat Boarding Norwalk Pooch Hotel/div_Ares' is clicked on

2019-12-16 05:34:13 - [TEST_STEP][PASSED] - click(findTestObject("Object Repository/object_reservation/Page_Paradise 4 Paws  Dog Boarding Cat Boarding Norwalk Pooch Hotel/div_Ares")): Object: 'Object Repository/object_reservation/Page_Paradise 4 Paws  Dog Boarding Cat Boarding Norwalk Pooch Hotel/div_Ares' is clicked on

2019-12-16 05:34:15 - [MESSAGE][PASSED] - Object: 'Object Repository/object_reservation/Page_Paradise 4 Paws  Dog Boarding Cat Boarding Norwalk Pooch Hotel/div_Ares' is clicked on

2019-12-16 05:34:15 - [TEST_STEP][NOT_RUN] - click(findTestObject("object_reservations/i_Day_fa fa-circle-o ng-scope")): NOT_RUN: click(findTestObject("object_reservations/i_Day_fa fa-circle-o ng-scope"))

2019-12-16 05:34:15 - [MESSAGE][NOT_RUN] - NOT_RUN: click(findTestObject("object_reservations/i_Day_fa fa-circle-o ng-scope"))

2019-12-16 05:34:15 - [TEST_STEP][PASSED] - if (flagBoar == "1" || flagBoar == "2"): Object: 'Object Repository/object_reservation/div_suite_rad_deluxe' is clicked on

2019-12-16 05:34:15 - [TEST_STEP][PASSED] - click(findTestObject("Object Repository/object_reservation/div_suite_rad_deluxe")): Object: 'Object Repository/object_reservation/div_suite_rad_deluxe' is clicked on

2019-12-16 05:34:46 - [MESSAGE][PASSED] - Object: 'Object Repository/object_reservation/div_suite_rad_deluxe' is clicked on

2019-12-16 05:34:46 - [TEST_STEP][PASSED] - click(findTestObject("Object Repository/object_reservation/btn_next2")): Object: 'Object Repository/object_reservation/btn_next2' is clicked on

2019-12-16 05:34:51 - [MESSAGE][PASSED] - Object: 'Object Repository/object_reservation/btn_next2' is clicked on

2019-12-16 05:34:51 - [TEST_STEP][PASSED] - delay(3): Delayed 3 second(s)

2019-12-16 05:34:54 - [MESSAGE][PASSED] - Delayed 3 second(s)

2019-12-16 05:34:54 - [TEST_STEP][PASSED] - if (flagBoar == "1"): null

2019-12-16 05:34:54 - [TEST_STEP][PASSED] - delay(2): Delayed 2 second(s)

2019-12-16 05:34:56 - [MESSAGE][PASSED] - Delayed 2 second(s)

2019-12-16 05:34:56 - [TEST_STEP][PASSED] - click(findTestObject("Object Repository/object_reservation/btn_next2")): Object: 'Object Repository/object_reservation/btn_next2' is clicked on

2019-12-16 05:34:57 - [MESSAGE][PASSED] - Object: 'Object Repository/object_reservation/btn_next2' is clicked on

2019-12-16 05:34:57 - [TEST_STEP][PASSED] - click(findTestObject("Object Repository/object_reservation/button_Submit Reservation")): Object: 'Object Repository/object_reservation/button_Submit Reservation' is clicked on

2019-12-16 05:35:02 - [MESSAGE][PASSED] - Object: 'Object Repository/object_reservation/button_Submit Reservation' is clicked on

2019-12-16 05:35:02 - [TEST_STEP][PASSED] - delay(2): Delayed 2 second(s)

2019-12-16 05:35:04 - [MESSAGE][PASSED] - Delayed 2 second(s)

2019-12-16 05:35:04 - [TEST_STEP][PASSED] - if (flagBoar == "2" && var_repeatingEvery == "Daily" || var_repeatingEvery == "Monthly" || var_repeatingEvery == "Weekly"): Delayed 8 second(s)

2019-12-16 05:35:04 - [TEST_STEP][PASSED] - click(findTestObject("Object Repository/object_reservation/Page_Paradise 4 Paws  Dog Boarding Cat Boar_cfde7f/button_Ok")): Object: 'Object Repository/object_reservation/Page_Paradise 4 Paws  Dog Boarding Cat Boar_cfde7f/button_Ok' is clicked on

2019-12-16 05:35:05 - [MESSAGE][PASSED] - Object: 'Object Repository/object_reservation/Page_Paradise 4 Paws  Dog Boarding Cat Boar_cfde7f/button_Ok' is clicked on

2019-12-16 05:35:05 - [TEST_STEP][PASSED] - delay(8): Delayed 8 second(s)

2019-12-16 05:35:13 - [MESSAGE][PASSED] - Delayed 8 second(s)

2019-12-16 05:35:13 - [TEST_STEP][PASSED] - delay(2): Delayed 2 second(s)

2019-12-16 05:35:15 - [MESSAGE][PASSED] - Delayed 2 second(s)

2019-12-16 05:35:15 - [TEST_STEP][FAILED] - click(findTestObject("Object Repository/object_reservation/button_Return To Reservation")): Unable to click on object 'Object Repository/object_reservation/button_Return To Reservation' (Root cause: com.kms.katalon.core.exception.StepFailedException: Unable to click on object 'Object Repository/object_reservation/button_Return To Reservation'
	at com.kms.katalon.core.webui.keyword.internal.WebUIKeywordMain.stepFailed(WebUIKeywordMain.groovy:64)
	at com.kms.katalon.core.webui.keyword.internal.WebUIKeywordMain.runKeyword(WebUIKeywordMain.groovy:26)
	at com.kms.katalon.core.webui.keyword.builtin.ClickKeyword.click(ClickKeyword.groovy:99)
	at com.kms.katalon.core.webui.keyword.builtin.ClickKeyword.execute(ClickKeyword.groovy:43)
	at com.kms.katalon.core.keyword.internal.KeywordExecutor.executeKeywordForPlatform(KeywordExecutor.groovy:60)
	at com.kms.katalon.core.webui.keyword.WebUiBuiltInKeywords.click(WebUiBuiltInKeywords.groovy:616)
	at com.kms.katalon.core.webui.keyword.WebUiBuiltInKeywords$click$2.call(Unknown Source)
	at p4p_newReservationDaycare.run(p4p_newReservationDaycare:603)
	at com.kms.katalon.core.main.ScriptEngine.run(ScriptEngine.java:194)
	at com.kms.katalon.core.main.ScriptEngine.runScriptAsRawText(ScriptEngine.java:119)
	at com.kms.katalon.core.main.TestCaseExecutor.runScript(TestCaseExecutor.java:337)
	at com.kms.katalon.core.main.TestCaseExecutor.doExecute(TestCaseExecutor.java:328)
	at com.kms.katalon.core.main.TestCaseExecutor.processExecutionPhase(TestCaseExecutor.java:307)
	at com.kms.katalon.core.main.TestCaseExecutor.accessMainPhase(TestCaseExecutor.java:299)
	at com.kms.katalon.core.main.TestCaseExecutor.execute(TestCaseExecutor.java:233)
	at com.kms.katalon.core.main.TestSuiteExecutor.accessTestCaseMainPhase(TestSuiteExecutor.java:169)
	at com.kms.katalon.core.main.TestSuiteExecutor.accessTestSuiteMainPhase(TestSuiteExecutor.java:142)
	at com.kms.katalon.core.main.TestSuiteExecutor.execute(TestSuiteExecutor.java:91)
	at com.kms.katalon.core.main.TestCaseMain.startTestSuite(TestCaseMain.java:157)
	at com.kms.katalon.core.main.TestCaseMain$startTestSuite$0.call(Unknown Source)
	at TempTestSuite1576495582650.run(TempTestSuite1576495582650.groovy:36)
Caused by: com.kms.katalon.core.webui.exception.WebElementNotFoundException: Web element with id: 'Object Repository/object_reservation/button_Return To Reservation' located by 'By.xpath: (//button[@type='button'])[13]' not found
	at com.kms.katalon.core.webui.common.WebUiCommonHelper.findWebElement(WebUiCommonHelper.java:1113)
	at com.kms.katalon.core.webui.keyword.internal.WebUIAbstractKeyword.findWebElement(WebUIAbstractKeyword.groovy:27)
	at com.kms.katalon.core.webui.keyword.internal.WebUIAbstractKeyword.findWebElement(WebUIAbstractKeyword.groovy:26)
	at com.kms.katalon.core.webui.keyword.builtin.ClickKeyword$_click_closure1.doCall(ClickKeyword.groovy:68)
	at com.kms.katalon.core.webui.keyword.builtin.ClickKeyword$_click_closure1.call(ClickKeyword.groovy)
	at com.kms.katalon.core.webui.keyword.internal.WebUIKeywordMain.runKeyword(WebUIKeywordMain.groovy:20)
	at com.kms.katalon.core.webui.keyword.builtin.ClickKeyword.click(ClickKeyword.groovy:99)
	at com.kms.katalon.core.webui.keyword.builtin.ClickKeyword.execute(ClickKeyword.groovy:43)
	at com.kms.katalon.core.keyword.internal.KeywordExecutor.executeKeywordForPlatform(KeywordExecutor.groovy:60)
	at com.kms.katalon.core.webui.keyword.WebUiBuiltInKeywords.click(WebUiBuiltInKeywords.groovy:616)
	at com.kms.katalon.core.webui.keyword.WebUiBuiltInKeywords$click$2.call(Unknown Source)
	at Script1576482965057.run(Script1576482965057.groovy:603)
	... 13 more
)

2019-12-16 05:35:59 - [MESSAGE][INFO] - Unable to find the element located by 'By.xpath: (//button[@type='button'])[13]'. Please recheck the objects properties to make sure the desired element is located. 

2019-12-16 05:35:59 - [MESSAGE][FAILED] - Unable to click on object 'Object Repository/object_reservation/button_Return To Reservation' (Root cause: com.kms.katalon.core.exception.StepFailedException: Unable to click on object 'Object Repository/object_reservation/button_Return To Reservation'
	at com.kms.katalon.core.webui.keyword.internal.WebUIKeywordMain.stepFailed(WebUIKeywordMain.groovy:64)
	at com.kms.katalon.core.webui.keyword.internal.WebUIKeywordMain.runKeyword(WebUIKeywordMain.groovy:26)
	at com.kms.katalon.core.webui.keyword.builtin.ClickKeyword.click(ClickKeyword.groovy:99)
	at com.kms.katalon.core.webui.keyword.builtin.ClickKeyword.execute(ClickKeyword.groovy:43)
	at com.kms.katalon.core.keyword.internal.KeywordExecutor.executeKeywordForPlatform(KeywordExecutor.groovy:60)
	at com.kms.katalon.core.webui.keyword.WebUiBuiltInKeywords.click(WebUiBuiltInKeywords.groovy:616)
	at com.kms.katalon.core.webui.keyword.WebUiBuiltInKeywords$click$2.call(Unknown Source)
	at p4p_newReservationDaycare.run(p4p_newReservationDaycare:603)
	at com.kms.katalon.core.main.ScriptEngine.run(ScriptEngine.java:194)
	at com.kms.katalon.core.main.ScriptEngine.runScriptAsRawText(ScriptEngine.java:119)
	at com.kms.katalon.core.main.TestCaseExecutor.runScript(TestCaseExecutor.java:337)
	at com.kms.katalon.core.main.TestCaseExecutor.doExecute(TestCaseExecutor.java:328)
	at com.kms.katalon.core.main.TestCaseExecutor.processExecutionPhase(TestCaseExecutor.java:307)
	at com.kms.katalon.core.main.TestCaseExecutor.accessMainPhase(TestCaseExecutor.java:299)
	at com.kms.katalon.core.main.TestCaseExecutor.execute(TestCaseExecutor.java:233)
	at com.kms.katalon.core.main.TestSuiteExecutor.accessTestCaseMainPhase(TestSuiteExecutor.java:169)
	at com.kms.katalon.core.main.TestSuiteExecutor.accessTestSuiteMainPhase(TestSuiteExecutor.java:142)
	at com.kms.katalon.core.main.TestSuiteExecutor.execute(TestSuiteExecutor.java:91)
	at com.kms.katalon.core.main.TestCaseMain.startTestSuite(TestCaseMain.java:157)
	at com.kms.katalon.core.main.TestCaseMain$startTestSuite$0.call(Unknown Source)
	at TempTestSuite1576495582650.run(TempTestSuite1576495582650.groovy:36)
Caused by: com.kms.katalon.core.webui.exception.WebElementNotFoundException: Web element with id: 'Object Repository/object_reservation/button_Return To Reservation' located by 'By.xpath: (//button[@type='button'])[13]' not found
	at com.kms.katalon.core.webui.common.WebUiCommonHelper.findWebElement(WebUiCommonHelper.java:1113)
	at com.kms.katalon.core.webui.keyword.internal.WebUIAbstractKeyword.findWebElement(WebUIAbstractKeyword.groovy:27)
	at com.kms.katalon.core.webui.keyword.internal.WebUIAbstractKeyword.findWebElement(WebUIAbstractKeyword.groovy:26)
	at com.kms.katalon.core.webui.keyword.builtin.ClickKeyword$_click_closure1.doCall(ClickKeyword.groovy:68)
	at com.kms.katalon.core.webui.keyword.builtin.ClickKeyword$_click_closure1.call(ClickKeyword.groovy)
	at com.kms.katalon.core.webui.keyword.internal.WebUIKeywordMain.runKeyword(WebUIKeywordMain.groovy:20)
	at com.kms.katalon.core.webui.keyword.builtin.ClickKeyword.click(ClickKeyword.groovy:99)
	at com.kms.katalon.core.webui.keyword.builtin.ClickKeyword.execute(ClickKeyword.groovy:43)
	at com.kms.katalon.core.keyword.internal.KeywordExecutor.executeKeywordForPlatform(KeywordExecutor.groovy:60)
	at com.kms.katalon.core.webui.keyword.WebUiBuiltInKeywords.click(WebUiBuiltInKeywords.groovy:616)
	at com.kms.katalon.core.webui.keyword.WebUiBuiltInKeywords$click$2.call(Unknown Source)
	at Script1576482965057.run(Script1576482965057.groovy:603)
	... 13 more
)
[[ATTACHMENT|/home/leonardo-arkusmty/Documents/workspaceKatalon/p4ptest/Reports/20191216_052622/ts_newReservationDaycare/20191216_052622/1576496159246.png]]]]></system-out>
         <system-err><![CDATA[2019-12-16 05:33:27 - [TEST_CASE][FAILED] - Test Cases/p4p_newReservationDaycare: Test Cases/p4p_newReservationDaycare FAILED.
Reason:
com.kms.katalon.core.exception.StepFailedException: Unable to click on object 'Object Repository/object_reservation/button_Return To Reservation'
	at com.kms.katalon.core.webui.keyword.internal.WebUIKeywordMain.stepFailed(WebUIKeywordMain.groovy:64)
	at com.kms.katalon.core.webui.keyword.internal.WebUIKeywordMain.runKeyword(WebUIKeywordMain.groovy:26)
	at com.kms.katalon.core.webui.keyword.builtin.ClickKeyword.click(ClickKeyword.groovy:99)
	at com.kms.katalon.core.webui.keyword.builtin.ClickKeyword.execute(ClickKeyword.groovy:43)
	at com.kms.katalon.core.keyword.internal.KeywordExecutor.executeKeywordForPlatform(KeywordExecutor.groovy:60)
	at com.kms.katalon.core.webui.keyword.WebUiBuiltInKeywords.click(WebUiBuiltInKeywords.groovy:616)
	at com.kms.katalon.core.webui.keyword.WebUiBuiltInKeywords$click$2.call(Unknown Source)
	at p4p_newReservationDaycare.run(p4p_newReservationDaycare:603)
	at com.kms.katalon.core.main.ScriptEngine.run(ScriptEngine.java:194)
	at com.kms.katalon.core.main.ScriptEngine.runScriptAsRawText(ScriptEngine.java:119)
	at com.kms.katalon.core.main.TestCaseExecutor.runScript(TestCaseExecutor.java:337)
	at com.kms.katalon.core.main.TestCaseExecutor.doExecute(TestCaseExecutor.java:328)
	at com.kms.katalon.core.main.TestCaseExecutor.processExecutionPhase(TestCaseExecutor.java:307)
	at com.kms.katalon.core.main.TestCaseExecutor.accessMainPhase(TestCaseExecutor.java:299)
	at com.kms.katalon.core.main.TestCaseExecutor.execute(TestCaseExecutor.java:233)
	at com.kms.katalon.core.main.TestSuiteExecutor.accessTestCaseMainPhase(TestSuiteExecutor.java:169)
	at com.kms.katalon.core.main.TestSuiteExecutor.accessTestSuiteMainPhase(TestSuiteExecutor.java:142)
	at com.kms.katalon.core.main.TestSuiteExecutor.execute(TestSuiteExecutor.java:91)
	at com.kms.katalon.core.main.TestCaseMain.startTestSuite(TestCaseMain.java:157)
	at com.kms.katalon.core.main.TestCaseMain$startTestSuite$0.call(Unknown Source)
	at TempTestSuite1576495582650.run(TempTestSuite1576495582650.groovy:36)
Caused by: com.kms.katalon.core.webui.exception.WebElementNotFoundException: Web element with id: 'Object Repository/object_reservation/button_Return To Reservation' located by 'By.xpath: (//button[@type='button'])[13]' not found
	at com.kms.katalon.core.webui.common.WebUiCommonHelper.findWebElement(WebUiCommonHelper.java:1113)
	at com.kms.katalon.core.webui.keyword.internal.WebUIAbstractKeyword.findWebElement(WebUIAbstractKeyword.groovy:27)
	at com.kms.katalon.core.webui.keyword.internal.WebUIAbstractKeyword.findWebElement(WebUIAbstractKeyword.groovy:26)
	at com.kms.katalon.core.webui.keyword.builtin.ClickKeyword$_click_closure1.doCall(ClickKeyword.groovy:68)
	at com.kms.katalon.core.webui.keyword.builtin.ClickKeyword$_click_closure1.call(ClickKeyword.groovy)
	at com.kms.katalon.core.webui.keyword.internal.WebUIKeywordMain.runKeyword(WebUIKeywordMain.groovy:20)
	... 19 more]]></system-err>
      </testcase>
      <testcase name="Test Cases/p4p_newReservationDaycare" time="188.504" classname="Test Cases/p4p_newReservationDaycare" status="FAILED">
         <failure type="FAILED" message="Test Cases/p4p_newReservationDaycare FAILED.
Reason:
com.kms.katalon.core.exception.StepFailedException: Unable to click on object 'Object Repository/object_reservation/button_Return To Reservation'
	at com.kms.katalon.core.webui.keyword.internal.WebUIKeywordMain.stepFailed(WebUIKeywordMain.groovy:64)
	at com.kms.katalon.core.webui.keyword.internal.WebUIKeywordMain.runKeyword(WebUIKeywordMain.groovy:26)
	at com.kms.katalon.core.webui.keyword.builtin.ClickKeyword.click(ClickKeyword.groovy:99)
	at com.kms.katalon.core.webui.keyword.builtin.ClickKeyword.execute(ClickKeyword.groovy:43)
	at com.kms.katalon.core.keyword.internal.KeywordExecutor.executeKeywordForPlatform(KeywordExecutor.groovy:60)
	at com.kms.katalon.core.webui.keyword.WebUiBuiltInKeywords.click(WebUiBuiltInKeywords.groovy:616)
	at com.kms.katalon.core.webui.keyword.WebUiBuiltInKeywords$click$2.call(Unknown Source)
	at p4p_newReservationDaycare.run(p4p_newReservationDaycare:603)
	at com.kms.katalon.core.main.ScriptEngine.run(ScriptEngine.java:194)
	at com.kms.katalon.core.main.ScriptEngine.runScriptAsRawText(ScriptEngine.java:119)
	at com.kms.katalon.core.main.TestCaseExecutor.runScript(TestCaseExecutor.java:337)
	at com.kms.katalon.core.main.TestCaseExecutor.doExecute(TestCaseExecutor.java:328)
	at com.kms.katalon.core.main.TestCaseExecutor.processExecutionPhase(TestCaseExecutor.java:307)
	at com.kms.katalon.core.main.TestCaseExecutor.accessMainPhase(TestCaseExecutor.java:299)
	at com.kms.katalon.core.main.TestCaseExecutor.execute(TestCaseExecutor.java:233)
	at com.kms.katalon.core.main.TestSuiteExecutor.accessTestCaseMainPhase(TestSuiteExecutor.java:169)
	at com.kms.katalon.core.main.TestSuiteExecutor.accessTestSuiteMainPhase(TestSuiteExecutor.java:142)
	at com.kms.katalon.core.main.TestSuiteExecutor.execute(TestSuiteExecutor.java:91)
	at com.kms.katalon.core.main.TestCaseMain.startTestSuite(TestCaseMain.java:157)
	at com.kms.katalon.core.main.TestCaseMain$startTestSuite$0.call(Unknown Source)
	at TempTestSuite1576495582650.run(TempTestSuite1576495582650.groovy:36)
Caused by: com.kms.katalon.core.webui.exception.WebElementNotFoundException: Web element with id: 'Object Repository/object_reservation/button_Return To Reservation' located by 'By.xpath: (//button[@type='button'])[13]' not found
	at com.kms.katalon.core.webui.common.WebUiCommonHelper.findWebElement(WebUiCommonHelper.java:1113)
	at com.kms.katalon.core.webui.keyword.internal.WebUIAbstractKeyword.findWebElement(WebUIAbstractKeyword.groovy:27)
	at com.kms.katalon.core.webui.keyword.internal.WebUIAbstractKeyword.findWebElement(WebUIAbstractKeyword.groovy:26)
	at com.kms.katalon.core.webui.keyword.builtin.ClickKeyword$_click_closure1.doCall(ClickKeyword.groovy:68)
	at com.kms.katalon.core.webui.keyword.builtin.ClickKeyword$_click_closure1.call(ClickKeyword.groovy)
	at com.kms.katalon.core.webui.keyword.internal.WebUIKeywordMain.runKeyword(WebUIKeywordMain.groovy:20)
	... 19 more
"/>
         <system-out><![CDATA[2019-12-16 05:35:59 - [TEST_CASE][FAILED] - Test Cases/p4p_newReservationDaycare: Test Cases/p4p_newReservationDaycare FAILED.
Reason:
com.kms.katalon.core.exception.StepFailedException: Unable to click on object 'Object Repository/object_reservation/button_Return To Reservation'
	at com.kms.katalon.core.webui.keyword.internal.WebUIKeywordMain.stepFailed(WebUIKeywordMain.groovy:64)
	at com.kms.katalon.core.webui.keyword.internal.WebUIKeywordMain.runKeyword(WebUIKeywordMain.groovy:26)
	at com.kms.katalon.core.webui.keyword.builtin.ClickKeyword.click(ClickKeyword.groovy:99)
	at com.kms.katalon.core.webui.keyword.builtin.ClickKeyword.execute(ClickKeyword.groovy:43)
	at com.kms.katalon.core.keyword.internal.KeywordExecutor.executeKeywordForPlatform(KeywordExecutor.groovy:60)
	at com.kms.katalon.core.webui.keyword.WebUiBuiltInKeywords.click(WebUiBuiltInKeywords.groovy:616)
	at com.kms.katalon.core.webui.keyword.WebUiBuiltInKeywords$click$2.call(Unknown Source)
	at p4p_newReservationDaycare.run(p4p_newReservationDaycare:603)
	at com.kms.katalon.core.main.ScriptEngine.run(ScriptEngine.java:194)
	at com.kms.katalon.core.main.ScriptEngine.runScriptAsRawText(ScriptEngine.java:119)
	at com.kms.katalon.core.main.TestCaseExecutor.runScript(TestCaseExecutor.java:337)
	at com.kms.katalon.core.main.TestCaseExecutor.doExecute(TestCaseExecutor.java:328)
	at com.kms.katalon.core.main.TestCaseExecutor.processExecutionPhase(TestCaseExecutor.java:307)
	at com.kms.katalon.core.main.TestCaseExecutor.accessMainPhase(TestCaseExecutor.java:299)
	at com.kms.katalon.core.main.TestCaseExecutor.execute(TestCaseExecutor.java:233)
	at com.kms.katalon.core.main.TestSuiteExecutor.accessTestCaseMainPhase(TestSuiteExecutor.java:169)
	at com.kms.katalon.core.main.TestSuiteExecutor.accessTestSuiteMainPhase(TestSuiteExecutor.java:142)
	at com.kms.katalon.core.main.TestSuiteExecutor.execute(TestSuiteExecutor.java:91)
	at com.kms.katalon.core.main.TestCaseMain.startTestSuite(TestCaseMain.java:157)
	at com.kms.katalon.core.main.TestCaseMain$startTestSuite$0.call(Unknown Source)
	at TempTestSuite1576495582650.run(TempTestSuite1576495582650.groovy:36)
Caused by: com.kms.katalon.core.webui.exception.WebElementNotFoundException: Web element with id: 'Object Repository/object_reservation/button_Return To Reservation' located by 'By.xpath: (//button[@type='button'])[13]' not found
	at com.kms.katalon.core.webui.common.WebUiCommonHelper.findWebElement(WebUiCommonHelper.java:1113)
	at com.kms.katalon.core.webui.keyword.internal.WebUIAbstractKeyword.findWebElement(WebUIAbstractKeyword.groovy:27)
	at com.kms.katalon.core.webui.keyword.internal.WebUIAbstractKeyword.findWebElement(WebUIAbstractKeyword.groovy:26)
	at com.kms.katalon.core.webui.keyword.builtin.ClickKeyword$_click_closure1.doCall(ClickKeyword.groovy:68)
	at com.kms.katalon.core.webui.keyword.builtin.ClickKeyword$_click_closure1.call(ClickKeyword.groovy)
	at com.kms.katalon.core.webui.keyword.internal.WebUIKeywordMain.runKeyword(WebUIKeywordMain.groovy:20)
	... 19 more


2019-12-16 05:35:59 - [TEST_STEP][PASSED] - openBrowser("https://p4p-qa-bg.aws.paradise4paws.com/login/"): Browser is opened with url: 'https://p4p-qa-bg.aws.paradise4paws.com/login/'

2019-12-16 05:35:59 - [MESSAGE][WARNING] - A browser is already opened. Closing browser and opening a new one

2019-12-16 05:35:59 - [MESSAGE][INFO] - Starting 'Firefox' driver

2019-12-16 05:36:06 - [MESSAGE][PASSED] - Browser is opened with url: 'https://p4p-qa-bg.aws.paradise4paws.com/login/'

2019-12-16 05:36:06 - [TEST_STEP][PASSED] - setText(findTestObject("Object Repository/object_login/input_user"), var_user): Text 'jegchavez@gmail.com' is set on object 'Object Repository/object_login/input_user'

2019-12-16 05:36:08 - [MESSAGE][PASSED] - Text 'jegchavez@gmail.com' is set on object 'Object Repository/object_login/input_user'

2019-12-16 05:36:08 - [TEST_STEP][PASSED] - setText(findTestObject("Object Repository/object_login/input_pass"), var_pass): Text 'admin1' is set on object 'Object Repository/object_login/input_pass'

2019-12-16 05:36:08 - [MESSAGE][PASSED] - Text 'admin1' is set on object 'Object Repository/object_login/input_pass'

2019-12-16 05:36:08 - [TEST_STEP][PASSED] - delay(2): Delayed 2 second(s)

2019-12-16 05:36:10 - [MESSAGE][PASSED] - Delayed 2 second(s)

2019-12-16 05:36:10 - [TEST_STEP][PASSED] - verifyElementClickable(findTestObject("Object Repository/object_login/btn_login")): Object 'Object Repository/object_login/btn_login' is clickable

2019-12-16 05:36:10 - [MESSAGE][PASSED] - Object 'Object Repository/object_login/btn_login' is clickable

2019-12-16 05:36:10 - [TEST_STEP][PASSED] - click(findTestObject("Object Repository/object_login/btn_login")): Object: 'Object Repository/object_login/btn_login' is clicked on

2019-12-16 05:36:14 - [MESSAGE][PASSED] - Object: 'Object Repository/object_login/btn_login' is clicked on

2019-12-16 05:36:14 - [TEST_STEP][PASSED] - delay(2): Delayed 2 second(s)

2019-12-16 05:36:16 - [MESSAGE][PASSED] - Delayed 2 second(s)

2019-12-16 05:36:16 - [TEST_STEP][PASSED] - setText(findTestObject("Object Repository/object_dashboard_emp/input_search"), var_searchParent): Text 'leongarzagarza@hotmail.com' is set on object 'Object Repository/object_dashboard_emp/input_search'

2019-12-16 05:36:17 - [MESSAGE][PASSED] - Text 'leongarzagarza@hotmail.com' is set on object 'Object Repository/object_dashboard_emp/input_search'

2019-12-16 05:36:17 - [TEST_STEP][PASSED] - click(findTestObject("Object Repository/object_dashboard_emp/btn_accountSearch")): Object: 'Object Repository/object_dashboard_emp/btn_accountSearch' is clicked on

2019-12-16 05:36:18 - [MESSAGE][PASSED] - Object: 'Object Repository/object_dashboard_emp/btn_accountSearch' is clicked on

2019-12-16 05:36:18 - [TEST_STEP][PASSED] - delay(2): Delayed 2 second(s)

2019-12-16 05:36:20 - [MESSAGE][PASSED] - Delayed 2 second(s)

2019-12-16 05:36:20 - [TEST_STEP][PASSED] - click(findTestObject("Object Repository/object_accountInformation/a_TEST GABRIEL PROD")): Object: 'Object Repository/object_accountInformation/a_TEST GABRIEL PROD' is clicked on

2019-12-16 05:36:24 - [MESSAGE][PASSED] - Object: 'Object Repository/object_accountInformation/a_TEST GABRIEL PROD' is clicked on

2019-12-16 05:36:24 - [TEST_STEP][PASSED] - delay(2): Delayed 2 second(s)

2019-12-16 05:36:26 - [MESSAGE][PASSED] - Delayed 2 second(s)

2019-12-16 05:36:26 - [TEST_STEP][PASSED] - var_url = getUrl(): Current window's url is: 'https://p4p-qa-bg.aws.paradise4paws.com/accounts/profile/#/reservations/122350/'

2019-12-16 05:36:26 - [MESSAGE][PASSED] - Current window's url is: 'https://p4p-qa-bg.aws.paradise4paws.com/accounts/profile/#/reservations/122350/'

2019-12-16 05:36:26 - [TEST_STEP][PASSED] - log0 = new com.kms.katalon.core.logging.KeywordLogger(): null

2019-12-16 05:36:26 - [TEST_STEP][PASSED] - arrUrl = var_url.split("/"): null

2019-12-16 05:36:26 - [TEST_STEP][PASSED] - idParent = arrUrl[7]: null

2019-12-16 05:36:26 - [TEST_STEP][PASSED] - click(findTestObject("Object Repository/object_profile/a_addReservation")): Object: 'Object Repository/object_profile/a_addReservation' is clicked on

2019-12-16 05:36:28 - [MESSAGE][PASSED] - Object: 'Object Repository/object_profile/a_addReservation' is clicked on

2019-12-16 05:36:28 - [TEST_STEP][PASSED] - delay(2): Delayed 2 second(s)

2019-12-16 05:36:30 - [MESSAGE][PASSED] - Delayed 2 second(s)

2019-12-16 05:36:30 - [TEST_STEP][PASSED] - flagBoar = "0": null

2019-12-16 05:36:30 - [TEST_STEP][PASSED] - log = new com.kms.katalon.core.logging.KeywordLogger(): null

2019-12-16 05:36:30 - [TEST_STEP][PASSED] - if (var_typeReserveation == "Boarding"): null

2019-12-16 05:36:30 - [TEST_STEP][PASSED] - else if (var_typeReserveation == "Daycare"): Object: 'Object Repository/object_reservation/btn_Daycare' is clicked on

2019-12-16 05:36:30 - [TEST_STEP][PASSED] - flagBoar = "2": null

2019-12-16 05:36:30 - [TEST_STEP][PASSED] - click(findTestObject("object_reservation/btn_Daycare")): Object: 'Object Repository/object_reservation/btn_Daycare' is clicked on

2019-12-16 05:36:30 - [MESSAGE][PASSED] - Object: 'Object Repository/object_reservation/btn_Daycare' is clicked on

2019-12-16 05:36:30 - [TEST_STEP][PASSED] - click(findTestObject("Object Repository/object_reservation/i_location")): Object: 'Object Repository/object_reservation/i_location' is clicked on

2019-12-16 05:36:33 - [MESSAGE][PASSED] - Object: 'Object Repository/object_reservation/i_location' is clicked on

2019-12-16 05:36:33 - [TEST_STEP][PASSED] - switch (var_idFacility): null

2019-12-16 05:36:33 - [TEST_STEP][PASSED] - dateCI = var_checkinD.split(","): null

2019-12-16 05:36:33 - [TEST_STEP][PASSED] - dateCO = var_checkoutD.split(","): null

2019-12-16 05:36:33 - [TEST_STEP][PASSED] - arryPets = var_pets.split(","): null

2019-12-16 05:36:33 - [TEST_STEP][PASSED] - delay(2): Delayed 2 second(s)

2019-12-16 05:36:35 - [MESSAGE][PASSED] - Delayed 2 second(s)

2019-12-16 05:36:35 - [TEST_STEP][PASSED] - if (var_repeting == "Y"): All options with value '3' are selected in object 'Object Repository/object_reservation/Page_Paradise 4 Paws  Dog Boarding Cat Boar_cfde7f/select_DailyWeeklyMonthlyOther'  using regular expression

2019-12-16 05:36:35 - [TEST_STEP][PASSED] - click(findTestObject("Object Repository/object_reservation/checkbox_repeating")): Object: 'Object Repository/object_reservation/checkbox_repeating' is clicked on

2019-12-16 05:36:35 - [MESSAGE][PASSED] - Object: 'Object Repository/object_reservation/checkbox_repeating' is clicked on

2019-12-16 05:36:35 - [TEST_STEP][PASSED] - if (var_repeatingEvery == "Weekly"): null

2019-12-16 05:36:35 - [TEST_STEP][PASSED] - else if (var_repeatingEvery == "Monthly"): All options with value '3' are selected in object 'Object Repository/object_reservation/Page_Paradise 4 Paws  Dog Boarding Cat Boar_cfde7f/select_DailyWeeklyMonthlyOther'  using regular expression

2019-12-16 05:36:35 - [TEST_STEP][PASSED] - selectOptionByValue(findTestObject("Object Repository/object_reservation/Page_Paradise 4 Paws  Dog Boarding Cat Boar_cfde7f/select_DailyWeeklyMonthlyOther"), "3", true): All options with value '3' are selected in object 'Object Repository/object_reservation/Page_Paradise 4 Paws  Dog Boarding Cat Boar_cfde7f/select_DailyWeeklyMonthlyOther'  using regular expression

2019-12-16 05:36:37 - [MESSAGE][PASSED] - All options with value '3' are selected in object 'Object Repository/object_reservation/Page_Paradise 4 Paws  Dog Boarding Cat Boar_cfde7f/select_DailyWeeklyMonthlyOther'  using regular expression

2019-12-16 05:36:37 - [TEST_STEP][PASSED] - click(findTestObject("Object Repository/object_reservation/dateCheckIn")): Object: 'Object Repository/object_reservation/dateCheckIn' is clicked on

2019-12-16 05:36:37 - [MESSAGE][PASSED] - Object: 'Object Repository/object_reservation/dateCheckIn' is clicked on

2019-12-16 05:36:37 - [TEST_STEP][PASSED] - stringCI2020 = "0": null

2019-12-16 05:36:37 - [TEST_STEP][PASSED] - stringC02020 = "0": null

2019-12-16 05:36:37 - [TEST_STEP][PASSED] - if (dateCI[0] == "16" && dateCI[1] == "01" && dateCI[2] == "2020"): null

2019-12-16 05:36:37 - [TEST_STEP][PASSED] - if (dateCI[0] == "18" && dateCI[1] == "02" && dateCI[2] == "2020"): null

2019-12-16 05:36:37 - [TEST_STEP][PASSED] - click(findTestObject("object_reservation/Page_Paradise 4 Paws  Dog Boarding Cat Boarding Chicago Pooch West Loop/button_December19_ci_btnpullright")): Object: 'Object Repository/object_reservation/Page_Paradise 4 Paws  Dog Boarding Cat Boarding Chicago Pooch West Loop/button_December19_ci_btnpullright' is clicked on

2019-12-16 05:36:38 - [MESSAGE][PASSED] - Object: 'Object Repository/object_reservation/Page_Paradise 4 Paws  Dog Boarding Cat Boarding Chicago Pooch West Loop/button_December19_ci_btnpullright' is clicked on

2019-12-16 05:36:38 - [TEST_STEP][PASSED] - click(findTestObject("object_reservation/Page_Paradise 4 Paws  Dog Boarding Cat Boarding Chicago Pooch West Loop/button_January20_ci_btnpullright")): Object: 'Object Repository/object_reservation/Page_Paradise 4 Paws  Dog Boarding Cat Boarding Chicago Pooch West Loop/button_January20_ci_btnpullright' is clicked on

2019-12-16 05:36:39 - [MESSAGE][PASSED] - Object: 'Object Repository/object_reservation/Page_Paradise 4 Paws  Dog Boarding Cat Boarding Chicago Pooch West Loop/button_January20_ci_btnpullright' is clicked on

2019-12-16 05:36:39 - [TEST_STEP][PASSED] - click(findTestObject("object_reservation/Page_Paradise 4 Paws Dog Boarding2020/button_18_ci_0220")): Object: 'Object Repository/object_reservation/Page_Paradise 4 Paws Dog Boarding2020/button_18_ci_0220' is clicked on

2019-12-16 05:36:39 - [MESSAGE][PASSED] - Object: 'Object Repository/object_reservation/Page_Paradise 4 Paws Dog Boarding2020/button_18_ci_0220' is clicked on

2019-12-16 05:36:39 - [TEST_STEP][PASSED] - stringCI2020 = "1": null

2019-12-16 05:36:39 - [TEST_STEP][PASSED] - if (dateCI[0] == "21" && dateCI[1] == "03" && dateCI[2] == "2020"): null

2019-12-16 05:36:39 - [TEST_STEP][PASSED] - delay(2): Delayed 2 second(s)

2019-12-16 05:36:41 - [MESSAGE][PASSED] - Delayed 2 second(s)

2019-12-16 05:36:41 - [TEST_STEP][PASSED] - if (stringCI2020 == "0"): null

2019-12-16 05:36:41 - [TEST_STEP][PASSED] - if (flagBoar == "1" || flagBoar == "2" && var_repeatingEvery == "Daily" || flagBoar == "2" && var_repeatingEvery == "Weekly" || flagBoar == "2" && var_repeatingEvery == "Monthly"): null

2019-12-16 05:36:41 - [TEST_STEP][PASSED] - click(findTestObject("Object Repository/object_reservation/dateCheckOut")): Object: 'Object Repository/object_reservation/dateCheckOut' is clicked on

2019-12-16 05:36:42 - [MESSAGE][PASSED] - Object: 'Object Repository/object_reservation/dateCheckOut' is clicked on

2019-12-16 05:36:42 - [TEST_STEP][PASSED] - if (dateCO[0] == "17" && dateCO[1] == "02" && dateCO[2] == "2020"): null

2019-12-16 05:36:42 - [TEST_STEP][PASSED] - if (dateCO[0] == "20" && dateCO[1] == "03" && dateCO[2] == "2020"): null

2019-12-16 05:36:42 - [TEST_STEP][PASSED] - click(findTestObject("object_reservation/Page_Paradise 4 Paws  Dog Boarding Cat Boarding Chicago Pooch West Loop/button_December19__co_pullright")): Object: 'Object Repository/object_reservation/Page_Paradise 4 Paws  Dog Boarding Cat Boarding Chicago Pooch West Loop/button_December19__co_pullright' is clicked on

2019-12-16 05:36:43 - [MESSAGE][PASSED] - Object: 'Object Repository/object_reservation/Page_Paradise 4 Paws  Dog Boarding Cat Boarding Chicago Pooch West Loop/button_December19__co_pullright' is clicked on

2019-12-16 05:36:43 - [TEST_STEP][PASSED] - click(findTestObject("object_reservation/Page_Paradise 4 Paws  Dog Boarding Cat Boarding Chicago Pooch West Loop/button_January20_co_pullright")): Object: 'Object Repository/object_reservation/Page_Paradise 4 Paws  Dog Boarding Cat Boarding Chicago Pooch West Loop/button_January20_co_pullright' is clicked on

2019-12-16 05:36:43 - [MESSAGE][PASSED] - Object: 'Object Repository/object_reservation/Page_Paradise 4 Paws  Dog Boarding Cat Boarding Chicago Pooch West Loop/button_January20_co_pullright' is clicked on

2019-12-16 05:36:43 - [TEST_STEP][PASSED] - click(findTestObject("object_reservation/Page_Paradise 4 Paws  Dog Boarding Cat Boarding Chicago Pooch West Loop/button_February20_co_btnpullright")): Object: 'Object Repository/object_reservation/Page_Paradise 4 Paws  Dog Boarding Cat Boarding Chicago Pooch West Loop/button_February20_co_btnpullright' is clicked on

2019-12-16 05:36:44 - [MESSAGE][PASSED] - Object: 'Object Repository/object_reservation/Page_Paradise 4 Paws  Dog Boarding Cat Boarding Chicago Pooch West Loop/button_February20_co_btnpullright' is clicked on

2019-12-16 05:36:44 - [TEST_STEP][PASSED] - click(findTestObject("object_reservation/Page_Paradise 4 Paws Dog Boarding2020/button_20_co_0320")): Object: 'Object Repository/object_reservation/Page_Paradise 4 Paws Dog Boarding2020/button_20_co_0320' is clicked on

2019-12-16 05:36:44 - [MESSAGE][PASSED] - Object: 'Object Repository/object_reservation/Page_Paradise 4 Paws Dog Boarding2020/button_20_co_0320' is clicked on

2019-12-16 05:36:44 - [TEST_STEP][PASSED] - stringCO2020 = "1": null

2019-12-16 05:36:44 - [TEST_STEP][PASSED] - if (dateCO[0] == "24" && dateCO[1] == "04" && dateCO[2] == "2020"): null

2019-12-16 05:36:44 - [TEST_STEP][PASSED] - if (stringCO2020 == "0"): null

2019-12-16 05:36:44 - [TEST_STEP][NOT_RUN] - click(findTestObject("Object Repository/object_reservationCalendar/CO_close")): NOT_RUN: click(findTestObject("Object Repository/object_reservationCalendar/CO_close"))

2019-12-16 05:36:44 - [MESSAGE][NOT_RUN] - NOT_RUN: click(findTestObject("Object Repository/object_reservationCalendar/CO_close"))

2019-12-16 05:36:44 - [TEST_STEP][PASSED] - click(findTestObject("Object Repository/object_reservation/timeCheckin")): Object: 'Object Repository/object_reservation/timeCheckin' is clicked on

2019-12-16 05:36:45 - [MESSAGE][PASSED] - Object: 'Object Repository/object_reservation/timeCheckin' is clicked on

2019-12-16 05:36:45 - [TEST_STEP][PASSED] - switch (var_checkinT): null

2019-12-16 05:36:45 - [TEST_STEP][PASSED] - case "800":: null

2019-12-16 05:36:45 - [TEST_STEP][PASSED] - click(findTestObject("Object Repository/Page_Paradise 4 Paws  Dog Boarding Cat Boarding Norwalk Pooch Hotel/time_800am_ci")): Object: 'Object Repository/Page_Paradise 4 Paws  Dog Boarding Cat Boarding Norwalk Pooch Hotel/time_800am_ci' is clicked on

2019-12-16 05:36:46 - [MESSAGE][PASSED] - Object: 'Object Repository/Page_Paradise 4 Paws  Dog Boarding Cat Boarding Norwalk Pooch Hotel/time_800am_ci' is clicked on

2019-12-16 05:36:46 - [TEST_STEP][PASSED] - break: null

2019-12-16 05:36:46 - [TEST_STEP][PASSED] - click(findTestObject("Object Repository/object_reservation/timeCheckOut")): Object: 'Object Repository/object_reservation/timeCheckOut' is clicked on

2019-12-16 05:36:47 - [MESSAGE][PASSED] - Object: 'Object Repository/object_reservation/timeCheckOut' is clicked on

2019-12-16 05:36:47 - [TEST_STEP][PASSED] - switch (var_checkoutT): null

2019-12-16 05:36:47 - [TEST_STEP][PASSED] - case "1200":: null

2019-12-16 05:36:47 - [TEST_STEP][PASSED] - click(findTestObject("Object Repository/Page_Paradise 4 Paws  Dog Boarding Cat Boarding Norwalk Pooch Hotel/time_1200pm_co")): Object: 'Object Repository/Page_Paradise 4 Paws  Dog Boarding Cat Boarding Norwalk Pooch Hotel/time_1200pm_co' is clicked on

2019-12-16 05:36:47 - [MESSAGE][PASSED] - Object: 'Object Repository/Page_Paradise 4 Paws  Dog Boarding Cat Boarding Norwalk Pooch Hotel/time_1200pm_co' is clicked on

2019-12-16 05:36:47 - [TEST_STEP][PASSED] - break: null

2019-12-16 05:36:47 - [TEST_STEP][PASSED] - delay(2): Delayed 2 second(s)

2019-12-16 05:36:49 - [MESSAGE][PASSED] - Delayed 2 second(s)

2019-12-16 05:36:49 - [TEST_STEP][PASSED] - if (arryPets.size() == 1): null

2019-12-16 05:36:49 - [TEST_STEP][PASSED] - else if (arryPets.size() == 2): Object: 'Object Repository/object_reservation/div_Zeus' is clicked on

2019-12-16 05:36:49 - [TEST_STEP][PASSED] - click(findTestObject("object_reservation/Page_Paradise 4 Paws  Dog Boarding Cat Boarding Norwalk Pooch Hotel/div_Ares")): Object: 'Object Repository/object_reservation/Page_Paradise 4 Paws  Dog Boarding Cat Boarding Norwalk Pooch Hotel/div_Ares' is clicked on

2019-12-16 05:36:51 - [MESSAGE][PASSED] - Object: 'Object Repository/object_reservation/Page_Paradise 4 Paws  Dog Boarding Cat Boarding Norwalk Pooch Hotel/div_Ares' is clicked on

2019-12-16 05:36:51 - [TEST_STEP][PASSED] - click(findTestObject("object_reservation/div_Zeus")): Object: 'Object Repository/object_reservation/div_Zeus' is clicked on

2019-12-16 05:37:23 - [MESSAGE][PASSED] - Object: 'Object Repository/object_reservation/div_Zeus' is clicked on

2019-12-16 05:37:23 - [TEST_STEP][NOT_RUN] - click(findTestObject("object_reservations/i_Day_fa fa-circle-o ng-scope")): NOT_RUN: click(findTestObject("object_reservations/i_Day_fa fa-circle-o ng-scope"))

2019-12-16 05:37:23 - [MESSAGE][NOT_RUN] - NOT_RUN: click(findTestObject("object_reservations/i_Day_fa fa-circle-o ng-scope"))

2019-12-16 05:37:23 - [TEST_STEP][PASSED] - if (flagBoar == "1" || flagBoar == "2"): Object: 'Object Repository/object_reservation/div_suite_rad_deluxe' is clicked on

2019-12-16 05:37:23 - [TEST_STEP][PASSED] - click(findTestObject("Object Repository/object_reservation/div_suite_rad_deluxe")): Object: 'Object Repository/object_reservation/div_suite_rad_deluxe' is clicked on

2019-12-16 05:37:54 - [MESSAGE][PASSED] - Object: 'Object Repository/object_reservation/div_suite_rad_deluxe' is clicked on

2019-12-16 05:37:54 - [TEST_STEP][PASSED] - click(findTestObject("Object Repository/object_reservation/btn_next2")): Object: 'Object Repository/object_reservation/btn_next2' is clicked on

2019-12-16 05:38:00 - [MESSAGE][PASSED] - Object: 'Object Repository/object_reservation/btn_next2' is clicked on

2019-12-16 05:38:00 - [TEST_STEP][PASSED] - delay(3): Delayed 3 second(s)

2019-12-16 05:38:03 - [MESSAGE][PASSED] - Delayed 3 second(s)

2019-12-16 05:38:03 - [TEST_STEP][PASSED] - if (flagBoar == "1"): null

2019-12-16 05:38:03 - [TEST_STEP][PASSED] - delay(2): Delayed 2 second(s)

2019-12-16 05:38:05 - [MESSAGE][PASSED] - Delayed 2 second(s)

2019-12-16 05:38:05 - [TEST_STEP][PASSED] - click(findTestObject("Object Repository/object_reservation/btn_next2")): Object: 'Object Repository/object_reservation/btn_next2' is clicked on

2019-12-16 05:38:05 - [MESSAGE][PASSED] - Object: 'Object Repository/object_reservation/btn_next2' is clicked on

2019-12-16 05:38:05 - [TEST_STEP][PASSED] - click(findTestObject("Object Repository/object_reservation/button_Submit Reservation")): Object: 'Object Repository/object_reservation/button_Submit Reservation' is clicked on

2019-12-16 05:38:11 - [MESSAGE][PASSED] - Object: 'Object Repository/object_reservation/button_Submit Reservation' is clicked on

2019-12-16 05:38:11 - [TEST_STEP][PASSED] - delay(2): Delayed 2 second(s)

2019-12-16 05:38:13 - [MESSAGE][PASSED] - Delayed 2 second(s)

2019-12-16 05:38:13 - [TEST_STEP][PASSED] - if (flagBoar == "2" && var_repeatingEvery == "Daily" || var_repeatingEvery == "Monthly" || var_repeatingEvery == "Weekly"): Delayed 8 second(s)

2019-12-16 05:38:13 - [TEST_STEP][PASSED] - click(findTestObject("Object Repository/object_reservation/Page_Paradise 4 Paws  Dog Boarding Cat Boar_cfde7f/button_Ok")): Object: 'Object Repository/object_reservation/Page_Paradise 4 Paws  Dog Boarding Cat Boar_cfde7f/button_Ok' is clicked on

2019-12-16 05:38:13 - [MESSAGE][PASSED] - Object: 'Object Repository/object_reservation/Page_Paradise 4 Paws  Dog Boarding Cat Boar_cfde7f/button_Ok' is clicked on

2019-12-16 05:38:13 - [TEST_STEP][PASSED] - delay(8): Delayed 8 second(s)

2019-12-16 05:38:21 - [MESSAGE][PASSED] - Delayed 8 second(s)

2019-12-16 05:38:21 - [TEST_STEP][PASSED] - delay(2): Delayed 2 second(s)

2019-12-16 05:38:23 - [MESSAGE][PASSED] - Delayed 2 second(s)

2019-12-16 05:38:23 - [TEST_STEP][FAILED] - click(findTestObject("Object Repository/object_reservation/button_Return To Reservation")): Unable to click on object 'Object Repository/object_reservation/button_Return To Reservation' (Root cause: com.kms.katalon.core.exception.StepFailedException: Unable to click on object 'Object Repository/object_reservation/button_Return To Reservation'
	at com.kms.katalon.core.webui.keyword.internal.WebUIKeywordMain.stepFailed(WebUIKeywordMain.groovy:64)
	at com.kms.katalon.core.webui.keyword.internal.WebUIKeywordMain.runKeyword(WebUIKeywordMain.groovy:26)
	at com.kms.katalon.core.webui.keyword.builtin.ClickKeyword.click(ClickKeyword.groovy:99)
	at com.kms.katalon.core.webui.keyword.builtin.ClickKeyword.execute(ClickKeyword.groovy:43)
	at com.kms.katalon.core.keyword.internal.KeywordExecutor.executeKeywordForPlatform(KeywordExecutor.groovy:60)
	at com.kms.katalon.core.webui.keyword.WebUiBuiltInKeywords.click(WebUiBuiltInKeywords.groovy:616)
	at com.kms.katalon.core.webui.keyword.WebUiBuiltInKeywords$click$2.call(Unknown Source)
	at p4p_newReservationDaycare.run(p4p_newReservationDaycare:603)
	at com.kms.katalon.core.main.ScriptEngine.run(ScriptEngine.java:194)
	at com.kms.katalon.core.main.ScriptEngine.runScriptAsRawText(ScriptEngine.java:119)
	at com.kms.katalon.core.main.TestCaseExecutor.runScript(TestCaseExecutor.java:337)
	at com.kms.katalon.core.main.TestCaseExecutor.doExecute(TestCaseExecutor.java:328)
	at com.kms.katalon.core.main.TestCaseExecutor.processExecutionPhase(TestCaseExecutor.java:307)
	at com.kms.katalon.core.main.TestCaseExecutor.accessMainPhase(TestCaseExecutor.java:299)
	at com.kms.katalon.core.main.TestCaseExecutor.execute(TestCaseExecutor.java:233)
	at com.kms.katalon.core.main.TestSuiteExecutor.accessTestCaseMainPhase(TestSuiteExecutor.java:169)
	at com.kms.katalon.core.main.TestSuiteExecutor.accessTestSuiteMainPhase(TestSuiteExecutor.java:142)
	at com.kms.katalon.core.main.TestSuiteExecutor.execute(TestSuiteExecutor.java:91)
	at com.kms.katalon.core.main.TestCaseMain.startTestSuite(TestCaseMain.java:157)
	at com.kms.katalon.core.main.TestCaseMain$startTestSuite$0.call(Unknown Source)
	at TempTestSuite1576495582650.run(TempTestSuite1576495582650.groovy:36)
Caused by: com.kms.katalon.core.webui.exception.WebElementNotFoundException: Web element with id: 'Object Repository/object_reservation/button_Return To Reservation' located by 'By.xpath: (//button[@type='button'])[13]' not found
	at com.kms.katalon.core.webui.common.WebUiCommonHelper.findWebElement(WebUiCommonHelper.java:1113)
	at com.kms.katalon.core.webui.keyword.internal.WebUIAbstractKeyword.findWebElement(WebUIAbstractKeyword.groovy:27)
	at com.kms.katalon.core.webui.keyword.internal.WebUIAbstractKeyword.findWebElement(WebUIAbstractKeyword.groovy:26)
	at com.kms.katalon.core.webui.keyword.builtin.ClickKeyword$_click_closure1.doCall(ClickKeyword.groovy:68)
	at com.kms.katalon.core.webui.keyword.builtin.ClickKeyword$_click_closure1.call(ClickKeyword.groovy)
	at com.kms.katalon.core.webui.keyword.internal.WebUIKeywordMain.runKeyword(WebUIKeywordMain.groovy:20)
	at com.kms.katalon.core.webui.keyword.builtin.ClickKeyword.click(ClickKeyword.groovy:99)
	at com.kms.katalon.core.webui.keyword.builtin.ClickKeyword.execute(ClickKeyword.groovy:43)
	at com.kms.katalon.core.keyword.internal.KeywordExecutor.executeKeywordForPlatform(KeywordExecutor.groovy:60)
	at com.kms.katalon.core.webui.keyword.WebUiBuiltInKeywords.click(WebUiBuiltInKeywords.groovy:616)
	at com.kms.katalon.core.webui.keyword.WebUiBuiltInKeywords$click$2.call(Unknown Source)
	at Script1576482965057.run(Script1576482965057.groovy:603)
	... 13 more
)

2019-12-16 05:39:07 - [MESSAGE][INFO] - Unable to find the element located by 'By.xpath: (//button[@type='button'])[13]'. Please recheck the objects properties to make sure the desired element is located. 

2019-12-16 05:39:07 - [MESSAGE][FAILED] - Unable to click on object 'Object Repository/object_reservation/button_Return To Reservation' (Root cause: com.kms.katalon.core.exception.StepFailedException: Unable to click on object 'Object Repository/object_reservation/button_Return To Reservation'
	at com.kms.katalon.core.webui.keyword.internal.WebUIKeywordMain.stepFailed(WebUIKeywordMain.groovy:64)
	at com.kms.katalon.core.webui.keyword.internal.WebUIKeywordMain.runKeyword(WebUIKeywordMain.groovy:26)
	at com.kms.katalon.core.webui.keyword.builtin.ClickKeyword.click(ClickKeyword.groovy:99)
	at com.kms.katalon.core.webui.keyword.builtin.ClickKeyword.execute(ClickKeyword.groovy:43)
	at com.kms.katalon.core.keyword.internal.KeywordExecutor.executeKeywordForPlatform(KeywordExecutor.groovy:60)
	at com.kms.katalon.core.webui.keyword.WebUiBuiltInKeywords.click(WebUiBuiltInKeywords.groovy:616)
	at com.kms.katalon.core.webui.keyword.WebUiBuiltInKeywords$click$2.call(Unknown Source)
	at p4p_newReservationDaycare.run(p4p_newReservationDaycare:603)
	at com.kms.katalon.core.main.ScriptEngine.run(ScriptEngine.java:194)
	at com.kms.katalon.core.main.ScriptEngine.runScriptAsRawText(ScriptEngine.java:119)
	at com.kms.katalon.core.main.TestCaseExecutor.runScript(TestCaseExecutor.java:337)
	at com.kms.katalon.core.main.TestCaseExecutor.doExecute(TestCaseExecutor.java:328)
	at com.kms.katalon.core.main.TestCaseExecutor.processExecutionPhase(TestCaseExecutor.java:307)
	at com.kms.katalon.core.main.TestCaseExecutor.accessMainPhase(TestCaseExecutor.java:299)
	at com.kms.katalon.core.main.TestCaseExecutor.execute(TestCaseExecutor.java:233)
	at com.kms.katalon.core.main.TestSuiteExecutor.accessTestCaseMainPhase(TestSuiteExecutor.java:169)
	at com.kms.katalon.core.main.TestSuiteExecutor.accessTestSuiteMainPhase(TestSuiteExecutor.java:142)
	at com.kms.katalon.core.main.TestSuiteExecutor.execute(TestSuiteExecutor.java:91)
	at com.kms.katalon.core.main.TestCaseMain.startTestSuite(TestCaseMain.java:157)
	at com.kms.katalon.core.main.TestCaseMain$startTestSuite$0.call(Unknown Source)
	at TempTestSuite1576495582650.run(TempTestSuite1576495582650.groovy:36)
Caused by: com.kms.katalon.core.webui.exception.WebElementNotFoundException: Web element with id: 'Object Repository/object_reservation/button_Return To Reservation' located by 'By.xpath: (//button[@type='button'])[13]' not found
	at com.kms.katalon.core.webui.common.WebUiCommonHelper.findWebElement(WebUiCommonHelper.java:1113)
	at com.kms.katalon.core.webui.keyword.internal.WebUIAbstractKeyword.findWebElement(WebUIAbstractKeyword.groovy:27)
	at com.kms.katalon.core.webui.keyword.internal.WebUIAbstractKeyword.findWebElement(WebUIAbstractKeyword.groovy:26)
	at com.kms.katalon.core.webui.keyword.builtin.ClickKeyword$_click_closure1.doCall(ClickKeyword.groovy:68)
	at com.kms.katalon.core.webui.keyword.builtin.ClickKeyword$_click_closure1.call(ClickKeyword.groovy)
	at com.kms.katalon.core.webui.keyword.internal.WebUIKeywordMain.runKeyword(WebUIKeywordMain.groovy:20)
	at com.kms.katalon.core.webui.keyword.builtin.ClickKeyword.click(ClickKeyword.groovy:99)
	at com.kms.katalon.core.webui.keyword.builtin.ClickKeyword.execute(ClickKeyword.groovy:43)
	at com.kms.katalon.core.keyword.internal.KeywordExecutor.executeKeywordForPlatform(KeywordExecutor.groovy:60)
	at com.kms.katalon.core.webui.keyword.WebUiBuiltInKeywords.click(WebUiBuiltInKeywords.groovy:616)
	at com.kms.katalon.core.webui.keyword.WebUiBuiltInKeywords$click$2.call(Unknown Source)
	at Script1576482965057.run(Script1576482965057.groovy:603)
	... 13 more
)
[[ATTACHMENT|/home/leonardo-arkusmty/Documents/workspaceKatalon/p4ptest/Reports/20191216_052622/ts_newReservationDaycare/20191216_052622/1576496347793.png]]]]></system-out>
         <system-err><![CDATA[2019-12-16 05:35:59 - [TEST_CASE][FAILED] - Test Cases/p4p_newReservationDaycare: Test Cases/p4p_newReservationDaycare FAILED.
Reason:
com.kms.katalon.core.exception.StepFailedException: Unable to click on object 'Object Repository/object_reservation/button_Return To Reservation'
	at com.kms.katalon.core.webui.keyword.internal.WebUIKeywordMain.stepFailed(WebUIKeywordMain.groovy:64)
	at com.kms.katalon.core.webui.keyword.internal.WebUIKeywordMain.runKeyword(WebUIKeywordMain.groovy:26)
	at com.kms.katalon.core.webui.keyword.builtin.ClickKeyword.click(ClickKeyword.groovy:99)
	at com.kms.katalon.core.webui.keyword.builtin.ClickKeyword.execute(ClickKeyword.groovy:43)
	at com.kms.katalon.core.keyword.internal.KeywordExecutor.executeKeywordForPlatform(KeywordExecutor.groovy:60)
	at com.kms.katalon.core.webui.keyword.WebUiBuiltInKeywords.click(WebUiBuiltInKeywords.groovy:616)
	at com.kms.katalon.core.webui.keyword.WebUiBuiltInKeywords$click$2.call(Unknown Source)
	at p4p_newReservationDaycare.run(p4p_newReservationDaycare:603)
	at com.kms.katalon.core.main.ScriptEngine.run(ScriptEngine.java:194)
	at com.kms.katalon.core.main.ScriptEngine.runScriptAsRawText(ScriptEngine.java:119)
	at com.kms.katalon.core.main.TestCaseExecutor.runScript(TestCaseExecutor.java:337)
	at com.kms.katalon.core.main.TestCaseExecutor.doExecute(TestCaseExecutor.java:328)
	at com.kms.katalon.core.main.TestCaseExecutor.processExecutionPhase(TestCaseExecutor.java:307)
	at com.kms.katalon.core.main.TestCaseExecutor.accessMainPhase(TestCaseExecutor.java:299)
	at com.kms.katalon.core.main.TestCaseExecutor.execute(TestCaseExecutor.java:233)
	at com.kms.katalon.core.main.TestSuiteExecutor.accessTestCaseMainPhase(TestSuiteExecutor.java:169)
	at com.kms.katalon.core.main.TestSuiteExecutor.accessTestSuiteMainPhase(TestSuiteExecutor.java:142)
	at com.kms.katalon.core.main.TestSuiteExecutor.execute(TestSuiteExecutor.java:91)
	at com.kms.katalon.core.main.TestCaseMain.startTestSuite(TestCaseMain.java:157)
	at com.kms.katalon.core.main.TestCaseMain$startTestSuite$0.call(Unknown Source)
	at TempTestSuite1576495582650.run(TempTestSuite1576495582650.groovy:36)
Caused by: com.kms.katalon.core.webui.exception.WebElementNotFoundException: Web element with id: 'Object Repository/object_reservation/button_Return To Reservation' located by 'By.xpath: (//button[@type='button'])[13]' not found
	at com.kms.katalon.core.webui.common.WebUiCommonHelper.findWebElement(WebUiCommonHelper.java:1113)
	at com.kms.katalon.core.webui.keyword.internal.WebUIAbstractKeyword.findWebElement(WebUIAbstractKeyword.groovy:27)
	at com.kms.katalon.core.webui.keyword.internal.WebUIAbstractKeyword.findWebElement(WebUIAbstractKeyword.groovy:26)
	at com.kms.katalon.core.webui.keyword.builtin.ClickKeyword$_click_closure1.doCall(ClickKeyword.groovy:68)
	at com.kms.katalon.core.webui.keyword.builtin.ClickKeyword$_click_closure1.call(ClickKeyword.groovy)
	at com.kms.katalon.core.webui.keyword.internal.WebUIKeywordMain.runKeyword(WebUIKeywordMain.groovy:20)
	... 19 more]]></system-err>
      </testcase>
      <testcase name="Test Cases/p4p_newReservationDaycare" time="332.095" classname="Test Cases/p4p_newReservationDaycare" status="FAILED">
         <failure type="FAILED" message="Test Cases/p4p_newReservationDaycare FAILED.
Reason:
com.kms.katalon.core.exception.StepFailedException: Unable to click on object 'Object Repository/object_reservation/button_Return To Reservation'
	at com.kms.katalon.core.webui.keyword.internal.WebUIKeywordMain.stepFailed(WebUIKeywordMain.groovy:64)
	at com.kms.katalon.core.webui.keyword.internal.WebUIKeywordMain.runKeyword(WebUIKeywordMain.groovy:26)
	at com.kms.katalon.core.webui.keyword.builtin.ClickKeyword.click(ClickKeyword.groovy:99)
	at com.kms.katalon.core.webui.keyword.builtin.ClickKeyword.execute(ClickKeyword.groovy:43)
	at com.kms.katalon.core.keyword.internal.KeywordExecutor.executeKeywordForPlatform(KeywordExecutor.groovy:60)
	at com.kms.katalon.core.webui.keyword.WebUiBuiltInKeywords.click(WebUiBuiltInKeywords.groovy:616)
	at com.kms.katalon.core.webui.keyword.WebUiBuiltInKeywords$click$2.call(Unknown Source)
	at p4p_newReservationDaycare.run(p4p_newReservationDaycare:603)
	at com.kms.katalon.core.main.ScriptEngine.run(ScriptEngine.java:194)
	at com.kms.katalon.core.main.ScriptEngine.runScriptAsRawText(ScriptEngine.java:119)
	at com.kms.katalon.core.main.TestCaseExecutor.runScript(TestCaseExecutor.java:337)
	at com.kms.katalon.core.main.TestCaseExecutor.doExecute(TestCaseExecutor.java:328)
	at com.kms.katalon.core.main.TestCaseExecutor.processExecutionPhase(TestCaseExecutor.java:307)
	at com.kms.katalon.core.main.TestCaseExecutor.accessMainPhase(TestCaseExecutor.java:299)
	at com.kms.katalon.core.main.TestCaseExecutor.execute(TestCaseExecutor.java:233)
	at com.kms.katalon.core.main.TestSuiteExecutor.accessTestCaseMainPhase(TestSuiteExecutor.java:169)
	at com.kms.katalon.core.main.TestSuiteExecutor.accessTestSuiteMainPhase(TestSuiteExecutor.java:142)
	at com.kms.katalon.core.main.TestSuiteExecutor.execute(TestSuiteExecutor.java:91)
	at com.kms.katalon.core.main.TestCaseMain.startTestSuite(TestCaseMain.java:157)
	at com.kms.katalon.core.main.TestCaseMain$startTestSuite$0.call(Unknown Source)
	at TempTestSuite1576495582650.run(TempTestSuite1576495582650.groovy:36)
Caused by: com.kms.katalon.core.webui.exception.WebElementNotFoundException: Web element with id: 'Object Repository/object_reservation/button_Return To Reservation' located by 'By.xpath: (//button[@type='button'])[13]' not found
	at com.kms.katalon.core.webui.common.WebUiCommonHelper.findWebElement(WebUiCommonHelper.java:1113)
	at com.kms.katalon.core.webui.keyword.internal.WebUIAbstractKeyword.findWebElement(WebUIAbstractKeyword.groovy:27)
	at com.kms.katalon.core.webui.keyword.internal.WebUIAbstractKeyword.findWebElement(WebUIAbstractKeyword.groovy:26)
	at com.kms.katalon.core.webui.keyword.builtin.ClickKeyword$_click_closure1.doCall(ClickKeyword.groovy:68)
	at com.kms.katalon.core.webui.keyword.builtin.ClickKeyword$_click_closure1.call(ClickKeyword.groovy)
	at com.kms.katalon.core.webui.keyword.internal.WebUIKeywordMain.runKeyword(WebUIKeywordMain.groovy:20)
	... 19 more
"/>
         <system-out><![CDATA[2019-12-16 05:39:07 - [TEST_CASE][FAILED] - Test Cases/p4p_newReservationDaycare: Test Cases/p4p_newReservationDaycare FAILED.
Reason:
com.kms.katalon.core.exception.StepFailedException: Unable to click on object 'Object Repository/object_reservation/button_Return To Reservation'
	at com.kms.katalon.core.webui.keyword.internal.WebUIKeywordMain.stepFailed(WebUIKeywordMain.groovy:64)
	at com.kms.katalon.core.webui.keyword.internal.WebUIKeywordMain.runKeyword(WebUIKeywordMain.groovy:26)
	at com.kms.katalon.core.webui.keyword.builtin.ClickKeyword.click(ClickKeyword.groovy:99)
	at com.kms.katalon.core.webui.keyword.builtin.ClickKeyword.execute(ClickKeyword.groovy:43)
	at com.kms.katalon.core.keyword.internal.KeywordExecutor.executeKeywordForPlatform(KeywordExecutor.groovy:60)
	at com.kms.katalon.core.webui.keyword.WebUiBuiltInKeywords.click(WebUiBuiltInKeywords.groovy:616)
	at com.kms.katalon.core.webui.keyword.WebUiBuiltInKeywords$click$2.call(Unknown Source)
	at p4p_newReservationDaycare.run(p4p_newReservationDaycare:603)
	at com.kms.katalon.core.main.ScriptEngine.run(ScriptEngine.java:194)
	at com.kms.katalon.core.main.ScriptEngine.runScriptAsRawText(ScriptEngine.java:119)
	at com.kms.katalon.core.main.TestCaseExecutor.runScript(TestCaseExecutor.java:337)
	at com.kms.katalon.core.main.TestCaseExecutor.doExecute(TestCaseExecutor.java:328)
	at com.kms.katalon.core.main.TestCaseExecutor.processExecutionPhase(TestCaseExecutor.java:307)
	at com.kms.katalon.core.main.TestCaseExecutor.accessMainPhase(TestCaseExecutor.java:299)
	at com.kms.katalon.core.main.TestCaseExecutor.execute(TestCaseExecutor.java:233)
	at com.kms.katalon.core.main.TestSuiteExecutor.accessTestCaseMainPhase(TestSuiteExecutor.java:169)
	at com.kms.katalon.core.main.TestSuiteExecutor.accessTestSuiteMainPhase(TestSuiteExecutor.java:142)
	at com.kms.katalon.core.main.TestSuiteExecutor.execute(TestSuiteExecutor.java:91)
	at com.kms.katalon.core.main.TestCaseMain.startTestSuite(TestCaseMain.java:157)
	at com.kms.katalon.core.main.TestCaseMain$startTestSuite$0.call(Unknown Source)
	at TempTestSuite1576495582650.run(TempTestSuite1576495582650.groovy:36)
Caused by: com.kms.katalon.core.webui.exception.WebElementNotFoundException: Web element with id: 'Object Repository/object_reservation/button_Return To Reservation' located by 'By.xpath: (//button[@type='button'])[13]' not found
	at com.kms.katalon.core.webui.common.WebUiCommonHelper.findWebElement(WebUiCommonHelper.java:1113)
	at com.kms.katalon.core.webui.keyword.internal.WebUIAbstractKeyword.findWebElement(WebUIAbstractKeyword.groovy:27)
	at com.kms.katalon.core.webui.keyword.internal.WebUIAbstractKeyword.findWebElement(WebUIAbstractKeyword.groovy:26)
	at com.kms.katalon.core.webui.keyword.builtin.ClickKeyword$_click_closure1.doCall(ClickKeyword.groovy:68)
	at com.kms.katalon.core.webui.keyword.builtin.ClickKeyword$_click_closure1.call(ClickKeyword.groovy)
	at com.kms.katalon.core.webui.keyword.internal.WebUIKeywordMain.runKeyword(WebUIKeywordMain.groovy:20)
	... 19 more


2019-12-16 05:39:08 - [TEST_STEP][PASSED] - openBrowser("https://p4p-qa-bg.aws.paradise4paws.com/login/"): Browser is opened with url: 'https://p4p-qa-bg.aws.paradise4paws.com/login/'

2019-12-16 05:39:08 - [MESSAGE][WARNING] - A browser is already opened. Closing browser and opening a new one

2019-12-16 05:39:08 - [MESSAGE][INFO] - Starting 'Firefox' driver

2019-12-16 05:39:14 - [MESSAGE][PASSED] - Browser is opened with url: 'https://p4p-qa-bg.aws.paradise4paws.com/login/'

2019-12-16 05:39:14 - [TEST_STEP][PASSED] - setText(findTestObject("Object Repository/object_login/input_user"), var_user): Text 'jegchavez@gmail.com' is set on object 'Object Repository/object_login/input_user'

2019-12-16 05:39:15 - [MESSAGE][PASSED] - Text 'jegchavez@gmail.com' is set on object 'Object Repository/object_login/input_user'

2019-12-16 05:39:15 - [TEST_STEP][PASSED] - setText(findTestObject("Object Repository/object_login/input_pass"), var_pass): Text 'admin1' is set on object 'Object Repository/object_login/input_pass'

2019-12-16 05:39:15 - [MESSAGE][PASSED] - Text 'admin1' is set on object 'Object Repository/object_login/input_pass'

2019-12-16 05:39:15 - [TEST_STEP][PASSED] - delay(2): Delayed 2 second(s)

2019-12-16 05:39:17 - [MESSAGE][PASSED] - Delayed 2 second(s)

2019-12-16 05:39:17 - [TEST_STEP][PASSED] - verifyElementClickable(findTestObject("Object Repository/object_login/btn_login")): Object 'Object Repository/object_login/btn_login' is clickable

2019-12-16 05:39:17 - [MESSAGE][PASSED] - Object 'Object Repository/object_login/btn_login' is clickable

2019-12-16 05:39:17 - [TEST_STEP][PASSED] - click(findTestObject("Object Repository/object_login/btn_login")): Object: 'Object Repository/object_login/btn_login' is clicked on

2019-12-16 05:39:20 - [MESSAGE][PASSED] - Object: 'Object Repository/object_login/btn_login' is clicked on

2019-12-16 05:39:20 - [TEST_STEP][PASSED] - delay(2): Delayed 2 second(s)

2019-12-16 05:39:22 - [MESSAGE][PASSED] - Delayed 2 second(s)

2019-12-16 05:39:22 - [TEST_STEP][PASSED] - setText(findTestObject("Object Repository/object_dashboard_emp/input_search"), var_searchParent): Text 'leongarzagarza@hotmail.com' is set on object 'Object Repository/object_dashboard_emp/input_search'

2019-12-16 05:39:22 - [MESSAGE][PASSED] - Text 'leongarzagarza@hotmail.com' is set on object 'Object Repository/object_dashboard_emp/input_search'

2019-12-16 05:39:22 - [TEST_STEP][PASSED] - click(findTestObject("Object Repository/object_dashboard_emp/btn_accountSearch")): Object: 'Object Repository/object_dashboard_emp/btn_accountSearch' is clicked on

2019-12-16 05:39:24 - [MESSAGE][PASSED] - Object: 'Object Repository/object_dashboard_emp/btn_accountSearch' is clicked on

2019-12-16 05:39:24 - [TEST_STEP][PASSED] - delay(2): Delayed 2 second(s)

2019-12-16 05:39:26 - [MESSAGE][PASSED] - Delayed 2 second(s)

2019-12-16 05:39:26 - [TEST_STEP][PASSED] - click(findTestObject("Object Repository/object_accountInformation/a_TEST GABRIEL PROD")): Object: 'Object Repository/object_accountInformation/a_TEST GABRIEL PROD' is clicked on

2019-12-16 05:39:30 - [MESSAGE][PASSED] - Object: 'Object Repository/object_accountInformation/a_TEST GABRIEL PROD' is clicked on

2019-12-16 05:39:30 - [TEST_STEP][PASSED] - delay(2): Delayed 2 second(s)

2019-12-16 05:39:32 - [MESSAGE][PASSED] - Delayed 2 second(s)

2019-12-16 05:39:32 - [TEST_STEP][PASSED] - var_url = getUrl(): Current window's url is: 'https://p4p-qa-bg.aws.paradise4paws.com/accounts/profile/#/reservations/122350/'

2019-12-16 05:39:32 - [MESSAGE][PASSED] - Current window's url is: 'https://p4p-qa-bg.aws.paradise4paws.com/accounts/profile/#/reservations/122350/'

2019-12-16 05:39:32 - [TEST_STEP][PASSED] - log0 = new com.kms.katalon.core.logging.KeywordLogger(): null

2019-12-16 05:39:32 - [TEST_STEP][PASSED] - arrUrl = var_url.split("/"): null

2019-12-16 05:39:32 - [TEST_STEP][PASSED] - idParent = arrUrl[7]: null

2019-12-16 05:39:32 - [TEST_STEP][PASSED] - click(findTestObject("Object Repository/object_profile/a_addReservation")): Object: 'Object Repository/object_profile/a_addReservation' is clicked on

2019-12-16 05:39:33 - [MESSAGE][PASSED] - Object: 'Object Repository/object_profile/a_addReservation' is clicked on

2019-12-16 05:39:33 - [TEST_STEP][PASSED] - delay(2): Delayed 2 second(s)

2019-12-16 05:39:35 - [MESSAGE][PASSED] - Delayed 2 second(s)

2019-12-16 05:39:35 - [TEST_STEP][PASSED] - flagBoar = "0": null

2019-12-16 05:39:35 - [TEST_STEP][PASSED] - log = new com.kms.katalon.core.logging.KeywordLogger(): null

2019-12-16 05:39:35 - [TEST_STEP][PASSED] - if (var_typeReserveation == "Boarding"): null

2019-12-16 05:39:35 - [TEST_STEP][PASSED] - else if (var_typeReserveation == "Daycare"): Object: 'Object Repository/object_reservation/btn_Daycare' is clicked on

2019-12-16 05:39:35 - [TEST_STEP][PASSED] - flagBoar = "2": null

2019-12-16 05:39:35 - [TEST_STEP][PASSED] - click(findTestObject("object_reservation/btn_Daycare")): Object: 'Object Repository/object_reservation/btn_Daycare' is clicked on

2019-12-16 05:39:36 - [MESSAGE][PASSED] - Object: 'Object Repository/object_reservation/btn_Daycare' is clicked on

2019-12-16 05:39:36 - [TEST_STEP][PASSED] - click(findTestObject("Object Repository/object_reservation/i_location")): Object: 'Object Repository/object_reservation/i_location' is clicked on

2019-12-16 05:39:38 - [MESSAGE][PASSED] - Object: 'Object Repository/object_reservation/i_location' is clicked on

2019-12-16 05:39:38 - [TEST_STEP][PASSED] - switch (var_idFacility): null

2019-12-16 05:39:38 - [TEST_STEP][PASSED] - dateCI = var_checkinD.split(","): null

2019-12-16 05:39:38 - [TEST_STEP][PASSED] - dateCO = var_checkoutD.split(","): null

2019-12-16 05:39:38 - [TEST_STEP][PASSED] - arryPets = var_pets.split(","): null

2019-12-16 05:39:38 - [TEST_STEP][PASSED] - delay(2): Delayed 2 second(s)

2019-12-16 05:39:40 - [MESSAGE][PASSED] - Delayed 2 second(s)

2019-12-16 05:39:40 - [TEST_STEP][PASSED] - if (var_repeting == "Y"): All options with value '3' are selected in object 'Object Repository/object_reservation/Page_Paradise 4 Paws  Dog Boarding Cat Boar_cfde7f/select_DailyWeeklyMonthlyOther'  using regular expression

2019-12-16 05:39:40 - [TEST_STEP][PASSED] - click(findTestObject("Object Repository/object_reservation/checkbox_repeating")): Object: 'Object Repository/object_reservation/checkbox_repeating' is clicked on

2019-12-16 05:39:41 - [MESSAGE][PASSED] - Object: 'Object Repository/object_reservation/checkbox_repeating' is clicked on

2019-12-16 05:39:41 - [TEST_STEP][PASSED] - if (var_repeatingEvery == "Weekly"): null

2019-12-16 05:39:41 - [TEST_STEP][PASSED] - else if (var_repeatingEvery == "Monthly"): All options with value '3' are selected in object 'Object Repository/object_reservation/Page_Paradise 4 Paws  Dog Boarding Cat Boar_cfde7f/select_DailyWeeklyMonthlyOther'  using regular expression

2019-12-16 05:39:41 - [TEST_STEP][PASSED] - selectOptionByValue(findTestObject("Object Repository/object_reservation/Page_Paradise 4 Paws  Dog Boarding Cat Boar_cfde7f/select_DailyWeeklyMonthlyOther"), "3", true): All options with value '3' are selected in object 'Object Repository/object_reservation/Page_Paradise 4 Paws  Dog Boarding Cat Boar_cfde7f/select_DailyWeeklyMonthlyOther'  using regular expression

2019-12-16 05:39:42 - [MESSAGE][PASSED] - All options with value '3' are selected in object 'Object Repository/object_reservation/Page_Paradise 4 Paws  Dog Boarding Cat Boar_cfde7f/select_DailyWeeklyMonthlyOther'  using regular expression

2019-12-16 05:39:42 - [TEST_STEP][PASSED] - click(findTestObject("Object Repository/object_reservation/dateCheckIn")): Object: 'Object Repository/object_reservation/dateCheckIn' is clicked on

2019-12-16 05:39:43 - [MESSAGE][PASSED] - Object: 'Object Repository/object_reservation/dateCheckIn' is clicked on

2019-12-16 05:39:43 - [TEST_STEP][PASSED] - stringCI2020 = "0": null

2019-12-16 05:39:43 - [TEST_STEP][PASSED] - stringC02020 = "0": null

2019-12-16 05:39:43 - [TEST_STEP][PASSED] - if (dateCI[0] == "16" && dateCI[1] == "01" && dateCI[2] == "2020"): null

2019-12-16 05:39:43 - [TEST_STEP][PASSED] - if (dateCI[0] == "18" && dateCI[1] == "02" && dateCI[2] == "2020"): null

2019-12-16 05:39:43 - [TEST_STEP][PASSED] - if (dateCI[0] == "21" && dateCI[1] == "03" && dateCI[2] == "2020"): null

2019-12-16 05:39:43 - [TEST_STEP][PASSED] - click(findTestObject("object_reservation/Page_Paradise 4 Paws  Dog Boarding Cat Boarding Chicago Pooch West Loop/button_December19_ci_btnpullright")): Object: 'Object Repository/object_reservation/Page_Paradise 4 Paws  Dog Boarding Cat Boarding Chicago Pooch West Loop/button_December19_ci_btnpullright' is clicked on

2019-12-16 05:39:44 - [MESSAGE][PASSED] - Object: 'Object Repository/object_reservation/Page_Paradise 4 Paws  Dog Boarding Cat Boarding Chicago Pooch West Loop/button_December19_ci_btnpullright' is clicked on

2019-12-16 05:39:44 - [TEST_STEP][PASSED] - click(findTestObject("object_reservation/Page_Paradise 4 Paws  Dog Boarding Cat Boarding Chicago Pooch West Loop/button_January20_ci_btnpullright")): Object: 'Object Repository/object_reservation/Page_Paradise 4 Paws  Dog Boarding Cat Boarding Chicago Pooch West Loop/button_January20_ci_btnpullright' is clicked on

2019-12-16 05:39:44 - [MESSAGE][PASSED] - Object: 'Object Repository/object_reservation/Page_Paradise 4 Paws  Dog Boarding Cat Boarding Chicago Pooch West Loop/button_January20_ci_btnpullright' is clicked on

2019-12-16 05:39:44 - [TEST_STEP][PASSED] - click(findTestObject("object_reservation/Page_Paradise 4 Paws  Dog Boarding Cat Boarding Chicago Pooch West Loop/button_February20_ci_btnpullright")): Object: 'Object Repository/object_reservation/Page_Paradise 4 Paws  Dog Boarding Cat Boarding Chicago Pooch West Loop/button_February20_ci_btnpullright' is clicked on

2019-12-16 05:39:45 - [MESSAGE][PASSED] - Object: 'Object Repository/object_reservation/Page_Paradise 4 Paws  Dog Boarding Cat Boarding Chicago Pooch West Loop/button_February20_ci_btnpullright' is clicked on

2019-12-16 05:39:45 - [TEST_STEP][PASSED] - click(findTestObject("object_reservation/Page_Paradise 4 Paws Dog Boarding2020/button_21_ci_0320")): Object: 'Object Repository/object_reservation/Page_Paradise 4 Paws Dog Boarding2020/button_21_ci_0320' is clicked on

2019-12-16 05:39:45 - [MESSAGE][PASSED] - Object: 'Object Repository/object_reservation/Page_Paradise 4 Paws Dog Boarding2020/button_21_ci_0320' is clicked on

2019-12-16 05:39:45 - [TEST_STEP][PASSED] - stringCI2020 = "1": null

2019-12-16 05:39:45 - [TEST_STEP][PASSED] - delay(2): Delayed 2 second(s)

2019-12-16 05:39:47 - [MESSAGE][PASSED] - Delayed 2 second(s)

2019-12-16 05:39:47 - [TEST_STEP][PASSED] - if (stringCI2020 == "0"): null

2019-12-16 05:39:47 - [TEST_STEP][PASSED] - if (flagBoar == "1" || flagBoar == "2" && var_repeatingEvery == "Daily" || flagBoar == "2" && var_repeatingEvery == "Weekly" || flagBoar == "2" && var_repeatingEvery == "Monthly"): null

2019-12-16 05:39:47 - [TEST_STEP][PASSED] - click(findTestObject("Object Repository/object_reservation/dateCheckOut")): Object: 'Object Repository/object_reservation/dateCheckOut' is clicked on

2019-12-16 05:39:48 - [MESSAGE][PASSED] - Object: 'Object Repository/object_reservation/dateCheckOut' is clicked on

2019-12-16 05:39:48 - [TEST_STEP][PASSED] - if (dateCO[0] == "17" && dateCO[1] == "02" && dateCO[2] == "2020"): null

2019-12-16 05:39:48 - [TEST_STEP][PASSED] - if (dateCO[0] == "20" && dateCO[1] == "03" && dateCO[2] == "2020"): null

2019-12-16 05:39:48 - [TEST_STEP][PASSED] - if (dateCO[0] == "24" && dateCO[1] == "04" && dateCO[2] == "2020"): null

2019-12-16 05:39:48 - [TEST_STEP][PASSED] - click(findTestObject("object_reservation/Page_Paradise 4 Paws  Dog Boarding Cat Boarding Chicago Pooch West Loop/button_December19__co_pullright")): Object: 'Object Repository/object_reservation/Page_Paradise 4 Paws  Dog Boarding Cat Boarding Chicago Pooch West Loop/button_December19__co_pullright' is clicked on

2019-12-16 05:39:49 - [MESSAGE][PASSED] - Object: 'Object Repository/object_reservation/Page_Paradise 4 Paws  Dog Boarding Cat Boarding Chicago Pooch West Loop/button_December19__co_pullright' is clicked on

2019-12-16 05:39:49 - [TEST_STEP][PASSED] - click(findTestObject("object_reservation/Page_Paradise 4 Paws  Dog Boarding Cat Boarding Chicago Pooch West Loop/button_January20_co_pullright")): Object: 'Object Repository/object_reservation/Page_Paradise 4 Paws  Dog Boarding Cat Boarding Chicago Pooch West Loop/button_January20_co_pullright' is clicked on

2019-12-16 05:39:49 - [MESSAGE][PASSED] - Object: 'Object Repository/object_reservation/Page_Paradise 4 Paws  Dog Boarding Cat Boarding Chicago Pooch West Loop/button_January20_co_pullright' is clicked on

2019-12-16 05:39:49 - [TEST_STEP][PASSED] - click(findTestObject("object_reservation/Page_Paradise 4 Paws  Dog Boarding Cat Boarding Chicago Pooch West Loop/button_February20_co_btnpullright")): Object: 'Object Repository/object_reservation/Page_Paradise 4 Paws  Dog Boarding Cat Boarding Chicago Pooch West Loop/button_February20_co_btnpullright' is clicked on

2019-12-16 05:39:50 - [MESSAGE][PASSED] - Object: 'Object Repository/object_reservation/Page_Paradise 4 Paws  Dog Boarding Cat Boarding Chicago Pooch West Loop/button_February20_co_btnpullright' is clicked on

2019-12-16 05:39:50 - [TEST_STEP][PASSED] - click(findTestObject("object_reservation/Page_Paradise 4 Paws  Dog Boarding Cat Boarding Chicago Pooch West Loop/button_March20_co_btnpullright")): Object: 'Object Repository/object_reservation/Page_Paradise 4 Paws  Dog Boarding Cat Boarding Chicago Pooch West Loop/button_March20_co_btnpullright' is clicked on

2019-12-16 05:39:51 - [MESSAGE][PASSED] - Object: 'Object Repository/object_reservation/Page_Paradise 4 Paws  Dog Boarding Cat Boarding Chicago Pooch West Loop/button_March20_co_btnpullright' is clicked on

2019-12-16 05:39:51 - [TEST_STEP][PASSED] - click(findTestObject("object_reservation/Page_Paradise 4 Paws Dog Boarding2020/button_24_co_0420")): Object: 'Object Repository/object_reservation/Page_Paradise 4 Paws Dog Boarding2020/button_24_co_0420' is clicked on

2019-12-16 05:39:51 - [MESSAGE][PASSED] - Object: 'Object Repository/object_reservation/Page_Paradise 4 Paws Dog Boarding2020/button_24_co_0420' is clicked on

2019-12-16 05:39:51 - [TEST_STEP][PASSED] - stringCO2020 = "1": null

2019-12-16 05:39:51 - [TEST_STEP][PASSED] - if (stringCO2020 == "0"): null

2019-12-16 05:39:51 - [TEST_STEP][NOT_RUN] - click(findTestObject("Object Repository/object_reservationCalendar/CO_close")): NOT_RUN: click(findTestObject("Object Repository/object_reservationCalendar/CO_close"))

2019-12-16 05:39:51 - [MESSAGE][NOT_RUN] - NOT_RUN: click(findTestObject("Object Repository/object_reservationCalendar/CO_close"))

2019-12-16 05:39:51 - [TEST_STEP][PASSED] - click(findTestObject("Object Repository/object_reservation/timeCheckin")): Object: 'Object Repository/object_reservation/timeCheckin' is clicked on

2019-12-16 05:39:52 - [MESSAGE][PASSED] - Object: 'Object Repository/object_reservation/timeCheckin' is clicked on

2019-12-16 05:39:52 - [TEST_STEP][PASSED] - switch (var_checkinT): null

2019-12-16 05:39:52 - [TEST_STEP][PASSED] - case "800":: null

2019-12-16 05:39:52 - [TEST_STEP][PASSED] - click(findTestObject("Object Repository/Page_Paradise 4 Paws  Dog Boarding Cat Boarding Norwalk Pooch Hotel/time_800am_ci")): Object: 'Object Repository/Page_Paradise 4 Paws  Dog Boarding Cat Boarding Norwalk Pooch Hotel/time_800am_ci' is clicked on

2019-12-16 05:39:53 - [MESSAGE][PASSED] - Object: 'Object Repository/Page_Paradise 4 Paws  Dog Boarding Cat Boarding Norwalk Pooch Hotel/time_800am_ci' is clicked on

2019-12-16 05:39:53 - [TEST_STEP][PASSED] - break: null

2019-12-16 05:39:53 - [TEST_STEP][PASSED] - click(findTestObject("Object Repository/object_reservation/timeCheckOut")): Object: 'Object Repository/object_reservation/timeCheckOut' is clicked on

2019-12-16 05:39:53 - [MESSAGE][PASSED] - Object: 'Object Repository/object_reservation/timeCheckOut' is clicked on

2019-12-16 05:39:53 - [TEST_STEP][PASSED] - switch (var_checkoutT): null

2019-12-16 05:39:53 - [TEST_STEP][PASSED] - case "1200":: null

2019-12-16 05:39:53 - [TEST_STEP][PASSED] - click(findTestObject("Object Repository/Page_Paradise 4 Paws  Dog Boarding Cat Boarding Norwalk Pooch Hotel/time_1200pm_co")): Object: 'Object Repository/Page_Paradise 4 Paws  Dog Boarding Cat Boarding Norwalk Pooch Hotel/time_1200pm_co' is clicked on

2019-12-16 05:39:54 - [MESSAGE][PASSED] - Object: 'Object Repository/Page_Paradise 4 Paws  Dog Boarding Cat Boarding Norwalk Pooch Hotel/time_1200pm_co' is clicked on

2019-12-16 05:39:54 - [TEST_STEP][PASSED] - break: null

2019-12-16 05:39:54 - [TEST_STEP][PASSED] - delay(2): Delayed 2 second(s)

2019-12-16 05:39:56 - [MESSAGE][PASSED] - Delayed 2 second(s)

2019-12-16 05:39:56 - [TEST_STEP][PASSED] - if (arryPets.size() == 1): null

2019-12-16 05:39:56 - [TEST_STEP][PASSED] - else if (arryPets.size() == 2): null

2019-12-16 05:39:56 - [TEST_STEP][PASSED] - else if (arryPets.size() == 3): Object: 'Object Repository/object_reservation/div_Athena' is clicked on

2019-12-16 05:39:56 - [TEST_STEP][PASSED] - click(findTestObject("object_reservation/Page_Paradise 4 Paws  Dog Boarding Cat Boarding Norwalk Pooch Hotel/div_Ares")): Object: 'Object Repository/object_reservation/Page_Paradise 4 Paws  Dog Boarding Cat Boarding Norwalk Pooch Hotel/div_Ares' is clicked on

2019-12-16 05:39:57 - [MESSAGE][PASSED] - Object: 'Object Repository/object_reservation/Page_Paradise 4 Paws  Dog Boarding Cat Boarding Norwalk Pooch Hotel/div_Ares' is clicked on

2019-12-16 05:39:57 - [TEST_STEP][PASSED] - click(findTestObject("object_reservation/div_Zeus")): Object: 'Object Repository/object_reservation/div_Zeus' is clicked on

2019-12-16 05:40:30 - [MESSAGE][PASSED] - Object: 'Object Repository/object_reservation/div_Zeus' is clicked on

2019-12-16 05:40:30 - [TEST_STEP][PASSED] - click(findTestObject("object_reservation/div_Athena")): Object: 'Object Repository/object_reservation/div_Athena' is clicked on

2019-12-16 05:41:01 - [MESSAGE][PASSED] - Object: 'Object Repository/object_reservation/div_Athena' is clicked on

2019-12-16 05:41:01 - [TEST_STEP][NOT_RUN] - click(findTestObject("object_reservations/i_Day_fa fa-circle-o ng-scope")): NOT_RUN: click(findTestObject("object_reservations/i_Day_fa fa-circle-o ng-scope"))

2019-12-16 05:41:01 - [MESSAGE][NOT_RUN] - NOT_RUN: click(findTestObject("object_reservations/i_Day_fa fa-circle-o ng-scope"))

2019-12-16 05:41:01 - [TEST_STEP][PASSED] - if (flagBoar == "1" || flagBoar == "2"): Object: 'Object Repository/object_reservation/div_suite_rad_deluxe' is clicked on

2019-12-16 05:41:01 - [TEST_STEP][PASSED] - click(findTestObject("Object Repository/object_reservation/div_suite_rad_deluxe")): Object: 'Object Repository/object_reservation/div_suite_rad_deluxe' is clicked on

2019-12-16 05:41:32 - [MESSAGE][PASSED] - Object: 'Object Repository/object_reservation/div_suite_rad_deluxe' is clicked on

2019-12-16 05:41:32 - [TEST_STEP][PASSED] - click(findTestObject("Object Repository/object_reservation/btn_next2")): Object: 'Object Repository/object_reservation/btn_next2' is clicked on

2019-12-16 05:42:02 - [MESSAGE][PASSED] - Object: 'Object Repository/object_reservation/btn_next2' is clicked on

2019-12-16 05:42:02 - [TEST_STEP][PASSED] - delay(3): Delayed 3 second(s)

2019-12-16 05:42:05 - [MESSAGE][PASSED] - Delayed 3 second(s)

2019-12-16 05:42:05 - [TEST_STEP][PASSED] - if (flagBoar == "1"): null

2019-12-16 05:42:05 - [TEST_STEP][PASSED] - delay(2): Delayed 2 second(s)

2019-12-16 05:42:07 - [MESSAGE][PASSED] - Delayed 2 second(s)

2019-12-16 05:42:07 - [TEST_STEP][PASSED] - click(findTestObject("Object Repository/object_reservation/btn_next2")): Object: 'Object Repository/object_reservation/btn_next2' is clicked on

2019-12-16 05:42:38 - [MESSAGE][PASSED] - Object: 'Object Repository/object_reservation/btn_next2' is clicked on

2019-12-16 05:42:38 - [TEST_STEP][PASSED] - click(findTestObject("Object Repository/object_reservation/button_Submit Reservation")): Object: 'Object Repository/object_reservation/button_Submit Reservation' is clicked on

2019-12-16 05:43:08 - [MESSAGE][PASSED] - Object: 'Object Repository/object_reservation/button_Submit Reservation' is clicked on

2019-12-16 05:43:08 - [TEST_STEP][PASSED] - delay(2): Delayed 2 second(s)

2019-12-16 05:43:10 - [MESSAGE][PASSED] - Delayed 2 second(s)

2019-12-16 05:43:10 - [TEST_STEP][PASSED] - if (flagBoar == "2" && var_repeatingEvery == "Daily" || var_repeatingEvery == "Monthly" || var_repeatingEvery == "Weekly"): Delayed 8 second(s)

2019-12-16 05:43:10 - [TEST_STEP][PASSED] - click(findTestObject("Object Repository/object_reservation/Page_Paradise 4 Paws  Dog Boarding Cat Boar_cfde7f/button_Ok")): Object: 'Object Repository/object_reservation/Page_Paradise 4 Paws  Dog Boarding Cat Boar_cfde7f/button_Ok' is clicked on

2019-12-16 05:43:40 - [MESSAGE][PASSED] - Object: 'Object Repository/object_reservation/Page_Paradise 4 Paws  Dog Boarding Cat Boar_cfde7f/button_Ok' is clicked on

2019-12-16 05:43:40 - [TEST_STEP][PASSED] - delay(8): Delayed 8 second(s)

2019-12-16 05:43:48 - [MESSAGE][PASSED] - Delayed 8 second(s)

2019-12-16 05:43:48 - [TEST_STEP][PASSED] - delay(2): Delayed 2 second(s)

2019-12-16 05:43:50 - [MESSAGE][PASSED] - Delayed 2 second(s)

2019-12-16 05:43:50 - [TEST_STEP][FAILED] - click(findTestObject("Object Repository/object_reservation/button_Return To Reservation")): Unable to click on object 'Object Repository/object_reservation/button_Return To Reservation' (Root cause: com.kms.katalon.core.exception.StepFailedException: Unable to click on object 'Object Repository/object_reservation/button_Return To Reservation'
	at com.kms.katalon.core.webui.keyword.internal.WebUIKeywordMain.stepFailed(WebUIKeywordMain.groovy:64)
	at com.kms.katalon.core.webui.keyword.internal.WebUIKeywordMain.runKeyword(WebUIKeywordMain.groovy:26)
	at com.kms.katalon.core.webui.keyword.builtin.ClickKeyword.click(ClickKeyword.groovy:99)
	at com.kms.katalon.core.webui.keyword.builtin.ClickKeyword.execute(ClickKeyword.groovy:43)
	at com.kms.katalon.core.keyword.internal.KeywordExecutor.executeKeywordForPlatform(KeywordExecutor.groovy:60)
	at com.kms.katalon.core.webui.keyword.WebUiBuiltInKeywords.click(WebUiBuiltInKeywords.groovy:616)
	at com.kms.katalon.core.webui.keyword.WebUiBuiltInKeywords$click$2.call(Unknown Source)
	at p4p_newReservationDaycare.run(p4p_newReservationDaycare:603)
	at com.kms.katalon.core.main.ScriptEngine.run(ScriptEngine.java:194)
	at com.kms.katalon.core.main.ScriptEngine.runScriptAsRawText(ScriptEngine.java:119)
	at com.kms.katalon.core.main.TestCaseExecutor.runScript(TestCaseExecutor.java:337)
	at com.kms.katalon.core.main.TestCaseExecutor.doExecute(TestCaseExecutor.java:328)
	at com.kms.katalon.core.main.TestCaseExecutor.processExecutionPhase(TestCaseExecutor.java:307)
	at com.kms.katalon.core.main.TestCaseExecutor.accessMainPhase(TestCaseExecutor.java:299)
	at com.kms.katalon.core.main.TestCaseExecutor.execute(TestCaseExecutor.java:233)
	at com.kms.katalon.core.main.TestSuiteExecutor.accessTestCaseMainPhase(TestSuiteExecutor.java:169)
	at com.kms.katalon.core.main.TestSuiteExecutor.accessTestSuiteMainPhase(TestSuiteExecutor.java:142)
	at com.kms.katalon.core.main.TestSuiteExecutor.execute(TestSuiteExecutor.java:91)
	at com.kms.katalon.core.main.TestCaseMain.startTestSuite(TestCaseMain.java:157)
	at com.kms.katalon.core.main.TestCaseMain$startTestSuite$0.call(Unknown Source)
	at TempTestSuite1576495582650.run(TempTestSuite1576495582650.groovy:36)
Caused by: com.kms.katalon.core.webui.exception.WebElementNotFoundException: Web element with id: 'Object Repository/object_reservation/button_Return To Reservation' located by 'By.xpath: (//button[@type='button'])[13]' not found
	at com.kms.katalon.core.webui.common.WebUiCommonHelper.findWebElement(WebUiCommonHelper.java:1113)
	at com.kms.katalon.core.webui.keyword.internal.WebUIAbstractKeyword.findWebElement(WebUIAbstractKeyword.groovy:27)
	at com.kms.katalon.core.webui.keyword.internal.WebUIAbstractKeyword.findWebElement(WebUIAbstractKeyword.groovy:26)
	at com.kms.katalon.core.webui.keyword.builtin.ClickKeyword$_click_closure1.doCall(ClickKeyword.groovy:68)
	at com.kms.katalon.core.webui.keyword.builtin.ClickKeyword$_click_closure1.call(ClickKeyword.groovy)
	at com.kms.katalon.core.webui.keyword.internal.WebUIKeywordMain.runKeyword(WebUIKeywordMain.groovy:20)
	at com.kms.katalon.core.webui.keyword.builtin.ClickKeyword.click(ClickKeyword.groovy:99)
	at com.kms.katalon.core.webui.keyword.builtin.ClickKeyword.execute(ClickKeyword.groovy:43)
	at com.kms.katalon.core.keyword.internal.KeywordExecutor.executeKeywordForPlatform(KeywordExecutor.groovy:60)
	at com.kms.katalon.core.webui.keyword.WebUiBuiltInKeywords.click(WebUiBuiltInKeywords.groovy:616)
	at com.kms.katalon.core.webui.keyword.WebUiBuiltInKeywords$click$2.call(Unknown Source)
	at Script1576482965057.run(Script1576482965057.groovy:603)
	... 13 more
)

2019-12-16 05:44:39 - [MESSAGE][INFO] - Unable to find the element located by 'By.xpath: (//button[@type='button'])[13]'. Please recheck the objects properties to make sure the desired element is located. 

2019-12-16 05:44:40 - [MESSAGE][FAILED] - Unable to click on object 'Object Repository/object_reservation/button_Return To Reservation' (Root cause: com.kms.katalon.core.exception.StepFailedException: Unable to click on object 'Object Repository/object_reservation/button_Return To Reservation'
	at com.kms.katalon.core.webui.keyword.internal.WebUIKeywordMain.stepFailed(WebUIKeywordMain.groovy:64)
	at com.kms.katalon.core.webui.keyword.internal.WebUIKeywordMain.runKeyword(WebUIKeywordMain.groovy:26)
	at com.kms.katalon.core.webui.keyword.builtin.ClickKeyword.click(ClickKeyword.groovy:99)
	at com.kms.katalon.core.webui.keyword.builtin.ClickKeyword.execute(ClickKeyword.groovy:43)
	at com.kms.katalon.core.keyword.internal.KeywordExecutor.executeKeywordForPlatform(KeywordExecutor.groovy:60)
	at com.kms.katalon.core.webui.keyword.WebUiBuiltInKeywords.click(WebUiBuiltInKeywords.groovy:616)
	at com.kms.katalon.core.webui.keyword.WebUiBuiltInKeywords$click$2.call(Unknown Source)
	at p4p_newReservationDaycare.run(p4p_newReservationDaycare:603)
	at com.kms.katalon.core.main.ScriptEngine.run(ScriptEngine.java:194)
	at com.kms.katalon.core.main.ScriptEngine.runScriptAsRawText(ScriptEngine.java:119)
	at com.kms.katalon.core.main.TestCaseExecutor.runScript(TestCaseExecutor.java:337)
	at com.kms.katalon.core.main.TestCaseExecutor.doExecute(TestCaseExecutor.java:328)
	at com.kms.katalon.core.main.TestCaseExecutor.processExecutionPhase(TestCaseExecutor.java:307)
	at com.kms.katalon.core.main.TestCaseExecutor.accessMainPhase(TestCaseExecutor.java:299)
	at com.kms.katalon.core.main.TestCaseExecutor.execute(TestCaseExecutor.java:233)
	at com.kms.katalon.core.main.TestSuiteExecutor.accessTestCaseMainPhase(TestSuiteExecutor.java:169)
	at com.kms.katalon.core.main.TestSuiteExecutor.accessTestSuiteMainPhase(TestSuiteExecutor.java:142)
	at com.kms.katalon.core.main.TestSuiteExecutor.execute(TestSuiteExecutor.java:91)
	at com.kms.katalon.core.main.TestCaseMain.startTestSuite(TestCaseMain.java:157)
	at com.kms.katalon.core.main.TestCaseMain$startTestSuite$0.call(Unknown Source)
	at TempTestSuite1576495582650.run(TempTestSuite1576495582650.groovy:36)
Caused by: com.kms.katalon.core.webui.exception.WebElementNotFoundException: Web element with id: 'Object Repository/object_reservation/button_Return To Reservation' located by 'By.xpath: (//button[@type='button'])[13]' not found
	at com.kms.katalon.core.webui.common.WebUiCommonHelper.findWebElement(WebUiCommonHelper.java:1113)
	at com.kms.katalon.core.webui.keyword.internal.WebUIAbstractKeyword.findWebElement(WebUIAbstractKeyword.groovy:27)
	at com.kms.katalon.core.webui.keyword.internal.WebUIAbstractKeyword.findWebElement(WebUIAbstractKeyword.groovy:26)
	at com.kms.katalon.core.webui.keyword.builtin.ClickKeyword$_click_closure1.doCall(ClickKeyword.groovy:68)
	at com.kms.katalon.core.webui.keyword.builtin.ClickKeyword$_click_closure1.call(ClickKeyword.groovy)
	at com.kms.katalon.core.webui.keyword.internal.WebUIKeywordMain.runKeyword(WebUIKeywordMain.groovy:20)
	at com.kms.katalon.core.webui.keyword.builtin.ClickKeyword.click(ClickKeyword.groovy:99)
	at com.kms.katalon.core.webui.keyword.builtin.ClickKeyword.execute(ClickKeyword.groovy:43)
	at com.kms.katalon.core.keyword.internal.KeywordExecutor.executeKeywordForPlatform(KeywordExecutor.groovy:60)
	at com.kms.katalon.core.webui.keyword.WebUiBuiltInKeywords.click(WebUiBuiltInKeywords.groovy:616)
	at com.kms.katalon.core.webui.keyword.WebUiBuiltInKeywords$click$2.call(Unknown Source)
	at Script1576482965057.run(Script1576482965057.groovy:603)
	... 13 more
)
[[ATTACHMENT|/home/leonardo-arkusmty/Documents/workspaceKatalon/p4ptest/Reports/20191216_052622/ts_newReservationDaycare/20191216_052622/1576496679960.png]]]]></system-out>
         <system-err><![CDATA[2019-12-16 05:39:07 - [TEST_CASE][FAILED] - Test Cases/p4p_newReservationDaycare: Test Cases/p4p_newReservationDaycare FAILED.
Reason:
com.kms.katalon.core.exception.StepFailedException: Unable to click on object 'Object Repository/object_reservation/button_Return To Reservation'
	at com.kms.katalon.core.webui.keyword.internal.WebUIKeywordMain.stepFailed(WebUIKeywordMain.groovy:64)
	at com.kms.katalon.core.webui.keyword.internal.WebUIKeywordMain.runKeyword(WebUIKeywordMain.groovy:26)
	at com.kms.katalon.core.webui.keyword.builtin.ClickKeyword.click(ClickKeyword.groovy:99)
	at com.kms.katalon.core.webui.keyword.builtin.ClickKeyword.execute(ClickKeyword.groovy:43)
	at com.kms.katalon.core.keyword.internal.KeywordExecutor.executeKeywordForPlatform(KeywordExecutor.groovy:60)
	at com.kms.katalon.core.webui.keyword.WebUiBuiltInKeywords.click(WebUiBuiltInKeywords.groovy:616)
	at com.kms.katalon.core.webui.keyword.WebUiBuiltInKeywords$click$2.call(Unknown Source)
	at p4p_newReservationDaycare.run(p4p_newReservationDaycare:603)
	at com.kms.katalon.core.main.ScriptEngine.run(ScriptEngine.java:194)
	at com.kms.katalon.core.main.ScriptEngine.runScriptAsRawText(ScriptEngine.java:119)
	at com.kms.katalon.core.main.TestCaseExecutor.runScript(TestCaseExecutor.java:337)
	at com.kms.katalon.core.main.TestCaseExecutor.doExecute(TestCaseExecutor.java:328)
	at com.kms.katalon.core.main.TestCaseExecutor.processExecutionPhase(TestCaseExecutor.java:307)
	at com.kms.katalon.core.main.TestCaseExecutor.accessMainPhase(TestCaseExecutor.java:299)
	at com.kms.katalon.core.main.TestCaseExecutor.execute(TestCaseExecutor.java:233)
	at com.kms.katalon.core.main.TestSuiteExecutor.accessTestCaseMainPhase(TestSuiteExecutor.java:169)
	at com.kms.katalon.core.main.TestSuiteExecutor.accessTestSuiteMainPhase(TestSuiteExecutor.java:142)
	at com.kms.katalon.core.main.TestSuiteExecutor.execute(TestSuiteExecutor.java:91)
	at com.kms.katalon.core.main.TestCaseMain.startTestSuite(TestCaseMain.java:157)
	at com.kms.katalon.core.main.TestCaseMain$startTestSuite$0.call(Unknown Source)
	at TempTestSuite1576495582650.run(TempTestSuite1576495582650.groovy:36)
Caused by: com.kms.katalon.core.webui.exception.WebElementNotFoundException: Web element with id: 'Object Repository/object_reservation/button_Return To Reservation' located by 'By.xpath: (//button[@type='button'])[13]' not found
	at com.kms.katalon.core.webui.common.WebUiCommonHelper.findWebElement(WebUiCommonHelper.java:1113)
	at com.kms.katalon.core.webui.keyword.internal.WebUIAbstractKeyword.findWebElement(WebUIAbstractKeyword.groovy:27)
	at com.kms.katalon.core.webui.keyword.internal.WebUIAbstractKeyword.findWebElement(WebUIAbstractKeyword.groovy:26)
	at com.kms.katalon.core.webui.keyword.builtin.ClickKeyword$_click_closure1.doCall(ClickKeyword.groovy:68)
	at com.kms.katalon.core.webui.keyword.builtin.ClickKeyword$_click_closure1.call(ClickKeyword.groovy)
	at com.kms.katalon.core.webui.keyword.internal.WebUIKeywordMain.runKeyword(WebUIKeywordMain.groovy:20)
	... 19 more]]></system-err>
      </testcase>
      <system-out><![CDATA[2019-12-16 05:26:23 - [TEST_SUITE][ERROR] - ts_newReservationDaycare: Test Cases/p4p_newReservationDaycare FAILED.
Reason:
groovy.lang.MissingPropertyException: No such property: stringCO2020 for class: Script1576482965057
	at p4p_newReservationDaycare.run(p4p_newReservationDaycare:359)
	at com.kms.katalon.core.main.ScriptEngine.run(ScriptEngine.java:194)
	at com.kms.katalon.core.main.ScriptEngine.runScriptAsRawText(ScriptEngine.java:119)
	at com.kms.katalon.core.main.TestCaseExecutor.runScript(TestCaseExecutor.java:337)
	at com.kms.katalon.core.main.TestCaseExecutor.doExecute(TestCaseExecutor.java:328)
	at com.kms.katalon.core.main.TestCaseExecutor.processExecutionPhase(TestCaseExecutor.java:307)
	at com.kms.katalon.core.main.TestCaseExecutor.accessMainPhase(TestCaseExecutor.java:299)
	at com.kms.katalon.core.main.TestCaseExecutor.execute(TestCaseExecutor.java:233)
	at com.kms.katalon.core.main.TestSuiteExecutor.accessTestCaseMainPhase(TestSuiteExecutor.java:169)
	at com.kms.katalon.core.main.TestSuiteExecutor.accessTestSuiteMainPhase(TestSuiteExecutor.java:142)
	at com.kms.katalon.core.main.TestSuiteExecutor.execute(TestSuiteExecutor.java:91)
	at com.kms.katalon.core.main.TestCaseMain.startTestSuite(TestCaseMain.java:157)
	at com.kms.katalon.core.main.TestCaseMain$startTestSuite$0.call(Unknown Source)
	at TempTestSuite1576495582650.run(TempTestSuite1576495582650.groovy:36)]]></system-out>
      <system-err><![CDATA[2019-12-16 05:26:23 - [TEST_SUITE][ERROR] - ts_newReservationDaycare: Test Cases/p4p_newReservationDaycare FAILED.
Reason:
groovy.lang.MissingPropertyException: No such property: stringCO2020 for class: Script1576482965057
	at p4p_newReservationDaycare.run(p4p_newReservationDaycare:359)
	at com.kms.katalon.core.main.ScriptEngine.run(ScriptEngine.java:194)
	at com.kms.katalon.core.main.ScriptEngine.runScriptAsRawText(ScriptEngine.java:119)
	at com.kms.katalon.core.main.TestCaseExecutor.runScript(TestCaseExecutor.java:337)
	at com.kms.katalon.core.main.TestCaseExecutor.doExecute(TestCaseExecutor.java:328)
	at com.kms.katalon.core.main.TestCaseExecutor.processExecutionPhase(TestCaseExecutor.java:307)
	at com.kms.katalon.core.main.TestCaseExecutor.accessMainPhase(TestCaseExecutor.java:299)
	at com.kms.katalon.core.main.TestCaseExecutor.execute(TestCaseExecutor.java:233)
	at com.kms.katalon.core.main.TestSuiteExecutor.accessTestCaseMainPhase(TestSuiteExecutor.java:169)
	at com.kms.katalon.core.main.TestSuiteExecutor.accessTestSuiteMainPhase(TestSuiteExecutor.java:142)
	at com.kms.katalon.core.main.TestSuiteExecutor.execute(TestSuiteExecutor.java:91)
	at com.kms.katalon.core.main.TestCaseMain.startTestSuite(TestCaseMain.java:157)
	at com.kms.katalon.core.main.TestCaseMain$startTestSuite$0.call(Unknown Source)
	at TempTestSuite1576495582650.run(TempTestSuite1576495582650.groovy:36)]]></system-err>
   </testsuite>
</testsuites>
