<?xml version="1.0" encoding="UTF-8"?>
<testsuites name="ts_newReservation" time="39.489" tests="1" failures="0" errors="0">
   <testsuite name="ts_newReservation" tests="1" failures="0" errors="0" time="39.489" timestamp="2019-11-26 05:37:06" hostname="leonardo-arkusmty - leonardoarkusmty-Inspiron-5577" id="Test Suites/ts_newReservation">
      <properties>
         <property name="deviceName" value=""/>
         <property name="devicePlatform" value=""/>
         <property name="logFolder" value="/home/leonardo-arkusmty/Documents/workspaceKatalon/p4ptest/Reports/20191126_053704/ts_newReservation/20191126_053704"/>
         <property name="logFiles" value="/home/leonardo-arkusmty/Documents/workspaceKatalon/p4ptest/Reports/20191126_053704/ts_newReservation/20191126_053704/execution0.log"/>
         <property name="attachments" value=""/>
         <property name="hostName" value="leonardo-arkusmty - leonardoarkusmty-Inspiron-5577"/>
         <property name="os" value="Linux 64bit"/>
         <property name="katalonVersion" value="7.0.8.1"/>
         <property name="browser" value="Firefox 70.0"/>
         <property name="hostAddress" value="127.0.1.1"/>
         <property name="sessionId" value="aecd208b-6fde-40ea-98ac-c40b1dd98421"/>
         <property name="seleniumVersion" value="3.141.59"/>
         <property name="proxyInformation" value="ProxyInformation{proxyOption=NO_PROXY, proxyServerType=HTTP, password=, proxyServerAddress=, proxyServerPort=0}"/>
         <property name="platform" value="Linux"/>
      </properties>
      <testcase name="Test Cases/p4p_newReservation2" time="29.417" classname="Test Cases/p4p_newReservation2" status="PASSED">
         <system-out><![CDATA[2019-11-26 05:37:06 - [TEST_CASE][PASSED] - Test Cases/p4p_newReservation2: Test Cases/p4p_newReservation2

2019-11-26 05:37:06 - [TEST_STEP][PASSED] - openBrowser("https://p4p-qa-bg.aws.paradise4paws.com/login/"): Browser is opened with url: 'https://p4p-qa-bg.aws.paradise4paws.com/login/'

2019-11-26 05:37:06 - [MESSAGE][INFO] - Starting 'Firefox' driver

2019-11-26 05:37:06 - [MESSAGE][INFO] - Action delay is set to 0 seconds

2019-11-26 05:37:11 - [MESSAGE][PASSED] - Browser is opened with url: 'https://p4p-qa-bg.aws.paradise4paws.com/login/'

2019-11-26 05:37:11 - [TEST_STEP][PASSED] - setText(findTestObject("object_login/input_user"), var_user): Text 'jegchavez@gmail.com' is set on object 'Object Repository/object_login/input_user'

2019-11-26 05:37:11 - [MESSAGE][PASSED] - Text 'jegchavez@gmail.com' is set on object 'Object Repository/object_login/input_user'

2019-11-26 05:37:11 - [TEST_STEP][PASSED] - setText(findTestObject("object_login/input_pass"), var_pass): Text 'admin1' is set on object 'Object Repository/object_login/input_pass'

2019-11-26 05:37:12 - [MESSAGE][PASSED] - Text 'admin1' is set on object 'Object Repository/object_login/input_pass'

2019-11-26 05:37:12 - [TEST_STEP][PASSED] - delay(2): Delayed 2 second(s)

2019-11-26 05:37:14 - [MESSAGE][PASSED] - Delayed 2 second(s)

2019-11-26 05:37:14 - [TEST_STEP][PASSED] - verifyElementClickable(findTestObject("object_login/btn_login")): Object 'Object Repository/object_login/btn_login' is clickable

2019-11-26 05:37:14 - [MESSAGE][PASSED] - Object 'Object Repository/object_login/btn_login' is clickable

2019-11-26 05:37:14 - [TEST_STEP][PASSED] - click(findTestObject("object_login/btn_login")): Object: 'Object Repository/object_login/btn_login' is clicked on

2019-11-26 05:37:18 - [MESSAGE][PASSED] - Object: 'Object Repository/object_login/btn_login' is clicked on

2019-11-26 05:37:18 - [TEST_STEP][PASSED] - delay(2): Delayed 2 second(s)

2019-11-26 05:37:20 - [MESSAGE][PASSED] - Delayed 2 second(s)

2019-11-26 05:37:20 - [TEST_STEP][PASSED] - navigateToUrl(var_urlReservations): Navigate to 'https://p4p-qa-bg.aws.paradise4paws.com/accounts/profile/#/reservations/97558/' successfully

2019-11-26 05:37:22 - [MESSAGE][PASSED] - Navigate to 'https://p4p-qa-bg.aws.paradise4paws.com/accounts/profile/#/reservations/97558/' successfully

2019-11-26 05:37:22 - [TEST_STEP][PASSED] - delay(2): Delayed 2 second(s)

2019-11-26 05:37:24 - [MESSAGE][PASSED] - Delayed 2 second(s)

2019-11-26 05:37:24 - [TEST_STEP][PASSED] - click(findTestObject("Object Repository/object_profile/a_addReservation")): Object: 'Object Repository/object_profile/a_addReservation' is clicked on

2019-11-26 05:37:25 - [MESSAGE][PASSED] - Object: 'Object Repository/object_profile/a_addReservation' is clicked on

2019-11-26 05:37:25 - [TEST_STEP][PASSED] - click(findTestObject("Object Repository/object_reservations/btn_Boarding")): Object: 'Object Repository/object_reservations/btn_Boarding' is clicked on

2019-11-26 05:37:27 - [MESSAGE][PASSED] - Object: 'Object Repository/object_reservations/btn_Boarding' is clicked on

2019-11-26 05:37:27 - [TEST_STEP][PASSED] - click(findTestObject("Object Repository/Page_Paradise 4 Paws  Dog Boarding Cat Boar_cfde7f/input_Check-in Date_form-control ng-pristin_499b9d")): Object: 'Object Repository/Page_Paradise 4 Paws  Dog Boarding Cat Boar_cfde7f/input_Check-in Date_form-control ng-pristin_499b9d' is clicked on

2019-11-26 05:37:29 - [MESSAGE][PASSED] - Object: 'Object Repository/Page_Paradise 4 Paws  Dog Boarding Cat Boar_cfde7f/input_Check-in Date_form-control ng-pristin_499b9d' is clicked on

2019-11-26 05:37:29 - [TEST_STEP][PASSED] - click(findTestObject("Object Repository/Page_Paradise 4 Paws  Dog Boarding Cat Boar_cfde7f/input_Check-in Date_form-control ng-pristin_499b9d")): Object: 'Object Repository/Page_Paradise 4 Paws  Dog Boarding Cat Boar_cfde7f/input_Check-in Date_form-control ng-pristin_499b9d' is clicked on

2019-11-26 05:37:30 - [MESSAGE][PASSED] - Object: 'Object Repository/Page_Paradise 4 Paws  Dog Boarding Cat Boar_cfde7f/input_Check-in Date_form-control ng-pristin_499b9d' is clicked on

2019-11-26 05:37:30 - [TEST_STEP][PASSED] - click(findTestObject("Object Repository/Page_Paradise 4 Paws  Dog Boarding Cat Boar_cfde7f/input_Check-in Date_form-control ng-pristin_e9c8b5")): Object: 'Object Repository/Page_Paradise 4 Paws  Dog Boarding Cat Boar_cfde7f/input_Check-in Date_form-control ng-pristin_e9c8b5' is clicked on

2019-11-26 05:37:31 - [MESSAGE][PASSED] - Object: 'Object Repository/Page_Paradise 4 Paws  Dog Boarding Cat Boar_cfde7f/input_Check-in Date_form-control ng-pristin_e9c8b5' is clicked on

2019-11-26 05:37:31 - [TEST_STEP][PASSED] - click(findTestObject("Object Repository/Page_Paradise 4 Paws  Dog Boarding Cat Boar_cfde7f/input_Check-in Date_form-control ng-pristin_e9c8b5")): Object: 'Object Repository/Page_Paradise 4 Paws  Dog Boarding Cat Boar_cfde7f/input_Check-in Date_form-control ng-pristin_e9c8b5' is clicked on

2019-11-26 05:37:31 - [MESSAGE][PASSED] - Object: 'Object Repository/Page_Paradise 4 Paws  Dog Boarding Cat Boar_cfde7f/input_Check-in Date_form-control ng-pristin_e9c8b5' is clicked on

2019-11-26 05:37:31 - [TEST_STEP][PASSED] - delay(4): Delayed 4 second(s)

2019-11-26 05:37:35 - [MESSAGE][PASSED] - Delayed 4 second(s)]]></system-out>
         <system-err><![CDATA[]]></system-err>
      </testcase>
      <system-out><![CDATA[2019-11-26 05:37:06 - [TEST_SUITE][PASSED] - ts_newReservation: Test Cases/p4p_newReservation2]]></system-out>
      <system-err><![CDATA[]]></system-err>
   </testsuite>
</testsuites>
