<?xml version="1.0" encoding="UTF-8"?>
<testsuites name="ts_urlProfile" time="17.487" tests="2" failures="0" errors="0">
   <testsuite name="ts_urlProfile" tests="2" failures="0" errors="0" time="17.487" timestamp="2019-11-19 04:04:30" hostname="leonardo-arkusmty - leonardoarkusmty-Inspiron-5577" id="Test Suites/ts_urlProfile">
      <properties>
         <property name="deviceName" value=""/>
         <property name="devicePlatform" value=""/>
         <property name="logFolder" value="/home/leonardo-arkusmty/Documents/workspaceKatalon/p4ptest/Reports/20191119_040428/ts_urlProfile/20191119_040428"/>
         <property name="logFiles" value="/home/leonardo-arkusmty/Documents/workspaceKatalon/p4ptest/Reports/20191119_040428/ts_urlProfile/20191119_040428/execution0.log"/>
         <property name="attachments" value=""/>
         <property name="hostName" value="leonardo-arkusmty - leonardoarkusmty-Inspiron-5577"/>
         <property name="os" value="Linux 64bit"/>
         <property name="katalonVersion" value="7.0.8.1"/>
         <property name="browser" value="Firefox 70.0"/>
         <property name="hostAddress" value="127.0.1.1"/>
         <property name="sessionId" value="6c471843-e28f-48f0-bc39-33f0e568633f"/>
         <property name="seleniumVersion" value="3.141.59"/>
         <property name="proxyInformation" value="ProxyInformation{proxyOption=NO_PROXY, proxyServerType=HTTP, password=, proxyServerAddress=, proxyServerPort=0}"/>
         <property name="platform" value="Linux"/>
      </properties>
      <testcase name="Test Cases/p4p_login" time="11.441" classname="Test Cases/p4p_login" status="PASSED">
         <system-out><![CDATA[2019-11-19 04:04:30 - [TEST_CASE][PASSED] - Test Cases/p4p_login: Test Cases/p4p_login

2019-11-19 04:04:30 - [TEST_STEP][PASSED] - openBrowser(""): Browser is opened with url: ''

2019-11-19 04:04:30 - [MESSAGE][INFO] - Starting 'Firefox' driver

2019-11-19 04:04:30 - [MESSAGE][INFO] - Action delay is set to 0 seconds

2019-11-19 04:04:33 - [MESSAGE][PASSED] - Browser is opened with url: ''

2019-11-19 04:04:33 - [TEST_STEP][PASSED] - navigateToUrl("https://p4p-qa-bg.aws.paradise4paws.com/login/?next=/"): Navigate to 'https://p4p-qa-bg.aws.paradise4paws.com/login/?next=/' successfully

2019-11-19 04:04:34 - [MESSAGE][PASSED] - Navigate to 'https://p4p-qa-bg.aws.paradise4paws.com/login/?next=/' successfully

2019-11-19 04:04:34 - [TEST_STEP][PASSED] - setText(findTestObject("object_login/input_emailuser"), "jegchavez@gmail.com"): Text 'jegchavez@gmail.com' is set on object 'Object Repository/object_login/input_emailuser'

2019-11-19 04:04:35 - [MESSAGE][PASSED] - Text 'jegchavez@gmail.com' is set on object 'Object Repository/object_login/input_emailuser'

2019-11-19 04:04:35 - [TEST_STEP][PASSED] - setEncryptedText(findTestObject("object_login/input_passworduser"), "vRRrCeg9Qho="): Text ****** has been set on object 'Object Repository/object_login/input_passworduser'

2019-11-19 04:04:35 - [MESSAGE][PASSED] - Text ****** has been set on object 'Object Repository/object_login/input_passworduser'

2019-11-19 04:04:35 - [TEST_STEP][PASSED] - delay(3): Delayed 3 second(s)

2019-11-19 04:04:38 - [MESSAGE][PASSED] - Delayed 3 second(s)

2019-11-19 04:04:38 - [TEST_STEP][PASSED] - verifyElementClickable(findTestObject("object_login/btn_login")): Object 'Object Repository/object_login/btn_login' is clickable

2019-11-19 04:04:39 - [MESSAGE][PASSED] - Object 'Object Repository/object_login/btn_login' is clickable

2019-11-19 04:04:39 - [TEST_STEP][PASSED] - click(findTestObject("object_login/btn_login")): Object: 'Object Repository/object_login/btn_login' is clicked on

2019-11-19 04:04:41 - [MESSAGE][PASSED] - Object: 'Object Repository/object_login/btn_login' is clicked on]]></system-out>
         <system-err><![CDATA[]]></system-err>
      </testcase>
      <testcase name="Test Cases/p4p_urlReservation" time="2.179" classname="Test Cases/p4p_urlReservation" status="PASSED">
         <system-out><![CDATA[2019-11-19 04:04:41 - [TEST_CASE][PASSED] - Test Cases/p4p_urlReservation: Test Cases/p4p_urlReservation

2019-11-19 04:04:41 - [TEST_STEP][PASSED] - navigateToUrl("https://p4p-qa-bg.aws.paradise4paws.com/accounts/profile/#/reservations/97779/"): Navigate to 'https://p4p-qa-bg.aws.paradise4paws.com/accounts/profile/#/reservations/97779/' successfully

2019-11-19 04:04:44 - [MESSAGE][PASSED] - Navigate to 'https://p4p-qa-bg.aws.paradise4paws.com/accounts/profile/#/reservations/97779/' successfully]]></system-out>
         <system-err><![CDATA[]]></system-err>
      </testcase>
      <system-out><![CDATA[2019-11-19 04:04:30 - [TEST_SUITE][PASSED] - ts_urlProfile: Test Cases/p4p_urlReservation]]></system-out>
      <system-err><![CDATA[]]></system-err>
   </testsuite>
</testsuites>
