<?xml version="1.0" encoding="UTF-8"?>
<testsuites name="ts_cancelRev" time="37.123" tests="3" failures="0" errors="0">
   <testsuite name="ts_cancelRev" tests="3" failures="0" errors="0" time="37.123" timestamp="2019-11-21 19:05:58" hostname="leonardo-arkusmty - leonardoarkusmty-Inspiron-5577" id="Test Suites/ts_cancelRev">
      <properties>
         <property name="deviceName" value=""/>
         <property name="devicePlatform" value=""/>
         <property name="logFolder" value="/home/leonardo-arkusmty/Documents/workspaceKatalon/p4ptest/Reports/20191121_190556/ts_cancelRev/20191121_190556"/>
         <property name="logFiles" value="/home/leonardo-arkusmty/Documents/workspaceKatalon/p4ptest/Reports/20191121_190556/ts_cancelRev/20191121_190556/execution0.log"/>
         <property name="attachments" value=""/>
         <property name="hostName" value="leonardo-arkusmty - leonardoarkusmty-Inspiron-5577"/>
         <property name="os" value="Linux 64bit"/>
         <property name="katalonVersion" value="7.0.8.1"/>
         <property name="browser" value="Firefox 70.0"/>
         <property name="hostAddress" value="127.0.1.1"/>
         <property name="sessionId" value="5f219c8d-4bde-4bdd-a6e4-0216b60d1027"/>
         <property name="seleniumVersion" value="3.141.59"/>
         <property name="proxyInformation" value="ProxyInformation{proxyOption=NO_PROXY, proxyServerType=HTTP, password=, proxyServerAddress=, proxyServerPort=0}"/>
         <property name="platform" value="Linux"/>
      </properties>
      <testcase name="Test Cases/p4p_login" time="12.963" classname="Test Cases/p4p_login" status="PASSED">
         <system-out><![CDATA[2019-11-21 19:05:58 - [TEST_CASE][PASSED] - Test Cases/p4p_login: Test Cases/p4p_login

2019-11-21 19:05:58 - [TEST_STEP][PASSED] - openBrowser(""): Browser is opened with url: ''

2019-11-21 19:05:58 - [MESSAGE][INFO] - Starting 'Firefox' driver

2019-11-21 19:05:58 - [MESSAGE][INFO] - Action delay is set to 0 seconds

2019-11-21 19:06:01 - [MESSAGE][PASSED] - Browser is opened with url: ''

2019-11-21 19:06:01 - [TEST_STEP][PASSED] - navigateToUrl("https://p4p-qa-bg.aws.paradise4paws.com/login/?next=/"): Navigate to 'https://p4p-qa-bg.aws.paradise4paws.com/login/?next=/' successfully

2019-11-21 19:06:02 - [MESSAGE][PASSED] - Navigate to 'https://p4p-qa-bg.aws.paradise4paws.com/login/?next=/' successfully

2019-11-21 19:06:02 - [TEST_STEP][PASSED] - setText(findTestObject("object_login/input_user"), var_user): Text 'jegchavez@gmail.com' is set on object 'Object Repository/object_login/input_user'

2019-11-21 19:06:03 - [MESSAGE][PASSED] - Text 'jegchavez@gmail.com' is set on object 'Object Repository/object_login/input_user'

2019-11-21 19:06:03 - [TEST_STEP][PASSED] - setText(findTestObject("object_login/input_pass"), var_pass): Text 'admin1' is set on object 'Object Repository/object_login/input_pass'

2019-11-21 19:06:03 - [MESSAGE][PASSED] - Text 'admin1' is set on object 'Object Repository/object_login/input_pass'

2019-11-21 19:06:03 - [TEST_STEP][PASSED] - delay(3): Delayed 3 second(s)

2019-11-21 19:06:06 - [MESSAGE][PASSED] - Delayed 3 second(s)

2019-11-21 19:06:06 - [TEST_STEP][PASSED] - verifyElementClickable(findTestObject("object_login/btn_login")): Object 'Object Repository/object_login/btn_login' is clickable

2019-11-21 19:06:06 - [MESSAGE][PASSED] - Object 'Object Repository/object_login/btn_login' is clickable

2019-11-21 19:06:06 - [TEST_STEP][PASSED] - click(findTestObject("object_login/btn_login")): Object: 'Object Repository/object_login/btn_login' is clicked on

2019-11-21 19:06:11 - [MESSAGE][PASSED] - Object: 'Object Repository/object_login/btn_login' is clicked on]]></system-out>
         <system-err><![CDATA[]]></system-err>
      </testcase>
      <testcase name="Test Cases/p4p_login" time="18.099" classname="Test Cases/p4p_login" status="PASSED">
         <system-out><![CDATA[2019-11-21 19:06:11 - [TEST_CASE][PASSED] - Test Cases/p4p_login: Test Cases/p4p_login

2019-11-21 19:06:11 - [TEST_STEP][PASSED] - openBrowser(""): Browser is opened with url: ''

2019-11-21 19:06:11 - [MESSAGE][WARNING] - A browser is already opened. Closing browser and opening a new one

2019-11-21 19:06:15 - [MESSAGE][INFO] - Starting 'Firefox' driver

2019-11-21 19:06:17 - [MESSAGE][PASSED] - Browser is opened with url: ''

2019-11-21 19:06:17 - [TEST_STEP][PASSED] - navigateToUrl("https://p4p-qa-bg.aws.paradise4paws.com/login/?next=/"): Navigate to 'https://p4p-qa-bg.aws.paradise4paws.com/login/?next=/' successfully

2019-11-21 19:06:19 - [MESSAGE][PASSED] - Navigate to 'https://p4p-qa-bg.aws.paradise4paws.com/login/?next=/' successfully

2019-11-21 19:06:19 - [TEST_STEP][PASSED] - setText(findTestObject("object_login/input_user"), var_user): Text 'jegchavez@gmail.com' is set on object 'Object Repository/object_login/input_user'

2019-11-21 19:06:19 - [MESSAGE][PASSED] - Text 'jegchavez@gmail.com' is set on object 'Object Repository/object_login/input_user'

2019-11-21 19:06:19 - [TEST_STEP][PASSED] - setText(findTestObject("object_login/input_pass"), var_pass): Text 'admin1' is set on object 'Object Repository/object_login/input_pass'

2019-11-21 19:06:20 - [MESSAGE][PASSED] - Text 'admin1' is set on object 'Object Repository/object_login/input_pass'

2019-11-21 19:06:20 - [TEST_STEP][PASSED] - delay(3): Delayed 3 second(s)

2019-11-21 19:06:23 - [MESSAGE][PASSED] - Delayed 3 second(s)

2019-11-21 19:06:23 - [TEST_STEP][PASSED] - verifyElementClickable(findTestObject("object_login/btn_login")): Object 'Object Repository/object_login/btn_login' is clickable

2019-11-21 19:06:23 - [MESSAGE][PASSED] - Object 'Object Repository/object_login/btn_login' is clickable

2019-11-21 19:06:23 - [TEST_STEP][PASSED] - click(findTestObject("object_login/btn_login")): Object: 'Object Repository/object_login/btn_login' is clicked on

2019-11-21 19:06:29 - [MESSAGE][PASSED] - Object: 'Object Repository/object_login/btn_login' is clicked on]]></system-out>
         <system-err><![CDATA[]]></system-err>
      </testcase>
      <testcase name="Test Cases/p4p_cancelReserBtn" time="2.149" classname="Test Cases/p4p_cancelReserBtn" status="PASSED">
         <system-out><![CDATA[2019-11-21 19:06:29 - [TEST_CASE][PASSED] - Test Cases/p4p_cancelReserBtn: Test Cases/p4p_cancelReserBtn

2019-11-21 19:06:29 - [TEST_STEP][NOT_RUN] - callTestCase(findTestCase("p4p_login"), ["var_user":"", "var_pass":""], STOP_ON_FAILURE): NOT_RUN: callTestCase(findTestCase("p4p_login"), ["var_user":"", "var_pass":""], STOP_ON_FAILURE)

2019-11-21 19:06:29 - [MESSAGE][NOT_RUN] - NOT_RUN: callTestCase(findTestCase("p4p_login"), ["var_user":"", "var_pass":""], STOP_ON_FAILURE)

2019-11-21 19:06:29 - [TEST_STEP][PASSED] - navigateToUrl(urlReserva): Navigate to 'https://p4p-qa-bg.aws.paradise4paws.com/accounts/profile/#/reservations/97558/' successfully

2019-11-21 19:06:31 - [MESSAGE][PASSED] - Navigate to 'https://p4p-qa-bg.aws.paradise4paws.com/accounts/profile/#/reservations/97558/' successfully]]></system-out>
         <system-err><![CDATA[]]></system-err>
      </testcase>
      <system-out><![CDATA[2019-11-21 19:05:58 - [TEST_SUITE][PASSED] - ts_cancelRev: Test Cases/p4p_cancelReserBtn]]></system-out>
      <system-err><![CDATA[]]></system-err>
   </testsuite>
</testsuites>
