<?xml version="1.0" encoding="UTF-8"?>
<testsuites name="ts_createInvoice" time="976.668" tests="12" failures="2" errors="0">
   <testsuite name="ts_createInvoice" tests="12" failures="2" errors="0" time="976.668" timestamp="2020-01-13 16:39:06" hostname="leonardo-arkusmty - leonardoarkusmty-Inspiron-5577" id="Test Suites/ts_createInvoice">
      <properties>
         <property name="deviceName" value=""/>
         <property name="devicePlatform" value=""/>
         <property name="logFolder" value="/home/leonardo-arkusmty/Documents/workspaceKatalon/p4ptest/Reports/20200113_163904/ts_createInvoice/20200113_163904"/>
         <property name="logFiles" value="/home/leonardo-arkusmty/Documents/workspaceKatalon/p4ptest/Reports/20200113_163904/ts_createInvoice/20200113_163904/execution0.log"/>
         <property name="attachments" value="/home/leonardo-arkusmty/Documents/workspaceKatalon/p4ptest/Reports/20200113_163904/ts_createInvoice/20200113_163904/1578956026861.png, /home/leonardo-arkusmty/Documents/workspaceKatalon/p4ptest/Reports/20200113_163904/ts_createInvoice/20200113_163904/1578956122671.png"/>
         <property name="hostName" value="leonardo-arkusmty - leonardoarkusmty-Inspiron-5577"/>
         <property name="os" value="Linux 64bit"/>
         <property name="katalonVersion" value="7.0.8.1"/>
         <property name="browser" value="Chrome 79.0.3945.88"/>
         <property name="hostAddress" value="127.0.1.1"/>
         <property name="sessionId" value="c150ce6f245dd330e3b77cf12c273dcd"/>
         <property name="seleniumVersion" value="3.141.59"/>
         <property name="proxyInformation" value="ProxyInformation{proxyOption=NO_PROXY, proxyServerType=HTTP, password=, proxyServerAddress=, proxyServerPort=0}"/>
         <property name="platform" value="Linux"/>
      </properties>
      <testcase name="Test Cases/p4p_createInvoce_ok_spy" time="60.947" classname="Test Cases/p4p_createInvoce_ok_spy" status="PASSED">
         <system-out><![CDATA[2020-01-13 16:39:06 - [TEST_CASE][PASSED] - Test Cases/p4p_createInvoce_ok_spy: Test Cases/p4p_createInvoce_ok_spy

2020-01-13 16:39:07 - [TEST_STEP][PASSED] - openBrowser("https://p4p-qa-bg.aws.paradise4paws.com/login/"): Browser is opened with url: 'https://p4p-qa-bg.aws.paradise4paws.com/login/'

2020-01-13 16:39:07 - [MESSAGE][INFO] - Starting 'Chrome' driver

2020-01-13 16:39:07 - [MESSAGE][INFO] - Action delay is set to 0 seconds

2020-01-13 16:39:09 - [MESSAGE][PASSED] - Browser is opened with url: 'https://p4p-qa-bg.aws.paradise4paws.com/login/'

2020-01-13 16:39:09 - [TEST_STEP][PASSED] - maximizeWindow(): Current window maximized

2020-01-13 16:39:09 - [MESSAGE][PASSED] - Current window maximized

2020-01-13 16:39:09 - [TEST_STEP][PASSED] - arryPets = var_pets.split(","): null

2020-01-13 16:39:09 - [TEST_STEP][PASSED] - flagBoar = "0": null

2020-01-13 16:39:09 - [TEST_STEP][PASSED] - log = new com.kms.katalon.core.logging.KeywordLogger(): null

2020-01-13 16:39:09 - [TEST_STEP][PASSED] - fisInv = new java.io.FileInputStream(/home/leonardo-arkusmty/Desktop/P4P/DATA_AUTOMATINTESTING/data_3createInvoice.xlsx): null

2020-01-13 16:39:09 - [TEST_STEP][PASSED] - fisPay = new java.io.FileInputStream(/home/leonardo-arkusmty/Desktop/P4P/DATA_AUTOMATINTESTING/data_4payment.xlsx): null

2020-01-13 16:39:09 - [TEST_STEP][PASSED] - workbookInv = new org.apache.poi.xssf.usermodel.XSSFWorkbook(fisInv): null

2020-01-13 16:39:10 - [TEST_STEP][PASSED] - workbookPay = new org.apache.poi.xssf.usermodel.XSSFWorkbook(fisPay): null

2020-01-13 16:39:10 - [TEST_STEP][PASSED] - sheetInv = workbookInv.getSheet("Sheet1"): null

2020-01-13 16:39:10 - [TEST_STEP][PASSED] - sheetPay = workbookPay.getSheet("Sheet1"): null

2020-01-13 16:39:10 - [TEST_STEP][PASSED] - var = Integer.parseInt(var_idRowRes): null

2020-01-13 16:39:10 - [TEST_STEP][PASSED] - rowInv = sheetInv.getRow(var): null

2020-01-13 16:39:10 - [TEST_STEP][PASSED] - rowPay = sheetPay.getRow(var): null

2020-01-13 16:39:10 - [TEST_STEP][PASSED] - today = new java.util.Date(): null

2020-01-13 16:39:10 - [TEST_STEP][PASSED] - todaysDate1 = today.format("mmm/dd/yy"): null

2020-01-13 16:39:10 - [TEST_STEP][PASSED] - todaysDate2 = today.format("dd/mm/yy"): null

2020-01-13 16:39:10 - [TEST_STEP][PASSED] - todaysDate3 = today.format("dd"): null

2020-01-13 16:39:10 - [TEST_STEP][PASSED] - nowTime = today.format("hhmm"): null

2020-01-13 16:39:10 - [TEST_STEP][PASSED] - setText(findTestObject("obj_login/input_user"), var_user): Text 'jegchavez@gmail.com' is set on object 'Object Repository/obj_login/input_user'

2020-01-13 16:39:10 - [MESSAGE][PASSED] - Text 'jegchavez@gmail.com' is set on object 'Object Repository/obj_login/input_user'

2020-01-13 16:39:10 - [TEST_STEP][PASSED] - setText(findTestObject("obj_login/input_pass"), var_pass): Text 'admin1' is set on object 'Object Repository/obj_login/input_pass'

2020-01-13 16:39:11 - [MESSAGE][PASSED] - Text 'admin1' is set on object 'Object Repository/obj_login/input_pass'

2020-01-13 16:39:11 - [TEST_STEP][PASSED] - delay(2): Delayed 2 second(s)

2020-01-13 16:39:13 - [MESSAGE][PASSED] - Delayed 2 second(s)

2020-01-13 16:39:13 - [TEST_STEP][PASSED] - verifyElementClickable(findTestObject("obj_login/btn_login")): Object 'Object Repository/obj_login/btn_login' is clickable

2020-01-13 16:39:13 - [MESSAGE][PASSED] - Object 'Object Repository/obj_login/btn_login' is clickable

2020-01-13 16:39:13 - [TEST_STEP][PASSED] - click(findTestObject("obj_login/btn_login")): Object: 'Object Repository/obj_login/btn_login' is clicked on

2020-01-13 16:39:15 - [MESSAGE][PASSED] - Object: 'Object Repository/obj_login/btn_login' is clicked on

2020-01-13 16:39:15 - [TEST_STEP][PASSED] - delay(2): Delayed 2 second(s)

2020-01-13 16:39:17 - [MESSAGE][PASSED] - Delayed 2 second(s)

2020-01-13 16:39:17 - [TEST_STEP][PASSED] - setText(findTestObject("obj_dashboard_emp/input_search"), var_parent): Text 'leongarzagarza@hotmail.com' is set on object 'Object Repository/obj_dashboard_emp/input_search'

2020-01-13 16:39:17 - [MESSAGE][PASSED] - Text 'leongarzagarza@hotmail.com' is set on object 'Object Repository/obj_dashboard_emp/input_search'

2020-01-13 16:39:17 - [TEST_STEP][PASSED] - click(findTestObject("obj_dashboard_emp/btn_accountSearch")): Object: 'Object Repository/obj_dashboard_emp/btn_accountSearch' is clicked on

2020-01-13 16:39:20 - [MESSAGE][PASSED] - Object: 'Object Repository/obj_dashboard_emp/btn_accountSearch' is clicked on

2020-01-13 16:39:20 - [TEST_STEP][PASSED] - delay(2): Delayed 2 second(s)

2020-01-13 16:39:22 - [MESSAGE][PASSED] - Delayed 2 second(s)

2020-01-13 16:39:22 - [TEST_STEP][PASSED] - click(findTestObject("obj_accountInformation/a_TEST GABRIEL PROD")): Object: 'Object Repository/obj_accountInformation/a_TEST GABRIEL PROD' is clicked on

2020-01-13 16:39:22 - [MESSAGE][PASSED] - Object: 'Object Repository/obj_accountInformation/a_TEST GABRIEL PROD' is clicked on

2020-01-13 16:39:22 - [TEST_STEP][PASSED] - delay(2): Delayed 2 second(s)

2020-01-13 16:39:24 - [MESSAGE][PASSED] - Delayed 2 second(s)

2020-01-13 16:39:24 - [TEST_STEP][PASSED] - click(findTestObject("obj_invoce/btn_createInvoice")): Object: 'Object Repository/obj_invoce/btn_createInvoice' is clicked on

2020-01-13 16:39:26 - [MESSAGE][PASSED] - Object: 'Object Repository/obj_invoce/btn_createInvoice' is clicked on

2020-01-13 16:39:26 - [TEST_STEP][PASSED] - delay(3): Delayed 3 second(s)

2020-01-13 16:39:29 - [MESSAGE][PASSED] - Delayed 3 second(s)

2020-01-13 16:39:29 - [TEST_STEP][PASSED] - if (arryPets.size() == 1): Delayed 4 second(s)

2020-01-13 16:39:29 - [TEST_STEP][PASSED] - click(findTestObject("obj_invoce/new_invoice/new_invoice_sub/btn_AddLineItem")): Object: 'Object Repository/obj_invoce/new_invoice/new_invoice_sub/btn_AddLineItem' is clicked on

2020-01-13 16:39:30 - [MESSAGE][PASSED] - Object: 'Object Repository/obj_invoce/new_invoice/new_invoice_sub/btn_AddLineItem' is clicked on

2020-01-13 16:39:30 - [TEST_STEP][PASSED] - delay(3): Delayed 3 second(s)

2020-01-13 16:39:33 - [MESSAGE][PASSED] - Delayed 3 second(s)

2020-01-13 16:39:33 - [TEST_STEP][PASSED] - click(findTestObject("obj_invoce/new_invoice/new_invoice_sub/a_Taxes ()_select2-choice_1")): Object: 'Object Repository/obj_invoce/new_invoice/new_invoice_sub/a_Taxes ()_select2-choice_1' is clicked on

2020-01-13 16:39:33 - [MESSAGE][PASSED] - Object: 'Object Repository/obj_invoce/new_invoice/new_invoice_sub/a_Taxes ()_select2-choice_1' is clicked on

2020-01-13 16:39:33 - [TEST_STEP][PASSED] - delay(3): Delayed 3 second(s)

2020-01-13 16:39:36 - [MESSAGE][PASSED] - Delayed 3 second(s)

2020-01-13 16:39:36 - [TEST_STEP][PASSED] - click(findTestObject("obj_invoce/new_invoice/new_invoice_sub/div_Zeus")): Object: 'Object Repository/obj_invoce/new_invoice/new_invoice_sub/div_Zeus' is clicked on

2020-01-13 16:39:37 - [MESSAGE][PASSED] - Object: 'Object Repository/obj_invoce/new_invoice/new_invoice_sub/div_Zeus' is clicked on

2020-01-13 16:39:37 - [TEST_STEP][NOT_RUN] - click(findTestObject("obj_invoce/new_invoice/new_invoice_sub/b")): NOT_RUN: click(findTestObject("obj_invoce/new_invoice/new_invoice_sub/b"))

2020-01-13 16:39:37 - [MESSAGE][NOT_RUN] - NOT_RUN: click(findTestObject("obj_invoce/new_invoice/new_invoice_sub/b"))

2020-01-13 16:39:37 - [TEST_STEP][NOT_RUN] - click(findTestObject("obj_invoce/new_invoice/new_invoice_sub/select_BOARDING_SUITEDAYCARE_SUITESPA_SUITE")): NOT_RUN: click(findTestObject("obj_invoce/new_invoice/new_invoice_sub/select_BOARDING_SUITEDAYCARE_SUITESPA_SUITE"))

2020-01-13 16:39:37 - [MESSAGE][NOT_RUN] - NOT_RUN: click(findTestObject("obj_invoce/new_invoice/new_invoice_sub/select_BOARDING_SUITEDAYCARE_SUITESPA_SUITE"))

2020-01-13 16:39:37 - [TEST_STEP][PASSED] - delay(3): Delayed 3 second(s)

2020-01-13 16:39:40 - [MESSAGE][PASSED] - Delayed 3 second(s)

2020-01-13 16:39:40 - [TEST_STEP][PASSED] - if (var_type == "BOARDING_SUITE"): null

2020-01-13 16:39:40 - [TEST_STEP][PASSED] - if (var_type == "DAYCARE_SUITE"): null

2020-01-13 16:39:40 - [TEST_STEP][PASSED] - if (var_type == "PACKAGE"): null

2020-01-13 16:39:40 - [TEST_STEP][PASSED] - delay(4): Delayed 4 second(s)

2020-01-13 16:39:44 - [MESSAGE][PASSED] - Delayed 4 second(s)

2020-01-13 16:39:44 - [TEST_STEP][PASSED] - sendKeys(findTestObject("obj_invoce/new_invoice/new_invoice_sub/input_Taxes_Item_1"), var_item): Keys 'Oasis Suite,Half Day of Daycare' sent to object: 'Object Repository/obj_invoce/new_invoice/new_invoice_sub/input_Taxes_Item_1'

2020-01-13 16:39:44 - [MESSAGE][PASSED] - Keys 'Oasis Suite,Half Day of Daycare' sent to object: 'Object Repository/obj_invoce/new_invoice/new_invoice_sub/input_Taxes_Item_1'

2020-01-13 16:39:44 - [TEST_STEP][PASSED] - delay(4): Delayed 4 second(s)

2020-01-13 16:39:48 - [MESSAGE][PASSED] - Delayed 4 second(s)

2020-01-13 16:39:48 - [TEST_STEP][PASSED] - sendKeys(findTestObject("obj_invoce/new_invoice/new_invoice_sub/input_Taxes_Item_1"), Keys.chord(ENTER)): Keys 'ENTER + ' sent to object: 'Object Repository/obj_invoce/new_invoice/new_invoice_sub/input_Taxes_Item_1'

2020-01-13 16:39:48 - [MESSAGE][PASSED] - Keys 'ENTER + ' sent to object: 'Object Repository/obj_invoce/new_invoice/new_invoice_sub/input_Taxes_Item_1'

2020-01-13 16:39:48 - [TEST_STEP][PASSED] - delay(4): Delayed 4 second(s)

2020-01-13 16:39:52 - [MESSAGE][PASSED] - Delayed 4 second(s)

2020-01-13 16:39:52 - [TEST_STEP][PASSED] - click(findTestObject("obj_invoce/new_invoice/new_invoice_sub/button_Save_Taxe")): Object: 'Object Repository/obj_invoce/new_invoice/new_invoice_sub/button_Save_Taxe' is clicked on

2020-01-13 16:39:53 - [MESSAGE][PASSED] - Object: 'Object Repository/obj_invoce/new_invoice/new_invoice_sub/button_Save_Taxe' is clicked on

2020-01-13 16:39:53 - [TEST_STEP][PASSED] - delay(4): Delayed 4 second(s)

2020-01-13 16:39:57 - [MESSAGE][PASSED] - Delayed 4 second(s)

2020-01-13 16:39:57 - [TEST_STEP][PASSED] - if (arryPets.size() == 2): null

2020-01-13 16:39:57 - [TEST_STEP][PASSED] - if (arryPets.size() == 3): null

2020-01-13 16:39:57 - [TEST_STEP][PASSED] - delay(2): Delayed 2 second(s)

2020-01-13 16:39:59 - [MESSAGE][PASSED] - Delayed 2 second(s)

2020-01-13 16:39:59 - [TEST_STEP][PASSED] - var_url = getUrl(): Current window's url is: 'https://p4p-qa-bg.aws.paradise4paws.com/accounts/profile/#/invoice/122350/new/'

2020-01-13 16:39:59 - [MESSAGE][PASSED] - Current window's url is: 'https://p4p-qa-bg.aws.paradise4paws.com/accounts/profile/#/invoice/122350/new/'

2020-01-13 16:39:59 - [TEST_STEP][PASSED] - arrayUrl = var_url.split("/"): null

2020-01-13 16:39:59 - [TEST_STEP][PASSED] - delay(2): Delayed 2 second(s)

2020-01-13 16:40:01 - [MESSAGE][PASSED] - Delayed 2 second(s)

2020-01-13 16:40:01 - [TEST_STEP][PASSED] - cell = rowInv.createCell(9, 0): null

2020-01-13 16:40:01 - [TEST_STEP][PASSED] - cell.setCellType(CELL_TYPE_STRING): null

2020-01-13 16:40:01 - [TEST_STEP][PASSED] - cell.setCellValue(arrayUrl[8]): null

2020-01-13 16:40:01 - [TEST_STEP][PASSED] - delay(2): Delayed 2 second(s)

2020-01-13 16:40:03 - [MESSAGE][PASSED] - Delayed 2 second(s)

2020-01-13 16:40:03 - [TEST_STEP][PASSED] - cell2 = rowPay.createCell(5, 0): null

2020-01-13 16:40:03 - [TEST_STEP][PASSED] - cell2.setCellType(CELL_TYPE_STRING): null

2020-01-13 16:40:03 - [TEST_STEP][PASSED] - cell2.setCellValue(arrayUrl[8]): null

2020-01-13 16:40:03 - [TEST_STEP][PASSED] - delay(2): Delayed 2 second(s)

2020-01-13 16:40:05 - [MESSAGE][PASSED] - Delayed 2 second(s)

2020-01-13 16:40:05 - [TEST_STEP][PASSED] - fosInv = new java.io.FileOutputStream(/home/leonardo-arkusmty/Desktop/P4P/DATA_AUTOMATINTESTING/data_3createInvoice.xlsx): null

2020-01-13 16:40:05 - [TEST_STEP][PASSED] - workbookInv.write(fosInv): null

2020-01-13 16:40:05 - [TEST_STEP][PASSED] - fosInv.close(): null

2020-01-13 16:40:05 - [TEST_STEP][PASSED] - fosPay = new java.io.FileOutputStream(/home/leonardo-arkusmty/Desktop/P4P/DATA_AUTOMATINTESTING/data_4payment.xlsx): null

2020-01-13 16:40:05 - [TEST_STEP][PASSED] - workbookPay.write(fosPay): null

2020-01-13 16:40:05 - [TEST_STEP][PASSED] - fosPay.close(): null

2020-01-13 16:40:05 - [TEST_STEP][PASSED] - delay(2): Delayed 2 second(s)

2020-01-13 16:40:07 - [MESSAGE][PASSED] - Delayed 2 second(s)]]></system-out>
         <system-err><![CDATA[]]></system-err>
      </testcase>
      <testcase name="Test Cases/p4p_createInvoce_ok_spy" time="58.397" classname="Test Cases/p4p_createInvoce_ok_spy" status="PASSED">
         <system-out><![CDATA[2020-01-13 16:40:07 - [TEST_CASE][PASSED] - Test Cases/p4p_createInvoce_ok_spy: Test Cases/p4p_createInvoce_ok_spy

2020-01-13 16:40:07 - [TEST_STEP][PASSED] - openBrowser("https://p4p-qa-bg.aws.paradise4paws.com/login/"): Browser is opened with url: 'https://p4p-qa-bg.aws.paradise4paws.com/login/'

2020-01-13 16:40:07 - [MESSAGE][WARNING] - A browser is already opened. Closing browser and opening a new one

2020-01-13 16:40:07 - [MESSAGE][INFO] - Starting 'Chrome' driver

2020-01-13 16:40:10 - [MESSAGE][PASSED] - Browser is opened with url: 'https://p4p-qa-bg.aws.paradise4paws.com/login/'

2020-01-13 16:40:10 - [TEST_STEP][PASSED] - maximizeWindow(): Current window maximized

2020-01-13 16:40:10 - [MESSAGE][PASSED] - Current window maximized

2020-01-13 16:40:10 - [TEST_STEP][PASSED] - arryPets = var_pets.split(","): null

2020-01-13 16:40:10 - [TEST_STEP][PASSED] - flagBoar = "0": null

2020-01-13 16:40:10 - [TEST_STEP][PASSED] - log = new com.kms.katalon.core.logging.KeywordLogger(): null

2020-01-13 16:40:10 - [TEST_STEP][PASSED] - fisInv = new java.io.FileInputStream(/home/leonardo-arkusmty/Desktop/P4P/DATA_AUTOMATINTESTING/data_3createInvoice.xlsx): null

2020-01-13 16:40:10 - [TEST_STEP][PASSED] - fisPay = new java.io.FileInputStream(/home/leonardo-arkusmty/Desktop/P4P/DATA_AUTOMATINTESTING/data_4payment.xlsx): null

2020-01-13 16:40:10 - [TEST_STEP][PASSED] - workbookInv = new org.apache.poi.xssf.usermodel.XSSFWorkbook(fisInv): null

2020-01-13 16:40:10 - [TEST_STEP][PASSED] - workbookPay = new org.apache.poi.xssf.usermodel.XSSFWorkbook(fisPay): null

2020-01-13 16:40:10 - [TEST_STEP][PASSED] - sheetInv = workbookInv.getSheet("Sheet1"): null

2020-01-13 16:40:10 - [TEST_STEP][PASSED] - sheetPay = workbookPay.getSheet("Sheet1"): null

2020-01-13 16:40:10 - [TEST_STEP][PASSED] - var = Integer.parseInt(var_idRowRes): null

2020-01-13 16:40:10 - [TEST_STEP][PASSED] - rowInv = sheetInv.getRow(var): null

2020-01-13 16:40:10 - [TEST_STEP][PASSED] - rowPay = sheetPay.getRow(var): null

2020-01-13 16:40:10 - [TEST_STEP][PASSED] - today = new java.util.Date(): null

2020-01-13 16:40:10 - [TEST_STEP][PASSED] - todaysDate1 = today.format("mmm/dd/yy"): null

2020-01-13 16:40:10 - [TEST_STEP][PASSED] - todaysDate2 = today.format("dd/mm/yy"): null

2020-01-13 16:40:10 - [TEST_STEP][PASSED] - todaysDate3 = today.format("dd"): null

2020-01-13 16:40:10 - [TEST_STEP][PASSED] - nowTime = today.format("hhmm"): null

2020-01-13 16:40:10 - [TEST_STEP][PASSED] - setText(findTestObject("obj_login/input_user"), var_user): Text 'jegchavez@gmail.com' is set on object 'Object Repository/obj_login/input_user'

2020-01-13 16:40:11 - [MESSAGE][PASSED] - Text 'jegchavez@gmail.com' is set on object 'Object Repository/obj_login/input_user'

2020-01-13 16:40:11 - [TEST_STEP][PASSED] - setText(findTestObject("obj_login/input_pass"), var_pass): Text 'admin1' is set on object 'Object Repository/obj_login/input_pass'

2020-01-13 16:40:11 - [MESSAGE][PASSED] - Text 'admin1' is set on object 'Object Repository/obj_login/input_pass'

2020-01-13 16:40:11 - [TEST_STEP][PASSED] - delay(2): Delayed 2 second(s)

2020-01-13 16:40:13 - [MESSAGE][PASSED] - Delayed 2 second(s)

2020-01-13 16:40:13 - [TEST_STEP][PASSED] - verifyElementClickable(findTestObject("obj_login/btn_login")): Object 'Object Repository/obj_login/btn_login' is clickable

2020-01-13 16:40:13 - [MESSAGE][PASSED] - Object 'Object Repository/obj_login/btn_login' is clickable

2020-01-13 16:40:13 - [TEST_STEP][PASSED] - click(findTestObject("obj_login/btn_login")): Object: 'Object Repository/obj_login/btn_login' is clicked on

2020-01-13 16:40:15 - [MESSAGE][PASSED] - Object: 'Object Repository/obj_login/btn_login' is clicked on

2020-01-13 16:40:15 - [TEST_STEP][PASSED] - delay(2): Delayed 2 second(s)

2020-01-13 16:40:17 - [MESSAGE][PASSED] - Delayed 2 second(s)

2020-01-13 16:40:17 - [TEST_STEP][PASSED] - setText(findTestObject("obj_dashboard_emp/input_search"), var_parent): Text 'leongarzagarza@hotmail.com' is set on object 'Object Repository/obj_dashboard_emp/input_search'

2020-01-13 16:40:17 - [MESSAGE][PASSED] - Text 'leongarzagarza@hotmail.com' is set on object 'Object Repository/obj_dashboard_emp/input_search'

2020-01-13 16:40:17 - [TEST_STEP][PASSED] - click(findTestObject("obj_dashboard_emp/btn_accountSearch")): Object: 'Object Repository/obj_dashboard_emp/btn_accountSearch' is clicked on

2020-01-13 16:40:18 - [MESSAGE][PASSED] - Object: 'Object Repository/obj_dashboard_emp/btn_accountSearch' is clicked on

2020-01-13 16:40:18 - [TEST_STEP][PASSED] - delay(2): Delayed 2 second(s)

2020-01-13 16:40:20 - [MESSAGE][PASSED] - Delayed 2 second(s)

2020-01-13 16:40:20 - [TEST_STEP][PASSED] - click(findTestObject("obj_accountInformation/a_TEST GABRIEL PROD")): Object: 'Object Repository/obj_accountInformation/a_TEST GABRIEL PROD' is clicked on

2020-01-13 16:40:21 - [MESSAGE][PASSED] - Object: 'Object Repository/obj_accountInformation/a_TEST GABRIEL PROD' is clicked on

2020-01-13 16:40:21 - [TEST_STEP][PASSED] - delay(2): Delayed 2 second(s)

2020-01-13 16:40:23 - [MESSAGE][PASSED] - Delayed 2 second(s)

2020-01-13 16:40:23 - [TEST_STEP][PASSED] - click(findTestObject("obj_invoce/btn_createInvoice")): Object: 'Object Repository/obj_invoce/btn_createInvoice' is clicked on

2020-01-13 16:40:25 - [MESSAGE][PASSED] - Object: 'Object Repository/obj_invoce/btn_createInvoice' is clicked on

2020-01-13 16:40:25 - [TEST_STEP][PASSED] - delay(3): Delayed 3 second(s)

2020-01-13 16:40:28 - [MESSAGE][PASSED] - Delayed 3 second(s)

2020-01-13 16:40:28 - [TEST_STEP][PASSED] - if (arryPets.size() == 1): Delayed 4 second(s)

2020-01-13 16:40:28 - [TEST_STEP][PASSED] - click(findTestObject("obj_invoce/new_invoice/new_invoice_sub/btn_AddLineItem")): Object: 'Object Repository/obj_invoce/new_invoice/new_invoice_sub/btn_AddLineItem' is clicked on

2020-01-13 16:40:28 - [MESSAGE][PASSED] - Object: 'Object Repository/obj_invoce/new_invoice/new_invoice_sub/btn_AddLineItem' is clicked on

2020-01-13 16:40:28 - [TEST_STEP][PASSED] - delay(3): Delayed 3 second(s)

2020-01-13 16:40:31 - [MESSAGE][PASSED] - Delayed 3 second(s)

2020-01-13 16:40:31 - [TEST_STEP][PASSED] - click(findTestObject("obj_invoce/new_invoice/new_invoice_sub/a_Taxes ()_select2-choice_1")): Object: 'Object Repository/obj_invoce/new_invoice/new_invoice_sub/a_Taxes ()_select2-choice_1' is clicked on

2020-01-13 16:40:31 - [MESSAGE][PASSED] - Object: 'Object Repository/obj_invoce/new_invoice/new_invoice_sub/a_Taxes ()_select2-choice_1' is clicked on

2020-01-13 16:40:31 - [TEST_STEP][PASSED] - delay(3): Delayed 3 second(s)

2020-01-13 16:40:34 - [MESSAGE][PASSED] - Delayed 3 second(s)

2020-01-13 16:40:34 - [TEST_STEP][PASSED] - click(findTestObject("obj_invoce/new_invoice/new_invoice_sub/div_Zeus")): Object: 'Object Repository/obj_invoce/new_invoice/new_invoice_sub/div_Zeus' is clicked on

2020-01-13 16:40:35 - [MESSAGE][PASSED] - Object: 'Object Repository/obj_invoce/new_invoice/new_invoice_sub/div_Zeus' is clicked on

2020-01-13 16:40:35 - [TEST_STEP][NOT_RUN] - click(findTestObject("obj_invoce/new_invoice/new_invoice_sub/b")): NOT_RUN: click(findTestObject("obj_invoce/new_invoice/new_invoice_sub/b"))

2020-01-13 16:40:35 - [MESSAGE][NOT_RUN] - NOT_RUN: click(findTestObject("obj_invoce/new_invoice/new_invoice_sub/b"))

2020-01-13 16:40:35 - [TEST_STEP][NOT_RUN] - click(findTestObject("obj_invoce/new_invoice/new_invoice_sub/select_BOARDING_SUITEDAYCARE_SUITESPA_SUITE")): NOT_RUN: click(findTestObject("obj_invoce/new_invoice/new_invoice_sub/select_BOARDING_SUITEDAYCARE_SUITESPA_SUITE"))

2020-01-13 16:40:35 - [MESSAGE][NOT_RUN] - NOT_RUN: click(findTestObject("obj_invoce/new_invoice/new_invoice_sub/select_BOARDING_SUITEDAYCARE_SUITESPA_SUITE"))

2020-01-13 16:40:35 - [TEST_STEP][PASSED] - delay(3): Delayed 3 second(s)

2020-01-13 16:40:38 - [MESSAGE][PASSED] - Delayed 3 second(s)

2020-01-13 16:40:38 - [TEST_STEP][PASSED] - if (var_type == "BOARDING_SUITE"): null

2020-01-13 16:40:38 - [TEST_STEP][PASSED] - if (var_type == "DAYCARE_SUITE"): Object: 'Object Repository/obj_invoce/new_invoice_ok_1/select_day' is clicked on

2020-01-13 16:40:38 - [TEST_STEP][PASSED] - click(findTestObject("obj_invoce/new_invoice_ok_1/select_day"), STOP_ON_FAILURE): Object: 'Object Repository/obj_invoce/new_invoice_ok_1/select_day' is clicked on

2020-01-13 16:40:38 - [MESSAGE][PASSED] - Object: 'Object Repository/obj_invoce/new_invoice_ok_1/select_day' is clicked on

2020-01-13 16:40:38 - [TEST_STEP][PASSED] - if (var_type == "PACKAGE"): null

2020-01-13 16:40:38 - [TEST_STEP][PASSED] - delay(4): Delayed 4 second(s)

2020-01-13 16:40:42 - [MESSAGE][PASSED] - Delayed 4 second(s)

2020-01-13 16:40:42 - [TEST_STEP][PASSED] - sendKeys(findTestObject("obj_invoce/new_invoice/new_invoice_sub/input_Taxes_Item_1"), var_item): Keys 'Half Day of Daycare' sent to object: 'Object Repository/obj_invoce/new_invoice/new_invoice_sub/input_Taxes_Item_1'

2020-01-13 16:40:43 - [MESSAGE][PASSED] - Keys 'Half Day of Daycare' sent to object: 'Object Repository/obj_invoce/new_invoice/new_invoice_sub/input_Taxes_Item_1'

2020-01-13 16:40:43 - [TEST_STEP][PASSED] - delay(4): Delayed 4 second(s)

2020-01-13 16:40:47 - [MESSAGE][PASSED] - Delayed 4 second(s)

2020-01-13 16:40:47 - [TEST_STEP][PASSED] - sendKeys(findTestObject("obj_invoce/new_invoice/new_invoice_sub/input_Taxes_Item_1"), Keys.chord(ENTER)): Keys 'ENTER + ' sent to object: 'Object Repository/obj_invoce/new_invoice/new_invoice_sub/input_Taxes_Item_1'

2020-01-13 16:40:47 - [MESSAGE][PASSED] - Keys 'ENTER + ' sent to object: 'Object Repository/obj_invoce/new_invoice/new_invoice_sub/input_Taxes_Item_1'

2020-01-13 16:40:47 - [TEST_STEP][PASSED] - delay(4): Delayed 4 second(s)

2020-01-13 16:40:51 - [MESSAGE][PASSED] - Delayed 4 second(s)

2020-01-13 16:40:51 - [TEST_STEP][PASSED] - click(findTestObject("obj_invoce/new_invoice/new_invoice_sub/button_Save_Taxe")): Object: 'Object Repository/obj_invoce/new_invoice/new_invoice_sub/button_Save_Taxe' is clicked on

2020-01-13 16:40:51 - [MESSAGE][PASSED] - Object: 'Object Repository/obj_invoce/new_invoice/new_invoice_sub/button_Save_Taxe' is clicked on

2020-01-13 16:40:51 - [TEST_STEP][PASSED] - delay(4): Delayed 4 second(s)

2020-01-13 16:40:55 - [MESSAGE][PASSED] - Delayed 4 second(s)

2020-01-13 16:40:55 - [TEST_STEP][PASSED] - if (arryPets.size() == 2): null

2020-01-13 16:40:55 - [TEST_STEP][PASSED] - if (arryPets.size() == 3): null

2020-01-13 16:40:55 - [TEST_STEP][PASSED] - delay(2): Delayed 2 second(s)

2020-01-13 16:40:57 - [MESSAGE][PASSED] - Delayed 2 second(s)

2020-01-13 16:40:57 - [TEST_STEP][PASSED] - var_url = getUrl(): Current window's url is: 'https://p4p-qa-bg.aws.paradise4paws.com/accounts/profile/#/invoice/122350/1795404/'

2020-01-13 16:40:57 - [MESSAGE][PASSED] - Current window's url is: 'https://p4p-qa-bg.aws.paradise4paws.com/accounts/profile/#/invoice/122350/1795404/'

2020-01-13 16:40:57 - [TEST_STEP][PASSED] - arrayUrl = var_url.split("/"): null

2020-01-13 16:40:57 - [TEST_STEP][PASSED] - delay(2): Delayed 2 second(s)

2020-01-13 16:40:59 - [MESSAGE][PASSED] - Delayed 2 second(s)

2020-01-13 16:40:59 - [TEST_STEP][PASSED] - cell = rowInv.createCell(9, 0): null

2020-01-13 16:40:59 - [TEST_STEP][PASSED] - cell.setCellType(CELL_TYPE_STRING): null

2020-01-13 16:40:59 - [TEST_STEP][PASSED] - cell.setCellValue(arrayUrl[8]): null

2020-01-13 16:40:59 - [TEST_STEP][PASSED] - delay(2): Delayed 2 second(s)

2020-01-13 16:41:01 - [MESSAGE][PASSED] - Delayed 2 second(s)

2020-01-13 16:41:01 - [TEST_STEP][PASSED] - cell2 = rowPay.createCell(5, 0): null

2020-01-13 16:41:01 - [TEST_STEP][PASSED] - cell2.setCellType(CELL_TYPE_STRING): null

2020-01-13 16:41:01 - [TEST_STEP][PASSED] - cell2.setCellValue(arrayUrl[8]): null

2020-01-13 16:41:01 - [TEST_STEP][PASSED] - delay(2): Delayed 2 second(s)

2020-01-13 16:41:03 - [MESSAGE][PASSED] - Delayed 2 second(s)

2020-01-13 16:41:03 - [TEST_STEP][PASSED] - fosInv = new java.io.FileOutputStream(/home/leonardo-arkusmty/Desktop/P4P/DATA_AUTOMATINTESTING/data_3createInvoice.xlsx): null

2020-01-13 16:41:03 - [TEST_STEP][PASSED] - workbookInv.write(fosInv): null

2020-01-13 16:41:03 - [TEST_STEP][PASSED] - fosInv.close(): null

2020-01-13 16:41:03 - [TEST_STEP][PASSED] - fosPay = new java.io.FileOutputStream(/home/leonardo-arkusmty/Desktop/P4P/DATA_AUTOMATINTESTING/data_4payment.xlsx): null

2020-01-13 16:41:03 - [TEST_STEP][PASSED] - workbookPay.write(fosPay): null

2020-01-13 16:41:03 - [TEST_STEP][PASSED] - fosPay.close(): null

2020-01-13 16:41:03 - [TEST_STEP][PASSED] - delay(2): Delayed 2 second(s)

2020-01-13 16:41:05 - [MESSAGE][PASSED] - Delayed 2 second(s)]]></system-out>
         <system-err><![CDATA[]]></system-err>
      </testcase>
      <testcase name="Test Cases/p4p_createInvoce_ok_spy" time="58.678" classname="Test Cases/p4p_createInvoce_ok_spy" status="PASSED">
         <system-out><![CDATA[2020-01-13 16:41:05 - [TEST_CASE][PASSED] - Test Cases/p4p_createInvoce_ok_spy: Test Cases/p4p_createInvoce_ok_spy

2020-01-13 16:41:06 - [TEST_STEP][PASSED] - openBrowser("https://p4p-qa-bg.aws.paradise4paws.com/login/"): Browser is opened with url: 'https://p4p-qa-bg.aws.paradise4paws.com/login/'

2020-01-13 16:41:06 - [MESSAGE][WARNING] - A browser is already opened. Closing browser and opening a new one

2020-01-13 16:41:06 - [MESSAGE][INFO] - Starting 'Chrome' driver

2020-01-13 16:41:08 - [MESSAGE][PASSED] - Browser is opened with url: 'https://p4p-qa-bg.aws.paradise4paws.com/login/'

2020-01-13 16:41:08 - [TEST_STEP][PASSED] - maximizeWindow(): Current window maximized

2020-01-13 16:41:08 - [MESSAGE][PASSED] - Current window maximized

2020-01-13 16:41:08 - [TEST_STEP][PASSED] - arryPets = var_pets.split(","): null

2020-01-13 16:41:08 - [TEST_STEP][PASSED] - flagBoar = "0": null

2020-01-13 16:41:08 - [TEST_STEP][PASSED] - log = new com.kms.katalon.core.logging.KeywordLogger(): null

2020-01-13 16:41:08 - [TEST_STEP][PASSED] - fisInv = new java.io.FileInputStream(/home/leonardo-arkusmty/Desktop/P4P/DATA_AUTOMATINTESTING/data_3createInvoice.xlsx): null

2020-01-13 16:41:08 - [TEST_STEP][PASSED] - fisPay = new java.io.FileInputStream(/home/leonardo-arkusmty/Desktop/P4P/DATA_AUTOMATINTESTING/data_4payment.xlsx): null

2020-01-13 16:41:08 - [TEST_STEP][PASSED] - workbookInv = new org.apache.poi.xssf.usermodel.XSSFWorkbook(fisInv): null

2020-01-13 16:41:08 - [TEST_STEP][PASSED] - workbookPay = new org.apache.poi.xssf.usermodel.XSSFWorkbook(fisPay): null

2020-01-13 16:41:08 - [TEST_STEP][PASSED] - sheetInv = workbookInv.getSheet("Sheet1"): null

2020-01-13 16:41:08 - [TEST_STEP][PASSED] - sheetPay = workbookPay.getSheet("Sheet1"): null

2020-01-13 16:41:08 - [TEST_STEP][PASSED] - var = Integer.parseInt(var_idRowRes): null

2020-01-13 16:41:08 - [TEST_STEP][PASSED] - rowInv = sheetInv.getRow(var): null

2020-01-13 16:41:08 - [TEST_STEP][PASSED] - rowPay = sheetPay.getRow(var): null

2020-01-13 16:41:08 - [TEST_STEP][PASSED] - today = new java.util.Date(): null

2020-01-13 16:41:08 - [TEST_STEP][PASSED] - todaysDate1 = today.format("mmm/dd/yy"): null

2020-01-13 16:41:08 - [TEST_STEP][PASSED] - todaysDate2 = today.format("dd/mm/yy"): null

2020-01-13 16:41:08 - [TEST_STEP][PASSED] - todaysDate3 = today.format("dd"): null

2020-01-13 16:41:08 - [TEST_STEP][PASSED] - nowTime = today.format("hhmm"): null

2020-01-13 16:41:08 - [TEST_STEP][PASSED] - setText(findTestObject("obj_login/input_user"), var_user): Text 'jegchavez@gmail.com' is set on object 'Object Repository/obj_login/input_user'

2020-01-13 16:41:09 - [MESSAGE][PASSED] - Text 'jegchavez@gmail.com' is set on object 'Object Repository/obj_login/input_user'

2020-01-13 16:41:09 - [TEST_STEP][PASSED] - setText(findTestObject("obj_login/input_pass"), var_pass): Text 'admin1' is set on object 'Object Repository/obj_login/input_pass'

2020-01-13 16:41:09 - [MESSAGE][PASSED] - Text 'admin1' is set on object 'Object Repository/obj_login/input_pass'

2020-01-13 16:41:09 - [TEST_STEP][PASSED] - delay(2): Delayed 2 second(s)

2020-01-13 16:41:11 - [MESSAGE][PASSED] - Delayed 2 second(s)

2020-01-13 16:41:11 - [TEST_STEP][PASSED] - verifyElementClickable(findTestObject("obj_login/btn_login")): Object 'Object Repository/obj_login/btn_login' is clickable

2020-01-13 16:41:12 - [MESSAGE][PASSED] - Object 'Object Repository/obj_login/btn_login' is clickable

2020-01-13 16:41:12 - [TEST_STEP][PASSED] - click(findTestObject("obj_login/btn_login")): Object: 'Object Repository/obj_login/btn_login' is clicked on

2020-01-13 16:41:13 - [MESSAGE][PASSED] - Object: 'Object Repository/obj_login/btn_login' is clicked on

2020-01-13 16:41:13 - [TEST_STEP][PASSED] - delay(2): Delayed 2 second(s)

2020-01-13 16:41:15 - [MESSAGE][PASSED] - Delayed 2 second(s)

2020-01-13 16:41:15 - [TEST_STEP][PASSED] - setText(findTestObject("obj_dashboard_emp/input_search"), var_parent): Text 'leongarzagarza@hotmail.com' is set on object 'Object Repository/obj_dashboard_emp/input_search'

2020-01-13 16:41:16 - [MESSAGE][PASSED] - Text 'leongarzagarza@hotmail.com' is set on object 'Object Repository/obj_dashboard_emp/input_search'

2020-01-13 16:41:16 - [TEST_STEP][PASSED] - click(findTestObject("obj_dashboard_emp/btn_accountSearch")): Object: 'Object Repository/obj_dashboard_emp/btn_accountSearch' is clicked on

2020-01-13 16:41:17 - [MESSAGE][PASSED] - Object: 'Object Repository/obj_dashboard_emp/btn_accountSearch' is clicked on

2020-01-13 16:41:17 - [TEST_STEP][PASSED] - delay(2): Delayed 2 second(s)

2020-01-13 16:41:19 - [MESSAGE][PASSED] - Delayed 2 second(s)

2020-01-13 16:41:19 - [TEST_STEP][PASSED] - click(findTestObject("obj_accountInformation/a_TEST GABRIEL PROD")): Object: 'Object Repository/obj_accountInformation/a_TEST GABRIEL PROD' is clicked on

2020-01-13 16:41:19 - [MESSAGE][PASSED] - Object: 'Object Repository/obj_accountInformation/a_TEST GABRIEL PROD' is clicked on

2020-01-13 16:41:19 - [TEST_STEP][PASSED] - delay(2): Delayed 2 second(s)

2020-01-13 16:41:21 - [MESSAGE][PASSED] - Delayed 2 second(s)

2020-01-13 16:41:21 - [TEST_STEP][PASSED] - click(findTestObject("obj_invoce/btn_createInvoice")): Object: 'Object Repository/obj_invoce/btn_createInvoice' is clicked on

2020-01-13 16:41:23 - [MESSAGE][PASSED] - Object: 'Object Repository/obj_invoce/btn_createInvoice' is clicked on

2020-01-13 16:41:23 - [TEST_STEP][PASSED] - delay(3): Delayed 3 second(s)

2020-01-13 16:41:26 - [MESSAGE][PASSED] - Delayed 3 second(s)

2020-01-13 16:41:26 - [TEST_STEP][PASSED] - if (arryPets.size() == 1): Delayed 4 second(s)

2020-01-13 16:41:26 - [TEST_STEP][PASSED] - click(findTestObject("obj_invoce/new_invoice/new_invoice_sub/btn_AddLineItem")): Object: 'Object Repository/obj_invoce/new_invoice/new_invoice_sub/btn_AddLineItem' is clicked on

2020-01-13 16:41:27 - [MESSAGE][PASSED] - Object: 'Object Repository/obj_invoce/new_invoice/new_invoice_sub/btn_AddLineItem' is clicked on

2020-01-13 16:41:27 - [TEST_STEP][PASSED] - delay(3): Delayed 3 second(s)

2020-01-13 16:41:30 - [MESSAGE][PASSED] - Delayed 3 second(s)

2020-01-13 16:41:30 - [TEST_STEP][PASSED] - click(findTestObject("obj_invoce/new_invoice/new_invoice_sub/a_Taxes ()_select2-choice_1")): Object: 'Object Repository/obj_invoce/new_invoice/new_invoice_sub/a_Taxes ()_select2-choice_1' is clicked on

2020-01-13 16:41:30 - [MESSAGE][PASSED] - Object: 'Object Repository/obj_invoce/new_invoice/new_invoice_sub/a_Taxes ()_select2-choice_1' is clicked on

2020-01-13 16:41:30 - [TEST_STEP][PASSED] - delay(3): Delayed 3 second(s)

2020-01-13 16:41:33 - [MESSAGE][PASSED] - Delayed 3 second(s)

2020-01-13 16:41:33 - [TEST_STEP][PASSED] - click(findTestObject("obj_invoce/new_invoice/new_invoice_sub/div_Zeus")): Object: 'Object Repository/obj_invoce/new_invoice/new_invoice_sub/div_Zeus' is clicked on

2020-01-13 16:41:33 - [MESSAGE][PASSED] - Object: 'Object Repository/obj_invoce/new_invoice/new_invoice_sub/div_Zeus' is clicked on

2020-01-13 16:41:33 - [TEST_STEP][NOT_RUN] - click(findTestObject("obj_invoce/new_invoice/new_invoice_sub/b")): NOT_RUN: click(findTestObject("obj_invoce/new_invoice/new_invoice_sub/b"))

2020-01-13 16:41:33 - [MESSAGE][NOT_RUN] - NOT_RUN: click(findTestObject("obj_invoce/new_invoice/new_invoice_sub/b"))

2020-01-13 16:41:33 - [TEST_STEP][NOT_RUN] - click(findTestObject("obj_invoce/new_invoice/new_invoice_sub/select_BOARDING_SUITEDAYCARE_SUITESPA_SUITE")): NOT_RUN: click(findTestObject("obj_invoce/new_invoice/new_invoice_sub/select_BOARDING_SUITEDAYCARE_SUITESPA_SUITE"))

2020-01-13 16:41:33 - [MESSAGE][NOT_RUN] - NOT_RUN: click(findTestObject("obj_invoce/new_invoice/new_invoice_sub/select_BOARDING_SUITEDAYCARE_SUITESPA_SUITE"))

2020-01-13 16:41:33 - [TEST_STEP][PASSED] - delay(3): Delayed 3 second(s)

2020-01-13 16:41:36 - [MESSAGE][PASSED] - Delayed 3 second(s)

2020-01-13 16:41:36 - [TEST_STEP][PASSED] - if (var_type == "BOARDING_SUITE"): null

2020-01-13 16:41:36 - [TEST_STEP][PASSED] - if (var_type == "DAYCARE_SUITE"): null

2020-01-13 16:41:36 - [TEST_STEP][PASSED] - if (var_type == "PACKAGE"): Object: 'Object Repository/obj_invoce/new_invoice_ok_1/select_package' is clicked on

2020-01-13 16:41:36 - [TEST_STEP][PASSED] - click(findTestObject("obj_invoce/new_invoice_ok_1/select_package"), STOP_ON_FAILURE): Object: 'Object Repository/obj_invoce/new_invoice_ok_1/select_package' is clicked on

2020-01-13 16:41:37 - [MESSAGE][PASSED] - Object: 'Object Repository/obj_invoce/new_invoice_ok_1/select_package' is clicked on

2020-01-13 16:41:37 - [TEST_STEP][PASSED] - delay(4): Delayed 4 second(s)

2020-01-13 16:41:41 - [MESSAGE][PASSED] - Delayed 4 second(s)

2020-01-13 16:41:41 - [TEST_STEP][PASSED] - sendKeys(findTestObject("obj_invoce/new_invoice/new_invoice_sub/input_Taxes_Item_1"), var_item): Keys 'M2M Monthly Membership' sent to object: 'Object Repository/obj_invoce/new_invoice/new_invoice_sub/input_Taxes_Item_1'

2020-01-13 16:41:41 - [MESSAGE][PASSED] - Keys 'M2M Monthly Membership' sent to object: 'Object Repository/obj_invoce/new_invoice/new_invoice_sub/input_Taxes_Item_1'

2020-01-13 16:41:41 - [TEST_STEP][PASSED] - delay(4): Delayed 4 second(s)

2020-01-13 16:41:45 - [MESSAGE][PASSED] - Delayed 4 second(s)

2020-01-13 16:41:45 - [TEST_STEP][PASSED] - sendKeys(findTestObject("obj_invoce/new_invoice/new_invoice_sub/input_Taxes_Item_1"), Keys.chord(ENTER)): Keys 'ENTER + ' sent to object: 'Object Repository/obj_invoce/new_invoice/new_invoice_sub/input_Taxes_Item_1'

2020-01-13 16:41:46 - [MESSAGE][PASSED] - Keys 'ENTER + ' sent to object: 'Object Repository/obj_invoce/new_invoice/new_invoice_sub/input_Taxes_Item_1'

2020-01-13 16:41:46 - [TEST_STEP][PASSED] - delay(4): Delayed 4 second(s)

2020-01-13 16:41:50 - [MESSAGE][PASSED] - Delayed 4 second(s)

2020-01-13 16:41:50 - [TEST_STEP][PASSED] - click(findTestObject("obj_invoce/new_invoice/new_invoice_sub/button_Save_Taxe")): Object: 'Object Repository/obj_invoce/new_invoice/new_invoice_sub/button_Save_Taxe' is clicked on

2020-01-13 16:41:50 - [MESSAGE][PASSED] - Object: 'Object Repository/obj_invoce/new_invoice/new_invoice_sub/button_Save_Taxe' is clicked on

2020-01-13 16:41:50 - [TEST_STEP][PASSED] - delay(4): Delayed 4 second(s)

2020-01-13 16:41:54 - [MESSAGE][PASSED] - Delayed 4 second(s)

2020-01-13 16:41:54 - [TEST_STEP][PASSED] - if (arryPets.size() == 2): null

2020-01-13 16:41:54 - [TEST_STEP][PASSED] - if (arryPets.size() == 3): null

2020-01-13 16:41:54 - [TEST_STEP][PASSED] - delay(2): Delayed 2 second(s)

2020-01-13 16:41:56 - [MESSAGE][PASSED] - Delayed 2 second(s)

2020-01-13 16:41:56 - [TEST_STEP][PASSED] - var_url = getUrl(): Current window's url is: 'https://p4p-qa-bg.aws.paradise4paws.com/accounts/profile/#/invoice/122350/1795405/'

2020-01-13 16:41:56 - [MESSAGE][PASSED] - Current window's url is: 'https://p4p-qa-bg.aws.paradise4paws.com/accounts/profile/#/invoice/122350/1795405/'

2020-01-13 16:41:56 - [TEST_STEP][PASSED] - arrayUrl = var_url.split("/"): null

2020-01-13 16:41:56 - [TEST_STEP][PASSED] - delay(2): Delayed 2 second(s)

2020-01-13 16:41:58 - [MESSAGE][PASSED] - Delayed 2 second(s)

2020-01-13 16:41:58 - [TEST_STEP][PASSED] - cell = rowInv.createCell(9, 0): null

2020-01-13 16:41:58 - [TEST_STEP][PASSED] - cell.setCellType(CELL_TYPE_STRING): null

2020-01-13 16:41:58 - [TEST_STEP][PASSED] - cell.setCellValue(arrayUrl[8]): null

2020-01-13 16:41:58 - [TEST_STEP][PASSED] - delay(2): Delayed 2 second(s)

2020-01-13 16:42:00 - [MESSAGE][PASSED] - Delayed 2 second(s)

2020-01-13 16:42:00 - [TEST_STEP][PASSED] - cell2 = rowPay.createCell(5, 0): null

2020-01-13 16:42:00 - [TEST_STEP][PASSED] - cell2.setCellType(CELL_TYPE_STRING): null

2020-01-13 16:42:00 - [TEST_STEP][PASSED] - cell2.setCellValue(arrayUrl[8]): null

2020-01-13 16:42:00 - [TEST_STEP][PASSED] - delay(2): Delayed 2 second(s)

2020-01-13 16:42:02 - [MESSAGE][PASSED] - Delayed 2 second(s)

2020-01-13 16:42:02 - [TEST_STEP][PASSED] - fosInv = new java.io.FileOutputStream(/home/leonardo-arkusmty/Desktop/P4P/DATA_AUTOMATINTESTING/data_3createInvoice.xlsx): null

2020-01-13 16:42:02 - [TEST_STEP][PASSED] - workbookInv.write(fosInv): null

2020-01-13 16:42:02 - [TEST_STEP][PASSED] - fosInv.close(): null

2020-01-13 16:42:02 - [TEST_STEP][PASSED] - fosPay = new java.io.FileOutputStream(/home/leonardo-arkusmty/Desktop/P4P/DATA_AUTOMATINTESTING/data_4payment.xlsx): null

2020-01-13 16:42:02 - [TEST_STEP][PASSED] - workbookPay.write(fosPay): null

2020-01-13 16:42:02 - [TEST_STEP][PASSED] - fosPay.close(): null

2020-01-13 16:42:02 - [TEST_STEP][PASSED] - delay(2): Delayed 2 second(s)

2020-01-13 16:42:04 - [MESSAGE][PASSED] - Delayed 2 second(s)]]></system-out>
         <system-err><![CDATA[]]></system-err>
      </testcase>
      <testcase name="Test Cases/p4p_createInvoce_ok_spy" time="79.757" classname="Test Cases/p4p_createInvoce_ok_spy" status="PASSED">
         <system-out><![CDATA[2020-01-13 16:42:04 - [TEST_CASE][PASSED] - Test Cases/p4p_createInvoce_ok_spy: Test Cases/p4p_createInvoce_ok_spy

2020-01-13 16:42:04 - [TEST_STEP][PASSED] - openBrowser("https://p4p-qa-bg.aws.paradise4paws.com/login/"): Browser is opened with url: 'https://p4p-qa-bg.aws.paradise4paws.com/login/'

2020-01-13 16:42:04 - [MESSAGE][WARNING] - A browser is already opened. Closing browser and opening a new one

2020-01-13 16:42:04 - [MESSAGE][INFO] - Starting 'Chrome' driver

2020-01-13 16:42:06 - [MESSAGE][PASSED] - Browser is opened with url: 'https://p4p-qa-bg.aws.paradise4paws.com/login/'

2020-01-13 16:42:06 - [TEST_STEP][PASSED] - maximizeWindow(): Current window maximized

2020-01-13 16:42:06 - [MESSAGE][PASSED] - Current window maximized

2020-01-13 16:42:06 - [TEST_STEP][PASSED] - arryPets = var_pets.split(","): null

2020-01-13 16:42:06 - [TEST_STEP][PASSED] - flagBoar = "0": null

2020-01-13 16:42:06 - [TEST_STEP][PASSED] - log = new com.kms.katalon.core.logging.KeywordLogger(): null

2020-01-13 16:42:06 - [TEST_STEP][PASSED] - fisInv = new java.io.FileInputStream(/home/leonardo-arkusmty/Desktop/P4P/DATA_AUTOMATINTESTING/data_3createInvoice.xlsx): null

2020-01-13 16:42:06 - [TEST_STEP][PASSED] - fisPay = new java.io.FileInputStream(/home/leonardo-arkusmty/Desktop/P4P/DATA_AUTOMATINTESTING/data_4payment.xlsx): null

2020-01-13 16:42:06 - [TEST_STEP][PASSED] - workbookInv = new org.apache.poi.xssf.usermodel.XSSFWorkbook(fisInv): null

2020-01-13 16:42:06 - [TEST_STEP][PASSED] - workbookPay = new org.apache.poi.xssf.usermodel.XSSFWorkbook(fisPay): null

2020-01-13 16:42:06 - [TEST_STEP][PASSED] - sheetInv = workbookInv.getSheet("Sheet1"): null

2020-01-13 16:42:06 - [TEST_STEP][PASSED] - sheetPay = workbookPay.getSheet("Sheet1"): null

2020-01-13 16:42:06 - [TEST_STEP][PASSED] - var = Integer.parseInt(var_idRowRes): null

2020-01-13 16:42:06 - [TEST_STEP][PASSED] - rowInv = sheetInv.getRow(var): null

2020-01-13 16:42:06 - [TEST_STEP][PASSED] - rowPay = sheetPay.getRow(var): null

2020-01-13 16:42:06 - [TEST_STEP][PASSED] - today = new java.util.Date(): null

2020-01-13 16:42:06 - [TEST_STEP][PASSED] - todaysDate1 = today.format("mmm/dd/yy"): null

2020-01-13 16:42:06 - [TEST_STEP][PASSED] - todaysDate2 = today.format("dd/mm/yy"): null

2020-01-13 16:42:06 - [TEST_STEP][PASSED] - todaysDate3 = today.format("dd"): null

2020-01-13 16:42:06 - [TEST_STEP][PASSED] - nowTime = today.format("hhmm"): null

2020-01-13 16:42:06 - [TEST_STEP][PASSED] - setText(findTestObject("obj_login/input_user"), var_user): Text 'jegchavez@gmail.com' is set on object 'Object Repository/obj_login/input_user'

2020-01-13 16:42:07 - [MESSAGE][PASSED] - Text 'jegchavez@gmail.com' is set on object 'Object Repository/obj_login/input_user'

2020-01-13 16:42:07 - [TEST_STEP][PASSED] - setText(findTestObject("obj_login/input_pass"), var_pass): Text 'admin1' is set on object 'Object Repository/obj_login/input_pass'

2020-01-13 16:42:07 - [MESSAGE][PASSED] - Text 'admin1' is set on object 'Object Repository/obj_login/input_pass'

2020-01-13 16:42:07 - [TEST_STEP][PASSED] - delay(2): Delayed 2 second(s)

2020-01-13 16:42:09 - [MESSAGE][PASSED] - Delayed 2 second(s)

2020-01-13 16:42:09 - [TEST_STEP][PASSED] - verifyElementClickable(findTestObject("obj_login/btn_login")): Object 'Object Repository/obj_login/btn_login' is clickable

2020-01-13 16:42:10 - [MESSAGE][PASSED] - Object 'Object Repository/obj_login/btn_login' is clickable

2020-01-13 16:42:10 - [TEST_STEP][PASSED] - click(findTestObject("obj_login/btn_login")): Object: 'Object Repository/obj_login/btn_login' is clicked on

2020-01-13 16:42:11 - [MESSAGE][PASSED] - Object: 'Object Repository/obj_login/btn_login' is clicked on

2020-01-13 16:42:11 - [TEST_STEP][PASSED] - delay(2): Delayed 2 second(s)

2020-01-13 16:42:13 - [MESSAGE][PASSED] - Delayed 2 second(s)

2020-01-13 16:42:13 - [TEST_STEP][PASSED] - setText(findTestObject("obj_dashboard_emp/input_search"), var_parent): Text 'leongarzagarza@hotmail.com' is set on object 'Object Repository/obj_dashboard_emp/input_search'

2020-01-13 16:42:14 - [MESSAGE][PASSED] - Text 'leongarzagarza@hotmail.com' is set on object 'Object Repository/obj_dashboard_emp/input_search'

2020-01-13 16:42:14 - [TEST_STEP][PASSED] - click(findTestObject("obj_dashboard_emp/btn_accountSearch")): Object: 'Object Repository/obj_dashboard_emp/btn_accountSearch' is clicked on

2020-01-13 16:42:15 - [MESSAGE][PASSED] - Object: 'Object Repository/obj_dashboard_emp/btn_accountSearch' is clicked on

2020-01-13 16:42:15 - [TEST_STEP][PASSED] - delay(2): Delayed 2 second(s)

2020-01-13 16:42:17 - [MESSAGE][PASSED] - Delayed 2 second(s)

2020-01-13 16:42:17 - [TEST_STEP][PASSED] - click(findTestObject("obj_accountInformation/a_TEST GABRIEL PROD")): Object: 'Object Repository/obj_accountInformation/a_TEST GABRIEL PROD' is clicked on

2020-01-13 16:42:17 - [MESSAGE][PASSED] - Object: 'Object Repository/obj_accountInformation/a_TEST GABRIEL PROD' is clicked on

2020-01-13 16:42:17 - [TEST_STEP][PASSED] - delay(2): Delayed 2 second(s)

2020-01-13 16:42:19 - [MESSAGE][PASSED] - Delayed 2 second(s)

2020-01-13 16:42:19 - [TEST_STEP][PASSED] - click(findTestObject("obj_invoce/btn_createInvoice")): Object: 'Object Repository/obj_invoce/btn_createInvoice' is clicked on

2020-01-13 16:42:21 - [MESSAGE][PASSED] - Object: 'Object Repository/obj_invoce/btn_createInvoice' is clicked on

2020-01-13 16:42:21 - [TEST_STEP][PASSED] - delay(3): Delayed 3 second(s)

2020-01-13 16:42:24 - [MESSAGE][PASSED] - Delayed 3 second(s)

2020-01-13 16:42:24 - [TEST_STEP][PASSED] - if (arryPets.size() == 1): null

2020-01-13 16:42:24 - [TEST_STEP][PASSED] - if (arryPets.size() == 2): Delayed 4 second(s)

2020-01-13 16:42:24 - [TEST_STEP][PASSED] - click(findTestObject("obj_invoce/new_invoice/new_invoice_sub/btn_AddLineItem")): Object: 'Object Repository/obj_invoce/new_invoice/new_invoice_sub/btn_AddLineItem' is clicked on

2020-01-13 16:42:25 - [MESSAGE][PASSED] - Object: 'Object Repository/obj_invoce/new_invoice/new_invoice_sub/btn_AddLineItem' is clicked on

2020-01-13 16:42:25 - [TEST_STEP][PASSED] - delay(3): Delayed 3 second(s)

2020-01-13 16:42:28 - [MESSAGE][PASSED] - Delayed 3 second(s)

2020-01-13 16:42:28 - [TEST_STEP][PASSED] - click(findTestObject("obj_invoce/new_invoice/new_invoice_sub/a_Taxes ()_select2-choice_1")): Object: 'Object Repository/obj_invoce/new_invoice/new_invoice_sub/a_Taxes ()_select2-choice_1' is clicked on

2020-01-13 16:42:28 - [MESSAGE][PASSED] - Object: 'Object Repository/obj_invoce/new_invoice/new_invoice_sub/a_Taxes ()_select2-choice_1' is clicked on

2020-01-13 16:42:28 - [TEST_STEP][PASSED] - delay(3): Delayed 3 second(s)

2020-01-13 16:42:31 - [MESSAGE][PASSED] - Delayed 3 second(s)

2020-01-13 16:42:31 - [TEST_STEP][PASSED] - click(findTestObject("obj_invoce/new_invoice/new_invoice_sub/div_Zeus")): Object: 'Object Repository/obj_invoce/new_invoice/new_invoice_sub/div_Zeus' is clicked on

2020-01-13 16:42:32 - [MESSAGE][PASSED] - Object: 'Object Repository/obj_invoce/new_invoice/new_invoice_sub/div_Zeus' is clicked on

2020-01-13 16:42:32 - [TEST_STEP][NOT_RUN] - click(findTestObject("obj_invoce/new_invoice/new_invoice_sub/b")): NOT_RUN: click(findTestObject("obj_invoce/new_invoice/new_invoice_sub/b"))

2020-01-13 16:42:32 - [MESSAGE][NOT_RUN] - NOT_RUN: click(findTestObject("obj_invoce/new_invoice/new_invoice_sub/b"))

2020-01-13 16:42:32 - [TEST_STEP][NOT_RUN] - click(findTestObject("obj_invoce/new_invoice/new_invoice_sub/select_BOARDING_SUITEDAYCARE_SUITESPA_SUITE")): NOT_RUN: click(findTestObject("obj_invoce/new_invoice/new_invoice_sub/select_BOARDING_SUITEDAYCARE_SUITESPA_SUITE"))

2020-01-13 16:42:32 - [MESSAGE][NOT_RUN] - NOT_RUN: click(findTestObject("obj_invoce/new_invoice/new_invoice_sub/select_BOARDING_SUITEDAYCARE_SUITESPA_SUITE"))

2020-01-13 16:42:32 - [TEST_STEP][PASSED] - delay(3): Delayed 3 second(s)

2020-01-13 16:42:35 - [MESSAGE][PASSED] - Delayed 3 second(s)

2020-01-13 16:42:35 - [TEST_STEP][PASSED] - if (var_type == "BOARDING_SUITE"): Object: 'Object Repository/obj_invoce/new_invoice_ok_1/select_boarding' is clicked on

2020-01-13 16:42:35 - [TEST_STEP][PASSED] - click(findTestObject("obj_invoce/new_invoice_ok_1/select_boarding"), STOP_ON_FAILURE): Object: 'Object Repository/obj_invoce/new_invoice_ok_1/select_boarding' is clicked on

2020-01-13 16:42:35 - [MESSAGE][PASSED] - Object: 'Object Repository/obj_invoce/new_invoice_ok_1/select_boarding' is clicked on

2020-01-13 16:42:35 - [TEST_STEP][PASSED] - if (var_type == "DAYCARE_SUITE"): null

2020-01-13 16:42:35 - [TEST_STEP][PASSED] - if (var_type == "PACKAGE"): null

2020-01-13 16:42:35 - [TEST_STEP][PASSED] - delay(4): Delayed 4 second(s)

2020-01-13 16:42:39 - [MESSAGE][PASSED] - Delayed 4 second(s)

2020-01-13 16:42:39 - [TEST_STEP][PASSED] - sendKeys(findTestObject("obj_invoce/new_invoice/new_invoice_sub/input_Taxes_Item_1"), var_item): Keys 'Oasis Suite' sent to object: 'Object Repository/obj_invoce/new_invoice/new_invoice_sub/input_Taxes_Item_1'

2020-01-13 16:42:40 - [MESSAGE][PASSED] - Keys 'Oasis Suite' sent to object: 'Object Repository/obj_invoce/new_invoice/new_invoice_sub/input_Taxes_Item_1'

2020-01-13 16:42:40 - [TEST_STEP][PASSED] - delay(4): Delayed 4 second(s)

2020-01-13 16:42:44 - [MESSAGE][PASSED] - Delayed 4 second(s)

2020-01-13 16:42:44 - [TEST_STEP][PASSED] - sendKeys(findTestObject("obj_invoce/new_invoice/new_invoice_sub/input_Taxes_Item_1"), Keys.chord(ENTER)): Keys 'ENTER + ' sent to object: 'Object Repository/obj_invoce/new_invoice/new_invoice_sub/input_Taxes_Item_1'

2020-01-13 16:42:44 - [MESSAGE][PASSED] - Keys 'ENTER + ' sent to object: 'Object Repository/obj_invoce/new_invoice/new_invoice_sub/input_Taxes_Item_1'

2020-01-13 16:42:44 - [TEST_STEP][PASSED] - delay(4): Delayed 4 second(s)

2020-01-13 16:42:48 - [MESSAGE][PASSED] - Delayed 4 second(s)

2020-01-13 16:42:48 - [TEST_STEP][PASSED] - click(findTestObject("obj_invoce/new_invoice/new_invoice_sub/btn_AddLineItem")): Object: 'Object Repository/obj_invoce/new_invoice/new_invoice_sub/btn_AddLineItem' is clicked on

2020-01-13 16:42:48 - [MESSAGE][PASSED] - Object: 'Object Repository/obj_invoce/new_invoice/new_invoice_sub/btn_AddLineItem' is clicked on

2020-01-13 16:42:48 - [TEST_STEP][PASSED] - delay(3): Delayed 3 second(s)

2020-01-13 16:42:51 - [MESSAGE][PASSED] - Delayed 3 second(s)

2020-01-13 16:42:51 - [TEST_STEP][PASSED] - click(findTestObject("obj_invoce/new_invoice/new_invoice_sub2/a_Taxes ()_select2-choice_2")): Object: 'Object Repository/obj_invoce/new_invoice/new_invoice_sub2/a_Taxes ()_select2-choice_2' is clicked on

2020-01-13 16:42:52 - [MESSAGE][PASSED] - Object: 'Object Repository/obj_invoce/new_invoice/new_invoice_sub2/a_Taxes ()_select2-choice_2' is clicked on

2020-01-13 16:42:52 - [TEST_STEP][PASSED] - delay(3): Delayed 3 second(s)

2020-01-13 16:42:55 - [MESSAGE][PASSED] - Delayed 3 second(s)

2020-01-13 16:42:55 - [TEST_STEP][PASSED] - click(findTestObject("obj_invoce/new_invoice/new_invoice_sub/div_Ares")): Object: 'Object Repository/obj_invoce/new_invoice/new_invoice_sub/div_Ares' is clicked on

2020-01-13 16:42:55 - [MESSAGE][PASSED] - Object: 'Object Repository/obj_invoce/new_invoice/new_invoice_sub/div_Ares' is clicked on

2020-01-13 16:42:55 - [TEST_STEP][NOT_RUN] - click(findTestObject("obj_invoce/new_invoice/new_invoice_sub/b")): NOT_RUN: click(findTestObject("obj_invoce/new_invoice/new_invoice_sub/b"))

2020-01-13 16:42:55 - [MESSAGE][NOT_RUN] - NOT_RUN: click(findTestObject("obj_invoce/new_invoice/new_invoice_sub/b"))

2020-01-13 16:42:55 - [TEST_STEP][NOT_RUN] - click(findTestObject("obj_invoce/new_invoice/new_invoice_sub/select_BOARDING_SUITEDAYCARE_SUITESPA_SUITE")): NOT_RUN: click(findTestObject("obj_invoce/new_invoice/new_invoice_sub/select_BOARDING_SUITEDAYCARE_SUITESPA_SUITE"))

2020-01-13 16:42:55 - [MESSAGE][NOT_RUN] - NOT_RUN: click(findTestObject("obj_invoce/new_invoice/new_invoice_sub/select_BOARDING_SUITEDAYCARE_SUITESPA_SUITE"))

2020-01-13 16:42:55 - [TEST_STEP][PASSED] - delay(3): Delayed 3 second(s)

2020-01-13 16:42:58 - [MESSAGE][PASSED] - Delayed 3 second(s)

2020-01-13 16:42:58 - [TEST_STEP][PASSED] - if (var_type == "BOARDING_SUITE"): Object: 'Object Repository/obj_invoce/new_invoice/new_invoice_sub2/select_boarding_2' is clicked on

2020-01-13 16:42:58 - [TEST_STEP][PASSED] - click(findTestObject("obj_invoce/new_invoice/new_invoice_sub2/select_boarding_2"), STOP_ON_FAILURE): Object: 'Object Repository/obj_invoce/new_invoice/new_invoice_sub2/select_boarding_2' is clicked on

2020-01-13 16:42:59 - [MESSAGE][PASSED] - Object: 'Object Repository/obj_invoce/new_invoice/new_invoice_sub2/select_boarding_2' is clicked on

2020-01-13 16:42:59 - [TEST_STEP][PASSED] - if (var_type == "DAYCARE_SUITE"): null

2020-01-13 16:42:59 - [TEST_STEP][PASSED] - if (var_type == "PACKAGE"): null

2020-01-13 16:42:59 - [TEST_STEP][PASSED] - delay(4): Delayed 4 second(s)

2020-01-13 16:43:03 - [MESSAGE][PASSED] - Delayed 4 second(s)

2020-01-13 16:43:03 - [TEST_STEP][PASSED] - try: Delayed 3 second(s)

2020-01-13 16:43:03 - [TEST_STEP][PASSED] - sendKeys(findTestObject("obj_invoce/new_invoice/new_invoice_sub2/input_Taxes_Item_2"), var_item): Keys 'Oasis Suite' sent to object: 'Object Repository/obj_invoce/new_invoice/new_invoice_sub2/input_Taxes_Item_2'

2020-01-13 16:43:03 - [MESSAGE][PASSED] - Keys 'Oasis Suite' sent to object: 'Object Repository/obj_invoce/new_invoice/new_invoice_sub2/input_Taxes_Item_2'

2020-01-13 16:43:03 - [TEST_STEP][PASSED] - delay(3): Delayed 3 second(s)

2020-01-13 16:43:06 - [MESSAGE][PASSED] - Delayed 3 second(s)

2020-01-13 16:43:06 - [TEST_STEP][PASSED] - sendKeys(findTestObject("obj_invoce/new_invoice/new_invoice_sub2/input_Taxes_Item_2"), Keys.chord(ENTER)): Keys 'ENTER + ' sent to object: 'Object Repository/obj_invoce/new_invoice/new_invoice_sub2/input_Taxes_Item_2'

2020-01-13 16:43:07 - [MESSAGE][PASSED] - Keys 'ENTER + ' sent to object: 'Object Repository/obj_invoce/new_invoice/new_invoice_sub2/input_Taxes_Item_2'

2020-01-13 16:43:07 - [TEST_STEP][PASSED] - delay(3): Delayed 3 second(s)

2020-01-13 16:43:10 - [MESSAGE][PASSED] - Delayed 3 second(s)

2020-01-13 16:43:10 - [TEST_STEP][PASSED] - try: Delayed 4 second(s)

2020-01-13 16:43:10 - [TEST_STEP][PASSED] - click(findTestObject("obj_invoce/new_invoice/new_invoice_sub/button_Save_Taxe")): Object: 'Object Repository/obj_invoce/new_invoice/new_invoice_sub/button_Save_Taxe' is clicked on

2020-01-13 16:43:10 - [MESSAGE][PASSED] - Object: 'Object Repository/obj_invoce/new_invoice/new_invoice_sub/button_Save_Taxe' is clicked on

2020-01-13 16:43:10 - [TEST_STEP][PASSED] - delay(4): Delayed 4 second(s)

2020-01-13 16:43:14 - [MESSAGE][PASSED] - Delayed 4 second(s)

2020-01-13 16:43:14 - [TEST_STEP][PASSED] - if (arryPets.size() == 3): null

2020-01-13 16:43:14 - [TEST_STEP][PASSED] - delay(2): Delayed 2 second(s)

2020-01-13 16:43:16 - [MESSAGE][PASSED] - Delayed 2 second(s)

2020-01-13 16:43:16 - [TEST_STEP][PASSED] - var_url = getUrl(): Current window's url is: 'https://p4p-qa-bg.aws.paradise4paws.com/accounts/profile/#/invoice/122350/1795407/'

2020-01-13 16:43:16 - [MESSAGE][PASSED] - Current window's url is: 'https://p4p-qa-bg.aws.paradise4paws.com/accounts/profile/#/invoice/122350/1795407/'

2020-01-13 16:43:16 - [TEST_STEP][PASSED] - arrayUrl = var_url.split("/"): null

2020-01-13 16:43:16 - [TEST_STEP][PASSED] - delay(2): Delayed 2 second(s)

2020-01-13 16:43:18 - [MESSAGE][PASSED] - Delayed 2 second(s)

2020-01-13 16:43:18 - [TEST_STEP][PASSED] - cell = rowInv.createCell(9, 0): null

2020-01-13 16:43:18 - [TEST_STEP][PASSED] - cell.setCellType(CELL_TYPE_STRING): null

2020-01-13 16:43:18 - [TEST_STEP][PASSED] - cell.setCellValue(arrayUrl[8]): null

2020-01-13 16:43:18 - [TEST_STEP][PASSED] - delay(2): Delayed 2 second(s)

2020-01-13 16:43:20 - [MESSAGE][PASSED] - Delayed 2 second(s)

2020-01-13 16:43:20 - [TEST_STEP][PASSED] - cell2 = rowPay.createCell(5, 0): null

2020-01-13 16:43:20 - [TEST_STEP][PASSED] - cell2.setCellType(CELL_TYPE_STRING): null

2020-01-13 16:43:20 - [TEST_STEP][PASSED] - cell2.setCellValue(arrayUrl[8]): null

2020-01-13 16:43:20 - [TEST_STEP][PASSED] - delay(2): Delayed 2 second(s)

2020-01-13 16:43:22 - [MESSAGE][PASSED] - Delayed 2 second(s)

2020-01-13 16:43:22 - [TEST_STEP][PASSED] - fosInv = new java.io.FileOutputStream(/home/leonardo-arkusmty/Desktop/P4P/DATA_AUTOMATINTESTING/data_3createInvoice.xlsx): null

2020-01-13 16:43:22 - [TEST_STEP][PASSED] - workbookInv.write(fosInv): null

2020-01-13 16:43:22 - [TEST_STEP][PASSED] - fosInv.close(): null

2020-01-13 16:43:22 - [TEST_STEP][PASSED] - fosPay = new java.io.FileOutputStream(/home/leonardo-arkusmty/Desktop/P4P/DATA_AUTOMATINTESTING/data_4payment.xlsx): null

2020-01-13 16:43:22 - [TEST_STEP][PASSED] - workbookPay.write(fosPay): null

2020-01-13 16:43:22 - [TEST_STEP][PASSED] - fosPay.close(): null

2020-01-13 16:43:22 - [TEST_STEP][PASSED] - delay(2): Delayed 2 second(s)

2020-01-13 16:43:24 - [MESSAGE][PASSED] - Delayed 2 second(s)]]></system-out>
         <system-err><![CDATA[]]></system-err>
      </testcase>
      <testcase name="Test Cases/p4p_createInvoce_ok_spy" time="79.668" classname="Test Cases/p4p_createInvoce_ok_spy" status="PASSED">
         <system-out><![CDATA[2020-01-13 16:43:24 - [TEST_CASE][PASSED] - Test Cases/p4p_createInvoce_ok_spy: Test Cases/p4p_createInvoce_ok_spy

2020-01-13 16:43:24 - [TEST_STEP][PASSED] - openBrowser("https://p4p-qa-bg.aws.paradise4paws.com/login/"): Browser is opened with url: 'https://p4p-qa-bg.aws.paradise4paws.com/login/'

2020-01-13 16:43:24 - [MESSAGE][WARNING] - A browser is already opened. Closing browser and opening a new one

2020-01-13 16:43:24 - [MESSAGE][INFO] - Starting 'Chrome' driver

2020-01-13 16:43:26 - [MESSAGE][PASSED] - Browser is opened with url: 'https://p4p-qa-bg.aws.paradise4paws.com/login/'

2020-01-13 16:43:26 - [TEST_STEP][PASSED] - maximizeWindow(): Current window maximized

2020-01-13 16:43:26 - [MESSAGE][PASSED] - Current window maximized

2020-01-13 16:43:26 - [TEST_STEP][PASSED] - arryPets = var_pets.split(","): null

2020-01-13 16:43:26 - [TEST_STEP][PASSED] - flagBoar = "0": null

2020-01-13 16:43:26 - [TEST_STEP][PASSED] - log = new com.kms.katalon.core.logging.KeywordLogger(): null

2020-01-13 16:43:26 - [TEST_STEP][PASSED] - fisInv = new java.io.FileInputStream(/home/leonardo-arkusmty/Desktop/P4P/DATA_AUTOMATINTESTING/data_3createInvoice.xlsx): null

2020-01-13 16:43:26 - [TEST_STEP][PASSED] - fisPay = new java.io.FileInputStream(/home/leonardo-arkusmty/Desktop/P4P/DATA_AUTOMATINTESTING/data_4payment.xlsx): null

2020-01-13 16:43:26 - [TEST_STEP][PASSED] - workbookInv = new org.apache.poi.xssf.usermodel.XSSFWorkbook(fisInv): null

2020-01-13 16:43:26 - [TEST_STEP][PASSED] - workbookPay = new org.apache.poi.xssf.usermodel.XSSFWorkbook(fisPay): null

2020-01-13 16:43:26 - [TEST_STEP][PASSED] - sheetInv = workbookInv.getSheet("Sheet1"): null

2020-01-13 16:43:26 - [TEST_STEP][PASSED] - sheetPay = workbookPay.getSheet("Sheet1"): null

2020-01-13 16:43:26 - [TEST_STEP][PASSED] - var = Integer.parseInt(var_idRowRes): null

2020-01-13 16:43:26 - [TEST_STEP][PASSED] - rowInv = sheetInv.getRow(var): null

2020-01-13 16:43:26 - [TEST_STEP][PASSED] - rowPay = sheetPay.getRow(var): null

2020-01-13 16:43:26 - [TEST_STEP][PASSED] - today = new java.util.Date(): null

2020-01-13 16:43:26 - [TEST_STEP][PASSED] - todaysDate1 = today.format("mmm/dd/yy"): null

2020-01-13 16:43:26 - [TEST_STEP][PASSED] - todaysDate2 = today.format("dd/mm/yy"): null

2020-01-13 16:43:26 - [TEST_STEP][PASSED] - todaysDate3 = today.format("dd"): null

2020-01-13 16:43:26 - [TEST_STEP][PASSED] - nowTime = today.format("hhmm"): null

2020-01-13 16:43:26 - [TEST_STEP][PASSED] - setText(findTestObject("obj_login/input_user"), var_user): Text 'jegchavez@gmail.com' is set on object 'Object Repository/obj_login/input_user'

2020-01-13 16:43:27 - [MESSAGE][PASSED] - Text 'jegchavez@gmail.com' is set on object 'Object Repository/obj_login/input_user'

2020-01-13 16:43:27 - [TEST_STEP][PASSED] - setText(findTestObject("obj_login/input_pass"), var_pass): Text 'admin1' is set on object 'Object Repository/obj_login/input_pass'

2020-01-13 16:43:27 - [MESSAGE][PASSED] - Text 'admin1' is set on object 'Object Repository/obj_login/input_pass'

2020-01-13 16:43:27 - [TEST_STEP][PASSED] - delay(2): Delayed 2 second(s)

2020-01-13 16:43:29 - [MESSAGE][PASSED] - Delayed 2 second(s)

2020-01-13 16:43:29 - [TEST_STEP][PASSED] - verifyElementClickable(findTestObject("obj_login/btn_login")): Object 'Object Repository/obj_login/btn_login' is clickable

2020-01-13 16:43:30 - [MESSAGE][PASSED] - Object 'Object Repository/obj_login/btn_login' is clickable

2020-01-13 16:43:30 - [TEST_STEP][PASSED] - click(findTestObject("obj_login/btn_login")): Object: 'Object Repository/obj_login/btn_login' is clicked on

2020-01-13 16:43:31 - [MESSAGE][PASSED] - Object: 'Object Repository/obj_login/btn_login' is clicked on

2020-01-13 16:43:31 - [TEST_STEP][PASSED] - delay(2): Delayed 2 second(s)

2020-01-13 16:43:33 - [MESSAGE][PASSED] - Delayed 2 second(s)

2020-01-13 16:43:33 - [TEST_STEP][PASSED] - setText(findTestObject("obj_dashboard_emp/input_search"), var_parent): Text 'leongarzagarza@hotmail.com' is set on object 'Object Repository/obj_dashboard_emp/input_search'

2020-01-13 16:43:33 - [MESSAGE][PASSED] - Text 'leongarzagarza@hotmail.com' is set on object 'Object Repository/obj_dashboard_emp/input_search'

2020-01-13 16:43:33 - [TEST_STEP][PASSED] - click(findTestObject("obj_dashboard_emp/btn_accountSearch")): Object: 'Object Repository/obj_dashboard_emp/btn_accountSearch' is clicked on

2020-01-13 16:43:34 - [MESSAGE][PASSED] - Object: 'Object Repository/obj_dashboard_emp/btn_accountSearch' is clicked on

2020-01-13 16:43:34 - [TEST_STEP][PASSED] - delay(2): Delayed 2 second(s)

2020-01-13 16:43:36 - [MESSAGE][PASSED] - Delayed 2 second(s)

2020-01-13 16:43:36 - [TEST_STEP][PASSED] - click(findTestObject("obj_accountInformation/a_TEST GABRIEL PROD")): Object: 'Object Repository/obj_accountInformation/a_TEST GABRIEL PROD' is clicked on

2020-01-13 16:43:37 - [MESSAGE][PASSED] - Object: 'Object Repository/obj_accountInformation/a_TEST GABRIEL PROD' is clicked on

2020-01-13 16:43:37 - [TEST_STEP][PASSED] - delay(2): Delayed 2 second(s)

2020-01-13 16:43:39 - [MESSAGE][PASSED] - Delayed 2 second(s)

2020-01-13 16:43:39 - [TEST_STEP][PASSED] - click(findTestObject("obj_invoce/btn_createInvoice")): Object: 'Object Repository/obj_invoce/btn_createInvoice' is clicked on

2020-01-13 16:43:41 - [MESSAGE][PASSED] - Object: 'Object Repository/obj_invoce/btn_createInvoice' is clicked on

2020-01-13 16:43:41 - [TEST_STEP][PASSED] - delay(3): Delayed 3 second(s)

2020-01-13 16:43:44 - [MESSAGE][PASSED] - Delayed 3 second(s)

2020-01-13 16:43:44 - [TEST_STEP][PASSED] - if (arryPets.size() == 1): null

2020-01-13 16:43:44 - [TEST_STEP][PASSED] - if (arryPets.size() == 2): Delayed 4 second(s)

2020-01-13 16:43:44 - [TEST_STEP][PASSED] - click(findTestObject("obj_invoce/new_invoice/new_invoice_sub/btn_AddLineItem")): Object: 'Object Repository/obj_invoce/new_invoice/new_invoice_sub/btn_AddLineItem' is clicked on

2020-01-13 16:43:45 - [MESSAGE][PASSED] - Object: 'Object Repository/obj_invoce/new_invoice/new_invoice_sub/btn_AddLineItem' is clicked on

2020-01-13 16:43:45 - [TEST_STEP][PASSED] - delay(3): Delayed 3 second(s)

2020-01-13 16:43:48 - [MESSAGE][PASSED] - Delayed 3 second(s)

2020-01-13 16:43:48 - [TEST_STEP][PASSED] - click(findTestObject("obj_invoce/new_invoice/new_invoice_sub/a_Taxes ()_select2-choice_1")): Object: 'Object Repository/obj_invoce/new_invoice/new_invoice_sub/a_Taxes ()_select2-choice_1' is clicked on

2020-01-13 16:43:48 - [MESSAGE][PASSED] - Object: 'Object Repository/obj_invoce/new_invoice/new_invoice_sub/a_Taxes ()_select2-choice_1' is clicked on

2020-01-13 16:43:48 - [TEST_STEP][PASSED] - delay(3): Delayed 3 second(s)

2020-01-13 16:43:51 - [MESSAGE][PASSED] - Delayed 3 second(s)

2020-01-13 16:43:51 - [TEST_STEP][PASSED] - click(findTestObject("obj_invoce/new_invoice/new_invoice_sub/div_Zeus")): Object: 'Object Repository/obj_invoce/new_invoice/new_invoice_sub/div_Zeus' is clicked on

2020-01-13 16:43:51 - [MESSAGE][PASSED] - Object: 'Object Repository/obj_invoce/new_invoice/new_invoice_sub/div_Zeus' is clicked on

2020-01-13 16:43:51 - [TEST_STEP][NOT_RUN] - click(findTestObject("obj_invoce/new_invoice/new_invoice_sub/b")): NOT_RUN: click(findTestObject("obj_invoce/new_invoice/new_invoice_sub/b"))

2020-01-13 16:43:51 - [MESSAGE][NOT_RUN] - NOT_RUN: click(findTestObject("obj_invoce/new_invoice/new_invoice_sub/b"))

2020-01-13 16:43:51 - [TEST_STEP][NOT_RUN] - click(findTestObject("obj_invoce/new_invoice/new_invoice_sub/select_BOARDING_SUITEDAYCARE_SUITESPA_SUITE")): NOT_RUN: click(findTestObject("obj_invoce/new_invoice/new_invoice_sub/select_BOARDING_SUITEDAYCARE_SUITESPA_SUITE"))

2020-01-13 16:43:51 - [MESSAGE][NOT_RUN] - NOT_RUN: click(findTestObject("obj_invoce/new_invoice/new_invoice_sub/select_BOARDING_SUITEDAYCARE_SUITESPA_SUITE"))

2020-01-13 16:43:51 - [TEST_STEP][PASSED] - delay(3): Delayed 3 second(s)

2020-01-13 16:43:54 - [MESSAGE][PASSED] - Delayed 3 second(s)

2020-01-13 16:43:54 - [TEST_STEP][PASSED] - if (var_type == "BOARDING_SUITE"): null

2020-01-13 16:43:54 - [TEST_STEP][PASSED] - if (var_type == "DAYCARE_SUITE"): Object: 'Object Repository/obj_invoce/new_invoice_ok_1/select_day' is clicked on

2020-01-13 16:43:54 - [TEST_STEP][PASSED] - click(findTestObject("obj_invoce/new_invoice_ok_1/select_day"), STOP_ON_FAILURE): Object: 'Object Repository/obj_invoce/new_invoice_ok_1/select_day' is clicked on

2020-01-13 16:43:55 - [MESSAGE][PASSED] - Object: 'Object Repository/obj_invoce/new_invoice_ok_1/select_day' is clicked on

2020-01-13 16:43:55 - [TEST_STEP][PASSED] - if (var_type == "PACKAGE"): null

2020-01-13 16:43:55 - [TEST_STEP][PASSED] - delay(4): Delayed 4 second(s)

2020-01-13 16:43:59 - [MESSAGE][PASSED] - Delayed 4 second(s)

2020-01-13 16:43:59 - [TEST_STEP][PASSED] - sendKeys(findTestObject("obj_invoce/new_invoice/new_invoice_sub/input_Taxes_Item_1"), var_item): Keys 'Half Day of Daycare' sent to object: 'Object Repository/obj_invoce/new_invoice/new_invoice_sub/input_Taxes_Item_1'

2020-01-13 16:43:59 - [MESSAGE][PASSED] - Keys 'Half Day of Daycare' sent to object: 'Object Repository/obj_invoce/new_invoice/new_invoice_sub/input_Taxes_Item_1'

2020-01-13 16:43:59 - [TEST_STEP][PASSED] - delay(4): Delayed 4 second(s)

2020-01-13 16:44:03 - [MESSAGE][PASSED] - Delayed 4 second(s)

2020-01-13 16:44:03 - [TEST_STEP][PASSED] - sendKeys(findTestObject("obj_invoce/new_invoice/new_invoice_sub/input_Taxes_Item_1"), Keys.chord(ENTER)): Keys 'ENTER + ' sent to object: 'Object Repository/obj_invoce/new_invoice/new_invoice_sub/input_Taxes_Item_1'

2020-01-13 16:44:04 - [MESSAGE][PASSED] - Keys 'ENTER + ' sent to object: 'Object Repository/obj_invoce/new_invoice/new_invoice_sub/input_Taxes_Item_1'

2020-01-13 16:44:04 - [TEST_STEP][PASSED] - delay(4): Delayed 4 second(s)

2020-01-13 16:44:08 - [MESSAGE][PASSED] - Delayed 4 second(s)

2020-01-13 16:44:08 - [TEST_STEP][PASSED] - click(findTestObject("obj_invoce/new_invoice/new_invoice_sub/btn_AddLineItem")): Object: 'Object Repository/obj_invoce/new_invoice/new_invoice_sub/btn_AddLineItem' is clicked on

2020-01-13 16:44:08 - [MESSAGE][PASSED] - Object: 'Object Repository/obj_invoce/new_invoice/new_invoice_sub/btn_AddLineItem' is clicked on

2020-01-13 16:44:08 - [TEST_STEP][PASSED] - delay(3): Delayed 3 second(s)

2020-01-13 16:44:11 - [MESSAGE][PASSED] - Delayed 3 second(s)

2020-01-13 16:44:11 - [TEST_STEP][PASSED] - click(findTestObject("obj_invoce/new_invoice/new_invoice_sub2/a_Taxes ()_select2-choice_2")): Object: 'Object Repository/obj_invoce/new_invoice/new_invoice_sub2/a_Taxes ()_select2-choice_2' is clicked on

2020-01-13 16:44:12 - [MESSAGE][PASSED] - Object: 'Object Repository/obj_invoce/new_invoice/new_invoice_sub2/a_Taxes ()_select2-choice_2' is clicked on

2020-01-13 16:44:12 - [TEST_STEP][PASSED] - delay(3): Delayed 3 second(s)

2020-01-13 16:44:15 - [MESSAGE][PASSED] - Delayed 3 second(s)

2020-01-13 16:44:15 - [TEST_STEP][PASSED] - click(findTestObject("obj_invoce/new_invoice/new_invoice_sub/div_Ares")): Object: 'Object Repository/obj_invoce/new_invoice/new_invoice_sub/div_Ares' is clicked on

2020-01-13 16:44:15 - [MESSAGE][PASSED] - Object: 'Object Repository/obj_invoce/new_invoice/new_invoice_sub/div_Ares' is clicked on

2020-01-13 16:44:15 - [TEST_STEP][NOT_RUN] - click(findTestObject("obj_invoce/new_invoice/new_invoice_sub/b")): NOT_RUN: click(findTestObject("obj_invoce/new_invoice/new_invoice_sub/b"))

2020-01-13 16:44:15 - [MESSAGE][NOT_RUN] - NOT_RUN: click(findTestObject("obj_invoce/new_invoice/new_invoice_sub/b"))

2020-01-13 16:44:15 - [TEST_STEP][NOT_RUN] - click(findTestObject("obj_invoce/new_invoice/new_invoice_sub/select_BOARDING_SUITEDAYCARE_SUITESPA_SUITE")): NOT_RUN: click(findTestObject("obj_invoce/new_invoice/new_invoice_sub/select_BOARDING_SUITEDAYCARE_SUITESPA_SUITE"))

2020-01-13 16:44:15 - [MESSAGE][NOT_RUN] - NOT_RUN: click(findTestObject("obj_invoce/new_invoice/new_invoice_sub/select_BOARDING_SUITEDAYCARE_SUITESPA_SUITE"))

2020-01-13 16:44:15 - [TEST_STEP][PASSED] - delay(3): Delayed 3 second(s)

2020-01-13 16:44:18 - [MESSAGE][PASSED] - Delayed 3 second(s)

2020-01-13 16:44:18 - [TEST_STEP][PASSED] - if (var_type == "BOARDING_SUITE"): null

2020-01-13 16:44:18 - [TEST_STEP][PASSED] - if (var_type == "DAYCARE_SUITE"): Object: 'Object Repository/obj_invoce/new_invoice/new_invoice_sub2/select_day_2' is clicked on

2020-01-13 16:44:18 - [TEST_STEP][PASSED] - click(findTestObject("obj_invoce/new_invoice/new_invoice_sub2/select_day_2"), STOP_ON_FAILURE): Object: 'Object Repository/obj_invoce/new_invoice/new_invoice_sub2/select_day_2' is clicked on

2020-01-13 16:44:18 - [MESSAGE][PASSED] - Object: 'Object Repository/obj_invoce/new_invoice/new_invoice_sub2/select_day_2' is clicked on

2020-01-13 16:44:18 - [TEST_STEP][PASSED] - if (var_type == "PACKAGE"): null

2020-01-13 16:44:18 - [TEST_STEP][PASSED] - delay(4): Delayed 4 second(s)

2020-01-13 16:44:22 - [MESSAGE][PASSED] - Delayed 4 second(s)

2020-01-13 16:44:22 - [TEST_STEP][PASSED] - try: Delayed 3 second(s)

2020-01-13 16:44:22 - [TEST_STEP][PASSED] - sendKeys(findTestObject("obj_invoce/new_invoice/new_invoice_sub2/input_Taxes_Item_2"), var_item): Keys 'Half Day of Daycare' sent to object: 'Object Repository/obj_invoce/new_invoice/new_invoice_sub2/input_Taxes_Item_2'

2020-01-13 16:44:23 - [MESSAGE][PASSED] - Keys 'Half Day of Daycare' sent to object: 'Object Repository/obj_invoce/new_invoice/new_invoice_sub2/input_Taxes_Item_2'

2020-01-13 16:44:23 - [TEST_STEP][PASSED] - delay(3): Delayed 3 second(s)

2020-01-13 16:44:26 - [MESSAGE][PASSED] - Delayed 3 second(s)

2020-01-13 16:44:26 - [TEST_STEP][PASSED] - sendKeys(findTestObject("obj_invoce/new_invoice/new_invoice_sub2/input_Taxes_Item_2"), Keys.chord(ENTER)): Keys 'ENTER + ' sent to object: 'Object Repository/obj_invoce/new_invoice/new_invoice_sub2/input_Taxes_Item_2'

2020-01-13 16:44:26 - [MESSAGE][PASSED] - Keys 'ENTER + ' sent to object: 'Object Repository/obj_invoce/new_invoice/new_invoice_sub2/input_Taxes_Item_2'

2020-01-13 16:44:26 - [TEST_STEP][PASSED] - delay(3): Delayed 3 second(s)

2020-01-13 16:44:29 - [MESSAGE][PASSED] - Delayed 3 second(s)

2020-01-13 16:44:29 - [TEST_STEP][PASSED] - try: Delayed 4 second(s)

2020-01-13 16:44:29 - [TEST_STEP][PASSED] - click(findTestObject("obj_invoce/new_invoice/new_invoice_sub/button_Save_Taxe")): Object: 'Object Repository/obj_invoce/new_invoice/new_invoice_sub/button_Save_Taxe' is clicked on

2020-01-13 16:44:30 - [MESSAGE][PASSED] - Object: 'Object Repository/obj_invoce/new_invoice/new_invoice_sub/button_Save_Taxe' is clicked on

2020-01-13 16:44:30 - [TEST_STEP][PASSED] - delay(4): Delayed 4 second(s)

2020-01-13 16:44:34 - [MESSAGE][PASSED] - Delayed 4 second(s)

2020-01-13 16:44:34 - [TEST_STEP][PASSED] - if (arryPets.size() == 3): null

2020-01-13 16:44:34 - [TEST_STEP][PASSED] - delay(2): Delayed 2 second(s)

2020-01-13 16:44:36 - [MESSAGE][PASSED] - Delayed 2 second(s)

2020-01-13 16:44:36 - [TEST_STEP][PASSED] - var_url = getUrl(): Current window's url is: 'https://p4p-qa-bg.aws.paradise4paws.com/accounts/profile/#/invoice/122350/1795408/'

2020-01-13 16:44:36 - [MESSAGE][PASSED] - Current window's url is: 'https://p4p-qa-bg.aws.paradise4paws.com/accounts/profile/#/invoice/122350/1795408/'

2020-01-13 16:44:36 - [TEST_STEP][PASSED] - arrayUrl = var_url.split("/"): null

2020-01-13 16:44:36 - [TEST_STEP][PASSED] - delay(2): Delayed 2 second(s)

2020-01-13 16:44:38 - [MESSAGE][PASSED] - Delayed 2 second(s)

2020-01-13 16:44:38 - [TEST_STEP][PASSED] - cell = rowInv.createCell(9, 0): null

2020-01-13 16:44:38 - [TEST_STEP][PASSED] - cell.setCellType(CELL_TYPE_STRING): null

2020-01-13 16:44:38 - [TEST_STEP][PASSED] - cell.setCellValue(arrayUrl[8]): null

2020-01-13 16:44:38 - [TEST_STEP][PASSED] - delay(2): Delayed 2 second(s)

2020-01-13 16:44:40 - [MESSAGE][PASSED] - Delayed 2 second(s)

2020-01-13 16:44:40 - [TEST_STEP][PASSED] - cell2 = rowPay.createCell(5, 0): null

2020-01-13 16:44:40 - [TEST_STEP][PASSED] - cell2.setCellType(CELL_TYPE_STRING): null

2020-01-13 16:44:40 - [TEST_STEP][PASSED] - cell2.setCellValue(arrayUrl[8]): null

2020-01-13 16:44:40 - [TEST_STEP][PASSED] - delay(2): Delayed 2 second(s)

2020-01-13 16:44:42 - [MESSAGE][PASSED] - Delayed 2 second(s)

2020-01-13 16:44:42 - [TEST_STEP][PASSED] - fosInv = new java.io.FileOutputStream(/home/leonardo-arkusmty/Desktop/P4P/DATA_AUTOMATINTESTING/data_3createInvoice.xlsx): null

2020-01-13 16:44:42 - [TEST_STEP][PASSED] - workbookInv.write(fosInv): null

2020-01-13 16:44:42 - [TEST_STEP][PASSED] - fosInv.close(): null

2020-01-13 16:44:42 - [TEST_STEP][PASSED] - fosPay = new java.io.FileOutputStream(/home/leonardo-arkusmty/Desktop/P4P/DATA_AUTOMATINTESTING/data_4payment.xlsx): null

2020-01-13 16:44:42 - [TEST_STEP][PASSED] - workbookPay.write(fosPay): null

2020-01-13 16:44:42 - [TEST_STEP][PASSED] - fosPay.close(): null

2020-01-13 16:44:42 - [TEST_STEP][PASSED] - delay(2): Delayed 2 second(s)

2020-01-13 16:44:44 - [MESSAGE][PASSED] - Delayed 2 second(s)]]></system-out>
         <system-err><![CDATA[]]></system-err>
      </testcase>
      <testcase name="Test Cases/p4p_createInvoce_ok_spy" time="79.411" classname="Test Cases/p4p_createInvoce_ok_spy" status="PASSED">
         <system-out><![CDATA[2020-01-13 16:44:44 - [TEST_CASE][PASSED] - Test Cases/p4p_createInvoce_ok_spy: Test Cases/p4p_createInvoce_ok_spy

2020-01-13 16:44:44 - [TEST_STEP][PASSED] - openBrowser("https://p4p-qa-bg.aws.paradise4paws.com/login/"): Browser is opened with url: 'https://p4p-qa-bg.aws.paradise4paws.com/login/'

2020-01-13 16:44:44 - [MESSAGE][WARNING] - A browser is already opened. Closing browser and opening a new one

2020-01-13 16:44:44 - [MESSAGE][INFO] - Starting 'Chrome' driver

2020-01-13 16:44:46 - [MESSAGE][PASSED] - Browser is opened with url: 'https://p4p-qa-bg.aws.paradise4paws.com/login/'

2020-01-13 16:44:46 - [TEST_STEP][PASSED] - maximizeWindow(): Current window maximized

2020-01-13 16:44:46 - [MESSAGE][PASSED] - Current window maximized

2020-01-13 16:44:46 - [TEST_STEP][PASSED] - arryPets = var_pets.split(","): null

2020-01-13 16:44:46 - [TEST_STEP][PASSED] - flagBoar = "0": null

2020-01-13 16:44:46 - [TEST_STEP][PASSED] - log = new com.kms.katalon.core.logging.KeywordLogger(): null

2020-01-13 16:44:46 - [TEST_STEP][PASSED] - fisInv = new java.io.FileInputStream(/home/leonardo-arkusmty/Desktop/P4P/DATA_AUTOMATINTESTING/data_3createInvoice.xlsx): null

2020-01-13 16:44:46 - [TEST_STEP][PASSED] - fisPay = new java.io.FileInputStream(/home/leonardo-arkusmty/Desktop/P4P/DATA_AUTOMATINTESTING/data_4payment.xlsx): null

2020-01-13 16:44:46 - [TEST_STEP][PASSED] - workbookInv = new org.apache.poi.xssf.usermodel.XSSFWorkbook(fisInv): null

2020-01-13 16:44:46 - [TEST_STEP][PASSED] - workbookPay = new org.apache.poi.xssf.usermodel.XSSFWorkbook(fisPay): null

2020-01-13 16:44:46 - [TEST_STEP][PASSED] - sheetInv = workbookInv.getSheet("Sheet1"): null

2020-01-13 16:44:46 - [TEST_STEP][PASSED] - sheetPay = workbookPay.getSheet("Sheet1"): null

2020-01-13 16:44:46 - [TEST_STEP][PASSED] - var = Integer.parseInt(var_idRowRes): null

2020-01-13 16:44:46 - [TEST_STEP][PASSED] - rowInv = sheetInv.getRow(var): null

2020-01-13 16:44:46 - [TEST_STEP][PASSED] - rowPay = sheetPay.getRow(var): null

2020-01-13 16:44:46 - [TEST_STEP][PASSED] - today = new java.util.Date(): null

2020-01-13 16:44:46 - [TEST_STEP][PASSED] - todaysDate1 = today.format("mmm/dd/yy"): null

2020-01-13 16:44:46 - [TEST_STEP][PASSED] - todaysDate2 = today.format("dd/mm/yy"): null

2020-01-13 16:44:46 - [TEST_STEP][PASSED] - todaysDate3 = today.format("dd"): null

2020-01-13 16:44:46 - [TEST_STEP][PASSED] - nowTime = today.format("hhmm"): null

2020-01-13 16:44:46 - [TEST_STEP][PASSED] - setText(findTestObject("obj_login/input_user"), var_user): Text 'jegchavez@gmail.com' is set on object 'Object Repository/obj_login/input_user'

2020-01-13 16:44:46 - [MESSAGE][PASSED] - Text 'jegchavez@gmail.com' is set on object 'Object Repository/obj_login/input_user'

2020-01-13 16:44:46 - [TEST_STEP][PASSED] - setText(findTestObject("obj_login/input_pass"), var_pass): Text 'admin1' is set on object 'Object Repository/obj_login/input_pass'

2020-01-13 16:44:47 - [MESSAGE][PASSED] - Text 'admin1' is set on object 'Object Repository/obj_login/input_pass'

2020-01-13 16:44:47 - [TEST_STEP][PASSED] - delay(2): Delayed 2 second(s)

2020-01-13 16:44:49 - [MESSAGE][PASSED] - Delayed 2 second(s)

2020-01-13 16:44:49 - [TEST_STEP][PASSED] - verifyElementClickable(findTestObject("obj_login/btn_login")): Object 'Object Repository/obj_login/btn_login' is clickable

2020-01-13 16:44:49 - [MESSAGE][PASSED] - Object 'Object Repository/obj_login/btn_login' is clickable

2020-01-13 16:44:49 - [TEST_STEP][PASSED] - click(findTestObject("obj_login/btn_login")): Object: 'Object Repository/obj_login/btn_login' is clicked on

2020-01-13 16:44:50 - [MESSAGE][PASSED] - Object: 'Object Repository/obj_login/btn_login' is clicked on

2020-01-13 16:44:50 - [TEST_STEP][PASSED] - delay(2): Delayed 2 second(s)

2020-01-13 16:44:52 - [MESSAGE][PASSED] - Delayed 2 second(s)

2020-01-13 16:44:52 - [TEST_STEP][PASSED] - setText(findTestObject("obj_dashboard_emp/input_search"), var_parent): Text 'leongarzagarza@hotmail.com' is set on object 'Object Repository/obj_dashboard_emp/input_search'

2020-01-13 16:44:53 - [MESSAGE][PASSED] - Text 'leongarzagarza@hotmail.com' is set on object 'Object Repository/obj_dashboard_emp/input_search'

2020-01-13 16:44:53 - [TEST_STEP][PASSED] - click(findTestObject("obj_dashboard_emp/btn_accountSearch")): Object: 'Object Repository/obj_dashboard_emp/btn_accountSearch' is clicked on

2020-01-13 16:44:54 - [MESSAGE][PASSED] - Object: 'Object Repository/obj_dashboard_emp/btn_accountSearch' is clicked on

2020-01-13 16:44:54 - [TEST_STEP][PASSED] - delay(2): Delayed 2 second(s)

2020-01-13 16:44:56 - [MESSAGE][PASSED] - Delayed 2 second(s)

2020-01-13 16:44:56 - [TEST_STEP][PASSED] - click(findTestObject("obj_accountInformation/a_TEST GABRIEL PROD")): Object: 'Object Repository/obj_accountInformation/a_TEST GABRIEL PROD' is clicked on

2020-01-13 16:44:56 - [MESSAGE][PASSED] - Object: 'Object Repository/obj_accountInformation/a_TEST GABRIEL PROD' is clicked on

2020-01-13 16:44:56 - [TEST_STEP][PASSED] - delay(2): Delayed 2 second(s)

2020-01-13 16:44:58 - [MESSAGE][PASSED] - Delayed 2 second(s)

2020-01-13 16:44:58 - [TEST_STEP][PASSED] - click(findTestObject("obj_invoce/btn_createInvoice")): Object: 'Object Repository/obj_invoce/btn_createInvoice' is clicked on

2020-01-13 16:45:00 - [MESSAGE][PASSED] - Object: 'Object Repository/obj_invoce/btn_createInvoice' is clicked on

2020-01-13 16:45:00 - [TEST_STEP][PASSED] - delay(3): Delayed 3 second(s)

2020-01-13 16:45:03 - [MESSAGE][PASSED] - Delayed 3 second(s)

2020-01-13 16:45:03 - [TEST_STEP][PASSED] - if (arryPets.size() == 1): null

2020-01-13 16:45:03 - [TEST_STEP][PASSED] - if (arryPets.size() == 2): Delayed 4 second(s)

2020-01-13 16:45:03 - [TEST_STEP][PASSED] - click(findTestObject("obj_invoce/new_invoice/new_invoice_sub/btn_AddLineItem")): Object: 'Object Repository/obj_invoce/new_invoice/new_invoice_sub/btn_AddLineItem' is clicked on

2020-01-13 16:45:04 - [MESSAGE][PASSED] - Object: 'Object Repository/obj_invoce/new_invoice/new_invoice_sub/btn_AddLineItem' is clicked on

2020-01-13 16:45:04 - [TEST_STEP][PASSED] - delay(3): Delayed 3 second(s)

2020-01-13 16:45:07 - [MESSAGE][PASSED] - Delayed 3 second(s)

2020-01-13 16:45:07 - [TEST_STEP][PASSED] - click(findTestObject("obj_invoce/new_invoice/new_invoice_sub/a_Taxes ()_select2-choice_1")): Object: 'Object Repository/obj_invoce/new_invoice/new_invoice_sub/a_Taxes ()_select2-choice_1' is clicked on

2020-01-13 16:45:07 - [MESSAGE][PASSED] - Object: 'Object Repository/obj_invoce/new_invoice/new_invoice_sub/a_Taxes ()_select2-choice_1' is clicked on

2020-01-13 16:45:07 - [TEST_STEP][PASSED] - delay(3): Delayed 3 second(s)

2020-01-13 16:45:10 - [MESSAGE][PASSED] - Delayed 3 second(s)

2020-01-13 16:45:10 - [TEST_STEP][PASSED] - click(findTestObject("obj_invoce/new_invoice/new_invoice_sub/div_Zeus")): Object: 'Object Repository/obj_invoce/new_invoice/new_invoice_sub/div_Zeus' is clicked on

2020-01-13 16:45:11 - [MESSAGE][PASSED] - Object: 'Object Repository/obj_invoce/new_invoice/new_invoice_sub/div_Zeus' is clicked on

2020-01-13 16:45:11 - [TEST_STEP][NOT_RUN] - click(findTestObject("obj_invoce/new_invoice/new_invoice_sub/b")): NOT_RUN: click(findTestObject("obj_invoce/new_invoice/new_invoice_sub/b"))

2020-01-13 16:45:11 - [MESSAGE][NOT_RUN] - NOT_RUN: click(findTestObject("obj_invoce/new_invoice/new_invoice_sub/b"))

2020-01-13 16:45:11 - [TEST_STEP][NOT_RUN] - click(findTestObject("obj_invoce/new_invoice/new_invoice_sub/select_BOARDING_SUITEDAYCARE_SUITESPA_SUITE")): NOT_RUN: click(findTestObject("obj_invoce/new_invoice/new_invoice_sub/select_BOARDING_SUITEDAYCARE_SUITESPA_SUITE"))

2020-01-13 16:45:11 - [MESSAGE][NOT_RUN] - NOT_RUN: click(findTestObject("obj_invoce/new_invoice/new_invoice_sub/select_BOARDING_SUITEDAYCARE_SUITESPA_SUITE"))

2020-01-13 16:45:11 - [TEST_STEP][PASSED] - delay(3): Delayed 3 second(s)

2020-01-13 16:45:14 - [MESSAGE][PASSED] - Delayed 3 second(s)

2020-01-13 16:45:14 - [TEST_STEP][PASSED] - if (var_type == "BOARDING_SUITE"): null

2020-01-13 16:45:14 - [TEST_STEP][PASSED] - if (var_type == "DAYCARE_SUITE"): null

2020-01-13 16:45:14 - [TEST_STEP][PASSED] - if (var_type == "PACKAGE"): Object: 'Object Repository/obj_invoce/new_invoice_ok_1/select_package' is clicked on

2020-01-13 16:45:14 - [TEST_STEP][PASSED] - click(findTestObject("obj_invoce/new_invoice_ok_1/select_package"), STOP_ON_FAILURE): Object: 'Object Repository/obj_invoce/new_invoice_ok_1/select_package' is clicked on

2020-01-13 16:45:14 - [MESSAGE][PASSED] - Object: 'Object Repository/obj_invoce/new_invoice_ok_1/select_package' is clicked on

2020-01-13 16:45:14 - [TEST_STEP][PASSED] - delay(4): Delayed 4 second(s)

2020-01-13 16:45:18 - [MESSAGE][PASSED] - Delayed 4 second(s)

2020-01-13 16:45:18 - [TEST_STEP][PASSED] - sendKeys(findTestObject("obj_invoce/new_invoice/new_invoice_sub/input_Taxes_Item_1"), var_item): Keys 'M2M Monthly Membership' sent to object: 'Object Repository/obj_invoce/new_invoice/new_invoice_sub/input_Taxes_Item_1'

2020-01-13 16:45:19 - [MESSAGE][PASSED] - Keys 'M2M Monthly Membership' sent to object: 'Object Repository/obj_invoce/new_invoice/new_invoice_sub/input_Taxes_Item_1'

2020-01-13 16:45:19 - [TEST_STEP][PASSED] - delay(4): Delayed 4 second(s)

2020-01-13 16:45:23 - [MESSAGE][PASSED] - Delayed 4 second(s)

2020-01-13 16:45:23 - [TEST_STEP][PASSED] - sendKeys(findTestObject("obj_invoce/new_invoice/new_invoice_sub/input_Taxes_Item_1"), Keys.chord(ENTER)): Keys 'ENTER + ' sent to object: 'Object Repository/obj_invoce/new_invoice/new_invoice_sub/input_Taxes_Item_1'

2020-01-13 16:45:23 - [MESSAGE][PASSED] - Keys 'ENTER + ' sent to object: 'Object Repository/obj_invoce/new_invoice/new_invoice_sub/input_Taxes_Item_1'

2020-01-13 16:45:23 - [TEST_STEP][PASSED] - delay(4): Delayed 4 second(s)

2020-01-13 16:45:27 - [MESSAGE][PASSED] - Delayed 4 second(s)

2020-01-13 16:45:27 - [TEST_STEP][PASSED] - click(findTestObject("obj_invoce/new_invoice/new_invoice_sub/btn_AddLineItem")): Object: 'Object Repository/obj_invoce/new_invoice/new_invoice_sub/btn_AddLineItem' is clicked on

2020-01-13 16:45:27 - [MESSAGE][PASSED] - Object: 'Object Repository/obj_invoce/new_invoice/new_invoice_sub/btn_AddLineItem' is clicked on

2020-01-13 16:45:27 - [TEST_STEP][PASSED] - delay(3): Delayed 3 second(s)

2020-01-13 16:45:30 - [MESSAGE][PASSED] - Delayed 3 second(s)

2020-01-13 16:45:30 - [TEST_STEP][PASSED] - click(findTestObject("obj_invoce/new_invoice/new_invoice_sub2/a_Taxes ()_select2-choice_2")): Object: 'Object Repository/obj_invoce/new_invoice/new_invoice_sub2/a_Taxes ()_select2-choice_2' is clicked on

2020-01-13 16:45:31 - [MESSAGE][PASSED] - Object: 'Object Repository/obj_invoce/new_invoice/new_invoice_sub2/a_Taxes ()_select2-choice_2' is clicked on

2020-01-13 16:45:31 - [TEST_STEP][PASSED] - delay(3): Delayed 3 second(s)

2020-01-13 16:45:34 - [MESSAGE][PASSED] - Delayed 3 second(s)

2020-01-13 16:45:34 - [TEST_STEP][PASSED] - click(findTestObject("obj_invoce/new_invoice/new_invoice_sub/div_Ares")): Object: 'Object Repository/obj_invoce/new_invoice/new_invoice_sub/div_Ares' is clicked on

2020-01-13 16:45:34 - [MESSAGE][PASSED] - Object: 'Object Repository/obj_invoce/new_invoice/new_invoice_sub/div_Ares' is clicked on

2020-01-13 16:45:34 - [TEST_STEP][NOT_RUN] - click(findTestObject("obj_invoce/new_invoice/new_invoice_sub/b")): NOT_RUN: click(findTestObject("obj_invoce/new_invoice/new_invoice_sub/b"))

2020-01-13 16:45:34 - [MESSAGE][NOT_RUN] - NOT_RUN: click(findTestObject("obj_invoce/new_invoice/new_invoice_sub/b"))

2020-01-13 16:45:34 - [TEST_STEP][NOT_RUN] - click(findTestObject("obj_invoce/new_invoice/new_invoice_sub/select_BOARDING_SUITEDAYCARE_SUITESPA_SUITE")): NOT_RUN: click(findTestObject("obj_invoce/new_invoice/new_invoice_sub/select_BOARDING_SUITEDAYCARE_SUITESPA_SUITE"))

2020-01-13 16:45:34 - [MESSAGE][NOT_RUN] - NOT_RUN: click(findTestObject("obj_invoce/new_invoice/new_invoice_sub/select_BOARDING_SUITEDAYCARE_SUITESPA_SUITE"))

2020-01-13 16:45:34 - [TEST_STEP][PASSED] - delay(3): Delayed 3 second(s)

2020-01-13 16:45:37 - [MESSAGE][PASSED] - Delayed 3 second(s)

2020-01-13 16:45:37 - [TEST_STEP][PASSED] - if (var_type == "BOARDING_SUITE"): null

2020-01-13 16:45:37 - [TEST_STEP][PASSED] - if (var_type == "DAYCARE_SUITE"): null

2020-01-13 16:45:37 - [TEST_STEP][PASSED] - if (var_type == "PACKAGE"): Object: 'Object Repository/obj_invoce/new_invoice/new_invoice_sub2/select_package_2' is clicked on

2020-01-13 16:45:37 - [TEST_STEP][PASSED] - click(findTestObject("obj_invoce/new_invoice/new_invoice_sub2/select_package_2"), STOP_ON_FAILURE): Object: 'Object Repository/obj_invoce/new_invoice/new_invoice_sub2/select_package_2' is clicked on

2020-01-13 16:45:38 - [MESSAGE][PASSED] - Object: 'Object Repository/obj_invoce/new_invoice/new_invoice_sub2/select_package_2' is clicked on

2020-01-13 16:45:38 - [TEST_STEP][PASSED] - delay(4): Delayed 4 second(s)

2020-01-13 16:45:42 - [MESSAGE][PASSED] - Delayed 4 second(s)

2020-01-13 16:45:42 - [TEST_STEP][PASSED] - try: Delayed 3 second(s)

2020-01-13 16:45:42 - [TEST_STEP][PASSED] - sendKeys(findTestObject("obj_invoce/new_invoice/new_invoice_sub2/input_Taxes_Item_2"), var_item): Keys 'M2M Monthly Membership' sent to object: 'Object Repository/obj_invoce/new_invoice/new_invoice_sub2/input_Taxes_Item_2'

2020-01-13 16:45:42 - [MESSAGE][PASSED] - Keys 'M2M Monthly Membership' sent to object: 'Object Repository/obj_invoce/new_invoice/new_invoice_sub2/input_Taxes_Item_2'

2020-01-13 16:45:42 - [TEST_STEP][PASSED] - delay(3): Delayed 3 second(s)

2020-01-13 16:45:45 - [MESSAGE][PASSED] - Delayed 3 second(s)

2020-01-13 16:45:45 - [TEST_STEP][PASSED] - sendKeys(findTestObject("obj_invoce/new_invoice/new_invoice_sub2/input_Taxes_Item_2"), Keys.chord(ENTER)): Keys 'ENTER + ' sent to object: 'Object Repository/obj_invoce/new_invoice/new_invoice_sub2/input_Taxes_Item_2'

2020-01-13 16:45:46 - [MESSAGE][PASSED] - Keys 'ENTER + ' sent to object: 'Object Repository/obj_invoce/new_invoice/new_invoice_sub2/input_Taxes_Item_2'

2020-01-13 16:45:46 - [TEST_STEP][PASSED] - delay(3): Delayed 3 second(s)

2020-01-13 16:45:49 - [MESSAGE][PASSED] - Delayed 3 second(s)

2020-01-13 16:45:49 - [TEST_STEP][PASSED] - try: Delayed 4 second(s)

2020-01-13 16:45:49 - [TEST_STEP][PASSED] - click(findTestObject("obj_invoce/new_invoice/new_invoice_sub/button_Save_Taxe")): Object: 'Object Repository/obj_invoce/new_invoice/new_invoice_sub/button_Save_Taxe' is clicked on

2020-01-13 16:45:49 - [MESSAGE][PASSED] - Object: 'Object Repository/obj_invoce/new_invoice/new_invoice_sub/button_Save_Taxe' is clicked on

2020-01-13 16:45:49 - [TEST_STEP][PASSED] - delay(4): Delayed 4 second(s)

2020-01-13 16:45:53 - [MESSAGE][PASSED] - Delayed 4 second(s)

2020-01-13 16:45:53 - [TEST_STEP][PASSED] - if (arryPets.size() == 3): null

2020-01-13 16:45:53 - [TEST_STEP][PASSED] - delay(2): Delayed 2 second(s)

2020-01-13 16:45:55 - [MESSAGE][PASSED] - Delayed 2 second(s)

2020-01-13 16:45:55 - [TEST_STEP][PASSED] - var_url = getUrl(): Current window's url is: 'https://p4p-qa-bg.aws.paradise4paws.com/accounts/profile/#/invoice/122350/1795409/'

2020-01-13 16:45:55 - [MESSAGE][PASSED] - Current window's url is: 'https://p4p-qa-bg.aws.paradise4paws.com/accounts/profile/#/invoice/122350/1795409/'

2020-01-13 16:45:55 - [TEST_STEP][PASSED] - arrayUrl = var_url.split("/"): null

2020-01-13 16:45:55 - [TEST_STEP][PASSED] - delay(2): Delayed 2 second(s)

2020-01-13 16:45:57 - [MESSAGE][PASSED] - Delayed 2 second(s)

2020-01-13 16:45:57 - [TEST_STEP][PASSED] - cell = rowInv.createCell(9, 0): null

2020-01-13 16:45:57 - [TEST_STEP][PASSED] - cell.setCellType(CELL_TYPE_STRING): null

2020-01-13 16:45:57 - [TEST_STEP][PASSED] - cell.setCellValue(arrayUrl[8]): null

2020-01-13 16:45:57 - [TEST_STEP][PASSED] - delay(2): Delayed 2 second(s)

2020-01-13 16:45:59 - [MESSAGE][PASSED] - Delayed 2 second(s)

2020-01-13 16:45:59 - [TEST_STEP][PASSED] - cell2 = rowPay.createCell(5, 0): null

2020-01-13 16:45:59 - [TEST_STEP][PASSED] - cell2.setCellType(CELL_TYPE_STRING): null

2020-01-13 16:45:59 - [TEST_STEP][PASSED] - cell2.setCellValue(arrayUrl[8]): null

2020-01-13 16:45:59 - [TEST_STEP][PASSED] - delay(2): Delayed 2 second(s)

2020-01-13 16:46:01 - [MESSAGE][PASSED] - Delayed 2 second(s)

2020-01-13 16:46:01 - [TEST_STEP][PASSED] - fosInv = new java.io.FileOutputStream(/home/leonardo-arkusmty/Desktop/P4P/DATA_AUTOMATINTESTING/data_3createInvoice.xlsx): null

2020-01-13 16:46:01 - [TEST_STEP][PASSED] - workbookInv.write(fosInv): null

2020-01-13 16:46:01 - [TEST_STEP][PASSED] - fosInv.close(): null

2020-01-13 16:46:01 - [TEST_STEP][PASSED] - fosPay = new java.io.FileOutputStream(/home/leonardo-arkusmty/Desktop/P4P/DATA_AUTOMATINTESTING/data_4payment.xlsx): null

2020-01-13 16:46:01 - [TEST_STEP][PASSED] - workbookPay.write(fosPay): null

2020-01-13 16:46:01 - [TEST_STEP][PASSED] - fosPay.close(): null

2020-01-13 16:46:01 - [TEST_STEP][PASSED] - delay(2): Delayed 2 second(s)

2020-01-13 16:46:03 - [MESSAGE][PASSED] - Delayed 2 second(s)]]></system-out>
         <system-err><![CDATA[]]></system-err>
      </testcase>
      <testcase name="Test Cases/p4p_createInvoce_ok_spy" time="103.764" classname="Test Cases/p4p_createInvoce_ok_spy" status="PASSED">
         <system-out><![CDATA[2020-01-13 16:46:03 - [TEST_CASE][PASSED] - Test Cases/p4p_createInvoce_ok_spy: Test Cases/p4p_createInvoce_ok_spy

2020-01-13 16:46:03 - [TEST_STEP][PASSED] - openBrowser("https://p4p-qa-bg.aws.paradise4paws.com/login/"): Browser is opened with url: 'https://p4p-qa-bg.aws.paradise4paws.com/login/'

2020-01-13 16:46:03 - [MESSAGE][WARNING] - A browser is already opened. Closing browser and opening a new one

2020-01-13 16:46:03 - [MESSAGE][INFO] - Starting 'Chrome' driver

2020-01-13 16:46:05 - [MESSAGE][PASSED] - Browser is opened with url: 'https://p4p-qa-bg.aws.paradise4paws.com/login/'

2020-01-13 16:46:05 - [TEST_STEP][PASSED] - maximizeWindow(): Current window maximized

2020-01-13 16:46:06 - [MESSAGE][PASSED] - Current window maximized

2020-01-13 16:46:06 - [TEST_STEP][PASSED] - arryPets = var_pets.split(","): null

2020-01-13 16:46:06 - [TEST_STEP][PASSED] - flagBoar = "0": null

2020-01-13 16:46:06 - [TEST_STEP][PASSED] - log = new com.kms.katalon.core.logging.KeywordLogger(): null

2020-01-13 16:46:06 - [TEST_STEP][PASSED] - fisInv = new java.io.FileInputStream(/home/leonardo-arkusmty/Desktop/P4P/DATA_AUTOMATINTESTING/data_3createInvoice.xlsx): null

2020-01-13 16:46:06 - [TEST_STEP][PASSED] - fisPay = new java.io.FileInputStream(/home/leonardo-arkusmty/Desktop/P4P/DATA_AUTOMATINTESTING/data_4payment.xlsx): null

2020-01-13 16:46:06 - [TEST_STEP][PASSED] - workbookInv = new org.apache.poi.xssf.usermodel.XSSFWorkbook(fisInv): null

2020-01-13 16:46:06 - [TEST_STEP][PASSED] - workbookPay = new org.apache.poi.xssf.usermodel.XSSFWorkbook(fisPay): null

2020-01-13 16:46:06 - [TEST_STEP][PASSED] - sheetInv = workbookInv.getSheet("Sheet1"): null

2020-01-13 16:46:06 - [TEST_STEP][PASSED] - sheetPay = workbookPay.getSheet("Sheet1"): null

2020-01-13 16:46:06 - [TEST_STEP][PASSED] - var = Integer.parseInt(var_idRowRes): null

2020-01-13 16:46:06 - [TEST_STEP][PASSED] - rowInv = sheetInv.getRow(var): null

2020-01-13 16:46:06 - [TEST_STEP][PASSED] - rowPay = sheetPay.getRow(var): null

2020-01-13 16:46:06 - [TEST_STEP][PASSED] - today = new java.util.Date(): null

2020-01-13 16:46:06 - [TEST_STEP][PASSED] - todaysDate1 = today.format("mmm/dd/yy"): null

2020-01-13 16:46:06 - [TEST_STEP][PASSED] - todaysDate2 = today.format("dd/mm/yy"): null

2020-01-13 16:46:06 - [TEST_STEP][PASSED] - todaysDate3 = today.format("dd"): null

2020-01-13 16:46:06 - [TEST_STEP][PASSED] - nowTime = today.format("hhmm"): null

2020-01-13 16:46:06 - [TEST_STEP][PASSED] - setText(findTestObject("obj_login/input_user"), var_user): Text 'jegchavez@gmail.com' is set on object 'Object Repository/obj_login/input_user'

2020-01-13 16:46:06 - [MESSAGE][PASSED] - Text 'jegchavez@gmail.com' is set on object 'Object Repository/obj_login/input_user'

2020-01-13 16:46:06 - [TEST_STEP][PASSED] - setText(findTestObject("obj_login/input_pass"), var_pass): Text 'admin1' is set on object 'Object Repository/obj_login/input_pass'

2020-01-13 16:46:07 - [MESSAGE][PASSED] - Text 'admin1' is set on object 'Object Repository/obj_login/input_pass'

2020-01-13 16:46:07 - [TEST_STEP][PASSED] - delay(2): Delayed 2 second(s)

2020-01-13 16:46:09 - [MESSAGE][PASSED] - Delayed 2 second(s)

2020-01-13 16:46:09 - [TEST_STEP][PASSED] - verifyElementClickable(findTestObject("obj_login/btn_login")): Object 'Object Repository/obj_login/btn_login' is clickable

2020-01-13 16:46:09 - [MESSAGE][PASSED] - Object 'Object Repository/obj_login/btn_login' is clickable

2020-01-13 16:46:09 - [TEST_STEP][PASSED] - click(findTestObject("obj_login/btn_login")): Object: 'Object Repository/obj_login/btn_login' is clicked on

2020-01-13 16:46:12 - [MESSAGE][PASSED] - Object: 'Object Repository/obj_login/btn_login' is clicked on

2020-01-13 16:46:12 - [TEST_STEP][PASSED] - delay(2): Delayed 2 second(s)

2020-01-13 16:46:14 - [MESSAGE][PASSED] - Delayed 2 second(s)

2020-01-13 16:46:14 - [TEST_STEP][PASSED] - setText(findTestObject("obj_dashboard_emp/input_search"), var_parent): Text 'leongarzagarza@hotmail.com' is set on object 'Object Repository/obj_dashboard_emp/input_search'

2020-01-13 16:46:15 - [MESSAGE][PASSED] - Text 'leongarzagarza@hotmail.com' is set on object 'Object Repository/obj_dashboard_emp/input_search'

2020-01-13 16:46:15 - [TEST_STEP][PASSED] - click(findTestObject("obj_dashboard_emp/btn_accountSearch")): Object: 'Object Repository/obj_dashboard_emp/btn_accountSearch' is clicked on

2020-01-13 16:46:15 - [MESSAGE][PASSED] - Object: 'Object Repository/obj_dashboard_emp/btn_accountSearch' is clicked on

2020-01-13 16:46:15 - [TEST_STEP][PASSED] - delay(2): Delayed 2 second(s)

2020-01-13 16:46:17 - [MESSAGE][PASSED] - Delayed 2 second(s)

2020-01-13 16:46:17 - [TEST_STEP][PASSED] - click(findTestObject("obj_accountInformation/a_TEST GABRIEL PROD")): Object: 'Object Repository/obj_accountInformation/a_TEST GABRIEL PROD' is clicked on

2020-01-13 16:46:18 - [MESSAGE][PASSED] - Object: 'Object Repository/obj_accountInformation/a_TEST GABRIEL PROD' is clicked on

2020-01-13 16:46:18 - [TEST_STEP][PASSED] - delay(2): Delayed 2 second(s)

2020-01-13 16:46:20 - [MESSAGE][PASSED] - Delayed 2 second(s)

2020-01-13 16:46:20 - [TEST_STEP][PASSED] - click(findTestObject("obj_invoce/btn_createInvoice")): Object: 'Object Repository/obj_invoce/btn_createInvoice' is clicked on

2020-01-13 16:46:22 - [MESSAGE][PASSED] - Object: 'Object Repository/obj_invoce/btn_createInvoice' is clicked on

2020-01-13 16:46:22 - [TEST_STEP][PASSED] - delay(3): Delayed 3 second(s)

2020-01-13 16:46:25 - [MESSAGE][PASSED] - Delayed 3 second(s)

2020-01-13 16:46:25 - [TEST_STEP][PASSED] - if (arryPets.size() == 1): null

2020-01-13 16:46:25 - [TEST_STEP][PASSED] - if (arryPets.size() == 2): null

2020-01-13 16:46:25 - [TEST_STEP][PASSED] - if (arryPets.size() == 3): Delayed 2 second(s)

2020-01-13 16:46:25 - [TEST_STEP][PASSED] - log.logInfo("SIZE 3"): SIZE 3

2020-01-13 16:46:25 - [MESSAGE][INFO] - SIZE 3

2020-01-13 16:46:25 - [TEST_STEP][PASSED] - click(findTestObject("obj_invoce/new_invoice/new_invoice_sub/btn_AddLineItem")): Object: 'Object Repository/obj_invoce/new_invoice/new_invoice_sub/btn_AddLineItem' is clicked on

2020-01-13 16:46:26 - [MESSAGE][PASSED] - Object: 'Object Repository/obj_invoce/new_invoice/new_invoice_sub/btn_AddLineItem' is clicked on

2020-01-13 16:46:26 - [TEST_STEP][PASSED] - delay(3): Delayed 3 second(s)

2020-01-13 16:46:29 - [MESSAGE][PASSED] - Delayed 3 second(s)

2020-01-13 16:46:29 - [TEST_STEP][PASSED] - click(findTestObject("obj_invoce/new_invoice/new_invoice_sub/a_Taxes ()_select2-choice_1")): Object: 'Object Repository/obj_invoce/new_invoice/new_invoice_sub/a_Taxes ()_select2-choice_1' is clicked on

2020-01-13 16:46:29 - [MESSAGE][PASSED] - Object: 'Object Repository/obj_invoce/new_invoice/new_invoice_sub/a_Taxes ()_select2-choice_1' is clicked on

2020-01-13 16:46:29 - [TEST_STEP][PASSED] - delay(3): Delayed 3 second(s)

2020-01-13 16:46:32 - [MESSAGE][PASSED] - Delayed 3 second(s)

2020-01-13 16:46:32 - [TEST_STEP][PASSED] - click(findTestObject("obj_invoce/new_invoice/new_invoice_sub/div_Zeus")): Object: 'Object Repository/obj_invoce/new_invoice/new_invoice_sub/div_Zeus' is clicked on

2020-01-13 16:46:33 - [MESSAGE][PASSED] - Object: 'Object Repository/obj_invoce/new_invoice/new_invoice_sub/div_Zeus' is clicked on

2020-01-13 16:46:33 - [TEST_STEP][NOT_RUN] - click(findTestObject("obj_invoce/new_invoice/new_invoice_sub/b")): NOT_RUN: click(findTestObject("obj_invoce/new_invoice/new_invoice_sub/b"))

2020-01-13 16:46:33 - [MESSAGE][NOT_RUN] - NOT_RUN: click(findTestObject("obj_invoce/new_invoice/new_invoice_sub/b"))

2020-01-13 16:46:33 - [TEST_STEP][NOT_RUN] - click(findTestObject("obj_invoce/new_invoice/new_invoice_sub/select_BOARDING_SUITEDAYCARE_SUITESPA_SUITE")): NOT_RUN: click(findTestObject("obj_invoce/new_invoice/new_invoice_sub/select_BOARDING_SUITEDAYCARE_SUITESPA_SUITE"))

2020-01-13 16:46:33 - [MESSAGE][NOT_RUN] - NOT_RUN: click(findTestObject("obj_invoce/new_invoice/new_invoice_sub/select_BOARDING_SUITEDAYCARE_SUITESPA_SUITE"))

2020-01-13 16:46:33 - [TEST_STEP][PASSED] - delay(3): Delayed 3 second(s)

2020-01-13 16:46:36 - [MESSAGE][PASSED] - Delayed 3 second(s)

2020-01-13 16:46:36 - [TEST_STEP][PASSED] - if (var_type == "BOARDING_SUITE"): Object: 'Object Repository/obj_invoce/new_invoice_ok_1/select_boarding' is clicked on

2020-01-13 16:46:36 - [TEST_STEP][PASSED] - click(findTestObject("obj_invoce/new_invoice_ok_1/select_boarding"), STOP_ON_FAILURE): Object: 'Object Repository/obj_invoce/new_invoice_ok_1/select_boarding' is clicked on

2020-01-13 16:46:36 - [MESSAGE][PASSED] - Object: 'Object Repository/obj_invoce/new_invoice_ok_1/select_boarding' is clicked on

2020-01-13 16:46:36 - [TEST_STEP][PASSED] - if (var_type == "DAYCARE_SUITE"): null

2020-01-13 16:46:36 - [TEST_STEP][PASSED] - if (var_type == "PACKAGE"): null

2020-01-13 16:46:36 - [TEST_STEP][PASSED] - delay(4): Delayed 4 second(s)

2020-01-13 16:46:40 - [MESSAGE][PASSED] - Delayed 4 second(s)

2020-01-13 16:46:40 - [TEST_STEP][PASSED] - sendKeys(findTestObject("obj_invoce/new_invoice/new_invoice_sub/input_Taxes_Item_1"), var_item): Keys 'Oasis Suite' sent to object: 'Object Repository/obj_invoce/new_invoice/new_invoice_sub/input_Taxes_Item_1'

2020-01-13 16:46:40 - [MESSAGE][PASSED] - Keys 'Oasis Suite' sent to object: 'Object Repository/obj_invoce/new_invoice/new_invoice_sub/input_Taxes_Item_1'

2020-01-13 16:46:40 - [TEST_STEP][PASSED] - delay(4): Delayed 4 second(s)

2020-01-13 16:46:44 - [MESSAGE][PASSED] - Delayed 4 second(s)

2020-01-13 16:46:44 - [TEST_STEP][PASSED] - sendKeys(findTestObject("obj_invoce/new_invoice/new_invoice_sub/input_Taxes_Item_1"), Keys.chord(ENTER)): Keys 'ENTER + ' sent to object: 'Object Repository/obj_invoce/new_invoice/new_invoice_sub/input_Taxes_Item_1'

2020-01-13 16:46:45 - [MESSAGE][PASSED] - Keys 'ENTER + ' sent to object: 'Object Repository/obj_invoce/new_invoice/new_invoice_sub/input_Taxes_Item_1'

2020-01-13 16:46:45 - [TEST_STEP][PASSED] - delay(4): Delayed 4 second(s)

2020-01-13 16:46:49 - [MESSAGE][PASSED] - Delayed 4 second(s)

2020-01-13 16:46:49 - [TEST_STEP][PASSED] - click(findTestObject("obj_invoce/new_invoice/new_invoice_sub/btn_AddLineItem")): Object: 'Object Repository/obj_invoce/new_invoice/new_invoice_sub/btn_AddLineItem' is clicked on

2020-01-13 16:46:49 - [MESSAGE][PASSED] - Object: 'Object Repository/obj_invoce/new_invoice/new_invoice_sub/btn_AddLineItem' is clicked on

2020-01-13 16:46:49 - [TEST_STEP][PASSED] - delay(3): Delayed 3 second(s)

2020-01-13 16:46:52 - [MESSAGE][PASSED] - Delayed 3 second(s)

2020-01-13 16:46:52 - [TEST_STEP][PASSED] - click(findTestObject("obj_invoce/new_invoice/new_invoice_sub2/a_Taxes ()_select2-choice_2")): Object: 'Object Repository/obj_invoce/new_invoice/new_invoice_sub2/a_Taxes ()_select2-choice_2' is clicked on

2020-01-13 16:46:53 - [MESSAGE][PASSED] - Object: 'Object Repository/obj_invoce/new_invoice/new_invoice_sub2/a_Taxes ()_select2-choice_2' is clicked on

2020-01-13 16:46:53 - [TEST_STEP][PASSED] - delay(3): Delayed 3 second(s)

2020-01-13 16:46:56 - [MESSAGE][PASSED] - Delayed 3 second(s)

2020-01-13 16:46:56 - [TEST_STEP][PASSED] - click(findTestObject("obj_invoce/new_invoice/new_invoice_sub/div_Ares")): Object: 'Object Repository/obj_invoce/new_invoice/new_invoice_sub/div_Ares' is clicked on

2020-01-13 16:46:56 - [MESSAGE][PASSED] - Object: 'Object Repository/obj_invoce/new_invoice/new_invoice_sub/div_Ares' is clicked on

2020-01-13 16:46:56 - [TEST_STEP][NOT_RUN] - click(findTestObject("obj_invoce/new_invoice/new_invoice_sub/b")): NOT_RUN: click(findTestObject("obj_invoce/new_invoice/new_invoice_sub/b"))

2020-01-13 16:46:56 - [MESSAGE][NOT_RUN] - NOT_RUN: click(findTestObject("obj_invoce/new_invoice/new_invoice_sub/b"))

2020-01-13 16:46:56 - [TEST_STEP][NOT_RUN] - click(findTestObject("obj_invoce/new_invoice/new_invoice_sub/select_BOARDING_SUITEDAYCARE_SUITESPA_SUITE")): NOT_RUN: click(findTestObject("obj_invoce/new_invoice/new_invoice_sub/select_BOARDING_SUITEDAYCARE_SUITESPA_SUITE"))

2020-01-13 16:46:56 - [MESSAGE][NOT_RUN] - NOT_RUN: click(findTestObject("obj_invoce/new_invoice/new_invoice_sub/select_BOARDING_SUITEDAYCARE_SUITESPA_SUITE"))

2020-01-13 16:46:56 - [TEST_STEP][PASSED] - delay(3): Delayed 3 second(s)

2020-01-13 16:46:59 - [MESSAGE][PASSED] - Delayed 3 second(s)

2020-01-13 16:46:59 - [TEST_STEP][PASSED] - if (var_type == "BOARDING_SUITE"): Object: 'Object Repository/obj_invoce/new_invoice/new_invoice_sub2/select_boarding_2' is clicked on

2020-01-13 16:46:59 - [TEST_STEP][PASSED] - click(findTestObject("obj_invoce/new_invoice/new_invoice_sub2/select_boarding_2"), STOP_ON_FAILURE): Object: 'Object Repository/obj_invoce/new_invoice/new_invoice_sub2/select_boarding_2' is clicked on

2020-01-13 16:47:00 - [MESSAGE][PASSED] - Object: 'Object Repository/obj_invoce/new_invoice/new_invoice_sub2/select_boarding_2' is clicked on

2020-01-13 16:47:00 - [TEST_STEP][PASSED] - if (var_type == "DAYCARE_SUITE"): null

2020-01-13 16:47:00 - [TEST_STEP][PASSED] - if (var_type == "PACKAGE"): null

2020-01-13 16:47:00 - [TEST_STEP][PASSED] - delay(4): Delayed 4 second(s)

2020-01-13 16:47:04 - [MESSAGE][PASSED] - Delayed 4 second(s)

2020-01-13 16:47:04 - [TEST_STEP][PASSED] - sendKeys(findTestObject("obj_invoce/new_invoice/new_invoice_sub2/input_Taxes_Item_2"), var_item): Keys 'Oasis Suite' sent to object: 'Object Repository/obj_invoce/new_invoice/new_invoice_sub2/input_Taxes_Item_2'

2020-01-13 16:47:04 - [MESSAGE][PASSED] - Keys 'Oasis Suite' sent to object: 'Object Repository/obj_invoce/new_invoice/new_invoice_sub2/input_Taxes_Item_2'

2020-01-13 16:47:04 - [TEST_STEP][PASSED] - delay(4): Delayed 4 second(s)

2020-01-13 16:47:08 - [MESSAGE][PASSED] - Delayed 4 second(s)

2020-01-13 16:47:08 - [TEST_STEP][PASSED] - sendKeys(findTestObject("obj_invoce/new_invoice/new_invoice_sub2/input_Taxes_Item_2"), Keys.chord(ENTER)): Keys 'ENTER + ' sent to object: 'Object Repository/obj_invoce/new_invoice/new_invoice_sub2/input_Taxes_Item_2'

2020-01-13 16:47:09 - [MESSAGE][PASSED] - Keys 'ENTER + ' sent to object: 'Object Repository/obj_invoce/new_invoice/new_invoice_sub2/input_Taxes_Item_2'

2020-01-13 16:47:09 - [TEST_STEP][PASSED] - delay(4): Delayed 4 second(s)

2020-01-13 16:47:13 - [MESSAGE][PASSED] - Delayed 4 second(s)

2020-01-13 16:47:13 - [TEST_STEP][PASSED] - click(findTestObject("obj_invoce/new_invoice/new_invoice_sub/btn_AddLineItem")): Object: 'Object Repository/obj_invoce/new_invoice/new_invoice_sub/btn_AddLineItem' is clicked on

2020-01-13 16:47:13 - [MESSAGE][PASSED] - Object: 'Object Repository/obj_invoce/new_invoice/new_invoice_sub/btn_AddLineItem' is clicked on

2020-01-13 16:47:13 - [TEST_STEP][PASSED] - delay(3): Delayed 3 second(s)

2020-01-13 16:47:16 - [MESSAGE][PASSED] - Delayed 3 second(s)

2020-01-13 16:47:16 - [TEST_STEP][PASSED] - click(findTestObject("obj_invoce/new_invoice/new_invoice_sub2/a_Taxes ()_select2-choice_3")): Object: 'Object Repository/obj_invoce/new_invoice/new_invoice_sub2/a_Taxes ()_select2-choice_3' is clicked on

2020-01-13 16:47:16 - [MESSAGE][PASSED] - Object: 'Object Repository/obj_invoce/new_invoice/new_invoice_sub2/a_Taxes ()_select2-choice_3' is clicked on

2020-01-13 16:47:16 - [TEST_STEP][PASSED] - delay(3): Delayed 3 second(s)

2020-01-13 16:47:19 - [MESSAGE][PASSED] - Delayed 3 second(s)

2020-01-13 16:47:19 - [TEST_STEP][PASSED] - click(findTestObject("obj_invoce/new_invoice/new_invoice_sub/div_Poseidon")): Object: 'Object Repository/obj_invoce/new_invoice/new_invoice_sub/div_Poseidon' is clicked on

2020-01-13 16:47:20 - [MESSAGE][PASSED] - Object: 'Object Repository/obj_invoce/new_invoice/new_invoice_sub/div_Poseidon' is clicked on

2020-01-13 16:47:20 - [TEST_STEP][PASSED] - delay(3): Delayed 3 second(s)

2020-01-13 16:47:23 - [MESSAGE][PASSED] - Delayed 3 second(s)

2020-01-13 16:47:23 - [TEST_STEP][PASSED] - if (var_type == "BOARDING_SUITE"): Object: 'Object Repository/obj_invoce/new_invoice/new_invoice_sub2/select_boarding_3' is clicked on

2020-01-13 16:47:23 - [TEST_STEP][PASSED] - click(findTestObject("obj_invoce/new_invoice/new_invoice_sub2/select_boarding_3"), STOP_ON_FAILURE): Object: 'Object Repository/obj_invoce/new_invoice/new_invoice_sub2/select_boarding_3' is clicked on

2020-01-13 16:47:23 - [MESSAGE][PASSED] - Object: 'Object Repository/obj_invoce/new_invoice/new_invoice_sub2/select_boarding_3' is clicked on

2020-01-13 16:47:23 - [TEST_STEP][PASSED] - if (var_type == "DAYCARE_SUITE"): null

2020-01-13 16:47:23 - [TEST_STEP][PASSED] - if (var_type == "PACKAGE"): null

2020-01-13 16:47:23 - [TEST_STEP][PASSED] - delay(4): Delayed 4 second(s)

2020-01-13 16:47:27 - [MESSAGE][PASSED] - Delayed 4 second(s)

2020-01-13 16:47:27 - [TEST_STEP][PASSED] - try: Keys 'ENTER + ' sent to object: 'Object Repository/obj_invoce/new_invoice/new_invoice_sub3/input_item3'

2020-01-13 16:47:27 - [TEST_STEP][PASSED] - sendKeys(findTestObject("obj_invoce/new_invoice/new_invoice_sub3/input_item3"), var_item): Keys 'Oasis Suite' sent to object: 'Object Repository/obj_invoce/new_invoice/new_invoice_sub3/input_item3'

2020-01-13 16:47:28 - [MESSAGE][PASSED] - Keys 'Oasis Suite' sent to object: 'Object Repository/obj_invoce/new_invoice/new_invoice_sub3/input_item3'

2020-01-13 16:47:28 - [TEST_STEP][PASSED] - delay(4): Delayed 4 second(s)

2020-01-13 16:47:32 - [MESSAGE][PASSED] - Delayed 4 second(s)

2020-01-13 16:47:32 - [TEST_STEP][PASSED] - sendKeys(findTestObject("obj_invoce/new_invoice/new_invoice_sub3/input_item3"), Keys.chord(ENTER)): Keys 'ENTER + ' sent to object: 'Object Repository/obj_invoce/new_invoice/new_invoice_sub3/input_item3'

2020-01-13 16:47:32 - [MESSAGE][PASSED] - Keys 'ENTER + ' sent to object: 'Object Repository/obj_invoce/new_invoice/new_invoice_sub3/input_item3'

2020-01-13 16:47:32 - [TEST_STEP][PASSED] - delay(2): Delayed 2 second(s)

2020-01-13 16:47:34 - [MESSAGE][PASSED] - Delayed 2 second(s)

2020-01-13 16:47:34 - [TEST_STEP][PASSED] - click(findTestObject("obj_invoce/new_invoice/new_invoice_sub/button_Save_Taxe")): Object: 'Object Repository/obj_invoce/new_invoice/new_invoice_sub/button_Save_Taxe' is clicked on

2020-01-13 16:47:35 - [MESSAGE][PASSED] - Object: 'Object Repository/obj_invoce/new_invoice/new_invoice_sub/button_Save_Taxe' is clicked on

2020-01-13 16:47:35 - [TEST_STEP][PASSED] - delay(2): Delayed 2 second(s)

2020-01-13 16:47:37 - [MESSAGE][PASSED] - Delayed 2 second(s)

2020-01-13 16:47:37 - [TEST_STEP][PASSED] - delay(2): Delayed 2 second(s)

2020-01-13 16:47:39 - [MESSAGE][PASSED] - Delayed 2 second(s)

2020-01-13 16:47:39 - [TEST_STEP][PASSED] - var_url = getUrl(): Current window's url is: 'https://p4p-qa-bg.aws.paradise4paws.com/accounts/profile/#/invoice/122350/1795412/'

2020-01-13 16:47:39 - [MESSAGE][PASSED] - Current window's url is: 'https://p4p-qa-bg.aws.paradise4paws.com/accounts/profile/#/invoice/122350/1795412/'

2020-01-13 16:47:39 - [TEST_STEP][PASSED] - arrayUrl = var_url.split("/"): null

2020-01-13 16:47:39 - [TEST_STEP][PASSED] - delay(2): Delayed 2 second(s)

2020-01-13 16:47:41 - [MESSAGE][PASSED] - Delayed 2 second(s)

2020-01-13 16:47:41 - [TEST_STEP][PASSED] - cell = rowInv.createCell(9, 0): null

2020-01-13 16:47:41 - [TEST_STEP][PASSED] - cell.setCellType(CELL_TYPE_STRING): null

2020-01-13 16:47:41 - [TEST_STEP][PASSED] - cell.setCellValue(arrayUrl[8]): null

2020-01-13 16:47:41 - [TEST_STEP][PASSED] - delay(2): Delayed 2 second(s)

2020-01-13 16:47:43 - [MESSAGE][PASSED] - Delayed 2 second(s)

2020-01-13 16:47:43 - [TEST_STEP][PASSED] - cell2 = rowPay.createCell(5, 0): null

2020-01-13 16:47:43 - [TEST_STEP][PASSED] - cell2.setCellType(CELL_TYPE_STRING): null

2020-01-13 16:47:43 - [TEST_STEP][PASSED] - cell2.setCellValue(arrayUrl[8]): null

2020-01-13 16:47:43 - [TEST_STEP][PASSED] - delay(2): Delayed 2 second(s)

2020-01-13 16:47:45 - [MESSAGE][PASSED] - Delayed 2 second(s)

2020-01-13 16:47:45 - [TEST_STEP][PASSED] - fosInv = new java.io.FileOutputStream(/home/leonardo-arkusmty/Desktop/P4P/DATA_AUTOMATINTESTING/data_3createInvoice.xlsx): null

2020-01-13 16:47:45 - [TEST_STEP][PASSED] - workbookInv.write(fosInv): null

2020-01-13 16:47:45 - [TEST_STEP][PASSED] - fosInv.close(): null

2020-01-13 16:47:45 - [TEST_STEP][PASSED] - fosPay = new java.io.FileOutputStream(/home/leonardo-arkusmty/Desktop/P4P/DATA_AUTOMATINTESTING/data_4payment.xlsx): null

2020-01-13 16:47:45 - [TEST_STEP][PASSED] - workbookPay.write(fosPay): null

2020-01-13 16:47:45 - [TEST_STEP][PASSED] - fosPay.close(): null

2020-01-13 16:47:45 - [TEST_STEP][PASSED] - delay(2): Delayed 2 second(s)

2020-01-13 16:47:47 - [MESSAGE][PASSED] - Delayed 2 second(s)]]></system-out>
         <system-err><![CDATA[]]></system-err>
      </testcase>
      <testcase name="Test Cases/p4p_createInvoce_ok_spy" time="101.266" classname="Test Cases/p4p_createInvoce_ok_spy" status="PASSED">
         <system-out><![CDATA[2020-01-13 16:47:47 - [TEST_CASE][PASSED] - Test Cases/p4p_createInvoce_ok_spy: Test Cases/p4p_createInvoce_ok_spy

2020-01-13 16:47:47 - [TEST_STEP][PASSED] - openBrowser("https://p4p-qa-bg.aws.paradise4paws.com/login/"): Browser is opened with url: 'https://p4p-qa-bg.aws.paradise4paws.com/login/'

2020-01-13 16:47:47 - [MESSAGE][WARNING] - A browser is already opened. Closing browser and opening a new one

2020-01-13 16:47:47 - [MESSAGE][INFO] - Starting 'Chrome' driver

2020-01-13 16:47:49 - [MESSAGE][PASSED] - Browser is opened with url: 'https://p4p-qa-bg.aws.paradise4paws.com/login/'

2020-01-13 16:47:49 - [TEST_STEP][PASSED] - maximizeWindow(): Current window maximized

2020-01-13 16:47:49 - [MESSAGE][PASSED] - Current window maximized

2020-01-13 16:47:49 - [TEST_STEP][PASSED] - arryPets = var_pets.split(","): null

2020-01-13 16:47:49 - [TEST_STEP][PASSED] - flagBoar = "0": null

2020-01-13 16:47:49 - [TEST_STEP][PASSED] - log = new com.kms.katalon.core.logging.KeywordLogger(): null

2020-01-13 16:47:49 - [TEST_STEP][PASSED] - fisInv = new java.io.FileInputStream(/home/leonardo-arkusmty/Desktop/P4P/DATA_AUTOMATINTESTING/data_3createInvoice.xlsx): null

2020-01-13 16:47:49 - [TEST_STEP][PASSED] - fisPay = new java.io.FileInputStream(/home/leonardo-arkusmty/Desktop/P4P/DATA_AUTOMATINTESTING/data_4payment.xlsx): null

2020-01-13 16:47:49 - [TEST_STEP][PASSED] - workbookInv = new org.apache.poi.xssf.usermodel.XSSFWorkbook(fisInv): null

2020-01-13 16:47:49 - [TEST_STEP][PASSED] - workbookPay = new org.apache.poi.xssf.usermodel.XSSFWorkbook(fisPay): null

2020-01-13 16:47:49 - [TEST_STEP][PASSED] - sheetInv = workbookInv.getSheet("Sheet1"): null

2020-01-13 16:47:49 - [TEST_STEP][PASSED] - sheetPay = workbookPay.getSheet("Sheet1"): null

2020-01-13 16:47:49 - [TEST_STEP][PASSED] - var = Integer.parseInt(var_idRowRes): null

2020-01-13 16:47:49 - [TEST_STEP][PASSED] - rowInv = sheetInv.getRow(var): null

2020-01-13 16:47:49 - [TEST_STEP][PASSED] - rowPay = sheetPay.getRow(var): null

2020-01-13 16:47:49 - [TEST_STEP][PASSED] - today = new java.util.Date(): null

2020-01-13 16:47:49 - [TEST_STEP][PASSED] - todaysDate1 = today.format("mmm/dd/yy"): null

2020-01-13 16:47:49 - [TEST_STEP][PASSED] - todaysDate2 = today.format("dd/mm/yy"): null

2020-01-13 16:47:49 - [TEST_STEP][PASSED] - todaysDate3 = today.format("dd"): null

2020-01-13 16:47:49 - [TEST_STEP][PASSED] - nowTime = today.format("hhmm"): null

2020-01-13 16:47:49 - [TEST_STEP][PASSED] - setText(findTestObject("obj_login/input_user"), var_user): Text 'jegchavez@gmail.com' is set on object 'Object Repository/obj_login/input_user'

2020-01-13 16:47:50 - [MESSAGE][PASSED] - Text 'jegchavez@gmail.com' is set on object 'Object Repository/obj_login/input_user'

2020-01-13 16:47:50 - [TEST_STEP][PASSED] - setText(findTestObject("obj_login/input_pass"), var_pass): Text 'admin1' is set on object 'Object Repository/obj_login/input_pass'

2020-01-13 16:47:50 - [MESSAGE][PASSED] - Text 'admin1' is set on object 'Object Repository/obj_login/input_pass'

2020-01-13 16:47:50 - [TEST_STEP][PASSED] - delay(2): Delayed 2 second(s)

2020-01-13 16:47:52 - [MESSAGE][PASSED] - Delayed 2 second(s)

2020-01-13 16:47:52 - [TEST_STEP][PASSED] - verifyElementClickable(findTestObject("obj_login/btn_login")): Object 'Object Repository/obj_login/btn_login' is clickable

2020-01-13 16:47:52 - [MESSAGE][PASSED] - Object 'Object Repository/obj_login/btn_login' is clickable

2020-01-13 16:47:52 - [TEST_STEP][PASSED] - click(findTestObject("obj_login/btn_login")): Object: 'Object Repository/obj_login/btn_login' is clicked on

2020-01-13 16:47:54 - [MESSAGE][PASSED] - Object: 'Object Repository/obj_login/btn_login' is clicked on

2020-01-13 16:47:54 - [TEST_STEP][PASSED] - delay(2): Delayed 2 second(s)

2020-01-13 16:47:56 - [MESSAGE][PASSED] - Delayed 2 second(s)

2020-01-13 16:47:56 - [TEST_STEP][PASSED] - setText(findTestObject("obj_dashboard_emp/input_search"), var_parent): Text 'leongarzagarza@hotmail.com' is set on object 'Object Repository/obj_dashboard_emp/input_search'

2020-01-13 16:47:56 - [MESSAGE][PASSED] - Text 'leongarzagarza@hotmail.com' is set on object 'Object Repository/obj_dashboard_emp/input_search'

2020-01-13 16:47:56 - [TEST_STEP][PASSED] - click(findTestObject("obj_dashboard_emp/btn_accountSearch")): Object: 'Object Repository/obj_dashboard_emp/btn_accountSearch' is clicked on

2020-01-13 16:47:57 - [MESSAGE][PASSED] - Object: 'Object Repository/obj_dashboard_emp/btn_accountSearch' is clicked on

2020-01-13 16:47:57 - [TEST_STEP][PASSED] - delay(2): Delayed 2 second(s)

2020-01-13 16:47:59 - [MESSAGE][PASSED] - Delayed 2 second(s)

2020-01-13 16:47:59 - [TEST_STEP][PASSED] - click(findTestObject("obj_accountInformation/a_TEST GABRIEL PROD")): Object: 'Object Repository/obj_accountInformation/a_TEST GABRIEL PROD' is clicked on

2020-01-13 16:48:00 - [MESSAGE][PASSED] - Object: 'Object Repository/obj_accountInformation/a_TEST GABRIEL PROD' is clicked on

2020-01-13 16:48:00 - [TEST_STEP][PASSED] - delay(2): Delayed 2 second(s)

2020-01-13 16:48:02 - [MESSAGE][PASSED] - Delayed 2 second(s)

2020-01-13 16:48:02 - [TEST_STEP][PASSED] - click(findTestObject("obj_invoce/btn_createInvoice")): Object: 'Object Repository/obj_invoce/btn_createInvoice' is clicked on

2020-01-13 16:48:04 - [MESSAGE][PASSED] - Object: 'Object Repository/obj_invoce/btn_createInvoice' is clicked on

2020-01-13 16:48:04 - [TEST_STEP][PASSED] - delay(3): Delayed 3 second(s)

2020-01-13 16:48:07 - [MESSAGE][PASSED] - Delayed 3 second(s)

2020-01-13 16:48:07 - [TEST_STEP][PASSED] - if (arryPets.size() == 1): null

2020-01-13 16:48:07 - [TEST_STEP][PASSED] - if (arryPets.size() == 2): null

2020-01-13 16:48:07 - [TEST_STEP][PASSED] - if (arryPets.size() == 3): Delayed 2 second(s)

2020-01-13 16:48:07 - [TEST_STEP][PASSED] - log.logInfo("SIZE 3"): SIZE 3

2020-01-13 16:48:07 - [MESSAGE][INFO] - SIZE 3

2020-01-13 16:48:07 - [TEST_STEP][PASSED] - click(findTestObject("obj_invoce/new_invoice/new_invoice_sub/btn_AddLineItem")): Object: 'Object Repository/obj_invoce/new_invoice/new_invoice_sub/btn_AddLineItem' is clicked on

2020-01-13 16:48:08 - [MESSAGE][PASSED] - Object: 'Object Repository/obj_invoce/new_invoice/new_invoice_sub/btn_AddLineItem' is clicked on

2020-01-13 16:48:08 - [TEST_STEP][PASSED] - delay(3): Delayed 3 second(s)

2020-01-13 16:48:11 - [MESSAGE][PASSED] - Delayed 3 second(s)

2020-01-13 16:48:11 - [TEST_STEP][PASSED] - click(findTestObject("obj_invoce/new_invoice/new_invoice_sub/a_Taxes ()_select2-choice_1")): Object: 'Object Repository/obj_invoce/new_invoice/new_invoice_sub/a_Taxes ()_select2-choice_1' is clicked on

2020-01-13 16:48:11 - [MESSAGE][PASSED] - Object: 'Object Repository/obj_invoce/new_invoice/new_invoice_sub/a_Taxes ()_select2-choice_1' is clicked on

2020-01-13 16:48:11 - [TEST_STEP][PASSED] - delay(3): Delayed 3 second(s)

2020-01-13 16:48:14 - [MESSAGE][PASSED] - Delayed 3 second(s)

2020-01-13 16:48:14 - [TEST_STEP][PASSED] - click(findTestObject("obj_invoce/new_invoice/new_invoice_sub/div_Zeus")): Object: 'Object Repository/obj_invoce/new_invoice/new_invoice_sub/div_Zeus' is clicked on

2020-01-13 16:48:14 - [MESSAGE][PASSED] - Object: 'Object Repository/obj_invoce/new_invoice/new_invoice_sub/div_Zeus' is clicked on

2020-01-13 16:48:14 - [TEST_STEP][NOT_RUN] - click(findTestObject("obj_invoce/new_invoice/new_invoice_sub/b")): NOT_RUN: click(findTestObject("obj_invoce/new_invoice/new_invoice_sub/b"))

2020-01-13 16:48:14 - [MESSAGE][NOT_RUN] - NOT_RUN: click(findTestObject("obj_invoce/new_invoice/new_invoice_sub/b"))

2020-01-13 16:48:14 - [TEST_STEP][NOT_RUN] - click(findTestObject("obj_invoce/new_invoice/new_invoice_sub/select_BOARDING_SUITEDAYCARE_SUITESPA_SUITE")): NOT_RUN: click(findTestObject("obj_invoce/new_invoice/new_invoice_sub/select_BOARDING_SUITEDAYCARE_SUITESPA_SUITE"))

2020-01-13 16:48:14 - [MESSAGE][NOT_RUN] - NOT_RUN: click(findTestObject("obj_invoce/new_invoice/new_invoice_sub/select_BOARDING_SUITEDAYCARE_SUITESPA_SUITE"))

2020-01-13 16:48:14 - [TEST_STEP][PASSED] - delay(3): Delayed 3 second(s)

2020-01-13 16:48:17 - [MESSAGE][PASSED] - Delayed 3 second(s)

2020-01-13 16:48:17 - [TEST_STEP][PASSED] - if (var_type == "BOARDING_SUITE"): null

2020-01-13 16:48:17 - [TEST_STEP][PASSED] - if (var_type == "DAYCARE_SUITE"): Object: 'Object Repository/obj_invoce/new_invoice_ok_1/select_day' is clicked on

2020-01-13 16:48:17 - [TEST_STEP][PASSED] - click(findTestObject("obj_invoce/new_invoice_ok_1/select_day"), STOP_ON_FAILURE): Object: 'Object Repository/obj_invoce/new_invoice_ok_1/select_day' is clicked on

2020-01-13 16:48:18 - [MESSAGE][PASSED] - Object: 'Object Repository/obj_invoce/new_invoice_ok_1/select_day' is clicked on

2020-01-13 16:48:18 - [TEST_STEP][PASSED] - if (var_type == "PACKAGE"): null

2020-01-13 16:48:18 - [TEST_STEP][PASSED] - delay(4): Delayed 4 second(s)

2020-01-13 16:48:22 - [MESSAGE][PASSED] - Delayed 4 second(s)

2020-01-13 16:48:22 - [TEST_STEP][PASSED] - sendKeys(findTestObject("obj_invoce/new_invoice/new_invoice_sub/input_Taxes_Item_1"), var_item): Keys 'Half Day of Daycare' sent to object: 'Object Repository/obj_invoce/new_invoice/new_invoice_sub/input_Taxes_Item_1'

2020-01-13 16:48:22 - [MESSAGE][PASSED] - Keys 'Half Day of Daycare' sent to object: 'Object Repository/obj_invoce/new_invoice/new_invoice_sub/input_Taxes_Item_1'

2020-01-13 16:48:22 - [TEST_STEP][PASSED] - delay(4): Delayed 4 second(s)

2020-01-13 16:48:26 - [MESSAGE][PASSED] - Delayed 4 second(s)

2020-01-13 16:48:26 - [TEST_STEP][PASSED] - sendKeys(findTestObject("obj_invoce/new_invoice/new_invoice_sub/input_Taxes_Item_1"), Keys.chord(ENTER)): Keys 'ENTER + ' sent to object: 'Object Repository/obj_invoce/new_invoice/new_invoice_sub/input_Taxes_Item_1'

2020-01-13 16:48:27 - [MESSAGE][PASSED] - Keys 'ENTER + ' sent to object: 'Object Repository/obj_invoce/new_invoice/new_invoice_sub/input_Taxes_Item_1'

2020-01-13 16:48:27 - [TEST_STEP][PASSED] - delay(4): Delayed 4 second(s)

2020-01-13 16:48:31 - [MESSAGE][PASSED] - Delayed 4 second(s)

2020-01-13 16:48:31 - [TEST_STEP][PASSED] - click(findTestObject("obj_invoce/new_invoice/new_invoice_sub/btn_AddLineItem")): Object: 'Object Repository/obj_invoce/new_invoice/new_invoice_sub/btn_AddLineItem' is clicked on

2020-01-13 16:48:31 - [MESSAGE][PASSED] - Object: 'Object Repository/obj_invoce/new_invoice/new_invoice_sub/btn_AddLineItem' is clicked on

2020-01-13 16:48:31 - [TEST_STEP][PASSED] - delay(3): Delayed 3 second(s)

2020-01-13 16:48:34 - [MESSAGE][PASSED] - Delayed 3 second(s)

2020-01-13 16:48:34 - [TEST_STEP][PASSED] - click(findTestObject("obj_invoce/new_invoice/new_invoice_sub2/a_Taxes ()_select2-choice_2")): Object: 'Object Repository/obj_invoce/new_invoice/new_invoice_sub2/a_Taxes ()_select2-choice_2' is clicked on

2020-01-13 16:48:34 - [MESSAGE][PASSED] - Object: 'Object Repository/obj_invoce/new_invoice/new_invoice_sub2/a_Taxes ()_select2-choice_2' is clicked on

2020-01-13 16:48:34 - [TEST_STEP][PASSED] - delay(3): Delayed 3 second(s)

2020-01-13 16:48:37 - [MESSAGE][PASSED] - Delayed 3 second(s)

2020-01-13 16:48:37 - [TEST_STEP][PASSED] - click(findTestObject("obj_invoce/new_invoice/new_invoice_sub/div_Ares")): Object: 'Object Repository/obj_invoce/new_invoice/new_invoice_sub/div_Ares' is clicked on

2020-01-13 16:48:38 - [MESSAGE][PASSED] - Object: 'Object Repository/obj_invoce/new_invoice/new_invoice_sub/div_Ares' is clicked on

2020-01-13 16:48:38 - [TEST_STEP][NOT_RUN] - click(findTestObject("obj_invoce/new_invoice/new_invoice_sub/b")): NOT_RUN: click(findTestObject("obj_invoce/new_invoice/new_invoice_sub/b"))

2020-01-13 16:48:38 - [MESSAGE][NOT_RUN] - NOT_RUN: click(findTestObject("obj_invoce/new_invoice/new_invoice_sub/b"))

2020-01-13 16:48:38 - [TEST_STEP][NOT_RUN] - click(findTestObject("obj_invoce/new_invoice/new_invoice_sub/select_BOARDING_SUITEDAYCARE_SUITESPA_SUITE")): NOT_RUN: click(findTestObject("obj_invoce/new_invoice/new_invoice_sub/select_BOARDING_SUITEDAYCARE_SUITESPA_SUITE"))

2020-01-13 16:48:38 - [MESSAGE][NOT_RUN] - NOT_RUN: click(findTestObject("obj_invoce/new_invoice/new_invoice_sub/select_BOARDING_SUITEDAYCARE_SUITESPA_SUITE"))

2020-01-13 16:48:38 - [TEST_STEP][PASSED] - delay(3): Delayed 3 second(s)

2020-01-13 16:48:41 - [MESSAGE][PASSED] - Delayed 3 second(s)

2020-01-13 16:48:41 - [TEST_STEP][PASSED] - if (var_type == "BOARDING_SUITE"): null

2020-01-13 16:48:41 - [TEST_STEP][PASSED] - if (var_type == "DAYCARE_SUITE"): Object: 'Object Repository/obj_invoce/new_invoice/new_invoice_sub2/select_day_2' is clicked on

2020-01-13 16:48:41 - [TEST_STEP][PASSED] - click(findTestObject("obj_invoce/new_invoice/new_invoice_sub2/select_day_2"), STOP_ON_FAILURE): Object: 'Object Repository/obj_invoce/new_invoice/new_invoice_sub2/select_day_2' is clicked on

2020-01-13 16:48:41 - [MESSAGE][PASSED] - Object: 'Object Repository/obj_invoce/new_invoice/new_invoice_sub2/select_day_2' is clicked on

2020-01-13 16:48:41 - [TEST_STEP][PASSED] - if (var_type == "PACKAGE"): null

2020-01-13 16:48:41 - [TEST_STEP][PASSED] - delay(4): Delayed 4 second(s)

2020-01-13 16:48:45 - [MESSAGE][PASSED] - Delayed 4 second(s)

2020-01-13 16:48:45 - [TEST_STEP][PASSED] - sendKeys(findTestObject("obj_invoce/new_invoice/new_invoice_sub2/input_Taxes_Item_2"), var_item): Keys 'Half Day of Daycare' sent to object: 'Object Repository/obj_invoce/new_invoice/new_invoice_sub2/input_Taxes_Item_2'

2020-01-13 16:48:46 - [MESSAGE][PASSED] - Keys 'Half Day of Daycare' sent to object: 'Object Repository/obj_invoce/new_invoice/new_invoice_sub2/input_Taxes_Item_2'

2020-01-13 16:48:46 - [TEST_STEP][PASSED] - delay(4): Delayed 4 second(s)

2020-01-13 16:48:50 - [MESSAGE][PASSED] - Delayed 4 second(s)

2020-01-13 16:48:50 - [TEST_STEP][PASSED] - sendKeys(findTestObject("obj_invoce/new_invoice/new_invoice_sub2/input_Taxes_Item_2"), Keys.chord(ENTER)): Keys 'ENTER + ' sent to object: 'Object Repository/obj_invoce/new_invoice/new_invoice_sub2/input_Taxes_Item_2'

2020-01-13 16:48:50 - [MESSAGE][PASSED] - Keys 'ENTER + ' sent to object: 'Object Repository/obj_invoce/new_invoice/new_invoice_sub2/input_Taxes_Item_2'

2020-01-13 16:48:50 - [TEST_STEP][PASSED] - delay(4): Delayed 4 second(s)

2020-01-13 16:48:54 - [MESSAGE][PASSED] - Delayed 4 second(s)

2020-01-13 16:48:54 - [TEST_STEP][PASSED] - click(findTestObject("obj_invoce/new_invoice/new_invoice_sub/btn_AddLineItem")): Object: 'Object Repository/obj_invoce/new_invoice/new_invoice_sub/btn_AddLineItem' is clicked on

2020-01-13 16:48:54 - [MESSAGE][PASSED] - Object: 'Object Repository/obj_invoce/new_invoice/new_invoice_sub/btn_AddLineItem' is clicked on

2020-01-13 16:48:54 - [TEST_STEP][PASSED] - delay(3): Delayed 3 second(s)

2020-01-13 16:48:57 - [MESSAGE][PASSED] - Delayed 3 second(s)

2020-01-13 16:48:57 - [TEST_STEP][PASSED] - click(findTestObject("obj_invoce/new_invoice/new_invoice_sub2/a_Taxes ()_select2-choice_3")): Object: 'Object Repository/obj_invoce/new_invoice/new_invoice_sub2/a_Taxes ()_select2-choice_3' is clicked on

2020-01-13 16:48:58 - [MESSAGE][PASSED] - Object: 'Object Repository/obj_invoce/new_invoice/new_invoice_sub2/a_Taxes ()_select2-choice_3' is clicked on

2020-01-13 16:48:58 - [TEST_STEP][PASSED] - delay(3): Delayed 3 second(s)

2020-01-13 16:49:01 - [MESSAGE][PASSED] - Delayed 3 second(s)

2020-01-13 16:49:01 - [TEST_STEP][PASSED] - click(findTestObject("obj_invoce/new_invoice/new_invoice_sub/div_Poseidon")): Object: 'Object Repository/obj_invoce/new_invoice/new_invoice_sub/div_Poseidon' is clicked on

2020-01-13 16:49:01 - [MESSAGE][PASSED] - Object: 'Object Repository/obj_invoce/new_invoice/new_invoice_sub/div_Poseidon' is clicked on

2020-01-13 16:49:01 - [TEST_STEP][PASSED] - delay(3): Delayed 3 second(s)

2020-01-13 16:49:04 - [MESSAGE][PASSED] - Delayed 3 second(s)

2020-01-13 16:49:04 - [TEST_STEP][PASSED] - if (var_type == "BOARDING_SUITE"): null

2020-01-13 16:49:04 - [TEST_STEP][PASSED] - if (var_type == "DAYCARE_SUITE"): Object: 'Object Repository/obj_invoce/new_invoice/new_invoice_sub2/select_day_3' is clicked on

2020-01-13 16:49:04 - [TEST_STEP][PASSED] - click(findTestObject("obj_invoce/new_invoice/new_invoice_sub2/select_day_3"), STOP_ON_FAILURE): Object: 'Object Repository/obj_invoce/new_invoice/new_invoice_sub2/select_day_3' is clicked on

2020-01-13 16:49:04 - [MESSAGE][PASSED] - Object: 'Object Repository/obj_invoce/new_invoice/new_invoice_sub2/select_day_3' is clicked on

2020-01-13 16:49:04 - [TEST_STEP][PASSED] - if (var_type == "PACKAGE"): null

2020-01-13 16:49:04 - [TEST_STEP][PASSED] - delay(4): Delayed 4 second(s)

2020-01-13 16:49:08 - [MESSAGE][PASSED] - Delayed 4 second(s)

2020-01-13 16:49:08 - [TEST_STEP][PASSED] - try: Keys 'ENTER + ' sent to object: 'Object Repository/obj_invoce/new_invoice/new_invoice_sub3/input_item3'

2020-01-13 16:49:08 - [TEST_STEP][PASSED] - sendKeys(findTestObject("obj_invoce/new_invoice/new_invoice_sub3/input_item3"), var_item): Keys 'Half Day of Daycare' sent to object: 'Object Repository/obj_invoce/new_invoice/new_invoice_sub3/input_item3'

2020-01-13 16:49:09 - [MESSAGE][PASSED] - Keys 'Half Day of Daycare' sent to object: 'Object Repository/obj_invoce/new_invoice/new_invoice_sub3/input_item3'

2020-01-13 16:49:09 - [TEST_STEP][PASSED] - delay(4): Delayed 4 second(s)

2020-01-13 16:49:13 - [MESSAGE][PASSED] - Delayed 4 second(s)

2020-01-13 16:49:13 - [TEST_STEP][PASSED] - sendKeys(findTestObject("obj_invoce/new_invoice/new_invoice_sub3/input_item3"), Keys.chord(ENTER)): Keys 'ENTER + ' sent to object: 'Object Repository/obj_invoce/new_invoice/new_invoice_sub3/input_item3'

2020-01-13 16:49:13 - [MESSAGE][PASSED] - Keys 'ENTER + ' sent to object: 'Object Repository/obj_invoce/new_invoice/new_invoice_sub3/input_item3'

2020-01-13 16:49:13 - [TEST_STEP][PASSED] - delay(2): Delayed 2 second(s)

2020-01-13 16:49:15 - [MESSAGE][PASSED] - Delayed 2 second(s)

2020-01-13 16:49:15 - [TEST_STEP][PASSED] - click(findTestObject("obj_invoce/new_invoice/new_invoice_sub/button_Save_Taxe")): Object: 'Object Repository/obj_invoce/new_invoice/new_invoice_sub/button_Save_Taxe' is clicked on

2020-01-13 16:49:16 - [MESSAGE][PASSED] - Object: 'Object Repository/obj_invoce/new_invoice/new_invoice_sub/button_Save_Taxe' is clicked on

2020-01-13 16:49:16 - [TEST_STEP][PASSED] - delay(2): Delayed 2 second(s)

2020-01-13 16:49:18 - [MESSAGE][PASSED] - Delayed 2 second(s)

2020-01-13 16:49:18 - [TEST_STEP][PASSED] - delay(2): Delayed 2 second(s)

2020-01-13 16:49:20 - [MESSAGE][PASSED] - Delayed 2 second(s)

2020-01-13 16:49:20 - [TEST_STEP][PASSED] - var_url = getUrl(): Current window's url is: 'https://p4p-qa-bg.aws.paradise4paws.com/accounts/profile/#/invoice/122350/1795413/'

2020-01-13 16:49:20 - [MESSAGE][PASSED] - Current window's url is: 'https://p4p-qa-bg.aws.paradise4paws.com/accounts/profile/#/invoice/122350/1795413/'

2020-01-13 16:49:20 - [TEST_STEP][PASSED] - arrayUrl = var_url.split("/"): null

2020-01-13 16:49:20 - [TEST_STEP][PASSED] - delay(2): Delayed 2 second(s)

2020-01-13 16:49:22 - [MESSAGE][PASSED] - Delayed 2 second(s)

2020-01-13 16:49:22 - [TEST_STEP][PASSED] - cell = rowInv.createCell(9, 0): null

2020-01-13 16:49:22 - [TEST_STEP][PASSED] - cell.setCellType(CELL_TYPE_STRING): null

2020-01-13 16:49:22 - [TEST_STEP][PASSED] - cell.setCellValue(arrayUrl[8]): null

2020-01-13 16:49:22 - [TEST_STEP][PASSED] - delay(2): Delayed 2 second(s)

2020-01-13 16:49:24 - [MESSAGE][PASSED] - Delayed 2 second(s)

2020-01-13 16:49:24 - [TEST_STEP][PASSED] - cell2 = rowPay.createCell(5, 0): null

2020-01-13 16:49:24 - [TEST_STEP][PASSED] - cell2.setCellType(CELL_TYPE_STRING): null

2020-01-13 16:49:24 - [TEST_STEP][PASSED] - cell2.setCellValue(arrayUrl[8]): null

2020-01-13 16:49:24 - [TEST_STEP][PASSED] - delay(2): Delayed 2 second(s)

2020-01-13 16:49:26 - [MESSAGE][PASSED] - Delayed 2 second(s)

2020-01-13 16:49:26 - [TEST_STEP][PASSED] - fosInv = new java.io.FileOutputStream(/home/leonardo-arkusmty/Desktop/P4P/DATA_AUTOMATINTESTING/data_3createInvoice.xlsx): null

2020-01-13 16:49:26 - [TEST_STEP][PASSED] - workbookInv.write(fosInv): null

2020-01-13 16:49:26 - [TEST_STEP][PASSED] - fosInv.close(): null

2020-01-13 16:49:26 - [TEST_STEP][PASSED] - fosPay = new java.io.FileOutputStream(/home/leonardo-arkusmty/Desktop/P4P/DATA_AUTOMATINTESTING/data_4payment.xlsx): null

2020-01-13 16:49:26 - [TEST_STEP][PASSED] - workbookPay.write(fosPay): null

2020-01-13 16:49:26 - [TEST_STEP][PASSED] - fosPay.close(): null

2020-01-13 16:49:26 - [TEST_STEP][PASSED] - delay(2): Delayed 2 second(s)

2020-01-13 16:49:28 - [MESSAGE][PASSED] - Delayed 2 second(s)]]></system-out>
         <system-err><![CDATA[]]></system-err>
      </testcase>
      <testcase name="Test Cases/p4p_createInvoce_ok_spy" time="101.384" classname="Test Cases/p4p_createInvoce_ok_spy" status="PASSED">
         <system-out><![CDATA[2020-01-13 16:49:28 - [TEST_CASE][PASSED] - Test Cases/p4p_createInvoce_ok_spy: Test Cases/p4p_createInvoce_ok_spy

2020-01-13 16:49:28 - [TEST_STEP][PASSED] - openBrowser("https://p4p-qa-bg.aws.paradise4paws.com/login/"): Browser is opened with url: 'https://p4p-qa-bg.aws.paradise4paws.com/login/'

2020-01-13 16:49:28 - [MESSAGE][WARNING] - A browser is already opened. Closing browser and opening a new one

2020-01-13 16:49:28 - [MESSAGE][INFO] - Starting 'Chrome' driver

2020-01-13 16:49:30 - [MESSAGE][PASSED] - Browser is opened with url: 'https://p4p-qa-bg.aws.paradise4paws.com/login/'

2020-01-13 16:49:30 - [TEST_STEP][PASSED] - maximizeWindow(): Current window maximized

2020-01-13 16:49:30 - [MESSAGE][PASSED] - Current window maximized

2020-01-13 16:49:30 - [TEST_STEP][PASSED] - arryPets = var_pets.split(","): null

2020-01-13 16:49:30 - [TEST_STEP][PASSED] - flagBoar = "0": null

2020-01-13 16:49:30 - [TEST_STEP][PASSED] - log = new com.kms.katalon.core.logging.KeywordLogger(): null

2020-01-13 16:49:30 - [TEST_STEP][PASSED] - fisInv = new java.io.FileInputStream(/home/leonardo-arkusmty/Desktop/P4P/DATA_AUTOMATINTESTING/data_3createInvoice.xlsx): null

2020-01-13 16:49:30 - [TEST_STEP][PASSED] - fisPay = new java.io.FileInputStream(/home/leonardo-arkusmty/Desktop/P4P/DATA_AUTOMATINTESTING/data_4payment.xlsx): null

2020-01-13 16:49:30 - [TEST_STEP][PASSED] - workbookInv = new org.apache.poi.xssf.usermodel.XSSFWorkbook(fisInv): null

2020-01-13 16:49:30 - [TEST_STEP][PASSED] - workbookPay = new org.apache.poi.xssf.usermodel.XSSFWorkbook(fisPay): null

2020-01-13 16:49:30 - [TEST_STEP][PASSED] - sheetInv = workbookInv.getSheet("Sheet1"): null

2020-01-13 16:49:30 - [TEST_STEP][PASSED] - sheetPay = workbookPay.getSheet("Sheet1"): null

2020-01-13 16:49:30 - [TEST_STEP][PASSED] - var = Integer.parseInt(var_idRowRes): null

2020-01-13 16:49:30 - [TEST_STEP][PASSED] - rowInv = sheetInv.getRow(var): null

2020-01-13 16:49:30 - [TEST_STEP][PASSED] - rowPay = sheetPay.getRow(var): null

2020-01-13 16:49:30 - [TEST_STEP][PASSED] - today = new java.util.Date(): null

2020-01-13 16:49:30 - [TEST_STEP][PASSED] - todaysDate1 = today.format("mmm/dd/yy"): null

2020-01-13 16:49:30 - [TEST_STEP][PASSED] - todaysDate2 = today.format("dd/mm/yy"): null

2020-01-13 16:49:30 - [TEST_STEP][PASSED] - todaysDate3 = today.format("dd"): null

2020-01-13 16:49:30 - [TEST_STEP][PASSED] - nowTime = today.format("hhmm"): null

2020-01-13 16:49:30 - [TEST_STEP][PASSED] - setText(findTestObject("obj_login/input_user"), var_user): Text 'jegchavez@gmail.com' is set on object 'Object Repository/obj_login/input_user'

2020-01-13 16:49:31 - [MESSAGE][PASSED] - Text 'jegchavez@gmail.com' is set on object 'Object Repository/obj_login/input_user'

2020-01-13 16:49:31 - [TEST_STEP][PASSED] - setText(findTestObject("obj_login/input_pass"), var_pass): Text 'admin1' is set on object 'Object Repository/obj_login/input_pass'

2020-01-13 16:49:31 - [MESSAGE][PASSED] - Text 'admin1' is set on object 'Object Repository/obj_login/input_pass'

2020-01-13 16:49:31 - [TEST_STEP][PASSED] - delay(2): Delayed 2 second(s)

2020-01-13 16:49:33 - [MESSAGE][PASSED] - Delayed 2 second(s)

2020-01-13 16:49:33 - [TEST_STEP][PASSED] - verifyElementClickable(findTestObject("obj_login/btn_login")): Object 'Object Repository/obj_login/btn_login' is clickable

2020-01-13 16:49:34 - [MESSAGE][PASSED] - Object 'Object Repository/obj_login/btn_login' is clickable

2020-01-13 16:49:34 - [TEST_STEP][PASSED] - click(findTestObject("obj_login/btn_login")): Object: 'Object Repository/obj_login/btn_login' is clicked on

2020-01-13 16:49:35 - [MESSAGE][PASSED] - Object: 'Object Repository/obj_login/btn_login' is clicked on

2020-01-13 16:49:35 - [TEST_STEP][PASSED] - delay(2): Delayed 2 second(s)

2020-01-13 16:49:37 - [MESSAGE][PASSED] - Delayed 2 second(s)

2020-01-13 16:49:37 - [TEST_STEP][PASSED] - setText(findTestObject("obj_dashboard_emp/input_search"), var_parent): Text 'leongarzagarza@hotmail.com' is set on object 'Object Repository/obj_dashboard_emp/input_search'

2020-01-13 16:49:38 - [MESSAGE][PASSED] - Text 'leongarzagarza@hotmail.com' is set on object 'Object Repository/obj_dashboard_emp/input_search'

2020-01-13 16:49:38 - [TEST_STEP][PASSED] - click(findTestObject("obj_dashboard_emp/btn_accountSearch")): Object: 'Object Repository/obj_dashboard_emp/btn_accountSearch' is clicked on

2020-01-13 16:49:39 - [MESSAGE][PASSED] - Object: 'Object Repository/obj_dashboard_emp/btn_accountSearch' is clicked on

2020-01-13 16:49:39 - [TEST_STEP][PASSED] - delay(2): Delayed 2 second(s)

2020-01-13 16:49:41 - [MESSAGE][PASSED] - Delayed 2 second(s)

2020-01-13 16:49:41 - [TEST_STEP][PASSED] - click(findTestObject("obj_accountInformation/a_TEST GABRIEL PROD")): Object: 'Object Repository/obj_accountInformation/a_TEST GABRIEL PROD' is clicked on

2020-01-13 16:49:41 - [MESSAGE][PASSED] - Object: 'Object Repository/obj_accountInformation/a_TEST GABRIEL PROD' is clicked on

2020-01-13 16:49:41 - [TEST_STEP][PASSED] - delay(2): Delayed 2 second(s)

2020-01-13 16:49:43 - [MESSAGE][PASSED] - Delayed 2 second(s)

2020-01-13 16:49:43 - [TEST_STEP][PASSED] - click(findTestObject("obj_invoce/btn_createInvoice")): Object: 'Object Repository/obj_invoce/btn_createInvoice' is clicked on

2020-01-13 16:49:45 - [MESSAGE][PASSED] - Object: 'Object Repository/obj_invoce/btn_createInvoice' is clicked on

2020-01-13 16:49:45 - [TEST_STEP][PASSED] - delay(3): Delayed 3 second(s)

2020-01-13 16:49:48 - [MESSAGE][PASSED] - Delayed 3 second(s)

2020-01-13 16:49:48 - [TEST_STEP][PASSED] - if (arryPets.size() == 1): null

2020-01-13 16:49:48 - [TEST_STEP][PASSED] - if (arryPets.size() == 2): null

2020-01-13 16:49:48 - [TEST_STEP][PASSED] - if (arryPets.size() == 3): Delayed 2 second(s)

2020-01-13 16:49:48 - [TEST_STEP][PASSED] - log.logInfo("SIZE 3"): SIZE 3

2020-01-13 16:49:48 - [MESSAGE][INFO] - SIZE 3

2020-01-13 16:49:48 - [TEST_STEP][PASSED] - click(findTestObject("obj_invoce/new_invoice/new_invoice_sub/btn_AddLineItem")): Object: 'Object Repository/obj_invoce/new_invoice/new_invoice_sub/btn_AddLineItem' is clicked on

2020-01-13 16:49:49 - [MESSAGE][PASSED] - Object: 'Object Repository/obj_invoce/new_invoice/new_invoice_sub/btn_AddLineItem' is clicked on

2020-01-13 16:49:49 - [TEST_STEP][PASSED] - delay(3): Delayed 3 second(s)

2020-01-13 16:49:52 - [MESSAGE][PASSED] - Delayed 3 second(s)

2020-01-13 16:49:52 - [TEST_STEP][PASSED] - click(findTestObject("obj_invoce/new_invoice/new_invoice_sub/a_Taxes ()_select2-choice_1")): Object: 'Object Repository/obj_invoce/new_invoice/new_invoice_sub/a_Taxes ()_select2-choice_1' is clicked on

2020-01-13 16:49:52 - [MESSAGE][PASSED] - Object: 'Object Repository/obj_invoce/new_invoice/new_invoice_sub/a_Taxes ()_select2-choice_1' is clicked on

2020-01-13 16:49:52 - [TEST_STEP][PASSED] - delay(3): Delayed 3 second(s)

2020-01-13 16:49:55 - [MESSAGE][PASSED] - Delayed 3 second(s)

2020-01-13 16:49:55 - [TEST_STEP][PASSED] - click(findTestObject("obj_invoce/new_invoice/new_invoice_sub/div_Zeus")): Object: 'Object Repository/obj_invoce/new_invoice/new_invoice_sub/div_Zeus' is clicked on

2020-01-13 16:49:56 - [MESSAGE][PASSED] - Object: 'Object Repository/obj_invoce/new_invoice/new_invoice_sub/div_Zeus' is clicked on

2020-01-13 16:49:56 - [TEST_STEP][NOT_RUN] - click(findTestObject("obj_invoce/new_invoice/new_invoice_sub/b")): NOT_RUN: click(findTestObject("obj_invoce/new_invoice/new_invoice_sub/b"))

2020-01-13 16:49:56 - [MESSAGE][NOT_RUN] - NOT_RUN: click(findTestObject("obj_invoce/new_invoice/new_invoice_sub/b"))

2020-01-13 16:49:56 - [TEST_STEP][NOT_RUN] - click(findTestObject("obj_invoce/new_invoice/new_invoice_sub/select_BOARDING_SUITEDAYCARE_SUITESPA_SUITE")): NOT_RUN: click(findTestObject("obj_invoce/new_invoice/new_invoice_sub/select_BOARDING_SUITEDAYCARE_SUITESPA_SUITE"))

2020-01-13 16:49:56 - [MESSAGE][NOT_RUN] - NOT_RUN: click(findTestObject("obj_invoce/new_invoice/new_invoice_sub/select_BOARDING_SUITEDAYCARE_SUITESPA_SUITE"))

2020-01-13 16:49:56 - [TEST_STEP][PASSED] - delay(3): Delayed 3 second(s)

2020-01-13 16:49:59 - [MESSAGE][PASSED] - Delayed 3 second(s)

2020-01-13 16:49:59 - [TEST_STEP][PASSED] - if (var_type == "BOARDING_SUITE"): null

2020-01-13 16:49:59 - [TEST_STEP][PASSED] - if (var_type == "DAYCARE_SUITE"): null

2020-01-13 16:49:59 - [TEST_STEP][PASSED] - if (var_type == "PACKAGE"): Object: 'Object Repository/obj_invoce/new_invoice_ok_1/select_package' is clicked on

2020-01-13 16:49:59 - [TEST_STEP][PASSED] - click(findTestObject("obj_invoce/new_invoice_ok_1/select_package"), STOP_ON_FAILURE): Object: 'Object Repository/obj_invoce/new_invoice_ok_1/select_package' is clicked on

2020-01-13 16:49:59 - [MESSAGE][PASSED] - Object: 'Object Repository/obj_invoce/new_invoice_ok_1/select_package' is clicked on

2020-01-13 16:49:59 - [TEST_STEP][PASSED] - delay(4): Delayed 4 second(s)

2020-01-13 16:50:03 - [MESSAGE][PASSED] - Delayed 4 second(s)

2020-01-13 16:50:03 - [TEST_STEP][PASSED] - sendKeys(findTestObject("obj_invoce/new_invoice/new_invoice_sub/input_Taxes_Item_1"), var_item): Keys 'M2M Monthly Membership' sent to object: 'Object Repository/obj_invoce/new_invoice/new_invoice_sub/input_Taxes_Item_1'

2020-01-13 16:50:03 - [MESSAGE][PASSED] - Keys 'M2M Monthly Membership' sent to object: 'Object Repository/obj_invoce/new_invoice/new_invoice_sub/input_Taxes_Item_1'

2020-01-13 16:50:03 - [TEST_STEP][PASSED] - delay(4): Delayed 4 second(s)

2020-01-13 16:50:08 - [MESSAGE][PASSED] - Delayed 4 second(s)

2020-01-13 16:50:08 - [TEST_STEP][PASSED] - sendKeys(findTestObject("obj_invoce/new_invoice/new_invoice_sub/input_Taxes_Item_1"), Keys.chord(ENTER)): Keys 'ENTER + ' sent to object: 'Object Repository/obj_invoce/new_invoice/new_invoice_sub/input_Taxes_Item_1'

2020-01-13 16:50:08 - [MESSAGE][PASSED] - Keys 'ENTER + ' sent to object: 'Object Repository/obj_invoce/new_invoice/new_invoice_sub/input_Taxes_Item_1'

2020-01-13 16:50:08 - [TEST_STEP][PASSED] - delay(4): Delayed 4 second(s)

2020-01-13 16:50:12 - [MESSAGE][PASSED] - Delayed 4 second(s)

2020-01-13 16:50:12 - [TEST_STEP][PASSED] - click(findTestObject("obj_invoce/new_invoice/new_invoice_sub/btn_AddLineItem")): Object: 'Object Repository/obj_invoce/new_invoice/new_invoice_sub/btn_AddLineItem' is clicked on

2020-01-13 16:50:12 - [MESSAGE][PASSED] - Object: 'Object Repository/obj_invoce/new_invoice/new_invoice_sub/btn_AddLineItem' is clicked on

2020-01-13 16:50:12 - [TEST_STEP][PASSED] - delay(3): Delayed 3 second(s)

2020-01-13 16:50:15 - [MESSAGE][PASSED] - Delayed 3 second(s)

2020-01-13 16:50:15 - [TEST_STEP][PASSED] - click(findTestObject("obj_invoce/new_invoice/new_invoice_sub2/a_Taxes ()_select2-choice_2")): Object: 'Object Repository/obj_invoce/new_invoice/new_invoice_sub2/a_Taxes ()_select2-choice_2' is clicked on

2020-01-13 16:50:16 - [MESSAGE][PASSED] - Object: 'Object Repository/obj_invoce/new_invoice/new_invoice_sub2/a_Taxes ()_select2-choice_2' is clicked on

2020-01-13 16:50:16 - [TEST_STEP][PASSED] - delay(3): Delayed 3 second(s)

2020-01-13 16:50:19 - [MESSAGE][PASSED] - Delayed 3 second(s)

2020-01-13 16:50:19 - [TEST_STEP][PASSED] - click(findTestObject("obj_invoce/new_invoice/new_invoice_sub/div_Ares")): Object: 'Object Repository/obj_invoce/new_invoice/new_invoice_sub/div_Ares' is clicked on

2020-01-13 16:50:19 - [MESSAGE][PASSED] - Object: 'Object Repository/obj_invoce/new_invoice/new_invoice_sub/div_Ares' is clicked on

2020-01-13 16:50:19 - [TEST_STEP][NOT_RUN] - click(findTestObject("obj_invoce/new_invoice/new_invoice_sub/b")): NOT_RUN: click(findTestObject("obj_invoce/new_invoice/new_invoice_sub/b"))

2020-01-13 16:50:19 - [MESSAGE][NOT_RUN] - NOT_RUN: click(findTestObject("obj_invoce/new_invoice/new_invoice_sub/b"))

2020-01-13 16:50:19 - [TEST_STEP][NOT_RUN] - click(findTestObject("obj_invoce/new_invoice/new_invoice_sub/select_BOARDING_SUITEDAYCARE_SUITESPA_SUITE")): NOT_RUN: click(findTestObject("obj_invoce/new_invoice/new_invoice_sub/select_BOARDING_SUITEDAYCARE_SUITESPA_SUITE"))

2020-01-13 16:50:19 - [MESSAGE][NOT_RUN] - NOT_RUN: click(findTestObject("obj_invoce/new_invoice/new_invoice_sub/select_BOARDING_SUITEDAYCARE_SUITESPA_SUITE"))

2020-01-13 16:50:19 - [TEST_STEP][PASSED] - delay(3): Delayed 3 second(s)

2020-01-13 16:50:22 - [MESSAGE][PASSED] - Delayed 3 second(s)

2020-01-13 16:50:22 - [TEST_STEP][PASSED] - if (var_type == "BOARDING_SUITE"): null

2020-01-13 16:50:22 - [TEST_STEP][PASSED] - if (var_type == "DAYCARE_SUITE"): null

2020-01-13 16:50:22 - [TEST_STEP][PASSED] - if (var_type == "PACKAGE"): Object: 'Object Repository/obj_invoce/new_invoice/new_invoice_sub2/select_package_2' is clicked on

2020-01-13 16:50:22 - [TEST_STEP][PASSED] - click(findTestObject("obj_invoce/new_invoice/new_invoice_sub2/select_package_2"), STOP_ON_FAILURE): Object: 'Object Repository/obj_invoce/new_invoice/new_invoice_sub2/select_package_2' is clicked on

2020-01-13 16:50:22 - [MESSAGE][PASSED] - Object: 'Object Repository/obj_invoce/new_invoice/new_invoice_sub2/select_package_2' is clicked on

2020-01-13 16:50:22 - [TEST_STEP][PASSED] - delay(4): Delayed 4 second(s)

2020-01-13 16:50:26 - [MESSAGE][PASSED] - Delayed 4 second(s)

2020-01-13 16:50:26 - [TEST_STEP][PASSED] - sendKeys(findTestObject("obj_invoce/new_invoice/new_invoice_sub2/input_Taxes_Item_2"), var_item): Keys 'M2M Monthly Membership' sent to object: 'Object Repository/obj_invoce/new_invoice/new_invoice_sub2/input_Taxes_Item_2'

2020-01-13 16:50:27 - [MESSAGE][PASSED] - Keys 'M2M Monthly Membership' sent to object: 'Object Repository/obj_invoce/new_invoice/new_invoice_sub2/input_Taxes_Item_2'

2020-01-13 16:50:27 - [TEST_STEP][PASSED] - delay(4): Delayed 4 second(s)

2020-01-13 16:50:31 - [MESSAGE][PASSED] - Delayed 4 second(s)

2020-01-13 16:50:31 - [TEST_STEP][PASSED] - sendKeys(findTestObject("obj_invoce/new_invoice/new_invoice_sub2/input_Taxes_Item_2"), Keys.chord(ENTER)): Keys 'ENTER + ' sent to object: 'Object Repository/obj_invoce/new_invoice/new_invoice_sub2/input_Taxes_Item_2'

2020-01-13 16:50:31 - [MESSAGE][PASSED] - Keys 'ENTER + ' sent to object: 'Object Repository/obj_invoce/new_invoice/new_invoice_sub2/input_Taxes_Item_2'

2020-01-13 16:50:31 - [TEST_STEP][PASSED] - delay(4): Delayed 4 second(s)

2020-01-13 16:50:35 - [MESSAGE][PASSED] - Delayed 4 second(s)

2020-01-13 16:50:35 - [TEST_STEP][PASSED] - click(findTestObject("obj_invoce/new_invoice/new_invoice_sub/btn_AddLineItem")): Object: 'Object Repository/obj_invoce/new_invoice/new_invoice_sub/btn_AddLineItem' is clicked on

2020-01-13 16:50:36 - [MESSAGE][PASSED] - Object: 'Object Repository/obj_invoce/new_invoice/new_invoice_sub/btn_AddLineItem' is clicked on

2020-01-13 16:50:36 - [TEST_STEP][PASSED] - delay(3): Delayed 3 second(s)

2020-01-13 16:50:39 - [MESSAGE][PASSED] - Delayed 3 second(s)

2020-01-13 16:50:39 - [TEST_STEP][PASSED] - click(findTestObject("obj_invoce/new_invoice/new_invoice_sub2/a_Taxes ()_select2-choice_3")): Object: 'Object Repository/obj_invoce/new_invoice/new_invoice_sub2/a_Taxes ()_select2-choice_3' is clicked on

2020-01-13 16:50:39 - [MESSAGE][PASSED] - Object: 'Object Repository/obj_invoce/new_invoice/new_invoice_sub2/a_Taxes ()_select2-choice_3' is clicked on

2020-01-13 16:50:39 - [TEST_STEP][PASSED] - delay(3): Delayed 3 second(s)

2020-01-13 16:50:42 - [MESSAGE][PASSED] - Delayed 3 second(s)

2020-01-13 16:50:42 - [TEST_STEP][PASSED] - click(findTestObject("obj_invoce/new_invoice/new_invoice_sub/div_Poseidon")): Object: 'Object Repository/obj_invoce/new_invoice/new_invoice_sub/div_Poseidon' is clicked on

2020-01-13 16:50:42 - [MESSAGE][PASSED] - Object: 'Object Repository/obj_invoce/new_invoice/new_invoice_sub/div_Poseidon' is clicked on

2020-01-13 16:50:42 - [TEST_STEP][PASSED] - delay(3): Delayed 3 second(s)

2020-01-13 16:50:45 - [MESSAGE][PASSED] - Delayed 3 second(s)

2020-01-13 16:50:45 - [TEST_STEP][PASSED] - if (var_type == "BOARDING_SUITE"): null

2020-01-13 16:50:45 - [TEST_STEP][PASSED] - if (var_type == "DAYCARE_SUITE"): null

2020-01-13 16:50:45 - [TEST_STEP][PASSED] - if (var_type == "PACKAGE"): Object: 'Object Repository/obj_invoce/new_invoice/new_invoice_sub2/select_package_3' is clicked on

2020-01-13 16:50:45 - [TEST_STEP][PASSED] - click(findTestObject("obj_invoce/new_invoice/new_invoice_sub2/select_package_3"), STOP_ON_FAILURE): Object: 'Object Repository/obj_invoce/new_invoice/new_invoice_sub2/select_package_3' is clicked on

2020-01-13 16:50:46 - [MESSAGE][PASSED] - Object: 'Object Repository/obj_invoce/new_invoice/new_invoice_sub2/select_package_3' is clicked on

2020-01-13 16:50:46 - [TEST_STEP][PASSED] - delay(4): Delayed 4 second(s)

2020-01-13 16:50:50 - [MESSAGE][PASSED] - Delayed 4 second(s)

2020-01-13 16:50:50 - [TEST_STEP][PASSED] - try: Keys 'ENTER + ' sent to object: 'Object Repository/obj_invoce/new_invoice/new_invoice_sub3/input_item3'

2020-01-13 16:50:50 - [TEST_STEP][PASSED] - sendKeys(findTestObject("obj_invoce/new_invoice/new_invoice_sub3/input_item3"), var_item): Keys 'M2M Monthly Membership' sent to object: 'Object Repository/obj_invoce/new_invoice/new_invoice_sub3/input_item3'

2020-01-13 16:50:50 - [MESSAGE][PASSED] - Keys 'M2M Monthly Membership' sent to object: 'Object Repository/obj_invoce/new_invoice/new_invoice_sub3/input_item3'

2020-01-13 16:50:50 - [TEST_STEP][PASSED] - delay(4): Delayed 4 second(s)

2020-01-13 16:50:54 - [MESSAGE][PASSED] - Delayed 4 second(s)

2020-01-13 16:50:54 - [TEST_STEP][PASSED] - sendKeys(findTestObject("obj_invoce/new_invoice/new_invoice_sub3/input_item3"), Keys.chord(ENTER)): Keys 'ENTER + ' sent to object: 'Object Repository/obj_invoce/new_invoice/new_invoice_sub3/input_item3'

2020-01-13 16:50:55 - [MESSAGE][PASSED] - Keys 'ENTER + ' sent to object: 'Object Repository/obj_invoce/new_invoice/new_invoice_sub3/input_item3'

2020-01-13 16:50:55 - [TEST_STEP][PASSED] - delay(2): Delayed 2 second(s)

2020-01-13 16:50:57 - [MESSAGE][PASSED] - Delayed 2 second(s)

2020-01-13 16:50:57 - [TEST_STEP][PASSED] - click(findTestObject("obj_invoce/new_invoice/new_invoice_sub/button_Save_Taxe")): Object: 'Object Repository/obj_invoce/new_invoice/new_invoice_sub/button_Save_Taxe' is clicked on

2020-01-13 16:50:58 - [MESSAGE][PASSED] - Object: 'Object Repository/obj_invoce/new_invoice/new_invoice_sub/button_Save_Taxe' is clicked on

2020-01-13 16:50:58 - [TEST_STEP][PASSED] - delay(2): Delayed 2 second(s)

2020-01-13 16:51:00 - [MESSAGE][PASSED] - Delayed 2 second(s)

2020-01-13 16:51:00 - [TEST_STEP][PASSED] - delay(2): Delayed 2 second(s)

2020-01-13 16:51:02 - [MESSAGE][PASSED] - Delayed 2 second(s)

2020-01-13 16:51:02 - [TEST_STEP][PASSED] - var_url = getUrl(): Current window's url is: 'https://p4p-qa-bg.aws.paradise4paws.com/accounts/profile/#/invoice/122350/1795414/'

2020-01-13 16:51:02 - [MESSAGE][PASSED] - Current window's url is: 'https://p4p-qa-bg.aws.paradise4paws.com/accounts/profile/#/invoice/122350/1795414/'

2020-01-13 16:51:02 - [TEST_STEP][PASSED] - arrayUrl = var_url.split("/"): null

2020-01-13 16:51:02 - [TEST_STEP][PASSED] - delay(2): Delayed 2 second(s)

2020-01-13 16:51:04 - [MESSAGE][PASSED] - Delayed 2 second(s)

2020-01-13 16:51:04 - [TEST_STEP][PASSED] - cell = rowInv.createCell(9, 0): null

2020-01-13 16:51:04 - [TEST_STEP][PASSED] - cell.setCellType(CELL_TYPE_STRING): null

2020-01-13 16:51:04 - [TEST_STEP][PASSED] - cell.setCellValue(arrayUrl[8]): null

2020-01-13 16:51:04 - [TEST_STEP][PASSED] - delay(2): Delayed 2 second(s)

2020-01-13 16:51:06 - [MESSAGE][PASSED] - Delayed 2 second(s)

2020-01-13 16:51:06 - [TEST_STEP][PASSED] - cell2 = rowPay.createCell(5, 0): null

2020-01-13 16:51:06 - [TEST_STEP][PASSED] - cell2.setCellType(CELL_TYPE_STRING): null

2020-01-13 16:51:06 - [TEST_STEP][PASSED] - cell2.setCellValue(arrayUrl[8]): null

2020-01-13 16:51:06 - [TEST_STEP][PASSED] - delay(2): Delayed 2 second(s)

2020-01-13 16:51:08 - [MESSAGE][PASSED] - Delayed 2 second(s)

2020-01-13 16:51:08 - [TEST_STEP][PASSED] - fosInv = new java.io.FileOutputStream(/home/leonardo-arkusmty/Desktop/P4P/DATA_AUTOMATINTESTING/data_3createInvoice.xlsx): null

2020-01-13 16:51:08 - [TEST_STEP][PASSED] - workbookInv.write(fosInv): null

2020-01-13 16:51:08 - [TEST_STEP][PASSED] - fosInv.close(): null

2020-01-13 16:51:08 - [TEST_STEP][PASSED] - fosPay = new java.io.FileOutputStream(/home/leonardo-arkusmty/Desktop/P4P/DATA_AUTOMATINTESTING/data_4payment.xlsx): null

2020-01-13 16:51:08 - [TEST_STEP][PASSED] - workbookPay.write(fosPay): null

2020-01-13 16:51:08 - [TEST_STEP][PASSED] - fosPay.close(): null

2020-01-13 16:51:08 - [TEST_STEP][PASSED] - delay(2): Delayed 2 second(s)

2020-01-13 16:51:10 - [MESSAGE][PASSED] - Delayed 2 second(s)]]></system-out>
         <system-err><![CDATA[]]></system-err>
      </testcase>
      <testcase name="Test Cases/p4p_createInvoce_ok_spy" time="61.213" classname="Test Cases/p4p_createInvoce_ok_spy" status="PASSED">
         <system-out><![CDATA[2020-01-13 16:51:10 - [TEST_CASE][PASSED] - Test Cases/p4p_createInvoce_ok_spy: Test Cases/p4p_createInvoce_ok_spy

2020-01-13 16:51:10 - [TEST_STEP][PASSED] - openBrowser("https://p4p-qa-bg.aws.paradise4paws.com/login/"): Browser is opened with url: 'https://p4p-qa-bg.aws.paradise4paws.com/login/'

2020-01-13 16:51:10 - [MESSAGE][WARNING] - A browser is already opened. Closing browser and opening a new one

2020-01-13 16:51:10 - [MESSAGE][INFO] - Starting 'Chrome' driver

2020-01-13 16:51:13 - [MESSAGE][PASSED] - Browser is opened with url: 'https://p4p-qa-bg.aws.paradise4paws.com/login/'

2020-01-13 16:51:13 - [TEST_STEP][PASSED] - maximizeWindow(): Current window maximized

2020-01-13 16:51:13 - [MESSAGE][PASSED] - Current window maximized

2020-01-13 16:51:13 - [TEST_STEP][PASSED] - arryPets = var_pets.split(","): null

2020-01-13 16:51:13 - [TEST_STEP][PASSED] - flagBoar = "0": null

2020-01-13 16:51:13 - [TEST_STEP][PASSED] - log = new com.kms.katalon.core.logging.KeywordLogger(): null

2020-01-13 16:51:13 - [TEST_STEP][PASSED] - fisInv = new java.io.FileInputStream(/home/leonardo-arkusmty/Desktop/P4P/DATA_AUTOMATINTESTING/data_3createInvoice.xlsx): null

2020-01-13 16:51:13 - [TEST_STEP][PASSED] - fisPay = new java.io.FileInputStream(/home/leonardo-arkusmty/Desktop/P4P/DATA_AUTOMATINTESTING/data_4payment.xlsx): null

2020-01-13 16:51:13 - [TEST_STEP][PASSED] - workbookInv = new org.apache.poi.xssf.usermodel.XSSFWorkbook(fisInv): null

2020-01-13 16:51:13 - [TEST_STEP][PASSED] - workbookPay = new org.apache.poi.xssf.usermodel.XSSFWorkbook(fisPay): null

2020-01-13 16:51:13 - [TEST_STEP][PASSED] - sheetInv = workbookInv.getSheet("Sheet1"): null

2020-01-13 16:51:13 - [TEST_STEP][PASSED] - sheetPay = workbookPay.getSheet("Sheet1"): null

2020-01-13 16:51:13 - [TEST_STEP][PASSED] - var = Integer.parseInt(var_idRowRes): null

2020-01-13 16:51:13 - [TEST_STEP][PASSED] - rowInv = sheetInv.getRow(var): null

2020-01-13 16:51:13 - [TEST_STEP][PASSED] - rowPay = sheetPay.getRow(var): null

2020-01-13 16:51:13 - [TEST_STEP][PASSED] - today = new java.util.Date(): null

2020-01-13 16:51:13 - [TEST_STEP][PASSED] - todaysDate1 = today.format("mmm/dd/yy"): null

2020-01-13 16:51:13 - [TEST_STEP][PASSED] - todaysDate2 = today.format("dd/mm/yy"): null

2020-01-13 16:51:13 - [TEST_STEP][PASSED] - todaysDate3 = today.format("dd"): null

2020-01-13 16:51:13 - [TEST_STEP][PASSED] - nowTime = today.format("hhmm"): null

2020-01-13 16:51:13 - [TEST_STEP][PASSED] - setText(findTestObject("obj_login/input_user"), var_user): Text 'jegchavez@gmail.com' is set on object 'Object Repository/obj_login/input_user'

2020-01-13 16:51:14 - [MESSAGE][PASSED] - Text 'jegchavez@gmail.com' is set on object 'Object Repository/obj_login/input_user'

2020-01-13 16:51:14 - [TEST_STEP][PASSED] - setText(findTestObject("obj_login/input_pass"), var_pass): Text 'admin1' is set on object 'Object Repository/obj_login/input_pass'

2020-01-13 16:51:14 - [MESSAGE][PASSED] - Text 'admin1' is set on object 'Object Repository/obj_login/input_pass'

2020-01-13 16:51:14 - [TEST_STEP][PASSED] - delay(2): Delayed 2 second(s)

2020-01-13 16:51:16 - [MESSAGE][PASSED] - Delayed 2 second(s)

2020-01-13 16:51:16 - [TEST_STEP][PASSED] - verifyElementClickable(findTestObject("obj_login/btn_login")): Object 'Object Repository/obj_login/btn_login' is clickable

2020-01-13 16:51:16 - [MESSAGE][PASSED] - Object 'Object Repository/obj_login/btn_login' is clickable

2020-01-13 16:51:16 - [TEST_STEP][PASSED] - click(findTestObject("obj_login/btn_login")): Object: 'Object Repository/obj_login/btn_login' is clicked on

2020-01-13 16:51:18 - [MESSAGE][PASSED] - Object: 'Object Repository/obj_login/btn_login' is clicked on

2020-01-13 16:51:18 - [TEST_STEP][PASSED] - delay(2): Delayed 2 second(s)

2020-01-13 16:51:20 - [MESSAGE][PASSED] - Delayed 2 second(s)

2020-01-13 16:51:20 - [TEST_STEP][PASSED] - setText(findTestObject("obj_dashboard_emp/input_search"), var_parent): Text 'leongarzagarza@hotmail.com' is set on object 'Object Repository/obj_dashboard_emp/input_search'

2020-01-13 16:51:20 - [MESSAGE][PASSED] - Text 'leongarzagarza@hotmail.com' is set on object 'Object Repository/obj_dashboard_emp/input_search'

2020-01-13 16:51:20 - [TEST_STEP][PASSED] - click(findTestObject("obj_dashboard_emp/btn_accountSearch")): Object: 'Object Repository/obj_dashboard_emp/btn_accountSearch' is clicked on

2020-01-13 16:51:21 - [MESSAGE][PASSED] - Object: 'Object Repository/obj_dashboard_emp/btn_accountSearch' is clicked on

2020-01-13 16:51:21 - [TEST_STEP][PASSED] - delay(2): Delayed 2 second(s)

2020-01-13 16:51:23 - [MESSAGE][PASSED] - Delayed 2 second(s)

2020-01-13 16:51:23 - [TEST_STEP][PASSED] - click(findTestObject("obj_accountInformation/a_TEST GABRIEL PROD")): Object: 'Object Repository/obj_accountInformation/a_TEST GABRIEL PROD' is clicked on

2020-01-13 16:51:24 - [MESSAGE][PASSED] - Object: 'Object Repository/obj_accountInformation/a_TEST GABRIEL PROD' is clicked on

2020-01-13 16:51:24 - [TEST_STEP][PASSED] - delay(2): Delayed 2 second(s)

2020-01-13 16:51:26 - [MESSAGE][PASSED] - Delayed 2 second(s)

2020-01-13 16:51:26 - [TEST_STEP][PASSED] - click(findTestObject("obj_invoce/btn_createInvoice")): Object: 'Object Repository/obj_invoce/btn_createInvoice' is clicked on

2020-01-13 16:51:28 - [MESSAGE][PASSED] - Object: 'Object Repository/obj_invoce/btn_createInvoice' is clicked on

2020-01-13 16:51:28 - [TEST_STEP][PASSED] - delay(3): Delayed 3 second(s)

2020-01-13 16:51:31 - [MESSAGE][PASSED] - Delayed 3 second(s)

2020-01-13 16:51:31 - [TEST_STEP][PASSED] - if (arryPets.size() == 1): Delayed 4 second(s)

2020-01-13 16:51:31 - [TEST_STEP][PASSED] - click(findTestObject("obj_invoce/new_invoice/new_invoice_sub/btn_AddLineItem")): Object: 'Object Repository/obj_invoce/new_invoice/new_invoice_sub/btn_AddLineItem' is clicked on

2020-01-13 16:51:31 - [MESSAGE][PASSED] - Object: 'Object Repository/obj_invoce/new_invoice/new_invoice_sub/btn_AddLineItem' is clicked on

2020-01-13 16:51:31 - [TEST_STEP][PASSED] - delay(3): Delayed 3 second(s)

2020-01-13 16:51:34 - [MESSAGE][PASSED] - Delayed 3 second(s)

2020-01-13 16:51:34 - [TEST_STEP][PASSED] - click(findTestObject("obj_invoce/new_invoice/new_invoice_sub/a_Taxes ()_select2-choice_1")): Object: 'Object Repository/obj_invoce/new_invoice/new_invoice_sub/a_Taxes ()_select2-choice_1' is clicked on

2020-01-13 16:51:34 - [MESSAGE][PASSED] - Object: 'Object Repository/obj_invoce/new_invoice/new_invoice_sub/a_Taxes ()_select2-choice_1' is clicked on

2020-01-13 16:51:34 - [TEST_STEP][PASSED] - delay(3): Delayed 3 second(s)

2020-01-13 16:51:37 - [MESSAGE][PASSED] - Delayed 3 second(s)

2020-01-13 16:51:37 - [TEST_STEP][PASSED] - click(findTestObject("obj_invoce/new_invoice/new_invoice_sub/div_Zeus")): Object: 'Object Repository/obj_invoce/new_invoice/new_invoice_sub/div_Zeus' is clicked on

2020-01-13 16:51:38 - [MESSAGE][PASSED] - Object: 'Object Repository/obj_invoce/new_invoice/new_invoice_sub/div_Zeus' is clicked on

2020-01-13 16:51:38 - [TEST_STEP][NOT_RUN] - click(findTestObject("obj_invoce/new_invoice/new_invoice_sub/b")): NOT_RUN: click(findTestObject("obj_invoce/new_invoice/new_invoice_sub/b"))

2020-01-13 16:51:38 - [MESSAGE][NOT_RUN] - NOT_RUN: click(findTestObject("obj_invoce/new_invoice/new_invoice_sub/b"))

2020-01-13 16:51:38 - [TEST_STEP][NOT_RUN] - click(findTestObject("obj_invoce/new_invoice/new_invoice_sub/select_BOARDING_SUITEDAYCARE_SUITESPA_SUITE")): NOT_RUN: click(findTestObject("obj_invoce/new_invoice/new_invoice_sub/select_BOARDING_SUITEDAYCARE_SUITESPA_SUITE"))

2020-01-13 16:51:38 - [MESSAGE][NOT_RUN] - NOT_RUN: click(findTestObject("obj_invoce/new_invoice/new_invoice_sub/select_BOARDING_SUITEDAYCARE_SUITESPA_SUITE"))

2020-01-13 16:51:38 - [TEST_STEP][PASSED] - delay(3): Delayed 3 second(s)

2020-01-13 16:51:41 - [MESSAGE][PASSED] - Delayed 3 second(s)

2020-01-13 16:51:41 - [TEST_STEP][PASSED] - if (var_type == "BOARDING_SUITE"): null

2020-01-13 16:51:41 - [TEST_STEP][PASSED] - if (var_type == "DAYCARE_SUITE"): null

2020-01-13 16:51:41 - [TEST_STEP][PASSED] - if (var_type == "PACKAGE"): Object: 'Object Repository/obj_invoce/new_invoice_ok_1/select_package' is clicked on

2020-01-13 16:51:41 - [TEST_STEP][PASSED] - click(findTestObject("obj_invoce/new_invoice_ok_1/select_package"), STOP_ON_FAILURE): Object: 'Object Repository/obj_invoce/new_invoice_ok_1/select_package' is clicked on

2020-01-13 16:51:41 - [MESSAGE][PASSED] - Object: 'Object Repository/obj_invoce/new_invoice_ok_1/select_package' is clicked on

2020-01-13 16:51:41 - [TEST_STEP][PASSED] - delay(4): Delayed 4 second(s)

2020-01-13 16:51:45 - [MESSAGE][PASSED] - Delayed 4 second(s)

2020-01-13 16:51:45 - [TEST_STEP][PASSED] - sendKeys(findTestObject("obj_invoce/new_invoice/new_invoice_sub/input_Taxes_Item_1"), var_item): Keys 'Oasis Suite' sent to object: 'Object Repository/obj_invoce/new_invoice/new_invoice_sub/input_Taxes_Item_1'

2020-01-13 16:51:46 - [MESSAGE][PASSED] - Keys 'Oasis Suite' sent to object: 'Object Repository/obj_invoce/new_invoice/new_invoice_sub/input_Taxes_Item_1'

2020-01-13 16:51:46 - [TEST_STEP][PASSED] - delay(4): Delayed 4 second(s)

2020-01-13 16:51:50 - [MESSAGE][PASSED] - Delayed 4 second(s)

2020-01-13 16:51:50 - [TEST_STEP][PASSED] - sendKeys(findTestObject("obj_invoce/new_invoice/new_invoice_sub/input_Taxes_Item_1"), Keys.chord(ENTER)): Keys 'ENTER + ' sent to object: 'Object Repository/obj_invoce/new_invoice/new_invoice_sub/input_Taxes_Item_1'

2020-01-13 16:51:50 - [MESSAGE][PASSED] - Keys 'ENTER + ' sent to object: 'Object Repository/obj_invoce/new_invoice/new_invoice_sub/input_Taxes_Item_1'

2020-01-13 16:51:50 - [TEST_STEP][PASSED] - delay(4): Delayed 4 second(s)

2020-01-13 16:51:54 - [MESSAGE][PASSED] - Delayed 4 second(s)

2020-01-13 16:51:54 - [TEST_STEP][PASSED] - click(findTestObject("obj_invoce/new_invoice/new_invoice_sub/button_Save_Taxe")): Object: 'Object Repository/obj_invoce/new_invoice/new_invoice_sub/button_Save_Taxe' is clicked on

2020-01-13 16:51:57 - [MESSAGE][PASSED] - Object: 'Object Repository/obj_invoce/new_invoice/new_invoice_sub/button_Save_Taxe' is clicked on

2020-01-13 16:51:57 - [TEST_STEP][PASSED] - delay(4): Delayed 4 second(s)

2020-01-13 16:52:01 - [MESSAGE][PASSED] - Delayed 4 second(s)

2020-01-13 16:52:01 - [TEST_STEP][PASSED] - if (arryPets.size() == 2): null

2020-01-13 16:52:01 - [TEST_STEP][PASSED] - if (arryPets.size() == 3): null

2020-01-13 16:52:01 - [TEST_STEP][PASSED] - delay(2): Delayed 2 second(s)

2020-01-13 16:52:03 - [MESSAGE][PASSED] - Delayed 2 second(s)

2020-01-13 16:52:03 - [TEST_STEP][PASSED] - var_url = getUrl(): Current window's url is: 'https://p4p-qa-bg.aws.paradise4paws.com/accounts/profile/#/invoice/122350/new/'

2020-01-13 16:52:03 - [MESSAGE][PASSED] - Current window's url is: 'https://p4p-qa-bg.aws.paradise4paws.com/accounts/profile/#/invoice/122350/new/'

2020-01-13 16:52:03 - [TEST_STEP][PASSED] - arrayUrl = var_url.split("/"): null

2020-01-13 16:52:03 - [TEST_STEP][PASSED] - delay(2): Delayed 2 second(s)

2020-01-13 16:52:05 - [MESSAGE][PASSED] - Delayed 2 second(s)

2020-01-13 16:52:05 - [TEST_STEP][PASSED] - cell = rowInv.createCell(9, 0): null

2020-01-13 16:52:05 - [TEST_STEP][PASSED] - cell.setCellType(CELL_TYPE_STRING): null

2020-01-13 16:52:05 - [TEST_STEP][PASSED] - cell.setCellValue(arrayUrl[8]): null

2020-01-13 16:52:05 - [TEST_STEP][PASSED] - delay(2): Delayed 2 second(s)

2020-01-13 16:52:07 - [MESSAGE][PASSED] - Delayed 2 second(s)

2020-01-13 16:52:07 - [TEST_STEP][PASSED] - cell2 = rowPay.createCell(5, 0): null

2020-01-13 16:52:07 - [TEST_STEP][PASSED] - cell2.setCellType(CELL_TYPE_STRING): null

2020-01-13 16:52:07 - [TEST_STEP][PASSED] - cell2.setCellValue(arrayUrl[8]): null

2020-01-13 16:52:07 - [TEST_STEP][PASSED] - delay(2): Delayed 2 second(s)

2020-01-13 16:52:09 - [MESSAGE][PASSED] - Delayed 2 second(s)

2020-01-13 16:52:09 - [TEST_STEP][PASSED] - fosInv = new java.io.FileOutputStream(/home/leonardo-arkusmty/Desktop/P4P/DATA_AUTOMATINTESTING/data_3createInvoice.xlsx): null

2020-01-13 16:52:09 - [TEST_STEP][PASSED] - workbookInv.write(fosInv): null

2020-01-13 16:52:09 - [TEST_STEP][PASSED] - fosInv.close(): null

2020-01-13 16:52:09 - [TEST_STEP][PASSED] - fosPay = new java.io.FileOutputStream(/home/leonardo-arkusmty/Desktop/P4P/DATA_AUTOMATINTESTING/data_4payment.xlsx): null

2020-01-13 16:52:09 - [TEST_STEP][PASSED] - workbookPay.write(fosPay): null

2020-01-13 16:52:09 - [TEST_STEP][PASSED] - fosPay.close(): null

2020-01-13 16:52:09 - [TEST_STEP][PASSED] - delay(2): Delayed 2 second(s)

2020-01-13 16:52:11 - [MESSAGE][PASSED] - Delayed 2 second(s)]]></system-out>
         <system-err><![CDATA[]]></system-err>
      </testcase>
      <testcase name="Test Cases/p4p_createInvoce_ok_spy" time="95.592" classname="Test Cases/p4p_createInvoce_ok_spy" status="FAILED">
         <failure type="FAILED" message="Test Cases/p4p_createInvoce_ok_spy FAILED.
Reason:
com.kms.katalon.core.exception.StepFailedException: Unable to click on object 'Object Repository/obj_invoce/new_invoice/new_invoice_sub2/a_Taxes ()_select2-choice_2'
	at com.kms.katalon.core.webui.keyword.internal.WebUIKeywordMain.stepFailed(WebUIKeywordMain.groovy:64)
	at com.kms.katalon.core.webui.keyword.internal.WebUIKeywordMain.runKeyword(WebUIKeywordMain.groovy:26)
	at com.kms.katalon.core.webui.keyword.builtin.ClickKeyword.click(ClickKeyword.groovy:99)
	at com.kms.katalon.core.webui.keyword.builtin.ClickKeyword.execute(ClickKeyword.groovy:43)
	at com.kms.katalon.core.keyword.internal.KeywordExecutor.executeKeywordForPlatform(KeywordExecutor.groovy:60)
	at com.kms.katalon.core.webui.keyword.WebUiBuiltInKeywords.click(WebUiBuiltInKeywords.groovy:616)
	at com.kms.katalon.core.webui.keyword.WebUiBuiltInKeywords$click$3.call(Unknown Source)
	at p4p_createInvoce_ok_spy.run(p4p_createInvoce_ok_spy:158)
	at com.kms.katalon.core.main.ScriptEngine.run(ScriptEngine.java:194)
	at com.kms.katalon.core.main.ScriptEngine.runScriptAsRawText(ScriptEngine.java:119)
	at com.kms.katalon.core.main.TestCaseExecutor.runScript(TestCaseExecutor.java:337)
	at com.kms.katalon.core.main.TestCaseExecutor.doExecute(TestCaseExecutor.java:328)
	at com.kms.katalon.core.main.TestCaseExecutor.processExecutionPhase(TestCaseExecutor.java:307)
	at com.kms.katalon.core.main.TestCaseExecutor.accessMainPhase(TestCaseExecutor.java:299)
	at com.kms.katalon.core.main.TestCaseExecutor.execute(TestCaseExecutor.java:233)
	at com.kms.katalon.core.main.TestSuiteExecutor.accessTestCaseMainPhase(TestSuiteExecutor.java:169)
	at com.kms.katalon.core.main.TestSuiteExecutor.accessTestSuiteMainPhase(TestSuiteExecutor.java:142)
	at com.kms.katalon.core.main.TestSuiteExecutor.execute(TestSuiteExecutor.java:91)
	at com.kms.katalon.core.main.TestCaseMain.startTestSuite(TestCaseMain.java:157)
	at com.kms.katalon.core.main.TestCaseMain$startTestSuite$0.call(Unknown Source)
	at TempTestSuite1578955144932.run(TempTestSuite1578955144932.groovy:36)
Caused by: com.kms.katalon.core.webui.exception.WebElementNotFoundException: Web element with id: 'Object Repository/obj_invoce/new_invoice/new_invoice_sub2/a_Taxes ()_select2-choice_2' located by 'By.xpath: (//a[@onclick='return false;'])[3]' not found
	at com.kms.katalon.core.webui.common.WebUiCommonHelper.findWebElement(WebUiCommonHelper.java:1113)
	at com.kms.katalon.core.webui.keyword.internal.WebUIAbstractKeyword.findWebElement(WebUIAbstractKeyword.groovy:27)
	at com.kms.katalon.core.webui.keyword.internal.WebUIAbstractKeyword.findWebElement(WebUIAbstractKeyword.groovy:26)
	at com.kms.katalon.core.webui.keyword.builtin.ClickKeyword$_click_closure1.doCall(ClickKeyword.groovy:68)
	at com.kms.katalon.core.webui.keyword.builtin.ClickKeyword$_click_closure1.call(ClickKeyword.groovy)
	at com.kms.katalon.core.webui.keyword.internal.WebUIKeywordMain.runKeyword(WebUIKeywordMain.groovy:20)
	... 19 more
"/>
         <system-out><![CDATA[2020-01-13 16:52:11 - [TEST_CASE][FAILED] - Test Cases/p4p_createInvoce_ok_spy: Test Cases/p4p_createInvoce_ok_spy FAILED.
Reason:
com.kms.katalon.core.exception.StepFailedException: Unable to click on object 'Object Repository/obj_invoce/new_invoice/new_invoice_sub2/a_Taxes ()_select2-choice_2'
	at com.kms.katalon.core.webui.keyword.internal.WebUIKeywordMain.stepFailed(WebUIKeywordMain.groovy:64)
	at com.kms.katalon.core.webui.keyword.internal.WebUIKeywordMain.runKeyword(WebUIKeywordMain.groovy:26)
	at com.kms.katalon.core.webui.keyword.builtin.ClickKeyword.click(ClickKeyword.groovy:99)
	at com.kms.katalon.core.webui.keyword.builtin.ClickKeyword.execute(ClickKeyword.groovy:43)
	at com.kms.katalon.core.keyword.internal.KeywordExecutor.executeKeywordForPlatform(KeywordExecutor.groovy:60)
	at com.kms.katalon.core.webui.keyword.WebUiBuiltInKeywords.click(WebUiBuiltInKeywords.groovy:616)
	at com.kms.katalon.core.webui.keyword.WebUiBuiltInKeywords$click$3.call(Unknown Source)
	at p4p_createInvoce_ok_spy.run(p4p_createInvoce_ok_spy:158)
	at com.kms.katalon.core.main.ScriptEngine.run(ScriptEngine.java:194)
	at com.kms.katalon.core.main.ScriptEngine.runScriptAsRawText(ScriptEngine.java:119)
	at com.kms.katalon.core.main.TestCaseExecutor.runScript(TestCaseExecutor.java:337)
	at com.kms.katalon.core.main.TestCaseExecutor.doExecute(TestCaseExecutor.java:328)
	at com.kms.katalon.core.main.TestCaseExecutor.processExecutionPhase(TestCaseExecutor.java:307)
	at com.kms.katalon.core.main.TestCaseExecutor.accessMainPhase(TestCaseExecutor.java:299)
	at com.kms.katalon.core.main.TestCaseExecutor.execute(TestCaseExecutor.java:233)
	at com.kms.katalon.core.main.TestSuiteExecutor.accessTestCaseMainPhase(TestSuiteExecutor.java:169)
	at com.kms.katalon.core.main.TestSuiteExecutor.accessTestSuiteMainPhase(TestSuiteExecutor.java:142)
	at com.kms.katalon.core.main.TestSuiteExecutor.execute(TestSuiteExecutor.java:91)
	at com.kms.katalon.core.main.TestCaseMain.startTestSuite(TestCaseMain.java:157)
	at com.kms.katalon.core.main.TestCaseMain$startTestSuite$0.call(Unknown Source)
	at TempTestSuite1578955144932.run(TempTestSuite1578955144932.groovy:36)
Caused by: com.kms.katalon.core.webui.exception.WebElementNotFoundException: Web element with id: 'Object Repository/obj_invoce/new_invoice/new_invoice_sub2/a_Taxes ()_select2-choice_2' located by 'By.xpath: (//a[@onclick='return false;'])[3]' not found
	at com.kms.katalon.core.webui.common.WebUiCommonHelper.findWebElement(WebUiCommonHelper.java:1113)
	at com.kms.katalon.core.webui.keyword.internal.WebUIAbstractKeyword.findWebElement(WebUIAbstractKeyword.groovy:27)
	at com.kms.katalon.core.webui.keyword.internal.WebUIAbstractKeyword.findWebElement(WebUIAbstractKeyword.groovy:26)
	at com.kms.katalon.core.webui.keyword.builtin.ClickKeyword$_click_closure1.doCall(ClickKeyword.groovy:68)
	at com.kms.katalon.core.webui.keyword.builtin.ClickKeyword$_click_closure1.call(ClickKeyword.groovy)
	at com.kms.katalon.core.webui.keyword.internal.WebUIKeywordMain.runKeyword(WebUIKeywordMain.groovy:20)
	... 19 more


2020-01-13 16:52:11 - [TEST_STEP][PASSED] - openBrowser("https://p4p-qa-bg.aws.paradise4paws.com/login/"): Browser is opened with url: 'https://p4p-qa-bg.aws.paradise4paws.com/login/'

2020-01-13 16:52:11 - [MESSAGE][WARNING] - A browser is already opened. Closing browser and opening a new one

2020-01-13 16:52:11 - [MESSAGE][INFO] - Starting 'Chrome' driver

2020-01-13 16:52:13 - [MESSAGE][PASSED] - Browser is opened with url: 'https://p4p-qa-bg.aws.paradise4paws.com/login/'

2020-01-13 16:52:13 - [TEST_STEP][PASSED] - maximizeWindow(): Current window maximized

2020-01-13 16:52:13 - [MESSAGE][PASSED] - Current window maximized

2020-01-13 16:52:13 - [TEST_STEP][PASSED] - arryPets = var_pets.split(","): null

2020-01-13 16:52:13 - [TEST_STEP][PASSED] - flagBoar = "0": null

2020-01-13 16:52:13 - [TEST_STEP][PASSED] - log = new com.kms.katalon.core.logging.KeywordLogger(): null

2020-01-13 16:52:13 - [TEST_STEP][PASSED] - fisInv = new java.io.FileInputStream(/home/leonardo-arkusmty/Desktop/P4P/DATA_AUTOMATINTESTING/data_3createInvoice.xlsx): null

2020-01-13 16:52:13 - [TEST_STEP][PASSED] - fisPay = new java.io.FileInputStream(/home/leonardo-arkusmty/Desktop/P4P/DATA_AUTOMATINTESTING/data_4payment.xlsx): null

2020-01-13 16:52:13 - [TEST_STEP][PASSED] - workbookInv = new org.apache.poi.xssf.usermodel.XSSFWorkbook(fisInv): null

2020-01-13 16:52:13 - [TEST_STEP][PASSED] - workbookPay = new org.apache.poi.xssf.usermodel.XSSFWorkbook(fisPay): null

2020-01-13 16:52:13 - [TEST_STEP][PASSED] - sheetInv = workbookInv.getSheet("Sheet1"): null

2020-01-13 16:52:13 - [TEST_STEP][PASSED] - sheetPay = workbookPay.getSheet("Sheet1"): null

2020-01-13 16:52:13 - [TEST_STEP][PASSED] - var = Integer.parseInt(var_idRowRes): null

2020-01-13 16:52:13 - [TEST_STEP][PASSED] - rowInv = sheetInv.getRow(var): null

2020-01-13 16:52:13 - [TEST_STEP][PASSED] - rowPay = sheetPay.getRow(var): null

2020-01-13 16:52:13 - [TEST_STEP][PASSED] - today = new java.util.Date(): null

2020-01-13 16:52:13 - [TEST_STEP][PASSED] - todaysDate1 = today.format("mmm/dd/yy"): null

2020-01-13 16:52:13 - [TEST_STEP][PASSED] - todaysDate2 = today.format("dd/mm/yy"): null

2020-01-13 16:52:13 - [TEST_STEP][PASSED] - todaysDate3 = today.format("dd"): null

2020-01-13 16:52:13 - [TEST_STEP][PASSED] - nowTime = today.format("hhmm"): null

2020-01-13 16:52:13 - [TEST_STEP][PASSED] - setText(findTestObject("obj_login/input_user"), var_user): Text 'jegchavez@gmail.com' is set on object 'Object Repository/obj_login/input_user'

2020-01-13 16:52:14 - [MESSAGE][PASSED] - Text 'jegchavez@gmail.com' is set on object 'Object Repository/obj_login/input_user'

2020-01-13 16:52:14 - [TEST_STEP][PASSED] - setText(findTestObject("obj_login/input_pass"), var_pass): Text 'admin1' is set on object 'Object Repository/obj_login/input_pass'

2020-01-13 16:52:14 - [MESSAGE][PASSED] - Text 'admin1' is set on object 'Object Repository/obj_login/input_pass'

2020-01-13 16:52:14 - [TEST_STEP][PASSED] - delay(2): Delayed 2 second(s)

2020-01-13 16:52:16 - [MESSAGE][PASSED] - Delayed 2 second(s)

2020-01-13 16:52:16 - [TEST_STEP][PASSED] - verifyElementClickable(findTestObject("obj_login/btn_login")): Object 'Object Repository/obj_login/btn_login' is clickable

2020-01-13 16:52:17 - [MESSAGE][PASSED] - Object 'Object Repository/obj_login/btn_login' is clickable

2020-01-13 16:52:17 - [TEST_STEP][PASSED] - click(findTestObject("obj_login/btn_login")): Object: 'Object Repository/obj_login/btn_login' is clicked on

2020-01-13 16:52:18 - [MESSAGE][PASSED] - Object: 'Object Repository/obj_login/btn_login' is clicked on

2020-01-13 16:52:18 - [TEST_STEP][PASSED] - delay(2): Delayed 2 second(s)

2020-01-13 16:52:20 - [MESSAGE][PASSED] - Delayed 2 second(s)

2020-01-13 16:52:20 - [TEST_STEP][PASSED] - setText(findTestObject("obj_dashboard_emp/input_search"), var_parent): Text 'leongarzagarza@hotmail.com' is set on object 'Object Repository/obj_dashboard_emp/input_search'

2020-01-13 16:52:21 - [MESSAGE][PASSED] - Text 'leongarzagarza@hotmail.com' is set on object 'Object Repository/obj_dashboard_emp/input_search'

2020-01-13 16:52:21 - [TEST_STEP][PASSED] - click(findTestObject("obj_dashboard_emp/btn_accountSearch")): Object: 'Object Repository/obj_dashboard_emp/btn_accountSearch' is clicked on

2020-01-13 16:52:21 - [MESSAGE][PASSED] - Object: 'Object Repository/obj_dashboard_emp/btn_accountSearch' is clicked on

2020-01-13 16:52:21 - [TEST_STEP][PASSED] - delay(2): Delayed 2 second(s)

2020-01-13 16:52:23 - [MESSAGE][PASSED] - Delayed 2 second(s)

2020-01-13 16:52:23 - [TEST_STEP][PASSED] - click(findTestObject("obj_accountInformation/a_TEST GABRIEL PROD")): Object: 'Object Repository/obj_accountInformation/a_TEST GABRIEL PROD' is clicked on

2020-01-13 16:52:24 - [MESSAGE][PASSED] - Object: 'Object Repository/obj_accountInformation/a_TEST GABRIEL PROD' is clicked on

2020-01-13 16:52:24 - [TEST_STEP][PASSED] - delay(2): Delayed 2 second(s)

2020-01-13 16:52:26 - [MESSAGE][PASSED] - Delayed 2 second(s)

2020-01-13 16:52:26 - [TEST_STEP][PASSED] - click(findTestObject("obj_invoce/btn_createInvoice")): Object: 'Object Repository/obj_invoce/btn_createInvoice' is clicked on

2020-01-13 16:52:28 - [MESSAGE][PASSED] - Object: 'Object Repository/obj_invoce/btn_createInvoice' is clicked on

2020-01-13 16:52:28 - [TEST_STEP][PASSED] - delay(3): Delayed 3 second(s)

2020-01-13 16:52:31 - [MESSAGE][PASSED] - Delayed 3 second(s)

2020-01-13 16:52:31 - [TEST_STEP][PASSED] - if (arryPets.size() == 1): null

2020-01-13 16:52:31 - [TEST_STEP][FAILED] - if (arryPets.size() == 2): Unable to click on object 'Object Repository/obj_invoce/new_invoice/new_invoice_sub2/a_Taxes ()_select2-choice_2' (Root cause: com.kms.katalon.core.exception.StepFailedException: Unable to click on object 'Object Repository/obj_invoce/new_invoice/new_invoice_sub2/a_Taxes ()_select2-choice_2'
	at com.kms.katalon.core.webui.keyword.internal.WebUIKeywordMain.stepFailed(WebUIKeywordMain.groovy:64)
	at com.kms.katalon.core.webui.keyword.internal.WebUIKeywordMain.runKeyword(WebUIKeywordMain.groovy:26)
	at com.kms.katalon.core.webui.keyword.builtin.ClickKeyword.click(ClickKeyword.groovy:99)
	at com.kms.katalon.core.webui.keyword.builtin.ClickKeyword.execute(ClickKeyword.groovy:43)
	at com.kms.katalon.core.keyword.internal.KeywordExecutor.executeKeywordForPlatform(KeywordExecutor.groovy:60)
	at com.kms.katalon.core.webui.keyword.WebUiBuiltInKeywords.click(WebUiBuiltInKeywords.groovy:616)
	at com.kms.katalon.core.webui.keyword.WebUiBuiltInKeywords$click$3.call(Unknown Source)
	at p4p_createInvoce_ok_spy.run(p4p_createInvoce_ok_spy:158)
	at com.kms.katalon.core.main.ScriptEngine.run(ScriptEngine.java:194)
	at com.kms.katalon.core.main.ScriptEngine.runScriptAsRawText(ScriptEngine.java:119)
	at com.kms.katalon.core.main.TestCaseExecutor.runScript(TestCaseExecutor.java:337)
	at com.kms.katalon.core.main.TestCaseExecutor.doExecute(TestCaseExecutor.java:328)
	at com.kms.katalon.core.main.TestCaseExecutor.processExecutionPhase(TestCaseExecutor.java:307)
	at com.kms.katalon.core.main.TestCaseExecutor.accessMainPhase(TestCaseExecutor.java:299)
	at com.kms.katalon.core.main.TestCaseExecutor.execute(TestCaseExecutor.java:233)
	at com.kms.katalon.core.main.TestSuiteExecutor.accessTestCaseMainPhase(TestSuiteExecutor.java:169)
	at com.kms.katalon.core.main.TestSuiteExecutor.accessTestSuiteMainPhase(TestSuiteExecutor.java:142)
	at com.kms.katalon.core.main.TestSuiteExecutor.execute(TestSuiteExecutor.java:91)
	at com.kms.katalon.core.main.TestCaseMain.startTestSuite(TestCaseMain.java:157)
	at com.kms.katalon.core.main.TestCaseMain$startTestSuite$0.call(Unknown Source)
	at TempTestSuite1578955144932.run(TempTestSuite1578955144932.groovy:36)
Caused by: com.kms.katalon.core.webui.exception.WebElementNotFoundException: Web element with id: 'Object Repository/obj_invoce/new_invoice/new_invoice_sub2/a_Taxes ()_select2-choice_2' located by 'By.xpath: (//a[@onclick='return false;'])[3]' not found
	at com.kms.katalon.core.webui.common.WebUiCommonHelper.findWebElement(WebUiCommonHelper.java:1113)
	at com.kms.katalon.core.webui.keyword.internal.WebUIAbstractKeyword.findWebElement(WebUIAbstractKeyword.groovy:27)
	at com.kms.katalon.core.webui.keyword.internal.WebUIAbstractKeyword.findWebElement(WebUIAbstractKeyword.groovy:26)
	at com.kms.katalon.core.webui.keyword.builtin.ClickKeyword$_click_closure1.doCall(ClickKeyword.groovy:68)
	at com.kms.katalon.core.webui.keyword.builtin.ClickKeyword$_click_closure1.call(ClickKeyword.groovy)
	at com.kms.katalon.core.webui.keyword.internal.WebUIKeywordMain.runKeyword(WebUIKeywordMain.groovy:20)
	at com.kms.katalon.core.webui.keyword.builtin.ClickKeyword.click(ClickKeyword.groovy:99)
	at com.kms.katalon.core.webui.keyword.builtin.ClickKeyword.execute(ClickKeyword.groovy:43)
	at com.kms.katalon.core.keyword.internal.KeywordExecutor.executeKeywordForPlatform(KeywordExecutor.groovy:60)
	at com.kms.katalon.core.webui.keyword.WebUiBuiltInKeywords.click(WebUiBuiltInKeywords.groovy:616)
	at com.kms.katalon.core.webui.keyword.WebUiBuiltInKeywords$click$3.call(Unknown Source)
	at Script1578378640799.run(Script1578378640799.groovy:158)
	... 13 more
)

2020-01-13 16:52:31 - [TEST_STEP][PASSED] - click(findTestObject("obj_invoce/new_invoice/new_invoice_sub/btn_AddLineItem")): Object: 'Object Repository/obj_invoce/new_invoice/new_invoice_sub/btn_AddLineItem' is clicked on

2020-01-13 16:52:32 - [MESSAGE][PASSED] - Object: 'Object Repository/obj_invoce/new_invoice/new_invoice_sub/btn_AddLineItem' is clicked on

2020-01-13 16:52:32 - [TEST_STEP][PASSED] - delay(3): Delayed 3 second(s)

2020-01-13 16:52:35 - [MESSAGE][PASSED] - Delayed 3 second(s)

2020-01-13 16:52:35 - [TEST_STEP][PASSED] - click(findTestObject("obj_invoce/new_invoice/new_invoice_sub/a_Taxes ()_select2-choice_1")): Object: 'Object Repository/obj_invoce/new_invoice/new_invoice_sub/a_Taxes ()_select2-choice_1' is clicked on

2020-01-13 16:52:35 - [MESSAGE][PASSED] - Object: 'Object Repository/obj_invoce/new_invoice/new_invoice_sub/a_Taxes ()_select2-choice_1' is clicked on

2020-01-13 16:52:35 - [TEST_STEP][PASSED] - delay(3): Delayed 3 second(s)

2020-01-13 16:52:38 - [MESSAGE][PASSED] - Delayed 3 second(s)

2020-01-13 16:52:38 - [TEST_STEP][PASSED] - click(findTestObject("obj_invoce/new_invoice/new_invoice_sub/div_Zeus")): Object: 'Object Repository/obj_invoce/new_invoice/new_invoice_sub/div_Zeus' is clicked on

2020-01-13 16:52:38 - [MESSAGE][PASSED] - Object: 'Object Repository/obj_invoce/new_invoice/new_invoice_sub/div_Zeus' is clicked on

2020-01-13 16:52:38 - [TEST_STEP][NOT_RUN] - click(findTestObject("obj_invoce/new_invoice/new_invoice_sub/b")): NOT_RUN: click(findTestObject("obj_invoce/new_invoice/new_invoice_sub/b"))

2020-01-13 16:52:38 - [MESSAGE][NOT_RUN] - NOT_RUN: click(findTestObject("obj_invoce/new_invoice/new_invoice_sub/b"))

2020-01-13 16:52:38 - [TEST_STEP][NOT_RUN] - click(findTestObject("obj_invoce/new_invoice/new_invoice_sub/select_BOARDING_SUITEDAYCARE_SUITESPA_SUITE")): NOT_RUN: click(findTestObject("obj_invoce/new_invoice/new_invoice_sub/select_BOARDING_SUITEDAYCARE_SUITESPA_SUITE"))

2020-01-13 16:52:38 - [MESSAGE][NOT_RUN] - NOT_RUN: click(findTestObject("obj_invoce/new_invoice/new_invoice_sub/select_BOARDING_SUITEDAYCARE_SUITESPA_SUITE"))

2020-01-13 16:52:38 - [TEST_STEP][PASSED] - delay(3): Delayed 3 second(s)

2020-01-13 16:52:41 - [MESSAGE][PASSED] - Delayed 3 second(s)

2020-01-13 16:52:41 - [TEST_STEP][PASSED] - if (var_type == "BOARDING_SUITE"): null

2020-01-13 16:52:41 - [TEST_STEP][PASSED] - if (var_type == "DAYCARE_SUITE"): null

2020-01-13 16:52:41 - [TEST_STEP][PASSED] - if (var_type == "PACKAGE"): Object: 'Object Repository/obj_invoce/new_invoice_ok_1/select_package' is clicked on

2020-01-13 16:52:41 - [TEST_STEP][PASSED] - click(findTestObject("obj_invoce/new_invoice_ok_1/select_package"), STOP_ON_FAILURE): Object: 'Object Repository/obj_invoce/new_invoice_ok_1/select_package' is clicked on

2020-01-13 16:52:42 - [MESSAGE][PASSED] - Object: 'Object Repository/obj_invoce/new_invoice_ok_1/select_package' is clicked on

2020-01-13 16:52:42 - [TEST_STEP][PASSED] - delay(4): Delayed 4 second(s)

2020-01-13 16:52:46 - [MESSAGE][PASSED] - Delayed 4 second(s)

2020-01-13 16:52:46 - [TEST_STEP][PASSED] - sendKeys(findTestObject("obj_invoce/new_invoice/new_invoice_sub/input_Taxes_Item_1"), var_item): Keys 'Half Day of Daycare' sent to object: 'Object Repository/obj_invoce/new_invoice/new_invoice_sub/input_Taxes_Item_1'

2020-01-13 16:52:46 - [MESSAGE][PASSED] - Keys 'Half Day of Daycare' sent to object: 'Object Repository/obj_invoce/new_invoice/new_invoice_sub/input_Taxes_Item_1'

2020-01-13 16:52:46 - [TEST_STEP][PASSED] - delay(4): Delayed 4 second(s)

2020-01-13 16:52:50 - [MESSAGE][PASSED] - Delayed 4 second(s)

2020-01-13 16:52:50 - [TEST_STEP][PASSED] - sendKeys(findTestObject("obj_invoce/new_invoice/new_invoice_sub/input_Taxes_Item_1"), Keys.chord(ENTER)): Keys 'ENTER + ' sent to object: 'Object Repository/obj_invoce/new_invoice/new_invoice_sub/input_Taxes_Item_1'

2020-01-13 16:52:51 - [MESSAGE][PASSED] - Keys 'ENTER + ' sent to object: 'Object Repository/obj_invoce/new_invoice/new_invoice_sub/input_Taxes_Item_1'

2020-01-13 16:52:51 - [TEST_STEP][PASSED] - delay(4): Delayed 4 second(s)

2020-01-13 16:52:55 - [MESSAGE][PASSED] - Delayed 4 second(s)

2020-01-13 16:52:55 - [TEST_STEP][PASSED] - click(findTestObject("obj_invoce/new_invoice/new_invoice_sub/btn_AddLineItem")): Object: 'Object Repository/obj_invoce/new_invoice/new_invoice_sub/btn_AddLineItem' is clicked on

2020-01-13 16:52:58 - [MESSAGE][PASSED] - Object: 'Object Repository/obj_invoce/new_invoice/new_invoice_sub/btn_AddLineItem' is clicked on

2020-01-13 16:52:58 - [TEST_STEP][PASSED] - delay(3): Delayed 3 second(s)

2020-01-13 16:53:01 - [MESSAGE][PASSED] - Delayed 3 second(s)

2020-01-13 16:53:01 - [TEST_STEP][FAILED] - click(findTestObject("obj_invoce/new_invoice/new_invoice_sub2/a_Taxes ()_select2-choice_2")): Unable to click on object 'Object Repository/obj_invoce/new_invoice/new_invoice_sub2/a_Taxes ()_select2-choice_2' (Root cause: com.kms.katalon.core.exception.StepFailedException: Unable to click on object 'Object Repository/obj_invoce/new_invoice/new_invoice_sub2/a_Taxes ()_select2-choice_2'
	at com.kms.katalon.core.webui.keyword.internal.WebUIKeywordMain.stepFailed(WebUIKeywordMain.groovy:64)
	at com.kms.katalon.core.webui.keyword.internal.WebUIKeywordMain.runKeyword(WebUIKeywordMain.groovy:26)
	at com.kms.katalon.core.webui.keyword.builtin.ClickKeyword.click(ClickKeyword.groovy:99)
	at com.kms.katalon.core.webui.keyword.builtin.ClickKeyword.execute(ClickKeyword.groovy:43)
	at com.kms.katalon.core.keyword.internal.KeywordExecutor.executeKeywordForPlatform(KeywordExecutor.groovy:60)
	at com.kms.katalon.core.webui.keyword.WebUiBuiltInKeywords.click(WebUiBuiltInKeywords.groovy:616)
	at com.kms.katalon.core.webui.keyword.WebUiBuiltInKeywords$click$3.call(Unknown Source)
	at p4p_createInvoce_ok_spy.run(p4p_createInvoce_ok_spy:158)
	at com.kms.katalon.core.main.ScriptEngine.run(ScriptEngine.java:194)
	at com.kms.katalon.core.main.ScriptEngine.runScriptAsRawText(ScriptEngine.java:119)
	at com.kms.katalon.core.main.TestCaseExecutor.runScript(TestCaseExecutor.java:337)
	at com.kms.katalon.core.main.TestCaseExecutor.doExecute(TestCaseExecutor.java:328)
	at com.kms.katalon.core.main.TestCaseExecutor.processExecutionPhase(TestCaseExecutor.java:307)
	at com.kms.katalon.core.main.TestCaseExecutor.accessMainPhase(TestCaseExecutor.java:299)
	at com.kms.katalon.core.main.TestCaseExecutor.execute(TestCaseExecutor.java:233)
	at com.kms.katalon.core.main.TestSuiteExecutor.accessTestCaseMainPhase(TestSuiteExecutor.java:169)
	at com.kms.katalon.core.main.TestSuiteExecutor.accessTestSuiteMainPhase(TestSuiteExecutor.java:142)
	at com.kms.katalon.core.main.TestSuiteExecutor.execute(TestSuiteExecutor.java:91)
	at com.kms.katalon.core.main.TestCaseMain.startTestSuite(TestCaseMain.java:157)
	at com.kms.katalon.core.main.TestCaseMain$startTestSuite$0.call(Unknown Source)
	at TempTestSuite1578955144932.run(TempTestSuite1578955144932.groovy:36)
Caused by: com.kms.katalon.core.webui.exception.WebElementNotFoundException: Web element with id: 'Object Repository/obj_invoce/new_invoice/new_invoice_sub2/a_Taxes ()_select2-choice_2' located by 'By.xpath: (//a[@onclick='return false;'])[3]' not found
	at com.kms.katalon.core.webui.common.WebUiCommonHelper.findWebElement(WebUiCommonHelper.java:1113)
	at com.kms.katalon.core.webui.keyword.internal.WebUIAbstractKeyword.findWebElement(WebUIAbstractKeyword.groovy:27)
	at com.kms.katalon.core.webui.keyword.internal.WebUIAbstractKeyword.findWebElement(WebUIAbstractKeyword.groovy:26)
	at com.kms.katalon.core.webui.keyword.builtin.ClickKeyword$_click_closure1.doCall(ClickKeyword.groovy:68)
	at com.kms.katalon.core.webui.keyword.builtin.ClickKeyword$_click_closure1.call(ClickKeyword.groovy)
	at com.kms.katalon.core.webui.keyword.internal.WebUIKeywordMain.runKeyword(WebUIKeywordMain.groovy:20)
	at com.kms.katalon.core.webui.keyword.builtin.ClickKeyword.click(ClickKeyword.groovy:99)
	at com.kms.katalon.core.webui.keyword.builtin.ClickKeyword.execute(ClickKeyword.groovy:43)
	at com.kms.katalon.core.keyword.internal.KeywordExecutor.executeKeywordForPlatform(KeywordExecutor.groovy:60)
	at com.kms.katalon.core.webui.keyword.WebUiBuiltInKeywords.click(WebUiBuiltInKeywords.groovy:616)
	at com.kms.katalon.core.webui.keyword.WebUiBuiltInKeywords$click$3.call(Unknown Source)
	at Script1578378640799.run(Script1578378640799.groovy:158)
	... 13 more
)

2020-01-13 16:53:46 - [MESSAGE][INFO] - Unable to find the element located by 'By.xpath: (//a[@onclick='return false;'])[3]'. Please recheck the objects properties to make sure the desired element is located. 

2020-01-13 16:53:47 - [MESSAGE][FAILED] - Unable to click on object 'Object Repository/obj_invoce/new_invoice/new_invoice_sub2/a_Taxes ()_select2-choice_2' (Root cause: com.kms.katalon.core.exception.StepFailedException: Unable to click on object 'Object Repository/obj_invoce/new_invoice/new_invoice_sub2/a_Taxes ()_select2-choice_2'
	at com.kms.katalon.core.webui.keyword.internal.WebUIKeywordMain.stepFailed(WebUIKeywordMain.groovy:64)
	at com.kms.katalon.core.webui.keyword.internal.WebUIKeywordMain.runKeyword(WebUIKeywordMain.groovy:26)
	at com.kms.katalon.core.webui.keyword.builtin.ClickKeyword.click(ClickKeyword.groovy:99)
	at com.kms.katalon.core.webui.keyword.builtin.ClickKeyword.execute(ClickKeyword.groovy:43)
	at com.kms.katalon.core.keyword.internal.KeywordExecutor.executeKeywordForPlatform(KeywordExecutor.groovy:60)
	at com.kms.katalon.core.webui.keyword.WebUiBuiltInKeywords.click(WebUiBuiltInKeywords.groovy:616)
	at com.kms.katalon.core.webui.keyword.WebUiBuiltInKeywords$click$3.call(Unknown Source)
	at p4p_createInvoce_ok_spy.run(p4p_createInvoce_ok_spy:158)
	at com.kms.katalon.core.main.ScriptEngine.run(ScriptEngine.java:194)
	at com.kms.katalon.core.main.ScriptEngine.runScriptAsRawText(ScriptEngine.java:119)
	at com.kms.katalon.core.main.TestCaseExecutor.runScript(TestCaseExecutor.java:337)
	at com.kms.katalon.core.main.TestCaseExecutor.doExecute(TestCaseExecutor.java:328)
	at com.kms.katalon.core.main.TestCaseExecutor.processExecutionPhase(TestCaseExecutor.java:307)
	at com.kms.katalon.core.main.TestCaseExecutor.accessMainPhase(TestCaseExecutor.java:299)
	at com.kms.katalon.core.main.TestCaseExecutor.execute(TestCaseExecutor.java:233)
	at com.kms.katalon.core.main.TestSuiteExecutor.accessTestCaseMainPhase(TestSuiteExecutor.java:169)
	at com.kms.katalon.core.main.TestSuiteExecutor.accessTestSuiteMainPhase(TestSuiteExecutor.java:142)
	at com.kms.katalon.core.main.TestSuiteExecutor.execute(TestSuiteExecutor.java:91)
	at com.kms.katalon.core.main.TestCaseMain.startTestSuite(TestCaseMain.java:157)
	at com.kms.katalon.core.main.TestCaseMain$startTestSuite$0.call(Unknown Source)
	at TempTestSuite1578955144932.run(TempTestSuite1578955144932.groovy:36)
Caused by: com.kms.katalon.core.webui.exception.WebElementNotFoundException: Web element with id: 'Object Repository/obj_invoce/new_invoice/new_invoice_sub2/a_Taxes ()_select2-choice_2' located by 'By.xpath: (//a[@onclick='return false;'])[3]' not found
	at com.kms.katalon.core.webui.common.WebUiCommonHelper.findWebElement(WebUiCommonHelper.java:1113)
	at com.kms.katalon.core.webui.keyword.internal.WebUIAbstractKeyword.findWebElement(WebUIAbstractKeyword.groovy:27)
	at com.kms.katalon.core.webui.keyword.internal.WebUIAbstractKeyword.findWebElement(WebUIAbstractKeyword.groovy:26)
	at com.kms.katalon.core.webui.keyword.builtin.ClickKeyword$_click_closure1.doCall(ClickKeyword.groovy:68)
	at com.kms.katalon.core.webui.keyword.builtin.ClickKeyword$_click_closure1.call(ClickKeyword.groovy)
	at com.kms.katalon.core.webui.keyword.internal.WebUIKeywordMain.runKeyword(WebUIKeywordMain.groovy:20)
	at com.kms.katalon.core.webui.keyword.builtin.ClickKeyword.click(ClickKeyword.groovy:99)
	at com.kms.katalon.core.webui.keyword.builtin.ClickKeyword.execute(ClickKeyword.groovy:43)
	at com.kms.katalon.core.keyword.internal.KeywordExecutor.executeKeywordForPlatform(KeywordExecutor.groovy:60)
	at com.kms.katalon.core.webui.keyword.WebUiBuiltInKeywords.click(WebUiBuiltInKeywords.groovy:616)
	at com.kms.katalon.core.webui.keyword.WebUiBuiltInKeywords$click$3.call(Unknown Source)
	at Script1578378640799.run(Script1578378640799.groovy:158)
	... 13 more
)
[[ATTACHMENT|/home/leonardo-arkusmty/Documents/workspaceKatalon/p4ptest/Reports/20200113_163904/ts_createInvoice/20200113_163904/1578956026861.png]]]]></system-out>
         <system-err><![CDATA[2020-01-13 16:52:11 - [TEST_CASE][FAILED] - Test Cases/p4p_createInvoce_ok_spy: Test Cases/p4p_createInvoce_ok_spy FAILED.
Reason:
com.kms.katalon.core.exception.StepFailedException: Unable to click on object 'Object Repository/obj_invoce/new_invoice/new_invoice_sub2/a_Taxes ()_select2-choice_2'
	at com.kms.katalon.core.webui.keyword.internal.WebUIKeywordMain.stepFailed(WebUIKeywordMain.groovy:64)
	at com.kms.katalon.core.webui.keyword.internal.WebUIKeywordMain.runKeyword(WebUIKeywordMain.groovy:26)
	at com.kms.katalon.core.webui.keyword.builtin.ClickKeyword.click(ClickKeyword.groovy:99)
	at com.kms.katalon.core.webui.keyword.builtin.ClickKeyword.execute(ClickKeyword.groovy:43)
	at com.kms.katalon.core.keyword.internal.KeywordExecutor.executeKeywordForPlatform(KeywordExecutor.groovy:60)
	at com.kms.katalon.core.webui.keyword.WebUiBuiltInKeywords.click(WebUiBuiltInKeywords.groovy:616)
	at com.kms.katalon.core.webui.keyword.WebUiBuiltInKeywords$click$3.call(Unknown Source)
	at p4p_createInvoce_ok_spy.run(p4p_createInvoce_ok_spy:158)
	at com.kms.katalon.core.main.ScriptEngine.run(ScriptEngine.java:194)
	at com.kms.katalon.core.main.ScriptEngine.runScriptAsRawText(ScriptEngine.java:119)
	at com.kms.katalon.core.main.TestCaseExecutor.runScript(TestCaseExecutor.java:337)
	at com.kms.katalon.core.main.TestCaseExecutor.doExecute(TestCaseExecutor.java:328)
	at com.kms.katalon.core.main.TestCaseExecutor.processExecutionPhase(TestCaseExecutor.java:307)
	at com.kms.katalon.core.main.TestCaseExecutor.accessMainPhase(TestCaseExecutor.java:299)
	at com.kms.katalon.core.main.TestCaseExecutor.execute(TestCaseExecutor.java:233)
	at com.kms.katalon.core.main.TestSuiteExecutor.accessTestCaseMainPhase(TestSuiteExecutor.java:169)
	at com.kms.katalon.core.main.TestSuiteExecutor.accessTestSuiteMainPhase(TestSuiteExecutor.java:142)
	at com.kms.katalon.core.main.TestSuiteExecutor.execute(TestSuiteExecutor.java:91)
	at com.kms.katalon.core.main.TestCaseMain.startTestSuite(TestCaseMain.java:157)
	at com.kms.katalon.core.main.TestCaseMain$startTestSuite$0.call(Unknown Source)
	at TempTestSuite1578955144932.run(TempTestSuite1578955144932.groovy:36)
Caused by: com.kms.katalon.core.webui.exception.WebElementNotFoundException: Web element with id: 'Object Repository/obj_invoce/new_invoice/new_invoice_sub2/a_Taxes ()_select2-choice_2' located by 'By.xpath: (//a[@onclick='return false;'])[3]' not found
	at com.kms.katalon.core.webui.common.WebUiCommonHelper.findWebElement(WebUiCommonHelper.java:1113)
	at com.kms.katalon.core.webui.keyword.internal.WebUIAbstractKeyword.findWebElement(WebUIAbstractKeyword.groovy:27)
	at com.kms.katalon.core.webui.keyword.internal.WebUIAbstractKeyword.findWebElement(WebUIAbstractKeyword.groovy:26)
	at com.kms.katalon.core.webui.keyword.builtin.ClickKeyword$_click_closure1.doCall(ClickKeyword.groovy:68)
	at com.kms.katalon.core.webui.keyword.builtin.ClickKeyword$_click_closure1.call(ClickKeyword.groovy)
	at com.kms.katalon.core.webui.keyword.internal.WebUIKeywordMain.runKeyword(WebUIKeywordMain.groovy:20)
	... 19 more]]></system-err>
      </testcase>
      <testcase name="Test Cases/p4p_createInvoce_ok_spy" time="95.79" classname="Test Cases/p4p_createInvoce_ok_spy" status="FAILED">
         <failure type="FAILED" message="Test Cases/p4p_createInvoce_ok_spy FAILED.
Reason:
com.kms.katalon.core.exception.StepFailedException: Unable to click on object 'Object Repository/obj_invoce/new_invoice/new_invoice_sub2/a_Taxes ()_select2-choice_2'
	at com.kms.katalon.core.webui.keyword.internal.WebUIKeywordMain.stepFailed(WebUIKeywordMain.groovy:64)
	at com.kms.katalon.core.webui.keyword.internal.WebUIKeywordMain.runKeyword(WebUIKeywordMain.groovy:26)
	at com.kms.katalon.core.webui.keyword.builtin.ClickKeyword.click(ClickKeyword.groovy:99)
	at com.kms.katalon.core.webui.keyword.builtin.ClickKeyword.execute(ClickKeyword.groovy:43)
	at com.kms.katalon.core.keyword.internal.KeywordExecutor.executeKeywordForPlatform(KeywordExecutor.groovy:60)
	at com.kms.katalon.core.webui.keyword.WebUiBuiltInKeywords.click(WebUiBuiltInKeywords.groovy:616)
	at com.kms.katalon.core.webui.keyword.WebUiBuiltInKeywords$click$3.call(Unknown Source)
	at p4p_createInvoce_ok_spy.run(p4p_createInvoce_ok_spy:250)
	at com.kms.katalon.core.main.ScriptEngine.run(ScriptEngine.java:194)
	at com.kms.katalon.core.main.ScriptEngine.runScriptAsRawText(ScriptEngine.java:119)
	at com.kms.katalon.core.main.TestCaseExecutor.runScript(TestCaseExecutor.java:337)
	at com.kms.katalon.core.main.TestCaseExecutor.doExecute(TestCaseExecutor.java:328)
	at com.kms.katalon.core.main.TestCaseExecutor.processExecutionPhase(TestCaseExecutor.java:307)
	at com.kms.katalon.core.main.TestCaseExecutor.accessMainPhase(TestCaseExecutor.java:299)
	at com.kms.katalon.core.main.TestCaseExecutor.execute(TestCaseExecutor.java:233)
	at com.kms.katalon.core.main.TestSuiteExecutor.accessTestCaseMainPhase(TestSuiteExecutor.java:169)
	at com.kms.katalon.core.main.TestSuiteExecutor.accessTestSuiteMainPhase(TestSuiteExecutor.java:142)
	at com.kms.katalon.core.main.TestSuiteExecutor.execute(TestSuiteExecutor.java:91)
	at com.kms.katalon.core.main.TestCaseMain.startTestSuite(TestCaseMain.java:157)
	at com.kms.katalon.core.main.TestCaseMain$startTestSuite$0.call(Unknown Source)
	at TempTestSuite1578955144932.run(TempTestSuite1578955144932.groovy:36)
Caused by: com.kms.katalon.core.webui.exception.WebElementNotFoundException: Web element with id: 'Object Repository/obj_invoce/new_invoice/new_invoice_sub2/a_Taxes ()_select2-choice_2' located by 'By.xpath: (//a[@onclick='return false;'])[3]' not found
	at com.kms.katalon.core.webui.common.WebUiCommonHelper.findWebElement(WebUiCommonHelper.java:1113)
	at com.kms.katalon.core.webui.keyword.internal.WebUIAbstractKeyword.findWebElement(WebUIAbstractKeyword.groovy:27)
	at com.kms.katalon.core.webui.keyword.internal.WebUIAbstractKeyword.findWebElement(WebUIAbstractKeyword.groovy:26)
	at com.kms.katalon.core.webui.keyword.builtin.ClickKeyword$_click_closure1.doCall(ClickKeyword.groovy:68)
	at com.kms.katalon.core.webui.keyword.builtin.ClickKeyword$_click_closure1.call(ClickKeyword.groovy)
	at com.kms.katalon.core.webui.keyword.internal.WebUIKeywordMain.runKeyword(WebUIKeywordMain.groovy:20)
	... 19 more
"/>
         <system-out><![CDATA[2020-01-13 16:53:47 - [TEST_CASE][FAILED] - Test Cases/p4p_createInvoce_ok_spy: Test Cases/p4p_createInvoce_ok_spy FAILED.
Reason:
com.kms.katalon.core.exception.StepFailedException: Unable to click on object 'Object Repository/obj_invoce/new_invoice/new_invoice_sub2/a_Taxes ()_select2-choice_2'
	at com.kms.katalon.core.webui.keyword.internal.WebUIKeywordMain.stepFailed(WebUIKeywordMain.groovy:64)
	at com.kms.katalon.core.webui.keyword.internal.WebUIKeywordMain.runKeyword(WebUIKeywordMain.groovy:26)
	at com.kms.katalon.core.webui.keyword.builtin.ClickKeyword.click(ClickKeyword.groovy:99)
	at com.kms.katalon.core.webui.keyword.builtin.ClickKeyword.execute(ClickKeyword.groovy:43)
	at com.kms.katalon.core.keyword.internal.KeywordExecutor.executeKeywordForPlatform(KeywordExecutor.groovy:60)
	at com.kms.katalon.core.webui.keyword.WebUiBuiltInKeywords.click(WebUiBuiltInKeywords.groovy:616)
	at com.kms.katalon.core.webui.keyword.WebUiBuiltInKeywords$click$3.call(Unknown Source)
	at p4p_createInvoce_ok_spy.run(p4p_createInvoce_ok_spy:250)
	at com.kms.katalon.core.main.ScriptEngine.run(ScriptEngine.java:194)
	at com.kms.katalon.core.main.ScriptEngine.runScriptAsRawText(ScriptEngine.java:119)
	at com.kms.katalon.core.main.TestCaseExecutor.runScript(TestCaseExecutor.java:337)
	at com.kms.katalon.core.main.TestCaseExecutor.doExecute(TestCaseExecutor.java:328)
	at com.kms.katalon.core.main.TestCaseExecutor.processExecutionPhase(TestCaseExecutor.java:307)
	at com.kms.katalon.core.main.TestCaseExecutor.accessMainPhase(TestCaseExecutor.java:299)
	at com.kms.katalon.core.main.TestCaseExecutor.execute(TestCaseExecutor.java:233)
	at com.kms.katalon.core.main.TestSuiteExecutor.accessTestCaseMainPhase(TestSuiteExecutor.java:169)
	at com.kms.katalon.core.main.TestSuiteExecutor.accessTestSuiteMainPhase(TestSuiteExecutor.java:142)
	at com.kms.katalon.core.main.TestSuiteExecutor.execute(TestSuiteExecutor.java:91)
	at com.kms.katalon.core.main.TestCaseMain.startTestSuite(TestCaseMain.java:157)
	at com.kms.katalon.core.main.TestCaseMain$startTestSuite$0.call(Unknown Source)
	at TempTestSuite1578955144932.run(TempTestSuite1578955144932.groovy:36)
Caused by: com.kms.katalon.core.webui.exception.WebElementNotFoundException: Web element with id: 'Object Repository/obj_invoce/new_invoice/new_invoice_sub2/a_Taxes ()_select2-choice_2' located by 'By.xpath: (//a[@onclick='return false;'])[3]' not found
	at com.kms.katalon.core.webui.common.WebUiCommonHelper.findWebElement(WebUiCommonHelper.java:1113)
	at com.kms.katalon.core.webui.keyword.internal.WebUIAbstractKeyword.findWebElement(WebUIAbstractKeyword.groovy:27)
	at com.kms.katalon.core.webui.keyword.internal.WebUIAbstractKeyword.findWebElement(WebUIAbstractKeyword.groovy:26)
	at com.kms.katalon.core.webui.keyword.builtin.ClickKeyword$_click_closure1.doCall(ClickKeyword.groovy:68)
	at com.kms.katalon.core.webui.keyword.builtin.ClickKeyword$_click_closure1.call(ClickKeyword.groovy)
	at com.kms.katalon.core.webui.keyword.internal.WebUIKeywordMain.runKeyword(WebUIKeywordMain.groovy:20)
	... 19 more


2020-01-13 16:53:47 - [TEST_STEP][PASSED] - openBrowser("https://p4p-qa-bg.aws.paradise4paws.com/login/"): Browser is opened with url: 'https://p4p-qa-bg.aws.paradise4paws.com/login/'

2020-01-13 16:53:47 - [MESSAGE][WARNING] - A browser is already opened. Closing browser and opening a new one

2020-01-13 16:53:47 - [MESSAGE][INFO] - Starting 'Chrome' driver

2020-01-13 16:53:49 - [MESSAGE][PASSED] - Browser is opened with url: 'https://p4p-qa-bg.aws.paradise4paws.com/login/'

2020-01-13 16:53:49 - [TEST_STEP][PASSED] - maximizeWindow(): Current window maximized

2020-01-13 16:53:49 - [MESSAGE][PASSED] - Current window maximized

2020-01-13 16:53:49 - [TEST_STEP][PASSED] - arryPets = var_pets.split(","): null

2020-01-13 16:53:49 - [TEST_STEP][PASSED] - flagBoar = "0": null

2020-01-13 16:53:49 - [TEST_STEP][PASSED] - log = new com.kms.katalon.core.logging.KeywordLogger(): null

2020-01-13 16:53:49 - [TEST_STEP][PASSED] - fisInv = new java.io.FileInputStream(/home/leonardo-arkusmty/Desktop/P4P/DATA_AUTOMATINTESTING/data_3createInvoice.xlsx): null

2020-01-13 16:53:49 - [TEST_STEP][PASSED] - fisPay = new java.io.FileInputStream(/home/leonardo-arkusmty/Desktop/P4P/DATA_AUTOMATINTESTING/data_4payment.xlsx): null

2020-01-13 16:53:49 - [TEST_STEP][PASSED] - workbookInv = new org.apache.poi.xssf.usermodel.XSSFWorkbook(fisInv): null

2020-01-13 16:53:49 - [TEST_STEP][PASSED] - workbookPay = new org.apache.poi.xssf.usermodel.XSSFWorkbook(fisPay): null

2020-01-13 16:53:49 - [TEST_STEP][PASSED] - sheetInv = workbookInv.getSheet("Sheet1"): null

2020-01-13 16:53:49 - [TEST_STEP][PASSED] - sheetPay = workbookPay.getSheet("Sheet1"): null

2020-01-13 16:53:49 - [TEST_STEP][PASSED] - var = Integer.parseInt(var_idRowRes): null

2020-01-13 16:53:49 - [TEST_STEP][PASSED] - rowInv = sheetInv.getRow(var): null

2020-01-13 16:53:49 - [TEST_STEP][PASSED] - rowPay = sheetPay.getRow(var): null

2020-01-13 16:53:49 - [TEST_STEP][PASSED] - today = new java.util.Date(): null

2020-01-13 16:53:49 - [TEST_STEP][PASSED] - todaysDate1 = today.format("mmm/dd/yy"): null

2020-01-13 16:53:49 - [TEST_STEP][PASSED] - todaysDate2 = today.format("dd/mm/yy"): null

2020-01-13 16:53:49 - [TEST_STEP][PASSED] - todaysDate3 = today.format("dd"): null

2020-01-13 16:53:49 - [TEST_STEP][PASSED] - nowTime = today.format("hhmm"): null

2020-01-13 16:53:49 - [TEST_STEP][PASSED] - setText(findTestObject("obj_login/input_user"), var_user): Text 'jegchavez@gmail.com' is set on object 'Object Repository/obj_login/input_user'

2020-01-13 16:53:49 - [MESSAGE][PASSED] - Text 'jegchavez@gmail.com' is set on object 'Object Repository/obj_login/input_user'

2020-01-13 16:53:49 - [TEST_STEP][PASSED] - setText(findTestObject("obj_login/input_pass"), var_pass): Text 'admin1' is set on object 'Object Repository/obj_login/input_pass'

2020-01-13 16:53:50 - [MESSAGE][PASSED] - Text 'admin1' is set on object 'Object Repository/obj_login/input_pass'

2020-01-13 16:53:50 - [TEST_STEP][PASSED] - delay(2): Delayed 2 second(s)

2020-01-13 16:53:52 - [MESSAGE][PASSED] - Delayed 2 second(s)

2020-01-13 16:53:52 - [TEST_STEP][PASSED] - verifyElementClickable(findTestObject("obj_login/btn_login")): Object 'Object Repository/obj_login/btn_login' is clickable

2020-01-13 16:53:52 - [MESSAGE][PASSED] - Object 'Object Repository/obj_login/btn_login' is clickable

2020-01-13 16:53:52 - [TEST_STEP][PASSED] - click(findTestObject("obj_login/btn_login")): Object: 'Object Repository/obj_login/btn_login' is clicked on

2020-01-13 16:53:53 - [MESSAGE][PASSED] - Object: 'Object Repository/obj_login/btn_login' is clicked on

2020-01-13 16:53:53 - [TEST_STEP][PASSED] - delay(2): Delayed 2 second(s)

2020-01-13 16:53:55 - [MESSAGE][PASSED] - Delayed 2 second(s)

2020-01-13 16:53:55 - [TEST_STEP][PASSED] - setText(findTestObject("obj_dashboard_emp/input_search"), var_parent): Text 'leongarzagarza@hotmail.com' is set on object 'Object Repository/obj_dashboard_emp/input_search'

2020-01-13 16:53:56 - [MESSAGE][PASSED] - Text 'leongarzagarza@hotmail.com' is set on object 'Object Repository/obj_dashboard_emp/input_search'

2020-01-13 16:53:56 - [TEST_STEP][PASSED] - click(findTestObject("obj_dashboard_emp/btn_accountSearch")): Object: 'Object Repository/obj_dashboard_emp/btn_accountSearch' is clicked on

2020-01-13 16:53:57 - [MESSAGE][PASSED] - Object: 'Object Repository/obj_dashboard_emp/btn_accountSearch' is clicked on

2020-01-13 16:53:57 - [TEST_STEP][PASSED] - delay(2): Delayed 2 second(s)

2020-01-13 16:53:59 - [MESSAGE][PASSED] - Delayed 2 second(s)

2020-01-13 16:53:59 - [TEST_STEP][PASSED] - click(findTestObject("obj_accountInformation/a_TEST GABRIEL PROD")): Object: 'Object Repository/obj_accountInformation/a_TEST GABRIEL PROD' is clicked on

2020-01-13 16:54:00 - [MESSAGE][PASSED] - Object: 'Object Repository/obj_accountInformation/a_TEST GABRIEL PROD' is clicked on

2020-01-13 16:54:00 - [TEST_STEP][PASSED] - delay(2): Delayed 2 second(s)

2020-01-13 16:54:02 - [MESSAGE][PASSED] - Delayed 2 second(s)

2020-01-13 16:54:02 - [TEST_STEP][PASSED] - click(findTestObject("obj_invoce/btn_createInvoice")): Object: 'Object Repository/obj_invoce/btn_createInvoice' is clicked on

2020-01-13 16:54:04 - [MESSAGE][PASSED] - Object: 'Object Repository/obj_invoce/btn_createInvoice' is clicked on

2020-01-13 16:54:04 - [TEST_STEP][PASSED] - delay(3): Delayed 3 second(s)

2020-01-13 16:54:07 - [MESSAGE][PASSED] - Delayed 3 second(s)

2020-01-13 16:54:07 - [TEST_STEP][PASSED] - if (arryPets.size() == 1): null

2020-01-13 16:54:07 - [TEST_STEP][PASSED] - if (arryPets.size() == 2): null

2020-01-13 16:54:07 - [TEST_STEP][FAILED] - if (arryPets.size() == 3): Unable to click on object 'Object Repository/obj_invoce/new_invoice/new_invoice_sub2/a_Taxes ()_select2-choice_2' (Root cause: com.kms.katalon.core.exception.StepFailedException: Unable to click on object 'Object Repository/obj_invoce/new_invoice/new_invoice_sub2/a_Taxes ()_select2-choice_2'
	at com.kms.katalon.core.webui.keyword.internal.WebUIKeywordMain.stepFailed(WebUIKeywordMain.groovy:64)
	at com.kms.katalon.core.webui.keyword.internal.WebUIKeywordMain.runKeyword(WebUIKeywordMain.groovy:26)
	at com.kms.katalon.core.webui.keyword.builtin.ClickKeyword.click(ClickKeyword.groovy:99)
	at com.kms.katalon.core.webui.keyword.builtin.ClickKeyword.execute(ClickKeyword.groovy:43)
	at com.kms.katalon.core.keyword.internal.KeywordExecutor.executeKeywordForPlatform(KeywordExecutor.groovy:60)
	at com.kms.katalon.core.webui.keyword.WebUiBuiltInKeywords.click(WebUiBuiltInKeywords.groovy:616)
	at com.kms.katalon.core.webui.keyword.WebUiBuiltInKeywords$click$3.call(Unknown Source)
	at p4p_createInvoce_ok_spy.run(p4p_createInvoce_ok_spy:250)
	at com.kms.katalon.core.main.ScriptEngine.run(ScriptEngine.java:194)
	at com.kms.katalon.core.main.ScriptEngine.runScriptAsRawText(ScriptEngine.java:119)
	at com.kms.katalon.core.main.TestCaseExecutor.runScript(TestCaseExecutor.java:337)
	at com.kms.katalon.core.main.TestCaseExecutor.doExecute(TestCaseExecutor.java:328)
	at com.kms.katalon.core.main.TestCaseExecutor.processExecutionPhase(TestCaseExecutor.java:307)
	at com.kms.katalon.core.main.TestCaseExecutor.accessMainPhase(TestCaseExecutor.java:299)
	at com.kms.katalon.core.main.TestCaseExecutor.execute(TestCaseExecutor.java:233)
	at com.kms.katalon.core.main.TestSuiteExecutor.accessTestCaseMainPhase(TestSuiteExecutor.java:169)
	at com.kms.katalon.core.main.TestSuiteExecutor.accessTestSuiteMainPhase(TestSuiteExecutor.java:142)
	at com.kms.katalon.core.main.TestSuiteExecutor.execute(TestSuiteExecutor.java:91)
	at com.kms.katalon.core.main.TestCaseMain.startTestSuite(TestCaseMain.java:157)
	at com.kms.katalon.core.main.TestCaseMain$startTestSuite$0.call(Unknown Source)
	at TempTestSuite1578955144932.run(TempTestSuite1578955144932.groovy:36)
Caused by: com.kms.katalon.core.webui.exception.WebElementNotFoundException: Web element with id: 'Object Repository/obj_invoce/new_invoice/new_invoice_sub2/a_Taxes ()_select2-choice_2' located by 'By.xpath: (//a[@onclick='return false;'])[3]' not found
	at com.kms.katalon.core.webui.common.WebUiCommonHelper.findWebElement(WebUiCommonHelper.java:1113)
	at com.kms.katalon.core.webui.keyword.internal.WebUIAbstractKeyword.findWebElement(WebUIAbstractKeyword.groovy:27)
	at com.kms.katalon.core.webui.keyword.internal.WebUIAbstractKeyword.findWebElement(WebUIAbstractKeyword.groovy:26)
	at com.kms.katalon.core.webui.keyword.builtin.ClickKeyword$_click_closure1.doCall(ClickKeyword.groovy:68)
	at com.kms.katalon.core.webui.keyword.builtin.ClickKeyword$_click_closure1.call(ClickKeyword.groovy)
	at com.kms.katalon.core.webui.keyword.internal.WebUIKeywordMain.runKeyword(WebUIKeywordMain.groovy:20)
	at com.kms.katalon.core.webui.keyword.builtin.ClickKeyword.click(ClickKeyword.groovy:99)
	at com.kms.katalon.core.webui.keyword.builtin.ClickKeyword.execute(ClickKeyword.groovy:43)
	at com.kms.katalon.core.keyword.internal.KeywordExecutor.executeKeywordForPlatform(KeywordExecutor.groovy:60)
	at com.kms.katalon.core.webui.keyword.WebUiBuiltInKeywords.click(WebUiBuiltInKeywords.groovy:616)
	at com.kms.katalon.core.webui.keyword.WebUiBuiltInKeywords$click$3.call(Unknown Source)
	at Script1578378640799.run(Script1578378640799.groovy:250)
	... 13 more
)

2020-01-13 16:54:07 - [TEST_STEP][PASSED] - log.logInfo("SIZE 3"): SIZE 3

2020-01-13 16:54:07 - [MESSAGE][INFO] - SIZE 3

2020-01-13 16:54:07 - [TEST_STEP][PASSED] - click(findTestObject("obj_invoce/new_invoice/new_invoice_sub/btn_AddLineItem")): Object: 'Object Repository/obj_invoce/new_invoice/new_invoice_sub/btn_AddLineItem' is clicked on

2020-01-13 16:54:08 - [MESSAGE][PASSED] - Object: 'Object Repository/obj_invoce/new_invoice/new_invoice_sub/btn_AddLineItem' is clicked on

2020-01-13 16:54:08 - [TEST_STEP][PASSED] - delay(3): Delayed 3 second(s)

2020-01-13 16:54:11 - [MESSAGE][PASSED] - Delayed 3 second(s)

2020-01-13 16:54:11 - [TEST_STEP][PASSED] - click(findTestObject("obj_invoce/new_invoice/new_invoice_sub/a_Taxes ()_select2-choice_1")): Object: 'Object Repository/obj_invoce/new_invoice/new_invoice_sub/a_Taxes ()_select2-choice_1' is clicked on

2020-01-13 16:54:11 - [MESSAGE][PASSED] - Object: 'Object Repository/obj_invoce/new_invoice/new_invoice_sub/a_Taxes ()_select2-choice_1' is clicked on

2020-01-13 16:54:11 - [TEST_STEP][PASSED] - delay(3): Delayed 3 second(s)

2020-01-13 16:54:14 - [MESSAGE][PASSED] - Delayed 3 second(s)

2020-01-13 16:54:14 - [TEST_STEP][PASSED] - click(findTestObject("obj_invoce/new_invoice/new_invoice_sub/div_Zeus")): Object: 'Object Repository/obj_invoce/new_invoice/new_invoice_sub/div_Zeus' is clicked on

2020-01-13 16:54:14 - [MESSAGE][PASSED] - Object: 'Object Repository/obj_invoce/new_invoice/new_invoice_sub/div_Zeus' is clicked on

2020-01-13 16:54:14 - [TEST_STEP][NOT_RUN] - click(findTestObject("obj_invoce/new_invoice/new_invoice_sub/b")): NOT_RUN: click(findTestObject("obj_invoce/new_invoice/new_invoice_sub/b"))

2020-01-13 16:54:14 - [MESSAGE][NOT_RUN] - NOT_RUN: click(findTestObject("obj_invoce/new_invoice/new_invoice_sub/b"))

2020-01-13 16:54:14 - [TEST_STEP][NOT_RUN] - click(findTestObject("obj_invoce/new_invoice/new_invoice_sub/select_BOARDING_SUITEDAYCARE_SUITESPA_SUITE")): NOT_RUN: click(findTestObject("obj_invoce/new_invoice/new_invoice_sub/select_BOARDING_SUITEDAYCARE_SUITESPA_SUITE"))

2020-01-13 16:54:14 - [MESSAGE][NOT_RUN] - NOT_RUN: click(findTestObject("obj_invoce/new_invoice/new_invoice_sub/select_BOARDING_SUITEDAYCARE_SUITESPA_SUITE"))

2020-01-13 16:54:14 - [TEST_STEP][PASSED] - delay(3): Delayed 3 second(s)

2020-01-13 16:54:17 - [MESSAGE][PASSED] - Delayed 3 second(s)

2020-01-13 16:54:17 - [TEST_STEP][PASSED] - if (var_type == "BOARDING_SUITE"): Object: 'Object Repository/obj_invoce/new_invoice_ok_1/select_boarding' is clicked on

2020-01-13 16:54:17 - [TEST_STEP][PASSED] - click(findTestObject("obj_invoce/new_invoice_ok_1/select_boarding"), STOP_ON_FAILURE): Object: 'Object Repository/obj_invoce/new_invoice_ok_1/select_boarding' is clicked on

2020-01-13 16:54:18 - [MESSAGE][PASSED] - Object: 'Object Repository/obj_invoce/new_invoice_ok_1/select_boarding' is clicked on

2020-01-13 16:54:18 - [TEST_STEP][PASSED] - if (var_type == "DAYCARE_SUITE"): null

2020-01-13 16:54:18 - [TEST_STEP][PASSED] - if (var_type == "PACKAGE"): null

2020-01-13 16:54:18 - [TEST_STEP][PASSED] - delay(4): Delayed 4 second(s)

2020-01-13 16:54:22 - [MESSAGE][PASSED] - Delayed 4 second(s)

2020-01-13 16:54:22 - [TEST_STEP][PASSED] - sendKeys(findTestObject("obj_invoce/new_invoice/new_invoice_sub/input_Taxes_Item_1"), var_item): Keys 'M2M Monthly Membership' sent to object: 'Object Repository/obj_invoce/new_invoice/new_invoice_sub/input_Taxes_Item_1'

2020-01-13 16:54:22 - [MESSAGE][PASSED] - Keys 'M2M Monthly Membership' sent to object: 'Object Repository/obj_invoce/new_invoice/new_invoice_sub/input_Taxes_Item_1'

2020-01-13 16:54:22 - [TEST_STEP][PASSED] - delay(4): Delayed 4 second(s)

2020-01-13 16:54:26 - [MESSAGE][PASSED] - Delayed 4 second(s)

2020-01-13 16:54:26 - [TEST_STEP][PASSED] - sendKeys(findTestObject("obj_invoce/new_invoice/new_invoice_sub/input_Taxes_Item_1"), Keys.chord(ENTER)): Keys 'ENTER + ' sent to object: 'Object Repository/obj_invoce/new_invoice/new_invoice_sub/input_Taxes_Item_1'

2020-01-13 16:54:27 - [MESSAGE][PASSED] - Keys 'ENTER + ' sent to object: 'Object Repository/obj_invoce/new_invoice/new_invoice_sub/input_Taxes_Item_1'

2020-01-13 16:54:27 - [TEST_STEP][PASSED] - delay(4): Delayed 4 second(s)

2020-01-13 16:54:31 - [MESSAGE][PASSED] - Delayed 4 second(s)

2020-01-13 16:54:31 - [TEST_STEP][PASSED] - click(findTestObject("obj_invoce/new_invoice/new_invoice_sub/btn_AddLineItem")): Object: 'Object Repository/obj_invoce/new_invoice/new_invoice_sub/btn_AddLineItem' is clicked on

2020-01-13 16:54:34 - [MESSAGE][PASSED] - Object: 'Object Repository/obj_invoce/new_invoice/new_invoice_sub/btn_AddLineItem' is clicked on

2020-01-13 16:54:34 - [TEST_STEP][PASSED] - delay(3): Delayed 3 second(s)

2020-01-13 16:54:37 - [MESSAGE][PASSED] - Delayed 3 second(s)

2020-01-13 16:54:37 - [TEST_STEP][FAILED] - click(findTestObject("obj_invoce/new_invoice/new_invoice_sub2/a_Taxes ()_select2-choice_2")): Unable to click on object 'Object Repository/obj_invoce/new_invoice/new_invoice_sub2/a_Taxes ()_select2-choice_2' (Root cause: com.kms.katalon.core.exception.StepFailedException: Unable to click on object 'Object Repository/obj_invoce/new_invoice/new_invoice_sub2/a_Taxes ()_select2-choice_2'
	at com.kms.katalon.core.webui.keyword.internal.WebUIKeywordMain.stepFailed(WebUIKeywordMain.groovy:64)
	at com.kms.katalon.core.webui.keyword.internal.WebUIKeywordMain.runKeyword(WebUIKeywordMain.groovy:26)
	at com.kms.katalon.core.webui.keyword.builtin.ClickKeyword.click(ClickKeyword.groovy:99)
	at com.kms.katalon.core.webui.keyword.builtin.ClickKeyword.execute(ClickKeyword.groovy:43)
	at com.kms.katalon.core.keyword.internal.KeywordExecutor.executeKeywordForPlatform(KeywordExecutor.groovy:60)
	at com.kms.katalon.core.webui.keyword.WebUiBuiltInKeywords.click(WebUiBuiltInKeywords.groovy:616)
	at com.kms.katalon.core.webui.keyword.WebUiBuiltInKeywords$click$3.call(Unknown Source)
	at p4p_createInvoce_ok_spy.run(p4p_createInvoce_ok_spy:250)
	at com.kms.katalon.core.main.ScriptEngine.run(ScriptEngine.java:194)
	at com.kms.katalon.core.main.ScriptEngine.runScriptAsRawText(ScriptEngine.java:119)
	at com.kms.katalon.core.main.TestCaseExecutor.runScript(TestCaseExecutor.java:337)
	at com.kms.katalon.core.main.TestCaseExecutor.doExecute(TestCaseExecutor.java:328)
	at com.kms.katalon.core.main.TestCaseExecutor.processExecutionPhase(TestCaseExecutor.java:307)
	at com.kms.katalon.core.main.TestCaseExecutor.accessMainPhase(TestCaseExecutor.java:299)
	at com.kms.katalon.core.main.TestCaseExecutor.execute(TestCaseExecutor.java:233)
	at com.kms.katalon.core.main.TestSuiteExecutor.accessTestCaseMainPhase(TestSuiteExecutor.java:169)
	at com.kms.katalon.core.main.TestSuiteExecutor.accessTestSuiteMainPhase(TestSuiteExecutor.java:142)
	at com.kms.katalon.core.main.TestSuiteExecutor.execute(TestSuiteExecutor.java:91)
	at com.kms.katalon.core.main.TestCaseMain.startTestSuite(TestCaseMain.java:157)
	at com.kms.katalon.core.main.TestCaseMain$startTestSuite$0.call(Unknown Source)
	at TempTestSuite1578955144932.run(TempTestSuite1578955144932.groovy:36)
Caused by: com.kms.katalon.core.webui.exception.WebElementNotFoundException: Web element with id: 'Object Repository/obj_invoce/new_invoice/new_invoice_sub2/a_Taxes ()_select2-choice_2' located by 'By.xpath: (//a[@onclick='return false;'])[3]' not found
	at com.kms.katalon.core.webui.common.WebUiCommonHelper.findWebElement(WebUiCommonHelper.java:1113)
	at com.kms.katalon.core.webui.keyword.internal.WebUIAbstractKeyword.findWebElement(WebUIAbstractKeyword.groovy:27)
	at com.kms.katalon.core.webui.keyword.internal.WebUIAbstractKeyword.findWebElement(WebUIAbstractKeyword.groovy:26)
	at com.kms.katalon.core.webui.keyword.builtin.ClickKeyword$_click_closure1.doCall(ClickKeyword.groovy:68)
	at com.kms.katalon.core.webui.keyword.builtin.ClickKeyword$_click_closure1.call(ClickKeyword.groovy)
	at com.kms.katalon.core.webui.keyword.internal.WebUIKeywordMain.runKeyword(WebUIKeywordMain.groovy:20)
	at com.kms.katalon.core.webui.keyword.builtin.ClickKeyword.click(ClickKeyword.groovy:99)
	at com.kms.katalon.core.webui.keyword.builtin.ClickKeyword.execute(ClickKeyword.groovy:43)
	at com.kms.katalon.core.keyword.internal.KeywordExecutor.executeKeywordForPlatform(KeywordExecutor.groovy:60)
	at com.kms.katalon.core.webui.keyword.WebUiBuiltInKeywords.click(WebUiBuiltInKeywords.groovy:616)
	at com.kms.katalon.core.webui.keyword.WebUiBuiltInKeywords$click$3.call(Unknown Source)
	at Script1578378640799.run(Script1578378640799.groovy:250)
	... 13 more
)

2020-01-13 16:55:22 - [MESSAGE][INFO] - Unable to find the element located by 'By.xpath: (//a[@onclick='return false;'])[3]'. Please recheck the objects properties to make sure the desired element is located. 

2020-01-13 16:55:22 - [MESSAGE][FAILED] - Unable to click on object 'Object Repository/obj_invoce/new_invoice/new_invoice_sub2/a_Taxes ()_select2-choice_2' (Root cause: com.kms.katalon.core.exception.StepFailedException: Unable to click on object 'Object Repository/obj_invoce/new_invoice/new_invoice_sub2/a_Taxes ()_select2-choice_2'
	at com.kms.katalon.core.webui.keyword.internal.WebUIKeywordMain.stepFailed(WebUIKeywordMain.groovy:64)
	at com.kms.katalon.core.webui.keyword.internal.WebUIKeywordMain.runKeyword(WebUIKeywordMain.groovy:26)
	at com.kms.katalon.core.webui.keyword.builtin.ClickKeyword.click(ClickKeyword.groovy:99)
	at com.kms.katalon.core.webui.keyword.builtin.ClickKeyword.execute(ClickKeyword.groovy:43)
	at com.kms.katalon.core.keyword.internal.KeywordExecutor.executeKeywordForPlatform(KeywordExecutor.groovy:60)
	at com.kms.katalon.core.webui.keyword.WebUiBuiltInKeywords.click(WebUiBuiltInKeywords.groovy:616)
	at com.kms.katalon.core.webui.keyword.WebUiBuiltInKeywords$click$3.call(Unknown Source)
	at p4p_createInvoce_ok_spy.run(p4p_createInvoce_ok_spy:250)
	at com.kms.katalon.core.main.ScriptEngine.run(ScriptEngine.java:194)
	at com.kms.katalon.core.main.ScriptEngine.runScriptAsRawText(ScriptEngine.java:119)
	at com.kms.katalon.core.main.TestCaseExecutor.runScript(TestCaseExecutor.java:337)
	at com.kms.katalon.core.main.TestCaseExecutor.doExecute(TestCaseExecutor.java:328)
	at com.kms.katalon.core.main.TestCaseExecutor.processExecutionPhase(TestCaseExecutor.java:307)
	at com.kms.katalon.core.main.TestCaseExecutor.accessMainPhase(TestCaseExecutor.java:299)
	at com.kms.katalon.core.main.TestCaseExecutor.execute(TestCaseExecutor.java:233)
	at com.kms.katalon.core.main.TestSuiteExecutor.accessTestCaseMainPhase(TestSuiteExecutor.java:169)
	at com.kms.katalon.core.main.TestSuiteExecutor.accessTestSuiteMainPhase(TestSuiteExecutor.java:142)
	at com.kms.katalon.core.main.TestSuiteExecutor.execute(TestSuiteExecutor.java:91)
	at com.kms.katalon.core.main.TestCaseMain.startTestSuite(TestCaseMain.java:157)
	at com.kms.katalon.core.main.TestCaseMain$startTestSuite$0.call(Unknown Source)
	at TempTestSuite1578955144932.run(TempTestSuite1578955144932.groovy:36)
Caused by: com.kms.katalon.core.webui.exception.WebElementNotFoundException: Web element with id: 'Object Repository/obj_invoce/new_invoice/new_invoice_sub2/a_Taxes ()_select2-choice_2' located by 'By.xpath: (//a[@onclick='return false;'])[3]' not found
	at com.kms.katalon.core.webui.common.WebUiCommonHelper.findWebElement(WebUiCommonHelper.java:1113)
	at com.kms.katalon.core.webui.keyword.internal.WebUIAbstractKeyword.findWebElement(WebUIAbstractKeyword.groovy:27)
	at com.kms.katalon.core.webui.keyword.internal.WebUIAbstractKeyword.findWebElement(WebUIAbstractKeyword.groovy:26)
	at com.kms.katalon.core.webui.keyword.builtin.ClickKeyword$_click_closure1.doCall(ClickKeyword.groovy:68)
	at com.kms.katalon.core.webui.keyword.builtin.ClickKeyword$_click_closure1.call(ClickKeyword.groovy)
	at com.kms.katalon.core.webui.keyword.internal.WebUIKeywordMain.runKeyword(WebUIKeywordMain.groovy:20)
	at com.kms.katalon.core.webui.keyword.builtin.ClickKeyword.click(ClickKeyword.groovy:99)
	at com.kms.katalon.core.webui.keyword.builtin.ClickKeyword.execute(ClickKeyword.groovy:43)
	at com.kms.katalon.core.keyword.internal.KeywordExecutor.executeKeywordForPlatform(KeywordExecutor.groovy:60)
	at com.kms.katalon.core.webui.keyword.WebUiBuiltInKeywords.click(WebUiBuiltInKeywords.groovy:616)
	at com.kms.katalon.core.webui.keyword.WebUiBuiltInKeywords$click$3.call(Unknown Source)
	at Script1578378640799.run(Script1578378640799.groovy:250)
	... 13 more
)
[[ATTACHMENT|/home/leonardo-arkusmty/Documents/workspaceKatalon/p4ptest/Reports/20200113_163904/ts_createInvoice/20200113_163904/1578956122671.png]]]]></system-out>
         <system-err><![CDATA[2020-01-13 16:53:47 - [TEST_CASE][FAILED] - Test Cases/p4p_createInvoce_ok_spy: Test Cases/p4p_createInvoce_ok_spy FAILED.
Reason:
com.kms.katalon.core.exception.StepFailedException: Unable to click on object 'Object Repository/obj_invoce/new_invoice/new_invoice_sub2/a_Taxes ()_select2-choice_2'
	at com.kms.katalon.core.webui.keyword.internal.WebUIKeywordMain.stepFailed(WebUIKeywordMain.groovy:64)
	at com.kms.katalon.core.webui.keyword.internal.WebUIKeywordMain.runKeyword(WebUIKeywordMain.groovy:26)
	at com.kms.katalon.core.webui.keyword.builtin.ClickKeyword.click(ClickKeyword.groovy:99)
	at com.kms.katalon.core.webui.keyword.builtin.ClickKeyword.execute(ClickKeyword.groovy:43)
	at com.kms.katalon.core.keyword.internal.KeywordExecutor.executeKeywordForPlatform(KeywordExecutor.groovy:60)
	at com.kms.katalon.core.webui.keyword.WebUiBuiltInKeywords.click(WebUiBuiltInKeywords.groovy:616)
	at com.kms.katalon.core.webui.keyword.WebUiBuiltInKeywords$click$3.call(Unknown Source)
	at p4p_createInvoce_ok_spy.run(p4p_createInvoce_ok_spy:250)
	at com.kms.katalon.core.main.ScriptEngine.run(ScriptEngine.java:194)
	at com.kms.katalon.core.main.ScriptEngine.runScriptAsRawText(ScriptEngine.java:119)
	at com.kms.katalon.core.main.TestCaseExecutor.runScript(TestCaseExecutor.java:337)
	at com.kms.katalon.core.main.TestCaseExecutor.doExecute(TestCaseExecutor.java:328)
	at com.kms.katalon.core.main.TestCaseExecutor.processExecutionPhase(TestCaseExecutor.java:307)
	at com.kms.katalon.core.main.TestCaseExecutor.accessMainPhase(TestCaseExecutor.java:299)
	at com.kms.katalon.core.main.TestCaseExecutor.execute(TestCaseExecutor.java:233)
	at com.kms.katalon.core.main.TestSuiteExecutor.accessTestCaseMainPhase(TestSuiteExecutor.java:169)
	at com.kms.katalon.core.main.TestSuiteExecutor.accessTestSuiteMainPhase(TestSuiteExecutor.java:142)
	at com.kms.katalon.core.main.TestSuiteExecutor.execute(TestSuiteExecutor.java:91)
	at com.kms.katalon.core.main.TestCaseMain.startTestSuite(TestCaseMain.java:157)
	at com.kms.katalon.core.main.TestCaseMain$startTestSuite$0.call(Unknown Source)
	at TempTestSuite1578955144932.run(TempTestSuite1578955144932.groovy:36)
Caused by: com.kms.katalon.core.webui.exception.WebElementNotFoundException: Web element with id: 'Object Repository/obj_invoce/new_invoice/new_invoice_sub2/a_Taxes ()_select2-choice_2' located by 'By.xpath: (//a[@onclick='return false;'])[3]' not found
	at com.kms.katalon.core.webui.common.WebUiCommonHelper.findWebElement(WebUiCommonHelper.java:1113)
	at com.kms.katalon.core.webui.keyword.internal.WebUIAbstractKeyword.findWebElement(WebUIAbstractKeyword.groovy:27)
	at com.kms.katalon.core.webui.keyword.internal.WebUIAbstractKeyword.findWebElement(WebUIAbstractKeyword.groovy:26)
	at com.kms.katalon.core.webui.keyword.builtin.ClickKeyword$_click_closure1.doCall(ClickKeyword.groovy:68)
	at com.kms.katalon.core.webui.keyword.builtin.ClickKeyword$_click_closure1.call(ClickKeyword.groovy)
	at com.kms.katalon.core.webui.keyword.internal.WebUIKeywordMain.runKeyword(WebUIKeywordMain.groovy:20)
	... 19 more]]></system-err>
      </testcase>
      <system-out><![CDATA[2020-01-13 16:39:06 - [TEST_SUITE][FAILED] - ts_createInvoice: Test Cases/p4p_createInvoce_ok_spy FAILED.
Reason:
com.kms.katalon.core.exception.StepFailedException: Unable to click on object 'Object Repository/obj_invoce/new_invoice/new_invoice_sub2/a_Taxes ()_select2-choice_2'
	at com.kms.katalon.core.webui.keyword.internal.WebUIKeywordMain.stepFailed(WebUIKeywordMain.groovy:64)
	at com.kms.katalon.core.webui.keyword.internal.WebUIKeywordMain.runKeyword(WebUIKeywordMain.groovy:26)
	at com.kms.katalon.core.webui.keyword.builtin.ClickKeyword.click(ClickKeyword.groovy:99)
	at com.kms.katalon.core.webui.keyword.builtin.ClickKeyword.execute(ClickKeyword.groovy:43)
	at com.kms.katalon.core.keyword.internal.KeywordExecutor.executeKeywordForPlatform(KeywordExecutor.groovy:60)
	at com.kms.katalon.core.webui.keyword.WebUiBuiltInKeywords.click(WebUiBuiltInKeywords.groovy:616)
	at com.kms.katalon.core.webui.keyword.WebUiBuiltInKeywords$click$3.call(Unknown Source)
	at p4p_createInvoce_ok_spy.run(p4p_createInvoce_ok_spy:158)
	at com.kms.katalon.core.main.ScriptEngine.run(ScriptEngine.java:194)
	at com.kms.katalon.core.main.ScriptEngine.runScriptAsRawText(ScriptEngine.java:119)
	at com.kms.katalon.core.main.TestCaseExecutor.runScript(TestCaseExecutor.java:337)
	at com.kms.katalon.core.main.TestCaseExecutor.doExecute(TestCaseExecutor.java:328)
	at com.kms.katalon.core.main.TestCaseExecutor.processExecutionPhase(TestCaseExecutor.java:307)
	at com.kms.katalon.core.main.TestCaseExecutor.accessMainPhase(TestCaseExecutor.java:299)
	at com.kms.katalon.core.main.TestCaseExecutor.execute(TestCaseExecutor.java:233)
	at com.kms.katalon.core.main.TestSuiteExecutor.accessTestCaseMainPhase(TestSuiteExecutor.java:169)
	at com.kms.katalon.core.main.TestSuiteExecutor.accessTestSuiteMainPhase(TestSuiteExecutor.java:142)
	at com.kms.katalon.core.main.TestSuiteExecutor.execute(TestSuiteExecutor.java:91)
	at com.kms.katalon.core.main.TestCaseMain.startTestSuite(TestCaseMain.java:157)
	at com.kms.katalon.core.main.TestCaseMain$startTestSuite$0.call(Unknown Source)
	at TempTestSuite1578955144932.run(TempTestSuite1578955144932.groovy:36)
Caused by: com.kms.katalon.core.webui.exception.WebElementNotFoundException: Web element with id: 'Object Repository/obj_invoce/new_invoice/new_invoice_sub2/a_Taxes ()_select2-choice_2' located by 'By.xpath: (//a[@onclick='return false;'])[3]' not found
	at com.kms.katalon.core.webui.common.WebUiCommonHelper.findWebElement(WebUiCommonHelper.java:1113)
	at com.kms.katalon.core.webui.keyword.internal.WebUIAbstractKeyword.findWebElement(WebUIAbstractKeyword.groovy:27)
	at com.kms.katalon.core.webui.keyword.internal.WebUIAbstractKeyword.findWebElement(WebUIAbstractKeyword.groovy:26)
	at com.kms.katalon.core.webui.keyword.builtin.ClickKeyword$_click_closure1.doCall(ClickKeyword.groovy:68)
	at com.kms.katalon.core.webui.keyword.builtin.ClickKeyword$_click_closure1.call(ClickKeyword.groovy)
	at com.kms.katalon.core.webui.keyword.internal.WebUIKeywordMain.runKeyword(WebUIKeywordMain.groovy:20)
	... 19 more]]></system-out>
      <system-err><![CDATA[2020-01-13 16:39:06 - [TEST_SUITE][FAILED] - ts_createInvoice: Test Cases/p4p_createInvoce_ok_spy FAILED.
Reason:
com.kms.katalon.core.exception.StepFailedException: Unable to click on object 'Object Repository/obj_invoce/new_invoice/new_invoice_sub2/a_Taxes ()_select2-choice_2'
	at com.kms.katalon.core.webui.keyword.internal.WebUIKeywordMain.stepFailed(WebUIKeywordMain.groovy:64)
	at com.kms.katalon.core.webui.keyword.internal.WebUIKeywordMain.runKeyword(WebUIKeywordMain.groovy:26)
	at com.kms.katalon.core.webui.keyword.builtin.ClickKeyword.click(ClickKeyword.groovy:99)
	at com.kms.katalon.core.webui.keyword.builtin.ClickKeyword.execute(ClickKeyword.groovy:43)
	at com.kms.katalon.core.keyword.internal.KeywordExecutor.executeKeywordForPlatform(KeywordExecutor.groovy:60)
	at com.kms.katalon.core.webui.keyword.WebUiBuiltInKeywords.click(WebUiBuiltInKeywords.groovy:616)
	at com.kms.katalon.core.webui.keyword.WebUiBuiltInKeywords$click$3.call(Unknown Source)
	at p4p_createInvoce_ok_spy.run(p4p_createInvoce_ok_spy:158)
	at com.kms.katalon.core.main.ScriptEngine.run(ScriptEngine.java:194)
	at com.kms.katalon.core.main.ScriptEngine.runScriptAsRawText(ScriptEngine.java:119)
	at com.kms.katalon.core.main.TestCaseExecutor.runScript(TestCaseExecutor.java:337)
	at com.kms.katalon.core.main.TestCaseExecutor.doExecute(TestCaseExecutor.java:328)
	at com.kms.katalon.core.main.TestCaseExecutor.processExecutionPhase(TestCaseExecutor.java:307)
	at com.kms.katalon.core.main.TestCaseExecutor.accessMainPhase(TestCaseExecutor.java:299)
	at com.kms.katalon.core.main.TestCaseExecutor.execute(TestCaseExecutor.java:233)
	at com.kms.katalon.core.main.TestSuiteExecutor.accessTestCaseMainPhase(TestSuiteExecutor.java:169)
	at com.kms.katalon.core.main.TestSuiteExecutor.accessTestSuiteMainPhase(TestSuiteExecutor.java:142)
	at com.kms.katalon.core.main.TestSuiteExecutor.execute(TestSuiteExecutor.java:91)
	at com.kms.katalon.core.main.TestCaseMain.startTestSuite(TestCaseMain.java:157)
	at com.kms.katalon.core.main.TestCaseMain$startTestSuite$0.call(Unknown Source)
	at TempTestSuite1578955144932.run(TempTestSuite1578955144932.groovy:36)
Caused by: com.kms.katalon.core.webui.exception.WebElementNotFoundException: Web element with id: 'Object Repository/obj_invoce/new_invoice/new_invoice_sub2/a_Taxes ()_select2-choice_2' located by 'By.xpath: (//a[@onclick='return false;'])[3]' not found
	at com.kms.katalon.core.webui.common.WebUiCommonHelper.findWebElement(WebUiCommonHelper.java:1113)
	at com.kms.katalon.core.webui.keyword.internal.WebUIAbstractKeyword.findWebElement(WebUIAbstractKeyword.groovy:27)
	at com.kms.katalon.core.webui.keyword.internal.WebUIAbstractKeyword.findWebElement(WebUIAbstractKeyword.groovy:26)
	at com.kms.katalon.core.webui.keyword.builtin.ClickKeyword$_click_closure1.doCall(ClickKeyword.groovy:68)
	at com.kms.katalon.core.webui.keyword.builtin.ClickKeyword$_click_closure1.call(ClickKeyword.groovy)
	at com.kms.katalon.core.webui.keyword.internal.WebUIKeywordMain.runKeyword(WebUIKeywordMain.groovy:20)
	... 19 more]]></system-err>
   </testsuite>
</testsuites>
