<?xml version="1.0" encoding="UTF-8"?>
<testsuites name="ts_cancelRev" time="35.705" tests="4" failures="0" errors="0">
   <testsuite name="ts_cancelRev" tests="4" failures="0" errors="0" time="35.705" timestamp="2019-11-21 19:05:09" hostname="leonardo-arkusmty - leonardoarkusmty-Inspiron-5577" id="Test Suites/ts_cancelRev">
      <properties>
         <property name="deviceName" value=""/>
         <property name="devicePlatform" value=""/>
         <property name="logFolder" value="/home/leonardo-arkusmty/Documents/workspaceKatalon/p4ptest/Reports/20191121_190507/ts_cancelRev/20191121_190507"/>
         <property name="logFiles" value="/home/leonardo-arkusmty/Documents/workspaceKatalon/p4ptest/Reports/20191121_190507/ts_cancelRev/20191121_190507/execution0.log"/>
         <property name="attachments" value=""/>
         <property name="hostName" value="leonardo-arkusmty - leonardoarkusmty-Inspiron-5577"/>
         <property name="os" value="Linux 64bit"/>
         <property name="katalonVersion" value="7.0.8.1"/>
         <property name="browser" value="Firefox 70.0"/>
         <property name="hostAddress" value="127.0.1.1"/>
         <property name="sessionId" value="82afc148-04d4-4596-abb6-0fd2982cf9d6"/>
         <property name="seleniumVersion" value="3.141.59"/>
         <property name="proxyInformation" value="ProxyInformation{proxyOption=NO_PROXY, proxyServerType=HTTP, password=, proxyServerAddress=, proxyServerPort=0}"/>
         <property name="platform" value="Linux"/>
      </properties>
      <testcase name="Test Cases/p4p_login" time="11.925" classname="Test Cases/p4p_login" status="PASSED">
         <system-out><![CDATA[2019-11-21 19:05:09 - [TEST_CASE][PASSED] - Test Cases/p4p_login: Test Cases/p4p_login

2019-11-21 19:05:09 - [TEST_STEP][PASSED] - openBrowser(""): Browser is opened with url: ''

2019-11-21 19:05:09 - [MESSAGE][INFO] - Starting 'Firefox' driver

2019-11-21 19:05:09 - [MESSAGE][INFO] - Action delay is set to 0 seconds

2019-11-21 19:05:12 - [MESSAGE][PASSED] - Browser is opened with url: ''

2019-11-21 19:05:12 - [TEST_STEP][PASSED] - navigateToUrl("https://p4p-qa-bg.aws.paradise4paws.com/login/?next=/"): Navigate to 'https://p4p-qa-bg.aws.paradise4paws.com/login/?next=/' successfully

2019-11-21 19:05:13 - [MESSAGE][PASSED] - Navigate to 'https://p4p-qa-bg.aws.paradise4paws.com/login/?next=/' successfully

2019-11-21 19:05:13 - [TEST_STEP][PASSED] - setText(findTestObject("object_login/input_user"), var_user): Text 'jegchavez@gmail.com' is set on object 'Object Repository/object_login/input_user'

2019-11-21 19:05:14 - [MESSAGE][PASSED] - Text 'jegchavez@gmail.com' is set on object 'Object Repository/object_login/input_user'

2019-11-21 19:05:14 - [TEST_STEP][PASSED] - setText(findTestObject("object_login/input_pass"), var_pass): Text 'admin1' is set on object 'Object Repository/object_login/input_pass'

2019-11-21 19:05:14 - [MESSAGE][PASSED] - Text 'admin1' is set on object 'Object Repository/object_login/input_pass'

2019-11-21 19:05:14 - [TEST_STEP][PASSED] - delay(3): Delayed 3 second(s)

2019-11-21 19:05:17 - [MESSAGE][PASSED] - Delayed 3 second(s)

2019-11-21 19:05:17 - [TEST_STEP][PASSED] - verifyElementClickable(findTestObject("object_login/btn_login")): Object 'Object Repository/object_login/btn_login' is clickable

2019-11-21 19:05:17 - [MESSAGE][PASSED] - Object 'Object Repository/object_login/btn_login' is clickable

2019-11-21 19:05:17 - [TEST_STEP][PASSED] - click(findTestObject("object_login/btn_login")): Object: 'Object Repository/object_login/btn_login' is clicked on

2019-11-21 19:05:21 - [MESSAGE][PASSED] - Object: 'Object Repository/object_login/btn_login' is clicked on]]></system-out>
         <system-err><![CDATA[]]></system-err>
      </testcase>
      <testcase name="Test Cases/p4p_login" time="16.221" classname="Test Cases/p4p_login" status="PASSED">
         <system-out><![CDATA[2019-11-21 19:05:21 - [TEST_CASE][PASSED] - Test Cases/p4p_login: Test Cases/p4p_login

2019-11-21 19:05:21 - [TEST_STEP][PASSED] - openBrowser(""): Browser is opened with url: ''

2019-11-21 19:05:21 - [MESSAGE][WARNING] - A browser is already opened. Closing browser and opening a new one

2019-11-21 19:05:25 - [MESSAGE][INFO] - Starting 'Firefox' driver

2019-11-21 19:05:27 - [MESSAGE][PASSED] - Browser is opened with url: ''

2019-11-21 19:05:27 - [TEST_STEP][PASSED] - navigateToUrl("https://p4p-qa-bg.aws.paradise4paws.com/login/?next=/"): Navigate to 'https://p4p-qa-bg.aws.paradise4paws.com/login/?next=/' successfully

2019-11-21 19:05:29 - [MESSAGE][PASSED] - Navigate to 'https://p4p-qa-bg.aws.paradise4paws.com/login/?next=/' successfully

2019-11-21 19:05:29 - [TEST_STEP][PASSED] - setText(findTestObject("object_login/input_user"), var_user): Text 'jegchavez@gmail.com' is set on object 'Object Repository/object_login/input_user'

2019-11-21 19:05:30 - [MESSAGE][PASSED] - Text 'jegchavez@gmail.com' is set on object 'Object Repository/object_login/input_user'

2019-11-21 19:05:30 - [TEST_STEP][PASSED] - setText(findTestObject("object_login/input_pass"), var_pass): Text 'admin1' is set on object 'Object Repository/object_login/input_pass'

2019-11-21 19:05:31 - [MESSAGE][PASSED] - Text 'admin1' is set on object 'Object Repository/object_login/input_pass'

2019-11-21 19:05:31 - [TEST_STEP][PASSED] - delay(3): Delayed 3 second(s)

2019-11-21 19:05:34 - [MESSAGE][PASSED] - Delayed 3 second(s)

2019-11-21 19:05:34 - [TEST_STEP][PASSED] - verifyElementClickable(findTestObject("object_login/btn_login")): Object 'Object Repository/object_login/btn_login' is clickable

2019-11-21 19:05:34 - [MESSAGE][PASSED] - Object 'Object Repository/object_login/btn_login' is clickable

2019-11-21 19:05:34 - [TEST_STEP][PASSED] - click(findTestObject("object_login/btn_login")): Object: 'Object Repository/object_login/btn_login' is clicked on

2019-11-21 19:05:37 - [MESSAGE][PASSED] - Object: 'Object Repository/object_login/btn_login' is clicked on]]></system-out>
         <system-err><![CDATA[]]></system-err>
      </testcase>
      <testcase name="Test Cases/p4p_cancelReserBtn" time="2.025" classname="Test Cases/p4p_cancelReserBtn" status="PASSED">
         <system-out><![CDATA[2019-11-21 19:05:37 - [TEST_CASE][PASSED] - Test Cases/p4p_cancelReserBtn: Test Cases/p4p_cancelReserBtn

2019-11-21 19:05:37 - [TEST_STEP][NOT_RUN] - callTestCase(findTestCase("p4p_login"), ["var_user":"", "var_pass":""], STOP_ON_FAILURE): NOT_RUN: callTestCase(findTestCase("p4p_login"), ["var_user":"", "var_pass":""], STOP_ON_FAILURE)

2019-11-21 19:05:37 - [MESSAGE][NOT_RUN] - NOT_RUN: callTestCase(findTestCase("p4p_login"), ["var_user":"", "var_pass":""], STOP_ON_FAILURE)

2019-11-21 19:05:37 - [TEST_STEP][PASSED] - navigateToUrl(urlReserva): Navigate to 'https://p4p-qa-bg.aws.paradise4paws.com/accounts/profile/#/reservations/97558/' successfully

2019-11-21 19:05:39 - [MESSAGE][PASSED] - Navigate to 'https://p4p-qa-bg.aws.paradise4paws.com/accounts/profile/#/reservations/97558/' successfully]]></system-out>
         <system-err><![CDATA[]]></system-err>
      </testcase>
      <testcase name="Test Cases/p4p_cancelReserBtn" time="1.341" classname="Test Cases/p4p_cancelReserBtn" status="PASSED">
         <system-out><![CDATA[2019-11-21 19:05:39 - [TEST_CASE][PASSED] - Test Cases/p4p_cancelReserBtn: Test Cases/p4p_cancelReserBtn

2019-11-21 19:05:39 - [TEST_STEP][NOT_RUN] - callTestCase(findTestCase("p4p_login"), ["var_user":"", "var_pass":""], STOP_ON_FAILURE): NOT_RUN: callTestCase(findTestCase("p4p_login"), ["var_user":"", "var_pass":""], STOP_ON_FAILURE)

2019-11-21 19:05:39 - [MESSAGE][NOT_RUN] - NOT_RUN: callTestCase(findTestCase("p4p_login"), ["var_user":"", "var_pass":""], STOP_ON_FAILURE)

2019-11-21 19:05:39 - [TEST_STEP][PASSED] - navigateToUrl(urlReserva): Navigate to 'https://p4p-qa-bg.aws.paradise4paws.com/frontdesk/reservation/1702008/?parent_id=97558&type=DOG' successfully

2019-11-21 19:05:40 - [MESSAGE][PASSED] - Navigate to 'https://p4p-qa-bg.aws.paradise4paws.com/frontdesk/reservation/1702008/?parent_id=97558&type=DOG' successfully]]></system-out>
         <system-err><![CDATA[]]></system-err>
      </testcase>
      <system-out><![CDATA[2019-11-21 19:05:09 - [TEST_SUITE][PASSED] - ts_cancelRev: Test Cases/p4p_cancelReserBtn]]></system-out>
      <system-err><![CDATA[]]></system-err>
   </testsuite>
</testsuites>
