<?xml version="1.0" encoding="UTF-8"?>
<testsuites name="ts_payment" time="28.722" tests="1" failures="0" errors="0">
   <testsuite name="ts_payment" tests="1" failures="0" errors="0" time="28.722" timestamp="2019-11-27 04:55:27" hostname="leonardo-arkusmty - leonardoarkusmty-Inspiron-5577" id="Test Suites/ts_payment">
      <properties>
         <property name="deviceName" value=""/>
         <property name="devicePlatform" value=""/>
         <property name="logFolder" value="/home/leonardo-arkusmty/Documents/workspaceKatalon/p4ptest/Reports/20191127_045526/ts_payment/20191127_045526"/>
         <property name="logFiles" value="/home/leonardo-arkusmty/Documents/workspaceKatalon/p4ptest/Reports/20191127_045526/ts_payment/20191127_045526/execution0.log"/>
         <property name="attachments" value=""/>
         <property name="hostName" value="leonardo-arkusmty - leonardoarkusmty-Inspiron-5577"/>
         <property name="os" value="Linux 64bit"/>
         <property name="katalonVersion" value="7.0.8.1"/>
         <property name="browser" value="Firefox 70.0"/>
         <property name="hostAddress" value="127.0.1.1"/>
         <property name="sessionId" value="75eaf254-3575-4dfe-89a8-6d72ceb31c5f"/>
         <property name="seleniumVersion" value="3.141.59"/>
         <property name="proxyInformation" value="ProxyInformation{proxyOption=NO_PROXY, proxyServerType=HTTP, password=, proxyServerAddress=, proxyServerPort=0}"/>
         <property name="platform" value="Linux"/>
      </properties>
      <testcase name="Test Cases/p4p_payment" time="25.914" classname="Test Cases/p4p_payment" status="PASSED">
         <system-out><![CDATA[2019-11-27 04:55:27 - [TEST_CASE][PASSED] - Test Cases/p4p_payment: Test Cases/p4p_payment

2019-11-27 04:55:28 - [TEST_STEP][PASSED] - openBrowser(""): Browser is opened with url: ''

2019-11-27 04:55:28 - [MESSAGE][INFO] - Starting 'Firefox' driver

2019-11-27 04:55:28 - [MESSAGE][INFO] - Action delay is set to 0 seconds

2019-11-27 04:55:30 - [MESSAGE][PASSED] - Browser is opened with url: ''

2019-11-27 04:55:30 - [TEST_STEP][PASSED] - navigateToUrl("https://p4p-qa-bg.aws.paradise4paws.com/login/"): Navigate to 'https://p4p-qa-bg.aws.paradise4paws.com/login/' successfully

2019-11-27 04:55:34 - [MESSAGE][PASSED] - Navigate to 'https://p4p-qa-bg.aws.paradise4paws.com/login/' successfully

2019-11-27 04:55:34 - [TEST_STEP][PASSED] - setText(findTestObject("object_login/input_user"), var_user): Text 'jegchavez@gmail.com' is set on object 'Object Repository/object_login/input_user'

2019-11-27 04:55:35 - [MESSAGE][PASSED] - Text 'jegchavez@gmail.com' is set on object 'Object Repository/object_login/input_user'

2019-11-27 04:55:35 - [TEST_STEP][PASSED] - setText(findTestObject("object_login/input_pass"), var_pass): Text 'admin1' is set on object 'Object Repository/object_login/input_pass'

2019-11-27 04:55:36 - [MESSAGE][PASSED] - Text 'admin1' is set on object 'Object Repository/object_login/input_pass'

2019-11-27 04:55:36 - [TEST_STEP][PASSED] - click(findTestObject("object_login/btn_login")): Object: 'Object Repository/object_login/btn_login' is clicked on

2019-11-27 04:55:42 - [MESSAGE][PASSED] - Object: 'Object Repository/object_login/btn_login' is clicked on

2019-11-27 04:55:42 - [TEST_STEP][PASSED] - delay(3): Delayed 3 second(s)

2019-11-27 04:55:45 - [MESSAGE][PASSED] - Delayed 3 second(s)

2019-11-27 04:55:45 - [TEST_STEP][PASSED] - navigateToUrl(var_urlPay): Navigate to 'https://p4p-qa-bg.aws.paradise4paws.com/payment/1794650/?backUrl=/accounts/profile/#/invoice/97558/1794650/' successfully

2019-11-27 04:55:46 - [MESSAGE][PASSED] - Navigate to 'https://p4p-qa-bg.aws.paradise4paws.com/payment/1794650/?backUrl=/accounts/profile/#/invoice/97558/1794650/' successfully

2019-11-27 04:55:46 - [TEST_STEP][PASSED] - delay(6): Delayed 6 second(s)

2019-11-27 04:55:52 - [MESSAGE][PASSED] - Delayed 6 second(s)

2019-11-27 04:55:52 - [TEST_STEP][NOT_RUN] - click(findTestObject("object_invoce/a_btnPay")): NOT_RUN: click(findTestObject("object_invoce/a_btnPay"))

2019-11-27 04:55:52 - [MESSAGE][NOT_RUN] - NOT_RUN: click(findTestObject("object_invoce/a_btnPay"))

2019-11-27 04:55:52 - [TEST_STEP][PASSED] - click(findTestObject("object_payment/input_byCash")): Object: 'Object Repository/object_payment/input_byCash' is clicked on

2019-11-27 04:55:52 - [MESSAGE][PASSED] - Object: 'Object Repository/object_payment/input_byCash' is clicked on

2019-11-27 04:55:52 - [TEST_STEP][PASSED] - click(findTestObject("object_payment/btn_makeAPayment")): Object: 'Object Repository/object_payment/btn_makeAPayment' is clicked on

2019-11-27 04:55:53 - [MESSAGE][PASSED] - Object: 'Object Repository/object_payment/btn_makeAPayment' is clicked on]]></system-out>
         <system-err><![CDATA[]]></system-err>
      </testcase>
      <system-out><![CDATA[2019-11-27 04:55:27 - [TEST_SUITE][PASSED] - ts_payment: Test Cases/p4p_payment]]></system-out>
      <system-err><![CDATA[]]></system-err>
   </testsuite>
</testsuites>
