<?xml version="1.0" encoding="UTF-8"?>
<testsuites name="ts_newReservation" time="45.151" tests="1" failures="0" errors="0">
   <testsuite name="ts_newReservation" tests="1" failures="0" errors="0" time="45.151" timestamp="2019-11-26 05:39:44" hostname="leonardo-arkusmty - leonardoarkusmty-Inspiron-5577" id="Test Suites/ts_newReservation">
      <properties>
         <property name="deviceName" value=""/>
         <property name="devicePlatform" value=""/>
         <property name="logFolder" value="/home/leonardo-arkusmty/Documents/workspaceKatalon/p4ptest/Reports/20191126_053943/ts_newReservation/20191126_053943"/>
         <property name="logFiles" value="/home/leonardo-arkusmty/Documents/workspaceKatalon/p4ptest/Reports/20191126_053943/ts_newReservation/20191126_053943/execution0.log"/>
         <property name="attachments" value=""/>
         <property name="hostName" value="leonardo-arkusmty - leonardoarkusmty-Inspiron-5577"/>
         <property name="os" value="Linux 64bit"/>
         <property name="katalonVersion" value="7.0.8.1"/>
         <property name="browser" value="Firefox 70.0"/>
         <property name="hostAddress" value="127.0.1.1"/>
         <property name="sessionId" value="17021d26-db81-4704-ac52-3d52a6ae1135"/>
         <property name="seleniumVersion" value="3.141.59"/>
         <property name="proxyInformation" value="ProxyInformation{proxyOption=NO_PROXY, proxyServerType=HTTP, password=, proxyServerAddress=, proxyServerPort=0}"/>
         <property name="platform" value="Linux"/>
      </properties>
      <testcase name="Test Cases/p4p_newReservation2" time="30.165" classname="Test Cases/p4p_newReservation2" status="PASSED">
         <system-out><![CDATA[2019-11-26 05:39:45 - [TEST_CASE][PASSED] - Test Cases/p4p_newReservation2: Test Cases/p4p_newReservation2

2019-11-26 05:39:45 - [TEST_STEP][PASSED] - openBrowser("https://p4p-qa-bg.aws.paradise4paws.com/login/"): Browser is opened with url: 'https://p4p-qa-bg.aws.paradise4paws.com/login/'

2019-11-26 05:39:45 - [MESSAGE][INFO] - Starting 'Firefox' driver

2019-11-26 05:39:45 - [MESSAGE][INFO] - Action delay is set to 0 seconds

2019-11-26 05:39:49 - [MESSAGE][PASSED] - Browser is opened with url: 'https://p4p-qa-bg.aws.paradise4paws.com/login/'

2019-11-26 05:39:49 - [TEST_STEP][PASSED] - setText(findTestObject("object_login/input_user"), var_user): Text 'jegchavez@gmail.com' is set on object 'Object Repository/object_login/input_user'

2019-11-26 05:39:50 - [MESSAGE][PASSED] - Text 'jegchavez@gmail.com' is set on object 'Object Repository/object_login/input_user'

2019-11-26 05:39:50 - [TEST_STEP][PASSED] - setText(findTestObject("object_login/input_pass"), var_pass): Text 'admin1' is set on object 'Object Repository/object_login/input_pass'

2019-11-26 05:39:51 - [MESSAGE][PASSED] - Text 'admin1' is set on object 'Object Repository/object_login/input_pass'

2019-11-26 05:39:51 - [TEST_STEP][PASSED] - delay(2): Delayed 2 second(s)

2019-11-26 05:39:53 - [MESSAGE][PASSED] - Delayed 2 second(s)

2019-11-26 05:39:53 - [TEST_STEP][PASSED] - verifyElementClickable(findTestObject("object_login/btn_login")): Object 'Object Repository/object_login/btn_login' is clickable

2019-11-26 05:39:53 - [MESSAGE][PASSED] - Object 'Object Repository/object_login/btn_login' is clickable

2019-11-26 05:39:53 - [TEST_STEP][PASSED] - click(findTestObject("object_login/btn_login")): Object: 'Object Repository/object_login/btn_login' is clicked on

2019-11-26 05:39:56 - [MESSAGE][PASSED] - Object: 'Object Repository/object_login/btn_login' is clicked on

2019-11-26 05:39:56 - [TEST_STEP][PASSED] - delay(2): Delayed 2 second(s)

2019-11-26 05:39:58 - [MESSAGE][PASSED] - Delayed 2 second(s)

2019-11-26 05:39:58 - [TEST_STEP][PASSED] - navigateToUrl(var_urlReservations): Navigate to 'https://p4p-qa-bg.aws.paradise4paws.com/accounts/profile/#/reservations/97558/' successfully

2019-11-26 05:40:01 - [MESSAGE][PASSED] - Navigate to 'https://p4p-qa-bg.aws.paradise4paws.com/accounts/profile/#/reservations/97558/' successfully

2019-11-26 05:40:01 - [TEST_STEP][PASSED] - delay(2): Delayed 2 second(s)

2019-11-26 05:40:03 - [MESSAGE][PASSED] - Delayed 2 second(s)

2019-11-26 05:40:03 - [TEST_STEP][PASSED] - click(findTestObject("Object Repository/object_profile/a_addReservation")): Object: 'Object Repository/object_profile/a_addReservation' is clicked on

2019-11-26 05:40:04 - [MESSAGE][PASSED] - Object: 'Object Repository/object_profile/a_addReservation' is clicked on

2019-11-26 05:40:04 - [TEST_STEP][PASSED] - click(findTestObject("Object Repository/object_reservations/btn_Boarding")): Object: 'Object Repository/object_reservations/btn_Boarding' is clicked on

2019-11-26 05:40:06 - [MESSAGE][PASSED] - Object: 'Object Repository/object_reservations/btn_Boarding' is clicked on

2019-11-26 05:40:06 - [TEST_STEP][PASSED] - setText(findTestObject("Object Repository/Page_Paradise 4 Paws  Dog Boarding Cat Boar_cfde7f/input_Check-in Date_form-control ng-pristin_499b9d"), "12"): Text '12' is set on object 'Object Repository/Page_Paradise 4 Paws  Dog Boarding Cat Boar_cfde7f/input_Check-in Date_form-control ng-pristin_499b9d'

2019-11-26 05:40:08 - [MESSAGE][PASSED] - Text '12' is set on object 'Object Repository/Page_Paradise 4 Paws  Dog Boarding Cat Boar_cfde7f/input_Check-in Date_form-control ng-pristin_499b9d'

2019-11-26 05:40:08 - [TEST_STEP][PASSED] - click(findTestObject("Object Repository/Page_Paradise 4 Paws  Dog Boarding Cat Boar_cfde7f/input_Check-in Date_form-control ng-pristin_499b9d")): Object: 'Object Repository/Page_Paradise 4 Paws  Dog Boarding Cat Boar_cfde7f/input_Check-in Date_form-control ng-pristin_499b9d' is clicked on

2019-11-26 05:40:09 - [MESSAGE][PASSED] - Object: 'Object Repository/Page_Paradise 4 Paws  Dog Boarding Cat Boar_cfde7f/input_Check-in Date_form-control ng-pristin_499b9d' is clicked on

2019-11-26 05:40:09 - [TEST_STEP][PASSED] - click(findTestObject("Object Repository/Page_Paradise 4 Paws  Dog Boarding Cat Boar_cfde7f/input_Check-in Date_form-control ng-pristin_e9c8b5")): Object: 'Object Repository/Page_Paradise 4 Paws  Dog Boarding Cat Boar_cfde7f/input_Check-in Date_form-control ng-pristin_e9c8b5' is clicked on

2019-11-26 05:40:10 - [MESSAGE][PASSED] - Object: 'Object Repository/Page_Paradise 4 Paws  Dog Boarding Cat Boar_cfde7f/input_Check-in Date_form-control ng-pristin_e9c8b5' is clicked on

2019-11-26 05:40:10 - [TEST_STEP][PASSED] - click(findTestObject("Object Repository/Page_Paradise 4 Paws  Dog Boarding Cat Boar_cfde7f/input_Check-in Date_form-control ng-pristin_e9c8b5")): Object: 'Object Repository/Page_Paradise 4 Paws  Dog Boarding Cat Boar_cfde7f/input_Check-in Date_form-control ng-pristin_e9c8b5' is clicked on

2019-11-26 05:40:11 - [MESSAGE][PASSED] - Object: 'Object Repository/Page_Paradise 4 Paws  Dog Boarding Cat Boar_cfde7f/input_Check-in Date_form-control ng-pristin_e9c8b5' is clicked on

2019-11-26 05:40:11 - [TEST_STEP][PASSED] - delay(4): Delayed 4 second(s)

2019-11-26 05:40:15 - [MESSAGE][PASSED] - Delayed 4 second(s)]]></system-out>
         <system-err><![CDATA[]]></system-err>
      </testcase>
      <system-out><![CDATA[2019-11-26 05:39:44 - [TEST_SUITE][PASSED] - ts_newReservation: Test Cases/p4p_newReservation2]]></system-out>
      <system-err><![CDATA[]]></system-err>
   </testsuite>
</testsuites>
