<?xml version="1.0" encoding="UTF-8"?>
<testsuites name="ts_searchParent" time="22.836" tests="2" failures="0" errors="0">
   <testsuite name="ts_searchParent" tests="2" failures="0" errors="0" time="22.836" timestamp="2019-11-13 12:59:12" hostname="leonardo-arkusmty - leonardoarkusmty-Inspiron-5577" id="Test Suites/ts_searchParent">
      <properties>
         <property name="deviceName" value=""/>
         <property name="devicePlatform" value=""/>
         <property name="logFolder" value="/home/leonardo-arkusmty/Katalon Studio/P4P/Reports/20191113_125910/ts_searchParent/20191113_125910"/>
         <property name="logFiles" value="/home/leonardo-arkusmty/Katalon Studio/P4P/Reports/20191113_125910/ts_searchParent/20191113_125910/execution0.log"/>
         <property name="attachments" value=""/>
         <property name="hostName" value="leonardo-arkusmty - leonardoarkusmty-Inspiron-5577"/>
         <property name="os" value="Linux 64bit"/>
         <property name="katalonVersion" value="7.0.8.1"/>
         <property name="browser" value="Firefox 70.0"/>
         <property name="hostAddress" value="127.0.1.1"/>
         <property name="sessionId" value="4ebc590c-30b1-4fda-9ed6-6312ca0816dc"/>
         <property name="seleniumVersion" value="3.141.59"/>
         <property name="proxyInformation" value="ProxyInformation{proxyOption=NO_PROXY, proxyServerType=HTTP, password=, proxyServerAddress=, proxyServerPort=0}"/>
         <property name="platform" value="Linux"/>
      </properties>
      <testcase name="Test Cases/p4p_login" time="17.066" classname="Test Cases/p4p_login" status="PASSED">
         <system-out><![CDATA[2019-11-13 12:59:12 - [TEST_CASE][PASSED] - Test Cases/p4p_login: Test Cases/p4p_login

2019-11-13 12:59:12 - [TEST_STEP][PASSED] - openBrowser(""): Browser is opened with url: ''

2019-11-13 12:59:12 - [MESSAGE][INFO] - Starting 'Firefox' driver

2019-11-13 12:59:12 - [MESSAGE][INFO] - Action delay is set to 0 seconds

2019-11-13 12:59:15 - [MESSAGE][PASSED] - Browser is opened with url: ''

2019-11-13 12:59:15 - [TEST_STEP][PASSED] - navigateToUrl("https://p4p-qa-bg.aws.paradise4paws.com/login/?next=/"): Navigate to 'https://p4p-qa-bg.aws.paradise4paws.com/login/?next=/' successfully

2019-11-13 12:59:17 - [MESSAGE][PASSED] - Navigate to 'https://p4p-qa-bg.aws.paradise4paws.com/login/?next=/' successfully

2019-11-13 12:59:17 - [TEST_STEP][PASSED] - setText(findTestObject("object_login/input_emailuser"), "jegchavez@gmail.com"): Text 'jegchavez@gmail.com' is set on object 'Object Repository/object_login/input_emailuser'

2019-11-13 12:59:18 - [MESSAGE][PASSED] - Text 'jegchavez@gmail.com' is set on object 'Object Repository/object_login/input_emailuser'

2019-11-13 12:59:18 - [TEST_STEP][PASSED] - setEncryptedText(findTestObject("object_login/input_passworduser"), "vRRrCeg9Qho="): Text ****** has been set on object 'Object Repository/object_login/input_passworduser'

2019-11-13 12:59:18 - [MESSAGE][PASSED] - Text ****** has been set on object 'Object Repository/object_login/input_passworduser'

2019-11-13 12:59:18 - [TEST_STEP][PASSED] - delay(3): Delayed 3 second(s)

2019-11-13 12:59:21 - [MESSAGE][PASSED] - Delayed 3 second(s)

2019-11-13 12:59:21 - [TEST_STEP][PASSED] - verifyElementClickable(findTestObject("object_login/btn_login")): Object 'Object Repository/object_login/btn_login' is clickable

2019-11-13 12:59:22 - [MESSAGE][PASSED] - Object 'Object Repository/object_login/btn_login' is clickable

2019-11-13 12:59:22 - [TEST_STEP][PASSED] - click(findTestObject("object_login/btn_login")): Object: 'Object Repository/object_login/btn_login' is clicked on

2019-11-13 12:59:26 - [MESSAGE][PASSED] - Object: 'Object Repository/object_login/btn_login' is clicked on

2019-11-13 12:59:26 - [TEST_STEP][PASSED] - delay(3): Delayed 3 second(s)

2019-11-13 12:59:29 - [MESSAGE][PASSED] - Delayed 3 second(s)]]></system-out>
         <system-err><![CDATA[]]></system-err>
      </testcase>
      <testcase name="Test Cases/p4p_searchProfile" time="1.723" classname="Test Cases/p4p_searchProfile" status="PASSED">
         <system-out><![CDATA[2019-11-13 12:59:29 - [TEST_CASE][PASSED] - Test Cases/p4p_searchProfile: Test Cases/p4p_searchProfile

2019-11-13 12:59:29 - [TEST_STEP][PASSED] - setText(findTestObject("object_dashboard_emp/input_search"), "test"): Text 'test' is set on object 'Object Repository/object_dashboard_emp/input_search'

2019-11-13 12:59:29 - [MESSAGE][PASSED] - Text 'test' is set on object 'Object Repository/object_dashboard_emp/input_search'

2019-11-13 12:59:29 - [TEST_STEP][PASSED] - click(findTestObject("object_dashboard_emp/btn_accountSearch")): Object: 'Object Repository/object_dashboard_emp/btn_accountSearch' is clicked on

2019-11-13 12:59:31 - [MESSAGE][PASSED] - Object: 'Object Repository/object_dashboard_emp/btn_accountSearch' is clicked on]]></system-out>
         <system-err><![CDATA[]]></system-err>
      </testcase>
      <system-out><![CDATA[2019-11-13 12:59:12 - [TEST_SUITE][PASSED] - ts_searchParent: Test Cases/p4p_searchProfile]]></system-out>
      <system-err><![CDATA[]]></system-err>
   </testsuite>
</testsuites>
