<?xml version="1.0" encoding="UTF-8"?>
<testsuites name="ts_payment" time="35.895" tests="1" failures="0" errors="0">
   <testsuite name="ts_payment" tests="1" failures="0" errors="0" time="35.895" timestamp="2019-11-27 06:51:30" hostname="leonardo-arkusmty - leonardoarkusmty-Inspiron-5577" id="Test Suites/ts_payment">
      <properties>
         <property name="deviceName" value=""/>
         <property name="devicePlatform" value=""/>
         <property name="logFolder" value="/home/leonardo-arkusmty/Documents/workspaceKatalon/p4ptest/Reports/20191127_065128/ts_payment/20191127_065128"/>
         <property name="logFiles" value="/home/leonardo-arkusmty/Documents/workspaceKatalon/p4ptest/Reports/20191127_065128/ts_payment/20191127_065128/execution0.log"/>
         <property name="attachments" value=""/>
         <property name="hostName" value="leonardo-arkusmty - leonardoarkusmty-Inspiron-5577"/>
         <property name="os" value="Linux 64bit"/>
         <property name="katalonVersion" value="7.0.8.1"/>
         <property name="browser" value="Firefox 70.0"/>
         <property name="hostAddress" value="127.0.1.1"/>
         <property name="sessionId" value="366fe008-f715-4d97-ac69-2b3ebf13fd4f"/>
         <property name="seleniumVersion" value="3.141.59"/>
         <property name="proxyInformation" value="ProxyInformation{proxyOption=NO_PROXY, proxyServerType=HTTP, password=, proxyServerAddress=, proxyServerPort=0}"/>
         <property name="platform" value="Linux"/>
      </properties>
      <testcase name="Test Cases/p4p_payment" time="32.932" classname="Test Cases/p4p_payment" status="PASSED">
         <system-out><![CDATA[2019-11-27 06:51:30 - [TEST_CASE][PASSED] - Test Cases/p4p_payment: Test Cases/p4p_payment

2019-11-27 06:51:30 - [TEST_STEP][PASSED] - openBrowser(""): Browser is opened with url: ''

2019-11-27 06:51:30 - [MESSAGE][INFO] - Starting 'Firefox' driver

2019-11-27 06:51:30 - [MESSAGE][INFO] - Action delay is set to 0 seconds

2019-11-27 06:51:33 - [MESSAGE][PASSED] - Browser is opened with url: ''

2019-11-27 06:51:33 - [TEST_STEP][PASSED] - navigateToUrl("https://p4p-qa-bg.aws.paradise4paws.com/login/"): Navigate to 'https://p4p-qa-bg.aws.paradise4paws.com/login/' successfully

2019-11-27 06:51:34 - [MESSAGE][PASSED] - Navigate to 'https://p4p-qa-bg.aws.paradise4paws.com/login/' successfully

2019-11-27 06:51:34 - [TEST_STEP][PASSED] - setText(findTestObject("object_login/input_user"), var_user): Text 'jegchavez@gmail.com' is set on object 'Object Repository/object_login/input_user'

2019-11-27 06:51:35 - [MESSAGE][PASSED] - Text 'jegchavez@gmail.com' is set on object 'Object Repository/object_login/input_user'

2019-11-27 06:51:35 - [TEST_STEP][PASSED] - setText(findTestObject("object_login/input_pass"), var_pass): Text 'admin1' is set on object 'Object Repository/object_login/input_pass'

2019-11-27 06:51:35 - [MESSAGE][PASSED] - Text 'admin1' is set on object 'Object Repository/object_login/input_pass'

2019-11-27 06:51:35 - [TEST_STEP][PASSED] - click(findTestObject("object_login/btn_login")): Object: 'Object Repository/object_login/btn_login' is clicked on

2019-11-27 06:51:39 - [MESSAGE][PASSED] - Object: 'Object Repository/object_login/btn_login' is clicked on

2019-11-27 06:51:39 - [TEST_STEP][PASSED] - delay(3): Delayed 3 second(s)

2019-11-27 06:51:42 - [MESSAGE][PASSED] - Delayed 3 second(s)

2019-11-27 06:51:42 - [TEST_STEP][PASSED] - navigateToUrl(var_urlInvoce): Navigate to 'https://p4p-qa-bg.aws.paradise4paws.com/accounts/profile/#/invoice/97558/1794650/' successfully

2019-11-27 06:51:46 - [MESSAGE][PASSED] - Navigate to 'https://p4p-qa-bg.aws.paradise4paws.com/accounts/profile/#/invoice/97558/1794650/' successfully

2019-11-27 06:51:46 - [TEST_STEP][PASSED] - delay(6): Delayed 6 second(s)

2019-11-27 06:51:52 - [MESSAGE][PASSED] - Delayed 6 second(s)

2019-11-27 06:51:52 - [TEST_STEP][NOT_RUN] - click(findTestObject("object_invoce/a_btnPay")): NOT_RUN: click(findTestObject("object_invoce/a_btnPay"))

2019-11-27 06:51:52 - [MESSAGE][NOT_RUN] - NOT_RUN: click(findTestObject("object_invoce/a_btnPay"))

2019-11-27 06:51:52 - [TEST_STEP][PASSED] - navigateToUrl(var_urlPay): Navigate to 'https://p4p-qa-bg.aws.paradise4paws.com/payment/1794650/?backUrl=/accounts/profile/#/invoice/97558/1794650/' successfully

2019-11-27 06:51:52 - [MESSAGE][PASSED] - Navigate to 'https://p4p-qa-bg.aws.paradise4paws.com/payment/1794650/?backUrl=/accounts/profile/#/invoice/97558/1794650/' successfully

2019-11-27 06:51:52 - [TEST_STEP][PASSED] - log = new com.kms.katalon.core.logging.KeywordLogger(): null

2019-11-27 06:51:52 - [TEST_STEP][PASSED] - log.logInfo("TEST"): TEST

2019-11-27 06:51:52 - [MESSAGE][INFO] - TEST

2019-11-27 06:51:52 - [TEST_STEP][PASSED] - log.logInfo(var_method): BY CHECK

2019-11-27 06:51:52 - [MESSAGE][INFO] - BY CHECK

2019-11-27 06:51:52 - [TEST_STEP][PASSED] - if (var_method == "BY CHECK"): Object: 'Object Repository/object_payment/input_byCash' is clicked on

2019-11-27 06:51:52 - [TEST_STEP][PASSED] - click(findTestObject("object_payment/input_byCash")): Object: 'Object Repository/object_payment/input_byCash' is clicked on

2019-11-27 06:51:54 - [MESSAGE][PASSED] - Object: 'Object Repository/object_payment/input_byCash' is clicked on

2019-11-27 06:51:54 - [TEST_STEP][PASSED] - click(findTestObject("object_payment/btn_makeAPayment")): Object: 'Object Repository/object_payment/btn_makeAPayment' is clicked on

2019-11-27 06:51:55 - [MESSAGE][PASSED] - Object: 'Object Repository/object_payment/btn_makeAPayment' is clicked on

2019-11-27 06:51:55 - [TEST_STEP][PASSED] - delay(8): Delayed 8 second(s)

2019-11-27 06:52:03 - [MESSAGE][PASSED] - Delayed 8 second(s)]]></system-out>
         <system-err><![CDATA[]]></system-err>
      </testcase>
      <system-out><![CDATA[2019-11-27 06:51:30 - [TEST_SUITE][PASSED] - ts_payment: Test Cases/p4p_payment]]></system-out>
      <system-err><![CDATA[]]></system-err>
   </testsuite>
</testsuites>
