<?xml version="1.0" encoding="UTF-8"?>
<testsuites name="ts_newReservation" time="55.398" tests="1" failures="0" errors="0">
   <testsuite name="ts_newReservation" tests="1" failures="0" errors="0" time="55.398" timestamp="2019-11-27 10:02:44" hostname="leonardo-arkusmty - leonardoarkusmty-Inspiron-5577" id="Test Suites/ts_newReservation">
      <properties>
         <property name="deviceName" value=""/>
         <property name="devicePlatform" value=""/>
         <property name="logFolder" value="/home/leonardo-arkusmty/Documents/workspaceKatalon/p4ptest/Reports/20191127_100243/ts_newReservation/20191127_100243"/>
         <property name="logFiles" value="/home/leonardo-arkusmty/Documents/workspaceKatalon/p4ptest/Reports/20191127_100243/ts_newReservation/20191127_100243/execution0.log"/>
         <property name="attachments" value=""/>
         <property name="hostName" value="leonardo-arkusmty - leonardoarkusmty-Inspiron-5577"/>
         <property name="os" value="Linux 64bit"/>
         <property name="katalonVersion" value="7.0.8.1"/>
         <property name="browser" value="Firefox 70.0"/>
         <property name="hostAddress" value="127.0.1.1"/>
         <property name="sessionId" value="9e694745-6b2f-43a6-b302-945d9444a3ae"/>
         <property name="seleniumVersion" value="3.141.59"/>
         <property name="proxyInformation" value="ProxyInformation{proxyOption=NO_PROXY, proxyServerType=HTTP, password=, proxyServerAddress=, proxyServerPort=0}"/>
         <property name="platform" value="Linux"/>
      </properties>
      <testcase name="Test Cases/p4p_newReservation" time="54.591" classname="Test Cases/p4p_newReservation" status="PASSED">
         <system-out><![CDATA[2019-11-27 10:02:45 - [TEST_CASE][PASSED] - Test Cases/p4p_newReservation: Test Cases/p4p_newReservation

2019-11-27 10:02:45 - [TEST_STEP][PASSED] - openBrowser("https://p4p-qa-bg.aws.paradise4paws.com/login/"): Browser is opened with url: 'https://p4p-qa-bg.aws.paradise4paws.com/login/'

2019-11-27 10:02:45 - [MESSAGE][INFO] - Starting 'Firefox' driver

2019-11-27 10:02:45 - [MESSAGE][INFO] - Action delay is set to 0 seconds

2019-11-27 10:02:49 - [MESSAGE][PASSED] - Browser is opened with url: 'https://p4p-qa-bg.aws.paradise4paws.com/login/'

2019-11-27 10:02:49 - [TEST_STEP][PASSED] - setText(findTestObject("object_login/input_user"), var_user): Text 'jegchavez@gmail.com' is set on object 'Object Repository/object_login/input_user'

2019-11-27 10:02:50 - [MESSAGE][PASSED] - Text 'jegchavez@gmail.com' is set on object 'Object Repository/object_login/input_user'

2019-11-27 10:02:50 - [TEST_STEP][PASSED] - setText(findTestObject("object_login/input_pass"), var_pass): Text 'admin1' is set on object 'Object Repository/object_login/input_pass'

2019-11-27 10:02:50 - [MESSAGE][PASSED] - Text 'admin1' is set on object 'Object Repository/object_login/input_pass'

2019-11-27 10:02:50 - [TEST_STEP][PASSED] - delay(2): Delayed 2 second(s)

2019-11-27 10:02:52 - [MESSAGE][PASSED] - Delayed 2 second(s)

2019-11-27 10:02:52 - [TEST_STEP][PASSED] - verifyElementClickable(findTestObject("object_login/btn_login")): Object 'Object Repository/object_login/btn_login' is clickable

2019-11-27 10:02:52 - [MESSAGE][PASSED] - Object 'Object Repository/object_login/btn_login' is clickable

2019-11-27 10:02:52 - [TEST_STEP][PASSED] - click(findTestObject("object_login/btn_login")): Object: 'Object Repository/object_login/btn_login' is clicked on

2019-11-27 10:02:56 - [MESSAGE][PASSED] - Object: 'Object Repository/object_login/btn_login' is clicked on

2019-11-27 10:02:56 - [TEST_STEP][PASSED] - delay(2): Delayed 2 second(s)

2019-11-27 10:02:58 - [MESSAGE][PASSED] - Delayed 2 second(s)

2019-11-27 10:02:58 - [TEST_STEP][PASSED] - navigateToUrl(var_urlReservations): Navigate to 'https://p4p-qa-bg.aws.paradise4paws.com/accounts/profile/#/reservations/97558/' successfully

2019-11-27 10:03:01 - [MESSAGE][PASSED] - Navigate to 'https://p4p-qa-bg.aws.paradise4paws.com/accounts/profile/#/reservations/97558/' successfully

2019-11-27 10:03:01 - [TEST_STEP][PASSED] - delay(2): Delayed 2 second(s)

2019-11-27 10:03:03 - [MESSAGE][PASSED] - Delayed 2 second(s)

2019-11-27 10:03:03 - [TEST_STEP][PASSED] - click(findTestObject("object_profile/a_addReservation")): Object: 'Object Repository/object_profile/a_addReservation' is clicked on

2019-11-27 10:03:04 - [MESSAGE][PASSED] - Object: 'Object Repository/object_profile/a_addReservation' is clicked on

2019-11-27 10:03:04 - [TEST_STEP][PASSED] - click(findTestObject("object_reservations/btn_Boarding")): Object: 'Object Repository/object_reservations/btn_Boarding' is clicked on

2019-11-27 10:03:06 - [MESSAGE][PASSED] - Object: 'Object Repository/object_reservations/btn_Boarding' is clicked on

2019-11-27 10:03:06 - [TEST_STEP][PASSED] - delay(3): Delayed 3 second(s)

2019-11-27 10:03:09 - [MESSAGE][PASSED] - Delayed 3 second(s)

2019-11-27 10:03:09 - [TEST_STEP][PASSED] - setText(findTestObject("object_reservations/input_Check-in Date_valid-date ng-not-empty"), "Thu, Nov 28, 2019"): Text 'Thu, Nov 28, 2019' is set on object 'Object Repository/object_reservations/input_Check-in Date_valid-date ng-not-empty'

2019-11-27 10:03:09 - [MESSAGE][PASSED] - Text 'Thu, Nov 28, 2019' is set on object 'Object Repository/object_reservations/input_Check-in Date_valid-date ng-not-empty'

2019-11-27 10:03:09 - [TEST_STEP][PASSED] - setText(findTestObject("object_reservations/input_Check-out Date_valid-date ng-not-empty"), "Fri, Nov 29, 2019"): Text 'Fri, Nov 29, 2019' is set on object 'Object Repository/object_reservations/input_Check-out Date_valid-date ng-not-empty'

2019-11-27 10:03:10 - [MESSAGE][PASSED] - Text 'Fri, Nov 29, 2019' is set on object 'Object Repository/object_reservations/input_Check-out Date_valid-date ng-not-empty'

2019-11-27 10:03:10 - [TEST_STEP][PASSED] - setText(findTestObject("object_reservations/input_Check-in Date_timepicker-input ng-not-empty ng-valid ng-valid-required ng-touched"), "07:00 AM"): Text '07:00 AM' is set on object 'Object Repository/object_reservations/input_Check-in Date_timepicker-input ng-not-empty ng-valid ng-valid-required ng-touched'

2019-11-27 10:03:12 - [MESSAGE][PASSED] - Text '07:00 AM' is set on object 'Object Repository/object_reservations/input_Check-in Date_timepicker-input ng-not-empty ng-valid ng-valid-required ng-touched'

2019-11-27 10:03:12 - [TEST_STEP][PASSED] - setText(findTestObject("object_reservations/input_Check-out Date_timepicker-input ng-empty ng-invalid ng-invalid-required"), "01:30 PM"): Text '01:30 PM' is set on object 'Object Repository/object_reservations/input_Check-out Date_timepicker-input ng-empty ng-invalid ng-invalid-required'

2019-11-27 10:03:13 - [MESSAGE][PASSED] - Text '01:30 PM' is set on object 'Object Repository/object_reservations/input_Check-out Date_timepicker-input ng-empty ng-invalid ng-invalid-required'

2019-11-27 10:03:13 - [TEST_STEP][PASSED] - delay(2): Delayed 2 second(s)

2019-11-27 10:03:15 - [MESSAGE][PASSED] - Delayed 2 second(s)

2019-11-27 10:03:15 - [TEST_STEP][NOT_RUN] - click(findTestObject("object_reservations/input_Check-in Date_form-control ng-pristin_499b9d")): NOT_RUN: click(findTestObject("object_reservations/input_Check-in Date_form-control ng-pristin_499b9d"))

2019-11-27 10:03:15 - [MESSAGE][NOT_RUN] - NOT_RUN: click(findTestObject("object_reservations/input_Check-in Date_form-control ng-pristin_499b9d"))

2019-11-27 10:03:15 - [TEST_STEP][NOT_RUN] - click(findTestObject("object_reservations/span_27")): NOT_RUN: click(findTestObject("object_reservations/span_27"))

2019-11-27 10:03:15 - [MESSAGE][NOT_RUN] - NOT_RUN: click(findTestObject("object_reservations/span_27"))

2019-11-27 10:03:15 - [TEST_STEP][NOT_RUN] - click(findTestObject("object_reservations/input_Check-in Date_form-control ng-pristin_499b9d")): NOT_RUN: click(findTestObject("object_reservations/input_Check-in Date_form-control ng-pristin_499b9d"))

2019-11-27 10:03:15 - [MESSAGE][NOT_RUN] - NOT_RUN: click(findTestObject("object_reservations/input_Check-in Date_form-control ng-pristin_499b9d"))

2019-11-27 10:03:15 - [TEST_STEP][NOT_RUN] - click(findTestObject("object_reservations/span_28")): NOT_RUN: click(findTestObject("object_reservations/span_28"))

2019-11-27 10:03:15 - [MESSAGE][NOT_RUN] - NOT_RUN: click(findTestObject("object_reservations/span_28"))

2019-11-27 10:03:15 - [TEST_STEP][NOT_RUN] - click(findTestObject("object_reservations/input_Check-in Date_form-control ng-pristin_e9c8b5")): NOT_RUN: click(findTestObject("object_reservations/input_Check-in Date_form-control ng-pristin_e9c8b5"))

2019-11-27 10:03:15 - [MESSAGE][NOT_RUN] - NOT_RUN: click(findTestObject("object_reservations/input_Check-in Date_form-control ng-pristin_e9c8b5"))

2019-11-27 10:03:15 - [TEST_STEP][NOT_RUN] - click(findTestObject("object_reservations/li_0630 AM")): NOT_RUN: click(findTestObject("object_reservations/li_0630 AM"))

2019-11-27 10:03:15 - [MESSAGE][NOT_RUN] - NOT_RUN: click(findTestObject("object_reservations/li_0630 AM"))

2019-11-27 10:03:15 - [TEST_STEP][NOT_RUN] - click(findTestObject("object_reservations/input_Check-in Date_form-control ng-pristin_e9c8b5")): NOT_RUN: click(findTestObject("object_reservations/input_Check-in Date_form-control ng-pristin_e9c8b5"))

2019-11-27 10:03:15 - [MESSAGE][NOT_RUN] - NOT_RUN: click(findTestObject("object_reservations/input_Check-in Date_form-control ng-pristin_e9c8b5"))

2019-11-27 10:03:15 - [TEST_STEP][NOT_RUN] - click(findTestObject("object_reservations/li_0100 PM")): NOT_RUN: click(findTestObject("object_reservations/li_0100 PM"))

2019-11-27 10:03:15 - [MESSAGE][NOT_RUN] - NOT_RUN: click(findTestObject("object_reservations/li_0100 PM"))

2019-11-27 10:03:15 - [TEST_STEP][PASSED] - click(findTestObject("object_reservations/i_test")): Object: 'Object Repository/object_reservations/i_test' is clicked on

2019-11-27 10:03:18 - [MESSAGE][PASSED] - Object: 'Object Repository/object_reservations/i_test' is clicked on

2019-11-27 10:03:18 - [TEST_STEP][PASSED] - click(findTestObject("object_reservations/i_Day_fa fa-circle-o ng-scope")): Object: 'Object Repository/object_reservations/i_Day_fa fa-circle-o ng-scope' is clicked on

2019-11-27 10:03:22 - [MESSAGE][PASSED] - Object: 'Object Repository/object_reservations/i_Day_fa fa-circle-o ng-scope' is clicked on

2019-11-27 10:03:22 - [TEST_STEP][PASSED] - click(findTestObject("object_reservations/button_Next")): Object: 'Object Repository/object_reservations/button_Next' is clicked on

2019-11-27 10:03:25 - [MESSAGE][PASSED] - Object: 'Object Repository/object_reservations/button_Next' is clicked on

2019-11-27 10:03:25 - [TEST_STEP][PASSED] - delay(4): Delayed 4 second(s)

2019-11-27 10:03:29 - [MESSAGE][PASSED] - Delayed 4 second(s)

2019-11-27 10:03:29 - [TEST_STEP][PASSED] - click(findTestObject("object_reservations/button_Next")): Object: 'Object Repository/object_reservations/button_Next' is clicked on

2019-11-27 10:03:29 - [MESSAGE][PASSED] - Object: 'Object Repository/object_reservations/button_Next' is clicked on

2019-11-27 10:03:29 - [TEST_STEP][PASSED] - click(findTestObject("object_reservations/button_Submit Reservation")): Object: 'Object Repository/object_reservations/button_Submit Reservation' is clicked on

2019-11-27 10:03:33 - [MESSAGE][PASSED] - Object: 'Object Repository/object_reservations/button_Submit Reservation' is clicked on

2019-11-27 10:03:33 - [TEST_STEP][PASSED] - click(findTestObject("object_reservations/button_Return To Reservation")): Object: 'Object Repository/object_reservations/button_Return To Reservation' is clicked on

2019-11-27 10:03:39 - [MESSAGE][PASSED] - Object: 'Object Repository/object_reservations/button_Return To Reservation' is clicked on]]></system-out>
         <system-err><![CDATA[]]></system-err>
      </testcase>
      <system-out><![CDATA[2019-11-27 10:02:44 - [TEST_SUITE][PASSED] - ts_newReservation: Test Cases/p4p_newReservation]]></system-out>
      <system-err><![CDATA[]]></system-err>
   </testsuite>
</testsuites>
