<?xml version="1.0" encoding="UTF-8"?>
<testsuites name="ts_urlProfile" time="20.053" tests="2" failures="0" errors="0">
   <testsuite name="ts_urlProfile" tests="2" failures="0" errors="0" time="20.053" timestamp="2019-11-19 04:05:57" hostname="leonardo-arkusmty - leonardoarkusmty-Inspiron-5577" id="Test Suites/ts_urlProfile">
      <properties>
         <property name="deviceName" value=""/>
         <property name="devicePlatform" value=""/>
         <property name="logFolder" value="/home/leonardo-arkusmty/Documents/workspaceKatalon/p4ptest/Reports/20191119_040556/ts_urlProfile/20191119_040556"/>
         <property name="logFiles" value="/home/leonardo-arkusmty/Documents/workspaceKatalon/p4ptest/Reports/20191119_040556/ts_urlProfile/20191119_040556/execution0.log"/>
         <property name="attachments" value=""/>
         <property name="hostName" value="leonardo-arkusmty - leonardoarkusmty-Inspiron-5577"/>
         <property name="os" value="Linux 64bit"/>
         <property name="katalonVersion" value="7.0.8.1"/>
         <property name="browser" value="Firefox 70.0"/>
         <property name="hostAddress" value="127.0.1.1"/>
         <property name="sessionId" value="79cb0c30-3d3b-4eda-83b6-ac865f8fe340"/>
         <property name="seleniumVersion" value="3.141.59"/>
         <property name="proxyInformation" value="ProxyInformation{proxyOption=NO_PROXY, proxyServerType=HTTP, password=, proxyServerAddress=, proxyServerPort=0}"/>
         <property name="platform" value="Linux"/>
      </properties>
      <testcase name="Test Cases/p4p_login" time="11.668" classname="Test Cases/p4p_login" status="PASSED">
         <system-out><![CDATA[2019-11-19 04:05:58 - [TEST_CASE][PASSED] - Test Cases/p4p_login: Test Cases/p4p_login

2019-11-19 04:05:58 - [TEST_STEP][PASSED] - openBrowser(""): Browser is opened with url: ''

2019-11-19 04:05:58 - [MESSAGE][INFO] - Starting 'Firefox' driver

2019-11-19 04:05:58 - [MESSAGE][INFO] - Action delay is set to 0 seconds

2019-11-19 04:06:00 - [MESSAGE][PASSED] - Browser is opened with url: ''

2019-11-19 04:06:00 - [TEST_STEP][PASSED] - navigateToUrl("https://p4p-qa-bg.aws.paradise4paws.com/login/?next=/"): Navigate to 'https://p4p-qa-bg.aws.paradise4paws.com/login/?next=/' successfully

2019-11-19 04:06:02 - [MESSAGE][PASSED] - Navigate to 'https://p4p-qa-bg.aws.paradise4paws.com/login/?next=/' successfully

2019-11-19 04:06:02 - [TEST_STEP][PASSED] - setText(findTestObject("object_login/input_emailuser"), "jegchavez@gmail.com"): Text 'jegchavez@gmail.com' is set on object 'Object Repository/object_login/input_emailuser'

2019-11-19 04:06:03 - [MESSAGE][PASSED] - Text 'jegchavez@gmail.com' is set on object 'Object Repository/object_login/input_emailuser'

2019-11-19 04:06:03 - [TEST_STEP][PASSED] - setEncryptedText(findTestObject("object_login/input_passworduser"), "vRRrCeg9Qho="): Text ****** has been set on object 'Object Repository/object_login/input_passworduser'

2019-11-19 04:06:03 - [MESSAGE][PASSED] - Text ****** has been set on object 'Object Repository/object_login/input_passworduser'

2019-11-19 04:06:03 - [TEST_STEP][PASSED] - delay(3): Delayed 3 second(s)

2019-11-19 04:06:06 - [MESSAGE][PASSED] - Delayed 3 second(s)

2019-11-19 04:06:06 - [TEST_STEP][PASSED] - verifyElementClickable(findTestObject("object_login/btn_login")): Object 'Object Repository/object_login/btn_login' is clickable

2019-11-19 04:06:06 - [MESSAGE][PASSED] - Object 'Object Repository/object_login/btn_login' is clickable

2019-11-19 04:06:06 - [TEST_STEP][PASSED] - click(findTestObject("object_login/btn_login")): Object: 'Object Repository/object_login/btn_login' is clicked on

2019-11-19 04:06:09 - [MESSAGE][PASSED] - Object: 'Object Repository/object_login/btn_login' is clicked on]]></system-out>
         <system-err><![CDATA[]]></system-err>
      </testcase>
      <testcase name="Test Cases/p4p_urlProfile" time="4.473" classname="Test Cases/p4p_urlProfile" status="PASSED">
         <system-out><![CDATA[2019-11-19 04:06:09 - [TEST_CASE][PASSED] - Test Cases/p4p_urlProfile: Test Cases/p4p_urlProfile

2019-11-19 04:06:09 - [TEST_STEP][PASSED] - navigateToUrl("https://p4p-qa-bg.aws.paradise4paws.com/accounts/profile/#/parents/97779/"): Navigate to 'https://p4p-qa-bg.aws.paradise4paws.com/accounts/profile/#/parents/97779/' successfully

2019-11-19 04:06:14 - [MESSAGE][PASSED] - Navigate to 'https://p4p-qa-bg.aws.paradise4paws.com/accounts/profile/#/parents/97779/' successfully]]></system-out>
         <system-err><![CDATA[]]></system-err>
      </testcase>
      <system-out><![CDATA[2019-11-19 04:05:57 - [TEST_SUITE][PASSED] - ts_urlProfile: Test Cases/p4p_urlProfile]]></system-out>
      <system-err><![CDATA[]]></system-err>
   </testsuite>
</testsuites>
