<?xml version="1.0" encoding="UTF-8"?>
<testsuites name="ts_cancelReservation" time="30.399" tests="1" failures="0" errors="0">
   <testsuite name="ts_cancelReservation" tests="1" failures="0" errors="0" time="30.399" timestamp="2019-11-25 13:28:43" hostname="leonardo-arkusmty - leonardoarkusmty-Inspiron-5577" id="Test Suites/ts_cancelReservation">
      <properties>
         <property name="deviceName" value=""/>
         <property name="devicePlatform" value=""/>
         <property name="logFolder" value="/home/leonardo-arkusmty/Documents/workspaceKatalon/p4ptest/Reports/20191125_132842/ts_cancelReservation/20191125_132842"/>
         <property name="logFiles" value="/home/leonardo-arkusmty/Documents/workspaceKatalon/p4ptest/Reports/20191125_132842/ts_cancelReservation/20191125_132842/execution0.log"/>
         <property name="attachments" value=""/>
         <property name="hostName" value="leonardo-arkusmty - leonardoarkusmty-Inspiron-5577"/>
         <property name="os" value="Linux 64bit"/>
         <property name="katalonVersion" value="7.0.8.1"/>
         <property name="browser" value="Firefox 70.0"/>
         <property name="hostAddress" value="127.0.1.1"/>
         <property name="sessionId" value="6175e620-7b9c-4e52-8100-32a31f4b808c"/>
         <property name="seleniumVersion" value="3.141.59"/>
         <property name="proxyInformation" value="ProxyInformation{proxyOption=NO_PROXY, proxyServerType=HTTP, password=, proxyServerAddress=, proxyServerPort=0}"/>
         <property name="platform" value="Linux"/>
      </properties>
      <testcase name="Test Cases/p4p_cancelReserBtn" time="26.116" classname="Test Cases/p4p_cancelReserBtn" status="PASSED">
         <system-out><![CDATA[2019-11-25 13:28:43 - [TEST_CASE][PASSED] - Test Cases/p4p_cancelReserBtn: Test Cases/p4p_cancelReserBtn

2019-11-25 13:28:44 - [TEST_STEP][PASSED] - openBrowser("https://p4p-qa-bg.aws.paradise4paws.com/login/"): Browser is opened with url: 'https://p4p-qa-bg.aws.paradise4paws.com/login/'

2019-11-25 13:28:44 - [MESSAGE][INFO] - Starting 'Firefox' driver

2019-11-25 13:28:44 - [MESSAGE][INFO] - Action delay is set to 0 seconds

2019-11-25 13:28:49 - [MESSAGE][PASSED] - Browser is opened with url: 'https://p4p-qa-bg.aws.paradise4paws.com/login/'

2019-11-25 13:28:49 - [TEST_STEP][PASSED] - setText(findTestObject("object_login/input_user"), var_user): Text 'jegchavez@gmail.com' is set on object 'Object Repository/object_login/input_user'

2019-11-25 13:28:50 - [MESSAGE][PASSED] - Text 'jegchavez@gmail.com' is set on object 'Object Repository/object_login/input_user'

2019-11-25 13:28:50 - [TEST_STEP][PASSED] - setText(findTestObject("object_login/input_pass"), var_pass): Text 'admin1' is set on object 'Object Repository/object_login/input_pass'

2019-11-25 13:28:50 - [MESSAGE][PASSED] - Text 'admin1' is set on object 'Object Repository/object_login/input_pass'

2019-11-25 13:28:50 - [TEST_STEP][PASSED] - delay(2): Delayed 2 second(s)

2019-11-25 13:28:52 - [MESSAGE][PASSED] - Delayed 2 second(s)

2019-11-25 13:28:52 - [TEST_STEP][PASSED] - verifyElementClickable(findTestObject("object_login/btn_login")): Object 'Object Repository/object_login/btn_login' is clickable

2019-11-25 13:28:52 - [MESSAGE][PASSED] - Object 'Object Repository/object_login/btn_login' is clickable

2019-11-25 13:28:52 - [TEST_STEP][PASSED] - click(findTestObject("object_login/btn_login")): Object: 'Object Repository/object_login/btn_login' is clicked on

2019-11-25 13:28:56 - [MESSAGE][PASSED] - Object: 'Object Repository/object_login/btn_login' is clicked on

2019-11-25 13:28:56 - [TEST_STEP][PASSED] - delay(3): Delayed 3 second(s)

2019-11-25 13:28:59 - [MESSAGE][PASSED] - Delayed 3 second(s)

2019-11-25 13:28:59 - [TEST_STEP][PASSED] - navigateToUrl(var_urlReservation): Navigate to 'https://p4p-qa-bg.aws.paradise4paws.com/frontdesk/reservation/1702008/?parent_id=97558&type=DOG' successfully

2019-11-25 13:29:01 - [MESSAGE][PASSED] - Navigate to 'https://p4p-qa-bg.aws.paradise4paws.com/frontdesk/reservation/1702008/?parent_id=97558&type=DOG' successfully

2019-11-25 13:29:01 - [TEST_STEP][PASSED] - delay(6): Delayed 6 second(s)

2019-11-25 13:29:07 - [MESSAGE][PASSED] - Delayed 6 second(s)

2019-11-25 13:29:07 - [TEST_STEP][PASSED] - click(findTestObject("object_intoReservation/tab_editReservation")): Object: 'Object Repository/object_intoReservation/tab_editReservation' is clicked on

2019-11-25 13:29:09 - [MESSAGE][PASSED] - Object: 'Object Repository/object_intoReservation/tab_editReservation' is clicked on]]></system-out>
         <system-err><![CDATA[]]></system-err>
      </testcase>
      <system-out><![CDATA[2019-11-25 13:28:43 - [TEST_SUITE][PASSED] - ts_cancelReservation: Test Cases/p4p_cancelReserBtn]]></system-out>
      <system-err><![CDATA[]]></system-err>
   </testsuite>
</testsuites>
