<?xml version="1.0" encoding="UTF-8"?>
<testsuites name="ts_newReservationBoarding" time="264.245" tests="3" failures="0" errors="0">
   <testsuite name="ts_newReservationBoarding" tests="3" failures="0" errors="0" time="264.245" timestamp="2019-12-12 10:24:29" hostname="leonardo-arkusmty - leonardoarkusmty-Inspiron-5577" id="Test Suites/ts_newReservationBoarding">
      <properties>
         <property name="deviceName" value=""/>
         <property name="devicePlatform" value=""/>
         <property name="logFolder" value="/home/leonardo-arkusmty/Documents/workspaceKatalon/p4ptest/Reports/20191212_102427/ts_newReservationBoarding/20191212_102427"/>
         <property name="logFiles" value="/home/leonardo-arkusmty/Documents/workspaceKatalon/p4ptest/Reports/20191212_102427/ts_newReservationBoarding/20191212_102427/execution0.log"/>
         <property name="attachments" value=""/>
         <property name="hostName" value="leonardo-arkusmty - leonardoarkusmty-Inspiron-5577"/>
         <property name="os" value="Linux 64bit"/>
         <property name="katalonVersion" value="7.0.8.1"/>
         <property name="browser" value="Firefox 70.0"/>
         <property name="hostAddress" value="127.0.1.1"/>
         <property name="sessionId" value="57a76329-6f6f-4bb6-9d36-9fe512494c52"/>
         <property name="seleniumVersion" value="3.141.59"/>
         <property name="proxyInformation" value="ProxyInformation{proxyOption=NO_PROXY, proxyServerType=HTTP, password=, proxyServerAddress=, proxyServerPort=0}"/>
         <property name="platform" value="Linux"/>
      </properties>
      <testcase name="Test Cases/p4p_newReservation" time="73.443" classname="Test Cases/p4p_newReservation" status="PASSED">
         <system-out><![CDATA[2019-12-12 10:24:29 - [TEST_CASE][PASSED] - Test Cases/p4p_newReservation: Test Cases/p4p_newReservation

2019-12-12 10:24:29 - [TEST_STEP][PASSED] - openBrowser("https://p4p-qa-bg.aws.paradise4paws.com/login/"): Browser is opened with url: 'https://p4p-qa-bg.aws.paradise4paws.com/login/'

2019-12-12 10:24:30 - [MESSAGE][INFO] - Starting 'Firefox' driver

2019-12-12 10:24:30 - [MESSAGE][INFO] - Action delay is set to 0 seconds

2019-12-12 10:24:34 - [MESSAGE][PASSED] - Browser is opened with url: 'https://p4p-qa-bg.aws.paradise4paws.com/login/'

2019-12-12 10:24:34 - [TEST_STEP][PASSED] - setText(findTestObject("Object Repository/object_login/input_user"), var_user): Text 'jegchavez@gmail.com' is set on object 'Object Repository/object_login/input_user'

2019-12-12 10:24:34 - [MESSAGE][PASSED] - Text 'jegchavez@gmail.com' is set on object 'Object Repository/object_login/input_user'

2019-12-12 10:24:34 - [TEST_STEP][PASSED] - setText(findTestObject("Object Repository/object_login/input_pass"), var_pass): Text 'admin1' is set on object 'Object Repository/object_login/input_pass'

2019-12-12 10:24:35 - [MESSAGE][PASSED] - Text 'admin1' is set on object 'Object Repository/object_login/input_pass'

2019-12-12 10:24:35 - [TEST_STEP][PASSED] - delay(2): Delayed 2 second(s)

2019-12-12 10:24:37 - [MESSAGE][PASSED] - Delayed 2 second(s)

2019-12-12 10:24:37 - [TEST_STEP][PASSED] - verifyElementClickable(findTestObject("Object Repository/object_login/btn_login")): Object 'Object Repository/object_login/btn_login' is clickable

2019-12-12 10:24:37 - [MESSAGE][PASSED] - Object 'Object Repository/object_login/btn_login' is clickable

2019-12-12 10:24:37 - [TEST_STEP][PASSED] - click(findTestObject("Object Repository/object_login/btn_login")): Object: 'Object Repository/object_login/btn_login' is clicked on

2019-12-12 10:24:41 - [MESSAGE][PASSED] - Object: 'Object Repository/object_login/btn_login' is clicked on

2019-12-12 10:24:41 - [TEST_STEP][PASSED] - delay(2): Delayed 2 second(s)

2019-12-12 10:24:43 - [MESSAGE][PASSED] - Delayed 2 second(s)

2019-12-12 10:24:43 - [TEST_STEP][PASSED] - setText(findTestObject("Object Repository/object_dashboard_emp/input_search"), var_searchParent): Text 'leongarzagarza@hotmail.com' is set on object 'Object Repository/object_dashboard_emp/input_search'

2019-12-12 10:24:43 - [MESSAGE][PASSED] - Text 'leongarzagarza@hotmail.com' is set on object 'Object Repository/object_dashboard_emp/input_search'

2019-12-12 10:24:43 - [TEST_STEP][PASSED] - click(findTestObject("Object Repository/object_dashboard_emp/btn_accountSearch")): Object: 'Object Repository/object_dashboard_emp/btn_accountSearch' is clicked on

2019-12-12 10:24:44 - [MESSAGE][PASSED] - Object: 'Object Repository/object_dashboard_emp/btn_accountSearch' is clicked on

2019-12-12 10:24:44 - [TEST_STEP][PASSED] - delay(2): Delayed 2 second(s)

2019-12-12 10:24:46 - [MESSAGE][PASSED] - Delayed 2 second(s)

2019-12-12 10:24:46 - [TEST_STEP][PASSED] - click(findTestObject("Object Repository/object_accountInformation/a_TEST GABRIEL PROD")): Object: 'Object Repository/object_accountInformation/a_TEST GABRIEL PROD' is clicked on

2019-12-12 10:24:57 - [MESSAGE][PASSED] - Object: 'Object Repository/object_accountInformation/a_TEST GABRIEL PROD' is clicked on

2019-12-12 10:24:57 - [TEST_STEP][PASSED] - delay(2): Delayed 2 second(s)

2019-12-12 10:24:59 - [MESSAGE][PASSED] - Delayed 2 second(s)

2019-12-12 10:24:59 - [TEST_STEP][PASSED] - click(findTestObject("Object Repository/object_profile/a_addReservation")): Object: 'Object Repository/object_profile/a_addReservation' is clicked on

2019-12-12 10:25:01 - [MESSAGE][PASSED] - Object: 'Object Repository/object_profile/a_addReservation' is clicked on

2019-12-12 10:25:01 - [TEST_STEP][PASSED] - delay(2): Delayed 2 second(s)

2019-12-12 10:25:03 - [MESSAGE][PASSED] - Delayed 2 second(s)

2019-12-12 10:25:03 - [TEST_STEP][PASSED] - flagBoar = "0": null

2019-12-12 10:25:03 - [TEST_STEP][PASSED] - log = new com.kms.katalon.core.logging.KeywordLogger(): null

2019-12-12 10:25:03 - [TEST_STEP][PASSED] - log.logInfo(var_typeReserveation): Boarding

2019-12-12 10:25:03 - [MESSAGE][INFO] - Boarding

2019-12-12 10:25:03 - [TEST_STEP][PASSED] - if (var_typeReserveation == "Boarding"): null

2019-12-12 10:25:03 - [TEST_STEP][PASSED] - click(findTestObject("Object Repository/object_reservation/btn_Boarding")): Object: 'Object Repository/object_reservation/btn_Boarding' is clicked on

2019-12-12 10:25:03 - [MESSAGE][PASSED] - Object: 'Object Repository/object_reservation/btn_Boarding' is clicked on

2019-12-12 10:25:03 - [TEST_STEP][PASSED] - flagBoar = "1": null

2019-12-12 10:25:03 - [TEST_STEP][PASSED] - click(findTestObject("Object Repository/object_reservation/i_location")): Object: 'Object Repository/object_reservation/i_location' is clicked on

2019-12-12 10:25:07 - [MESSAGE][PASSED] - Object: 'Object Repository/object_reservation/i_location' is clicked on

2019-12-12 10:25:07 - [TEST_STEP][PASSED] - switch (var_idFacility): null

2019-12-12 10:25:07 - [TEST_STEP][PASSED] - dateCI = var_checkinD.split(","): null

2019-12-12 10:25:07 - [TEST_STEP][PASSED] - dateCO = var_checkoutD.split(","): null

2019-12-12 10:25:07 - [TEST_STEP][PASSED] - arryPets = var_pets.split(","): null

2019-12-12 10:25:07 - [TEST_STEP][PASSED] - delay(2): Delayed 2 second(s)

2019-12-12 10:25:09 - [MESSAGE][PASSED] - Delayed 2 second(s)

2019-12-12 10:25:09 - [TEST_STEP][PASSED] - if (var_repeting == "Y"): null

2019-12-12 10:25:09 - [TEST_STEP][PASSED] - click(findTestObject("Object Repository/object_reservation/dateCheckIn")): Object: 'Object Repository/object_reservation/dateCheckIn' is clicked on

2019-12-12 10:25:09 - [MESSAGE][PASSED] - Object: 'Object Repository/object_reservation/dateCheckIn' is clicked on

2019-12-12 10:25:09 - [TEST_STEP][PASSED] - if (dateCI[2] == "2020"): null

2019-12-12 10:25:09 - [TEST_STEP][PASSED] - delay(2): Delayed 2 second(s)

2019-12-12 10:25:11 - [MESSAGE][PASSED] - Delayed 2 second(s)

2019-12-12 10:25:11 - [TEST_STEP][PASSED] - switch (dateCI[0]): null

2019-12-12 10:25:11 - [TEST_STEP][PASSED] - case "1":: null

2019-12-12 10:25:11 - [TEST_STEP][PASSED] - click(findTestObject("Object Repository/Page_Paradise 4 Paws  Dog Boarding Cat Boarding Norwalk Pooch Hotel/button_01_ci")): Object: 'Object Repository/Page_Paradise 4 Paws  Dog Boarding Cat Boarding Norwalk Pooch Hotel/button_01_ci' is clicked on

2019-12-12 10:25:12 - [MESSAGE][PASSED] - Object: 'Object Repository/Page_Paradise 4 Paws  Dog Boarding Cat Boarding Norwalk Pooch Hotel/button_01_ci' is clicked on

2019-12-12 10:25:12 - [TEST_STEP][PASSED] - break: null

2019-12-12 10:25:12 - [TEST_STEP][PASSED] - log.logInfo("PRUEBA FLAG"): PRUEBA FLAG

2019-12-12 10:25:12 - [MESSAGE][INFO] - PRUEBA FLAG

2019-12-12 10:25:12 - [TEST_STEP][PASSED] - log.logInfo(flagBoar): 1

2019-12-12 10:25:12 - [MESSAGE][INFO] - 1

2019-12-12 10:25:12 - [TEST_STEP][PASSED] - if (flagBoar == "1"): null

2019-12-12 10:25:12 - [TEST_STEP][PASSED] - click(findTestObject("Object Repository/object_reservation/dateCheckOut")): Object: 'Object Repository/object_reservation/dateCheckOut' is clicked on

2019-12-12 10:25:13 - [MESSAGE][PASSED] - Object: 'Object Repository/object_reservation/dateCheckOut' is clicked on

2019-12-12 10:25:13 - [TEST_STEP][PASSED] - log.logInfo(dateCO[0]): 2

2019-12-12 10:25:13 - [MESSAGE][INFO] - 2

2019-12-12 10:25:13 - [TEST_STEP][PASSED] - switch (dateCO[0]): null

2019-12-12 10:25:13 - [TEST_STEP][PASSED] - case "2":: null

2019-12-12 10:25:13 - [TEST_STEP][PASSED] - click(findTestObject("Object Repository/Page_Paradise 4 Paws  Dog Boarding Cat Boarding Norwalk Pooch Hotel/button_02_co")): Object: 'Object Repository/Page_Paradise 4 Paws  Dog Boarding Cat Boarding Norwalk Pooch Hotel/button_02_co' is clicked on

2019-12-12 10:25:14 - [MESSAGE][PASSED] - Object: 'Object Repository/Page_Paradise 4 Paws  Dog Boarding Cat Boarding Norwalk Pooch Hotel/button_02_co' is clicked on

2019-12-12 10:25:14 - [TEST_STEP][PASSED] - break: null

2019-12-12 10:25:14 - [TEST_STEP][NOT_RUN] - click(findTestObject("Object Repository/object_reservationCalendar/CO_close")): NOT_RUN: click(findTestObject("Object Repository/object_reservationCalendar/CO_close"))

2019-12-12 10:25:14 - [MESSAGE][NOT_RUN] - NOT_RUN: click(findTestObject("Object Repository/object_reservationCalendar/CO_close"))

2019-12-12 10:25:14 - [TEST_STEP][PASSED] - click(findTestObject("Object Repository/object_reservation/timeCheckin")): Object: 'Object Repository/object_reservation/timeCheckin' is clicked on

2019-12-12 10:25:14 - [MESSAGE][PASSED] - Object: 'Object Repository/object_reservation/timeCheckin' is clicked on

2019-12-12 10:25:14 - [TEST_STEP][PASSED] - log.logInfo("test timePicker"): test timePicker

2019-12-12 10:25:14 - [MESSAGE][INFO] - test timePicker

2019-12-12 10:25:14 - [TEST_STEP][PASSED] - switch (var_checkinT): null

2019-12-12 10:25:14 - [TEST_STEP][PASSED] - case "800":: null

2019-12-12 10:25:14 - [TEST_STEP][PASSED] - click(findTestObject("Object Repository/Page_Paradise 4 Paws  Dog Boarding Cat Boarding Norwalk Pooch Hotel/time_800am_ci")): Object: 'Object Repository/Page_Paradise 4 Paws  Dog Boarding Cat Boarding Norwalk Pooch Hotel/time_800am_ci' is clicked on

2019-12-12 10:25:15 - [MESSAGE][PASSED] - Object: 'Object Repository/Page_Paradise 4 Paws  Dog Boarding Cat Boarding Norwalk Pooch Hotel/time_800am_ci' is clicked on

2019-12-12 10:25:15 - [TEST_STEP][PASSED] - break: null

2019-12-12 10:25:15 - [TEST_STEP][PASSED] - click(findTestObject("Object Repository/object_reservation/timeCheckOut")): Object: 'Object Repository/object_reservation/timeCheckOut' is clicked on

2019-12-12 10:25:16 - [MESSAGE][PASSED] - Object: 'Object Repository/object_reservation/timeCheckOut' is clicked on

2019-12-12 10:25:16 - [TEST_STEP][PASSED] - switch (var_checkoutT): null

2019-12-12 10:25:16 - [TEST_STEP][PASSED] - case "1200":: null

2019-12-12 10:25:16 - [TEST_STEP][PASSED] - log.logInfo("test 1200"): test 1200

2019-12-12 10:25:16 - [MESSAGE][INFO] - test 1200

2019-12-12 10:25:16 - [TEST_STEP][PASSED] - click(findTestObject("Object Repository/Page_Paradise 4 Paws  Dog Boarding Cat Boarding Norwalk Pooch Hotel/time_1200pm_co")): Object: 'Object Repository/Page_Paradise 4 Paws  Dog Boarding Cat Boarding Norwalk Pooch Hotel/time_1200pm_co' is clicked on

2019-12-12 10:25:16 - [MESSAGE][PASSED] - Object: 'Object Repository/Page_Paradise 4 Paws  Dog Boarding Cat Boarding Norwalk Pooch Hotel/time_1200pm_co' is clicked on

2019-12-12 10:25:16 - [TEST_STEP][PASSED] - break: null

2019-12-12 10:25:16 - [TEST_STEP][PASSED] - delay(2): Delayed 2 second(s)

2019-12-12 10:25:18 - [MESSAGE][PASSED] - Delayed 2 second(s)

2019-12-12 10:25:18 - [TEST_STEP][PASSED] - log.logInfo("-- ANTES REPEATING --"): -- ANTES REPEATING --

2019-12-12 10:25:18 - [MESSAGE][INFO] - -- ANTES REPEATING --

2019-12-12 10:25:18 - [TEST_STEP][PASSED] - if (arryPets.size() == 1): Object: 'Object Repository/object_reservation/Page_Paradise 4 Paws  Dog Boarding Cat Boarding Norwalk Pooch Hotel/div_Ares' is clicked on

2019-12-12 10:25:18 - [TEST_STEP][PASSED] - click(findTestObject("Object Repository/object_reservation/Page_Paradise 4 Paws  Dog Boarding Cat Boarding Norwalk Pooch Hotel/div_Ares")): Object: 'Object Repository/object_reservation/Page_Paradise 4 Paws  Dog Boarding Cat Boarding Norwalk Pooch Hotel/div_Ares' is clicked on

2019-12-12 10:25:19 - [MESSAGE][PASSED] - Object: 'Object Repository/object_reservation/Page_Paradise 4 Paws  Dog Boarding Cat Boarding Norwalk Pooch Hotel/div_Ares' is clicked on

2019-12-12 10:25:19 - [TEST_STEP][NOT_RUN] - click(findTestObject("object_reservations/i_Day_fa fa-circle-o ng-scope")): NOT_RUN: click(findTestObject("object_reservations/i_Day_fa fa-circle-o ng-scope"))

2019-12-12 10:25:19 - [MESSAGE][NOT_RUN] - NOT_RUN: click(findTestObject("object_reservations/i_Day_fa fa-circle-o ng-scope"))

2019-12-12 10:25:19 - [TEST_STEP][PASSED] - if (flagBoar == "1" || flagBoar == "2"): Object: 'Object Repository/object_reservation/div_suite_rad_deluxe' is clicked on

2019-12-12 10:25:19 - [TEST_STEP][PASSED] - click(findTestObject("Object Repository/object_reservation/div_suite_rad_deluxe")): Object: 'Object Repository/object_reservation/div_suite_rad_deluxe' is clicked on

2019-12-12 10:25:24 - [MESSAGE][PASSED] - Object: 'Object Repository/object_reservation/div_suite_rad_deluxe' is clicked on

2019-12-12 10:25:24 - [TEST_STEP][PASSED] - click(findTestObject("Object Repository/object_reservation/btn_next2")): Object: 'Object Repository/object_reservation/btn_next2' is clicked on

2019-12-12 10:25:26 - [MESSAGE][PASSED] - Object: 'Object Repository/object_reservation/btn_next2' is clicked on

2019-12-12 10:25:26 - [TEST_STEP][PASSED] - delay(3): Delayed 3 second(s)

2019-12-12 10:25:29 - [MESSAGE][PASSED] - Delayed 3 second(s)

2019-12-12 10:25:29 - [TEST_STEP][PASSED] - if (flagBoar == "1"): Object: 'Object Repository/object_reservation/button_DeclineThisPromo' is clicked on

2019-12-12 10:25:29 - [TEST_STEP][PASSED] - click(findTestObject("Object Repository/object_reservation/button_DeclineThisPromo")): Object: 'Object Repository/object_reservation/button_DeclineThisPromo' is clicked on

2019-12-12 10:25:30 - [MESSAGE][PASSED] - Object: 'Object Repository/object_reservation/button_DeclineThisPromo' is clicked on

2019-12-12 10:25:30 - [TEST_STEP][PASSED] - delay(2): Delayed 2 second(s)

2019-12-12 10:25:32 - [MESSAGE][PASSED] - Delayed 2 second(s)

2019-12-12 10:25:32 - [TEST_STEP][PASSED] - click(findTestObject("Object Repository/object_reservation/btn_next2")): Object: 'Object Repository/object_reservation/btn_next2' is clicked on

2019-12-12 10:25:32 - [MESSAGE][PASSED] - Object: 'Object Repository/object_reservation/btn_next2' is clicked on

2019-12-12 10:25:32 - [TEST_STEP][PASSED] - click(findTestObject("Object Repository/object_reservation/button_Submit Reservation")): Object: 'Object Repository/object_reservation/button_Submit Reservation' is clicked on

2019-12-12 10:25:35 - [MESSAGE][PASSED] - Object: 'Object Repository/object_reservation/button_Submit Reservation' is clicked on

2019-12-12 10:25:35 - [TEST_STEP][PASSED] - delay(2): Delayed 2 second(s)

2019-12-12 10:25:37 - [MESSAGE][PASSED] - Delayed 2 second(s)

2019-12-12 10:25:37 - [TEST_STEP][PASSED] - if (flagBoar == "2" && var_repeatingEvery == "Daily" || var_repeatingEvery == "Monthly" || var_repeatingEvery == "Weekly"): null

2019-12-12 10:25:37 - [TEST_STEP][PASSED] - else: Object: 'Object Repository/object_reservation/button_Return To Reservation' is clicked on

2019-12-12 10:25:37 - [TEST_STEP][PASSED] - delay(2): Delayed 2 second(s)

2019-12-12 10:25:39 - [MESSAGE][PASSED] - Delayed 2 second(s)

2019-12-12 10:25:39 - [TEST_STEP][PASSED] - click(findTestObject("Object Repository/object_reservation/button_Return To Reservation")): Object: 'Object Repository/object_reservation/button_Return To Reservation' is clicked on

2019-12-12 10:25:40 - [MESSAGE][PASSED] - Object: 'Object Repository/object_reservation/button_Return To Reservation' is clicked on

2019-12-12 10:25:40 - [TEST_STEP][PASSED] - delay(2): Delayed 2 second(s)

2019-12-12 10:25:42 - [MESSAGE][PASSED] - Delayed 2 second(s)]]></system-out>
         <system-err><![CDATA[]]></system-err>
      </testcase>
      <testcase name="Test Cases/p4p_newReservation" time="76.998" classname="Test Cases/p4p_newReservation" status="PASSED">
         <system-out><![CDATA[2019-12-12 10:25:42 - [TEST_CASE][PASSED] - Test Cases/p4p_newReservation: Test Cases/p4p_newReservation

2019-12-12 10:25:43 - [TEST_STEP][PASSED] - openBrowser("https://p4p-qa-bg.aws.paradise4paws.com/login/"): Browser is opened with url: 'https://p4p-qa-bg.aws.paradise4paws.com/login/'

2019-12-12 10:25:43 - [MESSAGE][WARNING] - A browser is already opened. Closing browser and opening a new one

2019-12-12 10:25:43 - [MESSAGE][INFO] - Starting 'Firefox' driver

2019-12-12 10:25:47 - [MESSAGE][PASSED] - Browser is opened with url: 'https://p4p-qa-bg.aws.paradise4paws.com/login/'

2019-12-12 10:25:47 - [TEST_STEP][PASSED] - setText(findTestObject("Object Repository/object_login/input_user"), var_user): Text 'jegchavez@gmail.com' is set on object 'Object Repository/object_login/input_user'

2019-12-12 10:25:48 - [MESSAGE][PASSED] - Text 'jegchavez@gmail.com' is set on object 'Object Repository/object_login/input_user'

2019-12-12 10:25:48 - [TEST_STEP][PASSED] - setText(findTestObject("Object Repository/object_login/input_pass"), var_pass): Text 'admin1' is set on object 'Object Repository/object_login/input_pass'

2019-12-12 10:25:48 - [MESSAGE][PASSED] - Text 'admin1' is set on object 'Object Repository/object_login/input_pass'

2019-12-12 10:25:48 - [TEST_STEP][PASSED] - delay(2): Delayed 2 second(s)

2019-12-12 10:25:50 - [MESSAGE][PASSED] - Delayed 2 second(s)

2019-12-12 10:25:50 - [TEST_STEP][PASSED] - verifyElementClickable(findTestObject("Object Repository/object_login/btn_login")): Object 'Object Repository/object_login/btn_login' is clickable

2019-12-12 10:25:50 - [MESSAGE][PASSED] - Object 'Object Repository/object_login/btn_login' is clickable

2019-12-12 10:25:50 - [TEST_STEP][PASSED] - click(findTestObject("Object Repository/object_login/btn_login")): Object: 'Object Repository/object_login/btn_login' is clicked on

2019-12-12 10:25:56 - [MESSAGE][PASSED] - Object: 'Object Repository/object_login/btn_login' is clicked on

2019-12-12 10:25:56 - [TEST_STEP][PASSED] - delay(2): Delayed 2 second(s)

2019-12-12 10:25:58 - [MESSAGE][PASSED] - Delayed 2 second(s)

2019-12-12 10:25:58 - [TEST_STEP][PASSED] - setText(findTestObject("Object Repository/object_dashboard_emp/input_search"), var_searchParent): Text 'leongarzagarza@hotmail.com' is set on object 'Object Repository/object_dashboard_emp/input_search'

2019-12-12 10:25:58 - [MESSAGE][PASSED] - Text 'leongarzagarza@hotmail.com' is set on object 'Object Repository/object_dashboard_emp/input_search'

2019-12-12 10:25:58 - [TEST_STEP][PASSED] - click(findTestObject("Object Repository/object_dashboard_emp/btn_accountSearch")): Object: 'Object Repository/object_dashboard_emp/btn_accountSearch' is clicked on

2019-12-12 10:25:59 - [MESSAGE][PASSED] - Object: 'Object Repository/object_dashboard_emp/btn_accountSearch' is clicked on

2019-12-12 10:25:59 - [TEST_STEP][PASSED] - delay(2): Delayed 2 second(s)

2019-12-12 10:26:01 - [MESSAGE][PASSED] - Delayed 2 second(s)

2019-12-12 10:26:01 - [TEST_STEP][PASSED] - click(findTestObject("Object Repository/object_accountInformation/a_TEST GABRIEL PROD")): Object: 'Object Repository/object_accountInformation/a_TEST GABRIEL PROD' is clicked on

2019-12-12 10:26:08 - [MESSAGE][PASSED] - Object: 'Object Repository/object_accountInformation/a_TEST GABRIEL PROD' is clicked on

2019-12-12 10:26:08 - [TEST_STEP][PASSED] - delay(2): Delayed 2 second(s)

2019-12-12 10:26:10 - [MESSAGE][PASSED] - Delayed 2 second(s)

2019-12-12 10:26:10 - [TEST_STEP][PASSED] - click(findTestObject("Object Repository/object_profile/a_addReservation")): Object: 'Object Repository/object_profile/a_addReservation' is clicked on

2019-12-12 10:26:11 - [MESSAGE][PASSED] - Object: 'Object Repository/object_profile/a_addReservation' is clicked on

2019-12-12 10:26:11 - [TEST_STEP][PASSED] - delay(2): Delayed 2 second(s)

2019-12-12 10:26:13 - [MESSAGE][PASSED] - Delayed 2 second(s)

2019-12-12 10:26:13 - [TEST_STEP][PASSED] - flagBoar = "0": null

2019-12-12 10:26:13 - [TEST_STEP][PASSED] - log = new com.kms.katalon.core.logging.KeywordLogger(): null

2019-12-12 10:26:13 - [TEST_STEP][PASSED] - log.logInfo(var_typeReserveation): Boarding

2019-12-12 10:26:13 - [MESSAGE][INFO] - Boarding

2019-12-12 10:26:13 - [TEST_STEP][PASSED] - if (var_typeReserveation == "Boarding"): null

2019-12-12 10:26:13 - [TEST_STEP][PASSED] - click(findTestObject("Object Repository/object_reservation/btn_Boarding")): Object: 'Object Repository/object_reservation/btn_Boarding' is clicked on

2019-12-12 10:26:14 - [MESSAGE][PASSED] - Object: 'Object Repository/object_reservation/btn_Boarding' is clicked on

2019-12-12 10:26:14 - [TEST_STEP][PASSED] - flagBoar = "1": null

2019-12-12 10:26:14 - [TEST_STEP][PASSED] - click(findTestObject("Object Repository/object_reservation/i_location")): Object: 'Object Repository/object_reservation/i_location' is clicked on

2019-12-12 10:26:16 - [MESSAGE][PASSED] - Object: 'Object Repository/object_reservation/i_location' is clicked on

2019-12-12 10:26:16 - [TEST_STEP][PASSED] - switch (var_idFacility): null

2019-12-12 10:26:16 - [TEST_STEP][PASSED] - dateCI = var_checkinD.split(","): null

2019-12-12 10:26:16 - [TEST_STEP][PASSED] - dateCO = var_checkoutD.split(","): null

2019-12-12 10:26:16 - [TEST_STEP][PASSED] - arryPets = var_pets.split(","): null

2019-12-12 10:26:16 - [TEST_STEP][PASSED] - delay(2): Delayed 2 second(s)

2019-12-12 10:26:18 - [MESSAGE][PASSED] - Delayed 2 second(s)

2019-12-12 10:26:18 - [TEST_STEP][PASSED] - if (var_repeting == "Y"): null

2019-12-12 10:26:18 - [TEST_STEP][PASSED] - click(findTestObject("Object Repository/object_reservation/dateCheckIn")): Object: 'Object Repository/object_reservation/dateCheckIn' is clicked on

2019-12-12 10:26:19 - [MESSAGE][PASSED] - Object: 'Object Repository/object_reservation/dateCheckIn' is clicked on

2019-12-12 10:26:19 - [TEST_STEP][PASSED] - if (dateCI[2] == "2020"): null

2019-12-12 10:26:19 - [TEST_STEP][PASSED] - delay(2): Delayed 2 second(s)

2019-12-12 10:26:21 - [MESSAGE][PASSED] - Delayed 2 second(s)

2019-12-12 10:26:21 - [TEST_STEP][PASSED] - switch (dateCI[0]): null

2019-12-12 10:26:21 - [TEST_STEP][PASSED] - case "3":: null

2019-12-12 10:26:21 - [TEST_STEP][PASSED] - click(findTestObject("Object Repository/Page_Paradise 4 Paws  Dog Boarding Cat Boarding Norwalk Pooch Hotel/button_03_ci")): Object: 'Object Repository/Page_Paradise 4 Paws  Dog Boarding Cat Boarding Norwalk Pooch Hotel/button_03_ci' is clicked on

2019-12-12 10:26:21 - [MESSAGE][PASSED] - Object: 'Object Repository/Page_Paradise 4 Paws  Dog Boarding Cat Boarding Norwalk Pooch Hotel/button_03_ci' is clicked on

2019-12-12 10:26:21 - [TEST_STEP][PASSED] - break: null

2019-12-12 10:26:21 - [TEST_STEP][PASSED] - log.logInfo("PRUEBA FLAG"): PRUEBA FLAG

2019-12-12 10:26:21 - [MESSAGE][INFO] - PRUEBA FLAG

2019-12-12 10:26:21 - [TEST_STEP][PASSED] - log.logInfo(flagBoar): 1

2019-12-12 10:26:21 - [MESSAGE][INFO] - 1

2019-12-12 10:26:21 - [TEST_STEP][PASSED] - if (flagBoar == "1"): null

2019-12-12 10:26:21 - [TEST_STEP][PASSED] - click(findTestObject("Object Repository/object_reservation/dateCheckOut")): Object: 'Object Repository/object_reservation/dateCheckOut' is clicked on

2019-12-12 10:26:22 - [MESSAGE][PASSED] - Object: 'Object Repository/object_reservation/dateCheckOut' is clicked on

2019-12-12 10:26:22 - [TEST_STEP][PASSED] - log.logInfo(dateCO[0]): 4

2019-12-12 10:26:22 - [MESSAGE][INFO] - 4

2019-12-12 10:26:22 - [TEST_STEP][PASSED] - switch (dateCO[0]): null

2019-12-12 10:26:22 - [TEST_STEP][PASSED] - case "4":: null

2019-12-12 10:26:22 - [TEST_STEP][PASSED] - click(findTestObject("Object Repository/Page_Paradise 4 Paws  Dog Boarding Cat Boarding Norwalk Pooch Hotel/button_04_co")): Object: 'Object Repository/Page_Paradise 4 Paws  Dog Boarding Cat Boarding Norwalk Pooch Hotel/button_04_co' is clicked on

2019-12-12 10:26:23 - [MESSAGE][PASSED] - Object: 'Object Repository/Page_Paradise 4 Paws  Dog Boarding Cat Boarding Norwalk Pooch Hotel/button_04_co' is clicked on

2019-12-12 10:26:23 - [TEST_STEP][PASSED] - break: null

2019-12-12 10:26:23 - [TEST_STEP][NOT_RUN] - click(findTestObject("Object Repository/object_reservationCalendar/CO_close")): NOT_RUN: click(findTestObject("Object Repository/object_reservationCalendar/CO_close"))

2019-12-12 10:26:23 - [MESSAGE][NOT_RUN] - NOT_RUN: click(findTestObject("Object Repository/object_reservationCalendar/CO_close"))

2019-12-12 10:26:23 - [TEST_STEP][PASSED] - click(findTestObject("Object Repository/object_reservation/timeCheckin")): Object: 'Object Repository/object_reservation/timeCheckin' is clicked on

2019-12-12 10:26:24 - [MESSAGE][PASSED] - Object: 'Object Repository/object_reservation/timeCheckin' is clicked on

2019-12-12 10:26:24 - [TEST_STEP][PASSED] - log.logInfo("test timePicker"): test timePicker

2019-12-12 10:26:24 - [MESSAGE][INFO] - test timePicker

2019-12-12 10:26:24 - [TEST_STEP][PASSED] - switch (var_checkinT): null

2019-12-12 10:26:24 - [TEST_STEP][PASSED] - case "800":: null

2019-12-12 10:26:24 - [TEST_STEP][PASSED] - click(findTestObject("Object Repository/Page_Paradise 4 Paws  Dog Boarding Cat Boarding Norwalk Pooch Hotel/time_800am_ci")): Object: 'Object Repository/Page_Paradise 4 Paws  Dog Boarding Cat Boarding Norwalk Pooch Hotel/time_800am_ci' is clicked on

2019-12-12 10:26:24 - [MESSAGE][PASSED] - Object: 'Object Repository/Page_Paradise 4 Paws  Dog Boarding Cat Boarding Norwalk Pooch Hotel/time_800am_ci' is clicked on

2019-12-12 10:26:24 - [TEST_STEP][PASSED] - break: null

2019-12-12 10:26:24 - [TEST_STEP][PASSED] - click(findTestObject("Object Repository/object_reservation/timeCheckOut")): Object: 'Object Repository/object_reservation/timeCheckOut' is clicked on

2019-12-12 10:26:25 - [MESSAGE][PASSED] - Object: 'Object Repository/object_reservation/timeCheckOut' is clicked on

2019-12-12 10:26:25 - [TEST_STEP][PASSED] - switch (var_checkoutT): null

2019-12-12 10:26:25 - [TEST_STEP][PASSED] - case "1200":: null

2019-12-12 10:26:25 - [TEST_STEP][PASSED] - log.logInfo("test 1200"): test 1200

2019-12-12 10:26:25 - [MESSAGE][INFO] - test 1200

2019-12-12 10:26:25 - [TEST_STEP][PASSED] - click(findTestObject("Object Repository/Page_Paradise 4 Paws  Dog Boarding Cat Boarding Norwalk Pooch Hotel/time_1200pm_co")): Object: 'Object Repository/Page_Paradise 4 Paws  Dog Boarding Cat Boarding Norwalk Pooch Hotel/time_1200pm_co' is clicked on

2019-12-12 10:26:26 - [MESSAGE][PASSED] - Object: 'Object Repository/Page_Paradise 4 Paws  Dog Boarding Cat Boarding Norwalk Pooch Hotel/time_1200pm_co' is clicked on

2019-12-12 10:26:26 - [TEST_STEP][PASSED] - break: null

2019-12-12 10:26:26 - [TEST_STEP][PASSED] - delay(2): Delayed 2 second(s)

2019-12-12 10:26:28 - [MESSAGE][PASSED] - Delayed 2 second(s)

2019-12-12 10:26:28 - [TEST_STEP][PASSED] - log.logInfo("-- ANTES REPEATING --"): -- ANTES REPEATING --

2019-12-12 10:26:28 - [MESSAGE][INFO] - -- ANTES REPEATING --

2019-12-12 10:26:28 - [TEST_STEP][PASSED] - if (arryPets.size() == 1): null

2019-12-12 10:26:28 - [TEST_STEP][PASSED] - else if (arryPets.size() == 2): Object: 'Object Repository/object_reservation/div_Zeus' is clicked on

2019-12-12 10:26:28 - [TEST_STEP][PASSED] - click(findTestObject("object_reservation/Page_Paradise 4 Paws  Dog Boarding Cat Boarding Norwalk Pooch Hotel/div_Ares")): Object: 'Object Repository/object_reservation/Page_Paradise 4 Paws  Dog Boarding Cat Boarding Norwalk Pooch Hotel/div_Ares' is clicked on

2019-12-12 10:26:28 - [MESSAGE][PASSED] - Object: 'Object Repository/object_reservation/Page_Paradise 4 Paws  Dog Boarding Cat Boarding Norwalk Pooch Hotel/div_Ares' is clicked on

2019-12-12 10:26:28 - [TEST_STEP][PASSED] - click(findTestObject("object_reservation/div_Zeus")): Object: 'Object Repository/object_reservation/div_Zeus' is clicked on

2019-12-12 10:26:34 - [MESSAGE][PASSED] - Object: 'Object Repository/object_reservation/div_Zeus' is clicked on

2019-12-12 10:26:34 - [TEST_STEP][NOT_RUN] - click(findTestObject("object_reservations/i_Day_fa fa-circle-o ng-scope")): NOT_RUN: click(findTestObject("object_reservations/i_Day_fa fa-circle-o ng-scope"))

2019-12-12 10:26:34 - [MESSAGE][NOT_RUN] - NOT_RUN: click(findTestObject("object_reservations/i_Day_fa fa-circle-o ng-scope"))

2019-12-12 10:26:34 - [TEST_STEP][PASSED] - if (flagBoar == "1" || flagBoar == "2"): Object: 'Object Repository/object_reservation/div_suite_rad_deluxe' is clicked on

2019-12-12 10:26:34 - [TEST_STEP][PASSED] - click(findTestObject("Object Repository/object_reservation/div_suite_rad_deluxe")): Object: 'Object Repository/object_reservation/div_suite_rad_deluxe' is clicked on

2019-12-12 10:26:38 - [MESSAGE][PASSED] - Object: 'Object Repository/object_reservation/div_suite_rad_deluxe' is clicked on

2019-12-12 10:26:38 - [TEST_STEP][PASSED] - click(findTestObject("Object Repository/object_reservation/btn_next2")): Object: 'Object Repository/object_reservation/btn_next2' is clicked on

2019-12-12 10:26:41 - [MESSAGE][PASSED] - Object: 'Object Repository/object_reservation/btn_next2' is clicked on

2019-12-12 10:26:41 - [TEST_STEP][PASSED] - delay(3): Delayed 3 second(s)

2019-12-12 10:26:44 - [MESSAGE][PASSED] - Delayed 3 second(s)

2019-12-12 10:26:44 - [TEST_STEP][PASSED] - if (flagBoar == "1"): Object: 'Object Repository/object_reservation/button_DeclineThisPromo' is clicked on

2019-12-12 10:26:44 - [TEST_STEP][PASSED] - click(findTestObject("Object Repository/object_reservation/button_DeclineThisPromo")): Object: 'Object Repository/object_reservation/button_DeclineThisPromo' is clicked on

2019-12-12 10:26:45 - [MESSAGE][PASSED] - Object: 'Object Repository/object_reservation/button_DeclineThisPromo' is clicked on

2019-12-12 10:26:45 - [TEST_STEP][PASSED] - delay(2): Delayed 2 second(s)

2019-12-12 10:26:47 - [MESSAGE][PASSED] - Delayed 2 second(s)

2019-12-12 10:26:47 - [TEST_STEP][PASSED] - click(findTestObject("Object Repository/object_reservation/btn_next2")): Object: 'Object Repository/object_reservation/btn_next2' is clicked on

2019-12-12 10:26:47 - [MESSAGE][PASSED] - Object: 'Object Repository/object_reservation/btn_next2' is clicked on

2019-12-12 10:26:47 - [TEST_STEP][PASSED] - click(findTestObject("Object Repository/object_reservation/button_Submit Reservation")): Object: 'Object Repository/object_reservation/button_Submit Reservation' is clicked on

2019-12-12 10:26:51 - [MESSAGE][PASSED] - Object: 'Object Repository/object_reservation/button_Submit Reservation' is clicked on

2019-12-12 10:26:51 - [TEST_STEP][PASSED] - delay(2): Delayed 2 second(s)

2019-12-12 10:26:53 - [MESSAGE][PASSED] - Delayed 2 second(s)

2019-12-12 10:26:53 - [TEST_STEP][PASSED] - if (flagBoar == "2" && var_repeatingEvery == "Daily" || var_repeatingEvery == "Monthly" || var_repeatingEvery == "Weekly"): null

2019-12-12 10:26:53 - [TEST_STEP][PASSED] - else: Object: 'Object Repository/object_reservation/button_Return To Reservation' is clicked on

2019-12-12 10:26:53 - [TEST_STEP][PASSED] - delay(2): Delayed 2 second(s)

2019-12-12 10:26:55 - [MESSAGE][PASSED] - Delayed 2 second(s)

2019-12-12 10:26:55 - [TEST_STEP][PASSED] - click(findTestObject("Object Repository/object_reservation/button_Return To Reservation")): Object: 'Object Repository/object_reservation/button_Return To Reservation' is clicked on

2019-12-12 10:26:57 - [MESSAGE][PASSED] - Object: 'Object Repository/object_reservation/button_Return To Reservation' is clicked on

2019-12-12 10:26:57 - [TEST_STEP][PASSED] - delay(2): Delayed 2 second(s)

2019-12-12 10:26:59 - [MESSAGE][PASSED] - Delayed 2 second(s)]]></system-out>
         <system-err><![CDATA[]]></system-err>
      </testcase>
      <testcase name="Test Cases/p4p_newReservation" time="112.697" classname="Test Cases/p4p_newReservation" status="PASSED">
         <system-out><![CDATA[2019-12-12 10:27:00 - [TEST_CASE][PASSED] - Test Cases/p4p_newReservation: Test Cases/p4p_newReservation

2019-12-12 10:27:00 - [TEST_STEP][PASSED] - openBrowser("https://p4p-qa-bg.aws.paradise4paws.com/login/"): Browser is opened with url: 'https://p4p-qa-bg.aws.paradise4paws.com/login/'

2019-12-12 10:27:00 - [MESSAGE][WARNING] - A browser is already opened. Closing browser and opening a new one

2019-12-12 10:27:02 - [MESSAGE][INFO] - Starting 'Firefox' driver

2019-12-12 10:27:06 - [MESSAGE][PASSED] - Browser is opened with url: 'https://p4p-qa-bg.aws.paradise4paws.com/login/'

2019-12-12 10:27:06 - [TEST_STEP][PASSED] - setText(findTestObject("Object Repository/object_login/input_user"), var_user): Text 'jegchavez@gmail.com' is set on object 'Object Repository/object_login/input_user'

2019-12-12 10:27:07 - [MESSAGE][PASSED] - Text 'jegchavez@gmail.com' is set on object 'Object Repository/object_login/input_user'

2019-12-12 10:27:07 - [TEST_STEP][PASSED] - setText(findTestObject("Object Repository/object_login/input_pass"), var_pass): Text 'admin1' is set on object 'Object Repository/object_login/input_pass'

2019-12-12 10:27:07 - [MESSAGE][PASSED] - Text 'admin1' is set on object 'Object Repository/object_login/input_pass'

2019-12-12 10:27:07 - [TEST_STEP][PASSED] - delay(2): Delayed 2 second(s)

2019-12-12 10:27:09 - [MESSAGE][PASSED] - Delayed 2 second(s)

2019-12-12 10:27:09 - [TEST_STEP][PASSED] - verifyElementClickable(findTestObject("Object Repository/object_login/btn_login")): Object 'Object Repository/object_login/btn_login' is clickable

2019-12-12 10:27:10 - [MESSAGE][PASSED] - Object 'Object Repository/object_login/btn_login' is clickable

2019-12-12 10:27:10 - [TEST_STEP][PASSED] - click(findTestObject("Object Repository/object_login/btn_login")): Object: 'Object Repository/object_login/btn_login' is clicked on

2019-12-12 10:27:13 - [MESSAGE][PASSED] - Object: 'Object Repository/object_login/btn_login' is clicked on

2019-12-12 10:27:13 - [TEST_STEP][PASSED] - delay(2): Delayed 2 second(s)

2019-12-12 10:27:15 - [MESSAGE][PASSED] - Delayed 2 second(s)

2019-12-12 10:27:15 - [TEST_STEP][PASSED] - setText(findTestObject("Object Repository/object_dashboard_emp/input_search"), var_searchParent): Text 'leongarzagarza@hotmail.com' is set on object 'Object Repository/object_dashboard_emp/input_search'

2019-12-12 10:27:15 - [MESSAGE][PASSED] - Text 'leongarzagarza@hotmail.com' is set on object 'Object Repository/object_dashboard_emp/input_search'

2019-12-12 10:27:15 - [TEST_STEP][PASSED] - click(findTestObject("Object Repository/object_dashboard_emp/btn_accountSearch")): Object: 'Object Repository/object_dashboard_emp/btn_accountSearch' is clicked on

2019-12-12 10:27:17 - [MESSAGE][PASSED] - Object: 'Object Repository/object_dashboard_emp/btn_accountSearch' is clicked on

2019-12-12 10:27:17 - [TEST_STEP][PASSED] - delay(2): Delayed 2 second(s)

2019-12-12 10:27:19 - [MESSAGE][PASSED] - Delayed 2 second(s)

2019-12-12 10:27:19 - [TEST_STEP][PASSED] - click(findTestObject("Object Repository/object_accountInformation/a_TEST GABRIEL PROD")): Object: 'Object Repository/object_accountInformation/a_TEST GABRIEL PROD' is clicked on

2019-12-12 10:27:27 - [MESSAGE][PASSED] - Object: 'Object Repository/object_accountInformation/a_TEST GABRIEL PROD' is clicked on

2019-12-12 10:27:27 - [TEST_STEP][PASSED] - delay(2): Delayed 2 second(s)

2019-12-12 10:27:29 - [MESSAGE][PASSED] - Delayed 2 second(s)

2019-12-12 10:27:29 - [TEST_STEP][PASSED] - click(findTestObject("Object Repository/object_profile/a_addReservation")): Object: 'Object Repository/object_profile/a_addReservation' is clicked on

2019-12-12 10:27:30 - [MESSAGE][PASSED] - Object: 'Object Repository/object_profile/a_addReservation' is clicked on

2019-12-12 10:27:30 - [TEST_STEP][PASSED] - delay(2): Delayed 2 second(s)

2019-12-12 10:27:32 - [MESSAGE][PASSED] - Delayed 2 second(s)

2019-12-12 10:27:32 - [TEST_STEP][PASSED] - flagBoar = "0": null

2019-12-12 10:27:32 - [TEST_STEP][PASSED] - log = new com.kms.katalon.core.logging.KeywordLogger(): null

2019-12-12 10:27:32 - [TEST_STEP][PASSED] - log.logInfo(var_typeReserveation): Boarding

2019-12-12 10:27:32 - [MESSAGE][INFO] - Boarding

2019-12-12 10:27:32 - [TEST_STEP][PASSED] - if (var_typeReserveation == "Boarding"): null

2019-12-12 10:27:32 - [TEST_STEP][PASSED] - click(findTestObject("Object Repository/object_reservation/btn_Boarding")): Object: 'Object Repository/object_reservation/btn_Boarding' is clicked on

2019-12-12 10:27:33 - [MESSAGE][PASSED] - Object: 'Object Repository/object_reservation/btn_Boarding' is clicked on

2019-12-12 10:27:33 - [TEST_STEP][PASSED] - flagBoar = "1": null

2019-12-12 10:27:33 - [TEST_STEP][PASSED] - click(findTestObject("Object Repository/object_reservation/i_location")): Object: 'Object Repository/object_reservation/i_location' is clicked on

2019-12-12 10:27:35 - [MESSAGE][PASSED] - Object: 'Object Repository/object_reservation/i_location' is clicked on

2019-12-12 10:27:35 - [TEST_STEP][PASSED] - switch (var_idFacility): null

2019-12-12 10:27:35 - [TEST_STEP][PASSED] - dateCI = var_checkinD.split(","): null

2019-12-12 10:27:35 - [TEST_STEP][PASSED] - dateCO = var_checkoutD.split(","): null

2019-12-12 10:27:35 - [TEST_STEP][PASSED] - arryPets = var_pets.split(","): null

2019-12-12 10:27:35 - [TEST_STEP][PASSED] - delay(2): Delayed 2 second(s)

2019-12-12 10:27:37 - [MESSAGE][PASSED] - Delayed 2 second(s)

2019-12-12 10:27:37 - [TEST_STEP][PASSED] - if (var_repeting == "Y"): null

2019-12-12 10:27:37 - [TEST_STEP][PASSED] - click(findTestObject("Object Repository/object_reservation/dateCheckIn")): Object: 'Object Repository/object_reservation/dateCheckIn' is clicked on

2019-12-12 10:27:38 - [MESSAGE][PASSED] - Object: 'Object Repository/object_reservation/dateCheckIn' is clicked on

2019-12-12 10:27:38 - [TEST_STEP][PASSED] - if (dateCI[2] == "2020"): null

2019-12-12 10:27:38 - [TEST_STEP][PASSED] - delay(2): Delayed 2 second(s)

2019-12-12 10:27:40 - [MESSAGE][PASSED] - Delayed 2 second(s)

2019-12-12 10:27:40 - [TEST_STEP][PASSED] - switch (dateCI[0]): null

2019-12-12 10:27:40 - [TEST_STEP][PASSED] - case "5":: null

2019-12-12 10:27:40 - [TEST_STEP][PASSED] - click(findTestObject("Object Repository/Page_Paradise 4 Paws  Dog Boarding Cat Boarding Norwalk Pooch Hotel/button_05_ci")): Object: 'Object Repository/Page_Paradise 4 Paws  Dog Boarding Cat Boarding Norwalk Pooch Hotel/button_05_ci' is clicked on

2019-12-12 10:27:41 - [MESSAGE][PASSED] - Object: 'Object Repository/Page_Paradise 4 Paws  Dog Boarding Cat Boarding Norwalk Pooch Hotel/button_05_ci' is clicked on

2019-12-12 10:27:41 - [TEST_STEP][PASSED] - break: null

2019-12-12 10:27:41 - [TEST_STEP][PASSED] - log.logInfo("PRUEBA FLAG"): PRUEBA FLAG

2019-12-12 10:27:41 - [MESSAGE][INFO] - PRUEBA FLAG

2019-12-12 10:27:41 - [TEST_STEP][PASSED] - log.logInfo(flagBoar): 1

2019-12-12 10:27:41 - [MESSAGE][INFO] - 1

2019-12-12 10:27:41 - [TEST_STEP][PASSED] - if (flagBoar == "1"): null

2019-12-12 10:27:41 - [TEST_STEP][PASSED] - click(findTestObject("Object Repository/object_reservation/dateCheckOut")): Object: 'Object Repository/object_reservation/dateCheckOut' is clicked on

2019-12-12 10:27:41 - [MESSAGE][PASSED] - Object: 'Object Repository/object_reservation/dateCheckOut' is clicked on

2019-12-12 10:27:41 - [TEST_STEP][PASSED] - log.logInfo(dateCO[0]): 6

2019-12-12 10:27:41 - [MESSAGE][INFO] - 6

2019-12-12 10:27:41 - [TEST_STEP][PASSED] - switch (dateCO[0]): null

2019-12-12 10:27:41 - [TEST_STEP][PASSED] - case "6":: null

2019-12-12 10:27:41 - [TEST_STEP][PASSED] - click(findTestObject("Object Repository/Page_Paradise 4 Paws  Dog Boarding Cat Boarding Norwalk Pooch Hotel/button_06_co")): Object: 'Object Repository/Page_Paradise 4 Paws  Dog Boarding Cat Boarding Norwalk Pooch Hotel/button_06_co' is clicked on

2019-12-12 10:27:42 - [MESSAGE][PASSED] - Object: 'Object Repository/Page_Paradise 4 Paws  Dog Boarding Cat Boarding Norwalk Pooch Hotel/button_06_co' is clicked on

2019-12-12 10:27:42 - [TEST_STEP][PASSED] - break: null

2019-12-12 10:27:42 - [TEST_STEP][NOT_RUN] - click(findTestObject("Object Repository/object_reservationCalendar/CO_close")): NOT_RUN: click(findTestObject("Object Repository/object_reservationCalendar/CO_close"))

2019-12-12 10:27:42 - [MESSAGE][NOT_RUN] - NOT_RUN: click(findTestObject("Object Repository/object_reservationCalendar/CO_close"))

2019-12-12 10:27:42 - [TEST_STEP][PASSED] - click(findTestObject("Object Repository/object_reservation/timeCheckin")): Object: 'Object Repository/object_reservation/timeCheckin' is clicked on

2019-12-12 10:27:43 - [MESSAGE][PASSED] - Object: 'Object Repository/object_reservation/timeCheckin' is clicked on

2019-12-12 10:27:43 - [TEST_STEP][PASSED] - log.logInfo("test timePicker"): test timePicker

2019-12-12 10:27:43 - [MESSAGE][INFO] - test timePicker

2019-12-12 10:27:43 - [TEST_STEP][PASSED] - switch (var_checkinT): null

2019-12-12 10:27:43 - [TEST_STEP][PASSED] - case "800":: null

2019-12-12 10:27:43 - [TEST_STEP][PASSED] - click(findTestObject("Object Repository/Page_Paradise 4 Paws  Dog Boarding Cat Boarding Norwalk Pooch Hotel/time_800am_ci")): Object: 'Object Repository/Page_Paradise 4 Paws  Dog Boarding Cat Boarding Norwalk Pooch Hotel/time_800am_ci' is clicked on

2019-12-12 10:27:43 - [MESSAGE][PASSED] - Object: 'Object Repository/Page_Paradise 4 Paws  Dog Boarding Cat Boarding Norwalk Pooch Hotel/time_800am_ci' is clicked on

2019-12-12 10:27:43 - [TEST_STEP][PASSED] - break: null

2019-12-12 10:27:43 - [TEST_STEP][PASSED] - click(findTestObject("Object Repository/object_reservation/timeCheckOut")): Object: 'Object Repository/object_reservation/timeCheckOut' is clicked on

2019-12-12 10:27:44 - [MESSAGE][PASSED] - Object: 'Object Repository/object_reservation/timeCheckOut' is clicked on

2019-12-12 10:27:44 - [TEST_STEP][PASSED] - switch (var_checkoutT): null

2019-12-12 10:27:44 - [TEST_STEP][PASSED] - case "1200":: null

2019-12-12 10:27:44 - [TEST_STEP][PASSED] - log.logInfo("test 1200"): test 1200

2019-12-12 10:27:44 - [MESSAGE][INFO] - test 1200

2019-12-12 10:27:44 - [TEST_STEP][PASSED] - click(findTestObject("Object Repository/Page_Paradise 4 Paws  Dog Boarding Cat Boarding Norwalk Pooch Hotel/time_1200pm_co")): Object: 'Object Repository/Page_Paradise 4 Paws  Dog Boarding Cat Boarding Norwalk Pooch Hotel/time_1200pm_co' is clicked on

2019-12-12 10:27:45 - [MESSAGE][PASSED] - Object: 'Object Repository/Page_Paradise 4 Paws  Dog Boarding Cat Boarding Norwalk Pooch Hotel/time_1200pm_co' is clicked on

2019-12-12 10:27:45 - [TEST_STEP][PASSED] - break: null

2019-12-12 10:27:45 - [TEST_STEP][PASSED] - delay(2): Delayed 2 second(s)

2019-12-12 10:27:47 - [MESSAGE][PASSED] - Delayed 2 second(s)

2019-12-12 10:27:47 - [TEST_STEP][PASSED] - log.logInfo("-- ANTES REPEATING --"): -- ANTES REPEATING --

2019-12-12 10:27:47 - [MESSAGE][INFO] - -- ANTES REPEATING --

2019-12-12 10:27:47 - [TEST_STEP][PASSED] - if (arryPets.size() == 1): null

2019-12-12 10:27:47 - [TEST_STEP][PASSED] - else if (arryPets.size() == 2): null

2019-12-12 10:27:47 - [TEST_STEP][PASSED] - else if (arryPets.size() == 3): Object: 'Object Repository/object_reservation/div_Athena' is clicked on

2019-12-12 10:27:47 - [TEST_STEP][PASSED] - click(findTestObject("object_reservation/Page_Paradise 4 Paws  Dog Boarding Cat Boarding Norwalk Pooch Hotel/div_Ares")): Object: 'Object Repository/object_reservation/Page_Paradise 4 Paws  Dog Boarding Cat Boarding Norwalk Pooch Hotel/div_Ares' is clicked on

2019-12-12 10:27:48 - [MESSAGE][PASSED] - Object: 'Object Repository/object_reservation/Page_Paradise 4 Paws  Dog Boarding Cat Boarding Norwalk Pooch Hotel/div_Ares' is clicked on

2019-12-12 10:27:48 - [TEST_STEP][PASSED] - click(findTestObject("object_reservation/div_Zeus")): Object: 'Object Repository/object_reservation/div_Zeus' is clicked on

2019-12-12 10:27:53 - [MESSAGE][PASSED] - Object: 'Object Repository/object_reservation/div_Zeus' is clicked on

2019-12-12 10:27:53 - [TEST_STEP][PASSED] - click(findTestObject("object_reservation/div_Athena")): Object: 'Object Repository/object_reservation/div_Athena' is clicked on

2019-12-12 10:27:59 - [MESSAGE][PASSED] - Object: 'Object Repository/object_reservation/div_Athena' is clicked on

2019-12-12 10:27:59 - [TEST_STEP][NOT_RUN] - click(findTestObject("object_reservations/i_Day_fa fa-circle-o ng-scope")): NOT_RUN: click(findTestObject("object_reservations/i_Day_fa fa-circle-o ng-scope"))

2019-12-12 10:27:59 - [MESSAGE][NOT_RUN] - NOT_RUN: click(findTestObject("object_reservations/i_Day_fa fa-circle-o ng-scope"))

2019-12-12 10:27:59 - [TEST_STEP][PASSED] - if (flagBoar == "1" || flagBoar == "2"): Object: 'Object Repository/object_reservation/div_suite_rad_deluxe' is clicked on

2019-12-12 10:27:59 - [TEST_STEP][PASSED] - click(findTestObject("Object Repository/object_reservation/div_suite_rad_deluxe")): Object: 'Object Repository/object_reservation/div_suite_rad_deluxe' is clicked on

2019-12-12 10:28:03 - [MESSAGE][PASSED] - Object: 'Object Repository/object_reservation/div_suite_rad_deluxe' is clicked on

2019-12-12 10:28:03 - [TEST_STEP][PASSED] - click(findTestObject("Object Repository/object_reservation/btn_next2")): Object: 'Object Repository/object_reservation/btn_next2' is clicked on

2019-12-12 10:28:06 - [MESSAGE][PASSED] - Object: 'Object Repository/object_reservation/btn_next2' is clicked on

2019-12-12 10:28:06 - [TEST_STEP][PASSED] - delay(3): Delayed 3 second(s)

2019-12-12 10:28:09 - [MESSAGE][PASSED] - Delayed 3 second(s)

2019-12-12 10:28:09 - [TEST_STEP][PASSED] - if (flagBoar == "1"): Object: 'Object Repository/object_reservation/button_DeclineThisPromo' is clicked on

2019-12-12 10:28:09 - [TEST_STEP][PASSED] - click(findTestObject("Object Repository/object_reservation/button_DeclineThisPromo")): Object: 'Object Repository/object_reservation/button_DeclineThisPromo' is clicked on

2019-12-12 10:28:09 - [MESSAGE][PASSED] - Object: 'Object Repository/object_reservation/button_DeclineThisPromo' is clicked on

2019-12-12 10:28:09 - [TEST_STEP][PASSED] - delay(2): Delayed 2 second(s)

2019-12-12 10:28:11 - [MESSAGE][PASSED] - Delayed 2 second(s)

2019-12-12 10:28:11 - [TEST_STEP][PASSED] - click(findTestObject("Object Repository/object_reservation/btn_next2")): Object: 'Object Repository/object_reservation/btn_next2' is clicked on

2019-12-12 10:28:12 - [MESSAGE][PASSED] - Object: 'Object Repository/object_reservation/btn_next2' is clicked on

2019-12-12 10:28:12 - [TEST_STEP][PASSED] - click(findTestObject("Object Repository/object_reservation/button_Submit Reservation")): Object: 'Object Repository/object_reservation/button_Submit Reservation' is clicked on

2019-12-12 10:28:14 - [MESSAGE][PASSED] - Object: 'Object Repository/object_reservation/button_Submit Reservation' is clicked on

2019-12-12 10:28:14 - [TEST_STEP][PASSED] - delay(2): Delayed 2 second(s)

2019-12-12 10:28:16 - [MESSAGE][PASSED] - Delayed 2 second(s)

2019-12-12 10:28:16 - [TEST_STEP][PASSED] - if (flagBoar == "2" && var_repeatingEvery == "Daily" || var_repeatingEvery == "Monthly" || var_repeatingEvery == "Weekly"): null

2019-12-12 10:28:16 - [TEST_STEP][PASSED] - else: Object: 'Object Repository/object_reservation/button_Return To Reservation' is clicked on

2019-12-12 10:28:16 - [TEST_STEP][PASSED] - delay(2): Delayed 2 second(s)

2019-12-12 10:28:18 - [MESSAGE][PASSED] - Delayed 2 second(s)

2019-12-12 10:28:18 - [TEST_STEP][PASSED] - click(findTestObject("Object Repository/object_reservation/button_Return To Reservation")): Object: 'Object Repository/object_reservation/button_Return To Reservation' is clicked on

2019-12-12 10:28:48 - [MESSAGE][ERROR] - TypeError: rect is undefined
Build info: version: '3.141.59', revision: 'e82be7d358', time: '2018-11-14T08:25:53'
System info: host: 'leonardoarkusmty-Inspiron-5577', ip: '127.0.1.1', os.name: 'Linux', os.arch: 'amd64', os.version: '4.15.0-72-generic', java.version: '1.8.0_222'
Driver info: com.kms.katalon.core.webui.driver.firefox.CGeckoDriver
Capabilities {acceptInsecureCerts: true, browserName: firefox, browserVersion: 70.0.1, javascriptEnabled: true, moz:accessibilityChecks: false, moz:buildID: 20191031062442, moz:geckodriverVersion: 0.23.0, moz:headless: false, moz:processID: 15884, moz:profile: /tmp/rust_mozprofile.nn31Vm..., moz:shutdownTimeout: 60000, moz:useNonSpecCompliantPointerOrigin: false, moz:webdriverClick: true, pageLoadStrategy: normal, platform: LINUX, platformName: LINUX, platformVersion: 4.15.0-72-generic, proxy: Proxy(direct), rotatable: false, setWindowRect: true, strictFileInteractability: false, timeouts: {implicit: 0, pageLoad: 300000, script: 30000}, unhandledPromptBehavior: dismiss and notify}
Session ID: 57a76329-6f6f-4bb6-9d36-9fe512494c52

2019-12-12 10:28:50 - [MESSAGE][PASSED] - Object: 'Object Repository/object_reservation/button_Return To Reservation' is clicked on

2019-12-12 10:28:50 - [TEST_STEP][PASSED] - delay(2): Delayed 2 second(s)

2019-12-12 10:28:52 - [MESSAGE][PASSED] - Delayed 2 second(s)]]></system-out>
         <system-err><![CDATA[]]></system-err>
      </testcase>
      <system-out><![CDATA[2019-12-12 10:24:29 - [TEST_SUITE][PASSED] - ts_newReservationBoarding: Test Cases/p4p_newReservation]]></system-out>
      <system-err><![CDATA[]]></system-err>
   </testsuite>
</testsuites>
