<?xml version="1.0" encoding="UTF-8"?>
<testsuites name="ts_newReservationDaycare" time="1097.746" tests="11" failures="7" errors="1">
   <testsuite name="ts_newReservationDaycare" tests="11" failures="7" errors="1" time="1097.746" timestamp="2019-12-16 09:25:31" hostname="leonardo-arkusmty - leonardoarkusmty-Inspiron-5577" id="Test Suites/ts_newReservationDaycare">
      <properties>
         <property name="deviceName" value=""/>
         <property name="devicePlatform" value=""/>
         <property name="logFolder" value="/home/leonardo-arkusmty/Documents/workspaceKatalon/p4ptest/Reports/20191216_092530/ts_newReservationDaycare/20191216_092530"/>
         <property name="logFiles" value="/home/leonardo-arkusmty/Documents/workspaceKatalon/p4ptest/Reports/20191216_092530/ts_newReservationDaycare/20191216_092530/execution0.log"/>
         <property name="attachments" value="/home/leonardo-arkusmty/Documents/workspaceKatalon/p4ptest/Reports/20191216_092530/ts_newReservationDaycare/20191216_092530/1576510286630.png, /home/leonardo-arkusmty/Documents/workspaceKatalon/p4ptest/Reports/20191216_092530/ts_newReservationDaycare/20191216_092530/1576510404299.png, /home/leonardo-arkusmty/Documents/workspaceKatalon/p4ptest/Reports/20191216_092530/ts_newReservationDaycare/20191216_092530/1576510465619.png, /home/leonardo-arkusmty/Documents/workspaceKatalon/p4ptest/Reports/20191216_092530/ts_newReservationDaycare/20191216_092530/1576510530011.png, /home/leonardo-arkusmty/Documents/workspaceKatalon/p4ptest/Reports/20191216_092530/ts_newReservationDaycare/20191216_092530/1576510596911.png, /home/leonardo-arkusmty/Documents/workspaceKatalon/p4ptest/Reports/20191216_092530/ts_newReservationDaycare/20191216_092530/1576510686281.png, /home/leonardo-arkusmty/Documents/workspaceKatalon/p4ptest/Reports/20191216_092530/ts_newReservationDaycare/20191216_092530/1576511029190.png"/>
         <property name="hostName" value="leonardo-arkusmty - leonardoarkusmty-Inspiron-5577"/>
         <property name="os" value="Linux 64bit"/>
         <property name="katalonVersion" value="7.0.8.1"/>
         <property name="browser" value="Firefox 71.0"/>
         <property name="hostAddress" value="127.0.1.1"/>
         <property name="sessionId" value="9690000f-c41d-4cc8-8f26-59b488b29579"/>
         <property name="seleniumVersion" value="3.141.59"/>
         <property name="proxyInformation" value="ProxyInformation{proxyOption=NO_PROXY, proxyServerType=HTTP, password=, proxyServerAddress=, proxyServerPort=0}"/>
         <property name="platform" value="Linux"/>
      </properties>
      <testcase name="Test Cases/p4p_newReservationDaycare" time="73.863" classname="Test Cases/p4p_newReservationDaycare" status="PASSED">
         <system-out><![CDATA[2019-12-16 09:25:32 - [TEST_CASE][PASSED] - Test Cases/p4p_newReservationDaycare: Test Cases/p4p_newReservationDaycare

2019-12-16 09:25:33 - [TEST_STEP][PASSED] - openBrowser("https://p4p-qa-bg.aws.paradise4paws.com/login/"): Browser is opened with url: 'https://p4p-qa-bg.aws.paradise4paws.com/login/'

2019-12-16 09:25:33 - [MESSAGE][INFO] - Starting 'Firefox' driver

2019-12-16 09:25:33 - [MESSAGE][INFO] - Action delay is set to 0 seconds

2019-12-16 09:25:37 - [MESSAGE][PASSED] - Browser is opened with url: 'https://p4p-qa-bg.aws.paradise4paws.com/login/'

2019-12-16 09:25:37 - [TEST_STEP][PASSED] - setText(findTestObject("Object Repository/object_login/input_user"), var_user): Text 'jegchavez@gmail.com' is set on object 'Object Repository/object_login/input_user'

2019-12-16 09:25:37 - [MESSAGE][PASSED] - Text 'jegchavez@gmail.com' is set on object 'Object Repository/object_login/input_user'

2019-12-16 09:25:37 - [TEST_STEP][PASSED] - setText(findTestObject("Object Repository/object_login/input_pass"), var_pass): Text 'admin1' is set on object 'Object Repository/object_login/input_pass'

2019-12-16 09:25:38 - [MESSAGE][PASSED] - Text 'admin1' is set on object 'Object Repository/object_login/input_pass'

2019-12-16 09:25:38 - [TEST_STEP][PASSED] - delay(2): Delayed 2 second(s)

2019-12-16 09:25:40 - [MESSAGE][PASSED] - Delayed 2 second(s)

2019-12-16 09:25:40 - [TEST_STEP][PASSED] - verifyElementClickable(findTestObject("Object Repository/object_login/btn_login")): Object 'Object Repository/object_login/btn_login' is clickable

2019-12-16 09:25:40 - [MESSAGE][PASSED] - Object 'Object Repository/object_login/btn_login' is clickable

2019-12-16 09:25:40 - [TEST_STEP][PASSED] - click(findTestObject("Object Repository/object_login/btn_login")): Object: 'Object Repository/object_login/btn_login' is clicked on

2019-12-16 09:25:44 - [MESSAGE][PASSED] - Object: 'Object Repository/object_login/btn_login' is clicked on

2019-12-16 09:25:44 - [TEST_STEP][PASSED] - delay(2): Delayed 2 second(s)

2019-12-16 09:25:46 - [MESSAGE][PASSED] - Delayed 2 second(s)

2019-12-16 09:25:46 - [TEST_STEP][PASSED] - setText(findTestObject("Object Repository/object_dashboard_emp/input_search"), var_searchParent): Text 'leongarzagarza@hotmail.com' is set on object 'Object Repository/object_dashboard_emp/input_search'

2019-12-16 09:25:47 - [MESSAGE][PASSED] - Text 'leongarzagarza@hotmail.com' is set on object 'Object Repository/object_dashboard_emp/input_search'

2019-12-16 09:25:47 - [TEST_STEP][PASSED] - click(findTestObject("Object Repository/object_dashboard_emp/btn_accountSearch")): Object: 'Object Repository/object_dashboard_emp/btn_accountSearch' is clicked on

2019-12-16 09:25:48 - [MESSAGE][PASSED] - Object: 'Object Repository/object_dashboard_emp/btn_accountSearch' is clicked on

2019-12-16 09:25:48 - [TEST_STEP][PASSED] - delay(2): Delayed 2 second(s)

2019-12-16 09:25:50 - [MESSAGE][PASSED] - Delayed 2 second(s)

2019-12-16 09:25:50 - [TEST_STEP][PASSED] - click(findTestObject("Object Repository/object_accountInformation/a_TEST GABRIEL PROD")): Object: 'Object Repository/object_accountInformation/a_TEST GABRIEL PROD' is clicked on

2019-12-16 09:25:54 - [MESSAGE][PASSED] - Object: 'Object Repository/object_accountInformation/a_TEST GABRIEL PROD' is clicked on

2019-12-16 09:25:54 - [TEST_STEP][PASSED] - delay(2): Delayed 2 second(s)

2019-12-16 09:25:56 - [MESSAGE][PASSED] - Delayed 2 second(s)

2019-12-16 09:25:56 - [TEST_STEP][PASSED] - var_url = getUrl(): Current window's url is: 'https://p4p-qa-bg.aws.paradise4paws.com/accounts/profile/#/reservations/122350/'

2019-12-16 09:25:56 - [MESSAGE][PASSED] - Current window's url is: 'https://p4p-qa-bg.aws.paradise4paws.com/accounts/profile/#/reservations/122350/'

2019-12-16 09:25:56 - [TEST_STEP][PASSED] - log0 = new com.kms.katalon.core.logging.KeywordLogger(): null

2019-12-16 09:25:56 - [TEST_STEP][PASSED] - arrUrl = var_url.split("/"): null

2019-12-16 09:25:56 - [TEST_STEP][PASSED] - idParent = arrUrl[7]: null

2019-12-16 09:25:56 - [TEST_STEP][PASSED] - click(findTestObject("Object Repository/object_profile/a_addReservation")): Object: 'Object Repository/object_profile/a_addReservation' is clicked on

2019-12-16 09:25:57 - [MESSAGE][PASSED] - Object: 'Object Repository/object_profile/a_addReservation' is clicked on

2019-12-16 09:25:57 - [TEST_STEP][PASSED] - delay(2): Delayed 2 second(s)

2019-12-16 09:25:59 - [MESSAGE][PASSED] - Delayed 2 second(s)

2019-12-16 09:25:59 - [TEST_STEP][PASSED] - flagBoar = "0": null

2019-12-16 09:25:59 - [TEST_STEP][PASSED] - log = new com.kms.katalon.core.logging.KeywordLogger(): null

2019-12-16 09:25:59 - [TEST_STEP][PASSED] - if (var_typeReserveation == "Boarding"): null

2019-12-16 09:25:59 - [TEST_STEP][PASSED] - else if (var_typeReserveation == "Daycare"): Object: 'Object Repository/object_reservation/btn_Daycare' is clicked on

2019-12-16 09:25:59 - [TEST_STEP][PASSED] - flagBoar = "2": null

2019-12-16 09:25:59 - [TEST_STEP][PASSED] - click(findTestObject("object_reservation/btn_Daycare")): Object: 'Object Repository/object_reservation/btn_Daycare' is clicked on

2019-12-16 09:26:00 - [MESSAGE][PASSED] - Object: 'Object Repository/object_reservation/btn_Daycare' is clicked on

2019-12-16 09:26:00 - [TEST_STEP][PASSED] - click(findTestObject("Object Repository/object_reservation/i_location")): Object: 'Object Repository/object_reservation/i_location' is clicked on

2019-12-16 09:26:02 - [MESSAGE][PASSED] - Object: 'Object Repository/object_reservation/i_location' is clicked on

2019-12-16 09:26:02 - [TEST_STEP][PASSED] - switch (var_idFacility): null

2019-12-16 09:26:02 - [TEST_STEP][PASSED] - dateCI = var_checkinD.split(","): null

2019-12-16 09:26:02 - [TEST_STEP][PASSED] - dateCO = var_checkoutD.split(","): null

2019-12-16 09:26:02 - [TEST_STEP][PASSED] - arryPets = var_pets.split(","): null

2019-12-16 09:26:02 - [TEST_STEP][PASSED] - delay(2): Delayed 2 second(s)

2019-12-16 09:26:04 - [MESSAGE][PASSED] - Delayed 2 second(s)

2019-12-16 09:26:04 - [TEST_STEP][PASSED] - if (var_repeting == "Y"): null

2019-12-16 09:26:04 - [TEST_STEP][PASSED] - click(findTestObject("Object Repository/object_reservation/dateCheckIn")): Object: 'Object Repository/object_reservation/dateCheckIn' is clicked on

2019-12-16 09:26:05 - [MESSAGE][PASSED] - Object: 'Object Repository/object_reservation/dateCheckIn' is clicked on

2019-12-16 09:26:05 - [TEST_STEP][PASSED] - stringCI2020 = "0": null

2019-12-16 09:26:05 - [TEST_STEP][PASSED] - stringCO2020 = "0": null

2019-12-16 09:26:05 - [TEST_STEP][PASSED] - if (dateCI[0] == "16" && dateCI[1] == "01" && dateCI[2] == "2020"): null

2019-12-16 09:26:05 - [TEST_STEP][PASSED] - if (dateCI[0] == "18" && dateCI[1] == "02" && dateCI[2] == "2020"): null

2019-12-16 09:26:05 - [TEST_STEP][PASSED] - if (dateCI[0] == "21" && dateCI[1] == "03" && dateCI[2] == "2020"): null

2019-12-16 09:26:05 - [TEST_STEP][PASSED] - delay(2): Delayed 2 second(s)

2019-12-16 09:26:07 - [MESSAGE][PASSED] - Delayed 2 second(s)

2019-12-16 09:26:07 - [TEST_STEP][PASSED] - if (stringCI2020 == "0"): null

2019-12-16 09:26:07 - [TEST_STEP][PASSED] - switch (dateCI[0]): null

2019-12-16 09:26:07 - [TEST_STEP][PASSED] - case "7":: null

2019-12-16 09:26:07 - [TEST_STEP][PASSED] - click(findTestObject("Object Repository/Page_Paradise 4 Paws  Dog Boarding Cat Boarding Norwalk Pooch Hotel/button_07_ci")): Object: 'Object Repository/Page_Paradise 4 Paws  Dog Boarding Cat Boarding Norwalk Pooch Hotel/button_07_ci' is clicked on

2019-12-16 09:26:08 - [MESSAGE][PASSED] - Object: 'Object Repository/Page_Paradise 4 Paws  Dog Boarding Cat Boarding Norwalk Pooch Hotel/button_07_ci' is clicked on

2019-12-16 09:26:08 - [TEST_STEP][PASSED] - break: null

2019-12-16 09:26:08 - [TEST_STEP][PASSED] - if (flagBoar == "1" || flagBoar == "2" && var_repeatingEvery == "Daily" || flagBoar == "2" && var_repeatingEvery == "Weekly" || flagBoar == "2" && var_repeatingEvery == "Monthly"): null

2019-12-16 09:26:08 - [TEST_STEP][NOT_RUN] - click(findTestObject("Object Repository/object_reservationCalendar/CO_close")): NOT_RUN: click(findTestObject("Object Repository/object_reservationCalendar/CO_close"))

2019-12-16 09:26:08 - [MESSAGE][NOT_RUN] - NOT_RUN: click(findTestObject("Object Repository/object_reservationCalendar/CO_close"))

2019-12-16 09:26:08 - [TEST_STEP][PASSED] - click(findTestObject("Object Repository/object_reservation/timeCheckin")): Object: 'Object Repository/object_reservation/timeCheckin' is clicked on

2019-12-16 09:26:08 - [MESSAGE][PASSED] - Object: 'Object Repository/object_reservation/timeCheckin' is clicked on

2019-12-16 09:26:08 - [TEST_STEP][PASSED] - switch (var_checkinT): null

2019-12-16 09:26:08 - [TEST_STEP][PASSED] - case "800":: null

2019-12-16 09:26:08 - [TEST_STEP][PASSED] - click(findTestObject("Object Repository/Page_Paradise 4 Paws  Dog Boarding Cat Boarding Norwalk Pooch Hotel/time_800am_ci")): Object: 'Object Repository/Page_Paradise 4 Paws  Dog Boarding Cat Boarding Norwalk Pooch Hotel/time_800am_ci' is clicked on

2019-12-16 09:26:09 - [MESSAGE][PASSED] - Object: 'Object Repository/Page_Paradise 4 Paws  Dog Boarding Cat Boarding Norwalk Pooch Hotel/time_800am_ci' is clicked on

2019-12-16 09:26:09 - [TEST_STEP][PASSED] - break: null

2019-12-16 09:26:09 - [TEST_STEP][PASSED] - click(findTestObject("Object Repository/object_reservation/timeCheckOut")): Object: 'Object Repository/object_reservation/timeCheckOut' is clicked on

2019-12-16 09:26:10 - [MESSAGE][PASSED] - Object: 'Object Repository/object_reservation/timeCheckOut' is clicked on

2019-12-16 09:26:10 - [TEST_STEP][PASSED] - switch (var_checkoutT): null

2019-12-16 09:26:10 - [TEST_STEP][PASSED] - case "1200":: null

2019-12-16 09:26:10 - [TEST_STEP][PASSED] - click(findTestObject("Object Repository/Page_Paradise 4 Paws  Dog Boarding Cat Boarding Norwalk Pooch Hotel/time_1200pm_co")): Object: 'Object Repository/Page_Paradise 4 Paws  Dog Boarding Cat Boarding Norwalk Pooch Hotel/time_1200pm_co' is clicked on

2019-12-16 09:26:11 - [MESSAGE][PASSED] - Object: 'Object Repository/Page_Paradise 4 Paws  Dog Boarding Cat Boarding Norwalk Pooch Hotel/time_1200pm_co' is clicked on

2019-12-16 09:26:11 - [TEST_STEP][PASSED] - break: null

2019-12-16 09:26:11 - [TEST_STEP][PASSED] - delay(2): Delayed 2 second(s)

2019-12-16 09:26:13 - [MESSAGE][PASSED] - Delayed 2 second(s)

2019-12-16 09:26:13 - [TEST_STEP][PASSED] - if (arryPets.size() == 1): Object: 'Object Repository/object_reservation/Page_Paradise 4 Paws  Dog Boarding Cat Boarding Norwalk Pooch Hotel/div_Ares' is clicked on

2019-12-16 09:26:13 - [TEST_STEP][PASSED] - click(findTestObject("Object Repository/object_reservation/Page_Paradise 4 Paws  Dog Boarding Cat Boarding Norwalk Pooch Hotel/div_Ares")): Object: 'Object Repository/object_reservation/Page_Paradise 4 Paws  Dog Boarding Cat Boarding Norwalk Pooch Hotel/div_Ares' is clicked on

2019-12-16 09:26:14 - [MESSAGE][PASSED] - Object: 'Object Repository/object_reservation/Page_Paradise 4 Paws  Dog Boarding Cat Boarding Norwalk Pooch Hotel/div_Ares' is clicked on

2019-12-16 09:26:14 - [TEST_STEP][NOT_RUN] - click(findTestObject("object_reservations/i_Day_fa fa-circle-o ng-scope")): NOT_RUN: click(findTestObject("object_reservations/i_Day_fa fa-circle-o ng-scope"))

2019-12-16 09:26:14 - [MESSAGE][NOT_RUN] - NOT_RUN: click(findTestObject("object_reservations/i_Day_fa fa-circle-o ng-scope"))

2019-12-16 09:26:14 - [TEST_STEP][PASSED] - if (flagBoar == "1" || flagBoar == "2"): Object: 'Object Repository/object_reservation/div_suite_rad_deluxe' is clicked on

2019-12-16 09:26:14 - [TEST_STEP][PASSED] - click(findTestObject("Object Repository/object_reservation/div_suite_rad_deluxe")): Object: 'Object Repository/object_reservation/div_suite_rad_deluxe' is clicked on

2019-12-16 09:26:18 - [MESSAGE][PASSED] - Object: 'Object Repository/object_reservation/div_suite_rad_deluxe' is clicked on

2019-12-16 09:26:18 - [TEST_STEP][PASSED] - click(findTestObject("Object Repository/object_reservation/btn_next2")): Object: 'Object Repository/object_reservation/btn_next2' is clicked on

2019-12-16 09:26:20 - [MESSAGE][PASSED] - Object: 'Object Repository/object_reservation/btn_next2' is clicked on

2019-12-16 09:26:20 - [TEST_STEP][PASSED] - delay(3): Delayed 3 second(s)

2019-12-16 09:26:23 - [MESSAGE][PASSED] - Delayed 3 second(s)

2019-12-16 09:26:23 - [TEST_STEP][PASSED] - if (flagBoar == "1"): null

2019-12-16 09:26:23 - [TEST_STEP][PASSED] - delay(2): Delayed 2 second(s)

2019-12-16 09:26:25 - [MESSAGE][PASSED] - Delayed 2 second(s)

2019-12-16 09:26:25 - [TEST_STEP][PASSED] - click(findTestObject("Object Repository/object_reservation/btn_next2")): Object: 'Object Repository/object_reservation/btn_next2' is clicked on

2019-12-16 09:26:25 - [MESSAGE][PASSED] - Object: 'Object Repository/object_reservation/btn_next2' is clicked on

2019-12-16 09:26:25 - [TEST_STEP][PASSED] - click(findTestObject("Object Repository/object_reservation/button_Submit Reservation")): Object: 'Object Repository/object_reservation/button_Submit Reservation' is clicked on

2019-12-16 09:26:28 - [MESSAGE][PASSED] - Object: 'Object Repository/object_reservation/button_Submit Reservation' is clicked on

2019-12-16 09:26:28 - [TEST_STEP][PASSED] - delay(2): Delayed 2 second(s)

2019-12-16 09:26:30 - [MESSAGE][PASSED] - Delayed 2 second(s)

2019-12-16 09:26:30 - [TEST_STEP][PASSED] - if (flagBoar == "2" && var_repeatingEvery == "Daily" || var_repeatingEvery == "Monthly" || var_repeatingEvery == "Weekly"): null

2019-12-16 09:26:30 - [TEST_STEP][PASSED] - delay(2): Delayed 2 second(s)

2019-12-16 09:26:32 - [MESSAGE][PASSED] - Delayed 2 second(s)

2019-12-16 09:26:32 - [TEST_STEP][PASSED] - click(findTestObject("Object Repository/object_reservation/button_Return To Reservation")): Object: 'Object Repository/object_reservation/button_Return To Reservation' is clicked on

2019-12-16 09:26:33 - [MESSAGE][PASSED] - Object: 'Object Repository/object_reservation/button_Return To Reservation' is clicked on

2019-12-16 09:26:33 - [TEST_STEP][PASSED] - delay(6): Delayed 6 second(s)

2019-12-16 09:26:39 - [MESSAGE][PASSED] - Delayed 6 second(s)

2019-12-16 09:26:39 - [TEST_STEP][PASSED] - click(findTestObject("Object Repository/object_reservation/Page_Paradise 4 Paws  Dog Boarding Cat Boar_35fe2b/button_Go to CheckOut")): Object: 'Object Repository/object_reservation/Page_Paradise 4 Paws  Dog Boarding Cat Boar_35fe2b/button_Go to CheckOut' is clicked on

2019-12-16 09:26:41 - [MESSAGE][PASSED] - Object: 'Object Repository/object_reservation/Page_Paradise 4 Paws  Dog Boarding Cat Boar_35fe2b/button_Go to CheckOut' is clicked on

2019-12-16 09:26:41 - [TEST_STEP][PASSED] - delay(2): Delayed 2 second(s)

2019-12-16 09:26:43 - [MESSAGE][PASSED] - Delayed 2 second(s)

2019-12-16 09:26:43 - [TEST_STEP][PASSED] - log.logInfo(getText(findTestObject("Object Repository/object_reservation/Page_Paradise 4 Paws  Dog Boarding Cat Boar_35fe2b/span_( BK )"))): ( BK )

2019-12-16 09:26:44 - [MESSAGE][PASSED] - Text of object 'Object Repository/object_reservation/Page_Paradise 4 Paws  Dog Boarding Cat Boar_35fe2b/span_( BK )' is: '( BK )'

2019-12-16 09:26:44 - [MESSAGE][INFO] - ( BK )

2019-12-16 09:26:44 - [TEST_STEP][PASSED] - var_url = getUrl(): Current window's url is: 'https://p4p-qa-bg.aws.paradise4paws.com/frontdesk/checkout/1702530/?parent_id=122350'

2019-12-16 09:26:44 - [MESSAGE][PASSED] - Current window's url is: 'https://p4p-qa-bg.aws.paradise4paws.com/frontdesk/checkout/1702530/?parent_id=122350'

2019-12-16 09:26:44 - [TEST_STEP][PASSED] - arrayUrl = var_url.split("/"): null

2019-12-16 09:26:44 - [TEST_STEP][PASSED] - var = Integer.parseInt(var_idRowRes): null

2019-12-16 09:26:44 - [TEST_STEP][PASSED] - verifyElementText(findTestObject("Object Repository/object_reservation/Page_Paradise 4 Paws  Dog Boarding Cat Boar_35fe2b/span_( BK )"), "( BK )", STOP_ON_FAILURE): Actual text and expected text of test object 'Object Repository/object_reservation/Page_Paradise 4 Paws  Dog Boarding Cat Boar_35fe2b/span_( BK )' are matched.

2019-12-16 09:26:44 - [MESSAGE][PASSED] - Actual text and expected text of test object 'Object Repository/object_reservation/Page_Paradise 4 Paws  Dog Boarding Cat Boar_35fe2b/span_( BK )' are matched.

2019-12-16 09:26:44 - [TEST_STEP][PASSED] - fis = new java.io.FileInputStream(/home/leonardo-arkusmty/Desktop/P4P/DATA_AUTOMATINTESTING/data_1newReservationDaycare.xlsx): null

2019-12-16 09:26:44 - [TEST_STEP][PASSED] - workbook = new org.apache.poi.xssf.usermodel.XSSFWorkbook(fis): null

2019-12-16 09:26:44 - [TEST_STEP][PASSED] - sheet = workbook.getSheet("Sheet1"): null

2019-12-16 09:26:44 - [TEST_STEP][PASSED] - rowCount = var_row: null

2019-12-16 09:26:44 - [TEST_STEP][PASSED] - row = sheet.getRow(var): null

2019-12-16 09:26:44 - [TEST_STEP][PASSED] - cell = row.createCell(15, 0): null

2019-12-16 09:26:44 - [TEST_STEP][PASSED] - cell.setCellType(CELL_TYPE_STRING): null

2019-12-16 09:26:44 - [TEST_STEP][PASSED] - cell.setCellValue(arrayUrl[5]): null

2019-12-16 09:26:44 - [TEST_STEP][PASSED] - cell2 = row.createCell(16, 0): null

2019-12-16 09:26:44 - [TEST_STEP][PASSED] - cell2.setCellType(CELL_TYPE_STRING): null

2019-12-16 09:26:44 - [TEST_STEP][PASSED] - cell2.setCellValue(getText(findTestObject("Object Repository/object_reservation/Page_Paradise 4 Paws  Dog Boarding Cat Boar_35fe2b/span_( BK )"))): Text of object 'Object Repository/object_reservation/Page_Paradise 4 Paws  Dog Boarding Cat Boar_35fe2b/span_( BK )' is: '( BK )'

2019-12-16 09:26:45 - [MESSAGE][PASSED] - Text of object 'Object Repository/object_reservation/Page_Paradise 4 Paws  Dog Boarding Cat Boar_35fe2b/span_( BK )' is: '( BK )'

2019-12-16 09:26:45 - [TEST_STEP][PASSED] - fos = new java.io.FileOutputStream(/home/leonardo-arkusmty/Desktop/P4P/DATA_AUTOMATINTESTING/data_1newReservationDaycare.xlsx): null

2019-12-16 09:26:45 - [TEST_STEP][PASSED] - workbook.write(fos): null

2019-12-16 09:26:45 - [TEST_STEP][PASSED] - fos.close(): null

2019-12-16 09:26:45 - [TEST_STEP][PASSED] - delay(1): Delayed 1 second(s)

2019-12-16 09:26:46 - [MESSAGE][PASSED] - Delayed 1 second(s)

2019-12-16 09:26:46 - [TEST_STEP][PASSED] - (var_row++): null]]></system-out>
         <system-err><![CDATA[]]></system-err>
      </testcase>
      <testcase name="Test Cases/p4p_newReservationDaycare" time="79.322" classname="Test Cases/p4p_newReservationDaycare" status="PASSED">
         <system-out><![CDATA[2019-12-16 09:26:46 - [TEST_CASE][PASSED] - Test Cases/p4p_newReservationDaycare: Test Cases/p4p_newReservationDaycare

2019-12-16 09:26:46 - [TEST_STEP][PASSED] - openBrowser("https://p4p-qa-bg.aws.paradise4paws.com/login/"): Browser is opened with url: 'https://p4p-qa-bg.aws.paradise4paws.com/login/'

2019-12-16 09:26:46 - [MESSAGE][WARNING] - A browser is already opened. Closing browser and opening a new one

2019-12-16 09:26:47 - [MESSAGE][INFO] - Starting 'Firefox' driver

2019-12-16 09:26:50 - [MESSAGE][PASSED] - Browser is opened with url: 'https://p4p-qa-bg.aws.paradise4paws.com/login/'

2019-12-16 09:26:50 - [TEST_STEP][PASSED] - setText(findTestObject("Object Repository/object_login/input_user"), var_user): Text 'jegchavez@gmail.com' is set on object 'Object Repository/object_login/input_user'

2019-12-16 09:26:51 - [MESSAGE][PASSED] - Text 'jegchavez@gmail.com' is set on object 'Object Repository/object_login/input_user'

2019-12-16 09:26:51 - [TEST_STEP][PASSED] - setText(findTestObject("Object Repository/object_login/input_pass"), var_pass): Text 'admin1' is set on object 'Object Repository/object_login/input_pass'

2019-12-16 09:26:51 - [MESSAGE][PASSED] - Text 'admin1' is set on object 'Object Repository/object_login/input_pass'

2019-12-16 09:26:51 - [TEST_STEP][PASSED] - delay(2): Delayed 2 second(s)

2019-12-16 09:26:53 - [MESSAGE][PASSED] - Delayed 2 second(s)

2019-12-16 09:26:53 - [TEST_STEP][PASSED] - verifyElementClickable(findTestObject("Object Repository/object_login/btn_login")): Object 'Object Repository/object_login/btn_login' is clickable

2019-12-16 09:26:54 - [MESSAGE][PASSED] - Object 'Object Repository/object_login/btn_login' is clickable

2019-12-16 09:26:54 - [TEST_STEP][PASSED] - click(findTestObject("Object Repository/object_login/btn_login")): Object: 'Object Repository/object_login/btn_login' is clicked on

2019-12-16 09:26:58 - [MESSAGE][PASSED] - Object: 'Object Repository/object_login/btn_login' is clicked on

2019-12-16 09:26:58 - [TEST_STEP][PASSED] - delay(2): Delayed 2 second(s)

2019-12-16 09:27:00 - [MESSAGE][PASSED] - Delayed 2 second(s)

2019-12-16 09:27:00 - [TEST_STEP][PASSED] - setText(findTestObject("Object Repository/object_dashboard_emp/input_search"), var_searchParent): Text 'leongarzagarza@hotmail.com' is set on object 'Object Repository/object_dashboard_emp/input_search'

2019-12-16 09:27:00 - [MESSAGE][PASSED] - Text 'leongarzagarza@hotmail.com' is set on object 'Object Repository/object_dashboard_emp/input_search'

2019-12-16 09:27:00 - [TEST_STEP][PASSED] - click(findTestObject("Object Repository/object_dashboard_emp/btn_accountSearch")): Object: 'Object Repository/object_dashboard_emp/btn_accountSearch' is clicked on

2019-12-16 09:27:01 - [MESSAGE][PASSED] - Object: 'Object Repository/object_dashboard_emp/btn_accountSearch' is clicked on

2019-12-16 09:27:01 - [TEST_STEP][PASSED] - delay(2): Delayed 2 second(s)

2019-12-16 09:27:03 - [MESSAGE][PASSED] - Delayed 2 second(s)

2019-12-16 09:27:03 - [TEST_STEP][PASSED] - click(findTestObject("Object Repository/object_accountInformation/a_TEST GABRIEL PROD")): Object: 'Object Repository/object_accountInformation/a_TEST GABRIEL PROD' is clicked on

2019-12-16 09:27:07 - [MESSAGE][PASSED] - Object: 'Object Repository/object_accountInformation/a_TEST GABRIEL PROD' is clicked on

2019-12-16 09:27:07 - [TEST_STEP][PASSED] - delay(2): Delayed 2 second(s)

2019-12-16 09:27:09 - [MESSAGE][PASSED] - Delayed 2 second(s)

2019-12-16 09:27:09 - [TEST_STEP][PASSED] - var_url = getUrl(): Current window's url is: 'https://p4p-qa-bg.aws.paradise4paws.com/accounts/profile/#/reservations/122350/'

2019-12-16 09:27:09 - [MESSAGE][PASSED] - Current window's url is: 'https://p4p-qa-bg.aws.paradise4paws.com/accounts/profile/#/reservations/122350/'

2019-12-16 09:27:09 - [TEST_STEP][PASSED] - log0 = new com.kms.katalon.core.logging.KeywordLogger(): null

2019-12-16 09:27:09 - [TEST_STEP][PASSED] - arrUrl = var_url.split("/"): null

2019-12-16 09:27:09 - [TEST_STEP][PASSED] - idParent = arrUrl[7]: null

2019-12-16 09:27:09 - [TEST_STEP][PASSED] - click(findTestObject("Object Repository/object_profile/a_addReservation")): Object: 'Object Repository/object_profile/a_addReservation' is clicked on

2019-12-16 09:27:11 - [MESSAGE][PASSED] - Object: 'Object Repository/object_profile/a_addReservation' is clicked on

2019-12-16 09:27:11 - [TEST_STEP][PASSED] - delay(2): Delayed 2 second(s)

2019-12-16 09:27:13 - [MESSAGE][PASSED] - Delayed 2 second(s)

2019-12-16 09:27:13 - [TEST_STEP][PASSED] - flagBoar = "0": null

2019-12-16 09:27:13 - [TEST_STEP][PASSED] - log = new com.kms.katalon.core.logging.KeywordLogger(): null

2019-12-16 09:27:13 - [TEST_STEP][PASSED] - if (var_typeReserveation == "Boarding"): null

2019-12-16 09:27:13 - [TEST_STEP][PASSED] - else if (var_typeReserveation == "Daycare"): Object: 'Object Repository/object_reservation/btn_Daycare' is clicked on

2019-12-16 09:27:13 - [TEST_STEP][PASSED] - flagBoar = "2": null

2019-12-16 09:27:13 - [TEST_STEP][PASSED] - click(findTestObject("object_reservation/btn_Daycare")): Object: 'Object Repository/object_reservation/btn_Daycare' is clicked on

2019-12-16 09:27:13 - [MESSAGE][PASSED] - Object: 'Object Repository/object_reservation/btn_Daycare' is clicked on

2019-12-16 09:27:13 - [TEST_STEP][PASSED] - click(findTestObject("Object Repository/object_reservation/i_location")): Object: 'Object Repository/object_reservation/i_location' is clicked on

2019-12-16 09:27:16 - [MESSAGE][PASSED] - Object: 'Object Repository/object_reservation/i_location' is clicked on

2019-12-16 09:27:16 - [TEST_STEP][PASSED] - switch (var_idFacility): null

2019-12-16 09:27:16 - [TEST_STEP][PASSED] - dateCI = var_checkinD.split(","): null

2019-12-16 09:27:16 - [TEST_STEP][PASSED] - dateCO = var_checkoutD.split(","): null

2019-12-16 09:27:16 - [TEST_STEP][PASSED] - arryPets = var_pets.split(","): null

2019-12-16 09:27:16 - [TEST_STEP][PASSED] - delay(2): Delayed 2 second(s)

2019-12-16 09:27:18 - [MESSAGE][PASSED] - Delayed 2 second(s)

2019-12-16 09:27:18 - [TEST_STEP][PASSED] - if (var_repeting == "Y"): null

2019-12-16 09:27:18 - [TEST_STEP][PASSED] - click(findTestObject("Object Repository/object_reservation/dateCheckIn")): Object: 'Object Repository/object_reservation/dateCheckIn' is clicked on

2019-12-16 09:27:19 - [MESSAGE][PASSED] - Object: 'Object Repository/object_reservation/dateCheckIn' is clicked on

2019-12-16 09:27:19 - [TEST_STEP][PASSED] - stringCI2020 = "0": null

2019-12-16 09:27:19 - [TEST_STEP][PASSED] - stringCO2020 = "0": null

2019-12-16 09:27:19 - [TEST_STEP][PASSED] - if (dateCI[0] == "16" && dateCI[1] == "01" && dateCI[2] == "2020"): null

2019-12-16 09:27:19 - [TEST_STEP][PASSED] - if (dateCI[0] == "18" && dateCI[1] == "02" && dateCI[2] == "2020"): null

2019-12-16 09:27:19 - [TEST_STEP][PASSED] - if (dateCI[0] == "21" && dateCI[1] == "03" && dateCI[2] == "2020"): null

2019-12-16 09:27:19 - [TEST_STEP][PASSED] - delay(2): Delayed 2 second(s)

2019-12-16 09:27:21 - [MESSAGE][PASSED] - Delayed 2 second(s)

2019-12-16 09:27:21 - [TEST_STEP][PASSED] - if (stringCI2020 == "0"): null

2019-12-16 09:27:21 - [TEST_STEP][PASSED] - switch (dateCI[0]): null

2019-12-16 09:27:21 - [TEST_STEP][PASSED] - case "8":: null

2019-12-16 09:27:21 - [TEST_STEP][PASSED] - click(findTestObject("Object Repository/Page_Paradise 4 Paws  Dog Boarding Cat Boarding Norwalk Pooch Hotel/button_08_ci")): Object: 'Object Repository/Page_Paradise 4 Paws  Dog Boarding Cat Boarding Norwalk Pooch Hotel/button_08_ci' is clicked on

2019-12-16 09:27:21 - [MESSAGE][PASSED] - Object: 'Object Repository/Page_Paradise 4 Paws  Dog Boarding Cat Boarding Norwalk Pooch Hotel/button_08_ci' is clicked on

2019-12-16 09:27:21 - [TEST_STEP][PASSED] - break: null

2019-12-16 09:27:21 - [TEST_STEP][PASSED] - if (flagBoar == "1" || flagBoar == "2" && var_repeatingEvery == "Daily" || flagBoar == "2" && var_repeatingEvery == "Weekly" || flagBoar == "2" && var_repeatingEvery == "Monthly"): null

2019-12-16 09:27:21 - [TEST_STEP][NOT_RUN] - click(findTestObject("Object Repository/object_reservationCalendar/CO_close")): NOT_RUN: click(findTestObject("Object Repository/object_reservationCalendar/CO_close"))

2019-12-16 09:27:21 - [MESSAGE][NOT_RUN] - NOT_RUN: click(findTestObject("Object Repository/object_reservationCalendar/CO_close"))

2019-12-16 09:27:21 - [TEST_STEP][PASSED] - click(findTestObject("Object Repository/object_reservation/timeCheckin")): Object: 'Object Repository/object_reservation/timeCheckin' is clicked on

2019-12-16 09:27:22 - [MESSAGE][PASSED] - Object: 'Object Repository/object_reservation/timeCheckin' is clicked on

2019-12-16 09:27:22 - [TEST_STEP][PASSED] - switch (var_checkinT): null

2019-12-16 09:27:22 - [TEST_STEP][PASSED] - case "800":: null

2019-12-16 09:27:22 - [TEST_STEP][PASSED] - click(findTestObject("Object Repository/Page_Paradise 4 Paws  Dog Boarding Cat Boarding Norwalk Pooch Hotel/time_800am_ci")): Object: 'Object Repository/Page_Paradise 4 Paws  Dog Boarding Cat Boarding Norwalk Pooch Hotel/time_800am_ci' is clicked on

2019-12-16 09:27:23 - [MESSAGE][PASSED] - Object: 'Object Repository/Page_Paradise 4 Paws  Dog Boarding Cat Boarding Norwalk Pooch Hotel/time_800am_ci' is clicked on

2019-12-16 09:27:23 - [TEST_STEP][PASSED] - break: null

2019-12-16 09:27:23 - [TEST_STEP][PASSED] - click(findTestObject("Object Repository/object_reservation/timeCheckOut")): Object: 'Object Repository/object_reservation/timeCheckOut' is clicked on

2019-12-16 09:27:23 - [MESSAGE][PASSED] - Object: 'Object Repository/object_reservation/timeCheckOut' is clicked on

2019-12-16 09:27:23 - [TEST_STEP][PASSED] - switch (var_checkoutT): null

2019-12-16 09:27:23 - [TEST_STEP][PASSED] - case "1200":: null

2019-12-16 09:27:23 - [TEST_STEP][PASSED] - click(findTestObject("Object Repository/Page_Paradise 4 Paws  Dog Boarding Cat Boarding Norwalk Pooch Hotel/time_1200pm_co")): Object: 'Object Repository/Page_Paradise 4 Paws  Dog Boarding Cat Boarding Norwalk Pooch Hotel/time_1200pm_co' is clicked on

2019-12-16 09:27:24 - [MESSAGE][PASSED] - Object: 'Object Repository/Page_Paradise 4 Paws  Dog Boarding Cat Boarding Norwalk Pooch Hotel/time_1200pm_co' is clicked on

2019-12-16 09:27:24 - [TEST_STEP][PASSED] - break: null

2019-12-16 09:27:24 - [TEST_STEP][PASSED] - delay(2): Delayed 2 second(s)

2019-12-16 09:27:26 - [MESSAGE][PASSED] - Delayed 2 second(s)

2019-12-16 09:27:26 - [TEST_STEP][PASSED] - if (arryPets.size() == 1): null

2019-12-16 09:27:26 - [TEST_STEP][PASSED] - else if (arryPets.size() == 2): Object: 'Object Repository/object_reservation/div_Zeus' is clicked on

2019-12-16 09:27:26 - [TEST_STEP][PASSED] - click(findTestObject("object_reservation/Page_Paradise 4 Paws  Dog Boarding Cat Boarding Norwalk Pooch Hotel/div_Ares")): Object: 'Object Repository/object_reservation/Page_Paradise 4 Paws  Dog Boarding Cat Boarding Norwalk Pooch Hotel/div_Ares' is clicked on

2019-12-16 09:27:29 - [MESSAGE][PASSED] - Object: 'Object Repository/object_reservation/Page_Paradise 4 Paws  Dog Boarding Cat Boarding Norwalk Pooch Hotel/div_Ares' is clicked on

2019-12-16 09:27:29 - [TEST_STEP][PASSED] - click(findTestObject("object_reservation/div_Zeus")): Object: 'Object Repository/object_reservation/div_Zeus' is clicked on

2019-12-16 09:27:34 - [MESSAGE][PASSED] - Object: 'Object Repository/object_reservation/div_Zeus' is clicked on

2019-12-16 09:27:34 - [TEST_STEP][NOT_RUN] - click(findTestObject("object_reservations/i_Day_fa fa-circle-o ng-scope")): NOT_RUN: click(findTestObject("object_reservations/i_Day_fa fa-circle-o ng-scope"))

2019-12-16 09:27:34 - [MESSAGE][NOT_RUN] - NOT_RUN: click(findTestObject("object_reservations/i_Day_fa fa-circle-o ng-scope"))

2019-12-16 09:27:34 - [TEST_STEP][PASSED] - if (flagBoar == "1" || flagBoar == "2"): Object: 'Object Repository/object_reservation/div_suite_rad_deluxe' is clicked on

2019-12-16 09:27:34 - [TEST_STEP][PASSED] - click(findTestObject("Object Repository/object_reservation/div_suite_rad_deluxe")): Object: 'Object Repository/object_reservation/div_suite_rad_deluxe' is clicked on

2019-12-16 09:27:37 - [MESSAGE][PASSED] - Object: 'Object Repository/object_reservation/div_suite_rad_deluxe' is clicked on

2019-12-16 09:27:37 - [TEST_STEP][PASSED] - click(findTestObject("Object Repository/object_reservation/btn_next2")): Object: 'Object Repository/object_reservation/btn_next2' is clicked on

2019-12-16 09:27:40 - [MESSAGE][PASSED] - Object: 'Object Repository/object_reservation/btn_next2' is clicked on

2019-12-16 09:27:40 - [TEST_STEP][PASSED] - delay(3): Delayed 3 second(s)

2019-12-16 09:27:43 - [MESSAGE][PASSED] - Delayed 3 second(s)

2019-12-16 09:27:43 - [TEST_STEP][PASSED] - if (flagBoar == "1"): null

2019-12-16 09:27:43 - [TEST_STEP][PASSED] - delay(2): Delayed 2 second(s)

2019-12-16 09:27:45 - [MESSAGE][PASSED] - Delayed 2 second(s)

2019-12-16 09:27:45 - [TEST_STEP][PASSED] - click(findTestObject("Object Repository/object_reservation/btn_next2")): Object: 'Object Repository/object_reservation/btn_next2' is clicked on

2019-12-16 09:27:45 - [MESSAGE][PASSED] - Object: 'Object Repository/object_reservation/btn_next2' is clicked on

2019-12-16 09:27:45 - [TEST_STEP][PASSED] - click(findTestObject("Object Repository/object_reservation/button_Submit Reservation")): Object: 'Object Repository/object_reservation/button_Submit Reservation' is clicked on

2019-12-16 09:27:48 - [MESSAGE][PASSED] - Object: 'Object Repository/object_reservation/button_Submit Reservation' is clicked on

2019-12-16 09:27:48 - [TEST_STEP][PASSED] - delay(2): Delayed 2 second(s)

2019-12-16 09:27:50 - [MESSAGE][PASSED] - Delayed 2 second(s)

2019-12-16 09:27:50 - [TEST_STEP][PASSED] - if (flagBoar == "2" && var_repeatingEvery == "Daily" || var_repeatingEvery == "Monthly" || var_repeatingEvery == "Weekly"): null

2019-12-16 09:27:50 - [TEST_STEP][PASSED] - delay(2): Delayed 2 second(s)

2019-12-16 09:27:52 - [MESSAGE][PASSED] - Delayed 2 second(s)

2019-12-16 09:27:52 - [TEST_STEP][PASSED] - click(findTestObject("Object Repository/object_reservation/button_Return To Reservation")): Object: 'Object Repository/object_reservation/button_Return To Reservation' is clicked on

2019-12-16 09:27:53 - [MESSAGE][PASSED] - Object: 'Object Repository/object_reservation/button_Return To Reservation' is clicked on

2019-12-16 09:27:53 - [TEST_STEP][PASSED] - delay(6): Delayed 6 second(s)

2019-12-16 09:27:59 - [MESSAGE][PASSED] - Delayed 6 second(s)

2019-12-16 09:27:59 - [TEST_STEP][PASSED] - click(findTestObject("Object Repository/object_reservation/Page_Paradise 4 Paws  Dog Boarding Cat Boar_35fe2b/button_Go to CheckOut")): Object: 'Object Repository/object_reservation/Page_Paradise 4 Paws  Dog Boarding Cat Boar_35fe2b/button_Go to CheckOut' is clicked on

2019-12-16 09:28:01 - [MESSAGE][PASSED] - Object: 'Object Repository/object_reservation/Page_Paradise 4 Paws  Dog Boarding Cat Boar_35fe2b/button_Go to CheckOut' is clicked on

2019-12-16 09:28:01 - [TEST_STEP][PASSED] - delay(2): Delayed 2 second(s)

2019-12-16 09:28:03 - [MESSAGE][PASSED] - Delayed 2 second(s)

2019-12-16 09:28:03 - [TEST_STEP][PASSED] - log.logInfo(getText(findTestObject("Object Repository/object_reservation/Page_Paradise 4 Paws  Dog Boarding Cat Boar_35fe2b/span_( BK )"))): ( BK )

2019-12-16 09:28:03 - [MESSAGE][PASSED] - Text of object 'Object Repository/object_reservation/Page_Paradise 4 Paws  Dog Boarding Cat Boar_35fe2b/span_( BK )' is: '( BK )'

2019-12-16 09:28:03 - [MESSAGE][INFO] - ( BK )

2019-12-16 09:28:03 - [TEST_STEP][PASSED] - var_url = getUrl(): Current window's url is: 'https://p4p-qa-bg.aws.paradise4paws.com/frontdesk/checkout/1702531/?parent_id=122350'

2019-12-16 09:28:03 - [MESSAGE][PASSED] - Current window's url is: 'https://p4p-qa-bg.aws.paradise4paws.com/frontdesk/checkout/1702531/?parent_id=122350'

2019-12-16 09:28:03 - [TEST_STEP][PASSED] - arrayUrl = var_url.split("/"): null

2019-12-16 09:28:03 - [TEST_STEP][PASSED] - var = Integer.parseInt(var_idRowRes): null

2019-12-16 09:28:03 - [TEST_STEP][PASSED] - verifyElementText(findTestObject("Object Repository/object_reservation/Page_Paradise 4 Paws  Dog Boarding Cat Boar_35fe2b/span_( BK )"), "( BK )", STOP_ON_FAILURE): Actual text and expected text of test object 'Object Repository/object_reservation/Page_Paradise 4 Paws  Dog Boarding Cat Boar_35fe2b/span_( BK )' are matched.

2019-12-16 09:28:04 - [MESSAGE][PASSED] - Actual text and expected text of test object 'Object Repository/object_reservation/Page_Paradise 4 Paws  Dog Boarding Cat Boar_35fe2b/span_( BK )' are matched.

2019-12-16 09:28:04 - [TEST_STEP][PASSED] - fis = new java.io.FileInputStream(/home/leonardo-arkusmty/Desktop/P4P/DATA_AUTOMATINTESTING/data_1newReservationDaycare.xlsx): null

2019-12-16 09:28:04 - [TEST_STEP][PASSED] - workbook = new org.apache.poi.xssf.usermodel.XSSFWorkbook(fis): null

2019-12-16 09:28:04 - [TEST_STEP][PASSED] - sheet = workbook.getSheet("Sheet1"): null

2019-12-16 09:28:04 - [TEST_STEP][PASSED] - rowCount = var_row: null

2019-12-16 09:28:04 - [TEST_STEP][PASSED] - row = sheet.getRow(var): null

2019-12-16 09:28:04 - [TEST_STEP][PASSED] - cell = row.createCell(15, 0): null

2019-12-16 09:28:04 - [TEST_STEP][PASSED] - cell.setCellType(CELL_TYPE_STRING): null

2019-12-16 09:28:04 - [TEST_STEP][PASSED] - cell.setCellValue(arrayUrl[5]): null

2019-12-16 09:28:04 - [TEST_STEP][PASSED] - cell2 = row.createCell(16, 0): null

2019-12-16 09:28:04 - [TEST_STEP][PASSED] - cell2.setCellType(CELL_TYPE_STRING): null

2019-12-16 09:28:04 - [TEST_STEP][PASSED] - cell2.setCellValue(getText(findTestObject("Object Repository/object_reservation/Page_Paradise 4 Paws  Dog Boarding Cat Boar_35fe2b/span_( BK )"))): Text of object 'Object Repository/object_reservation/Page_Paradise 4 Paws  Dog Boarding Cat Boar_35fe2b/span_( BK )' is: '( BK )'

2019-12-16 09:28:04 - [MESSAGE][PASSED] - Text of object 'Object Repository/object_reservation/Page_Paradise 4 Paws  Dog Boarding Cat Boar_35fe2b/span_( BK )' is: '( BK )'

2019-12-16 09:28:04 - [TEST_STEP][PASSED] - fos = new java.io.FileOutputStream(/home/leonardo-arkusmty/Desktop/P4P/DATA_AUTOMATINTESTING/data_1newReservationDaycare.xlsx): null

2019-12-16 09:28:04 - [TEST_STEP][PASSED] - workbook.write(fos): null

2019-12-16 09:28:04 - [TEST_STEP][PASSED] - fos.close(): null

2019-12-16 09:28:04 - [TEST_STEP][PASSED] - delay(1): Delayed 1 second(s)

2019-12-16 09:28:05 - [MESSAGE][PASSED] - Delayed 1 second(s)

2019-12-16 09:28:05 - [TEST_STEP][PASSED] - (var_row++): null]]></system-out>
         <system-err><![CDATA[]]></system-err>
      </testcase>
      <testcase name="Test Cases/p4p_newReservationDaycare" time="85.037" classname="Test Cases/p4p_newReservationDaycare" status="PASSED">
         <system-out><![CDATA[2019-12-16 09:28:05 - [TEST_CASE][PASSED] - Test Cases/p4p_newReservationDaycare: Test Cases/p4p_newReservationDaycare

2019-12-16 09:28:05 - [TEST_STEP][PASSED] - openBrowser("https://p4p-qa-bg.aws.paradise4paws.com/login/"): Browser is opened with url: 'https://p4p-qa-bg.aws.paradise4paws.com/login/'

2019-12-16 09:28:05 - [MESSAGE][WARNING] - A browser is already opened. Closing browser and opening a new one

2019-12-16 09:28:06 - [MESSAGE][INFO] - Starting 'Firefox' driver

2019-12-16 09:28:12 - [MESSAGE][PASSED] - Browser is opened with url: 'https://p4p-qa-bg.aws.paradise4paws.com/login/'

2019-12-16 09:28:12 - [TEST_STEP][PASSED] - setText(findTestObject("Object Repository/object_login/input_user"), var_user): Text 'jegchavez@gmail.com' is set on object 'Object Repository/object_login/input_user'

2019-12-16 09:28:13 - [MESSAGE][PASSED] - Text 'jegchavez@gmail.com' is set on object 'Object Repository/object_login/input_user'

2019-12-16 09:28:13 - [TEST_STEP][PASSED] - setText(findTestObject("Object Repository/object_login/input_pass"), var_pass): Text 'admin1' is set on object 'Object Repository/object_login/input_pass'

2019-12-16 09:28:13 - [MESSAGE][PASSED] - Text 'admin1' is set on object 'Object Repository/object_login/input_pass'

2019-12-16 09:28:13 - [TEST_STEP][PASSED] - delay(2): Delayed 2 second(s)

2019-12-16 09:28:15 - [MESSAGE][PASSED] - Delayed 2 second(s)

2019-12-16 09:28:15 - [TEST_STEP][PASSED] - verifyElementClickable(findTestObject("Object Repository/object_login/btn_login")): Object 'Object Repository/object_login/btn_login' is clickable

2019-12-16 09:28:16 - [MESSAGE][PASSED] - Object 'Object Repository/object_login/btn_login' is clickable

2019-12-16 09:28:16 - [TEST_STEP][PASSED] - click(findTestObject("Object Repository/object_login/btn_login")): Object: 'Object Repository/object_login/btn_login' is clicked on

2019-12-16 09:28:19 - [MESSAGE][PASSED] - Object: 'Object Repository/object_login/btn_login' is clicked on

2019-12-16 09:28:19 - [TEST_STEP][PASSED] - delay(2): Delayed 2 second(s)

2019-12-16 09:28:21 - [MESSAGE][PASSED] - Delayed 2 second(s)

2019-12-16 09:28:21 - [TEST_STEP][PASSED] - setText(findTestObject("Object Repository/object_dashboard_emp/input_search"), var_searchParent): Text 'leongarzagarza@hotmail.com' is set on object 'Object Repository/object_dashboard_emp/input_search'

2019-12-16 09:28:22 - [MESSAGE][PASSED] - Text 'leongarzagarza@hotmail.com' is set on object 'Object Repository/object_dashboard_emp/input_search'

2019-12-16 09:28:22 - [TEST_STEP][PASSED] - click(findTestObject("Object Repository/object_dashboard_emp/btn_accountSearch")): Object: 'Object Repository/object_dashboard_emp/btn_accountSearch' is clicked on

2019-12-16 09:28:23 - [MESSAGE][PASSED] - Object: 'Object Repository/object_dashboard_emp/btn_accountSearch' is clicked on

2019-12-16 09:28:23 - [TEST_STEP][PASSED] - delay(2): Delayed 2 second(s)

2019-12-16 09:28:25 - [MESSAGE][PASSED] - Delayed 2 second(s)

2019-12-16 09:28:25 - [TEST_STEP][PASSED] - click(findTestObject("Object Repository/object_accountInformation/a_TEST GABRIEL PROD")): Object: 'Object Repository/object_accountInformation/a_TEST GABRIEL PROD' is clicked on

2019-12-16 09:28:28 - [MESSAGE][PASSED] - Object: 'Object Repository/object_accountInformation/a_TEST GABRIEL PROD' is clicked on

2019-12-16 09:28:28 - [TEST_STEP][PASSED] - delay(2): Delayed 2 second(s)

2019-12-16 09:28:30 - [MESSAGE][PASSED] - Delayed 2 second(s)

2019-12-16 09:28:30 - [TEST_STEP][PASSED] - var_url = getUrl(): Current window's url is: 'https://p4p-qa-bg.aws.paradise4paws.com/accounts/profile/#/reservations/122350/'

2019-12-16 09:28:30 - [MESSAGE][PASSED] - Current window's url is: 'https://p4p-qa-bg.aws.paradise4paws.com/accounts/profile/#/reservations/122350/'

2019-12-16 09:28:30 - [TEST_STEP][PASSED] - log0 = new com.kms.katalon.core.logging.KeywordLogger(): null

2019-12-16 09:28:30 - [TEST_STEP][PASSED] - arrUrl = var_url.split("/"): null

2019-12-16 09:28:30 - [TEST_STEP][PASSED] - idParent = arrUrl[7]: null

2019-12-16 09:28:30 - [TEST_STEP][PASSED] - click(findTestObject("Object Repository/object_profile/a_addReservation")): Object: 'Object Repository/object_profile/a_addReservation' is clicked on

2019-12-16 09:28:32 - [MESSAGE][PASSED] - Object: 'Object Repository/object_profile/a_addReservation' is clicked on

2019-12-16 09:28:32 - [TEST_STEP][PASSED] - delay(2): Delayed 2 second(s)

2019-12-16 09:28:34 - [MESSAGE][PASSED] - Delayed 2 second(s)

2019-12-16 09:28:34 - [TEST_STEP][PASSED] - flagBoar = "0": null

2019-12-16 09:28:34 - [TEST_STEP][PASSED] - log = new com.kms.katalon.core.logging.KeywordLogger(): null

2019-12-16 09:28:34 - [TEST_STEP][PASSED] - if (var_typeReserveation == "Boarding"): null

2019-12-16 09:28:34 - [TEST_STEP][PASSED] - else if (var_typeReserveation == "Daycare"): Object: 'Object Repository/object_reservation/btn_Daycare' is clicked on

2019-12-16 09:28:34 - [TEST_STEP][PASSED] - flagBoar = "2": null

2019-12-16 09:28:34 - [TEST_STEP][PASSED] - click(findTestObject("object_reservation/btn_Daycare")): Object: 'Object Repository/object_reservation/btn_Daycare' is clicked on

2019-12-16 09:28:35 - [MESSAGE][PASSED] - Object: 'Object Repository/object_reservation/btn_Daycare' is clicked on

2019-12-16 09:28:35 - [TEST_STEP][PASSED] - click(findTestObject("Object Repository/object_reservation/i_location")): Object: 'Object Repository/object_reservation/i_location' is clicked on

2019-12-16 09:28:37 - [MESSAGE][PASSED] - Object: 'Object Repository/object_reservation/i_location' is clicked on

2019-12-16 09:28:37 - [TEST_STEP][PASSED] - switch (var_idFacility): null

2019-12-16 09:28:37 - [TEST_STEP][PASSED] - dateCI = var_checkinD.split(","): null

2019-12-16 09:28:37 - [TEST_STEP][PASSED] - dateCO = var_checkoutD.split(","): null

2019-12-16 09:28:37 - [TEST_STEP][PASSED] - arryPets = var_pets.split(","): null

2019-12-16 09:28:37 - [TEST_STEP][PASSED] - delay(2): Delayed 2 second(s)

2019-12-16 09:28:39 - [MESSAGE][PASSED] - Delayed 2 second(s)

2019-12-16 09:28:39 - [TEST_STEP][PASSED] - if (var_repeting == "Y"): null

2019-12-16 09:28:39 - [TEST_STEP][PASSED] - click(findTestObject("Object Repository/object_reservation/dateCheckIn")): Object: 'Object Repository/object_reservation/dateCheckIn' is clicked on

2019-12-16 09:28:40 - [MESSAGE][PASSED] - Object: 'Object Repository/object_reservation/dateCheckIn' is clicked on

2019-12-16 09:28:40 - [TEST_STEP][PASSED] - stringCI2020 = "0": null

2019-12-16 09:28:40 - [TEST_STEP][PASSED] - stringCO2020 = "0": null

2019-12-16 09:28:40 - [TEST_STEP][PASSED] - if (dateCI[0] == "16" && dateCI[1] == "01" && dateCI[2] == "2020"): null

2019-12-16 09:28:40 - [TEST_STEP][PASSED] - if (dateCI[0] == "18" && dateCI[1] == "02" && dateCI[2] == "2020"): null

2019-12-16 09:28:40 - [TEST_STEP][PASSED] - if (dateCI[0] == "21" && dateCI[1] == "03" && dateCI[2] == "2020"): null

2019-12-16 09:28:40 - [TEST_STEP][PASSED] - delay(2): Delayed 2 second(s)

2019-12-16 09:28:42 - [MESSAGE][PASSED] - Delayed 2 second(s)

2019-12-16 09:28:42 - [TEST_STEP][PASSED] - if (stringCI2020 == "0"): null

2019-12-16 09:28:42 - [TEST_STEP][PASSED] - switch (dateCI[0]): null

2019-12-16 09:28:42 - [TEST_STEP][PASSED] - case "9":: null

2019-12-16 09:28:42 - [TEST_STEP][PASSED] - click(findTestObject("Object Repository/Page_Paradise 4 Paws  Dog Boarding Cat Boarding Norwalk Pooch Hotel/button_09_ci")): Object: 'Object Repository/Page_Paradise 4 Paws  Dog Boarding Cat Boarding Norwalk Pooch Hotel/button_09_ci' is clicked on

2019-12-16 09:28:43 - [MESSAGE][PASSED] - Object: 'Object Repository/Page_Paradise 4 Paws  Dog Boarding Cat Boarding Norwalk Pooch Hotel/button_09_ci' is clicked on

2019-12-16 09:28:43 - [TEST_STEP][PASSED] - break: null

2019-12-16 09:28:43 - [TEST_STEP][PASSED] - if (flagBoar == "1" || flagBoar == "2" && var_repeatingEvery == "Daily" || flagBoar == "2" && var_repeatingEvery == "Weekly" || flagBoar == "2" && var_repeatingEvery == "Monthly"): null

2019-12-16 09:28:43 - [TEST_STEP][NOT_RUN] - click(findTestObject("Object Repository/object_reservationCalendar/CO_close")): NOT_RUN: click(findTestObject("Object Repository/object_reservationCalendar/CO_close"))

2019-12-16 09:28:43 - [MESSAGE][NOT_RUN] - NOT_RUN: click(findTestObject("Object Repository/object_reservationCalendar/CO_close"))

2019-12-16 09:28:43 - [TEST_STEP][PASSED] - click(findTestObject("Object Repository/object_reservation/timeCheckin")): Object: 'Object Repository/object_reservation/timeCheckin' is clicked on

2019-12-16 09:28:43 - [MESSAGE][PASSED] - Object: 'Object Repository/object_reservation/timeCheckin' is clicked on

2019-12-16 09:28:43 - [TEST_STEP][PASSED] - switch (var_checkinT): null

2019-12-16 09:28:43 - [TEST_STEP][PASSED] - case "800":: null

2019-12-16 09:28:43 - [TEST_STEP][PASSED] - click(findTestObject("Object Repository/Page_Paradise 4 Paws  Dog Boarding Cat Boarding Norwalk Pooch Hotel/time_800am_ci")): Object: 'Object Repository/Page_Paradise 4 Paws  Dog Boarding Cat Boarding Norwalk Pooch Hotel/time_800am_ci' is clicked on

2019-12-16 09:28:44 - [MESSAGE][PASSED] - Object: 'Object Repository/Page_Paradise 4 Paws  Dog Boarding Cat Boarding Norwalk Pooch Hotel/time_800am_ci' is clicked on

2019-12-16 09:28:44 - [TEST_STEP][PASSED] - break: null

2019-12-16 09:28:44 - [TEST_STEP][PASSED] - click(findTestObject("Object Repository/object_reservation/timeCheckOut")): Object: 'Object Repository/object_reservation/timeCheckOut' is clicked on

2019-12-16 09:28:45 - [MESSAGE][PASSED] - Object: 'Object Repository/object_reservation/timeCheckOut' is clicked on

2019-12-16 09:28:45 - [TEST_STEP][PASSED] - switch (var_checkoutT): null

2019-12-16 09:28:45 - [TEST_STEP][PASSED] - case "1200":: null

2019-12-16 09:28:45 - [TEST_STEP][PASSED] - click(findTestObject("Object Repository/Page_Paradise 4 Paws  Dog Boarding Cat Boarding Norwalk Pooch Hotel/time_1200pm_co")): Object: 'Object Repository/Page_Paradise 4 Paws  Dog Boarding Cat Boarding Norwalk Pooch Hotel/time_1200pm_co' is clicked on

2019-12-16 09:28:45 - [MESSAGE][PASSED] - Object: 'Object Repository/Page_Paradise 4 Paws  Dog Boarding Cat Boarding Norwalk Pooch Hotel/time_1200pm_co' is clicked on

2019-12-16 09:28:45 - [TEST_STEP][PASSED] - break: null

2019-12-16 09:28:45 - [TEST_STEP][PASSED] - delay(2): Delayed 2 second(s)

2019-12-16 09:28:47 - [MESSAGE][PASSED] - Delayed 2 second(s)

2019-12-16 09:28:47 - [TEST_STEP][PASSED] - if (arryPets.size() == 1): null

2019-12-16 09:28:47 - [TEST_STEP][PASSED] - else if (arryPets.size() == 2): null

2019-12-16 09:28:47 - [TEST_STEP][PASSED] - else if (arryPets.size() == 3): Object: 'Object Repository/object_reservation/div_Athena' is clicked on

2019-12-16 09:28:47 - [TEST_STEP][PASSED] - click(findTestObject("object_reservation/Page_Paradise 4 Paws  Dog Boarding Cat Boarding Norwalk Pooch Hotel/div_Ares")): Object: 'Object Repository/object_reservation/Page_Paradise 4 Paws  Dog Boarding Cat Boarding Norwalk Pooch Hotel/div_Ares' is clicked on

2019-12-16 09:28:49 - [MESSAGE][PASSED] - Object: 'Object Repository/object_reservation/Page_Paradise 4 Paws  Dog Boarding Cat Boarding Norwalk Pooch Hotel/div_Ares' is clicked on

2019-12-16 09:28:49 - [TEST_STEP][PASSED] - click(findTestObject("object_reservation/div_Zeus")): Object: 'Object Repository/object_reservation/div_Zeus' is clicked on

2019-12-16 09:28:53 - [MESSAGE][PASSED] - Object: 'Object Repository/object_reservation/div_Zeus' is clicked on

2019-12-16 09:28:53 - [TEST_STEP][PASSED] - click(findTestObject("object_reservation/div_Athena")): Object: 'Object Repository/object_reservation/div_Athena' is clicked on

2019-12-16 09:28:57 - [MESSAGE][PASSED] - Object: 'Object Repository/object_reservation/div_Athena' is clicked on

2019-12-16 09:28:57 - [TEST_STEP][NOT_RUN] - click(findTestObject("object_reservations/i_Day_fa fa-circle-o ng-scope")): NOT_RUN: click(findTestObject("object_reservations/i_Day_fa fa-circle-o ng-scope"))

2019-12-16 09:28:57 - [MESSAGE][NOT_RUN] - NOT_RUN: click(findTestObject("object_reservations/i_Day_fa fa-circle-o ng-scope"))

2019-12-16 09:28:57 - [TEST_STEP][PASSED] - if (flagBoar == "1" || flagBoar == "2"): Object: 'Object Repository/object_reservation/div_suite_rad_deluxe' is clicked on

2019-12-16 09:28:57 - [TEST_STEP][PASSED] - click(findTestObject("Object Repository/object_reservation/div_suite_rad_deluxe")): Object: 'Object Repository/object_reservation/div_suite_rad_deluxe' is clicked on

2019-12-16 09:29:01 - [MESSAGE][PASSED] - Object: 'Object Repository/object_reservation/div_suite_rad_deluxe' is clicked on

2019-12-16 09:29:01 - [TEST_STEP][PASSED] - click(findTestObject("Object Repository/object_reservation/btn_next2")): Object: 'Object Repository/object_reservation/btn_next2' is clicked on

2019-12-16 09:29:03 - [MESSAGE][PASSED] - Object: 'Object Repository/object_reservation/btn_next2' is clicked on

2019-12-16 09:29:03 - [TEST_STEP][PASSED] - delay(3): Delayed 3 second(s)

2019-12-16 09:29:06 - [MESSAGE][PASSED] - Delayed 3 second(s)

2019-12-16 09:29:06 - [TEST_STEP][PASSED] - if (flagBoar == "1"): null

2019-12-16 09:29:06 - [TEST_STEP][PASSED] - delay(2): Delayed 2 second(s)

2019-12-16 09:29:08 - [MESSAGE][PASSED] - Delayed 2 second(s)

2019-12-16 09:29:08 - [TEST_STEP][PASSED] - click(findTestObject("Object Repository/object_reservation/btn_next2")): Object: 'Object Repository/object_reservation/btn_next2' is clicked on

2019-12-16 09:29:09 - [MESSAGE][PASSED] - Object: 'Object Repository/object_reservation/btn_next2' is clicked on

2019-12-16 09:29:09 - [TEST_STEP][PASSED] - click(findTestObject("Object Repository/object_reservation/button_Submit Reservation")): Object: 'Object Repository/object_reservation/button_Submit Reservation' is clicked on

2019-12-16 09:29:11 - [MESSAGE][PASSED] - Object: 'Object Repository/object_reservation/button_Submit Reservation' is clicked on

2019-12-16 09:29:11 - [TEST_STEP][PASSED] - delay(2): Delayed 2 second(s)

2019-12-16 09:29:13 - [MESSAGE][PASSED] - Delayed 2 second(s)

2019-12-16 09:29:13 - [TEST_STEP][PASSED] - if (flagBoar == "2" && var_repeatingEvery == "Daily" || var_repeatingEvery == "Monthly" || var_repeatingEvery == "Weekly"): null

2019-12-16 09:29:13 - [TEST_STEP][PASSED] - delay(2): Delayed 2 second(s)

2019-12-16 09:29:15 - [MESSAGE][PASSED] - Delayed 2 second(s)

2019-12-16 09:29:15 - [TEST_STEP][PASSED] - click(findTestObject("Object Repository/object_reservation/button_Return To Reservation")): Object: 'Object Repository/object_reservation/button_Return To Reservation' is clicked on

2019-12-16 09:29:18 - [MESSAGE][PASSED] - Object: 'Object Repository/object_reservation/button_Return To Reservation' is clicked on

2019-12-16 09:29:18 - [TEST_STEP][PASSED] - delay(6): Delayed 6 second(s)

2019-12-16 09:29:24 - [MESSAGE][PASSED] - Delayed 6 second(s)

2019-12-16 09:29:24 - [TEST_STEP][PASSED] - click(findTestObject("Object Repository/object_reservation/Page_Paradise 4 Paws  Dog Boarding Cat Boar_35fe2b/button_Go to CheckOut")): Object: 'Object Repository/object_reservation/Page_Paradise 4 Paws  Dog Boarding Cat Boar_35fe2b/button_Go to CheckOut' is clicked on

2019-12-16 09:29:26 - [MESSAGE][PASSED] - Object: 'Object Repository/object_reservation/Page_Paradise 4 Paws  Dog Boarding Cat Boar_35fe2b/button_Go to CheckOut' is clicked on

2019-12-16 09:29:26 - [TEST_STEP][PASSED] - delay(2): Delayed 2 second(s)

2019-12-16 09:29:28 - [MESSAGE][PASSED] - Delayed 2 second(s)

2019-12-16 09:29:28 - [TEST_STEP][PASSED] - log.logInfo(getText(findTestObject("Object Repository/object_reservation/Page_Paradise 4 Paws  Dog Boarding Cat Boar_35fe2b/span_( BK )"))): ( BK )

2019-12-16 09:29:29 - [MESSAGE][PASSED] - Text of object 'Object Repository/object_reservation/Page_Paradise 4 Paws  Dog Boarding Cat Boar_35fe2b/span_( BK )' is: '( BK )'

2019-12-16 09:29:29 - [MESSAGE][INFO] - ( BK )

2019-12-16 09:29:29 - [TEST_STEP][PASSED] - var_url = getUrl(): Current window's url is: 'https://p4p-qa-bg.aws.paradise4paws.com/frontdesk/checkout/1702532/?parent_id=122350'

2019-12-16 09:29:29 - [MESSAGE][PASSED] - Current window's url is: 'https://p4p-qa-bg.aws.paradise4paws.com/frontdesk/checkout/1702532/?parent_id=122350'

2019-12-16 09:29:29 - [TEST_STEP][PASSED] - arrayUrl = var_url.split("/"): null

2019-12-16 09:29:29 - [TEST_STEP][PASSED] - var = Integer.parseInt(var_idRowRes): null

2019-12-16 09:29:29 - [TEST_STEP][PASSED] - verifyElementText(findTestObject("Object Repository/object_reservation/Page_Paradise 4 Paws  Dog Boarding Cat Boar_35fe2b/span_( BK )"), "( BK )", STOP_ON_FAILURE): Actual text and expected text of test object 'Object Repository/object_reservation/Page_Paradise 4 Paws  Dog Boarding Cat Boar_35fe2b/span_( BK )' are matched.

2019-12-16 09:29:29 - [MESSAGE][PASSED] - Actual text and expected text of test object 'Object Repository/object_reservation/Page_Paradise 4 Paws  Dog Boarding Cat Boar_35fe2b/span_( BK )' are matched.

2019-12-16 09:29:29 - [TEST_STEP][PASSED] - fis = new java.io.FileInputStream(/home/leonardo-arkusmty/Desktop/P4P/DATA_AUTOMATINTESTING/data_1newReservationDaycare.xlsx): null

2019-12-16 09:29:29 - [TEST_STEP][PASSED] - workbook = new org.apache.poi.xssf.usermodel.XSSFWorkbook(fis): null

2019-12-16 09:29:29 - [TEST_STEP][PASSED] - sheet = workbook.getSheet("Sheet1"): null

2019-12-16 09:29:29 - [TEST_STEP][PASSED] - rowCount = var_row: null

2019-12-16 09:29:29 - [TEST_STEP][PASSED] - row = sheet.getRow(var): null

2019-12-16 09:29:29 - [TEST_STEP][PASSED] - cell = row.createCell(15, 0): null

2019-12-16 09:29:29 - [TEST_STEP][PASSED] - cell.setCellType(CELL_TYPE_STRING): null

2019-12-16 09:29:29 - [TEST_STEP][PASSED] - cell.setCellValue(arrayUrl[5]): null

2019-12-16 09:29:29 - [TEST_STEP][PASSED] - cell2 = row.createCell(16, 0): null

2019-12-16 09:29:29 - [TEST_STEP][PASSED] - cell2.setCellType(CELL_TYPE_STRING): null

2019-12-16 09:29:29 - [TEST_STEP][PASSED] - cell2.setCellValue(getText(findTestObject("Object Repository/object_reservation/Page_Paradise 4 Paws  Dog Boarding Cat Boar_35fe2b/span_( BK )"))): Text of object 'Object Repository/object_reservation/Page_Paradise 4 Paws  Dog Boarding Cat Boar_35fe2b/span_( BK )' is: '( BK )'

2019-12-16 09:29:29 - [MESSAGE][PASSED] - Text of object 'Object Repository/object_reservation/Page_Paradise 4 Paws  Dog Boarding Cat Boar_35fe2b/span_( BK )' is: '( BK )'

2019-12-16 09:29:29 - [TEST_STEP][PASSED] - fos = new java.io.FileOutputStream(/home/leonardo-arkusmty/Desktop/P4P/DATA_AUTOMATINTESTING/data_1newReservationDaycare.xlsx): null

2019-12-16 09:29:29 - [TEST_STEP][PASSED] - workbook.write(fos): null

2019-12-16 09:29:29 - [TEST_STEP][PASSED] - fos.close(): null

2019-12-16 09:29:29 - [TEST_STEP][PASSED] - delay(1): Delayed 1 second(s)

2019-12-16 09:29:30 - [MESSAGE][PASSED] - Delayed 1 second(s)

2019-12-16 09:29:30 - [TEST_STEP][PASSED] - (var_row++): null]]></system-out>
         <system-err><![CDATA[]]></system-err>
      </testcase>
      <testcase name="Test Cases/p4p_newReservationDaycare" time="116.007" classname="Test Cases/p4p_newReservationDaycare" status="FAILED">
         <failure type="FAILED" message="Test Cases/p4p_newReservationDaycare FAILED.
Reason:
com.kms.katalon.core.exception.StepFailedException: Unable to click on object 'Object Repository/object_reservation/button_Return To Reservation'
	at com.kms.katalon.core.webui.keyword.internal.WebUIKeywordMain.stepFailed(WebUIKeywordMain.groovy:64)
	at com.kms.katalon.core.webui.keyword.internal.WebUIKeywordMain.runKeyword(WebUIKeywordMain.groovy:26)
	at com.kms.katalon.core.webui.keyword.builtin.ClickKeyword.click(ClickKeyword.groovy:99)
	at com.kms.katalon.core.webui.keyword.builtin.ClickKeyword.execute(ClickKeyword.groovy:43)
	at com.kms.katalon.core.keyword.internal.KeywordExecutor.executeKeywordForPlatform(KeywordExecutor.groovy:60)
	at com.kms.katalon.core.webui.keyword.WebUiBuiltInKeywords.click(WebUiBuiltInKeywords.groovy:616)
	at com.kms.katalon.core.webui.keyword.WebUiBuiltInKeywords$click$2.call(Unknown Source)
	at p4p_newReservationDaycare.run(p4p_newReservationDaycare:603)
	at com.kms.katalon.core.main.ScriptEngine.run(ScriptEngine.java:194)
	at com.kms.katalon.core.main.ScriptEngine.runScriptAsRawText(ScriptEngine.java:119)
	at com.kms.katalon.core.main.TestCaseExecutor.runScript(TestCaseExecutor.java:337)
	at com.kms.katalon.core.main.TestCaseExecutor.doExecute(TestCaseExecutor.java:328)
	at com.kms.katalon.core.main.TestCaseExecutor.processExecutionPhase(TestCaseExecutor.java:307)
	at com.kms.katalon.core.main.TestCaseExecutor.accessMainPhase(TestCaseExecutor.java:299)
	at com.kms.katalon.core.main.TestCaseExecutor.execute(TestCaseExecutor.java:233)
	at com.kms.katalon.core.main.TestSuiteExecutor.accessTestCaseMainPhase(TestSuiteExecutor.java:169)
	at com.kms.katalon.core.main.TestSuiteExecutor.accessTestSuiteMainPhase(TestSuiteExecutor.java:142)
	at com.kms.katalon.core.main.TestSuiteExecutor.execute(TestSuiteExecutor.java:91)
	at com.kms.katalon.core.main.TestCaseMain.startTestSuite(TestCaseMain.java:157)
	at com.kms.katalon.core.main.TestCaseMain$startTestSuite$0.call(Unknown Source)
	at TempTestSuite1576509930469.run(TempTestSuite1576509930469.groovy:36)
Caused by: com.kms.katalon.core.webui.exception.WebElementNotFoundException: Web element with id: 'Object Repository/object_reservation/button_Return To Reservation' located by 'By.xpath: (//button[@type='button'])[13]' not found
	at com.kms.katalon.core.webui.common.WebUiCommonHelper.findWebElement(WebUiCommonHelper.java:1113)
	at com.kms.katalon.core.webui.keyword.internal.WebUIAbstractKeyword.findWebElement(WebUIAbstractKeyword.groovy:27)
	at com.kms.katalon.core.webui.keyword.internal.WebUIAbstractKeyword.findWebElement(WebUIAbstractKeyword.groovy:26)
	at com.kms.katalon.core.webui.keyword.builtin.ClickKeyword$_click_closure1.doCall(ClickKeyword.groovy:68)
	at com.kms.katalon.core.webui.keyword.builtin.ClickKeyword$_click_closure1.call(ClickKeyword.groovy)
	at com.kms.katalon.core.webui.keyword.internal.WebUIKeywordMain.runKeyword(WebUIKeywordMain.groovy:20)
	... 19 more
"/>
         <system-out><![CDATA[2019-12-16 09:29:30 - [TEST_CASE][FAILED] - Test Cases/p4p_newReservationDaycare: Test Cases/p4p_newReservationDaycare FAILED.
Reason:
com.kms.katalon.core.exception.StepFailedException: Unable to click on object 'Object Repository/object_reservation/button_Return To Reservation'
	at com.kms.katalon.core.webui.keyword.internal.WebUIKeywordMain.stepFailed(WebUIKeywordMain.groovy:64)
	at com.kms.katalon.core.webui.keyword.internal.WebUIKeywordMain.runKeyword(WebUIKeywordMain.groovy:26)
	at com.kms.katalon.core.webui.keyword.builtin.ClickKeyword.click(ClickKeyword.groovy:99)
	at com.kms.katalon.core.webui.keyword.builtin.ClickKeyword.execute(ClickKeyword.groovy:43)
	at com.kms.katalon.core.keyword.internal.KeywordExecutor.executeKeywordForPlatform(KeywordExecutor.groovy:60)
	at com.kms.katalon.core.webui.keyword.WebUiBuiltInKeywords.click(WebUiBuiltInKeywords.groovy:616)
	at com.kms.katalon.core.webui.keyword.WebUiBuiltInKeywords$click$2.call(Unknown Source)
	at p4p_newReservationDaycare.run(p4p_newReservationDaycare:603)
	at com.kms.katalon.core.main.ScriptEngine.run(ScriptEngine.java:194)
	at com.kms.katalon.core.main.ScriptEngine.runScriptAsRawText(ScriptEngine.java:119)
	at com.kms.katalon.core.main.TestCaseExecutor.runScript(TestCaseExecutor.java:337)
	at com.kms.katalon.core.main.TestCaseExecutor.doExecute(TestCaseExecutor.java:328)
	at com.kms.katalon.core.main.TestCaseExecutor.processExecutionPhase(TestCaseExecutor.java:307)
	at com.kms.katalon.core.main.TestCaseExecutor.accessMainPhase(TestCaseExecutor.java:299)
	at com.kms.katalon.core.main.TestCaseExecutor.execute(TestCaseExecutor.java:233)
	at com.kms.katalon.core.main.TestSuiteExecutor.accessTestCaseMainPhase(TestSuiteExecutor.java:169)
	at com.kms.katalon.core.main.TestSuiteExecutor.accessTestSuiteMainPhase(TestSuiteExecutor.java:142)
	at com.kms.katalon.core.main.TestSuiteExecutor.execute(TestSuiteExecutor.java:91)
	at com.kms.katalon.core.main.TestCaseMain.startTestSuite(TestCaseMain.java:157)
	at com.kms.katalon.core.main.TestCaseMain$startTestSuite$0.call(Unknown Source)
	at TempTestSuite1576509930469.run(TempTestSuite1576509930469.groovy:36)
Caused by: com.kms.katalon.core.webui.exception.WebElementNotFoundException: Web element with id: 'Object Repository/object_reservation/button_Return To Reservation' located by 'By.xpath: (//button[@type='button'])[13]' not found
	at com.kms.katalon.core.webui.common.WebUiCommonHelper.findWebElement(WebUiCommonHelper.java:1113)
	at com.kms.katalon.core.webui.keyword.internal.WebUIAbstractKeyword.findWebElement(WebUIAbstractKeyword.groovy:27)
	at com.kms.katalon.core.webui.keyword.internal.WebUIAbstractKeyword.findWebElement(WebUIAbstractKeyword.groovy:26)
	at com.kms.katalon.core.webui.keyword.builtin.ClickKeyword$_click_closure1.doCall(ClickKeyword.groovy:68)
	at com.kms.katalon.core.webui.keyword.builtin.ClickKeyword$_click_closure1.call(ClickKeyword.groovy)
	at com.kms.katalon.core.webui.keyword.internal.WebUIKeywordMain.runKeyword(WebUIKeywordMain.groovy:20)
	... 19 more


2019-12-16 09:29:30 - [TEST_STEP][PASSED] - openBrowser("https://p4p-qa-bg.aws.paradise4paws.com/login/"): Browser is opened with url: 'https://p4p-qa-bg.aws.paradise4paws.com/login/'

2019-12-16 09:29:30 - [MESSAGE][WARNING] - A browser is already opened. Closing browser and opening a new one

2019-12-16 09:29:31 - [MESSAGE][INFO] - Starting 'Firefox' driver

2019-12-16 09:29:35 - [MESSAGE][PASSED] - Browser is opened with url: 'https://p4p-qa-bg.aws.paradise4paws.com/login/'

2019-12-16 09:29:35 - [TEST_STEP][PASSED] - setText(findTestObject("Object Repository/object_login/input_user"), var_user): Text 'jegchavez@gmail.com' is set on object 'Object Repository/object_login/input_user'

2019-12-16 09:29:36 - [MESSAGE][PASSED] - Text 'jegchavez@gmail.com' is set on object 'Object Repository/object_login/input_user'

2019-12-16 09:29:36 - [TEST_STEP][PASSED] - setText(findTestObject("Object Repository/object_login/input_pass"), var_pass): Text 'admin1' is set on object 'Object Repository/object_login/input_pass'

2019-12-16 09:29:36 - [MESSAGE][PASSED] - Text 'admin1' is set on object 'Object Repository/object_login/input_pass'

2019-12-16 09:29:36 - [TEST_STEP][PASSED] - delay(2): Delayed 2 second(s)

2019-12-16 09:29:38 - [MESSAGE][PASSED] - Delayed 2 second(s)

2019-12-16 09:29:38 - [TEST_STEP][PASSED] - verifyElementClickable(findTestObject("Object Repository/object_login/btn_login")): Object 'Object Repository/object_login/btn_login' is clickable

2019-12-16 09:29:39 - [MESSAGE][PASSED] - Object 'Object Repository/object_login/btn_login' is clickable

2019-12-16 09:29:39 - [TEST_STEP][PASSED] - click(findTestObject("Object Repository/object_login/btn_login")): Object: 'Object Repository/object_login/btn_login' is clicked on

2019-12-16 09:29:43 - [MESSAGE][PASSED] - Object: 'Object Repository/object_login/btn_login' is clicked on

2019-12-16 09:29:43 - [TEST_STEP][PASSED] - delay(2): Delayed 2 second(s)

2019-12-16 09:29:45 - [MESSAGE][PASSED] - Delayed 2 second(s)

2019-12-16 09:29:45 - [TEST_STEP][PASSED] - setText(findTestObject("Object Repository/object_dashboard_emp/input_search"), var_searchParent): Text 'leongarzagarza@hotmail.com' is set on object 'Object Repository/object_dashboard_emp/input_search'

2019-12-16 09:29:46 - [MESSAGE][PASSED] - Text 'leongarzagarza@hotmail.com' is set on object 'Object Repository/object_dashboard_emp/input_search'

2019-12-16 09:29:46 - [TEST_STEP][PASSED] - click(findTestObject("Object Repository/object_dashboard_emp/btn_accountSearch")): Object: 'Object Repository/object_dashboard_emp/btn_accountSearch' is clicked on

2019-12-16 09:29:47 - [MESSAGE][PASSED] - Object: 'Object Repository/object_dashboard_emp/btn_accountSearch' is clicked on

2019-12-16 09:29:47 - [TEST_STEP][PASSED] - delay(2): Delayed 2 second(s)

2019-12-16 09:29:49 - [MESSAGE][PASSED] - Delayed 2 second(s)

2019-12-16 09:29:49 - [TEST_STEP][PASSED] - click(findTestObject("Object Repository/object_accountInformation/a_TEST GABRIEL PROD")): Object: 'Object Repository/object_accountInformation/a_TEST GABRIEL PROD' is clicked on

2019-12-16 09:29:53 - [MESSAGE][PASSED] - Object: 'Object Repository/object_accountInformation/a_TEST GABRIEL PROD' is clicked on

2019-12-16 09:29:53 - [TEST_STEP][PASSED] - delay(2): Delayed 2 second(s)

2019-12-16 09:29:55 - [MESSAGE][PASSED] - Delayed 2 second(s)

2019-12-16 09:29:55 - [TEST_STEP][PASSED] - var_url = getUrl(): Current window's url is: 'https://p4p-qa-bg.aws.paradise4paws.com/accounts/profile/#/reservations/122350/'

2019-12-16 09:29:55 - [MESSAGE][PASSED] - Current window's url is: 'https://p4p-qa-bg.aws.paradise4paws.com/accounts/profile/#/reservations/122350/'

2019-12-16 09:29:55 - [TEST_STEP][PASSED] - log0 = new com.kms.katalon.core.logging.KeywordLogger(): null

2019-12-16 09:29:55 - [TEST_STEP][PASSED] - arrUrl = var_url.split("/"): null

2019-12-16 09:29:55 - [TEST_STEP][PASSED] - idParent = arrUrl[7]: null

2019-12-16 09:29:55 - [TEST_STEP][PASSED] - click(findTestObject("Object Repository/object_profile/a_addReservation")): Object: 'Object Repository/object_profile/a_addReservation' is clicked on

2019-12-16 09:29:56 - [MESSAGE][PASSED] - Object: 'Object Repository/object_profile/a_addReservation' is clicked on

2019-12-16 09:29:56 - [TEST_STEP][PASSED] - delay(2): Delayed 2 second(s)

2019-12-16 09:29:58 - [MESSAGE][PASSED] - Delayed 2 second(s)

2019-12-16 09:29:58 - [TEST_STEP][PASSED] - flagBoar = "0": null

2019-12-16 09:29:58 - [TEST_STEP][PASSED] - log = new com.kms.katalon.core.logging.KeywordLogger(): null

2019-12-16 09:29:58 - [TEST_STEP][PASSED] - if (var_typeReserveation == "Boarding"): null

2019-12-16 09:29:58 - [TEST_STEP][PASSED] - else if (var_typeReserveation == "Daycare"): Object: 'Object Repository/object_reservation/btn_Daycare' is clicked on

2019-12-16 09:29:58 - [TEST_STEP][PASSED] - flagBoar = "2": null

2019-12-16 09:29:58 - [TEST_STEP][PASSED] - click(findTestObject("object_reservation/btn_Daycare")): Object: 'Object Repository/object_reservation/btn_Daycare' is clicked on

2019-12-16 09:29:59 - [MESSAGE][PASSED] - Object: 'Object Repository/object_reservation/btn_Daycare' is clicked on

2019-12-16 09:29:59 - [TEST_STEP][PASSED] - click(findTestObject("Object Repository/object_reservation/i_location")): Object: 'Object Repository/object_reservation/i_location' is clicked on

2019-12-16 09:30:02 - [MESSAGE][PASSED] - Object: 'Object Repository/object_reservation/i_location' is clicked on

2019-12-16 09:30:02 - [TEST_STEP][PASSED] - switch (var_idFacility): null

2019-12-16 09:30:02 - [TEST_STEP][PASSED] - dateCI = var_checkinD.split(","): null

2019-12-16 09:30:02 - [TEST_STEP][PASSED] - dateCO = var_checkoutD.split(","): null

2019-12-16 09:30:02 - [TEST_STEP][PASSED] - arryPets = var_pets.split(","): null

2019-12-16 09:30:02 - [TEST_STEP][PASSED] - delay(2): Delayed 2 second(s)

2019-12-16 09:30:04 - [MESSAGE][PASSED] - Delayed 2 second(s)

2019-12-16 09:30:04 - [TEST_STEP][PASSED] - if (var_repeting == "Y"): null

2019-12-16 09:30:04 - [TEST_STEP][PASSED] - click(findTestObject("Object Repository/object_reservation/checkbox_repeating")): Object: 'Object Repository/object_reservation/checkbox_repeating' is clicked on

2019-12-16 09:30:04 - [MESSAGE][PASSED] - Object: 'Object Repository/object_reservation/checkbox_repeating' is clicked on

2019-12-16 09:30:04 - [TEST_STEP][PASSED] - if (var_repeatingEvery == "Weekly"): null

2019-12-16 09:30:04 - [TEST_STEP][PASSED] - click(findTestObject("Object Repository/object_reservation/dateCheckIn")): Object: 'Object Repository/object_reservation/dateCheckIn' is clicked on

2019-12-16 09:30:05 - [MESSAGE][PASSED] - Object: 'Object Repository/object_reservation/dateCheckIn' is clicked on

2019-12-16 09:30:05 - [TEST_STEP][PASSED] - stringCI2020 = "0": null

2019-12-16 09:30:05 - [TEST_STEP][PASSED] - stringCO2020 = "0": null

2019-12-16 09:30:05 - [TEST_STEP][PASSED] - if (dateCI[0] == "16" && dateCI[1] == "01" && dateCI[2] == "2020"): null

2019-12-16 09:30:05 - [TEST_STEP][PASSED] - if (dateCI[0] == "18" && dateCI[1] == "02" && dateCI[2] == "2020"): null

2019-12-16 09:30:05 - [TEST_STEP][PASSED] - if (dateCI[0] == "21" && dateCI[1] == "03" && dateCI[2] == "2020"): null

2019-12-16 09:30:05 - [TEST_STEP][PASSED] - delay(2): Delayed 2 second(s)

2019-12-16 09:30:07 - [MESSAGE][PASSED] - Delayed 2 second(s)

2019-12-16 09:30:07 - [TEST_STEP][PASSED] - if (stringCI2020 == "0"): null

2019-12-16 09:30:07 - [TEST_STEP][PASSED] - switch (dateCI[0]): null

2019-12-16 09:30:07 - [TEST_STEP][PASSED] - case "10":: null

2019-12-16 09:30:07 - [TEST_STEP][PASSED] - click(findTestObject("Object Repository/Page_Paradise 4 Paws  Dog Boarding Cat Boarding Norwalk Pooch Hotel/button_10_ci")): Object: 'Object Repository/Page_Paradise 4 Paws  Dog Boarding Cat Boarding Norwalk Pooch Hotel/button_10_ci' is clicked on

2019-12-16 09:30:08 - [MESSAGE][PASSED] - Object: 'Object Repository/Page_Paradise 4 Paws  Dog Boarding Cat Boarding Norwalk Pooch Hotel/button_10_ci' is clicked on

2019-12-16 09:30:08 - [TEST_STEP][PASSED] - break: null

2019-12-16 09:30:08 - [TEST_STEP][PASSED] - if (flagBoar == "1" || flagBoar == "2" && var_repeatingEvery == "Daily" || flagBoar == "2" && var_repeatingEvery == "Weekly" || flagBoar == "2" && var_repeatingEvery == "Monthly"): null

2019-12-16 09:30:08 - [TEST_STEP][PASSED] - click(findTestObject("Object Repository/object_reservation/dateCheckOut")): Object: 'Object Repository/object_reservation/dateCheckOut' is clicked on

2019-12-16 09:30:09 - [MESSAGE][PASSED] - Object: 'Object Repository/object_reservation/dateCheckOut' is clicked on

2019-12-16 09:30:09 - [TEST_STEP][PASSED] - if (dateCO[0] == "17" && dateCO[1] == "02" && dateCO[2] == "2020"): null

2019-12-16 09:30:09 - [TEST_STEP][PASSED] - if (dateCO[0] == "20" && dateCO[1] == "03" && dateCO[2] == "2020"): null

2019-12-16 09:30:09 - [TEST_STEP][PASSED] - if (dateCO[0] == "24" && dateCO[1] == "04" && dateCO[2] == "2020"): null

2019-12-16 09:30:09 - [TEST_STEP][PASSED] - if (stringCO2020 == "0"): null

2019-12-16 09:30:09 - [TEST_STEP][PASSED] - switch (dateCO[0]): null

2019-12-16 09:30:09 - [TEST_STEP][PASSED] - case "10":: null

2019-12-16 09:30:09 - [TEST_STEP][PASSED] - click(findTestObject("Object Repository/Page_Paradise 4 Paws  Dog Boarding Cat Boarding Norwalk Pooch Hotel/button_10_co")): Object: 'Object Repository/Page_Paradise 4 Paws  Dog Boarding Cat Boarding Norwalk Pooch Hotel/button_10_co' is clicked on

2019-12-16 09:30:09 - [MESSAGE][PASSED] - Object: 'Object Repository/Page_Paradise 4 Paws  Dog Boarding Cat Boarding Norwalk Pooch Hotel/button_10_co' is clicked on

2019-12-16 09:30:09 - [TEST_STEP][PASSED] - break: null

2019-12-16 09:30:09 - [TEST_STEP][NOT_RUN] - click(findTestObject("Object Repository/object_reservationCalendar/CO_close")): NOT_RUN: click(findTestObject("Object Repository/object_reservationCalendar/CO_close"))

2019-12-16 09:30:09 - [MESSAGE][NOT_RUN] - NOT_RUN: click(findTestObject("Object Repository/object_reservationCalendar/CO_close"))

2019-12-16 09:30:09 - [TEST_STEP][PASSED] - click(findTestObject("Object Repository/object_reservation/timeCheckin")): Object: 'Object Repository/object_reservation/timeCheckin' is clicked on

2019-12-16 09:30:10 - [MESSAGE][PASSED] - Object: 'Object Repository/object_reservation/timeCheckin' is clicked on

2019-12-16 09:30:10 - [TEST_STEP][PASSED] - switch (var_checkinT): null

2019-12-16 09:30:10 - [TEST_STEP][PASSED] - case "800":: null

2019-12-16 09:30:10 - [TEST_STEP][PASSED] - click(findTestObject("Object Repository/Page_Paradise 4 Paws  Dog Boarding Cat Boarding Norwalk Pooch Hotel/time_800am_ci")): Object: 'Object Repository/Page_Paradise 4 Paws  Dog Boarding Cat Boarding Norwalk Pooch Hotel/time_800am_ci' is clicked on

2019-12-16 09:30:11 - [MESSAGE][PASSED] - Object: 'Object Repository/Page_Paradise 4 Paws  Dog Boarding Cat Boarding Norwalk Pooch Hotel/time_800am_ci' is clicked on

2019-12-16 09:30:11 - [TEST_STEP][PASSED] - break: null

2019-12-16 09:30:11 - [TEST_STEP][PASSED] - click(findTestObject("Object Repository/object_reservation/timeCheckOut")): Object: 'Object Repository/object_reservation/timeCheckOut' is clicked on

2019-12-16 09:30:11 - [MESSAGE][PASSED] - Object: 'Object Repository/object_reservation/timeCheckOut' is clicked on

2019-12-16 09:30:11 - [TEST_STEP][PASSED] - switch (var_checkoutT): null

2019-12-16 09:30:11 - [TEST_STEP][PASSED] - case "1200":: null

2019-12-16 09:30:11 - [TEST_STEP][PASSED] - click(findTestObject("Object Repository/Page_Paradise 4 Paws  Dog Boarding Cat Boarding Norwalk Pooch Hotel/time_1200pm_co")): Object: 'Object Repository/Page_Paradise 4 Paws  Dog Boarding Cat Boarding Norwalk Pooch Hotel/time_1200pm_co' is clicked on

2019-12-16 09:30:12 - [MESSAGE][PASSED] - Object: 'Object Repository/Page_Paradise 4 Paws  Dog Boarding Cat Boarding Norwalk Pooch Hotel/time_1200pm_co' is clicked on

2019-12-16 09:30:12 - [TEST_STEP][PASSED] - break: null

2019-12-16 09:30:12 - [TEST_STEP][PASSED] - delay(2): Delayed 2 second(s)

2019-12-16 09:30:14 - [MESSAGE][PASSED] - Delayed 2 second(s)

2019-12-16 09:30:14 - [TEST_STEP][PASSED] - if (arryPets.size() == 1): Object: 'Object Repository/object_reservation/Page_Paradise 4 Paws  Dog Boarding Cat Boarding Norwalk Pooch Hotel/div_Ares' is clicked on

2019-12-16 09:30:14 - [TEST_STEP][PASSED] - click(findTestObject("Object Repository/object_reservation/Page_Paradise 4 Paws  Dog Boarding Cat Boarding Norwalk Pooch Hotel/div_Ares")): Object: 'Object Repository/object_reservation/Page_Paradise 4 Paws  Dog Boarding Cat Boarding Norwalk Pooch Hotel/div_Ares' is clicked on

2019-12-16 09:30:15 - [MESSAGE][PASSED] - Object: 'Object Repository/object_reservation/Page_Paradise 4 Paws  Dog Boarding Cat Boarding Norwalk Pooch Hotel/div_Ares' is clicked on

2019-12-16 09:30:15 - [TEST_STEP][NOT_RUN] - click(findTestObject("object_reservations/i_Day_fa fa-circle-o ng-scope")): NOT_RUN: click(findTestObject("object_reservations/i_Day_fa fa-circle-o ng-scope"))

2019-12-16 09:30:15 - [MESSAGE][NOT_RUN] - NOT_RUN: click(findTestObject("object_reservations/i_Day_fa fa-circle-o ng-scope"))

2019-12-16 09:30:15 - [TEST_STEP][PASSED] - if (flagBoar == "1" || flagBoar == "2"): Object: 'Object Repository/object_reservation/div_suite_rad_deluxe' is clicked on

2019-12-16 09:30:15 - [TEST_STEP][PASSED] - click(findTestObject("Object Repository/object_reservation/div_suite_rad_deluxe")): Object: 'Object Repository/object_reservation/div_suite_rad_deluxe' is clicked on

2019-12-16 09:30:19 - [MESSAGE][PASSED] - Object: 'Object Repository/object_reservation/div_suite_rad_deluxe' is clicked on

2019-12-16 09:30:19 - [TEST_STEP][PASSED] - click(findTestObject("Object Repository/object_reservation/btn_next2")): Object: 'Object Repository/object_reservation/btn_next2' is clicked on

2019-12-16 09:30:22 - [MESSAGE][PASSED] - Object: 'Object Repository/object_reservation/btn_next2' is clicked on

2019-12-16 09:30:22 - [TEST_STEP][PASSED] - delay(3): Delayed 3 second(s)

2019-12-16 09:30:25 - [MESSAGE][PASSED] - Delayed 3 second(s)

2019-12-16 09:30:25 - [TEST_STEP][PASSED] - if (flagBoar == "1"): null

2019-12-16 09:30:25 - [TEST_STEP][PASSED] - delay(2): Delayed 2 second(s)

2019-12-16 09:30:27 - [MESSAGE][PASSED] - Delayed 2 second(s)

2019-12-16 09:30:27 - [TEST_STEP][PASSED] - click(findTestObject("Object Repository/object_reservation/btn_next2")): Object: 'Object Repository/object_reservation/btn_next2' is clicked on

2019-12-16 09:30:27 - [MESSAGE][PASSED] - Object: 'Object Repository/object_reservation/btn_next2' is clicked on

2019-12-16 09:30:27 - [TEST_STEP][PASSED] - click(findTestObject("Object Repository/object_reservation/button_Submit Reservation")): Object: 'Object Repository/object_reservation/button_Submit Reservation' is clicked on

2019-12-16 09:30:29 - [MESSAGE][PASSED] - Object: 'Object Repository/object_reservation/button_Submit Reservation' is clicked on

2019-12-16 09:30:29 - [TEST_STEP][PASSED] - delay(2): Delayed 2 second(s)

2019-12-16 09:30:31 - [MESSAGE][PASSED] - Delayed 2 second(s)

2019-12-16 09:30:31 - [TEST_STEP][PASSED] - if (flagBoar == "2" && var_repeatingEvery == "Daily" || var_repeatingEvery == "Monthly" || var_repeatingEvery == "Weekly"): Delayed 8 second(s)

2019-12-16 09:30:31 - [TEST_STEP][PASSED] - click(findTestObject("Object Repository/object_reservation/Page_Paradise 4 Paws  Dog Boarding Cat Boar_cfde7f/button_Ok")): Object: 'Object Repository/object_reservation/Page_Paradise 4 Paws  Dog Boarding Cat Boar_cfde7f/button_Ok' is clicked on

2019-12-16 09:30:32 - [MESSAGE][PASSED] - Object: 'Object Repository/object_reservation/Page_Paradise 4 Paws  Dog Boarding Cat Boar_cfde7f/button_Ok' is clicked on

2019-12-16 09:30:32 - [TEST_STEP][PASSED] - delay(8): Delayed 8 second(s)

2019-12-16 09:30:40 - [MESSAGE][PASSED] - Delayed 8 second(s)

2019-12-16 09:30:40 - [TEST_STEP][PASSED] - delay(2): Delayed 2 second(s)

2019-12-16 09:30:42 - [MESSAGE][PASSED] - Delayed 2 second(s)

2019-12-16 09:30:42 - [TEST_STEP][FAILED] - click(findTestObject("Object Repository/object_reservation/button_Return To Reservation")): Unable to click on object 'Object Repository/object_reservation/button_Return To Reservation' (Root cause: com.kms.katalon.core.exception.StepFailedException: Unable to click on object 'Object Repository/object_reservation/button_Return To Reservation'
	at com.kms.katalon.core.webui.keyword.internal.WebUIKeywordMain.stepFailed(WebUIKeywordMain.groovy:64)
	at com.kms.katalon.core.webui.keyword.internal.WebUIKeywordMain.runKeyword(WebUIKeywordMain.groovy:26)
	at com.kms.katalon.core.webui.keyword.builtin.ClickKeyword.click(ClickKeyword.groovy:99)
	at com.kms.katalon.core.webui.keyword.builtin.ClickKeyword.execute(ClickKeyword.groovy:43)
	at com.kms.katalon.core.keyword.internal.KeywordExecutor.executeKeywordForPlatform(KeywordExecutor.groovy:60)
	at com.kms.katalon.core.webui.keyword.WebUiBuiltInKeywords.click(WebUiBuiltInKeywords.groovy:616)
	at com.kms.katalon.core.webui.keyword.WebUiBuiltInKeywords$click$2.call(Unknown Source)
	at p4p_newReservationDaycare.run(p4p_newReservationDaycare:603)
	at com.kms.katalon.core.main.ScriptEngine.run(ScriptEngine.java:194)
	at com.kms.katalon.core.main.ScriptEngine.runScriptAsRawText(ScriptEngine.java:119)
	at com.kms.katalon.core.main.TestCaseExecutor.runScript(TestCaseExecutor.java:337)
	at com.kms.katalon.core.main.TestCaseExecutor.doExecute(TestCaseExecutor.java:328)
	at com.kms.katalon.core.main.TestCaseExecutor.processExecutionPhase(TestCaseExecutor.java:307)
	at com.kms.katalon.core.main.TestCaseExecutor.accessMainPhase(TestCaseExecutor.java:299)
	at com.kms.katalon.core.main.TestCaseExecutor.execute(TestCaseExecutor.java:233)
	at com.kms.katalon.core.main.TestSuiteExecutor.accessTestCaseMainPhase(TestSuiteExecutor.java:169)
	at com.kms.katalon.core.main.TestSuiteExecutor.accessTestSuiteMainPhase(TestSuiteExecutor.java:142)
	at com.kms.katalon.core.main.TestSuiteExecutor.execute(TestSuiteExecutor.java:91)
	at com.kms.katalon.core.main.TestCaseMain.startTestSuite(TestCaseMain.java:157)
	at com.kms.katalon.core.main.TestCaseMain$startTestSuite$0.call(Unknown Source)
	at TempTestSuite1576509930469.run(TempTestSuite1576509930469.groovy:36)
Caused by: com.kms.katalon.core.webui.exception.WebElementNotFoundException: Web element with id: 'Object Repository/object_reservation/button_Return To Reservation' located by 'By.xpath: (//button[@type='button'])[13]' not found
	at com.kms.katalon.core.webui.common.WebUiCommonHelper.findWebElement(WebUiCommonHelper.java:1113)
	at com.kms.katalon.core.webui.keyword.internal.WebUIAbstractKeyword.findWebElement(WebUIAbstractKeyword.groovy:27)
	at com.kms.katalon.core.webui.keyword.internal.WebUIAbstractKeyword.findWebElement(WebUIAbstractKeyword.groovy:26)
	at com.kms.katalon.core.webui.keyword.builtin.ClickKeyword$_click_closure1.doCall(ClickKeyword.groovy:68)
	at com.kms.katalon.core.webui.keyword.builtin.ClickKeyword$_click_closure1.call(ClickKeyword.groovy)
	at com.kms.katalon.core.webui.keyword.internal.WebUIKeywordMain.runKeyword(WebUIKeywordMain.groovy:20)
	at com.kms.katalon.core.webui.keyword.builtin.ClickKeyword.click(ClickKeyword.groovy:99)
	at com.kms.katalon.core.webui.keyword.builtin.ClickKeyword.execute(ClickKeyword.groovy:43)
	at com.kms.katalon.core.keyword.internal.KeywordExecutor.executeKeywordForPlatform(KeywordExecutor.groovy:60)
	at com.kms.katalon.core.webui.keyword.WebUiBuiltInKeywords.click(WebUiBuiltInKeywords.groovy:616)
	at com.kms.katalon.core.webui.keyword.WebUiBuiltInKeywords$click$2.call(Unknown Source)
	at Script1576482965057.run(Script1576482965057.groovy:603)
	... 13 more
)

2019-12-16 09:31:26 - [MESSAGE][INFO] - Unable to find the element located by 'By.xpath: (//button[@type='button'])[13]'. Please recheck the objects properties to make sure the desired element is located. 

2019-12-16 09:31:26 - [MESSAGE][FAILED] - Unable to click on object 'Object Repository/object_reservation/button_Return To Reservation' (Root cause: com.kms.katalon.core.exception.StepFailedException: Unable to click on object 'Object Repository/object_reservation/button_Return To Reservation'
	at com.kms.katalon.core.webui.keyword.internal.WebUIKeywordMain.stepFailed(WebUIKeywordMain.groovy:64)
	at com.kms.katalon.core.webui.keyword.internal.WebUIKeywordMain.runKeyword(WebUIKeywordMain.groovy:26)
	at com.kms.katalon.core.webui.keyword.builtin.ClickKeyword.click(ClickKeyword.groovy:99)
	at com.kms.katalon.core.webui.keyword.builtin.ClickKeyword.execute(ClickKeyword.groovy:43)
	at com.kms.katalon.core.keyword.internal.KeywordExecutor.executeKeywordForPlatform(KeywordExecutor.groovy:60)
	at com.kms.katalon.core.webui.keyword.WebUiBuiltInKeywords.click(WebUiBuiltInKeywords.groovy:616)
	at com.kms.katalon.core.webui.keyword.WebUiBuiltInKeywords$click$2.call(Unknown Source)
	at p4p_newReservationDaycare.run(p4p_newReservationDaycare:603)
	at com.kms.katalon.core.main.ScriptEngine.run(ScriptEngine.java:194)
	at com.kms.katalon.core.main.ScriptEngine.runScriptAsRawText(ScriptEngine.java:119)
	at com.kms.katalon.core.main.TestCaseExecutor.runScript(TestCaseExecutor.java:337)
	at com.kms.katalon.core.main.TestCaseExecutor.doExecute(TestCaseExecutor.java:328)
	at com.kms.katalon.core.main.TestCaseExecutor.processExecutionPhase(TestCaseExecutor.java:307)
	at com.kms.katalon.core.main.TestCaseExecutor.accessMainPhase(TestCaseExecutor.java:299)
	at com.kms.katalon.core.main.TestCaseExecutor.execute(TestCaseExecutor.java:233)
	at com.kms.katalon.core.main.TestSuiteExecutor.accessTestCaseMainPhase(TestSuiteExecutor.java:169)
	at com.kms.katalon.core.main.TestSuiteExecutor.accessTestSuiteMainPhase(TestSuiteExecutor.java:142)
	at com.kms.katalon.core.main.TestSuiteExecutor.execute(TestSuiteExecutor.java:91)
	at com.kms.katalon.core.main.TestCaseMain.startTestSuite(TestCaseMain.java:157)
	at com.kms.katalon.core.main.TestCaseMain$startTestSuite$0.call(Unknown Source)
	at TempTestSuite1576509930469.run(TempTestSuite1576509930469.groovy:36)
Caused by: com.kms.katalon.core.webui.exception.WebElementNotFoundException: Web element with id: 'Object Repository/object_reservation/button_Return To Reservation' located by 'By.xpath: (//button[@type='button'])[13]' not found
	at com.kms.katalon.core.webui.common.WebUiCommonHelper.findWebElement(WebUiCommonHelper.java:1113)
	at com.kms.katalon.core.webui.keyword.internal.WebUIAbstractKeyword.findWebElement(WebUIAbstractKeyword.groovy:27)
	at com.kms.katalon.core.webui.keyword.internal.WebUIAbstractKeyword.findWebElement(WebUIAbstractKeyword.groovy:26)
	at com.kms.katalon.core.webui.keyword.builtin.ClickKeyword$_click_closure1.doCall(ClickKeyword.groovy:68)
	at com.kms.katalon.core.webui.keyword.builtin.ClickKeyword$_click_closure1.call(ClickKeyword.groovy)
	at com.kms.katalon.core.webui.keyword.internal.WebUIKeywordMain.runKeyword(WebUIKeywordMain.groovy:20)
	at com.kms.katalon.core.webui.keyword.builtin.ClickKeyword.click(ClickKeyword.groovy:99)
	at com.kms.katalon.core.webui.keyword.builtin.ClickKeyword.execute(ClickKeyword.groovy:43)
	at com.kms.katalon.core.keyword.internal.KeywordExecutor.executeKeywordForPlatform(KeywordExecutor.groovy:60)
	at com.kms.katalon.core.webui.keyword.WebUiBuiltInKeywords.click(WebUiBuiltInKeywords.groovy:616)
	at com.kms.katalon.core.webui.keyword.WebUiBuiltInKeywords$click$2.call(Unknown Source)
	at Script1576482965057.run(Script1576482965057.groovy:603)
	... 13 more
)
[[ATTACHMENT|/home/leonardo-arkusmty/Documents/workspaceKatalon/p4ptest/Reports/20191216_092530/ts_newReservationDaycare/20191216_092530/1576510286630.png]]]]></system-out>
         <system-err><![CDATA[2019-12-16 09:29:30 - [TEST_CASE][FAILED] - Test Cases/p4p_newReservationDaycare: Test Cases/p4p_newReservationDaycare FAILED.
Reason:
com.kms.katalon.core.exception.StepFailedException: Unable to click on object 'Object Repository/object_reservation/button_Return To Reservation'
	at com.kms.katalon.core.webui.keyword.internal.WebUIKeywordMain.stepFailed(WebUIKeywordMain.groovy:64)
	at com.kms.katalon.core.webui.keyword.internal.WebUIKeywordMain.runKeyword(WebUIKeywordMain.groovy:26)
	at com.kms.katalon.core.webui.keyword.builtin.ClickKeyword.click(ClickKeyword.groovy:99)
	at com.kms.katalon.core.webui.keyword.builtin.ClickKeyword.execute(ClickKeyword.groovy:43)
	at com.kms.katalon.core.keyword.internal.KeywordExecutor.executeKeywordForPlatform(KeywordExecutor.groovy:60)
	at com.kms.katalon.core.webui.keyword.WebUiBuiltInKeywords.click(WebUiBuiltInKeywords.groovy:616)
	at com.kms.katalon.core.webui.keyword.WebUiBuiltInKeywords$click$2.call(Unknown Source)
	at p4p_newReservationDaycare.run(p4p_newReservationDaycare:603)
	at com.kms.katalon.core.main.ScriptEngine.run(ScriptEngine.java:194)
	at com.kms.katalon.core.main.ScriptEngine.runScriptAsRawText(ScriptEngine.java:119)
	at com.kms.katalon.core.main.TestCaseExecutor.runScript(TestCaseExecutor.java:337)
	at com.kms.katalon.core.main.TestCaseExecutor.doExecute(TestCaseExecutor.java:328)
	at com.kms.katalon.core.main.TestCaseExecutor.processExecutionPhase(TestCaseExecutor.java:307)
	at com.kms.katalon.core.main.TestCaseExecutor.accessMainPhase(TestCaseExecutor.java:299)
	at com.kms.katalon.core.main.TestCaseExecutor.execute(TestCaseExecutor.java:233)
	at com.kms.katalon.core.main.TestSuiteExecutor.accessTestCaseMainPhase(TestSuiteExecutor.java:169)
	at com.kms.katalon.core.main.TestSuiteExecutor.accessTestSuiteMainPhase(TestSuiteExecutor.java:142)
	at com.kms.katalon.core.main.TestSuiteExecutor.execute(TestSuiteExecutor.java:91)
	at com.kms.katalon.core.main.TestCaseMain.startTestSuite(TestCaseMain.java:157)
	at com.kms.katalon.core.main.TestCaseMain$startTestSuite$0.call(Unknown Source)
	at TempTestSuite1576509930469.run(TempTestSuite1576509930469.groovy:36)
Caused by: com.kms.katalon.core.webui.exception.WebElementNotFoundException: Web element with id: 'Object Repository/object_reservation/button_Return To Reservation' located by 'By.xpath: (//button[@type='button'])[13]' not found
	at com.kms.katalon.core.webui.common.WebUiCommonHelper.findWebElement(WebUiCommonHelper.java:1113)
	at com.kms.katalon.core.webui.keyword.internal.WebUIAbstractKeyword.findWebElement(WebUIAbstractKeyword.groovy:27)
	at com.kms.katalon.core.webui.keyword.internal.WebUIAbstractKeyword.findWebElement(WebUIAbstractKeyword.groovy:26)
	at com.kms.katalon.core.webui.keyword.builtin.ClickKeyword$_click_closure1.doCall(ClickKeyword.groovy:68)
	at com.kms.katalon.core.webui.keyword.builtin.ClickKeyword$_click_closure1.call(ClickKeyword.groovy)
	at com.kms.katalon.core.webui.keyword.internal.WebUIKeywordMain.runKeyword(WebUIKeywordMain.groovy:20)
	... 19 more]]></system-err>
      </testcase>
      <testcase name="Test Cases/p4p_newReservationDaycare" time="117.576" classname="Test Cases/p4p_newReservationDaycare" status="FAILED">
         <failure type="FAILED" message="Test Cases/p4p_newReservationDaycare FAILED.
Reason:
com.kms.katalon.core.exception.StepFailedException: Unable to click on object 'Object Repository/object_reservation/button_Return To Reservation'
	at com.kms.katalon.core.webui.keyword.internal.WebUIKeywordMain.stepFailed(WebUIKeywordMain.groovy:64)
	at com.kms.katalon.core.webui.keyword.internal.WebUIKeywordMain.runKeyword(WebUIKeywordMain.groovy:26)
	at com.kms.katalon.core.webui.keyword.builtin.ClickKeyword.click(ClickKeyword.groovy:99)
	at com.kms.katalon.core.webui.keyword.builtin.ClickKeyword.execute(ClickKeyword.groovy:43)
	at com.kms.katalon.core.keyword.internal.KeywordExecutor.executeKeywordForPlatform(KeywordExecutor.groovy:60)
	at com.kms.katalon.core.webui.keyword.WebUiBuiltInKeywords.click(WebUiBuiltInKeywords.groovy:616)
	at com.kms.katalon.core.webui.keyword.WebUiBuiltInKeywords$click$2.call(Unknown Source)
	at p4p_newReservationDaycare.run(p4p_newReservationDaycare:603)
	at com.kms.katalon.core.main.ScriptEngine.run(ScriptEngine.java:194)
	at com.kms.katalon.core.main.ScriptEngine.runScriptAsRawText(ScriptEngine.java:119)
	at com.kms.katalon.core.main.TestCaseExecutor.runScript(TestCaseExecutor.java:337)
	at com.kms.katalon.core.main.TestCaseExecutor.doExecute(TestCaseExecutor.java:328)
	at com.kms.katalon.core.main.TestCaseExecutor.processExecutionPhase(TestCaseExecutor.java:307)
	at com.kms.katalon.core.main.TestCaseExecutor.accessMainPhase(TestCaseExecutor.java:299)
	at com.kms.katalon.core.main.TestCaseExecutor.execute(TestCaseExecutor.java:233)
	at com.kms.katalon.core.main.TestSuiteExecutor.accessTestCaseMainPhase(TestSuiteExecutor.java:169)
	at com.kms.katalon.core.main.TestSuiteExecutor.accessTestSuiteMainPhase(TestSuiteExecutor.java:142)
	at com.kms.katalon.core.main.TestSuiteExecutor.execute(TestSuiteExecutor.java:91)
	at com.kms.katalon.core.main.TestCaseMain.startTestSuite(TestCaseMain.java:157)
	at com.kms.katalon.core.main.TestCaseMain$startTestSuite$0.call(Unknown Source)
	at TempTestSuite1576509930469.run(TempTestSuite1576509930469.groovy:36)
Caused by: com.kms.katalon.core.webui.exception.WebElementNotFoundException: Web element with id: 'Object Repository/object_reservation/button_Return To Reservation' located by 'By.xpath: (//button[@type='button'])[13]' not found
	at com.kms.katalon.core.webui.common.WebUiCommonHelper.findWebElement(WebUiCommonHelper.java:1113)
	at com.kms.katalon.core.webui.keyword.internal.WebUIAbstractKeyword.findWebElement(WebUIAbstractKeyword.groovy:27)
	at com.kms.katalon.core.webui.keyword.internal.WebUIAbstractKeyword.findWebElement(WebUIAbstractKeyword.groovy:26)
	at com.kms.katalon.core.webui.keyword.builtin.ClickKeyword$_click_closure1.doCall(ClickKeyword.groovy:68)
	at com.kms.katalon.core.webui.keyword.builtin.ClickKeyword$_click_closure1.call(ClickKeyword.groovy)
	at com.kms.katalon.core.webui.keyword.internal.WebUIKeywordMain.runKeyword(WebUIKeywordMain.groovy:20)
	... 19 more
"/>
         <system-out><![CDATA[2019-12-16 09:31:26 - [TEST_CASE][FAILED] - Test Cases/p4p_newReservationDaycare: Test Cases/p4p_newReservationDaycare FAILED.
Reason:
com.kms.katalon.core.exception.StepFailedException: Unable to click on object 'Object Repository/object_reservation/button_Return To Reservation'
	at com.kms.katalon.core.webui.keyword.internal.WebUIKeywordMain.stepFailed(WebUIKeywordMain.groovy:64)
	at com.kms.katalon.core.webui.keyword.internal.WebUIKeywordMain.runKeyword(WebUIKeywordMain.groovy:26)
	at com.kms.katalon.core.webui.keyword.builtin.ClickKeyword.click(ClickKeyword.groovy:99)
	at com.kms.katalon.core.webui.keyword.builtin.ClickKeyword.execute(ClickKeyword.groovy:43)
	at com.kms.katalon.core.keyword.internal.KeywordExecutor.executeKeywordForPlatform(KeywordExecutor.groovy:60)
	at com.kms.katalon.core.webui.keyword.WebUiBuiltInKeywords.click(WebUiBuiltInKeywords.groovy:616)
	at com.kms.katalon.core.webui.keyword.WebUiBuiltInKeywords$click$2.call(Unknown Source)
	at p4p_newReservationDaycare.run(p4p_newReservationDaycare:603)
	at com.kms.katalon.core.main.ScriptEngine.run(ScriptEngine.java:194)
	at com.kms.katalon.core.main.ScriptEngine.runScriptAsRawText(ScriptEngine.java:119)
	at com.kms.katalon.core.main.TestCaseExecutor.runScript(TestCaseExecutor.java:337)
	at com.kms.katalon.core.main.TestCaseExecutor.doExecute(TestCaseExecutor.java:328)
	at com.kms.katalon.core.main.TestCaseExecutor.processExecutionPhase(TestCaseExecutor.java:307)
	at com.kms.katalon.core.main.TestCaseExecutor.accessMainPhase(TestCaseExecutor.java:299)
	at com.kms.katalon.core.main.TestCaseExecutor.execute(TestCaseExecutor.java:233)
	at com.kms.katalon.core.main.TestSuiteExecutor.accessTestCaseMainPhase(TestSuiteExecutor.java:169)
	at com.kms.katalon.core.main.TestSuiteExecutor.accessTestSuiteMainPhase(TestSuiteExecutor.java:142)
	at com.kms.katalon.core.main.TestSuiteExecutor.execute(TestSuiteExecutor.java:91)
	at com.kms.katalon.core.main.TestCaseMain.startTestSuite(TestCaseMain.java:157)
	at com.kms.katalon.core.main.TestCaseMain$startTestSuite$0.call(Unknown Source)
	at TempTestSuite1576509930469.run(TempTestSuite1576509930469.groovy:36)
Caused by: com.kms.katalon.core.webui.exception.WebElementNotFoundException: Web element with id: 'Object Repository/object_reservation/button_Return To Reservation' located by 'By.xpath: (//button[@type='button'])[13]' not found
	at com.kms.katalon.core.webui.common.WebUiCommonHelper.findWebElement(WebUiCommonHelper.java:1113)
	at com.kms.katalon.core.webui.keyword.internal.WebUIAbstractKeyword.findWebElement(WebUIAbstractKeyword.groovy:27)
	at com.kms.katalon.core.webui.keyword.internal.WebUIAbstractKeyword.findWebElement(WebUIAbstractKeyword.groovy:26)
	at com.kms.katalon.core.webui.keyword.builtin.ClickKeyword$_click_closure1.doCall(ClickKeyword.groovy:68)
	at com.kms.katalon.core.webui.keyword.builtin.ClickKeyword$_click_closure1.call(ClickKeyword.groovy)
	at com.kms.katalon.core.webui.keyword.internal.WebUIKeywordMain.runKeyword(WebUIKeywordMain.groovy:20)
	... 19 more


2019-12-16 09:31:26 - [TEST_STEP][PASSED] - openBrowser("https://p4p-qa-bg.aws.paradise4paws.com/login/"): Browser is opened with url: 'https://p4p-qa-bg.aws.paradise4paws.com/login/'

2019-12-16 09:31:26 - [MESSAGE][WARNING] - A browser is already opened. Closing browser and opening a new one

2019-12-16 09:31:27 - [MESSAGE][INFO] - Starting 'Firefox' driver

2019-12-16 09:31:30 - [MESSAGE][PASSED] - Browser is opened with url: 'https://p4p-qa-bg.aws.paradise4paws.com/login/'

2019-12-16 09:31:30 - [TEST_STEP][PASSED] - setText(findTestObject("Object Repository/object_login/input_user"), var_user): Text 'jegchavez@gmail.com' is set on object 'Object Repository/object_login/input_user'

2019-12-16 09:31:31 - [MESSAGE][PASSED] - Text 'jegchavez@gmail.com' is set on object 'Object Repository/object_login/input_user'

2019-12-16 09:31:31 - [TEST_STEP][PASSED] - setText(findTestObject("Object Repository/object_login/input_pass"), var_pass): Text 'admin1' is set on object 'Object Repository/object_login/input_pass'

2019-12-16 09:31:32 - [MESSAGE][PASSED] - Text 'admin1' is set on object 'Object Repository/object_login/input_pass'

2019-12-16 09:31:32 - [TEST_STEP][PASSED] - delay(2): Delayed 2 second(s)

2019-12-16 09:31:34 - [MESSAGE][PASSED] - Delayed 2 second(s)

2019-12-16 09:31:34 - [TEST_STEP][PASSED] - verifyElementClickable(findTestObject("Object Repository/object_login/btn_login")): Object 'Object Repository/object_login/btn_login' is clickable

2019-12-16 09:31:34 - [MESSAGE][PASSED] - Object 'Object Repository/object_login/btn_login' is clickable

2019-12-16 09:31:34 - [TEST_STEP][PASSED] - click(findTestObject("Object Repository/object_login/btn_login")): Object: 'Object Repository/object_login/btn_login' is clicked on

2019-12-16 09:31:38 - [MESSAGE][PASSED] - Object: 'Object Repository/object_login/btn_login' is clicked on

2019-12-16 09:31:38 - [TEST_STEP][PASSED] - delay(2): Delayed 2 second(s)

2019-12-16 09:31:40 - [MESSAGE][PASSED] - Delayed 2 second(s)

2019-12-16 09:31:40 - [TEST_STEP][PASSED] - setText(findTestObject("Object Repository/object_dashboard_emp/input_search"), var_searchParent): Text 'leongarzagarza@hotmail.com' is set on object 'Object Repository/object_dashboard_emp/input_search'

2019-12-16 09:31:40 - [MESSAGE][PASSED] - Text 'leongarzagarza@hotmail.com' is set on object 'Object Repository/object_dashboard_emp/input_search'

2019-12-16 09:31:40 - [TEST_STEP][PASSED] - click(findTestObject("Object Repository/object_dashboard_emp/btn_accountSearch")): Object: 'Object Repository/object_dashboard_emp/btn_accountSearch' is clicked on

2019-12-16 09:31:42 - [MESSAGE][PASSED] - Object: 'Object Repository/object_dashboard_emp/btn_accountSearch' is clicked on

2019-12-16 09:31:42 - [TEST_STEP][PASSED] - delay(2): Delayed 2 second(s)

2019-12-16 09:31:44 - [MESSAGE][PASSED] - Delayed 2 second(s)

2019-12-16 09:31:44 - [TEST_STEP][PASSED] - click(findTestObject("Object Repository/object_accountInformation/a_TEST GABRIEL PROD")): Object: 'Object Repository/object_accountInformation/a_TEST GABRIEL PROD' is clicked on

2019-12-16 09:31:48 - [MESSAGE][PASSED] - Object: 'Object Repository/object_accountInformation/a_TEST GABRIEL PROD' is clicked on

2019-12-16 09:31:48 - [TEST_STEP][PASSED] - delay(2): Delayed 2 second(s)

2019-12-16 09:31:50 - [MESSAGE][PASSED] - Delayed 2 second(s)

2019-12-16 09:31:50 - [TEST_STEP][PASSED] - var_url = getUrl(): Current window's url is: 'https://p4p-qa-bg.aws.paradise4paws.com/accounts/profile/#/reservations/122350/'

2019-12-16 09:31:50 - [MESSAGE][PASSED] - Current window's url is: 'https://p4p-qa-bg.aws.paradise4paws.com/accounts/profile/#/reservations/122350/'

2019-12-16 09:31:50 - [TEST_STEP][PASSED] - log0 = new com.kms.katalon.core.logging.KeywordLogger(): null

2019-12-16 09:31:50 - [TEST_STEP][PASSED] - arrUrl = var_url.split("/"): null

2019-12-16 09:31:50 - [TEST_STEP][PASSED] - idParent = arrUrl[7]: null

2019-12-16 09:31:50 - [TEST_STEP][PASSED] - click(findTestObject("Object Repository/object_profile/a_addReservation")): Object: 'Object Repository/object_profile/a_addReservation' is clicked on

2019-12-16 09:31:51 - [MESSAGE][PASSED] - Object: 'Object Repository/object_profile/a_addReservation' is clicked on

2019-12-16 09:31:51 - [TEST_STEP][PASSED] - delay(2): Delayed 2 second(s)

2019-12-16 09:31:53 - [MESSAGE][PASSED] - Delayed 2 second(s)

2019-12-16 09:31:53 - [TEST_STEP][PASSED] - flagBoar = "0": null

2019-12-16 09:31:53 - [TEST_STEP][PASSED] - log = new com.kms.katalon.core.logging.KeywordLogger(): null

2019-12-16 09:31:53 - [TEST_STEP][PASSED] - if (var_typeReserveation == "Boarding"): null

2019-12-16 09:31:53 - [TEST_STEP][PASSED] - else if (var_typeReserveation == "Daycare"): Object: 'Object Repository/object_reservation/btn_Daycare' is clicked on

2019-12-16 09:31:53 - [TEST_STEP][PASSED] - flagBoar = "2": null

2019-12-16 09:31:53 - [TEST_STEP][PASSED] - click(findTestObject("object_reservation/btn_Daycare")): Object: 'Object Repository/object_reservation/btn_Daycare' is clicked on

2019-12-16 09:31:54 - [MESSAGE][PASSED] - Object: 'Object Repository/object_reservation/btn_Daycare' is clicked on

2019-12-16 09:31:54 - [TEST_STEP][PASSED] - click(findTestObject("Object Repository/object_reservation/i_location")): Object: 'Object Repository/object_reservation/i_location' is clicked on

2019-12-16 09:31:56 - [MESSAGE][PASSED] - Object: 'Object Repository/object_reservation/i_location' is clicked on

2019-12-16 09:31:56 - [TEST_STEP][PASSED] - switch (var_idFacility): null

2019-12-16 09:31:56 - [TEST_STEP][PASSED] - dateCI = var_checkinD.split(","): null

2019-12-16 09:31:56 - [TEST_STEP][PASSED] - dateCO = var_checkoutD.split(","): null

2019-12-16 09:31:56 - [TEST_STEP][PASSED] - arryPets = var_pets.split(","): null

2019-12-16 09:31:56 - [TEST_STEP][PASSED] - delay(2): Delayed 2 second(s)

2019-12-16 09:31:58 - [MESSAGE][PASSED] - Delayed 2 second(s)

2019-12-16 09:31:58 - [TEST_STEP][PASSED] - if (var_repeting == "Y"): null

2019-12-16 09:31:58 - [TEST_STEP][PASSED] - click(findTestObject("Object Repository/object_reservation/checkbox_repeating")): Object: 'Object Repository/object_reservation/checkbox_repeating' is clicked on

2019-12-16 09:31:59 - [MESSAGE][PASSED] - Object: 'Object Repository/object_reservation/checkbox_repeating' is clicked on

2019-12-16 09:31:59 - [TEST_STEP][PASSED] - if (var_repeatingEvery == "Weekly"): null

2019-12-16 09:31:59 - [TEST_STEP][PASSED] - click(findTestObject("Object Repository/object_reservation/dateCheckIn")): Object: 'Object Repository/object_reservation/dateCheckIn' is clicked on

2019-12-16 09:32:00 - [MESSAGE][PASSED] - Object: 'Object Repository/object_reservation/dateCheckIn' is clicked on

2019-12-16 09:32:00 - [TEST_STEP][PASSED] - stringCI2020 = "0": null

2019-12-16 09:32:00 - [TEST_STEP][PASSED] - stringCO2020 = "0": null

2019-12-16 09:32:00 - [TEST_STEP][PASSED] - if (dateCI[0] == "16" && dateCI[1] == "01" && dateCI[2] == "2020"): null

2019-12-16 09:32:00 - [TEST_STEP][PASSED] - if (dateCI[0] == "18" && dateCI[1] == "02" && dateCI[2] == "2020"): null

2019-12-16 09:32:00 - [TEST_STEP][PASSED] - if (dateCI[0] == "21" && dateCI[1] == "03" && dateCI[2] == "2020"): null

2019-12-16 09:32:00 - [TEST_STEP][PASSED] - delay(2): Delayed 2 second(s)

2019-12-16 09:32:02 - [MESSAGE][PASSED] - Delayed 2 second(s)

2019-12-16 09:32:02 - [TEST_STEP][PASSED] - if (stringCI2020 == "0"): null

2019-12-16 09:32:02 - [TEST_STEP][PASSED] - switch (dateCI[0]): null

2019-12-16 09:32:02 - [TEST_STEP][PASSED] - case "11":: null

2019-12-16 09:32:02 - [TEST_STEP][PASSED] - click(findTestObject("Object Repository/Page_Paradise 4 Paws  Dog Boarding Cat Boarding Norwalk Pooch Hotel/button_11_ci")): Object: 'Object Repository/Page_Paradise 4 Paws  Dog Boarding Cat Boarding Norwalk Pooch Hotel/button_11_ci' is clicked on

2019-12-16 09:32:02 - [MESSAGE][PASSED] - Object: 'Object Repository/Page_Paradise 4 Paws  Dog Boarding Cat Boarding Norwalk Pooch Hotel/button_11_ci' is clicked on

2019-12-16 09:32:02 - [TEST_STEP][PASSED] - break: null

2019-12-16 09:32:02 - [TEST_STEP][PASSED] - if (flagBoar == "1" || flagBoar == "2" && var_repeatingEvery == "Daily" || flagBoar == "2" && var_repeatingEvery == "Weekly" || flagBoar == "2" && var_repeatingEvery == "Monthly"): null

2019-12-16 09:32:02 - [TEST_STEP][PASSED] - click(findTestObject("Object Repository/object_reservation/dateCheckOut")): Object: 'Object Repository/object_reservation/dateCheckOut' is clicked on

2019-12-16 09:32:03 - [MESSAGE][PASSED] - Object: 'Object Repository/object_reservation/dateCheckOut' is clicked on

2019-12-16 09:32:03 - [TEST_STEP][PASSED] - if (dateCO[0] == "17" && dateCO[1] == "02" && dateCO[2] == "2020"): null

2019-12-16 09:32:03 - [TEST_STEP][PASSED] - if (dateCO[0] == "20" && dateCO[1] == "03" && dateCO[2] == "2020"): null

2019-12-16 09:32:03 - [TEST_STEP][PASSED] - if (dateCO[0] == "24" && dateCO[1] == "04" && dateCO[2] == "2020"): null

2019-12-16 09:32:03 - [TEST_STEP][PASSED] - if (stringCO2020 == "0"): null

2019-12-16 09:32:03 - [TEST_STEP][PASSED] - switch (dateCO[0]): null

2019-12-16 09:32:03 - [TEST_STEP][PASSED] - case "11":: null

2019-12-16 09:32:03 - [TEST_STEP][PASSED] - click(findTestObject("Object Repository/Page_Paradise 4 Paws  Dog Boarding Cat Boarding Norwalk Pooch Hotel/button_11_co")): Object: 'Object Repository/Page_Paradise 4 Paws  Dog Boarding Cat Boarding Norwalk Pooch Hotel/button_11_co' is clicked on

2019-12-16 09:32:04 - [MESSAGE][PASSED] - Object: 'Object Repository/Page_Paradise 4 Paws  Dog Boarding Cat Boarding Norwalk Pooch Hotel/button_11_co' is clicked on

2019-12-16 09:32:04 - [TEST_STEP][PASSED] - break: null

2019-12-16 09:32:04 - [TEST_STEP][NOT_RUN] - click(findTestObject("Object Repository/object_reservationCalendar/CO_close")): NOT_RUN: click(findTestObject("Object Repository/object_reservationCalendar/CO_close"))

2019-12-16 09:32:04 - [MESSAGE][NOT_RUN] - NOT_RUN: click(findTestObject("Object Repository/object_reservationCalendar/CO_close"))

2019-12-16 09:32:04 - [TEST_STEP][PASSED] - click(findTestObject("Object Repository/object_reservation/timeCheckin")): Object: 'Object Repository/object_reservation/timeCheckin' is clicked on

2019-12-16 09:32:04 - [MESSAGE][PASSED] - Object: 'Object Repository/object_reservation/timeCheckin' is clicked on

2019-12-16 09:32:04 - [TEST_STEP][PASSED] - switch (var_checkinT): null

2019-12-16 09:32:04 - [TEST_STEP][PASSED] - case "800":: null

2019-12-16 09:32:04 - [TEST_STEP][PASSED] - click(findTestObject("Object Repository/Page_Paradise 4 Paws  Dog Boarding Cat Boarding Norwalk Pooch Hotel/time_800am_ci")): Object: 'Object Repository/Page_Paradise 4 Paws  Dog Boarding Cat Boarding Norwalk Pooch Hotel/time_800am_ci' is clicked on

2019-12-16 09:32:05 - [MESSAGE][PASSED] - Object: 'Object Repository/Page_Paradise 4 Paws  Dog Boarding Cat Boarding Norwalk Pooch Hotel/time_800am_ci' is clicked on

2019-12-16 09:32:05 - [TEST_STEP][PASSED] - break: null

2019-12-16 09:32:05 - [TEST_STEP][PASSED] - click(findTestObject("Object Repository/object_reservation/timeCheckOut")): Object: 'Object Repository/object_reservation/timeCheckOut' is clicked on

2019-12-16 09:32:06 - [MESSAGE][PASSED] - Object: 'Object Repository/object_reservation/timeCheckOut' is clicked on

2019-12-16 09:32:06 - [TEST_STEP][PASSED] - switch (var_checkoutT): null

2019-12-16 09:32:06 - [TEST_STEP][PASSED] - case "1200":: null

2019-12-16 09:32:06 - [TEST_STEP][PASSED] - click(findTestObject("Object Repository/Page_Paradise 4 Paws  Dog Boarding Cat Boarding Norwalk Pooch Hotel/time_1200pm_co")): Object: 'Object Repository/Page_Paradise 4 Paws  Dog Boarding Cat Boarding Norwalk Pooch Hotel/time_1200pm_co' is clicked on

2019-12-16 09:32:07 - [MESSAGE][PASSED] - Object: 'Object Repository/Page_Paradise 4 Paws  Dog Boarding Cat Boarding Norwalk Pooch Hotel/time_1200pm_co' is clicked on

2019-12-16 09:32:07 - [TEST_STEP][PASSED] - break: null

2019-12-16 09:32:07 - [TEST_STEP][PASSED] - delay(2): Delayed 2 second(s)

2019-12-16 09:32:09 - [MESSAGE][PASSED] - Delayed 2 second(s)

2019-12-16 09:32:09 - [TEST_STEP][PASSED] - if (arryPets.size() == 1): null

2019-12-16 09:32:09 - [TEST_STEP][PASSED] - else if (arryPets.size() == 2): Object: 'Object Repository/object_reservation/div_Zeus' is clicked on

2019-12-16 09:32:09 - [TEST_STEP][PASSED] - click(findTestObject("object_reservation/Page_Paradise 4 Paws  Dog Boarding Cat Boarding Norwalk Pooch Hotel/div_Ares")): Object: 'Object Repository/object_reservation/Page_Paradise 4 Paws  Dog Boarding Cat Boarding Norwalk Pooch Hotel/div_Ares' is clicked on

2019-12-16 09:32:10 - [MESSAGE][PASSED] - Object: 'Object Repository/object_reservation/Page_Paradise 4 Paws  Dog Boarding Cat Boarding Norwalk Pooch Hotel/div_Ares' is clicked on

2019-12-16 09:32:10 - [TEST_STEP][PASSED] - click(findTestObject("object_reservation/div_Zeus")): Object: 'Object Repository/object_reservation/div_Zeus' is clicked on

2019-12-16 09:32:14 - [MESSAGE][PASSED] - Object: 'Object Repository/object_reservation/div_Zeus' is clicked on

2019-12-16 09:32:14 - [TEST_STEP][NOT_RUN] - click(findTestObject("object_reservations/i_Day_fa fa-circle-o ng-scope")): NOT_RUN: click(findTestObject("object_reservations/i_Day_fa fa-circle-o ng-scope"))

2019-12-16 09:32:14 - [MESSAGE][NOT_RUN] - NOT_RUN: click(findTestObject("object_reservations/i_Day_fa fa-circle-o ng-scope"))

2019-12-16 09:32:14 - [TEST_STEP][PASSED] - if (flagBoar == "1" || flagBoar == "2"): Object: 'Object Repository/object_reservation/div_suite_rad_deluxe' is clicked on

2019-12-16 09:32:14 - [TEST_STEP][PASSED] - click(findTestObject("Object Repository/object_reservation/div_suite_rad_deluxe")): Object: 'Object Repository/object_reservation/div_suite_rad_deluxe' is clicked on

2019-12-16 09:32:17 - [MESSAGE][PASSED] - Object: 'Object Repository/object_reservation/div_suite_rad_deluxe' is clicked on

2019-12-16 09:32:17 - [TEST_STEP][PASSED] - click(findTestObject("Object Repository/object_reservation/btn_next2")): Object: 'Object Repository/object_reservation/btn_next2' is clicked on

2019-12-16 09:32:20 - [MESSAGE][PASSED] - Object: 'Object Repository/object_reservation/btn_next2' is clicked on

2019-12-16 09:32:20 - [TEST_STEP][PASSED] - delay(3): Delayed 3 second(s)

2019-12-16 09:32:23 - [MESSAGE][PASSED] - Delayed 3 second(s)

2019-12-16 09:32:23 - [TEST_STEP][PASSED] - if (flagBoar == "1"): null

2019-12-16 09:32:23 - [TEST_STEP][PASSED] - delay(2): Delayed 2 second(s)

2019-12-16 09:32:25 - [MESSAGE][PASSED] - Delayed 2 second(s)

2019-12-16 09:32:25 - [TEST_STEP][PASSED] - click(findTestObject("Object Repository/object_reservation/btn_next2")): Object: 'Object Repository/object_reservation/btn_next2' is clicked on

2019-12-16 09:32:25 - [MESSAGE][PASSED] - Object: 'Object Repository/object_reservation/btn_next2' is clicked on

2019-12-16 09:32:25 - [TEST_STEP][PASSED] - click(findTestObject("Object Repository/object_reservation/button_Submit Reservation")): Object: 'Object Repository/object_reservation/button_Submit Reservation' is clicked on

2019-12-16 09:32:28 - [MESSAGE][PASSED] - Object: 'Object Repository/object_reservation/button_Submit Reservation' is clicked on

2019-12-16 09:32:28 - [TEST_STEP][PASSED] - delay(2): Delayed 2 second(s)

2019-12-16 09:32:30 - [MESSAGE][PASSED] - Delayed 2 second(s)

2019-12-16 09:32:30 - [TEST_STEP][PASSED] - if (flagBoar == "2" && var_repeatingEvery == "Daily" || var_repeatingEvery == "Monthly" || var_repeatingEvery == "Weekly"): Delayed 8 second(s)

2019-12-16 09:32:30 - [TEST_STEP][PASSED] - click(findTestObject("Object Repository/object_reservation/Page_Paradise 4 Paws  Dog Boarding Cat Boar_cfde7f/button_Ok")): Object: 'Object Repository/object_reservation/Page_Paradise 4 Paws  Dog Boarding Cat Boar_cfde7f/button_Ok' is clicked on

2019-12-16 09:32:30 - [MESSAGE][PASSED] - Object: 'Object Repository/object_reservation/Page_Paradise 4 Paws  Dog Boarding Cat Boar_cfde7f/button_Ok' is clicked on

2019-12-16 09:32:30 - [TEST_STEP][PASSED] - delay(8): Delayed 8 second(s)

2019-12-16 09:32:38 - [MESSAGE][PASSED] - Delayed 8 second(s)

2019-12-16 09:32:38 - [TEST_STEP][PASSED] - delay(2): Delayed 2 second(s)

2019-12-16 09:32:40 - [MESSAGE][PASSED] - Delayed 2 second(s)

2019-12-16 09:32:40 - [TEST_STEP][FAILED] - click(findTestObject("Object Repository/object_reservation/button_Return To Reservation")): Unable to click on object 'Object Repository/object_reservation/button_Return To Reservation' (Root cause: com.kms.katalon.core.exception.StepFailedException: Unable to click on object 'Object Repository/object_reservation/button_Return To Reservation'
	at com.kms.katalon.core.webui.keyword.internal.WebUIKeywordMain.stepFailed(WebUIKeywordMain.groovy:64)
	at com.kms.katalon.core.webui.keyword.internal.WebUIKeywordMain.runKeyword(WebUIKeywordMain.groovy:26)
	at com.kms.katalon.core.webui.keyword.builtin.ClickKeyword.click(ClickKeyword.groovy:99)
	at com.kms.katalon.core.webui.keyword.builtin.ClickKeyword.execute(ClickKeyword.groovy:43)
	at com.kms.katalon.core.keyword.internal.KeywordExecutor.executeKeywordForPlatform(KeywordExecutor.groovy:60)
	at com.kms.katalon.core.webui.keyword.WebUiBuiltInKeywords.click(WebUiBuiltInKeywords.groovy:616)
	at com.kms.katalon.core.webui.keyword.WebUiBuiltInKeywords$click$2.call(Unknown Source)
	at p4p_newReservationDaycare.run(p4p_newReservationDaycare:603)
	at com.kms.katalon.core.main.ScriptEngine.run(ScriptEngine.java:194)
	at com.kms.katalon.core.main.ScriptEngine.runScriptAsRawText(ScriptEngine.java:119)
	at com.kms.katalon.core.main.TestCaseExecutor.runScript(TestCaseExecutor.java:337)
	at com.kms.katalon.core.main.TestCaseExecutor.doExecute(TestCaseExecutor.java:328)
	at com.kms.katalon.core.main.TestCaseExecutor.processExecutionPhase(TestCaseExecutor.java:307)
	at com.kms.katalon.core.main.TestCaseExecutor.accessMainPhase(TestCaseExecutor.java:299)
	at com.kms.katalon.core.main.TestCaseExecutor.execute(TestCaseExecutor.java:233)
	at com.kms.katalon.core.main.TestSuiteExecutor.accessTestCaseMainPhase(TestSuiteExecutor.java:169)
	at com.kms.katalon.core.main.TestSuiteExecutor.accessTestSuiteMainPhase(TestSuiteExecutor.java:142)
	at com.kms.katalon.core.main.TestSuiteExecutor.execute(TestSuiteExecutor.java:91)
	at com.kms.katalon.core.main.TestCaseMain.startTestSuite(TestCaseMain.java:157)
	at com.kms.katalon.core.main.TestCaseMain$startTestSuite$0.call(Unknown Source)
	at TempTestSuite1576509930469.run(TempTestSuite1576509930469.groovy:36)
Caused by: com.kms.katalon.core.webui.exception.WebElementNotFoundException: Web element with id: 'Object Repository/object_reservation/button_Return To Reservation' located by 'By.xpath: (//button[@type='button'])[13]' not found
	at com.kms.katalon.core.webui.common.WebUiCommonHelper.findWebElement(WebUiCommonHelper.java:1113)
	at com.kms.katalon.core.webui.keyword.internal.WebUIAbstractKeyword.findWebElement(WebUIAbstractKeyword.groovy:27)
	at com.kms.katalon.core.webui.keyword.internal.WebUIAbstractKeyword.findWebElement(WebUIAbstractKeyword.groovy:26)
	at com.kms.katalon.core.webui.keyword.builtin.ClickKeyword$_click_closure1.doCall(ClickKeyword.groovy:68)
	at com.kms.katalon.core.webui.keyword.builtin.ClickKeyword$_click_closure1.call(ClickKeyword.groovy)
	at com.kms.katalon.core.webui.keyword.internal.WebUIKeywordMain.runKeyword(WebUIKeywordMain.groovy:20)
	at com.kms.katalon.core.webui.keyword.builtin.ClickKeyword.click(ClickKeyword.groovy:99)
	at com.kms.katalon.core.webui.keyword.builtin.ClickKeyword.execute(ClickKeyword.groovy:43)
	at com.kms.katalon.core.keyword.internal.KeywordExecutor.executeKeywordForPlatform(KeywordExecutor.groovy:60)
	at com.kms.katalon.core.webui.keyword.WebUiBuiltInKeywords.click(WebUiBuiltInKeywords.groovy:616)
	at com.kms.katalon.core.webui.keyword.WebUiBuiltInKeywords$click$2.call(Unknown Source)
	at Script1576482965057.run(Script1576482965057.groovy:603)
	... 13 more
)

2019-12-16 09:33:24 - [MESSAGE][INFO] - Unable to find the element located by 'By.xpath: (//button[@type='button'])[13]'. Please recheck the objects properties to make sure the desired element is located. 

2019-12-16 09:33:24 - [MESSAGE][FAILED] - Unable to click on object 'Object Repository/object_reservation/button_Return To Reservation' (Root cause: com.kms.katalon.core.exception.StepFailedException: Unable to click on object 'Object Repository/object_reservation/button_Return To Reservation'
	at com.kms.katalon.core.webui.keyword.internal.WebUIKeywordMain.stepFailed(WebUIKeywordMain.groovy:64)
	at com.kms.katalon.core.webui.keyword.internal.WebUIKeywordMain.runKeyword(WebUIKeywordMain.groovy:26)
	at com.kms.katalon.core.webui.keyword.builtin.ClickKeyword.click(ClickKeyword.groovy:99)
	at com.kms.katalon.core.webui.keyword.builtin.ClickKeyword.execute(ClickKeyword.groovy:43)
	at com.kms.katalon.core.keyword.internal.KeywordExecutor.executeKeywordForPlatform(KeywordExecutor.groovy:60)
	at com.kms.katalon.core.webui.keyword.WebUiBuiltInKeywords.click(WebUiBuiltInKeywords.groovy:616)
	at com.kms.katalon.core.webui.keyword.WebUiBuiltInKeywords$click$2.call(Unknown Source)
	at p4p_newReservationDaycare.run(p4p_newReservationDaycare:603)
	at com.kms.katalon.core.main.ScriptEngine.run(ScriptEngine.java:194)
	at com.kms.katalon.core.main.ScriptEngine.runScriptAsRawText(ScriptEngine.java:119)
	at com.kms.katalon.core.main.TestCaseExecutor.runScript(TestCaseExecutor.java:337)
	at com.kms.katalon.core.main.TestCaseExecutor.doExecute(TestCaseExecutor.java:328)
	at com.kms.katalon.core.main.TestCaseExecutor.processExecutionPhase(TestCaseExecutor.java:307)
	at com.kms.katalon.core.main.TestCaseExecutor.accessMainPhase(TestCaseExecutor.java:299)
	at com.kms.katalon.core.main.TestCaseExecutor.execute(TestCaseExecutor.java:233)
	at com.kms.katalon.core.main.TestSuiteExecutor.accessTestCaseMainPhase(TestSuiteExecutor.java:169)
	at com.kms.katalon.core.main.TestSuiteExecutor.accessTestSuiteMainPhase(TestSuiteExecutor.java:142)
	at com.kms.katalon.core.main.TestSuiteExecutor.execute(TestSuiteExecutor.java:91)
	at com.kms.katalon.core.main.TestCaseMain.startTestSuite(TestCaseMain.java:157)
	at com.kms.katalon.core.main.TestCaseMain$startTestSuite$0.call(Unknown Source)
	at TempTestSuite1576509930469.run(TempTestSuite1576509930469.groovy:36)
Caused by: com.kms.katalon.core.webui.exception.WebElementNotFoundException: Web element with id: 'Object Repository/object_reservation/button_Return To Reservation' located by 'By.xpath: (//button[@type='button'])[13]' not found
	at com.kms.katalon.core.webui.common.WebUiCommonHelper.findWebElement(WebUiCommonHelper.java:1113)
	at com.kms.katalon.core.webui.keyword.internal.WebUIAbstractKeyword.findWebElement(WebUIAbstractKeyword.groovy:27)
	at com.kms.katalon.core.webui.keyword.internal.WebUIAbstractKeyword.findWebElement(WebUIAbstractKeyword.groovy:26)
	at com.kms.katalon.core.webui.keyword.builtin.ClickKeyword$_click_closure1.doCall(ClickKeyword.groovy:68)
	at com.kms.katalon.core.webui.keyword.builtin.ClickKeyword$_click_closure1.call(ClickKeyword.groovy)
	at com.kms.katalon.core.webui.keyword.internal.WebUIKeywordMain.runKeyword(WebUIKeywordMain.groovy:20)
	at com.kms.katalon.core.webui.keyword.builtin.ClickKeyword.click(ClickKeyword.groovy:99)
	at com.kms.katalon.core.webui.keyword.builtin.ClickKeyword.execute(ClickKeyword.groovy:43)
	at com.kms.katalon.core.keyword.internal.KeywordExecutor.executeKeywordForPlatform(KeywordExecutor.groovy:60)
	at com.kms.katalon.core.webui.keyword.WebUiBuiltInKeywords.click(WebUiBuiltInKeywords.groovy:616)
	at com.kms.katalon.core.webui.keyword.WebUiBuiltInKeywords$click$2.call(Unknown Source)
	at Script1576482965057.run(Script1576482965057.groovy:603)
	... 13 more
)
[[ATTACHMENT|/home/leonardo-arkusmty/Documents/workspaceKatalon/p4ptest/Reports/20191216_092530/ts_newReservationDaycare/20191216_092530/1576510404299.png]]]]></system-out>
         <system-err><![CDATA[2019-12-16 09:31:26 - [TEST_CASE][FAILED] - Test Cases/p4p_newReservationDaycare: Test Cases/p4p_newReservationDaycare FAILED.
Reason:
com.kms.katalon.core.exception.StepFailedException: Unable to click on object 'Object Repository/object_reservation/button_Return To Reservation'
	at com.kms.katalon.core.webui.keyword.internal.WebUIKeywordMain.stepFailed(WebUIKeywordMain.groovy:64)
	at com.kms.katalon.core.webui.keyword.internal.WebUIKeywordMain.runKeyword(WebUIKeywordMain.groovy:26)
	at com.kms.katalon.core.webui.keyword.builtin.ClickKeyword.click(ClickKeyword.groovy:99)
	at com.kms.katalon.core.webui.keyword.builtin.ClickKeyword.execute(ClickKeyword.groovy:43)
	at com.kms.katalon.core.keyword.internal.KeywordExecutor.executeKeywordForPlatform(KeywordExecutor.groovy:60)
	at com.kms.katalon.core.webui.keyword.WebUiBuiltInKeywords.click(WebUiBuiltInKeywords.groovy:616)
	at com.kms.katalon.core.webui.keyword.WebUiBuiltInKeywords$click$2.call(Unknown Source)
	at p4p_newReservationDaycare.run(p4p_newReservationDaycare:603)
	at com.kms.katalon.core.main.ScriptEngine.run(ScriptEngine.java:194)
	at com.kms.katalon.core.main.ScriptEngine.runScriptAsRawText(ScriptEngine.java:119)
	at com.kms.katalon.core.main.TestCaseExecutor.runScript(TestCaseExecutor.java:337)
	at com.kms.katalon.core.main.TestCaseExecutor.doExecute(TestCaseExecutor.java:328)
	at com.kms.katalon.core.main.TestCaseExecutor.processExecutionPhase(TestCaseExecutor.java:307)
	at com.kms.katalon.core.main.TestCaseExecutor.accessMainPhase(TestCaseExecutor.java:299)
	at com.kms.katalon.core.main.TestCaseExecutor.execute(TestCaseExecutor.java:233)
	at com.kms.katalon.core.main.TestSuiteExecutor.accessTestCaseMainPhase(TestSuiteExecutor.java:169)
	at com.kms.katalon.core.main.TestSuiteExecutor.accessTestSuiteMainPhase(TestSuiteExecutor.java:142)
	at com.kms.katalon.core.main.TestSuiteExecutor.execute(TestSuiteExecutor.java:91)
	at com.kms.katalon.core.main.TestCaseMain.startTestSuite(TestCaseMain.java:157)
	at com.kms.katalon.core.main.TestCaseMain$startTestSuite$0.call(Unknown Source)
	at TempTestSuite1576509930469.run(TempTestSuite1576509930469.groovy:36)
Caused by: com.kms.katalon.core.webui.exception.WebElementNotFoundException: Web element with id: 'Object Repository/object_reservation/button_Return To Reservation' located by 'By.xpath: (//button[@type='button'])[13]' not found
	at com.kms.katalon.core.webui.common.WebUiCommonHelper.findWebElement(WebUiCommonHelper.java:1113)
	at com.kms.katalon.core.webui.keyword.internal.WebUIAbstractKeyword.findWebElement(WebUIAbstractKeyword.groovy:27)
	at com.kms.katalon.core.webui.keyword.internal.WebUIAbstractKeyword.findWebElement(WebUIAbstractKeyword.groovy:26)
	at com.kms.katalon.core.webui.keyword.builtin.ClickKeyword$_click_closure1.doCall(ClickKeyword.groovy:68)
	at com.kms.katalon.core.webui.keyword.builtin.ClickKeyword$_click_closure1.call(ClickKeyword.groovy)
	at com.kms.katalon.core.webui.keyword.internal.WebUIKeywordMain.runKeyword(WebUIKeywordMain.groovy:20)
	... 19 more]]></system-err>
      </testcase>
      <testcase name="Test Cases/p4p_newReservationDaycare" time="61.304" classname="Test Cases/p4p_newReservationDaycare" status="FAILED">
         <failure type="FAILED" message="Test Cases/p4p_newReservationDaycare FAILED.
Reason:
com.kms.katalon.core.exception.StepFailedException: Unable to click on object 'Object Repository/object_accountInformation/a_TEST GABRIEL PROD'
	at com.kms.katalon.core.webui.keyword.internal.WebUIKeywordMain.stepFailed(WebUIKeywordMain.groovy:64)
	at com.kms.katalon.core.webui.keyword.internal.WebUIKeywordMain.runKeyword(WebUIKeywordMain.groovy:26)
	at com.kms.katalon.core.webui.keyword.builtin.ClickKeyword.click(ClickKeyword.groovy:99)
	at com.kms.katalon.core.webui.keyword.builtin.ClickKeyword.execute(ClickKeyword.groovy:43)
	at com.kms.katalon.core.keyword.internal.KeywordExecutor.executeKeywordForPlatform(KeywordExecutor.groovy:60)
	at com.kms.katalon.core.webui.keyword.WebUiBuiltInKeywords.click(WebUiBuiltInKeywords.groovy:616)
	at com.kms.katalon.core.webui.keyword.WebUiBuiltInKeywords$click$2.call(Unknown Source)
	at p4p_newReservationDaycare.run(p4p_newReservationDaycare:53)
	at com.kms.katalon.core.main.ScriptEngine.run(ScriptEngine.java:194)
	at com.kms.katalon.core.main.ScriptEngine.runScriptAsRawText(ScriptEngine.java:119)
	at com.kms.katalon.core.main.TestCaseExecutor.runScript(TestCaseExecutor.java:337)
	at com.kms.katalon.core.main.TestCaseExecutor.doExecute(TestCaseExecutor.java:328)
	at com.kms.katalon.core.main.TestCaseExecutor.processExecutionPhase(TestCaseExecutor.java:307)
	at com.kms.katalon.core.main.TestCaseExecutor.accessMainPhase(TestCaseExecutor.java:299)
	at com.kms.katalon.core.main.TestCaseExecutor.execute(TestCaseExecutor.java:233)
	at com.kms.katalon.core.main.TestSuiteExecutor.accessTestCaseMainPhase(TestSuiteExecutor.java:169)
	at com.kms.katalon.core.main.TestSuiteExecutor.accessTestSuiteMainPhase(TestSuiteExecutor.java:142)
	at com.kms.katalon.core.main.TestSuiteExecutor.execute(TestSuiteExecutor.java:91)
	at com.kms.katalon.core.main.TestCaseMain.startTestSuite(TestCaseMain.java:157)
	at com.kms.katalon.core.main.TestCaseMain$startTestSuite$0.call(Unknown Source)
	at TempTestSuite1576509930469.run(TempTestSuite1576509930469.groovy:36)
Caused by: com.kms.katalon.core.webui.exception.WebElementNotFoundException: Web element with id: 'Object Repository/object_accountInformation/a_TEST GABRIEL PROD' located by 'By.xpath: //div[@id='wrapper']/div/div/div/table/tbody/tr[2]/td[4]/a' not found
	at com.kms.katalon.core.webui.common.WebUiCommonHelper.findWebElement(WebUiCommonHelper.java:1113)
	at com.kms.katalon.core.webui.keyword.internal.WebUIAbstractKeyword.findWebElement(WebUIAbstractKeyword.groovy:27)
	at com.kms.katalon.core.webui.keyword.internal.WebUIAbstractKeyword.findWebElement(WebUIAbstractKeyword.groovy:26)
	at com.kms.katalon.core.webui.keyword.builtin.ClickKeyword$_click_closure1.doCall(ClickKeyword.groovy:68)
	at com.kms.katalon.core.webui.keyword.builtin.ClickKeyword$_click_closure1.call(ClickKeyword.groovy)
	at com.kms.katalon.core.webui.keyword.internal.WebUIKeywordMain.runKeyword(WebUIKeywordMain.groovy:20)
	... 19 more
"/>
         <system-out><![CDATA[2019-12-16 09:33:24 - [TEST_CASE][FAILED] - Test Cases/p4p_newReservationDaycare: Test Cases/p4p_newReservationDaycare FAILED.
Reason:
com.kms.katalon.core.exception.StepFailedException: Unable to click on object 'Object Repository/object_accountInformation/a_TEST GABRIEL PROD'
	at com.kms.katalon.core.webui.keyword.internal.WebUIKeywordMain.stepFailed(WebUIKeywordMain.groovy:64)
	at com.kms.katalon.core.webui.keyword.internal.WebUIKeywordMain.runKeyword(WebUIKeywordMain.groovy:26)
	at com.kms.katalon.core.webui.keyword.builtin.ClickKeyword.click(ClickKeyword.groovy:99)
	at com.kms.katalon.core.webui.keyword.builtin.ClickKeyword.execute(ClickKeyword.groovy:43)
	at com.kms.katalon.core.keyword.internal.KeywordExecutor.executeKeywordForPlatform(KeywordExecutor.groovy:60)
	at com.kms.katalon.core.webui.keyword.WebUiBuiltInKeywords.click(WebUiBuiltInKeywords.groovy:616)
	at com.kms.katalon.core.webui.keyword.WebUiBuiltInKeywords$click$2.call(Unknown Source)
	at p4p_newReservationDaycare.run(p4p_newReservationDaycare:53)
	at com.kms.katalon.core.main.ScriptEngine.run(ScriptEngine.java:194)
	at com.kms.katalon.core.main.ScriptEngine.runScriptAsRawText(ScriptEngine.java:119)
	at com.kms.katalon.core.main.TestCaseExecutor.runScript(TestCaseExecutor.java:337)
	at com.kms.katalon.core.main.TestCaseExecutor.doExecute(TestCaseExecutor.java:328)
	at com.kms.katalon.core.main.TestCaseExecutor.processExecutionPhase(TestCaseExecutor.java:307)
	at com.kms.katalon.core.main.TestCaseExecutor.accessMainPhase(TestCaseExecutor.java:299)
	at com.kms.katalon.core.main.TestCaseExecutor.execute(TestCaseExecutor.java:233)
	at com.kms.katalon.core.main.TestSuiteExecutor.accessTestCaseMainPhase(TestSuiteExecutor.java:169)
	at com.kms.katalon.core.main.TestSuiteExecutor.accessTestSuiteMainPhase(TestSuiteExecutor.java:142)
	at com.kms.katalon.core.main.TestSuiteExecutor.execute(TestSuiteExecutor.java:91)
	at com.kms.katalon.core.main.TestCaseMain.startTestSuite(TestCaseMain.java:157)
	at com.kms.katalon.core.main.TestCaseMain$startTestSuite$0.call(Unknown Source)
	at TempTestSuite1576509930469.run(TempTestSuite1576509930469.groovy:36)
Caused by: com.kms.katalon.core.webui.exception.WebElementNotFoundException: Web element with id: 'Object Repository/object_accountInformation/a_TEST GABRIEL PROD' located by 'By.xpath: //div[@id='wrapper']/div/div/div/table/tbody/tr[2]/td[4]/a' not found
	at com.kms.katalon.core.webui.common.WebUiCommonHelper.findWebElement(WebUiCommonHelper.java:1113)
	at com.kms.katalon.core.webui.keyword.internal.WebUIAbstractKeyword.findWebElement(WebUIAbstractKeyword.groovy:27)
	at com.kms.katalon.core.webui.keyword.internal.WebUIAbstractKeyword.findWebElement(WebUIAbstractKeyword.groovy:26)
	at com.kms.katalon.core.webui.keyword.builtin.ClickKeyword$_click_closure1.doCall(ClickKeyword.groovy:68)
	at com.kms.katalon.core.webui.keyword.builtin.ClickKeyword$_click_closure1.call(ClickKeyword.groovy)
	at com.kms.katalon.core.webui.keyword.internal.WebUIKeywordMain.runKeyword(WebUIKeywordMain.groovy:20)
	... 19 more


2019-12-16 09:33:24 - [TEST_STEP][PASSED] - openBrowser("https://p4p-qa-bg.aws.paradise4paws.com/login/"): Browser is opened with url: 'https://p4p-qa-bg.aws.paradise4paws.com/login/'

2019-12-16 09:33:24 - [MESSAGE][WARNING] - A browser is already opened. Closing browser and opening a new one

2019-12-16 09:33:25 - [MESSAGE][INFO] - Starting 'Firefox' driver

2019-12-16 09:33:29 - [MESSAGE][PASSED] - Browser is opened with url: 'https://p4p-qa-bg.aws.paradise4paws.com/login/'

2019-12-16 09:33:29 - [TEST_STEP][PASSED] - setText(findTestObject("Object Repository/object_login/input_user"), var_user): Text 'jegchavez@gmail.com' is set on object 'Object Repository/object_login/input_user'

2019-12-16 09:33:29 - [MESSAGE][PASSED] - Text 'jegchavez@gmail.com' is set on object 'Object Repository/object_login/input_user'

2019-12-16 09:33:29 - [TEST_STEP][PASSED] - setText(findTestObject("Object Repository/object_login/input_pass"), var_pass): Text 'admin1' is set on object 'Object Repository/object_login/input_pass'

2019-12-16 09:33:30 - [MESSAGE][PASSED] - Text 'admin1' is set on object 'Object Repository/object_login/input_pass'

2019-12-16 09:33:30 - [TEST_STEP][PASSED] - delay(2): Delayed 2 second(s)

2019-12-16 09:33:32 - [MESSAGE][PASSED] - Delayed 2 second(s)

2019-12-16 09:33:32 - [TEST_STEP][PASSED] - verifyElementClickable(findTestObject("Object Repository/object_login/btn_login")): Object 'Object Repository/object_login/btn_login' is clickable

2019-12-16 09:33:32 - [MESSAGE][PASSED] - Object 'Object Repository/object_login/btn_login' is clickable

2019-12-16 09:33:32 - [TEST_STEP][PASSED] - click(findTestObject("Object Repository/object_login/btn_login")): Object: 'Object Repository/object_login/btn_login' is clicked on

2019-12-16 09:33:37 - [MESSAGE][PASSED] - Object: 'Object Repository/object_login/btn_login' is clicked on

2019-12-16 09:33:37 - [TEST_STEP][PASSED] - delay(2): Delayed 2 second(s)

2019-12-16 09:33:39 - [MESSAGE][PASSED] - Delayed 2 second(s)

2019-12-16 09:33:39 - [TEST_STEP][PASSED] - setText(findTestObject("Object Repository/object_dashboard_emp/input_search"), var_searchParent): Text 'leongarzagarza@hotmail.com' is set on object 'Object Repository/object_dashboard_emp/input_search'

2019-12-16 09:33:41 - [MESSAGE][PASSED] - Text 'leongarzagarza@hotmail.com' is set on object 'Object Repository/object_dashboard_emp/input_search'

2019-12-16 09:33:41 - [TEST_STEP][PASSED] - click(findTestObject("Object Repository/object_dashboard_emp/btn_accountSearch")): Object: 'Object Repository/object_dashboard_emp/btn_accountSearch' is clicked on

2019-12-16 09:33:43 - [MESSAGE][PASSED] - Object: 'Object Repository/object_dashboard_emp/btn_accountSearch' is clicked on

2019-12-16 09:33:43 - [TEST_STEP][PASSED] - delay(2): Delayed 2 second(s)

2019-12-16 09:33:45 - [MESSAGE][PASSED] - Delayed 2 second(s)

2019-12-16 09:33:45 - [TEST_STEP][FAILED] - click(findTestObject("Object Repository/object_accountInformation/a_TEST GABRIEL PROD")): Unable to click on object 'Object Repository/object_accountInformation/a_TEST GABRIEL PROD' (Root cause: com.kms.katalon.core.exception.StepFailedException: Unable to click on object 'Object Repository/object_accountInformation/a_TEST GABRIEL PROD'
	at com.kms.katalon.core.webui.keyword.internal.WebUIKeywordMain.stepFailed(WebUIKeywordMain.groovy:64)
	at com.kms.katalon.core.webui.keyword.internal.WebUIKeywordMain.runKeyword(WebUIKeywordMain.groovy:26)
	at com.kms.katalon.core.webui.keyword.builtin.ClickKeyword.click(ClickKeyword.groovy:99)
	at com.kms.katalon.core.webui.keyword.builtin.ClickKeyword.execute(ClickKeyword.groovy:43)
	at com.kms.katalon.core.keyword.internal.KeywordExecutor.executeKeywordForPlatform(KeywordExecutor.groovy:60)
	at com.kms.katalon.core.webui.keyword.WebUiBuiltInKeywords.click(WebUiBuiltInKeywords.groovy:616)
	at com.kms.katalon.core.webui.keyword.WebUiBuiltInKeywords$click$2.call(Unknown Source)
	at p4p_newReservationDaycare.run(p4p_newReservationDaycare:53)
	at com.kms.katalon.core.main.ScriptEngine.run(ScriptEngine.java:194)
	at com.kms.katalon.core.main.ScriptEngine.runScriptAsRawText(ScriptEngine.java:119)
	at com.kms.katalon.core.main.TestCaseExecutor.runScript(TestCaseExecutor.java:337)
	at com.kms.katalon.core.main.TestCaseExecutor.doExecute(TestCaseExecutor.java:328)
	at com.kms.katalon.core.main.TestCaseExecutor.processExecutionPhase(TestCaseExecutor.java:307)
	at com.kms.katalon.core.main.TestCaseExecutor.accessMainPhase(TestCaseExecutor.java:299)
	at com.kms.katalon.core.main.TestCaseExecutor.execute(TestCaseExecutor.java:233)
	at com.kms.katalon.core.main.TestSuiteExecutor.accessTestCaseMainPhase(TestSuiteExecutor.java:169)
	at com.kms.katalon.core.main.TestSuiteExecutor.accessTestSuiteMainPhase(TestSuiteExecutor.java:142)
	at com.kms.katalon.core.main.TestSuiteExecutor.execute(TestSuiteExecutor.java:91)
	at com.kms.katalon.core.main.TestCaseMain.startTestSuite(TestCaseMain.java:157)
	at com.kms.katalon.core.main.TestCaseMain$startTestSuite$0.call(Unknown Source)
	at TempTestSuite1576509930469.run(TempTestSuite1576509930469.groovy:36)
Caused by: com.kms.katalon.core.webui.exception.WebElementNotFoundException: Web element with id: 'Object Repository/object_accountInformation/a_TEST GABRIEL PROD' located by 'By.xpath: //div[@id='wrapper']/div/div/div/table/tbody/tr[2]/td[4]/a' not found
	at com.kms.katalon.core.webui.common.WebUiCommonHelper.findWebElement(WebUiCommonHelper.java:1113)
	at com.kms.katalon.core.webui.keyword.internal.WebUIAbstractKeyword.findWebElement(WebUIAbstractKeyword.groovy:27)
	at com.kms.katalon.core.webui.keyword.internal.WebUIAbstractKeyword.findWebElement(WebUIAbstractKeyword.groovy:26)
	at com.kms.katalon.core.webui.keyword.builtin.ClickKeyword$_click_closure1.doCall(ClickKeyword.groovy:68)
	at com.kms.katalon.core.webui.keyword.builtin.ClickKeyword$_click_closure1.call(ClickKeyword.groovy)
	at com.kms.katalon.core.webui.keyword.internal.WebUIKeywordMain.runKeyword(WebUIKeywordMain.groovy:20)
	at com.kms.katalon.core.webui.keyword.builtin.ClickKeyword.click(ClickKeyword.groovy:99)
	at com.kms.katalon.core.webui.keyword.builtin.ClickKeyword.execute(ClickKeyword.groovy:43)
	at com.kms.katalon.core.keyword.internal.KeywordExecutor.executeKeywordForPlatform(KeywordExecutor.groovy:60)
	at com.kms.katalon.core.webui.keyword.WebUiBuiltInKeywords.click(WebUiBuiltInKeywords.groovy:616)
	at com.kms.katalon.core.webui.keyword.WebUiBuiltInKeywords$click$2.call(Unknown Source)
	at Script1576482965057.run(Script1576482965057.groovy:53)
	... 13 more
)

2019-12-16 09:34:25 - [MESSAGE][INFO] - Unable to find the element located by 'By.xpath: //div[@id='wrapper']/div/div/div/table/tbody/tr[2]/td[4]/a'. Please recheck the objects properties to make sure the desired element is located. 

2019-12-16 09:34:25 - [MESSAGE][FAILED] - Unable to click on object 'Object Repository/object_accountInformation/a_TEST GABRIEL PROD' (Root cause: com.kms.katalon.core.exception.StepFailedException: Unable to click on object 'Object Repository/object_accountInformation/a_TEST GABRIEL PROD'
	at com.kms.katalon.core.webui.keyword.internal.WebUIKeywordMain.stepFailed(WebUIKeywordMain.groovy:64)
	at com.kms.katalon.core.webui.keyword.internal.WebUIKeywordMain.runKeyword(WebUIKeywordMain.groovy:26)
	at com.kms.katalon.core.webui.keyword.builtin.ClickKeyword.click(ClickKeyword.groovy:99)
	at com.kms.katalon.core.webui.keyword.builtin.ClickKeyword.execute(ClickKeyword.groovy:43)
	at com.kms.katalon.core.keyword.internal.KeywordExecutor.executeKeywordForPlatform(KeywordExecutor.groovy:60)
	at com.kms.katalon.core.webui.keyword.WebUiBuiltInKeywords.click(WebUiBuiltInKeywords.groovy:616)
	at com.kms.katalon.core.webui.keyword.WebUiBuiltInKeywords$click$2.call(Unknown Source)
	at p4p_newReservationDaycare.run(p4p_newReservationDaycare:53)
	at com.kms.katalon.core.main.ScriptEngine.run(ScriptEngine.java:194)
	at com.kms.katalon.core.main.ScriptEngine.runScriptAsRawText(ScriptEngine.java:119)
	at com.kms.katalon.core.main.TestCaseExecutor.runScript(TestCaseExecutor.java:337)
	at com.kms.katalon.core.main.TestCaseExecutor.doExecute(TestCaseExecutor.java:328)
	at com.kms.katalon.core.main.TestCaseExecutor.processExecutionPhase(TestCaseExecutor.java:307)
	at com.kms.katalon.core.main.TestCaseExecutor.accessMainPhase(TestCaseExecutor.java:299)
	at com.kms.katalon.core.main.TestCaseExecutor.execute(TestCaseExecutor.java:233)
	at com.kms.katalon.core.main.TestSuiteExecutor.accessTestCaseMainPhase(TestSuiteExecutor.java:169)
	at com.kms.katalon.core.main.TestSuiteExecutor.accessTestSuiteMainPhase(TestSuiteExecutor.java:142)
	at com.kms.katalon.core.main.TestSuiteExecutor.execute(TestSuiteExecutor.java:91)
	at com.kms.katalon.core.main.TestCaseMain.startTestSuite(TestCaseMain.java:157)
	at com.kms.katalon.core.main.TestCaseMain$startTestSuite$0.call(Unknown Source)
	at TempTestSuite1576509930469.run(TempTestSuite1576509930469.groovy:36)
Caused by: com.kms.katalon.core.webui.exception.WebElementNotFoundException: Web element with id: 'Object Repository/object_accountInformation/a_TEST GABRIEL PROD' located by 'By.xpath: //div[@id='wrapper']/div/div/div/table/tbody/tr[2]/td[4]/a' not found
	at com.kms.katalon.core.webui.common.WebUiCommonHelper.findWebElement(WebUiCommonHelper.java:1113)
	at com.kms.katalon.core.webui.keyword.internal.WebUIAbstractKeyword.findWebElement(WebUIAbstractKeyword.groovy:27)
	at com.kms.katalon.core.webui.keyword.internal.WebUIAbstractKeyword.findWebElement(WebUIAbstractKeyword.groovy:26)
	at com.kms.katalon.core.webui.keyword.builtin.ClickKeyword$_click_closure1.doCall(ClickKeyword.groovy:68)
	at com.kms.katalon.core.webui.keyword.builtin.ClickKeyword$_click_closure1.call(ClickKeyword.groovy)
	at com.kms.katalon.core.webui.keyword.internal.WebUIKeywordMain.runKeyword(WebUIKeywordMain.groovy:20)
	at com.kms.katalon.core.webui.keyword.builtin.ClickKeyword.click(ClickKeyword.groovy:99)
	at com.kms.katalon.core.webui.keyword.builtin.ClickKeyword.execute(ClickKeyword.groovy:43)
	at com.kms.katalon.core.keyword.internal.KeywordExecutor.executeKeywordForPlatform(KeywordExecutor.groovy:60)
	at com.kms.katalon.core.webui.keyword.WebUiBuiltInKeywords.click(WebUiBuiltInKeywords.groovy:616)
	at com.kms.katalon.core.webui.keyword.WebUiBuiltInKeywords$click$2.call(Unknown Source)
	at Script1576482965057.run(Script1576482965057.groovy:53)
	... 13 more
)
[[ATTACHMENT|/home/leonardo-arkusmty/Documents/workspaceKatalon/p4ptest/Reports/20191216_092530/ts_newReservationDaycare/20191216_092530/1576510465619.png]]]]></system-out>
         <system-err><![CDATA[2019-12-16 09:33:24 - [TEST_CASE][FAILED] - Test Cases/p4p_newReservationDaycare: Test Cases/p4p_newReservationDaycare FAILED.
Reason:
com.kms.katalon.core.exception.StepFailedException: Unable to click on object 'Object Repository/object_accountInformation/a_TEST GABRIEL PROD'
	at com.kms.katalon.core.webui.keyword.internal.WebUIKeywordMain.stepFailed(WebUIKeywordMain.groovy:64)
	at com.kms.katalon.core.webui.keyword.internal.WebUIKeywordMain.runKeyword(WebUIKeywordMain.groovy:26)
	at com.kms.katalon.core.webui.keyword.builtin.ClickKeyword.click(ClickKeyword.groovy:99)
	at com.kms.katalon.core.webui.keyword.builtin.ClickKeyword.execute(ClickKeyword.groovy:43)
	at com.kms.katalon.core.keyword.internal.KeywordExecutor.executeKeywordForPlatform(KeywordExecutor.groovy:60)
	at com.kms.katalon.core.webui.keyword.WebUiBuiltInKeywords.click(WebUiBuiltInKeywords.groovy:616)
	at com.kms.katalon.core.webui.keyword.WebUiBuiltInKeywords$click$2.call(Unknown Source)
	at p4p_newReservationDaycare.run(p4p_newReservationDaycare:53)
	at com.kms.katalon.core.main.ScriptEngine.run(ScriptEngine.java:194)
	at com.kms.katalon.core.main.ScriptEngine.runScriptAsRawText(ScriptEngine.java:119)
	at com.kms.katalon.core.main.TestCaseExecutor.runScript(TestCaseExecutor.java:337)
	at com.kms.katalon.core.main.TestCaseExecutor.doExecute(TestCaseExecutor.java:328)
	at com.kms.katalon.core.main.TestCaseExecutor.processExecutionPhase(TestCaseExecutor.java:307)
	at com.kms.katalon.core.main.TestCaseExecutor.accessMainPhase(TestCaseExecutor.java:299)
	at com.kms.katalon.core.main.TestCaseExecutor.execute(TestCaseExecutor.java:233)
	at com.kms.katalon.core.main.TestSuiteExecutor.accessTestCaseMainPhase(TestSuiteExecutor.java:169)
	at com.kms.katalon.core.main.TestSuiteExecutor.accessTestSuiteMainPhase(TestSuiteExecutor.java:142)
	at com.kms.katalon.core.main.TestSuiteExecutor.execute(TestSuiteExecutor.java:91)
	at com.kms.katalon.core.main.TestCaseMain.startTestSuite(TestCaseMain.java:157)
	at com.kms.katalon.core.main.TestCaseMain$startTestSuite$0.call(Unknown Source)
	at TempTestSuite1576509930469.run(TempTestSuite1576509930469.groovy:36)
Caused by: com.kms.katalon.core.webui.exception.WebElementNotFoundException: Web element with id: 'Object Repository/object_accountInformation/a_TEST GABRIEL PROD' located by 'By.xpath: //div[@id='wrapper']/div/div/div/table/tbody/tr[2]/td[4]/a' not found
	at com.kms.katalon.core.webui.common.WebUiCommonHelper.findWebElement(WebUiCommonHelper.java:1113)
	at com.kms.katalon.core.webui.keyword.internal.WebUIAbstractKeyword.findWebElement(WebUIAbstractKeyword.groovy:27)
	at com.kms.katalon.core.webui.keyword.internal.WebUIAbstractKeyword.findWebElement(WebUIAbstractKeyword.groovy:26)
	at com.kms.katalon.core.webui.keyword.builtin.ClickKeyword$_click_closure1.doCall(ClickKeyword.groovy:68)
	at com.kms.katalon.core.webui.keyword.builtin.ClickKeyword$_click_closure1.call(ClickKeyword.groovy)
	at com.kms.katalon.core.webui.keyword.internal.WebUIKeywordMain.runKeyword(WebUIKeywordMain.groovy:20)
	... 19 more]]></system-err>
      </testcase>
      <testcase name="Test Cases/p4p_newReservationDaycare" time="64.329" classname="Test Cases/p4p_newReservationDaycare" status="FAILED">
         <failure type="FAILED" message="Test Cases/p4p_newReservationDaycare FAILED.
Reason:
com.kms.katalon.core.exception.StepFailedException: Unable to click on object 'Object Repository/object_accountInformation/a_TEST GABRIEL PROD'
	at com.kms.katalon.core.webui.keyword.internal.WebUIKeywordMain.stepFailed(WebUIKeywordMain.groovy:64)
	at com.kms.katalon.core.webui.keyword.internal.WebUIKeywordMain.runKeyword(WebUIKeywordMain.groovy:26)
	at com.kms.katalon.core.webui.keyword.builtin.ClickKeyword.click(ClickKeyword.groovy:99)
	at com.kms.katalon.core.webui.keyword.builtin.ClickKeyword.execute(ClickKeyword.groovy:43)
	at com.kms.katalon.core.keyword.internal.KeywordExecutor.executeKeywordForPlatform(KeywordExecutor.groovy:60)
	at com.kms.katalon.core.webui.keyword.WebUiBuiltInKeywords.click(WebUiBuiltInKeywords.groovy:616)
	at com.kms.katalon.core.webui.keyword.WebUiBuiltInKeywords$click$2.call(Unknown Source)
	at p4p_newReservationDaycare.run(p4p_newReservationDaycare:53)
	at com.kms.katalon.core.main.ScriptEngine.run(ScriptEngine.java:194)
	at com.kms.katalon.core.main.ScriptEngine.runScriptAsRawText(ScriptEngine.java:119)
	at com.kms.katalon.core.main.TestCaseExecutor.runScript(TestCaseExecutor.java:337)
	at com.kms.katalon.core.main.TestCaseExecutor.doExecute(TestCaseExecutor.java:328)
	at com.kms.katalon.core.main.TestCaseExecutor.processExecutionPhase(TestCaseExecutor.java:307)
	at com.kms.katalon.core.main.TestCaseExecutor.accessMainPhase(TestCaseExecutor.java:299)
	at com.kms.katalon.core.main.TestCaseExecutor.execute(TestCaseExecutor.java:233)
	at com.kms.katalon.core.main.TestSuiteExecutor.accessTestCaseMainPhase(TestSuiteExecutor.java:169)
	at com.kms.katalon.core.main.TestSuiteExecutor.accessTestSuiteMainPhase(TestSuiteExecutor.java:142)
	at com.kms.katalon.core.main.TestSuiteExecutor.execute(TestSuiteExecutor.java:91)
	at com.kms.katalon.core.main.TestCaseMain.startTestSuite(TestCaseMain.java:157)
	at com.kms.katalon.core.main.TestCaseMain$startTestSuite$0.call(Unknown Source)
	at TempTestSuite1576509930469.run(TempTestSuite1576509930469.groovy:36)
Caused by: com.kms.katalon.core.webui.exception.WebElementNotFoundException: Web element with id: 'Object Repository/object_accountInformation/a_TEST GABRIEL PROD' located by 'By.xpath: //div[@id='wrapper']/div/div/div/table/tbody/tr[2]/td[4]/a' not found
	at com.kms.katalon.core.webui.common.WebUiCommonHelper.findWebElement(WebUiCommonHelper.java:1113)
	at com.kms.katalon.core.webui.keyword.internal.WebUIAbstractKeyword.findWebElement(WebUIAbstractKeyword.groovy:27)
	at com.kms.katalon.core.webui.keyword.internal.WebUIAbstractKeyword.findWebElement(WebUIAbstractKeyword.groovy:26)
	at com.kms.katalon.core.webui.keyword.builtin.ClickKeyword$_click_closure1.doCall(ClickKeyword.groovy:68)
	at com.kms.katalon.core.webui.keyword.builtin.ClickKeyword$_click_closure1.call(ClickKeyword.groovy)
	at com.kms.katalon.core.webui.keyword.internal.WebUIKeywordMain.runKeyword(WebUIKeywordMain.groovy:20)
	... 19 more
"/>
         <system-out><![CDATA[2019-12-16 09:34:25 - [TEST_CASE][FAILED] - Test Cases/p4p_newReservationDaycare: Test Cases/p4p_newReservationDaycare FAILED.
Reason:
com.kms.katalon.core.exception.StepFailedException: Unable to click on object 'Object Repository/object_accountInformation/a_TEST GABRIEL PROD'
	at com.kms.katalon.core.webui.keyword.internal.WebUIKeywordMain.stepFailed(WebUIKeywordMain.groovy:64)
	at com.kms.katalon.core.webui.keyword.internal.WebUIKeywordMain.runKeyword(WebUIKeywordMain.groovy:26)
	at com.kms.katalon.core.webui.keyword.builtin.ClickKeyword.click(ClickKeyword.groovy:99)
	at com.kms.katalon.core.webui.keyword.builtin.ClickKeyword.execute(ClickKeyword.groovy:43)
	at com.kms.katalon.core.keyword.internal.KeywordExecutor.executeKeywordForPlatform(KeywordExecutor.groovy:60)
	at com.kms.katalon.core.webui.keyword.WebUiBuiltInKeywords.click(WebUiBuiltInKeywords.groovy:616)
	at com.kms.katalon.core.webui.keyword.WebUiBuiltInKeywords$click$2.call(Unknown Source)
	at p4p_newReservationDaycare.run(p4p_newReservationDaycare:53)
	at com.kms.katalon.core.main.ScriptEngine.run(ScriptEngine.java:194)
	at com.kms.katalon.core.main.ScriptEngine.runScriptAsRawText(ScriptEngine.java:119)
	at com.kms.katalon.core.main.TestCaseExecutor.runScript(TestCaseExecutor.java:337)
	at com.kms.katalon.core.main.TestCaseExecutor.doExecute(TestCaseExecutor.java:328)
	at com.kms.katalon.core.main.TestCaseExecutor.processExecutionPhase(TestCaseExecutor.java:307)
	at com.kms.katalon.core.main.TestCaseExecutor.accessMainPhase(TestCaseExecutor.java:299)
	at com.kms.katalon.core.main.TestCaseExecutor.execute(TestCaseExecutor.java:233)
	at com.kms.katalon.core.main.TestSuiteExecutor.accessTestCaseMainPhase(TestSuiteExecutor.java:169)
	at com.kms.katalon.core.main.TestSuiteExecutor.accessTestSuiteMainPhase(TestSuiteExecutor.java:142)
	at com.kms.katalon.core.main.TestSuiteExecutor.execute(TestSuiteExecutor.java:91)
	at com.kms.katalon.core.main.TestCaseMain.startTestSuite(TestCaseMain.java:157)
	at com.kms.katalon.core.main.TestCaseMain$startTestSuite$0.call(Unknown Source)
	at TempTestSuite1576509930469.run(TempTestSuite1576509930469.groovy:36)
Caused by: com.kms.katalon.core.webui.exception.WebElementNotFoundException: Web element with id: 'Object Repository/object_accountInformation/a_TEST GABRIEL PROD' located by 'By.xpath: //div[@id='wrapper']/div/div/div/table/tbody/tr[2]/td[4]/a' not found
	at com.kms.katalon.core.webui.common.WebUiCommonHelper.findWebElement(WebUiCommonHelper.java:1113)
	at com.kms.katalon.core.webui.keyword.internal.WebUIAbstractKeyword.findWebElement(WebUIAbstractKeyword.groovy:27)
	at com.kms.katalon.core.webui.keyword.internal.WebUIAbstractKeyword.findWebElement(WebUIAbstractKeyword.groovy:26)
	at com.kms.katalon.core.webui.keyword.builtin.ClickKeyword$_click_closure1.doCall(ClickKeyword.groovy:68)
	at com.kms.katalon.core.webui.keyword.builtin.ClickKeyword$_click_closure1.call(ClickKeyword.groovy)
	at com.kms.katalon.core.webui.keyword.internal.WebUIKeywordMain.runKeyword(WebUIKeywordMain.groovy:20)
	... 19 more


2019-12-16 09:34:25 - [TEST_STEP][PASSED] - openBrowser("https://p4p-qa-bg.aws.paradise4paws.com/login/"): Browser is opened with url: 'https://p4p-qa-bg.aws.paradise4paws.com/login/'

2019-12-16 09:34:25 - [MESSAGE][WARNING] - A browser is already opened. Closing browser and opening a new one

2019-12-16 09:34:26 - [MESSAGE][INFO] - Starting 'Firefox' driver

2019-12-16 09:34:29 - [MESSAGE][PASSED] - Browser is opened with url: 'https://p4p-qa-bg.aws.paradise4paws.com/login/'

2019-12-16 09:34:29 - [TEST_STEP][PASSED] - setText(findTestObject("Object Repository/object_login/input_user"), var_user): Text 'jegchavez@gmail.com' is set on object 'Object Repository/object_login/input_user'

2019-12-16 09:34:30 - [MESSAGE][PASSED] - Text 'jegchavez@gmail.com' is set on object 'Object Repository/object_login/input_user'

2019-12-16 09:34:30 - [TEST_STEP][PASSED] - setText(findTestObject("Object Repository/object_login/input_pass"), var_pass): Text 'admin1' is set on object 'Object Repository/object_login/input_pass'

2019-12-16 09:34:31 - [MESSAGE][PASSED] - Text 'admin1' is set on object 'Object Repository/object_login/input_pass'

2019-12-16 09:34:31 - [TEST_STEP][PASSED] - delay(2): Delayed 2 second(s)

2019-12-16 09:34:33 - [MESSAGE][PASSED] - Delayed 2 second(s)

2019-12-16 09:34:33 - [TEST_STEP][PASSED] - verifyElementClickable(findTestObject("Object Repository/object_login/btn_login")): Object 'Object Repository/object_login/btn_login' is clickable

2019-12-16 09:34:35 - [MESSAGE][PASSED] - Object 'Object Repository/object_login/btn_login' is clickable

2019-12-16 09:34:35 - [TEST_STEP][PASSED] - click(findTestObject("Object Repository/object_login/btn_login")): Object: 'Object Repository/object_login/btn_login' is clicked on

2019-12-16 09:34:40 - [MESSAGE][PASSED] - Object: 'Object Repository/object_login/btn_login' is clicked on

2019-12-16 09:34:40 - [TEST_STEP][PASSED] - delay(2): Delayed 2 second(s)

2019-12-16 09:34:42 - [MESSAGE][PASSED] - Delayed 2 second(s)

2019-12-16 09:34:42 - [TEST_STEP][PASSED] - setText(findTestObject("Object Repository/object_dashboard_emp/input_search"), var_searchParent): Text 'leongarzagarza@hotmail.com' is set on object 'Object Repository/object_dashboard_emp/input_search'

2019-12-16 09:34:44 - [MESSAGE][PASSED] - Text 'leongarzagarza@hotmail.com' is set on object 'Object Repository/object_dashboard_emp/input_search'

2019-12-16 09:34:44 - [TEST_STEP][PASSED] - click(findTestObject("Object Repository/object_dashboard_emp/btn_accountSearch")): Object: 'Object Repository/object_dashboard_emp/btn_accountSearch' is clicked on

2019-12-16 09:34:46 - [MESSAGE][PASSED] - Object: 'Object Repository/object_dashboard_emp/btn_accountSearch' is clicked on

2019-12-16 09:34:46 - [TEST_STEP][PASSED] - delay(2): Delayed 2 second(s)

2019-12-16 09:34:48 - [MESSAGE][PASSED] - Delayed 2 second(s)

2019-12-16 09:34:48 - [TEST_STEP][FAILED] - click(findTestObject("Object Repository/object_accountInformation/a_TEST GABRIEL PROD")): Unable to click on object 'Object Repository/object_accountInformation/a_TEST GABRIEL PROD' (Root cause: com.kms.katalon.core.exception.StepFailedException: Unable to click on object 'Object Repository/object_accountInformation/a_TEST GABRIEL PROD'
	at com.kms.katalon.core.webui.keyword.internal.WebUIKeywordMain.stepFailed(WebUIKeywordMain.groovy:64)
	at com.kms.katalon.core.webui.keyword.internal.WebUIKeywordMain.runKeyword(WebUIKeywordMain.groovy:26)
	at com.kms.katalon.core.webui.keyword.builtin.ClickKeyword.click(ClickKeyword.groovy:99)
	at com.kms.katalon.core.webui.keyword.builtin.ClickKeyword.execute(ClickKeyword.groovy:43)
	at com.kms.katalon.core.keyword.internal.KeywordExecutor.executeKeywordForPlatform(KeywordExecutor.groovy:60)
	at com.kms.katalon.core.webui.keyword.WebUiBuiltInKeywords.click(WebUiBuiltInKeywords.groovy:616)
	at com.kms.katalon.core.webui.keyword.WebUiBuiltInKeywords$click$2.call(Unknown Source)
	at p4p_newReservationDaycare.run(p4p_newReservationDaycare:53)
	at com.kms.katalon.core.main.ScriptEngine.run(ScriptEngine.java:194)
	at com.kms.katalon.core.main.ScriptEngine.runScriptAsRawText(ScriptEngine.java:119)
	at com.kms.katalon.core.main.TestCaseExecutor.runScript(TestCaseExecutor.java:337)
	at com.kms.katalon.core.main.TestCaseExecutor.doExecute(TestCaseExecutor.java:328)
	at com.kms.katalon.core.main.TestCaseExecutor.processExecutionPhase(TestCaseExecutor.java:307)
	at com.kms.katalon.core.main.TestCaseExecutor.accessMainPhase(TestCaseExecutor.java:299)
	at com.kms.katalon.core.main.TestCaseExecutor.execute(TestCaseExecutor.java:233)
	at com.kms.katalon.core.main.TestSuiteExecutor.accessTestCaseMainPhase(TestSuiteExecutor.java:169)
	at com.kms.katalon.core.main.TestSuiteExecutor.accessTestSuiteMainPhase(TestSuiteExecutor.java:142)
	at com.kms.katalon.core.main.TestSuiteExecutor.execute(TestSuiteExecutor.java:91)
	at com.kms.katalon.core.main.TestCaseMain.startTestSuite(TestCaseMain.java:157)
	at com.kms.katalon.core.main.TestCaseMain$startTestSuite$0.call(Unknown Source)
	at TempTestSuite1576509930469.run(TempTestSuite1576509930469.groovy:36)
Caused by: com.kms.katalon.core.webui.exception.WebElementNotFoundException: Web element with id: 'Object Repository/object_accountInformation/a_TEST GABRIEL PROD' located by 'By.xpath: //div[@id='wrapper']/div/div/div/table/tbody/tr[2]/td[4]/a' not found
	at com.kms.katalon.core.webui.common.WebUiCommonHelper.findWebElement(WebUiCommonHelper.java:1113)
	at com.kms.katalon.core.webui.keyword.internal.WebUIAbstractKeyword.findWebElement(WebUIAbstractKeyword.groovy:27)
	at com.kms.katalon.core.webui.keyword.internal.WebUIAbstractKeyword.findWebElement(WebUIAbstractKeyword.groovy:26)
	at com.kms.katalon.core.webui.keyword.builtin.ClickKeyword$_click_closure1.doCall(ClickKeyword.groovy:68)
	at com.kms.katalon.core.webui.keyword.builtin.ClickKeyword$_click_closure1.call(ClickKeyword.groovy)
	at com.kms.katalon.core.webui.keyword.internal.WebUIKeywordMain.runKeyword(WebUIKeywordMain.groovy:20)
	at com.kms.katalon.core.webui.keyword.builtin.ClickKeyword.click(ClickKeyword.groovy:99)
	at com.kms.katalon.core.webui.keyword.builtin.ClickKeyword.execute(ClickKeyword.groovy:43)
	at com.kms.katalon.core.keyword.internal.KeywordExecutor.executeKeywordForPlatform(KeywordExecutor.groovy:60)
	at com.kms.katalon.core.webui.keyword.WebUiBuiltInKeywords.click(WebUiBuiltInKeywords.groovy:616)
	at com.kms.katalon.core.webui.keyword.WebUiBuiltInKeywords$click$2.call(Unknown Source)
	at Script1576482965057.run(Script1576482965057.groovy:53)
	... 13 more
)

2019-12-16 09:35:30 - [MESSAGE][INFO] - Unable to find the element located by 'By.xpath: //div[@id='wrapper']/div/div/div/table/tbody/tr[2]/td[4]/a'. Please recheck the objects properties to make sure the desired element is located. 

2019-12-16 09:35:30 - [MESSAGE][FAILED] - Unable to click on object 'Object Repository/object_accountInformation/a_TEST GABRIEL PROD' (Root cause: com.kms.katalon.core.exception.StepFailedException: Unable to click on object 'Object Repository/object_accountInformation/a_TEST GABRIEL PROD'
	at com.kms.katalon.core.webui.keyword.internal.WebUIKeywordMain.stepFailed(WebUIKeywordMain.groovy:64)
	at com.kms.katalon.core.webui.keyword.internal.WebUIKeywordMain.runKeyword(WebUIKeywordMain.groovy:26)
	at com.kms.katalon.core.webui.keyword.builtin.ClickKeyword.click(ClickKeyword.groovy:99)
	at com.kms.katalon.core.webui.keyword.builtin.ClickKeyword.execute(ClickKeyword.groovy:43)
	at com.kms.katalon.core.keyword.internal.KeywordExecutor.executeKeywordForPlatform(KeywordExecutor.groovy:60)
	at com.kms.katalon.core.webui.keyword.WebUiBuiltInKeywords.click(WebUiBuiltInKeywords.groovy:616)
	at com.kms.katalon.core.webui.keyword.WebUiBuiltInKeywords$click$2.call(Unknown Source)
	at p4p_newReservationDaycare.run(p4p_newReservationDaycare:53)
	at com.kms.katalon.core.main.ScriptEngine.run(ScriptEngine.java:194)
	at com.kms.katalon.core.main.ScriptEngine.runScriptAsRawText(ScriptEngine.java:119)
	at com.kms.katalon.core.main.TestCaseExecutor.runScript(TestCaseExecutor.java:337)
	at com.kms.katalon.core.main.TestCaseExecutor.doExecute(TestCaseExecutor.java:328)
	at com.kms.katalon.core.main.TestCaseExecutor.processExecutionPhase(TestCaseExecutor.java:307)
	at com.kms.katalon.core.main.TestCaseExecutor.accessMainPhase(TestCaseExecutor.java:299)
	at com.kms.katalon.core.main.TestCaseExecutor.execute(TestCaseExecutor.java:233)
	at com.kms.katalon.core.main.TestSuiteExecutor.accessTestCaseMainPhase(TestSuiteExecutor.java:169)
	at com.kms.katalon.core.main.TestSuiteExecutor.accessTestSuiteMainPhase(TestSuiteExecutor.java:142)
	at com.kms.katalon.core.main.TestSuiteExecutor.execute(TestSuiteExecutor.java:91)
	at com.kms.katalon.core.main.TestCaseMain.startTestSuite(TestCaseMain.java:157)
	at com.kms.katalon.core.main.TestCaseMain$startTestSuite$0.call(Unknown Source)
	at TempTestSuite1576509930469.run(TempTestSuite1576509930469.groovy:36)
Caused by: com.kms.katalon.core.webui.exception.WebElementNotFoundException: Web element with id: 'Object Repository/object_accountInformation/a_TEST GABRIEL PROD' located by 'By.xpath: //div[@id='wrapper']/div/div/div/table/tbody/tr[2]/td[4]/a' not found
	at com.kms.katalon.core.webui.common.WebUiCommonHelper.findWebElement(WebUiCommonHelper.java:1113)
	at com.kms.katalon.core.webui.keyword.internal.WebUIAbstractKeyword.findWebElement(WebUIAbstractKeyword.groovy:27)
	at com.kms.katalon.core.webui.keyword.internal.WebUIAbstractKeyword.findWebElement(WebUIAbstractKeyword.groovy:26)
	at com.kms.katalon.core.webui.keyword.builtin.ClickKeyword$_click_closure1.doCall(ClickKeyword.groovy:68)
	at com.kms.katalon.core.webui.keyword.builtin.ClickKeyword$_click_closure1.call(ClickKeyword.groovy)
	at com.kms.katalon.core.webui.keyword.internal.WebUIKeywordMain.runKeyword(WebUIKeywordMain.groovy:20)
	at com.kms.katalon.core.webui.keyword.builtin.ClickKeyword.click(ClickKeyword.groovy:99)
	at com.kms.katalon.core.webui.keyword.builtin.ClickKeyword.execute(ClickKeyword.groovy:43)
	at com.kms.katalon.core.keyword.internal.KeywordExecutor.executeKeywordForPlatform(KeywordExecutor.groovy:60)
	at com.kms.katalon.core.webui.keyword.WebUiBuiltInKeywords.click(WebUiBuiltInKeywords.groovy:616)
	at com.kms.katalon.core.webui.keyword.WebUiBuiltInKeywords$click$2.call(Unknown Source)
	at Script1576482965057.run(Script1576482965057.groovy:53)
	... 13 more
)
[[ATTACHMENT|/home/leonardo-arkusmty/Documents/workspaceKatalon/p4ptest/Reports/20191216_092530/ts_newReservationDaycare/20191216_092530/1576510530011.png]]]]></system-out>
         <system-err><![CDATA[2019-12-16 09:34:25 - [TEST_CASE][FAILED] - Test Cases/p4p_newReservationDaycare: Test Cases/p4p_newReservationDaycare FAILED.
Reason:
com.kms.katalon.core.exception.StepFailedException: Unable to click on object 'Object Repository/object_accountInformation/a_TEST GABRIEL PROD'
	at com.kms.katalon.core.webui.keyword.internal.WebUIKeywordMain.stepFailed(WebUIKeywordMain.groovy:64)
	at com.kms.katalon.core.webui.keyword.internal.WebUIKeywordMain.runKeyword(WebUIKeywordMain.groovy:26)
	at com.kms.katalon.core.webui.keyword.builtin.ClickKeyword.click(ClickKeyword.groovy:99)
	at com.kms.katalon.core.webui.keyword.builtin.ClickKeyword.execute(ClickKeyword.groovy:43)
	at com.kms.katalon.core.keyword.internal.KeywordExecutor.executeKeywordForPlatform(KeywordExecutor.groovy:60)
	at com.kms.katalon.core.webui.keyword.WebUiBuiltInKeywords.click(WebUiBuiltInKeywords.groovy:616)
	at com.kms.katalon.core.webui.keyword.WebUiBuiltInKeywords$click$2.call(Unknown Source)
	at p4p_newReservationDaycare.run(p4p_newReservationDaycare:53)
	at com.kms.katalon.core.main.ScriptEngine.run(ScriptEngine.java:194)
	at com.kms.katalon.core.main.ScriptEngine.runScriptAsRawText(ScriptEngine.java:119)
	at com.kms.katalon.core.main.TestCaseExecutor.runScript(TestCaseExecutor.java:337)
	at com.kms.katalon.core.main.TestCaseExecutor.doExecute(TestCaseExecutor.java:328)
	at com.kms.katalon.core.main.TestCaseExecutor.processExecutionPhase(TestCaseExecutor.java:307)
	at com.kms.katalon.core.main.TestCaseExecutor.accessMainPhase(TestCaseExecutor.java:299)
	at com.kms.katalon.core.main.TestCaseExecutor.execute(TestCaseExecutor.java:233)
	at com.kms.katalon.core.main.TestSuiteExecutor.accessTestCaseMainPhase(TestSuiteExecutor.java:169)
	at com.kms.katalon.core.main.TestSuiteExecutor.accessTestSuiteMainPhase(TestSuiteExecutor.java:142)
	at com.kms.katalon.core.main.TestSuiteExecutor.execute(TestSuiteExecutor.java:91)
	at com.kms.katalon.core.main.TestCaseMain.startTestSuite(TestCaseMain.java:157)
	at com.kms.katalon.core.main.TestCaseMain$startTestSuite$0.call(Unknown Source)
	at TempTestSuite1576509930469.run(TempTestSuite1576509930469.groovy:36)
Caused by: com.kms.katalon.core.webui.exception.WebElementNotFoundException: Web element with id: 'Object Repository/object_accountInformation/a_TEST GABRIEL PROD' located by 'By.xpath: //div[@id='wrapper']/div/div/div/table/tbody/tr[2]/td[4]/a' not found
	at com.kms.katalon.core.webui.common.WebUiCommonHelper.findWebElement(WebUiCommonHelper.java:1113)
	at com.kms.katalon.core.webui.keyword.internal.WebUIAbstractKeyword.findWebElement(WebUIAbstractKeyword.groovy:27)
	at com.kms.katalon.core.webui.keyword.internal.WebUIAbstractKeyword.findWebElement(WebUIAbstractKeyword.groovy:26)
	at com.kms.katalon.core.webui.keyword.builtin.ClickKeyword$_click_closure1.doCall(ClickKeyword.groovy:68)
	at com.kms.katalon.core.webui.keyword.builtin.ClickKeyword$_click_closure1.call(ClickKeyword.groovy)
	at com.kms.katalon.core.webui.keyword.internal.WebUIKeywordMain.runKeyword(WebUIKeywordMain.groovy:20)
	... 19 more]]></system-err>
      </testcase>
      <testcase name="Test Cases/p4p_newReservationDaycare" time="66.874" classname="Test Cases/p4p_newReservationDaycare" status="FAILED">
         <failure type="FAILED" message="Test Cases/p4p_newReservationDaycare FAILED.
Reason:
com.kms.katalon.core.exception.StepFailedException: Unable to click on object 'Object Repository/object_accountInformation/a_TEST GABRIEL PROD'
	at com.kms.katalon.core.webui.keyword.internal.WebUIKeywordMain.stepFailed(WebUIKeywordMain.groovy:64)
	at com.kms.katalon.core.webui.keyword.internal.WebUIKeywordMain.runKeyword(WebUIKeywordMain.groovy:26)
	at com.kms.katalon.core.webui.keyword.builtin.ClickKeyword.click(ClickKeyword.groovy:99)
	at com.kms.katalon.core.webui.keyword.builtin.ClickKeyword.execute(ClickKeyword.groovy:43)
	at com.kms.katalon.core.keyword.internal.KeywordExecutor.executeKeywordForPlatform(KeywordExecutor.groovy:60)
	at com.kms.katalon.core.webui.keyword.WebUiBuiltInKeywords.click(WebUiBuiltInKeywords.groovy:616)
	at com.kms.katalon.core.webui.keyword.WebUiBuiltInKeywords$click$2.call(Unknown Source)
	at p4p_newReservationDaycare.run(p4p_newReservationDaycare:53)
	at com.kms.katalon.core.main.ScriptEngine.run(ScriptEngine.java:194)
	at com.kms.katalon.core.main.ScriptEngine.runScriptAsRawText(ScriptEngine.java:119)
	at com.kms.katalon.core.main.TestCaseExecutor.runScript(TestCaseExecutor.java:337)
	at com.kms.katalon.core.main.TestCaseExecutor.doExecute(TestCaseExecutor.java:328)
	at com.kms.katalon.core.main.TestCaseExecutor.processExecutionPhase(TestCaseExecutor.java:307)
	at com.kms.katalon.core.main.TestCaseExecutor.accessMainPhase(TestCaseExecutor.java:299)
	at com.kms.katalon.core.main.TestCaseExecutor.execute(TestCaseExecutor.java:233)
	at com.kms.katalon.core.main.TestSuiteExecutor.accessTestCaseMainPhase(TestSuiteExecutor.java:169)
	at com.kms.katalon.core.main.TestSuiteExecutor.accessTestSuiteMainPhase(TestSuiteExecutor.java:142)
	at com.kms.katalon.core.main.TestSuiteExecutor.execute(TestSuiteExecutor.java:91)
	at com.kms.katalon.core.main.TestCaseMain.startTestSuite(TestCaseMain.java:157)
	at com.kms.katalon.core.main.TestCaseMain$startTestSuite$0.call(Unknown Source)
	at TempTestSuite1576509930469.run(TempTestSuite1576509930469.groovy:36)
Caused by: com.kms.katalon.core.webui.exception.WebElementNotFoundException: Web element with id: 'Object Repository/object_accountInformation/a_TEST GABRIEL PROD' located by 'By.xpath: //div[@id='wrapper']/div/div/div/table/tbody/tr[2]/td[4]/a' not found
	at com.kms.katalon.core.webui.common.WebUiCommonHelper.findWebElement(WebUiCommonHelper.java:1113)
	at com.kms.katalon.core.webui.keyword.internal.WebUIAbstractKeyword.findWebElement(WebUIAbstractKeyword.groovy:27)
	at com.kms.katalon.core.webui.keyword.internal.WebUIAbstractKeyword.findWebElement(WebUIAbstractKeyword.groovy:26)
	at com.kms.katalon.core.webui.keyword.builtin.ClickKeyword$_click_closure1.doCall(ClickKeyword.groovy:68)
	at com.kms.katalon.core.webui.keyword.builtin.ClickKeyword$_click_closure1.call(ClickKeyword.groovy)
	at com.kms.katalon.core.webui.keyword.internal.WebUIKeywordMain.runKeyword(WebUIKeywordMain.groovy:20)
	... 19 more
"/>
         <system-out><![CDATA[2019-12-16 09:35:30 - [TEST_CASE][FAILED] - Test Cases/p4p_newReservationDaycare: Test Cases/p4p_newReservationDaycare FAILED.
Reason:
com.kms.katalon.core.exception.StepFailedException: Unable to click on object 'Object Repository/object_accountInformation/a_TEST GABRIEL PROD'
	at com.kms.katalon.core.webui.keyword.internal.WebUIKeywordMain.stepFailed(WebUIKeywordMain.groovy:64)
	at com.kms.katalon.core.webui.keyword.internal.WebUIKeywordMain.runKeyword(WebUIKeywordMain.groovy:26)
	at com.kms.katalon.core.webui.keyword.builtin.ClickKeyword.click(ClickKeyword.groovy:99)
	at com.kms.katalon.core.webui.keyword.builtin.ClickKeyword.execute(ClickKeyword.groovy:43)
	at com.kms.katalon.core.keyword.internal.KeywordExecutor.executeKeywordForPlatform(KeywordExecutor.groovy:60)
	at com.kms.katalon.core.webui.keyword.WebUiBuiltInKeywords.click(WebUiBuiltInKeywords.groovy:616)
	at com.kms.katalon.core.webui.keyword.WebUiBuiltInKeywords$click$2.call(Unknown Source)
	at p4p_newReservationDaycare.run(p4p_newReservationDaycare:53)
	at com.kms.katalon.core.main.ScriptEngine.run(ScriptEngine.java:194)
	at com.kms.katalon.core.main.ScriptEngine.runScriptAsRawText(ScriptEngine.java:119)
	at com.kms.katalon.core.main.TestCaseExecutor.runScript(TestCaseExecutor.java:337)
	at com.kms.katalon.core.main.TestCaseExecutor.doExecute(TestCaseExecutor.java:328)
	at com.kms.katalon.core.main.TestCaseExecutor.processExecutionPhase(TestCaseExecutor.java:307)
	at com.kms.katalon.core.main.TestCaseExecutor.accessMainPhase(TestCaseExecutor.java:299)
	at com.kms.katalon.core.main.TestCaseExecutor.execute(TestCaseExecutor.java:233)
	at com.kms.katalon.core.main.TestSuiteExecutor.accessTestCaseMainPhase(TestSuiteExecutor.java:169)
	at com.kms.katalon.core.main.TestSuiteExecutor.accessTestSuiteMainPhase(TestSuiteExecutor.java:142)
	at com.kms.katalon.core.main.TestSuiteExecutor.execute(TestSuiteExecutor.java:91)
	at com.kms.katalon.core.main.TestCaseMain.startTestSuite(TestCaseMain.java:157)
	at com.kms.katalon.core.main.TestCaseMain$startTestSuite$0.call(Unknown Source)
	at TempTestSuite1576509930469.run(TempTestSuite1576509930469.groovy:36)
Caused by: com.kms.katalon.core.webui.exception.WebElementNotFoundException: Web element with id: 'Object Repository/object_accountInformation/a_TEST GABRIEL PROD' located by 'By.xpath: //div[@id='wrapper']/div/div/div/table/tbody/tr[2]/td[4]/a' not found
	at com.kms.katalon.core.webui.common.WebUiCommonHelper.findWebElement(WebUiCommonHelper.java:1113)
	at com.kms.katalon.core.webui.keyword.internal.WebUIAbstractKeyword.findWebElement(WebUIAbstractKeyword.groovy:27)
	at com.kms.katalon.core.webui.keyword.internal.WebUIAbstractKeyword.findWebElement(WebUIAbstractKeyword.groovy:26)
	at com.kms.katalon.core.webui.keyword.builtin.ClickKeyword$_click_closure1.doCall(ClickKeyword.groovy:68)
	at com.kms.katalon.core.webui.keyword.builtin.ClickKeyword$_click_closure1.call(ClickKeyword.groovy)
	at com.kms.katalon.core.webui.keyword.internal.WebUIKeywordMain.runKeyword(WebUIKeywordMain.groovy:20)
	... 19 more


2019-12-16 09:35:30 - [TEST_STEP][PASSED] - openBrowser("https://p4p-qa-bg.aws.paradise4paws.com/login/"): Browser is opened with url: 'https://p4p-qa-bg.aws.paradise4paws.com/login/'

2019-12-16 09:35:30 - [MESSAGE][WARNING] - A browser is already opened. Closing browser and opening a new one

2019-12-16 09:35:30 - [MESSAGE][INFO] - Starting 'Firefox' driver

2019-12-16 09:35:35 - [MESSAGE][PASSED] - Browser is opened with url: 'https://p4p-qa-bg.aws.paradise4paws.com/login/'

2019-12-16 09:35:35 - [TEST_STEP][PASSED] - setText(findTestObject("Object Repository/object_login/input_user"), var_user): Text 'jegchavez@gmail.com' is set on object 'Object Repository/object_login/input_user'

2019-12-16 09:35:35 - [MESSAGE][PASSED] - Text 'jegchavez@gmail.com' is set on object 'Object Repository/object_login/input_user'

2019-12-16 09:35:35 - [TEST_STEP][PASSED] - setText(findTestObject("Object Repository/object_login/input_pass"), var_pass): Text 'admin1' is set on object 'Object Repository/object_login/input_pass'

2019-12-16 09:35:38 - [MESSAGE][PASSED] - Text 'admin1' is set on object 'Object Repository/object_login/input_pass'

2019-12-16 09:35:38 - [TEST_STEP][PASSED] - delay(2): Delayed 2 second(s)

2019-12-16 09:35:40 - [MESSAGE][PASSED] - Delayed 2 second(s)

2019-12-16 09:35:40 - [TEST_STEP][PASSED] - verifyElementClickable(findTestObject("Object Repository/object_login/btn_login")): Object 'Object Repository/object_login/btn_login' is clickable

2019-12-16 09:35:42 - [MESSAGE][PASSED] - Object 'Object Repository/object_login/btn_login' is clickable

2019-12-16 09:35:42 - [TEST_STEP][PASSED] - click(findTestObject("Object Repository/object_login/btn_login")): Object: 'Object Repository/object_login/btn_login' is clicked on

2019-12-16 09:35:48 - [MESSAGE][PASSED] - Object: 'Object Repository/object_login/btn_login' is clicked on

2019-12-16 09:35:48 - [TEST_STEP][PASSED] - delay(2): Delayed 2 second(s)

2019-12-16 09:35:50 - [MESSAGE][PASSED] - Delayed 2 second(s)

2019-12-16 09:35:50 - [TEST_STEP][PASSED] - setText(findTestObject("Object Repository/object_dashboard_emp/input_search"), var_searchParent): Text 'leongarzagarza@hotmail.com' is set on object 'Object Repository/object_dashboard_emp/input_search'

2019-12-16 09:35:52 - [MESSAGE][PASSED] - Text 'leongarzagarza@hotmail.com' is set on object 'Object Repository/object_dashboard_emp/input_search'

2019-12-16 09:35:52 - [TEST_STEP][PASSED] - click(findTestObject("Object Repository/object_dashboard_emp/btn_accountSearch")): Object: 'Object Repository/object_dashboard_emp/btn_accountSearch' is clicked on

2019-12-16 09:35:54 - [MESSAGE][PASSED] - Object: 'Object Repository/object_dashboard_emp/btn_accountSearch' is clicked on

2019-12-16 09:35:54 - [TEST_STEP][PASSED] - delay(2): Delayed 2 second(s)

2019-12-16 09:35:56 - [MESSAGE][PASSED] - Delayed 2 second(s)

2019-12-16 09:35:56 - [TEST_STEP][FAILED] - click(findTestObject("Object Repository/object_accountInformation/a_TEST GABRIEL PROD")): Unable to click on object 'Object Repository/object_accountInformation/a_TEST GABRIEL PROD' (Root cause: com.kms.katalon.core.exception.StepFailedException: Unable to click on object 'Object Repository/object_accountInformation/a_TEST GABRIEL PROD'
	at com.kms.katalon.core.webui.keyword.internal.WebUIKeywordMain.stepFailed(WebUIKeywordMain.groovy:64)
	at com.kms.katalon.core.webui.keyword.internal.WebUIKeywordMain.runKeyword(WebUIKeywordMain.groovy:26)
	at com.kms.katalon.core.webui.keyword.builtin.ClickKeyword.click(ClickKeyword.groovy:99)
	at com.kms.katalon.core.webui.keyword.builtin.ClickKeyword.execute(ClickKeyword.groovy:43)
	at com.kms.katalon.core.keyword.internal.KeywordExecutor.executeKeywordForPlatform(KeywordExecutor.groovy:60)
	at com.kms.katalon.core.webui.keyword.WebUiBuiltInKeywords.click(WebUiBuiltInKeywords.groovy:616)
	at com.kms.katalon.core.webui.keyword.WebUiBuiltInKeywords$click$2.call(Unknown Source)
	at p4p_newReservationDaycare.run(p4p_newReservationDaycare:53)
	at com.kms.katalon.core.main.ScriptEngine.run(ScriptEngine.java:194)
	at com.kms.katalon.core.main.ScriptEngine.runScriptAsRawText(ScriptEngine.java:119)
	at com.kms.katalon.core.main.TestCaseExecutor.runScript(TestCaseExecutor.java:337)
	at com.kms.katalon.core.main.TestCaseExecutor.doExecute(TestCaseExecutor.java:328)
	at com.kms.katalon.core.main.TestCaseExecutor.processExecutionPhase(TestCaseExecutor.java:307)
	at com.kms.katalon.core.main.TestCaseExecutor.accessMainPhase(TestCaseExecutor.java:299)
	at com.kms.katalon.core.main.TestCaseExecutor.execute(TestCaseExecutor.java:233)
	at com.kms.katalon.core.main.TestSuiteExecutor.accessTestCaseMainPhase(TestSuiteExecutor.java:169)
	at com.kms.katalon.core.main.TestSuiteExecutor.accessTestSuiteMainPhase(TestSuiteExecutor.java:142)
	at com.kms.katalon.core.main.TestSuiteExecutor.execute(TestSuiteExecutor.java:91)
	at com.kms.katalon.core.main.TestCaseMain.startTestSuite(TestCaseMain.java:157)
	at com.kms.katalon.core.main.TestCaseMain$startTestSuite$0.call(Unknown Source)
	at TempTestSuite1576509930469.run(TempTestSuite1576509930469.groovy:36)
Caused by: com.kms.katalon.core.webui.exception.WebElementNotFoundException: Web element with id: 'Object Repository/object_accountInformation/a_TEST GABRIEL PROD' located by 'By.xpath: //div[@id='wrapper']/div/div/div/table/tbody/tr[2]/td[4]/a' not found
	at com.kms.katalon.core.webui.common.WebUiCommonHelper.findWebElement(WebUiCommonHelper.java:1113)
	at com.kms.katalon.core.webui.keyword.internal.WebUIAbstractKeyword.findWebElement(WebUIAbstractKeyword.groovy:27)
	at com.kms.katalon.core.webui.keyword.internal.WebUIAbstractKeyword.findWebElement(WebUIAbstractKeyword.groovy:26)
	at com.kms.katalon.core.webui.keyword.builtin.ClickKeyword$_click_closure1.doCall(ClickKeyword.groovy:68)
	at com.kms.katalon.core.webui.keyword.builtin.ClickKeyword$_click_closure1.call(ClickKeyword.groovy)
	at com.kms.katalon.core.webui.keyword.internal.WebUIKeywordMain.runKeyword(WebUIKeywordMain.groovy:20)
	at com.kms.katalon.core.webui.keyword.builtin.ClickKeyword.click(ClickKeyword.groovy:99)
	at com.kms.katalon.core.webui.keyword.builtin.ClickKeyword.execute(ClickKeyword.groovy:43)
	at com.kms.katalon.core.keyword.internal.KeywordExecutor.executeKeywordForPlatform(KeywordExecutor.groovy:60)
	at com.kms.katalon.core.webui.keyword.WebUiBuiltInKeywords.click(WebUiBuiltInKeywords.groovy:616)
	at com.kms.katalon.core.webui.keyword.WebUiBuiltInKeywords$click$2.call(Unknown Source)
	at Script1576482965057.run(Script1576482965057.groovy:53)
	... 13 more
)

2019-12-16 09:36:36 - [MESSAGE][INFO] - Unable to find the element located by 'By.xpath: //div[@id='wrapper']/div/div/div/table/tbody/tr[2]/td[4]/a'. Please recheck the objects properties to make sure the desired element is located. 

2019-12-16 09:36:37 - [MESSAGE][FAILED] - Unable to click on object 'Object Repository/object_accountInformation/a_TEST GABRIEL PROD' (Root cause: com.kms.katalon.core.exception.StepFailedException: Unable to click on object 'Object Repository/object_accountInformation/a_TEST GABRIEL PROD'
	at com.kms.katalon.core.webui.keyword.internal.WebUIKeywordMain.stepFailed(WebUIKeywordMain.groovy:64)
	at com.kms.katalon.core.webui.keyword.internal.WebUIKeywordMain.runKeyword(WebUIKeywordMain.groovy:26)
	at com.kms.katalon.core.webui.keyword.builtin.ClickKeyword.click(ClickKeyword.groovy:99)
	at com.kms.katalon.core.webui.keyword.builtin.ClickKeyword.execute(ClickKeyword.groovy:43)
	at com.kms.katalon.core.keyword.internal.KeywordExecutor.executeKeywordForPlatform(KeywordExecutor.groovy:60)
	at com.kms.katalon.core.webui.keyword.WebUiBuiltInKeywords.click(WebUiBuiltInKeywords.groovy:616)
	at com.kms.katalon.core.webui.keyword.WebUiBuiltInKeywords$click$2.call(Unknown Source)
	at p4p_newReservationDaycare.run(p4p_newReservationDaycare:53)
	at com.kms.katalon.core.main.ScriptEngine.run(ScriptEngine.java:194)
	at com.kms.katalon.core.main.ScriptEngine.runScriptAsRawText(ScriptEngine.java:119)
	at com.kms.katalon.core.main.TestCaseExecutor.runScript(TestCaseExecutor.java:337)
	at com.kms.katalon.core.main.TestCaseExecutor.doExecute(TestCaseExecutor.java:328)
	at com.kms.katalon.core.main.TestCaseExecutor.processExecutionPhase(TestCaseExecutor.java:307)
	at com.kms.katalon.core.main.TestCaseExecutor.accessMainPhase(TestCaseExecutor.java:299)
	at com.kms.katalon.core.main.TestCaseExecutor.execute(TestCaseExecutor.java:233)
	at com.kms.katalon.core.main.TestSuiteExecutor.accessTestCaseMainPhase(TestSuiteExecutor.java:169)
	at com.kms.katalon.core.main.TestSuiteExecutor.accessTestSuiteMainPhase(TestSuiteExecutor.java:142)
	at com.kms.katalon.core.main.TestSuiteExecutor.execute(TestSuiteExecutor.java:91)
	at com.kms.katalon.core.main.TestCaseMain.startTestSuite(TestCaseMain.java:157)
	at com.kms.katalon.core.main.TestCaseMain$startTestSuite$0.call(Unknown Source)
	at TempTestSuite1576509930469.run(TempTestSuite1576509930469.groovy:36)
Caused by: com.kms.katalon.core.webui.exception.WebElementNotFoundException: Web element with id: 'Object Repository/object_accountInformation/a_TEST GABRIEL PROD' located by 'By.xpath: //div[@id='wrapper']/div/div/div/table/tbody/tr[2]/td[4]/a' not found
	at com.kms.katalon.core.webui.common.WebUiCommonHelper.findWebElement(WebUiCommonHelper.java:1113)
	at com.kms.katalon.core.webui.keyword.internal.WebUIAbstractKeyword.findWebElement(WebUIAbstractKeyword.groovy:27)
	at com.kms.katalon.core.webui.keyword.internal.WebUIAbstractKeyword.findWebElement(WebUIAbstractKeyword.groovy:26)
	at com.kms.katalon.core.webui.keyword.builtin.ClickKeyword$_click_closure1.doCall(ClickKeyword.groovy:68)
	at com.kms.katalon.core.webui.keyword.builtin.ClickKeyword$_click_closure1.call(ClickKeyword.groovy)
	at com.kms.katalon.core.webui.keyword.internal.WebUIKeywordMain.runKeyword(WebUIKeywordMain.groovy:20)
	at com.kms.katalon.core.webui.keyword.builtin.ClickKeyword.click(ClickKeyword.groovy:99)
	at com.kms.katalon.core.webui.keyword.builtin.ClickKeyword.execute(ClickKeyword.groovy:43)
	at com.kms.katalon.core.keyword.internal.KeywordExecutor.executeKeywordForPlatform(KeywordExecutor.groovy:60)
	at com.kms.katalon.core.webui.keyword.WebUiBuiltInKeywords.click(WebUiBuiltInKeywords.groovy:616)
	at com.kms.katalon.core.webui.keyword.WebUiBuiltInKeywords$click$2.call(Unknown Source)
	at Script1576482965057.run(Script1576482965057.groovy:53)
	... 13 more
)
[[ATTACHMENT|/home/leonardo-arkusmty/Documents/workspaceKatalon/p4ptest/Reports/20191216_092530/ts_newReservationDaycare/20191216_092530/1576510596911.png]]]]></system-out>
         <system-err><![CDATA[2019-12-16 09:35:30 - [TEST_CASE][FAILED] - Test Cases/p4p_newReservationDaycare: Test Cases/p4p_newReservationDaycare FAILED.
Reason:
com.kms.katalon.core.exception.StepFailedException: Unable to click on object 'Object Repository/object_accountInformation/a_TEST GABRIEL PROD'
	at com.kms.katalon.core.webui.keyword.internal.WebUIKeywordMain.stepFailed(WebUIKeywordMain.groovy:64)
	at com.kms.katalon.core.webui.keyword.internal.WebUIKeywordMain.runKeyword(WebUIKeywordMain.groovy:26)
	at com.kms.katalon.core.webui.keyword.builtin.ClickKeyword.click(ClickKeyword.groovy:99)
	at com.kms.katalon.core.webui.keyword.builtin.ClickKeyword.execute(ClickKeyword.groovy:43)
	at com.kms.katalon.core.keyword.internal.KeywordExecutor.executeKeywordForPlatform(KeywordExecutor.groovy:60)
	at com.kms.katalon.core.webui.keyword.WebUiBuiltInKeywords.click(WebUiBuiltInKeywords.groovy:616)
	at com.kms.katalon.core.webui.keyword.WebUiBuiltInKeywords$click$2.call(Unknown Source)
	at p4p_newReservationDaycare.run(p4p_newReservationDaycare:53)
	at com.kms.katalon.core.main.ScriptEngine.run(ScriptEngine.java:194)
	at com.kms.katalon.core.main.ScriptEngine.runScriptAsRawText(ScriptEngine.java:119)
	at com.kms.katalon.core.main.TestCaseExecutor.runScript(TestCaseExecutor.java:337)
	at com.kms.katalon.core.main.TestCaseExecutor.doExecute(TestCaseExecutor.java:328)
	at com.kms.katalon.core.main.TestCaseExecutor.processExecutionPhase(TestCaseExecutor.java:307)
	at com.kms.katalon.core.main.TestCaseExecutor.accessMainPhase(TestCaseExecutor.java:299)
	at com.kms.katalon.core.main.TestCaseExecutor.execute(TestCaseExecutor.java:233)
	at com.kms.katalon.core.main.TestSuiteExecutor.accessTestCaseMainPhase(TestSuiteExecutor.java:169)
	at com.kms.katalon.core.main.TestSuiteExecutor.accessTestSuiteMainPhase(TestSuiteExecutor.java:142)
	at com.kms.katalon.core.main.TestSuiteExecutor.execute(TestSuiteExecutor.java:91)
	at com.kms.katalon.core.main.TestCaseMain.startTestSuite(TestCaseMain.java:157)
	at com.kms.katalon.core.main.TestCaseMain$startTestSuite$0.call(Unknown Source)
	at TempTestSuite1576509930469.run(TempTestSuite1576509930469.groovy:36)
Caused by: com.kms.katalon.core.webui.exception.WebElementNotFoundException: Web element with id: 'Object Repository/object_accountInformation/a_TEST GABRIEL PROD' located by 'By.xpath: //div[@id='wrapper']/div/div/div/table/tbody/tr[2]/td[4]/a' not found
	at com.kms.katalon.core.webui.common.WebUiCommonHelper.findWebElement(WebUiCommonHelper.java:1113)
	at com.kms.katalon.core.webui.keyword.internal.WebUIAbstractKeyword.findWebElement(WebUIAbstractKeyword.groovy:27)
	at com.kms.katalon.core.webui.keyword.internal.WebUIAbstractKeyword.findWebElement(WebUIAbstractKeyword.groovy:26)
	at com.kms.katalon.core.webui.keyword.builtin.ClickKeyword$_click_closure1.doCall(ClickKeyword.groovy:68)
	at com.kms.katalon.core.webui.keyword.builtin.ClickKeyword$_click_closure1.call(ClickKeyword.groovy)
	at com.kms.katalon.core.webui.keyword.internal.WebUIKeywordMain.runKeyword(WebUIKeywordMain.groovy:20)
	... 19 more]]></system-err>
      </testcase>
      <testcase name="Test Cases/p4p_newReservationDaycare" time="27.588" classname="Test Cases/p4p_newReservationDaycare" status="ERROR">
         <error type="ERROR" message="Test Cases/p4p_newReservationDaycare FAILED.
Reason:
java.lang.ArrayIndexOutOfBoundsException: 7
	at p4p_newReservationDaycare.run(p4p_newReservationDaycare:63)
	at com.kms.katalon.core.main.ScriptEngine.run(ScriptEngine.java:194)
	at com.kms.katalon.core.main.ScriptEngine.runScriptAsRawText(ScriptEngine.java:119)
	at com.kms.katalon.core.main.TestCaseExecutor.runScript(TestCaseExecutor.java:337)
	at com.kms.katalon.core.main.TestCaseExecutor.doExecute(TestCaseExecutor.java:328)
	at com.kms.katalon.core.main.TestCaseExecutor.processExecutionPhase(TestCaseExecutor.java:307)
	at com.kms.katalon.core.main.TestCaseExecutor.accessMainPhase(TestCaseExecutor.java:299)
	at com.kms.katalon.core.main.TestCaseExecutor.execute(TestCaseExecutor.java:233)
	at com.kms.katalon.core.main.TestSuiteExecutor.accessTestCaseMainPhase(TestSuiteExecutor.java:169)
	at com.kms.katalon.core.main.TestSuiteExecutor.accessTestSuiteMainPhase(TestSuiteExecutor.java:142)
	at com.kms.katalon.core.main.TestSuiteExecutor.execute(TestSuiteExecutor.java:91)
	at com.kms.katalon.core.main.TestCaseMain.startTestSuite(TestCaseMain.java:157)
	at com.kms.katalon.core.main.TestCaseMain$startTestSuite$0.call(Unknown Source)
	at TempTestSuite1576509930469.run(TempTestSuite1576509930469.groovy:36)
"/>
         <system-out><![CDATA[2019-12-16 09:36:37 - [TEST_CASE][ERROR] - Test Cases/p4p_newReservationDaycare: Test Cases/p4p_newReservationDaycare FAILED.
Reason:
java.lang.ArrayIndexOutOfBoundsException: 7
	at p4p_newReservationDaycare.run(p4p_newReservationDaycare:63)
	at com.kms.katalon.core.main.ScriptEngine.run(ScriptEngine.java:194)
	at com.kms.katalon.core.main.ScriptEngine.runScriptAsRawText(ScriptEngine.java:119)
	at com.kms.katalon.core.main.TestCaseExecutor.runScript(TestCaseExecutor.java:337)
	at com.kms.katalon.core.main.TestCaseExecutor.doExecute(TestCaseExecutor.java:328)
	at com.kms.katalon.core.main.TestCaseExecutor.processExecutionPhase(TestCaseExecutor.java:307)
	at com.kms.katalon.core.main.TestCaseExecutor.accessMainPhase(TestCaseExecutor.java:299)
	at com.kms.katalon.core.main.TestCaseExecutor.execute(TestCaseExecutor.java:233)
	at com.kms.katalon.core.main.TestSuiteExecutor.accessTestCaseMainPhase(TestSuiteExecutor.java:169)
	at com.kms.katalon.core.main.TestSuiteExecutor.accessTestSuiteMainPhase(TestSuiteExecutor.java:142)
	at com.kms.katalon.core.main.TestSuiteExecutor.execute(TestSuiteExecutor.java:91)
	at com.kms.katalon.core.main.TestCaseMain.startTestSuite(TestCaseMain.java:157)
	at com.kms.katalon.core.main.TestCaseMain$startTestSuite$0.call(Unknown Source)
	at TempTestSuite1576509930469.run(TempTestSuite1576509930469.groovy:36)


2019-12-16 09:36:37 - [TEST_STEP][PASSED] - openBrowser("https://p4p-qa-bg.aws.paradise4paws.com/login/"): Browser is opened with url: 'https://p4p-qa-bg.aws.paradise4paws.com/login/'

2019-12-16 09:36:37 - [MESSAGE][WARNING] - A browser is already opened. Closing browser and opening a new one

2019-12-16 09:36:37 - [MESSAGE][INFO] - Starting 'Firefox' driver

2019-12-16 09:36:41 - [MESSAGE][PASSED] - Browser is opened with url: 'https://p4p-qa-bg.aws.paradise4paws.com/login/'

2019-12-16 09:36:41 - [TEST_STEP][PASSED] - setText(findTestObject("Object Repository/object_login/input_user"), var_user): Text 'jegchavez@gmail.com' is set on object 'Object Repository/object_login/input_user'

2019-12-16 09:36:42 - [MESSAGE][PASSED] - Text 'jegchavez@gmail.com' is set on object 'Object Repository/object_login/input_user'

2019-12-16 09:36:42 - [TEST_STEP][PASSED] - setText(findTestObject("Object Repository/object_login/input_pass"), var_pass): Text 'admin1' is set on object 'Object Repository/object_login/input_pass'

2019-12-16 09:36:43 - [MESSAGE][PASSED] - Text 'admin1' is set on object 'Object Repository/object_login/input_pass'

2019-12-16 09:36:43 - [TEST_STEP][PASSED] - delay(2): Delayed 2 second(s)

2019-12-16 09:36:45 - [MESSAGE][PASSED] - Delayed 2 second(s)

2019-12-16 09:36:45 - [TEST_STEP][PASSED] - verifyElementClickable(findTestObject("Object Repository/object_login/btn_login")): Object 'Object Repository/object_login/btn_login' is clickable

2019-12-16 09:36:45 - [MESSAGE][PASSED] - Object 'Object Repository/object_login/btn_login' is clickable

2019-12-16 09:36:45 - [TEST_STEP][PASSED] - click(findTestObject("Object Repository/object_login/btn_login")): Object: 'Object Repository/object_login/btn_login' is clicked on

2019-12-16 09:36:48 - [MESSAGE][PASSED] - Object: 'Object Repository/object_login/btn_login' is clicked on

2019-12-16 09:36:48 - [TEST_STEP][PASSED] - delay(2): Delayed 2 second(s)

2019-12-16 09:36:50 - [MESSAGE][PASSED] - Delayed 2 second(s)

2019-12-16 09:36:50 - [TEST_STEP][PASSED] - setText(findTestObject("Object Repository/object_dashboard_emp/input_search"), var_searchParent): Text 'leongarzagarza@hotmail.com' is set on object 'Object Repository/object_dashboard_emp/input_search'

2019-12-16 09:36:51 - [MESSAGE][PASSED] - Text 'leongarzagarza@hotmail.com' is set on object 'Object Repository/object_dashboard_emp/input_search'

2019-12-16 09:36:51 - [TEST_STEP][PASSED] - click(findTestObject("Object Repository/object_dashboard_emp/btn_accountSearch")): Object: 'Object Repository/object_dashboard_emp/btn_accountSearch' is clicked on

2019-12-16 09:36:52 - [MESSAGE][PASSED] - Object: 'Object Repository/object_dashboard_emp/btn_accountSearch' is clicked on

2019-12-16 09:36:52 - [TEST_STEP][PASSED] - delay(2): Delayed 2 second(s)

2019-12-16 09:36:54 - [MESSAGE][PASSED] - Delayed 2 second(s)

2019-12-16 09:36:54 - [TEST_STEP][PASSED] - click(findTestObject("Object Repository/object_accountInformation/a_TEST GABRIEL PROD")): Object: 'Object Repository/object_accountInformation/a_TEST GABRIEL PROD' is clicked on

2019-12-16 09:37:02 - [MESSAGE][PASSED] - Object: 'Object Repository/object_accountInformation/a_TEST GABRIEL PROD' is clicked on

2019-12-16 09:37:02 - [TEST_STEP][PASSED] - delay(2): Delayed 2 second(s)

2019-12-16 09:37:04 - [MESSAGE][PASSED] - Delayed 2 second(s)

2019-12-16 09:37:04 - [TEST_STEP][PASSED] - var_url = getUrl(): Current window's url is: 'https://p4p-qa-bg.aws.paradise4paws.com/accounts/?q=leongarzagarza@hotmail.com&facility_id=0&search_type=other'

2019-12-16 09:37:04 - [MESSAGE][PASSED] - Current window's url is: 'https://p4p-qa-bg.aws.paradise4paws.com/accounts/?q=leongarzagarza@hotmail.com&facility_id=0&search_type=other'

2019-12-16 09:37:04 - [TEST_STEP][PASSED] - log0 = new com.kms.katalon.core.logging.KeywordLogger(): null

2019-12-16 09:37:04 - [TEST_STEP][PASSED] - arrUrl = var_url.split("/"): null

2019-12-16 09:37:04 - [TEST_STEP][PASSED] - idParent = arrUrl[7]: null]]></system-out>
         <system-err><![CDATA[2019-12-16 09:36:37 - [TEST_CASE][ERROR] - Test Cases/p4p_newReservationDaycare: Test Cases/p4p_newReservationDaycare FAILED.
Reason:
java.lang.ArrayIndexOutOfBoundsException: 7
	at p4p_newReservationDaycare.run(p4p_newReservationDaycare:63)
	at com.kms.katalon.core.main.ScriptEngine.run(ScriptEngine.java:194)
	at com.kms.katalon.core.main.ScriptEngine.runScriptAsRawText(ScriptEngine.java:119)
	at com.kms.katalon.core.main.TestCaseExecutor.runScript(TestCaseExecutor.java:337)
	at com.kms.katalon.core.main.TestCaseExecutor.doExecute(TestCaseExecutor.java:328)
	at com.kms.katalon.core.main.TestCaseExecutor.processExecutionPhase(TestCaseExecutor.java:307)
	at com.kms.katalon.core.main.TestCaseExecutor.accessMainPhase(TestCaseExecutor.java:299)
	at com.kms.katalon.core.main.TestCaseExecutor.execute(TestCaseExecutor.java:233)
	at com.kms.katalon.core.main.TestSuiteExecutor.accessTestCaseMainPhase(TestSuiteExecutor.java:169)
	at com.kms.katalon.core.main.TestSuiteExecutor.accessTestSuiteMainPhase(TestSuiteExecutor.java:142)
	at com.kms.katalon.core.main.TestSuiteExecutor.execute(TestSuiteExecutor.java:91)
	at com.kms.katalon.core.main.TestCaseMain.startTestSuite(TestCaseMain.java:157)
	at com.kms.katalon.core.main.TestCaseMain$startTestSuite$0.call(Unknown Source)
	at TempTestSuite1576509930469.run(TempTestSuite1576509930469.groovy:36)]]></system-err>
      </testcase>
      <testcase name="Test Cases/p4p_newReservationDaycare" time="61.591" classname="Test Cases/p4p_newReservationDaycare" status="FAILED">
         <failure type="FAILED" message="Test Cases/p4p_newReservationDaycare FAILED.
Reason:
com.kms.katalon.core.exception.StepFailedException: Unable to set text 'leongarzagarza@hotmail.com' of object 'Object Repository/object_dashboard_emp/input_search'
	at com.kms.katalon.core.webui.keyword.internal.WebUIKeywordMain.stepFailed(WebUIKeywordMain.groovy:64)
	at com.kms.katalon.core.webui.keyword.internal.WebUIKeywordMain.runKeyword(WebUIKeywordMain.groovy:26)
	at com.kms.katalon.core.webui.keyword.builtin.SetTextKeyword.setText(SetTextKeyword.groovy:66)
	at com.kms.katalon.core.webui.keyword.builtin.SetTextKeyword.execute(SetTextKeyword.groovy:37)
	at com.kms.katalon.core.keyword.internal.KeywordExecutor.executeKeywordForPlatform(KeywordExecutor.groovy:60)
	at com.kms.katalon.core.webui.keyword.WebUiBuiltInKeywords.setText(WebUiBuiltInKeywords.groovy:950)
	at com.kms.katalon.core.webui.keyword.WebUiBuiltInKeywords$setText$0.call(Unknown Source)
	at p4p_newReservationDaycare.run(p4p_newReservationDaycare:47)
	at com.kms.katalon.core.main.ScriptEngine.run(ScriptEngine.java:194)
	at com.kms.katalon.core.main.ScriptEngine.runScriptAsRawText(ScriptEngine.java:119)
	at com.kms.katalon.core.main.TestCaseExecutor.runScript(TestCaseExecutor.java:337)
	at com.kms.katalon.core.main.TestCaseExecutor.doExecute(TestCaseExecutor.java:328)
	at com.kms.katalon.core.main.TestCaseExecutor.processExecutionPhase(TestCaseExecutor.java:307)
	at com.kms.katalon.core.main.TestCaseExecutor.accessMainPhase(TestCaseExecutor.java:299)
	at com.kms.katalon.core.main.TestCaseExecutor.execute(TestCaseExecutor.java:233)
	at com.kms.katalon.core.main.TestSuiteExecutor.accessTestCaseMainPhase(TestSuiteExecutor.java:169)
	at com.kms.katalon.core.main.TestSuiteExecutor.accessTestSuiteMainPhase(TestSuiteExecutor.java:142)
	at com.kms.katalon.core.main.TestSuiteExecutor.execute(TestSuiteExecutor.java:91)
	at com.kms.katalon.core.main.TestCaseMain.startTestSuite(TestCaseMain.java:157)
	at com.kms.katalon.core.main.TestCaseMain$startTestSuite$0.call(Unknown Source)
	at TempTestSuite1576509930469.run(TempTestSuite1576509930469.groovy:36)
Caused by: com.kms.katalon.core.webui.exception.WebElementNotFoundException: Web element with id: 'Object Repository/object_dashboard_emp/input_search' located by 'By.xpath: //input[@id='omnisearch']' not found
	at com.kms.katalon.core.webui.common.WebUiCommonHelper.findWebElement(WebUiCommonHelper.java:1113)
	at com.kms.katalon.core.webui.keyword.internal.WebUIAbstractKeyword.findWebElement(WebUIAbstractKeyword.groovy:27)
	at com.kms.katalon.core.webui.keyword.internal.WebUIAbstractKeyword.findWebElement(WebUIAbstractKeyword.groovy:26)
	at com.kms.katalon.core.webui.keyword.builtin.SetTextKeyword$_setText_closure1.doCall(SetTextKeyword.groovy:51)
	at com.kms.katalon.core.webui.keyword.builtin.SetTextKeyword$_setText_closure1.call(SetTextKeyword.groovy)
	at com.kms.katalon.core.webui.keyword.internal.WebUIKeywordMain.runKeyword(WebUIKeywordMain.groovy:20)
	... 19 more
"/>
         <system-out><![CDATA[2019-12-16 09:37:04 - [TEST_CASE][FAILED] - Test Cases/p4p_newReservationDaycare: Test Cases/p4p_newReservationDaycare FAILED.
Reason:
com.kms.katalon.core.exception.StepFailedException: Unable to set text 'leongarzagarza@hotmail.com' of object 'Object Repository/object_dashboard_emp/input_search'
	at com.kms.katalon.core.webui.keyword.internal.WebUIKeywordMain.stepFailed(WebUIKeywordMain.groovy:64)
	at com.kms.katalon.core.webui.keyword.internal.WebUIKeywordMain.runKeyword(WebUIKeywordMain.groovy:26)
	at com.kms.katalon.core.webui.keyword.builtin.SetTextKeyword.setText(SetTextKeyword.groovy:66)
	at com.kms.katalon.core.webui.keyword.builtin.SetTextKeyword.execute(SetTextKeyword.groovy:37)
	at com.kms.katalon.core.keyword.internal.KeywordExecutor.executeKeywordForPlatform(KeywordExecutor.groovy:60)
	at com.kms.katalon.core.webui.keyword.WebUiBuiltInKeywords.setText(WebUiBuiltInKeywords.groovy:950)
	at com.kms.katalon.core.webui.keyword.WebUiBuiltInKeywords$setText$0.call(Unknown Source)
	at p4p_newReservationDaycare.run(p4p_newReservationDaycare:47)
	at com.kms.katalon.core.main.ScriptEngine.run(ScriptEngine.java:194)
	at com.kms.katalon.core.main.ScriptEngine.runScriptAsRawText(ScriptEngine.java:119)
	at com.kms.katalon.core.main.TestCaseExecutor.runScript(TestCaseExecutor.java:337)
	at com.kms.katalon.core.main.TestCaseExecutor.doExecute(TestCaseExecutor.java:328)
	at com.kms.katalon.core.main.TestCaseExecutor.processExecutionPhase(TestCaseExecutor.java:307)
	at com.kms.katalon.core.main.TestCaseExecutor.accessMainPhase(TestCaseExecutor.java:299)
	at com.kms.katalon.core.main.TestCaseExecutor.execute(TestCaseExecutor.java:233)
	at com.kms.katalon.core.main.TestSuiteExecutor.accessTestCaseMainPhase(TestSuiteExecutor.java:169)
	at com.kms.katalon.core.main.TestSuiteExecutor.accessTestSuiteMainPhase(TestSuiteExecutor.java:142)
	at com.kms.katalon.core.main.TestSuiteExecutor.execute(TestSuiteExecutor.java:91)
	at com.kms.katalon.core.main.TestCaseMain.startTestSuite(TestCaseMain.java:157)
	at com.kms.katalon.core.main.TestCaseMain$startTestSuite$0.call(Unknown Source)
	at TempTestSuite1576509930469.run(TempTestSuite1576509930469.groovy:36)
Caused by: com.kms.katalon.core.webui.exception.WebElementNotFoundException: Web element with id: 'Object Repository/object_dashboard_emp/input_search' located by 'By.xpath: //input[@id='omnisearch']' not found
	at com.kms.katalon.core.webui.common.WebUiCommonHelper.findWebElement(WebUiCommonHelper.java:1113)
	at com.kms.katalon.core.webui.keyword.internal.WebUIAbstractKeyword.findWebElement(WebUIAbstractKeyword.groovy:27)
	at com.kms.katalon.core.webui.keyword.internal.WebUIAbstractKeyword.findWebElement(WebUIAbstractKeyword.groovy:26)
	at com.kms.katalon.core.webui.keyword.builtin.SetTextKeyword$_setText_closure1.doCall(SetTextKeyword.groovy:51)
	at com.kms.katalon.core.webui.keyword.builtin.SetTextKeyword$_setText_closure1.call(SetTextKeyword.groovy)
	at com.kms.katalon.core.webui.keyword.internal.WebUIKeywordMain.runKeyword(WebUIKeywordMain.groovy:20)
	... 19 more


2019-12-16 09:37:04 - [TEST_STEP][PASSED] - openBrowser("https://p4p-qa-bg.aws.paradise4paws.com/login/"): Browser is opened with url: 'https://p4p-qa-bg.aws.paradise4paws.com/login/'

2019-12-16 09:37:04 - [MESSAGE][WARNING] - A browser is already opened. Closing browser and opening a new one

2019-12-16 09:37:08 - [MESSAGE][INFO] - Starting 'Firefox' driver

2019-12-16 09:37:13 - [MESSAGE][PASSED] - Browser is opened with url: 'https://p4p-qa-bg.aws.paradise4paws.com/login/'

2019-12-16 09:37:13 - [TEST_STEP][PASSED] - setText(findTestObject("Object Repository/object_login/input_user"), var_user): Text 'jegchavez@gmail.com' is set on object 'Object Repository/object_login/input_user'

2019-12-16 09:37:15 - [MESSAGE][PASSED] - Text 'jegchavez@gmail.com' is set on object 'Object Repository/object_login/input_user'

2019-12-16 09:37:15 - [TEST_STEP][PASSED] - setText(findTestObject("Object Repository/object_login/input_pass"), var_pass): Text 'admin1' is set on object 'Object Repository/object_login/input_pass'

2019-12-16 09:37:17 - [MESSAGE][PASSED] - Text 'admin1' is set on object 'Object Repository/object_login/input_pass'

2019-12-16 09:37:17 - [TEST_STEP][PASSED] - delay(2): Delayed 2 second(s)

2019-12-16 09:37:19 - [MESSAGE][PASSED] - Delayed 2 second(s)

2019-12-16 09:37:19 - [TEST_STEP][PASSED] - verifyElementClickable(findTestObject("Object Repository/object_login/btn_login")): Object 'Object Repository/object_login/btn_login' is clickable

2019-12-16 09:37:21 - [MESSAGE][PASSED] - Object 'Object Repository/object_login/btn_login' is clickable

2019-12-16 09:37:21 - [TEST_STEP][PASSED] - click(findTestObject("Object Repository/object_login/btn_login")): Object: 'Object Repository/object_login/btn_login' is clicked on

2019-12-16 09:37:24 - [MESSAGE][PASSED] - Object: 'Object Repository/object_login/btn_login' is clicked on

2019-12-16 09:37:24 - [TEST_STEP][PASSED] - delay(2): Delayed 2 second(s)

2019-12-16 09:37:26 - [MESSAGE][PASSED] - Delayed 2 second(s)

2019-12-16 09:37:26 - [TEST_STEP][FAILED] - setText(findTestObject("Object Repository/object_dashboard_emp/input_search"), var_searchParent): Unable to set text 'leongarzagarza@hotmail.com' of object 'Object Repository/object_dashboard_emp/input_search' (Root cause: com.kms.katalon.core.exception.StepFailedException: Unable to set text 'leongarzagarza@hotmail.com' of object 'Object Repository/object_dashboard_emp/input_search'
	at com.kms.katalon.core.webui.keyword.internal.WebUIKeywordMain.stepFailed(WebUIKeywordMain.groovy:64)
	at com.kms.katalon.core.webui.keyword.internal.WebUIKeywordMain.runKeyword(WebUIKeywordMain.groovy:26)
	at com.kms.katalon.core.webui.keyword.builtin.SetTextKeyword.setText(SetTextKeyword.groovy:66)
	at com.kms.katalon.core.webui.keyword.builtin.SetTextKeyword.execute(SetTextKeyword.groovy:37)
	at com.kms.katalon.core.keyword.internal.KeywordExecutor.executeKeywordForPlatform(KeywordExecutor.groovy:60)
	at com.kms.katalon.core.webui.keyword.WebUiBuiltInKeywords.setText(WebUiBuiltInKeywords.groovy:950)
	at com.kms.katalon.core.webui.keyword.WebUiBuiltInKeywords$setText$0.call(Unknown Source)
	at p4p_newReservationDaycare.run(p4p_newReservationDaycare:47)
	at com.kms.katalon.core.main.ScriptEngine.run(ScriptEngine.java:194)
	at com.kms.katalon.core.main.ScriptEngine.runScriptAsRawText(ScriptEngine.java:119)
	at com.kms.katalon.core.main.TestCaseExecutor.runScript(TestCaseExecutor.java:337)
	at com.kms.katalon.core.main.TestCaseExecutor.doExecute(TestCaseExecutor.java:328)
	at com.kms.katalon.core.main.TestCaseExecutor.processExecutionPhase(TestCaseExecutor.java:307)
	at com.kms.katalon.core.main.TestCaseExecutor.accessMainPhase(TestCaseExecutor.java:299)
	at com.kms.katalon.core.main.TestCaseExecutor.execute(TestCaseExecutor.java:233)
	at com.kms.katalon.core.main.TestSuiteExecutor.accessTestCaseMainPhase(TestSuiteExecutor.java:169)
	at com.kms.katalon.core.main.TestSuiteExecutor.accessTestSuiteMainPhase(TestSuiteExecutor.java:142)
	at com.kms.katalon.core.main.TestSuiteExecutor.execute(TestSuiteExecutor.java:91)
	at com.kms.katalon.core.main.TestCaseMain.startTestSuite(TestCaseMain.java:157)
	at com.kms.katalon.core.main.TestCaseMain$startTestSuite$0.call(Unknown Source)
	at TempTestSuite1576509930469.run(TempTestSuite1576509930469.groovy:36)
Caused by: com.kms.katalon.core.webui.exception.WebElementNotFoundException: Web element with id: 'Object Repository/object_dashboard_emp/input_search' located by 'By.xpath: //input[@id='omnisearch']' not found
	at com.kms.katalon.core.webui.common.WebUiCommonHelper.findWebElement(WebUiCommonHelper.java:1113)
	at com.kms.katalon.core.webui.keyword.internal.WebUIAbstractKeyword.findWebElement(WebUIAbstractKeyword.groovy:27)
	at com.kms.katalon.core.webui.keyword.internal.WebUIAbstractKeyword.findWebElement(WebUIAbstractKeyword.groovy:26)
	at com.kms.katalon.core.webui.keyword.builtin.SetTextKeyword$_setText_closure1.doCall(SetTextKeyword.groovy:51)
	at com.kms.katalon.core.webui.keyword.builtin.SetTextKeyword$_setText_closure1.call(SetTextKeyword.groovy)
	at com.kms.katalon.core.webui.keyword.internal.WebUIKeywordMain.runKeyword(WebUIKeywordMain.groovy:20)
	at com.kms.katalon.core.webui.keyword.builtin.SetTextKeyword.setText(SetTextKeyword.groovy:66)
	at com.kms.katalon.core.webui.keyword.builtin.SetTextKeyword.execute(SetTextKeyword.groovy:37)
	at com.kms.katalon.core.keyword.internal.KeywordExecutor.executeKeywordForPlatform(KeywordExecutor.groovy:60)
	at com.kms.katalon.core.webui.keyword.WebUiBuiltInKeywords.setText(WebUiBuiltInKeywords.groovy:950)
	at com.kms.katalon.core.webui.keyword.WebUiBuiltInKeywords$setText$0.call(Unknown Source)
	at Script1576482965057.run(Script1576482965057.groovy:47)
	... 13 more
)

2019-12-16 09:38:06 - [MESSAGE][INFO] - Unable to find the element located by 'By.xpath: //input[@id='omnisearch']'. Please recheck the objects properties to make sure the desired element is located. 

2019-12-16 09:38:06 - [MESSAGE][FAILED] - Unable to set text 'leongarzagarza@hotmail.com' of object 'Object Repository/object_dashboard_emp/input_search' (Root cause: com.kms.katalon.core.exception.StepFailedException: Unable to set text 'leongarzagarza@hotmail.com' of object 'Object Repository/object_dashboard_emp/input_search'
	at com.kms.katalon.core.webui.keyword.internal.WebUIKeywordMain.stepFailed(WebUIKeywordMain.groovy:64)
	at com.kms.katalon.core.webui.keyword.internal.WebUIKeywordMain.runKeyword(WebUIKeywordMain.groovy:26)
	at com.kms.katalon.core.webui.keyword.builtin.SetTextKeyword.setText(SetTextKeyword.groovy:66)
	at com.kms.katalon.core.webui.keyword.builtin.SetTextKeyword.execute(SetTextKeyword.groovy:37)
	at com.kms.katalon.core.keyword.internal.KeywordExecutor.executeKeywordForPlatform(KeywordExecutor.groovy:60)
	at com.kms.katalon.core.webui.keyword.WebUiBuiltInKeywords.setText(WebUiBuiltInKeywords.groovy:950)
	at com.kms.katalon.core.webui.keyword.WebUiBuiltInKeywords$setText$0.call(Unknown Source)
	at p4p_newReservationDaycare.run(p4p_newReservationDaycare:47)
	at com.kms.katalon.core.main.ScriptEngine.run(ScriptEngine.java:194)
	at com.kms.katalon.core.main.ScriptEngine.runScriptAsRawText(ScriptEngine.java:119)
	at com.kms.katalon.core.main.TestCaseExecutor.runScript(TestCaseExecutor.java:337)
	at com.kms.katalon.core.main.TestCaseExecutor.doExecute(TestCaseExecutor.java:328)
	at com.kms.katalon.core.main.TestCaseExecutor.processExecutionPhase(TestCaseExecutor.java:307)
	at com.kms.katalon.core.main.TestCaseExecutor.accessMainPhase(TestCaseExecutor.java:299)
	at com.kms.katalon.core.main.TestCaseExecutor.execute(TestCaseExecutor.java:233)
	at com.kms.katalon.core.main.TestSuiteExecutor.accessTestCaseMainPhase(TestSuiteExecutor.java:169)
	at com.kms.katalon.core.main.TestSuiteExecutor.accessTestSuiteMainPhase(TestSuiteExecutor.java:142)
	at com.kms.katalon.core.main.TestSuiteExecutor.execute(TestSuiteExecutor.java:91)
	at com.kms.katalon.core.main.TestCaseMain.startTestSuite(TestCaseMain.java:157)
	at com.kms.katalon.core.main.TestCaseMain$startTestSuite$0.call(Unknown Source)
	at TempTestSuite1576509930469.run(TempTestSuite1576509930469.groovy:36)
Caused by: com.kms.katalon.core.webui.exception.WebElementNotFoundException: Web element with id: 'Object Repository/object_dashboard_emp/input_search' located by 'By.xpath: //input[@id='omnisearch']' not found
	at com.kms.katalon.core.webui.common.WebUiCommonHelper.findWebElement(WebUiCommonHelper.java:1113)
	at com.kms.katalon.core.webui.keyword.internal.WebUIAbstractKeyword.findWebElement(WebUIAbstractKeyword.groovy:27)
	at com.kms.katalon.core.webui.keyword.internal.WebUIAbstractKeyword.findWebElement(WebUIAbstractKeyword.groovy:26)
	at com.kms.katalon.core.webui.keyword.builtin.SetTextKeyword$_setText_closure1.doCall(SetTextKeyword.groovy:51)
	at com.kms.katalon.core.webui.keyword.builtin.SetTextKeyword$_setText_closure1.call(SetTextKeyword.groovy)
	at com.kms.katalon.core.webui.keyword.internal.WebUIKeywordMain.runKeyword(WebUIKeywordMain.groovy:20)
	at com.kms.katalon.core.webui.keyword.builtin.SetTextKeyword.setText(SetTextKeyword.groovy:66)
	at com.kms.katalon.core.webui.keyword.builtin.SetTextKeyword.execute(SetTextKeyword.groovy:37)
	at com.kms.katalon.core.keyword.internal.KeywordExecutor.executeKeywordForPlatform(KeywordExecutor.groovy:60)
	at com.kms.katalon.core.webui.keyword.WebUiBuiltInKeywords.setText(WebUiBuiltInKeywords.groovy:950)
	at com.kms.katalon.core.webui.keyword.WebUiBuiltInKeywords$setText$0.call(Unknown Source)
	at Script1576482965057.run(Script1576482965057.groovy:47)
	... 13 more
)
[[ATTACHMENT|/home/leonardo-arkusmty/Documents/workspaceKatalon/p4ptest/Reports/20191216_092530/ts_newReservationDaycare/20191216_092530/1576510686281.png]]]]></system-out>
         <system-err><![CDATA[2019-12-16 09:37:04 - [TEST_CASE][FAILED] - Test Cases/p4p_newReservationDaycare: Test Cases/p4p_newReservationDaycare FAILED.
Reason:
com.kms.katalon.core.exception.StepFailedException: Unable to set text 'leongarzagarza@hotmail.com' of object 'Object Repository/object_dashboard_emp/input_search'
	at com.kms.katalon.core.webui.keyword.internal.WebUIKeywordMain.stepFailed(WebUIKeywordMain.groovy:64)
	at com.kms.katalon.core.webui.keyword.internal.WebUIKeywordMain.runKeyword(WebUIKeywordMain.groovy:26)
	at com.kms.katalon.core.webui.keyword.builtin.SetTextKeyword.setText(SetTextKeyword.groovy:66)
	at com.kms.katalon.core.webui.keyword.builtin.SetTextKeyword.execute(SetTextKeyword.groovy:37)
	at com.kms.katalon.core.keyword.internal.KeywordExecutor.executeKeywordForPlatform(KeywordExecutor.groovy:60)
	at com.kms.katalon.core.webui.keyword.WebUiBuiltInKeywords.setText(WebUiBuiltInKeywords.groovy:950)
	at com.kms.katalon.core.webui.keyword.WebUiBuiltInKeywords$setText$0.call(Unknown Source)
	at p4p_newReservationDaycare.run(p4p_newReservationDaycare:47)
	at com.kms.katalon.core.main.ScriptEngine.run(ScriptEngine.java:194)
	at com.kms.katalon.core.main.ScriptEngine.runScriptAsRawText(ScriptEngine.java:119)
	at com.kms.katalon.core.main.TestCaseExecutor.runScript(TestCaseExecutor.java:337)
	at com.kms.katalon.core.main.TestCaseExecutor.doExecute(TestCaseExecutor.java:328)
	at com.kms.katalon.core.main.TestCaseExecutor.processExecutionPhase(TestCaseExecutor.java:307)
	at com.kms.katalon.core.main.TestCaseExecutor.accessMainPhase(TestCaseExecutor.java:299)
	at com.kms.katalon.core.main.TestCaseExecutor.execute(TestCaseExecutor.java:233)
	at com.kms.katalon.core.main.TestSuiteExecutor.accessTestCaseMainPhase(TestSuiteExecutor.java:169)
	at com.kms.katalon.core.main.TestSuiteExecutor.accessTestSuiteMainPhase(TestSuiteExecutor.java:142)
	at com.kms.katalon.core.main.TestSuiteExecutor.execute(TestSuiteExecutor.java:91)
	at com.kms.katalon.core.main.TestCaseMain.startTestSuite(TestCaseMain.java:157)
	at com.kms.katalon.core.main.TestCaseMain$startTestSuite$0.call(Unknown Source)
	at TempTestSuite1576509930469.run(TempTestSuite1576509930469.groovy:36)
Caused by: com.kms.katalon.core.webui.exception.WebElementNotFoundException: Web element with id: 'Object Repository/object_dashboard_emp/input_search' located by 'By.xpath: //input[@id='omnisearch']' not found
	at com.kms.katalon.core.webui.common.WebUiCommonHelper.findWebElement(WebUiCommonHelper.java:1113)
	at com.kms.katalon.core.webui.keyword.internal.WebUIAbstractKeyword.findWebElement(WebUIAbstractKeyword.groovy:27)
	at com.kms.katalon.core.webui.keyword.internal.WebUIAbstractKeyword.findWebElement(WebUIAbstractKeyword.groovy:26)
	at com.kms.katalon.core.webui.keyword.builtin.SetTextKeyword$_setText_closure1.doCall(SetTextKeyword.groovy:51)
	at com.kms.katalon.core.webui.keyword.builtin.SetTextKeyword$_setText_closure1.call(SetTextKeyword.groovy)
	at com.kms.katalon.core.webui.keyword.internal.WebUIKeywordMain.runKeyword(WebUIKeywordMain.groovy:20)
	... 19 more]]></system-err>
      </testcase>
      <testcase name="Test Cases/p4p_newReservationDaycare" time="342.972" classname="Test Cases/p4p_newReservationDaycare" status="FAILED">
         <failure type="FAILED" message="Test Cases/p4p_newReservationDaycare FAILED.
Reason:
com.kms.katalon.core.exception.StepFailedException: Unable to click on object 'Object Repository/object_reservation/button_Return To Reservation'
	at com.kms.katalon.core.webui.keyword.internal.WebUIKeywordMain.stepFailed(WebUIKeywordMain.groovy:64)
	at com.kms.katalon.core.webui.keyword.internal.WebUIKeywordMain.runKeyword(WebUIKeywordMain.groovy:26)
	at com.kms.katalon.core.webui.keyword.builtin.ClickKeyword.click(ClickKeyword.groovy:99)
	at com.kms.katalon.core.webui.keyword.builtin.ClickKeyword.execute(ClickKeyword.groovy:43)
	at com.kms.katalon.core.keyword.internal.KeywordExecutor.executeKeywordForPlatform(KeywordExecutor.groovy:60)
	at com.kms.katalon.core.webui.keyword.WebUiBuiltInKeywords.click(WebUiBuiltInKeywords.groovy:616)
	at com.kms.katalon.core.webui.keyword.WebUiBuiltInKeywords$click$2.call(Unknown Source)
	at p4p_newReservationDaycare.run(p4p_newReservationDaycare:603)
	at com.kms.katalon.core.main.ScriptEngine.run(ScriptEngine.java:194)
	at com.kms.katalon.core.main.ScriptEngine.runScriptAsRawText(ScriptEngine.java:119)
	at com.kms.katalon.core.main.TestCaseExecutor.runScript(TestCaseExecutor.java:337)
	at com.kms.katalon.core.main.TestCaseExecutor.doExecute(TestCaseExecutor.java:328)
	at com.kms.katalon.core.main.TestCaseExecutor.processExecutionPhase(TestCaseExecutor.java:307)
	at com.kms.katalon.core.main.TestCaseExecutor.accessMainPhase(TestCaseExecutor.java:299)
	at com.kms.katalon.core.main.TestCaseExecutor.execute(TestCaseExecutor.java:233)
	at com.kms.katalon.core.main.TestSuiteExecutor.accessTestCaseMainPhase(TestSuiteExecutor.java:169)
	at com.kms.katalon.core.main.TestSuiteExecutor.accessTestSuiteMainPhase(TestSuiteExecutor.java:142)
	at com.kms.katalon.core.main.TestSuiteExecutor.execute(TestSuiteExecutor.java:91)
	at com.kms.katalon.core.main.TestCaseMain.startTestSuite(TestCaseMain.java:157)
	at com.kms.katalon.core.main.TestCaseMain$startTestSuite$0.call(Unknown Source)
	at TempTestSuite1576509930469.run(TempTestSuite1576509930469.groovy:36)
Caused by: com.kms.katalon.core.webui.exception.WebElementNotFoundException: Web element with id: 'Object Repository/object_reservation/button_Return To Reservation' located by 'By.xpath: (//button[@type='button'])[13]' not found
	at com.kms.katalon.core.webui.common.WebUiCommonHelper.findWebElement(WebUiCommonHelper.java:1113)
	at com.kms.katalon.core.webui.keyword.internal.WebUIAbstractKeyword.findWebElement(WebUIAbstractKeyword.groovy:27)
	at com.kms.katalon.core.webui.keyword.internal.WebUIAbstractKeyword.findWebElement(WebUIAbstractKeyword.groovy:26)
	at com.kms.katalon.core.webui.keyword.builtin.ClickKeyword$_click_closure1.doCall(ClickKeyword.groovy:68)
	at com.kms.katalon.core.webui.keyword.builtin.ClickKeyword$_click_closure1.call(ClickKeyword.groovy)
	at com.kms.katalon.core.webui.keyword.internal.WebUIKeywordMain.runKeyword(WebUIKeywordMain.groovy:20)
	... 19 more
"/>
         <system-out><![CDATA[2019-12-16 09:38:06 - [TEST_CASE][FAILED] - Test Cases/p4p_newReservationDaycare: Test Cases/p4p_newReservationDaycare FAILED.
Reason:
com.kms.katalon.core.exception.StepFailedException: Unable to click on object 'Object Repository/object_reservation/button_Return To Reservation'
	at com.kms.katalon.core.webui.keyword.internal.WebUIKeywordMain.stepFailed(WebUIKeywordMain.groovy:64)
	at com.kms.katalon.core.webui.keyword.internal.WebUIKeywordMain.runKeyword(WebUIKeywordMain.groovy:26)
	at com.kms.katalon.core.webui.keyword.builtin.ClickKeyword.click(ClickKeyword.groovy:99)
	at com.kms.katalon.core.webui.keyword.builtin.ClickKeyword.execute(ClickKeyword.groovy:43)
	at com.kms.katalon.core.keyword.internal.KeywordExecutor.executeKeywordForPlatform(KeywordExecutor.groovy:60)
	at com.kms.katalon.core.webui.keyword.WebUiBuiltInKeywords.click(WebUiBuiltInKeywords.groovy:616)
	at com.kms.katalon.core.webui.keyword.WebUiBuiltInKeywords$click$2.call(Unknown Source)
	at p4p_newReservationDaycare.run(p4p_newReservationDaycare:603)
	at com.kms.katalon.core.main.ScriptEngine.run(ScriptEngine.java:194)
	at com.kms.katalon.core.main.ScriptEngine.runScriptAsRawText(ScriptEngine.java:119)
	at com.kms.katalon.core.main.TestCaseExecutor.runScript(TestCaseExecutor.java:337)
	at com.kms.katalon.core.main.TestCaseExecutor.doExecute(TestCaseExecutor.java:328)
	at com.kms.katalon.core.main.TestCaseExecutor.processExecutionPhase(TestCaseExecutor.java:307)
	at com.kms.katalon.core.main.TestCaseExecutor.accessMainPhase(TestCaseExecutor.java:299)
	at com.kms.katalon.core.main.TestCaseExecutor.execute(TestCaseExecutor.java:233)
	at com.kms.katalon.core.main.TestSuiteExecutor.accessTestCaseMainPhase(TestSuiteExecutor.java:169)
	at com.kms.katalon.core.main.TestSuiteExecutor.accessTestSuiteMainPhase(TestSuiteExecutor.java:142)
	at com.kms.katalon.core.main.TestSuiteExecutor.execute(TestSuiteExecutor.java:91)
	at com.kms.katalon.core.main.TestCaseMain.startTestSuite(TestCaseMain.java:157)
	at com.kms.katalon.core.main.TestCaseMain$startTestSuite$0.call(Unknown Source)
	at TempTestSuite1576509930469.run(TempTestSuite1576509930469.groovy:36)
Caused by: com.kms.katalon.core.webui.exception.WebElementNotFoundException: Web element with id: 'Object Repository/object_reservation/button_Return To Reservation' located by 'By.xpath: (//button[@type='button'])[13]' not found
	at com.kms.katalon.core.webui.common.WebUiCommonHelper.findWebElement(WebUiCommonHelper.java:1113)
	at com.kms.katalon.core.webui.keyword.internal.WebUIAbstractKeyword.findWebElement(WebUIAbstractKeyword.groovy:27)
	at com.kms.katalon.core.webui.keyword.internal.WebUIAbstractKeyword.findWebElement(WebUIAbstractKeyword.groovy:26)
	at com.kms.katalon.core.webui.keyword.builtin.ClickKeyword$_click_closure1.doCall(ClickKeyword.groovy:68)
	at com.kms.katalon.core.webui.keyword.builtin.ClickKeyword$_click_closure1.call(ClickKeyword.groovy)
	at com.kms.katalon.core.webui.keyword.internal.WebUIKeywordMain.runKeyword(WebUIKeywordMain.groovy:20)
	... 19 more


2019-12-16 09:38:06 - [TEST_STEP][PASSED] - openBrowser("https://p4p-qa-bg.aws.paradise4paws.com/login/"): Browser is opened with url: 'https://p4p-qa-bg.aws.paradise4paws.com/login/'

2019-12-16 09:38:06 - [MESSAGE][WARNING] - A browser is already opened. Closing browser and opening a new one

2019-12-16 09:38:07 - [MESSAGE][INFO] - Starting 'Firefox' driver

2019-12-16 09:38:10 - [MESSAGE][PASSED] - Browser is opened with url: 'https://p4p-qa-bg.aws.paradise4paws.com/login/'

2019-12-16 09:38:10 - [TEST_STEP][PASSED] - setText(findTestObject("Object Repository/object_login/input_user"), var_user): Text 'jegchavez@gmail.com' is set on object 'Object Repository/object_login/input_user'

2019-12-16 09:38:11 - [MESSAGE][PASSED] - Text 'jegchavez@gmail.com' is set on object 'Object Repository/object_login/input_user'

2019-12-16 09:38:11 - [TEST_STEP][PASSED] - setText(findTestObject("Object Repository/object_login/input_pass"), var_pass): Text 'admin1' is set on object 'Object Repository/object_login/input_pass'

2019-12-16 09:38:11 - [MESSAGE][PASSED] - Text 'admin1' is set on object 'Object Repository/object_login/input_pass'

2019-12-16 09:38:11 - [TEST_STEP][PASSED] - delay(2): Delayed 2 second(s)

2019-12-16 09:38:13 - [MESSAGE][PASSED] - Delayed 2 second(s)

2019-12-16 09:38:13 - [TEST_STEP][PASSED] - verifyElementClickable(findTestObject("Object Repository/object_login/btn_login")): Object 'Object Repository/object_login/btn_login' is clickable

2019-12-16 09:38:14 - [MESSAGE][PASSED] - Object 'Object Repository/object_login/btn_login' is clickable

2019-12-16 09:38:14 - [TEST_STEP][PASSED] - click(findTestObject("Object Repository/object_login/btn_login")): Object: 'Object Repository/object_login/btn_login' is clicked on

2019-12-16 09:38:17 - [MESSAGE][PASSED] - Object: 'Object Repository/object_login/btn_login' is clicked on

2019-12-16 09:38:17 - [TEST_STEP][PASSED] - delay(2): Delayed 2 second(s)

2019-12-16 09:38:19 - [MESSAGE][PASSED] - Delayed 2 second(s)

2019-12-16 09:38:19 - [TEST_STEP][PASSED] - setText(findTestObject("Object Repository/object_dashboard_emp/input_search"), var_searchParent): Text 'leongarzagarza@hotmail.com' is set on object 'Object Repository/object_dashboard_emp/input_search'

2019-12-16 09:38:19 - [MESSAGE][PASSED] - Text 'leongarzagarza@hotmail.com' is set on object 'Object Repository/object_dashboard_emp/input_search'

2019-12-16 09:38:19 - [TEST_STEP][PASSED] - click(findTestObject("Object Repository/object_dashboard_emp/btn_accountSearch")): Object: 'Object Repository/object_dashboard_emp/btn_accountSearch' is clicked on

2019-12-16 09:38:21 - [MESSAGE][PASSED] - Object: 'Object Repository/object_dashboard_emp/btn_accountSearch' is clicked on

2019-12-16 09:38:21 - [TEST_STEP][PASSED] - delay(2): Delayed 2 second(s)

2019-12-16 09:38:23 - [MESSAGE][PASSED] - Delayed 2 second(s)

2019-12-16 09:38:23 - [TEST_STEP][PASSED] - click(findTestObject("Object Repository/object_accountInformation/a_TEST GABRIEL PROD")): Object: 'Object Repository/object_accountInformation/a_TEST GABRIEL PROD' is clicked on

2019-12-16 09:38:27 - [MESSAGE][PASSED] - Object: 'Object Repository/object_accountInformation/a_TEST GABRIEL PROD' is clicked on

2019-12-16 09:38:27 - [TEST_STEP][PASSED] - delay(2): Delayed 2 second(s)

2019-12-16 09:38:29 - [MESSAGE][PASSED] - Delayed 2 second(s)

2019-12-16 09:38:29 - [TEST_STEP][PASSED] - var_url = getUrl(): Current window's url is: 'https://p4p-qa-bg.aws.paradise4paws.com/accounts/profile/#/reservations/122350/'

2019-12-16 09:38:29 - [MESSAGE][PASSED] - Current window's url is: 'https://p4p-qa-bg.aws.paradise4paws.com/accounts/profile/#/reservations/122350/'

2019-12-16 09:38:29 - [TEST_STEP][PASSED] - log0 = new com.kms.katalon.core.logging.KeywordLogger(): null

2019-12-16 09:38:29 - [TEST_STEP][PASSED] - arrUrl = var_url.split("/"): null

2019-12-16 09:38:29 - [TEST_STEP][PASSED] - idParent = arrUrl[7]: null

2019-12-16 09:38:29 - [TEST_STEP][PASSED] - click(findTestObject("Object Repository/object_profile/a_addReservation")): Object: 'Object Repository/object_profile/a_addReservation' is clicked on

2019-12-16 09:38:30 - [MESSAGE][PASSED] - Object: 'Object Repository/object_profile/a_addReservation' is clicked on

2019-12-16 09:38:30 - [TEST_STEP][PASSED] - delay(2): Delayed 2 second(s)

2019-12-16 09:38:32 - [MESSAGE][PASSED] - Delayed 2 second(s)

2019-12-16 09:38:32 - [TEST_STEP][PASSED] - flagBoar = "0": null

2019-12-16 09:38:32 - [TEST_STEP][PASSED] - log = new com.kms.katalon.core.logging.KeywordLogger(): null

2019-12-16 09:38:32 - [TEST_STEP][PASSED] - if (var_typeReserveation == "Boarding"): null

2019-12-16 09:38:32 - [TEST_STEP][PASSED] - else if (var_typeReserveation == "Daycare"): Object: 'Object Repository/object_reservation/btn_Daycare' is clicked on

2019-12-16 09:38:32 - [TEST_STEP][PASSED] - flagBoar = "2": null

2019-12-16 09:38:32 - [TEST_STEP][PASSED] - click(findTestObject("object_reservation/btn_Daycare")): Object: 'Object Repository/object_reservation/btn_Daycare' is clicked on

2019-12-16 09:38:33 - [MESSAGE][PASSED] - Object: 'Object Repository/object_reservation/btn_Daycare' is clicked on

2019-12-16 09:38:33 - [TEST_STEP][PASSED] - click(findTestObject("Object Repository/object_reservation/i_location")): Object: 'Object Repository/object_reservation/i_location' is clicked on

2019-12-16 09:38:35 - [MESSAGE][PASSED] - Object: 'Object Repository/object_reservation/i_location' is clicked on

2019-12-16 09:38:35 - [TEST_STEP][PASSED] - switch (var_idFacility): null

2019-12-16 09:38:35 - [TEST_STEP][PASSED] - dateCI = var_checkinD.split(","): null

2019-12-16 09:38:35 - [TEST_STEP][PASSED] - dateCO = var_checkoutD.split(","): null

2019-12-16 09:38:35 - [TEST_STEP][PASSED] - arryPets = var_pets.split(","): null

2019-12-16 09:38:35 - [TEST_STEP][PASSED] - delay(2): Delayed 2 second(s)

2019-12-16 09:38:37 - [MESSAGE][PASSED] - Delayed 2 second(s)

2019-12-16 09:38:37 - [TEST_STEP][PASSED] - if (var_repeting == "Y"): All options with value '3' are selected in object 'Object Repository/object_reservation/Page_Paradise 4 Paws  Dog Boarding Cat Boar_cfde7f/select_DailyWeeklyMonthlyOther'  using regular expression

2019-12-16 09:38:37 - [TEST_STEP][PASSED] - click(findTestObject("Object Repository/object_reservation/checkbox_repeating")): Object: 'Object Repository/object_reservation/checkbox_repeating' is clicked on

2019-12-16 09:38:38 - [MESSAGE][PASSED] - Object: 'Object Repository/object_reservation/checkbox_repeating' is clicked on

2019-12-16 09:38:38 - [TEST_STEP][PASSED] - if (var_repeatingEvery == "Weekly"): null

2019-12-16 09:38:38 - [TEST_STEP][PASSED] - else if (var_repeatingEvery == "Monthly"): All options with value '3' are selected in object 'Object Repository/object_reservation/Page_Paradise 4 Paws  Dog Boarding Cat Boar_cfde7f/select_DailyWeeklyMonthlyOther'  using regular expression

2019-12-16 09:38:38 - [TEST_STEP][PASSED] - selectOptionByValue(findTestObject("Object Repository/object_reservation/Page_Paradise 4 Paws  Dog Boarding Cat Boar_cfde7f/select_DailyWeeklyMonthlyOther"), "3", true): All options with value '3' are selected in object 'Object Repository/object_reservation/Page_Paradise 4 Paws  Dog Boarding Cat Boar_cfde7f/select_DailyWeeklyMonthlyOther'  using regular expression

2019-12-16 09:38:39 - [MESSAGE][PASSED] - All options with value '3' are selected in object 'Object Repository/object_reservation/Page_Paradise 4 Paws  Dog Boarding Cat Boar_cfde7f/select_DailyWeeklyMonthlyOther'  using regular expression

2019-12-16 09:38:39 - [TEST_STEP][PASSED] - click(findTestObject("Object Repository/object_reservation/dateCheckIn")): Object: 'Object Repository/object_reservation/dateCheckIn' is clicked on

2019-12-16 09:38:40 - [MESSAGE][PASSED] - Object: 'Object Repository/object_reservation/dateCheckIn' is clicked on

2019-12-16 09:38:40 - [TEST_STEP][PASSED] - stringCI2020 = "0": null

2019-12-16 09:38:40 - [TEST_STEP][PASSED] - stringCO2020 = "0": null

2019-12-16 09:38:40 - [TEST_STEP][PASSED] - if (dateCI[0] == "16" && dateCI[1] == "01" && dateCI[2] == "2020"): null

2019-12-16 09:38:40 - [TEST_STEP][PASSED] - if (dateCI[0] == "18" && dateCI[1] == "02" && dateCI[2] == "2020"): null

2019-12-16 09:38:40 - [TEST_STEP][PASSED] - if (dateCI[0] == "21" && dateCI[1] == "03" && dateCI[2] == "2020"): null

2019-12-16 09:38:40 - [TEST_STEP][PASSED] - click(findTestObject("object_reservation/Page_Paradise 4 Paws  Dog Boarding Cat Boarding Chicago Pooch West Loop/button_December19_ci_btnpullright")): Object: 'Object Repository/object_reservation/Page_Paradise 4 Paws  Dog Boarding Cat Boarding Chicago Pooch West Loop/button_December19_ci_btnpullright' is clicked on

2019-12-16 09:38:41 - [MESSAGE][PASSED] - Object: 'Object Repository/object_reservation/Page_Paradise 4 Paws  Dog Boarding Cat Boarding Chicago Pooch West Loop/button_December19_ci_btnpullright' is clicked on

2019-12-16 09:38:41 - [TEST_STEP][PASSED] - click(findTestObject("object_reservation/Page_Paradise 4 Paws  Dog Boarding Cat Boarding Chicago Pooch West Loop/button_January20_ci_btnpullright")): Object: 'Object Repository/object_reservation/Page_Paradise 4 Paws  Dog Boarding Cat Boarding Chicago Pooch West Loop/button_January20_ci_btnpullright' is clicked on

2019-12-16 09:38:42 - [MESSAGE][PASSED] - Object: 'Object Repository/object_reservation/Page_Paradise 4 Paws  Dog Boarding Cat Boarding Chicago Pooch West Loop/button_January20_ci_btnpullright' is clicked on

2019-12-16 09:38:42 - [TEST_STEP][PASSED] - click(findTestObject("object_reservation/Page_Paradise 4 Paws  Dog Boarding Cat Boarding Chicago Pooch West Loop/button_February20_ci_btnpullright")): Object: 'Object Repository/object_reservation/Page_Paradise 4 Paws  Dog Boarding Cat Boarding Chicago Pooch West Loop/button_February20_ci_btnpullright' is clicked on

2019-12-16 09:38:42 - [MESSAGE][PASSED] - Object: 'Object Repository/object_reservation/Page_Paradise 4 Paws  Dog Boarding Cat Boarding Chicago Pooch West Loop/button_February20_ci_btnpullright' is clicked on

2019-12-16 09:38:42 - [TEST_STEP][PASSED] - click(findTestObject("object_reservation/Page_Paradise 4 Paws Dog Boarding2020/button_21_ci_0320")): Object: 'Object Repository/object_reservation/Page_Paradise 4 Paws Dog Boarding2020/button_21_ci_0320' is clicked on

2019-12-16 09:38:43 - [MESSAGE][PASSED] - Object: 'Object Repository/object_reservation/Page_Paradise 4 Paws Dog Boarding2020/button_21_ci_0320' is clicked on

2019-12-16 09:38:43 - [TEST_STEP][PASSED] - stringCI2020 = "1": null

2019-12-16 09:38:43 - [TEST_STEP][PASSED] - delay(2): Delayed 2 second(s)

2019-12-16 09:38:45 - [MESSAGE][PASSED] - Delayed 2 second(s)

2019-12-16 09:38:45 - [TEST_STEP][PASSED] - if (stringCI2020 == "0"): null

2019-12-16 09:38:45 - [TEST_STEP][PASSED] - if (flagBoar == "1" || flagBoar == "2" && var_repeatingEvery == "Daily" || flagBoar == "2" && var_repeatingEvery == "Weekly" || flagBoar == "2" && var_repeatingEvery == "Monthly"): null

2019-12-16 09:38:45 - [TEST_STEP][PASSED] - click(findTestObject("Object Repository/object_reservation/dateCheckOut")): Object: 'Object Repository/object_reservation/dateCheckOut' is clicked on

2019-12-16 09:38:46 - [MESSAGE][PASSED] - Object: 'Object Repository/object_reservation/dateCheckOut' is clicked on

2019-12-16 09:38:46 - [TEST_STEP][PASSED] - if (dateCO[0] == "17" && dateCO[1] == "02" && dateCO[2] == "2020"): null

2019-12-16 09:38:46 - [TEST_STEP][PASSED] - if (dateCO[0] == "20" && dateCO[1] == "03" && dateCO[2] == "2020"): null

2019-12-16 09:38:46 - [TEST_STEP][PASSED] - if (dateCO[0] == "24" && dateCO[1] == "04" && dateCO[2] == "2020"): null

2019-12-16 09:38:46 - [TEST_STEP][PASSED] - click(findTestObject("object_reservation/Page_Paradise 4 Paws  Dog Boarding Cat Boarding Chicago Pooch West Loop/button_December19__co_pullright")): Object: 'Object Repository/object_reservation/Page_Paradise 4 Paws  Dog Boarding Cat Boarding Chicago Pooch West Loop/button_December19__co_pullright' is clicked on

2019-12-16 09:38:46 - [MESSAGE][PASSED] - Object: 'Object Repository/object_reservation/Page_Paradise 4 Paws  Dog Boarding Cat Boarding Chicago Pooch West Loop/button_December19__co_pullright' is clicked on

2019-12-16 09:38:46 - [TEST_STEP][PASSED] - click(findTestObject("object_reservation/Page_Paradise 4 Paws  Dog Boarding Cat Boarding Chicago Pooch West Loop/button_January20_co_pullright")): Object: 'Object Repository/object_reservation/Page_Paradise 4 Paws  Dog Boarding Cat Boarding Chicago Pooch West Loop/button_January20_co_pullright' is clicked on

2019-12-16 09:38:47 - [MESSAGE][PASSED] - Object: 'Object Repository/object_reservation/Page_Paradise 4 Paws  Dog Boarding Cat Boarding Chicago Pooch West Loop/button_January20_co_pullright' is clicked on

2019-12-16 09:38:47 - [TEST_STEP][PASSED] - click(findTestObject("object_reservation/Page_Paradise 4 Paws  Dog Boarding Cat Boarding Chicago Pooch West Loop/button_February20_co_btnpullright")): Object: 'Object Repository/object_reservation/Page_Paradise 4 Paws  Dog Boarding Cat Boarding Chicago Pooch West Loop/button_February20_co_btnpullright' is clicked on

2019-12-16 09:38:49 - [MESSAGE][PASSED] - Object: 'Object Repository/object_reservation/Page_Paradise 4 Paws  Dog Boarding Cat Boarding Chicago Pooch West Loop/button_February20_co_btnpullright' is clicked on

2019-12-16 09:38:49 - [TEST_STEP][PASSED] - click(findTestObject("object_reservation/Page_Paradise 4 Paws  Dog Boarding Cat Boarding Chicago Pooch West Loop/button_March20_co_btnpullright")): Object: 'Object Repository/object_reservation/Page_Paradise 4 Paws  Dog Boarding Cat Boarding Chicago Pooch West Loop/button_March20_co_btnpullright' is clicked on

2019-12-16 09:38:52 - [MESSAGE][PASSED] - Object: 'Object Repository/object_reservation/Page_Paradise 4 Paws  Dog Boarding Cat Boarding Chicago Pooch West Loop/button_March20_co_btnpullright' is clicked on

2019-12-16 09:38:52 - [TEST_STEP][PASSED] - click(findTestObject("object_reservation/Page_Paradise 4 Paws Dog Boarding2020/button_24_co_0420")): Object: 'Object Repository/object_reservation/Page_Paradise 4 Paws Dog Boarding2020/button_24_co_0420' is clicked on

2019-12-16 09:38:56 - [MESSAGE][PASSED] - Object: 'Object Repository/object_reservation/Page_Paradise 4 Paws Dog Boarding2020/button_24_co_0420' is clicked on

2019-12-16 09:38:56 - [TEST_STEP][PASSED] - stringCO2020 = "1": null

2019-12-16 09:38:56 - [TEST_STEP][PASSED] - if (stringCO2020 == "0"): null

2019-12-16 09:38:56 - [TEST_STEP][NOT_RUN] - click(findTestObject("Object Repository/object_reservationCalendar/CO_close")): NOT_RUN: click(findTestObject("Object Repository/object_reservationCalendar/CO_close"))

2019-12-16 09:38:56 - [MESSAGE][NOT_RUN] - NOT_RUN: click(findTestObject("Object Repository/object_reservationCalendar/CO_close"))

2019-12-16 09:38:56 - [TEST_STEP][PASSED] - click(findTestObject("Object Repository/object_reservation/timeCheckin")): Object: 'Object Repository/object_reservation/timeCheckin' is clicked on

2019-12-16 09:38:59 - [MESSAGE][PASSED] - Object: 'Object Repository/object_reservation/timeCheckin' is clicked on

2019-12-16 09:38:59 - [TEST_STEP][PASSED] - switch (var_checkinT): null

2019-12-16 09:38:59 - [TEST_STEP][PASSED] - case "800":: null

2019-12-16 09:38:59 - [TEST_STEP][PASSED] - click(findTestObject("Object Repository/Page_Paradise 4 Paws  Dog Boarding Cat Boarding Norwalk Pooch Hotel/time_800am_ci")): Object: 'Object Repository/Page_Paradise 4 Paws  Dog Boarding Cat Boarding Norwalk Pooch Hotel/time_800am_ci' is clicked on

2019-12-16 09:39:02 - [MESSAGE][PASSED] - Object: 'Object Repository/Page_Paradise 4 Paws  Dog Boarding Cat Boarding Norwalk Pooch Hotel/time_800am_ci' is clicked on

2019-12-16 09:39:02 - [TEST_STEP][PASSED] - break: null

2019-12-16 09:39:02 - [TEST_STEP][PASSED] - click(findTestObject("Object Repository/object_reservation/timeCheckOut")): Object: 'Object Repository/object_reservation/timeCheckOut' is clicked on

2019-12-16 09:39:07 - [MESSAGE][PASSED] - Object: 'Object Repository/object_reservation/timeCheckOut' is clicked on

2019-12-16 09:39:07 - [TEST_STEP][PASSED] - switch (var_checkoutT): null

2019-12-16 09:39:07 - [TEST_STEP][PASSED] - case "1200":: null

2019-12-16 09:39:07 - [TEST_STEP][PASSED] - click(findTestObject("Object Repository/Page_Paradise 4 Paws  Dog Boarding Cat Boarding Norwalk Pooch Hotel/time_1200pm_co")): Object: 'Object Repository/Page_Paradise 4 Paws  Dog Boarding Cat Boarding Norwalk Pooch Hotel/time_1200pm_co' is clicked on

2019-12-16 09:39:11 - [MESSAGE][PASSED] - Object: 'Object Repository/Page_Paradise 4 Paws  Dog Boarding Cat Boarding Norwalk Pooch Hotel/time_1200pm_co' is clicked on

2019-12-16 09:39:11 - [TEST_STEP][PASSED] - break: null

2019-12-16 09:39:11 - [TEST_STEP][PASSED] - delay(2): Delayed 2 second(s)

2019-12-16 09:39:13 - [MESSAGE][PASSED] - Delayed 2 second(s)

2019-12-16 09:39:13 - [TEST_STEP][PASSED] - if (arryPets.size() == 1): null

2019-12-16 09:39:13 - [TEST_STEP][PASSED] - else if (arryPets.size() == 2): null

2019-12-16 09:39:13 - [TEST_STEP][PASSED] - else if (arryPets.size() == 3): Object: 'Object Repository/object_reservation/div_Athena' is clicked on

2019-12-16 09:39:13 - [TEST_STEP][PASSED] - click(findTestObject("object_reservation/Page_Paradise 4 Paws  Dog Boarding Cat Boarding Norwalk Pooch Hotel/div_Ares")): Object: 'Object Repository/object_reservation/Page_Paradise 4 Paws  Dog Boarding Cat Boarding Norwalk Pooch Hotel/div_Ares' is clicked on

2019-12-16 09:39:21 - [MESSAGE][PASSED] - Object: 'Object Repository/object_reservation/Page_Paradise 4 Paws  Dog Boarding Cat Boarding Norwalk Pooch Hotel/div_Ares' is clicked on

2019-12-16 09:39:21 - [TEST_STEP][PASSED] - click(findTestObject("object_reservation/div_Zeus")): Object: 'Object Repository/object_reservation/div_Zeus' is clicked on

2019-12-16 09:39:53 - [MESSAGE][PASSED] - Object: 'Object Repository/object_reservation/div_Zeus' is clicked on

2019-12-16 09:39:53 - [TEST_STEP][PASSED] - click(findTestObject("object_reservation/div_Athena")): Object: 'Object Repository/object_reservation/div_Athena' is clicked on

2019-12-16 09:40:24 - [MESSAGE][PASSED] - Object: 'Object Repository/object_reservation/div_Athena' is clicked on

2019-12-16 09:40:24 - [TEST_STEP][NOT_RUN] - click(findTestObject("object_reservations/i_Day_fa fa-circle-o ng-scope")): NOT_RUN: click(findTestObject("object_reservations/i_Day_fa fa-circle-o ng-scope"))

2019-12-16 09:40:24 - [MESSAGE][NOT_RUN] - NOT_RUN: click(findTestObject("object_reservations/i_Day_fa fa-circle-o ng-scope"))

2019-12-16 09:40:24 - [TEST_STEP][PASSED] - if (flagBoar == "1" || flagBoar == "2"): Object: 'Object Repository/object_reservation/div_suite_rad_deluxe' is clicked on

2019-12-16 09:40:24 - [TEST_STEP][PASSED] - click(findTestObject("Object Repository/object_reservation/div_suite_rad_deluxe")): Object: 'Object Repository/object_reservation/div_suite_rad_deluxe' is clicked on

2019-12-16 09:40:55 - [MESSAGE][PASSED] - Object: 'Object Repository/object_reservation/div_suite_rad_deluxe' is clicked on

2019-12-16 09:40:55 - [TEST_STEP][PASSED] - click(findTestObject("Object Repository/object_reservation/btn_next2")): Object: 'Object Repository/object_reservation/btn_next2' is clicked on

2019-12-16 09:41:25 - [MESSAGE][PASSED] - Object: 'Object Repository/object_reservation/btn_next2' is clicked on

2019-12-16 09:41:25 - [TEST_STEP][PASSED] - delay(3): Delayed 3 second(s)

2019-12-16 09:41:28 - [MESSAGE][PASSED] - Delayed 3 second(s)

2019-12-16 09:41:28 - [TEST_STEP][PASSED] - if (flagBoar == "1"): null

2019-12-16 09:41:28 - [TEST_STEP][PASSED] - delay(2): Delayed 2 second(s)

2019-12-16 09:41:30 - [MESSAGE][PASSED] - Delayed 2 second(s)

2019-12-16 09:41:30 - [TEST_STEP][PASSED] - click(findTestObject("Object Repository/object_reservation/btn_next2")): Object: 'Object Repository/object_reservation/btn_next2' is clicked on

2019-12-16 09:42:01 - [MESSAGE][PASSED] - Object: 'Object Repository/object_reservation/btn_next2' is clicked on

2019-12-16 09:42:01 - [TEST_STEP][PASSED] - click(findTestObject("Object Repository/object_reservation/button_Submit Reservation")): Object: 'Object Repository/object_reservation/button_Submit Reservation' is clicked on

2019-12-16 09:42:31 - [MESSAGE][PASSED] - Object: 'Object Repository/object_reservation/button_Submit Reservation' is clicked on

2019-12-16 09:42:31 - [TEST_STEP][PASSED] - delay(2): Delayed 2 second(s)

2019-12-16 09:42:33 - [MESSAGE][PASSED] - Delayed 2 second(s)

2019-12-16 09:42:33 - [TEST_STEP][PASSED] - if (flagBoar == "2" && var_repeatingEvery == "Daily" || var_repeatingEvery == "Monthly" || var_repeatingEvery == "Weekly"): Delayed 8 second(s)

2019-12-16 09:42:33 - [TEST_STEP][PASSED] - click(findTestObject("Object Repository/object_reservation/Page_Paradise 4 Paws  Dog Boarding Cat Boar_cfde7f/button_Ok")): Object: 'Object Repository/object_reservation/Page_Paradise 4 Paws  Dog Boarding Cat Boar_cfde7f/button_Ok' is clicked on

2019-12-16 09:43:03 - [MESSAGE][PASSED] - Object: 'Object Repository/object_reservation/Page_Paradise 4 Paws  Dog Boarding Cat Boar_cfde7f/button_Ok' is clicked on

2019-12-16 09:43:03 - [TEST_STEP][PASSED] - delay(8): Delayed 8 second(s)

2019-12-16 09:43:11 - [MESSAGE][PASSED] - Delayed 8 second(s)

2019-12-16 09:43:11 - [TEST_STEP][PASSED] - delay(2): Delayed 2 second(s)

2019-12-16 09:43:13 - [MESSAGE][PASSED] - Delayed 2 second(s)

2019-12-16 09:43:13 - [TEST_STEP][FAILED] - click(findTestObject("Object Repository/object_reservation/button_Return To Reservation")): Unable to click on object 'Object Repository/object_reservation/button_Return To Reservation' (Root cause: com.kms.katalon.core.exception.StepFailedException: Unable to click on object 'Object Repository/object_reservation/button_Return To Reservation'
	at com.kms.katalon.core.webui.keyword.internal.WebUIKeywordMain.stepFailed(WebUIKeywordMain.groovy:64)
	at com.kms.katalon.core.webui.keyword.internal.WebUIKeywordMain.runKeyword(WebUIKeywordMain.groovy:26)
	at com.kms.katalon.core.webui.keyword.builtin.ClickKeyword.click(ClickKeyword.groovy:99)
	at com.kms.katalon.core.webui.keyword.builtin.ClickKeyword.execute(ClickKeyword.groovy:43)
	at com.kms.katalon.core.keyword.internal.KeywordExecutor.executeKeywordForPlatform(KeywordExecutor.groovy:60)
	at com.kms.katalon.core.webui.keyword.WebUiBuiltInKeywords.click(WebUiBuiltInKeywords.groovy:616)
	at com.kms.katalon.core.webui.keyword.WebUiBuiltInKeywords$click$2.call(Unknown Source)
	at p4p_newReservationDaycare.run(p4p_newReservationDaycare:603)
	at com.kms.katalon.core.main.ScriptEngine.run(ScriptEngine.java:194)
	at com.kms.katalon.core.main.ScriptEngine.runScriptAsRawText(ScriptEngine.java:119)
	at com.kms.katalon.core.main.TestCaseExecutor.runScript(TestCaseExecutor.java:337)
	at com.kms.katalon.core.main.TestCaseExecutor.doExecute(TestCaseExecutor.java:328)
	at com.kms.katalon.core.main.TestCaseExecutor.processExecutionPhase(TestCaseExecutor.java:307)
	at com.kms.katalon.core.main.TestCaseExecutor.accessMainPhase(TestCaseExecutor.java:299)
	at com.kms.katalon.core.main.TestCaseExecutor.execute(TestCaseExecutor.java:233)
	at com.kms.katalon.core.main.TestSuiteExecutor.accessTestCaseMainPhase(TestSuiteExecutor.java:169)
	at com.kms.katalon.core.main.TestSuiteExecutor.accessTestSuiteMainPhase(TestSuiteExecutor.java:142)
	at com.kms.katalon.core.main.TestSuiteExecutor.execute(TestSuiteExecutor.java:91)
	at com.kms.katalon.core.main.TestCaseMain.startTestSuite(TestCaseMain.java:157)
	at com.kms.katalon.core.main.TestCaseMain$startTestSuite$0.call(Unknown Source)
	at TempTestSuite1576509930469.run(TempTestSuite1576509930469.groovy:36)
Caused by: com.kms.katalon.core.webui.exception.WebElementNotFoundException: Web element with id: 'Object Repository/object_reservation/button_Return To Reservation' located by 'By.xpath: (//button[@type='button'])[13]' not found
	at com.kms.katalon.core.webui.common.WebUiCommonHelper.findWebElement(WebUiCommonHelper.java:1113)
	at com.kms.katalon.core.webui.keyword.internal.WebUIAbstractKeyword.findWebElement(WebUIAbstractKeyword.groovy:27)
	at com.kms.katalon.core.webui.keyword.internal.WebUIAbstractKeyword.findWebElement(WebUIAbstractKeyword.groovy:26)
	at com.kms.katalon.core.webui.keyword.builtin.ClickKeyword$_click_closure1.doCall(ClickKeyword.groovy:68)
	at com.kms.katalon.core.webui.keyword.builtin.ClickKeyword$_click_closure1.call(ClickKeyword.groovy)
	at com.kms.katalon.core.webui.keyword.internal.WebUIKeywordMain.runKeyword(WebUIKeywordMain.groovy:20)
	at com.kms.katalon.core.webui.keyword.builtin.ClickKeyword.click(ClickKeyword.groovy:99)
	at com.kms.katalon.core.webui.keyword.builtin.ClickKeyword.execute(ClickKeyword.groovy:43)
	at com.kms.katalon.core.keyword.internal.KeywordExecutor.executeKeywordForPlatform(KeywordExecutor.groovy:60)
	at com.kms.katalon.core.webui.keyword.WebUiBuiltInKeywords.click(WebUiBuiltInKeywords.groovy:616)
	at com.kms.katalon.core.webui.keyword.WebUiBuiltInKeywords$click$2.call(Unknown Source)
	at Script1576482965057.run(Script1576482965057.groovy:603)
	... 13 more
)

2019-12-16 09:43:49 - [MESSAGE][INFO] - Unable to find the element located by 'By.xpath: (//button[@type='button'])[13]'. Please recheck the objects properties to make sure the desired element is located. 

2019-12-16 09:43:49 - [MESSAGE][FAILED] - Unable to click on object 'Object Repository/object_reservation/button_Return To Reservation' (Root cause: com.kms.katalon.core.exception.StepFailedException: Unable to click on object 'Object Repository/object_reservation/button_Return To Reservation'
	at com.kms.katalon.core.webui.keyword.internal.WebUIKeywordMain.stepFailed(WebUIKeywordMain.groovy:64)
	at com.kms.katalon.core.webui.keyword.internal.WebUIKeywordMain.runKeyword(WebUIKeywordMain.groovy:26)
	at com.kms.katalon.core.webui.keyword.builtin.ClickKeyword.click(ClickKeyword.groovy:99)
	at com.kms.katalon.core.webui.keyword.builtin.ClickKeyword.execute(ClickKeyword.groovy:43)
	at com.kms.katalon.core.keyword.internal.KeywordExecutor.executeKeywordForPlatform(KeywordExecutor.groovy:60)
	at com.kms.katalon.core.webui.keyword.WebUiBuiltInKeywords.click(WebUiBuiltInKeywords.groovy:616)
	at com.kms.katalon.core.webui.keyword.WebUiBuiltInKeywords$click$2.call(Unknown Source)
	at p4p_newReservationDaycare.run(p4p_newReservationDaycare:603)
	at com.kms.katalon.core.main.ScriptEngine.run(ScriptEngine.java:194)
	at com.kms.katalon.core.main.ScriptEngine.runScriptAsRawText(ScriptEngine.java:119)
	at com.kms.katalon.core.main.TestCaseExecutor.runScript(TestCaseExecutor.java:337)
	at com.kms.katalon.core.main.TestCaseExecutor.doExecute(TestCaseExecutor.java:328)
	at com.kms.katalon.core.main.TestCaseExecutor.processExecutionPhase(TestCaseExecutor.java:307)
	at com.kms.katalon.core.main.TestCaseExecutor.accessMainPhase(TestCaseExecutor.java:299)
	at com.kms.katalon.core.main.TestCaseExecutor.execute(TestCaseExecutor.java:233)
	at com.kms.katalon.core.main.TestSuiteExecutor.accessTestCaseMainPhase(TestSuiteExecutor.java:169)
	at com.kms.katalon.core.main.TestSuiteExecutor.accessTestSuiteMainPhase(TestSuiteExecutor.java:142)
	at com.kms.katalon.core.main.TestSuiteExecutor.execute(TestSuiteExecutor.java:91)
	at com.kms.katalon.core.main.TestCaseMain.startTestSuite(TestCaseMain.java:157)
	at com.kms.katalon.core.main.TestCaseMain$startTestSuite$0.call(Unknown Source)
	at TempTestSuite1576509930469.run(TempTestSuite1576509930469.groovy:36)
Caused by: com.kms.katalon.core.webui.exception.WebElementNotFoundException: Web element with id: 'Object Repository/object_reservation/button_Return To Reservation' located by 'By.xpath: (//button[@type='button'])[13]' not found
	at com.kms.katalon.core.webui.common.WebUiCommonHelper.findWebElement(WebUiCommonHelper.java:1113)
	at com.kms.katalon.core.webui.keyword.internal.WebUIAbstractKeyword.findWebElement(WebUIAbstractKeyword.groovy:27)
	at com.kms.katalon.core.webui.keyword.internal.WebUIAbstractKeyword.findWebElement(WebUIAbstractKeyword.groovy:26)
	at com.kms.katalon.core.webui.keyword.builtin.ClickKeyword$_click_closure1.doCall(ClickKeyword.groovy:68)
	at com.kms.katalon.core.webui.keyword.builtin.ClickKeyword$_click_closure1.call(ClickKeyword.groovy)
	at com.kms.katalon.core.webui.keyword.internal.WebUIKeywordMain.runKeyword(WebUIKeywordMain.groovy:20)
	at com.kms.katalon.core.webui.keyword.builtin.ClickKeyword.click(ClickKeyword.groovy:99)
	at com.kms.katalon.core.webui.keyword.builtin.ClickKeyword.execute(ClickKeyword.groovy:43)
	at com.kms.katalon.core.keyword.internal.KeywordExecutor.executeKeywordForPlatform(KeywordExecutor.groovy:60)
	at com.kms.katalon.core.webui.keyword.WebUiBuiltInKeywords.click(WebUiBuiltInKeywords.groovy:616)
	at com.kms.katalon.core.webui.keyword.WebUiBuiltInKeywords$click$2.call(Unknown Source)
	at Script1576482965057.run(Script1576482965057.groovy:603)
	... 13 more
)
[[ATTACHMENT|/home/leonardo-arkusmty/Documents/workspaceKatalon/p4ptest/Reports/20191216_092530/ts_newReservationDaycare/20191216_092530/1576511029190.png]]]]></system-out>
         <system-err><![CDATA[2019-12-16 09:38:06 - [TEST_CASE][FAILED] - Test Cases/p4p_newReservationDaycare: Test Cases/p4p_newReservationDaycare FAILED.
Reason:
com.kms.katalon.core.exception.StepFailedException: Unable to click on object 'Object Repository/object_reservation/button_Return To Reservation'
	at com.kms.katalon.core.webui.keyword.internal.WebUIKeywordMain.stepFailed(WebUIKeywordMain.groovy:64)
	at com.kms.katalon.core.webui.keyword.internal.WebUIKeywordMain.runKeyword(WebUIKeywordMain.groovy:26)
	at com.kms.katalon.core.webui.keyword.builtin.ClickKeyword.click(ClickKeyword.groovy:99)
	at com.kms.katalon.core.webui.keyword.builtin.ClickKeyword.execute(ClickKeyword.groovy:43)
	at com.kms.katalon.core.keyword.internal.KeywordExecutor.executeKeywordForPlatform(KeywordExecutor.groovy:60)
	at com.kms.katalon.core.webui.keyword.WebUiBuiltInKeywords.click(WebUiBuiltInKeywords.groovy:616)
	at com.kms.katalon.core.webui.keyword.WebUiBuiltInKeywords$click$2.call(Unknown Source)
	at p4p_newReservationDaycare.run(p4p_newReservationDaycare:603)
	at com.kms.katalon.core.main.ScriptEngine.run(ScriptEngine.java:194)
	at com.kms.katalon.core.main.ScriptEngine.runScriptAsRawText(ScriptEngine.java:119)
	at com.kms.katalon.core.main.TestCaseExecutor.runScript(TestCaseExecutor.java:337)
	at com.kms.katalon.core.main.TestCaseExecutor.doExecute(TestCaseExecutor.java:328)
	at com.kms.katalon.core.main.TestCaseExecutor.processExecutionPhase(TestCaseExecutor.java:307)
	at com.kms.katalon.core.main.TestCaseExecutor.accessMainPhase(TestCaseExecutor.java:299)
	at com.kms.katalon.core.main.TestCaseExecutor.execute(TestCaseExecutor.java:233)
	at com.kms.katalon.core.main.TestSuiteExecutor.accessTestCaseMainPhase(TestSuiteExecutor.java:169)
	at com.kms.katalon.core.main.TestSuiteExecutor.accessTestSuiteMainPhase(TestSuiteExecutor.java:142)
	at com.kms.katalon.core.main.TestSuiteExecutor.execute(TestSuiteExecutor.java:91)
	at com.kms.katalon.core.main.TestCaseMain.startTestSuite(TestCaseMain.java:157)
	at com.kms.katalon.core.main.TestCaseMain$startTestSuite$0.call(Unknown Source)
	at TempTestSuite1576509930469.run(TempTestSuite1576509930469.groovy:36)
Caused by: com.kms.katalon.core.webui.exception.WebElementNotFoundException: Web element with id: 'Object Repository/object_reservation/button_Return To Reservation' located by 'By.xpath: (//button[@type='button'])[13]' not found
	at com.kms.katalon.core.webui.common.WebUiCommonHelper.findWebElement(WebUiCommonHelper.java:1113)
	at com.kms.katalon.core.webui.keyword.internal.WebUIAbstractKeyword.findWebElement(WebUIAbstractKeyword.groovy:27)
	at com.kms.katalon.core.webui.keyword.internal.WebUIAbstractKeyword.findWebElement(WebUIAbstractKeyword.groovy:26)
	at com.kms.katalon.core.webui.keyword.builtin.ClickKeyword$_click_closure1.doCall(ClickKeyword.groovy:68)
	at com.kms.katalon.core.webui.keyword.builtin.ClickKeyword$_click_closure1.call(ClickKeyword.groovy)
	at com.kms.katalon.core.webui.keyword.internal.WebUIKeywordMain.runKeyword(WebUIKeywordMain.groovy:20)
	... 19 more]]></system-err>
      </testcase>
      <system-out><![CDATA[2019-12-16 09:25:31 - [TEST_SUITE][FAILED] - ts_newReservationDaycare: Test Cases/p4p_newReservationDaycare FAILED.
Reason:
com.kms.katalon.core.exception.StepFailedException: Unable to click on object 'Object Repository/object_reservation/button_Return To Reservation'
	at com.kms.katalon.core.webui.keyword.internal.WebUIKeywordMain.stepFailed(WebUIKeywordMain.groovy:64)
	at com.kms.katalon.core.webui.keyword.internal.WebUIKeywordMain.runKeyword(WebUIKeywordMain.groovy:26)
	at com.kms.katalon.core.webui.keyword.builtin.ClickKeyword.click(ClickKeyword.groovy:99)
	at com.kms.katalon.core.webui.keyword.builtin.ClickKeyword.execute(ClickKeyword.groovy:43)
	at com.kms.katalon.core.keyword.internal.KeywordExecutor.executeKeywordForPlatform(KeywordExecutor.groovy:60)
	at com.kms.katalon.core.webui.keyword.WebUiBuiltInKeywords.click(WebUiBuiltInKeywords.groovy:616)
	at com.kms.katalon.core.webui.keyword.WebUiBuiltInKeywords$click$2.call(Unknown Source)
	at p4p_newReservationDaycare.run(p4p_newReservationDaycare:603)
	at com.kms.katalon.core.main.ScriptEngine.run(ScriptEngine.java:194)
	at com.kms.katalon.core.main.ScriptEngine.runScriptAsRawText(ScriptEngine.java:119)
	at com.kms.katalon.core.main.TestCaseExecutor.runScript(TestCaseExecutor.java:337)
	at com.kms.katalon.core.main.TestCaseExecutor.doExecute(TestCaseExecutor.java:328)
	at com.kms.katalon.core.main.TestCaseExecutor.processExecutionPhase(TestCaseExecutor.java:307)
	at com.kms.katalon.core.main.TestCaseExecutor.accessMainPhase(TestCaseExecutor.java:299)
	at com.kms.katalon.core.main.TestCaseExecutor.execute(TestCaseExecutor.java:233)
	at com.kms.katalon.core.main.TestSuiteExecutor.accessTestCaseMainPhase(TestSuiteExecutor.java:169)
	at com.kms.katalon.core.main.TestSuiteExecutor.accessTestSuiteMainPhase(TestSuiteExecutor.java:142)
	at com.kms.katalon.core.main.TestSuiteExecutor.execute(TestSuiteExecutor.java:91)
	at com.kms.katalon.core.main.TestCaseMain.startTestSuite(TestCaseMain.java:157)
	at com.kms.katalon.core.main.TestCaseMain$startTestSuite$0.call(Unknown Source)
	at TempTestSuite1576509930469.run(TempTestSuite1576509930469.groovy:36)
Caused by: com.kms.katalon.core.webui.exception.WebElementNotFoundException: Web element with id: 'Object Repository/object_reservation/button_Return To Reservation' located by 'By.xpath: (//button[@type='button'])[13]' not found
	at com.kms.katalon.core.webui.common.WebUiCommonHelper.findWebElement(WebUiCommonHelper.java:1113)
	at com.kms.katalon.core.webui.keyword.internal.WebUIAbstractKeyword.findWebElement(WebUIAbstractKeyword.groovy:27)
	at com.kms.katalon.core.webui.keyword.internal.WebUIAbstractKeyword.findWebElement(WebUIAbstractKeyword.groovy:26)
	at com.kms.katalon.core.webui.keyword.builtin.ClickKeyword$_click_closure1.doCall(ClickKeyword.groovy:68)
	at com.kms.katalon.core.webui.keyword.builtin.ClickKeyword$_click_closure1.call(ClickKeyword.groovy)
	at com.kms.katalon.core.webui.keyword.internal.WebUIKeywordMain.runKeyword(WebUIKeywordMain.groovy:20)
	... 19 more]]></system-out>
      <system-err><![CDATA[2019-12-16 09:25:31 - [TEST_SUITE][FAILED] - ts_newReservationDaycare: Test Cases/p4p_newReservationDaycare FAILED.
Reason:
com.kms.katalon.core.exception.StepFailedException: Unable to click on object 'Object Repository/object_reservation/button_Return To Reservation'
	at com.kms.katalon.core.webui.keyword.internal.WebUIKeywordMain.stepFailed(WebUIKeywordMain.groovy:64)
	at com.kms.katalon.core.webui.keyword.internal.WebUIKeywordMain.runKeyword(WebUIKeywordMain.groovy:26)
	at com.kms.katalon.core.webui.keyword.builtin.ClickKeyword.click(ClickKeyword.groovy:99)
	at com.kms.katalon.core.webui.keyword.builtin.ClickKeyword.execute(ClickKeyword.groovy:43)
	at com.kms.katalon.core.keyword.internal.KeywordExecutor.executeKeywordForPlatform(KeywordExecutor.groovy:60)
	at com.kms.katalon.core.webui.keyword.WebUiBuiltInKeywords.click(WebUiBuiltInKeywords.groovy:616)
	at com.kms.katalon.core.webui.keyword.WebUiBuiltInKeywords$click$2.call(Unknown Source)
	at p4p_newReservationDaycare.run(p4p_newReservationDaycare:603)
	at com.kms.katalon.core.main.ScriptEngine.run(ScriptEngine.java:194)
	at com.kms.katalon.core.main.ScriptEngine.runScriptAsRawText(ScriptEngine.java:119)
	at com.kms.katalon.core.main.TestCaseExecutor.runScript(TestCaseExecutor.java:337)
	at com.kms.katalon.core.main.TestCaseExecutor.doExecute(TestCaseExecutor.java:328)
	at com.kms.katalon.core.main.TestCaseExecutor.processExecutionPhase(TestCaseExecutor.java:307)
	at com.kms.katalon.core.main.TestCaseExecutor.accessMainPhase(TestCaseExecutor.java:299)
	at com.kms.katalon.core.main.TestCaseExecutor.execute(TestCaseExecutor.java:233)
	at com.kms.katalon.core.main.TestSuiteExecutor.accessTestCaseMainPhase(TestSuiteExecutor.java:169)
	at com.kms.katalon.core.main.TestSuiteExecutor.accessTestSuiteMainPhase(TestSuiteExecutor.java:142)
	at com.kms.katalon.core.main.TestSuiteExecutor.execute(TestSuiteExecutor.java:91)
	at com.kms.katalon.core.main.TestCaseMain.startTestSuite(TestCaseMain.java:157)
	at com.kms.katalon.core.main.TestCaseMain$startTestSuite$0.call(Unknown Source)
	at TempTestSuite1576509930469.run(TempTestSuite1576509930469.groovy:36)
Caused by: com.kms.katalon.core.webui.exception.WebElementNotFoundException: Web element with id: 'Object Repository/object_reservation/button_Return To Reservation' located by 'By.xpath: (//button[@type='button'])[13]' not found
	at com.kms.katalon.core.webui.common.WebUiCommonHelper.findWebElement(WebUiCommonHelper.java:1113)
	at com.kms.katalon.core.webui.keyword.internal.WebUIAbstractKeyword.findWebElement(WebUIAbstractKeyword.groovy:27)
	at com.kms.katalon.core.webui.keyword.internal.WebUIAbstractKeyword.findWebElement(WebUIAbstractKeyword.groovy:26)
	at com.kms.katalon.core.webui.keyword.builtin.ClickKeyword$_click_closure1.doCall(ClickKeyword.groovy:68)
	at com.kms.katalon.core.webui.keyword.builtin.ClickKeyword$_click_closure1.call(ClickKeyword.groovy)
	at com.kms.katalon.core.webui.keyword.internal.WebUIKeywordMain.runKeyword(WebUIKeywordMain.groovy:20)
	... 19 more]]></system-err>
   </testsuite>
</testsuites>
