<?xml version="1.0" encoding="UTF-8"?>
<testsuites name="ts_newReservationSpaservice" time="216.634" tests="3" failures="0" errors="0">
   <testsuite name="ts_newReservationSpaservice" tests="3" failures="0" errors="0" time="216.634" timestamp="2019-12-16 05:08:51" hostname="leonardo-arkusmty - leonardoarkusmty-Inspiron-5577" id="Test Suites/ts_newReservationSpaservice">
      <properties>
         <property name="deviceName" value=""/>
         <property name="devicePlatform" value=""/>
         <property name="logFolder" value="/home/leonardo-arkusmty/Documents/workspaceKatalon/p4ptest/Reports/20191216_050850/ts_newReservationSpaservice/20191216_050850"/>
         <property name="logFiles" value="/home/leonardo-arkusmty/Documents/workspaceKatalon/p4ptest/Reports/20191216_050850/ts_newReservationSpaservice/20191216_050850/execution0.log"/>
         <property name="attachments" value=""/>
         <property name="hostName" value="leonardo-arkusmty - leonardoarkusmty-Inspiron-5577"/>
         <property name="os" value="Linux 64bit"/>
         <property name="katalonVersion" value="7.0.8.1"/>
         <property name="browser" value="Firefox 70.0"/>
         <property name="hostAddress" value="127.0.1.1"/>
         <property name="sessionId" value="df98f88a-93fc-4b5c-a402-8a459f142120"/>
         <property name="seleniumVersion" value="3.141.59"/>
         <property name="proxyInformation" value="ProxyInformation{proxyOption=NO_PROXY, proxyServerType=HTTP, password=, proxyServerAddress=, proxyServerPort=0}"/>
         <property name="platform" value="Linux"/>
      </properties>
      <testcase name="Test Cases/p4p_newReservationSpaService" time="69.684" classname="Test Cases/p4p_newReservationSpaService" status="PASSED">
         <system-out><![CDATA[2019-12-16 05:08:51 - [TEST_CASE][PASSED] - Test Cases/p4p_newReservationSpaService: Test Cases/p4p_newReservationSpaService

2019-12-16 05:08:52 - [TEST_STEP][PASSED] - openBrowser("https://p4p-qa-bg.aws.paradise4paws.com/login/"): Browser is opened with url: 'https://p4p-qa-bg.aws.paradise4paws.com/login/'

2019-12-16 05:08:52 - [MESSAGE][INFO] - Starting 'Firefox' driver

2019-12-16 05:08:52 - [MESSAGE][INFO] - Action delay is set to 0 seconds

2019-12-16 05:08:56 - [MESSAGE][PASSED] - Browser is opened with url: 'https://p4p-qa-bg.aws.paradise4paws.com/login/'

2019-12-16 05:08:56 - [TEST_STEP][PASSED] - setText(findTestObject("Object Repository/object_login/input_user"), var_user): Text 'jegchavez@gmail.com' is set on object 'Object Repository/object_login/input_user'

2019-12-16 05:08:57 - [MESSAGE][PASSED] - Text 'jegchavez@gmail.com' is set on object 'Object Repository/object_login/input_user'

2019-12-16 05:08:57 - [TEST_STEP][PASSED] - setText(findTestObject("Object Repository/object_login/input_pass"), var_pass): Text 'admin1' is set on object 'Object Repository/object_login/input_pass'

2019-12-16 05:08:57 - [MESSAGE][PASSED] - Text 'admin1' is set on object 'Object Repository/object_login/input_pass'

2019-12-16 05:08:57 - [TEST_STEP][PASSED] - delay(2): Delayed 2 second(s)

2019-12-16 05:08:59 - [MESSAGE][PASSED] - Delayed 2 second(s)

2019-12-16 05:08:59 - [TEST_STEP][PASSED] - verifyElementClickable(findTestObject("Object Repository/object_login/btn_login")): Object 'Object Repository/object_login/btn_login' is clickable

2019-12-16 05:08:59 - [MESSAGE][PASSED] - Object 'Object Repository/object_login/btn_login' is clickable

2019-12-16 05:08:59 - [TEST_STEP][PASSED] - click(findTestObject("Object Repository/object_login/btn_login")): Object: 'Object Repository/object_login/btn_login' is clicked on

2019-12-16 05:09:04 - [MESSAGE][PASSED] - Object: 'Object Repository/object_login/btn_login' is clicked on

2019-12-16 05:09:04 - [TEST_STEP][PASSED] - delay(2): Delayed 2 second(s)

2019-12-16 05:09:06 - [MESSAGE][PASSED] - Delayed 2 second(s)

2019-12-16 05:09:06 - [TEST_STEP][PASSED] - setText(findTestObject("Object Repository/object_dashboard_emp/input_search"), var_searchParent): Text 'leongarzagarza@hotmail.com' is set on object 'Object Repository/object_dashboard_emp/input_search'

2019-12-16 05:09:07 - [MESSAGE][PASSED] - Text 'leongarzagarza@hotmail.com' is set on object 'Object Repository/object_dashboard_emp/input_search'

2019-12-16 05:09:07 - [TEST_STEP][PASSED] - click(findTestObject("Object Repository/object_dashboard_emp/btn_accountSearch")): Object: 'Object Repository/object_dashboard_emp/btn_accountSearch' is clicked on

2019-12-16 05:09:08 - [MESSAGE][PASSED] - Object: 'Object Repository/object_dashboard_emp/btn_accountSearch' is clicked on

2019-12-16 05:09:08 - [TEST_STEP][PASSED] - delay(2): Delayed 2 second(s)

2019-12-16 05:09:10 - [MESSAGE][PASSED] - Delayed 2 second(s)

2019-12-16 05:09:10 - [TEST_STEP][PASSED] - click(findTestObject("Object Repository/object_accountInformation/a_TEST GABRIEL PROD")): Object: 'Object Repository/object_accountInformation/a_TEST GABRIEL PROD' is clicked on

2019-12-16 05:09:14 - [MESSAGE][PASSED] - Object: 'Object Repository/object_accountInformation/a_TEST GABRIEL PROD' is clicked on

2019-12-16 05:09:14 - [TEST_STEP][PASSED] - delay(2): Delayed 2 second(s)

2019-12-16 05:09:16 - [MESSAGE][PASSED] - Delayed 2 second(s)

2019-12-16 05:09:16 - [TEST_STEP][PASSED] - click(findTestObject("Object Repository/object_profile/a_addReservation")): Object: 'Object Repository/object_profile/a_addReservation' is clicked on

2019-12-16 05:09:17 - [MESSAGE][PASSED] - Object: 'Object Repository/object_profile/a_addReservation' is clicked on

2019-12-16 05:09:17 - [TEST_STEP][PASSED] - delay(2): Delayed 2 second(s)

2019-12-16 05:09:19 - [MESSAGE][PASSED] - Delayed 2 second(s)

2019-12-16 05:09:19 - [TEST_STEP][PASSED] - flagBoar = "0": null

2019-12-16 05:09:19 - [TEST_STEP][PASSED] - log = new com.kms.katalon.core.logging.KeywordLogger(): null

2019-12-16 05:09:19 - [TEST_STEP][PASSED] - if (var_typeReserveation == "Boarding"): null

2019-12-16 05:09:19 - [TEST_STEP][PASSED] - else if (var_typeReserveation == "Daycare"): null

2019-12-16 05:09:19 - [TEST_STEP][PASSED] - else if (var_typeReserveation == "SpaService"): null

2019-12-16 05:09:19 - [TEST_STEP][PASSED] - click(findTestObject("object_reservation/btn_Spa Service")): Object: 'Object Repository/object_reservation/btn_Spa Service' is clicked on

2019-12-16 05:09:19 - [MESSAGE][PASSED] - Object: 'Object Repository/object_reservation/btn_Spa Service' is clicked on

2019-12-16 05:09:19 - [TEST_STEP][PASSED] - flagBoar = "3": null

2019-12-16 05:09:19 - [TEST_STEP][PASSED] - click(findTestObject("Object Repository/object_reservation/i_location")): Object: 'Object Repository/object_reservation/i_location' is clicked on

2019-12-16 05:09:22 - [MESSAGE][PASSED] - Object: 'Object Repository/object_reservation/i_location' is clicked on

2019-12-16 05:09:22 - [TEST_STEP][PASSED] - switch (var_idFacility): null

2019-12-16 05:09:22 - [TEST_STEP][PASSED] - dateCI = var_checkinD.split(","): null

2019-12-16 05:09:22 - [TEST_STEP][PASSED] - dateCO = var_checkoutD.split(","): null

2019-12-16 05:09:22 - [TEST_STEP][PASSED] - arryPets = var_pets.split(","): null

2019-12-16 05:09:22 - [TEST_STEP][PASSED] - delay(2): Delayed 2 second(s)

2019-12-16 05:09:24 - [MESSAGE][PASSED] - Delayed 2 second(s)

2019-12-16 05:09:24 - [TEST_STEP][PASSED] - if (var_repeting == "Y"): null

2019-12-16 05:09:24 - [TEST_STEP][PASSED] - click(findTestObject("Object Repository/object_reservation/dateCheckIn")): Object: 'Object Repository/object_reservation/dateCheckIn' is clicked on

2019-12-16 05:09:25 - [MESSAGE][PASSED] - Object: 'Object Repository/object_reservation/dateCheckIn' is clicked on

2019-12-16 05:09:25 - [TEST_STEP][PASSED] - delay(2): Delayed 2 second(s)

2019-12-16 05:09:27 - [MESSAGE][PASSED] - Delayed 2 second(s)

2019-12-16 05:09:27 - [TEST_STEP][PASSED] - switch (dateCI[0]): null

2019-12-16 05:09:27 - [TEST_STEP][PASSED] - case "4":: null

2019-12-16 05:09:27 - [TEST_STEP][PASSED] - click(findTestObject("Object Repository/Page_Paradise 4 Paws  Dog Boarding Cat Boarding Norwalk Pooch Hotel/button_04_ci")): Object: 'Object Repository/Page_Paradise 4 Paws  Dog Boarding Cat Boarding Norwalk Pooch Hotel/button_04_ci' is clicked on

2019-12-16 05:09:27 - [MESSAGE][PASSED] - Object: 'Object Repository/Page_Paradise 4 Paws  Dog Boarding Cat Boarding Norwalk Pooch Hotel/button_04_ci' is clicked on

2019-12-16 05:09:27 - [TEST_STEP][PASSED] - break: null

2019-12-16 05:09:27 - [TEST_STEP][PASSED] - if (flagBoar == "1"): null

2019-12-16 05:09:27 - [TEST_STEP][NOT_RUN] - click(findTestObject("Object Repository/object_reservationCalendar/CO_close")): NOT_RUN: click(findTestObject("Object Repository/object_reservationCalendar/CO_close"))

2019-12-16 05:09:27 - [MESSAGE][NOT_RUN] - NOT_RUN: click(findTestObject("Object Repository/object_reservationCalendar/CO_close"))

2019-12-16 05:09:27 - [TEST_STEP][PASSED] - click(findTestObject("Object Repository/object_reservation/timeCheckin")): Object: 'Object Repository/object_reservation/timeCheckin' is clicked on

2019-12-16 05:09:28 - [MESSAGE][PASSED] - Object: 'Object Repository/object_reservation/timeCheckin' is clicked on

2019-12-16 05:09:28 - [TEST_STEP][PASSED] - switch (var_checkinT): null

2019-12-16 05:09:28 - [TEST_STEP][PASSED] - case "800":: null

2019-12-16 05:09:28 - [TEST_STEP][PASSED] - click(findTestObject("Object Repository/Page_Paradise 4 Paws  Dog Boarding Cat Boarding Norwalk Pooch Hotel/time_800am_ci")): Object: 'Object Repository/Page_Paradise 4 Paws  Dog Boarding Cat Boarding Norwalk Pooch Hotel/time_800am_ci' is clicked on

2019-12-16 05:09:29 - [MESSAGE][PASSED] - Object: 'Object Repository/Page_Paradise 4 Paws  Dog Boarding Cat Boarding Norwalk Pooch Hotel/time_800am_ci' is clicked on

2019-12-16 05:09:29 - [TEST_STEP][PASSED] - break: null

2019-12-16 05:09:29 - [TEST_STEP][PASSED] - click(findTestObject("Object Repository/object_reservation/timeCheckOut")): Object: 'Object Repository/object_reservation/timeCheckOut' is clicked on

2019-12-16 05:09:29 - [MESSAGE][PASSED] - Object: 'Object Repository/object_reservation/timeCheckOut' is clicked on

2019-12-16 05:09:29 - [TEST_STEP][PASSED] - switch (var_checkoutT): null

2019-12-16 05:09:29 - [TEST_STEP][PASSED] - case "1200":: null

2019-12-16 05:09:29 - [TEST_STEP][PASSED] - click(findTestObject("Object Repository/Page_Paradise 4 Paws  Dog Boarding Cat Boarding Norwalk Pooch Hotel/time_1200pm_co")): Object: 'Object Repository/Page_Paradise 4 Paws  Dog Boarding Cat Boarding Norwalk Pooch Hotel/time_1200pm_co' is clicked on

2019-12-16 05:09:30 - [MESSAGE][PASSED] - Object: 'Object Repository/Page_Paradise 4 Paws  Dog Boarding Cat Boarding Norwalk Pooch Hotel/time_1200pm_co' is clicked on

2019-12-16 05:09:30 - [TEST_STEP][PASSED] - break: null

2019-12-16 05:09:30 - [TEST_STEP][PASSED] - delay(2): Delayed 2 second(s)

2019-12-16 05:09:32 - [MESSAGE][PASSED] - Delayed 2 second(s)

2019-12-16 05:09:32 - [TEST_STEP][PASSED] - if (arryPets.size() == 1): Object: 'Object Repository/object_reservation/Page_Paradise 4 Paws  Dog Boarding Cat Boarding Norwalk Pooch Hotel/div_Ares' is clicked on

2019-12-16 05:09:32 - [TEST_STEP][PASSED] - click(findTestObject("Object Repository/object_reservation/Page_Paradise 4 Paws  Dog Boarding Cat Boarding Norwalk Pooch Hotel/div_Ares")): Object: 'Object Repository/object_reservation/Page_Paradise 4 Paws  Dog Boarding Cat Boarding Norwalk Pooch Hotel/div_Ares' is clicked on

2019-12-16 05:09:33 - [MESSAGE][PASSED] - Object: 'Object Repository/object_reservation/Page_Paradise 4 Paws  Dog Boarding Cat Boarding Norwalk Pooch Hotel/div_Ares' is clicked on

2019-12-16 05:09:33 - [TEST_STEP][NOT_RUN] - click(findTestObject("object_reservations/i_Day_fa fa-circle-o ng-scope")): NOT_RUN: click(findTestObject("object_reservations/i_Day_fa fa-circle-o ng-scope"))

2019-12-16 05:09:33 - [MESSAGE][NOT_RUN] - NOT_RUN: click(findTestObject("object_reservations/i_Day_fa fa-circle-o ng-scope"))

2019-12-16 05:09:33 - [TEST_STEP][PASSED] - if (flagBoar == "1" || flagBoar == "2"): null

2019-12-16 05:09:33 - [TEST_STEP][PASSED] - click(findTestObject("Object Repository/object_reservation/btn_next2")): Object: 'Object Repository/object_reservation/btn_next2' is clicked on

2019-12-16 05:09:37 - [MESSAGE][PASSED] - Object: 'Object Repository/object_reservation/btn_next2' is clicked on

2019-12-16 05:09:37 - [TEST_STEP][PASSED] - delay(3): Delayed 3 second(s)

2019-12-16 05:09:40 - [MESSAGE][PASSED] - Delayed 3 second(s)

2019-12-16 05:09:40 - [TEST_STEP][PASSED] - if (flagBoar == "1"): null

2019-12-16 05:09:40 - [TEST_STEP][PASSED] - delay(2): Delayed 2 second(s)

2019-12-16 05:09:42 - [MESSAGE][PASSED] - Delayed 2 second(s)

2019-12-16 05:09:42 - [TEST_STEP][PASSED] - click(findTestObject("Object Repository/object_reservation/btn_next2")): Object: 'Object Repository/object_reservation/btn_next2' is clicked on

2019-12-16 05:09:42 - [MESSAGE][PASSED] - Object: 'Object Repository/object_reservation/btn_next2' is clicked on

2019-12-16 05:09:42 - [TEST_STEP][PASSED] - click(findTestObject("Object Repository/object_reservation/button_Submit Reservation")): Object: 'Object Repository/object_reservation/button_Submit Reservation' is clicked on

2019-12-16 05:09:44 - [MESSAGE][PASSED] - Object: 'Object Repository/object_reservation/button_Submit Reservation' is clicked on

2019-12-16 05:09:44 - [TEST_STEP][PASSED] - delay(2): Delayed 2 second(s)

2019-12-16 05:09:46 - [MESSAGE][PASSED] - Delayed 2 second(s)

2019-12-16 05:09:46 - [TEST_STEP][PASSED] - if (flagBoar == "2" && var_repeatingEvery == "Daily" || var_repeatingEvery == "Monthly" || var_repeatingEvery == "Weekly"): null

2019-12-16 05:09:46 - [TEST_STEP][PASSED] - else: null

2019-12-16 05:09:46 - [TEST_STEP][PASSED] - delay(2): Delayed 2 second(s)

2019-12-16 05:09:48 - [MESSAGE][PASSED] - Delayed 2 second(s)

2019-12-16 05:09:48 - [TEST_STEP][PASSED] - click(findTestObject("Object Repository/object_reservation/button_Return To Reservation")): Object: 'Object Repository/object_reservation/button_Return To Reservation' is clicked on

2019-12-16 05:09:49 - [MESSAGE][PASSED] - Object: 'Object Repository/object_reservation/button_Return To Reservation' is clicked on

2019-12-16 05:09:49 - [TEST_STEP][PASSED] - delay(6): Delayed 6 second(s)

2019-12-16 05:09:55 - [MESSAGE][PASSED] - Delayed 6 second(s)

2019-12-16 05:09:55 - [TEST_STEP][PASSED] - click(findTestObject("Object Repository/object_reservation/Page_Paradise 4 Paws  Dog Boarding Cat Boar_35fe2b/button_Go to CheckOut")): Object: 'Object Repository/object_reservation/Page_Paradise 4 Paws  Dog Boarding Cat Boar_35fe2b/button_Go to CheckOut' is clicked on

2019-12-16 05:09:57 - [MESSAGE][PASSED] - Object: 'Object Repository/object_reservation/Page_Paradise 4 Paws  Dog Boarding Cat Boar_35fe2b/button_Go to CheckOut' is clicked on

2019-12-16 05:09:57 - [TEST_STEP][PASSED] - delay(2): Delayed 2 second(s)

2019-12-16 05:09:59 - [MESSAGE][PASSED] - Delayed 2 second(s)

2019-12-16 05:09:59 - [TEST_STEP][PASSED] - log.logInfo(getText(findTestObject("Object Repository/object_reservation/Page_Paradise 4 Paws  Dog Boarding Cat Boar_35fe2b/span_( BK )"))): ( BK )

2019-12-16 05:09:59 - [MESSAGE][PASSED] - Text of object 'Object Repository/object_reservation/Page_Paradise 4 Paws  Dog Boarding Cat Boar_35fe2b/span_( BK )' is: '( BK )'

2019-12-16 05:09:59 - [MESSAGE][INFO] - ( BK )

2019-12-16 05:09:59 - [TEST_STEP][PASSED] - var_url = getUrl(): Current window's url is: 'https://p4p-qa-bg.aws.paradise4paws.com/frontdesk/checkout/1702505/?parent_id=122350'

2019-12-16 05:09:59 - [MESSAGE][PASSED] - Current window's url is: 'https://p4p-qa-bg.aws.paradise4paws.com/frontdesk/checkout/1702505/?parent_id=122350'

2019-12-16 05:09:59 - [TEST_STEP][PASSED] - arrayUrl = var_url.split("/"): null

2019-12-16 05:09:59 - [TEST_STEP][PASSED] - var = Integer.parseInt(var_idRowRes): null

2019-12-16 05:09:59 - [TEST_STEP][PASSED] - verifyElementText(findTestObject("Object Repository/object_reservation/Page_Paradise 4 Paws  Dog Boarding Cat Boar_35fe2b/span_( BK )"), "( BK )", STOP_ON_FAILURE): Actual text and expected text of test object 'Object Repository/object_reservation/Page_Paradise 4 Paws  Dog Boarding Cat Boar_35fe2b/span_( BK )' are matched.

2019-12-16 05:09:59 - [MESSAGE][PASSED] - Actual text and expected text of test object 'Object Repository/object_reservation/Page_Paradise 4 Paws  Dog Boarding Cat Boar_35fe2b/span_( BK )' are matched.

2019-12-16 05:09:59 - [TEST_STEP][PASSED] - fis = new java.io.FileInputStream(/home/leonardo-arkusmty/Desktop/P4P/DATA_AUTOMATINTESTING/data_1newReservationSpaService.xlsx): null

2019-12-16 05:09:59 - [TEST_STEP][PASSED] - workbook = new org.apache.poi.xssf.usermodel.XSSFWorkbook(fis): null

2019-12-16 05:10:00 - [TEST_STEP][PASSED] - sheet = workbook.getSheet("Sheet1"): null

2019-12-16 05:10:00 - [TEST_STEP][PASSED] - rowCount = var_row: null

2019-12-16 05:10:00 - [TEST_STEP][PASSED] - row = sheet.getRow(var): null

2019-12-16 05:10:00 - [TEST_STEP][PASSED] - cell = row.createCell(15, 0): null

2019-12-16 05:10:00 - [TEST_STEP][PASSED] - cell.setCellType(CELL_TYPE_STRING): null

2019-12-16 05:10:00 - [TEST_STEP][PASSED] - cell.setCellValue(arrayUrl[5]): null

2019-12-16 05:10:00 - [TEST_STEP][PASSED] - cell2 = row.createCell(16, 0): null

2019-12-16 05:10:00 - [TEST_STEP][PASSED] - cell2.setCellType(CELL_TYPE_STRING): null

2019-12-16 05:10:00 - [TEST_STEP][PASSED] - cell2.setCellValue(getText(findTestObject("Object Repository/object_reservation/Page_Paradise 4 Paws  Dog Boarding Cat Boar_35fe2b/span_( BK )"))): Text of object 'Object Repository/object_reservation/Page_Paradise 4 Paws  Dog Boarding Cat Boar_35fe2b/span_( BK )' is: '( BK )'

2019-12-16 05:10:00 - [MESSAGE][PASSED] - Text of object 'Object Repository/object_reservation/Page_Paradise 4 Paws  Dog Boarding Cat Boar_35fe2b/span_( BK )' is: '( BK )'

2019-12-16 05:10:00 - [TEST_STEP][PASSED] - fos = new java.io.FileOutputStream(/home/leonardo-arkusmty/Desktop/P4P/DATA_AUTOMATINTESTING/data_1newReservationSpaService.xlsx): null

2019-12-16 05:10:00 - [TEST_STEP][PASSED] - workbook.write(fos): null

2019-12-16 05:10:00 - [TEST_STEP][PASSED] - fos.close(): null

2019-12-16 05:10:00 - [TEST_STEP][PASSED] - delay(1): Delayed 1 second(s)

2019-12-16 05:10:01 - [MESSAGE][PASSED] - Delayed 1 second(s)

2019-12-16 05:10:01 - [TEST_STEP][PASSED] - (var_row++): null]]></system-out>
         <system-err><![CDATA[]]></system-err>
      </testcase>
      <testcase name="Test Cases/p4p_newReservationSpaService" time="70.556" classname="Test Cases/p4p_newReservationSpaService" status="PASSED">
         <system-out><![CDATA[2019-12-16 05:10:01 - [TEST_CASE][PASSED] - Test Cases/p4p_newReservationSpaService: Test Cases/p4p_newReservationSpaService

2019-12-16 05:10:01 - [TEST_STEP][PASSED] - openBrowser("https://p4p-qa-bg.aws.paradise4paws.com/login/"): Browser is opened with url: 'https://p4p-qa-bg.aws.paradise4paws.com/login/'

2019-12-16 05:10:01 - [MESSAGE][WARNING] - A browser is already opened. Closing browser and opening a new one

2019-12-16 05:10:02 - [MESSAGE][INFO] - Starting 'Firefox' driver

2019-12-16 05:10:05 - [MESSAGE][PASSED] - Browser is opened with url: 'https://p4p-qa-bg.aws.paradise4paws.com/login/'

2019-12-16 05:10:05 - [TEST_STEP][PASSED] - setText(findTestObject("Object Repository/object_login/input_user"), var_user): Text 'jegchavez@gmail.com' is set on object 'Object Repository/object_login/input_user'

2019-12-16 05:10:06 - [MESSAGE][PASSED] - Text 'jegchavez@gmail.com' is set on object 'Object Repository/object_login/input_user'

2019-12-16 05:10:06 - [TEST_STEP][PASSED] - setText(findTestObject("Object Repository/object_login/input_pass"), var_pass): Text 'admin1' is set on object 'Object Repository/object_login/input_pass'

2019-12-16 05:10:06 - [MESSAGE][PASSED] - Text 'admin1' is set on object 'Object Repository/object_login/input_pass'

2019-12-16 05:10:06 - [TEST_STEP][PASSED] - delay(2): Delayed 2 second(s)

2019-12-16 05:10:08 - [MESSAGE][PASSED] - Delayed 2 second(s)

2019-12-16 05:10:08 - [TEST_STEP][PASSED] - verifyElementClickable(findTestObject("Object Repository/object_login/btn_login")): Object 'Object Repository/object_login/btn_login' is clickable

2019-12-16 05:10:08 - [MESSAGE][PASSED] - Object 'Object Repository/object_login/btn_login' is clickable

2019-12-16 05:10:08 - [TEST_STEP][PASSED] - click(findTestObject("Object Repository/object_login/btn_login")): Object: 'Object Repository/object_login/btn_login' is clicked on

2019-12-16 05:10:11 - [MESSAGE][PASSED] - Object: 'Object Repository/object_login/btn_login' is clicked on

2019-12-16 05:10:11 - [TEST_STEP][PASSED] - delay(2): Delayed 2 second(s)

2019-12-16 05:10:13 - [MESSAGE][PASSED] - Delayed 2 second(s)

2019-12-16 05:10:13 - [TEST_STEP][PASSED] - setText(findTestObject("Object Repository/object_dashboard_emp/input_search"), var_searchParent): Text 'leongarzagarza@hotmail.com' is set on object 'Object Repository/object_dashboard_emp/input_search'

2019-12-16 05:10:13 - [MESSAGE][PASSED] - Text 'leongarzagarza@hotmail.com' is set on object 'Object Repository/object_dashboard_emp/input_search'

2019-12-16 05:10:13 - [TEST_STEP][PASSED] - click(findTestObject("Object Repository/object_dashboard_emp/btn_accountSearch")): Object: 'Object Repository/object_dashboard_emp/btn_accountSearch' is clicked on

2019-12-16 05:10:14 - [MESSAGE][PASSED] - Object: 'Object Repository/object_dashboard_emp/btn_accountSearch' is clicked on

2019-12-16 05:10:14 - [TEST_STEP][PASSED] - delay(2): Delayed 2 second(s)

2019-12-16 05:10:16 - [MESSAGE][PASSED] - Delayed 2 second(s)

2019-12-16 05:10:16 - [TEST_STEP][PASSED] - click(findTestObject("Object Repository/object_accountInformation/a_TEST GABRIEL PROD")): Object: 'Object Repository/object_accountInformation/a_TEST GABRIEL PROD' is clicked on

2019-12-16 05:10:20 - [MESSAGE][PASSED] - Object: 'Object Repository/object_accountInformation/a_TEST GABRIEL PROD' is clicked on

2019-12-16 05:10:20 - [TEST_STEP][PASSED] - delay(2): Delayed 2 second(s)

2019-12-16 05:10:22 - [MESSAGE][PASSED] - Delayed 2 second(s)

2019-12-16 05:10:22 - [TEST_STEP][PASSED] - click(findTestObject("Object Repository/object_profile/a_addReservation")): Object: 'Object Repository/object_profile/a_addReservation' is clicked on

2019-12-16 05:10:24 - [MESSAGE][PASSED] - Object: 'Object Repository/object_profile/a_addReservation' is clicked on

2019-12-16 05:10:24 - [TEST_STEP][PASSED] - delay(2): Delayed 2 second(s)

2019-12-16 05:10:26 - [MESSAGE][PASSED] - Delayed 2 second(s)

2019-12-16 05:10:26 - [TEST_STEP][PASSED] - flagBoar = "0": null

2019-12-16 05:10:26 - [TEST_STEP][PASSED] - log = new com.kms.katalon.core.logging.KeywordLogger(): null

2019-12-16 05:10:26 - [TEST_STEP][PASSED] - if (var_typeReserveation == "Boarding"): null

2019-12-16 05:10:26 - [TEST_STEP][PASSED] - else if (var_typeReserveation == "Daycare"): null

2019-12-16 05:10:26 - [TEST_STEP][PASSED] - else if (var_typeReserveation == "SpaService"): null

2019-12-16 05:10:26 - [TEST_STEP][PASSED] - click(findTestObject("object_reservation/btn_Spa Service")): Object: 'Object Repository/object_reservation/btn_Spa Service' is clicked on

2019-12-16 05:10:26 - [MESSAGE][PASSED] - Object: 'Object Repository/object_reservation/btn_Spa Service' is clicked on

2019-12-16 05:10:26 - [TEST_STEP][PASSED] - flagBoar = "3": null

2019-12-16 05:10:26 - [TEST_STEP][PASSED] - click(findTestObject("Object Repository/object_reservation/i_location")): Object: 'Object Repository/object_reservation/i_location' is clicked on

2019-12-16 05:10:29 - [MESSAGE][PASSED] - Object: 'Object Repository/object_reservation/i_location' is clicked on

2019-12-16 05:10:29 - [TEST_STEP][PASSED] - switch (var_idFacility): null

2019-12-16 05:10:29 - [TEST_STEP][PASSED] - dateCI = var_checkinD.split(","): null

2019-12-16 05:10:29 - [TEST_STEP][PASSED] - dateCO = var_checkoutD.split(","): null

2019-12-16 05:10:29 - [TEST_STEP][PASSED] - arryPets = var_pets.split(","): null

2019-12-16 05:10:29 - [TEST_STEP][PASSED] - delay(2): Delayed 2 second(s)

2019-12-16 05:10:31 - [MESSAGE][PASSED] - Delayed 2 second(s)

2019-12-16 05:10:31 - [TEST_STEP][PASSED] - if (var_repeting == "Y"): null

2019-12-16 05:10:31 - [TEST_STEP][PASSED] - click(findTestObject("Object Repository/object_reservation/dateCheckIn")): Object: 'Object Repository/object_reservation/dateCheckIn' is clicked on

2019-12-16 05:10:31 - [MESSAGE][PASSED] - Object: 'Object Repository/object_reservation/dateCheckIn' is clicked on

2019-12-16 05:10:31 - [TEST_STEP][PASSED] - delay(2): Delayed 2 second(s)

2019-12-16 05:10:33 - [MESSAGE][PASSED] - Delayed 2 second(s)

2019-12-16 05:10:33 - [TEST_STEP][PASSED] - switch (dateCI[0]): null

2019-12-16 05:10:33 - [TEST_STEP][PASSED] - case "5":: null

2019-12-16 05:10:33 - [TEST_STEP][PASSED] - click(findTestObject("Object Repository/Page_Paradise 4 Paws  Dog Boarding Cat Boarding Norwalk Pooch Hotel/button_05_ci")): Object: 'Object Repository/Page_Paradise 4 Paws  Dog Boarding Cat Boarding Norwalk Pooch Hotel/button_05_ci' is clicked on

2019-12-16 05:10:34 - [MESSAGE][PASSED] - Object: 'Object Repository/Page_Paradise 4 Paws  Dog Boarding Cat Boarding Norwalk Pooch Hotel/button_05_ci' is clicked on

2019-12-16 05:10:34 - [TEST_STEP][PASSED] - break: null

2019-12-16 05:10:34 - [TEST_STEP][PASSED] - if (flagBoar == "1"): null

2019-12-16 05:10:34 - [TEST_STEP][NOT_RUN] - click(findTestObject("Object Repository/object_reservationCalendar/CO_close")): NOT_RUN: click(findTestObject("Object Repository/object_reservationCalendar/CO_close"))

2019-12-16 05:10:34 - [MESSAGE][NOT_RUN] - NOT_RUN: click(findTestObject("Object Repository/object_reservationCalendar/CO_close"))

2019-12-16 05:10:34 - [TEST_STEP][PASSED] - click(findTestObject("Object Repository/object_reservation/timeCheckin")): Object: 'Object Repository/object_reservation/timeCheckin' is clicked on

2019-12-16 05:10:35 - [MESSAGE][PASSED] - Object: 'Object Repository/object_reservation/timeCheckin' is clicked on

2019-12-16 05:10:35 - [TEST_STEP][PASSED] - switch (var_checkinT): null

2019-12-16 05:10:35 - [TEST_STEP][PASSED] - case "800":: null

2019-12-16 05:10:35 - [TEST_STEP][PASSED] - click(findTestObject("Object Repository/Page_Paradise 4 Paws  Dog Boarding Cat Boarding Norwalk Pooch Hotel/time_800am_ci")): Object: 'Object Repository/Page_Paradise 4 Paws  Dog Boarding Cat Boarding Norwalk Pooch Hotel/time_800am_ci' is clicked on

2019-12-16 05:10:35 - [MESSAGE][PASSED] - Object: 'Object Repository/Page_Paradise 4 Paws  Dog Boarding Cat Boarding Norwalk Pooch Hotel/time_800am_ci' is clicked on

2019-12-16 05:10:35 - [TEST_STEP][PASSED] - break: null

2019-12-16 05:10:35 - [TEST_STEP][PASSED] - click(findTestObject("Object Repository/object_reservation/timeCheckOut")): Object: 'Object Repository/object_reservation/timeCheckOut' is clicked on

2019-12-16 05:10:36 - [MESSAGE][PASSED] - Object: 'Object Repository/object_reservation/timeCheckOut' is clicked on

2019-12-16 05:10:36 - [TEST_STEP][PASSED] - switch (var_checkoutT): null

2019-12-16 05:10:36 - [TEST_STEP][PASSED] - case "1200":: null

2019-12-16 05:10:36 - [TEST_STEP][PASSED] - click(findTestObject("Object Repository/Page_Paradise 4 Paws  Dog Boarding Cat Boarding Norwalk Pooch Hotel/time_1200pm_co")): Object: 'Object Repository/Page_Paradise 4 Paws  Dog Boarding Cat Boarding Norwalk Pooch Hotel/time_1200pm_co' is clicked on

2019-12-16 05:10:37 - [MESSAGE][PASSED] - Object: 'Object Repository/Page_Paradise 4 Paws  Dog Boarding Cat Boarding Norwalk Pooch Hotel/time_1200pm_co' is clicked on

2019-12-16 05:10:37 - [TEST_STEP][PASSED] - break: null

2019-12-16 05:10:37 - [TEST_STEP][PASSED] - delay(2): Delayed 2 second(s)

2019-12-16 05:10:39 - [MESSAGE][PASSED] - Delayed 2 second(s)

2019-12-16 05:10:39 - [TEST_STEP][PASSED] - if (arryPets.size() == 1): null

2019-12-16 05:10:39 - [TEST_STEP][PASSED] - else if (arryPets.size() == 2): Object: 'Object Repository/object_reservation/div_Zeus' is clicked on

2019-12-16 05:10:39 - [TEST_STEP][PASSED] - click(findTestObject("object_reservation/Page_Paradise 4 Paws  Dog Boarding Cat Boarding Norwalk Pooch Hotel/div_Ares")): Object: 'Object Repository/object_reservation/Page_Paradise 4 Paws  Dog Boarding Cat Boarding Norwalk Pooch Hotel/div_Ares' is clicked on

2019-12-16 05:10:40 - [MESSAGE][PASSED] - Object: 'Object Repository/object_reservation/Page_Paradise 4 Paws  Dog Boarding Cat Boarding Norwalk Pooch Hotel/div_Ares' is clicked on

2019-12-16 05:10:40 - [TEST_STEP][PASSED] - click(findTestObject("object_reservation/div_Zeus")): Object: 'Object Repository/object_reservation/div_Zeus' is clicked on

2019-12-16 05:10:45 - [MESSAGE][PASSED] - Object: 'Object Repository/object_reservation/div_Zeus' is clicked on

2019-12-16 05:10:45 - [TEST_STEP][NOT_RUN] - click(findTestObject("object_reservations/i_Day_fa fa-circle-o ng-scope")): NOT_RUN: click(findTestObject("object_reservations/i_Day_fa fa-circle-o ng-scope"))

2019-12-16 05:10:45 - [MESSAGE][NOT_RUN] - NOT_RUN: click(findTestObject("object_reservations/i_Day_fa fa-circle-o ng-scope"))

2019-12-16 05:10:45 - [TEST_STEP][PASSED] - if (flagBoar == "1" || flagBoar == "2"): null

2019-12-16 05:10:45 - [TEST_STEP][PASSED] - click(findTestObject("Object Repository/object_reservation/btn_next2")): Object: 'Object Repository/object_reservation/btn_next2' is clicked on

2019-12-16 05:10:48 - [MESSAGE][PASSED] - Object: 'Object Repository/object_reservation/btn_next2' is clicked on

2019-12-16 05:10:48 - [TEST_STEP][PASSED] - delay(3): Delayed 3 second(s)

2019-12-16 05:10:51 - [MESSAGE][PASSED] - Delayed 3 second(s)

2019-12-16 05:10:51 - [TEST_STEP][PASSED] - if (flagBoar == "1"): null

2019-12-16 05:10:51 - [TEST_STEP][PASSED] - delay(2): Delayed 2 second(s)

2019-12-16 05:10:53 - [MESSAGE][PASSED] - Delayed 2 second(s)

2019-12-16 05:10:53 - [TEST_STEP][PASSED] - click(findTestObject("Object Repository/object_reservation/btn_next2")): Object: 'Object Repository/object_reservation/btn_next2' is clicked on

2019-12-16 05:10:53 - [MESSAGE][PASSED] - Object: 'Object Repository/object_reservation/btn_next2' is clicked on

2019-12-16 05:10:53 - [TEST_STEP][PASSED] - click(findTestObject("Object Repository/object_reservation/button_Submit Reservation")): Object: 'Object Repository/object_reservation/button_Submit Reservation' is clicked on

2019-12-16 05:10:55 - [MESSAGE][PASSED] - Object: 'Object Repository/object_reservation/button_Submit Reservation' is clicked on

2019-12-16 05:10:55 - [TEST_STEP][PASSED] - delay(2): Delayed 2 second(s)

2019-12-16 05:10:57 - [MESSAGE][PASSED] - Delayed 2 second(s)

2019-12-16 05:10:57 - [TEST_STEP][PASSED] - if (flagBoar == "2" && var_repeatingEvery == "Daily" || var_repeatingEvery == "Monthly" || var_repeatingEvery == "Weekly"): null

2019-12-16 05:10:57 - [TEST_STEP][PASSED] - else: null

2019-12-16 05:10:57 - [TEST_STEP][PASSED] - delay(2): Delayed 2 second(s)

2019-12-16 05:10:59 - [MESSAGE][PASSED] - Delayed 2 second(s)

2019-12-16 05:10:59 - [TEST_STEP][PASSED] - click(findTestObject("Object Repository/object_reservation/button_Return To Reservation")): Object: 'Object Repository/object_reservation/button_Return To Reservation' is clicked on

2019-12-16 05:11:00 - [MESSAGE][PASSED] - Object: 'Object Repository/object_reservation/button_Return To Reservation' is clicked on

2019-12-16 05:11:00 - [TEST_STEP][PASSED] - delay(6): Delayed 6 second(s)

2019-12-16 05:11:06 - [MESSAGE][PASSED] - Delayed 6 second(s)

2019-12-16 05:11:06 - [TEST_STEP][PASSED] - click(findTestObject("Object Repository/object_reservation/Page_Paradise 4 Paws  Dog Boarding Cat Boar_35fe2b/button_Go to CheckOut")): Object: 'Object Repository/object_reservation/Page_Paradise 4 Paws  Dog Boarding Cat Boar_35fe2b/button_Go to CheckOut' is clicked on

2019-12-16 05:11:08 - [MESSAGE][PASSED] - Object: 'Object Repository/object_reservation/Page_Paradise 4 Paws  Dog Boarding Cat Boar_35fe2b/button_Go to CheckOut' is clicked on

2019-12-16 05:11:08 - [TEST_STEP][PASSED] - delay(2): Delayed 2 second(s)

2019-12-16 05:11:10 - [MESSAGE][PASSED] - Delayed 2 second(s)

2019-12-16 05:11:10 - [TEST_STEP][PASSED] - log.logInfo(getText(findTestObject("Object Repository/object_reservation/Page_Paradise 4 Paws  Dog Boarding Cat Boar_35fe2b/span_( BK )"))): ( BK )

2019-12-16 05:11:10 - [MESSAGE][PASSED] - Text of object 'Object Repository/object_reservation/Page_Paradise 4 Paws  Dog Boarding Cat Boar_35fe2b/span_( BK )' is: '( BK )'

2019-12-16 05:11:10 - [MESSAGE][INFO] - ( BK )

2019-12-16 05:11:10 - [TEST_STEP][PASSED] - var_url = getUrl(): Current window's url is: 'https://p4p-qa-bg.aws.paradise4paws.com/frontdesk/checkout/1702506/?parent_id=122350'

2019-12-16 05:11:10 - [MESSAGE][PASSED] - Current window's url is: 'https://p4p-qa-bg.aws.paradise4paws.com/frontdesk/checkout/1702506/?parent_id=122350'

2019-12-16 05:11:10 - [TEST_STEP][PASSED] - arrayUrl = var_url.split("/"): null

2019-12-16 05:11:10 - [TEST_STEP][PASSED] - var = Integer.parseInt(var_idRowRes): null

2019-12-16 05:11:10 - [TEST_STEP][PASSED] - verifyElementText(findTestObject("Object Repository/object_reservation/Page_Paradise 4 Paws  Dog Boarding Cat Boar_35fe2b/span_( BK )"), "( BK )", STOP_ON_FAILURE): Actual text and expected text of test object 'Object Repository/object_reservation/Page_Paradise 4 Paws  Dog Boarding Cat Boar_35fe2b/span_( BK )' are matched.

2019-12-16 05:11:10 - [MESSAGE][PASSED] - Actual text and expected text of test object 'Object Repository/object_reservation/Page_Paradise 4 Paws  Dog Boarding Cat Boar_35fe2b/span_( BK )' are matched.

2019-12-16 05:11:10 - [TEST_STEP][PASSED] - fis = new java.io.FileInputStream(/home/leonardo-arkusmty/Desktop/P4P/DATA_AUTOMATINTESTING/data_1newReservationSpaService.xlsx): null

2019-12-16 05:11:10 - [TEST_STEP][PASSED] - workbook = new org.apache.poi.xssf.usermodel.XSSFWorkbook(fis): null

2019-12-16 05:11:10 - [TEST_STEP][PASSED] - sheet = workbook.getSheet("Sheet1"): null

2019-12-16 05:11:10 - [TEST_STEP][PASSED] - rowCount = var_row: null

2019-12-16 05:11:10 - [TEST_STEP][PASSED] - row = sheet.getRow(var): null

2019-12-16 05:11:10 - [TEST_STEP][PASSED] - cell = row.createCell(15, 0): null

2019-12-16 05:11:10 - [TEST_STEP][PASSED] - cell.setCellType(CELL_TYPE_STRING): null

2019-12-16 05:11:10 - [TEST_STEP][PASSED] - cell.setCellValue(arrayUrl[5]): null

2019-12-16 05:11:10 - [TEST_STEP][PASSED] - cell2 = row.createCell(16, 0): null

2019-12-16 05:11:10 - [TEST_STEP][PASSED] - cell2.setCellType(CELL_TYPE_STRING): null

2019-12-16 05:11:10 - [TEST_STEP][PASSED] - cell2.setCellValue(getText(findTestObject("Object Repository/object_reservation/Page_Paradise 4 Paws  Dog Boarding Cat Boar_35fe2b/span_( BK )"))): Text of object 'Object Repository/object_reservation/Page_Paradise 4 Paws  Dog Boarding Cat Boar_35fe2b/span_( BK )' is: '( BK )'

2019-12-16 05:11:11 - [MESSAGE][PASSED] - Text of object 'Object Repository/object_reservation/Page_Paradise 4 Paws  Dog Boarding Cat Boar_35fe2b/span_( BK )' is: '( BK )'

2019-12-16 05:11:11 - [TEST_STEP][PASSED] - fos = new java.io.FileOutputStream(/home/leonardo-arkusmty/Desktop/P4P/DATA_AUTOMATINTESTING/data_1newReservationSpaService.xlsx): null

2019-12-16 05:11:11 - [TEST_STEP][PASSED] - workbook.write(fos): null

2019-12-16 05:11:11 - [TEST_STEP][PASSED] - fos.close(): null

2019-12-16 05:11:11 - [TEST_STEP][PASSED] - delay(1): Delayed 1 second(s)

2019-12-16 05:11:12 - [MESSAGE][PASSED] - Delayed 1 second(s)

2019-12-16 05:11:12 - [TEST_STEP][PASSED] - (var_row++): null]]></system-out>
         <system-err><![CDATA[]]></system-err>
      </testcase>
      <testcase name="Test Cases/p4p_newReservationSpaService" time="75.413" classname="Test Cases/p4p_newReservationSpaService" status="PASSED">
         <system-out><![CDATA[2019-12-16 05:11:12 - [TEST_CASE][PASSED] - Test Cases/p4p_newReservationSpaService: Test Cases/p4p_newReservationSpaService

2019-12-16 05:11:12 - [TEST_STEP][PASSED] - openBrowser("https://p4p-qa-bg.aws.paradise4paws.com/login/"): Browser is opened with url: 'https://p4p-qa-bg.aws.paradise4paws.com/login/'

2019-12-16 05:11:12 - [MESSAGE][WARNING] - A browser is already opened. Closing browser and opening a new one

2019-12-16 05:11:12 - [MESSAGE][INFO] - Starting 'Firefox' driver

2019-12-16 05:11:15 - [MESSAGE][PASSED] - Browser is opened with url: 'https://p4p-qa-bg.aws.paradise4paws.com/login/'

2019-12-16 05:11:15 - [TEST_STEP][PASSED] - setText(findTestObject("Object Repository/object_login/input_user"), var_user): Text 'jegchavez@gmail.com' is set on object 'Object Repository/object_login/input_user'

2019-12-16 05:11:16 - [MESSAGE][PASSED] - Text 'jegchavez@gmail.com' is set on object 'Object Repository/object_login/input_user'

2019-12-16 05:11:16 - [TEST_STEP][PASSED] - setText(findTestObject("Object Repository/object_login/input_pass"), var_pass): Text 'admin1' is set on object 'Object Repository/object_login/input_pass'

2019-12-16 05:11:16 - [MESSAGE][PASSED] - Text 'admin1' is set on object 'Object Repository/object_login/input_pass'

2019-12-16 05:11:16 - [TEST_STEP][PASSED] - delay(2): Delayed 2 second(s)

2019-12-16 05:11:18 - [MESSAGE][PASSED] - Delayed 2 second(s)

2019-12-16 05:11:18 - [TEST_STEP][PASSED] - verifyElementClickable(findTestObject("Object Repository/object_login/btn_login")): Object 'Object Repository/object_login/btn_login' is clickable

2019-12-16 05:11:19 - [MESSAGE][PASSED] - Object 'Object Repository/object_login/btn_login' is clickable

2019-12-16 05:11:19 - [TEST_STEP][PASSED] - click(findTestObject("Object Repository/object_login/btn_login")): Object: 'Object Repository/object_login/btn_login' is clicked on

2019-12-16 05:11:21 - [MESSAGE][PASSED] - Object: 'Object Repository/object_login/btn_login' is clicked on

2019-12-16 05:11:21 - [TEST_STEP][PASSED] - delay(2): Delayed 2 second(s)

2019-12-16 05:11:23 - [MESSAGE][PASSED] - Delayed 2 second(s)

2019-12-16 05:11:23 - [TEST_STEP][PASSED] - setText(findTestObject("Object Repository/object_dashboard_emp/input_search"), var_searchParent): Text 'leongarzagarza@hotmail.com' is set on object 'Object Repository/object_dashboard_emp/input_search'

2019-12-16 05:11:24 - [MESSAGE][PASSED] - Text 'leongarzagarza@hotmail.com' is set on object 'Object Repository/object_dashboard_emp/input_search'

2019-12-16 05:11:24 - [TEST_STEP][PASSED] - click(findTestObject("Object Repository/object_dashboard_emp/btn_accountSearch")): Object: 'Object Repository/object_dashboard_emp/btn_accountSearch' is clicked on

2019-12-16 05:11:25 - [MESSAGE][PASSED] - Object: 'Object Repository/object_dashboard_emp/btn_accountSearch' is clicked on

2019-12-16 05:11:25 - [TEST_STEP][PASSED] - delay(2): Delayed 2 second(s)

2019-12-16 05:11:27 - [MESSAGE][PASSED] - Delayed 2 second(s)

2019-12-16 05:11:27 - [TEST_STEP][PASSED] - click(findTestObject("Object Repository/object_accountInformation/a_TEST GABRIEL PROD")): Object: 'Object Repository/object_accountInformation/a_TEST GABRIEL PROD' is clicked on

2019-12-16 05:11:31 - [MESSAGE][PASSED] - Object: 'Object Repository/object_accountInformation/a_TEST GABRIEL PROD' is clicked on

2019-12-16 05:11:31 - [TEST_STEP][PASSED] - delay(2): Delayed 2 second(s)

2019-12-16 05:11:33 - [MESSAGE][PASSED] - Delayed 2 second(s)

2019-12-16 05:11:33 - [TEST_STEP][PASSED] - click(findTestObject("Object Repository/object_profile/a_addReservation")): Object: 'Object Repository/object_profile/a_addReservation' is clicked on

2019-12-16 05:11:34 - [MESSAGE][PASSED] - Object: 'Object Repository/object_profile/a_addReservation' is clicked on

2019-12-16 05:11:34 - [TEST_STEP][PASSED] - delay(2): Delayed 2 second(s)

2019-12-16 05:11:36 - [MESSAGE][PASSED] - Delayed 2 second(s)

2019-12-16 05:11:36 - [TEST_STEP][PASSED] - flagBoar = "0": null

2019-12-16 05:11:36 - [TEST_STEP][PASSED] - log = new com.kms.katalon.core.logging.KeywordLogger(): null

2019-12-16 05:11:36 - [TEST_STEP][PASSED] - if (var_typeReserveation == "Boarding"): null

2019-12-16 05:11:36 - [TEST_STEP][PASSED] - else if (var_typeReserveation == "Daycare"): null

2019-12-16 05:11:36 - [TEST_STEP][PASSED] - else if (var_typeReserveation == "SpaService"): null

2019-12-16 05:11:36 - [TEST_STEP][PASSED] - click(findTestObject("object_reservation/btn_Spa Service")): Object: 'Object Repository/object_reservation/btn_Spa Service' is clicked on

2019-12-16 05:11:37 - [MESSAGE][PASSED] - Object: 'Object Repository/object_reservation/btn_Spa Service' is clicked on

2019-12-16 05:11:37 - [TEST_STEP][PASSED] - flagBoar = "3": null

2019-12-16 05:11:37 - [TEST_STEP][PASSED] - click(findTestObject("Object Repository/object_reservation/i_location")): Object: 'Object Repository/object_reservation/i_location' is clicked on

2019-12-16 05:11:39 - [MESSAGE][PASSED] - Object: 'Object Repository/object_reservation/i_location' is clicked on

2019-12-16 05:11:39 - [TEST_STEP][PASSED] - switch (var_idFacility): null

2019-12-16 05:11:39 - [TEST_STEP][PASSED] - dateCI = var_checkinD.split(","): null

2019-12-16 05:11:39 - [TEST_STEP][PASSED] - dateCO = var_checkoutD.split(","): null

2019-12-16 05:11:39 - [TEST_STEP][PASSED] - arryPets = var_pets.split(","): null

2019-12-16 05:11:39 - [TEST_STEP][PASSED] - delay(2): Delayed 2 second(s)

2019-12-16 05:11:41 - [MESSAGE][PASSED] - Delayed 2 second(s)

2019-12-16 05:11:41 - [TEST_STEP][PASSED] - if (var_repeting == "Y"): null

2019-12-16 05:11:41 - [TEST_STEP][PASSED] - click(findTestObject("Object Repository/object_reservation/dateCheckIn")): Object: 'Object Repository/object_reservation/dateCheckIn' is clicked on

2019-12-16 05:11:42 - [MESSAGE][PASSED] - Object: 'Object Repository/object_reservation/dateCheckIn' is clicked on

2019-12-16 05:11:42 - [TEST_STEP][PASSED] - delay(2): Delayed 2 second(s)

2019-12-16 05:11:44 - [MESSAGE][PASSED] - Delayed 2 second(s)

2019-12-16 05:11:44 - [TEST_STEP][PASSED] - switch (dateCI[0]): null

2019-12-16 05:11:44 - [TEST_STEP][PASSED] - case "6":: null

2019-12-16 05:11:44 - [TEST_STEP][PASSED] - click(findTestObject("Object Repository/Page_Paradise 4 Paws  Dog Boarding Cat Boarding Norwalk Pooch Hotel/button_06_ci")): Object: 'Object Repository/Page_Paradise 4 Paws  Dog Boarding Cat Boarding Norwalk Pooch Hotel/button_06_ci' is clicked on

2019-12-16 05:11:44 - [MESSAGE][PASSED] - Object: 'Object Repository/Page_Paradise 4 Paws  Dog Boarding Cat Boarding Norwalk Pooch Hotel/button_06_ci' is clicked on

2019-12-16 05:11:44 - [TEST_STEP][PASSED] - break: null

2019-12-16 05:11:44 - [TEST_STEP][PASSED] - if (flagBoar == "1"): null

2019-12-16 05:11:44 - [TEST_STEP][NOT_RUN] - click(findTestObject("Object Repository/object_reservationCalendar/CO_close")): NOT_RUN: click(findTestObject("Object Repository/object_reservationCalendar/CO_close"))

2019-12-16 05:11:44 - [MESSAGE][NOT_RUN] - NOT_RUN: click(findTestObject("Object Repository/object_reservationCalendar/CO_close"))

2019-12-16 05:11:44 - [TEST_STEP][PASSED] - click(findTestObject("Object Repository/object_reservation/timeCheckin")): Object: 'Object Repository/object_reservation/timeCheckin' is clicked on

2019-12-16 05:11:45 - [MESSAGE][PASSED] - Object: 'Object Repository/object_reservation/timeCheckin' is clicked on

2019-12-16 05:11:45 - [TEST_STEP][PASSED] - switch (var_checkinT): null

2019-12-16 05:11:45 - [TEST_STEP][PASSED] - case "800":: null

2019-12-16 05:11:45 - [TEST_STEP][PASSED] - click(findTestObject("Object Repository/Page_Paradise 4 Paws  Dog Boarding Cat Boarding Norwalk Pooch Hotel/time_800am_ci")): Object: 'Object Repository/Page_Paradise 4 Paws  Dog Boarding Cat Boarding Norwalk Pooch Hotel/time_800am_ci' is clicked on

2019-12-16 05:11:46 - [MESSAGE][PASSED] - Object: 'Object Repository/Page_Paradise 4 Paws  Dog Boarding Cat Boarding Norwalk Pooch Hotel/time_800am_ci' is clicked on

2019-12-16 05:11:46 - [TEST_STEP][PASSED] - break: null

2019-12-16 05:11:46 - [TEST_STEP][PASSED] - click(findTestObject("Object Repository/object_reservation/timeCheckOut")): Object: 'Object Repository/object_reservation/timeCheckOut' is clicked on

2019-12-16 05:11:47 - [MESSAGE][PASSED] - Object: 'Object Repository/object_reservation/timeCheckOut' is clicked on

2019-12-16 05:11:47 - [TEST_STEP][PASSED] - switch (var_checkoutT): null

2019-12-16 05:11:47 - [TEST_STEP][PASSED] - case "1200":: null

2019-12-16 05:11:47 - [TEST_STEP][PASSED] - click(findTestObject("Object Repository/Page_Paradise 4 Paws  Dog Boarding Cat Boarding Norwalk Pooch Hotel/time_1200pm_co")): Object: 'Object Repository/Page_Paradise 4 Paws  Dog Boarding Cat Boarding Norwalk Pooch Hotel/time_1200pm_co' is clicked on

2019-12-16 05:11:47 - [MESSAGE][PASSED] - Object: 'Object Repository/Page_Paradise 4 Paws  Dog Boarding Cat Boarding Norwalk Pooch Hotel/time_1200pm_co' is clicked on

2019-12-16 05:11:47 - [TEST_STEP][PASSED] - break: null

2019-12-16 05:11:47 - [TEST_STEP][PASSED] - delay(2): Delayed 2 second(s)

2019-12-16 05:11:49 - [MESSAGE][PASSED] - Delayed 2 second(s)

2019-12-16 05:11:49 - [TEST_STEP][PASSED] - if (arryPets.size() == 1): null

2019-12-16 05:11:49 - [TEST_STEP][PASSED] - else if (arryPets.size() == 2): null

2019-12-16 05:11:49 - [TEST_STEP][PASSED] - else if (arryPets.size() == 3): Object: 'Object Repository/object_reservation/div_Athena' is clicked on

2019-12-16 05:11:49 - [TEST_STEP][PASSED] - click(findTestObject("object_reservation/Page_Paradise 4 Paws  Dog Boarding Cat Boarding Norwalk Pooch Hotel/div_Ares")): Object: 'Object Repository/object_reservation/Page_Paradise 4 Paws  Dog Boarding Cat Boarding Norwalk Pooch Hotel/div_Ares' is clicked on

2019-12-16 05:11:50 - [MESSAGE][PASSED] - Object: 'Object Repository/object_reservation/Page_Paradise 4 Paws  Dog Boarding Cat Boarding Norwalk Pooch Hotel/div_Ares' is clicked on

2019-12-16 05:11:50 - [TEST_STEP][PASSED] - click(findTestObject("object_reservation/div_Zeus")): Object: 'Object Repository/object_reservation/div_Zeus' is clicked on

2019-12-16 05:11:55 - [MESSAGE][PASSED] - Object: 'Object Repository/object_reservation/div_Zeus' is clicked on

2019-12-16 05:11:55 - [TEST_STEP][PASSED] - click(findTestObject("object_reservation/div_Athena")): Object: 'Object Repository/object_reservation/div_Athena' is clicked on

2019-12-16 05:11:59 - [MESSAGE][PASSED] - Object: 'Object Repository/object_reservation/div_Athena' is clicked on

2019-12-16 05:11:59 - [TEST_STEP][NOT_RUN] - click(findTestObject("object_reservations/i_Day_fa fa-circle-o ng-scope")): NOT_RUN: click(findTestObject("object_reservations/i_Day_fa fa-circle-o ng-scope"))

2019-12-16 05:11:59 - [MESSAGE][NOT_RUN] - NOT_RUN: click(findTestObject("object_reservations/i_Day_fa fa-circle-o ng-scope"))

2019-12-16 05:11:59 - [TEST_STEP][PASSED] - if (flagBoar == "1" || flagBoar == "2"): null

2019-12-16 05:11:59 - [TEST_STEP][PASSED] - click(findTestObject("Object Repository/object_reservation/btn_next2")): Object: 'Object Repository/object_reservation/btn_next2' is clicked on

2019-12-16 05:12:03 - [MESSAGE][PASSED] - Object: 'Object Repository/object_reservation/btn_next2' is clicked on

2019-12-16 05:12:03 - [TEST_STEP][PASSED] - delay(3): Delayed 3 second(s)

2019-12-16 05:12:06 - [MESSAGE][PASSED] - Delayed 3 second(s)

2019-12-16 05:12:06 - [TEST_STEP][PASSED] - if (flagBoar == "1"): null

2019-12-16 05:12:06 - [TEST_STEP][PASSED] - delay(2): Delayed 2 second(s)

2019-12-16 05:12:08 - [MESSAGE][PASSED] - Delayed 2 second(s)

2019-12-16 05:12:08 - [TEST_STEP][PASSED] - click(findTestObject("Object Repository/object_reservation/btn_next2")): Object: 'Object Repository/object_reservation/btn_next2' is clicked on

2019-12-16 05:12:09 - [MESSAGE][PASSED] - Object: 'Object Repository/object_reservation/btn_next2' is clicked on

2019-12-16 05:12:09 - [TEST_STEP][PASSED] - click(findTestObject("Object Repository/object_reservation/button_Submit Reservation")): Object: 'Object Repository/object_reservation/button_Submit Reservation' is clicked on

2019-12-16 05:12:11 - [MESSAGE][PASSED] - Object: 'Object Repository/object_reservation/button_Submit Reservation' is clicked on

2019-12-16 05:12:11 - [TEST_STEP][PASSED] - delay(2): Delayed 2 second(s)

2019-12-16 05:12:13 - [MESSAGE][PASSED] - Delayed 2 second(s)

2019-12-16 05:12:13 - [TEST_STEP][PASSED] - if (flagBoar == "2" && var_repeatingEvery == "Daily" || var_repeatingEvery == "Monthly" || var_repeatingEvery == "Weekly"): null

2019-12-16 05:12:13 - [TEST_STEP][PASSED] - else: null

2019-12-16 05:12:13 - [TEST_STEP][PASSED] - delay(2): Delayed 2 second(s)

2019-12-16 05:12:15 - [MESSAGE][PASSED] - Delayed 2 second(s)

2019-12-16 05:12:15 - [TEST_STEP][PASSED] - click(findTestObject("Object Repository/object_reservation/button_Return To Reservation")): Object: 'Object Repository/object_reservation/button_Return To Reservation' is clicked on

2019-12-16 05:12:15 - [MESSAGE][PASSED] - Object: 'Object Repository/object_reservation/button_Return To Reservation' is clicked on

2019-12-16 05:12:15 - [TEST_STEP][PASSED] - delay(6): Delayed 6 second(s)

2019-12-16 05:12:21 - [MESSAGE][PASSED] - Delayed 6 second(s)

2019-12-16 05:12:21 - [TEST_STEP][PASSED] - click(findTestObject("Object Repository/object_reservation/Page_Paradise 4 Paws  Dog Boarding Cat Boar_35fe2b/button_Go to CheckOut")): Object: 'Object Repository/object_reservation/Page_Paradise 4 Paws  Dog Boarding Cat Boar_35fe2b/button_Go to CheckOut' is clicked on

2019-12-16 05:12:23 - [MESSAGE][PASSED] - Object: 'Object Repository/object_reservation/Page_Paradise 4 Paws  Dog Boarding Cat Boar_35fe2b/button_Go to CheckOut' is clicked on

2019-12-16 05:12:23 - [TEST_STEP][PASSED] - delay(2): Delayed 2 second(s)

2019-12-16 05:12:25 - [MESSAGE][PASSED] - Delayed 2 second(s)

2019-12-16 05:12:25 - [TEST_STEP][PASSED] - log.logInfo(getText(findTestObject("Object Repository/object_reservation/Page_Paradise 4 Paws  Dog Boarding Cat Boar_35fe2b/span_( BK )"))): ( BK )

2019-12-16 05:12:26 - [MESSAGE][PASSED] - Text of object 'Object Repository/object_reservation/Page_Paradise 4 Paws  Dog Boarding Cat Boar_35fe2b/span_( BK )' is: '( BK )'

2019-12-16 05:12:26 - [MESSAGE][INFO] - ( BK )

2019-12-16 05:12:26 - [TEST_STEP][PASSED] - var_url = getUrl(): Current window's url is: 'https://p4p-qa-bg.aws.paradise4paws.com/frontdesk/checkout/1702507/?parent_id=122350'

2019-12-16 05:12:26 - [MESSAGE][PASSED] - Current window's url is: 'https://p4p-qa-bg.aws.paradise4paws.com/frontdesk/checkout/1702507/?parent_id=122350'

2019-12-16 05:12:26 - [TEST_STEP][PASSED] - arrayUrl = var_url.split("/"): null

2019-12-16 05:12:26 - [TEST_STEP][PASSED] - var = Integer.parseInt(var_idRowRes): null

2019-12-16 05:12:26 - [TEST_STEP][PASSED] - verifyElementText(findTestObject("Object Repository/object_reservation/Page_Paradise 4 Paws  Dog Boarding Cat Boar_35fe2b/span_( BK )"), "( BK )", STOP_ON_FAILURE): Actual text and expected text of test object 'Object Repository/object_reservation/Page_Paradise 4 Paws  Dog Boarding Cat Boar_35fe2b/span_( BK )' are matched.

2019-12-16 05:12:26 - [MESSAGE][PASSED] - Actual text and expected text of test object 'Object Repository/object_reservation/Page_Paradise 4 Paws  Dog Boarding Cat Boar_35fe2b/span_( BK )' are matched.

2019-12-16 05:12:26 - [TEST_STEP][PASSED] - fis = new java.io.FileInputStream(/home/leonardo-arkusmty/Desktop/P4P/DATA_AUTOMATINTESTING/data_1newReservationSpaService.xlsx): null

2019-12-16 05:12:26 - [TEST_STEP][PASSED] - workbook = new org.apache.poi.xssf.usermodel.XSSFWorkbook(fis): null

2019-12-16 05:12:26 - [TEST_STEP][PASSED] - sheet = workbook.getSheet("Sheet1"): null

2019-12-16 05:12:26 - [TEST_STEP][PASSED] - rowCount = var_row: null

2019-12-16 05:12:26 - [TEST_STEP][PASSED] - row = sheet.getRow(var): null

2019-12-16 05:12:26 - [TEST_STEP][PASSED] - cell = row.createCell(15, 0): null

2019-12-16 05:12:26 - [TEST_STEP][PASSED] - cell.setCellType(CELL_TYPE_STRING): null

2019-12-16 05:12:26 - [TEST_STEP][PASSED] - cell.setCellValue(arrayUrl[5]): null

2019-12-16 05:12:26 - [TEST_STEP][PASSED] - cell2 = row.createCell(16, 0): null

2019-12-16 05:12:26 - [TEST_STEP][PASSED] - cell2.setCellType(CELL_TYPE_STRING): null

2019-12-16 05:12:26 - [TEST_STEP][PASSED] - cell2.setCellValue(getText(findTestObject("Object Repository/object_reservation/Page_Paradise 4 Paws  Dog Boarding Cat Boar_35fe2b/span_( BK )"))): Text of object 'Object Repository/object_reservation/Page_Paradise 4 Paws  Dog Boarding Cat Boar_35fe2b/span_( BK )' is: '( BK )'

2019-12-16 05:12:26 - [MESSAGE][PASSED] - Text of object 'Object Repository/object_reservation/Page_Paradise 4 Paws  Dog Boarding Cat Boar_35fe2b/span_( BK )' is: '( BK )'

2019-12-16 05:12:26 - [TEST_STEP][PASSED] - fos = new java.io.FileOutputStream(/home/leonardo-arkusmty/Desktop/P4P/DATA_AUTOMATINTESTING/data_1newReservationSpaService.xlsx): null

2019-12-16 05:12:26 - [TEST_STEP][PASSED] - workbook.write(fos): null

2019-12-16 05:12:26 - [TEST_STEP][PASSED] - fos.close(): null

2019-12-16 05:12:26 - [TEST_STEP][PASSED] - delay(1): Delayed 1 second(s)

2019-12-16 05:12:27 - [MESSAGE][PASSED] - Delayed 1 second(s)

2019-12-16 05:12:27 - [TEST_STEP][PASSED] - (var_row++): null]]></system-out>
         <system-err><![CDATA[]]></system-err>
      </testcase>
      <system-out><![CDATA[2019-12-16 05:08:51 - [TEST_SUITE][PASSED] - ts_newReservationSpaservice: Test Cases/p4p_newReservationSpaService]]></system-out>
      <system-err><![CDATA[]]></system-err>
   </testsuite>
</testsuites>
