<?xml version="1.0" encoding="UTF-8"?>
<testsuites name="ts_newReservation" time="24.508" tests="1" failures="0" errors="0">
   <testsuite name="ts_newReservation" tests="1" failures="0" errors="0" time="24.508" timestamp="2019-11-25 12:34:07" hostname="leonardo-arkusmty - leonardoarkusmty-Inspiron-5577" id="Test Suites/ts_newReservation">
      <properties>
         <property name="deviceName" value=""/>
         <property name="devicePlatform" value=""/>
         <property name="logFolder" value="/home/leonardo-arkusmty/Documents/workspaceKatalon/p4ptest/Reports/20191125_123406/ts_newReservation/20191125_123406"/>
         <property name="logFiles" value="/home/leonardo-arkusmty/Documents/workspaceKatalon/p4ptest/Reports/20191125_123406/ts_newReservation/20191125_123406/execution0.log"/>
         <property name="attachments" value=""/>
         <property name="hostName" value="leonardo-arkusmty - leonardoarkusmty-Inspiron-5577"/>
         <property name="os" value="Linux 64bit"/>
         <property name="katalonVersion" value="7.0.8.1"/>
         <property name="browser" value="Firefox 70.0"/>
         <property name="hostAddress" value="127.0.1.1"/>
         <property name="sessionId" value="9115aee0-7199-4dd3-aab0-4bea5d6f48f1"/>
         <property name="seleniumVersion" value="3.141.59"/>
         <property name="proxyInformation" value="ProxyInformation{proxyOption=NO_PROXY, proxyServerType=HTTP, password=, proxyServerAddress=, proxyServerPort=0}"/>
         <property name="platform" value="Linux"/>
      </properties>
      <testcase name="Test Cases/p4p_newReservation" time="21.276" classname="Test Cases/p4p_newReservation" status="PASSED">
         <system-out><![CDATA[2019-11-25 12:34:08 - [TEST_CASE][PASSED] - Test Cases/p4p_newReservation: Test Cases/p4p_newReservation

2019-11-25 12:34:08 - [TEST_STEP][PASSED] - openBrowser("https://p4p-qa-bg.aws.paradise4paws.com/login/"): Browser is opened with url: 'https://p4p-qa-bg.aws.paradise4paws.com/login/'

2019-11-25 12:34:08 - [MESSAGE][INFO] - Starting 'Firefox' driver

2019-11-25 12:34:08 - [MESSAGE][INFO] - Action delay is set to 0 seconds

2019-11-25 12:34:14 - [MESSAGE][PASSED] - Browser is opened with url: 'https://p4p-qa-bg.aws.paradise4paws.com/login/'

2019-11-25 12:34:14 - [TEST_STEP][PASSED] - setText(findTestObject("object_login/input_user"), user): Text 'jegchavez@gmail.com' is set on object 'Object Repository/object_login/input_user'

2019-11-25 12:34:15 - [MESSAGE][PASSED] - Text 'jegchavez@gmail.com' is set on object 'Object Repository/object_login/input_user'

2019-11-25 12:34:15 - [TEST_STEP][PASSED] - setText(findTestObject("object_login/input_pass"), pass): Text 'admin1' is set on object 'Object Repository/object_login/input_pass'

2019-11-25 12:34:16 - [MESSAGE][PASSED] - Text 'admin1' is set on object 'Object Repository/object_login/input_pass'

2019-11-25 12:34:16 - [TEST_STEP][PASSED] - delay(2): Delayed 2 second(s)

2019-11-25 12:34:18 - [MESSAGE][PASSED] - Delayed 2 second(s)

2019-11-25 12:34:18 - [TEST_STEP][PASSED] - verifyElementClickable(findTestObject("object_login/btn_login")): Object 'Object Repository/object_login/btn_login' is clickable

2019-11-25 12:34:20 - [MESSAGE][PASSED] - Object 'Object Repository/object_login/btn_login' is clickable

2019-11-25 12:34:20 - [TEST_STEP][PASSED] - click(findTestObject("object_login/btn_login")): Object: 'Object Repository/object_login/btn_login' is clicked on

2019-11-25 12:34:25 - [MESSAGE][PASSED] - Object: 'Object Repository/object_login/btn_login' is clicked on

2019-11-25 12:34:25 - [TEST_STEP][PASSED] - delay(3): Delayed 3 second(s)

2019-11-25 12:34:28 - [MESSAGE][PASSED] - Delayed 3 second(s)

2019-11-25 12:34:28 - [TEST_STEP][PASSED] - navigateToUrl(url): Navigate to 'https://p4p-qa-bg.aws.paradise4paws.com/frontdesk/reservation/1702008/?parent_id=97558&type=DOG' successfully

2019-11-25 12:34:29 - [MESSAGE][PASSED] - Navigate to 'https://p4p-qa-bg.aws.paradise4paws.com/frontdesk/reservation/1702008/?parent_id=97558&type=DOG' successfully]]></system-out>
         <system-err><![CDATA[]]></system-err>
      </testcase>
      <system-out><![CDATA[2019-11-25 12:34:07 - [TEST_SUITE][PASSED] - ts_newReservation: Test Cases/p4p_newReservation]]></system-out>
      <system-err><![CDATA[]]></system-err>
   </testsuite>
</testsuites>
