<?xml version="1.0" encoding="UTF-8"?>
<testsuites name="ts_newReservation" time="37.967" tests="1" failures="0" errors="0">
   <testsuite name="ts_newReservation" tests="1" failures="0" errors="0" time="37.967" timestamp="2019-11-26 08:41:36" hostname="leonardo-arkusmty - leonardoarkusmty-Inspiron-5577" id="Test Suites/ts_newReservation">
      <properties>
         <property name="deviceName" value=""/>
         <property name="devicePlatform" value=""/>
         <property name="logFolder" value="/home/leonardo-arkusmty/Documents/workspaceKatalon/p4ptest/Reports/20191126_084134/ts_newReservation/20191126_084134"/>
         <property name="logFiles" value="/home/leonardo-arkusmty/Documents/workspaceKatalon/p4ptest/Reports/20191126_084134/ts_newReservation/20191126_084134/execution0.log"/>
         <property name="attachments" value=""/>
         <property name="hostName" value="leonardo-arkusmty - leonardoarkusmty-Inspiron-5577"/>
         <property name="os" value="Linux 64bit"/>
         <property name="katalonVersion" value="7.0.8.1"/>
         <property name="browser" value="Firefox 70.0"/>
         <property name="hostAddress" value="127.0.1.1"/>
         <property name="sessionId" value="4c08e0cf-e344-4198-81c4-9694c7ef64ba"/>
         <property name="seleniumVersion" value="3.141.59"/>
         <property name="proxyInformation" value="ProxyInformation{proxyOption=NO_PROXY, proxyServerType=HTTP, password=, proxyServerAddress=, proxyServerPort=0}"/>
         <property name="platform" value="Linux"/>
      </properties>
      <testcase name="Test Cases/p4p_newReservation" time="33.209" classname="Test Cases/p4p_newReservation" status="PASSED">
         <system-out><![CDATA[2019-11-26 08:41:36 - [TEST_CASE][PASSED] - Test Cases/p4p_newReservation: Test Cases/p4p_newReservation

2019-11-26 08:41:36 - [TEST_STEP][PASSED] - openBrowser("https://p4p-qa-bg.aws.paradise4paws.com/login/"): Browser is opened with url: 'https://p4p-qa-bg.aws.paradise4paws.com/login/'

2019-11-26 08:41:36 - [MESSAGE][INFO] - Starting 'Firefox' driver

2019-11-26 08:41:36 - [MESSAGE][INFO] - Action delay is set to 0 seconds

2019-11-26 08:41:40 - [MESSAGE][PASSED] - Browser is opened with url: 'https://p4p-qa-bg.aws.paradise4paws.com/login/'

2019-11-26 08:41:40 - [TEST_STEP][PASSED] - setText(findTestObject("object_login/input_user"), var_user): Text 'jegchavez@gmail.com' is set on object 'Object Repository/object_login/input_user'

2019-11-26 08:41:41 - [MESSAGE][PASSED] - Text 'jegchavez@gmail.com' is set on object 'Object Repository/object_login/input_user'

2019-11-26 08:41:41 - [TEST_STEP][PASSED] - setText(findTestObject("object_login/input_pass"), var_pass): Text 'admin1' is set on object 'Object Repository/object_login/input_pass'

2019-11-26 08:41:41 - [MESSAGE][PASSED] - Text 'admin1' is set on object 'Object Repository/object_login/input_pass'

2019-11-26 08:41:41 - [TEST_STEP][PASSED] - delay(2): Delayed 2 second(s)

2019-11-26 08:41:43 - [MESSAGE][PASSED] - Delayed 2 second(s)

2019-11-26 08:41:43 - [TEST_STEP][PASSED] - verifyElementClickable(findTestObject("object_login/btn_login")): Object 'Object Repository/object_login/btn_login' is clickable

2019-11-26 08:41:44 - [MESSAGE][PASSED] - Object 'Object Repository/object_login/btn_login' is clickable

2019-11-26 08:41:44 - [TEST_STEP][PASSED] - click(findTestObject("object_login/btn_login")): Object: 'Object Repository/object_login/btn_login' is clicked on

2019-11-26 08:41:47 - [MESSAGE][PASSED] - Object: 'Object Repository/object_login/btn_login' is clicked on

2019-11-26 08:41:47 - [TEST_STEP][PASSED] - delay(2): Delayed 2 second(s)

2019-11-26 08:41:49 - [MESSAGE][PASSED] - Delayed 2 second(s)

2019-11-26 08:41:49 - [TEST_STEP][PASSED] - navigateToUrl(var_urlReservations): Navigate to 'https://p4p-qa-bg.aws.paradise4paws.com/accounts/profile/#/reservations/97558/' successfully

2019-11-26 08:41:51 - [MESSAGE][PASSED] - Navigate to 'https://p4p-qa-bg.aws.paradise4paws.com/accounts/profile/#/reservations/97558/' successfully

2019-11-26 08:41:51 - [TEST_STEP][PASSED] - delay(2): Delayed 2 second(s)

2019-11-26 08:41:53 - [MESSAGE][PASSED] - Delayed 2 second(s)

2019-11-26 08:41:53 - [TEST_STEP][PASSED] - click(findTestObject("object_profile/a_addReservation")): Object: 'Object Repository/object_profile/a_addReservation' is clicked on

2019-11-26 08:41:55 - [MESSAGE][PASSED] - Object: 'Object Repository/object_profile/a_addReservation' is clicked on

2019-11-26 08:41:55 - [TEST_STEP][PASSED] - click(findTestObject("object_reservations/btn_Boarding")): Object: 'Object Repository/object_reservations/btn_Boarding' is clicked on

2019-11-26 08:41:56 - [MESSAGE][PASSED] - Object: 'Object Repository/object_reservations/btn_Boarding' is clicked on

2019-11-26 08:41:56 - [TEST_STEP][PASSED] - delay(6): Delayed 6 second(s)

2019-11-26 08:42:02 - [MESSAGE][PASSED] - Delayed 6 second(s)

2019-11-26 08:42:02 - [TEST_STEP][PASSED] - setText(findTestObject("object_reservations/input_Check-in Date_timepicker-input ng-not-empty ng-valid ng-valid-required ng-touched"), "1"): Text '1' is set on object 'Object Repository/object_reservations/input_Check-in Date_timepicker-input ng-not-empty ng-valid ng-valid-required ng-touched'

2019-11-26 08:42:02 - [MESSAGE][PASSED] - Text '1' is set on object 'Object Repository/object_reservations/input_Check-in Date_timepicker-input ng-not-empty ng-valid ng-valid-required ng-touched'

2019-11-26 08:42:02 - [TEST_STEP][PASSED] - setText(findTestObject("object_reservations/input_Check-in Date_valid-date ng-not-empty"), "3"): Text '3' is set on object 'Object Repository/object_reservations/input_Check-in Date_valid-date ng-not-empty'

2019-11-26 08:42:03 - [MESSAGE][PASSED] - Text '3' is set on object 'Object Repository/object_reservations/input_Check-in Date_valid-date ng-not-empty'

2019-11-26 08:42:03 - [TEST_STEP][PASSED] - setText(findTestObject("object_reservations/input_Check-out Date_timepicker-input ng-empty ng-invalid ng-invalid-required"), "4"): Text '4' is set on object 'Object Repository/object_reservations/input_Check-out Date_timepicker-input ng-empty ng-invalid ng-invalid-required'

2019-11-26 08:42:04 - [MESSAGE][PASSED] - Text '4' is set on object 'Object Repository/object_reservations/input_Check-out Date_timepicker-input ng-empty ng-invalid ng-invalid-required'

2019-11-26 08:42:04 - [TEST_STEP][PASSED] - setText(findTestObject("object_reservations/input_Check-out Date_valid-date ng-not-empty"), "2"): Text '2' is set on object 'Object Repository/object_reservations/input_Check-out Date_valid-date ng-not-empty'

2019-11-26 08:42:05 - [MESSAGE][PASSED] - Text '2' is set on object 'Object Repository/object_reservations/input_Check-out Date_valid-date ng-not-empty'

2019-11-26 08:42:05 - [TEST_STEP][PASSED] - delay(4): Delayed 4 second(s)

2019-11-26 08:42:09 - [MESSAGE][PASSED] - Delayed 4 second(s)]]></system-out>
         <system-err><![CDATA[]]></system-err>
      </testcase>
      <system-out><![CDATA[2019-11-26 08:41:36 - [TEST_SUITE][PASSED] - ts_newReservation: Test Cases/p4p_newReservation]]></system-out>
      <system-err><![CDATA[]]></system-err>
   </testsuite>
</testsuites>
