<?xml version="1.0" encoding="UTF-8"?>
<testsuites name="ts_newReservationBoarding" time="162.276" tests="2" failures="0" errors="0">
   <testsuite name="ts_newReservationBoarding" tests="2" failures="0" errors="0" time="162.276" timestamp="2019-12-23 17:58:26" hostname="leonardo-arkusmty - leonardoarkusmty-Inspiron-5577" id="Test Suites/ts_newReservationBoarding">
      <properties>
         <property name="deviceName" value=""/>
         <property name="devicePlatform" value=""/>
         <property name="logFolder" value="/home/leonardo-arkusmty/Documents/workspaceKatalon/p4ptest/Reports/20191223_175825/ts_newReservationBoarding/20191223_175825"/>
         <property name="logFiles" value="/home/leonardo-arkusmty/Documents/workspaceKatalon/p4ptest/Reports/20191223_175825/ts_newReservationBoarding/20191223_175825/execution0.log"/>
         <property name="attachments" value=""/>
         <property name="hostName" value="leonardo-arkusmty - leonardoarkusmty-Inspiron-5577"/>
         <property name="os" value="Linux 64bit"/>
         <property name="katalonVersion" value="7.0.8.1"/>
         <property name="browser" value="Firefox 71.0"/>
         <property name="hostAddress" value="127.0.1.1"/>
         <property name="sessionId" value="9efe74ec-b612-4d48-a49e-a1ea2c81cd37"/>
         <property name="seleniumVersion" value="3.141.59"/>
         <property name="proxyInformation" value="ProxyInformation{proxyOption=NO_PROXY, proxyServerType=HTTP, password=, proxyServerAddress=, proxyServerPort=0}"/>
         <property name="platform" value="Linux"/>
      </properties>
      <testcase name="Test Cases/p4p_newReservationBoarding" time="78.34" classname="Test Cases/p4p_newReservationBoarding" status="PASSED">
         <system-out><![CDATA[2019-12-23 17:58:26 - [TEST_CASE][PASSED] - Test Cases/p4p_newReservationBoarding: Test Cases/p4p_newReservationBoarding

2019-12-23 17:58:27 - [TEST_STEP][PASSED] - openBrowser("https://p4p-qa-bg.aws.paradise4paws.com/login/"): Browser is opened with url: 'https://p4p-qa-bg.aws.paradise4paws.com/login/'

2019-12-23 17:58:27 - [MESSAGE][INFO] - Starting 'Firefox' driver

2019-12-23 17:58:27 - [MESSAGE][INFO] - Action delay is set to 0 seconds

2019-12-23 17:58:32 - [MESSAGE][PASSED] - Browser is opened with url: 'https://p4p-qa-bg.aws.paradise4paws.com/login/'

2019-12-23 17:58:32 - [TEST_STEP][PASSED] - setText(findTestObject("Object Repository/object_login/input_user"), var_user): Text 'jegchavez@gmail.com' is set on object 'Object Repository/object_login/input_user'

2019-12-23 17:58:33 - [MESSAGE][PASSED] - Text 'jegchavez@gmail.com' is set on object 'Object Repository/object_login/input_user'

2019-12-23 17:58:33 - [TEST_STEP][PASSED] - setText(findTestObject("Object Repository/object_login/input_pass"), var_pass): Text 'admin1' is set on object 'Object Repository/object_login/input_pass'

2019-12-23 17:58:33 - [MESSAGE][PASSED] - Text 'admin1' is set on object 'Object Repository/object_login/input_pass'

2019-12-23 17:58:33 - [TEST_STEP][PASSED] - delay(2): Delayed 2 second(s)

2019-12-23 17:58:35 - [MESSAGE][PASSED] - Delayed 2 second(s)

2019-12-23 17:58:35 - [TEST_STEP][PASSED] - verifyElementClickable(findTestObject("Object Repository/object_login/btn_login")): Object 'Object Repository/object_login/btn_login' is clickable

2019-12-23 17:58:35 - [MESSAGE][PASSED] - Object 'Object Repository/object_login/btn_login' is clickable

2019-12-23 17:58:35 - [TEST_STEP][PASSED] - click(findTestObject("Object Repository/object_login/btn_login")): Object: 'Object Repository/object_login/btn_login' is clicked on

2019-12-23 17:58:39 - [MESSAGE][PASSED] - Object: 'Object Repository/object_login/btn_login' is clicked on

2019-12-23 17:58:39 - [TEST_STEP][PASSED] - delay(2): Delayed 2 second(s)

2019-12-23 17:58:41 - [MESSAGE][PASSED] - Delayed 2 second(s)

2019-12-23 17:58:41 - [TEST_STEP][PASSED] - setText(findTestObject("Object Repository/object_dashboard_emp/input_search"), var_searchParent): Text 'leongarzagarza@hotmail.com' is set on object 'Object Repository/object_dashboard_emp/input_search'

2019-12-23 17:58:42 - [MESSAGE][PASSED] - Text 'leongarzagarza@hotmail.com' is set on object 'Object Repository/object_dashboard_emp/input_search'

2019-12-23 17:58:42 - [TEST_STEP][PASSED] - click(findTestObject("Object Repository/object_dashboard_emp/btn_accountSearch")): Object: 'Object Repository/object_dashboard_emp/btn_accountSearch' is clicked on

2019-12-23 17:58:43 - [MESSAGE][PASSED] - Object: 'Object Repository/object_dashboard_emp/btn_accountSearch' is clicked on

2019-12-23 17:58:43 - [TEST_STEP][PASSED] - delay(2): Delayed 2 second(s)

2019-12-23 17:58:45 - [MESSAGE][PASSED] - Delayed 2 second(s)

2019-12-23 17:58:45 - [TEST_STEP][PASSED] - click(findTestObject("Object Repository/object_accountInformation/a_TEST GABRIEL PROD")): Object: 'Object Repository/object_accountInformation/a_TEST GABRIEL PROD' is clicked on

2019-12-23 17:58:49 - [MESSAGE][PASSED] - Object: 'Object Repository/object_accountInformation/a_TEST GABRIEL PROD' is clicked on

2019-12-23 17:58:49 - [TEST_STEP][PASSED] - delay(2): Delayed 2 second(s)

2019-12-23 17:58:51 - [MESSAGE][PASSED] - Delayed 2 second(s)

2019-12-23 17:58:51 - [TEST_STEP][PASSED] - click(findTestObject("Object Repository/object_profile/a_addReservation")): Object: 'Object Repository/object_profile/a_addReservation' is clicked on

2019-12-23 17:58:52 - [MESSAGE][PASSED] - Object: 'Object Repository/object_profile/a_addReservation' is clicked on

2019-12-23 17:58:52 - [TEST_STEP][PASSED] - delay(2): Delayed 2 second(s)

2019-12-23 17:58:54 - [MESSAGE][PASSED] - Delayed 2 second(s)

2019-12-23 17:58:54 - [TEST_STEP][PASSED] - flagBoar = "0": null

2019-12-23 17:58:54 - [TEST_STEP][PASSED] - log = new com.kms.katalon.core.logging.KeywordLogger(): null

2019-12-23 17:58:54 - [TEST_STEP][PASSED] - fisNewRes = new java.io.FileInputStream(/home/leonardo-arkusmty/Desktop/P4P/DATA_AUTOMATINTESTING/data_1newReservationBoarding.xlsx): null

2019-12-23 17:58:54 - [TEST_STEP][PASSED] - fisCanRes = new java.io.FileInputStream(/home/leonardo-arkusmty/Desktop/P4P/DATA_AUTOMATINTESTING/data_2cancelReservation.xlsx): null

2019-12-23 17:58:54 - [TEST_STEP][PASSED] - workbookNewRes = new org.apache.poi.xssf.usermodel.XSSFWorkbook(fisNewRes): null

2019-12-23 17:58:55 - [TEST_STEP][PASSED] - workbookCanRes = new org.apache.poi.xssf.usermodel.XSSFWorkbook(fisCanRes): null

2019-12-23 17:58:55 - [TEST_STEP][PASSED] - sheetNewRes = workbookNewRes.getSheet("Sheet1"): null

2019-12-23 17:58:55 - [TEST_STEP][PASSED] - sheetCanRes = workbookCanRes.getSheet("Sheet1"): null

2019-12-23 17:58:55 - [TEST_STEP][PASSED] - rowCount = var_row: null

2019-12-23 17:58:55 - [TEST_STEP][PASSED] - var = Integer.parseInt(var_idRowRes): null

2019-12-23 17:58:55 - [TEST_STEP][PASSED] - rowNewRes = sheetNewRes.getRow(var): null

2019-12-23 17:58:55 - [TEST_STEP][PASSED] - rowCanRes = sheetCanRes.getRow(var): null

2019-12-23 17:58:55 - [TEST_STEP][PASSED] - today = new java.util.Date(): null

2019-12-23 17:58:55 - [TEST_STEP][PASSED] - todaysDate1 = today.format("mmm/dd/yy"): null

2019-12-23 17:58:55 - [TEST_STEP][PASSED] - todaysDate2 = today.format("dd/mm/yy"): null

2019-12-23 17:58:55 - [TEST_STEP][PASSED] - todaysDate3 = today.format("dd"): null

2019-12-23 17:58:55 - [TEST_STEP][PASSED] - nowTime = today.format("hhmm"): null

2019-12-23 17:58:55 - [TEST_STEP][PASSED] - log.logInfo("TEST -- "): TEST -- 

2019-12-23 17:58:55 - [MESSAGE][INFO] - TEST -- 

2019-12-23 17:58:55 - [TEST_STEP][PASSED] - log.logInfo(todaysDate1): 058/23/19

2019-12-23 17:58:55 - [MESSAGE][INFO] - 058/23/19

2019-12-23 17:58:55 - [TEST_STEP][PASSED] - log.logInfo(todaysDate2): 23/58/19

2019-12-23 17:58:55 - [MESSAGE][INFO] - 23/58/19

2019-12-23 17:58:55 - [TEST_STEP][PASSED] - log.logInfo(todaysDate3): 23

2019-12-23 17:58:55 - [MESSAGE][INFO] - 23

2019-12-23 17:58:55 - [TEST_STEP][PASSED] - log.logInfo(nowTime): 0558

2019-12-23 17:58:55 - [MESSAGE][INFO] - 0558

2019-12-23 17:58:55 - [TEST_STEP][PASSED] - log.logInfo("TEST -- "): TEST -- 

2019-12-23 17:58:55 - [MESSAGE][INFO] - TEST -- 

2019-12-23 17:58:55 - [TEST_STEP][PASSED] - if (var_typeReserveation == "Boarding"): null

2019-12-23 17:58:55 - [TEST_STEP][PASSED] - click(findTestObject("Object Repository/object_reservation/btn_Boarding")): Object: 'Object Repository/object_reservation/btn_Boarding' is clicked on

2019-12-23 17:58:56 - [MESSAGE][PASSED] - Object: 'Object Repository/object_reservation/btn_Boarding' is clicked on

2019-12-23 17:58:56 - [TEST_STEP][PASSED] - flagBoar = "1": null

2019-12-23 17:58:56 - [TEST_STEP][PASSED] - click(findTestObject("Object Repository/object_reservation/i_location")): Object: 'Object Repository/object_reservation/i_location' is clicked on

2019-12-23 17:58:58 - [MESSAGE][PASSED] - Object: 'Object Repository/object_reservation/i_location' is clicked on

2019-12-23 17:58:58 - [TEST_STEP][PASSED] - switch (var_idFacility): null

2019-12-23 17:58:58 - [TEST_STEP][PASSED] - dateCI = var_checkinD.split(","): null

2019-12-23 17:58:58 - [TEST_STEP][PASSED] - dateCO = var_checkoutD.split(","): null

2019-12-23 17:58:58 - [TEST_STEP][PASSED] - arryPets = var_pets.split(","): null

2019-12-23 17:58:58 - [TEST_STEP][PASSED] - delay(2): Delayed 2 second(s)

2019-12-23 17:59:00 - [MESSAGE][PASSED] - Delayed 2 second(s)

2019-12-23 17:59:00 - [TEST_STEP][PASSED] - if (var_repeting == "Y"): null

2019-12-23 17:59:00 - [TEST_STEP][PASSED] - click(findTestObject("Object Repository/object_reservation/dateCheckIn")): Object: 'Object Repository/object_reservation/dateCheckIn' is clicked on

2019-12-23 17:59:01 - [MESSAGE][PASSED] - Object: 'Object Repository/object_reservation/dateCheckIn' is clicked on

2019-12-23 17:59:01 - [TEST_STEP][PASSED] - delay(2): Delayed 2 second(s)

2019-12-23 17:59:03 - [MESSAGE][PASSED] - Delayed 2 second(s)

2019-12-23 17:59:03 - [TEST_STEP][PASSED] - switch (dateCI[0]): null

2019-12-23 17:59:03 - [TEST_STEP][PASSED] - case "1":: null

2019-12-23 17:59:03 - [TEST_STEP][PASSED] - click(findTestObject("Object Repository/Page_Paradise 4 Paws  Dog Boarding Cat Boarding Norwalk Pooch Hotel/button_01_ci")): Object: 'Object Repository/Page_Paradise 4 Paws  Dog Boarding Cat Boarding Norwalk Pooch Hotel/button_01_ci' is clicked on

2019-12-23 17:59:03 - [MESSAGE][PASSED] - Object: 'Object Repository/Page_Paradise 4 Paws  Dog Boarding Cat Boarding Norwalk Pooch Hotel/button_01_ci' is clicked on

2019-12-23 17:59:03 - [TEST_STEP][PASSED] - break: null

2019-12-23 17:59:03 - [TEST_STEP][PASSED] - if (flagBoar == "1"): null

2019-12-23 17:59:03 - [TEST_STEP][PASSED] - click(findTestObject("Object Repository/object_reservation/dateCheckOut")): Object: 'Object Repository/object_reservation/dateCheckOut' is clicked on

2019-12-23 17:59:04 - [MESSAGE][PASSED] - Object: 'Object Repository/object_reservation/dateCheckOut' is clicked on

2019-12-23 17:59:04 - [TEST_STEP][PASSED] - switch (dateCO[0]): null

2019-12-23 17:59:04 - [TEST_STEP][PASSED] - case "1":: null

2019-12-23 17:59:04 - [TEST_STEP][PASSED] - click(findTestObject("Object Repository/Page_Paradise 4 Paws  Dog Boarding Cat Boarding Norwalk Pooch Hotel/button_01_co")): Object: 'Object Repository/Page_Paradise 4 Paws  Dog Boarding Cat Boarding Norwalk Pooch Hotel/button_01_co' is clicked on

2019-12-23 17:59:05 - [MESSAGE][PASSED] - Object: 'Object Repository/Page_Paradise 4 Paws  Dog Boarding Cat Boarding Norwalk Pooch Hotel/button_01_co' is clicked on

2019-12-23 17:59:05 - [TEST_STEP][PASSED] - break: null

2019-12-23 17:59:05 - [TEST_STEP][PASSED] - click(findTestObject("Object Repository/object_reservation/timeCheckin")): Object: 'Object Repository/object_reservation/timeCheckin' is clicked on

2019-12-23 17:59:06 - [MESSAGE][PASSED] - Object: 'Object Repository/object_reservation/timeCheckin' is clicked on

2019-12-23 17:59:06 - [TEST_STEP][PASSED] - switch (var_checkinT): null

2019-12-23 17:59:06 - [TEST_STEP][PASSED] - case "800":: null

2019-12-23 17:59:06 - [TEST_STEP][PASSED] - click(findTestObject("Object Repository/Page_Paradise 4 Paws  Dog Boarding Cat Boarding Norwalk Pooch Hotel/time_800am_ci")): Object: 'Object Repository/Page_Paradise 4 Paws  Dog Boarding Cat Boarding Norwalk Pooch Hotel/time_800am_ci' is clicked on

2019-12-23 17:59:06 - [MESSAGE][PASSED] - Object: 'Object Repository/Page_Paradise 4 Paws  Dog Boarding Cat Boarding Norwalk Pooch Hotel/time_800am_ci' is clicked on

2019-12-23 17:59:06 - [TEST_STEP][PASSED] - break: null

2019-12-23 17:59:06 - [TEST_STEP][PASSED] - click(findTestObject("Object Repository/object_reservation/timeCheckOut")): Object: 'Object Repository/object_reservation/timeCheckOut' is clicked on

2019-12-23 17:59:07 - [MESSAGE][PASSED] - Object: 'Object Repository/object_reservation/timeCheckOut' is clicked on

2019-12-23 17:59:07 - [TEST_STEP][PASSED] - switch (var_checkoutT): null

2019-12-23 17:59:07 - [TEST_STEP][PASSED] - case "1200":: null

2019-12-23 17:59:07 - [TEST_STEP][PASSED] - click(findTestObject("Object Repository/Page_Paradise 4 Paws  Dog Boarding Cat Boarding Norwalk Pooch Hotel/time_1200pm_co")): Object: 'Object Repository/Page_Paradise 4 Paws  Dog Boarding Cat Boarding Norwalk Pooch Hotel/time_1200pm_co' is clicked on

2019-12-23 17:59:08 - [MESSAGE][PASSED] - Object: 'Object Repository/Page_Paradise 4 Paws  Dog Boarding Cat Boarding Norwalk Pooch Hotel/time_1200pm_co' is clicked on

2019-12-23 17:59:08 - [TEST_STEP][PASSED] - break: null

2019-12-23 17:59:08 - [TEST_STEP][PASSED] - delay(2): Delayed 2 second(s)

2019-12-23 17:59:10 - [MESSAGE][PASSED] - Delayed 2 second(s)

2019-12-23 17:59:10 - [TEST_STEP][PASSED] - if (arryPets.size() == 1): Object: 'Object Repository/object_reservation/Page_Paradise 4 Paws  Dog Boarding Cat Boarding Norwalk Pooch Hotel/div_Ares' is clicked on

2019-12-23 17:59:10 - [TEST_STEP][PASSED] - click(findTestObject("Object Repository/object_reservation/Page_Paradise 4 Paws  Dog Boarding Cat Boarding Norwalk Pooch Hotel/div_Ares")): Object: 'Object Repository/object_reservation/Page_Paradise 4 Paws  Dog Boarding Cat Boarding Norwalk Pooch Hotel/div_Ares' is clicked on

2019-12-23 17:59:11 - [MESSAGE][PASSED] - Object: 'Object Repository/object_reservation/Page_Paradise 4 Paws  Dog Boarding Cat Boarding Norwalk Pooch Hotel/div_Ares' is clicked on

2019-12-23 17:59:11 - [TEST_STEP][PASSED] - if (flagBoar == "1" || flagBoar == "2"): Object: 'Object Repository/object_reservation/div_suite_rad_deluxe' is clicked on

2019-12-23 17:59:11 - [TEST_STEP][PASSED] - click(findTestObject("Object Repository/object_reservation/div_suite_rad_deluxe")): Object: 'Object Repository/object_reservation/div_suite_rad_deluxe' is clicked on

2019-12-23 17:59:15 - [MESSAGE][PASSED] - Object: 'Object Repository/object_reservation/div_suite_rad_deluxe' is clicked on

2019-12-23 17:59:15 - [TEST_STEP][PASSED] - click(findTestObject("Object Repository/object_reservation/btn_next2")): Object: 'Object Repository/object_reservation/btn_next2' is clicked on

2019-12-23 17:59:18 - [MESSAGE][PASSED] - Object: 'Object Repository/object_reservation/btn_next2' is clicked on

2019-12-23 17:59:18 - [TEST_STEP][PASSED] - delay(3): Delayed 3 second(s)

2019-12-23 17:59:21 - [MESSAGE][PASSED] - Delayed 3 second(s)

2019-12-23 17:59:21 - [TEST_STEP][PASSED] - if (flagBoar == "1"): Object: 'Object Repository/object_reservation/button_DeclineThisPromo' is clicked on

2019-12-23 17:59:21 - [TEST_STEP][PASSED] - click(findTestObject("Object Repository/object_reservation/button_DeclineThisPromo")): Object: 'Object Repository/object_reservation/button_DeclineThisPromo' is clicked on

2019-12-23 17:59:21 - [MESSAGE][PASSED] - Object: 'Object Repository/object_reservation/button_DeclineThisPromo' is clicked on

2019-12-23 17:59:21 - [TEST_STEP][PASSED] - delay(2): Delayed 2 second(s)

2019-12-23 17:59:23 - [MESSAGE][PASSED] - Delayed 2 second(s)

2019-12-23 17:59:23 - [TEST_STEP][PASSED] - click(findTestObject("Object Repository/object_reservation/btn_next2")): Object: 'Object Repository/object_reservation/btn_next2' is clicked on

2019-12-23 17:59:24 - [MESSAGE][PASSED] - Object: 'Object Repository/object_reservation/btn_next2' is clicked on

2019-12-23 17:59:24 - [TEST_STEP][PASSED] - delay(2): Delayed 2 second(s)

2019-12-23 17:59:26 - [MESSAGE][PASSED] - Delayed 2 second(s)

2019-12-23 17:59:26 - [TEST_STEP][PASSED] - click(findTestObject("Object Repository/object_reservation/button_Submit Reservation")): Object: 'Object Repository/object_reservation/button_Submit Reservation' is clicked on

2019-12-23 17:59:26 - [MESSAGE][PASSED] - Object: 'Object Repository/object_reservation/button_Submit Reservation' is clicked on

2019-12-23 17:59:26 - [TEST_STEP][PASSED] - delay(2): Delayed 2 second(s)

2019-12-23 17:59:28 - [MESSAGE][PASSED] - Delayed 2 second(s)

2019-12-23 17:59:28 - [TEST_STEP][PASSED] - delay(2): Delayed 2 second(s)

2019-12-23 17:59:30 - [MESSAGE][PASSED] - Delayed 2 second(s)

2019-12-23 17:59:30 - [TEST_STEP][PASSED] - if (flagBoar == "2" && var_repeatingEvery == "Daily" || var_repeatingEvery == "Monthly" || var_repeatingEvery == "Weekly"): null

2019-12-23 17:59:30 - [TEST_STEP][PASSED] - else: null

2019-12-23 17:59:30 - [TEST_STEP][PASSED] - delay(2): Delayed 2 second(s)

2019-12-23 17:59:32 - [MESSAGE][PASSED] - Delayed 2 second(s)

2019-12-23 17:59:32 - [TEST_STEP][PASSED] - try: Object: 'Object Repository/object_reservation/button_Return To Reservation' is clicked on

2019-12-23 17:59:32 - [TEST_STEP][PASSED] - click(findTestObject("Object Repository/object_reservation/button_Return To Reservation")): Object: 'Object Repository/object_reservation/button_Return To Reservation' is clicked on

2019-12-23 17:59:33 - [MESSAGE][PASSED] - Object: 'Object Repository/object_reservation/button_Return To Reservation' is clicked on

2019-12-23 17:59:33 - [TEST_STEP][PASSED] - delay(6): Delayed 6 second(s)

2019-12-23 17:59:39 - [MESSAGE][PASSED] - Delayed 6 second(s)

2019-12-23 17:59:39 - [TEST_STEP][PASSED] - click(findTestObject("Object Repository/object_reservation/Page_Paradise 4 Paws  Dog Boarding Cat Boar_35fe2b/button_Go to CheckOut")): Object: 'Object Repository/object_reservation/Page_Paradise 4 Paws  Dog Boarding Cat Boar_35fe2b/button_Go to CheckOut' is clicked on

2019-12-23 17:59:40 - [MESSAGE][PASSED] - Object: 'Object Repository/object_reservation/Page_Paradise 4 Paws  Dog Boarding Cat Boar_35fe2b/button_Go to CheckOut' is clicked on

2019-12-23 17:59:40 - [TEST_STEP][PASSED] - delay(2): Delayed 2 second(s)

2019-12-23 17:59:42 - [MESSAGE][PASSED] - Delayed 2 second(s)

2019-12-23 17:59:42 - [TEST_STEP][PASSED] - log.logInfo(getText(findTestObject("Object Repository/object_reservation/Page_Paradise 4 Paws  Dog Boarding Cat Boar_35fe2b/span_( BK )"))): ( BK )

2019-12-23 17:59:43 - [MESSAGE][PASSED] - Text of object 'Object Repository/object_reservation/Page_Paradise 4 Paws  Dog Boarding Cat Boar_35fe2b/span_( BK )' is: '( BK )'

2019-12-23 17:59:43 - [MESSAGE][INFO] - ( BK )

2019-12-23 17:59:43 - [TEST_STEP][PASSED] - var_url = getUrl(): Current window's url is: 'https://p4p-qa-bg.aws.paradise4paws.com/frontdesk/checkout/1702654/?parent_id=122350'

2019-12-23 17:59:43 - [MESSAGE][PASSED] - Current window's url is: 'https://p4p-qa-bg.aws.paradise4paws.com/frontdesk/checkout/1702654/?parent_id=122350'

2019-12-23 17:59:43 - [TEST_STEP][PASSED] - arrayUrl = var_url.split("/"): null

2019-12-23 17:59:43 - [TEST_STEP][PASSED] - verifyElementText(findTestObject("Object Repository/object_reservation/Page_Paradise 4 Paws  Dog Boarding Cat Boar_35fe2b/span_( BK )"), "( BK )", STOP_ON_FAILURE): Actual text and expected text of test object 'Object Repository/object_reservation/Page_Paradise 4 Paws  Dog Boarding Cat Boar_35fe2b/span_( BK )' are matched.

2019-12-23 17:59:43 - [MESSAGE][PASSED] - Actual text and expected text of test object 'Object Repository/object_reservation/Page_Paradise 4 Paws  Dog Boarding Cat Boar_35fe2b/span_( BK )' are matched.

2019-12-23 17:59:43 - [TEST_STEP][PASSED] - cell = rowNewRes.createCell(15, 0): null

2019-12-23 17:59:43 - [TEST_STEP][PASSED] - cell.setCellType(CELL_TYPE_STRING): null

2019-12-23 17:59:43 - [TEST_STEP][PASSED] - cell.setCellValue(arrayUrl[5]): null

2019-12-23 17:59:43 - [TEST_STEP][PASSED] - cell2 = rowNewRes.createCell(16, 0): null

2019-12-23 17:59:43 - [TEST_STEP][PASSED] - cell2.setCellType(CELL_TYPE_STRING): null

2019-12-23 17:59:43 - [TEST_STEP][PASSED] - cell2.setCellValue(getText(findTestObject("Object Repository/object_reservation/Page_Paradise 4 Paws  Dog Boarding Cat Boar_35fe2b/span_( BK )"))): Text of object 'Object Repository/object_reservation/Page_Paradise 4 Paws  Dog Boarding Cat Boar_35fe2b/span_( BK )' is: '( BK )'

2019-12-23 17:59:43 - [MESSAGE][PASSED] - Text of object 'Object Repository/object_reservation/Page_Paradise 4 Paws  Dog Boarding Cat Boar_35fe2b/span_( BK )' is: '( BK )'

2019-12-23 17:59:43 - [TEST_STEP][PASSED] - cell3 = rowNewRes.createCell(17, 0): null

2019-12-23 17:59:43 - [TEST_STEP][PASSED] - cell3.setCellType(CELL_TYPE_STRING): null

2019-12-23 17:59:43 - [TEST_STEP][PASSED] - cell3.setCellValue("Reservacion generada"): null

2019-12-23 17:59:43 - [TEST_STEP][PASSED] - fos = new java.io.FileOutputStream(((/home/leonardo-arkusmty/Desktop/P4P/DATA_AUTOMATINTESTING/data_1 + nowTime) + newReservationBoarding.xlsx)): null

2019-12-23 17:59:43 - [TEST_STEP][PASSED] - workbookNewRes.write(fos): null

2019-12-23 17:59:43 - [TEST_STEP][PASSED] - fos.close(): null

2019-12-23 17:59:43 - [TEST_STEP][PASSED] - delay(1): Delayed 1 second(s)

2019-12-23 17:59:44 - [MESSAGE][PASSED] - Delayed 1 second(s)

2019-12-23 17:59:44 - [TEST_STEP][PASSED] - (var_row++): null

2019-12-23 17:59:44 - [TEST_STEP][PASSED] - log.logInfo("POST CANCEL"): POST CANCEL

2019-12-23 17:59:44 - [MESSAGE][INFO] - POST CANCEL

2019-12-23 17:59:44 - [TEST_STEP][PASSED] - cellCan = rowCanRes.createCell(5, 0): null

2019-12-23 17:59:44 - [TEST_STEP][PASSED] - cellCan.setCellType(CELL_TYPE_STRING): null

2019-12-23 17:59:44 - [TEST_STEP][PASSED] - cellCan.setCellValue(arrayUrl[5]): null

2019-12-23 17:59:44 - [TEST_STEP][PASSED] - cell2Can = rowCanRes.createCell(6, 0): null

2019-12-23 17:59:44 - [TEST_STEP][PASSED] - cell2Can.setCellType(CELL_TYPE_STRING): null

2019-12-23 17:59:44 - [TEST_STEP][PASSED] - cell2Can.setCellValue(getText(findTestObject("Object Repository/object_reservation/Page_Paradise 4 Paws  Dog Boarding Cat Boar_35fe2b/span_( BK )"))): Text of object 'Object Repository/object_reservation/Page_Paradise 4 Paws  Dog Boarding Cat Boar_35fe2b/span_( BK )' is: '( BK )'

2019-12-23 17:59:45 - [MESSAGE][PASSED] - Text of object 'Object Repository/object_reservation/Page_Paradise 4 Paws  Dog Boarding Cat Boar_35fe2b/span_( BK )' is: '( BK )'

2019-12-23 17:59:45 - [TEST_STEP][PASSED] - fosCan = new java.io.FileOutputStream(((/home/leonardo-arkusmty/Desktop/P4P/DATA_AUTOMATINTESTING/data_2 + nowTime) + cancelReservation.xlsx)): null

2019-12-23 17:59:45 - [TEST_STEP][PASSED] - workbookCanRes.write(fosCan): null

2019-12-23 17:59:45 - [TEST_STEP][PASSED] - fosCan.close(): null]]></system-out>
         <system-err><![CDATA[]]></system-err>
      </testcase>
      <testcase name="Test Cases/p4p_newReservationBoarding" time="82.851" classname="Test Cases/p4p_newReservationBoarding" status="PASSED">
         <system-out><![CDATA[2019-12-23 17:59:45 - [TEST_CASE][PASSED] - Test Cases/p4p_newReservationBoarding: Test Cases/p4p_newReservationBoarding

2019-12-23 17:59:45 - [TEST_STEP][PASSED] - openBrowser("https://p4p-qa-bg.aws.paradise4paws.com/login/"): Browser is opened with url: 'https://p4p-qa-bg.aws.paradise4paws.com/login/'

2019-12-23 17:59:45 - [MESSAGE][WARNING] - A browser is already opened. Closing browser and opening a new one

2019-12-23 17:59:46 - [MESSAGE][INFO] - Starting 'Firefox' driver

2019-12-23 17:59:49 - [MESSAGE][PASSED] - Browser is opened with url: 'https://p4p-qa-bg.aws.paradise4paws.com/login/'

2019-12-23 17:59:49 - [TEST_STEP][PASSED] - setText(findTestObject("Object Repository/object_login/input_user"), var_user): Text 'jegchavez@gmail.com' is set on object 'Object Repository/object_login/input_user'

2019-12-23 17:59:50 - [MESSAGE][PASSED] - Text 'jegchavez@gmail.com' is set on object 'Object Repository/object_login/input_user'

2019-12-23 17:59:50 - [TEST_STEP][PASSED] - setText(findTestObject("Object Repository/object_login/input_pass"), var_pass): Text 'admin1' is set on object 'Object Repository/object_login/input_pass'

2019-12-23 17:59:50 - [MESSAGE][PASSED] - Text 'admin1' is set on object 'Object Repository/object_login/input_pass'

2019-12-23 17:59:50 - [TEST_STEP][PASSED] - delay(2): Delayed 2 second(s)

2019-12-23 17:59:52 - [MESSAGE][PASSED] - Delayed 2 second(s)

2019-12-23 17:59:52 - [TEST_STEP][PASSED] - verifyElementClickable(findTestObject("Object Repository/object_login/btn_login")): Object 'Object Repository/object_login/btn_login' is clickable

2019-12-23 17:59:53 - [MESSAGE][PASSED] - Object 'Object Repository/object_login/btn_login' is clickable

2019-12-23 17:59:53 - [TEST_STEP][PASSED] - click(findTestObject("Object Repository/object_login/btn_login")): Object: 'Object Repository/object_login/btn_login' is clicked on

2019-12-23 17:59:57 - [MESSAGE][PASSED] - Object: 'Object Repository/object_login/btn_login' is clicked on

2019-12-23 17:59:57 - [TEST_STEP][PASSED] - delay(2): Delayed 2 second(s)

2019-12-23 17:59:59 - [MESSAGE][PASSED] - Delayed 2 second(s)

2019-12-23 17:59:59 - [TEST_STEP][PASSED] - setText(findTestObject("Object Repository/object_dashboard_emp/input_search"), var_searchParent): Text 'leongarzagarza@hotmail.com' is set on object 'Object Repository/object_dashboard_emp/input_search'

2019-12-23 17:59:59 - [MESSAGE][PASSED] - Text 'leongarzagarza@hotmail.com' is set on object 'Object Repository/object_dashboard_emp/input_search'

2019-12-23 17:59:59 - [TEST_STEP][PASSED] - click(findTestObject("Object Repository/object_dashboard_emp/btn_accountSearch")): Object: 'Object Repository/object_dashboard_emp/btn_accountSearch' is clicked on

2019-12-23 18:00:00 - [MESSAGE][PASSED] - Object: 'Object Repository/object_dashboard_emp/btn_accountSearch' is clicked on

2019-12-23 18:00:00 - [TEST_STEP][PASSED] - delay(2): Delayed 2 second(s)

2019-12-23 18:00:02 - [MESSAGE][PASSED] - Delayed 2 second(s)

2019-12-23 18:00:02 - [TEST_STEP][PASSED] - click(findTestObject("Object Repository/object_accountInformation/a_TEST GABRIEL PROD")): Object: 'Object Repository/object_accountInformation/a_TEST GABRIEL PROD' is clicked on

2019-12-23 18:00:06 - [MESSAGE][PASSED] - Object: 'Object Repository/object_accountInformation/a_TEST GABRIEL PROD' is clicked on

2019-12-23 18:00:06 - [TEST_STEP][PASSED] - delay(2): Delayed 2 second(s)

2019-12-23 18:00:08 - [MESSAGE][PASSED] - Delayed 2 second(s)

2019-12-23 18:00:08 - [TEST_STEP][PASSED] - click(findTestObject("Object Repository/object_profile/a_addReservation")): Object: 'Object Repository/object_profile/a_addReservation' is clicked on

2019-12-23 18:00:10 - [MESSAGE][PASSED] - Object: 'Object Repository/object_profile/a_addReservation' is clicked on

2019-12-23 18:00:10 - [TEST_STEP][PASSED] - delay(2): Delayed 2 second(s)

2019-12-23 18:00:12 - [MESSAGE][PASSED] - Delayed 2 second(s)

2019-12-23 18:00:12 - [TEST_STEP][PASSED] - flagBoar = "0": null

2019-12-23 18:00:12 - [TEST_STEP][PASSED] - log = new com.kms.katalon.core.logging.KeywordLogger(): null

2019-12-23 18:00:12 - [TEST_STEP][PASSED] - fisNewRes = new java.io.FileInputStream(/home/leonardo-arkusmty/Desktop/P4P/DATA_AUTOMATINTESTING/data_1newReservationBoarding.xlsx): null

2019-12-23 18:00:12 - [TEST_STEP][PASSED] - fisCanRes = new java.io.FileInputStream(/home/leonardo-arkusmty/Desktop/P4P/DATA_AUTOMATINTESTING/data_2cancelReservation.xlsx): null

2019-12-23 18:00:12 - [TEST_STEP][PASSED] - workbookNewRes = new org.apache.poi.xssf.usermodel.XSSFWorkbook(fisNewRes): null

2019-12-23 18:00:12 - [TEST_STEP][PASSED] - workbookCanRes = new org.apache.poi.xssf.usermodel.XSSFWorkbook(fisCanRes): null

2019-12-23 18:00:12 - [TEST_STEP][PASSED] - sheetNewRes = workbookNewRes.getSheet("Sheet1"): null

2019-12-23 18:00:12 - [TEST_STEP][PASSED] - sheetCanRes = workbookCanRes.getSheet("Sheet1"): null

2019-12-23 18:00:12 - [TEST_STEP][PASSED] - rowCount = var_row: null

2019-12-23 18:00:12 - [TEST_STEP][PASSED] - var = Integer.parseInt(var_idRowRes): null

2019-12-23 18:00:12 - [TEST_STEP][PASSED] - rowNewRes = sheetNewRes.getRow(var): null

2019-12-23 18:00:12 - [TEST_STEP][PASSED] - rowCanRes = sheetCanRes.getRow(var): null

2019-12-23 18:00:12 - [TEST_STEP][PASSED] - today = new java.util.Date(): null

2019-12-23 18:00:12 - [TEST_STEP][PASSED] - todaysDate1 = today.format("mmm/dd/yy"): null

2019-12-23 18:00:12 - [TEST_STEP][PASSED] - todaysDate2 = today.format("dd/mm/yy"): null

2019-12-23 18:00:12 - [TEST_STEP][PASSED] - todaysDate3 = today.format("dd"): null

2019-12-23 18:00:12 - [TEST_STEP][PASSED] - nowTime = today.format("hhmm"): null

2019-12-23 18:00:12 - [TEST_STEP][PASSED] - log.logInfo("TEST -- "): TEST -- 

2019-12-23 18:00:12 - [MESSAGE][INFO] - TEST -- 

2019-12-23 18:00:12 - [TEST_STEP][PASSED] - log.logInfo(todaysDate1): 000/23/19

2019-12-23 18:00:12 - [MESSAGE][INFO] - 000/23/19

2019-12-23 18:00:12 - [TEST_STEP][PASSED] - log.logInfo(todaysDate2): 23/00/19

2019-12-23 18:00:12 - [MESSAGE][INFO] - 23/00/19

2019-12-23 18:00:12 - [TEST_STEP][PASSED] - log.logInfo(todaysDate3): 23

2019-12-23 18:00:12 - [MESSAGE][INFO] - 23

2019-12-23 18:00:12 - [TEST_STEP][PASSED] - log.logInfo(nowTime): 0600

2019-12-23 18:00:12 - [MESSAGE][INFO] - 0600

2019-12-23 18:00:12 - [TEST_STEP][PASSED] - log.logInfo("TEST -- "): TEST -- 

2019-12-23 18:00:12 - [MESSAGE][INFO] - TEST -- 

2019-12-23 18:00:12 - [TEST_STEP][PASSED] - if (var_typeReserveation == "Boarding"): null

2019-12-23 18:00:12 - [TEST_STEP][PASSED] - click(findTestObject("Object Repository/object_reservation/btn_Boarding")): Object: 'Object Repository/object_reservation/btn_Boarding' is clicked on

2019-12-23 18:00:12 - [MESSAGE][PASSED] - Object: 'Object Repository/object_reservation/btn_Boarding' is clicked on

2019-12-23 18:00:12 - [TEST_STEP][PASSED] - flagBoar = "1": null

2019-12-23 18:00:12 - [TEST_STEP][PASSED] - click(findTestObject("Object Repository/object_reservation/i_location")): Object: 'Object Repository/object_reservation/i_location' is clicked on

2019-12-23 18:00:15 - [MESSAGE][PASSED] - Object: 'Object Repository/object_reservation/i_location' is clicked on

2019-12-23 18:00:15 - [TEST_STEP][PASSED] - switch (var_idFacility): null

2019-12-23 18:00:15 - [TEST_STEP][PASSED] - dateCI = var_checkinD.split(","): null

2019-12-23 18:00:15 - [TEST_STEP][PASSED] - dateCO = var_checkoutD.split(","): null

2019-12-23 18:00:15 - [TEST_STEP][PASSED] - arryPets = var_pets.split(","): null

2019-12-23 18:00:15 - [TEST_STEP][PASSED] - delay(2): Delayed 2 second(s)

2019-12-23 18:00:17 - [MESSAGE][PASSED] - Delayed 2 second(s)

2019-12-23 18:00:17 - [TEST_STEP][PASSED] - if (var_repeting == "Y"): null

2019-12-23 18:00:17 - [TEST_STEP][PASSED] - click(findTestObject("Object Repository/object_reservation/dateCheckIn")): Object: 'Object Repository/object_reservation/dateCheckIn' is clicked on

2019-12-23 18:00:18 - [MESSAGE][PASSED] - Object: 'Object Repository/object_reservation/dateCheckIn' is clicked on

2019-12-23 18:00:18 - [TEST_STEP][PASSED] - delay(2): Delayed 2 second(s)

2019-12-23 18:00:20 - [MESSAGE][PASSED] - Delayed 2 second(s)

2019-12-23 18:00:20 - [TEST_STEP][PASSED] - switch (dateCI[0]): null

2019-12-23 18:00:20 - [TEST_STEP][PASSED] - case "2":: null

2019-12-23 18:00:20 - [TEST_STEP][PASSED] - click(findTestObject("Object Repository/Page_Paradise 4 Paws  Dog Boarding Cat Boarding Norwalk Pooch Hotel/button_02_ci")): Object: 'Object Repository/Page_Paradise 4 Paws  Dog Boarding Cat Boarding Norwalk Pooch Hotel/button_02_ci' is clicked on

2019-12-23 18:00:20 - [MESSAGE][PASSED] - Object: 'Object Repository/Page_Paradise 4 Paws  Dog Boarding Cat Boarding Norwalk Pooch Hotel/button_02_ci' is clicked on

2019-12-23 18:00:20 - [TEST_STEP][PASSED] - break: null

2019-12-23 18:00:20 - [TEST_STEP][PASSED] - if (flagBoar == "1"): null

2019-12-23 18:00:20 - [TEST_STEP][PASSED] - click(findTestObject("Object Repository/object_reservation/dateCheckOut")): Object: 'Object Repository/object_reservation/dateCheckOut' is clicked on

2019-12-23 18:00:21 - [MESSAGE][PASSED] - Object: 'Object Repository/object_reservation/dateCheckOut' is clicked on

2019-12-23 18:00:21 - [TEST_STEP][PASSED] - switch (dateCO[0]): null

2019-12-23 18:00:21 - [TEST_STEP][PASSED] - case "2":: null

2019-12-23 18:00:21 - [TEST_STEP][PASSED] - click(findTestObject("Object Repository/Page_Paradise 4 Paws  Dog Boarding Cat Boarding Norwalk Pooch Hotel/button_02_co")): Object: 'Object Repository/Page_Paradise 4 Paws  Dog Boarding Cat Boarding Norwalk Pooch Hotel/button_02_co' is clicked on

2019-12-23 18:00:22 - [MESSAGE][PASSED] - Object: 'Object Repository/Page_Paradise 4 Paws  Dog Boarding Cat Boarding Norwalk Pooch Hotel/button_02_co' is clicked on

2019-12-23 18:00:22 - [TEST_STEP][PASSED] - break: null

2019-12-23 18:00:22 - [TEST_STEP][PASSED] - click(findTestObject("Object Repository/object_reservation/timeCheckin")): Object: 'Object Repository/object_reservation/timeCheckin' is clicked on

2019-12-23 18:00:22 - [MESSAGE][PASSED] - Object: 'Object Repository/object_reservation/timeCheckin' is clicked on

2019-12-23 18:00:22 - [TEST_STEP][PASSED] - switch (var_checkinT): null

2019-12-23 18:00:22 - [TEST_STEP][PASSED] - case "800":: null

2019-12-23 18:00:22 - [TEST_STEP][PASSED] - click(findTestObject("Object Repository/Page_Paradise 4 Paws  Dog Boarding Cat Boarding Norwalk Pooch Hotel/time_800am_ci")): Object: 'Object Repository/Page_Paradise 4 Paws  Dog Boarding Cat Boarding Norwalk Pooch Hotel/time_800am_ci' is clicked on

2019-12-23 18:00:23 - [MESSAGE][PASSED] - Object: 'Object Repository/Page_Paradise 4 Paws  Dog Boarding Cat Boarding Norwalk Pooch Hotel/time_800am_ci' is clicked on

2019-12-23 18:00:23 - [TEST_STEP][PASSED] - break: null

2019-12-23 18:00:23 - [TEST_STEP][PASSED] - click(findTestObject("Object Repository/object_reservation/timeCheckOut")): Object: 'Object Repository/object_reservation/timeCheckOut' is clicked on

2019-12-23 18:00:24 - [MESSAGE][PASSED] - Object: 'Object Repository/object_reservation/timeCheckOut' is clicked on

2019-12-23 18:00:24 - [TEST_STEP][PASSED] - switch (var_checkoutT): null

2019-12-23 18:00:24 - [TEST_STEP][PASSED] - case "1200":: null

2019-12-23 18:00:24 - [TEST_STEP][PASSED] - click(findTestObject("Object Repository/Page_Paradise 4 Paws  Dog Boarding Cat Boarding Norwalk Pooch Hotel/time_1200pm_co")): Object: 'Object Repository/Page_Paradise 4 Paws  Dog Boarding Cat Boarding Norwalk Pooch Hotel/time_1200pm_co' is clicked on

2019-12-23 18:00:25 - [MESSAGE][PASSED] - Object: 'Object Repository/Page_Paradise 4 Paws  Dog Boarding Cat Boarding Norwalk Pooch Hotel/time_1200pm_co' is clicked on

2019-12-23 18:00:25 - [TEST_STEP][PASSED] - break: null

2019-12-23 18:00:25 - [TEST_STEP][PASSED] - delay(2): Delayed 2 second(s)

2019-12-23 18:00:27 - [MESSAGE][PASSED] - Delayed 2 second(s)

2019-12-23 18:00:27 - [TEST_STEP][PASSED] - if (arryPets.size() == 1): null

2019-12-23 18:00:27 - [TEST_STEP][PASSED] - else if (arryPets.size() == 2): Object: 'Object Repository/object_reservation/div_Zeus' is clicked on

2019-12-23 18:00:27 - [TEST_STEP][PASSED] - click(findTestObject("object_reservation/Page_Paradise 4 Paws  Dog Boarding Cat Boarding Norwalk Pooch Hotel/div_Ares")): Object: 'Object Repository/object_reservation/Page_Paradise 4 Paws  Dog Boarding Cat Boarding Norwalk Pooch Hotel/div_Ares' is clicked on

2019-12-23 18:00:28 - [MESSAGE][PASSED] - Object: 'Object Repository/object_reservation/Page_Paradise 4 Paws  Dog Boarding Cat Boarding Norwalk Pooch Hotel/div_Ares' is clicked on

2019-12-23 18:00:28 - [TEST_STEP][PASSED] - click(findTestObject("object_reservation/div_Zeus")): Object: 'Object Repository/object_reservation/div_Zeus' is clicked on

2019-12-23 18:00:33 - [MESSAGE][PASSED] - Object: 'Object Repository/object_reservation/div_Zeus' is clicked on

2019-12-23 18:00:33 - [TEST_STEP][PASSED] - if (flagBoar == "1" || flagBoar == "2"): Object: 'Object Repository/object_reservation/div_suite_rad_deluxe' is clicked on

2019-12-23 18:00:33 - [TEST_STEP][PASSED] - click(findTestObject("Object Repository/object_reservation/div_suite_rad_deluxe")): Object: 'Object Repository/object_reservation/div_suite_rad_deluxe' is clicked on

2019-12-23 18:00:38 - [MESSAGE][PASSED] - Object: 'Object Repository/object_reservation/div_suite_rad_deluxe' is clicked on

2019-12-23 18:00:38 - [TEST_STEP][PASSED] - click(findTestObject("Object Repository/object_reservation/btn_next2")): Object: 'Object Repository/object_reservation/btn_next2' is clicked on

2019-12-23 18:00:40 - [MESSAGE][PASSED] - Object: 'Object Repository/object_reservation/btn_next2' is clicked on

2019-12-23 18:00:40 - [TEST_STEP][PASSED] - delay(3): Delayed 3 second(s)

2019-12-23 18:00:43 - [MESSAGE][PASSED] - Delayed 3 second(s)

2019-12-23 18:00:43 - [TEST_STEP][PASSED] - if (flagBoar == "1"): Object: 'Object Repository/object_reservation/button_DeclineThisPromo' is clicked on

2019-12-23 18:00:43 - [TEST_STEP][PASSED] - click(findTestObject("Object Repository/object_reservation/button_DeclineThisPromo")): Object: 'Object Repository/object_reservation/button_DeclineThisPromo' is clicked on

2019-12-23 18:00:44 - [MESSAGE][PASSED] - Object: 'Object Repository/object_reservation/button_DeclineThisPromo' is clicked on

2019-12-23 18:00:44 - [TEST_STEP][PASSED] - delay(2): Delayed 2 second(s)

2019-12-23 18:00:46 - [MESSAGE][PASSED] - Delayed 2 second(s)

2019-12-23 18:00:46 - [TEST_STEP][PASSED] - click(findTestObject("Object Repository/object_reservation/btn_next2")): Object: 'Object Repository/object_reservation/btn_next2' is clicked on

2019-12-23 18:00:46 - [MESSAGE][PASSED] - Object: 'Object Repository/object_reservation/btn_next2' is clicked on

2019-12-23 18:00:46 - [TEST_STEP][PASSED] - delay(2): Delayed 2 second(s)

2019-12-23 18:00:48 - [MESSAGE][PASSED] - Delayed 2 second(s)

2019-12-23 18:00:48 - [TEST_STEP][PASSED] - click(findTestObject("Object Repository/object_reservation/button_Submit Reservation")): Object: 'Object Repository/object_reservation/button_Submit Reservation' is clicked on

2019-12-23 18:00:49 - [MESSAGE][PASSED] - Object: 'Object Repository/object_reservation/button_Submit Reservation' is clicked on

2019-12-23 18:00:49 - [TEST_STEP][PASSED] - delay(2): Delayed 2 second(s)

2019-12-23 18:00:51 - [MESSAGE][PASSED] - Delayed 2 second(s)

2019-12-23 18:00:51 - [TEST_STEP][PASSED] - delay(2): Delayed 2 second(s)

2019-12-23 18:00:53 - [MESSAGE][PASSED] - Delayed 2 second(s)

2019-12-23 18:00:53 - [TEST_STEP][PASSED] - if (flagBoar == "2" && var_repeatingEvery == "Daily" || var_repeatingEvery == "Monthly" || var_repeatingEvery == "Weekly"): null

2019-12-23 18:00:53 - [TEST_STEP][PASSED] - else: null

2019-12-23 18:00:53 - [TEST_STEP][PASSED] - delay(2): Delayed 2 second(s)

2019-12-23 18:00:55 - [MESSAGE][PASSED] - Delayed 2 second(s)

2019-12-23 18:00:55 - [TEST_STEP][PASSED] - try: Object: 'Object Repository/object_reservation/button_Return To Reservation' is clicked on

2019-12-23 18:00:55 - [TEST_STEP][PASSED] - click(findTestObject("Object Repository/object_reservation/button_Return To Reservation")): Object: 'Object Repository/object_reservation/button_Return To Reservation' is clicked on

2019-12-23 18:00:55 - [MESSAGE][PASSED] - Object: 'Object Repository/object_reservation/button_Return To Reservation' is clicked on

2019-12-23 18:00:55 - [TEST_STEP][PASSED] - delay(6): Delayed 6 second(s)

2019-12-23 18:01:01 - [MESSAGE][PASSED] - Delayed 6 second(s)

2019-12-23 18:01:01 - [TEST_STEP][PASSED] - click(findTestObject("Object Repository/object_reservation/Page_Paradise 4 Paws  Dog Boarding Cat Boar_35fe2b/button_Go to CheckOut")): Object: 'Object Repository/object_reservation/Page_Paradise 4 Paws  Dog Boarding Cat Boar_35fe2b/button_Go to CheckOut' is clicked on

2019-12-23 18:01:04 - [MESSAGE][PASSED] - Object: 'Object Repository/object_reservation/Page_Paradise 4 Paws  Dog Boarding Cat Boar_35fe2b/button_Go to CheckOut' is clicked on

2019-12-23 18:01:04 - [TEST_STEP][PASSED] - delay(2): Delayed 2 second(s)

2019-12-23 18:01:06 - [MESSAGE][PASSED] - Delayed 2 second(s)

2019-12-23 18:01:06 - [TEST_STEP][PASSED] - log.logInfo(getText(findTestObject("Object Repository/object_reservation/Page_Paradise 4 Paws  Dog Boarding Cat Boar_35fe2b/span_( BK )"))): ( BK )

2019-12-23 18:01:06 - [MESSAGE][PASSED] - Text of object 'Object Repository/object_reservation/Page_Paradise 4 Paws  Dog Boarding Cat Boar_35fe2b/span_( BK )' is: '( BK )'

2019-12-23 18:01:06 - [MESSAGE][INFO] - ( BK )

2019-12-23 18:01:06 - [TEST_STEP][PASSED] - var_url = getUrl(): Current window's url is: 'https://p4p-qa-bg.aws.paradise4paws.com/frontdesk/checkout/1702655/?parent_id=122350'

2019-12-23 18:01:06 - [MESSAGE][PASSED] - Current window's url is: 'https://p4p-qa-bg.aws.paradise4paws.com/frontdesk/checkout/1702655/?parent_id=122350'

2019-12-23 18:01:06 - [TEST_STEP][PASSED] - arrayUrl = var_url.split("/"): null

2019-12-23 18:01:06 - [TEST_STEP][PASSED] - verifyElementText(findTestObject("Object Repository/object_reservation/Page_Paradise 4 Paws  Dog Boarding Cat Boar_35fe2b/span_( BK )"), "( BK )", STOP_ON_FAILURE): Actual text and expected text of test object 'Object Repository/object_reservation/Page_Paradise 4 Paws  Dog Boarding Cat Boar_35fe2b/span_( BK )' are matched.

2019-12-23 18:01:06 - [MESSAGE][PASSED] - Actual text and expected text of test object 'Object Repository/object_reservation/Page_Paradise 4 Paws  Dog Boarding Cat Boar_35fe2b/span_( BK )' are matched.

2019-12-23 18:01:06 - [TEST_STEP][PASSED] - cell = rowNewRes.createCell(15, 0): null

2019-12-23 18:01:06 - [TEST_STEP][PASSED] - cell.setCellType(CELL_TYPE_STRING): null

2019-12-23 18:01:06 - [TEST_STEP][PASSED] - cell.setCellValue(arrayUrl[5]): null

2019-12-23 18:01:06 - [TEST_STEP][PASSED] - cell2 = rowNewRes.createCell(16, 0): null

2019-12-23 18:01:06 - [TEST_STEP][PASSED] - cell2.setCellType(CELL_TYPE_STRING): null

2019-12-23 18:01:06 - [TEST_STEP][PASSED] - cell2.setCellValue(getText(findTestObject("Object Repository/object_reservation/Page_Paradise 4 Paws  Dog Boarding Cat Boar_35fe2b/span_( BK )"))): Text of object 'Object Repository/object_reservation/Page_Paradise 4 Paws  Dog Boarding Cat Boar_35fe2b/span_( BK )' is: '( BK )'

2019-12-23 18:01:06 - [MESSAGE][PASSED] - Text of object 'Object Repository/object_reservation/Page_Paradise 4 Paws  Dog Boarding Cat Boar_35fe2b/span_( BK )' is: '( BK )'

2019-12-23 18:01:06 - [TEST_STEP][PASSED] - cell3 = rowNewRes.createCell(17, 0): null

2019-12-23 18:01:06 - [TEST_STEP][PASSED] - cell3.setCellType(CELL_TYPE_STRING): null

2019-12-23 18:01:06 - [TEST_STEP][PASSED] - cell3.setCellValue("Reservacion generada"): null

2019-12-23 18:01:06 - [TEST_STEP][PASSED] - fos = new java.io.FileOutputStream(((/home/leonardo-arkusmty/Desktop/P4P/DATA_AUTOMATINTESTING/data_1 + nowTime) + newReservationBoarding.xlsx)): null

2019-12-23 18:01:06 - [TEST_STEP][PASSED] - workbookNewRes.write(fos): null

2019-12-23 18:01:06 - [TEST_STEP][PASSED] - fos.close(): null

2019-12-23 18:01:06 - [TEST_STEP][PASSED] - delay(1): Delayed 1 second(s)

2019-12-23 18:01:07 - [MESSAGE][PASSED] - Delayed 1 second(s)

2019-12-23 18:01:07 - [TEST_STEP][PASSED] - (var_row++): null

2019-12-23 18:01:07 - [TEST_STEP][PASSED] - log.logInfo("POST CANCEL"): POST CANCEL

2019-12-23 18:01:07 - [MESSAGE][INFO] - POST CANCEL

2019-12-23 18:01:07 - [TEST_STEP][PASSED] - cellCan = rowCanRes.createCell(5, 0): null

2019-12-23 18:01:07 - [TEST_STEP][PASSED] - cellCan.setCellType(CELL_TYPE_STRING): null

2019-12-23 18:01:07 - [TEST_STEP][PASSED] - cellCan.setCellValue(arrayUrl[5]): null

2019-12-23 18:01:07 - [TEST_STEP][PASSED] - cell2Can = rowCanRes.createCell(6, 0): null

2019-12-23 18:01:07 - [TEST_STEP][PASSED] - cell2Can.setCellType(CELL_TYPE_STRING): null

2019-12-23 18:01:07 - [TEST_STEP][PASSED] - cell2Can.setCellValue(getText(findTestObject("Object Repository/object_reservation/Page_Paradise 4 Paws  Dog Boarding Cat Boar_35fe2b/span_( BK )"))): Text of object 'Object Repository/object_reservation/Page_Paradise 4 Paws  Dog Boarding Cat Boar_35fe2b/span_( BK )' is: '( BK )'

2019-12-23 18:01:08 - [MESSAGE][PASSED] - Text of object 'Object Repository/object_reservation/Page_Paradise 4 Paws  Dog Boarding Cat Boar_35fe2b/span_( BK )' is: '( BK )'

2019-12-23 18:01:08 - [TEST_STEP][PASSED] - fosCan = new java.io.FileOutputStream(((/home/leonardo-arkusmty/Desktop/P4P/DATA_AUTOMATINTESTING/data_2 + nowTime) + cancelReservation.xlsx)): null

2019-12-23 18:01:08 - [TEST_STEP][PASSED] - workbookCanRes.write(fosCan): null

2019-12-23 18:01:08 - [TEST_STEP][PASSED] - fosCan.close(): null]]></system-out>
         <system-err><![CDATA[]]></system-err>
      </testcase>
      <system-out><![CDATA[2019-12-23 17:58:26 - [TEST_SUITE][PASSED] - ts_newReservationBoarding: Test Cases/p4p_newReservationBoarding]]></system-out>
      <system-err><![CDATA[]]></system-err>
   </testsuite>
</testsuites>
