<?xml version="1.0" encoding="UTF-8"?>
<testsuites name="ts_newReservation" time="158.464" tests="1" failures="0" errors="0">
   <testsuite name="ts_newReservation" tests="1" failures="0" errors="0" time="158.464" timestamp="2019-11-26 08:56:43" hostname="leonardo-arkusmty - leonardoarkusmty-Inspiron-5577" id="Test Suites/ts_newReservation">
      <properties>
         <property name="deviceName" value=""/>
         <property name="devicePlatform" value=""/>
         <property name="logFolder" value="/home/leonardo-arkusmty/Documents/workspaceKatalon/p4ptest/Reports/20191126_085642/ts_newReservation/20191126_085642"/>
         <property name="logFiles" value="/home/leonardo-arkusmty/Documents/workspaceKatalon/p4ptest/Reports/20191126_085642/ts_newReservation/20191126_085642/execution0.log"/>
         <property name="attachments" value=""/>
         <property name="hostName" value="leonardo-arkusmty - leonardoarkusmty-Inspiron-5577"/>
         <property name="os" value="Linux 64bit"/>
         <property name="katalonVersion" value="7.0.8.1"/>
         <property name="browser" value="Firefox 70.0"/>
         <property name="hostAddress" value="127.0.1.1"/>
         <property name="sessionId" value="fd543111-dc58-4a19-a2a0-c219b4f6ef06"/>
         <property name="seleniumVersion" value="3.141.59"/>
         <property name="proxyInformation" value="ProxyInformation{proxyOption=NO_PROXY, proxyServerType=HTTP, password=, proxyServerAddress=, proxyServerPort=0}"/>
         <property name="platform" value="Linux"/>
      </properties>
      <testcase name="Test Cases/p4p_newReservation" time="157.869" classname="Test Cases/p4p_newReservation" status="PASSED">
         <system-out><![CDATA[2019-11-26 08:56:43 - [TEST_CASE][PASSED] - Test Cases/p4p_newReservation: Test Cases/p4p_newReservation

2019-11-26 08:56:44 - [TEST_STEP][PASSED] - openBrowser("https://p4p-qa-bg.aws.paradise4paws.com/login/"): Browser is opened with url: 'https://p4p-qa-bg.aws.paradise4paws.com/login/'

2019-11-26 08:56:44 - [MESSAGE][INFO] - Starting 'Firefox' driver

2019-11-26 08:56:44 - [MESSAGE][INFO] - Action delay is set to 0 seconds

2019-11-26 08:56:48 - [MESSAGE][PASSED] - Browser is opened with url: 'https://p4p-qa-bg.aws.paradise4paws.com/login/'

2019-11-26 08:56:48 - [TEST_STEP][PASSED] - setText(findTestObject("object_login/input_user"), var_user): Text 'jegchavez@gmail.com' is set on object 'Object Repository/object_login/input_user'

2019-11-26 08:56:49 - [MESSAGE][PASSED] - Text 'jegchavez@gmail.com' is set on object 'Object Repository/object_login/input_user'

2019-11-26 08:56:49 - [TEST_STEP][PASSED] - setText(findTestObject("object_login/input_pass"), var_pass): Text 'admin1' is set on object 'Object Repository/object_login/input_pass'

2019-11-26 08:56:49 - [MESSAGE][PASSED] - Text 'admin1' is set on object 'Object Repository/object_login/input_pass'

2019-11-26 08:56:49 - [TEST_STEP][PASSED] - delay(2): Delayed 2 second(s)

2019-11-26 08:56:51 - [MESSAGE][PASSED] - Delayed 2 second(s)

2019-11-26 08:56:51 - [TEST_STEP][PASSED] - verifyElementClickable(findTestObject("object_login/btn_login")): Object 'Object Repository/object_login/btn_login' is clickable

2019-11-26 08:56:51 - [MESSAGE][PASSED] - Object 'Object Repository/object_login/btn_login' is clickable

2019-11-26 08:56:51 - [TEST_STEP][PASSED] - click(findTestObject("object_login/btn_login")): Object: 'Object Repository/object_login/btn_login' is clicked on

2019-11-26 08:56:55 - [MESSAGE][PASSED] - Object: 'Object Repository/object_login/btn_login' is clicked on

2019-11-26 08:56:55 - [TEST_STEP][PASSED] - delay(2): Delayed 2 second(s)

2019-11-26 08:56:57 - [MESSAGE][PASSED] - Delayed 2 second(s)

2019-11-26 08:56:57 - [TEST_STEP][PASSED] - navigateToUrl(var_urlReservations): Navigate to 'https://p4p-qa-bg.aws.paradise4paws.com/accounts/profile/#/reservations/97558/' successfully

2019-11-26 08:56:59 - [MESSAGE][PASSED] - Navigate to 'https://p4p-qa-bg.aws.paradise4paws.com/accounts/profile/#/reservations/97558/' successfully

2019-11-26 08:56:59 - [TEST_STEP][PASSED] - delay(2): Delayed 2 second(s)

2019-11-26 08:57:01 - [MESSAGE][PASSED] - Delayed 2 second(s)

2019-11-26 08:57:01 - [TEST_STEP][PASSED] - click(findTestObject("object_profile/a_addReservation")): Object: 'Object Repository/object_profile/a_addReservation' is clicked on

2019-11-26 08:57:02 - [MESSAGE][PASSED] - Object: 'Object Repository/object_profile/a_addReservation' is clicked on

2019-11-26 08:57:02 - [TEST_STEP][PASSED] - click(findTestObject("object_reservations/btn_Boarding")): Object: 'Object Repository/object_reservations/btn_Boarding' is clicked on

2019-11-26 08:57:04 - [MESSAGE][PASSED] - Object: 'Object Repository/object_reservations/btn_Boarding' is clicked on

2019-11-26 08:57:04 - [TEST_STEP][PASSED] - delay(3): Delayed 3 second(s)

2019-11-26 08:57:07 - [MESSAGE][PASSED] - Delayed 3 second(s)

2019-11-26 08:57:07 - [TEST_STEP][PASSED] - setText(findTestObject("object_reservations/input_Check-in Date_valid-date ng-not-empty"), "Thu, Nov 28, 2019"): Text 'Thu, Nov 28, 2019' is set on object 'Object Repository/object_reservations/input_Check-in Date_valid-date ng-not-empty'

2019-11-26 08:57:07 - [MESSAGE][PASSED] - Text 'Thu, Nov 28, 2019' is set on object 'Object Repository/object_reservations/input_Check-in Date_valid-date ng-not-empty'

2019-11-26 08:57:07 - [TEST_STEP][PASSED] - setText(findTestObject("object_reservations/input_Check-out Date_valid-date ng-not-empty"), "Fri, Nov 29, 2019"): Text 'Fri, Nov 29, 2019' is set on object 'Object Repository/object_reservations/input_Check-out Date_valid-date ng-not-empty'

2019-11-26 08:57:08 - [MESSAGE][PASSED] - Text 'Fri, Nov 29, 2019' is set on object 'Object Repository/object_reservations/input_Check-out Date_valid-date ng-not-empty'

2019-11-26 08:57:08 - [TEST_STEP][PASSED] - setText(findTestObject("object_reservations/input_Check-in Date_timepicker-input ng-not-empty ng-valid ng-valid-required ng-touched"), "07:00 AM"): Text '07:00 AM' is set on object 'Object Repository/object_reservations/input_Check-in Date_timepicker-input ng-not-empty ng-valid ng-valid-required ng-touched'

2019-11-26 08:57:09 - [MESSAGE][PASSED] - Text '07:00 AM' is set on object 'Object Repository/object_reservations/input_Check-in Date_timepicker-input ng-not-empty ng-valid ng-valid-required ng-touched'

2019-11-26 08:57:09 - [TEST_STEP][PASSED] - setText(findTestObject("object_reservations/input_Check-out Date_timepicker-input ng-empty ng-invalid ng-invalid-required"), "01:30 PM"): Text '01:30 PM' is set on object 'Object Repository/object_reservations/input_Check-out Date_timepicker-input ng-empty ng-invalid ng-invalid-required'

2019-11-26 08:57:10 - [MESSAGE][PASSED] - Text '01:30 PM' is set on object 'Object Repository/object_reservations/input_Check-out Date_timepicker-input ng-empty ng-invalid ng-invalid-required'

2019-11-26 08:57:10 - [TEST_STEP][PASSED] - delay(2): Delayed 2 second(s)

2019-11-26 08:57:12 - [MESSAGE][PASSED] - Delayed 2 second(s)

2019-11-26 08:57:12 - [TEST_STEP][NOT_RUN] - click(findTestObject("object_reservations/input_Check-in Date_form-control ng-pristin_499b9d")): NOT_RUN: click(findTestObject("object_reservations/input_Check-in Date_form-control ng-pristin_499b9d"))

2019-11-26 08:57:12 - [MESSAGE][NOT_RUN] - NOT_RUN: click(findTestObject("object_reservations/input_Check-in Date_form-control ng-pristin_499b9d"))

2019-11-26 08:57:12 - [TEST_STEP][NOT_RUN] - click(findTestObject("object_reservations/span_27")): NOT_RUN: click(findTestObject("object_reservations/span_27"))

2019-11-26 08:57:12 - [MESSAGE][NOT_RUN] - NOT_RUN: click(findTestObject("object_reservations/span_27"))

2019-11-26 08:57:12 - [TEST_STEP][NOT_RUN] - click(findTestObject("object_reservations/input_Check-in Date_form-control ng-pristin_499b9d")): NOT_RUN: click(findTestObject("object_reservations/input_Check-in Date_form-control ng-pristin_499b9d"))

2019-11-26 08:57:12 - [MESSAGE][NOT_RUN] - NOT_RUN: click(findTestObject("object_reservations/input_Check-in Date_form-control ng-pristin_499b9d"))

2019-11-26 08:57:12 - [TEST_STEP][NOT_RUN] - click(findTestObject("object_reservations/span_28")): NOT_RUN: click(findTestObject("object_reservations/span_28"))

2019-11-26 08:57:12 - [MESSAGE][NOT_RUN] - NOT_RUN: click(findTestObject("object_reservations/span_28"))

2019-11-26 08:57:12 - [TEST_STEP][NOT_RUN] - click(findTestObject("object_reservations/input_Check-in Date_form-control ng-pristin_e9c8b5")): NOT_RUN: click(findTestObject("object_reservations/input_Check-in Date_form-control ng-pristin_e9c8b5"))

2019-11-26 08:57:12 - [MESSAGE][NOT_RUN] - NOT_RUN: click(findTestObject("object_reservations/input_Check-in Date_form-control ng-pristin_e9c8b5"))

2019-11-26 08:57:12 - [TEST_STEP][NOT_RUN] - click(findTestObject("object_reservations/li_0630 AM")): NOT_RUN: click(findTestObject("object_reservations/li_0630 AM"))

2019-11-26 08:57:12 - [MESSAGE][NOT_RUN] - NOT_RUN: click(findTestObject("object_reservations/li_0630 AM"))

2019-11-26 08:57:12 - [TEST_STEP][NOT_RUN] - click(findTestObject("object_reservations/input_Check-in Date_form-control ng-pristin_e9c8b5")): NOT_RUN: click(findTestObject("object_reservations/input_Check-in Date_form-control ng-pristin_e9c8b5"))

2019-11-26 08:57:12 - [MESSAGE][NOT_RUN] - NOT_RUN: click(findTestObject("object_reservations/input_Check-in Date_form-control ng-pristin_e9c8b5"))

2019-11-26 08:57:12 - [TEST_STEP][NOT_RUN] - click(findTestObject("object_reservations/li_0100 PM")): NOT_RUN: click(findTestObject("object_reservations/li_0100 PM"))

2019-11-26 08:57:12 - [MESSAGE][NOT_RUN] - NOT_RUN: click(findTestObject("object_reservations/li_0100 PM"))

2019-11-26 08:57:12 - [TEST_STEP][PASSED] - click(findTestObject("object_reservations/i_petMulSA1_fa fa-square-o ng-scope")): Object: 'Object Repository/object_reservations/i_petMulSA1_fa fa-square-o ng-scope' is clicked on

2019-11-26 08:57:13 - [MESSAGE][PASSED] - Object: 'Object Repository/object_reservations/i_petMulSA1_fa fa-square-o ng-scope' is clicked on

2019-11-26 08:57:13 - [TEST_STEP][PASSED] - click(findTestObject("object_reservations/i_Day_fa fa-circle-o ng-scope")): Object: 'Object Repository/object_reservations/i_Day_fa fa-circle-o ng-scope' is clicked on

2019-11-26 08:57:13 - [MESSAGE][ERROR] - TypeError: rect is undefined
Build info: version: '3.141.59', revision: 'e82be7d358', time: '2018-11-14T08:25:53'
System info: host: 'leonardoarkusmty-Inspiron-5577', ip: '127.0.1.1', os.name: 'Linux', os.arch: 'amd64', os.version: '4.15.0-70-generic', java.version: '1.8.0_222'
Driver info: com.kms.katalon.core.webui.driver.firefox.CGeckoDriver
Capabilities {acceptInsecureCerts: true, browserName: firefox, browserVersion: 70.0.1, javascriptEnabled: true, moz:accessibilityChecks: false, moz:buildID: 20191031062442, moz:geckodriverVersion: 0.23.0, moz:headless: false, moz:processID: 12296, moz:profile: /tmp/rust_mozprofile.t4VAvJ..., moz:shutdownTimeout: 60000, moz:useNonSpecCompliantPointerOrigin: false, moz:webdriverClick: true, pageLoadStrategy: normal, platform: LINUX, platformName: LINUX, platformVersion: 4.15.0-70-generic, proxy: Proxy(direct), rotatable: false, setWindowRect: true, strictFileInteractability: false, timeouts: {implicit: 0, pageLoad: 300000, script: 30000}, unhandledPromptBehavior: dismiss and notify}
Session ID: fd543111-dc58-4a19-a2a0-c219b4f6ef06

2019-11-26 08:57:44 - [MESSAGE][ERROR] - TypeError: rect is undefined
Build info: version: '3.141.59', revision: 'e82be7d358', time: '2018-11-14T08:25:53'
System info: host: 'leonardoarkusmty-Inspiron-5577', ip: '127.0.1.1', os.name: 'Linux', os.arch: 'amd64', os.version: '4.15.0-70-generic', java.version: '1.8.0_222'
Driver info: com.kms.katalon.core.webui.driver.firefox.CGeckoDriver
Capabilities {acceptInsecureCerts: true, browserName: firefox, browserVersion: 70.0.1, javascriptEnabled: true, moz:accessibilityChecks: false, moz:buildID: 20191031062442, moz:geckodriverVersion: 0.23.0, moz:headless: false, moz:processID: 12296, moz:profile: /tmp/rust_mozprofile.t4VAvJ..., moz:shutdownTimeout: 60000, moz:useNonSpecCompliantPointerOrigin: false, moz:webdriverClick: true, pageLoadStrategy: normal, platform: LINUX, platformName: LINUX, platformVersion: 4.15.0-70-generic, proxy: Proxy(direct), rotatable: false, setWindowRect: true, strictFileInteractability: false, timeouts: {implicit: 0, pageLoad: 300000, script: 30000}, unhandledPromptBehavior: dismiss and notify}
Session ID: fd543111-dc58-4a19-a2a0-c219b4f6ef06

2019-11-26 08:57:44 - [MESSAGE][PASSED] - Object: 'Object Repository/object_reservations/i_Day_fa fa-circle-o ng-scope' is clicked on

2019-11-26 08:57:44 - [TEST_STEP][PASSED] - click(findTestObject("object_reservations/button_Next")): Object: 'Object Repository/object_reservations/button_Next' is clicked on

2019-11-26 08:58:15 - [MESSAGE][PASSED] - Object: 'Object Repository/object_reservations/button_Next' is clicked on

2019-11-26 08:58:15 - [TEST_STEP][PASSED] - delay(4): Delayed 4 second(s)

2019-11-26 08:58:19 - [MESSAGE][PASSED] - Delayed 4 second(s)

2019-11-26 08:58:19 - [TEST_STEP][PASSED] - click(findTestObject("object_reservations/button_Next")): Object: 'Object Repository/object_reservations/button_Next' is clicked on

2019-11-26 08:58:50 - [MESSAGE][PASSED] - Object: 'Object Repository/object_reservations/button_Next' is clicked on

2019-11-26 08:58:50 - [TEST_STEP][PASSED] - click(findTestObject("object_reservations/button_Submit Reservation")): Object: 'Object Repository/object_reservations/button_Submit Reservation' is clicked on

2019-11-26 08:58:50 - [MESSAGE][ERROR] - TypeError: rect is undefined
Build info: version: '3.141.59', revision: 'e82be7d358', time: '2018-11-14T08:25:53'
System info: host: 'leonardoarkusmty-Inspiron-5577', ip: '127.0.1.1', os.name: 'Linux', os.arch: 'amd64', os.version: '4.15.0-70-generic', java.version: '1.8.0_222'
Driver info: com.kms.katalon.core.webui.driver.firefox.CGeckoDriver
Capabilities {acceptInsecureCerts: true, browserName: firefox, browserVersion: 70.0.1, javascriptEnabled: true, moz:accessibilityChecks: false, moz:buildID: 20191031062442, moz:geckodriverVersion: 0.23.0, moz:headless: false, moz:processID: 12296, moz:profile: /tmp/rust_mozprofile.t4VAvJ..., moz:shutdownTimeout: 60000, moz:useNonSpecCompliantPointerOrigin: false, moz:webdriverClick: true, pageLoadStrategy: normal, platform: LINUX, platformName: LINUX, platformVersion: 4.15.0-70-generic, proxy: Proxy(direct), rotatable: false, setWindowRect: true, strictFileInteractability: false, timeouts: {implicit: 0, pageLoad: 300000, script: 30000}, unhandledPromptBehavior: dismiss and notify}
Session ID: fd543111-dc58-4a19-a2a0-c219b4f6ef06

2019-11-26 08:59:21 - [MESSAGE][ERROR] - TypeError: rect is undefined
Build info: version: '3.141.59', revision: 'e82be7d358', time: '2018-11-14T08:25:53'
System info: host: 'leonardoarkusmty-Inspiron-5577', ip: '127.0.1.1', os.name: 'Linux', os.arch: 'amd64', os.version: '4.15.0-70-generic', java.version: '1.8.0_222'
Driver info: com.kms.katalon.core.webui.driver.firefox.CGeckoDriver
Capabilities {acceptInsecureCerts: true, browserName: firefox, browserVersion: 70.0.1, javascriptEnabled: true, moz:accessibilityChecks: false, moz:buildID: 20191031062442, moz:geckodriverVersion: 0.23.0, moz:headless: false, moz:processID: 12296, moz:profile: /tmp/rust_mozprofile.t4VAvJ..., moz:shutdownTimeout: 60000, moz:useNonSpecCompliantPointerOrigin: false, moz:webdriverClick: true, pageLoadStrategy: normal, platform: LINUX, platformName: LINUX, platformVersion: 4.15.0-70-generic, proxy: Proxy(direct), rotatable: false, setWindowRect: true, strictFileInteractability: false, timeouts: {implicit: 0, pageLoad: 300000, script: 30000}, unhandledPromptBehavior: dismiss and notify}
Session ID: fd543111-dc58-4a19-a2a0-c219b4f6ef06

2019-11-26 08:59:21 - [MESSAGE][PASSED] - Object: 'Object Repository/object_reservations/button_Submit Reservation' is clicked on

2019-11-26 08:59:21 - [TEST_STEP][PASSED] - click(findTestObject("object_reservations/button_Return To Reservation")): Object: 'Object Repository/object_reservations/button_Return To Reservation' is clicked on

2019-11-26 08:59:21 - [MESSAGE][PASSED] - Object: 'Object Repository/object_reservations/button_Return To Reservation' is clicked on]]></system-out>
         <system-err><![CDATA[]]></system-err>
      </testcase>
      <system-out><![CDATA[2019-11-26 08:56:43 - [TEST_SUITE][PASSED] - ts_newReservation: Test Cases/p4p_newReservation]]></system-out>
      <system-err><![CDATA[]]></system-err>
   </testsuite>
</testsuites>
