<?xml version="1.0" encoding="UTF-8"?>
<testsuites name="ts_newReservation" time="41.943" tests="1" failures="0" errors="0">
   <testsuite name="ts_newReservation" tests="1" failures="0" errors="0" time="41.943" timestamp="2019-11-25 16:10:31" hostname="leonardo-arkusmty - leonardoarkusmty-Inspiron-5577" id="Test Suites/ts_newReservation">
      <properties>
         <property name="deviceName" value=""/>
         <property name="devicePlatform" value=""/>
         <property name="logFolder" value="/home/leonardo-arkusmty/Documents/workspaceKatalon/p4ptest/Reports/20191125_161029/ts_newReservation/20191125_161029"/>
         <property name="logFiles" value="/home/leonardo-arkusmty/Documents/workspaceKatalon/p4ptest/Reports/20191125_161029/ts_newReservation/20191125_161029/execution0.log"/>
         <property name="attachments" value=""/>
         <property name="hostName" value="leonardo-arkusmty - leonardoarkusmty-Inspiron-5577"/>
         <property name="os" value="Linux 64bit"/>
         <property name="katalonVersion" value="7.0.8.1"/>
         <property name="browser" value="Firefox 70.0"/>
         <property name="hostAddress" value="127.0.1.1"/>
         <property name="sessionId" value="8631a969-34e9-4bcd-b6f5-aa310b6bc9d1"/>
         <property name="seleniumVersion" value="3.141.59"/>
         <property name="proxyInformation" value="ProxyInformation{proxyOption=NO_PROXY, proxyServerType=HTTP, password=, proxyServerAddress=, proxyServerPort=0}"/>
         <property name="platform" value="Linux"/>
      </properties>
      <testcase name="Test Cases/p4p_newReservation" time="38.052" classname="Test Cases/p4p_newReservation" status="PASSED">
         <system-out><![CDATA[2019-11-25 16:10:31 - [TEST_CASE][PASSED] - Test Cases/p4p_newReservation: Test Cases/p4p_newReservation

2019-11-25 16:10:31 - [TEST_STEP][PASSED] - openBrowser("https://p4p-qa-bg.aws.paradise4paws.com/login/"): Browser is opened with url: 'https://p4p-qa-bg.aws.paradise4paws.com/login/'

2019-11-25 16:10:31 - [MESSAGE][INFO] - Starting 'Firefox' driver

2019-11-25 16:10:31 - [MESSAGE][INFO] - Action delay is set to 0 seconds

2019-11-25 16:10:37 - [MESSAGE][PASSED] - Browser is opened with url: 'https://p4p-qa-bg.aws.paradise4paws.com/login/'

2019-11-25 16:10:37 - [TEST_STEP][PASSED] - setText(findTestObject("object_login/input_user"), var_user): Text 'jegchavez@gmail.com' is set on object 'Object Repository/object_login/input_user'

2019-11-25 16:10:38 - [MESSAGE][PASSED] - Text 'jegchavez@gmail.com' is set on object 'Object Repository/object_login/input_user'

2019-11-25 16:10:38 - [TEST_STEP][PASSED] - setText(findTestObject("object_login/input_pass"), var_pass): Text 'admin1' is set on object 'Object Repository/object_login/input_pass'

2019-11-25 16:10:38 - [MESSAGE][PASSED] - Text 'admin1' is set on object 'Object Repository/object_login/input_pass'

2019-11-25 16:10:38 - [TEST_STEP][PASSED] - delay(2): Delayed 2 second(s)

2019-11-25 16:10:40 - [MESSAGE][PASSED] - Delayed 2 second(s)

2019-11-25 16:10:40 - [TEST_STEP][PASSED] - verifyElementClickable(findTestObject("object_login/btn_login")): Object 'Object Repository/object_login/btn_login' is clickable

2019-11-25 16:10:40 - [MESSAGE][PASSED] - Object 'Object Repository/object_login/btn_login' is clickable

2019-11-25 16:10:40 - [TEST_STEP][PASSED] - click(findTestObject("object_login/btn_login")): Object: 'Object Repository/object_login/btn_login' is clicked on

2019-11-25 16:10:45 - [MESSAGE][PASSED] - Object: 'Object Repository/object_login/btn_login' is clicked on

2019-11-25 16:10:45 - [TEST_STEP][PASSED] - delay(3): Delayed 3 second(s)

2019-11-25 16:10:48 - [MESSAGE][PASSED] - Delayed 3 second(s)

2019-11-25 16:10:48 - [TEST_STEP][PASSED] - navigateToUrl(var_urlReservations): Navigate to 'https://p4p-qa-bg.aws.paradise4paws.com/accounts/profile/#/reservations/97558/' successfully

2019-11-25 16:10:49 - [MESSAGE][PASSED] - Navigate to 'https://p4p-qa-bg.aws.paradise4paws.com/accounts/profile/#/reservations/97558/' successfully

2019-11-25 16:10:49 - [TEST_STEP][PASSED] - delay(6): Delayed 6 second(s)

2019-11-25 16:10:55 - [MESSAGE][PASSED] - Delayed 6 second(s)

2019-11-25 16:10:55 - [TEST_STEP][PASSED] - click(findTestObject("object_profile/a_addReservation")): Object: 'Object Repository/object_profile/a_addReservation' is clicked on

2019-11-25 16:10:57 - [MESSAGE][PASSED] - Object: 'Object Repository/object_profile/a_addReservation' is clicked on

2019-11-25 16:10:57 - [TEST_STEP][PASSED] - delay(3): Delayed 3 second(s)

2019-11-25 16:11:00 - [MESSAGE][PASSED] - Delayed 3 second(s)

2019-11-25 16:11:00 - [TEST_STEP][PASSED] - click(findTestObject("object_reservations/select_Chicago MDW Airport Resort")): Object: 'Object Repository/object_reservations/select_Chicago MDW Airport Resort' is clicked on

2019-11-25 16:11:01 - [MESSAGE][PASSED] - Object: 'Object Repository/object_reservations/select_Chicago MDW Airport Resort' is clicked on

2019-11-25 16:11:01 - [TEST_STEP][PASSED] - click(findTestObject("object_reservations/select_Chicago ORD Airport Resort")): Object: 'Object Repository/object_reservations/select_Chicago ORD Airport Resort' is clicked on

2019-11-25 16:11:01 - [MESSAGE][PASSED] - Object: 'Object Repository/object_reservations/select_Chicago ORD Airport Resort' is clicked on

2019-11-25 16:11:01 - [TEST_STEP][PASSED] - click(findTestObject("object_reservations/select_Chicago Pooch Club South Loop")): Object: 'Object Repository/object_reservations/select_Chicago Pooch Club South Loop' is clicked on

2019-11-25 16:11:01 - [MESSAGE][PASSED] - Object: 'Object Repository/object_reservations/select_Chicago Pooch Club South Loop' is clicked on

2019-11-25 16:11:01 - [TEST_STEP][PASSED] - click(findTestObject("object_reservations/input_Check-in Date_form-control ng-pristine ng-untouched ng-valid")): Object: 'Object Repository/object_reservations/input_Check-in Date_form-control ng-pristine ng-untouched ng-valid' is clicked on

2019-11-25 16:11:02 - [MESSAGE][PASSED] - Object: 'Object Repository/object_reservations/input_Check-in Date_form-control ng-pristine ng-untouched ng-valid' is clicked on

2019-11-25 16:11:02 - [TEST_STEP][PASSED] - setText(findTestObject("object_reservations/input_Check-out Date_form-control ng-pristine ng-untouched ng-valid"), "06:30 AM"): Text '06:30 AM' is set on object 'Object Repository/object_reservations/input_Check-out Date_form-control ng-pristine ng-untouched ng-valid'

2019-11-25 16:11:03 - [MESSAGE][PASSED] - Text '06:30 AM' is set on object 'Object Repository/object_reservations/input_Check-out Date_form-control ng-pristine ng-untouched ng-valid'

2019-11-25 16:11:03 - [TEST_STEP][PASSED] - click(findTestObject("object_reservations/input_Check-in Date_form-control ng-pristine ng-untouched ui-timepicker-input")): Object: 'Object Repository/object_reservations/input_Check-in Date_form-control ng-pristine ng-untouched ui-timepicker-input' is clicked on

2019-11-25 16:11:04 - [MESSAGE][PASSED] - Object: 'Object Repository/object_reservations/input_Check-in Date_form-control ng-pristine ng-untouched ui-timepicker-input' is clicked on

2019-11-25 16:11:04 - [TEST_STEP][PASSED] - click(findTestObject("object_reservations/input_Check-out Date_form-control ng-pristine ng-untouched ui-timepicker-input")): Object: 'Object Repository/object_reservations/input_Check-out Date_form-control ng-pristine ng-untouched ui-timepicker-input' is clicked on

2019-11-25 16:11:05 - [MESSAGE][PASSED] - Object: 'Object Repository/object_reservations/input_Check-out Date_form-control ng-pristine ng-untouched ui-timepicker-input' is clicked on

2019-11-25 16:11:05 - [TEST_STEP][PASSED] - delay(4): Delayed 4 second(s)

2019-11-25 16:11:09 - [MESSAGE][PASSED] - Delayed 4 second(s)]]></system-out>
         <system-err><![CDATA[]]></system-err>
      </testcase>
      <system-out><![CDATA[2019-11-25 16:10:31 - [TEST_SUITE][PASSED] - ts_newReservation: Test Cases/p4p_newReservation]]></system-out>
      <system-err><![CDATA[]]></system-err>
   </testsuite>
</testsuites>
