<?xml version="1.0" encoding="UTF-8"?>
<testsuites name="ts_newReservationBoarding" time="163.174" tests="2" failures="0" errors="2">
   <testsuite name="ts_newReservationBoarding" tests="2" failures="0" errors="2" time="163.174" timestamp="2019-12-27 17:28:04" hostname="leonardo-arkusmty - leonardoarkusmty-Inspiron-5577" id="Test Suites/ts_newReservationBoarding">
      <properties>
         <property name="deviceName" value=""/>
         <property name="devicePlatform" value=""/>
         <property name="logFolder" value="/home/leonardo-arkusmty/Documents/workspaceKatalon/p4ptest/Reports/20191227_172803/ts_newReservationBoarding/20191227_172803"/>
         <property name="logFiles" value="/home/leonardo-arkusmty/Documents/workspaceKatalon/p4ptest/Reports/20191227_172803/ts_newReservationBoarding/20191227_172803/execution0.log"/>
         <property name="attachments" value=""/>
         <property name="hostName" value="leonardo-arkusmty - leonardoarkusmty-Inspiron-5577"/>
         <property name="os" value="Linux 64bit"/>
         <property name="katalonVersion" value="7.0.8.1"/>
         <property name="browser" value="Firefox 71.0"/>
         <property name="hostAddress" value="127.0.1.1"/>
         <property name="sessionId" value="d56f4744-7a89-4c99-b019-e916e2011cb4"/>
         <property name="seleniumVersion" value="3.141.59"/>
         <property name="proxyInformation" value="ProxyInformation{proxyOption=NO_PROXY, proxyServerType=HTTP, password=, proxyServerAddress=, proxyServerPort=0}"/>
         <property name="platform" value="Linux"/>
      </properties>
      <testcase name="Test Cases/p4p_newReservationBoarding" time="80.756" classname="Test Cases/p4p_newReservationBoarding" status="ERROR">
         <error type="ERROR" message="Test Cases/p4p_newReservationBoarding FAILED.
Reason:
java.lang.IllegalArgumentException: Invalid column index 21 for test data '/home/leonardo-arkusmty/Desktop/P4P/DATA_AUTOMATINTESTING/data_1newReservationBoarding.xlsx'. Column index must be between 1..19
	at com.kms.katalon.core.testdata.AbstractTestData.verifyColumnIndex(AbstractTestData.java:62)
	at com.kms.katalon.core.testdata.AbstractTestData.getObjectValue(AbstractTestData.java:120)
	at com.kms.katalon.core.testdata.AbstractTestData.getValue(AbstractTestData.java:94)
	at com.kms.katalon.core.testdata.TestData$getValue.call(Unknown Source)
	at p4p_newReservationBoarding.run(p4p_newReservationBoarding:587)
	at com.kms.katalon.core.main.ScriptEngine.run(ScriptEngine.java:194)
	at com.kms.katalon.core.main.ScriptEngine.runScriptAsRawText(ScriptEngine.java:119)
	at com.kms.katalon.core.main.TestCaseExecutor.runScript(TestCaseExecutor.java:337)
	at com.kms.katalon.core.main.TestCaseExecutor.doExecute(TestCaseExecutor.java:328)
	at com.kms.katalon.core.main.TestCaseExecutor.processExecutionPhase(TestCaseExecutor.java:307)
	at com.kms.katalon.core.main.TestCaseExecutor.accessMainPhase(TestCaseExecutor.java:299)
	at com.kms.katalon.core.main.TestCaseExecutor.execute(TestCaseExecutor.java:233)
	at com.kms.katalon.core.main.TestSuiteExecutor.accessTestCaseMainPhase(TestSuiteExecutor.java:169)
	at com.kms.katalon.core.main.TestSuiteExecutor.accessTestSuiteMainPhase(TestSuiteExecutor.java:142)
	at com.kms.katalon.core.main.TestSuiteExecutor.execute(TestSuiteExecutor.java:91)
	at com.kms.katalon.core.main.TestCaseMain.startTestSuite(TestCaseMain.java:157)
	at com.kms.katalon.core.main.TestCaseMain$startTestSuite$0.call(Unknown Source)
	at TempTestSuite1577489283468.run(TempTestSuite1577489283468.groovy:36)
"/>
         <system-out><![CDATA[2019-12-27 17:28:05 - [TEST_CASE][ERROR] - Test Cases/p4p_newReservationBoarding: Test Cases/p4p_newReservationBoarding FAILED.
Reason:
java.lang.IllegalArgumentException: Invalid column index 21 for test data '/home/leonardo-arkusmty/Desktop/P4P/DATA_AUTOMATINTESTING/data_1newReservationBoarding.xlsx'. Column index must be between 1..19
	at com.kms.katalon.core.testdata.AbstractTestData.verifyColumnIndex(AbstractTestData.java:62)
	at com.kms.katalon.core.testdata.AbstractTestData.getObjectValue(AbstractTestData.java:120)
	at com.kms.katalon.core.testdata.AbstractTestData.getValue(AbstractTestData.java:94)
	at com.kms.katalon.core.testdata.TestData$getValue.call(Unknown Source)
	at p4p_newReservationBoarding.run(p4p_newReservationBoarding:587)
	at com.kms.katalon.core.main.ScriptEngine.run(ScriptEngine.java:194)
	at com.kms.katalon.core.main.ScriptEngine.runScriptAsRawText(ScriptEngine.java:119)
	at com.kms.katalon.core.main.TestCaseExecutor.runScript(TestCaseExecutor.java:337)
	at com.kms.katalon.core.main.TestCaseExecutor.doExecute(TestCaseExecutor.java:328)
	at com.kms.katalon.core.main.TestCaseExecutor.processExecutionPhase(TestCaseExecutor.java:307)
	at com.kms.katalon.core.main.TestCaseExecutor.accessMainPhase(TestCaseExecutor.java:299)
	at com.kms.katalon.core.main.TestCaseExecutor.execute(TestCaseExecutor.java:233)
	at com.kms.katalon.core.main.TestSuiteExecutor.accessTestCaseMainPhase(TestSuiteExecutor.java:169)
	at com.kms.katalon.core.main.TestSuiteExecutor.accessTestSuiteMainPhase(TestSuiteExecutor.java:142)
	at com.kms.katalon.core.main.TestSuiteExecutor.execute(TestSuiteExecutor.java:91)
	at com.kms.katalon.core.main.TestCaseMain.startTestSuite(TestCaseMain.java:157)
	at com.kms.katalon.core.main.TestCaseMain$startTestSuite$0.call(Unknown Source)
	at TempTestSuite1577489283468.run(TempTestSuite1577489283468.groovy:36)


2019-12-27 17:28:05 - [TEST_STEP][PASSED] - openBrowser("https://p4p-qa-bg.aws.paradise4paws.com/login/"): Browser is opened with url: 'https://p4p-qa-bg.aws.paradise4paws.com/login/'

2019-12-27 17:28:05 - [MESSAGE][INFO] - Starting 'Firefox' driver

2019-12-27 17:28:05 - [MESSAGE][INFO] - Action delay is set to 0 seconds

2019-12-27 17:28:09 - [MESSAGE][PASSED] - Browser is opened with url: 'https://p4p-qa-bg.aws.paradise4paws.com/login/'

2019-12-27 17:28:09 - [TEST_STEP][PASSED] - setText(findTestObject("Object Repository/object_login/input_user"), var_user): Text 'jegchavez@gmail.com' is set on object 'Object Repository/object_login/input_user'

2019-12-27 17:28:10 - [MESSAGE][PASSED] - Text 'jegchavez@gmail.com' is set on object 'Object Repository/object_login/input_user'

2019-12-27 17:28:10 - [TEST_STEP][PASSED] - setText(findTestObject("Object Repository/object_login/input_pass"), var_pass): Text 'admin1' is set on object 'Object Repository/object_login/input_pass'

2019-12-27 17:28:11 - [MESSAGE][PASSED] - Text 'admin1' is set on object 'Object Repository/object_login/input_pass'

2019-12-27 17:28:11 - [TEST_STEP][PASSED] - delay(2): Delayed 2 second(s)

2019-12-27 17:28:13 - [MESSAGE][PASSED] - Delayed 2 second(s)

2019-12-27 17:28:13 - [TEST_STEP][PASSED] - verifyElementClickable(findTestObject("Object Repository/object_login/btn_login")): Object 'Object Repository/object_login/btn_login' is clickable

2019-12-27 17:28:13 - [MESSAGE][PASSED] - Object 'Object Repository/object_login/btn_login' is clickable

2019-12-27 17:28:13 - [TEST_STEP][PASSED] - click(findTestObject("Object Repository/object_login/btn_login")): Object: 'Object Repository/object_login/btn_login' is clicked on

2019-12-27 17:28:21 - [MESSAGE][PASSED] - Object: 'Object Repository/object_login/btn_login' is clicked on

2019-12-27 17:28:21 - [TEST_STEP][PASSED] - delay(2): Delayed 2 second(s)

2019-12-27 17:28:23 - [MESSAGE][PASSED] - Delayed 2 second(s)

2019-12-27 17:28:23 - [TEST_STEP][PASSED] - setText(findTestObject("Object Repository/object_dashboard_emp/input_search"), var_searchParent): Text 'katalon 1' is set on object 'Object Repository/object_dashboard_emp/input_search'

2019-12-27 17:28:24 - [MESSAGE][PASSED] - Text 'katalon 1' is set on object 'Object Repository/object_dashboard_emp/input_search'

2019-12-27 17:28:24 - [TEST_STEP][PASSED] - click(findTestObject("Object Repository/object_dashboard_emp/btn_accountSearch")): Object: 'Object Repository/object_dashboard_emp/btn_accountSearch' is clicked on

2019-12-27 17:28:25 - [MESSAGE][PASSED] - Object: 'Object Repository/object_dashboard_emp/btn_accountSearch' is clicked on

2019-12-27 17:28:25 - [TEST_STEP][PASSED] - delay(2): Delayed 2 second(s)

2019-12-27 17:28:27 - [MESSAGE][PASSED] - Delayed 2 second(s)

2019-12-27 17:28:27 - [TEST_STEP][PASSED] - click(findTestObject("Object Repository/object_accountInformation/a_TEST GABRIEL PROD")): Object: 'Object Repository/object_accountInformation/a_TEST GABRIEL PROD' is clicked on

2019-12-27 17:28:32 - [MESSAGE][PASSED] - Object: 'Object Repository/object_accountInformation/a_TEST GABRIEL PROD' is clicked on

2019-12-27 17:28:32 - [TEST_STEP][PASSED] - delay(2): Delayed 2 second(s)

2019-12-27 17:28:34 - [MESSAGE][PASSED] - Delayed 2 second(s)

2019-12-27 17:28:34 - [TEST_STEP][PASSED] - click(findTestObject("Object Repository/object_profile/a_addReservation")): Object: 'Object Repository/object_profile/a_addReservation' is clicked on

2019-12-27 17:28:36 - [MESSAGE][PASSED] - Object: 'Object Repository/object_profile/a_addReservation' is clicked on

2019-12-27 17:28:36 - [TEST_STEP][PASSED] - delay(2): Delayed 2 second(s)

2019-12-27 17:28:38 - [MESSAGE][PASSED] - Delayed 2 second(s)

2019-12-27 17:28:38 - [TEST_STEP][PASSED] - flagBoar = "0": null

2019-12-27 17:28:38 - [TEST_STEP][PASSED] - log = new com.kms.katalon.core.logging.KeywordLogger(): null

2019-12-27 17:28:38 - [TEST_STEP][PASSED] - fisNewRes = new java.io.FileInputStream(/home/leonardo-arkusmty/Desktop/P4P/DATA_AUTOMATINTESTING/data_1newReservationBoarding.xlsx): null

2019-12-27 17:28:38 - [TEST_STEP][PASSED] - fisCanRes = new java.io.FileInputStream(/home/leonardo-arkusmty/Desktop/P4P/DATA_AUTOMATINTESTING/data_2cancelReservation.xlsx): null

2019-12-27 17:28:38 - [TEST_STEP][PASSED] - workbookNewRes = new org.apache.poi.xssf.usermodel.XSSFWorkbook(fisNewRes): null

2019-12-27 17:28:39 - [TEST_STEP][PASSED] - workbookCanRes = new org.apache.poi.xssf.usermodel.XSSFWorkbook(fisCanRes): null

2019-12-27 17:28:39 - [TEST_STEP][PASSED] - sheetNewRes = workbookNewRes.getSheet("Sheet1"): null

2019-12-27 17:28:39 - [TEST_STEP][PASSED] - sheetCanRes = workbookCanRes.getSheet("Sheet1"): null

2019-12-27 17:28:39 - [TEST_STEP][PASSED] - rowCount = var_row: null

2019-12-27 17:28:39 - [TEST_STEP][PASSED] - var = Integer.parseInt(var_idRowRes): null

2019-12-27 17:28:39 - [TEST_STEP][PASSED] - rowNewRes = sheetNewRes.getRow(var): null

2019-12-27 17:28:39 - [TEST_STEP][PASSED] - rowCanRes = sheetCanRes.getRow(var): null

2019-12-27 17:28:39 - [TEST_STEP][PASSED] - today = new java.util.Date(): null

2019-12-27 17:28:39 - [TEST_STEP][PASSED] - todaysDate1 = today.format("mmm/dd/yy"): null

2019-12-27 17:28:39 - [TEST_STEP][PASSED] - todaysDate2 = today.format("dd/mm/yy"): null

2019-12-27 17:28:39 - [TEST_STEP][PASSED] - todaysDate3 = today.format("dd"): null

2019-12-27 17:28:39 - [TEST_STEP][PASSED] - nowTime = today.format("hhmm"): null

2019-12-27 17:28:39 - [TEST_STEP][PASSED] - if (var_typeReserveation == "Boarding"): null

2019-12-27 17:28:39 - [TEST_STEP][PASSED] - click(findTestObject("Object Repository/object_reservation/btn_Boarding")): Object: 'Object Repository/object_reservation/btn_Boarding' is clicked on

2019-12-27 17:28:39 - [MESSAGE][PASSED] - Object: 'Object Repository/object_reservation/btn_Boarding' is clicked on

2019-12-27 17:28:39 - [TEST_STEP][PASSED] - flagBoar = "1": null

2019-12-27 17:28:39 - [TEST_STEP][PASSED] - click(findTestObject("Object Repository/object_reservation/i_location")): Object: 'Object Repository/object_reservation/i_location' is clicked on

2019-12-27 17:28:42 - [MESSAGE][PASSED] - Object: 'Object Repository/object_reservation/i_location' is clicked on

2019-12-27 17:28:42 - [TEST_STEP][PASSED] - switch (var_idFacility): null

2019-12-27 17:28:42 - [TEST_STEP][PASSED] - dateCI = var_checkinD.split(","): null

2019-12-27 17:28:42 - [TEST_STEP][PASSED] - dateCO = var_checkoutD.split(","): null

2019-12-27 17:28:42 - [TEST_STEP][PASSED] - arryPets = var_pets.split(","): null

2019-12-27 17:28:42 - [TEST_STEP][PASSED] - delay(2): Delayed 2 second(s)

2019-12-27 17:28:44 - [MESSAGE][PASSED] - Delayed 2 second(s)

2019-12-27 17:28:44 - [TEST_STEP][PASSED] - if (var_repeting == "Y"): null

2019-12-27 17:28:44 - [TEST_STEP][PASSED] - click(findTestObject("Object Repository/object_reservation/dateCheckIn")): Object: 'Object Repository/object_reservation/dateCheckIn' is clicked on

2019-12-27 17:28:44 - [MESSAGE][PASSED] - Object: 'Object Repository/object_reservation/dateCheckIn' is clicked on

2019-12-27 17:28:44 - [TEST_STEP][PASSED] - delay(2): Delayed 2 second(s)

2019-12-27 17:28:46 - [MESSAGE][PASSED] - Delayed 2 second(s)

2019-12-27 17:28:46 - [TEST_STEP][PASSED] - switch (dateCI[0]): null

2019-12-27 17:28:46 - [TEST_STEP][PASSED] - case "15":: null

2019-12-27 17:28:46 - [TEST_STEP][PASSED] - click(findTestObject("Object Repository/Page_Paradise 4 Paws  Dog Boarding Cat Boarding Norwalk Pooch Hotel/button_15_ci")): Object: 'Object Repository/Page_Paradise 4 Paws  Dog Boarding Cat Boarding Norwalk Pooch Hotel/button_15_ci' is clicked on

2019-12-27 17:28:47 - [MESSAGE][PASSED] - Object: 'Object Repository/Page_Paradise 4 Paws  Dog Boarding Cat Boarding Norwalk Pooch Hotel/button_15_ci' is clicked on

2019-12-27 17:28:47 - [TEST_STEP][PASSED] - break: null

2019-12-27 17:28:47 - [TEST_STEP][PASSED] - if (flagBoar == "1"): null

2019-12-27 17:28:47 - [TEST_STEP][PASSED] - click(findTestObject("Object Repository/object_reservation/dateCheckOut")): Object: 'Object Repository/object_reservation/dateCheckOut' is clicked on

2019-12-27 17:28:48 - [MESSAGE][PASSED] - Object: 'Object Repository/object_reservation/dateCheckOut' is clicked on

2019-12-27 17:28:48 - [TEST_STEP][PASSED] - switch (dateCO[0]): null

2019-12-27 17:28:48 - [TEST_STEP][PASSED] - case "15":: null

2019-12-27 17:28:48 - [TEST_STEP][PASSED] - click(findTestObject("Object Repository/Page_Paradise 4 Paws  Dog Boarding Cat Boarding Norwalk Pooch Hotel/button_15_co")): Object: 'Object Repository/Page_Paradise 4 Paws  Dog Boarding Cat Boarding Norwalk Pooch Hotel/button_15_co' is clicked on

2019-12-27 17:28:49 - [MESSAGE][PASSED] - Object: 'Object Repository/Page_Paradise 4 Paws  Dog Boarding Cat Boarding Norwalk Pooch Hotel/button_15_co' is clicked on

2019-12-27 17:28:49 - [TEST_STEP][PASSED] - break: null

2019-12-27 17:28:49 - [TEST_STEP][PASSED] - click(findTestObject("Object Repository/object_reservation/timeCheckin")): Object: 'Object Repository/object_reservation/timeCheckin' is clicked on

2019-12-27 17:28:49 - [MESSAGE][PASSED] - Object: 'Object Repository/object_reservation/timeCheckin' is clicked on

2019-12-27 17:28:49 - [TEST_STEP][PASSED] - switch (var_checkinT): null

2019-12-27 17:28:49 - [TEST_STEP][PASSED] - case "800":: null

2019-12-27 17:28:49 - [TEST_STEP][PASSED] - click(findTestObject("Object Repository/Page_Paradise 4 Paws  Dog Boarding Cat Boarding Norwalk Pooch Hotel/time_800am_ci")): Object: 'Object Repository/Page_Paradise 4 Paws  Dog Boarding Cat Boarding Norwalk Pooch Hotel/time_800am_ci' is clicked on

2019-12-27 17:28:50 - [MESSAGE][PASSED] - Object: 'Object Repository/Page_Paradise 4 Paws  Dog Boarding Cat Boarding Norwalk Pooch Hotel/time_800am_ci' is clicked on

2019-12-27 17:28:50 - [TEST_STEP][PASSED] - break: null

2019-12-27 17:28:50 - [TEST_STEP][PASSED] - click(findTestObject("Object Repository/object_reservation/timeCheckOut")): Object: 'Object Repository/object_reservation/timeCheckOut' is clicked on

2019-12-27 17:28:51 - [MESSAGE][PASSED] - Object: 'Object Repository/object_reservation/timeCheckOut' is clicked on

2019-12-27 17:28:51 - [TEST_STEP][PASSED] - switch (var_checkoutT): null

2019-12-27 17:28:51 - [TEST_STEP][PASSED] - case "1200":: null

2019-12-27 17:28:51 - [TEST_STEP][PASSED] - click(findTestObject("Object Repository/Page_Paradise 4 Paws  Dog Boarding Cat Boarding Norwalk Pooch Hotel/time_1200pm_co")): Object: 'Object Repository/Page_Paradise 4 Paws  Dog Boarding Cat Boarding Norwalk Pooch Hotel/time_1200pm_co' is clicked on

2019-12-27 17:28:51 - [MESSAGE][PASSED] - Object: 'Object Repository/Page_Paradise 4 Paws  Dog Boarding Cat Boarding Norwalk Pooch Hotel/time_1200pm_co' is clicked on

2019-12-27 17:28:51 - [TEST_STEP][PASSED] - break: null

2019-12-27 17:28:51 - [TEST_STEP][PASSED] - delay(2): Delayed 2 second(s)

2019-12-27 17:28:53 - [MESSAGE][PASSED] - Delayed 2 second(s)

2019-12-27 17:28:53 - [TEST_STEP][PASSED] - if (arryPets.size() == 1): Object: 'Object Repository/object_reservation/Page_Paradise 4 Paws  Dog Boarding Cat Boarding Norwalk Pooch Hotel/div_Ares' is clicked on

2019-12-27 17:28:53 - [TEST_STEP][PASSED] - click(findTestObject("Object Repository/object_reservation/Page_Paradise 4 Paws  Dog Boarding Cat Boarding Norwalk Pooch Hotel/div_Ares")): Object: 'Object Repository/object_reservation/Page_Paradise 4 Paws  Dog Boarding Cat Boarding Norwalk Pooch Hotel/div_Ares' is clicked on

2019-12-27 17:28:55 - [MESSAGE][PASSED] - Object: 'Object Repository/object_reservation/Page_Paradise 4 Paws  Dog Boarding Cat Boarding Norwalk Pooch Hotel/div_Ares' is clicked on

2019-12-27 17:28:55 - [TEST_STEP][PASSED] - if (flagBoar == "1" || flagBoar == "2"): Object: 'Object Repository/object_reservation/div_suite_rad_deluxe' is clicked on

2019-12-27 17:28:55 - [TEST_STEP][PASSED] - click(findTestObject("Object Repository/object_reservation/div_suite_rad_deluxe")): Object: 'Object Repository/object_reservation/div_suite_rad_deluxe' is clicked on

2019-12-27 17:28:58 - [MESSAGE][PASSED] - Object: 'Object Repository/object_reservation/div_suite_rad_deluxe' is clicked on

2019-12-27 17:28:58 - [TEST_STEP][PASSED] - click(findTestObject("Object Repository/object_reservation/btn_next2")): Object: 'Object Repository/object_reservation/btn_next2' is clicked on

2019-12-27 17:29:01 - [MESSAGE][PASSED] - Object: 'Object Repository/object_reservation/btn_next2' is clicked on

2019-12-27 17:29:01 - [TEST_STEP][PASSED] - delay(3): Delayed 3 second(s)

2019-12-27 17:29:04 - [MESSAGE][PASSED] - Delayed 3 second(s)

2019-12-27 17:29:04 - [TEST_STEP][PASSED] - delay(2): Delayed 2 second(s)

2019-12-27 17:29:06 - [MESSAGE][PASSED] - Delayed 2 second(s)

2019-12-27 17:29:06 - [TEST_STEP][PASSED] - click(findTestObject("Object Repository/object_reservation/btn_next2")): Object: 'Object Repository/object_reservation/btn_next2' is clicked on

2019-12-27 17:29:07 - [MESSAGE][PASSED] - Object: 'Object Repository/object_reservation/btn_next2' is clicked on

2019-12-27 17:29:07 - [TEST_STEP][PASSED] - delay(2): Delayed 2 second(s)

2019-12-27 17:29:09 - [MESSAGE][PASSED] - Delayed 2 second(s)

2019-12-27 17:29:09 - [TEST_STEP][PASSED] - click(findTestObject("Object Repository/object_reservation/button_Submit Reservation")): Object: 'Object Repository/object_reservation/button_Submit Reservation' is clicked on

2019-12-27 17:29:09 - [MESSAGE][PASSED] - Object: 'Object Repository/object_reservation/button_Submit Reservation' is clicked on

2019-12-27 17:29:09 - [TEST_STEP][PASSED] - delay(2): Delayed 2 second(s)

2019-12-27 17:29:11 - [MESSAGE][PASSED] - Delayed 2 second(s)

2019-12-27 17:29:11 - [TEST_STEP][PASSED] - if (flagBoar == "2" && var_repeatingEvery == "Daily" || var_repeatingEvery == "Monthly" || var_repeatingEvery == "Weekly"): null

2019-12-27 17:29:11 - [TEST_STEP][PASSED] - else: null

2019-12-27 17:29:11 - [TEST_STEP][PASSED] - delay(2): Delayed 2 second(s)

2019-12-27 17:29:13 - [MESSAGE][PASSED] - Delayed 2 second(s)

2019-12-27 17:29:13 - [TEST_STEP][PASSED] - try: Object: 'Object Repository/object_reservation/button_Return To Reservation' is clicked on

2019-12-27 17:29:13 - [TEST_STEP][PASSED] - click(findTestObject("Object Repository/object_reservation/button_Return To Reservation")): Object: 'Object Repository/object_reservation/button_Return To Reservation' is clicked on

2019-12-27 17:29:14 - [MESSAGE][PASSED] - Object: 'Object Repository/object_reservation/button_Return To Reservation' is clicked on

2019-12-27 17:29:14 - [TEST_STEP][PASSED] - delay(6): Delayed 6 second(s)

2019-12-27 17:29:20 - [MESSAGE][PASSED] - Delayed 6 second(s)

2019-12-27 17:29:20 - [TEST_STEP][PASSED] - click(findTestObject("Object Repository/object_reservation/Page_Paradise 4 Paws  Dog Boarding Cat Boar_35fe2b/button_Go to CheckOut")): Object: 'Object Repository/object_reservation/Page_Paradise 4 Paws  Dog Boarding Cat Boar_35fe2b/button_Go to CheckOut' is clicked on

2019-12-27 17:29:22 - [MESSAGE][PASSED] - Object: 'Object Repository/object_reservation/Page_Paradise 4 Paws  Dog Boarding Cat Boar_35fe2b/button_Go to CheckOut' is clicked on

2019-12-27 17:29:22 - [TEST_STEP][PASSED] - delay(2): Delayed 2 second(s)

2019-12-27 17:29:24 - [MESSAGE][PASSED] - Delayed 2 second(s)

2019-12-27 17:29:24 - [TEST_STEP][PASSED] - log.logInfo(getText(findTestObject("Object Repository/object_reservation/Page_Paradise 4 Paws  Dog Boarding Cat Boar_35fe2b/span_( BK )"))): ( BK )

2019-12-27 17:29:25 - [MESSAGE][PASSED] - Text of object 'Object Repository/object_reservation/Page_Paradise 4 Paws  Dog Boarding Cat Boar_35fe2b/span_( BK )' is: '( BK )'

2019-12-27 17:29:25 - [MESSAGE][INFO] - ( BK )

2019-12-27 17:29:25 - [TEST_STEP][PASSED] - var_url = getUrl(): Current window's url is: 'https://p4p-qa-bg.aws.paradise4paws.com/frontdesk/checkout/1702668/?parent_id=122352'

2019-12-27 17:29:25 - [MESSAGE][PASSED] - Current window's url is: 'https://p4p-qa-bg.aws.paradise4paws.com/frontdesk/checkout/1702668/?parent_id=122352'

2019-12-27 17:29:25 - [TEST_STEP][PASSED] - arrayUrl = var_url.split("/"): null

2019-12-27 17:29:25 - [TEST_STEP][PASSED] - verifyElementText(findTestObject("Object Repository/object_reservation/Page_Paradise 4 Paws  Dog Boarding Cat Boar_35fe2b/span_( BK )"), "( BK )", STOP_ON_FAILURE): Actual text and expected text of test object 'Object Repository/object_reservation/Page_Paradise 4 Paws  Dog Boarding Cat Boar_35fe2b/span_( BK )' are matched.

2019-12-27 17:29:25 - [MESSAGE][PASSED] - Actual text and expected text of test object 'Object Repository/object_reservation/Page_Paradise 4 Paws  Dog Boarding Cat Boar_35fe2b/span_( BK )' are matched.

2019-12-27 17:29:25 - [TEST_STEP][PASSED] - cell = rowNewRes.createCell(15, 0): null

2019-12-27 17:29:25 - [TEST_STEP][PASSED] - cell.setCellType(CELL_TYPE_STRING): null

2019-12-27 17:29:25 - [TEST_STEP][PASSED] - cell.setCellValue(arrayUrl[5]): null

2019-12-27 17:29:25 - [TEST_STEP][PASSED] - cell2 = rowNewRes.createCell(16, 0): null

2019-12-27 17:29:25 - [TEST_STEP][PASSED] - cell2.setCellType(CELL_TYPE_STRING): null

2019-12-27 17:29:25 - [TEST_STEP][PASSED] - cell2.setCellValue(getText(findTestObject("Object Repository/object_reservation/Page_Paradise 4 Paws  Dog Boarding Cat Boar_35fe2b/span_( BK )"))): Text of object 'Object Repository/object_reservation/Page_Paradise 4 Paws  Dog Boarding Cat Boar_35fe2b/span_( BK )' is: '( BK )'

2019-12-27 17:29:25 - [MESSAGE][PASSED] - Text of object 'Object Repository/object_reservation/Page_Paradise 4 Paws  Dog Boarding Cat Boar_35fe2b/span_( BK )' is: '( BK )'

2019-12-27 17:29:25 - [TEST_STEP][PASSED] - cell3 = rowNewRes.createCell(17, 0): null

2019-12-27 17:29:25 - [TEST_STEP][PASSED] - cell3.setCellType(CELL_TYPE_STRING): null

2019-12-27 17:29:25 - [TEST_STEP][PASSED] - cell3.setCellValue("Reservacion generada"): null

2019-12-27 17:29:25 - [TEST_STEP][PASSED] - if (var == 1): null

2019-12-27 17:29:25 - [TEST_STEP][PASSED] - cell4 = rowNewRes.createCell(20, 0): null

2019-12-27 17:29:25 - [TEST_STEP][PASSED] - cell4.setCellType(CELL_TYPE_STRING): null

2019-12-27 17:29:25 - [TEST_STEP][PASSED] - cell4.setCellValue(nowTime): null

2019-12-27 17:29:25 - [TEST_STEP][PASSED] - datosExcel = getExcelDataWithDefaultSheet("/home/leonardo-arkusmty/Desktop/P4P/DATA_AUTOMATINTESTING/data_1newReservationBoarding.xlsx", "Sheet1", true): null

2019-12-27 17:29:25 - [TEST_STEP][PASSED] - userName = datosExcel.getValue(21, 1): null]]></system-out>
         <system-err><![CDATA[2019-12-27 17:28:05 - [TEST_CASE][ERROR] - Test Cases/p4p_newReservationBoarding: Test Cases/p4p_newReservationBoarding FAILED.
Reason:
java.lang.IllegalArgumentException: Invalid column index 21 for test data '/home/leonardo-arkusmty/Desktop/P4P/DATA_AUTOMATINTESTING/data_1newReservationBoarding.xlsx'. Column index must be between 1..19
	at com.kms.katalon.core.testdata.AbstractTestData.verifyColumnIndex(AbstractTestData.java:62)
	at com.kms.katalon.core.testdata.AbstractTestData.getObjectValue(AbstractTestData.java:120)
	at com.kms.katalon.core.testdata.AbstractTestData.getValue(AbstractTestData.java:94)
	at com.kms.katalon.core.testdata.TestData$getValue.call(Unknown Source)
	at p4p_newReservationBoarding.run(p4p_newReservationBoarding:587)
	at com.kms.katalon.core.main.ScriptEngine.run(ScriptEngine.java:194)
	at com.kms.katalon.core.main.ScriptEngine.runScriptAsRawText(ScriptEngine.java:119)
	at com.kms.katalon.core.main.TestCaseExecutor.runScript(TestCaseExecutor.java:337)
	at com.kms.katalon.core.main.TestCaseExecutor.doExecute(TestCaseExecutor.java:328)
	at com.kms.katalon.core.main.TestCaseExecutor.processExecutionPhase(TestCaseExecutor.java:307)
	at com.kms.katalon.core.main.TestCaseExecutor.accessMainPhase(TestCaseExecutor.java:299)
	at com.kms.katalon.core.main.TestCaseExecutor.execute(TestCaseExecutor.java:233)
	at com.kms.katalon.core.main.TestSuiteExecutor.accessTestCaseMainPhase(TestSuiteExecutor.java:169)
	at com.kms.katalon.core.main.TestSuiteExecutor.accessTestSuiteMainPhase(TestSuiteExecutor.java:142)
	at com.kms.katalon.core.main.TestSuiteExecutor.execute(TestSuiteExecutor.java:91)
	at com.kms.katalon.core.main.TestCaseMain.startTestSuite(TestCaseMain.java:157)
	at com.kms.katalon.core.main.TestCaseMain$startTestSuite$0.call(Unknown Source)
	at TempTestSuite1577489283468.run(TempTestSuite1577489283468.groovy:36)]]></system-err>
      </testcase>
      <testcase name="Test Cases/p4p_newReservationBoarding" time="81.345" classname="Test Cases/p4p_newReservationBoarding" status="ERROR">
         <error type="ERROR" message="Test Cases/p4p_newReservationBoarding FAILED.
Reason:
java.lang.IllegalArgumentException: Invalid column index 21 for test data '/home/leonardo-arkusmty/Desktop/P4P/DATA_AUTOMATINTESTING/data_1newReservationBoarding.xlsx'. Column index must be between 1..19
	at com.kms.katalon.core.testdata.AbstractTestData.verifyColumnIndex(AbstractTestData.java:62)
	at com.kms.katalon.core.testdata.AbstractTestData.getObjectValue(AbstractTestData.java:120)
	at com.kms.katalon.core.testdata.AbstractTestData.getValue(AbstractTestData.java:94)
	at com.kms.katalon.core.testdata.TestData$getValue.call(Unknown Source)
	at p4p_newReservationBoarding.run(p4p_newReservationBoarding:587)
	at com.kms.katalon.core.main.ScriptEngine.run(ScriptEngine.java:194)
	at com.kms.katalon.core.main.ScriptEngine.runScriptAsRawText(ScriptEngine.java:119)
	at com.kms.katalon.core.main.TestCaseExecutor.runScript(TestCaseExecutor.java:337)
	at com.kms.katalon.core.main.TestCaseExecutor.doExecute(TestCaseExecutor.java:328)
	at com.kms.katalon.core.main.TestCaseExecutor.processExecutionPhase(TestCaseExecutor.java:307)
	at com.kms.katalon.core.main.TestCaseExecutor.accessMainPhase(TestCaseExecutor.java:299)
	at com.kms.katalon.core.main.TestCaseExecutor.execute(TestCaseExecutor.java:233)
	at com.kms.katalon.core.main.TestSuiteExecutor.accessTestCaseMainPhase(TestSuiteExecutor.java:169)
	at com.kms.katalon.core.main.TestSuiteExecutor.accessTestSuiteMainPhase(TestSuiteExecutor.java:142)
	at com.kms.katalon.core.main.TestSuiteExecutor.execute(TestSuiteExecutor.java:91)
	at com.kms.katalon.core.main.TestCaseMain.startTestSuite(TestCaseMain.java:157)
	at com.kms.katalon.core.main.TestCaseMain$startTestSuite$0.call(Unknown Source)
	at TempTestSuite1577489283468.run(TempTestSuite1577489283468.groovy:36)
"/>
         <system-out><![CDATA[2019-12-27 17:29:25 - [TEST_CASE][ERROR] - Test Cases/p4p_newReservationBoarding: Test Cases/p4p_newReservationBoarding FAILED.
Reason:
java.lang.IllegalArgumentException: Invalid column index 21 for test data '/home/leonardo-arkusmty/Desktop/P4P/DATA_AUTOMATINTESTING/data_1newReservationBoarding.xlsx'. Column index must be between 1..19
	at com.kms.katalon.core.testdata.AbstractTestData.verifyColumnIndex(AbstractTestData.java:62)
	at com.kms.katalon.core.testdata.AbstractTestData.getObjectValue(AbstractTestData.java:120)
	at com.kms.katalon.core.testdata.AbstractTestData.getValue(AbstractTestData.java:94)
	at com.kms.katalon.core.testdata.TestData$getValue.call(Unknown Source)
	at p4p_newReservationBoarding.run(p4p_newReservationBoarding:587)
	at com.kms.katalon.core.main.ScriptEngine.run(ScriptEngine.java:194)
	at com.kms.katalon.core.main.ScriptEngine.runScriptAsRawText(ScriptEngine.java:119)
	at com.kms.katalon.core.main.TestCaseExecutor.runScript(TestCaseExecutor.java:337)
	at com.kms.katalon.core.main.TestCaseExecutor.doExecute(TestCaseExecutor.java:328)
	at com.kms.katalon.core.main.TestCaseExecutor.processExecutionPhase(TestCaseExecutor.java:307)
	at com.kms.katalon.core.main.TestCaseExecutor.accessMainPhase(TestCaseExecutor.java:299)
	at com.kms.katalon.core.main.TestCaseExecutor.execute(TestCaseExecutor.java:233)
	at com.kms.katalon.core.main.TestSuiteExecutor.accessTestCaseMainPhase(TestSuiteExecutor.java:169)
	at com.kms.katalon.core.main.TestSuiteExecutor.accessTestSuiteMainPhase(TestSuiteExecutor.java:142)
	at com.kms.katalon.core.main.TestSuiteExecutor.execute(TestSuiteExecutor.java:91)
	at com.kms.katalon.core.main.TestCaseMain.startTestSuite(TestCaseMain.java:157)
	at com.kms.katalon.core.main.TestCaseMain$startTestSuite$0.call(Unknown Source)
	at TempTestSuite1577489283468.run(TempTestSuite1577489283468.groovy:36)


2019-12-27 17:29:26 - [TEST_STEP][PASSED] - openBrowser("https://p4p-qa-bg.aws.paradise4paws.com/login/"): Browser is opened with url: 'https://p4p-qa-bg.aws.paradise4paws.com/login/'

2019-12-27 17:29:26 - [MESSAGE][WARNING] - A browser is already opened. Closing browser and opening a new one

2019-12-27 17:29:26 - [MESSAGE][INFO] - Starting 'Firefox' driver

2019-12-27 17:29:30 - [MESSAGE][PASSED] - Browser is opened with url: 'https://p4p-qa-bg.aws.paradise4paws.com/login/'

2019-12-27 17:29:30 - [TEST_STEP][PASSED] - setText(findTestObject("Object Repository/object_login/input_user"), var_user): Text 'jegchavez@gmail.com' is set on object 'Object Repository/object_login/input_user'

2019-12-27 17:29:31 - [MESSAGE][PASSED] - Text 'jegchavez@gmail.com' is set on object 'Object Repository/object_login/input_user'

2019-12-27 17:29:31 - [TEST_STEP][PASSED] - setText(findTestObject("Object Repository/object_login/input_pass"), var_pass): Text 'admin1' is set on object 'Object Repository/object_login/input_pass'

2019-12-27 17:29:32 - [MESSAGE][PASSED] - Text 'admin1' is set on object 'Object Repository/object_login/input_pass'

2019-12-27 17:29:32 - [TEST_STEP][PASSED] - delay(2): Delayed 2 second(s)

2019-12-27 17:29:34 - [MESSAGE][PASSED] - Delayed 2 second(s)

2019-12-27 17:29:34 - [TEST_STEP][PASSED] - verifyElementClickable(findTestObject("Object Repository/object_login/btn_login")): Object 'Object Repository/object_login/btn_login' is clickable

2019-12-27 17:29:34 - [MESSAGE][PASSED] - Object 'Object Repository/object_login/btn_login' is clickable

2019-12-27 17:29:34 - [TEST_STEP][PASSED] - click(findTestObject("Object Repository/object_login/btn_login")): Object: 'Object Repository/object_login/btn_login' is clicked on

2019-12-27 17:29:37 - [MESSAGE][PASSED] - Object: 'Object Repository/object_login/btn_login' is clicked on

2019-12-27 17:29:37 - [TEST_STEP][PASSED] - delay(2): Delayed 2 second(s)

2019-12-27 17:29:39 - [MESSAGE][PASSED] - Delayed 2 second(s)

2019-12-27 17:29:39 - [TEST_STEP][PASSED] - setText(findTestObject("Object Repository/object_dashboard_emp/input_search"), var_searchParent): Text 'katalon 1' is set on object 'Object Repository/object_dashboard_emp/input_search'

2019-12-27 17:29:40 - [MESSAGE][PASSED] - Text 'katalon 1' is set on object 'Object Repository/object_dashboard_emp/input_search'

2019-12-27 17:29:40 - [TEST_STEP][PASSED] - click(findTestObject("Object Repository/object_dashboard_emp/btn_accountSearch")): Object: 'Object Repository/object_dashboard_emp/btn_accountSearch' is clicked on

2019-12-27 17:29:41 - [MESSAGE][PASSED] - Object: 'Object Repository/object_dashboard_emp/btn_accountSearch' is clicked on

2019-12-27 17:29:41 - [TEST_STEP][PASSED] - delay(2): Delayed 2 second(s)

2019-12-27 17:29:43 - [MESSAGE][PASSED] - Delayed 2 second(s)

2019-12-27 17:29:43 - [TEST_STEP][PASSED] - click(findTestObject("Object Repository/object_accountInformation/a_TEST GABRIEL PROD")): Object: 'Object Repository/object_accountInformation/a_TEST GABRIEL PROD' is clicked on

2019-12-27 17:29:48 - [MESSAGE][PASSED] - Object: 'Object Repository/object_accountInformation/a_TEST GABRIEL PROD' is clicked on

2019-12-27 17:29:48 - [TEST_STEP][PASSED] - delay(2): Delayed 2 second(s)

2019-12-27 17:29:50 - [MESSAGE][PASSED] - Delayed 2 second(s)

2019-12-27 17:29:50 - [TEST_STEP][PASSED] - click(findTestObject("Object Repository/object_profile/a_addReservation")): Object: 'Object Repository/object_profile/a_addReservation' is clicked on

2019-12-27 17:29:52 - [MESSAGE][PASSED] - Object: 'Object Repository/object_profile/a_addReservation' is clicked on

2019-12-27 17:29:52 - [TEST_STEP][PASSED] - delay(2): Delayed 2 second(s)

2019-12-27 17:29:54 - [MESSAGE][PASSED] - Delayed 2 second(s)

2019-12-27 17:29:54 - [TEST_STEP][PASSED] - flagBoar = "0": null

2019-12-27 17:29:54 - [TEST_STEP][PASSED] - log = new com.kms.katalon.core.logging.KeywordLogger(): null

2019-12-27 17:29:54 - [TEST_STEP][PASSED] - fisNewRes = new java.io.FileInputStream(/home/leonardo-arkusmty/Desktop/P4P/DATA_AUTOMATINTESTING/data_1newReservationBoarding.xlsx): null

2019-12-27 17:29:54 - [TEST_STEP][PASSED] - fisCanRes = new java.io.FileInputStream(/home/leonardo-arkusmty/Desktop/P4P/DATA_AUTOMATINTESTING/data_2cancelReservation.xlsx): null

2019-12-27 17:29:54 - [TEST_STEP][PASSED] - workbookNewRes = new org.apache.poi.xssf.usermodel.XSSFWorkbook(fisNewRes): null

2019-12-27 17:29:54 - [TEST_STEP][PASSED] - workbookCanRes = new org.apache.poi.xssf.usermodel.XSSFWorkbook(fisCanRes): null

2019-12-27 17:29:54 - [TEST_STEP][PASSED] - sheetNewRes = workbookNewRes.getSheet("Sheet1"): null

2019-12-27 17:29:54 - [TEST_STEP][PASSED] - sheetCanRes = workbookCanRes.getSheet("Sheet1"): null

2019-12-27 17:29:54 - [TEST_STEP][PASSED] - rowCount = var_row: null

2019-12-27 17:29:54 - [TEST_STEP][PASSED] - var = Integer.parseInt(var_idRowRes): null

2019-12-27 17:29:54 - [TEST_STEP][PASSED] - rowNewRes = sheetNewRes.getRow(var): null

2019-12-27 17:29:54 - [TEST_STEP][PASSED] - rowCanRes = sheetCanRes.getRow(var): null

2019-12-27 17:29:54 - [TEST_STEP][PASSED] - today = new java.util.Date(): null

2019-12-27 17:29:54 - [TEST_STEP][PASSED] - todaysDate1 = today.format("mmm/dd/yy"): null

2019-12-27 17:29:54 - [TEST_STEP][PASSED] - todaysDate2 = today.format("dd/mm/yy"): null

2019-12-27 17:29:54 - [TEST_STEP][PASSED] - todaysDate3 = today.format("dd"): null

2019-12-27 17:29:54 - [TEST_STEP][PASSED] - nowTime = today.format("hhmm"): null

2019-12-27 17:29:54 - [TEST_STEP][PASSED] - if (var_typeReserveation == "Boarding"): null

2019-12-27 17:29:54 - [TEST_STEP][PASSED] - click(findTestObject("Object Repository/object_reservation/btn_Boarding")): Object: 'Object Repository/object_reservation/btn_Boarding' is clicked on

2019-12-27 17:29:54 - [MESSAGE][PASSED] - Object: 'Object Repository/object_reservation/btn_Boarding' is clicked on

2019-12-27 17:29:54 - [TEST_STEP][PASSED] - flagBoar = "1": null

2019-12-27 17:29:54 - [TEST_STEP][PASSED] - click(findTestObject("Object Repository/object_reservation/i_location")): Object: 'Object Repository/object_reservation/i_location' is clicked on

2019-12-27 17:29:57 - [MESSAGE][PASSED] - Object: 'Object Repository/object_reservation/i_location' is clicked on

2019-12-27 17:29:57 - [TEST_STEP][PASSED] - switch (var_idFacility): null

2019-12-27 17:29:57 - [TEST_STEP][PASSED] - dateCI = var_checkinD.split(","): null

2019-12-27 17:29:57 - [TEST_STEP][PASSED] - dateCO = var_checkoutD.split(","): null

2019-12-27 17:29:57 - [TEST_STEP][PASSED] - arryPets = var_pets.split(","): null

2019-12-27 17:29:57 - [TEST_STEP][PASSED] - delay(2): Delayed 2 second(s)

2019-12-27 17:29:59 - [MESSAGE][PASSED] - Delayed 2 second(s)

2019-12-27 17:29:59 - [TEST_STEP][PASSED] - if (var_repeting == "Y"): null

2019-12-27 17:29:59 - [TEST_STEP][PASSED] - click(findTestObject("Object Repository/object_reservation/dateCheckIn")): Object: 'Object Repository/object_reservation/dateCheckIn' is clicked on

2019-12-27 17:30:00 - [MESSAGE][PASSED] - Object: 'Object Repository/object_reservation/dateCheckIn' is clicked on

2019-12-27 17:30:00 - [TEST_STEP][PASSED] - delay(2): Delayed 2 second(s)

2019-12-27 17:30:02 - [MESSAGE][PASSED] - Delayed 2 second(s)

2019-12-27 17:30:02 - [TEST_STEP][PASSED] - switch (dateCI[0]): null

2019-12-27 17:30:02 - [TEST_STEP][PASSED] - case "16":: null

2019-12-27 17:30:02 - [TEST_STEP][PASSED] - click(findTestObject("Object Repository/Page_Paradise 4 Paws  Dog Boarding Cat Boarding Norwalk Pooch Hotel/button_16_ci")): Object: 'Object Repository/Page_Paradise 4 Paws  Dog Boarding Cat Boarding Norwalk Pooch Hotel/button_16_ci' is clicked on

2019-12-27 17:30:02 - [MESSAGE][PASSED] - Object: 'Object Repository/Page_Paradise 4 Paws  Dog Boarding Cat Boarding Norwalk Pooch Hotel/button_16_ci' is clicked on

2019-12-27 17:30:02 - [TEST_STEP][PASSED] - break: null

2019-12-27 17:30:02 - [TEST_STEP][PASSED] - if (flagBoar == "1"): null

2019-12-27 17:30:02 - [TEST_STEP][PASSED] - click(findTestObject("Object Repository/object_reservation/dateCheckOut")): Object: 'Object Repository/object_reservation/dateCheckOut' is clicked on

2019-12-27 17:30:03 - [MESSAGE][PASSED] - Object: 'Object Repository/object_reservation/dateCheckOut' is clicked on

2019-12-27 17:30:03 - [TEST_STEP][PASSED] - switch (dateCO[0]): null

2019-12-27 17:30:03 - [TEST_STEP][PASSED] - case "16":: null

2019-12-27 17:30:03 - [TEST_STEP][PASSED] - click(findTestObject("Object Repository/Page_Paradise 4 Paws  Dog Boarding Cat Boarding Norwalk Pooch Hotel/button_16_co")): Object: 'Object Repository/Page_Paradise 4 Paws  Dog Boarding Cat Boarding Norwalk Pooch Hotel/button_16_co' is clicked on

2019-12-27 17:30:04 - [MESSAGE][PASSED] - Object: 'Object Repository/Page_Paradise 4 Paws  Dog Boarding Cat Boarding Norwalk Pooch Hotel/button_16_co' is clicked on

2019-12-27 17:30:04 - [TEST_STEP][PASSED] - break: null

2019-12-27 17:30:04 - [TEST_STEP][PASSED] - click(findTestObject("Object Repository/object_reservation/timeCheckin")): Object: 'Object Repository/object_reservation/timeCheckin' is clicked on

2019-12-27 17:30:05 - [MESSAGE][PASSED] - Object: 'Object Repository/object_reservation/timeCheckin' is clicked on

2019-12-27 17:30:05 - [TEST_STEP][PASSED] - switch (var_checkinT): null

2019-12-27 17:30:05 - [TEST_STEP][PASSED] - case "800":: null

2019-12-27 17:30:05 - [TEST_STEP][PASSED] - click(findTestObject("Object Repository/Page_Paradise 4 Paws  Dog Boarding Cat Boarding Norwalk Pooch Hotel/time_800am_ci")): Object: 'Object Repository/Page_Paradise 4 Paws  Dog Boarding Cat Boarding Norwalk Pooch Hotel/time_800am_ci' is clicked on

2019-12-27 17:30:05 - [MESSAGE][PASSED] - Object: 'Object Repository/Page_Paradise 4 Paws  Dog Boarding Cat Boarding Norwalk Pooch Hotel/time_800am_ci' is clicked on

2019-12-27 17:30:05 - [TEST_STEP][PASSED] - break: null

2019-12-27 17:30:05 - [TEST_STEP][PASSED] - click(findTestObject("Object Repository/object_reservation/timeCheckOut")): Object: 'Object Repository/object_reservation/timeCheckOut' is clicked on

2019-12-27 17:30:06 - [MESSAGE][PASSED] - Object: 'Object Repository/object_reservation/timeCheckOut' is clicked on

2019-12-27 17:30:06 - [TEST_STEP][PASSED] - switch (var_checkoutT): null

2019-12-27 17:30:06 - [TEST_STEP][PASSED] - case "1200":: null

2019-12-27 17:30:06 - [TEST_STEP][PASSED] - click(findTestObject("Object Repository/Page_Paradise 4 Paws  Dog Boarding Cat Boarding Norwalk Pooch Hotel/time_1200pm_co")): Object: 'Object Repository/Page_Paradise 4 Paws  Dog Boarding Cat Boarding Norwalk Pooch Hotel/time_1200pm_co' is clicked on

2019-12-27 17:30:07 - [MESSAGE][PASSED] - Object: 'Object Repository/Page_Paradise 4 Paws  Dog Boarding Cat Boarding Norwalk Pooch Hotel/time_1200pm_co' is clicked on

2019-12-27 17:30:07 - [TEST_STEP][PASSED] - break: null

2019-12-27 17:30:07 - [TEST_STEP][PASSED] - delay(2): Delayed 2 second(s)

2019-12-27 17:30:09 - [MESSAGE][PASSED] - Delayed 2 second(s)

2019-12-27 17:30:09 - [TEST_STEP][PASSED] - if (arryPets.size() == 1): null

2019-12-27 17:30:09 - [TEST_STEP][PASSED] - else if (arryPets.size() == 2): Object: 'Object Repository/object_reservation/div_Zeus' is clicked on

2019-12-27 17:30:09 - [TEST_STEP][PASSED] - click(findTestObject("object_reservation/Page_Paradise 4 Paws  Dog Boarding Cat Boarding Norwalk Pooch Hotel/div_Ares")): Object: 'Object Repository/object_reservation/Page_Paradise 4 Paws  Dog Boarding Cat Boarding Norwalk Pooch Hotel/div_Ares' is clicked on

2019-12-27 17:30:10 - [MESSAGE][PASSED] - Object: 'Object Repository/object_reservation/Page_Paradise 4 Paws  Dog Boarding Cat Boarding Norwalk Pooch Hotel/div_Ares' is clicked on

2019-12-27 17:30:10 - [TEST_STEP][PASSED] - click(findTestObject("object_reservation/div_Zeus")): Object: 'Object Repository/object_reservation/div_Zeus' is clicked on

2019-12-27 17:30:15 - [MESSAGE][PASSED] - Object: 'Object Repository/object_reservation/div_Zeus' is clicked on

2019-12-27 17:30:15 - [TEST_STEP][PASSED] - if (flagBoar == "1" || flagBoar == "2"): Object: 'Object Repository/object_reservation/div_suite_rad_deluxe' is clicked on

2019-12-27 17:30:15 - [TEST_STEP][PASSED] - click(findTestObject("Object Repository/object_reservation/div_suite_rad_deluxe")): Object: 'Object Repository/object_reservation/div_suite_rad_deluxe' is clicked on

2019-12-27 17:30:18 - [MESSAGE][PASSED] - Object: 'Object Repository/object_reservation/div_suite_rad_deluxe' is clicked on

2019-12-27 17:30:18 - [TEST_STEP][PASSED] - click(findTestObject("Object Repository/object_reservation/btn_next2")): Object: 'Object Repository/object_reservation/btn_next2' is clicked on

2019-12-27 17:30:21 - [MESSAGE][PASSED] - Object: 'Object Repository/object_reservation/btn_next2' is clicked on

2019-12-27 17:30:21 - [TEST_STEP][PASSED] - delay(3): Delayed 3 second(s)

2019-12-27 17:30:24 - [MESSAGE][PASSED] - Delayed 3 second(s)

2019-12-27 17:30:24 - [TEST_STEP][PASSED] - delay(2): Delayed 2 second(s)

2019-12-27 17:30:26 - [MESSAGE][PASSED] - Delayed 2 second(s)

2019-12-27 17:30:26 - [TEST_STEP][PASSED] - click(findTestObject("Object Repository/object_reservation/btn_next2")): Object: 'Object Repository/object_reservation/btn_next2' is clicked on

2019-12-27 17:30:27 - [MESSAGE][PASSED] - Object: 'Object Repository/object_reservation/btn_next2' is clicked on

2019-12-27 17:30:27 - [TEST_STEP][PASSED] - delay(2): Delayed 2 second(s)

2019-12-27 17:30:29 - [MESSAGE][PASSED] - Delayed 2 second(s)

2019-12-27 17:30:29 - [TEST_STEP][PASSED] - click(findTestObject("Object Repository/object_reservation/button_Submit Reservation")): Object: 'Object Repository/object_reservation/button_Submit Reservation' is clicked on

2019-12-27 17:30:29 - [MESSAGE][PASSED] - Object: 'Object Repository/object_reservation/button_Submit Reservation' is clicked on

2019-12-27 17:30:29 - [TEST_STEP][PASSED] - delay(2): Delayed 2 second(s)

2019-12-27 17:30:31 - [MESSAGE][PASSED] - Delayed 2 second(s)

2019-12-27 17:30:31 - [TEST_STEP][PASSED] - if (flagBoar == "2" && var_repeatingEvery == "Daily" || var_repeatingEvery == "Monthly" || var_repeatingEvery == "Weekly"): null

2019-12-27 17:30:31 - [TEST_STEP][PASSED] - else: null

2019-12-27 17:30:31 - [TEST_STEP][PASSED] - delay(2): Delayed 2 second(s)

2019-12-27 17:30:33 - [MESSAGE][PASSED] - Delayed 2 second(s)

2019-12-27 17:30:33 - [TEST_STEP][PASSED] - try: Object: 'Object Repository/object_reservation/button_Return To Reservation' is clicked on

2019-12-27 17:30:33 - [TEST_STEP][PASSED] - click(findTestObject("Object Repository/object_reservation/button_Return To Reservation")): Object: 'Object Repository/object_reservation/button_Return To Reservation' is clicked on

2019-12-27 17:30:35 - [MESSAGE][PASSED] - Object: 'Object Repository/object_reservation/button_Return To Reservation' is clicked on

2019-12-27 17:30:35 - [TEST_STEP][PASSED] - delay(6): Delayed 6 second(s)

2019-12-27 17:30:41 - [MESSAGE][PASSED] - Delayed 6 second(s)

2019-12-27 17:30:41 - [TEST_STEP][PASSED] - click(findTestObject("Object Repository/object_reservation/Page_Paradise 4 Paws  Dog Boarding Cat Boar_35fe2b/button_Go to CheckOut")): Object: 'Object Repository/object_reservation/Page_Paradise 4 Paws  Dog Boarding Cat Boar_35fe2b/button_Go to CheckOut' is clicked on

2019-12-27 17:30:44 - [MESSAGE][PASSED] - Object: 'Object Repository/object_reservation/Page_Paradise 4 Paws  Dog Boarding Cat Boar_35fe2b/button_Go to CheckOut' is clicked on

2019-12-27 17:30:44 - [TEST_STEP][PASSED] - delay(2): Delayed 2 second(s)

2019-12-27 17:30:46 - [MESSAGE][PASSED] - Delayed 2 second(s)

2019-12-27 17:30:46 - [TEST_STEP][PASSED] - log.logInfo(getText(findTestObject("Object Repository/object_reservation/Page_Paradise 4 Paws  Dog Boarding Cat Boar_35fe2b/span_( BK )"))): ( BK )

2019-12-27 17:30:46 - [MESSAGE][PASSED] - Text of object 'Object Repository/object_reservation/Page_Paradise 4 Paws  Dog Boarding Cat Boar_35fe2b/span_( BK )' is: '( BK )'

2019-12-27 17:30:46 - [MESSAGE][INFO] - ( BK )

2019-12-27 17:30:46 - [TEST_STEP][PASSED] - var_url = getUrl(): Current window's url is: 'https://p4p-qa-bg.aws.paradise4paws.com/frontdesk/checkout/1702669/?parent_id=122352'

2019-12-27 17:30:46 - [MESSAGE][PASSED] - Current window's url is: 'https://p4p-qa-bg.aws.paradise4paws.com/frontdesk/checkout/1702669/?parent_id=122352'

2019-12-27 17:30:46 - [TEST_STEP][PASSED] - arrayUrl = var_url.split("/"): null

2019-12-27 17:30:46 - [TEST_STEP][PASSED] - verifyElementText(findTestObject("Object Repository/object_reservation/Page_Paradise 4 Paws  Dog Boarding Cat Boar_35fe2b/span_( BK )"), "( BK )", STOP_ON_FAILURE): Actual text and expected text of test object 'Object Repository/object_reservation/Page_Paradise 4 Paws  Dog Boarding Cat Boar_35fe2b/span_( BK )' are matched.

2019-12-27 17:30:47 - [MESSAGE][PASSED] - Actual text and expected text of test object 'Object Repository/object_reservation/Page_Paradise 4 Paws  Dog Boarding Cat Boar_35fe2b/span_( BK )' are matched.

2019-12-27 17:30:47 - [TEST_STEP][PASSED] - cell = rowNewRes.createCell(15, 0): null

2019-12-27 17:30:47 - [TEST_STEP][PASSED] - cell.setCellType(CELL_TYPE_STRING): null

2019-12-27 17:30:47 - [TEST_STEP][PASSED] - cell.setCellValue(arrayUrl[5]): null

2019-12-27 17:30:47 - [TEST_STEP][PASSED] - cell2 = rowNewRes.createCell(16, 0): null

2019-12-27 17:30:47 - [TEST_STEP][PASSED] - cell2.setCellType(CELL_TYPE_STRING): null

2019-12-27 17:30:47 - [TEST_STEP][PASSED] - cell2.setCellValue(getText(findTestObject("Object Repository/object_reservation/Page_Paradise 4 Paws  Dog Boarding Cat Boar_35fe2b/span_( BK )"))): Text of object 'Object Repository/object_reservation/Page_Paradise 4 Paws  Dog Boarding Cat Boar_35fe2b/span_( BK )' is: '( BK )'

2019-12-27 17:30:47 - [MESSAGE][PASSED] - Text of object 'Object Repository/object_reservation/Page_Paradise 4 Paws  Dog Boarding Cat Boar_35fe2b/span_( BK )' is: '( BK )'

2019-12-27 17:30:47 - [TEST_STEP][PASSED] - cell3 = rowNewRes.createCell(17, 0): null

2019-12-27 17:30:47 - [TEST_STEP][PASSED] - cell3.setCellType(CELL_TYPE_STRING): null

2019-12-27 17:30:47 - [TEST_STEP][PASSED] - cell3.setCellValue("Reservacion generada"): null

2019-12-27 17:30:47 - [TEST_STEP][PASSED] - if (var == 1): null

2019-12-27 17:30:47 - [TEST_STEP][PASSED] - else: null

2019-12-27 17:30:47 - [TEST_STEP][PASSED] - datosExcel = getExcelDataWithDefaultSheet("/home/leonardo-arkusmty/Desktop/P4P/DATA_AUTOMATINTESTING/data_1newReservationBoarding.xlsx", "Sheet1", true): null

2019-12-27 17:30:47 - [TEST_STEP][PASSED] - userName = datosExcel.getValue(21, 1): null]]></system-out>
         <system-err><![CDATA[2019-12-27 17:29:25 - [TEST_CASE][ERROR] - Test Cases/p4p_newReservationBoarding: Test Cases/p4p_newReservationBoarding FAILED.
Reason:
java.lang.IllegalArgumentException: Invalid column index 21 for test data '/home/leonardo-arkusmty/Desktop/P4P/DATA_AUTOMATINTESTING/data_1newReservationBoarding.xlsx'. Column index must be between 1..19
	at com.kms.katalon.core.testdata.AbstractTestData.verifyColumnIndex(AbstractTestData.java:62)
	at com.kms.katalon.core.testdata.AbstractTestData.getObjectValue(AbstractTestData.java:120)
	at com.kms.katalon.core.testdata.AbstractTestData.getValue(AbstractTestData.java:94)
	at com.kms.katalon.core.testdata.TestData$getValue.call(Unknown Source)
	at p4p_newReservationBoarding.run(p4p_newReservationBoarding:587)
	at com.kms.katalon.core.main.ScriptEngine.run(ScriptEngine.java:194)
	at com.kms.katalon.core.main.ScriptEngine.runScriptAsRawText(ScriptEngine.java:119)
	at com.kms.katalon.core.main.TestCaseExecutor.runScript(TestCaseExecutor.java:337)
	at com.kms.katalon.core.main.TestCaseExecutor.doExecute(TestCaseExecutor.java:328)
	at com.kms.katalon.core.main.TestCaseExecutor.processExecutionPhase(TestCaseExecutor.java:307)
	at com.kms.katalon.core.main.TestCaseExecutor.accessMainPhase(TestCaseExecutor.java:299)
	at com.kms.katalon.core.main.TestCaseExecutor.execute(TestCaseExecutor.java:233)
	at com.kms.katalon.core.main.TestSuiteExecutor.accessTestCaseMainPhase(TestSuiteExecutor.java:169)
	at com.kms.katalon.core.main.TestSuiteExecutor.accessTestSuiteMainPhase(TestSuiteExecutor.java:142)
	at com.kms.katalon.core.main.TestSuiteExecutor.execute(TestSuiteExecutor.java:91)
	at com.kms.katalon.core.main.TestCaseMain.startTestSuite(TestCaseMain.java:157)
	at com.kms.katalon.core.main.TestCaseMain$startTestSuite$0.call(Unknown Source)
	at TempTestSuite1577489283468.run(TempTestSuite1577489283468.groovy:36)]]></system-err>
      </testcase>
      <system-out><![CDATA[2019-12-27 17:28:04 - [TEST_SUITE][ERROR] - ts_newReservationBoarding: Test Cases/p4p_newReservationBoarding FAILED.
Reason:
java.lang.IllegalArgumentException: Invalid column index 21 for test data '/home/leonardo-arkusmty/Desktop/P4P/DATA_AUTOMATINTESTING/data_1newReservationBoarding.xlsx'. Column index must be between 1..19
	at com.kms.katalon.core.testdata.AbstractTestData.verifyColumnIndex(AbstractTestData.java:62)
	at com.kms.katalon.core.testdata.AbstractTestData.getObjectValue(AbstractTestData.java:120)
	at com.kms.katalon.core.testdata.AbstractTestData.getValue(AbstractTestData.java:94)
	at com.kms.katalon.core.testdata.TestData$getValue.call(Unknown Source)
	at p4p_newReservationBoarding.run(p4p_newReservationBoarding:587)
	at com.kms.katalon.core.main.ScriptEngine.run(ScriptEngine.java:194)
	at com.kms.katalon.core.main.ScriptEngine.runScriptAsRawText(ScriptEngine.java:119)
	at com.kms.katalon.core.main.TestCaseExecutor.runScript(TestCaseExecutor.java:337)
	at com.kms.katalon.core.main.TestCaseExecutor.doExecute(TestCaseExecutor.java:328)
	at com.kms.katalon.core.main.TestCaseExecutor.processExecutionPhase(TestCaseExecutor.java:307)
	at com.kms.katalon.core.main.TestCaseExecutor.accessMainPhase(TestCaseExecutor.java:299)
	at com.kms.katalon.core.main.TestCaseExecutor.execute(TestCaseExecutor.java:233)
	at com.kms.katalon.core.main.TestSuiteExecutor.accessTestCaseMainPhase(TestSuiteExecutor.java:169)
	at com.kms.katalon.core.main.TestSuiteExecutor.accessTestSuiteMainPhase(TestSuiteExecutor.java:142)
	at com.kms.katalon.core.main.TestSuiteExecutor.execute(TestSuiteExecutor.java:91)
	at com.kms.katalon.core.main.TestCaseMain.startTestSuite(TestCaseMain.java:157)
	at com.kms.katalon.core.main.TestCaseMain$startTestSuite$0.call(Unknown Source)
	at TempTestSuite1577489283468.run(TempTestSuite1577489283468.groovy:36)]]></system-out>
      <system-err><![CDATA[2019-12-27 17:28:04 - [TEST_SUITE][ERROR] - ts_newReservationBoarding: Test Cases/p4p_newReservationBoarding FAILED.
Reason:
java.lang.IllegalArgumentException: Invalid column index 21 for test data '/home/leonardo-arkusmty/Desktop/P4P/DATA_AUTOMATINTESTING/data_1newReservationBoarding.xlsx'. Column index must be between 1..19
	at com.kms.katalon.core.testdata.AbstractTestData.verifyColumnIndex(AbstractTestData.java:62)
	at com.kms.katalon.core.testdata.AbstractTestData.getObjectValue(AbstractTestData.java:120)
	at com.kms.katalon.core.testdata.AbstractTestData.getValue(AbstractTestData.java:94)
	at com.kms.katalon.core.testdata.TestData$getValue.call(Unknown Source)
	at p4p_newReservationBoarding.run(p4p_newReservationBoarding:587)
	at com.kms.katalon.core.main.ScriptEngine.run(ScriptEngine.java:194)
	at com.kms.katalon.core.main.ScriptEngine.runScriptAsRawText(ScriptEngine.java:119)
	at com.kms.katalon.core.main.TestCaseExecutor.runScript(TestCaseExecutor.java:337)
	at com.kms.katalon.core.main.TestCaseExecutor.doExecute(TestCaseExecutor.java:328)
	at com.kms.katalon.core.main.TestCaseExecutor.processExecutionPhase(TestCaseExecutor.java:307)
	at com.kms.katalon.core.main.TestCaseExecutor.accessMainPhase(TestCaseExecutor.java:299)
	at com.kms.katalon.core.main.TestCaseExecutor.execute(TestCaseExecutor.java:233)
	at com.kms.katalon.core.main.TestSuiteExecutor.accessTestCaseMainPhase(TestSuiteExecutor.java:169)
	at com.kms.katalon.core.main.TestSuiteExecutor.accessTestSuiteMainPhase(TestSuiteExecutor.java:142)
	at com.kms.katalon.core.main.TestSuiteExecutor.execute(TestSuiteExecutor.java:91)
	at com.kms.katalon.core.main.TestCaseMain.startTestSuite(TestCaseMain.java:157)
	at com.kms.katalon.core.main.TestCaseMain$startTestSuite$0.call(Unknown Source)
	at TempTestSuite1577489283468.run(TempTestSuite1577489283468.groovy:36)]]></system-err>
   </testsuite>
</testsuites>
