<?xml version="1.0" encoding="UTF-8"?>
<testsuites name="ts_cancelReservation" time="1278.426" tests="19" failures="3" errors="0">
   <testsuite name="ts_cancelReservation" tests="19" failures="3" errors="0" time="1278.426" timestamp="2019-12-23 13:55:31" hostname="leonardo-arkusmty - leonardoarkusmty-Inspiron-5577" id="Test Suites/ts_cancelReservation">
      <properties>
         <property name="deviceName" value=""/>
         <property name="devicePlatform" value=""/>
         <property name="logFolder" value="/home/leonardo-arkusmty/Documents/workspaceKatalon/p4ptest/Reports/20191223_135530/ts_cancelReservation/20191223_135530"/>
         <property name="logFiles" value="/home/leonardo-arkusmty/Documents/workspaceKatalon/p4ptest/Reports/20191223_135530/ts_cancelReservation/20191223_135530/execution0.log"/>
         <property name="attachments" value="/home/leonardo-arkusmty/Documents/workspaceKatalon/p4ptest/Reports/20191223_135530/ts_cancelReservation/20191223_135530/1577131865765.png, /home/leonardo-arkusmty/Documents/workspaceKatalon/p4ptest/Reports/20191223_135530/ts_cancelReservation/20191223_135530/1577131938305.png, /home/leonardo-arkusmty/Documents/workspaceKatalon/p4ptest/Reports/20191223_135530/ts_cancelReservation/20191223_135530/1577132209269.png"/>
         <property name="hostName" value="leonardo-arkusmty - leonardoarkusmty-Inspiron-5577"/>
         <property name="os" value="Linux 64bit"/>
         <property name="katalonVersion" value="7.0.8.1"/>
         <property name="browser" value="Firefox 71.0"/>
         <property name="hostAddress" value="127.0.1.1"/>
         <property name="sessionId" value="da87755c-2dbf-4b11-99e4-c94521cf283c"/>
         <property name="seleniumVersion" value="3.141.59"/>
         <property name="proxyInformation" value="ProxyInformation{proxyOption=NO_PROXY, proxyServerType=HTTP, password=, proxyServerAddress=, proxyServerPort=0}"/>
         <property name="platform" value="Linux"/>
      </properties>
      <testcase name="Test Cases/p4p_cancelReserEdit" time="63.237" classname="Test Cases/p4p_cancelReserEdit" status="PASSED">
         <system-out><![CDATA[2019-12-23 13:55:31 - [TEST_CASE][PASSED] - Test Cases/p4p_cancelReserEdit: Test Cases/p4p_cancelReserEdit

2019-12-23 13:55:32 - [TEST_STEP][PASSED] - openBrowser("https://p4p-qa-bg.aws.paradise4paws.com/login/"): Browser is opened with url: 'https://p4p-qa-bg.aws.paradise4paws.com/login/'

2019-12-23 13:55:32 - [MESSAGE][INFO] - Starting 'Firefox' driver

2019-12-23 13:55:32 - [MESSAGE][INFO] - Action delay is set to 0 seconds

2019-12-23 13:55:36 - [MESSAGE][PASSED] - Browser is opened with url: 'https://p4p-qa-bg.aws.paradise4paws.com/login/'

2019-12-23 13:55:36 - [TEST_STEP][PASSED] - setText(findTestObject("Object Repository/object_login/input_user"), var_user): Text 'jegchavez@gmail.com' is set on object 'Object Repository/object_login/input_user'

2019-12-23 13:55:37 - [MESSAGE][PASSED] - Text 'jegchavez@gmail.com' is set on object 'Object Repository/object_login/input_user'

2019-12-23 13:55:37 - [TEST_STEP][PASSED] - setText(findTestObject("Object Repository/object_login/input_pass"), var_pass): Text 'admin1' is set on object 'Object Repository/object_login/input_pass'

2019-12-23 13:55:38 - [MESSAGE][PASSED] - Text 'admin1' is set on object 'Object Repository/object_login/input_pass'

2019-12-23 13:55:38 - [TEST_STEP][PASSED] - delay(2): Delayed 2 second(s)

2019-12-23 13:55:40 - [MESSAGE][PASSED] - Delayed 2 second(s)

2019-12-23 13:55:40 - [TEST_STEP][PASSED] - verifyElementClickable(findTestObject("Object Repository/object_login/btn_login")): Object 'Object Repository/object_login/btn_login' is clickable

2019-12-23 13:55:40 - [MESSAGE][PASSED] - Object 'Object Repository/object_login/btn_login' is clickable

2019-12-23 13:55:40 - [TEST_STEP][PASSED] - click(findTestObject("Object Repository/object_login/btn_login")): Object: 'Object Repository/object_login/btn_login' is clicked on

2019-12-23 13:55:46 - [MESSAGE][PASSED] - Object: 'Object Repository/object_login/btn_login' is clicked on

2019-12-23 13:55:46 - [TEST_STEP][PASSED] - delay(2): Delayed 2 second(s)

2019-12-23 13:55:48 - [MESSAGE][PASSED] - Delayed 2 second(s)

2019-12-23 13:55:48 - [TEST_STEP][PASSED] - setText(findTestObject("Object Repository/object_dashboard_emp/input_search"), var_mailParent): Text 'test@test.test' is set on object 'Object Repository/object_dashboard_emp/input_search'

2019-12-23 13:55:48 - [MESSAGE][PASSED] - Text 'test@test.test' is set on object 'Object Repository/object_dashboard_emp/input_search'

2019-12-23 13:55:48 - [TEST_STEP][PASSED] - click(findTestObject("Object Repository/object_dashboard_emp/btn_accountSearch")): Object: 'Object Repository/object_dashboard_emp/btn_accountSearch' is clicked on

2019-12-23 13:55:49 - [MESSAGE][PASSED] - Object: 'Object Repository/object_dashboard_emp/btn_accountSearch' is clicked on

2019-12-23 13:55:49 - [TEST_STEP][PASSED] - delay(2): Delayed 2 second(s)

2019-12-23 13:55:51 - [MESSAGE][PASSED] - Delayed 2 second(s)

2019-12-23 13:55:51 - [TEST_STEP][PASSED] - click(findTestObject("object_accountInformation/a_TEST GABRIEL PROD")): Object: 'Object Repository/object_accountInformation/a_TEST GABRIEL PROD' is clicked on

2019-12-23 13:55:57 - [MESSAGE][PASSED] - Object: 'Object Repository/object_accountInformation/a_TEST GABRIEL PROD' is clicked on

2019-12-23 13:55:57 - [TEST_STEP][PASSED] - delay(1): Delayed 1 second(s)

2019-12-23 13:55:58 - [MESSAGE][PASSED] - Delayed 1 second(s)

2019-12-23 13:55:58 - [TEST_STEP][PASSED] - a = var_url1 + var_idReservation + var_url2 + var_idParent: null

2019-12-23 13:55:58 - [TEST_STEP][PASSED] - delay(4): Delayed 4 second(s)

2019-12-23 13:56:02 - [MESSAGE][PASSED] - Delayed 4 second(s)

2019-12-23 13:56:02 - [TEST_STEP][PASSED] - log = new com.kms.katalon.core.logging.KeywordLogger(): null

2019-12-23 13:56:02 - [TEST_STEP][PASSED] - log.logInfo("URL: " + a): URL: https://p4p-qa-bg.aws.paradise4paws.com/frontdesk/reservation/
1702628/?parent_id=122350

2019-12-23 13:56:02 - [MESSAGE][INFO] - URL: https://p4p-qa-bg.aws.paradise4paws.com/frontdesk/reservation/
1702628/?parent_id=122350

2019-12-23 13:56:02 - [TEST_STEP][PASSED] - navigateToUrl(a): Navigate to 'https://p4p-qa-bg.aws.paradise4paws.com/frontdesk/reservation/
1702628/?parent_id=122350' successfully

2019-12-23 13:56:04 - [MESSAGE][PASSED] - Navigate to 'https://p4p-qa-bg.aws.paradise4paws.com/frontdesk/reservation/
1702628/?parent_id=122350' successfully

2019-12-23 13:56:04 - [TEST_STEP][PASSED] - delay(3): Delayed 3 second(s)

2019-12-23 13:56:07 - [MESSAGE][PASSED] - Delayed 3 second(s)

2019-12-23 13:56:07 - [TEST_STEP][PASSED] - click(findTestObject("object_reservation/button_Next")): Object: 'Object Repository/object_reservation/button_Next' is clicked on

2019-12-23 13:56:09 - [MESSAGE][PASSED] - Object: 'Object Repository/object_reservation/button_Next' is clicked on

2019-12-23 13:56:09 - [TEST_STEP][PASSED] - delay(1): Delayed 1 second(s)

2019-12-23 13:56:10 - [MESSAGE][PASSED] - Delayed 1 second(s)

2019-12-23 13:56:10 - [TEST_STEP][PASSED] - if (var_typeReserv == "BOARDING"): null

2019-12-23 13:56:10 - [TEST_STEP][PASSED] - click(findTestObject("object_reservation/button_Next")): Object: 'Object Repository/object_reservation/button_Next' is clicked on

2019-12-23 13:56:11 - [MESSAGE][PASSED] - Object: 'Object Repository/object_reservation/button_Next' is clicked on

2019-12-23 13:56:11 - [TEST_STEP][PASSED] - click(findTestObject("object_reservation/btn_cancelReservation")): Object: 'Object Repository/object_reservation/btn_cancelReservation' is clicked on

2019-12-23 13:56:13 - [MESSAGE][PASSED] - Object: 'Object Repository/object_reservation/btn_cancelReservation' is clicked on

2019-12-23 13:56:13 - [TEST_STEP][PASSED] - delay(4): Delayed 4 second(s)

2019-12-23 13:56:17 - [MESSAGE][PASSED] - Delayed 4 second(s)

2019-12-23 13:56:17 - [TEST_STEP][PASSED] - click(findTestObject("Object Repository/object_reservation/Page_Paradise 4 Paws  Dog Boarding Cat Boar_145431/button_Cancel This Reservation")): Object: 'Object Repository/object_reservation/Page_Paradise 4 Paws  Dog Boarding Cat Boar_145431/button_Cancel This Reservation' is clicked on

2019-12-23 13:56:17 - [MESSAGE][PASSED] - Object: 'Object Repository/object_reservation/Page_Paradise 4 Paws  Dog Boarding Cat Boar_145431/button_Cancel This Reservation' is clicked on

2019-12-23 13:56:17 - [TEST_STEP][PASSED] - delay(4): Delayed 4 second(s)

2019-12-23 13:56:21 - [MESSAGE][PASSED] - Delayed 4 second(s)

2019-12-23 13:56:21 - [TEST_STEP][PASSED] - navigateToUrl(a): Navigate to 'https://p4p-qa-bg.aws.paradise4paws.com/frontdesk/reservation/
1702628/?parent_id=122350' successfully

2019-12-23 13:56:23 - [MESSAGE][PASSED] - Navigate to 'https://p4p-qa-bg.aws.paradise4paws.com/frontdesk/reservation/
1702628/?parent_id=122350' successfully

2019-12-23 13:56:23 - [TEST_STEP][PASSED] - verifyElementText(findTestObject("Object Repository/object_reservation/Page_Paradise 4 Paws  Dog Boarding Cat Boar_35fe2b/span_( BK )"), "( CAN )", STOP_ON_FAILURE): Actual text and expected text of test object 'Object Repository/object_reservation/Page_Paradise 4 Paws  Dog Boarding Cat Boar_35fe2b/span_( BK )' are matched.

2019-12-23 13:56:28 - [MESSAGE][PASSED] - Actual text and expected text of test object 'Object Repository/object_reservation/Page_Paradise 4 Paws  Dog Boarding Cat Boar_35fe2b/span_( BK )' are matched.

2019-12-23 13:56:28 - [TEST_STEP][PASSED] - log.logInfo(getText(findTestObject("Object Repository/object_reservation/Page_Paradise 4 Paws  Dog Boarding Cat Boar_35fe2b/span_( BK )"))): ( CAN )

2019-12-23 13:56:29 - [MESSAGE][PASSED] - Text of object 'Object Repository/object_reservation/Page_Paradise 4 Paws  Dog Boarding Cat Boar_35fe2b/span_( BK )' is: '( CAN )'

2019-12-23 13:56:29 - [MESSAGE][INFO] - ( CAN )

2019-12-23 13:56:29 - [TEST_STEP][PASSED] - delay(5): Delayed 5 second(s)

2019-12-23 13:56:34 - [MESSAGE][PASSED] - Delayed 5 second(s)

2019-12-23 13:56:34 - [TEST_STEP][PASSED] - var = Integer.parseInt(var_idRowRes): null

2019-12-23 13:56:34 - [TEST_STEP][PASSED] - fis = new java.io.FileInputStream(/home/leonardo-arkusmty/Desktop/P4P/DATA_AUTOMATINTESTING/data_2cancelReservation.xlsx): null

2019-12-23 13:56:34 - [TEST_STEP][PASSED] - workbook = new org.apache.poi.xssf.usermodel.XSSFWorkbook(fis): null

2019-12-23 13:56:34 - [TEST_STEP][PASSED] - sheet = workbook.getSheet("Sheet1"): null

2019-12-23 13:56:34 - [TEST_STEP][PASSED] - row = sheet.getRow(var): null

2019-12-23 13:56:34 - [TEST_STEP][PASSED] - cell = row.createCell(7, 0): null

2019-12-23 13:56:34 - [TEST_STEP][PASSED] - cell.setCellType(CELL_TYPE_STRING): null

2019-12-23 13:56:34 - [TEST_STEP][PASSED] - cell.setCellValue(getText(findTestObject("Object Repository/object_reservation/Page_Paradise 4 Paws  Dog Boarding Cat Boar_35fe2b/span_( BK )"))): Text of object 'Object Repository/object_reservation/Page_Paradise 4 Paws  Dog Boarding Cat Boar_35fe2b/span_( BK )' is: '( CAN )'

2019-12-23 13:56:34 - [MESSAGE][PASSED] - Text of object 'Object Repository/object_reservation/Page_Paradise 4 Paws  Dog Boarding Cat Boar_35fe2b/span_( BK )' is: '( CAN )'

2019-12-23 13:56:34 - [TEST_STEP][PASSED] - fos = new java.io.FileOutputStream(/home/leonardo-arkusmty/Desktop/P4P/DATA_AUTOMATINTESTING/data_2cancelReservation.xlsx): null

2019-12-23 13:56:34 - [TEST_STEP][PASSED] - workbook.write(fos): null

2019-12-23 13:56:34 - [TEST_STEP][PASSED] - fos.close(): null]]></system-out>
         <system-err><![CDATA[]]></system-err>
      </testcase>
      <testcase name="Test Cases/p4p_cancelReserEdit" time="65.306" classname="Test Cases/p4p_cancelReserEdit" status="PASSED">
         <system-out><![CDATA[2019-12-23 13:56:35 - [TEST_CASE][PASSED] - Test Cases/p4p_cancelReserEdit: Test Cases/p4p_cancelReserEdit

2019-12-23 13:56:35 - [TEST_STEP][PASSED] - openBrowser("https://p4p-qa-bg.aws.paradise4paws.com/login/"): Browser is opened with url: 'https://p4p-qa-bg.aws.paradise4paws.com/login/'

2019-12-23 13:56:35 - [MESSAGE][WARNING] - A browser is already opened. Closing browser and opening a new one

2019-12-23 13:56:35 - [MESSAGE][INFO] - Starting 'Firefox' driver

2019-12-23 13:56:39 - [MESSAGE][PASSED] - Browser is opened with url: 'https://p4p-qa-bg.aws.paradise4paws.com/login/'

2019-12-23 13:56:39 - [TEST_STEP][PASSED] - setText(findTestObject("Object Repository/object_login/input_user"), var_user): Text 'jegchavez@gmail.com' is set on object 'Object Repository/object_login/input_user'

2019-12-23 13:56:40 - [MESSAGE][PASSED] - Text 'jegchavez@gmail.com' is set on object 'Object Repository/object_login/input_user'

2019-12-23 13:56:40 - [TEST_STEP][PASSED] - setText(findTestObject("Object Repository/object_login/input_pass"), var_pass): Text 'admin1' is set on object 'Object Repository/object_login/input_pass'

2019-12-23 13:56:40 - [MESSAGE][PASSED] - Text 'admin1' is set on object 'Object Repository/object_login/input_pass'

2019-12-23 13:56:40 - [TEST_STEP][PASSED] - delay(2): Delayed 2 second(s)

2019-12-23 13:56:42 - [MESSAGE][PASSED] - Delayed 2 second(s)

2019-12-23 13:56:42 - [TEST_STEP][PASSED] - verifyElementClickable(findTestObject("Object Repository/object_login/btn_login")): Object 'Object Repository/object_login/btn_login' is clickable

2019-12-23 13:56:42 - [MESSAGE][PASSED] - Object 'Object Repository/object_login/btn_login' is clickable

2019-12-23 13:56:42 - [TEST_STEP][PASSED] - click(findTestObject("Object Repository/object_login/btn_login")): Object: 'Object Repository/object_login/btn_login' is clicked on

2019-12-23 13:56:47 - [MESSAGE][PASSED] - Object: 'Object Repository/object_login/btn_login' is clicked on

2019-12-23 13:56:47 - [TEST_STEP][PASSED] - delay(2): Delayed 2 second(s)

2019-12-23 13:56:49 - [MESSAGE][PASSED] - Delayed 2 second(s)

2019-12-23 13:56:49 - [TEST_STEP][PASSED] - setText(findTestObject("Object Repository/object_dashboard_emp/input_search"), var_mailParent): Text 'test@test.test' is set on object 'Object Repository/object_dashboard_emp/input_search'

2019-12-23 13:56:50 - [MESSAGE][PASSED] - Text 'test@test.test' is set on object 'Object Repository/object_dashboard_emp/input_search'

2019-12-23 13:56:50 - [TEST_STEP][PASSED] - click(findTestObject("Object Repository/object_dashboard_emp/btn_accountSearch")): Object: 'Object Repository/object_dashboard_emp/btn_accountSearch' is clicked on

2019-12-23 13:56:51 - [MESSAGE][PASSED] - Object: 'Object Repository/object_dashboard_emp/btn_accountSearch' is clicked on

2019-12-23 13:56:51 - [TEST_STEP][PASSED] - delay(2): Delayed 2 second(s)

2019-12-23 13:56:53 - [MESSAGE][PASSED] - Delayed 2 second(s)

2019-12-23 13:56:53 - [TEST_STEP][PASSED] - click(findTestObject("object_accountInformation/a_TEST GABRIEL PROD")): Object: 'Object Repository/object_accountInformation/a_TEST GABRIEL PROD' is clicked on

2019-12-23 13:56:59 - [MESSAGE][PASSED] - Object: 'Object Repository/object_accountInformation/a_TEST GABRIEL PROD' is clicked on

2019-12-23 13:56:59 - [TEST_STEP][PASSED] - delay(1): Delayed 1 second(s)

2019-12-23 13:57:00 - [MESSAGE][PASSED] - Delayed 1 second(s)

2019-12-23 13:57:00 - [TEST_STEP][PASSED] - a = var_url1 + var_idReservation + var_url2 + var_idParent: null

2019-12-23 13:57:00 - [TEST_STEP][PASSED] - delay(4): Delayed 4 second(s)

2019-12-23 13:57:04 - [MESSAGE][PASSED] - Delayed 4 second(s)

2019-12-23 13:57:04 - [TEST_STEP][PASSED] - log = new com.kms.katalon.core.logging.KeywordLogger(): null

2019-12-23 13:57:04 - [TEST_STEP][PASSED] - log.logInfo("URL: " + a): URL: https://p4p-qa-bg.aws.paradise4paws.com/frontdesk/reservation/
1702629/?parent_id=122350

2019-12-23 13:57:04 - [MESSAGE][INFO] - URL: https://p4p-qa-bg.aws.paradise4paws.com/frontdesk/reservation/
1702629/?parent_id=122350

2019-12-23 13:57:04 - [TEST_STEP][PASSED] - navigateToUrl(a): Navigate to 'https://p4p-qa-bg.aws.paradise4paws.com/frontdesk/reservation/
1702629/?parent_id=122350' successfully

2019-12-23 13:57:05 - [MESSAGE][PASSED] - Navigate to 'https://p4p-qa-bg.aws.paradise4paws.com/frontdesk/reservation/
1702629/?parent_id=122350' successfully

2019-12-23 13:57:05 - [TEST_STEP][PASSED] - delay(3): Delayed 3 second(s)

2019-12-23 13:57:08 - [MESSAGE][PASSED] - Delayed 3 second(s)

2019-12-23 13:57:08 - [TEST_STEP][PASSED] - click(findTestObject("object_reservation/button_Next")): Object: 'Object Repository/object_reservation/button_Next' is clicked on

2019-12-23 13:57:13 - [MESSAGE][PASSED] - Object: 'Object Repository/object_reservation/button_Next' is clicked on

2019-12-23 13:57:13 - [TEST_STEP][PASSED] - delay(1): Delayed 1 second(s)

2019-12-23 13:57:14 - [MESSAGE][PASSED] - Delayed 1 second(s)

2019-12-23 13:57:14 - [TEST_STEP][PASSED] - if (var_typeReserv == "BOARDING"): null

2019-12-23 13:57:14 - [TEST_STEP][PASSED] - click(findTestObject("object_reservation/button_Next")): Object: 'Object Repository/object_reservation/button_Next' is clicked on

2019-12-23 13:57:14 - [MESSAGE][PASSED] - Object: 'Object Repository/object_reservation/button_Next' is clicked on

2019-12-23 13:57:14 - [TEST_STEP][PASSED] - click(findTestObject("object_reservation/btn_cancelReservation")): Object: 'Object Repository/object_reservation/btn_cancelReservation' is clicked on

2019-12-23 13:57:17 - [MESSAGE][PASSED] - Object: 'Object Repository/object_reservation/btn_cancelReservation' is clicked on

2019-12-23 13:57:17 - [TEST_STEP][PASSED] - delay(4): Delayed 4 second(s)

2019-12-23 13:57:21 - [MESSAGE][PASSED] - Delayed 4 second(s)

2019-12-23 13:57:21 - [TEST_STEP][PASSED] - click(findTestObject("Object Repository/object_reservation/Page_Paradise 4 Paws  Dog Boarding Cat Boar_145431/button_Cancel This Reservation")): Object: 'Object Repository/object_reservation/Page_Paradise 4 Paws  Dog Boarding Cat Boar_145431/button_Cancel This Reservation' is clicked on

2019-12-23 13:57:21 - [MESSAGE][PASSED] - Object: 'Object Repository/object_reservation/Page_Paradise 4 Paws  Dog Boarding Cat Boar_145431/button_Cancel This Reservation' is clicked on

2019-12-23 13:57:21 - [TEST_STEP][PASSED] - delay(4): Delayed 4 second(s)

2019-12-23 13:57:25 - [MESSAGE][PASSED] - Delayed 4 second(s)

2019-12-23 13:57:25 - [TEST_STEP][PASSED] - navigateToUrl(a): Navigate to 'https://p4p-qa-bg.aws.paradise4paws.com/frontdesk/reservation/
1702629/?parent_id=122350' successfully

2019-12-23 13:57:27 - [MESSAGE][PASSED] - Navigate to 'https://p4p-qa-bg.aws.paradise4paws.com/frontdesk/reservation/
1702629/?parent_id=122350' successfully

2019-12-23 13:57:27 - [TEST_STEP][PASSED] - verifyElementText(findTestObject("Object Repository/object_reservation/Page_Paradise 4 Paws  Dog Boarding Cat Boar_35fe2b/span_( BK )"), "( CAN )", STOP_ON_FAILURE): Actual text and expected text of test object 'Object Repository/object_reservation/Page_Paradise 4 Paws  Dog Boarding Cat Boar_35fe2b/span_( BK )' are matched.

2019-12-23 13:57:34 - [MESSAGE][PASSED] - Actual text and expected text of test object 'Object Repository/object_reservation/Page_Paradise 4 Paws  Dog Boarding Cat Boar_35fe2b/span_( BK )' are matched.

2019-12-23 13:57:34 - [TEST_STEP][PASSED] - log.logInfo(getText(findTestObject("Object Repository/object_reservation/Page_Paradise 4 Paws  Dog Boarding Cat Boar_35fe2b/span_( BK )"))): ( CAN )

2019-12-23 13:57:35 - [MESSAGE][PASSED] - Text of object 'Object Repository/object_reservation/Page_Paradise 4 Paws  Dog Boarding Cat Boar_35fe2b/span_( BK )' is: '( CAN )'

2019-12-23 13:57:35 - [MESSAGE][INFO] - ( CAN )

2019-12-23 13:57:35 - [TEST_STEP][PASSED] - delay(5): Delayed 5 second(s)

2019-12-23 13:57:40 - [MESSAGE][PASSED] - Delayed 5 second(s)

2019-12-23 13:57:40 - [TEST_STEP][PASSED] - var = Integer.parseInt(var_idRowRes): null

2019-12-23 13:57:40 - [TEST_STEP][PASSED] - fis = new java.io.FileInputStream(/home/leonardo-arkusmty/Desktop/P4P/DATA_AUTOMATINTESTING/data_2cancelReservation.xlsx): null

2019-12-23 13:57:40 - [TEST_STEP][PASSED] - workbook = new org.apache.poi.xssf.usermodel.XSSFWorkbook(fis): null

2019-12-23 13:57:40 - [TEST_STEP][PASSED] - sheet = workbook.getSheet("Sheet1"): null

2019-12-23 13:57:40 - [TEST_STEP][PASSED] - row = sheet.getRow(var): null

2019-12-23 13:57:40 - [TEST_STEP][PASSED] - cell = row.createCell(7, 0): null

2019-12-23 13:57:40 - [TEST_STEP][PASSED] - cell.setCellType(CELL_TYPE_STRING): null

2019-12-23 13:57:40 - [TEST_STEP][PASSED] - cell.setCellValue(getText(findTestObject("Object Repository/object_reservation/Page_Paradise 4 Paws  Dog Boarding Cat Boar_35fe2b/span_( BK )"))): Text of object 'Object Repository/object_reservation/Page_Paradise 4 Paws  Dog Boarding Cat Boar_35fe2b/span_( BK )' is: '( CAN )'

2019-12-23 13:57:40 - [MESSAGE][PASSED] - Text of object 'Object Repository/object_reservation/Page_Paradise 4 Paws  Dog Boarding Cat Boar_35fe2b/span_( BK )' is: '( CAN )'

2019-12-23 13:57:40 - [TEST_STEP][PASSED] - fos = new java.io.FileOutputStream(/home/leonardo-arkusmty/Desktop/P4P/DATA_AUTOMATINTESTING/data_2cancelReservation.xlsx): null

2019-12-23 13:57:40 - [TEST_STEP][PASSED] - workbook.write(fos): null

2019-12-23 13:57:40 - [TEST_STEP][PASSED] - fos.close(): null]]></system-out>
         <system-err><![CDATA[]]></system-err>
      </testcase>
      <testcase name="Test Cases/p4p_cancelReserEdit" time="68.233" classname="Test Cases/p4p_cancelReserEdit" status="PASSED">
         <system-out><![CDATA[2019-12-23 13:57:40 - [TEST_CASE][PASSED] - Test Cases/p4p_cancelReserEdit: Test Cases/p4p_cancelReserEdit

2019-12-23 13:57:40 - [TEST_STEP][PASSED] - openBrowser("https://p4p-qa-bg.aws.paradise4paws.com/login/"): Browser is opened with url: 'https://p4p-qa-bg.aws.paradise4paws.com/login/'

2019-12-23 13:57:40 - [MESSAGE][WARNING] - A browser is already opened. Closing browser and opening a new one

2019-12-23 13:57:41 - [MESSAGE][INFO] - Starting 'Firefox' driver

2019-12-23 13:57:44 - [MESSAGE][PASSED] - Browser is opened with url: 'https://p4p-qa-bg.aws.paradise4paws.com/login/'

2019-12-23 13:57:44 - [TEST_STEP][PASSED] - setText(findTestObject("Object Repository/object_login/input_user"), var_user): Text 'jegchavez@gmail.com' is set on object 'Object Repository/object_login/input_user'

2019-12-23 13:57:46 - [MESSAGE][PASSED] - Text 'jegchavez@gmail.com' is set on object 'Object Repository/object_login/input_user'

2019-12-23 13:57:46 - [TEST_STEP][PASSED] - setText(findTestObject("Object Repository/object_login/input_pass"), var_pass): Text 'admin1' is set on object 'Object Repository/object_login/input_pass'

2019-12-23 13:57:46 - [MESSAGE][PASSED] - Text 'admin1' is set on object 'Object Repository/object_login/input_pass'

2019-12-23 13:57:46 - [TEST_STEP][PASSED] - delay(2): Delayed 2 second(s)

2019-12-23 13:57:48 - [MESSAGE][PASSED] - Delayed 2 second(s)

2019-12-23 13:57:48 - [TEST_STEP][PASSED] - verifyElementClickable(findTestObject("Object Repository/object_login/btn_login")): Object 'Object Repository/object_login/btn_login' is clickable

2019-12-23 13:57:48 - [MESSAGE][PASSED] - Object 'Object Repository/object_login/btn_login' is clickable

2019-12-23 13:57:48 - [TEST_STEP][PASSED] - click(findTestObject("Object Repository/object_login/btn_login")): Object: 'Object Repository/object_login/btn_login' is clicked on

2019-12-23 13:57:52 - [MESSAGE][PASSED] - Object: 'Object Repository/object_login/btn_login' is clicked on

2019-12-23 13:57:52 - [TEST_STEP][PASSED] - delay(2): Delayed 2 second(s)

2019-12-23 13:57:54 - [MESSAGE][PASSED] - Delayed 2 second(s)

2019-12-23 13:57:54 - [TEST_STEP][PASSED] - setText(findTestObject("Object Repository/object_dashboard_emp/input_search"), var_mailParent): Text 'test@test.test' is set on object 'Object Repository/object_dashboard_emp/input_search'

2019-12-23 13:57:54 - [MESSAGE][PASSED] - Text 'test@test.test' is set on object 'Object Repository/object_dashboard_emp/input_search'

2019-12-23 13:57:54 - [TEST_STEP][PASSED] - click(findTestObject("Object Repository/object_dashboard_emp/btn_accountSearch")): Object: 'Object Repository/object_dashboard_emp/btn_accountSearch' is clicked on

2019-12-23 13:57:55 - [MESSAGE][PASSED] - Object: 'Object Repository/object_dashboard_emp/btn_accountSearch' is clicked on

2019-12-23 13:57:55 - [TEST_STEP][PASSED] - delay(2): Delayed 2 second(s)

2019-12-23 13:57:57 - [MESSAGE][PASSED] - Delayed 2 second(s)

2019-12-23 13:57:57 - [TEST_STEP][PASSED] - click(findTestObject("object_accountInformation/a_TEST GABRIEL PROD")): Object: 'Object Repository/object_accountInformation/a_TEST GABRIEL PROD' is clicked on

2019-12-23 13:58:03 - [MESSAGE][PASSED] - Object: 'Object Repository/object_accountInformation/a_TEST GABRIEL PROD' is clicked on

2019-12-23 13:58:03 - [TEST_STEP][PASSED] - delay(1): Delayed 1 second(s)

2019-12-23 13:58:04 - [MESSAGE][PASSED] - Delayed 1 second(s)

2019-12-23 13:58:04 - [TEST_STEP][PASSED] - a = var_url1 + var_idReservation + var_url2 + var_idParent: null

2019-12-23 13:58:04 - [TEST_STEP][PASSED] - delay(4): Delayed 4 second(s)

2019-12-23 13:58:08 - [MESSAGE][PASSED] - Delayed 4 second(s)

2019-12-23 13:58:08 - [TEST_STEP][PASSED] - log = new com.kms.katalon.core.logging.KeywordLogger(): null

2019-12-23 13:58:08 - [TEST_STEP][PASSED] - log.logInfo("URL: " + a): URL: https://p4p-qa-bg.aws.paradise4paws.com/frontdesk/reservation/
1702630/?parent_id=122350

2019-12-23 13:58:08 - [MESSAGE][INFO] - URL: https://p4p-qa-bg.aws.paradise4paws.com/frontdesk/reservation/
1702630/?parent_id=122350

2019-12-23 13:58:08 - [TEST_STEP][PASSED] - navigateToUrl(a): Navigate to 'https://p4p-qa-bg.aws.paradise4paws.com/frontdesk/reservation/
1702630/?parent_id=122350' successfully

2019-12-23 13:58:10 - [MESSAGE][PASSED] - Navigate to 'https://p4p-qa-bg.aws.paradise4paws.com/frontdesk/reservation/
1702630/?parent_id=122350' successfully

2019-12-23 13:58:10 - [TEST_STEP][PASSED] - delay(3): Delayed 3 second(s)

2019-12-23 13:58:13 - [MESSAGE][PASSED] - Delayed 3 second(s)

2019-12-23 13:58:13 - [TEST_STEP][PASSED] - click(findTestObject("object_reservation/button_Next")): Object: 'Object Repository/object_reservation/button_Next' is clicked on

2019-12-23 13:58:19 - [MESSAGE][PASSED] - Object: 'Object Repository/object_reservation/button_Next' is clicked on

2019-12-23 13:58:19 - [TEST_STEP][PASSED] - delay(1): Delayed 1 second(s)

2019-12-23 13:58:20 - [MESSAGE][PASSED] - Delayed 1 second(s)

2019-12-23 13:58:20 - [TEST_STEP][PASSED] - if (var_typeReserv == "BOARDING"): null

2019-12-23 13:58:20 - [TEST_STEP][PASSED] - click(findTestObject("object_reservation/button_Next")): Object: 'Object Repository/object_reservation/button_Next' is clicked on

2019-12-23 13:58:21 - [MESSAGE][PASSED] - Object: 'Object Repository/object_reservation/button_Next' is clicked on

2019-12-23 13:58:21 - [TEST_STEP][PASSED] - click(findTestObject("object_reservation/btn_cancelReservation")): Object: 'Object Repository/object_reservation/btn_cancelReservation' is clicked on

2019-12-23 13:58:23 - [MESSAGE][PASSED] - Object: 'Object Repository/object_reservation/btn_cancelReservation' is clicked on

2019-12-23 13:58:23 - [TEST_STEP][PASSED] - delay(4): Delayed 4 second(s)

2019-12-23 13:58:27 - [MESSAGE][PASSED] - Delayed 4 second(s)

2019-12-23 13:58:27 - [TEST_STEP][PASSED] - click(findTestObject("Object Repository/object_reservation/Page_Paradise 4 Paws  Dog Boarding Cat Boar_145431/button_Cancel This Reservation")): Object: 'Object Repository/object_reservation/Page_Paradise 4 Paws  Dog Boarding Cat Boar_145431/button_Cancel This Reservation' is clicked on

2019-12-23 13:58:28 - [MESSAGE][PASSED] - Object: 'Object Repository/object_reservation/Page_Paradise 4 Paws  Dog Boarding Cat Boar_145431/button_Cancel This Reservation' is clicked on

2019-12-23 13:58:28 - [TEST_STEP][PASSED] - delay(4): Delayed 4 second(s)

2019-12-23 13:58:32 - [MESSAGE][PASSED] - Delayed 4 second(s)

2019-12-23 13:58:32 - [TEST_STEP][PASSED] - navigateToUrl(a): Navigate to 'https://p4p-qa-bg.aws.paradise4paws.com/frontdesk/reservation/
1702630/?parent_id=122350' successfully

2019-12-23 13:58:40 - [MESSAGE][PASSED] - Navigate to 'https://p4p-qa-bg.aws.paradise4paws.com/frontdesk/reservation/
1702630/?parent_id=122350' successfully

2019-12-23 13:58:40 - [TEST_STEP][PASSED] - verifyElementText(findTestObject("Object Repository/object_reservation/Page_Paradise 4 Paws  Dog Boarding Cat Boar_35fe2b/span_( BK )"), "( CAN )", STOP_ON_FAILURE): Actual text and expected text of test object 'Object Repository/object_reservation/Page_Paradise 4 Paws  Dog Boarding Cat Boar_35fe2b/span_( BK )' are matched.

2019-12-23 13:58:43 - [MESSAGE][PASSED] - Actual text and expected text of test object 'Object Repository/object_reservation/Page_Paradise 4 Paws  Dog Boarding Cat Boar_35fe2b/span_( BK )' are matched.

2019-12-23 13:58:43 - [TEST_STEP][PASSED] - log.logInfo(getText(findTestObject("Object Repository/object_reservation/Page_Paradise 4 Paws  Dog Boarding Cat Boar_35fe2b/span_( BK )"))): ( CAN )

2019-12-23 13:58:43 - [MESSAGE][PASSED] - Text of object 'Object Repository/object_reservation/Page_Paradise 4 Paws  Dog Boarding Cat Boar_35fe2b/span_( BK )' is: '( CAN )'

2019-12-23 13:58:43 - [MESSAGE][INFO] - ( CAN )

2019-12-23 13:58:43 - [TEST_STEP][PASSED] - delay(5): Delayed 5 second(s)

2019-12-23 13:58:48 - [MESSAGE][PASSED] - Delayed 5 second(s)

2019-12-23 13:58:48 - [TEST_STEP][PASSED] - var = Integer.parseInt(var_idRowRes): null

2019-12-23 13:58:48 - [TEST_STEP][PASSED] - fis = new java.io.FileInputStream(/home/leonardo-arkusmty/Desktop/P4P/DATA_AUTOMATINTESTING/data_2cancelReservation.xlsx): null

2019-12-23 13:58:48 - [TEST_STEP][PASSED] - workbook = new org.apache.poi.xssf.usermodel.XSSFWorkbook(fis): null

2019-12-23 13:58:48 - [TEST_STEP][PASSED] - sheet = workbook.getSheet("Sheet1"): null

2019-12-23 13:58:48 - [TEST_STEP][PASSED] - row = sheet.getRow(var): null

2019-12-23 13:58:48 - [TEST_STEP][PASSED] - cell = row.createCell(7, 0): null

2019-12-23 13:58:48 - [TEST_STEP][PASSED] - cell.setCellType(CELL_TYPE_STRING): null

2019-12-23 13:58:48 - [TEST_STEP][PASSED] - cell.setCellValue(getText(findTestObject("Object Repository/object_reservation/Page_Paradise 4 Paws  Dog Boarding Cat Boar_35fe2b/span_( BK )"))): Text of object 'Object Repository/object_reservation/Page_Paradise 4 Paws  Dog Boarding Cat Boar_35fe2b/span_( BK )' is: '( CAN )'

2019-12-23 13:58:48 - [MESSAGE][PASSED] - Text of object 'Object Repository/object_reservation/Page_Paradise 4 Paws  Dog Boarding Cat Boar_35fe2b/span_( BK )' is: '( CAN )'

2019-12-23 13:58:48 - [TEST_STEP][PASSED] - fos = new java.io.FileOutputStream(/home/leonardo-arkusmty/Desktop/P4P/DATA_AUTOMATINTESTING/data_2cancelReservation.xlsx): null

2019-12-23 13:58:48 - [TEST_STEP][PASSED] - workbook.write(fos): null

2019-12-23 13:58:48 - [TEST_STEP][PASSED] - fos.close(): null]]></system-out>
         <system-err><![CDATA[]]></system-err>
      </testcase>
      <testcase name="Test Cases/p4p_cancelReserEdit" time="60.598" classname="Test Cases/p4p_cancelReserEdit" status="PASSED">
         <system-out><![CDATA[2019-12-23 13:58:48 - [TEST_CASE][PASSED] - Test Cases/p4p_cancelReserEdit: Test Cases/p4p_cancelReserEdit

2019-12-23 13:58:48 - [TEST_STEP][PASSED] - openBrowser("https://p4p-qa-bg.aws.paradise4paws.com/login/"): Browser is opened with url: 'https://p4p-qa-bg.aws.paradise4paws.com/login/'

2019-12-23 13:58:48 - [MESSAGE][WARNING] - A browser is already opened. Closing browser and opening a new one

2019-12-23 13:58:49 - [MESSAGE][INFO] - Starting 'Firefox' driver

2019-12-23 13:58:52 - [MESSAGE][PASSED] - Browser is opened with url: 'https://p4p-qa-bg.aws.paradise4paws.com/login/'

2019-12-23 13:58:52 - [TEST_STEP][PASSED] - setText(findTestObject("Object Repository/object_login/input_user"), var_user): Text 'jegchavez@gmail.com' is set on object 'Object Repository/object_login/input_user'

2019-12-23 13:58:53 - [MESSAGE][PASSED] - Text 'jegchavez@gmail.com' is set on object 'Object Repository/object_login/input_user'

2019-12-23 13:58:53 - [TEST_STEP][PASSED] - setText(findTestObject("Object Repository/object_login/input_pass"), var_pass): Text 'admin1' is set on object 'Object Repository/object_login/input_pass'

2019-12-23 13:58:53 - [MESSAGE][PASSED] - Text 'admin1' is set on object 'Object Repository/object_login/input_pass'

2019-12-23 13:58:53 - [TEST_STEP][PASSED] - delay(2): Delayed 2 second(s)

2019-12-23 13:58:56 - [MESSAGE][PASSED] - Delayed 2 second(s)

2019-12-23 13:58:56 - [TEST_STEP][PASSED] - verifyElementClickable(findTestObject("Object Repository/object_login/btn_login")): Object 'Object Repository/object_login/btn_login' is clickable

2019-12-23 13:58:56 - [MESSAGE][PASSED] - Object 'Object Repository/object_login/btn_login' is clickable

2019-12-23 13:58:56 - [TEST_STEP][PASSED] - click(findTestObject("Object Repository/object_login/btn_login")): Object: 'Object Repository/object_login/btn_login' is clicked on

2019-12-23 13:59:00 - [MESSAGE][PASSED] - Object: 'Object Repository/object_login/btn_login' is clicked on

2019-12-23 13:59:00 - [TEST_STEP][PASSED] - delay(2): Delayed 2 second(s)

2019-12-23 13:59:02 - [MESSAGE][PASSED] - Delayed 2 second(s)

2019-12-23 13:59:02 - [TEST_STEP][PASSED] - setText(findTestObject("Object Repository/object_dashboard_emp/input_search"), var_mailParent): Text 'test@test.test' is set on object 'Object Repository/object_dashboard_emp/input_search'

2019-12-23 13:59:02 - [MESSAGE][PASSED] - Text 'test@test.test' is set on object 'Object Repository/object_dashboard_emp/input_search'

2019-12-23 13:59:02 - [TEST_STEP][PASSED] - click(findTestObject("Object Repository/object_dashboard_emp/btn_accountSearch")): Object: 'Object Repository/object_dashboard_emp/btn_accountSearch' is clicked on

2019-12-23 13:59:03 - [MESSAGE][PASSED] - Object: 'Object Repository/object_dashboard_emp/btn_accountSearch' is clicked on

2019-12-23 13:59:03 - [TEST_STEP][PASSED] - delay(2): Delayed 2 second(s)

2019-12-23 13:59:05 - [MESSAGE][PASSED] - Delayed 2 second(s)

2019-12-23 13:59:05 - [TEST_STEP][PASSED] - click(findTestObject("object_accountInformation/a_TEST GABRIEL PROD")): Object: 'Object Repository/object_accountInformation/a_TEST GABRIEL PROD' is clicked on

2019-12-23 13:59:11 - [MESSAGE][PASSED] - Object: 'Object Repository/object_accountInformation/a_TEST GABRIEL PROD' is clicked on

2019-12-23 13:59:11 - [TEST_STEP][PASSED] - delay(1): Delayed 1 second(s)

2019-12-23 13:59:12 - [MESSAGE][PASSED] - Delayed 1 second(s)

2019-12-23 13:59:12 - [TEST_STEP][PASSED] - a = var_url1 + var_idReservation + var_url2 + var_idParent: null

2019-12-23 13:59:12 - [TEST_STEP][PASSED] - delay(4): Delayed 4 second(s)

2019-12-23 13:59:16 - [MESSAGE][PASSED] - Delayed 4 second(s)

2019-12-23 13:59:16 - [TEST_STEP][PASSED] - log = new com.kms.katalon.core.logging.KeywordLogger(): null

2019-12-23 13:59:16 - [TEST_STEP][PASSED] - log.logInfo("URL: " + a): URL: https://p4p-qa-bg.aws.paradise4paws.com/frontdesk/reservation/
1702631/?parent_id=122350

2019-12-23 13:59:16 - [MESSAGE][INFO] - URL: https://p4p-qa-bg.aws.paradise4paws.com/frontdesk/reservation/
1702631/?parent_id=122350

2019-12-23 13:59:16 - [TEST_STEP][PASSED] - navigateToUrl(a): Navigate to 'https://p4p-qa-bg.aws.paradise4paws.com/frontdesk/reservation/
1702631/?parent_id=122350' successfully

2019-12-23 13:59:18 - [MESSAGE][PASSED] - Navigate to 'https://p4p-qa-bg.aws.paradise4paws.com/frontdesk/reservation/
1702631/?parent_id=122350' successfully

2019-12-23 13:59:18 - [TEST_STEP][PASSED] - delay(3): Delayed 3 second(s)

2019-12-23 13:59:21 - [MESSAGE][PASSED] - Delayed 3 second(s)

2019-12-23 13:59:21 - [TEST_STEP][PASSED] - click(findTestObject("object_reservation/button_Next")): Object: 'Object Repository/object_reservation/button_Next' is clicked on

2019-12-23 13:59:23 - [MESSAGE][PASSED] - Object: 'Object Repository/object_reservation/button_Next' is clicked on

2019-12-23 13:59:23 - [TEST_STEP][PASSED] - delay(1): Delayed 1 second(s)

2019-12-23 13:59:24 - [MESSAGE][PASSED] - Delayed 1 second(s)

2019-12-23 13:59:24 - [TEST_STEP][PASSED] - if (var_typeReserv == "BOARDING"): null

2019-12-23 13:59:24 - [TEST_STEP][PASSED] - click(findTestObject("object_reservation/button_Next")): Object: 'Object Repository/object_reservation/button_Next' is clicked on

2019-12-23 13:59:24 - [MESSAGE][PASSED] - Object: 'Object Repository/object_reservation/button_Next' is clicked on

2019-12-23 13:59:24 - [TEST_STEP][PASSED] - click(findTestObject("object_reservation/btn_cancelReservation")): Object: 'Object Repository/object_reservation/btn_cancelReservation' is clicked on

2019-12-23 13:59:27 - [MESSAGE][PASSED] - Object: 'Object Repository/object_reservation/btn_cancelReservation' is clicked on

2019-12-23 13:59:27 - [TEST_STEP][PASSED] - delay(4): Delayed 4 second(s)

2019-12-23 13:59:31 - [MESSAGE][PASSED] - Delayed 4 second(s)

2019-12-23 13:59:31 - [TEST_STEP][PASSED] - click(findTestObject("Object Repository/object_reservation/Page_Paradise 4 Paws  Dog Boarding Cat Boar_145431/button_Cancel This Reservation")): Object: 'Object Repository/object_reservation/Page_Paradise 4 Paws  Dog Boarding Cat Boar_145431/button_Cancel This Reservation' is clicked on

2019-12-23 13:59:31 - [MESSAGE][PASSED] - Object: 'Object Repository/object_reservation/Page_Paradise 4 Paws  Dog Boarding Cat Boar_145431/button_Cancel This Reservation' is clicked on

2019-12-23 13:59:31 - [TEST_STEP][PASSED] - delay(4): Delayed 4 second(s)

2019-12-23 13:59:35 - [MESSAGE][PASSED] - Delayed 4 second(s)

2019-12-23 13:59:35 - [TEST_STEP][PASSED] - navigateToUrl(a): Navigate to 'https://p4p-qa-bg.aws.paradise4paws.com/frontdesk/reservation/
1702631/?parent_id=122350' successfully

2019-12-23 13:59:36 - [MESSAGE][PASSED] - Navigate to 'https://p4p-qa-bg.aws.paradise4paws.com/frontdesk/reservation/
1702631/?parent_id=122350' successfully

2019-12-23 13:59:36 - [TEST_STEP][PASSED] - verifyElementText(findTestObject("Object Repository/object_reservation/Page_Paradise 4 Paws  Dog Boarding Cat Boar_35fe2b/span_( BK )"), "( CAN )", STOP_ON_FAILURE): Actual text and expected text of test object 'Object Repository/object_reservation/Page_Paradise 4 Paws  Dog Boarding Cat Boar_35fe2b/span_( BK )' are matched.

2019-12-23 13:59:43 - [MESSAGE][PASSED] - Actual text and expected text of test object 'Object Repository/object_reservation/Page_Paradise 4 Paws  Dog Boarding Cat Boar_35fe2b/span_( BK )' are matched.

2019-12-23 13:59:43 - [TEST_STEP][PASSED] - log.logInfo(getText(findTestObject("Object Repository/object_reservation/Page_Paradise 4 Paws  Dog Boarding Cat Boar_35fe2b/span_( BK )"))): ( CAN )

2019-12-23 13:59:43 - [MESSAGE][PASSED] - Text of object 'Object Repository/object_reservation/Page_Paradise 4 Paws  Dog Boarding Cat Boar_35fe2b/span_( BK )' is: '( CAN )'

2019-12-23 13:59:43 - [MESSAGE][INFO] - ( CAN )

2019-12-23 13:59:43 - [TEST_STEP][PASSED] - delay(5): Delayed 5 second(s)

2019-12-23 13:59:48 - [MESSAGE][PASSED] - Delayed 5 second(s)

2019-12-23 13:59:48 - [TEST_STEP][PASSED] - var = Integer.parseInt(var_idRowRes): null

2019-12-23 13:59:48 - [TEST_STEP][PASSED] - fis = new java.io.FileInputStream(/home/leonardo-arkusmty/Desktop/P4P/DATA_AUTOMATINTESTING/data_2cancelReservation.xlsx): null

2019-12-23 13:59:48 - [TEST_STEP][PASSED] - workbook = new org.apache.poi.xssf.usermodel.XSSFWorkbook(fis): null

2019-12-23 13:59:48 - [TEST_STEP][PASSED] - sheet = workbook.getSheet("Sheet1"): null

2019-12-23 13:59:48 - [TEST_STEP][PASSED] - row = sheet.getRow(var): null

2019-12-23 13:59:48 - [TEST_STEP][PASSED] - cell = row.createCell(7, 0): null

2019-12-23 13:59:48 - [TEST_STEP][PASSED] - cell.setCellType(CELL_TYPE_STRING): null

2019-12-23 13:59:48 - [TEST_STEP][PASSED] - cell.setCellValue(getText(findTestObject("Object Repository/object_reservation/Page_Paradise 4 Paws  Dog Boarding Cat Boar_35fe2b/span_( BK )"))): Text of object 'Object Repository/object_reservation/Page_Paradise 4 Paws  Dog Boarding Cat Boar_35fe2b/span_( BK )' is: '( CAN )'

2019-12-23 13:59:49 - [MESSAGE][PASSED] - Text of object 'Object Repository/object_reservation/Page_Paradise 4 Paws  Dog Boarding Cat Boar_35fe2b/span_( BK )' is: '( CAN )'

2019-12-23 13:59:49 - [TEST_STEP][PASSED] - fos = new java.io.FileOutputStream(/home/leonardo-arkusmty/Desktop/P4P/DATA_AUTOMATINTESTING/data_2cancelReservation.xlsx): null

2019-12-23 13:59:49 - [TEST_STEP][PASSED] - workbook.write(fos): null

2019-12-23 13:59:49 - [TEST_STEP][PASSED] - fos.close(): null]]></system-out>
         <system-err><![CDATA[]]></system-err>
      </testcase>
      <testcase name="Test Cases/p4p_cancelReserEdit" time="63.765" classname="Test Cases/p4p_cancelReserEdit" status="PASSED">
         <system-out><![CDATA[2019-12-23 13:59:49 - [TEST_CASE][PASSED] - Test Cases/p4p_cancelReserEdit: Test Cases/p4p_cancelReserEdit

2019-12-23 13:59:49 - [TEST_STEP][PASSED] - openBrowser("https://p4p-qa-bg.aws.paradise4paws.com/login/"): Browser is opened with url: 'https://p4p-qa-bg.aws.paradise4paws.com/login/'

2019-12-23 13:59:49 - [MESSAGE][WARNING] - A browser is already opened. Closing browser and opening a new one

2019-12-23 13:59:50 - [MESSAGE][INFO] - Starting 'Firefox' driver

2019-12-23 13:59:53 - [MESSAGE][PASSED] - Browser is opened with url: 'https://p4p-qa-bg.aws.paradise4paws.com/login/'

2019-12-23 13:59:53 - [TEST_STEP][PASSED] - setText(findTestObject("Object Repository/object_login/input_user"), var_user): Text 'jegchavez@gmail.com' is set on object 'Object Repository/object_login/input_user'

2019-12-23 13:59:54 - [MESSAGE][PASSED] - Text 'jegchavez@gmail.com' is set on object 'Object Repository/object_login/input_user'

2019-12-23 13:59:54 - [TEST_STEP][PASSED] - setText(findTestObject("Object Repository/object_login/input_pass"), var_pass): Text 'admin1' is set on object 'Object Repository/object_login/input_pass'

2019-12-23 13:59:55 - [MESSAGE][PASSED] - Text 'admin1' is set on object 'Object Repository/object_login/input_pass'

2019-12-23 13:59:55 - [TEST_STEP][PASSED] - delay(2): Delayed 2 second(s)

2019-12-23 13:59:57 - [MESSAGE][PASSED] - Delayed 2 second(s)

2019-12-23 13:59:57 - [TEST_STEP][PASSED] - verifyElementClickable(findTestObject("Object Repository/object_login/btn_login")): Object 'Object Repository/object_login/btn_login' is clickable

2019-12-23 13:59:57 - [MESSAGE][PASSED] - Object 'Object Repository/object_login/btn_login' is clickable

2019-12-23 13:59:57 - [TEST_STEP][PASSED] - click(findTestObject("Object Repository/object_login/btn_login")): Object: 'Object Repository/object_login/btn_login' is clicked on

2019-12-23 14:00:00 - [MESSAGE][PASSED] - Object: 'Object Repository/object_login/btn_login' is clicked on

2019-12-23 14:00:00 - [TEST_STEP][PASSED] - delay(2): Delayed 2 second(s)

2019-12-23 14:00:02 - [MESSAGE][PASSED] - Delayed 2 second(s)

2019-12-23 14:00:02 - [TEST_STEP][PASSED] - setText(findTestObject("Object Repository/object_dashboard_emp/input_search"), var_mailParent): Text 'test@test.test' is set on object 'Object Repository/object_dashboard_emp/input_search'

2019-12-23 14:00:03 - [MESSAGE][PASSED] - Text 'test@test.test' is set on object 'Object Repository/object_dashboard_emp/input_search'

2019-12-23 14:00:03 - [TEST_STEP][PASSED] - click(findTestObject("Object Repository/object_dashboard_emp/btn_accountSearch")): Object: 'Object Repository/object_dashboard_emp/btn_accountSearch' is clicked on

2019-12-23 14:00:04 - [MESSAGE][PASSED] - Object: 'Object Repository/object_dashboard_emp/btn_accountSearch' is clicked on

2019-12-23 14:00:04 - [TEST_STEP][PASSED] - delay(2): Delayed 2 second(s)

2019-12-23 14:00:06 - [MESSAGE][PASSED] - Delayed 2 second(s)

2019-12-23 14:00:06 - [TEST_STEP][PASSED] - click(findTestObject("object_accountInformation/a_TEST GABRIEL PROD")): Object: 'Object Repository/object_accountInformation/a_TEST GABRIEL PROD' is clicked on

2019-12-23 14:00:12 - [MESSAGE][PASSED] - Object: 'Object Repository/object_accountInformation/a_TEST GABRIEL PROD' is clicked on

2019-12-23 14:00:12 - [TEST_STEP][PASSED] - delay(1): Delayed 1 second(s)

2019-12-23 14:00:13 - [MESSAGE][PASSED] - Delayed 1 second(s)

2019-12-23 14:00:13 - [TEST_STEP][PASSED] - a = var_url1 + var_idReservation + var_url2 + var_idParent: null

2019-12-23 14:00:13 - [TEST_STEP][PASSED] - delay(4): Delayed 4 second(s)

2019-12-23 14:00:17 - [MESSAGE][PASSED] - Delayed 4 second(s)

2019-12-23 14:00:17 - [TEST_STEP][PASSED] - log = new com.kms.katalon.core.logging.KeywordLogger(): null

2019-12-23 14:00:17 - [TEST_STEP][PASSED] - log.logInfo("URL: " + a): URL: https://p4p-qa-bg.aws.paradise4paws.com/frontdesk/reservation/
1702632/?parent_id=122350

2019-12-23 14:00:17 - [MESSAGE][INFO] - URL: https://p4p-qa-bg.aws.paradise4paws.com/frontdesk/reservation/
1702632/?parent_id=122350

2019-12-23 14:00:17 - [TEST_STEP][PASSED] - navigateToUrl(a): Navigate to 'https://p4p-qa-bg.aws.paradise4paws.com/frontdesk/reservation/
1702632/?parent_id=122350' successfully

2019-12-23 14:00:18 - [MESSAGE][PASSED] - Navigate to 'https://p4p-qa-bg.aws.paradise4paws.com/frontdesk/reservation/
1702632/?parent_id=122350' successfully

2019-12-23 14:00:18 - [TEST_STEP][PASSED] - delay(3): Delayed 3 second(s)

2019-12-23 14:00:21 - [MESSAGE][PASSED] - Delayed 3 second(s)

2019-12-23 14:00:21 - [TEST_STEP][PASSED] - click(findTestObject("object_reservation/button_Next")): Object: 'Object Repository/object_reservation/button_Next' is clicked on

2019-12-23 14:00:26 - [MESSAGE][PASSED] - Object: 'Object Repository/object_reservation/button_Next' is clicked on

2019-12-23 14:00:26 - [TEST_STEP][PASSED] - delay(1): Delayed 1 second(s)

2019-12-23 14:00:27 - [MESSAGE][PASSED] - Delayed 1 second(s)

2019-12-23 14:00:27 - [TEST_STEP][PASSED] - if (var_typeReserv == "BOARDING"): null

2019-12-23 14:00:27 - [TEST_STEP][PASSED] - click(findTestObject("object_reservation/button_Next")): Object: 'Object Repository/object_reservation/button_Next' is clicked on

2019-12-23 14:00:28 - [MESSAGE][PASSED] - Object: 'Object Repository/object_reservation/button_Next' is clicked on

2019-12-23 14:00:28 - [TEST_STEP][PASSED] - click(findTestObject("object_reservation/btn_cancelReservation")): Object: 'Object Repository/object_reservation/btn_cancelReservation' is clicked on

2019-12-23 14:00:30 - [MESSAGE][PASSED] - Object: 'Object Repository/object_reservation/btn_cancelReservation' is clicked on

2019-12-23 14:00:30 - [TEST_STEP][PASSED] - delay(4): Delayed 4 second(s)

2019-12-23 14:00:34 - [MESSAGE][PASSED] - Delayed 4 second(s)

2019-12-23 14:00:34 - [TEST_STEP][PASSED] - click(findTestObject("Object Repository/object_reservation/Page_Paradise 4 Paws  Dog Boarding Cat Boar_145431/button_Cancel This Reservation")): Object: 'Object Repository/object_reservation/Page_Paradise 4 Paws  Dog Boarding Cat Boar_145431/button_Cancel This Reservation' is clicked on

2019-12-23 14:00:35 - [MESSAGE][PASSED] - Object: 'Object Repository/object_reservation/Page_Paradise 4 Paws  Dog Boarding Cat Boar_145431/button_Cancel This Reservation' is clicked on

2019-12-23 14:00:35 - [TEST_STEP][PASSED] - delay(4): Delayed 4 second(s)

2019-12-23 14:00:39 - [MESSAGE][PASSED] - Delayed 4 second(s)

2019-12-23 14:00:39 - [TEST_STEP][PASSED] - navigateToUrl(a): Navigate to 'https://p4p-qa-bg.aws.paradise4paws.com/frontdesk/reservation/
1702632/?parent_id=122350' successfully

2019-12-23 14:00:45 - [MESSAGE][PASSED] - Navigate to 'https://p4p-qa-bg.aws.paradise4paws.com/frontdesk/reservation/
1702632/?parent_id=122350' successfully

2019-12-23 14:00:45 - [TEST_STEP][PASSED] - verifyElementText(findTestObject("Object Repository/object_reservation/Page_Paradise 4 Paws  Dog Boarding Cat Boar_35fe2b/span_( BK )"), "( CAN )", STOP_ON_FAILURE): Actual text and expected text of test object 'Object Repository/object_reservation/Page_Paradise 4 Paws  Dog Boarding Cat Boar_35fe2b/span_( BK )' are matched.

2019-12-23 14:00:47 - [MESSAGE][PASSED] - Actual text and expected text of test object 'Object Repository/object_reservation/Page_Paradise 4 Paws  Dog Boarding Cat Boar_35fe2b/span_( BK )' are matched.

2019-12-23 14:00:47 - [TEST_STEP][PASSED] - log.logInfo(getText(findTestObject("Object Repository/object_reservation/Page_Paradise 4 Paws  Dog Boarding Cat Boar_35fe2b/span_( BK )"))): ( CAN )

2019-12-23 14:00:47 - [MESSAGE][PASSED] - Text of object 'Object Repository/object_reservation/Page_Paradise 4 Paws  Dog Boarding Cat Boar_35fe2b/span_( BK )' is: '( CAN )'

2019-12-23 14:00:47 - [MESSAGE][INFO] - ( CAN )

2019-12-23 14:00:47 - [TEST_STEP][PASSED] - delay(5): Delayed 5 second(s)

2019-12-23 14:00:52 - [MESSAGE][PASSED] - Delayed 5 second(s)

2019-12-23 14:00:52 - [TEST_STEP][PASSED] - var = Integer.parseInt(var_idRowRes): null

2019-12-23 14:00:52 - [TEST_STEP][PASSED] - fis = new java.io.FileInputStream(/home/leonardo-arkusmty/Desktop/P4P/DATA_AUTOMATINTESTING/data_2cancelReservation.xlsx): null

2019-12-23 14:00:52 - [TEST_STEP][PASSED] - workbook = new org.apache.poi.xssf.usermodel.XSSFWorkbook(fis): null

2019-12-23 14:00:52 - [TEST_STEP][PASSED] - sheet = workbook.getSheet("Sheet1"): null

2019-12-23 14:00:52 - [TEST_STEP][PASSED] - row = sheet.getRow(var): null

2019-12-23 14:00:52 - [TEST_STEP][PASSED] - cell = row.createCell(7, 0): null

2019-12-23 14:00:52 - [TEST_STEP][PASSED] - cell.setCellType(CELL_TYPE_STRING): null

2019-12-23 14:00:52 - [TEST_STEP][PASSED] - cell.setCellValue(getText(findTestObject("Object Repository/object_reservation/Page_Paradise 4 Paws  Dog Boarding Cat Boar_35fe2b/span_( BK )"))): Text of object 'Object Repository/object_reservation/Page_Paradise 4 Paws  Dog Boarding Cat Boar_35fe2b/span_( BK )' is: '( CAN )'

2019-12-23 14:00:53 - [MESSAGE][PASSED] - Text of object 'Object Repository/object_reservation/Page_Paradise 4 Paws  Dog Boarding Cat Boar_35fe2b/span_( BK )' is: '( CAN )'

2019-12-23 14:00:53 - [TEST_STEP][PASSED] - fos = new java.io.FileOutputStream(/home/leonardo-arkusmty/Desktop/P4P/DATA_AUTOMATINTESTING/data_2cancelReservation.xlsx): null

2019-12-23 14:00:53 - [TEST_STEP][PASSED] - workbook.write(fos): null

2019-12-23 14:00:53 - [TEST_STEP][PASSED] - fos.close(): null]]></system-out>
         <system-err><![CDATA[]]></system-err>
      </testcase>
      <testcase name="Test Cases/p4p_cancelReserEdit" time="70.804" classname="Test Cases/p4p_cancelReserEdit" status="PASSED">
         <system-out><![CDATA[2019-12-23 14:00:53 - [TEST_CASE][PASSED] - Test Cases/p4p_cancelReserEdit: Test Cases/p4p_cancelReserEdit

2019-12-23 14:00:53 - [TEST_STEP][PASSED] - openBrowser("https://p4p-qa-bg.aws.paradise4paws.com/login/"): Browser is opened with url: 'https://p4p-qa-bg.aws.paradise4paws.com/login/'

2019-12-23 14:00:53 - [MESSAGE][WARNING] - A browser is already opened. Closing browser and opening a new one

2019-12-23 14:00:53 - [MESSAGE][INFO] - Starting 'Firefox' driver

2019-12-23 14:00:57 - [MESSAGE][PASSED] - Browser is opened with url: 'https://p4p-qa-bg.aws.paradise4paws.com/login/'

2019-12-23 14:00:57 - [TEST_STEP][PASSED] - setText(findTestObject("Object Repository/object_login/input_user"), var_user): Text 'jegchavez@gmail.com' is set on object 'Object Repository/object_login/input_user'

2019-12-23 14:00:57 - [MESSAGE][PASSED] - Text 'jegchavez@gmail.com' is set on object 'Object Repository/object_login/input_user'

2019-12-23 14:00:57 - [TEST_STEP][PASSED] - setText(findTestObject("Object Repository/object_login/input_pass"), var_pass): Text 'admin1' is set on object 'Object Repository/object_login/input_pass'

2019-12-23 14:00:58 - [MESSAGE][PASSED] - Text 'admin1' is set on object 'Object Repository/object_login/input_pass'

2019-12-23 14:00:58 - [TEST_STEP][PASSED] - delay(2): Delayed 2 second(s)

2019-12-23 14:01:00 - [MESSAGE][PASSED] - Delayed 2 second(s)

2019-12-23 14:01:00 - [TEST_STEP][PASSED] - verifyElementClickable(findTestObject("Object Repository/object_login/btn_login")): Object 'Object Repository/object_login/btn_login' is clickable

2019-12-23 14:01:00 - [MESSAGE][PASSED] - Object 'Object Repository/object_login/btn_login' is clickable

2019-12-23 14:01:00 - [TEST_STEP][PASSED] - click(findTestObject("Object Repository/object_login/btn_login")): Object: 'Object Repository/object_login/btn_login' is clicked on

2019-12-23 14:01:04 - [MESSAGE][PASSED] - Object: 'Object Repository/object_login/btn_login' is clicked on

2019-12-23 14:01:04 - [TEST_STEP][PASSED] - delay(2): Delayed 2 second(s)

2019-12-23 14:01:06 - [MESSAGE][PASSED] - Delayed 2 second(s)

2019-12-23 14:01:06 - [TEST_STEP][PASSED] - setText(findTestObject("Object Repository/object_dashboard_emp/input_search"), var_mailParent): Text 'test@test.test' is set on object 'Object Repository/object_dashboard_emp/input_search'

2019-12-23 14:01:06 - [MESSAGE][PASSED] - Text 'test@test.test' is set on object 'Object Repository/object_dashboard_emp/input_search'

2019-12-23 14:01:06 - [TEST_STEP][PASSED] - click(findTestObject("Object Repository/object_dashboard_emp/btn_accountSearch")): Object: 'Object Repository/object_dashboard_emp/btn_accountSearch' is clicked on

2019-12-23 14:01:07 - [MESSAGE][PASSED] - Object: 'Object Repository/object_dashboard_emp/btn_accountSearch' is clicked on

2019-12-23 14:01:07 - [TEST_STEP][PASSED] - delay(2): Delayed 2 second(s)

2019-12-23 14:01:09 - [MESSAGE][PASSED] - Delayed 2 second(s)

2019-12-23 14:01:09 - [TEST_STEP][PASSED] - click(findTestObject("object_accountInformation/a_TEST GABRIEL PROD")): Object: 'Object Repository/object_accountInformation/a_TEST GABRIEL PROD' is clicked on

2019-12-23 14:01:16 - [MESSAGE][PASSED] - Object: 'Object Repository/object_accountInformation/a_TEST GABRIEL PROD' is clicked on

2019-12-23 14:01:16 - [TEST_STEP][PASSED] - delay(1): Delayed 1 second(s)

2019-12-23 14:01:17 - [MESSAGE][PASSED] - Delayed 1 second(s)

2019-12-23 14:01:17 - [TEST_STEP][PASSED] - a = var_url1 + var_idReservation + var_url2 + var_idParent: null

2019-12-23 14:01:17 - [TEST_STEP][PASSED] - delay(4): Delayed 4 second(s)

2019-12-23 14:01:21 - [MESSAGE][PASSED] - Delayed 4 second(s)

2019-12-23 14:01:21 - [TEST_STEP][PASSED] - log = new com.kms.katalon.core.logging.KeywordLogger(): null

2019-12-23 14:01:21 - [TEST_STEP][PASSED] - log.logInfo("URL: " + a): URL: https://p4p-qa-bg.aws.paradise4paws.com/frontdesk/reservation/
1702633/?parent_id=122350

2019-12-23 14:01:21 - [MESSAGE][INFO] - URL: https://p4p-qa-bg.aws.paradise4paws.com/frontdesk/reservation/
1702633/?parent_id=122350

2019-12-23 14:01:21 - [TEST_STEP][PASSED] - navigateToUrl(a): Navigate to 'https://p4p-qa-bg.aws.paradise4paws.com/frontdesk/reservation/
1702633/?parent_id=122350' successfully

2019-12-23 14:01:31 - [MESSAGE][PASSED] - Navigate to 'https://p4p-qa-bg.aws.paradise4paws.com/frontdesk/reservation/
1702633/?parent_id=122350' successfully

2019-12-23 14:01:31 - [TEST_STEP][PASSED] - delay(3): Delayed 3 second(s)

2019-12-23 14:01:34 - [MESSAGE][PASSED] - Delayed 3 second(s)

2019-12-23 14:01:34 - [TEST_STEP][PASSED] - click(findTestObject("object_reservation/button_Next")): Object: 'Object Repository/object_reservation/button_Next' is clicked on

2019-12-23 14:01:35 - [MESSAGE][PASSED] - Object: 'Object Repository/object_reservation/button_Next' is clicked on

2019-12-23 14:01:35 - [TEST_STEP][PASSED] - delay(1): Delayed 1 second(s)

2019-12-23 14:01:36 - [MESSAGE][PASSED] - Delayed 1 second(s)

2019-12-23 14:01:36 - [TEST_STEP][PASSED] - if (var_typeReserv == "BOARDING"): null

2019-12-23 14:01:36 - [TEST_STEP][PASSED] - click(findTestObject("object_reservation/button_Next")): Object: 'Object Repository/object_reservation/button_Next' is clicked on

2019-12-23 14:01:36 - [MESSAGE][PASSED] - Object: 'Object Repository/object_reservation/button_Next' is clicked on

2019-12-23 14:01:36 - [TEST_STEP][PASSED] - click(findTestObject("object_reservation/btn_cancelReservation")): Object: 'Object Repository/object_reservation/btn_cancelReservation' is clicked on

2019-12-23 14:01:38 - [MESSAGE][PASSED] - Object: 'Object Repository/object_reservation/btn_cancelReservation' is clicked on

2019-12-23 14:01:38 - [TEST_STEP][PASSED] - delay(4): Delayed 4 second(s)

2019-12-23 14:01:42 - [MESSAGE][PASSED] - Delayed 4 second(s)

2019-12-23 14:01:42 - [TEST_STEP][PASSED] - click(findTestObject("Object Repository/object_reservation/Page_Paradise 4 Paws  Dog Boarding Cat Boar_145431/button_Cancel This Reservation")): Object: 'Object Repository/object_reservation/Page_Paradise 4 Paws  Dog Boarding Cat Boar_145431/button_Cancel This Reservation' is clicked on

2019-12-23 14:01:43 - [MESSAGE][PASSED] - Object: 'Object Repository/object_reservation/Page_Paradise 4 Paws  Dog Boarding Cat Boar_145431/button_Cancel This Reservation' is clicked on

2019-12-23 14:01:43 - [TEST_STEP][PASSED] - delay(4): Delayed 4 second(s)

2019-12-23 14:01:47 - [MESSAGE][PASSED] - Delayed 4 second(s)

2019-12-23 14:01:47 - [TEST_STEP][PASSED] - navigateToUrl(a): Navigate to 'https://p4p-qa-bg.aws.paradise4paws.com/frontdesk/reservation/
1702633/?parent_id=122350' successfully

2019-12-23 14:01:48 - [MESSAGE][PASSED] - Navigate to 'https://p4p-qa-bg.aws.paradise4paws.com/frontdesk/reservation/
1702633/?parent_id=122350' successfully

2019-12-23 14:01:48 - [TEST_STEP][PASSED] - verifyElementText(findTestObject("Object Repository/object_reservation/Page_Paradise 4 Paws  Dog Boarding Cat Boar_35fe2b/span_( BK )"), "( CAN )", STOP_ON_FAILURE): Actual text and expected text of test object 'Object Repository/object_reservation/Page_Paradise 4 Paws  Dog Boarding Cat Boar_35fe2b/span_( BK )' are matched.

2019-12-23 14:01:58 - [MESSAGE][PASSED] - Actual text and expected text of test object 'Object Repository/object_reservation/Page_Paradise 4 Paws  Dog Boarding Cat Boar_35fe2b/span_( BK )' are matched.

2019-12-23 14:01:58 - [TEST_STEP][PASSED] - log.logInfo(getText(findTestObject("Object Repository/object_reservation/Page_Paradise 4 Paws  Dog Boarding Cat Boar_35fe2b/span_( BK )"))): ( CAN )

2019-12-23 14:01:58 - [MESSAGE][PASSED] - Text of object 'Object Repository/object_reservation/Page_Paradise 4 Paws  Dog Boarding Cat Boar_35fe2b/span_( BK )' is: '( CAN )'

2019-12-23 14:01:58 - [MESSAGE][INFO] - ( CAN )

2019-12-23 14:01:58 - [TEST_STEP][PASSED] - delay(5): Delayed 5 second(s)

2019-12-23 14:02:03 - [MESSAGE][PASSED] - Delayed 5 second(s)

2019-12-23 14:02:03 - [TEST_STEP][PASSED] - var = Integer.parseInt(var_idRowRes): null

2019-12-23 14:02:03 - [TEST_STEP][PASSED] - fis = new java.io.FileInputStream(/home/leonardo-arkusmty/Desktop/P4P/DATA_AUTOMATINTESTING/data_2cancelReservation.xlsx): null

2019-12-23 14:02:03 - [TEST_STEP][PASSED] - workbook = new org.apache.poi.xssf.usermodel.XSSFWorkbook(fis): null

2019-12-23 14:02:03 - [TEST_STEP][PASSED] - sheet = workbook.getSheet("Sheet1"): null

2019-12-23 14:02:03 - [TEST_STEP][PASSED] - row = sheet.getRow(var): null

2019-12-23 14:02:03 - [TEST_STEP][PASSED] - cell = row.createCell(7, 0): null

2019-12-23 14:02:03 - [TEST_STEP][PASSED] - cell.setCellType(CELL_TYPE_STRING): null

2019-12-23 14:02:03 - [TEST_STEP][PASSED] - cell.setCellValue(getText(findTestObject("Object Repository/object_reservation/Page_Paradise 4 Paws  Dog Boarding Cat Boar_35fe2b/span_( BK )"))): Text of object 'Object Repository/object_reservation/Page_Paradise 4 Paws  Dog Boarding Cat Boar_35fe2b/span_( BK )' is: '( CAN )'

2019-12-23 14:02:03 - [MESSAGE][PASSED] - Text of object 'Object Repository/object_reservation/Page_Paradise 4 Paws  Dog Boarding Cat Boar_35fe2b/span_( BK )' is: '( CAN )'

2019-12-23 14:02:03 - [TEST_STEP][PASSED] - fos = new java.io.FileOutputStream(/home/leonardo-arkusmty/Desktop/P4P/DATA_AUTOMATINTESTING/data_2cancelReservation.xlsx): null

2019-12-23 14:02:03 - [TEST_STEP][PASSED] - workbook.write(fos): null

2019-12-23 14:02:03 - [TEST_STEP][PASSED] - fos.close(): null]]></system-out>
         <system-err><![CDATA[]]></system-err>
      </testcase>
      <testcase name="Test Cases/p4p_cancelReserEdit" time="64.745" classname="Test Cases/p4p_cancelReserEdit" status="PASSED">
         <system-out><![CDATA[2019-12-23 14:02:03 - [TEST_CASE][PASSED] - Test Cases/p4p_cancelReserEdit: Test Cases/p4p_cancelReserEdit

2019-12-23 14:02:03 - [TEST_STEP][PASSED] - openBrowser("https://p4p-qa-bg.aws.paradise4paws.com/login/"): Browser is opened with url: 'https://p4p-qa-bg.aws.paradise4paws.com/login/'

2019-12-23 14:02:03 - [MESSAGE][WARNING] - A browser is already opened. Closing browser and opening a new one

2019-12-23 14:02:04 - [MESSAGE][INFO] - Starting 'Firefox' driver

2019-12-23 14:02:08 - [MESSAGE][PASSED] - Browser is opened with url: 'https://p4p-qa-bg.aws.paradise4paws.com/login/'

2019-12-23 14:02:08 - [TEST_STEP][PASSED] - setText(findTestObject("Object Repository/object_login/input_user"), var_user): Text 'jegchavez@gmail.com' is set on object 'Object Repository/object_login/input_user'

2019-12-23 14:02:08 - [MESSAGE][PASSED] - Text 'jegchavez@gmail.com' is set on object 'Object Repository/object_login/input_user'

2019-12-23 14:02:08 - [TEST_STEP][PASSED] - setText(findTestObject("Object Repository/object_login/input_pass"), var_pass): Text 'admin1' is set on object 'Object Repository/object_login/input_pass'

2019-12-23 14:02:09 - [MESSAGE][PASSED] - Text 'admin1' is set on object 'Object Repository/object_login/input_pass'

2019-12-23 14:02:09 - [TEST_STEP][PASSED] - delay(2): Delayed 2 second(s)

2019-12-23 14:02:11 - [MESSAGE][PASSED] - Delayed 2 second(s)

2019-12-23 14:02:11 - [TEST_STEP][PASSED] - verifyElementClickable(findTestObject("Object Repository/object_login/btn_login")): Object 'Object Repository/object_login/btn_login' is clickable

2019-12-23 14:02:11 - [MESSAGE][PASSED] - Object 'Object Repository/object_login/btn_login' is clickable

2019-12-23 14:02:11 - [TEST_STEP][PASSED] - click(findTestObject("Object Repository/object_login/btn_login")): Object: 'Object Repository/object_login/btn_login' is clicked on

2019-12-23 14:02:16 - [MESSAGE][PASSED] - Object: 'Object Repository/object_login/btn_login' is clicked on

2019-12-23 14:02:16 - [TEST_STEP][PASSED] - delay(2): Delayed 2 second(s)

2019-12-23 14:02:18 - [MESSAGE][PASSED] - Delayed 2 second(s)

2019-12-23 14:02:18 - [TEST_STEP][PASSED] - setText(findTestObject("Object Repository/object_dashboard_emp/input_search"), var_mailParent): Text 'test@test.test' is set on object 'Object Repository/object_dashboard_emp/input_search'

2019-12-23 14:02:18 - [MESSAGE][PASSED] - Text 'test@test.test' is set on object 'Object Repository/object_dashboard_emp/input_search'

2019-12-23 14:02:18 - [TEST_STEP][PASSED] - click(findTestObject("Object Repository/object_dashboard_emp/btn_accountSearch")): Object: 'Object Repository/object_dashboard_emp/btn_accountSearch' is clicked on

2019-12-23 14:02:19 - [MESSAGE][PASSED] - Object: 'Object Repository/object_dashboard_emp/btn_accountSearch' is clicked on

2019-12-23 14:02:19 - [TEST_STEP][PASSED] - delay(2): Delayed 2 second(s)

2019-12-23 14:02:21 - [MESSAGE][PASSED] - Delayed 2 second(s)

2019-12-23 14:02:21 - [TEST_STEP][PASSED] - click(findTestObject("object_accountInformation/a_TEST GABRIEL PROD")): Object: 'Object Repository/object_accountInformation/a_TEST GABRIEL PROD' is clicked on

2019-12-23 14:02:27 - [MESSAGE][PASSED] - Object: 'Object Repository/object_accountInformation/a_TEST GABRIEL PROD' is clicked on

2019-12-23 14:02:27 - [TEST_STEP][PASSED] - delay(1): Delayed 1 second(s)

2019-12-23 14:02:28 - [MESSAGE][PASSED] - Delayed 1 second(s)

2019-12-23 14:02:28 - [TEST_STEP][PASSED] - a = var_url1 + var_idReservation + var_url2 + var_idParent: null

2019-12-23 14:02:28 - [TEST_STEP][PASSED] - delay(4): Delayed 4 second(s)

2019-12-23 14:02:32 - [MESSAGE][PASSED] - Delayed 4 second(s)

2019-12-23 14:02:32 - [TEST_STEP][PASSED] - log = new com.kms.katalon.core.logging.KeywordLogger(): null

2019-12-23 14:02:32 - [TEST_STEP][PASSED] - log.logInfo("URL: " + a): URL: https://p4p-qa-bg.aws.paradise4paws.com/frontdesk/reservation/
1702634/?parent_id=122350

2019-12-23 14:02:32 - [MESSAGE][INFO] - URL: https://p4p-qa-bg.aws.paradise4paws.com/frontdesk/reservation/
1702634/?parent_id=122350

2019-12-23 14:02:32 - [TEST_STEP][PASSED] - navigateToUrl(a): Navigate to 'https://p4p-qa-bg.aws.paradise4paws.com/frontdesk/reservation/
1702634/?parent_id=122350' successfully

2019-12-23 14:02:34 - [MESSAGE][PASSED] - Navigate to 'https://p4p-qa-bg.aws.paradise4paws.com/frontdesk/reservation/
1702634/?parent_id=122350' successfully

2019-12-23 14:02:34 - [TEST_STEP][PASSED] - delay(3): Delayed 3 second(s)

2019-12-23 14:02:37 - [MESSAGE][PASSED] - Delayed 3 second(s)

2019-12-23 14:02:37 - [TEST_STEP][PASSED] - click(findTestObject("object_reservation/button_Next")): Object: 'Object Repository/object_reservation/button_Next' is clicked on

2019-12-23 14:02:41 - [MESSAGE][PASSED] - Object: 'Object Repository/object_reservation/button_Next' is clicked on

2019-12-23 14:02:41 - [TEST_STEP][PASSED] - delay(1): Delayed 1 second(s)

2019-12-23 14:02:42 - [MESSAGE][PASSED] - Delayed 1 second(s)

2019-12-23 14:02:42 - [TEST_STEP][PASSED] - if (var_typeReserv == "BOARDING"): null

2019-12-23 14:02:42 - [TEST_STEP][PASSED] - click(findTestObject("object_reservation/button_Next")): Object: 'Object Repository/object_reservation/button_Next' is clicked on

2019-12-23 14:02:43 - [MESSAGE][PASSED] - Object: 'Object Repository/object_reservation/button_Next' is clicked on

2019-12-23 14:02:43 - [TEST_STEP][PASSED] - click(findTestObject("object_reservation/btn_cancelReservation")): Object: 'Object Repository/object_reservation/btn_cancelReservation' is clicked on

2019-12-23 14:02:45 - [MESSAGE][PASSED] - Object: 'Object Repository/object_reservation/btn_cancelReservation' is clicked on

2019-12-23 14:02:45 - [TEST_STEP][PASSED] - delay(4): Delayed 4 second(s)

2019-12-23 14:02:49 - [MESSAGE][PASSED] - Delayed 4 second(s)

2019-12-23 14:02:49 - [TEST_STEP][PASSED] - click(findTestObject("Object Repository/object_reservation/Page_Paradise 4 Paws  Dog Boarding Cat Boar_145431/button_Cancel This Reservation")): Object: 'Object Repository/object_reservation/Page_Paradise 4 Paws  Dog Boarding Cat Boar_145431/button_Cancel This Reservation' is clicked on

2019-12-23 14:02:49 - [MESSAGE][PASSED] - Object: 'Object Repository/object_reservation/Page_Paradise 4 Paws  Dog Boarding Cat Boar_145431/button_Cancel This Reservation' is clicked on

2019-12-23 14:02:49 - [TEST_STEP][PASSED] - delay(4): Delayed 4 second(s)

2019-12-23 14:02:53 - [MESSAGE][PASSED] - Delayed 4 second(s)

2019-12-23 14:02:53 - [TEST_STEP][PASSED] - navigateToUrl(a): Navigate to 'https://p4p-qa-bg.aws.paradise4paws.com/frontdesk/reservation/
1702634/?parent_id=122350' successfully

2019-12-23 14:02:55 - [MESSAGE][PASSED] - Navigate to 'https://p4p-qa-bg.aws.paradise4paws.com/frontdesk/reservation/
1702634/?parent_id=122350' successfully

2019-12-23 14:02:55 - [TEST_STEP][PASSED] - verifyElementText(findTestObject("Object Repository/object_reservation/Page_Paradise 4 Paws  Dog Boarding Cat Boar_35fe2b/span_( BK )"), "( CAN )", STOP_ON_FAILURE): Actual text and expected text of test object 'Object Repository/object_reservation/Page_Paradise 4 Paws  Dog Boarding Cat Boar_35fe2b/span_( BK )' are matched.

2019-12-23 14:03:03 - [MESSAGE][PASSED] - Actual text and expected text of test object 'Object Repository/object_reservation/Page_Paradise 4 Paws  Dog Boarding Cat Boar_35fe2b/span_( BK )' are matched.

2019-12-23 14:03:03 - [TEST_STEP][PASSED] - log.logInfo(getText(findTestObject("Object Repository/object_reservation/Page_Paradise 4 Paws  Dog Boarding Cat Boar_35fe2b/span_( BK )"))): ( CAN )

2019-12-23 14:03:03 - [MESSAGE][PASSED] - Text of object 'Object Repository/object_reservation/Page_Paradise 4 Paws  Dog Boarding Cat Boar_35fe2b/span_( BK )' is: '( CAN )'

2019-12-23 14:03:03 - [MESSAGE][INFO] - ( CAN )

2019-12-23 14:03:03 - [TEST_STEP][PASSED] - delay(5): Delayed 5 second(s)

2019-12-23 14:03:08 - [MESSAGE][PASSED] - Delayed 5 second(s)

2019-12-23 14:03:08 - [TEST_STEP][PASSED] - var = Integer.parseInt(var_idRowRes): null

2019-12-23 14:03:08 - [TEST_STEP][PASSED] - fis = new java.io.FileInputStream(/home/leonardo-arkusmty/Desktop/P4P/DATA_AUTOMATINTESTING/data_2cancelReservation.xlsx): null

2019-12-23 14:03:08 - [TEST_STEP][PASSED] - workbook = new org.apache.poi.xssf.usermodel.XSSFWorkbook(fis): null

2019-12-23 14:03:08 - [TEST_STEP][PASSED] - sheet = workbook.getSheet("Sheet1"): null

2019-12-23 14:03:08 - [TEST_STEP][PASSED] - row = sheet.getRow(var): null

2019-12-23 14:03:08 - [TEST_STEP][PASSED] - cell = row.createCell(7, 0): null

2019-12-23 14:03:08 - [TEST_STEP][PASSED] - cell.setCellType(CELL_TYPE_STRING): null

2019-12-23 14:03:08 - [TEST_STEP][PASSED] - cell.setCellValue(getText(findTestObject("Object Repository/object_reservation/Page_Paradise 4 Paws  Dog Boarding Cat Boar_35fe2b/span_( BK )"))): Text of object 'Object Repository/object_reservation/Page_Paradise 4 Paws  Dog Boarding Cat Boar_35fe2b/span_( BK )' is: '( CAN )'

2019-12-23 14:03:08 - [MESSAGE][PASSED] - Text of object 'Object Repository/object_reservation/Page_Paradise 4 Paws  Dog Boarding Cat Boar_35fe2b/span_( BK )' is: '( CAN )'

2019-12-23 14:03:08 - [TEST_STEP][PASSED] - fos = new java.io.FileOutputStream(/home/leonardo-arkusmty/Desktop/P4P/DATA_AUTOMATINTESTING/data_2cancelReservation.xlsx): null

2019-12-23 14:03:08 - [TEST_STEP][PASSED] - workbook.write(fos): null

2019-12-23 14:03:08 - [TEST_STEP][PASSED] - fos.close(): null]]></system-out>
         <system-err><![CDATA[]]></system-err>
      </testcase>
      <testcase name="Test Cases/p4p_cancelReserEdit" time="67.685" classname="Test Cases/p4p_cancelReserEdit" status="PASSED">
         <system-out><![CDATA[2019-12-23 14:03:08 - [TEST_CASE][PASSED] - Test Cases/p4p_cancelReserEdit: Test Cases/p4p_cancelReserEdit

2019-12-23 14:03:08 - [TEST_STEP][PASSED] - openBrowser("https://p4p-qa-bg.aws.paradise4paws.com/login/"): Browser is opened with url: 'https://p4p-qa-bg.aws.paradise4paws.com/login/'

2019-12-23 14:03:08 - [MESSAGE][WARNING] - A browser is already opened. Closing browser and opening a new one

2019-12-23 14:03:09 - [MESSAGE][INFO] - Starting 'Firefox' driver

2019-12-23 14:03:12 - [MESSAGE][PASSED] - Browser is opened with url: 'https://p4p-qa-bg.aws.paradise4paws.com/login/'

2019-12-23 14:03:12 - [TEST_STEP][PASSED] - setText(findTestObject("Object Repository/object_login/input_user"), var_user): Text 'jegchavez@gmail.com' is set on object 'Object Repository/object_login/input_user'

2019-12-23 14:03:13 - [MESSAGE][PASSED] - Text 'jegchavez@gmail.com' is set on object 'Object Repository/object_login/input_user'

2019-12-23 14:03:13 - [TEST_STEP][PASSED] - setText(findTestObject("Object Repository/object_login/input_pass"), var_pass): Text 'admin1' is set on object 'Object Repository/object_login/input_pass'

2019-12-23 14:03:14 - [MESSAGE][PASSED] - Text 'admin1' is set on object 'Object Repository/object_login/input_pass'

2019-12-23 14:03:14 - [TEST_STEP][PASSED] - delay(2): Delayed 2 second(s)

2019-12-23 14:03:16 - [MESSAGE][PASSED] - Delayed 2 second(s)

2019-12-23 14:03:16 - [TEST_STEP][PASSED] - verifyElementClickable(findTestObject("Object Repository/object_login/btn_login")): Object 'Object Repository/object_login/btn_login' is clickable

2019-12-23 14:03:16 - [MESSAGE][PASSED] - Object 'Object Repository/object_login/btn_login' is clickable

2019-12-23 14:03:16 - [TEST_STEP][PASSED] - click(findTestObject("Object Repository/object_login/btn_login")): Object: 'Object Repository/object_login/btn_login' is clicked on

2019-12-23 14:03:19 - [MESSAGE][PASSED] - Object: 'Object Repository/object_login/btn_login' is clicked on

2019-12-23 14:03:19 - [TEST_STEP][PASSED] - delay(2): Delayed 2 second(s)

2019-12-23 14:03:21 - [MESSAGE][PASSED] - Delayed 2 second(s)

2019-12-23 14:03:21 - [TEST_STEP][PASSED] - setText(findTestObject("Object Repository/object_dashboard_emp/input_search"), var_mailParent): Text 'test@test.test' is set on object 'Object Repository/object_dashboard_emp/input_search'

2019-12-23 14:03:22 - [MESSAGE][PASSED] - Text 'test@test.test' is set on object 'Object Repository/object_dashboard_emp/input_search'

2019-12-23 14:03:22 - [TEST_STEP][PASSED] - click(findTestObject("Object Repository/object_dashboard_emp/btn_accountSearch")): Object: 'Object Repository/object_dashboard_emp/btn_accountSearch' is clicked on

2019-12-23 14:03:23 - [MESSAGE][PASSED] - Object: 'Object Repository/object_dashboard_emp/btn_accountSearch' is clicked on

2019-12-23 14:03:23 - [TEST_STEP][PASSED] - delay(2): Delayed 2 second(s)

2019-12-23 14:03:25 - [MESSAGE][PASSED] - Delayed 2 second(s)

2019-12-23 14:03:25 - [TEST_STEP][PASSED] - click(findTestObject("object_accountInformation/a_TEST GABRIEL PROD")): Object: 'Object Repository/object_accountInformation/a_TEST GABRIEL PROD' is clicked on

2019-12-23 14:03:31 - [MESSAGE][PASSED] - Object: 'Object Repository/object_accountInformation/a_TEST GABRIEL PROD' is clicked on

2019-12-23 14:03:31 - [TEST_STEP][PASSED] - delay(1): Delayed 1 second(s)

2019-12-23 14:03:32 - [MESSAGE][PASSED] - Delayed 1 second(s)

2019-12-23 14:03:32 - [TEST_STEP][PASSED] - a = var_url1 + var_idReservation + var_url2 + var_idParent: null

2019-12-23 14:03:32 - [TEST_STEP][PASSED] - delay(4): Delayed 4 second(s)

2019-12-23 14:03:36 - [MESSAGE][PASSED] - Delayed 4 second(s)

2019-12-23 14:03:36 - [TEST_STEP][PASSED] - log = new com.kms.katalon.core.logging.KeywordLogger(): null

2019-12-23 14:03:36 - [TEST_STEP][PASSED] - log.logInfo("URL: " + a): URL: https://p4p-qa-bg.aws.paradise4paws.com/frontdesk/reservation/
1702636/?parent_id=122350

2019-12-23 14:03:36 - [MESSAGE][INFO] - URL: https://p4p-qa-bg.aws.paradise4paws.com/frontdesk/reservation/
1702636/?parent_id=122350

2019-12-23 14:03:36 - [TEST_STEP][PASSED] - navigateToUrl(a): Navigate to 'https://p4p-qa-bg.aws.paradise4paws.com/frontdesk/reservation/
1702636/?parent_id=122350' successfully

2019-12-23 14:03:37 - [MESSAGE][PASSED] - Navigate to 'https://p4p-qa-bg.aws.paradise4paws.com/frontdesk/reservation/
1702636/?parent_id=122350' successfully

2019-12-23 14:03:37 - [TEST_STEP][PASSED] - delay(3): Delayed 3 second(s)

2019-12-23 14:03:40 - [MESSAGE][PASSED] - Delayed 3 second(s)

2019-12-23 14:03:40 - [TEST_STEP][PASSED] - click(findTestObject("object_reservation/button_Next")): Object: 'Object Repository/object_reservation/button_Next' is clicked on

2019-12-23 14:03:47 - [MESSAGE][PASSED] - Object: 'Object Repository/object_reservation/button_Next' is clicked on

2019-12-23 14:03:47 - [TEST_STEP][PASSED] - delay(1): Delayed 1 second(s)

2019-12-23 14:03:48 - [MESSAGE][PASSED] - Delayed 1 second(s)

2019-12-23 14:03:48 - [TEST_STEP][PASSED] - if (var_typeReserv == "BOARDING"): null

2019-12-23 14:03:48 - [TEST_STEP][PASSED] - click(findTestObject("object_reservation/button_Next")): Object: 'Object Repository/object_reservation/button_Next' is clicked on

2019-12-23 14:03:49 - [MESSAGE][PASSED] - Object: 'Object Repository/object_reservation/button_Next' is clicked on

2019-12-23 14:03:49 - [TEST_STEP][PASSED] - click(findTestObject("object_reservation/btn_cancelReservation")): Object: 'Object Repository/object_reservation/btn_cancelReservation' is clicked on

2019-12-23 14:03:51 - [MESSAGE][PASSED] - Object: 'Object Repository/object_reservation/btn_cancelReservation' is clicked on

2019-12-23 14:03:51 - [TEST_STEP][PASSED] - delay(4): Delayed 4 second(s)

2019-12-23 14:03:55 - [MESSAGE][PASSED] - Delayed 4 second(s)

2019-12-23 14:03:55 - [TEST_STEP][PASSED] - click(findTestObject("Object Repository/object_reservation/Page_Paradise 4 Paws  Dog Boarding Cat Boar_145431/button_Cancel This Reservation")): Object: 'Object Repository/object_reservation/Page_Paradise 4 Paws  Dog Boarding Cat Boar_145431/button_Cancel This Reservation' is clicked on

2019-12-23 14:03:55 - [MESSAGE][PASSED] - Object: 'Object Repository/object_reservation/Page_Paradise 4 Paws  Dog Boarding Cat Boar_145431/button_Cancel This Reservation' is clicked on

2019-12-23 14:03:55 - [TEST_STEP][PASSED] - delay(4): Delayed 4 second(s)

2019-12-23 14:03:59 - [MESSAGE][PASSED] - Delayed 4 second(s)

2019-12-23 14:03:59 - [TEST_STEP][PASSED] - navigateToUrl(a): Navigate to 'https://p4p-qa-bg.aws.paradise4paws.com/frontdesk/reservation/
1702636/?parent_id=122350' successfully

2019-12-23 14:04:01 - [MESSAGE][PASSED] - Navigate to 'https://p4p-qa-bg.aws.paradise4paws.com/frontdesk/reservation/
1702636/?parent_id=122350' successfully

2019-12-23 14:04:01 - [TEST_STEP][PASSED] - verifyElementText(findTestObject("Object Repository/object_reservation/Page_Paradise 4 Paws  Dog Boarding Cat Boar_35fe2b/span_( BK )"), "( CAN )", STOP_ON_FAILURE): Actual text and expected text of test object 'Object Repository/object_reservation/Page_Paradise 4 Paws  Dog Boarding Cat Boar_35fe2b/span_( BK )' are matched.

2019-12-23 14:04:10 - [MESSAGE][PASSED] - Actual text and expected text of test object 'Object Repository/object_reservation/Page_Paradise 4 Paws  Dog Boarding Cat Boar_35fe2b/span_( BK )' are matched.

2019-12-23 14:04:10 - [TEST_STEP][PASSED] - log.logInfo(getText(findTestObject("Object Repository/object_reservation/Page_Paradise 4 Paws  Dog Boarding Cat Boar_35fe2b/span_( BK )"))): ( CAN )

2019-12-23 14:04:11 - [MESSAGE][PASSED] - Text of object 'Object Repository/object_reservation/Page_Paradise 4 Paws  Dog Boarding Cat Boar_35fe2b/span_( BK )' is: '( CAN )'

2019-12-23 14:04:11 - [MESSAGE][INFO] - ( CAN )

2019-12-23 14:04:11 - [TEST_STEP][PASSED] - delay(5): Delayed 5 second(s)

2019-12-23 14:04:16 - [MESSAGE][PASSED] - Delayed 5 second(s)

2019-12-23 14:04:16 - [TEST_STEP][PASSED] - var = Integer.parseInt(var_idRowRes): null

2019-12-23 14:04:16 - [TEST_STEP][PASSED] - fis = new java.io.FileInputStream(/home/leonardo-arkusmty/Desktop/P4P/DATA_AUTOMATINTESTING/data_2cancelReservation.xlsx): null

2019-12-23 14:04:16 - [TEST_STEP][PASSED] - workbook = new org.apache.poi.xssf.usermodel.XSSFWorkbook(fis): null

2019-12-23 14:04:16 - [TEST_STEP][PASSED] - sheet = workbook.getSheet("Sheet1"): null

2019-12-23 14:04:16 - [TEST_STEP][PASSED] - row = sheet.getRow(var): null

2019-12-23 14:04:16 - [TEST_STEP][PASSED] - cell = row.createCell(7, 0): null

2019-12-23 14:04:16 - [TEST_STEP][PASSED] - cell.setCellType(CELL_TYPE_STRING): null

2019-12-23 14:04:16 - [TEST_STEP][PASSED] - cell.setCellValue(getText(findTestObject("Object Repository/object_reservation/Page_Paradise 4 Paws  Dog Boarding Cat Boar_35fe2b/span_( BK )"))): Text of object 'Object Repository/object_reservation/Page_Paradise 4 Paws  Dog Boarding Cat Boar_35fe2b/span_( BK )' is: '( CAN )'

2019-12-23 14:04:16 - [MESSAGE][PASSED] - Text of object 'Object Repository/object_reservation/Page_Paradise 4 Paws  Dog Boarding Cat Boar_35fe2b/span_( BK )' is: '( CAN )'

2019-12-23 14:04:16 - [TEST_STEP][PASSED] - fos = new java.io.FileOutputStream(/home/leonardo-arkusmty/Desktop/P4P/DATA_AUTOMATINTESTING/data_2cancelReservation.xlsx): null

2019-12-23 14:04:16 - [TEST_STEP][PASSED] - workbook.write(fos): null

2019-12-23 14:04:16 - [TEST_STEP][PASSED] - fos.close(): null]]></system-out>
         <system-err><![CDATA[]]></system-err>
      </testcase>
      <testcase name="Test Cases/p4p_cancelReserEdit" time="62.604" classname="Test Cases/p4p_cancelReserEdit" status="PASSED">
         <system-out><![CDATA[2019-12-23 14:04:16 - [TEST_CASE][PASSED] - Test Cases/p4p_cancelReserEdit: Test Cases/p4p_cancelReserEdit

2019-12-23 14:04:16 - [TEST_STEP][PASSED] - openBrowser("https://p4p-qa-bg.aws.paradise4paws.com/login/"): Browser is opened with url: 'https://p4p-qa-bg.aws.paradise4paws.com/login/'

2019-12-23 14:04:16 - [MESSAGE][WARNING] - A browser is already opened. Closing browser and opening a new one

2019-12-23 14:04:17 - [MESSAGE][INFO] - Starting 'Firefox' driver

2019-12-23 14:04:20 - [MESSAGE][PASSED] - Browser is opened with url: 'https://p4p-qa-bg.aws.paradise4paws.com/login/'

2019-12-23 14:04:20 - [TEST_STEP][PASSED] - setText(findTestObject("Object Repository/object_login/input_user"), var_user): Text 'jegchavez@gmail.com' is set on object 'Object Repository/object_login/input_user'

2019-12-23 14:04:21 - [MESSAGE][PASSED] - Text 'jegchavez@gmail.com' is set on object 'Object Repository/object_login/input_user'

2019-12-23 14:04:21 - [TEST_STEP][PASSED] - setText(findTestObject("Object Repository/object_login/input_pass"), var_pass): Text 'admin1' is set on object 'Object Repository/object_login/input_pass'

2019-12-23 14:04:21 - [MESSAGE][PASSED] - Text 'admin1' is set on object 'Object Repository/object_login/input_pass'

2019-12-23 14:04:21 - [TEST_STEP][PASSED] - delay(2): Delayed 2 second(s)

2019-12-23 14:04:23 - [MESSAGE][PASSED] - Delayed 2 second(s)

2019-12-23 14:04:23 - [TEST_STEP][PASSED] - verifyElementClickable(findTestObject("Object Repository/object_login/btn_login")): Object 'Object Repository/object_login/btn_login' is clickable

2019-12-23 14:04:23 - [MESSAGE][PASSED] - Object 'Object Repository/object_login/btn_login' is clickable

2019-12-23 14:04:23 - [TEST_STEP][PASSED] - click(findTestObject("Object Repository/object_login/btn_login")): Object: 'Object Repository/object_login/btn_login' is clicked on

2019-12-23 14:04:27 - [MESSAGE][PASSED] - Object: 'Object Repository/object_login/btn_login' is clicked on

2019-12-23 14:04:27 - [TEST_STEP][PASSED] - delay(2): Delayed 2 second(s)

2019-12-23 14:04:29 - [MESSAGE][PASSED] - Delayed 2 second(s)

2019-12-23 14:04:29 - [TEST_STEP][PASSED] - setText(findTestObject("Object Repository/object_dashboard_emp/input_search"), var_mailParent): Text 'test@test.test' is set on object 'Object Repository/object_dashboard_emp/input_search'

2019-12-23 14:04:29 - [MESSAGE][PASSED] - Text 'test@test.test' is set on object 'Object Repository/object_dashboard_emp/input_search'

2019-12-23 14:04:29 - [TEST_STEP][PASSED] - click(findTestObject("Object Repository/object_dashboard_emp/btn_accountSearch")): Object: 'Object Repository/object_dashboard_emp/btn_accountSearch' is clicked on

2019-12-23 14:04:31 - [MESSAGE][PASSED] - Object: 'Object Repository/object_dashboard_emp/btn_accountSearch' is clicked on

2019-12-23 14:04:31 - [TEST_STEP][PASSED] - delay(2): Delayed 2 second(s)

2019-12-23 14:04:33 - [MESSAGE][PASSED] - Delayed 2 second(s)

2019-12-23 14:04:33 - [TEST_STEP][PASSED] - click(findTestObject("object_accountInformation/a_TEST GABRIEL PROD")): Object: 'Object Repository/object_accountInformation/a_TEST GABRIEL PROD' is clicked on

2019-12-23 14:04:39 - [MESSAGE][PASSED] - Object: 'Object Repository/object_accountInformation/a_TEST GABRIEL PROD' is clicked on

2019-12-23 14:04:39 - [TEST_STEP][PASSED] - delay(1): Delayed 1 second(s)

2019-12-23 14:04:40 - [MESSAGE][PASSED] - Delayed 1 second(s)

2019-12-23 14:04:40 - [TEST_STEP][PASSED] - a = var_url1 + var_idReservation + var_url2 + var_idParent: null

2019-12-23 14:04:40 - [TEST_STEP][PASSED] - delay(4): Delayed 4 second(s)

2019-12-23 14:04:44 - [MESSAGE][PASSED] - Delayed 4 second(s)

2019-12-23 14:04:44 - [TEST_STEP][PASSED] - log = new com.kms.katalon.core.logging.KeywordLogger(): null

2019-12-23 14:04:44 - [TEST_STEP][PASSED] - log.logInfo("URL: " + a): URL: https://p4p-qa-bg.aws.paradise4paws.com/frontdesk/reservation/
1702638/?parent_id=122350

2019-12-23 14:04:44 - [MESSAGE][INFO] - URL: https://p4p-qa-bg.aws.paradise4paws.com/frontdesk/reservation/
1702638/?parent_id=122350

2019-12-23 14:04:44 - [TEST_STEP][PASSED] - navigateToUrl(a): Navigate to 'https://p4p-qa-bg.aws.paradise4paws.com/frontdesk/reservation/
1702638/?parent_id=122350' successfully

2019-12-23 14:04:45 - [MESSAGE][PASSED] - Navigate to 'https://p4p-qa-bg.aws.paradise4paws.com/frontdesk/reservation/
1702638/?parent_id=122350' successfully

2019-12-23 14:04:45 - [TEST_STEP][PASSED] - delay(3): Delayed 3 second(s)

2019-12-23 14:04:48 - [MESSAGE][PASSED] - Delayed 3 second(s)

2019-12-23 14:04:48 - [TEST_STEP][PASSED] - click(findTestObject("object_reservation/button_Next")): Object: 'Object Repository/object_reservation/button_Next' is clicked on

2019-12-23 14:04:52 - [MESSAGE][PASSED] - Object: 'Object Repository/object_reservation/button_Next' is clicked on

2019-12-23 14:04:52 - [TEST_STEP][PASSED] - delay(1): Delayed 1 second(s)

2019-12-23 14:04:53 - [MESSAGE][PASSED] - Delayed 1 second(s)

2019-12-23 14:04:53 - [TEST_STEP][PASSED] - if (var_typeReserv == "BOARDING"): null

2019-12-23 14:04:53 - [TEST_STEP][PASSED] - click(findTestObject("object_reservation/button_Next")): Object: 'Object Repository/object_reservation/button_Next' is clicked on

2019-12-23 14:04:53 - [MESSAGE][PASSED] - Object: 'Object Repository/object_reservation/button_Next' is clicked on

2019-12-23 14:04:53 - [TEST_STEP][PASSED] - click(findTestObject("object_reservation/btn_cancelReservation")): Object: 'Object Repository/object_reservation/btn_cancelReservation' is clicked on

2019-12-23 14:04:56 - [MESSAGE][PASSED] - Object: 'Object Repository/object_reservation/btn_cancelReservation' is clicked on

2019-12-23 14:04:56 - [TEST_STEP][PASSED] - delay(4): Delayed 4 second(s)

2019-12-23 14:05:00 - [MESSAGE][PASSED] - Delayed 4 second(s)

2019-12-23 14:05:00 - [TEST_STEP][PASSED] - click(findTestObject("Object Repository/object_reservation/Page_Paradise 4 Paws  Dog Boarding Cat Boar_145431/button_Cancel This Reservation")): Object: 'Object Repository/object_reservation/Page_Paradise 4 Paws  Dog Boarding Cat Boar_145431/button_Cancel This Reservation' is clicked on

2019-12-23 14:05:00 - [MESSAGE][PASSED] - Object: 'Object Repository/object_reservation/Page_Paradise 4 Paws  Dog Boarding Cat Boar_145431/button_Cancel This Reservation' is clicked on

2019-12-23 14:05:00 - [TEST_STEP][PASSED] - delay(4): Delayed 4 second(s)

2019-12-23 14:05:04 - [MESSAGE][PASSED] - Delayed 4 second(s)

2019-12-23 14:05:04 - [TEST_STEP][PASSED] - navigateToUrl(a): Navigate to 'https://p4p-qa-bg.aws.paradise4paws.com/frontdesk/reservation/
1702638/?parent_id=122350' successfully

2019-12-23 14:05:11 - [MESSAGE][PASSED] - Navigate to 'https://p4p-qa-bg.aws.paradise4paws.com/frontdesk/reservation/
1702638/?parent_id=122350' successfully

2019-12-23 14:05:11 - [TEST_STEP][PASSED] - verifyElementText(findTestObject("Object Repository/object_reservation/Page_Paradise 4 Paws  Dog Boarding Cat Boar_35fe2b/span_( BK )"), "( CAN )", STOP_ON_FAILURE): Actual text and expected text of test object 'Object Repository/object_reservation/Page_Paradise 4 Paws  Dog Boarding Cat Boar_35fe2b/span_( BK )' are matched.

2019-12-23 14:05:13 - [MESSAGE][PASSED] - Actual text and expected text of test object 'Object Repository/object_reservation/Page_Paradise 4 Paws  Dog Boarding Cat Boar_35fe2b/span_( BK )' are matched.

2019-12-23 14:05:13 - [TEST_STEP][PASSED] - log.logInfo(getText(findTestObject("Object Repository/object_reservation/Page_Paradise 4 Paws  Dog Boarding Cat Boar_35fe2b/span_( BK )"))): ( CAN )

2019-12-23 14:05:13 - [MESSAGE][PASSED] - Text of object 'Object Repository/object_reservation/Page_Paradise 4 Paws  Dog Boarding Cat Boar_35fe2b/span_( BK )' is: '( CAN )'

2019-12-23 14:05:13 - [MESSAGE][INFO] - ( CAN )

2019-12-23 14:05:13 - [TEST_STEP][PASSED] - delay(5): Delayed 5 second(s)

2019-12-23 14:05:18 - [MESSAGE][PASSED] - Delayed 5 second(s)

2019-12-23 14:05:18 - [TEST_STEP][PASSED] - var = Integer.parseInt(var_idRowRes): null

2019-12-23 14:05:18 - [TEST_STEP][PASSED] - fis = new java.io.FileInputStream(/home/leonardo-arkusmty/Desktop/P4P/DATA_AUTOMATINTESTING/data_2cancelReservation.xlsx): null

2019-12-23 14:05:18 - [TEST_STEP][PASSED] - workbook = new org.apache.poi.xssf.usermodel.XSSFWorkbook(fis): null

2019-12-23 14:05:18 - [TEST_STEP][PASSED] - sheet = workbook.getSheet("Sheet1"): null

2019-12-23 14:05:18 - [TEST_STEP][PASSED] - row = sheet.getRow(var): null

2019-12-23 14:05:18 - [TEST_STEP][PASSED] - cell = row.createCell(7, 0): null

2019-12-23 14:05:18 - [TEST_STEP][PASSED] - cell.setCellType(CELL_TYPE_STRING): null

2019-12-23 14:05:18 - [TEST_STEP][PASSED] - cell.setCellValue(getText(findTestObject("Object Repository/object_reservation/Page_Paradise 4 Paws  Dog Boarding Cat Boar_35fe2b/span_( BK )"))): Text of object 'Object Repository/object_reservation/Page_Paradise 4 Paws  Dog Boarding Cat Boar_35fe2b/span_( BK )' is: '( CAN )'

2019-12-23 14:05:18 - [MESSAGE][PASSED] - Text of object 'Object Repository/object_reservation/Page_Paradise 4 Paws  Dog Boarding Cat Boar_35fe2b/span_( BK )' is: '( CAN )'

2019-12-23 14:05:18 - [TEST_STEP][PASSED] - fos = new java.io.FileOutputStream(/home/leonardo-arkusmty/Desktop/P4P/DATA_AUTOMATINTESTING/data_2cancelReservation.xlsx): null

2019-12-23 14:05:18 - [TEST_STEP][PASSED] - workbook.write(fos): null

2019-12-23 14:05:18 - [TEST_STEP][PASSED] - fos.close(): null]]></system-out>
         <system-err><![CDATA[]]></system-err>
      </testcase>
      <testcase name="Test Cases/p4p_cancelReserEdit" time="64.842" classname="Test Cases/p4p_cancelReserEdit" status="PASSED">
         <system-out><![CDATA[2019-12-23 14:05:18 - [TEST_CASE][PASSED] - Test Cases/p4p_cancelReserEdit: Test Cases/p4p_cancelReserEdit

2019-12-23 14:05:19 - [TEST_STEP][PASSED] - openBrowser("https://p4p-qa-bg.aws.paradise4paws.com/login/"): Browser is opened with url: 'https://p4p-qa-bg.aws.paradise4paws.com/login/'

2019-12-23 14:05:19 - [MESSAGE][WARNING] - A browser is already opened. Closing browser and opening a new one

2019-12-23 14:05:19 - [MESSAGE][INFO] - Starting 'Firefox' driver

2019-12-23 14:05:25 - [MESSAGE][PASSED] - Browser is opened with url: 'https://p4p-qa-bg.aws.paradise4paws.com/login/'

2019-12-23 14:05:25 - [TEST_STEP][PASSED] - setText(findTestObject("Object Repository/object_login/input_user"), var_user): Text 'jegchavez@gmail.com' is set on object 'Object Repository/object_login/input_user'

2019-12-23 14:05:25 - [MESSAGE][PASSED] - Text 'jegchavez@gmail.com' is set on object 'Object Repository/object_login/input_user'

2019-12-23 14:05:25 - [TEST_STEP][PASSED] - setText(findTestObject("Object Repository/object_login/input_pass"), var_pass): Text 'admin1' is set on object 'Object Repository/object_login/input_pass'

2019-12-23 14:05:26 - [MESSAGE][PASSED] - Text 'admin1' is set on object 'Object Repository/object_login/input_pass'

2019-12-23 14:05:26 - [TEST_STEP][PASSED] - delay(2): Delayed 2 second(s)

2019-12-23 14:05:28 - [MESSAGE][PASSED] - Delayed 2 second(s)

2019-12-23 14:05:28 - [TEST_STEP][PASSED] - verifyElementClickable(findTestObject("Object Repository/object_login/btn_login")): Object 'Object Repository/object_login/btn_login' is clickable

2019-12-23 14:05:28 - [MESSAGE][PASSED] - Object 'Object Repository/object_login/btn_login' is clickable

2019-12-23 14:05:28 - [TEST_STEP][PASSED] - click(findTestObject("Object Repository/object_login/btn_login")): Object: 'Object Repository/object_login/btn_login' is clicked on

2019-12-23 14:05:32 - [MESSAGE][PASSED] - Object: 'Object Repository/object_login/btn_login' is clicked on

2019-12-23 14:05:32 - [TEST_STEP][PASSED] - delay(2): Delayed 2 second(s)

2019-12-23 14:05:34 - [MESSAGE][PASSED] - Delayed 2 second(s)

2019-12-23 14:05:34 - [TEST_STEP][PASSED] - setText(findTestObject("Object Repository/object_dashboard_emp/input_search"), var_mailParent): Text 'test@test.test' is set on object 'Object Repository/object_dashboard_emp/input_search'

2019-12-23 14:05:34 - [MESSAGE][PASSED] - Text 'test@test.test' is set on object 'Object Repository/object_dashboard_emp/input_search'

2019-12-23 14:05:34 - [TEST_STEP][PASSED] - click(findTestObject("Object Repository/object_dashboard_emp/btn_accountSearch")): Object: 'Object Repository/object_dashboard_emp/btn_accountSearch' is clicked on

2019-12-23 14:05:35 - [MESSAGE][PASSED] - Object: 'Object Repository/object_dashboard_emp/btn_accountSearch' is clicked on

2019-12-23 14:05:35 - [TEST_STEP][PASSED] - delay(2): Delayed 2 second(s)

2019-12-23 14:05:37 - [MESSAGE][PASSED] - Delayed 2 second(s)

2019-12-23 14:05:37 - [TEST_STEP][PASSED] - click(findTestObject("object_accountInformation/a_TEST GABRIEL PROD")): Object: 'Object Repository/object_accountInformation/a_TEST GABRIEL PROD' is clicked on

2019-12-23 14:05:43 - [MESSAGE][PASSED] - Object: 'Object Repository/object_accountInformation/a_TEST GABRIEL PROD' is clicked on

2019-12-23 14:05:43 - [TEST_STEP][PASSED] - delay(1): Delayed 1 second(s)

2019-12-23 14:05:44 - [MESSAGE][PASSED] - Delayed 1 second(s)

2019-12-23 14:05:44 - [TEST_STEP][PASSED] - a = var_url1 + var_idReservation + var_url2 + var_idParent: null

2019-12-23 14:05:44 - [TEST_STEP][PASSED] - delay(4): Delayed 4 second(s)

2019-12-23 14:05:48 - [MESSAGE][PASSED] - Delayed 4 second(s)

2019-12-23 14:05:48 - [TEST_STEP][PASSED] - log = new com.kms.katalon.core.logging.KeywordLogger(): null

2019-12-23 14:05:48 - [TEST_STEP][PASSED] - log.logInfo("URL: " + a): URL: https://p4p-qa-bg.aws.paradise4paws.com/frontdesk/reservation/
1702641/?parent_id=122350

2019-12-23 14:05:48 - [MESSAGE][INFO] - URL: https://p4p-qa-bg.aws.paradise4paws.com/frontdesk/reservation/
1702641/?parent_id=122350

2019-12-23 14:05:48 - [TEST_STEP][PASSED] - navigateToUrl(a): Navigate to 'https://p4p-qa-bg.aws.paradise4paws.com/frontdesk/reservation/
1702641/?parent_id=122350' successfully

2019-12-23 14:05:49 - [MESSAGE][PASSED] - Navigate to 'https://p4p-qa-bg.aws.paradise4paws.com/frontdesk/reservation/
1702641/?parent_id=122350' successfully

2019-12-23 14:05:49 - [TEST_STEP][PASSED] - delay(3): Delayed 3 second(s)

2019-12-23 14:05:52 - [MESSAGE][PASSED] - Delayed 3 second(s)

2019-12-23 14:05:52 - [TEST_STEP][PASSED] - click(findTestObject("object_reservation/button_Next")): Object: 'Object Repository/object_reservation/button_Next' is clicked on

2019-12-23 14:05:57 - [MESSAGE][PASSED] - Object: 'Object Repository/object_reservation/button_Next' is clicked on

2019-12-23 14:05:57 - [TEST_STEP][PASSED] - delay(1): Delayed 1 second(s)

2019-12-23 14:05:58 - [MESSAGE][PASSED] - Delayed 1 second(s)

2019-12-23 14:05:58 - [TEST_STEP][PASSED] - if (var_typeReserv == "BOARDING"): null

2019-12-23 14:05:58 - [TEST_STEP][PASSED] - click(findTestObject("object_reservation/button_Next")): Object: 'Object Repository/object_reservation/button_Next' is clicked on

2019-12-23 14:05:59 - [MESSAGE][PASSED] - Object: 'Object Repository/object_reservation/button_Next' is clicked on

2019-12-23 14:05:59 - [TEST_STEP][PASSED] - click(findTestObject("object_reservation/btn_cancelReservation")): Object: 'Object Repository/object_reservation/btn_cancelReservation' is clicked on

2019-12-23 14:06:01 - [MESSAGE][PASSED] - Object: 'Object Repository/object_reservation/btn_cancelReservation' is clicked on

2019-12-23 14:06:01 - [TEST_STEP][PASSED] - delay(4): Delayed 4 second(s)

2019-12-23 14:06:05 - [MESSAGE][PASSED] - Delayed 4 second(s)

2019-12-23 14:06:05 - [TEST_STEP][PASSED] - click(findTestObject("Object Repository/object_reservation/Page_Paradise 4 Paws  Dog Boarding Cat Boar_145431/button_Cancel This Reservation")): Object: 'Object Repository/object_reservation/Page_Paradise 4 Paws  Dog Boarding Cat Boar_145431/button_Cancel This Reservation' is clicked on

2019-12-23 14:06:05 - [MESSAGE][PASSED] - Object: 'Object Repository/object_reservation/Page_Paradise 4 Paws  Dog Boarding Cat Boar_145431/button_Cancel This Reservation' is clicked on

2019-12-23 14:06:05 - [TEST_STEP][PASSED] - delay(4): Delayed 4 second(s)

2019-12-23 14:06:09 - [MESSAGE][PASSED] - Delayed 4 second(s)

2019-12-23 14:06:09 - [TEST_STEP][PASSED] - navigateToUrl(a): Navigate to 'https://p4p-qa-bg.aws.paradise4paws.com/frontdesk/reservation/
1702641/?parent_id=122350' successfully

2019-12-23 14:06:16 - [MESSAGE][PASSED] - Navigate to 'https://p4p-qa-bg.aws.paradise4paws.com/frontdesk/reservation/
1702641/?parent_id=122350' successfully

2019-12-23 14:06:16 - [TEST_STEP][PASSED] - verifyElementText(findTestObject("Object Repository/object_reservation/Page_Paradise 4 Paws  Dog Boarding Cat Boar_35fe2b/span_( BK )"), "( CAN )", STOP_ON_FAILURE): Actual text and expected text of test object 'Object Repository/object_reservation/Page_Paradise 4 Paws  Dog Boarding Cat Boar_35fe2b/span_( BK )' are matched.

2019-12-23 14:06:18 - [MESSAGE][PASSED] - Actual text and expected text of test object 'Object Repository/object_reservation/Page_Paradise 4 Paws  Dog Boarding Cat Boar_35fe2b/span_( BK )' are matched.

2019-12-23 14:06:18 - [TEST_STEP][PASSED] - log.logInfo(getText(findTestObject("Object Repository/object_reservation/Page_Paradise 4 Paws  Dog Boarding Cat Boar_35fe2b/span_( BK )"))): ( CAN )

2019-12-23 14:06:18 - [MESSAGE][PASSED] - Text of object 'Object Repository/object_reservation/Page_Paradise 4 Paws  Dog Boarding Cat Boar_35fe2b/span_( BK )' is: '( CAN )'

2019-12-23 14:06:18 - [MESSAGE][INFO] - ( CAN )

2019-12-23 14:06:18 - [TEST_STEP][PASSED] - delay(5): Delayed 5 second(s)

2019-12-23 14:06:23 - [MESSAGE][PASSED] - Delayed 5 second(s)

2019-12-23 14:06:23 - [TEST_STEP][PASSED] - var = Integer.parseInt(var_idRowRes): null

2019-12-23 14:06:23 - [TEST_STEP][PASSED] - fis = new java.io.FileInputStream(/home/leonardo-arkusmty/Desktop/P4P/DATA_AUTOMATINTESTING/data_2cancelReservation.xlsx): null

2019-12-23 14:06:23 - [TEST_STEP][PASSED] - workbook = new org.apache.poi.xssf.usermodel.XSSFWorkbook(fis): null

2019-12-23 14:06:23 - [TEST_STEP][PASSED] - sheet = workbook.getSheet("Sheet1"): null

2019-12-23 14:06:23 - [TEST_STEP][PASSED] - row = sheet.getRow(var): null

2019-12-23 14:06:23 - [TEST_STEP][PASSED] - cell = row.createCell(7, 0): null

2019-12-23 14:06:23 - [TEST_STEP][PASSED] - cell.setCellType(CELL_TYPE_STRING): null

2019-12-23 14:06:23 - [TEST_STEP][PASSED] - cell.setCellValue(getText(findTestObject("Object Repository/object_reservation/Page_Paradise 4 Paws  Dog Boarding Cat Boar_35fe2b/span_( BK )"))): Text of object 'Object Repository/object_reservation/Page_Paradise 4 Paws  Dog Boarding Cat Boar_35fe2b/span_( BK )' is: '( CAN )'

2019-12-23 14:06:23 - [MESSAGE][PASSED] - Text of object 'Object Repository/object_reservation/Page_Paradise 4 Paws  Dog Boarding Cat Boar_35fe2b/span_( BK )' is: '( CAN )'

2019-12-23 14:06:23 - [TEST_STEP][PASSED] - fos = new java.io.FileOutputStream(/home/leonardo-arkusmty/Desktop/P4P/DATA_AUTOMATINTESTING/data_2cancelReservation.xlsx): null

2019-12-23 14:06:23 - [TEST_STEP][PASSED] - workbook.write(fos): null

2019-12-23 14:06:23 - [TEST_STEP][PASSED] - fos.close(): null]]></system-out>
         <system-err><![CDATA[]]></system-err>
      </testcase>
      <testcase name="Test Cases/p4p_cancelReserEdit" time="70.764" classname="Test Cases/p4p_cancelReserEdit" status="PASSED">
         <system-out><![CDATA[2019-12-23 14:06:23 - [TEST_CASE][PASSED] - Test Cases/p4p_cancelReserEdit: Test Cases/p4p_cancelReserEdit

2019-12-23 14:06:23 - [TEST_STEP][PASSED] - openBrowser("https://p4p-qa-bg.aws.paradise4paws.com/login/"): Browser is opened with url: 'https://p4p-qa-bg.aws.paradise4paws.com/login/'

2019-12-23 14:06:23 - [MESSAGE][WARNING] - A browser is already opened. Closing browser and opening a new one

2019-12-23 14:06:24 - [MESSAGE][INFO] - Starting 'Firefox' driver

2019-12-23 14:06:29 - [MESSAGE][PASSED] - Browser is opened with url: 'https://p4p-qa-bg.aws.paradise4paws.com/login/'

2019-12-23 14:06:29 - [TEST_STEP][PASSED] - setText(findTestObject("Object Repository/object_login/input_user"), var_user): Text 'jegchavez@gmail.com' is set on object 'Object Repository/object_login/input_user'

2019-12-23 14:06:30 - [MESSAGE][PASSED] - Text 'jegchavez@gmail.com' is set on object 'Object Repository/object_login/input_user'

2019-12-23 14:06:30 - [TEST_STEP][PASSED] - setText(findTestObject("Object Repository/object_login/input_pass"), var_pass): Text 'admin1' is set on object 'Object Repository/object_login/input_pass'

2019-12-23 14:06:30 - [MESSAGE][PASSED] - Text 'admin1' is set on object 'Object Repository/object_login/input_pass'

2019-12-23 14:06:30 - [TEST_STEP][PASSED] - delay(2): Delayed 2 second(s)

2019-12-23 14:06:32 - [MESSAGE][PASSED] - Delayed 2 second(s)

2019-12-23 14:06:32 - [TEST_STEP][PASSED] - verifyElementClickable(findTestObject("Object Repository/object_login/btn_login")): Object 'Object Repository/object_login/btn_login' is clickable

2019-12-23 14:06:32 - [MESSAGE][PASSED] - Object 'Object Repository/object_login/btn_login' is clickable

2019-12-23 14:06:32 - [TEST_STEP][PASSED] - click(findTestObject("Object Repository/object_login/btn_login")): Object: 'Object Repository/object_login/btn_login' is clicked on

2019-12-23 14:06:36 - [MESSAGE][PASSED] - Object: 'Object Repository/object_login/btn_login' is clicked on

2019-12-23 14:06:36 - [TEST_STEP][PASSED] - delay(2): Delayed 2 second(s)

2019-12-23 14:06:38 - [MESSAGE][PASSED] - Delayed 2 second(s)

2019-12-23 14:06:38 - [TEST_STEP][PASSED] - setText(findTestObject("Object Repository/object_dashboard_emp/input_search"), var_mailParent): Text 'test@test.test' is set on object 'Object Repository/object_dashboard_emp/input_search'

2019-12-23 14:06:38 - [MESSAGE][PASSED] - Text 'test@test.test' is set on object 'Object Repository/object_dashboard_emp/input_search'

2019-12-23 14:06:38 - [TEST_STEP][PASSED] - click(findTestObject("Object Repository/object_dashboard_emp/btn_accountSearch")): Object: 'Object Repository/object_dashboard_emp/btn_accountSearch' is clicked on

2019-12-23 14:06:39 - [MESSAGE][PASSED] - Object: 'Object Repository/object_dashboard_emp/btn_accountSearch' is clicked on

2019-12-23 14:06:39 - [TEST_STEP][PASSED] - delay(2): Delayed 2 second(s)

2019-12-23 14:06:41 - [MESSAGE][PASSED] - Delayed 2 second(s)

2019-12-23 14:06:41 - [TEST_STEP][PASSED] - click(findTestObject("object_accountInformation/a_TEST GABRIEL PROD")): Object: 'Object Repository/object_accountInformation/a_TEST GABRIEL PROD' is clicked on

2019-12-23 14:06:47 - [MESSAGE][PASSED] - Object: 'Object Repository/object_accountInformation/a_TEST GABRIEL PROD' is clicked on

2019-12-23 14:06:47 - [TEST_STEP][PASSED] - delay(1): Delayed 1 second(s)

2019-12-23 14:06:48 - [MESSAGE][PASSED] - Delayed 1 second(s)

2019-12-23 14:06:48 - [TEST_STEP][PASSED] - a = var_url1 + var_idReservation + var_url2 + var_idParent: null

2019-12-23 14:06:48 - [TEST_STEP][PASSED] - delay(4): Delayed 4 second(s)

2019-12-23 14:06:52 - [MESSAGE][PASSED] - Delayed 4 second(s)

2019-12-23 14:06:52 - [TEST_STEP][PASSED] - log = new com.kms.katalon.core.logging.KeywordLogger(): null

2019-12-23 14:06:52 - [TEST_STEP][PASSED] - log.logInfo("URL: " + a): URL: https://p4p-qa-bg.aws.paradise4paws.com/frontdesk/reservation/
1702644/?parent_id=122350

2019-12-23 14:06:52 - [MESSAGE][INFO] - URL: https://p4p-qa-bg.aws.paradise4paws.com/frontdesk/reservation/
1702644/?parent_id=122350

2019-12-23 14:06:52 - [TEST_STEP][PASSED] - navigateToUrl(a): Navigate to 'https://p4p-qa-bg.aws.paradise4paws.com/frontdesk/reservation/
1702644/?parent_id=122350' successfully

2019-12-23 14:07:02 - [MESSAGE][PASSED] - Navigate to 'https://p4p-qa-bg.aws.paradise4paws.com/frontdesk/reservation/
1702644/?parent_id=122350' successfully

2019-12-23 14:07:02 - [TEST_STEP][PASSED] - delay(3): Delayed 3 second(s)

2019-12-23 14:07:05 - [MESSAGE][PASSED] - Delayed 3 second(s)

2019-12-23 14:07:05 - [TEST_STEP][PASSED] - click(findTestObject("object_reservation/button_Next")): Object: 'Object Repository/object_reservation/button_Next' is clicked on

2019-12-23 14:07:06 - [MESSAGE][PASSED] - Object: 'Object Repository/object_reservation/button_Next' is clicked on

2019-12-23 14:07:06 - [TEST_STEP][PASSED] - delay(1): Delayed 1 second(s)

2019-12-23 14:07:07 - [MESSAGE][PASSED] - Delayed 1 second(s)

2019-12-23 14:07:07 - [TEST_STEP][PASSED] - if (var_typeReserv == "BOARDING"): null

2019-12-23 14:07:07 - [TEST_STEP][PASSED] - click(findTestObject("object_reservation/button_Next")): Object: 'Object Repository/object_reservation/button_Next' is clicked on

2019-12-23 14:07:07 - [MESSAGE][PASSED] - Object: 'Object Repository/object_reservation/button_Next' is clicked on

2019-12-23 14:07:07 - [TEST_STEP][PASSED] - click(findTestObject("object_reservation/btn_cancelReservation")): Object: 'Object Repository/object_reservation/btn_cancelReservation' is clicked on

2019-12-23 14:07:09 - [MESSAGE][PASSED] - Object: 'Object Repository/object_reservation/btn_cancelReservation' is clicked on

2019-12-23 14:07:09 - [TEST_STEP][PASSED] - delay(4): Delayed 4 second(s)

2019-12-23 14:07:13 - [MESSAGE][PASSED] - Delayed 4 second(s)

2019-12-23 14:07:13 - [TEST_STEP][PASSED] - click(findTestObject("Object Repository/object_reservation/Page_Paradise 4 Paws  Dog Boarding Cat Boar_145431/button_Cancel This Reservation")): Object: 'Object Repository/object_reservation/Page_Paradise 4 Paws  Dog Boarding Cat Boar_145431/button_Cancel This Reservation' is clicked on

2019-12-23 14:07:14 - [MESSAGE][PASSED] - Object: 'Object Repository/object_reservation/Page_Paradise 4 Paws  Dog Boarding Cat Boar_145431/button_Cancel This Reservation' is clicked on

2019-12-23 14:07:14 - [TEST_STEP][PASSED] - delay(4): Delayed 4 second(s)

2019-12-23 14:07:18 - [MESSAGE][PASSED] - Delayed 4 second(s)

2019-12-23 14:07:18 - [TEST_STEP][PASSED] - navigateToUrl(a): Navigate to 'https://p4p-qa-bg.aws.paradise4paws.com/frontdesk/reservation/
1702644/?parent_id=122350' successfully

2019-12-23 14:07:27 - [MESSAGE][PASSED] - Navigate to 'https://p4p-qa-bg.aws.paradise4paws.com/frontdesk/reservation/
1702644/?parent_id=122350' successfully

2019-12-23 14:07:27 - [TEST_STEP][PASSED] - verifyElementText(findTestObject("Object Repository/object_reservation/Page_Paradise 4 Paws  Dog Boarding Cat Boar_35fe2b/span_( BK )"), "( CAN )", STOP_ON_FAILURE): Actual text and expected text of test object 'Object Repository/object_reservation/Page_Paradise 4 Paws  Dog Boarding Cat Boar_35fe2b/span_( BK )' are matched.

2019-12-23 14:07:29 - [MESSAGE][PASSED] - Actual text and expected text of test object 'Object Repository/object_reservation/Page_Paradise 4 Paws  Dog Boarding Cat Boar_35fe2b/span_( BK )' are matched.

2019-12-23 14:07:29 - [TEST_STEP][PASSED] - log.logInfo(getText(findTestObject("Object Repository/object_reservation/Page_Paradise 4 Paws  Dog Boarding Cat Boar_35fe2b/span_( BK )"))): ( CAN )

2019-12-23 14:07:29 - [MESSAGE][PASSED] - Text of object 'Object Repository/object_reservation/Page_Paradise 4 Paws  Dog Boarding Cat Boar_35fe2b/span_( BK )' is: '( CAN )'

2019-12-23 14:07:29 - [MESSAGE][INFO] - ( CAN )

2019-12-23 14:07:29 - [TEST_STEP][PASSED] - delay(5): Delayed 5 second(s)

2019-12-23 14:07:34 - [MESSAGE][PASSED] - Delayed 5 second(s)

2019-12-23 14:07:34 - [TEST_STEP][PASSED] - var = Integer.parseInt(var_idRowRes): null

2019-12-23 14:07:34 - [TEST_STEP][PASSED] - fis = new java.io.FileInputStream(/home/leonardo-arkusmty/Desktop/P4P/DATA_AUTOMATINTESTING/data_2cancelReservation.xlsx): null

2019-12-23 14:07:34 - [TEST_STEP][PASSED] - workbook = new org.apache.poi.xssf.usermodel.XSSFWorkbook(fis): null

2019-12-23 14:07:34 - [TEST_STEP][PASSED] - sheet = workbook.getSheet("Sheet1"): null

2019-12-23 14:07:34 - [TEST_STEP][PASSED] - row = sheet.getRow(var): null

2019-12-23 14:07:34 - [TEST_STEP][PASSED] - cell = row.createCell(7, 0): null

2019-12-23 14:07:34 - [TEST_STEP][PASSED] - cell.setCellType(CELL_TYPE_STRING): null

2019-12-23 14:07:34 - [TEST_STEP][PASSED] - cell.setCellValue(getText(findTestObject("Object Repository/object_reservation/Page_Paradise 4 Paws  Dog Boarding Cat Boar_35fe2b/span_( BK )"))): Text of object 'Object Repository/object_reservation/Page_Paradise 4 Paws  Dog Boarding Cat Boar_35fe2b/span_( BK )' is: '( CAN )'

2019-12-23 14:07:34 - [MESSAGE][PASSED] - Text of object 'Object Repository/object_reservation/Page_Paradise 4 Paws  Dog Boarding Cat Boar_35fe2b/span_( BK )' is: '( CAN )'

2019-12-23 14:07:34 - [TEST_STEP][PASSED] - fos = new java.io.FileOutputStream(/home/leonardo-arkusmty/Desktop/P4P/DATA_AUTOMATINTESTING/data_2cancelReservation.xlsx): null

2019-12-23 14:07:34 - [TEST_STEP][PASSED] - workbook.write(fos): null

2019-12-23 14:07:34 - [TEST_STEP][PASSED] - fos.close(): null]]></system-out>
         <system-err><![CDATA[]]></system-err>
      </testcase>
      <testcase name="Test Cases/p4p_cancelReserEdit" time="67.641" classname="Test Cases/p4p_cancelReserEdit" status="PASSED">
         <system-out><![CDATA[2019-12-23 14:07:34 - [TEST_CASE][PASSED] - Test Cases/p4p_cancelReserEdit: Test Cases/p4p_cancelReserEdit

2019-12-23 14:07:34 - [TEST_STEP][PASSED] - openBrowser("https://p4p-qa-bg.aws.paradise4paws.com/login/"): Browser is opened with url: 'https://p4p-qa-bg.aws.paradise4paws.com/login/'

2019-12-23 14:07:34 - [MESSAGE][WARNING] - A browser is already opened. Closing browser and opening a new one

2019-12-23 14:07:35 - [MESSAGE][INFO] - Starting 'Firefox' driver

2019-12-23 14:07:39 - [MESSAGE][PASSED] - Browser is opened with url: 'https://p4p-qa-bg.aws.paradise4paws.com/login/'

2019-12-23 14:07:39 - [TEST_STEP][PASSED] - setText(findTestObject("Object Repository/object_login/input_user"), var_user): Text 'jegchavez@gmail.com' is set on object 'Object Repository/object_login/input_user'

2019-12-23 14:07:39 - [MESSAGE][PASSED] - Text 'jegchavez@gmail.com' is set on object 'Object Repository/object_login/input_user'

2019-12-23 14:07:39 - [TEST_STEP][PASSED] - setText(findTestObject("Object Repository/object_login/input_pass"), var_pass): Text 'admin1' is set on object 'Object Repository/object_login/input_pass'

2019-12-23 14:07:40 - [MESSAGE][PASSED] - Text 'admin1' is set on object 'Object Repository/object_login/input_pass'

2019-12-23 14:07:40 - [TEST_STEP][PASSED] - delay(2): Delayed 2 second(s)

2019-12-23 14:07:42 - [MESSAGE][PASSED] - Delayed 2 second(s)

2019-12-23 14:07:42 - [TEST_STEP][PASSED] - verifyElementClickable(findTestObject("Object Repository/object_login/btn_login")): Object 'Object Repository/object_login/btn_login' is clickable

2019-12-23 14:07:42 - [MESSAGE][PASSED] - Object 'Object Repository/object_login/btn_login' is clickable

2019-12-23 14:07:42 - [TEST_STEP][PASSED] - click(findTestObject("Object Repository/object_login/btn_login")): Object: 'Object Repository/object_login/btn_login' is clicked on

2019-12-23 14:07:50 - [MESSAGE][PASSED] - Object: 'Object Repository/object_login/btn_login' is clicked on

2019-12-23 14:07:50 - [TEST_STEP][PASSED] - delay(2): Delayed 2 second(s)

2019-12-23 14:07:52 - [MESSAGE][PASSED] - Delayed 2 second(s)

2019-12-23 14:07:52 - [TEST_STEP][PASSED] - setText(findTestObject("Object Repository/object_dashboard_emp/input_search"), var_mailParent): Text 'test@test.test' is set on object 'Object Repository/object_dashboard_emp/input_search'

2019-12-23 14:07:52 - [MESSAGE][PASSED] - Text 'test@test.test' is set on object 'Object Repository/object_dashboard_emp/input_search'

2019-12-23 14:07:52 - [TEST_STEP][PASSED] - click(findTestObject("Object Repository/object_dashboard_emp/btn_accountSearch")): Object: 'Object Repository/object_dashboard_emp/btn_accountSearch' is clicked on

2019-12-23 14:07:53 - [MESSAGE][PASSED] - Object: 'Object Repository/object_dashboard_emp/btn_accountSearch' is clicked on

2019-12-23 14:07:53 - [TEST_STEP][PASSED] - delay(2): Delayed 2 second(s)

2019-12-23 14:07:55 - [MESSAGE][PASSED] - Delayed 2 second(s)

2019-12-23 14:07:55 - [TEST_STEP][PASSED] - click(findTestObject("object_accountInformation/a_TEST GABRIEL PROD")): Object: 'Object Repository/object_accountInformation/a_TEST GABRIEL PROD' is clicked on

2019-12-23 14:08:01 - [MESSAGE][PASSED] - Object: 'Object Repository/object_accountInformation/a_TEST GABRIEL PROD' is clicked on

2019-12-23 14:08:01 - [TEST_STEP][PASSED] - delay(1): Delayed 1 second(s)

2019-12-23 14:08:02 - [MESSAGE][PASSED] - Delayed 1 second(s)

2019-12-23 14:08:02 - [TEST_STEP][PASSED] - a = var_url1 + var_idReservation + var_url2 + var_idParent: null

2019-12-23 14:08:02 - [TEST_STEP][PASSED] - delay(4): Delayed 4 second(s)

2019-12-23 14:08:06 - [MESSAGE][PASSED] - Delayed 4 second(s)

2019-12-23 14:08:06 - [TEST_STEP][PASSED] - log = new com.kms.katalon.core.logging.KeywordLogger(): null

2019-12-23 14:08:06 - [TEST_STEP][PASSED] - log.logInfo("URL: " + a): URL: https://p4p-qa-bg.aws.paradise4paws.com/frontdesk/reservation/
1702649/?parent_id=122350

2019-12-23 14:08:06 - [MESSAGE][INFO] - URL: https://p4p-qa-bg.aws.paradise4paws.com/frontdesk/reservation/
1702649/?parent_id=122350

2019-12-23 14:08:06 - [TEST_STEP][PASSED] - navigateToUrl(a): Navigate to 'https://p4p-qa-bg.aws.paradise4paws.com/frontdesk/reservation/
1702649/?parent_id=122350' successfully

2019-12-23 14:08:07 - [MESSAGE][PASSED] - Navigate to 'https://p4p-qa-bg.aws.paradise4paws.com/frontdesk/reservation/
1702649/?parent_id=122350' successfully

2019-12-23 14:08:07 - [TEST_STEP][PASSED] - delay(3): Delayed 3 second(s)

2019-12-23 14:08:10 - [MESSAGE][PASSED] - Delayed 3 second(s)

2019-12-23 14:08:10 - [TEST_STEP][PASSED] - click(findTestObject("object_reservation/button_Next")): Object: 'Object Repository/object_reservation/button_Next' is clicked on

2019-12-23 14:08:15 - [MESSAGE][PASSED] - Object: 'Object Repository/object_reservation/button_Next' is clicked on

2019-12-23 14:08:15 - [TEST_STEP][PASSED] - delay(1): Delayed 1 second(s)

2019-12-23 14:08:16 - [MESSAGE][PASSED] - Delayed 1 second(s)

2019-12-23 14:08:16 - [TEST_STEP][PASSED] - if (var_typeReserv == "BOARDING"): Delayed 2 second(s)

2019-12-23 14:08:16 - [TEST_STEP][PASSED] - click(findTestObject("Object Repository/object_reservation/button_DeclineThisPromo")): Object: 'Object Repository/object_reservation/button_DeclineThisPromo' is clicked on

2019-12-23 14:08:16 - [MESSAGE][PASSED] - Object: 'Object Repository/object_reservation/button_DeclineThisPromo' is clicked on

2019-12-23 14:08:16 - [TEST_STEP][PASSED] - log.logInfo("TEST 1"): TEST 1

2019-12-23 14:08:16 - [MESSAGE][INFO] - TEST 1

2019-12-23 14:08:16 - [TEST_STEP][PASSED] - delay(2): Delayed 2 second(s)

2019-12-23 14:08:18 - [MESSAGE][PASSED] - Delayed 2 second(s)

2019-12-23 14:08:18 - [TEST_STEP][PASSED] - click(findTestObject("object_reservation/button_Next")): Object: 'Object Repository/object_reservation/button_Next' is clicked on

2019-12-23 14:08:19 - [MESSAGE][PASSED] - Object: 'Object Repository/object_reservation/button_Next' is clicked on

2019-12-23 14:08:19 - [TEST_STEP][PASSED] - click(findTestObject("object_reservation/btn_cancelReservation")): Object: 'Object Repository/object_reservation/btn_cancelReservation' is clicked on

2019-12-23 14:08:21 - [MESSAGE][PASSED] - Object: 'Object Repository/object_reservation/btn_cancelReservation' is clicked on

2019-12-23 14:08:21 - [TEST_STEP][PASSED] - delay(4): Delayed 4 second(s)

2019-12-23 14:08:25 - [MESSAGE][PASSED] - Delayed 4 second(s)

2019-12-23 14:08:25 - [TEST_STEP][PASSED] - click(findTestObject("Object Repository/object_reservation/Page_Paradise 4 Paws  Dog Boarding Cat Boar_145431/button_Cancel This Reservation")): Object: 'Object Repository/object_reservation/Page_Paradise 4 Paws  Dog Boarding Cat Boar_145431/button_Cancel This Reservation' is clicked on

2019-12-23 14:08:25 - [MESSAGE][PASSED] - Object: 'Object Repository/object_reservation/Page_Paradise 4 Paws  Dog Boarding Cat Boar_145431/button_Cancel This Reservation' is clicked on

2019-12-23 14:08:25 - [TEST_STEP][PASSED] - delay(4): Delayed 4 second(s)

2019-12-23 14:08:29 - [MESSAGE][PASSED] - Delayed 4 second(s)

2019-12-23 14:08:29 - [TEST_STEP][PASSED] - navigateToUrl(a): Navigate to 'https://p4p-qa-bg.aws.paradise4paws.com/frontdesk/reservation/
1702649/?parent_id=122350' successfully

2019-12-23 14:08:31 - [MESSAGE][PASSED] - Navigate to 'https://p4p-qa-bg.aws.paradise4paws.com/frontdesk/reservation/
1702649/?parent_id=122350' successfully

2019-12-23 14:08:31 - [TEST_STEP][PASSED] - verifyElementText(findTestObject("Object Repository/object_reservation/Page_Paradise 4 Paws  Dog Boarding Cat Boar_35fe2b/span_( BK )"), "( CAN )", STOP_ON_FAILURE): Actual text and expected text of test object 'Object Repository/object_reservation/Page_Paradise 4 Paws  Dog Boarding Cat Boar_35fe2b/span_( BK )' are matched.

2019-12-23 14:08:36 - [MESSAGE][PASSED] - Actual text and expected text of test object 'Object Repository/object_reservation/Page_Paradise 4 Paws  Dog Boarding Cat Boar_35fe2b/span_( BK )' are matched.

2019-12-23 14:08:36 - [TEST_STEP][PASSED] - log.logInfo(getText(findTestObject("Object Repository/object_reservation/Page_Paradise 4 Paws  Dog Boarding Cat Boar_35fe2b/span_( BK )"))): ( CAN )

2019-12-23 14:08:36 - [MESSAGE][PASSED] - Text of object 'Object Repository/object_reservation/Page_Paradise 4 Paws  Dog Boarding Cat Boar_35fe2b/span_( BK )' is: '( CAN )'

2019-12-23 14:08:36 - [MESSAGE][INFO] - ( CAN )

2019-12-23 14:08:36 - [TEST_STEP][PASSED] - delay(5): Delayed 5 second(s)

2019-12-23 14:08:41 - [MESSAGE][PASSED] - Delayed 5 second(s)

2019-12-23 14:08:41 - [TEST_STEP][PASSED] - var = Integer.parseInt(var_idRowRes): null

2019-12-23 14:08:41 - [TEST_STEP][PASSED] - fis = new java.io.FileInputStream(/home/leonardo-arkusmty/Desktop/P4P/DATA_AUTOMATINTESTING/data_2cancelReservation.xlsx): null

2019-12-23 14:08:41 - [TEST_STEP][PASSED] - workbook = new org.apache.poi.xssf.usermodel.XSSFWorkbook(fis): null

2019-12-23 14:08:42 - [TEST_STEP][PASSED] - sheet = workbook.getSheet("Sheet1"): null

2019-12-23 14:08:42 - [TEST_STEP][PASSED] - row = sheet.getRow(var): null

2019-12-23 14:08:42 - [TEST_STEP][PASSED] - cell = row.createCell(7, 0): null

2019-12-23 14:08:42 - [TEST_STEP][PASSED] - cell.setCellType(CELL_TYPE_STRING): null

2019-12-23 14:08:42 - [TEST_STEP][PASSED] - cell.setCellValue(getText(findTestObject("Object Repository/object_reservation/Page_Paradise 4 Paws  Dog Boarding Cat Boar_35fe2b/span_( BK )"))): Text of object 'Object Repository/object_reservation/Page_Paradise 4 Paws  Dog Boarding Cat Boar_35fe2b/span_( BK )' is: '( CAN )'

2019-12-23 14:08:42 - [MESSAGE][PASSED] - Text of object 'Object Repository/object_reservation/Page_Paradise 4 Paws  Dog Boarding Cat Boar_35fe2b/span_( BK )' is: '( CAN )'

2019-12-23 14:08:42 - [TEST_STEP][PASSED] - fos = new java.io.FileOutputStream(/home/leonardo-arkusmty/Desktop/P4P/DATA_AUTOMATINTESTING/data_2cancelReservation.xlsx): null

2019-12-23 14:08:42 - [TEST_STEP][PASSED] - workbook.write(fos): null

2019-12-23 14:08:42 - [TEST_STEP][PASSED] - fos.close(): null]]></system-out>
         <system-err><![CDATA[]]></system-err>
      </testcase>
      <testcase name="Test Cases/p4p_cancelReserEdit" time="68.766" classname="Test Cases/p4p_cancelReserEdit" status="PASSED">
         <system-out><![CDATA[2019-12-23 14:08:42 - [TEST_CASE][PASSED] - Test Cases/p4p_cancelReserEdit: Test Cases/p4p_cancelReserEdit

2019-12-23 14:08:42 - [TEST_STEP][PASSED] - openBrowser("https://p4p-qa-bg.aws.paradise4paws.com/login/"): Browser is opened with url: 'https://p4p-qa-bg.aws.paradise4paws.com/login/'

2019-12-23 14:08:42 - [MESSAGE][WARNING] - A browser is already opened. Closing browser and opening a new one

2019-12-23 14:08:42 - [MESSAGE][INFO] - Starting 'Firefox' driver

2019-12-23 14:08:46 - [MESSAGE][PASSED] - Browser is opened with url: 'https://p4p-qa-bg.aws.paradise4paws.com/login/'

2019-12-23 14:08:46 - [TEST_STEP][PASSED] - setText(findTestObject("Object Repository/object_login/input_user"), var_user): Text 'jegchavez@gmail.com' is set on object 'Object Repository/object_login/input_user'

2019-12-23 14:08:47 - [MESSAGE][PASSED] - Text 'jegchavez@gmail.com' is set on object 'Object Repository/object_login/input_user'

2019-12-23 14:08:47 - [TEST_STEP][PASSED] - setText(findTestObject("Object Repository/object_login/input_pass"), var_pass): Text 'admin1' is set on object 'Object Repository/object_login/input_pass'

2019-12-23 14:08:47 - [MESSAGE][PASSED] - Text 'admin1' is set on object 'Object Repository/object_login/input_pass'

2019-12-23 14:08:47 - [TEST_STEP][PASSED] - delay(2): Delayed 2 second(s)

2019-12-23 14:08:49 - [MESSAGE][PASSED] - Delayed 2 second(s)

2019-12-23 14:08:49 - [TEST_STEP][PASSED] - verifyElementClickable(findTestObject("Object Repository/object_login/btn_login")): Object 'Object Repository/object_login/btn_login' is clickable

2019-12-23 14:08:49 - [MESSAGE][PASSED] - Object 'Object Repository/object_login/btn_login' is clickable

2019-12-23 14:08:49 - [TEST_STEP][PASSED] - click(findTestObject("Object Repository/object_login/btn_login")): Object: 'Object Repository/object_login/btn_login' is clicked on

2019-12-23 14:08:54 - [MESSAGE][PASSED] - Object: 'Object Repository/object_login/btn_login' is clicked on

2019-12-23 14:08:54 - [TEST_STEP][PASSED] - delay(2): Delayed 2 second(s)

2019-12-23 14:08:56 - [MESSAGE][PASSED] - Delayed 2 second(s)

2019-12-23 14:08:56 - [TEST_STEP][PASSED] - setText(findTestObject("Object Repository/object_dashboard_emp/input_search"), var_mailParent): Text 'test@test.test' is set on object 'Object Repository/object_dashboard_emp/input_search'

2019-12-23 14:08:56 - [MESSAGE][PASSED] - Text 'test@test.test' is set on object 'Object Repository/object_dashboard_emp/input_search'

2019-12-23 14:08:56 - [TEST_STEP][PASSED] - click(findTestObject("Object Repository/object_dashboard_emp/btn_accountSearch")): Object: 'Object Repository/object_dashboard_emp/btn_accountSearch' is clicked on

2019-12-23 14:08:58 - [MESSAGE][PASSED] - Object: 'Object Repository/object_dashboard_emp/btn_accountSearch' is clicked on

2019-12-23 14:08:58 - [TEST_STEP][PASSED] - delay(2): Delayed 2 second(s)

2019-12-23 14:09:00 - [MESSAGE][PASSED] - Delayed 2 second(s)

2019-12-23 14:09:00 - [TEST_STEP][PASSED] - click(findTestObject("object_accountInformation/a_TEST GABRIEL PROD")): Object: 'Object Repository/object_accountInformation/a_TEST GABRIEL PROD' is clicked on

2019-12-23 14:09:06 - [MESSAGE][PASSED] - Object: 'Object Repository/object_accountInformation/a_TEST GABRIEL PROD' is clicked on

2019-12-23 14:09:06 - [TEST_STEP][PASSED] - delay(1): Delayed 1 second(s)

2019-12-23 14:09:07 - [MESSAGE][PASSED] - Delayed 1 second(s)

2019-12-23 14:09:07 - [TEST_STEP][PASSED] - a = var_url1 + var_idReservation + var_url2 + var_idParent: null

2019-12-23 14:09:07 - [TEST_STEP][PASSED] - delay(4): Delayed 4 second(s)

2019-12-23 14:09:11 - [MESSAGE][PASSED] - Delayed 4 second(s)

2019-12-23 14:09:11 - [TEST_STEP][PASSED] - log = new com.kms.katalon.core.logging.KeywordLogger(): null

2019-12-23 14:09:11 - [TEST_STEP][PASSED] - log.logInfo("URL: " + a): URL: https://p4p-qa-bg.aws.paradise4paws.com/frontdesk/reservation/
1702650/?parent_id=122350

2019-12-23 14:09:11 - [MESSAGE][INFO] - URL: https://p4p-qa-bg.aws.paradise4paws.com/frontdesk/reservation/
1702650/?parent_id=122350

2019-12-23 14:09:11 - [TEST_STEP][PASSED] - navigateToUrl(a): Navigate to 'https://p4p-qa-bg.aws.paradise4paws.com/frontdesk/reservation/
1702650/?parent_id=122350' successfully

2019-12-23 14:09:12 - [MESSAGE][PASSED] - Navigate to 'https://p4p-qa-bg.aws.paradise4paws.com/frontdesk/reservation/
1702650/?parent_id=122350' successfully

2019-12-23 14:09:12 - [TEST_STEP][PASSED] - delay(3): Delayed 3 second(s)

2019-12-23 14:09:15 - [MESSAGE][PASSED] - Delayed 3 second(s)

2019-12-23 14:09:15 - [TEST_STEP][PASSED] - click(findTestObject("object_reservation/button_Next")): Object: 'Object Repository/object_reservation/button_Next' is clicked on

2019-12-23 14:09:21 - [MESSAGE][PASSED] - Object: 'Object Repository/object_reservation/button_Next' is clicked on

2019-12-23 14:09:21 - [TEST_STEP][PASSED] - delay(1): Delayed 1 second(s)

2019-12-23 14:09:22 - [MESSAGE][PASSED] - Delayed 1 second(s)

2019-12-23 14:09:22 - [TEST_STEP][PASSED] - if (var_typeReserv == "BOARDING"): Delayed 2 second(s)

2019-12-23 14:09:22 - [TEST_STEP][PASSED] - click(findTestObject("Object Repository/object_reservation/button_DeclineThisPromo")): Object: 'Object Repository/object_reservation/button_DeclineThisPromo' is clicked on

2019-12-23 14:09:23 - [MESSAGE][PASSED] - Object: 'Object Repository/object_reservation/button_DeclineThisPromo' is clicked on

2019-12-23 14:09:23 - [TEST_STEP][PASSED] - log.logInfo("TEST 1"): TEST 1

2019-12-23 14:09:23 - [MESSAGE][INFO] - TEST 1

2019-12-23 14:09:23 - [TEST_STEP][PASSED] - delay(2): Delayed 2 second(s)

2019-12-23 14:09:25 - [MESSAGE][PASSED] - Delayed 2 second(s)

2019-12-23 14:09:25 - [TEST_STEP][PASSED] - click(findTestObject("object_reservation/button_Next")): Object: 'Object Repository/object_reservation/button_Next' is clicked on

2019-12-23 14:09:25 - [MESSAGE][PASSED] - Object: 'Object Repository/object_reservation/button_Next' is clicked on

2019-12-23 14:09:25 - [TEST_STEP][PASSED] - click(findTestObject("object_reservation/btn_cancelReservation")): Object: 'Object Repository/object_reservation/btn_cancelReservation' is clicked on

2019-12-23 14:09:27 - [MESSAGE][PASSED] - Object: 'Object Repository/object_reservation/btn_cancelReservation' is clicked on

2019-12-23 14:09:27 - [TEST_STEP][PASSED] - delay(4): Delayed 4 second(s)

2019-12-23 14:09:31 - [MESSAGE][PASSED] - Delayed 4 second(s)

2019-12-23 14:09:31 - [TEST_STEP][PASSED] - click(findTestObject("Object Repository/object_reservation/Page_Paradise 4 Paws  Dog Boarding Cat Boar_145431/button_Cancel This Reservation")): Object: 'Object Repository/object_reservation/Page_Paradise 4 Paws  Dog Boarding Cat Boar_145431/button_Cancel This Reservation' is clicked on

2019-12-23 14:09:32 - [MESSAGE][PASSED] - Object: 'Object Repository/object_reservation/Page_Paradise 4 Paws  Dog Boarding Cat Boar_145431/button_Cancel This Reservation' is clicked on

2019-12-23 14:09:32 - [TEST_STEP][PASSED] - delay(4): Delayed 4 second(s)

2019-12-23 14:09:36 - [MESSAGE][PASSED] - Delayed 4 second(s)

2019-12-23 14:09:36 - [TEST_STEP][PASSED] - navigateToUrl(a): Navigate to 'https://p4p-qa-bg.aws.paradise4paws.com/frontdesk/reservation/
1702650/?parent_id=122350' successfully

2019-12-23 14:09:43 - [MESSAGE][PASSED] - Navigate to 'https://p4p-qa-bg.aws.paradise4paws.com/frontdesk/reservation/
1702650/?parent_id=122350' successfully

2019-12-23 14:09:43 - [TEST_STEP][PASSED] - verifyElementText(findTestObject("Object Repository/object_reservation/Page_Paradise 4 Paws  Dog Boarding Cat Boar_35fe2b/span_( BK )"), "( CAN )", STOP_ON_FAILURE): Actual text and expected text of test object 'Object Repository/object_reservation/Page_Paradise 4 Paws  Dog Boarding Cat Boar_35fe2b/span_( BK )' are matched.

2019-12-23 14:09:45 - [MESSAGE][PASSED] - Actual text and expected text of test object 'Object Repository/object_reservation/Page_Paradise 4 Paws  Dog Boarding Cat Boar_35fe2b/span_( BK )' are matched.

2019-12-23 14:09:45 - [TEST_STEP][PASSED] - log.logInfo(getText(findTestObject("Object Repository/object_reservation/Page_Paradise 4 Paws  Dog Boarding Cat Boar_35fe2b/span_( BK )"))): ( CAN )

2019-12-23 14:09:45 - [MESSAGE][PASSED] - Text of object 'Object Repository/object_reservation/Page_Paradise 4 Paws  Dog Boarding Cat Boar_35fe2b/span_( BK )' is: '( CAN )'

2019-12-23 14:09:45 - [MESSAGE][INFO] - ( CAN )

2019-12-23 14:09:45 - [TEST_STEP][PASSED] - delay(5): Delayed 5 second(s)

2019-12-23 14:09:50 - [MESSAGE][PASSED] - Delayed 5 second(s)

2019-12-23 14:09:50 - [TEST_STEP][PASSED] - var = Integer.parseInt(var_idRowRes): null

2019-12-23 14:09:50 - [TEST_STEP][PASSED] - fis = new java.io.FileInputStream(/home/leonardo-arkusmty/Desktop/P4P/DATA_AUTOMATINTESTING/data_2cancelReservation.xlsx): null

2019-12-23 14:09:50 - [TEST_STEP][PASSED] - workbook = new org.apache.poi.xssf.usermodel.XSSFWorkbook(fis): null

2019-12-23 14:09:50 - [TEST_STEP][PASSED] - sheet = workbook.getSheet("Sheet1"): null

2019-12-23 14:09:50 - [TEST_STEP][PASSED] - row = sheet.getRow(var): null

2019-12-23 14:09:50 - [TEST_STEP][PASSED] - cell = row.createCell(7, 0): null

2019-12-23 14:09:50 - [TEST_STEP][PASSED] - cell.setCellType(CELL_TYPE_STRING): null

2019-12-23 14:09:50 - [TEST_STEP][PASSED] - cell.setCellValue(getText(findTestObject("Object Repository/object_reservation/Page_Paradise 4 Paws  Dog Boarding Cat Boar_35fe2b/span_( BK )"))): Text of object 'Object Repository/object_reservation/Page_Paradise 4 Paws  Dog Boarding Cat Boar_35fe2b/span_( BK )' is: '( CAN )'

2019-12-23 14:09:51 - [MESSAGE][PASSED] - Text of object 'Object Repository/object_reservation/Page_Paradise 4 Paws  Dog Boarding Cat Boar_35fe2b/span_( BK )' is: '( CAN )'

2019-12-23 14:09:51 - [TEST_STEP][PASSED] - fos = new java.io.FileOutputStream(/home/leonardo-arkusmty/Desktop/P4P/DATA_AUTOMATINTESTING/data_2cancelReservation.xlsx): null

2019-12-23 14:09:51 - [TEST_STEP][PASSED] - workbook.write(fos): null

2019-12-23 14:09:51 - [TEST_STEP][PASSED] - fos.close(): null]]></system-out>
         <system-err><![CDATA[]]></system-err>
      </testcase>
      <testcase name="Test Cases/p4p_cancelReserEdit" time="74.75" classname="Test Cases/p4p_cancelReserEdit" status="FAILED">
         <failure type="FAILED" message="Test Cases/p4p_cancelReserEdit FAILED.
Reason:
com.kms.katalon.core.exception.StepFailedException: Unable to click on object 'Object Repository/object_reservation/button_Next'
	at com.kms.katalon.core.webui.keyword.internal.WebUIKeywordMain.stepFailed(WebUIKeywordMain.groovy:64)
	at com.kms.katalon.core.webui.keyword.internal.WebUIKeywordMain.runKeyword(WebUIKeywordMain.groovy:26)
	at com.kms.katalon.core.webui.keyword.builtin.ClickKeyword.click(ClickKeyword.groovy:99)
	at com.kms.katalon.core.webui.keyword.builtin.ClickKeyword.execute(ClickKeyword.groovy:43)
	at com.kms.katalon.core.keyword.internal.KeywordExecutor.executeKeywordForPlatform(KeywordExecutor.groovy:60)
	at com.kms.katalon.core.webui.keyword.WebUiBuiltInKeywords.click(WebUiBuiltInKeywords.groovy:616)
	at com.kms.katalon.core.webui.keyword.WebUiBuiltInKeywords$click$2.call(Unknown Source)
	at p4p_cancelReserEdit.run(p4p_cancelReserEdit:65)
	at com.kms.katalon.core.main.ScriptEngine.run(ScriptEngine.java:194)
	at com.kms.katalon.core.main.ScriptEngine.runScriptAsRawText(ScriptEngine.java:119)
	at com.kms.katalon.core.main.TestCaseExecutor.runScript(TestCaseExecutor.java:337)
	at com.kms.katalon.core.main.TestCaseExecutor.doExecute(TestCaseExecutor.java:328)
	at com.kms.katalon.core.main.TestCaseExecutor.processExecutionPhase(TestCaseExecutor.java:307)
	at com.kms.katalon.core.main.TestCaseExecutor.accessMainPhase(TestCaseExecutor.java:299)
	at com.kms.katalon.core.main.TestCaseExecutor.execute(TestCaseExecutor.java:233)
	at com.kms.katalon.core.main.TestSuiteExecutor.accessTestCaseMainPhase(TestSuiteExecutor.java:169)
	at com.kms.katalon.core.main.TestSuiteExecutor.accessTestSuiteMainPhase(TestSuiteExecutor.java:142)
	at com.kms.katalon.core.main.TestSuiteExecutor.execute(TestSuiteExecutor.java:91)
	at com.kms.katalon.core.main.TestCaseMain.startTestSuite(TestCaseMain.java:157)
	at com.kms.katalon.core.main.TestCaseMain$startTestSuite$0.call(Unknown Source)
	at TempTestSuite1577130930071.run(TempTestSuite1577130930071.groovy:36)
Caused by: com.kms.katalon.core.webui.exception.WebElementNotFoundException: Web element with id: 'Object Repository/object_reservation/button_Next' located by 'By.xpath: (//button[@type='button'])[10]' not found
	at com.kms.katalon.core.webui.common.WebUiCommonHelper.findWebElement(WebUiCommonHelper.java:1113)
	at com.kms.katalon.core.webui.keyword.internal.WebUIAbstractKeyword.findWebElement(WebUIAbstractKeyword.groovy:27)
	at com.kms.katalon.core.webui.keyword.internal.WebUIAbstractKeyword.findWebElement(WebUIAbstractKeyword.groovy:26)
	at com.kms.katalon.core.webui.keyword.builtin.ClickKeyword$_click_closure1.doCall(ClickKeyword.groovy:68)
	at com.kms.katalon.core.webui.keyword.builtin.ClickKeyword$_click_closure1.call(ClickKeyword.groovy)
	at com.kms.katalon.core.webui.keyword.internal.WebUIKeywordMain.runKeyword(WebUIKeywordMain.groovy:20)
	... 19 more
"/>
         <system-out><![CDATA[2019-12-23 14:09:51 - [TEST_CASE][FAILED] - Test Cases/p4p_cancelReserEdit: Test Cases/p4p_cancelReserEdit FAILED.
Reason:
com.kms.katalon.core.exception.StepFailedException: Unable to click on object 'Object Repository/object_reservation/button_Next'
	at com.kms.katalon.core.webui.keyword.internal.WebUIKeywordMain.stepFailed(WebUIKeywordMain.groovy:64)
	at com.kms.katalon.core.webui.keyword.internal.WebUIKeywordMain.runKeyword(WebUIKeywordMain.groovy:26)
	at com.kms.katalon.core.webui.keyword.builtin.ClickKeyword.click(ClickKeyword.groovy:99)
	at com.kms.katalon.core.webui.keyword.builtin.ClickKeyword.execute(ClickKeyword.groovy:43)
	at com.kms.katalon.core.keyword.internal.KeywordExecutor.executeKeywordForPlatform(KeywordExecutor.groovy:60)
	at com.kms.katalon.core.webui.keyword.WebUiBuiltInKeywords.click(WebUiBuiltInKeywords.groovy:616)
	at com.kms.katalon.core.webui.keyword.WebUiBuiltInKeywords$click$2.call(Unknown Source)
	at p4p_cancelReserEdit.run(p4p_cancelReserEdit:65)
	at com.kms.katalon.core.main.ScriptEngine.run(ScriptEngine.java:194)
	at com.kms.katalon.core.main.ScriptEngine.runScriptAsRawText(ScriptEngine.java:119)
	at com.kms.katalon.core.main.TestCaseExecutor.runScript(TestCaseExecutor.java:337)
	at com.kms.katalon.core.main.TestCaseExecutor.doExecute(TestCaseExecutor.java:328)
	at com.kms.katalon.core.main.TestCaseExecutor.processExecutionPhase(TestCaseExecutor.java:307)
	at com.kms.katalon.core.main.TestCaseExecutor.accessMainPhase(TestCaseExecutor.java:299)
	at com.kms.katalon.core.main.TestCaseExecutor.execute(TestCaseExecutor.java:233)
	at com.kms.katalon.core.main.TestSuiteExecutor.accessTestCaseMainPhase(TestSuiteExecutor.java:169)
	at com.kms.katalon.core.main.TestSuiteExecutor.accessTestSuiteMainPhase(TestSuiteExecutor.java:142)
	at com.kms.katalon.core.main.TestSuiteExecutor.execute(TestSuiteExecutor.java:91)
	at com.kms.katalon.core.main.TestCaseMain.startTestSuite(TestCaseMain.java:157)
	at com.kms.katalon.core.main.TestCaseMain$startTestSuite$0.call(Unknown Source)
	at TempTestSuite1577130930071.run(TempTestSuite1577130930071.groovy:36)
Caused by: com.kms.katalon.core.webui.exception.WebElementNotFoundException: Web element with id: 'Object Repository/object_reservation/button_Next' located by 'By.xpath: (//button[@type='button'])[10]' not found
	at com.kms.katalon.core.webui.common.WebUiCommonHelper.findWebElement(WebUiCommonHelper.java:1113)
	at com.kms.katalon.core.webui.keyword.internal.WebUIAbstractKeyword.findWebElement(WebUIAbstractKeyword.groovy:27)
	at com.kms.katalon.core.webui.keyword.internal.WebUIAbstractKeyword.findWebElement(WebUIAbstractKeyword.groovy:26)
	at com.kms.katalon.core.webui.keyword.builtin.ClickKeyword$_click_closure1.doCall(ClickKeyword.groovy:68)
	at com.kms.katalon.core.webui.keyword.builtin.ClickKeyword$_click_closure1.call(ClickKeyword.groovy)
	at com.kms.katalon.core.webui.keyword.internal.WebUIKeywordMain.runKeyword(WebUIKeywordMain.groovy:20)
	... 19 more


2019-12-23 14:09:51 - [TEST_STEP][PASSED] - openBrowser("https://p4p-qa-bg.aws.paradise4paws.com/login/"): Browser is opened with url: 'https://p4p-qa-bg.aws.paradise4paws.com/login/'

2019-12-23 14:09:51 - [MESSAGE][WARNING] - A browser is already opened. Closing browser and opening a new one

2019-12-23 14:09:51 - [MESSAGE][INFO] - Starting 'Firefox' driver

2019-12-23 14:09:55 - [MESSAGE][PASSED] - Browser is opened with url: 'https://p4p-qa-bg.aws.paradise4paws.com/login/'

2019-12-23 14:09:55 - [TEST_STEP][PASSED] - setText(findTestObject("Object Repository/object_login/input_user"), var_user): Text 'jegchavez@gmail.com' is set on object 'Object Repository/object_login/input_user'

2019-12-23 14:09:55 - [MESSAGE][PASSED] - Text 'jegchavez@gmail.com' is set on object 'Object Repository/object_login/input_user'

2019-12-23 14:09:55 - [TEST_STEP][PASSED] - setText(findTestObject("Object Repository/object_login/input_pass"), var_pass): Text 'admin1' is set on object 'Object Repository/object_login/input_pass'

2019-12-23 14:09:56 - [MESSAGE][PASSED] - Text 'admin1' is set on object 'Object Repository/object_login/input_pass'

2019-12-23 14:09:56 - [TEST_STEP][PASSED] - delay(2): Delayed 2 second(s)

2019-12-23 14:09:58 - [MESSAGE][PASSED] - Delayed 2 second(s)

2019-12-23 14:09:58 - [TEST_STEP][PASSED] - verifyElementClickable(findTestObject("Object Repository/object_login/btn_login")): Object 'Object Repository/object_login/btn_login' is clickable

2019-12-23 14:09:58 - [MESSAGE][PASSED] - Object 'Object Repository/object_login/btn_login' is clickable

2019-12-23 14:09:58 - [TEST_STEP][PASSED] - click(findTestObject("Object Repository/object_login/btn_login")): Object: 'Object Repository/object_login/btn_login' is clicked on

2019-12-23 14:10:02 - [MESSAGE][PASSED] - Object: 'Object Repository/object_login/btn_login' is clicked on

2019-12-23 14:10:02 - [TEST_STEP][PASSED] - delay(2): Delayed 2 second(s)

2019-12-23 14:10:04 - [MESSAGE][PASSED] - Delayed 2 second(s)

2019-12-23 14:10:04 - [TEST_STEP][PASSED] - setText(findTestObject("Object Repository/object_dashboard_emp/input_search"), var_mailParent): Text 'test@test.test' is set on object 'Object Repository/object_dashboard_emp/input_search'

2019-12-23 14:10:04 - [MESSAGE][PASSED] - Text 'test@test.test' is set on object 'Object Repository/object_dashboard_emp/input_search'

2019-12-23 14:10:04 - [TEST_STEP][PASSED] - click(findTestObject("Object Repository/object_dashboard_emp/btn_accountSearch")): Object: 'Object Repository/object_dashboard_emp/btn_accountSearch' is clicked on

2019-12-23 14:10:05 - [MESSAGE][PASSED] - Object: 'Object Repository/object_dashboard_emp/btn_accountSearch' is clicked on

2019-12-23 14:10:05 - [TEST_STEP][PASSED] - delay(2): Delayed 2 second(s)

2019-12-23 14:10:07 - [MESSAGE][PASSED] - Delayed 2 second(s)

2019-12-23 14:10:07 - [TEST_STEP][PASSED] - click(findTestObject("object_accountInformation/a_TEST GABRIEL PROD")): Object: 'Object Repository/object_accountInformation/a_TEST GABRIEL PROD' is clicked on

2019-12-23 14:10:13 - [MESSAGE][PASSED] - Object: 'Object Repository/object_accountInformation/a_TEST GABRIEL PROD' is clicked on

2019-12-23 14:10:13 - [TEST_STEP][PASSED] - delay(1): Delayed 1 second(s)

2019-12-23 14:10:14 - [MESSAGE][PASSED] - Delayed 1 second(s)

2019-12-23 14:10:14 - [TEST_STEP][PASSED] - a = var_url1 + var_idReservation + var_url2 + var_idParent: null

2019-12-23 14:10:14 - [TEST_STEP][PASSED] - delay(4): Delayed 4 second(s)

2019-12-23 14:10:18 - [MESSAGE][PASSED] - Delayed 4 second(s)

2019-12-23 14:10:18 - [TEST_STEP][PASSED] - log = new com.kms.katalon.core.logging.KeywordLogger(): null

2019-12-23 14:10:18 - [TEST_STEP][PASSED] - log.logInfo("URL: " + a): URL: https://p4p-qa-bg.aws.paradise4paws.com/frontdesk/reservation/
Error en la reservacion/?parent_id=122350

2019-12-23 14:10:18 - [MESSAGE][INFO] - URL: https://p4p-qa-bg.aws.paradise4paws.com/frontdesk/reservation/
Error en la reservacion/?parent_id=122350

2019-12-23 14:10:18 - [TEST_STEP][PASSED] - navigateToUrl(a): Navigate to 'https://p4p-qa-bg.aws.paradise4paws.com/frontdesk/reservation/
Error en la reservacion/?parent_id=122350' successfully

2019-12-23 14:10:19 - [MESSAGE][PASSED] - Navigate to 'https://p4p-qa-bg.aws.paradise4paws.com/frontdesk/reservation/
Error en la reservacion/?parent_id=122350' successfully

2019-12-23 14:10:19 - [TEST_STEP][PASSED] - delay(3): Delayed 3 second(s)

2019-12-23 14:10:22 - [MESSAGE][PASSED] - Delayed 3 second(s)

2019-12-23 14:10:22 - [TEST_STEP][FAILED] - click(findTestObject("object_reservation/button_Next")): Unable to click on object 'Object Repository/object_reservation/button_Next' (Root cause: com.kms.katalon.core.exception.StepFailedException: Unable to click on object 'Object Repository/object_reservation/button_Next'
	at com.kms.katalon.core.webui.keyword.internal.WebUIKeywordMain.stepFailed(WebUIKeywordMain.groovy:64)
	at com.kms.katalon.core.webui.keyword.internal.WebUIKeywordMain.runKeyword(WebUIKeywordMain.groovy:26)
	at com.kms.katalon.core.webui.keyword.builtin.ClickKeyword.click(ClickKeyword.groovy:99)
	at com.kms.katalon.core.webui.keyword.builtin.ClickKeyword.execute(ClickKeyword.groovy:43)
	at com.kms.katalon.core.keyword.internal.KeywordExecutor.executeKeywordForPlatform(KeywordExecutor.groovy:60)
	at com.kms.katalon.core.webui.keyword.WebUiBuiltInKeywords.click(WebUiBuiltInKeywords.groovy:616)
	at com.kms.katalon.core.webui.keyword.WebUiBuiltInKeywords$click$2.call(Unknown Source)
	at p4p_cancelReserEdit.run(p4p_cancelReserEdit:65)
	at com.kms.katalon.core.main.ScriptEngine.run(ScriptEngine.java:194)
	at com.kms.katalon.core.main.ScriptEngine.runScriptAsRawText(ScriptEngine.java:119)
	at com.kms.katalon.core.main.TestCaseExecutor.runScript(TestCaseExecutor.java:337)
	at com.kms.katalon.core.main.TestCaseExecutor.doExecute(TestCaseExecutor.java:328)
	at com.kms.katalon.core.main.TestCaseExecutor.processExecutionPhase(TestCaseExecutor.java:307)
	at com.kms.katalon.core.main.TestCaseExecutor.accessMainPhase(TestCaseExecutor.java:299)
	at com.kms.katalon.core.main.TestCaseExecutor.execute(TestCaseExecutor.java:233)
	at com.kms.katalon.core.main.TestSuiteExecutor.accessTestCaseMainPhase(TestSuiteExecutor.java:169)
	at com.kms.katalon.core.main.TestSuiteExecutor.accessTestSuiteMainPhase(TestSuiteExecutor.java:142)
	at com.kms.katalon.core.main.TestSuiteExecutor.execute(TestSuiteExecutor.java:91)
	at com.kms.katalon.core.main.TestCaseMain.startTestSuite(TestCaseMain.java:157)
	at com.kms.katalon.core.main.TestCaseMain$startTestSuite$0.call(Unknown Source)
	at TempTestSuite1577130930071.run(TempTestSuite1577130930071.groovy:36)
Caused by: com.kms.katalon.core.webui.exception.WebElementNotFoundException: Web element with id: 'Object Repository/object_reservation/button_Next' located by 'By.xpath: (//button[@type='button'])[10]' not found
	at com.kms.katalon.core.webui.common.WebUiCommonHelper.findWebElement(WebUiCommonHelper.java:1113)
	at com.kms.katalon.core.webui.keyword.internal.WebUIAbstractKeyword.findWebElement(WebUIAbstractKeyword.groovy:27)
	at com.kms.katalon.core.webui.keyword.internal.WebUIAbstractKeyword.findWebElement(WebUIAbstractKeyword.groovy:26)
	at com.kms.katalon.core.webui.keyword.builtin.ClickKeyword$_click_closure1.doCall(ClickKeyword.groovy:68)
	at com.kms.katalon.core.webui.keyword.builtin.ClickKeyword$_click_closure1.call(ClickKeyword.groovy)
	at com.kms.katalon.core.webui.keyword.internal.WebUIKeywordMain.runKeyword(WebUIKeywordMain.groovy:20)
	at com.kms.katalon.core.webui.keyword.builtin.ClickKeyword.click(ClickKeyword.groovy:99)
	at com.kms.katalon.core.webui.keyword.builtin.ClickKeyword.execute(ClickKeyword.groovy:43)
	at com.kms.katalon.core.keyword.internal.KeywordExecutor.executeKeywordForPlatform(KeywordExecutor.groovy:60)
	at com.kms.katalon.core.webui.keyword.WebUiBuiltInKeywords.click(WebUiBuiltInKeywords.groovy:616)
	at com.kms.katalon.core.webui.keyword.WebUiBuiltInKeywords$click$2.call(Unknown Source)
	at Script1575908897768.run(Script1575908897768.groovy:65)
	... 13 more
)

2019-12-23 14:11:05 - [MESSAGE][INFO] - Unable to find the element located by 'By.xpath: (//button[@type='button'])[10]'. Please recheck the objects properties to make sure the desired element is located. 

2019-12-23 14:11:05 - [MESSAGE][FAILED] - Unable to click on object 'Object Repository/object_reservation/button_Next' (Root cause: com.kms.katalon.core.exception.StepFailedException: Unable to click on object 'Object Repository/object_reservation/button_Next'
	at com.kms.katalon.core.webui.keyword.internal.WebUIKeywordMain.stepFailed(WebUIKeywordMain.groovy:64)
	at com.kms.katalon.core.webui.keyword.internal.WebUIKeywordMain.runKeyword(WebUIKeywordMain.groovy:26)
	at com.kms.katalon.core.webui.keyword.builtin.ClickKeyword.click(ClickKeyword.groovy:99)
	at com.kms.katalon.core.webui.keyword.builtin.ClickKeyword.execute(ClickKeyword.groovy:43)
	at com.kms.katalon.core.keyword.internal.KeywordExecutor.executeKeywordForPlatform(KeywordExecutor.groovy:60)
	at com.kms.katalon.core.webui.keyword.WebUiBuiltInKeywords.click(WebUiBuiltInKeywords.groovy:616)
	at com.kms.katalon.core.webui.keyword.WebUiBuiltInKeywords$click$2.call(Unknown Source)
	at p4p_cancelReserEdit.run(p4p_cancelReserEdit:65)
	at com.kms.katalon.core.main.ScriptEngine.run(ScriptEngine.java:194)
	at com.kms.katalon.core.main.ScriptEngine.runScriptAsRawText(ScriptEngine.java:119)
	at com.kms.katalon.core.main.TestCaseExecutor.runScript(TestCaseExecutor.java:337)
	at com.kms.katalon.core.main.TestCaseExecutor.doExecute(TestCaseExecutor.java:328)
	at com.kms.katalon.core.main.TestCaseExecutor.processExecutionPhase(TestCaseExecutor.java:307)
	at com.kms.katalon.core.main.TestCaseExecutor.accessMainPhase(TestCaseExecutor.java:299)
	at com.kms.katalon.core.main.TestCaseExecutor.execute(TestCaseExecutor.java:233)
	at com.kms.katalon.core.main.TestSuiteExecutor.accessTestCaseMainPhase(TestSuiteExecutor.java:169)
	at com.kms.katalon.core.main.TestSuiteExecutor.accessTestSuiteMainPhase(TestSuiteExecutor.java:142)
	at com.kms.katalon.core.main.TestSuiteExecutor.execute(TestSuiteExecutor.java:91)
	at com.kms.katalon.core.main.TestCaseMain.startTestSuite(TestCaseMain.java:157)
	at com.kms.katalon.core.main.TestCaseMain$startTestSuite$0.call(Unknown Source)
	at TempTestSuite1577130930071.run(TempTestSuite1577130930071.groovy:36)
Caused by: com.kms.katalon.core.webui.exception.WebElementNotFoundException: Web element with id: 'Object Repository/object_reservation/button_Next' located by 'By.xpath: (//button[@type='button'])[10]' not found
	at com.kms.katalon.core.webui.common.WebUiCommonHelper.findWebElement(WebUiCommonHelper.java:1113)
	at com.kms.katalon.core.webui.keyword.internal.WebUIAbstractKeyword.findWebElement(WebUIAbstractKeyword.groovy:27)
	at com.kms.katalon.core.webui.keyword.internal.WebUIAbstractKeyword.findWebElement(WebUIAbstractKeyword.groovy:26)
	at com.kms.katalon.core.webui.keyword.builtin.ClickKeyword$_click_closure1.doCall(ClickKeyword.groovy:68)
	at com.kms.katalon.core.webui.keyword.builtin.ClickKeyword$_click_closure1.call(ClickKeyword.groovy)
	at com.kms.katalon.core.webui.keyword.internal.WebUIKeywordMain.runKeyword(WebUIKeywordMain.groovy:20)
	at com.kms.katalon.core.webui.keyword.builtin.ClickKeyword.click(ClickKeyword.groovy:99)
	at com.kms.katalon.core.webui.keyword.builtin.ClickKeyword.execute(ClickKeyword.groovy:43)
	at com.kms.katalon.core.keyword.internal.KeywordExecutor.executeKeywordForPlatform(KeywordExecutor.groovy:60)
	at com.kms.katalon.core.webui.keyword.WebUiBuiltInKeywords.click(WebUiBuiltInKeywords.groovy:616)
	at com.kms.katalon.core.webui.keyword.WebUiBuiltInKeywords$click$2.call(Unknown Source)
	at Script1575908897768.run(Script1575908897768.groovy:65)
	... 13 more
)
[[ATTACHMENT|/home/leonardo-arkusmty/Documents/workspaceKatalon/p4ptest/Reports/20191223_135530/ts_cancelReservation/20191223_135530/1577131865765.png]]]]></system-out>
         <system-err><![CDATA[2019-12-23 14:09:51 - [TEST_CASE][FAILED] - Test Cases/p4p_cancelReserEdit: Test Cases/p4p_cancelReserEdit FAILED.
Reason:
com.kms.katalon.core.exception.StepFailedException: Unable to click on object 'Object Repository/object_reservation/button_Next'
	at com.kms.katalon.core.webui.keyword.internal.WebUIKeywordMain.stepFailed(WebUIKeywordMain.groovy:64)
	at com.kms.katalon.core.webui.keyword.internal.WebUIKeywordMain.runKeyword(WebUIKeywordMain.groovy:26)
	at com.kms.katalon.core.webui.keyword.builtin.ClickKeyword.click(ClickKeyword.groovy:99)
	at com.kms.katalon.core.webui.keyword.builtin.ClickKeyword.execute(ClickKeyword.groovy:43)
	at com.kms.katalon.core.keyword.internal.KeywordExecutor.executeKeywordForPlatform(KeywordExecutor.groovy:60)
	at com.kms.katalon.core.webui.keyword.WebUiBuiltInKeywords.click(WebUiBuiltInKeywords.groovy:616)
	at com.kms.katalon.core.webui.keyword.WebUiBuiltInKeywords$click$2.call(Unknown Source)
	at p4p_cancelReserEdit.run(p4p_cancelReserEdit:65)
	at com.kms.katalon.core.main.ScriptEngine.run(ScriptEngine.java:194)
	at com.kms.katalon.core.main.ScriptEngine.runScriptAsRawText(ScriptEngine.java:119)
	at com.kms.katalon.core.main.TestCaseExecutor.runScript(TestCaseExecutor.java:337)
	at com.kms.katalon.core.main.TestCaseExecutor.doExecute(TestCaseExecutor.java:328)
	at com.kms.katalon.core.main.TestCaseExecutor.processExecutionPhase(TestCaseExecutor.java:307)
	at com.kms.katalon.core.main.TestCaseExecutor.accessMainPhase(TestCaseExecutor.java:299)
	at com.kms.katalon.core.main.TestCaseExecutor.execute(TestCaseExecutor.java:233)
	at com.kms.katalon.core.main.TestSuiteExecutor.accessTestCaseMainPhase(TestSuiteExecutor.java:169)
	at com.kms.katalon.core.main.TestSuiteExecutor.accessTestSuiteMainPhase(TestSuiteExecutor.java:142)
	at com.kms.katalon.core.main.TestSuiteExecutor.execute(TestSuiteExecutor.java:91)
	at com.kms.katalon.core.main.TestCaseMain.startTestSuite(TestCaseMain.java:157)
	at com.kms.katalon.core.main.TestCaseMain$startTestSuite$0.call(Unknown Source)
	at TempTestSuite1577130930071.run(TempTestSuite1577130930071.groovy:36)
Caused by: com.kms.katalon.core.webui.exception.WebElementNotFoundException: Web element with id: 'Object Repository/object_reservation/button_Next' located by 'By.xpath: (//button[@type='button'])[10]' not found
	at com.kms.katalon.core.webui.common.WebUiCommonHelper.findWebElement(WebUiCommonHelper.java:1113)
	at com.kms.katalon.core.webui.keyword.internal.WebUIAbstractKeyword.findWebElement(WebUIAbstractKeyword.groovy:27)
	at com.kms.katalon.core.webui.keyword.internal.WebUIAbstractKeyword.findWebElement(WebUIAbstractKeyword.groovy:26)
	at com.kms.katalon.core.webui.keyword.builtin.ClickKeyword$_click_closure1.doCall(ClickKeyword.groovy:68)
	at com.kms.katalon.core.webui.keyword.builtin.ClickKeyword$_click_closure1.call(ClickKeyword.groovy)
	at com.kms.katalon.core.webui.keyword.internal.WebUIKeywordMain.runKeyword(WebUIKeywordMain.groovy:20)
	... 19 more]]></system-err>
      </testcase>
      <testcase name="Test Cases/p4p_cancelReserEdit" time="72.54" classname="Test Cases/p4p_cancelReserEdit" status="FAILED">
         <failure type="FAILED" message="Test Cases/p4p_cancelReserEdit FAILED.
Reason:
com.kms.katalon.core.exception.StepFailedException: Unable to click on object 'Object Repository/object_reservation/button_Next'
	at com.kms.katalon.core.webui.keyword.internal.WebUIKeywordMain.stepFailed(WebUIKeywordMain.groovy:64)
	at com.kms.katalon.core.webui.keyword.internal.WebUIKeywordMain.runKeyword(WebUIKeywordMain.groovy:26)
	at com.kms.katalon.core.webui.keyword.builtin.ClickKeyword.click(ClickKeyword.groovy:99)
	at com.kms.katalon.core.webui.keyword.builtin.ClickKeyword.execute(ClickKeyword.groovy:43)
	at com.kms.katalon.core.keyword.internal.KeywordExecutor.executeKeywordForPlatform(KeywordExecutor.groovy:60)
	at com.kms.katalon.core.webui.keyword.WebUiBuiltInKeywords.click(WebUiBuiltInKeywords.groovy:616)
	at com.kms.katalon.core.webui.keyword.WebUiBuiltInKeywords$click$2.call(Unknown Source)
	at p4p_cancelReserEdit.run(p4p_cancelReserEdit:65)
	at com.kms.katalon.core.main.ScriptEngine.run(ScriptEngine.java:194)
	at com.kms.katalon.core.main.ScriptEngine.runScriptAsRawText(ScriptEngine.java:119)
	at com.kms.katalon.core.main.TestCaseExecutor.runScript(TestCaseExecutor.java:337)
	at com.kms.katalon.core.main.TestCaseExecutor.doExecute(TestCaseExecutor.java:328)
	at com.kms.katalon.core.main.TestCaseExecutor.processExecutionPhase(TestCaseExecutor.java:307)
	at com.kms.katalon.core.main.TestCaseExecutor.accessMainPhase(TestCaseExecutor.java:299)
	at com.kms.katalon.core.main.TestCaseExecutor.execute(TestCaseExecutor.java:233)
	at com.kms.katalon.core.main.TestSuiteExecutor.accessTestCaseMainPhase(TestSuiteExecutor.java:169)
	at com.kms.katalon.core.main.TestSuiteExecutor.accessTestSuiteMainPhase(TestSuiteExecutor.java:142)
	at com.kms.katalon.core.main.TestSuiteExecutor.execute(TestSuiteExecutor.java:91)
	at com.kms.katalon.core.main.TestCaseMain.startTestSuite(TestCaseMain.java:157)
	at com.kms.katalon.core.main.TestCaseMain$startTestSuite$0.call(Unknown Source)
	at TempTestSuite1577130930071.run(TempTestSuite1577130930071.groovy:36)
Caused by: com.kms.katalon.core.webui.exception.WebElementNotFoundException: Web element with id: 'Object Repository/object_reservation/button_Next' located by 'By.xpath: (//button[@type='button'])[10]' not found
	at com.kms.katalon.core.webui.common.WebUiCommonHelper.findWebElement(WebUiCommonHelper.java:1113)
	at com.kms.katalon.core.webui.keyword.internal.WebUIAbstractKeyword.findWebElement(WebUIAbstractKeyword.groovy:27)
	at com.kms.katalon.core.webui.keyword.internal.WebUIAbstractKeyword.findWebElement(WebUIAbstractKeyword.groovy:26)
	at com.kms.katalon.core.webui.keyword.builtin.ClickKeyword$_click_closure1.doCall(ClickKeyword.groovy:68)
	at com.kms.katalon.core.webui.keyword.builtin.ClickKeyword$_click_closure1.call(ClickKeyword.groovy)
	at com.kms.katalon.core.webui.keyword.internal.WebUIKeywordMain.runKeyword(WebUIKeywordMain.groovy:20)
	... 19 more
"/>
         <system-out><![CDATA[2019-12-23 14:11:05 - [TEST_CASE][FAILED] - Test Cases/p4p_cancelReserEdit: Test Cases/p4p_cancelReserEdit FAILED.
Reason:
com.kms.katalon.core.exception.StepFailedException: Unable to click on object 'Object Repository/object_reservation/button_Next'
	at com.kms.katalon.core.webui.keyword.internal.WebUIKeywordMain.stepFailed(WebUIKeywordMain.groovy:64)
	at com.kms.katalon.core.webui.keyword.internal.WebUIKeywordMain.runKeyword(WebUIKeywordMain.groovy:26)
	at com.kms.katalon.core.webui.keyword.builtin.ClickKeyword.click(ClickKeyword.groovy:99)
	at com.kms.katalon.core.webui.keyword.builtin.ClickKeyword.execute(ClickKeyword.groovy:43)
	at com.kms.katalon.core.keyword.internal.KeywordExecutor.executeKeywordForPlatform(KeywordExecutor.groovy:60)
	at com.kms.katalon.core.webui.keyword.WebUiBuiltInKeywords.click(WebUiBuiltInKeywords.groovy:616)
	at com.kms.katalon.core.webui.keyword.WebUiBuiltInKeywords$click$2.call(Unknown Source)
	at p4p_cancelReserEdit.run(p4p_cancelReserEdit:65)
	at com.kms.katalon.core.main.ScriptEngine.run(ScriptEngine.java:194)
	at com.kms.katalon.core.main.ScriptEngine.runScriptAsRawText(ScriptEngine.java:119)
	at com.kms.katalon.core.main.TestCaseExecutor.runScript(TestCaseExecutor.java:337)
	at com.kms.katalon.core.main.TestCaseExecutor.doExecute(TestCaseExecutor.java:328)
	at com.kms.katalon.core.main.TestCaseExecutor.processExecutionPhase(TestCaseExecutor.java:307)
	at com.kms.katalon.core.main.TestCaseExecutor.accessMainPhase(TestCaseExecutor.java:299)
	at com.kms.katalon.core.main.TestCaseExecutor.execute(TestCaseExecutor.java:233)
	at com.kms.katalon.core.main.TestSuiteExecutor.accessTestCaseMainPhase(TestSuiteExecutor.java:169)
	at com.kms.katalon.core.main.TestSuiteExecutor.accessTestSuiteMainPhase(TestSuiteExecutor.java:142)
	at com.kms.katalon.core.main.TestSuiteExecutor.execute(TestSuiteExecutor.java:91)
	at com.kms.katalon.core.main.TestCaseMain.startTestSuite(TestCaseMain.java:157)
	at com.kms.katalon.core.main.TestCaseMain$startTestSuite$0.call(Unknown Source)
	at TempTestSuite1577130930071.run(TempTestSuite1577130930071.groovy:36)
Caused by: com.kms.katalon.core.webui.exception.WebElementNotFoundException: Web element with id: 'Object Repository/object_reservation/button_Next' located by 'By.xpath: (//button[@type='button'])[10]' not found
	at com.kms.katalon.core.webui.common.WebUiCommonHelper.findWebElement(WebUiCommonHelper.java:1113)
	at com.kms.katalon.core.webui.keyword.internal.WebUIAbstractKeyword.findWebElement(WebUIAbstractKeyword.groovy:27)
	at com.kms.katalon.core.webui.keyword.internal.WebUIAbstractKeyword.findWebElement(WebUIAbstractKeyword.groovy:26)
	at com.kms.katalon.core.webui.keyword.builtin.ClickKeyword$_click_closure1.doCall(ClickKeyword.groovy:68)
	at com.kms.katalon.core.webui.keyword.builtin.ClickKeyword$_click_closure1.call(ClickKeyword.groovy)
	at com.kms.katalon.core.webui.keyword.internal.WebUIKeywordMain.runKeyword(WebUIKeywordMain.groovy:20)
	... 19 more


2019-12-23 14:11:05 - [TEST_STEP][PASSED] - openBrowser("https://p4p-qa-bg.aws.paradise4paws.com/login/"): Browser is opened with url: 'https://p4p-qa-bg.aws.paradise4paws.com/login/'

2019-12-23 14:11:05 - [MESSAGE][WARNING] - A browser is already opened. Closing browser and opening a new one

2019-12-23 14:11:06 - [MESSAGE][INFO] - Starting 'Firefox' driver

2019-12-23 14:11:09 - [MESSAGE][PASSED] - Browser is opened with url: 'https://p4p-qa-bg.aws.paradise4paws.com/login/'

2019-12-23 14:11:09 - [TEST_STEP][PASSED] - setText(findTestObject("Object Repository/object_login/input_user"), var_user): Text 'jegchavez@gmail.com' is set on object 'Object Repository/object_login/input_user'

2019-12-23 14:11:10 - [MESSAGE][PASSED] - Text 'jegchavez@gmail.com' is set on object 'Object Repository/object_login/input_user'

2019-12-23 14:11:10 - [TEST_STEP][PASSED] - setText(findTestObject("Object Repository/object_login/input_pass"), var_pass): Text 'admin1' is set on object 'Object Repository/object_login/input_pass'

2019-12-23 14:11:10 - [MESSAGE][PASSED] - Text 'admin1' is set on object 'Object Repository/object_login/input_pass'

2019-12-23 14:11:10 - [TEST_STEP][PASSED] - delay(2): Delayed 2 second(s)

2019-12-23 14:11:12 - [MESSAGE][PASSED] - Delayed 2 second(s)

2019-12-23 14:11:12 - [TEST_STEP][PASSED] - verifyElementClickable(findTestObject("Object Repository/object_login/btn_login")): Object 'Object Repository/object_login/btn_login' is clickable

2019-12-23 14:11:13 - [MESSAGE][PASSED] - Object 'Object Repository/object_login/btn_login' is clickable

2019-12-23 14:11:13 - [TEST_STEP][PASSED] - click(findTestObject("Object Repository/object_login/btn_login")): Object: 'Object Repository/object_login/btn_login' is clicked on

2019-12-23 14:11:16 - [MESSAGE][PASSED] - Object: 'Object Repository/object_login/btn_login' is clicked on

2019-12-23 14:11:16 - [TEST_STEP][PASSED] - delay(2): Delayed 2 second(s)

2019-12-23 14:11:18 - [MESSAGE][PASSED] - Delayed 2 second(s)

2019-12-23 14:11:18 - [TEST_STEP][PASSED] - setText(findTestObject("Object Repository/object_dashboard_emp/input_search"), var_mailParent): Text 'test@test.test' is set on object 'Object Repository/object_dashboard_emp/input_search'

2019-12-23 14:11:19 - [MESSAGE][PASSED] - Text 'test@test.test' is set on object 'Object Repository/object_dashboard_emp/input_search'

2019-12-23 14:11:19 - [TEST_STEP][PASSED] - click(findTestObject("Object Repository/object_dashboard_emp/btn_accountSearch")): Object: 'Object Repository/object_dashboard_emp/btn_accountSearch' is clicked on

2019-12-23 14:11:20 - [MESSAGE][PASSED] - Object: 'Object Repository/object_dashboard_emp/btn_accountSearch' is clicked on

2019-12-23 14:11:20 - [TEST_STEP][PASSED] - delay(2): Delayed 2 second(s)

2019-12-23 14:11:22 - [MESSAGE][PASSED] - Delayed 2 second(s)

2019-12-23 14:11:22 - [TEST_STEP][PASSED] - click(findTestObject("object_accountInformation/a_TEST GABRIEL PROD")): Object: 'Object Repository/object_accountInformation/a_TEST GABRIEL PROD' is clicked on

2019-12-23 14:11:28 - [MESSAGE][PASSED] - Object: 'Object Repository/object_accountInformation/a_TEST GABRIEL PROD' is clicked on

2019-12-23 14:11:28 - [TEST_STEP][PASSED] - delay(1): Delayed 1 second(s)

2019-12-23 14:11:29 - [MESSAGE][PASSED] - Delayed 1 second(s)

2019-12-23 14:11:29 - [TEST_STEP][PASSED] - a = var_url1 + var_idReservation + var_url2 + var_idParent: null

2019-12-23 14:11:29 - [TEST_STEP][PASSED] - delay(4): Delayed 4 second(s)

2019-12-23 14:11:33 - [MESSAGE][PASSED] - Delayed 4 second(s)

2019-12-23 14:11:33 - [TEST_STEP][PASSED] - log = new com.kms.katalon.core.logging.KeywordLogger(): null

2019-12-23 14:11:33 - [TEST_STEP][PASSED] - log.logInfo("URL: " + a): URL: https://p4p-qa-bg.aws.paradise4paws.com/frontdesk/reservation/
Error en la reservacion/?parent_id=122350

2019-12-23 14:11:33 - [MESSAGE][INFO] - URL: https://p4p-qa-bg.aws.paradise4paws.com/frontdesk/reservation/
Error en la reservacion/?parent_id=122350

2019-12-23 14:11:33 - [TEST_STEP][PASSED] - navigateToUrl(a): Navigate to 'https://p4p-qa-bg.aws.paradise4paws.com/frontdesk/reservation/
Error en la reservacion/?parent_id=122350' successfully

2019-12-23 14:11:33 - [MESSAGE][PASSED] - Navigate to 'https://p4p-qa-bg.aws.paradise4paws.com/frontdesk/reservation/
Error en la reservacion/?parent_id=122350' successfully

2019-12-23 14:11:33 - [TEST_STEP][PASSED] - delay(3): Delayed 3 second(s)

2019-12-23 14:11:36 - [MESSAGE][PASSED] - Delayed 3 second(s)

2019-12-23 14:11:36 - [TEST_STEP][FAILED] - click(findTestObject("object_reservation/button_Next")): Unable to click on object 'Object Repository/object_reservation/button_Next' (Root cause: com.kms.katalon.core.exception.StepFailedException: Unable to click on object 'Object Repository/object_reservation/button_Next'
	at com.kms.katalon.core.webui.keyword.internal.WebUIKeywordMain.stepFailed(WebUIKeywordMain.groovy:64)
	at com.kms.katalon.core.webui.keyword.internal.WebUIKeywordMain.runKeyword(WebUIKeywordMain.groovy:26)
	at com.kms.katalon.core.webui.keyword.builtin.ClickKeyword.click(ClickKeyword.groovy:99)
	at com.kms.katalon.core.webui.keyword.builtin.ClickKeyword.execute(ClickKeyword.groovy:43)
	at com.kms.katalon.core.keyword.internal.KeywordExecutor.executeKeywordForPlatform(KeywordExecutor.groovy:60)
	at com.kms.katalon.core.webui.keyword.WebUiBuiltInKeywords.click(WebUiBuiltInKeywords.groovy:616)
	at com.kms.katalon.core.webui.keyword.WebUiBuiltInKeywords$click$2.call(Unknown Source)
	at p4p_cancelReserEdit.run(p4p_cancelReserEdit:65)
	at com.kms.katalon.core.main.ScriptEngine.run(ScriptEngine.java:194)
	at com.kms.katalon.core.main.ScriptEngine.runScriptAsRawText(ScriptEngine.java:119)
	at com.kms.katalon.core.main.TestCaseExecutor.runScript(TestCaseExecutor.java:337)
	at com.kms.katalon.core.main.TestCaseExecutor.doExecute(TestCaseExecutor.java:328)
	at com.kms.katalon.core.main.TestCaseExecutor.processExecutionPhase(TestCaseExecutor.java:307)
	at com.kms.katalon.core.main.TestCaseExecutor.accessMainPhase(TestCaseExecutor.java:299)
	at com.kms.katalon.core.main.TestCaseExecutor.execute(TestCaseExecutor.java:233)
	at com.kms.katalon.core.main.TestSuiteExecutor.accessTestCaseMainPhase(TestSuiteExecutor.java:169)
	at com.kms.katalon.core.main.TestSuiteExecutor.accessTestSuiteMainPhase(TestSuiteExecutor.java:142)
	at com.kms.katalon.core.main.TestSuiteExecutor.execute(TestSuiteExecutor.java:91)
	at com.kms.katalon.core.main.TestCaseMain.startTestSuite(TestCaseMain.java:157)
	at com.kms.katalon.core.main.TestCaseMain$startTestSuite$0.call(Unknown Source)
	at TempTestSuite1577130930071.run(TempTestSuite1577130930071.groovy:36)
Caused by: com.kms.katalon.core.webui.exception.WebElementNotFoundException: Web element with id: 'Object Repository/object_reservation/button_Next' located by 'By.xpath: (//button[@type='button'])[10]' not found
	at com.kms.katalon.core.webui.common.WebUiCommonHelper.findWebElement(WebUiCommonHelper.java:1113)
	at com.kms.katalon.core.webui.keyword.internal.WebUIAbstractKeyword.findWebElement(WebUIAbstractKeyword.groovy:27)
	at com.kms.katalon.core.webui.keyword.internal.WebUIAbstractKeyword.findWebElement(WebUIAbstractKeyword.groovy:26)
	at com.kms.katalon.core.webui.keyword.builtin.ClickKeyword$_click_closure1.doCall(ClickKeyword.groovy:68)
	at com.kms.katalon.core.webui.keyword.builtin.ClickKeyword$_click_closure1.call(ClickKeyword.groovy)
	at com.kms.katalon.core.webui.keyword.internal.WebUIKeywordMain.runKeyword(WebUIKeywordMain.groovy:20)
	at com.kms.katalon.core.webui.keyword.builtin.ClickKeyword.click(ClickKeyword.groovy:99)
	at com.kms.katalon.core.webui.keyword.builtin.ClickKeyword.execute(ClickKeyword.groovy:43)
	at com.kms.katalon.core.keyword.internal.KeywordExecutor.executeKeywordForPlatform(KeywordExecutor.groovy:60)
	at com.kms.katalon.core.webui.keyword.WebUiBuiltInKeywords.click(WebUiBuiltInKeywords.groovy:616)
	at com.kms.katalon.core.webui.keyword.WebUiBuiltInKeywords$click$2.call(Unknown Source)
	at Script1575908897768.run(Script1575908897768.groovy:65)
	... 13 more
)

2019-12-23 14:12:18 - [MESSAGE][INFO] - Unable to find the element located by 'By.xpath: (//button[@type='button'])[10]'. Please recheck the objects properties to make sure the desired element is located. 

2019-12-23 14:12:18 - [MESSAGE][FAILED] - Unable to click on object 'Object Repository/object_reservation/button_Next' (Root cause: com.kms.katalon.core.exception.StepFailedException: Unable to click on object 'Object Repository/object_reservation/button_Next'
	at com.kms.katalon.core.webui.keyword.internal.WebUIKeywordMain.stepFailed(WebUIKeywordMain.groovy:64)
	at com.kms.katalon.core.webui.keyword.internal.WebUIKeywordMain.runKeyword(WebUIKeywordMain.groovy:26)
	at com.kms.katalon.core.webui.keyword.builtin.ClickKeyword.click(ClickKeyword.groovy:99)
	at com.kms.katalon.core.webui.keyword.builtin.ClickKeyword.execute(ClickKeyword.groovy:43)
	at com.kms.katalon.core.keyword.internal.KeywordExecutor.executeKeywordForPlatform(KeywordExecutor.groovy:60)
	at com.kms.katalon.core.webui.keyword.WebUiBuiltInKeywords.click(WebUiBuiltInKeywords.groovy:616)
	at com.kms.katalon.core.webui.keyword.WebUiBuiltInKeywords$click$2.call(Unknown Source)
	at p4p_cancelReserEdit.run(p4p_cancelReserEdit:65)
	at com.kms.katalon.core.main.ScriptEngine.run(ScriptEngine.java:194)
	at com.kms.katalon.core.main.ScriptEngine.runScriptAsRawText(ScriptEngine.java:119)
	at com.kms.katalon.core.main.TestCaseExecutor.runScript(TestCaseExecutor.java:337)
	at com.kms.katalon.core.main.TestCaseExecutor.doExecute(TestCaseExecutor.java:328)
	at com.kms.katalon.core.main.TestCaseExecutor.processExecutionPhase(TestCaseExecutor.java:307)
	at com.kms.katalon.core.main.TestCaseExecutor.accessMainPhase(TestCaseExecutor.java:299)
	at com.kms.katalon.core.main.TestCaseExecutor.execute(TestCaseExecutor.java:233)
	at com.kms.katalon.core.main.TestSuiteExecutor.accessTestCaseMainPhase(TestSuiteExecutor.java:169)
	at com.kms.katalon.core.main.TestSuiteExecutor.accessTestSuiteMainPhase(TestSuiteExecutor.java:142)
	at com.kms.katalon.core.main.TestSuiteExecutor.execute(TestSuiteExecutor.java:91)
	at com.kms.katalon.core.main.TestCaseMain.startTestSuite(TestCaseMain.java:157)
	at com.kms.katalon.core.main.TestCaseMain$startTestSuite$0.call(Unknown Source)
	at TempTestSuite1577130930071.run(TempTestSuite1577130930071.groovy:36)
Caused by: com.kms.katalon.core.webui.exception.WebElementNotFoundException: Web element with id: 'Object Repository/object_reservation/button_Next' located by 'By.xpath: (//button[@type='button'])[10]' not found
	at com.kms.katalon.core.webui.common.WebUiCommonHelper.findWebElement(WebUiCommonHelper.java:1113)
	at com.kms.katalon.core.webui.keyword.internal.WebUIAbstractKeyword.findWebElement(WebUIAbstractKeyword.groovy:27)
	at com.kms.katalon.core.webui.keyword.internal.WebUIAbstractKeyword.findWebElement(WebUIAbstractKeyword.groovy:26)
	at com.kms.katalon.core.webui.keyword.builtin.ClickKeyword$_click_closure1.doCall(ClickKeyword.groovy:68)
	at com.kms.katalon.core.webui.keyword.builtin.ClickKeyword$_click_closure1.call(ClickKeyword.groovy)
	at com.kms.katalon.core.webui.keyword.internal.WebUIKeywordMain.runKeyword(WebUIKeywordMain.groovy:20)
	at com.kms.katalon.core.webui.keyword.builtin.ClickKeyword.click(ClickKeyword.groovy:99)
	at com.kms.katalon.core.webui.keyword.builtin.ClickKeyword.execute(ClickKeyword.groovy:43)
	at com.kms.katalon.core.keyword.internal.KeywordExecutor.executeKeywordForPlatform(KeywordExecutor.groovy:60)
	at com.kms.katalon.core.webui.keyword.WebUiBuiltInKeywords.click(WebUiBuiltInKeywords.groovy:616)
	at com.kms.katalon.core.webui.keyword.WebUiBuiltInKeywords$click$2.call(Unknown Source)
	at Script1575908897768.run(Script1575908897768.groovy:65)
	... 13 more
)
[[ATTACHMENT|/home/leonardo-arkusmty/Documents/workspaceKatalon/p4ptest/Reports/20191223_135530/ts_cancelReservation/20191223_135530/1577131938305.png]]]]></system-out>
         <system-err><![CDATA[2019-12-23 14:11:05 - [TEST_CASE][FAILED] - Test Cases/p4p_cancelReserEdit: Test Cases/p4p_cancelReserEdit FAILED.
Reason:
com.kms.katalon.core.exception.StepFailedException: Unable to click on object 'Object Repository/object_reservation/button_Next'
	at com.kms.katalon.core.webui.keyword.internal.WebUIKeywordMain.stepFailed(WebUIKeywordMain.groovy:64)
	at com.kms.katalon.core.webui.keyword.internal.WebUIKeywordMain.runKeyword(WebUIKeywordMain.groovy:26)
	at com.kms.katalon.core.webui.keyword.builtin.ClickKeyword.click(ClickKeyword.groovy:99)
	at com.kms.katalon.core.webui.keyword.builtin.ClickKeyword.execute(ClickKeyword.groovy:43)
	at com.kms.katalon.core.keyword.internal.KeywordExecutor.executeKeywordForPlatform(KeywordExecutor.groovy:60)
	at com.kms.katalon.core.webui.keyword.WebUiBuiltInKeywords.click(WebUiBuiltInKeywords.groovy:616)
	at com.kms.katalon.core.webui.keyword.WebUiBuiltInKeywords$click$2.call(Unknown Source)
	at p4p_cancelReserEdit.run(p4p_cancelReserEdit:65)
	at com.kms.katalon.core.main.ScriptEngine.run(ScriptEngine.java:194)
	at com.kms.katalon.core.main.ScriptEngine.runScriptAsRawText(ScriptEngine.java:119)
	at com.kms.katalon.core.main.TestCaseExecutor.runScript(TestCaseExecutor.java:337)
	at com.kms.katalon.core.main.TestCaseExecutor.doExecute(TestCaseExecutor.java:328)
	at com.kms.katalon.core.main.TestCaseExecutor.processExecutionPhase(TestCaseExecutor.java:307)
	at com.kms.katalon.core.main.TestCaseExecutor.accessMainPhase(TestCaseExecutor.java:299)
	at com.kms.katalon.core.main.TestCaseExecutor.execute(TestCaseExecutor.java:233)
	at com.kms.katalon.core.main.TestSuiteExecutor.accessTestCaseMainPhase(TestSuiteExecutor.java:169)
	at com.kms.katalon.core.main.TestSuiteExecutor.accessTestSuiteMainPhase(TestSuiteExecutor.java:142)
	at com.kms.katalon.core.main.TestSuiteExecutor.execute(TestSuiteExecutor.java:91)
	at com.kms.katalon.core.main.TestCaseMain.startTestSuite(TestCaseMain.java:157)
	at com.kms.katalon.core.main.TestCaseMain$startTestSuite$0.call(Unknown Source)
	at TempTestSuite1577130930071.run(TempTestSuite1577130930071.groovy:36)
Caused by: com.kms.katalon.core.webui.exception.WebElementNotFoundException: Web element with id: 'Object Repository/object_reservation/button_Next' located by 'By.xpath: (//button[@type='button'])[10]' not found
	at com.kms.katalon.core.webui.common.WebUiCommonHelper.findWebElement(WebUiCommonHelper.java:1113)
	at com.kms.katalon.core.webui.keyword.internal.WebUIAbstractKeyword.findWebElement(WebUIAbstractKeyword.groovy:27)
	at com.kms.katalon.core.webui.keyword.internal.WebUIAbstractKeyword.findWebElement(WebUIAbstractKeyword.groovy:26)
	at com.kms.katalon.core.webui.keyword.builtin.ClickKeyword$_click_closure1.doCall(ClickKeyword.groovy:68)
	at com.kms.katalon.core.webui.keyword.builtin.ClickKeyword$_click_closure1.call(ClickKeyword.groovy)
	at com.kms.katalon.core.webui.keyword.internal.WebUIKeywordMain.runKeyword(WebUIKeywordMain.groovy:20)
	... 19 more]]></system-err>
      </testcase>
      <testcase name="Test Cases/p4p_cancelReserEdit" time="59.174" classname="Test Cases/p4p_cancelReserEdit" status="PASSED">
         <system-out><![CDATA[2019-12-23 14:12:18 - [TEST_CASE][PASSED] - Test Cases/p4p_cancelReserEdit: Test Cases/p4p_cancelReserEdit

2019-12-23 14:12:18 - [TEST_STEP][PASSED] - openBrowser("https://p4p-qa-bg.aws.paradise4paws.com/login/"): Browser is opened with url: 'https://p4p-qa-bg.aws.paradise4paws.com/login/'

2019-12-23 14:12:18 - [MESSAGE][WARNING] - A browser is already opened. Closing browser and opening a new one

2019-12-23 14:12:19 - [MESSAGE][INFO] - Starting 'Firefox' driver

2019-12-23 14:12:22 - [MESSAGE][PASSED] - Browser is opened with url: 'https://p4p-qa-bg.aws.paradise4paws.com/login/'

2019-12-23 14:12:22 - [TEST_STEP][PASSED] - setText(findTestObject("Object Repository/object_login/input_user"), var_user): Text 'jegchavez@gmail.com' is set on object 'Object Repository/object_login/input_user'

2019-12-23 14:12:24 - [MESSAGE][PASSED] - Text 'jegchavez@gmail.com' is set on object 'Object Repository/object_login/input_user'

2019-12-23 14:12:24 - [TEST_STEP][PASSED] - setText(findTestObject("Object Repository/object_login/input_pass"), var_pass): Text 'admin1' is set on object 'Object Repository/object_login/input_pass'

2019-12-23 14:12:24 - [MESSAGE][PASSED] - Text 'admin1' is set on object 'Object Repository/object_login/input_pass'

2019-12-23 14:12:24 - [TEST_STEP][PASSED] - delay(2): Delayed 2 second(s)

2019-12-23 14:12:26 - [MESSAGE][PASSED] - Delayed 2 second(s)

2019-12-23 14:12:26 - [TEST_STEP][PASSED] - verifyElementClickable(findTestObject("Object Repository/object_login/btn_login")): Object 'Object Repository/object_login/btn_login' is clickable

2019-12-23 14:12:26 - [MESSAGE][PASSED] - Object 'Object Repository/object_login/btn_login' is clickable

2019-12-23 14:12:26 - [TEST_STEP][PASSED] - click(findTestObject("Object Repository/object_login/btn_login")): Object: 'Object Repository/object_login/btn_login' is clicked on

2019-12-23 14:12:30 - [MESSAGE][PASSED] - Object: 'Object Repository/object_login/btn_login' is clicked on

2019-12-23 14:12:30 - [TEST_STEP][PASSED] - delay(2): Delayed 2 second(s)

2019-12-23 14:12:32 - [MESSAGE][PASSED] - Delayed 2 second(s)

2019-12-23 14:12:32 - [TEST_STEP][PASSED] - setText(findTestObject("Object Repository/object_dashboard_emp/input_search"), var_mailParent): Text 'test@test.test' is set on object 'Object Repository/object_dashboard_emp/input_search'

2019-12-23 14:12:32 - [MESSAGE][PASSED] - Text 'test@test.test' is set on object 'Object Repository/object_dashboard_emp/input_search'

2019-12-23 14:12:32 - [TEST_STEP][PASSED] - click(findTestObject("Object Repository/object_dashboard_emp/btn_accountSearch")): Object: 'Object Repository/object_dashboard_emp/btn_accountSearch' is clicked on

2019-12-23 14:12:33 - [MESSAGE][PASSED] - Object: 'Object Repository/object_dashboard_emp/btn_accountSearch' is clicked on

2019-12-23 14:12:33 - [TEST_STEP][PASSED] - delay(2): Delayed 2 second(s)

2019-12-23 14:12:35 - [MESSAGE][PASSED] - Delayed 2 second(s)

2019-12-23 14:12:35 - [TEST_STEP][PASSED] - click(findTestObject("object_accountInformation/a_TEST GABRIEL PROD")): Object: 'Object Repository/object_accountInformation/a_TEST GABRIEL PROD' is clicked on

2019-12-23 14:12:41 - [MESSAGE][PASSED] - Object: 'Object Repository/object_accountInformation/a_TEST GABRIEL PROD' is clicked on

2019-12-23 14:12:41 - [TEST_STEP][PASSED] - delay(1): Delayed 1 second(s)

2019-12-23 14:12:42 - [MESSAGE][PASSED] - Delayed 1 second(s)

2019-12-23 14:12:42 - [TEST_STEP][PASSED] - a = var_url1 + var_idReservation + var_url2 + var_idParent: null

2019-12-23 14:12:42 - [TEST_STEP][PASSED] - delay(4): Delayed 4 second(s)

2019-12-23 14:12:46 - [MESSAGE][PASSED] - Delayed 4 second(s)

2019-12-23 14:12:46 - [TEST_STEP][PASSED] - log = new com.kms.katalon.core.logging.KeywordLogger(): null

2019-12-23 14:12:46 - [TEST_STEP][PASSED] - log.logInfo("URL: " + a): URL: https://p4p-qa-bg.aws.paradise4paws.com/frontdesk/reservation/
1702651/?parent_id=122350

2019-12-23 14:12:46 - [MESSAGE][INFO] - URL: https://p4p-qa-bg.aws.paradise4paws.com/frontdesk/reservation/
1702651/?parent_id=122350

2019-12-23 14:12:46 - [TEST_STEP][PASSED] - navigateToUrl(a): Navigate to 'https://p4p-qa-bg.aws.paradise4paws.com/frontdesk/reservation/
1702651/?parent_id=122350' successfully

2019-12-23 14:12:48 - [MESSAGE][PASSED] - Navigate to 'https://p4p-qa-bg.aws.paradise4paws.com/frontdesk/reservation/
1702651/?parent_id=122350' successfully

2019-12-23 14:12:48 - [TEST_STEP][PASSED] - delay(3): Delayed 3 second(s)

2019-12-23 14:12:51 - [MESSAGE][PASSED] - Delayed 3 second(s)

2019-12-23 14:12:51 - [TEST_STEP][PASSED] - click(findTestObject("object_reservation/button_Next")): Object: 'Object Repository/object_reservation/button_Next' is clicked on

2019-12-23 14:12:53 - [MESSAGE][PASSED] - Object: 'Object Repository/object_reservation/button_Next' is clicked on

2019-12-23 14:12:53 - [TEST_STEP][PASSED] - delay(1): Delayed 1 second(s)

2019-12-23 14:12:54 - [MESSAGE][PASSED] - Delayed 1 second(s)

2019-12-23 14:12:54 - [TEST_STEP][PASSED] - if (var_typeReserv == "BOARDING"): null

2019-12-23 14:12:54 - [TEST_STEP][PASSED] - click(findTestObject("object_reservation/button_Next")): Object: 'Object Repository/object_reservation/button_Next' is clicked on

2019-12-23 14:12:54 - [MESSAGE][PASSED] - Object: 'Object Repository/object_reservation/button_Next' is clicked on

2019-12-23 14:12:54 - [TEST_STEP][PASSED] - click(findTestObject("object_reservation/btn_cancelReservation")): Object: 'Object Repository/object_reservation/btn_cancelReservation' is clicked on

2019-12-23 14:12:57 - [MESSAGE][PASSED] - Object: 'Object Repository/object_reservation/btn_cancelReservation' is clicked on

2019-12-23 14:12:57 - [TEST_STEP][PASSED] - delay(4): Delayed 4 second(s)

2019-12-23 14:13:01 - [MESSAGE][PASSED] - Delayed 4 second(s)

2019-12-23 14:13:01 - [TEST_STEP][PASSED] - click(findTestObject("Object Repository/object_reservation/Page_Paradise 4 Paws  Dog Boarding Cat Boar_145431/button_Cancel This Reservation")): Object: 'Object Repository/object_reservation/Page_Paradise 4 Paws  Dog Boarding Cat Boar_145431/button_Cancel This Reservation' is clicked on

2019-12-23 14:13:01 - [MESSAGE][PASSED] - Object: 'Object Repository/object_reservation/Page_Paradise 4 Paws  Dog Boarding Cat Boar_145431/button_Cancel This Reservation' is clicked on

2019-12-23 14:13:01 - [TEST_STEP][PASSED] - delay(4): Delayed 4 second(s)

2019-12-23 14:13:05 - [MESSAGE][PASSED] - Delayed 4 second(s)

2019-12-23 14:13:05 - [TEST_STEP][PASSED] - navigateToUrl(a): Navigate to 'https://p4p-qa-bg.aws.paradise4paws.com/frontdesk/reservation/
1702651/?parent_id=122350' successfully

2019-12-23 14:13:06 - [MESSAGE][PASSED] - Navigate to 'https://p4p-qa-bg.aws.paradise4paws.com/frontdesk/reservation/
1702651/?parent_id=122350' successfully

2019-12-23 14:13:06 - [TEST_STEP][PASSED] - verifyElementText(findTestObject("Object Repository/object_reservation/Page_Paradise 4 Paws  Dog Boarding Cat Boar_35fe2b/span_( BK )"), "( CAN )", STOP_ON_FAILURE): Actual text and expected text of test object 'Object Repository/object_reservation/Page_Paradise 4 Paws  Dog Boarding Cat Boar_35fe2b/span_( BK )' are matched.

2019-12-23 14:13:12 - [MESSAGE][PASSED] - Actual text and expected text of test object 'Object Repository/object_reservation/Page_Paradise 4 Paws  Dog Boarding Cat Boar_35fe2b/span_( BK )' are matched.

2019-12-23 14:13:12 - [TEST_STEP][PASSED] - log.logInfo(getText(findTestObject("Object Repository/object_reservation/Page_Paradise 4 Paws  Dog Boarding Cat Boar_35fe2b/span_( BK )"))): ( CAN )

2019-12-23 14:13:12 - [MESSAGE][PASSED] - Text of object 'Object Repository/object_reservation/Page_Paradise 4 Paws  Dog Boarding Cat Boar_35fe2b/span_( BK )' is: '( CAN )'

2019-12-23 14:13:12 - [MESSAGE][INFO] - ( CAN )

2019-12-23 14:13:12 - [TEST_STEP][PASSED] - delay(5): Delayed 5 second(s)

2019-12-23 14:13:17 - [MESSAGE][PASSED] - Delayed 5 second(s)

2019-12-23 14:13:17 - [TEST_STEP][PASSED] - var = Integer.parseInt(var_idRowRes): null

2019-12-23 14:13:17 - [TEST_STEP][PASSED] - fis = new java.io.FileInputStream(/home/leonardo-arkusmty/Desktop/P4P/DATA_AUTOMATINTESTING/data_2cancelReservation.xlsx): null

2019-12-23 14:13:17 - [TEST_STEP][PASSED] - workbook = new org.apache.poi.xssf.usermodel.XSSFWorkbook(fis): null

2019-12-23 14:13:17 - [TEST_STEP][PASSED] - sheet = workbook.getSheet("Sheet1"): null

2019-12-23 14:13:17 - [TEST_STEP][PASSED] - row = sheet.getRow(var): null

2019-12-23 14:13:17 - [TEST_STEP][PASSED] - cell = row.createCell(7, 0): null

2019-12-23 14:13:17 - [TEST_STEP][PASSED] - cell.setCellType(CELL_TYPE_STRING): null

2019-12-23 14:13:17 - [TEST_STEP][PASSED] - cell.setCellValue(getText(findTestObject("Object Repository/object_reservation/Page_Paradise 4 Paws  Dog Boarding Cat Boar_35fe2b/span_( BK )"))): Text of object 'Object Repository/object_reservation/Page_Paradise 4 Paws  Dog Boarding Cat Boar_35fe2b/span_( BK )' is: '( CAN )'

2019-12-23 14:13:17 - [MESSAGE][PASSED] - Text of object 'Object Repository/object_reservation/Page_Paradise 4 Paws  Dog Boarding Cat Boar_35fe2b/span_( BK )' is: '( CAN )'

2019-12-23 14:13:17 - [TEST_STEP][PASSED] - fos = new java.io.FileOutputStream(/home/leonardo-arkusmty/Desktop/P4P/DATA_AUTOMATINTESTING/data_2cancelReservation.xlsx): null

2019-12-23 14:13:17 - [TEST_STEP][PASSED] - workbook.write(fos): null

2019-12-23 14:13:17 - [TEST_STEP][PASSED] - fos.close(): null]]></system-out>
         <system-err><![CDATA[]]></system-err>
      </testcase>
      <testcase name="Test Cases/p4p_cancelReserEdit" time="65.447" classname="Test Cases/p4p_cancelReserEdit" status="PASSED">
         <system-out><![CDATA[2019-12-23 14:13:17 - [TEST_CASE][PASSED] - Test Cases/p4p_cancelReserEdit: Test Cases/p4p_cancelReserEdit

2019-12-23 14:13:17 - [TEST_STEP][PASSED] - openBrowser("https://p4p-qa-bg.aws.paradise4paws.com/login/"): Browser is opened with url: 'https://p4p-qa-bg.aws.paradise4paws.com/login/'

2019-12-23 14:13:17 - [MESSAGE][WARNING] - A browser is already opened. Closing browser and opening a new one

2019-12-23 14:13:18 - [MESSAGE][INFO] - Starting 'Firefox' driver

2019-12-23 14:13:21 - [MESSAGE][PASSED] - Browser is opened with url: 'https://p4p-qa-bg.aws.paradise4paws.com/login/'

2019-12-23 14:13:21 - [TEST_STEP][PASSED] - setText(findTestObject("Object Repository/object_login/input_user"), var_user): Text 'jegchavez@gmail.com' is set on object 'Object Repository/object_login/input_user'

2019-12-23 14:13:23 - [MESSAGE][PASSED] - Text 'jegchavez@gmail.com' is set on object 'Object Repository/object_login/input_user'

2019-12-23 14:13:23 - [TEST_STEP][PASSED] - setText(findTestObject("Object Repository/object_login/input_pass"), var_pass): Text 'admin1' is set on object 'Object Repository/object_login/input_pass'

2019-12-23 14:13:23 - [MESSAGE][PASSED] - Text 'admin1' is set on object 'Object Repository/object_login/input_pass'

2019-12-23 14:13:23 - [TEST_STEP][PASSED] - delay(2): Delayed 2 second(s)

2019-12-23 14:13:25 - [MESSAGE][PASSED] - Delayed 2 second(s)

2019-12-23 14:13:25 - [TEST_STEP][PASSED] - verifyElementClickable(findTestObject("Object Repository/object_login/btn_login")): Object 'Object Repository/object_login/btn_login' is clickable

2019-12-23 14:13:25 - [MESSAGE][PASSED] - Object 'Object Repository/object_login/btn_login' is clickable

2019-12-23 14:13:25 - [TEST_STEP][PASSED] - click(findTestObject("Object Repository/object_login/btn_login")): Object: 'Object Repository/object_login/btn_login' is clicked on

2019-12-23 14:13:29 - [MESSAGE][PASSED] - Object: 'Object Repository/object_login/btn_login' is clicked on

2019-12-23 14:13:29 - [TEST_STEP][PASSED] - delay(2): Delayed 2 second(s)

2019-12-23 14:13:31 - [MESSAGE][PASSED] - Delayed 2 second(s)

2019-12-23 14:13:31 - [TEST_STEP][PASSED] - setText(findTestObject("Object Repository/object_dashboard_emp/input_search"), var_mailParent): Text 'test@test.test' is set on object 'Object Repository/object_dashboard_emp/input_search'

2019-12-23 14:13:31 - [MESSAGE][PASSED] - Text 'test@test.test' is set on object 'Object Repository/object_dashboard_emp/input_search'

2019-12-23 14:13:31 - [TEST_STEP][PASSED] - click(findTestObject("Object Repository/object_dashboard_emp/btn_accountSearch")): Object: 'Object Repository/object_dashboard_emp/btn_accountSearch' is clicked on

2019-12-23 14:13:33 - [MESSAGE][PASSED] - Object: 'Object Repository/object_dashboard_emp/btn_accountSearch' is clicked on

2019-12-23 14:13:33 - [TEST_STEP][PASSED] - delay(2): Delayed 2 second(s)

2019-12-23 14:13:35 - [MESSAGE][PASSED] - Delayed 2 second(s)

2019-12-23 14:13:35 - [TEST_STEP][PASSED] - click(findTestObject("object_accountInformation/a_TEST GABRIEL PROD")): Object: 'Object Repository/object_accountInformation/a_TEST GABRIEL PROD' is clicked on

2019-12-23 14:13:41 - [MESSAGE][PASSED] - Object: 'Object Repository/object_accountInformation/a_TEST GABRIEL PROD' is clicked on

2019-12-23 14:13:41 - [TEST_STEP][PASSED] - delay(1): Delayed 1 second(s)

2019-12-23 14:13:42 - [MESSAGE][PASSED] - Delayed 1 second(s)

2019-12-23 14:13:42 - [TEST_STEP][PASSED] - a = var_url1 + var_idReservation + var_url2 + var_idParent: null

2019-12-23 14:13:42 - [TEST_STEP][PASSED] - delay(4): Delayed 4 second(s)

2019-12-23 14:13:46 - [MESSAGE][PASSED] - Delayed 4 second(s)

2019-12-23 14:13:46 - [TEST_STEP][PASSED] - log = new com.kms.katalon.core.logging.KeywordLogger(): null

2019-12-23 14:13:46 - [TEST_STEP][PASSED] - log.logInfo("URL: " + a): URL: https://p4p-qa-bg.aws.paradise4paws.com/frontdesk/reservation/
1702652/?parent_id=122350

2019-12-23 14:13:46 - [MESSAGE][INFO] - URL: https://p4p-qa-bg.aws.paradise4paws.com/frontdesk/reservation/
1702652/?parent_id=122350

2019-12-23 14:13:46 - [TEST_STEP][PASSED] - navigateToUrl(a): Navigate to 'https://p4p-qa-bg.aws.paradise4paws.com/frontdesk/reservation/
1702652/?parent_id=122350' successfully

2019-12-23 14:13:53 - [MESSAGE][PASSED] - Navigate to 'https://p4p-qa-bg.aws.paradise4paws.com/frontdesk/reservation/
1702652/?parent_id=122350' successfully

2019-12-23 14:13:53 - [TEST_STEP][PASSED] - delay(3): Delayed 3 second(s)

2019-12-23 14:13:56 - [MESSAGE][PASSED] - Delayed 3 second(s)

2019-12-23 14:13:56 - [TEST_STEP][PASSED] - click(findTestObject("object_reservation/button_Next")): Object: 'Object Repository/object_reservation/button_Next' is clicked on

2019-12-23 14:13:57 - [MESSAGE][PASSED] - Object: 'Object Repository/object_reservation/button_Next' is clicked on

2019-12-23 14:13:57 - [TEST_STEP][PASSED] - delay(1): Delayed 1 second(s)

2019-12-23 14:13:58 - [MESSAGE][PASSED] - Delayed 1 second(s)

2019-12-23 14:13:58 - [TEST_STEP][PASSED] - if (var_typeReserv == "BOARDING"): null

2019-12-23 14:13:58 - [TEST_STEP][PASSED] - click(findTestObject("object_reservation/button_Next")): Object: 'Object Repository/object_reservation/button_Next' is clicked on

2019-12-23 14:13:58 - [MESSAGE][PASSED] - Object: 'Object Repository/object_reservation/button_Next' is clicked on

2019-12-23 14:13:58 - [TEST_STEP][PASSED] - click(findTestObject("object_reservation/btn_cancelReservation")): Object: 'Object Repository/object_reservation/btn_cancelReservation' is clicked on

2019-12-23 14:14:01 - [MESSAGE][PASSED] - Object: 'Object Repository/object_reservation/btn_cancelReservation' is clicked on

2019-12-23 14:14:01 - [TEST_STEP][PASSED] - delay(4): Delayed 4 second(s)

2019-12-23 14:14:05 - [MESSAGE][PASSED] - Delayed 4 second(s)

2019-12-23 14:14:05 - [TEST_STEP][PASSED] - click(findTestObject("Object Repository/object_reservation/Page_Paradise 4 Paws  Dog Boarding Cat Boar_145431/button_Cancel This Reservation")): Object: 'Object Repository/object_reservation/Page_Paradise 4 Paws  Dog Boarding Cat Boar_145431/button_Cancel This Reservation' is clicked on

2019-12-23 14:14:06 - [MESSAGE][PASSED] - Object: 'Object Repository/object_reservation/Page_Paradise 4 Paws  Dog Boarding Cat Boar_145431/button_Cancel This Reservation' is clicked on

2019-12-23 14:14:06 - [TEST_STEP][PASSED] - delay(4): Delayed 4 second(s)

2019-12-23 14:14:10 - [MESSAGE][PASSED] - Delayed 4 second(s)

2019-12-23 14:14:10 - [TEST_STEP][PASSED] - navigateToUrl(a): Navigate to 'https://p4p-qa-bg.aws.paradise4paws.com/frontdesk/reservation/
1702652/?parent_id=122350' successfully

2019-12-23 14:14:11 - [MESSAGE][PASSED] - Navigate to 'https://p4p-qa-bg.aws.paradise4paws.com/frontdesk/reservation/
1702652/?parent_id=122350' successfully

2019-12-23 14:14:11 - [TEST_STEP][PASSED] - verifyElementText(findTestObject("Object Repository/object_reservation/Page_Paradise 4 Paws  Dog Boarding Cat Boar_35fe2b/span_( BK )"), "( CAN )", STOP_ON_FAILURE): Actual text and expected text of test object 'Object Repository/object_reservation/Page_Paradise 4 Paws  Dog Boarding Cat Boar_35fe2b/span_( BK )' are matched.

2019-12-23 14:14:17 - [MESSAGE][PASSED] - Actual text and expected text of test object 'Object Repository/object_reservation/Page_Paradise 4 Paws  Dog Boarding Cat Boar_35fe2b/span_( BK )' are matched.

2019-12-23 14:14:17 - [TEST_STEP][PASSED] - log.logInfo(getText(findTestObject("Object Repository/object_reservation/Page_Paradise 4 Paws  Dog Boarding Cat Boar_35fe2b/span_( BK )"))): ( CAN )

2019-12-23 14:14:17 - [MESSAGE][PASSED] - Text of object 'Object Repository/object_reservation/Page_Paradise 4 Paws  Dog Boarding Cat Boar_35fe2b/span_( BK )' is: '( CAN )'

2019-12-23 14:14:17 - [MESSAGE][INFO] - ( CAN )

2019-12-23 14:14:17 - [TEST_STEP][PASSED] - delay(5): Delayed 5 second(s)

2019-12-23 14:14:22 - [MESSAGE][PASSED] - Delayed 5 second(s)

2019-12-23 14:14:22 - [TEST_STEP][PASSED] - var = Integer.parseInt(var_idRowRes): null

2019-12-23 14:14:22 - [TEST_STEP][PASSED] - fis = new java.io.FileInputStream(/home/leonardo-arkusmty/Desktop/P4P/DATA_AUTOMATINTESTING/data_2cancelReservation.xlsx): null

2019-12-23 14:14:22 - [TEST_STEP][PASSED] - workbook = new org.apache.poi.xssf.usermodel.XSSFWorkbook(fis): null

2019-12-23 14:14:22 - [TEST_STEP][PASSED] - sheet = workbook.getSheet("Sheet1"): null

2019-12-23 14:14:22 - [TEST_STEP][PASSED] - row = sheet.getRow(var): null

2019-12-23 14:14:22 - [TEST_STEP][PASSED] - cell = row.createCell(7, 0): null

2019-12-23 14:14:22 - [TEST_STEP][PASSED] - cell.setCellType(CELL_TYPE_STRING): null

2019-12-23 14:14:22 - [TEST_STEP][PASSED] - cell.setCellValue(getText(findTestObject("Object Repository/object_reservation/Page_Paradise 4 Paws  Dog Boarding Cat Boar_35fe2b/span_( BK )"))): Text of object 'Object Repository/object_reservation/Page_Paradise 4 Paws  Dog Boarding Cat Boar_35fe2b/span_( BK )' is: '( CAN )'

2019-12-23 14:14:23 - [MESSAGE][PASSED] - Text of object 'Object Repository/object_reservation/Page_Paradise 4 Paws  Dog Boarding Cat Boar_35fe2b/span_( BK )' is: '( CAN )'

2019-12-23 14:14:23 - [TEST_STEP][PASSED] - fos = new java.io.FileOutputStream(/home/leonardo-arkusmty/Desktop/P4P/DATA_AUTOMATINTESTING/data_2cancelReservation.xlsx): null

2019-12-23 14:14:23 - [TEST_STEP][PASSED] - workbook.write(fos): null

2019-12-23 14:14:23 - [TEST_STEP][PASSED] - fos.close(): null]]></system-out>
         <system-err><![CDATA[]]></system-err>
      </testcase>
      <testcase name="Test Cases/p4p_cancelReserEdit" time="70.739" classname="Test Cases/p4p_cancelReserEdit" status="PASSED">
         <system-out><![CDATA[2019-12-23 14:14:23 - [TEST_CASE][PASSED] - Test Cases/p4p_cancelReserEdit: Test Cases/p4p_cancelReserEdit

2019-12-23 14:14:23 - [TEST_STEP][PASSED] - openBrowser("https://p4p-qa-bg.aws.paradise4paws.com/login/"): Browser is opened with url: 'https://p4p-qa-bg.aws.paradise4paws.com/login/'

2019-12-23 14:14:23 - [MESSAGE][WARNING] - A browser is already opened. Closing browser and opening a new one

2019-12-23 14:14:23 - [MESSAGE][INFO] - Starting 'Firefox' driver

2019-12-23 14:14:27 - [MESSAGE][PASSED] - Browser is opened with url: 'https://p4p-qa-bg.aws.paradise4paws.com/login/'

2019-12-23 14:14:27 - [TEST_STEP][PASSED] - setText(findTestObject("Object Repository/object_login/input_user"), var_user): Text 'jegchavez@gmail.com' is set on object 'Object Repository/object_login/input_user'

2019-12-23 14:14:27 - [MESSAGE][PASSED] - Text 'jegchavez@gmail.com' is set on object 'Object Repository/object_login/input_user'

2019-12-23 14:14:27 - [TEST_STEP][PASSED] - setText(findTestObject("Object Repository/object_login/input_pass"), var_pass): Text 'admin1' is set on object 'Object Repository/object_login/input_pass'

2019-12-23 14:14:28 - [MESSAGE][PASSED] - Text 'admin1' is set on object 'Object Repository/object_login/input_pass'

2019-12-23 14:14:28 - [TEST_STEP][PASSED] - delay(2): Delayed 2 second(s)

2019-12-23 14:14:30 - [MESSAGE][PASSED] - Delayed 2 second(s)

2019-12-23 14:14:30 - [TEST_STEP][PASSED] - verifyElementClickable(findTestObject("Object Repository/object_login/btn_login")): Object 'Object Repository/object_login/btn_login' is clickable

2019-12-23 14:14:30 - [MESSAGE][PASSED] - Object 'Object Repository/object_login/btn_login' is clickable

2019-12-23 14:14:30 - [TEST_STEP][PASSED] - click(findTestObject("Object Repository/object_login/btn_login")): Object: 'Object Repository/object_login/btn_login' is clicked on

2019-12-23 14:14:34 - [MESSAGE][PASSED] - Object: 'Object Repository/object_login/btn_login' is clicked on

2019-12-23 14:14:34 - [TEST_STEP][PASSED] - delay(2): Delayed 2 second(s)

2019-12-23 14:14:36 - [MESSAGE][PASSED] - Delayed 2 second(s)

2019-12-23 14:14:36 - [TEST_STEP][PASSED] - setText(findTestObject("Object Repository/object_dashboard_emp/input_search"), var_mailParent): Text 'test@test.test' is set on object 'Object Repository/object_dashboard_emp/input_search'

2019-12-23 14:14:36 - [MESSAGE][PASSED] - Text 'test@test.test' is set on object 'Object Repository/object_dashboard_emp/input_search'

2019-12-23 14:14:36 - [TEST_STEP][PASSED] - click(findTestObject("Object Repository/object_dashboard_emp/btn_accountSearch")): Object: 'Object Repository/object_dashboard_emp/btn_accountSearch' is clicked on

2019-12-23 14:14:37 - [MESSAGE][PASSED] - Object: 'Object Repository/object_dashboard_emp/btn_accountSearch' is clicked on

2019-12-23 14:14:37 - [TEST_STEP][PASSED] - delay(2): Delayed 2 second(s)

2019-12-23 14:14:39 - [MESSAGE][PASSED] - Delayed 2 second(s)

2019-12-23 14:14:39 - [TEST_STEP][PASSED] - click(findTestObject("object_accountInformation/a_TEST GABRIEL PROD")): Object: 'Object Repository/object_accountInformation/a_TEST GABRIEL PROD' is clicked on

2019-12-23 14:14:45 - [MESSAGE][PASSED] - Object: 'Object Repository/object_accountInformation/a_TEST GABRIEL PROD' is clicked on

2019-12-23 14:14:45 - [TEST_STEP][PASSED] - delay(1): Delayed 1 second(s)

2019-12-23 14:14:46 - [MESSAGE][PASSED] - Delayed 1 second(s)

2019-12-23 14:14:46 - [TEST_STEP][PASSED] - a = var_url1 + var_idReservation + var_url2 + var_idParent: null

2019-12-23 14:14:46 - [TEST_STEP][PASSED] - delay(4): Delayed 4 second(s)

2019-12-23 14:14:50 - [MESSAGE][PASSED] - Delayed 4 second(s)

2019-12-23 14:14:50 - [TEST_STEP][PASSED] - log = new com.kms.katalon.core.logging.KeywordLogger(): null

2019-12-23 14:14:50 - [TEST_STEP][PASSED] - log.logInfo("URL: " + a): URL: https://p4p-qa-bg.aws.paradise4paws.com/frontdesk/reservation/
1702653/?parent_id=122350

2019-12-23 14:14:50 - [MESSAGE][INFO] - URL: https://p4p-qa-bg.aws.paradise4paws.com/frontdesk/reservation/
1702653/?parent_id=122350

2019-12-23 14:14:50 - [TEST_STEP][PASSED] - navigateToUrl(a): Navigate to 'https://p4p-qa-bg.aws.paradise4paws.com/frontdesk/reservation/
1702653/?parent_id=122350' successfully

2019-12-23 14:15:00 - [MESSAGE][PASSED] - Navigate to 'https://p4p-qa-bg.aws.paradise4paws.com/frontdesk/reservation/
1702653/?parent_id=122350' successfully

2019-12-23 14:15:00 - [TEST_STEP][PASSED] - delay(3): Delayed 3 second(s)

2019-12-23 14:15:03 - [MESSAGE][PASSED] - Delayed 3 second(s)

2019-12-23 14:15:03 - [TEST_STEP][PASSED] - click(findTestObject("object_reservation/button_Next")): Object: 'Object Repository/object_reservation/button_Next' is clicked on

2019-12-23 14:15:04 - [MESSAGE][PASSED] - Object: 'Object Repository/object_reservation/button_Next' is clicked on

2019-12-23 14:15:04 - [TEST_STEP][PASSED] - delay(1): Delayed 1 second(s)

2019-12-23 14:15:05 - [MESSAGE][PASSED] - Delayed 1 second(s)

2019-12-23 14:15:05 - [TEST_STEP][PASSED] - if (var_typeReserv == "BOARDING"): null

2019-12-23 14:15:05 - [TEST_STEP][PASSED] - click(findTestObject("object_reservation/button_Next")): Object: 'Object Repository/object_reservation/button_Next' is clicked on

2019-12-23 14:15:06 - [MESSAGE][PASSED] - Object: 'Object Repository/object_reservation/button_Next' is clicked on

2019-12-23 14:15:06 - [TEST_STEP][PASSED] - click(findTestObject("object_reservation/btn_cancelReservation")): Object: 'Object Repository/object_reservation/btn_cancelReservation' is clicked on

2019-12-23 14:15:08 - [MESSAGE][PASSED] - Object: 'Object Repository/object_reservation/btn_cancelReservation' is clicked on

2019-12-23 14:15:08 - [TEST_STEP][PASSED] - delay(4): Delayed 4 second(s)

2019-12-23 14:15:12 - [MESSAGE][PASSED] - Delayed 4 second(s)

2019-12-23 14:15:12 - [TEST_STEP][PASSED] - click(findTestObject("Object Repository/object_reservation/Page_Paradise 4 Paws  Dog Boarding Cat Boar_145431/button_Cancel This Reservation")): Object: 'Object Repository/object_reservation/Page_Paradise 4 Paws  Dog Boarding Cat Boar_145431/button_Cancel This Reservation' is clicked on

2019-12-23 14:15:13 - [MESSAGE][PASSED] - Object: 'Object Repository/object_reservation/Page_Paradise 4 Paws  Dog Boarding Cat Boar_145431/button_Cancel This Reservation' is clicked on

2019-12-23 14:15:13 - [TEST_STEP][PASSED] - delay(4): Delayed 4 second(s)

2019-12-23 14:15:17 - [MESSAGE][PASSED] - Delayed 4 second(s)

2019-12-23 14:15:17 - [TEST_STEP][PASSED] - navigateToUrl(a): Navigate to 'https://p4p-qa-bg.aws.paradise4paws.com/frontdesk/reservation/
1702653/?parent_id=122350' successfully

2019-12-23 14:15:27 - [MESSAGE][PASSED] - Navigate to 'https://p4p-qa-bg.aws.paradise4paws.com/frontdesk/reservation/
1702653/?parent_id=122350' successfully

2019-12-23 14:15:27 - [TEST_STEP][PASSED] - verifyElementText(findTestObject("Object Repository/object_reservation/Page_Paradise 4 Paws  Dog Boarding Cat Boar_35fe2b/span_( BK )"), "( CAN )", STOP_ON_FAILURE): Actual text and expected text of test object 'Object Repository/object_reservation/Page_Paradise 4 Paws  Dog Boarding Cat Boar_35fe2b/span_( BK )' are matched.

2019-12-23 14:15:28 - [MESSAGE][PASSED] - Actual text and expected text of test object 'Object Repository/object_reservation/Page_Paradise 4 Paws  Dog Boarding Cat Boar_35fe2b/span_( BK )' are matched.

2019-12-23 14:15:28 - [TEST_STEP][PASSED] - log.logInfo(getText(findTestObject("Object Repository/object_reservation/Page_Paradise 4 Paws  Dog Boarding Cat Boar_35fe2b/span_( BK )"))): ( CAN )

2019-12-23 14:15:28 - [MESSAGE][PASSED] - Text of object 'Object Repository/object_reservation/Page_Paradise 4 Paws  Dog Boarding Cat Boar_35fe2b/span_( BK )' is: '( CAN )'

2019-12-23 14:15:28 - [MESSAGE][INFO] - ( CAN )

2019-12-23 14:15:28 - [TEST_STEP][PASSED] - delay(5): Delayed 5 second(s)

2019-12-23 14:15:33 - [MESSAGE][PASSED] - Delayed 5 second(s)

2019-12-23 14:15:33 - [TEST_STEP][PASSED] - var = Integer.parseInt(var_idRowRes): null

2019-12-23 14:15:33 - [TEST_STEP][PASSED] - fis = new java.io.FileInputStream(/home/leonardo-arkusmty/Desktop/P4P/DATA_AUTOMATINTESTING/data_2cancelReservation.xlsx): null

2019-12-23 14:15:33 - [TEST_STEP][PASSED] - workbook = new org.apache.poi.xssf.usermodel.XSSFWorkbook(fis): null

2019-12-23 14:15:33 - [TEST_STEP][PASSED] - sheet = workbook.getSheet("Sheet1"): null

2019-12-23 14:15:33 - [TEST_STEP][PASSED] - row = sheet.getRow(var): null

2019-12-23 14:15:33 - [TEST_STEP][PASSED] - cell = row.createCell(7, 0): null

2019-12-23 14:15:33 - [TEST_STEP][PASSED] - cell.setCellType(CELL_TYPE_STRING): null

2019-12-23 14:15:33 - [TEST_STEP][PASSED] - cell.setCellValue(getText(findTestObject("Object Repository/object_reservation/Page_Paradise 4 Paws  Dog Boarding Cat Boar_35fe2b/span_( BK )"))): Text of object 'Object Repository/object_reservation/Page_Paradise 4 Paws  Dog Boarding Cat Boar_35fe2b/span_( BK )' is: '( CAN )'

2019-12-23 14:15:33 - [MESSAGE][PASSED] - Text of object 'Object Repository/object_reservation/Page_Paradise 4 Paws  Dog Boarding Cat Boar_35fe2b/span_( BK )' is: '( CAN )'

2019-12-23 14:15:33 - [TEST_STEP][PASSED] - fos = new java.io.FileOutputStream(/home/leonardo-arkusmty/Desktop/P4P/DATA_AUTOMATINTESTING/data_2cancelReservation.xlsx): null

2019-12-23 14:15:33 - [TEST_STEP][PASSED] - workbook.write(fos): null

2019-12-23 14:15:33 - [TEST_STEP][PASSED] - fos.close(): null]]></system-out>
         <system-err><![CDATA[]]></system-err>
      </testcase>
      <testcase name="Test Cases/p4p_cancelReserEdit" time="75.468" classname="Test Cases/p4p_cancelReserEdit" status="FAILED">
         <failure type="FAILED" message="Test Cases/p4p_cancelReserEdit FAILED.
Reason:
com.kms.katalon.core.exception.StepFailedException: Unable to click on object 'Object Repository/object_reservation/button_Next'
	at com.kms.katalon.core.webui.keyword.internal.WebUIKeywordMain.stepFailed(WebUIKeywordMain.groovy:64)
	at com.kms.katalon.core.webui.keyword.internal.WebUIKeywordMain.runKeyword(WebUIKeywordMain.groovy:26)
	at com.kms.katalon.core.webui.keyword.builtin.ClickKeyword.click(ClickKeyword.groovy:99)
	at com.kms.katalon.core.webui.keyword.builtin.ClickKeyword.execute(ClickKeyword.groovy:43)
	at com.kms.katalon.core.keyword.internal.KeywordExecutor.executeKeywordForPlatform(KeywordExecutor.groovy:60)
	at com.kms.katalon.core.webui.keyword.WebUiBuiltInKeywords.click(WebUiBuiltInKeywords.groovy:616)
	at com.kms.katalon.core.webui.keyword.WebUiBuiltInKeywords$click$2.call(Unknown Source)
	at p4p_cancelReserEdit.run(p4p_cancelReserEdit:65)
	at com.kms.katalon.core.main.ScriptEngine.run(ScriptEngine.java:194)
	at com.kms.katalon.core.main.ScriptEngine.runScriptAsRawText(ScriptEngine.java:119)
	at com.kms.katalon.core.main.TestCaseExecutor.runScript(TestCaseExecutor.java:337)
	at com.kms.katalon.core.main.TestCaseExecutor.doExecute(TestCaseExecutor.java:328)
	at com.kms.katalon.core.main.TestCaseExecutor.processExecutionPhase(TestCaseExecutor.java:307)
	at com.kms.katalon.core.main.TestCaseExecutor.accessMainPhase(TestCaseExecutor.java:299)
	at com.kms.katalon.core.main.TestCaseExecutor.execute(TestCaseExecutor.java:233)
	at com.kms.katalon.core.main.TestSuiteExecutor.accessTestCaseMainPhase(TestSuiteExecutor.java:169)
	at com.kms.katalon.core.main.TestSuiteExecutor.accessTestSuiteMainPhase(TestSuiteExecutor.java:142)
	at com.kms.katalon.core.main.TestSuiteExecutor.execute(TestSuiteExecutor.java:91)
	at com.kms.katalon.core.main.TestCaseMain.startTestSuite(TestCaseMain.java:157)
	at com.kms.katalon.core.main.TestCaseMain$startTestSuite$0.call(Unknown Source)
	at TempTestSuite1577130930071.run(TempTestSuite1577130930071.groovy:36)
Caused by: com.kms.katalon.core.webui.exception.WebElementNotFoundException: Web element with id: 'Object Repository/object_reservation/button_Next' located by 'By.xpath: (//button[@type='button'])[10]' not found
	at com.kms.katalon.core.webui.common.WebUiCommonHelper.findWebElement(WebUiCommonHelper.java:1113)
	at com.kms.katalon.core.webui.keyword.internal.WebUIAbstractKeyword.findWebElement(WebUIAbstractKeyword.groovy:27)
	at com.kms.katalon.core.webui.keyword.internal.WebUIAbstractKeyword.findWebElement(WebUIAbstractKeyword.groovy:26)
	at com.kms.katalon.core.webui.keyword.builtin.ClickKeyword$_click_closure1.doCall(ClickKeyword.groovy:68)
	at com.kms.katalon.core.webui.keyword.builtin.ClickKeyword$_click_closure1.call(ClickKeyword.groovy)
	at com.kms.katalon.core.webui.keyword.internal.WebUIKeywordMain.runKeyword(WebUIKeywordMain.groovy:20)
	... 19 more
"/>
         <system-out><![CDATA[2019-12-23 14:15:33 - [TEST_CASE][FAILED] - Test Cases/p4p_cancelReserEdit: Test Cases/p4p_cancelReserEdit FAILED.
Reason:
com.kms.katalon.core.exception.StepFailedException: Unable to click on object 'Object Repository/object_reservation/button_Next'
	at com.kms.katalon.core.webui.keyword.internal.WebUIKeywordMain.stepFailed(WebUIKeywordMain.groovy:64)
	at com.kms.katalon.core.webui.keyword.internal.WebUIKeywordMain.runKeyword(WebUIKeywordMain.groovy:26)
	at com.kms.katalon.core.webui.keyword.builtin.ClickKeyword.click(ClickKeyword.groovy:99)
	at com.kms.katalon.core.webui.keyword.builtin.ClickKeyword.execute(ClickKeyword.groovy:43)
	at com.kms.katalon.core.keyword.internal.KeywordExecutor.executeKeywordForPlatform(KeywordExecutor.groovy:60)
	at com.kms.katalon.core.webui.keyword.WebUiBuiltInKeywords.click(WebUiBuiltInKeywords.groovy:616)
	at com.kms.katalon.core.webui.keyword.WebUiBuiltInKeywords$click$2.call(Unknown Source)
	at p4p_cancelReserEdit.run(p4p_cancelReserEdit:65)
	at com.kms.katalon.core.main.ScriptEngine.run(ScriptEngine.java:194)
	at com.kms.katalon.core.main.ScriptEngine.runScriptAsRawText(ScriptEngine.java:119)
	at com.kms.katalon.core.main.TestCaseExecutor.runScript(TestCaseExecutor.java:337)
	at com.kms.katalon.core.main.TestCaseExecutor.doExecute(TestCaseExecutor.java:328)
	at com.kms.katalon.core.main.TestCaseExecutor.processExecutionPhase(TestCaseExecutor.java:307)
	at com.kms.katalon.core.main.TestCaseExecutor.accessMainPhase(TestCaseExecutor.java:299)
	at com.kms.katalon.core.main.TestCaseExecutor.execute(TestCaseExecutor.java:233)
	at com.kms.katalon.core.main.TestSuiteExecutor.accessTestCaseMainPhase(TestSuiteExecutor.java:169)
	at com.kms.katalon.core.main.TestSuiteExecutor.accessTestSuiteMainPhase(TestSuiteExecutor.java:142)
	at com.kms.katalon.core.main.TestSuiteExecutor.execute(TestSuiteExecutor.java:91)
	at com.kms.katalon.core.main.TestCaseMain.startTestSuite(TestCaseMain.java:157)
	at com.kms.katalon.core.main.TestCaseMain$startTestSuite$0.call(Unknown Source)
	at TempTestSuite1577130930071.run(TempTestSuite1577130930071.groovy:36)
Caused by: com.kms.katalon.core.webui.exception.WebElementNotFoundException: Web element with id: 'Object Repository/object_reservation/button_Next' located by 'By.xpath: (//button[@type='button'])[10]' not found
	at com.kms.katalon.core.webui.common.WebUiCommonHelper.findWebElement(WebUiCommonHelper.java:1113)
	at com.kms.katalon.core.webui.keyword.internal.WebUIAbstractKeyword.findWebElement(WebUIAbstractKeyword.groovy:27)
	at com.kms.katalon.core.webui.keyword.internal.WebUIAbstractKeyword.findWebElement(WebUIAbstractKeyword.groovy:26)
	at com.kms.katalon.core.webui.keyword.builtin.ClickKeyword$_click_closure1.doCall(ClickKeyword.groovy:68)
	at com.kms.katalon.core.webui.keyword.builtin.ClickKeyword$_click_closure1.call(ClickKeyword.groovy)
	at com.kms.katalon.core.webui.keyword.internal.WebUIKeywordMain.runKeyword(WebUIKeywordMain.groovy:20)
	... 19 more


2019-12-23 14:15:33 - [TEST_STEP][PASSED] - openBrowser("https://p4p-qa-bg.aws.paradise4paws.com/login/"): Browser is opened with url: 'https://p4p-qa-bg.aws.paradise4paws.com/login/'

2019-12-23 14:15:33 - [MESSAGE][WARNING] - A browser is already opened. Closing browser and opening a new one

2019-12-23 14:15:34 - [MESSAGE][INFO] - Starting 'Firefox' driver

2019-12-23 14:15:38 - [MESSAGE][PASSED] - Browser is opened with url: 'https://p4p-qa-bg.aws.paradise4paws.com/login/'

2019-12-23 14:15:38 - [TEST_STEP][PASSED] - setText(findTestObject("Object Repository/object_login/input_user"), var_user): Text 'jegchavez@gmail.com' is set on object 'Object Repository/object_login/input_user'

2019-12-23 14:15:38 - [MESSAGE][PASSED] - Text 'jegchavez@gmail.com' is set on object 'Object Repository/object_login/input_user'

2019-12-23 14:15:38 - [TEST_STEP][PASSED] - setText(findTestObject("Object Repository/object_login/input_pass"), var_pass): Text 'admin1' is set on object 'Object Repository/object_login/input_pass'

2019-12-23 14:15:39 - [MESSAGE][PASSED] - Text 'admin1' is set on object 'Object Repository/object_login/input_pass'

2019-12-23 14:15:39 - [TEST_STEP][PASSED] - delay(2): Delayed 2 second(s)

2019-12-23 14:15:41 - [MESSAGE][PASSED] - Delayed 2 second(s)

2019-12-23 14:15:41 - [TEST_STEP][PASSED] - verifyElementClickable(findTestObject("Object Repository/object_login/btn_login")): Object 'Object Repository/object_login/btn_login' is clickable

2019-12-23 14:15:41 - [MESSAGE][PASSED] - Object 'Object Repository/object_login/btn_login' is clickable

2019-12-23 14:15:41 - [TEST_STEP][PASSED] - click(findTestObject("Object Repository/object_login/btn_login")): Object: 'Object Repository/object_login/btn_login' is clicked on

2019-12-23 14:15:45 - [MESSAGE][PASSED] - Object: 'Object Repository/object_login/btn_login' is clicked on

2019-12-23 14:15:45 - [TEST_STEP][PASSED] - delay(2): Delayed 2 second(s)

2019-12-23 14:15:47 - [MESSAGE][PASSED] - Delayed 2 second(s)

2019-12-23 14:15:47 - [TEST_STEP][PASSED] - setText(findTestObject("Object Repository/object_dashboard_emp/input_search"), var_mailParent): Text 'test@test.test' is set on object 'Object Repository/object_dashboard_emp/input_search'

2019-12-23 14:15:47 - [MESSAGE][PASSED] - Text 'test@test.test' is set on object 'Object Repository/object_dashboard_emp/input_search'

2019-12-23 14:15:47 - [TEST_STEP][PASSED] - click(findTestObject("Object Repository/object_dashboard_emp/btn_accountSearch")): Object: 'Object Repository/object_dashboard_emp/btn_accountSearch' is clicked on

2019-12-23 14:15:48 - [MESSAGE][PASSED] - Object: 'Object Repository/object_dashboard_emp/btn_accountSearch' is clicked on

2019-12-23 14:15:48 - [TEST_STEP][PASSED] - delay(2): Delayed 2 second(s)

2019-12-23 14:15:50 - [MESSAGE][PASSED] - Delayed 2 second(s)

2019-12-23 14:15:50 - [TEST_STEP][PASSED] - click(findTestObject("object_accountInformation/a_TEST GABRIEL PROD")): Object: 'Object Repository/object_accountInformation/a_TEST GABRIEL PROD' is clicked on

2019-12-23 14:15:56 - [MESSAGE][PASSED] - Object: 'Object Repository/object_accountInformation/a_TEST GABRIEL PROD' is clicked on

2019-12-23 14:15:56 - [TEST_STEP][PASSED] - delay(1): Delayed 1 second(s)

2019-12-23 14:15:57 - [MESSAGE][PASSED] - Delayed 1 second(s)

2019-12-23 14:15:57 - [TEST_STEP][PASSED] - a = var_url1 + var_idReservation + var_url2 + var_idParent: null

2019-12-23 14:15:57 - [TEST_STEP][PASSED] - delay(4): Delayed 4 second(s)

2019-12-23 14:16:01 - [MESSAGE][PASSED] - Delayed 4 second(s)

2019-12-23 14:16:01 - [TEST_STEP][PASSED] - log = new com.kms.katalon.core.logging.KeywordLogger(): null

2019-12-23 14:16:01 - [TEST_STEP][PASSED] - log.logInfo("URL: " + a): URL: https://p4p-qa-bg.aws.paradise4paws.com/frontdesk/reservation/
Error en la reservacion/?parent_id=122350

2019-12-23 14:16:01 - [MESSAGE][INFO] - URL: https://p4p-qa-bg.aws.paradise4paws.com/frontdesk/reservation/
Error en la reservacion/?parent_id=122350

2019-12-23 14:16:01 - [TEST_STEP][PASSED] - navigateToUrl(a): Navigate to 'https://p4p-qa-bg.aws.paradise4paws.com/frontdesk/reservation/
Error en la reservacion/?parent_id=122350' successfully

2019-12-23 14:16:02 - [MESSAGE][PASSED] - Navigate to 'https://p4p-qa-bg.aws.paradise4paws.com/frontdesk/reservation/
Error en la reservacion/?parent_id=122350' successfully

2019-12-23 14:16:02 - [TEST_STEP][PASSED] - delay(3): Delayed 3 second(s)

2019-12-23 14:16:05 - [MESSAGE][PASSED] - Delayed 3 second(s)

2019-12-23 14:16:05 - [TEST_STEP][FAILED] - click(findTestObject("object_reservation/button_Next")): Unable to click on object 'Object Repository/object_reservation/button_Next' (Root cause: com.kms.katalon.core.exception.StepFailedException: Unable to click on object 'Object Repository/object_reservation/button_Next'
	at com.kms.katalon.core.webui.keyword.internal.WebUIKeywordMain.stepFailed(WebUIKeywordMain.groovy:64)
	at com.kms.katalon.core.webui.keyword.internal.WebUIKeywordMain.runKeyword(WebUIKeywordMain.groovy:26)
	at com.kms.katalon.core.webui.keyword.builtin.ClickKeyword.click(ClickKeyword.groovy:99)
	at com.kms.katalon.core.webui.keyword.builtin.ClickKeyword.execute(ClickKeyword.groovy:43)
	at com.kms.katalon.core.keyword.internal.KeywordExecutor.executeKeywordForPlatform(KeywordExecutor.groovy:60)
	at com.kms.katalon.core.webui.keyword.WebUiBuiltInKeywords.click(WebUiBuiltInKeywords.groovy:616)
	at com.kms.katalon.core.webui.keyword.WebUiBuiltInKeywords$click$2.call(Unknown Source)
	at p4p_cancelReserEdit.run(p4p_cancelReserEdit:65)
	at com.kms.katalon.core.main.ScriptEngine.run(ScriptEngine.java:194)
	at com.kms.katalon.core.main.ScriptEngine.runScriptAsRawText(ScriptEngine.java:119)
	at com.kms.katalon.core.main.TestCaseExecutor.runScript(TestCaseExecutor.java:337)
	at com.kms.katalon.core.main.TestCaseExecutor.doExecute(TestCaseExecutor.java:328)
	at com.kms.katalon.core.main.TestCaseExecutor.processExecutionPhase(TestCaseExecutor.java:307)
	at com.kms.katalon.core.main.TestCaseExecutor.accessMainPhase(TestCaseExecutor.java:299)
	at com.kms.katalon.core.main.TestCaseExecutor.execute(TestCaseExecutor.java:233)
	at com.kms.katalon.core.main.TestSuiteExecutor.accessTestCaseMainPhase(TestSuiteExecutor.java:169)
	at com.kms.katalon.core.main.TestSuiteExecutor.accessTestSuiteMainPhase(TestSuiteExecutor.java:142)
	at com.kms.katalon.core.main.TestSuiteExecutor.execute(TestSuiteExecutor.java:91)
	at com.kms.katalon.core.main.TestCaseMain.startTestSuite(TestCaseMain.java:157)
	at com.kms.katalon.core.main.TestCaseMain$startTestSuite$0.call(Unknown Source)
	at TempTestSuite1577130930071.run(TempTestSuite1577130930071.groovy:36)
Caused by: com.kms.katalon.core.webui.exception.WebElementNotFoundException: Web element with id: 'Object Repository/object_reservation/button_Next' located by 'By.xpath: (//button[@type='button'])[10]' not found
	at com.kms.katalon.core.webui.common.WebUiCommonHelper.findWebElement(WebUiCommonHelper.java:1113)
	at com.kms.katalon.core.webui.keyword.internal.WebUIAbstractKeyword.findWebElement(WebUIAbstractKeyword.groovy:27)
	at com.kms.katalon.core.webui.keyword.internal.WebUIAbstractKeyword.findWebElement(WebUIAbstractKeyword.groovy:26)
	at com.kms.katalon.core.webui.keyword.builtin.ClickKeyword$_click_closure1.doCall(ClickKeyword.groovy:68)
	at com.kms.katalon.core.webui.keyword.builtin.ClickKeyword$_click_closure1.call(ClickKeyword.groovy)
	at com.kms.katalon.core.webui.keyword.internal.WebUIKeywordMain.runKeyword(WebUIKeywordMain.groovy:20)
	at com.kms.katalon.core.webui.keyword.builtin.ClickKeyword.click(ClickKeyword.groovy:99)
	at com.kms.katalon.core.webui.keyword.builtin.ClickKeyword.execute(ClickKeyword.groovy:43)
	at com.kms.katalon.core.keyword.internal.KeywordExecutor.executeKeywordForPlatform(KeywordExecutor.groovy:60)
	at com.kms.katalon.core.webui.keyword.WebUiBuiltInKeywords.click(WebUiBuiltInKeywords.groovy:616)
	at com.kms.katalon.core.webui.keyword.WebUiBuiltInKeywords$click$2.call(Unknown Source)
	at Script1575908897768.run(Script1575908897768.groovy:65)
	... 13 more
)

2019-12-23 14:16:49 - [MESSAGE][INFO] - Unable to find the element located by 'By.xpath: (//button[@type='button'])[10]'. Please recheck the objects properties to make sure the desired element is located. 

2019-12-23 14:16:49 - [MESSAGE][FAILED] - Unable to click on object 'Object Repository/object_reservation/button_Next' (Root cause: com.kms.katalon.core.exception.StepFailedException: Unable to click on object 'Object Repository/object_reservation/button_Next'
	at com.kms.katalon.core.webui.keyword.internal.WebUIKeywordMain.stepFailed(WebUIKeywordMain.groovy:64)
	at com.kms.katalon.core.webui.keyword.internal.WebUIKeywordMain.runKeyword(WebUIKeywordMain.groovy:26)
	at com.kms.katalon.core.webui.keyword.builtin.ClickKeyword.click(ClickKeyword.groovy:99)
	at com.kms.katalon.core.webui.keyword.builtin.ClickKeyword.execute(ClickKeyword.groovy:43)
	at com.kms.katalon.core.keyword.internal.KeywordExecutor.executeKeywordForPlatform(KeywordExecutor.groovy:60)
	at com.kms.katalon.core.webui.keyword.WebUiBuiltInKeywords.click(WebUiBuiltInKeywords.groovy:616)
	at com.kms.katalon.core.webui.keyword.WebUiBuiltInKeywords$click$2.call(Unknown Source)
	at p4p_cancelReserEdit.run(p4p_cancelReserEdit:65)
	at com.kms.katalon.core.main.ScriptEngine.run(ScriptEngine.java:194)
	at com.kms.katalon.core.main.ScriptEngine.runScriptAsRawText(ScriptEngine.java:119)
	at com.kms.katalon.core.main.TestCaseExecutor.runScript(TestCaseExecutor.java:337)
	at com.kms.katalon.core.main.TestCaseExecutor.doExecute(TestCaseExecutor.java:328)
	at com.kms.katalon.core.main.TestCaseExecutor.processExecutionPhase(TestCaseExecutor.java:307)
	at com.kms.katalon.core.main.TestCaseExecutor.accessMainPhase(TestCaseExecutor.java:299)
	at com.kms.katalon.core.main.TestCaseExecutor.execute(TestCaseExecutor.java:233)
	at com.kms.katalon.core.main.TestSuiteExecutor.accessTestCaseMainPhase(TestSuiteExecutor.java:169)
	at com.kms.katalon.core.main.TestSuiteExecutor.accessTestSuiteMainPhase(TestSuiteExecutor.java:142)
	at com.kms.katalon.core.main.TestSuiteExecutor.execute(TestSuiteExecutor.java:91)
	at com.kms.katalon.core.main.TestCaseMain.startTestSuite(TestCaseMain.java:157)
	at com.kms.katalon.core.main.TestCaseMain$startTestSuite$0.call(Unknown Source)
	at TempTestSuite1577130930071.run(TempTestSuite1577130930071.groovy:36)
Caused by: com.kms.katalon.core.webui.exception.WebElementNotFoundException: Web element with id: 'Object Repository/object_reservation/button_Next' located by 'By.xpath: (//button[@type='button'])[10]' not found
	at com.kms.katalon.core.webui.common.WebUiCommonHelper.findWebElement(WebUiCommonHelper.java:1113)
	at com.kms.katalon.core.webui.keyword.internal.WebUIAbstractKeyword.findWebElement(WebUIAbstractKeyword.groovy:27)
	at com.kms.katalon.core.webui.keyword.internal.WebUIAbstractKeyword.findWebElement(WebUIAbstractKeyword.groovy:26)
	at com.kms.katalon.core.webui.keyword.builtin.ClickKeyword$_click_closure1.doCall(ClickKeyword.groovy:68)
	at com.kms.katalon.core.webui.keyword.builtin.ClickKeyword$_click_closure1.call(ClickKeyword.groovy)
	at com.kms.katalon.core.webui.keyword.internal.WebUIKeywordMain.runKeyword(WebUIKeywordMain.groovy:20)
	at com.kms.katalon.core.webui.keyword.builtin.ClickKeyword.click(ClickKeyword.groovy:99)
	at com.kms.katalon.core.webui.keyword.builtin.ClickKeyword.execute(ClickKeyword.groovy:43)
	at com.kms.katalon.core.keyword.internal.KeywordExecutor.executeKeywordForPlatform(KeywordExecutor.groovy:60)
	at com.kms.katalon.core.webui.keyword.WebUiBuiltInKeywords.click(WebUiBuiltInKeywords.groovy:616)
	at com.kms.katalon.core.webui.keyword.WebUiBuiltInKeywords$click$2.call(Unknown Source)
	at Script1575908897768.run(Script1575908897768.groovy:65)
	... 13 more
)
[[ATTACHMENT|/home/leonardo-arkusmty/Documents/workspaceKatalon/p4ptest/Reports/20191223_135530/ts_cancelReservation/20191223_135530/1577132209269.png]]]]></system-out>
         <system-err><![CDATA[2019-12-23 14:15:33 - [TEST_CASE][FAILED] - Test Cases/p4p_cancelReserEdit: Test Cases/p4p_cancelReserEdit FAILED.
Reason:
com.kms.katalon.core.exception.StepFailedException: Unable to click on object 'Object Repository/object_reservation/button_Next'
	at com.kms.katalon.core.webui.keyword.internal.WebUIKeywordMain.stepFailed(WebUIKeywordMain.groovy:64)
	at com.kms.katalon.core.webui.keyword.internal.WebUIKeywordMain.runKeyword(WebUIKeywordMain.groovy:26)
	at com.kms.katalon.core.webui.keyword.builtin.ClickKeyword.click(ClickKeyword.groovy:99)
	at com.kms.katalon.core.webui.keyword.builtin.ClickKeyword.execute(ClickKeyword.groovy:43)
	at com.kms.katalon.core.keyword.internal.KeywordExecutor.executeKeywordForPlatform(KeywordExecutor.groovy:60)
	at com.kms.katalon.core.webui.keyword.WebUiBuiltInKeywords.click(WebUiBuiltInKeywords.groovy:616)
	at com.kms.katalon.core.webui.keyword.WebUiBuiltInKeywords$click$2.call(Unknown Source)
	at p4p_cancelReserEdit.run(p4p_cancelReserEdit:65)
	at com.kms.katalon.core.main.ScriptEngine.run(ScriptEngine.java:194)
	at com.kms.katalon.core.main.ScriptEngine.runScriptAsRawText(ScriptEngine.java:119)
	at com.kms.katalon.core.main.TestCaseExecutor.runScript(TestCaseExecutor.java:337)
	at com.kms.katalon.core.main.TestCaseExecutor.doExecute(TestCaseExecutor.java:328)
	at com.kms.katalon.core.main.TestCaseExecutor.processExecutionPhase(TestCaseExecutor.java:307)
	at com.kms.katalon.core.main.TestCaseExecutor.accessMainPhase(TestCaseExecutor.java:299)
	at com.kms.katalon.core.main.TestCaseExecutor.execute(TestCaseExecutor.java:233)
	at com.kms.katalon.core.main.TestSuiteExecutor.accessTestCaseMainPhase(TestSuiteExecutor.java:169)
	at com.kms.katalon.core.main.TestSuiteExecutor.accessTestSuiteMainPhase(TestSuiteExecutor.java:142)
	at com.kms.katalon.core.main.TestSuiteExecutor.execute(TestSuiteExecutor.java:91)
	at com.kms.katalon.core.main.TestCaseMain.startTestSuite(TestCaseMain.java:157)
	at com.kms.katalon.core.main.TestCaseMain$startTestSuite$0.call(Unknown Source)
	at TempTestSuite1577130930071.run(TempTestSuite1577130930071.groovy:36)
Caused by: com.kms.katalon.core.webui.exception.WebElementNotFoundException: Web element with id: 'Object Repository/object_reservation/button_Next' located by 'By.xpath: (//button[@type='button'])[10]' not found
	at com.kms.katalon.core.webui.common.WebUiCommonHelper.findWebElement(WebUiCommonHelper.java:1113)
	at com.kms.katalon.core.webui.keyword.internal.WebUIAbstractKeyword.findWebElement(WebUIAbstractKeyword.groovy:27)
	at com.kms.katalon.core.webui.keyword.internal.WebUIAbstractKeyword.findWebElement(WebUIAbstractKeyword.groovy:26)
	at com.kms.katalon.core.webui.keyword.builtin.ClickKeyword$_click_closure1.doCall(ClickKeyword.groovy:68)
	at com.kms.katalon.core.webui.keyword.builtin.ClickKeyword$_click_closure1.call(ClickKeyword.groovy)
	at com.kms.katalon.core.webui.keyword.internal.WebUIKeywordMain.runKeyword(WebUIKeywordMain.groovy:20)
	... 19 more]]></system-err>
      </testcase>
      <system-out><![CDATA[2019-12-23 13:55:31 - [TEST_SUITE][FAILED] - ts_cancelReservation: Test Cases/p4p_cancelReserEdit FAILED.
Reason:
com.kms.katalon.core.exception.StepFailedException: Unable to click on object 'Object Repository/object_reservation/button_Next'
	at com.kms.katalon.core.webui.keyword.internal.WebUIKeywordMain.stepFailed(WebUIKeywordMain.groovy:64)
	at com.kms.katalon.core.webui.keyword.internal.WebUIKeywordMain.runKeyword(WebUIKeywordMain.groovy:26)
	at com.kms.katalon.core.webui.keyword.builtin.ClickKeyword.click(ClickKeyword.groovy:99)
	at com.kms.katalon.core.webui.keyword.builtin.ClickKeyword.execute(ClickKeyword.groovy:43)
	at com.kms.katalon.core.keyword.internal.KeywordExecutor.executeKeywordForPlatform(KeywordExecutor.groovy:60)
	at com.kms.katalon.core.webui.keyword.WebUiBuiltInKeywords.click(WebUiBuiltInKeywords.groovy:616)
	at com.kms.katalon.core.webui.keyword.WebUiBuiltInKeywords$click$2.call(Unknown Source)
	at p4p_cancelReserEdit.run(p4p_cancelReserEdit:65)
	at com.kms.katalon.core.main.ScriptEngine.run(ScriptEngine.java:194)
	at com.kms.katalon.core.main.ScriptEngine.runScriptAsRawText(ScriptEngine.java:119)
	at com.kms.katalon.core.main.TestCaseExecutor.runScript(TestCaseExecutor.java:337)
	at com.kms.katalon.core.main.TestCaseExecutor.doExecute(TestCaseExecutor.java:328)
	at com.kms.katalon.core.main.TestCaseExecutor.processExecutionPhase(TestCaseExecutor.java:307)
	at com.kms.katalon.core.main.TestCaseExecutor.accessMainPhase(TestCaseExecutor.java:299)
	at com.kms.katalon.core.main.TestCaseExecutor.execute(TestCaseExecutor.java:233)
	at com.kms.katalon.core.main.TestSuiteExecutor.accessTestCaseMainPhase(TestSuiteExecutor.java:169)
	at com.kms.katalon.core.main.TestSuiteExecutor.accessTestSuiteMainPhase(TestSuiteExecutor.java:142)
	at com.kms.katalon.core.main.TestSuiteExecutor.execute(TestSuiteExecutor.java:91)
	at com.kms.katalon.core.main.TestCaseMain.startTestSuite(TestCaseMain.java:157)
	at com.kms.katalon.core.main.TestCaseMain$startTestSuite$0.call(Unknown Source)
	at TempTestSuite1577130930071.run(TempTestSuite1577130930071.groovy:36)
Caused by: com.kms.katalon.core.webui.exception.WebElementNotFoundException: Web element with id: 'Object Repository/object_reservation/button_Next' located by 'By.xpath: (//button[@type='button'])[10]' not found
	at com.kms.katalon.core.webui.common.WebUiCommonHelper.findWebElement(WebUiCommonHelper.java:1113)
	at com.kms.katalon.core.webui.keyword.internal.WebUIAbstractKeyword.findWebElement(WebUIAbstractKeyword.groovy:27)
	at com.kms.katalon.core.webui.keyword.internal.WebUIAbstractKeyword.findWebElement(WebUIAbstractKeyword.groovy:26)
	at com.kms.katalon.core.webui.keyword.builtin.ClickKeyword$_click_closure1.doCall(ClickKeyword.groovy:68)
	at com.kms.katalon.core.webui.keyword.builtin.ClickKeyword$_click_closure1.call(ClickKeyword.groovy)
	at com.kms.katalon.core.webui.keyword.internal.WebUIKeywordMain.runKeyword(WebUIKeywordMain.groovy:20)
	... 19 more]]></system-out>
      <system-err><![CDATA[2019-12-23 13:55:31 - [TEST_SUITE][FAILED] - ts_cancelReservation: Test Cases/p4p_cancelReserEdit FAILED.
Reason:
com.kms.katalon.core.exception.StepFailedException: Unable to click on object 'Object Repository/object_reservation/button_Next'
	at com.kms.katalon.core.webui.keyword.internal.WebUIKeywordMain.stepFailed(WebUIKeywordMain.groovy:64)
	at com.kms.katalon.core.webui.keyword.internal.WebUIKeywordMain.runKeyword(WebUIKeywordMain.groovy:26)
	at com.kms.katalon.core.webui.keyword.builtin.ClickKeyword.click(ClickKeyword.groovy:99)
	at com.kms.katalon.core.webui.keyword.builtin.ClickKeyword.execute(ClickKeyword.groovy:43)
	at com.kms.katalon.core.keyword.internal.KeywordExecutor.executeKeywordForPlatform(KeywordExecutor.groovy:60)
	at com.kms.katalon.core.webui.keyword.WebUiBuiltInKeywords.click(WebUiBuiltInKeywords.groovy:616)
	at com.kms.katalon.core.webui.keyword.WebUiBuiltInKeywords$click$2.call(Unknown Source)
	at p4p_cancelReserEdit.run(p4p_cancelReserEdit:65)
	at com.kms.katalon.core.main.ScriptEngine.run(ScriptEngine.java:194)
	at com.kms.katalon.core.main.ScriptEngine.runScriptAsRawText(ScriptEngine.java:119)
	at com.kms.katalon.core.main.TestCaseExecutor.runScript(TestCaseExecutor.java:337)
	at com.kms.katalon.core.main.TestCaseExecutor.doExecute(TestCaseExecutor.java:328)
	at com.kms.katalon.core.main.TestCaseExecutor.processExecutionPhase(TestCaseExecutor.java:307)
	at com.kms.katalon.core.main.TestCaseExecutor.accessMainPhase(TestCaseExecutor.java:299)
	at com.kms.katalon.core.main.TestCaseExecutor.execute(TestCaseExecutor.java:233)
	at com.kms.katalon.core.main.TestSuiteExecutor.accessTestCaseMainPhase(TestSuiteExecutor.java:169)
	at com.kms.katalon.core.main.TestSuiteExecutor.accessTestSuiteMainPhase(TestSuiteExecutor.java:142)
	at com.kms.katalon.core.main.TestSuiteExecutor.execute(TestSuiteExecutor.java:91)
	at com.kms.katalon.core.main.TestCaseMain.startTestSuite(TestCaseMain.java:157)
	at com.kms.katalon.core.main.TestCaseMain$startTestSuite$0.call(Unknown Source)
	at TempTestSuite1577130930071.run(TempTestSuite1577130930071.groovy:36)
Caused by: com.kms.katalon.core.webui.exception.WebElementNotFoundException: Web element with id: 'Object Repository/object_reservation/button_Next' located by 'By.xpath: (//button[@type='button'])[10]' not found
	at com.kms.katalon.core.webui.common.WebUiCommonHelper.findWebElement(WebUiCommonHelper.java:1113)
	at com.kms.katalon.core.webui.keyword.internal.WebUIAbstractKeyword.findWebElement(WebUIAbstractKeyword.groovy:27)
	at com.kms.katalon.core.webui.keyword.internal.WebUIAbstractKeyword.findWebElement(WebUIAbstractKeyword.groovy:26)
	at com.kms.katalon.core.webui.keyword.builtin.ClickKeyword$_click_closure1.doCall(ClickKeyword.groovy:68)
	at com.kms.katalon.core.webui.keyword.builtin.ClickKeyword$_click_closure1.call(ClickKeyword.groovy)
	at com.kms.katalon.core.webui.keyword.internal.WebUIKeywordMain.runKeyword(WebUIKeywordMain.groovy:20)
	... 19 more]]></system-err>
   </testsuite>
</testsuites>
