<?xml version="1.0" encoding="UTF-8"?>
<testsuites name="ts_newReservation" time="13.404" tests="1" failures="0" errors="0">
   <testsuite name="ts_newReservation" tests="1" failures="0" errors="0" time="13.404" timestamp="2019-11-22 17:44:11" hostname="leonardo-arkusmty - leonardoarkusmty-Inspiron-5577" id="Test Suites/ts_newReservation">
      <properties>
         <property name="deviceName" value=""/>
         <property name="devicePlatform" value=""/>
         <property name="logFolder" value="/home/leonardo-arkusmty/Documents/workspaceKatalon/p4ptest/Reports/20191122_174410/ts_newReservation/20191122_174410"/>
         <property name="logFiles" value="/home/leonardo-arkusmty/Documents/workspaceKatalon/p4ptest/Reports/20191122_174410/ts_newReservation/20191122_174410/execution0.log"/>
         <property name="attachments" value=""/>
         <property name="hostName" value="leonardo-arkusmty - leonardoarkusmty-Inspiron-5577"/>
         <property name="os" value="Linux 64bit"/>
         <property name="katalonVersion" value="7.0.8.1"/>
         <property name="browser" value="Firefox 70.0"/>
         <property name="hostAddress" value="127.0.1.1"/>
         <property name="sessionId" value="31c44481-c4cd-42cd-b5ae-7fc8abbeb932"/>
         <property name="seleniumVersion" value="3.141.59"/>
         <property name="proxyInformation" value="ProxyInformation{proxyOption=NO_PROXY, proxyServerType=HTTP, password=, proxyServerAddress=, proxyServerPort=0}"/>
         <property name="platform" value="Linux"/>
      </properties>
      <testcase name="Test Cases/p4p_newReservation" time="9.517" classname="Test Cases/p4p_newReservation" status="PASSED">
         <system-out><![CDATA[2019-11-22 17:44:11 - [TEST_CASE][PASSED] - Test Cases/p4p_newReservation: Test Cases/p4p_newReservation

2019-11-22 17:44:12 - [TEST_STEP][PASSED] - openBrowser("https://p4p-qa-bg.aws.paradise4paws.com/login/"): Browser is opened with url: 'https://p4p-qa-bg.aws.paradise4paws.com/login/'

2019-11-22 17:44:12 - [MESSAGE][INFO] - Starting 'Firefox' driver

2019-11-22 17:44:12 - [MESSAGE][INFO] - Action delay is set to 0 seconds

2019-11-22 17:44:16 - [MESSAGE][PASSED] - Browser is opened with url: 'https://p4p-qa-bg.aws.paradise4paws.com/login/'

2019-11-22 17:44:16 - [TEST_STEP][PASSED] - setText(findTestObject("object_login/input_user"), user): Text 'jegchaez@gmail.com ' is set on object 'Object Repository/object_login/input_user'

2019-11-22 17:44:17 - [MESSAGE][PASSED] - Text 'jegchaez@gmail.com ' is set on object 'Object Repository/object_login/input_user'

2019-11-22 17:44:17 - [TEST_STEP][PASSED] - setText(findTestObject("object_login/input_pass"), pass): Text 'admin1' is set on object 'Object Repository/object_login/input_pass'

2019-11-22 17:44:18 - [MESSAGE][PASSED] - Text 'admin1' is set on object 'Object Repository/object_login/input_pass'

2019-11-22 17:44:18 - [TEST_STEP][PASSED] - delay(2): Delayed 2 second(s)

2019-11-22 17:44:20 - [MESSAGE][PASSED] - Delayed 2 second(s)

2019-11-22 17:44:20 - [TEST_STEP][PASSED] - click(findTestObject("object_login/btn_login")): Object: 'Object Repository/object_login/btn_login' is clicked on

2019-11-22 17:44:20 - [MESSAGE][PASSED] - Object: 'Object Repository/object_login/btn_login' is clicked on

2019-11-22 17:44:20 - [TEST_STEP][PASSED] - navigateToUrl(url): Navigate to 'https://p4p-qa-bg.aws.paradise4paws.com/accounts/profile/#/parents/97558/' successfully

2019-11-22 17:44:21 - [MESSAGE][PASSED] - Navigate to 'https://p4p-qa-bg.aws.paradise4paws.com/accounts/profile/#/parents/97558/' successfully]]></system-out>
         <system-err><![CDATA[]]></system-err>
      </testcase>
      <system-out><![CDATA[2019-11-22 17:44:11 - [TEST_SUITE][PASSED] - ts_newReservation: Test Cases/p4p_newReservation]]></system-out>
      <system-err><![CDATA[]]></system-err>
   </testsuite>
</testsuites>
