<?xml version="1.0" encoding="UTF-8"?>
<testsuites name="ts_payment" time="73.421" tests="2" failures="0" errors="0">
   <testsuite name="ts_payment" tests="2" failures="0" errors="0" time="73.421" timestamp="2019-11-27 08:58:14" hostname="leonardo-arkusmty - leonardoarkusmty-Inspiron-5577" id="Test Suites/ts_payment">
      <properties>
         <property name="deviceName" value=""/>
         <property name="devicePlatform" value=""/>
         <property name="logFolder" value="/home/leonardo-arkusmty/Documents/workspaceKatalon/p4ptest/Reports/20191127_085813/ts_payment/20191127_085813"/>
         <property name="logFiles" value="/home/leonardo-arkusmty/Documents/workspaceKatalon/p4ptest/Reports/20191127_085813/ts_payment/20191127_085813/execution0.log"/>
         <property name="attachments" value=""/>
         <property name="hostName" value="leonardo-arkusmty - leonardoarkusmty-Inspiron-5577"/>
         <property name="os" value="Linux 64bit"/>
         <property name="katalonVersion" value="7.0.8.1"/>
         <property name="browser" value="Firefox 70.0"/>
         <property name="hostAddress" value="127.0.1.1"/>
         <property name="sessionId" value="96077f31-bd71-4af2-8043-3b03e37d6bf9"/>
         <property name="seleniumVersion" value="3.141.59"/>
         <property name="proxyInformation" value="ProxyInformation{proxyOption=NO_PROXY, proxyServerType=HTTP, password=, proxyServerAddress=, proxyServerPort=0}"/>
         <property name="platform" value="Linux"/>
      </properties>
      <testcase name="Test Cases/p4p_payment" time="32.621" classname="Test Cases/p4p_payment" status="PASSED">
         <system-out><![CDATA[2019-11-27 08:58:14 - [TEST_CASE][PASSED] - Test Cases/p4p_payment: Test Cases/p4p_payment

2019-11-27 08:58:15 - [TEST_STEP][PASSED] - openBrowser(""): Browser is opened with url: ''

2019-11-27 08:58:15 - [MESSAGE][INFO] - Starting 'Firefox' driver

2019-11-27 08:58:15 - [MESSAGE][INFO] - Action delay is set to 0 seconds

2019-11-27 08:58:17 - [MESSAGE][PASSED] - Browser is opened with url: ''

2019-11-27 08:58:17 - [TEST_STEP][PASSED] - navigateToUrl("https://p4p-qa-bg.aws.paradise4paws.com/login/"): Navigate to 'https://p4p-qa-bg.aws.paradise4paws.com/login/' successfully

2019-11-27 08:58:19 - [MESSAGE][PASSED] - Navigate to 'https://p4p-qa-bg.aws.paradise4paws.com/login/' successfully

2019-11-27 08:58:19 - [TEST_STEP][PASSED] - setText(findTestObject("object_login/input_user"), var_user): Text 'jegchavez@gmail.com' is set on object 'Object Repository/object_login/input_user'

2019-11-27 08:58:19 - [MESSAGE][PASSED] - Text 'jegchavez@gmail.com' is set on object 'Object Repository/object_login/input_user'

2019-11-27 08:58:19 - [TEST_STEP][PASSED] - setText(findTestObject("object_login/input_pass"), var_pass): Text 'admin1' is set on object 'Object Repository/object_login/input_pass'

2019-11-27 08:58:20 - [MESSAGE][PASSED] - Text 'admin1' is set on object 'Object Repository/object_login/input_pass'

2019-11-27 08:58:20 - [TEST_STEP][PASSED] - click(findTestObject("object_login/btn_login")): Object: 'Object Repository/object_login/btn_login' is clicked on

2019-11-27 08:58:24 - [MESSAGE][PASSED] - Object: 'Object Repository/object_login/btn_login' is clicked on

2019-11-27 08:58:24 - [TEST_STEP][PASSED] - delay(3): Delayed 3 second(s)

2019-11-27 08:58:27 - [MESSAGE][PASSED] - Delayed 3 second(s)

2019-11-27 08:58:27 - [TEST_STEP][PASSED] - navigateToUrl(var_urlInvoce): Navigate to 'https://p4p-qa-bg.aws.paradise4paws.com/accounts/profile/#/invoice/97558/1794650/' successfully

2019-11-27 08:58:30 - [MESSAGE][PASSED] - Navigate to 'https://p4p-qa-bg.aws.paradise4paws.com/accounts/profile/#/invoice/97558/1794650/' successfully

2019-11-27 08:58:30 - [TEST_STEP][PASSED] - delay(6): Delayed 6 second(s)

2019-11-27 08:58:36 - [MESSAGE][PASSED] - Delayed 6 second(s)

2019-11-27 08:58:36 - [TEST_STEP][NOT_RUN] - click(findTestObject("object_invoce/a_btnPay")): NOT_RUN: click(findTestObject("object_invoce/a_btnPay"))

2019-11-27 08:58:36 - [MESSAGE][NOT_RUN] - NOT_RUN: click(findTestObject("object_invoce/a_btnPay"))

2019-11-27 08:58:36 - [TEST_STEP][PASSED] - navigateToUrl(var_urlPay): Navigate to 'https://p4p-qa-bg.aws.paradise4paws.com/payment/1794650/?backUrl=/accounts/profile/#/invoice/97558/1794650/' successfully

2019-11-27 08:58:36 - [MESSAGE][PASSED] - Navigate to 'https://p4p-qa-bg.aws.paradise4paws.com/payment/1794650/?backUrl=/accounts/profile/#/invoice/97558/1794650/' successfully

2019-11-27 08:58:36 - [TEST_STEP][PASSED] - log = new com.kms.katalon.core.logging.KeywordLogger(): null

2019-11-27 08:58:36 - [TEST_STEP][PASSED] - log.logInfo("TEST"): TEST

2019-11-27 08:58:36 - [MESSAGE][INFO] - TEST

2019-11-27 08:58:36 - [TEST_STEP][PASSED] - log.logInfo(var_method): BY CHECK

2019-11-27 08:58:36 - [MESSAGE][INFO] - BY CHECK

2019-11-27 08:58:36 - [TEST_STEP][PASSED] - if (var_method == "CARD ON FILE"): null

2019-11-27 08:58:36 - [TEST_STEP][PASSED] - else if (var_method == "CARD PRESENT"): null

2019-11-27 08:58:36 - [TEST_STEP][PASSED] - else if (var_method == "CARD NOT PRESENT"): null

2019-11-27 08:58:36 - [TEST_STEP][PASSED] - else if (var_method == "BY CASH"): null

2019-11-27 08:58:36 - [TEST_STEP][PASSED] - else if (var_method == "ACCOUNT CREDIT"): null

2019-11-27 08:58:36 - [TEST_STEP][PASSED] - else if (var_method == "BY CHECK"): Object: 'Object Repository/object_paymentDetails/btn_makeAPayment' is clicked on

2019-11-27 08:58:36 - [TEST_STEP][PASSED] - click(findTestObject("object_paymentDetails/rdioBtn_methodBycheck")): Object: 'Object Repository/object_paymentDetails/rdioBtn_methodBycheck' is clicked on

2019-11-27 08:58:38 - [MESSAGE][PASSED] - Object: 'Object Repository/object_paymentDetails/rdioBtn_methodBycheck' is clicked on

2019-11-27 08:58:38 - [TEST_STEP][PASSED] - click(findTestObject("object_paymentDetails/btn_makeAPayment")): Object: 'Object Repository/object_paymentDetails/btn_makeAPayment' is clicked on

2019-11-27 08:58:39 - [MESSAGE][PASSED] - Object: 'Object Repository/object_paymentDetails/btn_makeAPayment' is clicked on

2019-11-27 08:58:39 - [TEST_STEP][PASSED] - delay(8): Delayed 8 second(s)

2019-11-27 08:58:47 - [MESSAGE][PASSED] - Delayed 8 second(s)]]></system-out>
         <system-err><![CDATA[]]></system-err>
      </testcase>
      <testcase name="Test Cases/p4p_payment" time="36.887" classname="Test Cases/p4p_payment" status="PASSED">
         <system-out><![CDATA[2019-11-27 08:58:47 - [TEST_CASE][PASSED] - Test Cases/p4p_payment: Test Cases/p4p_payment

2019-11-27 08:58:47 - [TEST_STEP][PASSED] - openBrowser(""): Browser is opened with url: ''

2019-11-27 08:58:47 - [MESSAGE][WARNING] - A browser is already opened. Closing browser and opening a new one

2019-11-27 08:58:53 - [MESSAGE][INFO] - Starting 'Firefox' driver

2019-11-27 08:58:55 - [MESSAGE][PASSED] - Browser is opened with url: ''

2019-11-27 08:58:55 - [TEST_STEP][PASSED] - navigateToUrl("https://p4p-qa-bg.aws.paradise4paws.com/login/"): Navigate to 'https://p4p-qa-bg.aws.paradise4paws.com/login/' successfully

2019-11-27 08:58:56 - [MESSAGE][PASSED] - Navigate to 'https://p4p-qa-bg.aws.paradise4paws.com/login/' successfully

2019-11-27 08:58:56 - [TEST_STEP][PASSED] - setText(findTestObject("object_login/input_user"), var_user): Text 'jegchavez@gmail.com' is set on object 'Object Repository/object_login/input_user'

2019-11-27 08:58:56 - [MESSAGE][PASSED] - Text 'jegchavez@gmail.com' is set on object 'Object Repository/object_login/input_user'

2019-11-27 08:58:56 - [TEST_STEP][PASSED] - setText(findTestObject("object_login/input_pass"), var_pass): Text 'admin1' is set on object 'Object Repository/object_login/input_pass'

2019-11-27 08:58:57 - [MESSAGE][PASSED] - Text 'admin1' is set on object 'Object Repository/object_login/input_pass'

2019-11-27 08:58:57 - [TEST_STEP][PASSED] - click(findTestObject("object_login/btn_login")): Object: 'Object Repository/object_login/btn_login' is clicked on

2019-11-27 08:59:01 - [MESSAGE][PASSED] - Object: 'Object Repository/object_login/btn_login' is clicked on

2019-11-27 08:59:01 - [TEST_STEP][PASSED] - delay(3): Delayed 3 second(s)

2019-11-27 08:59:04 - [MESSAGE][PASSED] - Delayed 3 second(s)

2019-11-27 08:59:04 - [TEST_STEP][PASSED] - navigateToUrl(var_urlInvoce): Navigate to 'https://p4p-qa-bg.aws.paradise4paws.com/accounts/profile/#/invoice/97558/1794650/' successfully

2019-11-27 08:59:07 - [MESSAGE][PASSED] - Navigate to 'https://p4p-qa-bg.aws.paradise4paws.com/accounts/profile/#/invoice/97558/1794650/' successfully

2019-11-27 08:59:07 - [TEST_STEP][PASSED] - delay(6): Delayed 6 second(s)

2019-11-27 08:59:13 - [MESSAGE][PASSED] - Delayed 6 second(s)

2019-11-27 08:59:13 - [TEST_STEP][NOT_RUN] - click(findTestObject("object_invoce/a_btnPay")): NOT_RUN: click(findTestObject("object_invoce/a_btnPay"))

2019-11-27 08:59:13 - [MESSAGE][NOT_RUN] - NOT_RUN: click(findTestObject("object_invoce/a_btnPay"))

2019-11-27 08:59:13 - [TEST_STEP][PASSED] - navigateToUrl(var_urlPay): Navigate to 'https://p4p-qa-bg.aws.paradise4paws.com/payment/1794650/?backUrl=/accounts/profile/#/invoice/97558/1794650/' successfully

2019-11-27 08:59:13 - [MESSAGE][PASSED] - Navigate to 'https://p4p-qa-bg.aws.paradise4paws.com/payment/1794650/?backUrl=/accounts/profile/#/invoice/97558/1794650/' successfully

2019-11-27 08:59:13 - [TEST_STEP][PASSED] - log = new com.kms.katalon.core.logging.KeywordLogger(): null

2019-11-27 08:59:13 - [TEST_STEP][PASSED] - log.logInfo("TEST"): TEST

2019-11-27 08:59:13 - [MESSAGE][INFO] - TEST

2019-11-27 08:59:13 - [TEST_STEP][PASSED] - log.logInfo(var_method): OTHER

2019-11-27 08:59:13 - [MESSAGE][INFO] - OTHER

2019-11-27 08:59:13 - [TEST_STEP][PASSED] - if (var_method == "CARD ON FILE"): null

2019-11-27 08:59:13 - [TEST_STEP][PASSED] - else if (var_method == "CARD PRESENT"): null

2019-11-27 08:59:13 - [TEST_STEP][PASSED] - else if (var_method == "CARD NOT PRESENT"): null

2019-11-27 08:59:13 - [TEST_STEP][PASSED] - else if (var_method == "BY CASH"): null

2019-11-27 08:59:13 - [TEST_STEP][PASSED] - else if (var_method == "ACCOUNT CREDIT"): null

2019-11-27 08:59:13 - [TEST_STEP][PASSED] - else if (var_method == "BY CHECK"): null

2019-11-27 08:59:13 - [TEST_STEP][PASSED] - else if (var_method == "OTHER"): Object: 'Object Repository/object_paymentDetails/btn_makeAPayment' is clicked on

2019-11-27 08:59:13 - [TEST_STEP][PASSED] - click(findTestObject("object_paymentDetails/rdioBtn_methodOther")): Object: 'Object Repository/object_paymentDetails/rdioBtn_methodOther' is clicked on

2019-11-27 08:59:15 - [MESSAGE][PASSED] - Object: 'Object Repository/object_paymentDetails/rdioBtn_methodOther' is clicked on

2019-11-27 08:59:15 - [TEST_STEP][PASSED] - click(findTestObject("object_paymentDetails/btn_makeAPayment")): Object: 'Object Repository/object_paymentDetails/btn_makeAPayment' is clicked on

2019-11-27 08:59:16 - [MESSAGE][PASSED] - Object: 'Object Repository/object_paymentDetails/btn_makeAPayment' is clicked on

2019-11-27 08:59:16 - [TEST_STEP][PASSED] - delay(8): Delayed 8 second(s)

2019-11-27 08:59:24 - [MESSAGE][PASSED] - Delayed 8 second(s)]]></system-out>
         <system-err><![CDATA[]]></system-err>
      </testcase>
      <system-out><![CDATA[2019-11-27 08:58:14 - [TEST_SUITE][PASSED] - ts_payment: Test Cases/p4p_payment]]></system-out>
      <system-err><![CDATA[]]></system-err>
   </testsuite>
</testsuites>
