<?xml version="1.0" encoding="UTF-8"?>
<testsuites name="ts_newReservation" time="31.076" tests="1" failures="0" errors="0">
   <testsuite name="ts_newReservation" tests="1" failures="0" errors="0" time="31.076" timestamp="2019-11-25 15:36:28" hostname="leonardo-arkusmty - leonardoarkusmty-Inspiron-5577" id="Test Suites/ts_newReservation">
      <properties>
         <property name="deviceName" value=""/>
         <property name="devicePlatform" value=""/>
         <property name="logFolder" value="/home/leonardo-arkusmty/Documents/workspaceKatalon/p4ptest/Reports/20191125_153627/ts_newReservation/20191125_153627"/>
         <property name="logFiles" value="/home/leonardo-arkusmty/Documents/workspaceKatalon/p4ptest/Reports/20191125_153627/ts_newReservation/20191125_153627/execution0.log"/>
         <property name="attachments" value=""/>
         <property name="hostName" value="leonardo-arkusmty - leonardoarkusmty-Inspiron-5577"/>
         <property name="os" value="Linux 64bit"/>
         <property name="katalonVersion" value="7.0.8.1"/>
         <property name="browser" value="Firefox 70.0"/>
         <property name="hostAddress" value="127.0.1.1"/>
         <property name="sessionId" value="16536849-f868-4018-bcc2-8330202016a0"/>
         <property name="seleniumVersion" value="3.141.59"/>
         <property name="proxyInformation" value="ProxyInformation{proxyOption=NO_PROXY, proxyServerType=HTTP, password=, proxyServerAddress=, proxyServerPort=0}"/>
         <property name="platform" value="Linux"/>
      </properties>
      <testcase name="Test Cases/p4p_newReservation" time="27.177" classname="Test Cases/p4p_newReservation" status="PASSED">
         <system-out><![CDATA[2019-11-25 15:36:28 - [TEST_CASE][PASSED] - Test Cases/p4p_newReservation: Test Cases/p4p_newReservation

2019-11-25 15:36:29 - [TEST_STEP][PASSED] - openBrowser("https://p4p-qa-bg.aws.paradise4paws.com/login/"): Browser is opened with url: 'https://p4p-qa-bg.aws.paradise4paws.com/login/'

2019-11-25 15:36:29 - [MESSAGE][INFO] - Starting 'Firefox' driver

2019-11-25 15:36:29 - [MESSAGE][INFO] - Action delay is set to 0 seconds

2019-11-25 15:36:34 - [MESSAGE][PASSED] - Browser is opened with url: 'https://p4p-qa-bg.aws.paradise4paws.com/login/'

2019-11-25 15:36:34 - [TEST_STEP][PASSED] - setText(findTestObject("object_login/input_user"), var_user): Text 'jegchavez@gmail.com' is set on object 'Object Repository/object_login/input_user'

2019-11-25 15:36:35 - [MESSAGE][PASSED] - Text 'jegchavez@gmail.com' is set on object 'Object Repository/object_login/input_user'

2019-11-25 15:36:35 - [TEST_STEP][PASSED] - setText(findTestObject("object_login/input_pass"), var_pass): Text 'admin1' is set on object 'Object Repository/object_login/input_pass'

2019-11-25 15:36:35 - [MESSAGE][PASSED] - Text 'admin1' is set on object 'Object Repository/object_login/input_pass'

2019-11-25 15:36:35 - [TEST_STEP][PASSED] - delay(2): Delayed 2 second(s)

2019-11-25 15:36:37 - [MESSAGE][PASSED] - Delayed 2 second(s)

2019-11-25 15:36:37 - [TEST_STEP][PASSED] - verifyElementClickable(findTestObject("object_login/btn_login")): Object 'Object Repository/object_login/btn_login' is clickable

2019-11-25 15:36:37 - [MESSAGE][PASSED] - Object 'Object Repository/object_login/btn_login' is clickable

2019-11-25 15:36:37 - [TEST_STEP][PASSED] - click(findTestObject("object_login/btn_login")): Object: 'Object Repository/object_login/btn_login' is clicked on

2019-11-25 15:36:41 - [MESSAGE][PASSED] - Object: 'Object Repository/object_login/btn_login' is clicked on

2019-11-25 15:36:41 - [TEST_STEP][PASSED] - delay(3): Delayed 3 second(s)

2019-11-25 15:36:44 - [MESSAGE][PASSED] - Delayed 3 second(s)

2019-11-25 15:36:44 - [TEST_STEP][PASSED] - navigateToUrl(var_urlReservations): Navigate to 'https://p4p-qa-bg.aws.paradise4paws.com/accounts/profile/#/reservations/97558/' successfully

2019-11-25 15:36:46 - [MESSAGE][PASSED] - Navigate to 'https://p4p-qa-bg.aws.paradise4paws.com/accounts/profile/#/reservations/97558/' successfully

2019-11-25 15:36:46 - [TEST_STEP][PASSED] - delay(6): Delayed 6 second(s)

2019-11-25 15:36:52 - [MESSAGE][PASSED] - Delayed 6 second(s)

2019-11-25 15:36:52 - [TEST_STEP][PASSED] - click(findTestObject("object_profile/a_createInvoice")): Object: 'Object Repository/object_profile/a_createInvoice' is clicked on

2019-11-25 15:36:53 - [MESSAGE][PASSED] - Object: 'Object Repository/object_profile/a_createInvoice' is clicked on

2019-11-25 15:36:53 - [TEST_STEP][PASSED] - delay(3): Delayed 3 second(s)

2019-11-25 15:36:56 - [MESSAGE][PASSED] - Delayed 3 second(s)]]></system-out>
         <system-err><![CDATA[]]></system-err>
      </testcase>
      <system-out><![CDATA[2019-11-25 15:36:28 - [TEST_SUITE][PASSED] - ts_newReservation: Test Cases/p4p_newReservation]]></system-out>
      <system-err><![CDATA[]]></system-err>
   </testsuite>
</testsuites>
