<?xml version="1.0" encoding="UTF-8"?>
<testsuites name="ts_newReservation" time="31.437" tests="1" failures="0" errors="0">
   <testsuite name="ts_newReservation" tests="1" failures="0" errors="0" time="31.437" timestamp="2019-11-25 13:27:45" hostname="leonardo-arkusmty - leonardoarkusmty-Inspiron-5577" id="Test Suites/ts_newReservation">
      <properties>
         <property name="deviceName" value=""/>
         <property name="devicePlatform" value=""/>
         <property name="logFolder" value="/home/leonardo-arkusmty/Documents/workspaceKatalon/p4ptest/Reports/20191125_132744/ts_newReservation/20191125_132744"/>
         <property name="logFiles" value="/home/leonardo-arkusmty/Documents/workspaceKatalon/p4ptest/Reports/20191125_132744/ts_newReservation/20191125_132744/execution0.log"/>
         <property name="attachments" value=""/>
         <property name="hostName" value="leonardo-arkusmty - leonardoarkusmty-Inspiron-5577"/>
         <property name="os" value="Linux 64bit"/>
         <property name="katalonVersion" value="7.0.8.1"/>
         <property name="browser" value="Firefox 70.0"/>
         <property name="hostAddress" value="127.0.1.1"/>
         <property name="sessionId" value="c6644463-c15b-4758-876e-e0b4b47312bf"/>
         <property name="seleniumVersion" value="3.141.59"/>
         <property name="proxyInformation" value="ProxyInformation{proxyOption=NO_PROXY, proxyServerType=HTTP, password=, proxyServerAddress=, proxyServerPort=0}"/>
         <property name="platform" value="Linux"/>
      </properties>
      <testcase name="Test Cases/p4p_newReservation" time="27.253" classname="Test Cases/p4p_newReservation" status="PASSED">
         <system-out><![CDATA[2019-11-25 13:27:46 - [TEST_CASE][PASSED] - Test Cases/p4p_newReservation: Test Cases/p4p_newReservation

2019-11-25 13:27:46 - [TEST_STEP][PASSED] - openBrowser("https://p4p-qa-bg.aws.paradise4paws.com/login/"): Browser is opened with url: 'https://p4p-qa-bg.aws.paradise4paws.com/login/'

2019-11-25 13:27:46 - [MESSAGE][INFO] - Starting 'Firefox' driver

2019-11-25 13:27:46 - [MESSAGE][INFO] - Action delay is set to 0 seconds

2019-11-25 13:27:51 - [MESSAGE][PASSED] - Browser is opened with url: 'https://p4p-qa-bg.aws.paradise4paws.com/login/'

2019-11-25 13:27:51 - [TEST_STEP][PASSED] - setText(findTestObject("object_login/input_user"), user): Text 'jegchavez@gmail.com' is set on object 'Object Repository/object_login/input_user'

2019-11-25 13:27:52 - [MESSAGE][PASSED] - Text 'jegchavez@gmail.com' is set on object 'Object Repository/object_login/input_user'

2019-11-25 13:27:52 - [TEST_STEP][PASSED] - setText(findTestObject("object_login/input_pass"), pass): Text 'admin1' is set on object 'Object Repository/object_login/input_pass'

2019-11-25 13:27:53 - [MESSAGE][PASSED] - Text 'admin1' is set on object 'Object Repository/object_login/input_pass'

2019-11-25 13:27:53 - [TEST_STEP][PASSED] - delay(2): Delayed 2 second(s)

2019-11-25 13:27:55 - [MESSAGE][PASSED] - Delayed 2 second(s)

2019-11-25 13:27:55 - [TEST_STEP][PASSED] - verifyElementClickable(findTestObject("object_login/btn_login")): Object 'Object Repository/object_login/btn_login' is clickable

2019-11-25 13:27:55 - [MESSAGE][PASSED] - Object 'Object Repository/object_login/btn_login' is clickable

2019-11-25 13:27:55 - [TEST_STEP][PASSED] - click(findTestObject("object_login/btn_login")): Object: 'Object Repository/object_login/btn_login' is clicked on

2019-11-25 13:27:59 - [MESSAGE][PASSED] - Object: 'Object Repository/object_login/btn_login' is clicked on

2019-11-25 13:27:59 - [TEST_STEP][PASSED] - delay(3): Delayed 3 second(s)

2019-11-25 13:28:02 - [MESSAGE][PASSED] - Delayed 3 second(s)

2019-11-25 13:28:02 - [TEST_STEP][PASSED] - navigateToUrl(url): Navigate to 'https://p4p-qa-bg.aws.paradise4paws.com/frontdesk/reservation/1702008/?parent_id=97558&type=DOG' successfully

2019-11-25 13:28:04 - [MESSAGE][PASSED] - Navigate to 'https://p4p-qa-bg.aws.paradise4paws.com/frontdesk/reservation/1702008/?parent_id=97558&type=DOG' successfully

2019-11-25 13:28:04 - [TEST_STEP][PASSED] - delay(6): Delayed 6 second(s)

2019-11-25 13:28:10 - [MESSAGE][PASSED] - Delayed 6 second(s)

2019-11-25 13:28:10 - [TEST_STEP][PASSED] - click(findTestObject("object_intoReservation/tab_editReservation")): Object: 'Object Repository/object_intoReservation/tab_editReservation' is clicked on

2019-11-25 13:28:13 - [MESSAGE][PASSED] - Object: 'Object Repository/object_intoReservation/tab_editReservation' is clicked on]]></system-out>
         <system-err><![CDATA[]]></system-err>
      </testcase>
      <system-out><![CDATA[2019-11-25 13:27:45 - [TEST_SUITE][PASSED] - ts_newReservation: Test Cases/p4p_newReservation]]></system-out>
      <system-err><![CDATA[]]></system-err>
   </testsuite>
</testsuites>
