<?xml version="1.0" encoding="UTF-8"?>
<testsuites name="ts_newReservationBoarding" time="237.929" tests="3" failures="0" errors="0">
   <testsuite name="ts_newReservationBoarding" tests="3" failures="0" errors="0" time="237.929" timestamp="2019-12-16 01:39:11" hostname="leonardo-arkusmty - leonardoarkusmty-Inspiron-5577" id="Test Suites/ts_newReservationBoarding">
      <properties>
         <property name="deviceName" value=""/>
         <property name="devicePlatform" value=""/>
         <property name="logFolder" value="/home/leonardo-arkusmty/Documents/workspaceKatalon/p4ptest/Reports/20191216_013909/ts_newReservationBoarding/20191216_013909"/>
         <property name="logFiles" value="/home/leonardo-arkusmty/Documents/workspaceKatalon/p4ptest/Reports/20191216_013909/ts_newReservationBoarding/20191216_013909/execution0.log"/>
         <property name="attachments" value=""/>
         <property name="hostName" value="leonardo-arkusmty - leonardoarkusmty-Inspiron-5577"/>
         <property name="os" value="Linux 64bit"/>
         <property name="katalonVersion" value="7.0.8.1"/>
         <property name="browser" value="Firefox 70.0"/>
         <property name="hostAddress" value="127.0.1.1"/>
         <property name="sessionId" value="80bbf8b0-5297-497f-bf7f-cf37d4b07bbf"/>
         <property name="seleniumVersion" value="3.141.59"/>
         <property name="proxyInformation" value="ProxyInformation{proxyOption=NO_PROXY, proxyServerType=HTTP, password=, proxyServerAddress=, proxyServerPort=0}"/>
         <property name="platform" value="Linux"/>
      </properties>
      <testcase name="Test Cases/p4p_newReservation" time="72.956" classname="Test Cases/p4p_newReservation" status="PASSED">
         <system-out><![CDATA[2019-12-16 01:39:11 - [TEST_CASE][PASSED] - Test Cases/p4p_newReservation: Test Cases/p4p_newReservation

2019-12-16 01:39:12 - [TEST_STEP][PASSED] - openBrowser("https://p4p-qa-bg.aws.paradise4paws.com/login/"): Browser is opened with url: 'https://p4p-qa-bg.aws.paradise4paws.com/login/'

2019-12-16 01:39:12 - [MESSAGE][INFO] - Starting 'Firefox' driver

2019-12-16 01:39:12 - [MESSAGE][INFO] - Action delay is set to 0 seconds

2019-12-16 01:39:15 - [MESSAGE][PASSED] - Browser is opened with url: 'https://p4p-qa-bg.aws.paradise4paws.com/login/'

2019-12-16 01:39:15 - [TEST_STEP][PASSED] - setText(findTestObject("Object Repository/object_login/input_user"), var_user): Text 'jegchavez@gmail.com' is set on object 'Object Repository/object_login/input_user'

2019-12-16 01:39:16 - [MESSAGE][PASSED] - Text 'jegchavez@gmail.com' is set on object 'Object Repository/object_login/input_user'

2019-12-16 01:39:16 - [TEST_STEP][PASSED] - setText(findTestObject("Object Repository/object_login/input_pass"), var_pass): Text 'admin1' is set on object 'Object Repository/object_login/input_pass'

2019-12-16 01:39:17 - [MESSAGE][PASSED] - Text 'admin1' is set on object 'Object Repository/object_login/input_pass'

2019-12-16 01:39:17 - [TEST_STEP][PASSED] - delay(2): Delayed 2 second(s)

2019-12-16 01:39:19 - [MESSAGE][PASSED] - Delayed 2 second(s)

2019-12-16 01:39:19 - [TEST_STEP][PASSED] - verifyElementClickable(findTestObject("Object Repository/object_login/btn_login")): Object 'Object Repository/object_login/btn_login' is clickable

2019-12-16 01:39:19 - [MESSAGE][PASSED] - Object 'Object Repository/object_login/btn_login' is clickable

2019-12-16 01:39:19 - [TEST_STEP][PASSED] - click(findTestObject("Object Repository/object_login/btn_login")): Object: 'Object Repository/object_login/btn_login' is clicked on

2019-12-16 01:39:22 - [MESSAGE][PASSED] - Object: 'Object Repository/object_login/btn_login' is clicked on

2019-12-16 01:39:22 - [TEST_STEP][PASSED] - delay(2): Delayed 2 second(s)

2019-12-16 01:39:24 - [MESSAGE][PASSED] - Delayed 2 second(s)

2019-12-16 01:39:24 - [TEST_STEP][PASSED] - setText(findTestObject("Object Repository/object_dashboard_emp/input_search"), var_searchParent): Text 'leongarzagarza@hotmail.com' is set on object 'Object Repository/object_dashboard_emp/input_search'

2019-12-16 01:39:24 - [MESSAGE][PASSED] - Text 'leongarzagarza@hotmail.com' is set on object 'Object Repository/object_dashboard_emp/input_search'

2019-12-16 01:39:24 - [TEST_STEP][PASSED] - click(findTestObject("Object Repository/object_dashboard_emp/btn_accountSearch")): Object: 'Object Repository/object_dashboard_emp/btn_accountSearch' is clicked on

2019-12-16 01:39:25 - [MESSAGE][PASSED] - Object: 'Object Repository/object_dashboard_emp/btn_accountSearch' is clicked on

2019-12-16 01:39:25 - [TEST_STEP][PASSED] - delay(2): Delayed 2 second(s)

2019-12-16 01:39:27 - [MESSAGE][PASSED] - Delayed 2 second(s)

2019-12-16 01:39:27 - [TEST_STEP][PASSED] - click(findTestObject("Object Repository/object_accountInformation/a_TEST GABRIEL PROD")): Object: 'Object Repository/object_accountInformation/a_TEST GABRIEL PROD' is clicked on

2019-12-16 01:39:31 - [MESSAGE][PASSED] - Object: 'Object Repository/object_accountInformation/a_TEST GABRIEL PROD' is clicked on

2019-12-16 01:39:31 - [TEST_STEP][PASSED] - delay(2): Delayed 2 second(s)

2019-12-16 01:39:33 - [MESSAGE][PASSED] - Delayed 2 second(s)

2019-12-16 01:39:33 - [TEST_STEP][PASSED] - click(findTestObject("Object Repository/object_profile/a_addReservation")): Object: 'Object Repository/object_profile/a_addReservation' is clicked on

2019-12-16 01:39:34 - [MESSAGE][PASSED] - Object: 'Object Repository/object_profile/a_addReservation' is clicked on

2019-12-16 01:39:34 - [TEST_STEP][PASSED] - delay(2): Delayed 2 second(s)

2019-12-16 01:39:36 - [MESSAGE][PASSED] - Delayed 2 second(s)

2019-12-16 01:39:36 - [TEST_STEP][PASSED] - flagBoar = "0": null

2019-12-16 01:39:36 - [TEST_STEP][PASSED] - log = new com.kms.katalon.core.logging.KeywordLogger(): null

2019-12-16 01:39:36 - [TEST_STEP][PASSED] - if (var_typeReserveation == "Boarding"): null

2019-12-16 01:39:36 - [TEST_STEP][PASSED] - click(findTestObject("Object Repository/object_reservation/btn_Boarding")): Object: 'Object Repository/object_reservation/btn_Boarding' is clicked on

2019-12-16 01:39:37 - [MESSAGE][PASSED] - Object: 'Object Repository/object_reservation/btn_Boarding' is clicked on

2019-12-16 01:39:37 - [TEST_STEP][PASSED] - flagBoar = "1": null

2019-12-16 01:39:37 - [TEST_STEP][PASSED] - click(findTestObject("Object Repository/object_reservation/i_location")): Object: 'Object Repository/object_reservation/i_location' is clicked on

2019-12-16 01:39:39 - [MESSAGE][PASSED] - Object: 'Object Repository/object_reservation/i_location' is clicked on

2019-12-16 01:39:39 - [TEST_STEP][PASSED] - switch (var_idFacility): null

2019-12-16 01:39:39 - [TEST_STEP][PASSED] - dateCI = var_checkinD.split(","): null

2019-12-16 01:39:39 - [TEST_STEP][PASSED] - dateCO = var_checkoutD.split(","): null

2019-12-16 01:39:39 - [TEST_STEP][PASSED] - arryPets = var_pets.split(","): null

2019-12-16 01:39:39 - [TEST_STEP][PASSED] - delay(2): Delayed 2 second(s)

2019-12-16 01:39:41 - [MESSAGE][PASSED] - Delayed 2 second(s)

2019-12-16 01:39:41 - [TEST_STEP][PASSED] - if (var_repeting == "Y"): null

2019-12-16 01:39:41 - [TEST_STEP][PASSED] - click(findTestObject("Object Repository/object_reservation/dateCheckIn")): Object: 'Object Repository/object_reservation/dateCheckIn' is clicked on

2019-12-16 01:39:42 - [MESSAGE][PASSED] - Object: 'Object Repository/object_reservation/dateCheckIn' is clicked on

2019-12-16 01:39:42 - [TEST_STEP][PASSED] - delay(2): Delayed 2 second(s)

2019-12-16 01:39:44 - [MESSAGE][PASSED] - Delayed 2 second(s)

2019-12-16 01:39:44 - [TEST_STEP][PASSED] - switch (dateCI[0]): null

2019-12-16 01:39:44 - [TEST_STEP][PASSED] - case "1":: null

2019-12-16 01:39:44 - [TEST_STEP][PASSED] - click(findTestObject("Object Repository/Page_Paradise 4 Paws  Dog Boarding Cat Boarding Norwalk Pooch Hotel/button_01_ci")): Object: 'Object Repository/Page_Paradise 4 Paws  Dog Boarding Cat Boarding Norwalk Pooch Hotel/button_01_ci' is clicked on

2019-12-16 01:39:45 - [MESSAGE][PASSED] - Object: 'Object Repository/Page_Paradise 4 Paws  Dog Boarding Cat Boarding Norwalk Pooch Hotel/button_01_ci' is clicked on

2019-12-16 01:39:45 - [TEST_STEP][PASSED] - break: null

2019-12-16 01:39:45 - [TEST_STEP][PASSED] - if (flagBoar == "1"): null

2019-12-16 01:39:45 - [TEST_STEP][PASSED] - click(findTestObject("Object Repository/object_reservation/dateCheckOut")): Object: 'Object Repository/object_reservation/dateCheckOut' is clicked on

2019-12-16 01:39:45 - [MESSAGE][PASSED] - Object: 'Object Repository/object_reservation/dateCheckOut' is clicked on

2019-12-16 01:39:45 - [TEST_STEP][PASSED] - switch (dateCO[0]): null

2019-12-16 01:39:45 - [TEST_STEP][PASSED] - case "2":: null

2019-12-16 01:39:45 - [TEST_STEP][PASSED] - click(findTestObject("Object Repository/Page_Paradise 4 Paws  Dog Boarding Cat Boarding Norwalk Pooch Hotel/button_02_co")): Object: 'Object Repository/Page_Paradise 4 Paws  Dog Boarding Cat Boarding Norwalk Pooch Hotel/button_02_co' is clicked on

2019-12-16 01:39:46 - [MESSAGE][PASSED] - Object: 'Object Repository/Page_Paradise 4 Paws  Dog Boarding Cat Boarding Norwalk Pooch Hotel/button_02_co' is clicked on

2019-12-16 01:39:46 - [TEST_STEP][PASSED] - break: null

2019-12-16 01:39:46 - [TEST_STEP][NOT_RUN] - click(findTestObject("Object Repository/object_reservationCalendar/CO_close")): NOT_RUN: click(findTestObject("Object Repository/object_reservationCalendar/CO_close"))

2019-12-16 01:39:46 - [MESSAGE][NOT_RUN] - NOT_RUN: click(findTestObject("Object Repository/object_reservationCalendar/CO_close"))

2019-12-16 01:39:46 - [TEST_STEP][PASSED] - click(findTestObject("Object Repository/object_reservation/timeCheckin")): Object: 'Object Repository/object_reservation/timeCheckin' is clicked on

2019-12-16 01:39:47 - [MESSAGE][PASSED] - Object: 'Object Repository/object_reservation/timeCheckin' is clicked on

2019-12-16 01:39:47 - [TEST_STEP][PASSED] - switch (var_checkinT): null

2019-12-16 01:39:47 - [TEST_STEP][PASSED] - case "800":: null

2019-12-16 01:39:47 - [TEST_STEP][PASSED] - click(findTestObject("Object Repository/Page_Paradise 4 Paws  Dog Boarding Cat Boarding Norwalk Pooch Hotel/time_800am_ci")): Object: 'Object Repository/Page_Paradise 4 Paws  Dog Boarding Cat Boarding Norwalk Pooch Hotel/time_800am_ci' is clicked on

2019-12-16 01:39:47 - [MESSAGE][PASSED] - Object: 'Object Repository/Page_Paradise 4 Paws  Dog Boarding Cat Boarding Norwalk Pooch Hotel/time_800am_ci' is clicked on

2019-12-16 01:39:47 - [TEST_STEP][PASSED] - break: null

2019-12-16 01:39:47 - [TEST_STEP][PASSED] - click(findTestObject("Object Repository/object_reservation/timeCheckOut")): Object: 'Object Repository/object_reservation/timeCheckOut' is clicked on

2019-12-16 01:39:48 - [MESSAGE][PASSED] - Object: 'Object Repository/object_reservation/timeCheckOut' is clicked on

2019-12-16 01:39:48 - [TEST_STEP][PASSED] - switch (var_checkoutT): null

2019-12-16 01:39:48 - [TEST_STEP][PASSED] - case "1200":: null

2019-12-16 01:39:48 - [TEST_STEP][PASSED] - click(findTestObject("Object Repository/Page_Paradise 4 Paws  Dog Boarding Cat Boarding Norwalk Pooch Hotel/time_1200pm_co")): Object: 'Object Repository/Page_Paradise 4 Paws  Dog Boarding Cat Boarding Norwalk Pooch Hotel/time_1200pm_co' is clicked on

2019-12-16 01:39:48 - [MESSAGE][PASSED] - Object: 'Object Repository/Page_Paradise 4 Paws  Dog Boarding Cat Boarding Norwalk Pooch Hotel/time_1200pm_co' is clicked on

2019-12-16 01:39:48 - [TEST_STEP][PASSED] - break: null

2019-12-16 01:39:48 - [TEST_STEP][PASSED] - delay(2): Delayed 2 second(s)

2019-12-16 01:39:50 - [MESSAGE][PASSED] - Delayed 2 second(s)

2019-12-16 01:39:50 - [TEST_STEP][PASSED] - if (arryPets.size() == 1): Object: 'Object Repository/object_reservation/Page_Paradise 4 Paws  Dog Boarding Cat Boarding Norwalk Pooch Hotel/div_Ares' is clicked on

2019-12-16 01:39:50 - [TEST_STEP][PASSED] - click(findTestObject("Object Repository/object_reservation/Page_Paradise 4 Paws  Dog Boarding Cat Boarding Norwalk Pooch Hotel/div_Ares")): Object: 'Object Repository/object_reservation/Page_Paradise 4 Paws  Dog Boarding Cat Boarding Norwalk Pooch Hotel/div_Ares' is clicked on

2019-12-16 01:39:52 - [MESSAGE][PASSED] - Object: 'Object Repository/object_reservation/Page_Paradise 4 Paws  Dog Boarding Cat Boarding Norwalk Pooch Hotel/div_Ares' is clicked on

2019-12-16 01:39:52 - [TEST_STEP][NOT_RUN] - click(findTestObject("object_reservations/i_Day_fa fa-circle-o ng-scope")): NOT_RUN: click(findTestObject("object_reservations/i_Day_fa fa-circle-o ng-scope"))

2019-12-16 01:39:52 - [MESSAGE][NOT_RUN] - NOT_RUN: click(findTestObject("object_reservations/i_Day_fa fa-circle-o ng-scope"))

2019-12-16 01:39:52 - [TEST_STEP][PASSED] - if (flagBoar == "1" || flagBoar == "2"): Object: 'Object Repository/object_reservation/div_suite_rad_deluxe' is clicked on

2019-12-16 01:39:52 - [TEST_STEP][PASSED] - click(findTestObject("Object Repository/object_reservation/div_suite_rad_deluxe")): Object: 'Object Repository/object_reservation/div_suite_rad_deluxe' is clicked on

2019-12-16 01:39:56 - [MESSAGE][PASSED] - Object: 'Object Repository/object_reservation/div_suite_rad_deluxe' is clicked on

2019-12-16 01:39:56 - [TEST_STEP][PASSED] - click(findTestObject("Object Repository/object_reservation/btn_next2")): Object: 'Object Repository/object_reservation/btn_next2' is clicked on

2019-12-16 01:39:58 - [MESSAGE][PASSED] - Object: 'Object Repository/object_reservation/btn_next2' is clicked on

2019-12-16 01:39:58 - [TEST_STEP][PASSED] - delay(3): Delayed 3 second(s)

2019-12-16 01:40:01 - [MESSAGE][PASSED] - Delayed 3 second(s)

2019-12-16 01:40:01 - [TEST_STEP][PASSED] - if (flagBoar == "1"): Object: 'Object Repository/object_reservation/button_DeclineThisPromo' is clicked on

2019-12-16 01:40:01 - [TEST_STEP][PASSED] - click(findTestObject("Object Repository/object_reservation/button_DeclineThisPromo")): Object: 'Object Repository/object_reservation/button_DeclineThisPromo' is clicked on

2019-12-16 01:40:02 - [MESSAGE][PASSED] - Object: 'Object Repository/object_reservation/button_DeclineThisPromo' is clicked on

2019-12-16 01:40:02 - [TEST_STEP][PASSED] - delay(2): Delayed 2 second(s)

2019-12-16 01:40:04 - [MESSAGE][PASSED] - Delayed 2 second(s)

2019-12-16 01:40:04 - [TEST_STEP][PASSED] - click(findTestObject("Object Repository/object_reservation/btn_next2")): Object: 'Object Repository/object_reservation/btn_next2' is clicked on

2019-12-16 01:40:04 - [MESSAGE][PASSED] - Object: 'Object Repository/object_reservation/btn_next2' is clicked on

2019-12-16 01:40:04 - [TEST_STEP][PASSED] - click(findTestObject("Object Repository/object_reservation/button_Submit Reservation")): Object: 'Object Repository/object_reservation/button_Submit Reservation' is clicked on

2019-12-16 01:40:06 - [MESSAGE][PASSED] - Object: 'Object Repository/object_reservation/button_Submit Reservation' is clicked on

2019-12-16 01:40:06 - [TEST_STEP][PASSED] - delay(2): Delayed 2 second(s)

2019-12-16 01:40:08 - [MESSAGE][PASSED] - Delayed 2 second(s)

2019-12-16 01:40:08 - [TEST_STEP][PASSED] - if (flagBoar == "2" && var_repeatingEvery == "Daily" || var_repeatingEvery == "Monthly" || var_repeatingEvery == "Weekly"): null

2019-12-16 01:40:08 - [TEST_STEP][PASSED] - else: null

2019-12-16 01:40:08 - [TEST_STEP][PASSED] - delay(2): Delayed 2 second(s)

2019-12-16 01:40:10 - [MESSAGE][PASSED] - Delayed 2 second(s)

2019-12-16 01:40:10 - [TEST_STEP][PASSED] - click(findTestObject("Object Repository/object_reservation/button_Return To Reservation")): Object: 'Object Repository/object_reservation/button_Return To Reservation' is clicked on

2019-12-16 01:40:12 - [MESSAGE][PASSED] - Object: 'Object Repository/object_reservation/button_Return To Reservation' is clicked on

2019-12-16 01:40:12 - [TEST_STEP][PASSED] - delay(6): Delayed 6 second(s)

2019-12-16 01:40:18 - [MESSAGE][PASSED] - Delayed 6 second(s)

2019-12-16 01:40:18 - [TEST_STEP][PASSED] - click(findTestObject("Object Repository/object_reservation/Page_Paradise 4 Paws  Dog Boarding Cat Boar_35fe2b/button_Go to CheckOut")): Object: 'Object Repository/object_reservation/Page_Paradise 4 Paws  Dog Boarding Cat Boar_35fe2b/button_Go to CheckOut' is clicked on

2019-12-16 01:40:19 - [MESSAGE][PASSED] - Object: 'Object Repository/object_reservation/Page_Paradise 4 Paws  Dog Boarding Cat Boar_35fe2b/button_Go to CheckOut' is clicked on

2019-12-16 01:40:19 - [TEST_STEP][PASSED] - delay(2): Delayed 2 second(s)

2019-12-16 01:40:21 - [MESSAGE][PASSED] - Delayed 2 second(s)

2019-12-16 01:40:21 - [TEST_STEP][PASSED] - log.logInfo(getText(findTestObject("Object Repository/object_reservation/Page_Paradise 4 Paws  Dog Boarding Cat Boar_35fe2b/span_( BK )"))): ( BK )

2019-12-16 01:40:22 - [MESSAGE][PASSED] - Text of object 'Object Repository/object_reservation/Page_Paradise 4 Paws  Dog Boarding Cat Boar_35fe2b/span_( BK )' is: '( BK )'

2019-12-16 01:40:22 - [MESSAGE][INFO] - ( BK )

2019-12-16 01:40:22 - [TEST_STEP][PASSED] - var_url = getUrl(): Current window's url is: 'https://p4p-qa-bg.aws.paradise4paws.com/frontdesk/checkout/1702444/?parent_id=122350'

2019-12-16 01:40:22 - [MESSAGE][PASSED] - Current window's url is: 'https://p4p-qa-bg.aws.paradise4paws.com/frontdesk/checkout/1702444/?parent_id=122350'

2019-12-16 01:40:22 - [TEST_STEP][PASSED] - arrayUrl = var_url.split("/"): null

2019-12-16 01:40:22 - [TEST_STEP][PASSED] - var = Integer.parseInt(var_idRowRes): null

2019-12-16 01:40:22 - [TEST_STEP][PASSED] - verifyElementText(findTestObject("Object Repository/object_reservation/Page_Paradise 4 Paws  Dog Boarding Cat Boar_35fe2b/span_( BK )"), "( BK )", STOP_ON_FAILURE): Actual text and expected text of test object 'Object Repository/object_reservation/Page_Paradise 4 Paws  Dog Boarding Cat Boar_35fe2b/span_( BK )' are matched.

2019-12-16 01:40:22 - [MESSAGE][PASSED] - Actual text and expected text of test object 'Object Repository/object_reservation/Page_Paradise 4 Paws  Dog Boarding Cat Boar_35fe2b/span_( BK )' are matched.

2019-12-16 01:40:22 - [TEST_STEP][PASSED] - fis = new java.io.FileInputStream(/home/leonardo-arkusmty/Desktop/P4P/DATA_AUTOMATINTESTING/data_1newReservationBoarding.xlsx): null

2019-12-16 01:40:22 - [TEST_STEP][PASSED] - workbook = new org.apache.poi.xssf.usermodel.XSSFWorkbook(fis): null

2019-12-16 01:40:23 - [TEST_STEP][PASSED] - sheet = workbook.getSheet("Sheet1"): null

2019-12-16 01:40:23 - [TEST_STEP][PASSED] - rowCount = var_row: null

2019-12-16 01:40:23 - [TEST_STEP][PASSED] - row = sheet.getRow(var): null

2019-12-16 01:40:23 - [TEST_STEP][PASSED] - cell = row.createCell(15, 0): null

2019-12-16 01:40:23 - [TEST_STEP][PASSED] - cell.setCellType(CELL_TYPE_STRING): null

2019-12-16 01:40:23 - [TEST_STEP][PASSED] - cell.setCellValue(arrayUrl[5]): null

2019-12-16 01:40:23 - [TEST_STEP][PASSED] - cell2 = row.createCell(16, 0): null

2019-12-16 01:40:23 - [TEST_STEP][PASSED] - cell2.setCellType(CELL_TYPE_STRING): null

2019-12-16 01:40:23 - [TEST_STEP][PASSED] - cell2.setCellValue(getText(findTestObject("Object Repository/object_reservation/Page_Paradise 4 Paws  Dog Boarding Cat Boar_35fe2b/span_( BK )"))): Text of object 'Object Repository/object_reservation/Page_Paradise 4 Paws  Dog Boarding Cat Boar_35fe2b/span_( BK )' is: '( BK )'

2019-12-16 01:40:23 - [MESSAGE][PASSED] - Text of object 'Object Repository/object_reservation/Page_Paradise 4 Paws  Dog Boarding Cat Boar_35fe2b/span_( BK )' is: '( BK )'

2019-12-16 01:40:23 - [TEST_STEP][PASSED] - fos = new java.io.FileOutputStream(/home/leonardo-arkusmty/Desktop/P4P/DATA_AUTOMATINTESTING/data_1newReservationBoarding.xlsx): null

2019-12-16 01:40:23 - [TEST_STEP][PASSED] - workbook.write(fos): null

2019-12-16 01:40:23 - [TEST_STEP][PASSED] - fos.close(): null

2019-12-16 01:40:23 - [TEST_STEP][PASSED] - delay(1): Delayed 1 second(s)

2019-12-16 01:40:24 - [MESSAGE][PASSED] - Delayed 1 second(s)

2019-12-16 01:40:24 - [TEST_STEP][PASSED] - (var_row++): null]]></system-out>
         <system-err><![CDATA[]]></system-err>
      </testcase>
      <testcase name="Test Cases/p4p_newReservation" time="78.308" classname="Test Cases/p4p_newReservation" status="PASSED">
         <system-out><![CDATA[2019-12-16 01:40:24 - [TEST_CASE][PASSED] - Test Cases/p4p_newReservation: Test Cases/p4p_newReservation

2019-12-16 01:40:24 - [TEST_STEP][PASSED] - openBrowser("https://p4p-qa-bg.aws.paradise4paws.com/login/"): Browser is opened with url: 'https://p4p-qa-bg.aws.paradise4paws.com/login/'

2019-12-16 01:40:24 - [MESSAGE][WARNING] - A browser is already opened. Closing browser and opening a new one

2019-12-16 01:40:25 - [MESSAGE][INFO] - Starting 'Firefox' driver

2019-12-16 01:40:28 - [MESSAGE][PASSED] - Browser is opened with url: 'https://p4p-qa-bg.aws.paradise4paws.com/login/'

2019-12-16 01:40:28 - [TEST_STEP][PASSED] - setText(findTestObject("Object Repository/object_login/input_user"), var_user): Text 'jegchavez@gmail.com' is set on object 'Object Repository/object_login/input_user'

2019-12-16 01:40:29 - [MESSAGE][PASSED] - Text 'jegchavez@gmail.com' is set on object 'Object Repository/object_login/input_user'

2019-12-16 01:40:29 - [TEST_STEP][PASSED] - setText(findTestObject("Object Repository/object_login/input_pass"), var_pass): Text 'admin1' is set on object 'Object Repository/object_login/input_pass'

2019-12-16 01:40:29 - [MESSAGE][PASSED] - Text 'admin1' is set on object 'Object Repository/object_login/input_pass'

2019-12-16 01:40:29 - [TEST_STEP][PASSED] - delay(2): Delayed 2 second(s)

2019-12-16 01:40:31 - [MESSAGE][PASSED] - Delayed 2 second(s)

2019-12-16 01:40:31 - [TEST_STEP][PASSED] - verifyElementClickable(findTestObject("Object Repository/object_login/btn_login")): Object 'Object Repository/object_login/btn_login' is clickable

2019-12-16 01:40:31 - [MESSAGE][PASSED] - Object 'Object Repository/object_login/btn_login' is clickable

2019-12-16 01:40:31 - [TEST_STEP][PASSED] - click(findTestObject("Object Repository/object_login/btn_login")): Object: 'Object Repository/object_login/btn_login' is clicked on

2019-12-16 01:40:34 - [MESSAGE][PASSED] - Object: 'Object Repository/object_login/btn_login' is clicked on

2019-12-16 01:40:34 - [TEST_STEP][PASSED] - delay(2): Delayed 2 second(s)

2019-12-16 01:40:36 - [MESSAGE][PASSED] - Delayed 2 second(s)

2019-12-16 01:40:36 - [TEST_STEP][PASSED] - setText(findTestObject("Object Repository/object_dashboard_emp/input_search"), var_searchParent): Text 'leongarzagarza@hotmail.com' is set on object 'Object Repository/object_dashboard_emp/input_search'

2019-12-16 01:40:36 - [MESSAGE][PASSED] - Text 'leongarzagarza@hotmail.com' is set on object 'Object Repository/object_dashboard_emp/input_search'

2019-12-16 01:40:36 - [TEST_STEP][PASSED] - click(findTestObject("Object Repository/object_dashboard_emp/btn_accountSearch")): Object: 'Object Repository/object_dashboard_emp/btn_accountSearch' is clicked on

2019-12-16 01:40:37 - [MESSAGE][PASSED] - Object: 'Object Repository/object_dashboard_emp/btn_accountSearch' is clicked on

2019-12-16 01:40:37 - [TEST_STEP][PASSED] - delay(2): Delayed 2 second(s)

2019-12-16 01:40:39 - [MESSAGE][PASSED] - Delayed 2 second(s)

2019-12-16 01:40:39 - [TEST_STEP][PASSED] - click(findTestObject("Object Repository/object_accountInformation/a_TEST GABRIEL PROD")): Object: 'Object Repository/object_accountInformation/a_TEST GABRIEL PROD' is clicked on

2019-12-16 01:40:43 - [MESSAGE][PASSED] - Object: 'Object Repository/object_accountInformation/a_TEST GABRIEL PROD' is clicked on

2019-12-16 01:40:43 - [TEST_STEP][PASSED] - delay(2): Delayed 2 second(s)

2019-12-16 01:40:45 - [MESSAGE][PASSED] - Delayed 2 second(s)

2019-12-16 01:40:45 - [TEST_STEP][PASSED] - click(findTestObject("Object Repository/object_profile/a_addReservation")): Object: 'Object Repository/object_profile/a_addReservation' is clicked on

2019-12-16 01:40:47 - [MESSAGE][PASSED] - Object: 'Object Repository/object_profile/a_addReservation' is clicked on

2019-12-16 01:40:47 - [TEST_STEP][PASSED] - delay(2): Delayed 2 second(s)

2019-12-16 01:40:49 - [MESSAGE][PASSED] - Delayed 2 second(s)

2019-12-16 01:40:49 - [TEST_STEP][PASSED] - flagBoar = "0": null

2019-12-16 01:40:49 - [TEST_STEP][PASSED] - log = new com.kms.katalon.core.logging.KeywordLogger(): null

2019-12-16 01:40:49 - [TEST_STEP][PASSED] - if (var_typeReserveation == "Boarding"): null

2019-12-16 01:40:49 - [TEST_STEP][PASSED] - click(findTestObject("Object Repository/object_reservation/btn_Boarding")): Object: 'Object Repository/object_reservation/btn_Boarding' is clicked on

2019-12-16 01:40:49 - [MESSAGE][PASSED] - Object: 'Object Repository/object_reservation/btn_Boarding' is clicked on

2019-12-16 01:40:49 - [TEST_STEP][PASSED] - flagBoar = "1": null

2019-12-16 01:40:49 - [TEST_STEP][PASSED] - click(findTestObject("Object Repository/object_reservation/i_location")): Object: 'Object Repository/object_reservation/i_location' is clicked on

2019-12-16 01:40:52 - [MESSAGE][PASSED] - Object: 'Object Repository/object_reservation/i_location' is clicked on

2019-12-16 01:40:52 - [TEST_STEP][PASSED] - switch (var_idFacility): null

2019-12-16 01:40:52 - [TEST_STEP][PASSED] - dateCI = var_checkinD.split(","): null

2019-12-16 01:40:52 - [TEST_STEP][PASSED] - dateCO = var_checkoutD.split(","): null

2019-12-16 01:40:52 - [TEST_STEP][PASSED] - arryPets = var_pets.split(","): null

2019-12-16 01:40:52 - [TEST_STEP][PASSED] - delay(2): Delayed 2 second(s)

2019-12-16 01:40:54 - [MESSAGE][PASSED] - Delayed 2 second(s)

2019-12-16 01:40:54 - [TEST_STEP][PASSED] - if (var_repeting == "Y"): null

2019-12-16 01:40:54 - [TEST_STEP][PASSED] - click(findTestObject("Object Repository/object_reservation/dateCheckIn")): Object: 'Object Repository/object_reservation/dateCheckIn' is clicked on

2019-12-16 01:40:55 - [MESSAGE][PASSED] - Object: 'Object Repository/object_reservation/dateCheckIn' is clicked on

2019-12-16 01:40:55 - [TEST_STEP][PASSED] - delay(2): Delayed 2 second(s)

2019-12-16 01:40:57 - [MESSAGE][PASSED] - Delayed 2 second(s)

2019-12-16 01:40:57 - [TEST_STEP][PASSED] - switch (dateCI[0]): null

2019-12-16 01:40:57 - [TEST_STEP][PASSED] - case "3":: null

2019-12-16 01:40:57 - [TEST_STEP][PASSED] - click(findTestObject("Object Repository/Page_Paradise 4 Paws  Dog Boarding Cat Boarding Norwalk Pooch Hotel/button_03_ci")): Object: 'Object Repository/Page_Paradise 4 Paws  Dog Boarding Cat Boarding Norwalk Pooch Hotel/button_03_ci' is clicked on

2019-12-16 01:40:57 - [MESSAGE][PASSED] - Object: 'Object Repository/Page_Paradise 4 Paws  Dog Boarding Cat Boarding Norwalk Pooch Hotel/button_03_ci' is clicked on

2019-12-16 01:40:57 - [TEST_STEP][PASSED] - break: null

2019-12-16 01:40:57 - [TEST_STEP][PASSED] - if (flagBoar == "1"): null

2019-12-16 01:40:57 - [TEST_STEP][PASSED] - click(findTestObject("Object Repository/object_reservation/dateCheckOut")): Object: 'Object Repository/object_reservation/dateCheckOut' is clicked on

2019-12-16 01:40:58 - [MESSAGE][PASSED] - Object: 'Object Repository/object_reservation/dateCheckOut' is clicked on

2019-12-16 01:40:58 - [TEST_STEP][PASSED] - switch (dateCO[0]): null

2019-12-16 01:40:58 - [TEST_STEP][PASSED] - case "4":: null

2019-12-16 01:40:58 - [TEST_STEP][PASSED] - click(findTestObject("Object Repository/Page_Paradise 4 Paws  Dog Boarding Cat Boarding Norwalk Pooch Hotel/button_04_co")): Object: 'Object Repository/Page_Paradise 4 Paws  Dog Boarding Cat Boarding Norwalk Pooch Hotel/button_04_co' is clicked on

2019-12-16 01:40:59 - [MESSAGE][PASSED] - Object: 'Object Repository/Page_Paradise 4 Paws  Dog Boarding Cat Boarding Norwalk Pooch Hotel/button_04_co' is clicked on

2019-12-16 01:40:59 - [TEST_STEP][PASSED] - break: null

2019-12-16 01:40:59 - [TEST_STEP][NOT_RUN] - click(findTestObject("Object Repository/object_reservationCalendar/CO_close")): NOT_RUN: click(findTestObject("Object Repository/object_reservationCalendar/CO_close"))

2019-12-16 01:40:59 - [MESSAGE][NOT_RUN] - NOT_RUN: click(findTestObject("Object Repository/object_reservationCalendar/CO_close"))

2019-12-16 01:40:59 - [TEST_STEP][PASSED] - click(findTestObject("Object Repository/object_reservation/timeCheckin")): Object: 'Object Repository/object_reservation/timeCheckin' is clicked on

2019-12-16 01:40:59 - [MESSAGE][PASSED] - Object: 'Object Repository/object_reservation/timeCheckin' is clicked on

2019-12-16 01:40:59 - [TEST_STEP][PASSED] - switch (var_checkinT): null

2019-12-16 01:40:59 - [TEST_STEP][PASSED] - case "800":: null

2019-12-16 01:40:59 - [TEST_STEP][PASSED] - click(findTestObject("Object Repository/Page_Paradise 4 Paws  Dog Boarding Cat Boarding Norwalk Pooch Hotel/time_800am_ci")): Object: 'Object Repository/Page_Paradise 4 Paws  Dog Boarding Cat Boarding Norwalk Pooch Hotel/time_800am_ci' is clicked on

2019-12-16 01:41:00 - [MESSAGE][PASSED] - Object: 'Object Repository/Page_Paradise 4 Paws  Dog Boarding Cat Boarding Norwalk Pooch Hotel/time_800am_ci' is clicked on

2019-12-16 01:41:00 - [TEST_STEP][PASSED] - break: null

2019-12-16 01:41:00 - [TEST_STEP][PASSED] - click(findTestObject("Object Repository/object_reservation/timeCheckOut")): Object: 'Object Repository/object_reservation/timeCheckOut' is clicked on

2019-12-16 01:41:01 - [MESSAGE][PASSED] - Object: 'Object Repository/object_reservation/timeCheckOut' is clicked on

2019-12-16 01:41:01 - [TEST_STEP][PASSED] - switch (var_checkoutT): null

2019-12-16 01:41:01 - [TEST_STEP][PASSED] - case "1200":: null

2019-12-16 01:41:01 - [TEST_STEP][PASSED] - click(findTestObject("Object Repository/Page_Paradise 4 Paws  Dog Boarding Cat Boarding Norwalk Pooch Hotel/time_1200pm_co")): Object: 'Object Repository/Page_Paradise 4 Paws  Dog Boarding Cat Boarding Norwalk Pooch Hotel/time_1200pm_co' is clicked on

2019-12-16 01:41:01 - [MESSAGE][PASSED] - Object: 'Object Repository/Page_Paradise 4 Paws  Dog Boarding Cat Boarding Norwalk Pooch Hotel/time_1200pm_co' is clicked on

2019-12-16 01:41:01 - [TEST_STEP][PASSED] - break: null

2019-12-16 01:41:01 - [TEST_STEP][PASSED] - delay(2): Delayed 2 second(s)

2019-12-16 01:41:03 - [MESSAGE][PASSED] - Delayed 2 second(s)

2019-12-16 01:41:03 - [TEST_STEP][PASSED] - if (arryPets.size() == 1): null

2019-12-16 01:41:03 - [TEST_STEP][PASSED] - else if (arryPets.size() == 2): Object: 'Object Repository/object_reservation/div_Zeus' is clicked on

2019-12-16 01:41:03 - [TEST_STEP][PASSED] - click(findTestObject("object_reservation/Page_Paradise 4 Paws  Dog Boarding Cat Boarding Norwalk Pooch Hotel/div_Ares")): Object: 'Object Repository/object_reservation/Page_Paradise 4 Paws  Dog Boarding Cat Boarding Norwalk Pooch Hotel/div_Ares' is clicked on

2019-12-16 01:41:05 - [MESSAGE][PASSED] - Object: 'Object Repository/object_reservation/Page_Paradise 4 Paws  Dog Boarding Cat Boarding Norwalk Pooch Hotel/div_Ares' is clicked on

2019-12-16 01:41:05 - [TEST_STEP][PASSED] - click(findTestObject("object_reservation/div_Zeus")): Object: 'Object Repository/object_reservation/div_Zeus' is clicked on

2019-12-16 01:41:10 - [MESSAGE][PASSED] - Object: 'Object Repository/object_reservation/div_Zeus' is clicked on

2019-12-16 01:41:10 - [TEST_STEP][NOT_RUN] - click(findTestObject("object_reservations/i_Day_fa fa-circle-o ng-scope")): NOT_RUN: click(findTestObject("object_reservations/i_Day_fa fa-circle-o ng-scope"))

2019-12-16 01:41:10 - [MESSAGE][NOT_RUN] - NOT_RUN: click(findTestObject("object_reservations/i_Day_fa fa-circle-o ng-scope"))

2019-12-16 01:41:10 - [TEST_STEP][PASSED] - if (flagBoar == "1" || flagBoar == "2"): Object: 'Object Repository/object_reservation/div_suite_rad_deluxe' is clicked on

2019-12-16 01:41:10 - [TEST_STEP][PASSED] - click(findTestObject("Object Repository/object_reservation/div_suite_rad_deluxe")): Object: 'Object Repository/object_reservation/div_suite_rad_deluxe' is clicked on

2019-12-16 01:41:14 - [MESSAGE][PASSED] - Object: 'Object Repository/object_reservation/div_suite_rad_deluxe' is clicked on

2019-12-16 01:41:14 - [TEST_STEP][PASSED] - click(findTestObject("Object Repository/object_reservation/btn_next2")): Object: 'Object Repository/object_reservation/btn_next2' is clicked on

2019-12-16 01:41:17 - [MESSAGE][PASSED] - Object: 'Object Repository/object_reservation/btn_next2' is clicked on

2019-12-16 01:41:17 - [TEST_STEP][PASSED] - delay(3): Delayed 3 second(s)

2019-12-16 01:41:20 - [MESSAGE][PASSED] - Delayed 3 second(s)

2019-12-16 01:41:20 - [TEST_STEP][PASSED] - if (flagBoar == "1"): Object: 'Object Repository/object_reservation/button_DeclineThisPromo' is clicked on

2019-12-16 01:41:20 - [TEST_STEP][PASSED] - click(findTestObject("Object Repository/object_reservation/button_DeclineThisPromo")): Object: 'Object Repository/object_reservation/button_DeclineThisPromo' is clicked on

2019-12-16 01:41:20 - [MESSAGE][PASSED] - Object: 'Object Repository/object_reservation/button_DeclineThisPromo' is clicked on

2019-12-16 01:41:20 - [TEST_STEP][PASSED] - delay(2): Delayed 2 second(s)

2019-12-16 01:41:22 - [MESSAGE][PASSED] - Delayed 2 second(s)

2019-12-16 01:41:22 - [TEST_STEP][PASSED] - click(findTestObject("Object Repository/object_reservation/btn_next2")): Object: 'Object Repository/object_reservation/btn_next2' is clicked on

2019-12-16 01:41:23 - [MESSAGE][PASSED] - Object: 'Object Repository/object_reservation/btn_next2' is clicked on

2019-12-16 01:41:23 - [TEST_STEP][PASSED] - click(findTestObject("Object Repository/object_reservation/button_Submit Reservation")): Object: 'Object Repository/object_reservation/button_Submit Reservation' is clicked on

2019-12-16 01:41:25 - [MESSAGE][PASSED] - Object: 'Object Repository/object_reservation/button_Submit Reservation' is clicked on

2019-12-16 01:41:25 - [TEST_STEP][PASSED] - delay(2): Delayed 2 second(s)

2019-12-16 01:41:27 - [MESSAGE][PASSED] - Delayed 2 second(s)

2019-12-16 01:41:27 - [TEST_STEP][PASSED] - if (flagBoar == "2" && var_repeatingEvery == "Daily" || var_repeatingEvery == "Monthly" || var_repeatingEvery == "Weekly"): null

2019-12-16 01:41:27 - [TEST_STEP][PASSED] - else: null

2019-12-16 01:41:27 - [TEST_STEP][PASSED] - delay(2): Delayed 2 second(s)

2019-12-16 01:41:29 - [MESSAGE][PASSED] - Delayed 2 second(s)

2019-12-16 01:41:29 - [TEST_STEP][PASSED] - click(findTestObject("Object Repository/object_reservation/button_Return To Reservation")): Object: 'Object Repository/object_reservation/button_Return To Reservation' is clicked on

2019-12-16 01:41:30 - [MESSAGE][PASSED] - Object: 'Object Repository/object_reservation/button_Return To Reservation' is clicked on

2019-12-16 01:41:30 - [TEST_STEP][PASSED] - delay(6): Delayed 6 second(s)

2019-12-16 01:41:36 - [MESSAGE][PASSED] - Delayed 6 second(s)

2019-12-16 01:41:36 - [TEST_STEP][PASSED] - click(findTestObject("Object Repository/object_reservation/Page_Paradise 4 Paws  Dog Boarding Cat Boar_35fe2b/button_Go to CheckOut")): Object: 'Object Repository/object_reservation/Page_Paradise 4 Paws  Dog Boarding Cat Boar_35fe2b/button_Go to CheckOut' is clicked on

2019-12-16 01:41:39 - [MESSAGE][PASSED] - Object: 'Object Repository/object_reservation/Page_Paradise 4 Paws  Dog Boarding Cat Boar_35fe2b/button_Go to CheckOut' is clicked on

2019-12-16 01:41:39 - [TEST_STEP][PASSED] - delay(2): Delayed 2 second(s)

2019-12-16 01:41:41 - [MESSAGE][PASSED] - Delayed 2 second(s)

2019-12-16 01:41:41 - [TEST_STEP][PASSED] - log.logInfo(getText(findTestObject("Object Repository/object_reservation/Page_Paradise 4 Paws  Dog Boarding Cat Boar_35fe2b/span_( BK )"))): ( BK )

2019-12-16 01:41:41 - [MESSAGE][PASSED] - Text of object 'Object Repository/object_reservation/Page_Paradise 4 Paws  Dog Boarding Cat Boar_35fe2b/span_( BK )' is: '( BK )'

2019-12-16 01:41:41 - [MESSAGE][INFO] - ( BK )

2019-12-16 01:41:41 - [TEST_STEP][PASSED] - var_url = getUrl(): Current window's url is: 'https://p4p-qa-bg.aws.paradise4paws.com/frontdesk/checkout/1702445/?parent_id=122350'

2019-12-16 01:41:41 - [MESSAGE][PASSED] - Current window's url is: 'https://p4p-qa-bg.aws.paradise4paws.com/frontdesk/checkout/1702445/?parent_id=122350'

2019-12-16 01:41:41 - [TEST_STEP][PASSED] - arrayUrl = var_url.split("/"): null

2019-12-16 01:41:41 - [TEST_STEP][PASSED] - var = Integer.parseInt(var_idRowRes): null

2019-12-16 01:41:41 - [TEST_STEP][PASSED] - verifyElementText(findTestObject("Object Repository/object_reservation/Page_Paradise 4 Paws  Dog Boarding Cat Boar_35fe2b/span_( BK )"), "( BK )", STOP_ON_FAILURE): Actual text and expected text of test object 'Object Repository/object_reservation/Page_Paradise 4 Paws  Dog Boarding Cat Boar_35fe2b/span_( BK )' are matched.

2019-12-16 01:41:41 - [MESSAGE][PASSED] - Actual text and expected text of test object 'Object Repository/object_reservation/Page_Paradise 4 Paws  Dog Boarding Cat Boar_35fe2b/span_( BK )' are matched.

2019-12-16 01:41:41 - [TEST_STEP][PASSED] - fis = new java.io.FileInputStream(/home/leonardo-arkusmty/Desktop/P4P/DATA_AUTOMATINTESTING/data_1newReservationBoarding.xlsx): null

2019-12-16 01:41:41 - [TEST_STEP][PASSED] - workbook = new org.apache.poi.xssf.usermodel.XSSFWorkbook(fis): null

2019-12-16 01:41:41 - [TEST_STEP][PASSED] - sheet = workbook.getSheet("Sheet1"): null

2019-12-16 01:41:41 - [TEST_STEP][PASSED] - rowCount = var_row: null

2019-12-16 01:41:41 - [TEST_STEP][PASSED] - row = sheet.getRow(var): null

2019-12-16 01:41:41 - [TEST_STEP][PASSED] - cell = row.createCell(15, 0): null

2019-12-16 01:41:41 - [TEST_STEP][PASSED] - cell.setCellType(CELL_TYPE_STRING): null

2019-12-16 01:41:41 - [TEST_STEP][PASSED] - cell.setCellValue(arrayUrl[5]): null

2019-12-16 01:41:41 - [TEST_STEP][PASSED] - cell2 = row.createCell(16, 0): null

2019-12-16 01:41:41 - [TEST_STEP][PASSED] - cell2.setCellType(CELL_TYPE_STRING): null

2019-12-16 01:41:41 - [TEST_STEP][PASSED] - cell2.setCellValue(getText(findTestObject("Object Repository/object_reservation/Page_Paradise 4 Paws  Dog Boarding Cat Boar_35fe2b/span_( BK )"))): Text of object 'Object Repository/object_reservation/Page_Paradise 4 Paws  Dog Boarding Cat Boar_35fe2b/span_( BK )' is: '( BK )'

2019-12-16 01:41:41 - [MESSAGE][PASSED] - Text of object 'Object Repository/object_reservation/Page_Paradise 4 Paws  Dog Boarding Cat Boar_35fe2b/span_( BK )' is: '( BK )'

2019-12-16 01:41:41 - [TEST_STEP][PASSED] - fos = new java.io.FileOutputStream(/home/leonardo-arkusmty/Desktop/P4P/DATA_AUTOMATINTESTING/data_1newReservationBoarding.xlsx): null

2019-12-16 01:41:41 - [TEST_STEP][PASSED] - workbook.write(fos): null

2019-12-16 01:41:41 - [TEST_STEP][PASSED] - fos.close(): null

2019-12-16 01:41:41 - [TEST_STEP][PASSED] - delay(1): Delayed 1 second(s)

2019-12-16 01:41:42 - [MESSAGE][PASSED] - Delayed 1 second(s)

2019-12-16 01:41:42 - [TEST_STEP][PASSED] - (var_row++): null]]></system-out>
         <system-err><![CDATA[]]></system-err>
      </testcase>
      <testcase name="Test Cases/p4p_newReservation" time="85.623" classname="Test Cases/p4p_newReservation" status="PASSED">
         <system-out><![CDATA[2019-12-16 01:41:42 - [TEST_CASE][PASSED] - Test Cases/p4p_newReservation: Test Cases/p4p_newReservation

2019-12-16 01:41:42 - [TEST_STEP][PASSED] - openBrowser("https://p4p-qa-bg.aws.paradise4paws.com/login/"): Browser is opened with url: 'https://p4p-qa-bg.aws.paradise4paws.com/login/'

2019-12-16 01:41:42 - [MESSAGE][WARNING] - A browser is already opened. Closing browser and opening a new one

2019-12-16 01:41:43 - [MESSAGE][INFO] - Starting 'Firefox' driver

2019-12-16 01:41:47 - [MESSAGE][PASSED] - Browser is opened with url: 'https://p4p-qa-bg.aws.paradise4paws.com/login/'

2019-12-16 01:41:47 - [TEST_STEP][PASSED] - setText(findTestObject("Object Repository/object_login/input_user"), var_user): Text 'jegchavez@gmail.com' is set on object 'Object Repository/object_login/input_user'

2019-12-16 01:41:47 - [MESSAGE][PASSED] - Text 'jegchavez@gmail.com' is set on object 'Object Repository/object_login/input_user'

2019-12-16 01:41:47 - [TEST_STEP][PASSED] - setText(findTestObject("Object Repository/object_login/input_pass"), var_pass): Text 'admin1' is set on object 'Object Repository/object_login/input_pass'

2019-12-16 01:41:48 - [MESSAGE][PASSED] - Text 'admin1' is set on object 'Object Repository/object_login/input_pass'

2019-12-16 01:41:48 - [TEST_STEP][PASSED] - delay(2): Delayed 2 second(s)

2019-12-16 01:41:50 - [MESSAGE][PASSED] - Delayed 2 second(s)

2019-12-16 01:41:50 - [TEST_STEP][PASSED] - verifyElementClickable(findTestObject("Object Repository/object_login/btn_login")): Object 'Object Repository/object_login/btn_login' is clickable

2019-12-16 01:41:50 - [MESSAGE][PASSED] - Object 'Object Repository/object_login/btn_login' is clickable

2019-12-16 01:41:50 - [TEST_STEP][PASSED] - click(findTestObject("Object Repository/object_login/btn_login")): Object: 'Object Repository/object_login/btn_login' is clicked on

2019-12-16 01:41:53 - [MESSAGE][PASSED] - Object: 'Object Repository/object_login/btn_login' is clicked on

2019-12-16 01:41:53 - [TEST_STEP][PASSED] - delay(2): Delayed 2 second(s)

2019-12-16 01:41:55 - [MESSAGE][PASSED] - Delayed 2 second(s)

2019-12-16 01:41:55 - [TEST_STEP][PASSED] - setText(findTestObject("Object Repository/object_dashboard_emp/input_search"), var_searchParent): Text 'leongarzagarza@hotmail.com' is set on object 'Object Repository/object_dashboard_emp/input_search'

2019-12-16 01:41:55 - [MESSAGE][PASSED] - Text 'leongarzagarza@hotmail.com' is set on object 'Object Repository/object_dashboard_emp/input_search'

2019-12-16 01:41:55 - [TEST_STEP][PASSED] - click(findTestObject("Object Repository/object_dashboard_emp/btn_accountSearch")): Object: 'Object Repository/object_dashboard_emp/btn_accountSearch' is clicked on

2019-12-16 01:41:56 - [MESSAGE][PASSED] - Object: 'Object Repository/object_dashboard_emp/btn_accountSearch' is clicked on

2019-12-16 01:41:56 - [TEST_STEP][PASSED] - delay(2): Delayed 2 second(s)

2019-12-16 01:41:58 - [MESSAGE][PASSED] - Delayed 2 second(s)

2019-12-16 01:41:58 - [TEST_STEP][PASSED] - click(findTestObject("Object Repository/object_accountInformation/a_TEST GABRIEL PROD")): Object: 'Object Repository/object_accountInformation/a_TEST GABRIEL PROD' is clicked on

2019-12-16 01:42:02 - [MESSAGE][PASSED] - Object: 'Object Repository/object_accountInformation/a_TEST GABRIEL PROD' is clicked on

2019-12-16 01:42:02 - [TEST_STEP][PASSED] - delay(2): Delayed 2 second(s)

2019-12-16 01:42:04 - [MESSAGE][PASSED] - Delayed 2 second(s)

2019-12-16 01:42:04 - [TEST_STEP][PASSED] - click(findTestObject("Object Repository/object_profile/a_addReservation")): Object: 'Object Repository/object_profile/a_addReservation' is clicked on

2019-12-16 01:42:06 - [MESSAGE][PASSED] - Object: 'Object Repository/object_profile/a_addReservation' is clicked on

2019-12-16 01:42:06 - [TEST_STEP][PASSED] - delay(2): Delayed 2 second(s)

2019-12-16 01:42:08 - [MESSAGE][PASSED] - Delayed 2 second(s)

2019-12-16 01:42:08 - [TEST_STEP][PASSED] - flagBoar = "0": null

2019-12-16 01:42:08 - [TEST_STEP][PASSED] - log = new com.kms.katalon.core.logging.KeywordLogger(): null

2019-12-16 01:42:08 - [TEST_STEP][PASSED] - if (var_typeReserveation == "Boarding"): null

2019-12-16 01:42:08 - [TEST_STEP][PASSED] - click(findTestObject("Object Repository/object_reservation/btn_Boarding")): Object: 'Object Repository/object_reservation/btn_Boarding' is clicked on

2019-12-16 01:42:08 - [MESSAGE][PASSED] - Object: 'Object Repository/object_reservation/btn_Boarding' is clicked on

2019-12-16 01:42:08 - [TEST_STEP][PASSED] - flagBoar = "1": null

2019-12-16 01:42:08 - [TEST_STEP][PASSED] - click(findTestObject("Object Repository/object_reservation/i_location")): Object: 'Object Repository/object_reservation/i_location' is clicked on

2019-12-16 01:42:11 - [MESSAGE][PASSED] - Object: 'Object Repository/object_reservation/i_location' is clicked on

2019-12-16 01:42:11 - [TEST_STEP][PASSED] - switch (var_idFacility): null

2019-12-16 01:42:11 - [TEST_STEP][PASSED] - dateCI = var_checkinD.split(","): null

2019-12-16 01:42:11 - [TEST_STEP][PASSED] - dateCO = var_checkoutD.split(","): null

2019-12-16 01:42:11 - [TEST_STEP][PASSED] - arryPets = var_pets.split(","): null

2019-12-16 01:42:11 - [TEST_STEP][PASSED] - delay(2): Delayed 2 second(s)

2019-12-16 01:42:13 - [MESSAGE][PASSED] - Delayed 2 second(s)

2019-12-16 01:42:13 - [TEST_STEP][PASSED] - if (var_repeting == "Y"): null

2019-12-16 01:42:13 - [TEST_STEP][PASSED] - click(findTestObject("Object Repository/object_reservation/dateCheckIn")): Object: 'Object Repository/object_reservation/dateCheckIn' is clicked on

2019-12-16 01:42:13 - [MESSAGE][PASSED] - Object: 'Object Repository/object_reservation/dateCheckIn' is clicked on

2019-12-16 01:42:13 - [TEST_STEP][PASSED] - delay(2): Delayed 2 second(s)

2019-12-16 01:42:15 - [MESSAGE][PASSED] - Delayed 2 second(s)

2019-12-16 01:42:15 - [TEST_STEP][PASSED] - switch (dateCI[0]): null

2019-12-16 01:42:15 - [TEST_STEP][PASSED] - case "5":: null

2019-12-16 01:42:15 - [TEST_STEP][PASSED] - click(findTestObject("Object Repository/Page_Paradise 4 Paws  Dog Boarding Cat Boarding Norwalk Pooch Hotel/button_05_ci")): Object: 'Object Repository/Page_Paradise 4 Paws  Dog Boarding Cat Boarding Norwalk Pooch Hotel/button_05_ci' is clicked on

2019-12-16 01:42:16 - [MESSAGE][PASSED] - Object: 'Object Repository/Page_Paradise 4 Paws  Dog Boarding Cat Boarding Norwalk Pooch Hotel/button_05_ci' is clicked on

2019-12-16 01:42:16 - [TEST_STEP][PASSED] - break: null

2019-12-16 01:42:16 - [TEST_STEP][PASSED] - if (flagBoar == "1"): null

2019-12-16 01:42:16 - [TEST_STEP][PASSED] - click(findTestObject("Object Repository/object_reservation/dateCheckOut")): Object: 'Object Repository/object_reservation/dateCheckOut' is clicked on

2019-12-16 01:42:17 - [MESSAGE][PASSED] - Object: 'Object Repository/object_reservation/dateCheckOut' is clicked on

2019-12-16 01:42:17 - [TEST_STEP][PASSED] - switch (dateCO[0]): null

2019-12-16 01:42:17 - [TEST_STEP][PASSED] - case "6":: null

2019-12-16 01:42:17 - [TEST_STEP][PASSED] - click(findTestObject("Object Repository/Page_Paradise 4 Paws  Dog Boarding Cat Boarding Norwalk Pooch Hotel/button_06_co")): Object: 'Object Repository/Page_Paradise 4 Paws  Dog Boarding Cat Boarding Norwalk Pooch Hotel/button_06_co' is clicked on

2019-12-16 01:42:17 - [MESSAGE][PASSED] - Object: 'Object Repository/Page_Paradise 4 Paws  Dog Boarding Cat Boarding Norwalk Pooch Hotel/button_06_co' is clicked on

2019-12-16 01:42:17 - [TEST_STEP][PASSED] - break: null

2019-12-16 01:42:17 - [TEST_STEP][NOT_RUN] - click(findTestObject("Object Repository/object_reservationCalendar/CO_close")): NOT_RUN: click(findTestObject("Object Repository/object_reservationCalendar/CO_close"))

2019-12-16 01:42:17 - [MESSAGE][NOT_RUN] - NOT_RUN: click(findTestObject("Object Repository/object_reservationCalendar/CO_close"))

2019-12-16 01:42:17 - [TEST_STEP][PASSED] - click(findTestObject("Object Repository/object_reservation/timeCheckin")): Object: 'Object Repository/object_reservation/timeCheckin' is clicked on

2019-12-16 01:42:18 - [MESSAGE][PASSED] - Object: 'Object Repository/object_reservation/timeCheckin' is clicked on

2019-12-16 01:42:18 - [TEST_STEP][PASSED] - switch (var_checkinT): null

2019-12-16 01:42:18 - [TEST_STEP][PASSED] - case "800":: null

2019-12-16 01:42:18 - [TEST_STEP][PASSED] - click(findTestObject("Object Repository/Page_Paradise 4 Paws  Dog Boarding Cat Boarding Norwalk Pooch Hotel/time_800am_ci")): Object: 'Object Repository/Page_Paradise 4 Paws  Dog Boarding Cat Boarding Norwalk Pooch Hotel/time_800am_ci' is clicked on

2019-12-16 01:42:19 - [MESSAGE][PASSED] - Object: 'Object Repository/Page_Paradise 4 Paws  Dog Boarding Cat Boarding Norwalk Pooch Hotel/time_800am_ci' is clicked on

2019-12-16 01:42:19 - [TEST_STEP][PASSED] - break: null

2019-12-16 01:42:19 - [TEST_STEP][PASSED] - click(findTestObject("Object Repository/object_reservation/timeCheckOut")): Object: 'Object Repository/object_reservation/timeCheckOut' is clicked on

2019-12-16 01:42:20 - [MESSAGE][PASSED] - Object: 'Object Repository/object_reservation/timeCheckOut' is clicked on

2019-12-16 01:42:20 - [TEST_STEP][PASSED] - switch (var_checkoutT): null

2019-12-16 01:42:20 - [TEST_STEP][PASSED] - case "1200":: null

2019-12-16 01:42:20 - [TEST_STEP][PASSED] - click(findTestObject("Object Repository/Page_Paradise 4 Paws  Dog Boarding Cat Boarding Norwalk Pooch Hotel/time_1200pm_co")): Object: 'Object Repository/Page_Paradise 4 Paws  Dog Boarding Cat Boarding Norwalk Pooch Hotel/time_1200pm_co' is clicked on

2019-12-16 01:42:20 - [MESSAGE][PASSED] - Object: 'Object Repository/Page_Paradise 4 Paws  Dog Boarding Cat Boarding Norwalk Pooch Hotel/time_1200pm_co' is clicked on

2019-12-16 01:42:20 - [TEST_STEP][PASSED] - break: null

2019-12-16 01:42:20 - [TEST_STEP][PASSED] - delay(2): Delayed 2 second(s)

2019-12-16 01:42:22 - [MESSAGE][PASSED] - Delayed 2 second(s)

2019-12-16 01:42:22 - [TEST_STEP][PASSED] - if (arryPets.size() == 1): null

2019-12-16 01:42:22 - [TEST_STEP][PASSED] - else if (arryPets.size() == 2): null

2019-12-16 01:42:22 - [TEST_STEP][PASSED] - else if (arryPets.size() == 3): Object: 'Object Repository/object_reservation/div_Athena' is clicked on

2019-12-16 01:42:22 - [TEST_STEP][PASSED] - click(findTestObject("object_reservation/Page_Paradise 4 Paws  Dog Boarding Cat Boarding Norwalk Pooch Hotel/div_Ares")): Object: 'Object Repository/object_reservation/Page_Paradise 4 Paws  Dog Boarding Cat Boarding Norwalk Pooch Hotel/div_Ares' is clicked on

2019-12-16 01:42:23 - [MESSAGE][PASSED] - Object: 'Object Repository/object_reservation/Page_Paradise 4 Paws  Dog Boarding Cat Boarding Norwalk Pooch Hotel/div_Ares' is clicked on

2019-12-16 01:42:23 - [TEST_STEP][PASSED] - click(findTestObject("object_reservation/div_Zeus")): Object: 'Object Repository/object_reservation/div_Zeus' is clicked on

2019-12-16 01:42:29 - [MESSAGE][PASSED] - Object: 'Object Repository/object_reservation/div_Zeus' is clicked on

2019-12-16 01:42:29 - [TEST_STEP][PASSED] - click(findTestObject("object_reservation/div_Athena")): Object: 'Object Repository/object_reservation/div_Athena' is clicked on

2019-12-16 01:42:34 - [MESSAGE][PASSED] - Object: 'Object Repository/object_reservation/div_Athena' is clicked on

2019-12-16 01:42:34 - [TEST_STEP][NOT_RUN] - click(findTestObject("object_reservations/i_Day_fa fa-circle-o ng-scope")): NOT_RUN: click(findTestObject("object_reservations/i_Day_fa fa-circle-o ng-scope"))

2019-12-16 01:42:34 - [MESSAGE][NOT_RUN] - NOT_RUN: click(findTestObject("object_reservations/i_Day_fa fa-circle-o ng-scope"))

2019-12-16 01:42:34 - [TEST_STEP][PASSED] - if (flagBoar == "1" || flagBoar == "2"): Object: 'Object Repository/object_reservation/div_suite_rad_deluxe' is clicked on

2019-12-16 01:42:34 - [TEST_STEP][PASSED] - click(findTestObject("Object Repository/object_reservation/div_suite_rad_deluxe")): Object: 'Object Repository/object_reservation/div_suite_rad_deluxe' is clicked on

2019-12-16 01:42:38 - [MESSAGE][PASSED] - Object: 'Object Repository/object_reservation/div_suite_rad_deluxe' is clicked on

2019-12-16 01:42:38 - [TEST_STEP][PASSED] - click(findTestObject("Object Repository/object_reservation/btn_next2")): Object: 'Object Repository/object_reservation/btn_next2' is clicked on

2019-12-16 01:42:41 - [MESSAGE][PASSED] - Object: 'Object Repository/object_reservation/btn_next2' is clicked on

2019-12-16 01:42:41 - [TEST_STEP][PASSED] - delay(3): Delayed 3 second(s)

2019-12-16 01:42:44 - [MESSAGE][PASSED] - Delayed 3 second(s)

2019-12-16 01:42:44 - [TEST_STEP][PASSED] - if (flagBoar == "1"): Object: 'Object Repository/object_reservation/button_DeclineThisPromo' is clicked on

2019-12-16 01:42:44 - [TEST_STEP][PASSED] - click(findTestObject("Object Repository/object_reservation/button_DeclineThisPromo")): Object: 'Object Repository/object_reservation/button_DeclineThisPromo' is clicked on

2019-12-16 01:42:44 - [MESSAGE][PASSED] - Object: 'Object Repository/object_reservation/button_DeclineThisPromo' is clicked on

2019-12-16 01:42:44 - [TEST_STEP][PASSED] - delay(2): Delayed 2 second(s)

2019-12-16 01:42:46 - [MESSAGE][PASSED] - Delayed 2 second(s)

2019-12-16 01:42:46 - [TEST_STEP][PASSED] - click(findTestObject("Object Repository/object_reservation/btn_next2")): Object: 'Object Repository/object_reservation/btn_next2' is clicked on

2019-12-16 01:42:47 - [MESSAGE][PASSED] - Object: 'Object Repository/object_reservation/btn_next2' is clicked on

2019-12-16 01:42:47 - [TEST_STEP][PASSED] - click(findTestObject("Object Repository/object_reservation/button_Submit Reservation")): Object: 'Object Repository/object_reservation/button_Submit Reservation' is clicked on

2019-12-16 01:42:49 - [MESSAGE][PASSED] - Object: 'Object Repository/object_reservation/button_Submit Reservation' is clicked on

2019-12-16 01:42:49 - [TEST_STEP][PASSED] - delay(2): Delayed 2 second(s)

2019-12-16 01:42:51 - [MESSAGE][PASSED] - Delayed 2 second(s)

2019-12-16 01:42:51 - [TEST_STEP][PASSED] - if (flagBoar == "2" && var_repeatingEvery == "Daily" || var_repeatingEvery == "Monthly" || var_repeatingEvery == "Weekly"): null

2019-12-16 01:42:51 - [TEST_STEP][PASSED] - else: null

2019-12-16 01:42:51 - [TEST_STEP][PASSED] - delay(2): Delayed 2 second(s)

2019-12-16 01:42:53 - [MESSAGE][PASSED] - Delayed 2 second(s)

2019-12-16 01:42:53 - [TEST_STEP][PASSED] - click(findTestObject("Object Repository/object_reservation/button_Return To Reservation")): Object: 'Object Repository/object_reservation/button_Return To Reservation' is clicked on

2019-12-16 01:42:56 - [MESSAGE][PASSED] - Object: 'Object Repository/object_reservation/button_Return To Reservation' is clicked on

2019-12-16 01:42:56 - [TEST_STEP][PASSED] - delay(6): Delayed 6 second(s)

2019-12-16 01:43:02 - [MESSAGE][PASSED] - Delayed 6 second(s)

2019-12-16 01:43:02 - [TEST_STEP][PASSED] - click(findTestObject("Object Repository/object_reservation/Page_Paradise 4 Paws  Dog Boarding Cat Boar_35fe2b/button_Go to CheckOut")): Object: 'Object Repository/object_reservation/Page_Paradise 4 Paws  Dog Boarding Cat Boar_35fe2b/button_Go to CheckOut' is clicked on

2019-12-16 01:43:04 - [MESSAGE][PASSED] - Object: 'Object Repository/object_reservation/Page_Paradise 4 Paws  Dog Boarding Cat Boar_35fe2b/button_Go to CheckOut' is clicked on

2019-12-16 01:43:04 - [TEST_STEP][PASSED] - delay(2): Delayed 2 second(s)

2019-12-16 01:43:06 - [MESSAGE][PASSED] - Delayed 2 second(s)

2019-12-16 01:43:06 - [TEST_STEP][PASSED] - log.logInfo(getText(findTestObject("Object Repository/object_reservation/Page_Paradise 4 Paws  Dog Boarding Cat Boar_35fe2b/span_( BK )"))): ( BK )

2019-12-16 01:43:06 - [MESSAGE][PASSED] - Text of object 'Object Repository/object_reservation/Page_Paradise 4 Paws  Dog Boarding Cat Boar_35fe2b/span_( BK )' is: '( BK )'

2019-12-16 01:43:06 - [MESSAGE][INFO] - ( BK )

2019-12-16 01:43:06 - [TEST_STEP][PASSED] - var_url = getUrl(): Current window's url is: 'https://p4p-qa-bg.aws.paradise4paws.com/frontdesk/checkout/1702446/?parent_id=122350'

2019-12-16 01:43:06 - [MESSAGE][PASSED] - Current window's url is: 'https://p4p-qa-bg.aws.paradise4paws.com/frontdesk/checkout/1702446/?parent_id=122350'

2019-12-16 01:43:06 - [TEST_STEP][PASSED] - arrayUrl = var_url.split("/"): null

2019-12-16 01:43:06 - [TEST_STEP][PASSED] - var = Integer.parseInt(var_idRowRes): null

2019-12-16 01:43:06 - [TEST_STEP][PASSED] - verifyElementText(findTestObject("Object Repository/object_reservation/Page_Paradise 4 Paws  Dog Boarding Cat Boar_35fe2b/span_( BK )"), "( BK )", STOP_ON_FAILURE): Actual text and expected text of test object 'Object Repository/object_reservation/Page_Paradise 4 Paws  Dog Boarding Cat Boar_35fe2b/span_( BK )' are matched.

2019-12-16 01:43:07 - [MESSAGE][PASSED] - Actual text and expected text of test object 'Object Repository/object_reservation/Page_Paradise 4 Paws  Dog Boarding Cat Boar_35fe2b/span_( BK )' are matched.

2019-12-16 01:43:07 - [TEST_STEP][PASSED] - fis = new java.io.FileInputStream(/home/leonardo-arkusmty/Desktop/P4P/DATA_AUTOMATINTESTING/data_1newReservationBoarding.xlsx): null

2019-12-16 01:43:07 - [TEST_STEP][PASSED] - workbook = new org.apache.poi.xssf.usermodel.XSSFWorkbook(fis): null

2019-12-16 01:43:07 - [TEST_STEP][PASSED] - sheet = workbook.getSheet("Sheet1"): null

2019-12-16 01:43:07 - [TEST_STEP][PASSED] - rowCount = var_row: null

2019-12-16 01:43:07 - [TEST_STEP][PASSED] - row = sheet.getRow(var): null

2019-12-16 01:43:07 - [TEST_STEP][PASSED] - cell = row.createCell(15, 0): null

2019-12-16 01:43:07 - [TEST_STEP][PASSED] - cell.setCellType(CELL_TYPE_STRING): null

2019-12-16 01:43:07 - [TEST_STEP][PASSED] - cell.setCellValue(arrayUrl[5]): null

2019-12-16 01:43:07 - [TEST_STEP][PASSED] - cell2 = row.createCell(16, 0): null

2019-12-16 01:43:07 - [TEST_STEP][PASSED] - cell2.setCellType(CELL_TYPE_STRING): null

2019-12-16 01:43:07 - [TEST_STEP][PASSED] - cell2.setCellValue(getText(findTestObject("Object Repository/object_reservation/Page_Paradise 4 Paws  Dog Boarding Cat Boar_35fe2b/span_( BK )"))): Text of object 'Object Repository/object_reservation/Page_Paradise 4 Paws  Dog Boarding Cat Boar_35fe2b/span_( BK )' is: '( BK )'

2019-12-16 01:43:07 - [MESSAGE][PASSED] - Text of object 'Object Repository/object_reservation/Page_Paradise 4 Paws  Dog Boarding Cat Boar_35fe2b/span_( BK )' is: '( BK )'

2019-12-16 01:43:07 - [TEST_STEP][PASSED] - fos = new java.io.FileOutputStream(/home/leonardo-arkusmty/Desktop/P4P/DATA_AUTOMATINTESTING/data_1newReservationBoarding.xlsx): null

2019-12-16 01:43:07 - [TEST_STEP][PASSED] - workbook.write(fos): null

2019-12-16 01:43:07 - [TEST_STEP][PASSED] - fos.close(): null

2019-12-16 01:43:07 - [TEST_STEP][PASSED] - delay(1): Delayed 1 second(s)

2019-12-16 01:43:08 - [MESSAGE][PASSED] - Delayed 1 second(s)

2019-12-16 01:43:08 - [TEST_STEP][PASSED] - (var_row++): null]]></system-out>
         <system-err><![CDATA[]]></system-err>
      </testcase>
      <system-out><![CDATA[2019-12-16 01:39:11 - [TEST_SUITE][PASSED] - ts_newReservationBoarding: Test Cases/p4p_newReservation]]></system-out>
      <system-err><![CDATA[]]></system-err>
   </testsuite>
</testsuites>
