<?xml version="1.0" encoding="UTF-8"?>
<testsuites name="ts_urlProfile" time="22.486" tests="1" failures="0" errors="0">
   <testsuite name="ts_urlProfile" tests="1" failures="0" errors="0" time="22.486" timestamp="2019-11-19 06:37:46" hostname="leonardo-arkusmty - leonardoarkusmty-Inspiron-5577" id="Test Suites/ts_urlProfile">
      <properties>
         <property name="deviceName" value=""/>
         <property name="devicePlatform" value=""/>
         <property name="logFolder" value="/home/leonardo-arkusmty/Documents/workspaceKatalon/p4ptest/Reports/20191119_063745/ts_urlProfile/20191119_063745"/>
         <property name="logFiles" value="/home/leonardo-arkusmty/Documents/workspaceKatalon/p4ptest/Reports/20191119_063745/ts_urlProfile/20191119_063745/execution0.log"/>
         <property name="attachments" value=""/>
         <property name="hostName" value="leonardo-arkusmty - leonardoarkusmty-Inspiron-5577"/>
         <property name="os" value="Linux 64bit"/>
         <property name="katalonVersion" value="7.0.8.1"/>
         <property name="browser" value="Firefox 70.0"/>
         <property name="hostAddress" value="127.0.1.1"/>
         <property name="sessionId" value="abb69ffa-272b-496b-b42e-5f0f4da75d88"/>
         <property name="seleniumVersion" value="3.141.59"/>
         <property name="proxyInformation" value="ProxyInformation{proxyOption=NO_PROXY, proxyServerType=HTTP, password=, proxyServerAddress=, proxyServerPort=0}"/>
         <property name="platform" value="Linux"/>
      </properties>
      <testcase name="Test Cases/p4p_login _searchParent" time="17.592" classname="Test Cases/p4p_login _searchParent" status="PASSED">
         <system-out><![CDATA[2019-11-19 06:37:47 - [TEST_CASE][PASSED] - Test Cases/p4p_login _searchParent: Test Cases/p4p_login _searchParent

2019-11-19 06:37:47 - [TEST_STEP][PASSED] - openBrowser(""): Browser is opened with url: ''

2019-11-19 06:37:47 - [MESSAGE][INFO] - Starting 'Firefox' driver

2019-11-19 06:37:47 - [MESSAGE][INFO] - Action delay is set to 0 seconds

2019-11-19 06:37:50 - [MESSAGE][PASSED] - Browser is opened with url: ''

2019-11-19 06:37:50 - [TEST_STEP][PASSED] - navigateToUrl("https://p4p-qa-bg.aws.paradise4paws.com/login/?next=/"): Navigate to 'https://p4p-qa-bg.aws.paradise4paws.com/login/?next=/' successfully

2019-11-19 06:37:52 - [MESSAGE][PASSED] - Navigate to 'https://p4p-qa-bg.aws.paradise4paws.com/login/?next=/' successfully

2019-11-19 06:37:52 - [TEST_STEP][PASSED] - setText(findTestObject("object_login/input_user"), "jegchavez@gmail.com"): Text 'jegchavez@gmail.com' is set on object 'Object Repository/object_login/input_user'

2019-11-19 06:37:53 - [MESSAGE][PASSED] - Text 'jegchavez@gmail.com' is set on object 'Object Repository/object_login/input_user'

2019-11-19 06:37:53 - [TEST_STEP][PASSED] - setEncryptedText(findTestObject("object_login/input_pass"), "vRRrCeg9Qho="): Text ****** has been set on object 'Object Repository/object_login/input_pass'

2019-11-19 06:37:53 - [MESSAGE][PASSED] - Text ****** has been set on object 'Object Repository/object_login/input_pass'

2019-11-19 06:37:53 - [TEST_STEP][PASSED] - delay(3): Delayed 3 second(s)

2019-11-19 06:37:56 - [MESSAGE][PASSED] - Delayed 3 second(s)

2019-11-19 06:37:56 - [TEST_STEP][PASSED] - verifyElementClickable(findTestObject("object_login/btn_login")): Object 'Object Repository/object_login/btn_login' is clickable

2019-11-19 06:37:56 - [MESSAGE][PASSED] - Object 'Object Repository/object_login/btn_login' is clickable

2019-11-19 06:37:56 - [TEST_STEP][PASSED] - click(findTestObject("object_login/btn_login")): Object: 'Object Repository/object_login/btn_login' is clicked on

2019-11-19 06:38:00 - [MESSAGE][PASSED] - Object: 'Object Repository/object_login/btn_login' is clicked on

2019-11-19 06:38:00 - [TEST_STEP][PASSED] - delay(3): Delayed 3 second(s)

2019-11-19 06:38:03 - [MESSAGE][PASSED] - Delayed 3 second(s)

2019-11-19 06:38:03 - [TEST_STEP][PASSED] - setText(findTestObject("object_dashboard_emp/input_search"), "test"): Text 'test' is set on object 'Object Repository/object_dashboard_emp/input_search'

2019-11-19 06:38:03 - [MESSAGE][PASSED] - Text 'test' is set on object 'Object Repository/object_dashboard_emp/input_search'

2019-11-19 06:38:03 - [TEST_STEP][PASSED] - click(findTestObject("object_dashboard_emp/btn_accountSearch")): Object: 'Object Repository/object_dashboard_emp/btn_accountSearch' is clicked on

2019-11-19 06:38:04 - [MESSAGE][PASSED] - Object: 'Object Repository/object_dashboard_emp/btn_accountSearch' is clicked on]]></system-out>
         <system-err><![CDATA[]]></system-err>
      </testcase>
      <system-out><![CDATA[2019-11-19 06:37:46 - [TEST_SUITE][PASSED] - ts_urlProfile: Test Cases/p4p_login _searchParent]]></system-out>
      <system-err><![CDATA[]]></system-err>
   </testsuite>
</testsuites>
